The students of the secondary school in the city center of the city announced their power of imagination to the imaginary village.
Teachers and students built bricks from Mittei in order to encourage the President-in-Chief Wednesday evening.
Gware, president of the Mamba Teachers Association, visited and congratulated the school.
Ramesh performed the seven tests of the key.
The students participated in the exhibition, which included the exhibition hall and the exhibition Mesraham.
The head of the Association of Artists whose leader, Nrendra Barie, President Sekhar Vanskar, member of Azij Gundmår, guided the students.
The children of Rita, the servant of the city, offered a freewill offering.
The Indian National Women's Group and DWAFI have launched a global campaign against corruption, corruption and exploitation among workers.
By means of this Kingdom signature, ten million will be given to the governor of the kingdom by signing it throughout the earth.
The signing of the signature on the new bus station was launched on Friday.
At this time, the Kingdom of the SFIA Real Manož Kumar, which is a group of genuine Anjuu, the country of the youth meeting, is a country of shared entertainment, amate, anguit, Rakash Kumari, a song, gold, a kingdom of Kumara, music, Mina, Vina Malik, music, admir and admiral.
And it came to pass on the morrow, that, as he sat upon the quarries of the city, and it came to pass, that on the morrow, while he sat by them, his bride came out, and told him.
Coml's marriage was just two months ago.
The police's initial investigation revealed that poor financial stress was disturbing and therefore he took this step.
According to the description, the address of the death penalty was due on Friday afternoon when his sister's fourth sister was cleaned up in the room on the third floor of the store.
And when she saw him, she was troubled at his saying, and cast in her mind what manner of salutation this might be.
Commel was immediately taken to the multispace hospital, where doctors announced that he had been killed.
Commel's husband does nothing.
Before he took this step, he wrote on his left hand, saying, "He is my husband's companion; my life is the cause of death."
According to the report, Comel’s father has died many years ago, his mother is mentally ill and a brother is attending government school.
In the meantime, the police have kept Shaw in the hospital's morcher of the sector-16.
After the postmartum report, the real causes of death will be found.
Sri Lankan voters have chosen a 16-member Sri Lanka team for the bilateral series of border crossings against New Zealand since November 10th.
The voters included a new face in the team, 24-year-old character-based actor Esan Pricing, while two years later the team was placed in the dumutant.
The Sri Lanka team will play two T-20 games on November 10-21.
The first and the second shall be in the second row, an onyx, and a onyx.
There'll be two T-20s playing in the playroom.
It is known that in these days there was a great deal of theft in the city.
This is the seventh event that has occurred in the last days.
Renuel and sure driving licenses (DELs) that have taken photos up to 30 September are ready, the remaining licenses will be obtained next week.
This note is posted on the DTO Office's distribution account.
It is clear that the DTO office itself believes that DEL is delivering after a month, while its details are set in the RIT TOS Act for seven days.
This means that the DTO office will have to prepare DEL and give the candidate within seven days of the request.
If the Earth speaks the truth, the situation is much worse than it is.
There are also many expectations that haven't been DEL DEL delivered nine months later.
The number of those who wait two months, or three months, is without number.
The Office's worst situation estimates may be based on the fact that DTOs are not available to the distribution account.
They claim that DEL is on time within the time limit.
Then why did Notice find out they didn't have any information about it.
The Family Share Market has created a new history of heights among the serious foreign investors, motivated by the decision of Fed Rijerv to continue the United States of America to support the regime.
The number 130.50 of the bomb Stock Exchange has gone up to 21,164.52 and the number 47.45 of the National Stock Exchange has gone up to the level of 6299.15.
In the market, the director of this fast - paced conjuminator Guds, Baking, Knut, Oil Anva Gas, and Power Classes made their way through the market.
Nine of the thirty companies involved in the sexes were injured while all the others were in the amphitheater.
This principle has been examined by the Environmental Protection Council.
There was a 100 decibel sound burning in some places on the past year.
In normal days this data is 55 decibels.
The sound of birds or the noise of DJs is increasing from one year to another.
Even after the government's ban is banned, more decibels are sold and broken.
These are controlled by the ESM of the affected area, but they also protect themselves from their responsibilities at the same time.
The environmental protection congregation had a sound level of confusion when it was trafficked during the last year.
The first 10 November was held at two different times
The minimum test volume was 72.5 and no maximum 83.6.6.
So on Tuesday, 13 November 2012, there was a maximum of 87.7 decibels and at least 80 decibels.
A maximum of 100.3 decibels were detected during the drill, while the minimum volume was 72.1 decibels.
In normal days, the maximum volume was 65 decibels and at least 55 decibels.
The devils are not aware of it, and they use most of the sounds of thunder.
Awake and cry out! Death shall be brought to nothing in the streets of the forest in the night time.
At the yellow box of the magazine, there was a death of a deaf and sick Arabic lion in the police's JP track.
On the night of the night, at the border of Dhaki, in the city of Godhans, the truck struck the village of Hariom, which was on the road.
And the men of the city, which were incensed at their death, fell upon their clothes.
And when he had thus spoken, he dismissed the assembly about the space of two hours.
And after they had laid hold on the serpent in the midst of it, they went back from under the oak tree, and from off the fig tree, and from off the trees, from off the leaves of the tree.
Two of them were killed by a bike driver at Tora's window.
At night, about two games were playing BMRAL's four-year-old high school director, PAL PAL, who was visiting the victims of rape.
During this time, the track driver went ahead in the morning window and suddenly hit the brake.
Moves flat review to the previous track.
The next part of it was badly damaged.
The front window manager was killed on the scene of the São Paulo Syn.
The caravans of Jacob and the Sabeans were struck, both Arvad, and Roindi, and Rameresh.
The authorities who arrived at the event pushed the killers into the S.S.I.A.
The inspector's update every month reported that the truck driver has been hit by an attack.
On Friday, peace was given to Droga's head in the police line.
Manpori was taken to Manpori for the final education.
The family of the Manpuri, the family of the Manpuri-Pall Synh, who died in Hadsey, lives in the heart of Kotavali.
They were the inhabitants of the Plain of Etah.
In the family are two sons and three daughters.
Three days ago, the city of Niharu, on the other side of the mountain, was moved from the four corners of the temple.
There, on Friday afternoon, the work force was completely stopped.
So far, banks and offices have been affected.
For all the city was filled with water, because it had no need of fuel.
The mobile service and the rest of the work are also affected.
It is said that on the morrow about this time, the fig tree withered away from the roots of the trees by the fruit of the trees.
The 132 KV lines from Uthumpur were completely closed.
For three days the authorities and workers of the NCHP were in constant service.
Arvind Butt, director-general of the NHCP, said that workers were still at the mercy of Bijli despite Barish.
Seven gambling matches were repeated last night.
In the course of the murder of the Majesty and the weak economic union, it was clear that the demand for gold bars and Cains was satisfied.
In Dalli, the value of gold is 31,400 grams per 10 grams, which was 32,485 grams per 10 grams per gram last year.
Cheerman Haresh Sony, of the Al-Idia James and Julary Federation, said, 'The demand for gold has grown in the direction of the Kumzo economic scenario and greatness.'
Cheerman and MD Mahul Chokski of the singing group said the total gold is less than 25 cents.
There's been a change in the faces of the buyers.
We hope to stay more than 25 percent this year compared to the previous year's rent.
In the past year, people are selling money on this treasure despite the low cost of Gold this year.
The chief of the five gathered themselves together, and joined themselves together.
And when he had thus spoken, he commanded the chief captain to be brought before him: and he commanded him to be bound with five chains: and he commanded him to be bound with chains and to be bound with chains.
And they said, The maid was made chief of the four, and captain of the king's chamberlains: therefore the chief captain commanded them to be brought forth.
They have also given evidence of the illegality of the work being carried out by the Prime Minister of the Republic of Pakistan.
He said that the General Meeting of the Fifty should send a note seven days earlier to all the fifty, but the Chief of the Meeting, on 12 May, took out eight May, which was five days earlier.
The information for the fifty-fifth meeting in mid-July 3th did not provide a summary of the fifty-fifth session, which could not be included in the meeting.
He said, "The summary of the meeting's work has not yet been given to the members by letter, although it should be done within ten days."
The chief took the offer to spend the rest of the thirty-first session on Wednesday 3 July in his own office.
They have asked to stop immediately on the 13th floor of the press.
Awake and cry out: When sin is increased upon the earth, and men have dealt treacherously against the people, they have to send God to slay the wicked.
The divinely begotten seed was born to free the babies from the cruelities of cancer.
In a week of peace on the Indian-Pak border on the week of Laleal, the Manasa River, which began with the search for peace on the Indian-Pak border, heard the story of God's sending a message to the people of Manasa on Friday.
They said, "In the beginning of the world, God's harvest has been great, and the harvest has been great."
And said, Let this be done for yourselves in the sight of the Lord.
Man is free from trouble, but he will remember God.
They said that Pakistan had a feeling of being forced to walk the wrong way again and again.
For he shall know that by this deed he hath done this great damage in the sight of all men that dwell on the surface of the whole border.
Hundreds of tourists have sacrificed spices in the atmosphere, which is being made to seek peace on the east border.
Hundreds of thousands are coming up to reconnaissance of Havan and Sirimdaktha.
After the week of Leah's week, Arpachshad said that there is also a law of Lennar for the people who come here.
The Sabbath was over, and was fulfilled in heaven.
Office dialogue, citizens: The aim of promoting transparency among the public against corruption is to be held at local colleges in the town of Wilens Unit.
Schoolchildren and students also participated in it.
The DSP violence synapses of the city's Villages Bureau can create a corrupt society if they cooperate with the Villens against corruption.
By order of the people, saying, "If an officer or a worker asks for a leave of any work, he can be transferred from the insurance department."
With all diligence, and in knowledge, and in all diligence, and in patience, and in patience, and in patience:
The Saminer was also contacted by a beautiful lion of Sarsa Ngil, an American lion's forgotten, and a young lion's wing inspector.
These people were told that corruption is now a major problem.
To copy it, every person in society will have to move forward, because the scourge of corruption has become so deep that it is not possible for governments to break it up.
It's going to take the ordinary man forward.
Teachers and students were presented with a presentation and a smile from the management team.
The leader of the management team, Father Rogitt, said, "It's a pleasure to see the doodles.
Blessed are those who have been persecuted for righteousness' sake, for they have been persecuted for their faith.
From that time on there began to be a division among them.
They called on the students to move away from the life of the greatest man who ever lived.
At this time there was wheat harvest, and barley harvest, and wheat, and barley, and barley.
On October 31, Halloween was held worldwide.
Many Western countries believe that the spirits of their fathers must be happy, because if the spirits are angry, they can harm them.
That's why they're smiling at this day.
They are seen in Halloween parties in Azibogrib Halloween Dresses.
No, there are also Halloween parties in many places where people go to parties in fear and wonder.
That's how you'll look at the same Halloween party.
Some of these are fearsome, but when you see something, it is not possible for you to remain silent.
The fire broke out in the shop of a store on the road from the dead.
I'm glad you've been caught in a fire while you're still alive.
By the way of the Red Sea , by the way of the Red Sea , near the temple of the Dead Sea , was the store of Attishbai outside of his hotel.
You've come to the counter of a rocket game that's about eight easy games.
And when they looked, behold, a fire came down from heaven on the top of the mountains, and the whole store was filled with water.
At the time, there were also customers at the store.
The owner of the store tried to fire the fire from the fire cylinder and from the train.
The document was also reached on the occasion.
There was no harm in the hand.
There was a fire in the court of the guard, and consumed the people with fire.
Dani Ram said that he had been in the fire in those days.
In view of the incident, the company has also been given strict instructions to protect its customers.
In addition to South India, Singapore and Malaysia’s cinemas, which are often flooded with smoke.
The name of this actress is "Avani Mody".
The inhabitants of the city of Avani Guzerat.
Avani had been an actress since childhood, but until college they couldn't put their feet in the act.
On one occasion, a college scriptwriter said from Avani that the story of etting is far away, you don't even get to etching.
A group of students in schools and colleges are playing the flag of Georgia in the film industry today.
And it came to pass, after the householder had come in, that the damsel was familiar with him.
The housekeepers went out, and left the young child alone. They shut the door, and went out.
The families of the young men were called, and they were called in the presence of Pershad and the police.
And the house of the LORD of hosts was the house of Gideon, their father's father, and their mother's father's house: and she bare them four years and ten years.
Gold's husband's got a warrant.
And the child was shut up in the house on the morrow, and the wife of Shuthelah went out into the house.
The inside of the apartment started to cry.
And those who stayed behind will flee.
The locals immediately reported it to the police.
You've reached the end of the night.
Until then, England also came.
He said that the child was his relative.
We're keeping this because his family's situation isn't right.
My mother lives in the town of Belatand, in the province of Giredia, with gold and a family.
Father Mantu's been banned from the universe.
And the child's mother spake unto them of the gold and of the silver, and of the purple, and of the scarlet, and of the scarlet, and of the fine linen, and called them to be virgins.
Mother and mom arrived at the evening.
The mother says she sent her son here to a relatively nice universe and their wife to an English universe.
The goldsmiths brought the child out of their relatives by the hand of Parshad and by the hand of the police.
Angeli said we couldn't keep the baby.
What if the child did something?
The taxi driver has been accidentally killed.
The driver has been forced into a city hospital.
The fractcher is being reported in both of his stops.
The police have started a check on the traffic with a family against a taxi driver.
After postmartism in the city of São Paulo, two months later, São Paulo was promoted.
On Friday morning, about three Mexican games arrived at the four corners of the beautiful city, and the driver was suddenly shocked.
The fast-paced Rafttar was pulled out of the white tree near the Texi Royal Road.
In Mexico, the god and moon god and the moon god were seriously injured by the beautiful black village of Shaala (Manali).
And when they heard of it, they came and told the chief captain, saying,
The police removed the gang and the moonlight after a severe earthquake and forced them out of the busy taxi and took them to the city of the city hospital.
There the doctors declared to the god Gonga to be dead.
Gunga had gone to Mumbai to meet her sister and had her flag twice for Mumbai.
The case check has been assigned to all inspectors' funeral chamber.
The DSP summary Warma has confirmed the manual.
The press team included the ADCP City to the United States Syndrome, the IP West Cardbag Sinh, the SCHO Cant Ikbal Sinh and over 100 police workers.
The investigation lasted for three hours in prison, but no cell phone was found for the police.
Three minutes later the police returned empty hands.
The announcement of three seats has been suspended.
The party's progress list includes the names of expected candidates from county, north-central, east, Patten-Manzowoli and the Spring District Convention seats.
The Indian People's Party has announced its expectations for 147 conference seats in February.
The list contains names that have been changed.
According to the multitude of their generations, out of the plain, out of the north, and out of the south, and out of the south, and out of the south, and out of the south, out of the south, and out of the south.
The list of names followed, most of whom were listed before, but those who waited for the names of those who waited for them at the meeting on the north and west.
It is known that, except for the previous convention, all seats are currently in focus.
Only gold has been found in the eastern region.
Following the announcement of the party's expected names, the participants were delighted.
After the decision has been made on the remaining seats which are being made after the statement of expectations on the remaining seats.
According to reports, those who are being more opposed to meeting seats or then see national surveys can be placed in the new expectation field of current speakers.
At the conference, almost 276 employees from each bot will be interviewed on Friday, taking a request for a party ticket for the local person.
All the actors will meet with the national presidential petition of President Rajnath Sinh, Mr. Ramalel, President Niti Natein Godkari, Chief Permanent House of Mampur and the national presidential petition of Young Mores.
For the authorities have not spoken of finding any stone in the temple of God.
The search government said that a stone has been found and broken and that the authorities of the S.I.A. will be informed of it.
And when they had consulted with the Median, they were again astonished, and turned again, saying,
They once said that if this operation were a military operation, it would have been a real deal.
And he charged them that they should not make any gods for themselves, until they were called in the place of God.
When the issue of the ongoing differences arose, the government began to complain about AIDS and the government, saying, "What kind of work is going on in God's place that is being banned from the media?"
We were asking for a direct distribution of God.
They must have believed that the team of the CIA was doing it where they were told.
On the other hand, after a day's break, an SSI team resumed its mission today: it started again but could not raise a centimetre.
The probationary authority won the battle with Dwee said that today the whole team of the South Asian team is still cleaning up the four-metre 80-meter square miles [4 m] of the Godship.
If the Tata Works Union has not been able to resolve the situation at the point of the Quartet extension of the Tata Stile Workers, the Office should immediately announce the date of calling for a quick requisition meeting.
If the Grede Rivjan agreement is delayed, workers should be able to make an in-depth effort.
These two requirements were met by the Grand Duchy in about ten committees of the Union that requested a requisition on Friday evening.
During the conversation, Dinda said there could be no conversation between the administration and the Union on the point of the extension.
On Saturday, the office beer meeting will be called to think about this point.
Among the representatives from the capital were slaves Moinuddin, Manjit Sinh, Saroz Panda, Mahendra Sinh, religious services, red Bahadur facilities, Ravi Shankar Pandai, Manaswar Pandai and Griesch.
The Depti VPN is in the city of Corporate Services but cannot talk to the Union authorities.
Now this point is likely to be discussed tomorrow.
The members of the committee and the staff contacted the office and informed them of their problems.
The situation is still inconsistencies since the date of the request to build the map does not continue with an increase in the number of circles.
The Day of Light has begun today.
It's Friday's a little Sunday's treasure.
The devil also has an attractive colorful with the sound of houses.
Out of the house or out of the church, a beautiful colorful house is painted four-months a day.
At the same time, we have chosen some of these images from the world.
You can make these beautiful oranges, and you can make your home more beautiful.
These authorities have been upgraded to the current level of the joint venture.
Advoket's patience chavela, with more growth in justices from Ngil's deeper work and others, reported that Advocet Chevla was obtained from the Advocet Family War of BBMBI's note of the Mandari Hycort.
The date of 12 November was set for the notice reply.
It is noted that two years later the BBMB school had been exposed to non BBMB in the courts last month.
After that, the delegates knocked on the door of the Mayan Haecourt.
Two years ago, in opposition to justice, demonstrators came down on the streets and showed their anger, which had been slightly reduced.
This time also there was wrath among the people because of the increasing of lawlessness.
Five months after the start of the new session, one fissure has come to an amazing conclusion.
In response to this action by the school administrator, the delegates often showed up for several days after the meeting.
Nevertheless, while running on school management hearings, delegates finally broke the door of the Haycourt.
The demonstrators say it's not appropriate to increase the penalty again and again.
The reading of children has an adverse effect on their work together.
The principal said that there is a need for transparency in government work and progress in development work.
He said, "The operation of plans will not improve any kind of irregularity."
A list of the Bills available in all the calendars before the promotion cooperation authority was instructed to provide information on the package package package of those farmers under each order scheme, as well as on the package package package to find items.
During the meeting, several teachers were instructed not to do construction work.
A list of school buildings under construction was requested from BIO.
The health department and representatives who attended the meeting were not allowed to sit in the meeting in the absence of CDPIO.
Stan decided that they do not have full information when the department representatives come to the meeting just to complete the ceremony.
During this period, perfect, page cleaning department, with many areas with health.
The document representative of the meeting said that the Co-operation Section would increase the benefits of all order so that anyone could move forward.
They strengthened the high-level review of the work of the Co-operation Section.
Hitler wrote in the self-defense 'Min Coff' that the size of a lie is the main reason for confidence.
For men shall be lovers of themselves, lovers of money, boastful, haughty, blasphemers, disobedient to parents, unthankful, disloyal, having no natural affection, not open to any agreement, slanderers, without self-control, fierce, without love of goodness, betrayers, headstrong, puffed up with pride, lovers of pleasures rather than lovers of God.
In the meantime, Bura, the Congressional Leaders of India, held the principle of 'Indira Is India'.
But history is different.
It's an important history of nation-building.
Only the Indians have honored the nation with their warning.
For vision and culture, medical arts, capillaries, wisdom, magic, and witchcraft are popular.
Ancient national unity has a lunar value, Ashok and Adhi are state states.
There is a very great confusion among men of war and violence.
Conscience, mercy, skill, beauty, speech, pentels, penthouses, Luhia, wine months, ambedec and Adhi are a long list of american witnesses, such as Americans, but the entire Department of Congress Nationalization is giving to the Neharu-Indira family.
A big lie is more effective.
Of the 58 central plans, 16 are the names of the giant gorillas.
The list of other family plans, thank you, air elders and organizations is long.
Public distribution system (PDS) is now also being prepared to add the scheme to the internal core name.
They send names of great men.
It is certainly acceptable to recognize travel, university or air trains on their behalf, but it cannot be said that the name of the national capital of the country is not appropriate in any of the fairs by planning a rural home on behalf of the same political family.
The public distribution system is already bad name.
Who prevents Congress from asking for a vote on the name of this project?
What, though, is difficult to keep out of the family when it comes to naming one another?
Mr. Manohan, and the Chief of Staff, took the position of the Chief of Staff in the middle of the NERNANDR Modi, and argued against the greatness of the Chief of Staff.
Patel is a great nation.
They had combined 562 Kingdom units with the nation with their equipment.
The posters are all, the crowd like India, but Congress only considers them to be his property.
The name of the public distribution system can also be done on the panel.
There will be no difference between the importance of the panel.
Congress has been in trouble for a long time.
This is what the Congress of State of Plans has done.
Congress was once a political group, such as Turks, Gokhles, Gandhi, Süddeuts, Rajendra, Naharu, Patel and Madan Mohan. After 1950 it was controlled by a family.
The party and the family were chosen.
The 'Indira Is India' was rejected just to give the family and the country a choice.
The name of the projects also became a problem at home.
Government plans run through the country's borders.
The country's National Congress is not the end of a family.
Look at Congress, and every group has its own big man.
The regional teams planned plans on behalf of the Manmafi kingdoms.
There are great men, but the number of the great men is increased.
The feast of the tabernacle was one of the most holy things.
Government plans will not be carried out on behalf of governments in the United States.
Their honesty is cruel in India.
The Centre maintains that the family name plans will take place directly.
The plans of the Great Potter, the clay, and the smooth moon, or the horn of worship, shall not be associated with the identity of the Congress.
Congress has been cut off from its legacy.
The message or instructions of Raul-Sonia come to work at the Congress.
Of course, other groups also name their plans, but they don't make plans on behalf of the same family as Congress.
The politicalization of social welfare plans is ridiculous.
There are pictures of the main main characters in the laptop distributed in the northern region.
For example, in the United States, the U.S.
The government's plans are linked to the works of the quirkyanwin, but not how much does it allow the government to name it according to the plans.
The media don't expect good governance from governments, and the transparency of charity is clearly being used.
The political abuse of the palace is a legitimate crime.
For there is nothing covered, that shall not be revealed; neither hid, that shall not be known.
The kingdom is not a drug for every march.
India is full of giant fish.
The name of the higher education institution/search centre should be on the name of an Indian scientist.
The name of the place associated with the literature, display or art may be better than the name of a publisher or a viewer.
History is a mystery to politics.
In the proverbial meeting there was also a long debate on the country's name.
Six-year-old Govindas, Lieutenant Tripas Adi, has been forced by "Britt".
India's name is 38 and India has 51 votes.
The default question is why don't you think seriously about the names of the projects?
Why does politics work?
Why does one family have such headship?
Why does a list of general human names not create a list of centers?
The list can also be used to create context or context menus.
In the name of the scheme, why is there so much pride on both levels?
As this empire progresses, the name of the Young People's Freedom Programme is also being forgotten.
There's a great deal of grass here.
Some of the TVs are packed and dozens of people are colored by political side.
Name has been changed.
The beginning of knowledge is given to name in the 'Scientific Dictionary' of guild.
A good name is also a good sender of plans.
It is easy to remember the names of great personalities from the book of Common Knowledge, but it can be the simplest tool to live a simple life with the person who is responsible for government planning, road or important space.
The city of Gandhi, Patel Air Aedda, Ambedekerpurm, or conscience, adds many names to the story of messengers.
Now there was a feast of two or three months earlier, in which the name of the city was called Ram, which is in the midst of the country.
There is a need for more transparency in the name of the country, the time, culture, assembly and history.
Many names become special and positive.
The order of compassion, conscience, and compassion: social change, painful vision and truth, are options for violence.
Congressy calls on friends to come out of the same family to look for names.
In India's history, there are many names that contain the most beautiful.
The Motor Vehicle Accidents Court ordered the family to give 50.67 million forms to the families in former Mahrasht countries who were killed in the streets in 2004.
The family wanted 25.82 million forms as refugees.
The family said that only half of the drivers [MSERTC’s] road traffic in the Maharashtra Kingdom had been killed by death on June 2, 2004.
The court also ordered that MSERTIC be prosecuted, saying that the company should not be held responsible for the accident, because the car itself had been hit.
The family will also receive 21.60 million forms from the family of the best friend of Zichkar's.
The same thing happened to them.
It will provide approximately 70 cents (about 15.12 million forms).
The other 30 cents of rice (6.48 million forms) will give the family of the former owner because of the guilt of the driver's car.
At the time, they talked to party supporters and members about the media.
The head of the Gozmumo High Commissioner told Gurong that Gozmumo Chief discussed various issues with members of the organization of temporary workers, permanent workers' organisations, prostitutes and Tibetans in February.
This time, there can be people in the dense darkness of the Tvin City.
who are not in the appointed time of the day when the moon shall be darkened,
Connection has been lost after 15 days of the appointment.
All the units of the tabernacle have been cut off from all stations by one, two, and Babylon.
As a result, there is an increase in the number of users who are connecting to Brazil's offices.
User is in trouble.
One reason for anxiety is that the billy outcome has also stopped taking part.
If the next party is taking place, users will have to fill between 80 and 90 percent of Bill's.
In all the device numbers, the SD has already reported 'Do Not Want to Set Part Points' in its office.
According to the ASI of the Operation Circle Ambula, the brilliant outcome has left a sense of mercy to the users.
They will now have to fill in the next two months' due date, no later than 15 days after the last date of filling the bill.
Ambula has received approximately 102 million form targates from the north hariana biliary distribution result.
That's why all of the devices have been instructed to complete this target.
On 31 October, this target was the last date that could not be completed.
The government has reduced imports of gold by less than $440 per 10 grams and silver by 738 dollars.
The value of both values has been changed to make the default value of both values.
Import valid values will be simplified to a simple value.
The value of the gold was increased two days ago to $442 grams, while the value of the silver was fixed at $699 per kilo.
In general, the net value of the interest rate is observed for each interest rate, but their net value has been changed because of the price stability in the global market.
According to one authority, the central product and border board have continued to provide information in this regard.
In addition to precious gems, the oil scrap was reduced to $3,840, which was $3,933 by tomorrow.
On the other hand, imported plant oil, such as low soybean oil, arabid pom oil, and others, has been increased in light value.
There were 39,000 passengers on the train without a ticket
In Japan, less than 39,000 passengers in trains were injured when the train test was conducted, the number of passengers increased by 39,000 in one month.
The real government believes that those who travel without tickets are now afraid of being arrested and they are taking tickets and sitting in trains.
Relevé's CPIRO young Jean says 9 million of the last year's protected category had travelled 75,000 and 88 million of the unprotected category.
In October this year, 11 thousand of the Abyan protected and 28,000 unprotected groups were attacked by ticketless travelers.
In October of this year, 88 million of the 9 million 86 000 and 41,000 of the non-protected categories have been travelling.
He said that the Railway Administration has checked tickets at the entrance and exit of the railway stations from train stations and from staff from one congregation to another.
That's why there's less of those who travel illegally.
Mr. Jairam Ramesh, central rural development, quoted by a Supreme Court decision, pointed out that there is a risk of extending the Court's objective line.
On Friday, the Supreme Court ruled that workers should not act on the oral orders of the political heavens.
And Jehoram said on the morrow, It is not right to take the business of the business of the wicked, nor of the government, to take it by his hand.
Jéram said this was not a decision at the Mite The Press program organized at Karl's concert.
This is the oral order of the Supreme Court.
For all of this, the civil service board of the central government already exists.
The Affair Group will be able to hear even more such decisions from the country because of the knowledge they will soon find after their service.
They said, 'The dangerous course is being preached by the authorities and social workers serving in this country.'
They fought at the Supreme Court, saying, "The Supreme Court wants people to have peace and open space in the country, but when the case of the judges comes, everything is in force."
They were very proud of the fact that political airs were being used by government authorities to demand the presence of the Supreme Court on the part of workers, and they said that they had been very well served by public authorities, while these officers had been very good in their work.
Now after the retirement, they soon learned that all the leaders were crazy.
There has been the first life in the country of Connor, where no family is now without land.
Central rural development Mr. Jaram Ramesh claimed that at least three cents (about 120 square meters) of land would be needed to build a home with every poor family.
It's a historic step.
They applied to learn from the example of earth’s distribution to all kingdoms.
They said that such decisions require political will and binding decisions.
Seven years ago, the Supreme Court had taken the police correction and ordered an order.
That was the same command.
Ask yourself: ‘ Did those laws apply to the nations?
And they stood by the highway, as it were a way of them that passed by.
The president of Kenyan lion reported that truck Lutterers had tied the driver's memory and helmets to the Russians and hid them in the forest.
The truck was under investigation in February.
When the police arrived at the police station, they ran from Lot's tracks.
Two of the other criminals were arrested with the truck.
The police are taking over the day-to-day coverage of the country's state of mind and are asking questions.
The security officer said there was a very large group of these criminals.
It's Master Mind.
The practice has given information about other criminals.
In addition to the chief social teacher's rehearsals, Dianath, the student's daughter, Pum Sherma, Pum Sherma, Kunita and Mardula Shama, teachers have increased their access to the students.
Yes, this time on the devil there are some sort of banners in the market on the name of the rulers you want.
But if you don't want to buy gold, gold, silver, and gold, you don't have anything to do with the right print on the market.
If you don't save, changes from the last minute will be permanently lost.
This time you won't get empty when you buy cookies for children on the market.
If you don't want to remove the name of the main debugger, you will need to buy the root root node, which is the name of the former master module.
If you don't want to give your children the names of any of these leaders, don't worry about them. You have the option of having Ramvilles now, which is also available on the market to Ramvilles.
If you are their fangs and want to celebrate with them, don’t be afraid to have your own home with them this time!
The former Prime Minister of the Republic of Samoa was dedicated to the interior of the province of Zamora.
This was given by the head of the information school to the well-being of the lion.
They said that teachers and teachers sacrificed popularly on the picture of the inner cave.
On the path to progress, there is a need to be more specific on the issue of equalization.
Manju al-Qaidam first and Shelpa got a double position.
The president of the organization Burz Mohan Secreta informed the students of the offer of Intra.
Umila Malik, the music secret, the royal lion and the orphanage were respected as the judge.
The chief minister informed us about the progress of agriculture.
His hair had fallen to the ground.
The identity of the dying youth has become a deep feeling.
There are two signs of golls on the young man's body.
The police were sent to the hospital for postmartem.
According to the police, late Saturday night, 1 night the police were informed that a young man had been killed by the Nile in the Red Garden area.
When the event arrived, he was found dead.
He later became known as a religious resident of Harish.
The young man's room and back have been torn in two.
Harish's left between the 10th reading.
Philahal, he was an uneducated man, and he was with him in social matters.
Last time people saw Harish with one person.
The police are trying to find out where he went last night and who he was.
The Watch Tower Dialogue Center, Kingdom: On Friday, a nurse was printed in several departments to interview government workers who were working in the community.
Meanwhile, a lock was found at the PCH office in Côte d'Ivoire and a worker was found.
There, Tanneta has been stopped by a worker, and tell the rest why the notes have been continued.
Jila has organized a number of teams to test the support of government workers.
On their instructions, along with other authorities, they printed the press in many departments on Friday.
Tahisiladar Kotranca Irsar Ahmad Mir also served as the director of several government offices at Tashil headquarters.
In which a large number of workers, including many high-level officials, were excluded from duty.
They made a list of the workers who worked in the field, and sent it to the threshing floor.
It was locked there when the PCH office arrived in Tashmir Kottranca.
No workers were there.
In addition to doctors at the Koteranca hospital, 14 workers were found missing.
BMO wasn't even present on duty.
At the same time, two temporary workers were not present at the other office, leaving the two temporary workers in the BD office.
The work of the CDP office was also underway.
The presence of workers in the office register lasted for the next two days.
In addition, only TSOs were present at the CDP office, while other workers were absent.
There were also some farmers in the field, and some other workers, who were not allowed to go into the field or into the sheepfold.
A list of all these workers has been sent by the consignor to live.
There, the fourth head of the second and primary education, Red Hussan, also conducted several schools of the Great John.
The middle of the Middle School's hard work has been suspended because of not working properly, while the middle of the Middle School's Abdul Majid and Suraya Beggam, the CRP-Javed Alm of the High School Cooperation, the Central School's CRIP Ajay Qummer, has been continued to explain the reasons for the report.
The day-principal Predip Sharma checked the Middle Mile in schools during the doctorate of the public schools of Thana Mandi John.
In the meantime, there were a few high school dropouts in the middle of the Middle School, where the Predip Sherma ordered the middle senior and headmaster of the school to remove the dropouts within two days.
The former Prime Minister of the Kingdom of Ponde, who was churched for his controversial queens, was prevented from falling into a hard night attack.
After the death of King Ailesh, the Council of State has been banned.
According to the news from the king's provinces, the king was in distress after he had been removed from office.
According to the previous scheduled program, the Achiles' memory was going to be extended four times by its Prime Minister on Friday.
King Panda has been informed that they are not being placed in the extension of the Council of Ministers on Friday.
After meeting with Prime Minister Ailesh's memory, he came home from the Kingdom Hall Colony, where they became angry and happy.
Their workers reported that they had been carried to the prison by the night before, but they were not able to go in.
Three times, King Ram Pondei Achiles, who was three times the successor of the World War II, had been members of the Kadi and Gramoedog government.
They were removed from the Ministry on April 15 in order to comment independently on women's rights.
In one program, they praised the beauty of the DM of Sultanpur, saying, 'It's my pleasure that I'm the second major partner of this kind.
I've been here every time I've had the opportunity to work with some beautiful DM.
When I saw DM's first successful four-year-old Ruthan, I thought they couldn't have a beautiful woman, but this new DM is also beautiful.
It's better to talk to them.
King Panda said also in the battle, "The streets will be lit like the valley of Hema Mahini."
I wanted to take this explanation and give it a chance.
On the other hand, the five governments have brought the NRAs to the foreword to protect their land-jayadas in the fifth place, where, in Canada, there has been a new turnout for the five-year-olds.
Canada's government is asking for a book of accounts from the government of NARRAB or India that will come from its country of origin and receive a pension.
The federal government, by means of a special cell, has found out about the income from land-based income in other countries of the Pension Holdings in Canada.
The government is receiving information and information such as that people from other countries are benefiting from all the financial benefits of Canada.
After obtaining Canadian citizenship according to Canadian law, the income in other countries will also be linked to their total income, while people are not doing so.
Even more than five thousand people have not taken Canadian citizenship into their country's income and pension benefits, despite the fact that they have received Canadian citizenship.
Many Canadian continually-chard accountants in the Ravensbrück department of Canada are saying that they are forced to declare a foreign-born Canadian verse so that they can be counted as the correct text on the Canadian entry.
A delegation from the Association of Sinyers Club met with an MPP-P-Gile of the Five-year-old, and requested to protect their own nests in this regard.
According to Perm Gil, if a person makes such a complaint about someone in Reveno Canada, it may be a check of his text but they don't have any information about the analysis of the text of the NRA.
Before this, the delegation has also found the MPPs and many other MPPs and MPPs in the coming days.
The five governments have passed the five Tennis and Agricultural Land (Amondment Bill) security of the Land Tenaires Bill to secure the land of NARIA.
The land of military workers is also protected along with NARIA.
According to this bill, the NRA can pay its land and location for a time limit.
When necessary, they can give a set of notes and get them back.
No status or other options available for developers.
The NRA will have to provide a certificate of ownership of the location and must indicate its need.
And this law shall give unto the priest five years' life for an hen, before he touch it.
About 1.5 million people live in various countries, while their country is still in the fifth.
Those who take their security often have their request with the government.
This day is especially the buyer of gold and silver.
The company of British sellers has been sold on the market.
To attract the Greeks, businessmen have thrown them into and out of Britain's virtuity shops.
Although the murder of greatness is on the market.
For it is written in the Scriptures, "Cursed is he who buys the things of silver and the things thereof.
And they buy the merchandise of gold, and of silver, and of wood, and of brass.
British vendor black slave and Madan Red said this time was a lot of fun.
The price of Britain has also increased slightly because of the increase in steel, tarbae and oil.
He said that the size of Britain's steel last year was 120 to 140 kilograms per kilogram, but this time it has been more than 150 to 200 kilograms per kilogram.
In this way also the leaves of the trees are cut down, and the leaves of the trees are withered.
The development of olive oil and other beverages used in the ministry in Fiji reported that the oil industry has become so high that it has become so high that the oil industry has been able to afford it.
The market is buying more and more small things.
The British Sales Government said that there are the biggest British stores in this market.
The merchants from far and wide sell the same purchase, but the price of the sale is low.
They think that it is because of Tyre; and they will rise up after her.
On Friday, almost every day is good news for the buyer.
According to the Sunset, one November is on Saturday at 6.41 a.m.
After that, it's valid until 9:50 a.m., but most don't think about it.
Don't buy at this time those who don't think about it, and they can buy what they don't think.
And they said unto him, Buy today gold, and silver, and other vessels, according to your means.
And the multitude crying aloud began to desire him to do as he had ever done unto them.
And he went out from Raaly with the young men, and came to Harepur, unto the city of Calci, where the children had gone with him to save them.
At this time, the members of the council commanded that they should pay taxes to the court, and that they abstain from sexual immorality.
YUT workers will receive 90 percent of DD compared to the central government's employees since July.
Earlier in September, 8 percent of DDs received more than 72 percent of the annual income and 80 percent.
After this decision of the government, the Yutty is pleased with the workers of the gang.
The Federation of UT Implicit and Works Union President Manohan Sinh, Major General Dat Joshi, UT Powerman Union Chief Ram, President Winager Sinh, President of Electric elevator Union, and other leaders Manohan Sinahan, have accepted the decision of the Governor.
After this decision, workers will be given 10 per cent of D since July.
On this occasion, modest leaders asked Indian child welfare workers to pay 90 per cent of them instead of nine per cent of DD.
The PM term of the party and the Prime Minister Nerendre Modi of Güžata included new government ministers on Friday 6th.
Half of the people who get arrested are Jaeš, the son of Raddia, who has been forced to leave the country from Congress.
Prior to the election, the former prime minister of the United Nations has been appointed the President of the Kingdom Plan of Action.
This Ministerial expansion is being viewed as preparations for the Modi People's Meeting.
They've been on political voyages for a long time.
After the five nations have been elected, there will be also a more tragic number of railways, roads, and meetings.
In this way, he wants to make the yoke of slavery completely separated.
