Triunfo der Rechte der Bevölkerung in Österreich, zusammen 29 %
Die Auswärtigen Auswärtigen des österreichischen Parlaments haben nach den ersten nahtlosen Ergebnissen eine wertvolle Verabschiedung von beiden Parteien der gegenwärtigen großen Koalition und eine ausdrückliche Stärkung des Spiels des Volksrechts beteiligt.
Ein starkes und besonderes Verlust hat das Österreichische Volksparte (OVP), in dem die Position der gegenwärtigen Präsidentin, Wilhelm Molterer.
Im Gegensatz zu den Leitern der Allianz für die Zukunft Österreichs (BZO), der Oberste der Regierung des Kaisersstaats, Jörg Haider, bereitet seine dreimalige Rückkehr an die nationalen Politik.
Die Sozialdemokratie (SPAU) betrifft die stärkere Partei des Landes mit 29,8 Prozent Stimmen, d.h. eine 5,5 % der Stimme in Vergleich mit den letzten Wahlen im Jahr 2006.
Der OVP ist noch fertig, der 25,6 % beantragt, fast 9% Stimmen.
Es sind die schlimmeren Ergebnisse, die in der Geschichte dieser beiden äußersterischen Teile seit der Poger und vor allem für die Bevölkerung, die diese vorherige Wahl besucht haben.
Als die OVP aus der Koalition ausgegangen war, hatten die Bevölkerung im Hinblick auf die Präferenz des SPO eine bedeutende Vorteile.
Es ist jedoch klar, dass die Abgeordneten sie verurteilt haben, um die Regierung zu lassen.
In den ersten Ergebnissen wurden bereits Spekulationen über die Abteilung des Vorsitzes des Partitismus gehört und bis heute Vikanciller, Wilhelm Molterer.
Die Beobachter glauben, dass diese Monate bereits in der außergewöhnlichen Sitzung des Vorsitzes des Parteisitzes erreicht werden könnte.
Diese Entwicklung würde offensichtlich den Weg des kontinuierlichen und näherenden Abgangspunkts der Wahlergebnisse erleichtern, d.h. die Umstrukturierung der großen Koalition zwischen SPO und OVP.
Da die Verstärkung der beiden Bürgerrechtsparteien - die Liberalen (FPO) - ungefähr 18 Prozent und die BZO - einen Hundert der Stimmen - und dass die Sozialdemokraten gleichzeitig ihre Angst erhoben haben, dass dieselben Jahre 1999, als die Bevölkerung mit den Völkern verhandelten (Der FPOs war eine Einheit, aber im Jahr 2005 von BZO) für eine Koalitionsregierung, die durch die Europäische Union eine Sanktion erzielt wurde.
Dies ist offensichtlich Haider, der bereits bekannt hat, dass er mit jeder Partei zur Zusammenarbeit bereit ist und dass sie in Viena bereits in die nationale Politik berücksichtigt wird.
Das Grünische Partei hat sich auch im Parlament erzielt, obwohl er leicht verloren hat und von Dritt bis Fünften zwischen den österreichischen politischen Parteien hinuntergegangen ist.
Keiner anderen Partei überschritten die Grenze des vierhundert und deshalb ist nicht Teil des Parlaments.
Schwarzenberg: Beziehungen mit Indien können entdecken
Wenn es sich nicht um das Problem der chemischen Wissenschaftler, die in Indien verurteilt worden sind, um illegale Verabschiedung der cheko-Indischen Beziehungen zu erreichen, könnte Karel Schwarzenberg nach dem Minister für Externe Angelegenheiten erreichen.
Deshalb zeigte der Minister in New York nach der heutigen Treffen mit seinem indischen Homolog Pranab Mukherjee.
"Wenn dies nicht so lösen würde, dann wäre es sicher, dass es sich um die Verschmutzung kommt", erklärte er nach der Tschechischen Sitzung.
Mukherjee sagte, dass nach der Begegnung die Rechtsfrage schwer die Ausübung ermöglicht.
Die Regierung kann mit der Regierung von Darjiling mit dem örtlichen Regierungen in Darjiling verhandeln.
"Ein Problem könnte auflösen", sagte der Minister.
Für Emiil Kučera, die bis zu drei Jahren Gefängnis verurteilt wurde, wäre das Beste, wie Mukherjee, das die höchsten Instanz erleichtert wird.
Danach kann man die Ausstellung des Urteils abfragen und die Erlaubnis in Freiheit warten, erläutert.
Schwarzenberg bekräftigte, dass seine Kollegin während des Treffens dieselben Begriffe ausgab.
"Der Rat ist der Hohen Gerichtshof zu treffen und dann das Verständnis möglich zu sein", sagte der Chesch-Diplomatur.
Die einzige Art, wie die Tschechische Partei in die Angelegenheit eingehen kann, ist die Verurteilung eines "Gerechtliches Unterstützungs" der indischen Minister.
Darüber hinaus sagte er, dass die in Indien Party bereits erzielt wird.
"Wir haben das größte Interesse, die besten Beziehungen mit Indien zu halten, die eine längere Tradition haben.
Die Indische erkennen es auch", sagte Schwarzenberg.
Wie die TKK vor seinem Kollegen gesagt hat, betonte die Tschechische Republik das Problem der chemischen Enthologen von großer Bedeutung.
"Wir haben wirklich einen Schrecklichen Fehler berücksichtigt und diese tschechischen Wissenschaftler verurteilt", sagte er.
Der Minister beantwortete die Antwort auf die Frage, ob er aus Indien die Verheißung, die die Frage beschäftigt würde.
"Ich habe genug Verheißungen erhalten", sagte sie nur.
Ein Checo meint einen Kampf im Meeresfonds
Ich berühre mich auf eine E-Mailkarte, in der sich in Australien umfällt.
Das Kontinent ist jedoch nicht interessiert, sondern ein kleines Tisch im blauen Meer.
"Die Insel gehört Australien und bei ihr auch den Seefonds, den sie verraten hat.
Die Region ist gleichzeitig so groß wie ein Kontinent", sagt der italienische Anwalt Luigi Santosuzos, der das 30-Mitgliedschaftsunternehmer, die in der Verteilung der Vereinten Nationen für Meeresrechte und Meere arbeiten.
Ihr Oberhauptmann der Division, der Checo Václav Mikulka, verfolgt die Ausstellung und manchmal die Vollständigkeit.
Dies spielt ein und arbeitsgemäß.
Der Seefonds versteckt bis heute eine kleine bekannte Welt, reich in natürlichen Quellen.
Sie können Petroleum und andere minerale Primärmaterialien finden, aber bis heute sind auch unbekannte Organe die Schlüssel für die Entwicklung von Arzneimitteln gegen Krebs.
Der Fonds ist größer als die feste Erde
Die Kostländer haben sich heute in den neuen Gebieten unter dem Meer beschäftigt.
Gemäß dem Übereinkommen der Vereinten Nationen werden diese Rechte im Jahr 1982 in Montego Bay in Jamaica genutzt.
Es handelt sich hauptsächlich um den Kontinenten Bord, der sich manchmal auf einige hundert Kilometer aus der Küste des genannten Landes überschreitet.
Dies hat nach dem Vertrag außergewöhnliche Rechte in allen Ressourcen des Kontinents.
"Der Kontinenter Bord beinhaltet das Teil des Meeres und seines Bodens, das der natürliche Kontinent unter dem Wasser fortgesetzt wird.
Sie kommt bis zum Grenzen des Meeres, und oft bis zum Grenz der Seewollenkreisen, d.h. eine reine Wirtschaftszone", erklärt Mikulka.
Die Anforderung des Landes, die die Kommission für die Delimitation der Außengrenzen des Kontinents ist, muss mit der wissenschaftlichen Dokumentation auf Forschungen und Maßnahmen übermittelt werden.
Es ist das Ergebnis einer Reihe von Arbeitsjahren.
"Ein der Aufgaben ist eine Ausschuss für technische und rechtliche Unterstützung zu organisieren.
Die Kommission hat bis heute fünf Anträge von Russland, Brasilien, Australien, Irland und New Zeland vorgelegt.
Nun haben nur die letzten drei beschriebenen Länder weitergeführt", fügt Mikulka hinzu.
Das Erfolg von Australiens hatte einen weltweiten Einfluss, da er der erste war, der hauptsächlich seines Seehauses erweitert hat.
Aber auch New Zeland - das Meeresgrundlage, das ihm der Kommission vergangen hat, ist 1,6 Millionen Quadrat Kilometer, d.h. fast sechsmal mehr als die Größe des eigenen Zustands.
Die beiden Länder haben Millionen Schmerzen für ihre Studie invertiert.
Die Gewinne, die von der Verwendung des Seefonds abgenommen werden wird, werden als Versprechen unwertbar.
Auch andere Staaten stellen ihre Anträge kurz vor.
Sie können es bis in den zehn Jahren erfüllen, seit sie das "Monego Bay-Trade" ratifizierten.
Da das Kontinent Bord abgeschlossen wird, beginnt die Region des Meeresfonds, das von dem Vertrag als „Gemeinsame Erbe der Menschheit“ erklärt wird.
Es gibt bereits keine Nation eine ausschließliche Position.
Die Verträge, die von internationalen Institutionen eingesetzt wurden, verwalten.
"Das Meer ist jedoch keine Goldminuten", sagt der Leiter Mikulka, indem sie "die einzelnen Gebiete sind rechtlich begrenzt und eindeutig begrenzt und ihre Vertragsregelung" hinzufügen.
Cheques im Pazifischen Ozean
Und heute gehört auch die Tschechische Republik.
Es wird mit anderen Ländern des Ostblocks in der gemeinsamen Organisation "Interceanmetal" getrennt.
Dies erfolgte im Jahr 1991 mit einem Vertrag als Bewerber wie andere wenige Staaten, die als "der Pionierinverser" genannt wurden.
Sie haben Fähigkeit, in der Region ClarionClipperton im Ozean zwischen Mexiko, den Hawai- und Kiribati.
Die Gebiete, die durch den Inverse erforscht werden, ist etwas größeres als die alte Checoslovaquia.
Der Fonds ist da unfalllos, es geht um etwas wie eine See-Replikation der Tastra.
"Sie können eine Oberfläche von 75,000 Kilometern Quadrat steigern.
Das Gebiet ist reich in Anlagen von Polymetallkrebs, die Nickel, Kupfer, Kobalt und Mangan enthalten", fügt der Indische Anwalt Pakshi Rajan.
Ein Mazedonienarbeiter der Division, Rober Sandev, bringt uns eine Probe von dieser Art von Konvergenz.
Wir erinnern uns an einen kleinen Patent oder mit ein wenig fantastisch, der nach der Leidung nach Golem zurückgelebt hatte.
Während der Erlösung der Rehenen war das Kommando der deutschen Sondermärkte im Aktionsbereich
Um die Rehenkrise der Regierung in Ägypten zu entwickeln, bat die Deutschlands Hilfe. Die Experten kamen.
Wenn die Lage ernst ist, war das Beamte von Sonderkräften bereit, aber die Operation wurde nicht durchgeführt.
Jedes Mal ist detaillierter zu den Umständen der Liberation von 11 europäischen Touristen in Ägypten bekannt.
Gemäß den Daten des Verteidigungsministeriums und des Außenministeriums in der Rettung waren auch die deutschen Sonderkräfte indirekt teilgenommen.
Daher waren die Spezialisten der Armee Deutschlands sowie die Beamten der GSG 9, die Flughäfen der Federal Polizisten, des Bundesausschusses für Straffragen auch die Sachverständigen im Bereich der Logistik der guten Technischen Institution.
Wie die Beförderer der Dienste des Monds unternommen hatten, waren die deutschen Kräfte nicht notwendig, da die Bewaffner, da sie die Gewaltbefreiung berücksichtigt hatten, ihren Gefangenen verlassen und entfliehen.
Die Regierung der Ägypter hat die Beihilfe Deutschlands angenommen, um sie auf dem Ort zu verwenden.
"Glücklich ist der Moment nicht gekommen", sagte ein Portier des Bundesministeriums.
Am 19. September haben die Assistenten im Süden von Ägypten eine Gruppe von 5 deutschen, 5 italienischen, einer Rumänien und ihrer 8 ägyptischen Mitarbeiter verfolgt.
Nach dem Aufseher in der südlichen Wüste der Ägypter führten sie von einer Seite in die Grenze zwischen Ägypten, Libyen, Sudan und Chad.
Die Kennzeichnung der Beschäftigten wurde bis zum Ende unbekannt, sowie die Details der Erteilung oder möglichen Erstattungszahlungen.
Sogar die gesunden und gesunden Menschen kamen zu Kairo.
Steinmeier sagte, dass die freien Rehen unter dem Schutz der Brücke Deutschlands sind.
Er sagte nichts über die Details der Liberation.
Zunächst gab es in Berlin keine Informationen über die Rückkehr von ihnen in Deutschland.
Gemäß der Zeitschrift "Bild", 5 Touristen und Sonderkräfte müssen Sie nach Flugbus von den Lufträdern Deutschland zurückkehren und am Freitag in Deutschland kommen.
Die Kammer von Vertretern der Vereinigten Staaten nimmt den Rettungspakket nicht an
Die erste Kammer des Kongreßes der Vereinigten Staaten hat einen großen Rettungspakket von 700 Milliarden Dollar für die Finanzmärkte liegen lassen.
Der Dow Jones fiel sehr drübend.
Die Kammer von Vertretern der Vereinigten Staaten hat das Paket der Regierung für die Rettung der Finanzmärkte mit 227 gegen 206 Stimmen abgelehnt.
Ungeachtet aller Anträge des Präsidenten George W. Bush und der ehemalige Parteipolitik sind nicht zu den meisten des Programms eingereicht, mit dem die Vereinbarung auf den Finanzmärkten begrenzt werden sollte.
Mit einer Dramatischen Aktion haben die verlagerten Verteidigungsverletzungen noch versucht, Kritik zu überzeugen, das große Paket von 700 Milliarden Dollar zu akzeptieren.
Barney Frank, der Leiter der Demokratischen Verhandlungen hat den Abgeordneten eine Abstimmung ersucht, obwohl das Plan nicht so populär ist.
"Es ist schwer, politisch zu akzeptieren, um etwas zu vermeiden, was noch absolut nicht passiert ist", erklärte er.
Während der Abstimmung fiel Dow Jones mehr als 6 % oder 600 Punkte.
Dies war der Grund für die Bedenken, dass der staatliche Rettungspakket beschädigt werden könnte.
Abschließend der Abstimmung wurde abgeschlossen, und nachdem der Beschwerden öffentlich gemacht worden war, fiel es wieder.
Die Sachverständigen berücksichtigen sich auf den internationalen Finanzmärkten.
Um das Programm in Kraft zu bringen, ist es notwendig, sowohl der Kammer der Vertreter als auch des Senats zu akzeptieren.
Die Organisationen erreichen die Erhöhung der Anzahl der Reservierungen
Es scheint ein guter Winter für die deutschen Reiseorganisationen zu sein:
Nach einer Studie stieg die Verkaufsmenge der Reisereservierungen in den nächsten Monaten in Vergleich mit dem vergangenen Jahr – auch der Winterzeitraum über 30 %.
Nach einer Studie ist es ungeachtet, dass der Bewusstsein von den deutschen Reisen in der Lage ist, so früher zu reisen.
Wie der Mond die Vereinbarung von Reisen aus Deutschland (DVR) in Berlin berichtet, haben die Reisereisen für den Winterzeitraum eine Menge von Verkäufen registriert, die im Vergleich mit dem gleichen Zeitraum des vergangenen Jahres mit 31 % überschreitet.
Gemäß der Untersuchung des GfK-Märkteinstituts wurden die Bereitstellungen für die Otommonate bereits in Zahl geführt.
Daher war die Verkaufsvolumen der Reiseagenturen im Oktober fast 1 % im Vergleich mit 2007 fast 1 %, und der DVR informierte.
Die Grundlage der Ergebnisse ist GfK-Nummer, die die Analysen über die Reservierungen in 1200 Reise-Agenturen und nahezu für den gesamten Markt bewertet sind.
Die gesammelten Daten sind die Reisereserve bis Ende August 2008.
Nach der Abweichung des Detallers über alle Reise nach den Vereinigten Staaten sind die DRV große Anforderung stattgefunden.
In diesem Fall hat die Anzahl der Reservierungen fast einen Dritten gestiegen.
Die bevorzugten Zielpunkte der deutschen sind nicht nur Spanien, Türkei und Griechenland, sondern auch die Regionen Deutschlands.
Vor allen organisierten Reise sind sehr bevorzugt, Klaus Laepple, Präsident der DRV.
Angesichts der Tatsache, dass die Energie- und Nahrungsmittelpreise, in diesem Fall, die Reisekosten "beste berechnete für den Kunden, der während eines einzelnen Reises" stieg.
Mit anderen Dingen können Verbraucher Geld mit vorherigen Reservierungen oder mit All-Inklusive Angeboten bieten, erklärte Laepple.
In den Monaten des Sommers waren die Reisen gut behalten, so dass die Verkaufsvolumen im Vergleich mit dem vergangenen Jahr wiederholt - nach einem anderen Studien die Zahl der deutschen, die einen Reis durch das vergleichen im vergleichsweise im vergleichsjahr ausgeführten Reisevolumen war.
Mein erstes Oktoberfest
Die Hits der Feste unter dem Himmel offen in der Balnear ohne Ende, das Gehirn in Gärten eines Liters und die berühmten Menschen, die in traditionellen Trags von Designern angetan sind.
Ein Defizit in einer Kampagne.
Wir haben wirklich Susanne Kronzucker und ich haben nicht viel gemeinsames.
Sie ist robust, die Modernierung in der Fernseh-TV und bringt eine traditionelle Bavar-Tradition.
Ich habe den dunklen Haar, ich bin Student und meine Kleider ist bereits benutzt.
Aber es gibt etwas, was uns: Wir sind kampagnerlich, die Fotos haben uns bereits angefangen und ihre Speicherkarten mit Fotos füllen. Es ist sehr lustig vor allem, denn ich bin zum ersten Mal im Oktober.
So machst du Freunde.
Die traditionelle Bavarat-Bavaro-Transoftware scheint ihre Rolle zu erfüllen.
In der Tat als Tourist im Nordfest von Deutschland war mein Gefühl, dass ich mit einem traditionellen Bahnverkehr bis auf diesen Tag noch begrenzt habe.
Aber nach dem Zug von Teresa ist alles nicht so sehr.
Die ganze Welt bringt die traditionelle Baumwolle oder Kühnstunden; es scheint keines zu sein, wenn man sich zu fühlen oder sich unangenehmbar zu sein - alles ist absolut normal.
Nur mein Deanal bekommt seltene Augen auf der Seite eines Plattenstatus im Chocolat.
Eine Gemeinde ruft meine Aufmerksamkeit auf meinem Deckel, den ich falsch gekleidet hatte: "Die linke Seite ist nur sofort, die Hälfte ist die Jungfrau, in der rechten Seite ist verpflichtet, hinter ist sie Witwe."
Oh, mein Gott, ich kümmere mich nach links.
"Es ist gut", sagt er nichts.
Die anderen besorgen sich nicht viele der sogenannten Methoden, um zu fliegen und zu nehmen, wo es geschrieben steht: "Man zu trinken, um zu bekleiden!" und zeigen, ohne sie zu fordern, ihre nähere Kleidung.
Ein junger Junge, der sich aus der Ausstellungsweise verhalten wird, heißt Bob, ist in England und ist auch im Oktober auch am ersten Mal im Oktober.
Er fühlt sich "Gargeous", was mit einem "O" sehr lang.
Ich weiß, dass es mir nachdem ich ihr Gefäß von einem Gehirnliter getragen hatte, der zum Getränken war.
Die meisten denken, dass das ein Bodenkugel ist.
Dann ist Bob eine der bekannten Menschen, die viel trinken.
Die anderen haben keinen Glück und können nicht so viel Alkohol konsumieren.
Auf den achtten Nachts ziehen Gesundheitsgruppen auf dem Festplatz und müssen für Arme Beschäftigungen besorgt werden.
Die Gesundheitspersonen scheinen immer in Gruppen - plötzlich sind vier Personen, die von einer Kampagne in die andere bringen.
Dies funktioniert wie mit der meisten Besucher: Süße Bräutigam, Rennen.
Sie sehen nicht, wer die Alkoholgrade beschleunigt und in den Wagen ist.
"Sie sind diejenigen, die "zwischen nicht mehr können", sagte mir ein Gesundheitsverantworter und beantwortete meine Frage und entschieden.
Art der von der Polizei identifizierten Unfälle
Die 63 Jahre, die im Krankenhaus unterliegt wurden, wurde nach einem Fahrzeug im Zug des Essex gekennzeichnet.
Carole Paulson, von Chemsford Road, in der Stadt Brentwood, wurde in der Unfälle, die in Shenfield Road am Freitag geschah.
Die Frau wurde in den Queens-Hospital gebracht, aber später starb er.
Nach dem Unfall wurde ein 51-jähriger Mann unter der Unglückspläne verhaftet.
Seitdem wurde die freie Freiheit unter Früchte gesetzt.
Türkei breitet ihre diplomatischen Horizonten
Bevor die Türkei Mitglied der Europäischen Union war, bemühten die europäischen Fähigkeiten, im Inneren dieses Landes zu verhindern.
Im Osten des Bosforums, vielleicht nur 20 Schritte im Hinblick auf Asien, gibt es eine der beträchtsten Bedürfnisse der empfohlenen Ambition.
Die Station von Hydarpasha wurde von zwei deutschen Architekten, Otto Ritter und Helmut Conu in einem Neu-Renacentist-Stil entworfen.
Zumindest sagen die Führer.
Das Gebäude ist zum Abschluss der Plattformen geplant und führt zwei Turtel, eine für jedes Schilde, die sich jede typische deutsche Aufmerksamkeit befinden.
Der Stein ist schwanger.
Das Gebäude im Komplex ist ein paar Zehnten.
Aber nachdem die Tasche übersteckt wurde, gibt es keine Zweifel, was die Größe des Unternehmens war, dass dies die westliche Tür war.
Die Station wurde im August 1908 durch den deutschen Konzern Anatolia-Bagdad Corporation unverzüglich.
Deutschland, ein "Tlacomer" im Immobilienspiel, hatte die Ambition, das Mittelalter durch diese Eisenbahn, die bis zu Damaskus, Bagdad, und weiterhin, was heute Saudi Arabien ist.
Im ersten Weltkrieg wurden die Ambitionen dieses Imperiales Deutschlands jedoch während des Weltkriegs beschädigt.
Seine feinen Wege wurden von Lawrence von Arabien und ihre ungewöhnlichen Arabien angegriffen.
Aus der betroffenen Islamisierung der berühmten Regionen, die durch die berühmten Grenzen der Färische Krieg erzeugt wurden, fiel unter
die britische Herrschaft und die Kräfte in Ägypten haben die Türkei und ihren deutschen Partner außerhalb der Palästina und Syrien ergriffen.
Die Nachrichten waren auch für die Hyderpasha-Station.
Im Jahr 1917 wurde ein Treibhaus von munitionen entworfen, indem er seinen Teppich entwickelte.
Die Türkeiquellen bemerkten, dass es einen Sabotai handelte.
Seitdem wurde die Station entdeckt und blieb im Margen der Geschichte.
Aber heute, dieses Eisenbahnraum, der Eingangstür an Anatolia und alle Ostzentren, dienen - zumindest symbolisch - zu betonen, die Türkei, ihre diplomatischen Horizonten zu entdecken.
Die Regierungsparte und die Ausweitung der Rechtsstaaten - hat die AKP - eine neue Außenpolitik für das Land geplant.
Die betreffende Islamisierung der berühmten Regionen, die durch die berühmten Grenzen der Fäder Krieg erzeugt wurden, ist verschwunden.
Jetzt gibt es eine neue Zusammenarbeitspolitik.
Die türkische Regierung bewahrt sehr gute Beziehungen mit Israel und Syrien mit beidem palästinensischen Fakten von Hamas und Fatah, Irak und Iran und natürlich mit der Europäischen Union und den Vereinigten Staaten.
Um die Parameter dieser neuen Außenpolitik zu bewerten, stieg ich auf eine Buchstabe und ging in die Türkei Ankara, um einen von den Führern der AKP - Experten in der Außenpolitik - den turkischen Minister Suat Kiniklioglu - zu besuchen.
Am nächsten Morgen - eine zehn Stunden später - nach einem Sauditen reisen, was in der berühmten Dokumentation The Night Mail produzierte, kam ich zu der Türkei - eine neue Stadt, gedacht, um ein neues selektiven Zustand, fern von der Vergangenheit des vergangenen Otomans zu regieren.
Die AKP hat jedoch mit ihren klaren Islamischen Rassen eine paradigmatische Veränderung im türkischen Konsens dargestellt.
die einige Überraschungen in Westen und insbesondere in Washington erhebt.
Ein Taxi bringt mich an die AKP-Steuerung, eine ultra-Film- und Eisenbahnstruktur - in einer gebauten Entwicklungssuburbie, die von mittelbarer Handelszentren umfasst und "Mittelpatentien" beruht, in dem die mittel-Klasse für Geschäftsleiter - Männer und Frauen - in der ersten Stunde des Morgens zusammengekommen sind, um Geschäfts-/Bewältigung zu machen.
Soat Kiniklioglu könnte fast jeder Partei in Europa sein.
Ich bin sicher, er hat noch ein Blackberry.
"Der Ziel der Auswärtigen Politik ist, die Türkei wieder in ihre Nachbarschaft zu integrieren.
Das Krieg Fría war ein Annomalian", sagt er mir.
Die Türkei hat sich in den Beziehungen mit ihr inneres Verhalten beschäftigt.
Heute muss man auf die gleiche Zeit im Osten und im Westen schauen.
Es handelt sich nicht um einen Fall, wenn es nicht um eine oder andere geht.
Sie müssen beide Dinge tun.
"Aber sicher in einer gewissen Zeit", fragte die Frage, "Turchia könnte verpflichtet werden, sich zu wählen? "
"Turkia", antwortete er, "dass er diese Wahl nicht verhindern will."
Darüber hinaus möchte ich einen Punkt unterbreiten, der fast alle, mit denen ich bis zu dieser Zeit gesprochen habe: die Beziehungen der Türkei nicht nur mit dem Mittelosten, sondern mit der Region der Kaukasien und mit dem ganzen Schwarzen Meer sind ein Vorteil für Europa und die Vereinigten Staaten wie für die Türkei.
Die Nachricht scheint zu sein: Mit der Türkei auf Bord kann Europa in seinem Komplex methodar diese Eisenbahnlinien, die die Welt gegen Ost Asien und Ostsee auftreten.
Nach einer zweiten Nacht, ohne zu schlafen, kehrte meine Meinung wieder auf die beiden deutschen Herren, Herrn Ritter und Herrn Conu, die den Bau dieses Gebäudes besucht haben, vor 100 Jahren.
Wie überraschend wäre es, daß die Umwelt Europas in der Mitte Osten heute in den Händen der Türkei sein würden?.
Und wenn ich auf den Terminal wartete, wird ich durch den Bosforen zurückkehren, erinnere ich mich, dass die Türkei in den Tagen der „Der kranken Menschen in Europa“ kam.
Daher gibt es keine Zweifel, in dem der Kontinent sein wird, dass dieses berühmte Land wiederherleben muss.
Erinnern Sie sich an: Vernon Handley und William Woodruff
Mark Brown schreibt: Der Musikdirektor von Guildford seit 1962, Vernon "Tod" Handley (Schchela, 11. September) wurde von der Orquest Philarmónica von Guildford und Coro verantwortlich.
Als Teil des Musikprojekts für die Stadt gegründet er im nächsten Jahr seine schöne Krone von Jugendlichen, Proteus.
Es sollte für Kinder von 21 Jahren sein, aber bei der Zeit, als der Proteus ihr Ende 1979 singen, sind einige von uns in den 20 Jahren enden - wir verleugneten uns nur bis zum Krone.
Der Name von "Proteus" (veränderter Methologie der Formen) stellte das Herz und die Fähigkeit dar, jede Musik, die sie vorliegen, sei Madrigal oder Messias, unverzüglich, wenn sie nicht mit oder mit vollem Orchest begleitet werden.
Die durch dieses Herz von Jugendlichen produzierte Musikversorgung war oft überraschend, immer emotional, und alles wurde wegen der Inspiration dieses Mannes und der Intusibilität für die Musik, die in den Jahren immer absolut konstante sein konnte.
Vielmehr sagte er uns, "dass die Musik von sich selbst sprechen soll."
Er sagte: "Der Komponente weiß, was er will.
Hier ist alles in der Musik.
So muss man nur schreien!"
Seine Vielfalt war immer eindeutig klar und genau, obwohl es nie steuerlich noch zu fließt.
Jeder außerhalb des Scardar-Musikals hat immer auf einem noch größeren Ebene erreicht.
John Frayn Turner schreibt:
Wenn ein Vernon Handley ein Führer war, ist er Vernon Handley.
Ich habe ihn sehr gut kennengelernt in den zwei Jahrzehnten, in denen die Guildford-Filmännik von 1962 bis 1982 geleitet hat.
Besonders in den letzten 40 Jahren habe ich mehr als 100 ihrer Konkurrenten überarbeitet und ich kann ehrlich sagen, dass ich nie von niemanden enttäuscht bin – im Gegenteil bin ich oft von ihnen inspiriert.
Handley hatte diese seltene Kombination von Größen und extreme persönliche Gefühle.
Er haßte die Führer, die in seinen Worten einfach "ein oder zwei Kriegsknechten in der ganzen Welt bekannt sind."
Wir brauchen viel weniger.
William Woodruff
Professor John Beckett schreibt:
Im Sequenz von William Woodruff (25. September) bekräftigt, dass "in 1946 die wirtschaftlichen Geschichten in Oxford wiederholt wurden und 1950 eine Forschungstasche von Houblon-Norman erhielten... in der gleichen Zeit wurde er für eine Lizenztitel, ein Meister und ein Arzt untersucht."
Dies wird in einer Notiz des Autors von Woodruff in Beyond Nab End gelernt, aber es ist nicht ganz richtig.
Von 1946 bis 1953 war ein Professor der wirtschaftlichen Geschichte in der Universität Nottingham, während der ein medizinisches Thess über die Industrie des britischen Kaucho, überwacht von Professor J.D. Chambers, und später im Jahr 1958 mit dem Titel The British Rubber Industry veröffentlicht wurde.
Die Jahre zwischen 1950 und 51 haben sich in den Vereinigten Staaten mit einem Geschenk von Houblon-Norman und dem Sommer 1952 in den Universitäten Illinois, Harvard und New York gefällt.
Im Jahr 1953 ließ er endgültig Nottingham für Illinois.
Der Grund, weil Woodruff diese Seite von seinem Fahrt vorbei war, ist nicht bekannt.
J. Vicente Resino in Philologie Fakultät
"Wir empfehlen die Ausstellung von José Vicente Resino "Flamenco und Leben", weil ihre Fotos auf weiße und schwarze, Dokumentestil sind fantastisch.
Sie riefen mich auf ihre Verstärkung und die Kraft, die sie übertragen haben, und versuchten die Protagonisten mit großer Achtung.
Eine Ausstellung, die sehr fühlt.
Reino weiß, dass er magische Minuten genommen hat."
Zweitens für die Honda-Überwachung
Im November wird Honda die Vermarktung der zweiten Generation von Jazz beginnen.
Wenn der Vorsitzer bereits mit einer breiten Lage entspricht, so stellte dieses neue Monovolumen noch eine breitere Innere Raum vor.
Dadurch sind wiederhergestellte Mechaniken, die die Verstärkung des Verhaltens erhöhen und es ermöglichen, mehr Kraftstoff zu erreichen.
Evolution vor Revolution.
Das ist die zweite Generation des Honda Jazz.
Obwohl der neue Jazz eine sehr ähnliche Linie mit dem Modell vorläuft, die in diesem Monovolum eingeführte Änderungen sind zahlreich.
Inzwischen kann ein innovatives Design, eine neue Plattform, größere Dimensionen und neue mechanische Dimensionen beachten.
Vor der Analyse des neuen Modells müssen jedoch darauf hingewiesen werden, dass diese neue Jazz sechs Jahre nach der Einführung der ersten Generation in den Markt kommen wird.
Daher ist eine erste Bemerkung, dass Honda dieses Modell in einer kurzen Frist erneuert hat als die Mitarbeiter von anderen Herstellern.
Obwohl in Europa weniger bekannt ist, ist Jazz in anderen Märkten das Modell ein Verkaufsphänomen.
Dies ist der Fall in Japan, ein Land, in dem Jazz im Jahr 2002 die größte Auto war und in diesem Jahr 2008.
Sogar in Japan haben sie seit der Lanceung etwa eine Million von Jazz einheiten verkauft.
Der zweite Markt war der älteste Container, mit etwa halb Millionen Einheiten in sechs Jahren.
Honda betont jedoch, dass diese neue Jazz die Verkäufe innerhalb des Segments erhöht werden können.
Da die japanische Signatur 2007 eine 83.000 Einheiten von Jazz verhandelte, stieg die Bewertungen in 2009 auf 100 000 Autos, wobei 17% auf dem europäischen Markt wachsen würde.
Im Hinblick auf den spanischen Markt hat Honda seit 2002 8 000 Einheiten von Jazz verhandelt, was 6,7 % der Gesamtverkäufe in Honduras in Spanien auf 6,7 %.
Im Hinblick auf die neue Generation warten die Beamten der spanischen Tochter auf, 2.000 Einheiten von Jazz in einem Gesamtjahr zu verkaufen.
Insbesondere wird Honda die Verkaufsabwehr in Spanien in der Lage sein.
Die Markierungsbehörden warten auf das Jahr mit einer Gesamtmenge von 22,000 Handelseinheiten ab, was im Jahr 2007 weniger als 4,000 weniger als 16% beteiligt ist.
Ungeachtet dieser Erhöhung in den Honda-Verkäufen hat seine Marktanteile in Spanien gestiegen, wobei 1,8 % im vergangenen Jahr um 1,6 % erreicht worden ist.
Auch die japanische Signatur erwartet im Jahr 2010 auf 2%.
Um dieses Honda-Kalender zu erreichen, vertraut es sich an die Ankunft eines neuen Modells.
Es ist Insight, ein Hybrid von fünf Türen und der komplexe Größe - 4,37 Meter lang - von dem die Nionische Firma wartet, rund 200.000 Einheiten pro Jahr in der ganzen Welt.
Auf den Markten und nach den Bewertungen des japanischen Herstellers wird 50 % der Insight-Verkäufe in den Vereinigten Staaten erzeugt, während der restlichen Prozentsatz zwischen dem Alter der Insight und Japan ausgeteilt wird.
Der Handelsaufgang der Insight wird für die ersten Monate des Jahres vorgelegt, sobald sie im Januar in Valencia gestellt wird.
Im Hinblick auf die erste Generation wachsen die neue Jazz in allen seinen Kataten.
Die Länge liegt bis zu 3,90 Meter (5 Zentimeter mehr), die Breite bis zu 1,69 Meter (2 Zentimeter) und die Abstand zwischen Ecke bis 2,50 Meter, was eine Erhöhung von fünf Zentimetern betrifft.
Die Höhe dauert in der Regel nicht weg und bleibt in den 1,52 Metern.
Der Rat zur Erhöhung der Größe stieg auch innere Lage.
Diese Gewinnung ist von einer Seite zur Einbeziehung eines neuen Plattforms und andererseits zur Einführung des Brennstoffes in die zentrale Position eine Lösung, die in der früheren Jazz angenommen wurde.
Auch die Kapazität des Malters, das mit einem doppelten Fondssystem berücksichtigt, nimmt bis zu den 399 Litern, 19 Litros mehr Kapazitäten der ersten Generation.
Diese Maßnahmen sind von der Version mit dem Motor 1.4, da die Kapazität des Honda Jazz 1.2 ist 379 Liter.
Sonstige Verbesserungen - Neben externen Elementen wie Schnittleiter oder die Möglichkeit, den Panorama-Cristal zu erreichen - ist ein besseres Zugang zu hinteren Platten.
Und es ist, dass die Türen auf der zweiten Fläche einen offenen Ton von 80 Grad präsentieren, gegenüber den 67 Grad des ersten Jazz.
Auch die Motoren in dieser zweiten Generation von Jazz sind neu.
Dieses kleine Modell wird am Beginn ihrer Vermarktung mit zwei Gasölpropulsatoren von 1,2 und 1,4 Litern enthalten.
Die beiden mechanischen Technologie i-VTEC, die ein kleines Konsum tragen, weniger Kohlenkohlenstoffe, eine exzellente mechanische Refinanzierung und gleichzeitig ein hohes Fahrzeug in der gesamten Motorregelung erreichen.
Die erste Mechanische von 1,2 Litros besitzt eine Fähigkeit von 90 Pferde auf 6,000 Revolutionen mit einem Höchstgewicht von 114 Nm. bis 4.900 Rotationen.
Dieser Propulsator - der vorher 78 Pferde 78 Pferde - einen Ausgaben von 5,3 Litern und eine 125 Grad CO2-Emissionen vorangebracht hat.
Im Hinblick auf den vorherigen Propulsor, der in der vorherigen Generation 83 Pferde dauert, ist jetzt 100.
Diese Jazz 1.4 von 100 Pferde verfügt über eine kombinierte Konsum von 5,4 Litros und 128 Gramm CO2.
Der "Abeja", der die Kollisions verhindert
Um die Entwicklung von Technologien für die Bekämpfung von Unfällen in Nissan zu erweitern, hat sich dieses Mal in der Natur, insbesondere in den Abfällen.
Die japanische Gesellschaft hat einen Robot geschaffen, der als Basis das Flug von Abeggen nimmt, vermiedent Unfällen.
Dies ist die Bio-mimetic Car Robot Drive, oder BR23C, die den ersten Schritt an Kohäsionsprevention Technologien vorlegt.
Ingenieurs des technologischen Zentrums von Nissan Motor Co. Diese kleine Robot in Zusammenarbeit mit dem Zentrum für Wissenschaft und Technologie erweitert, die von der prestigionale Universität Tokio in Japan erweitert wurden.
Gemäß Kazuhiro Doi, Generaldirektor für öffentliche Relationen und Forschungs- und Entwicklungsmanagement von Marca, wird der BR23C als Erweiterung des Nisan-Sicherheitsausschusses vorgelegt.
Dieses Robot will die Verstärkung der Fähigkeiten der Vereinbarung von Fahrzeugen der Marke zu verstärken.
Während ihres Fluges erzeugt jedes Abeja seinen eigenen persönlichen Raum mit unbarmherzigen Formen, die dem Nisan-Sicherheitsschul scheinen.
Aber das wichtigste ist die Augen der Abeik, die mit einem Auge von mehr als 300 Grad in allen Richtungen sehen können, was es ermöglicht, ohne Verzögerung in ihrem eigenen persönlichen Raum zu fliegen.
Um diese visuale Funktion zu erreichen, haben die Ingenieure bezeichnet, was ein Laser Range Finder genannt hat.
Dies beinhaltet die Hindernisse, die bis zu zwei Meter von Abstand innerhalb von 180 Grad vor dem BR23C gefunden werden, bewertet die Fernsehigkeit bis zu diesem Objekt und schickt ein Zeichen an einen Mikroprozeß-Prozessor, der sofort in die Prevention übersetzt wird.
"Wenn man einen Hindernissen entdeckt, folgt der kleine Roboter den Bewegungen einer Abgeordneten an und ändert sofort die Richtung, indem sie sich in der richtigen oder größeren Anlage um die Klinik verhindern.
Die größte Unterschiede mit jedem bestehenden System ist, dass die Evationsmanapulation vollständig instinkt ist.
Wenn es nicht so wäre, würde der Robot nicht mit schnellem Reaktionen reaktionieren, um die Hindernisse zu vermeiden", erklärt Toshiyuki Andoh, Leiter der Mobilitätsarbeiter und Hauptinhouder dieses Projekts.
Im Gegensatz zu einer Absturz kann der Roboter nicht nach oben oder nach oben oder in Diagonal verschwinden werden; nur in zwei Größen und in die Richtung, die Sie ihre Straßen rund umsetzen können und nicht in unendlichen Adressen und Weisen wie Abeike.
Deshalb hat Nissan eine Rotationsfunktion verwendet, außer der Geschwindigkeit und der Verschwindigkeit, damit der kleine Robot die Kollegen nicht verhindert.
"Dies Gerät muss nur jede Sekunde Informationen verarbeiten und nach diesen Daten handeln.
Sie müssen keine Informationen noch intuitives Logik von früheren Maniobras speichern, sodass Sie weiterhin mit nur ein paar Speicher-Zeichen funktionieren können.
Das könnte überrascht werden, aber wir reden nicht über Gedächtnisse, auch nicht über Mega."
Dies ist der erste Schritt für die Entwicklung neuer ständiger Kollisionsverhütungstechnologien, eine Technologie, die Nissan Vaticina in die Seriewagen innerhalb von zehn Jahren eingeführt wird.
Der Robot nutzt Lithium-Polith-Base, die leichter sind und dauern mehr als die Vielfalt der Lithium.
Eine weitere künftige Anwendung dieser Technologie könnte die Integration der Einheit mit einem Satellitenschifffahrzeugsystem sein, um den Fahrer zu führen und die Hindernisse auf dem Weg zu vermeiden.
Dauer vor Hypothekaris
Es ist festzulegen, dass der Ministerium des US-Teams, außerdem für Injektionen sehr leicht ist, ist es nicht ein Gefühl von Motoren.
Vor der Krise, und um zu vermeiden, dass die Vereinigten Staaten in den grundlegenden Hypotheken in den gefährlichen Lösungsbanken gepackt werden, haben sie einen Einsatz und Informationsspiel für den Browser geschaffen: 'Bad Credit Hotel'.
Oder das Hotel der bösen Kreditleute... oder der Lügen.
Das thermische Aspekt dieser Wohnung und insbesondere Ihres Empfängers ist zu denken, dass sich ein, zwei und bis dreimal zu denken, wenn es eine Kreditzeit ist.
Und vor allem, wo es zu tun ist, was wahrscheinlich sein Ziel ist.
Dies ist, dass sie nützliche Informationen haben, aber wenig detaillierte.
Es ist mehr als eine Seite für Jugendliche als für alle Öffentlichkeiten.
Was ist, wenn das Spiel abgeschlossen wird?
Weil es sich ein Schlafzimmer innerhalb des Hotels erscheint.
Es ist etwas, weil wir ein besseres Haus kaufen und nicht reden...
Morgan Stanley Verkaufte Teilnahme an Japaner MUFG
Morgan Stanley hat die Eingabe in ihrem Kapital von Mitsubishi UFJ Finanzgruppe (MUFG), der erste japanische Bank, die neun Millionen Dollar verabschiedet, um 21 % des Kapitals zu gewährleisten, eine Nachricht, die mit einer starken niedrigen Bettung in der Tasche angenommen wurde.
Nach einer Woche nach einer vorläufigen Vereinbarung erklärten beide Banken, dass MUFG 9,9 % der üblichen Aktionen Morgan Stanley auf den Preis von 25,25 Dollar kaufte oder eine Betrag von 3 Milliarden Dollar.
Der geregelte Preis ist bis zum 31. August weniger als 19 % des Rechnungswertes der Titel.
MUFG wird 6 Milliarden Dollar investieren mit dem Käufer von Umstellungstiteln, was eine Leistung von 10 % und einen Umstellungspreis von 31,25 Dollar gewährleisten wird.
Morgan Stanley schrieb, dass die globale Operation als Basis einen Preis für eine Maßnahme von 29 Dollar, oder es wäre 28 % über ihre aktuelle Veränderung.
Morgan Stanley-Aktion verlor jedoch 6,79 % bis 23,07 Dollar jeden um 17:00 GMT.
"Dies strategische Partnerschaft ist eine wichtige Möglichkeit, die Übergang von Morgan Stanley zu beschleunigen, nach dem Bankenstand", erklärte Johannes Mack, der Generaldirektor der amerikanischen Gruppe.
Morgan Stanley hat dieses neues Statut im vergangenen Wochenende angenommen, was ihm zu ermöglichen, seine Tätigkeiten zu diversifizieren, aber er geht unter der Behörde der Bundesreserve.
Ihre Partnerschaft mit MUFG bestätigt auch, dass die gegenwärtige Finanzkrise die größten Namen von Wall Street ein viel kluges Verhalten nimmt als vor.
Die vergangenen Modalitäten zeigen ferner, dass das Abkommen in den letzten Tagen geändert wurde: der vergangene Mond hat Morgan erklärt, dass er bis zu 20 % seiner japanischen Aktionen für fast 8,5 Millionen Dollar verkaufen würde.
"Voll eine Woche, erklärte ich in Tokio Toshide Mizuno, der Exekutivdirektor der MUFG, "denn die Beteiligung nur von regulären Aktionen gegründet wurde.
Aber im Augenblick auf die gegenwärtige Wirtschaft und Marktlage wollten wir die Risiken minimieren und uns abdecken. "
Auf der Grundlage des gezahlten Durchschnittspreises wird MUFG seine Titel Morgan Stanley auf 7 % unter seinem Rechnungswert bezahlen.
Die Operation wird durch eine Delution von rund 20 % des Vorteils übersetzt.
Die Vereinbarung sieht vor, dass MUFG innerhalb eines Jahrs die Hälfte ihrer Besten in regelmäßige Aktionen verwandelt werden kann, wenn sie über 50 % des Umsatzpreises um mehr als 47 Dollar oder weniger als für einen bestimmten Zeitraum verkaufen.
Morgan Stanley gewährleistet, dass die von MUFG gelieferten Kapitale ermöglichen werden, Investitionsmöglichkeiten zu kooperieren, ihre Bilanz zu verstärken und ihre Liquidität zu erhöhen.
Es wurde jedoch eine Gruppenübertragung verweigert, genaue Beschlüsse über die strategische Projekte der beiden neuen Führer zu geben.
Nach der Investition von MUFG sollte Morgan Stanley eine Lösungsratio Tier One näher 15 % zeigen, eine der besten Sektoren.
Morgan hat von Ende August von großem Gleichgewicht beschäftigt.
In den letzten Wochen wurden für die Gruppe ausgerottet, die sie mit dem Halbschwächen in die Hälfte hinuntergewiesen hatte, während die Sicherheitskosten gegen ein Risiko von Defektionen auf ihrem Schulden abwehrten.
Dies erfolgte aber im vergangenen Monat auf einem hohen Niveau von etwa 12 %.
In der Vergangenheit, Goldman Sachs, der einzigartiger "Überwachung" der großen Investitionsbanken von Wall Street nach den Bear Stearns und Lehman Brothers und dem Kauf von Merrill Lynch erkündigte 15 Millionen Dollar in Berkshire Hathaway, die Warren Buffect-Gruppe.
Rafael Correa in Quito, dieser Mond.
Die Revolution um den Sozialismus des 21. Jahrhunderts wiederholen.
Dies ist das gemeinsame Projekt des Venezoliens Hugo Chávez, des Bolivians Evo Morales und des Equatoriums Rafael Correa.
Dieser Donnerstag, zum Beispiel Ihre Kollegen und Freunde, ist der dritte, der für eine neue Verfassung ein Projekt erläutert hat.
Die Abgeordnete Mission, da 64 % der Wahlbehörden dem Referenz nach den offiziellen Ergebnissen auf 80 % der Säuglinge gestimmt hatten.
Gemäß diesen Ergebnissen wurden die "nein" 28 % erzielt, dass 7 % der Säuglinge nukle Stimmen waren, und 0,7 % waren weiß.
Um den Verfassungsvorhaben zu erlassen, sollte die Hälfte der mehr Einheiten erreichen.
Am Donnerstag wurden zwei von der Ausfuhr der Wahlzentren und einer Erfüllung von einer Nichtregierungsorganisation ein umfassendes Erlebnis für "Sie", nachdem es zwischen 63 % und 70 % gemeldet wurde.
Rafael Correa war außerdem am Sonntag des Sonntags überlebt worden.
Die "Konstitution triunzte spannend ", war gewährleistet, mit den Equatorikern, die die Regierung von Guayaquil, 280 Kilometer im Südwesten von Quito zu erleben.
Also wurde Rafael Correa von Chávez und Morales begrüßt, aber auch von ihrem chinesischen Kollegen Micaela Bachelet.
Die Wahlen, die nach der Beobachtung der Organisation der amerikanischen Staaten (OEA) vollständig entwickelt werden werden, um einen Text von 444 Punkten zu erreichen, der das "neuer Sozialismus" von dem Präsidenten konsolidiert wurde.
Das Projekt der Verfassung betrifft die Erhöhung der Macht des Staates über die Wirtschaft, indem sie die "Entwicklungsplanung " eines Lands, das wesentlich von der Ausnahme von Pestilenz durch Ausrüstung von Ausländern und Verteilungen über ihre Migranten leben.
Im Jahr 2006 wird das Vorhaben des Staatsleiters von Kore erteilt, das bis zu zwei konsequenten Gebote jedes vier Jahre jeden und die Möglichkeit, die Veranstaltung der Versammlung zu erleichtern.
Correa hat bereits angerufen, dass er diese Macht nutzen würde und im Februar 2009 ein neues Mandat vornehmen würde.
Die Verfassung verstärket ferner das Grundsatz der Dankbarkeit der Gesundheits- und Bildungsdienste, die der Präsident begann, 13,9 Millionen Einwohner in diesem Land einzurichten, in dem 50 % der Bevölkerung unter dem Schatten der Armut leben wird.
Der Verbot der Beitritt von Ausländern wird endlich ein Ende des Abkommens zwischen Quito und Washington für die Verwendung eines Equatorian-Basisspunkts der amerikanischen Antidrog-Arbeitstätigkeiten beenden.
Die 19 beschützten Personen wurden in Chad freigegeben
Ein ägyptisches Beamte legte die Anstrengung gegen die Flüchtlinge der elf Touristen und ihre acht gefangenen Mitarbeiter vor 10 Tagen.
Sie sind im Kairo.
Die elf europäischen Touristen und ihre acht beschäftigten Ägypter wurden vor 10 Tagen in der Wüste in der ägyptischen Kapitäne nach dem Mond freigelassen.
Am Morgen waren sie von den besonderen ägyptischen Kräfte in Chad freigegeben.
Sie hatten alle einen guten Aspekt auf ihrem Ankunftsbereich 15:30 auf dem Bord eines besonderen Flugzeugs auf der Militärgrund von Al Maza, der dem internationalen Flughafen von El Cairo angeht.
Einer der Helicópter führten sie sofort an das Krankenhaus von Maadi, ein Wohnsitzhaus des Kairo, um medizinische Prüfungen unterrichtet zu werden, so dass sie nicht mit dem Presse sprechen konnten.
"Sie sind gesund", und "Nicht bezahlt es den Verwaltern", erklärte in dem Flughafen Minister des ägyptischen Tourismus, Zoheir Garana.
Am 19. September fielen diese Befestigungen in Kraft von 35 unbekannten Sequenzen, während sie in einem Sauerteig in einem ungewöhnlichen Gebiet auf dem Berg Uanat, in den Grenzen Ägyptens, Sudans und Libyen genießen, und von dann von einem Schwefel zu einem anderen.
Die Gruppe wurde von elf italienischen - fünf, fünf Deutschen und einem ruman- und acht Ägypter integriert: zwei Leitlinien, vier Käfer, einen Grenz-Bürger und der Leiter der ägyptischen Reisagentur, nach der Organisation der Safarer.
Eine ägyptische Verantwortung für die Sicherheit zeigte, dass 30 Mitglieder der Sonderkräfte, die auf einem Bord von zwei Helikoptern befördert wurden, während des Abends vor dem Baum eingesetzt wurden.
"Ein Austausch von Schäden wurde erzeugt, und sie töteten die Hälfte der Bewaffner, die andere flohen", sagte der Verantworter, der den Anonym bewahrt hatte.
Nachdem er 150 Mitglieder der ägyptischen Sonderkräfte der Einheit "Relampago" in Sudan sandte, wo sie mit der Unterstützung der deutschen und italienischen Befehle beteiligt wurden.
Der Minister für Auswärtige italienische Angelegenheiten, Franco Frattini, berichtete in Belgrad die Rolle, die von geheimen Akteuren und von Mitgliedern der besonderen italienischen Kräfte gespielt wurde.
"Sie müssen erkennen, dass wir diesen Ergebnissen dank des Berufismus und der Effizienz unserer Männer der Geheimdienste von Sonderkräften erzielt haben", erklärte er, ohne Einzelheiten zu melden.
Darüber hinaus löste er die Zahlung eines Erwerbs ab.
Die Vizepräsidente bestätigte die Sudaner Armee, die während eines Pilgrims ein Allerhändler auf dem Bord zu akzeptieren, von denen sie sechs ermordet hatte, unter ihnen der chadian Fürst, und blieb zwei.
Er bestätigte außerdem, dass sie mit einer verletzten Gruppe von Darfur, die Bewegung für die Liberalisierung von Süd-Unity (SLA-U), eine unverzüglich von dieser Gruppe bestätigt wurde.
Schriften - Ruhe der Kultur
Eine Debatte über die Finanzierung der Kultur macht die Manche und beschäftigt die gegenwärtige Wahlkampagne.
So ist es besser.
Aber ein kulturelles Sektor ist immer vergessen.
Wer wird aufstehen, um die Bedrohungen zu bekräftigen, die kleinen Museen, Dateien, archäologischen Excavationen oder die nationalen Geschichten, die Hunger sterben?
Welche politischen Anstrengungen wird sich an die Bundesregierung erinnern, die seine Gemächte und ihre Erbhausbaue entdeckt?
Warum haben wir keine wahren Gesetze, die unsere Erbe wirklich wie in Kanada und Quebec bewahren?
Wussten Sie, dass die französische Regierung drei Millionen Euro und Mitte, um nur das Chino-Kabel im Loira-Ball zurückzuholen?
In den Vereinigten Staaten heißt es in ihrer Verfassung, dass die Erbeschutze Teil der Kultur der Vereinigten Staaten sind und dass dieses Erbteil von allen Bürgern, allen erwählten und allen Regierungspartementen geschützt werden muss, und das alles in Koordinierung ist.
In Quebec, in der Föderation der Geschichtesgesellschaften von Quebec, zumindest 40 000 revolutionierten Menschen in 211 Geschichtesgesellschaften, Erbesserung, Dateien und Genalogien suchen sich in der Geschichte, mit wenigen Geld von privaten Dateien aufbewahren und archäologischen Kleidungen aufbewahren.
Dies sind die Hunde, die unseres Erbes beobachten, die mit Energie und Unvermeidung protestieren, wenn Promotoren und Verantworter ihre Balldoker gegen unsere alten Steine und unsere vergessenen Zehnten laufen.
Wann ist ein Gedächtnis für die Geschichte und das Erbe?
Die Regierungen der Niederlande sind ein Teil der Fortis Bank.
Die Niederländischen Staaten, die zuerst in Europa sind, werden mit einer nationalisierung des belgischen Holandischen Banken beitragen, die sich im Hinblick auf die Auswirkungen der Hypothekischen Marktkrise des Nordamerikanischen Landes beitragen: Die drei Länder werden mit 11,2 Million Euro für diese Finanzinstitution und Versicherungseinrichtung in Ungarn unterstützt.
Diese Wochenende haben die Regierungen Belgien, Luxemburg und Holland auf höhere Ebene Konsultationen mit dem Präsidenten der Europäischen Zentralbank und dem Verantworter der Wirtschaftskompetenz der Europäischen Kommission übernommen.
Die Fortis Bank ist der erste, der die Krise der Eurozone im Rahmen der internationalen Finanzkrise, die in mehreren Oliven vor mehr als ein Jahr erzeugt worden ist, so dass die Beschlüsse der Bank in bestimmtem Sinne als früher berücksichtigt werden können.
Gemäß der am Donnerstag angenommenen Entscheidung kaufen die drei Mitgliedstaaten etwa die Hälfte (49 %) des Eigentums der Bank in ihrem Gebiet.
Die Bank mit der ganzen Sicherheit verkauft einen Teil ihrer Geschäfte, unter anderem die Tätigkeiten – die im vergangenen Jahr des holländischen ABN-Amerikas verkaufen.
Die Aktionen des Fortis haben in der letzten Woche einen starken Rückgang begonnen, und für die zweite Hälfte der Woche waren bereits wichtige Krisezeichen in der Institution.
Allerdings sind die Analisten darauf hingewiesen, dass mit ihren 85 000 Mitarbeitern diese Bank zu groß ist, um es zu gewinnen.
Die Unternehmensaktionen sind nur der Viertel von 12 Prozent verringert, da dies in den letzten 14 Jahren geringer ist.
Seit Januar hat der Wert der Aktionen mit mehr als zwei Dritte verringert.
Die derzeitigen Preise der Aktionen beobachten, ist der Gesamtwert der Gruppenkapazität auf dem Markt rund 14 Millionen Euro, aber nach den Ausübungen des Unternehmens ist diese nicht real.
Die Leitlinie der Bank betrug die vom Fortis-Aktionen auf die Unsicherheiten des Nordamerikanischen Marktes im Hinblick auf die Annahme des amerikanischen Paketplans von 700 Milliarden Dollar.
Die Aktionen zeigten bereits eine leichte Erhöhung.
Am Donnerstag wurden Philp Dierckx als neue Generaldirektor der Bank ernannt.
Die Bank besuchte auch besondere Anleihen, aber bisher hat niemand ein konkretes Angebot gegeben.
Die belgische Regierung hatte bereits sichergestellt, dass die Inverstoren keine Sorge haben, sondern ihr Geld verlieren würden.
Bei den Kunden der Bank wurden bisher keine Pánike erzeugt, die Banken nicht in die Banken verpflichteten, um ihr Geld zurückzuholen.
Der Fortis hat seine eigene Unterkünfte in Ungarn und hat auch Liasing-Unternehmen gekauft.
Schwefel in der Galllinie
In den Vereinigten Staaten verabschiedet sich die Daten des Arzneimittels, die einen Versicherungsvertrag unterzeichnet haben.
Die Spezialisten der Privatsphärepolitik befürchten, dass der Markt der personenbezogenen Daten unkontrolliert werden wird.
"Es gibt ein Programm für den Schutz personenbezogener Daten, der für die Verwendung der Daten von Rezepten in allen Fällen zugelassen wird.
Dasselbe muss in unabhängigen Händen sein, denn wenn nicht, "vertrauten wir die Eisenbahngalinie" - Zeigt Washington Post an Richard Dick, dem Überwachungsprogramm für medizinische Reaktionen.
Die Versicherungsgesellschaften abhängigen den Preis der Versicherung und der Ausgleichsbeträge des Kundenversicherungszustands und, wenn sie glauben, dass das Risiko übermäßig ist, sofern sie nur nicht den Vertrag beantwortet.
Sie schickten früher an den medizinischen Kontrollen und unterzeichneten den Vertrag mit ihm, weil sie den Ergebnissen der Kontroll bestätigt hatten.
Vor zehn Jahren hat Dick ein viel barmherziger Verfahren eingestellt: Mit der Kundenidentifizierungsnummer erfolgt die Liste von Arzneimitteln, die im letzten und innerhalb des Jahres erworben wurden, und das Programm führt die Schlussfolgerung über die Krankheiten und Gesundheit des Kundens.
Wenn Sie zum Beispiel eine systémische größere Packungsdosis für Kohle zu verringern, beachten Sie, dass der Fettniveau im Blut fast unsicherheitsgemäß ist, sodass sie sofort in eine höhere Risikokategori einschließt.
Einige zahlreiche Versionen des Programms werden auch eine Reihe von Risiken festgesetzt, so dass die Versicherungsgesellschaft außerhalb der Behörde etwas zu tun hat, obwohl es kleine Schwierigkeiten gibt.
In den Abfällen des Programms gibt es zum Beispiel, dass einige Arzneimittel Multiplikationen, z.B. bestimmte Substanzen, sowohl zum Behandeln von Kopf als auch für Wärme und auch Antidepresenten, dienen.
Dies ist ein wichtiger Risikozunahmefaktor für die Versicherungsunternehmen, während die ersten nicht.
Es wurden spezielle Unternehmen zum Besuchen und Verarbeitung dieser Daten eingesetzt, die vor der Erwerb von Arzneimitteln die erforderlichen Informationen erfordern, um den Patienten zu akzeptieren.
Die Behörden verpflichten sie bereits, obwohl sie bisher nicht viel über die Unannehmlichkeit erhalten haben.
Einige Gesellschaften werden zuletzt auch die Ergebnisse der Laborsuntersuchungen erstellt und die Daten über Arzneimittelverbrauchsinformationen über die Gesundheitszustand des Patienten erhalten.
Jede mehr Firma hat Zugang zu diesen Daten und gleichzeitig ist immer schwieriger, ihre Verwendung zu überprüfen.
Es gibt außergewöhnliches Recht für den Schutz personenbezogener Gesundheitsdaten, aber nur für Sicherheitsunternehmen und Gesundheitsdienstleistungen gilt.
Es ist bereits vor dem Congress das Gesetzentwurf, das die Behörde für die Kontrolle der speziellen Unternehmen für die Vergabe personenbezogener Daten rechtsetzt.
Dick Richard erkennt, dass das unzureichend ist. Daher hat ihr Programm entwickeln, das die spezifische Genehmigung der Person für seine persönlichen Daten erfordert.
Es ist eine andere Frage, dass diese Person nicht seine Annahme verleugnen kann, denn wenn nicht die Versicherungsunternehmen mit ihm nicht unterzeichnet werden.
Daher sind die Gallinen, obwohl sie alle, dem guten Wunsch des Eises ausgedrückt.
Gesamtmenü von Marsella
Die Europäische Union beeinträchtigt den Handel mit Indien
Wie die Europäische Union und Indien zusammen mit Handelspartnern sind, hat diese Themen hauptsächlich die Tagesordnung der neuner Summe beschäftigt.
Heute wird auch ein französischer Indisches Summe stattfinden, um die Zusammenarbeit in der Kernergie zu behandeln.
Obwohl die Europäische Union anerkennt, dass Indien eine große Demokratie für die Entwicklung ist, die in internationalen Angelegenheiten stärker Stimme und Stimmen haben sollte, aber die Mitgliedstaaten haben noch nicht ein gemeinsames Namensgemeinde erreicht, ob New Delhi als ständiger Mitglieder des Sicherheitsrats der Vereinten Nationen unterstützt werden sollte.
Diese Frage wurde in der neunzehnten Abgeordneten in Marsella angefangen.
Der französische Präsident Nikolas Sarkozy, Präsident der EU, José Manuel Barroso Präsident der Kommission und Javier Solana, der Hauptpräsident der Außenpolitik, erhielten Manmohan Singh, Ministerin Indiens, mit dem sie in fünf Jahren einen Vereinbarkeitsabkommen erzielten, d. h. mehr als hundert Millionen Euro, ihr Handelsaustausch.
Da die Warenaustausch zwischen dem Jahr 2000 und 2007 von 25 Millionen und 55 Mio. stieg, ist das nicht ein umfangreiches Ziel überraschender Ziel.
Daher haben die zwanzig bilateralen Vereinbarungen von Zivilluftfahrzeugen mit Indien rechtfertigt, so dass der Luftverkehr auch in Zukunft fliegen kann.
Indische wird bis Ende 2009 den freien Handelsvertrag mit der Union unterzeichnet.
Sarkozy hat die Verhandlungen zu beschleunigen.
Das Ziel ist das Gleichgewicht, denn die EU ist der erste Handelspartner in Indien, New Delhi nur im neunzehnten Platz zwischen den Handelspartnern der Union.
Die Erfüllung hat sich auf die globalen Angelegenheiten bemerkt.
Die beiden Parteien verurteilten die afrikanischen, Pakistani und Terrorismus - alle Arten dieses letzten -- und haben die Zusammenkünfte einer Vereinten Nationen vorgenommen.
Auch die Schlussfolgerung des Handels Liberalisierungsrahmens von Doha wurde beschäftigt, obwohl beide Parteien in ihrer Fraktion große Verantwortung haben.
Die EU bekräftigte, dass ihre Energie- und Klimaprogramme entspricht, d. h. bis 2020 die Verunreinigung von verunreinigen Emissionen zumindest mit 20 % zu verringern.
Indizes ist auch in diesem Zusammenhang, wie auch in der nächsten Jahreskonferenz auf dem Klimakonferenz zu einem globalen Abkommen zu erreichen und um 2050 zu verringern, um die Gasproduktion zu verringern, die mit Wintereffizienz beeinträchtigt werden.
Sie wollen außerdem die Erhöhung der Lebensmittelpreise beeinträchtigen und die Aufhebung einer internationalen Konferenz zur Überprüfung der Finanzkrise unterstützten.
Heute wird der Indische Regierungsleiter auf die französische Kapitäne reisen, wo - in einer bilateralen Zusammenkünfte - ein Abkommen über die friedliche Verwendung der nuklearen Energie unterzeichnet wird.
Ich glaube, daß die französischen Unternehmen einen Wert von zwanzig Millionen Euro für Kernreaktoren erhalten werden.
Gemäß der Informationsagentur wäre die Vereinbarung für einen 15-jährigen Zeitraum.
In Frankfurt mehr als dreihundert italienische Editoren
Es war der Anwesenheit der italienischen Editoren an dem internationalen Bezeichner des Frankfurts.
Die italienischen editors werden mehr als dreihundert, die auf der 60. Edition der Buchmasthe präsentiert werden, den wichtigsten internationalen Austausch für den Austausch von Rechten.
Die internationale Probe des Frankfurt-Buchs wird für diese Ausgabe mehr als 7 Milliarden Exponenten von 102 Ländern erwartet, die die 171,790 m Quadrat von dem Sample mit mehr als 403 000 Titer in Ausstellung und Türkei als Ehrengeber beschäftigt werden.
Der Untersekretär des Ministeriums für kulturelle Güter und Aktivitäten wird Frankreich Maria Giro vertreten, die italienische Regierung in der italienischen Inaugurierungszwecke zu vertreten: Italien wird mit einem italienischen - 264 Meter hochwertigen Raumeintritt.
Es wird eine Treffen mit der Szene im Strukturraum im 5.0-Paket des Buches folgen: Dies ist die Gelegenheit, Zahlen, Trends und Perspektive zu dem Zustand der editoriellen in Italien vorzulegen.
Gemäß den Daten wird das Gewicht der Bücher ausländischer Autoren länger auf den Gesamten der italienischen Produktion, insbesondere für Erwachsene und Jugendliche.
Ich fand den Flugzeug von Steve Fossett, der vor einem Jahr verschwunden wurde.
Die Reste des Flugzeugs von Steve Fossett wurden gefunden, das Millionär, das am 3. September 2007 verschwunden wurde, während er auf der Wüste Nevada floß.
Die Schüler wurden auf einem Höhepunkt von 3000 Meter hoch, in der Zone der Nevada-Sera Mammoth Lakes, im Grenz zwischen Kalifornien und Nevada, gefunden.
Innere des Flugzeugs hatten keine Menschen.
Kommissar Madera County, John Anderson, hat die Zweifel, die noch noch waren: "Der Flugzeug wurde gelegen, haben wir eine Schuld geschickt, und jetzt haben wir die Bestätigung, dass es sich selbst um diejenigen zu tun, die Steve Fossett den Tag seiner Entfernung fliegt", sagte in einer Sterne Konferenz.
Der Kommissar hat festgestellt, dass keine Menschenbestände noch im Flugzeug noch in der Umgebung gefunden wurden.
Die Millionary, 63 Jahre, wurde im Februar tot.
Die Amerikanische Verkehrssicherungsstelle (Ntsb) hat erfahren, dass einige Stunden nach der Abschaffung der anderen Flughäfen eine Forschungsschule, die das Gerät identifiziert hat: es ist eigen von Belgien 8kcab, ab dem 3. September 2007, als Fossett von Yerington von Nevada von drei Stunden geliefert wurde.
Heutzutage in Kalifornien, nicht fern mit Nevada, einige persönliche Reste von Fossett wurden von einem Paar in der Nähe Ihres Hauss von Mammoth Lakes gefunden.
Es handelt sich um zwei Dokumente mit Namen Fossett, die beiden von der Bundesanwalt-Aviation Illinois, leistungsfähigen Geld und eine Suddie ausgestellt werden.
Die Fossett-Suchung wurde ein Monat nach ihrer Enttäuschung unterbrochen.
Das Milliarden wurde in der Geschichte ein Standort gekauft, dank einer längeren Vielzahl von Privilegien.
Im Sechsten Versuch wurde im Jahr 2002 in den ersten Menschen um die Welt umgesetzt, in einem Luftfahrzeug zu erfüllen: zwei Wochen von Flugzeug.
Drei Jahre später hatte die Welt in Flugzeug und ohne Skalen gemacht.
Unter ihren Rekorden ist auch der, weil er auf 15,445 Meter hoch fließt, über die Andes, aber mit einem Kuppler.
Glk, die Werbung, die du nicht warst.
Ein Zug außerhalb der Skalen mit einem ursprünglichen Design und mit bestimmten Linien und Wänden festgesetzt.
Dies ist, in Syntesis, der letzte Geburtsort Glk zwischen den Flüchtlingen alle "kompatibel" Felde des Sternehauses, mit dem Mercedes-Benz ein neues Fenster in diesem Sektor gesucht hat.
Im Hinblick auf den Inhalt außerhalb des traditionellen Inhalts wird es unerwartet und nicht konventioniert, die Mitteilung, die die Startung von Suv Glk, in den Ausstellungsraumen Mercedes-Benz von dem nächsten 17. Oktober erhältlich ist.
Die öffentliche Kampagne, die die Abwicklung des neuen Autos begleitet, wird durch eine 3D-Verteilungsmodell durch eine öffentlichen Kampagne, die in Italien zum ersten Mal durch eine Automobilisierungsmark verwendet wird.
Ein Projekt mit Maxi-Poster, das in drei verschiedenen Phase eingerichtet wird, der die zentrale Milaner Shoppingsstraße regiert, wie bis zum 15. November gelangt.
Die erste Phase dieser neuen Kommunikation beginnt mit der Präsentation des Autos in strategischen Version und dank von besonderen Darlehen, die in der Veranstaltung verteilt werden, Inwieweit es möglich ist, die neue Suv in fast realen und dreidimensionalen Größen zu sehen.
Wird das Bild tatsächlich beobachtet, wird das Druck, dass das Auto außerhalb des Posten ausgeht.
Daher wird durch die Verwendung der innovativen Elumine8 neue Glk in verschiedenen Zeiten in allen Details erleuchtet, um in einem einzigen Bild zu empfohlen.
Trotz Zweifeln von Mercedes mit dieser Werbung versucht es, etwas neues in die Automobilgesellschaft einzurichten.
Könnten wir die Interessen der künftigen Käufer sehen?
Es ist klar, wer die italienischen Hooligan sind
In dem Dritttag werden die Verbot des Zugangs zu Sportaufträgen gespielt.
Aber wer sind diese 150-200 Mädchen und Mädchen, von denen Italien jetzt schämt ist? Es gibt Teil der Gruppe "Italias", die seit Jahren die Nationale italienischen und derzeit nicht zu viel Probleme geschaffen hat.
Und sie hatten niemals mit den Figuren des Rivals gefunden.
Die Ausnahme der Gruppe ist rechts.
Die Promotoren kommen aus dem Drei.
Verona, Padova, Trieste und Udine.
Bei diesen Sofia wurden eine kleine Gruppe (eine Einheiten, tatsächlich) von Campagne und Apulien ersetzt.
Sie haben drei Farben, in denen die Stadt der Herkunft der Militärer erscheint: Samstag wurde am Abend ausgerottet, damit sie nicht identifiziert werden.
Sie ermuntern sich den Englischen.
In Bulgarien haben eine Gruppe von wahren Nazisthemen in der Levski gefunden.
Die Figc hat 144 Einträge für das Spiel zur Verfügung gestellt: alle mit den Namen, d.h. so schnell kontrolliert.
Und der Außenminister hatte sie bereits alle kontrolliert: unter denjenigen, die nach Sophia ausgegangen waren, gab es keiner mit einem Treppe (Verbot des Zugangs zuporalen Veranstaltungen) in diesem Moment, niemand, der ihm einen Satz verboten hatte.
Vier italienische Faktoren, die in den Stadiumstahl vorhergekommen waren, haben sie die Karte abgelehnt und auch die Reise abgelehnt.
Der Ministerium des Innerns wartet jetzt auf das Lesen von der blugarischen Polizei, um Maßnahmen zu ergreifen: In diesem Fall ist es möglich, den Aufgang (Verbot des Zugangs zuporalen Veranstaltungen) für fünf Jahre als Mindest für die Fachgruppen, die in den Vertriebenen erlassen wurden, oder für diejenigen, die in den Abhängigkeiten identifiziert worden sind.
Ein Verbot (Verhinderung des Zugangs zuporalen Ereignissen) ist international, der nicht nur die italienischen Stationen, sondern auch die gesamten Europas verstärkt.
Unsere Hooliganen werden nicht mehr in einem Stadium stehen.
Glückwunsch!
Aber jetzt ist es der Angst der Aussage: dass die wenigsten fünfzig, die anderen hinzufügen.
"Wir müssen diesen Feuer verfolgt und nicht gelöscht werden, wer in dieser Hinsicht handelt", hält das Ministerium.
Deshalb, "Goods gute offene" vor allem im Hinblick auf das Spiel der Nationalmärkte in Leche".
In Apulien gibt es auch ein kleines Teil von Ultra italienischen Unternehmern.
Morgen wird der Beobachtungsbeobachtungsbeobachtung, der Mittwoch auch mit einer Sektion von Aisen (Information- und Sicherheitsagentur, d. h. das Geheimdienst, das die Probleme in der Statistik beschäftigt).
"Die Kräfte von Duce-Duce und die aufgenommene Arme während des Winds von Mameli? In Bulgarien ist es nicht ein Urteil ...".
Dies ist die Denkweise (exprestiert wenig glücklich) von Donneriko Mazzilli, seit wenigen Wochen des Beobachters des Außenministeriums ( hat die Stellung, die vorher von Frankreichs Tagliend und nach Felice Ferlizzi war).
Mazzilli war der Chef der öffentlichen Sicherheit, in dem im Jahr 2002 ein Teil von Teilnehmern der Urras-Gruppe Italiens gegründet wurde.
Das ist wahr, wie Mazilli sagt, dass in Bulgarien nicht verletzt ist, den Dusche zu treffen, aber wenn die Verhalten von 150-200 fantastischen, die sich verwirrt haben.
"Ich mache nicht die Soziologe – füge Nr. 1 des Beobachtungsausschusses – die Reaktionen in den Ländern, in denen die Tatsache stattfindet.
Bis jetzt ist diese Gruppe gut verhalten worden, und wir werden es nun sehen, was passiert ist, und wir werden es für die Zukunft berücksichtigen.
Aber wir machen auch die Silbiden an Mameli-Salbten: Diese sind auch nicht ein Reaktum, aber wenn sie nicht von Bildung sind... "
