Der Gerichtshof der Menschen in Österreich: Insgesamt haben 29 %
Die beiden Parteien, die in der großen Koalition bestehen, und diese markierte Stärkung der Rechte-Rechtsparteien haben die ersten vorläufigen Ergebnisse in Österreich zu den vorläufigen Parlamentsauswahlen in Österreich geführt.
Das österreichische Volksspiel (EVP), in dem die Lage der gegenwärtigen Präsident Wilhelm Molterer ernsthaft ist, ist sofort besonders stark verliert.
Im Gegensatz zu den Wahlführern der Union für die Zukunft Österreichs (BZÜ), der Unterpredigt von Kärnten Jörg Haider, bereitet die Rückkehr in die nationale Politik.
Nach den vorläufigen Ergebnissen blieb der stärkere Teil des Landes demokratisches (SPAU) mit 29,8 % der Stimmen, die die letzten Wahlen im Jahr 2006 jedoch 5,5 % verloren haben.
Es war noch schlimmer für EVP, die mit 25,6% fast 9% Stimmen verloren hat.
Dies ist die schlimmere Ergebnisse dieser beiden großen Parteien in der österreichischen Geschichte der Nachbarstra und insbesondere das schriftlich katholische Ergebnis der Bevölkerung, die vorherige Wahlen erzielt haben.
Zunächst im Juli, als die ÖVP die Koalition verlassen hatte, hatten die Volksmenge in den Präferenzen vor SPAU einen bemerkenswerten Vorteil.
Aber die Wahlbeamter haben sie offensichtlich bestraft, weil sie die Regierung unterdrückt haben.
In den ersten Reaktionen auf die Ergebnisse gab es spekulationen über die möglichen Abgrenzungen des Vorsitzes des Parteisitzes, dem Vikanchair Wilhelm Monterer.
Die Beobachter sind der Meinung, dass es schon Sonntag in der Ausweitung der Direktion des Partis erscheinen könnte.
Diese Entwicklung sollte möglicherweise auf immer wahrscheinlicher Weg durch den Ausgang der Wahlgebühren erleichtern , d. h. zur Erneuerung der Koalition SPAU und EVP .
Im Hinblick auf die Stärkung beider Menschenrechtsparteien (FPAU) haben vorzeitig 18 % und die BZE die 11 % der Stimmen erzielt, aber die Sozialdemokratischen haben die Besorgung eines anderen 1999 beobachtet, wenn die Volksbürger mit den kollektiven Regierungen verabschiedet wurden (dass die FPUC noch im Jahr 2005 von der BZE gesammelt wurde) die Anleitung von Sanktionen durch die Europäischen Union zugeteilt wurde.
Auf dieser Entwicklung spielt man offensichtlich Haider, die bereits erklärt hat, dass es bereit ist, mit jedem Partei zusammenzuarbeiten und einen Rückkehr zu Vienna in die nationale Politik.
Im Parlament hat sich auch das Partei der Grünen eingebracht, was jedoch leicht unter den ausländischen politischen Parteien aus dem dritten bis zum fünften Platz verschwunden ist.
Keiner anderer Partei hat sich offensichtlich über die Stimmung von 4% überschritten und ist nicht in das Parlament eingegangen.
Schwarzenberg: Die Berichte mit Indien können rafrieren
Wenn es nicht möglich ist, das Problem mit den Tschechischen Wissenschaftlern zu lösen, die von der illegalen Versammlung der Schäden in Indien angeklagt wurden, würde der Minister für den Tschechischen Tschechischen Karel Schwarzenberg, eine gewisse Verabschiedung der Tschechischen Berichte in Indien erklären.
Der Minister erinnerte das in New York nach seiner Tagung mit seinem indischen Homolog Pranab Mukherjee.
"Wenn es sich nicht entschlossen hat, dann wäre es ein gewisses Verzweiflung" erläutert, wurde nach der Tschechischen Sitzung festgestellt.
Mukherjee, nach den Verhandlungen, sagte er, dass die Ausübungskraft unterschiedlich in die Rechtsakte eingeführt werden kann.
Er erinnerte jedoch, dass im Falle von Petr âvácha, die von der Verantwortung und Schuld mit einer Vielfalt bestätigt wurde, die zentrale Regierung mit dem lokalen in Dardjeeling verhandeln kann, was unter ihrem Urteil fallen.
"Ein Problem könnte auflösen", sagte der Minister.
Nach Mukherjee wäre es besser, um Emiil Kučera zu drei Jahre ins Gefängnis zu verurteilen, einen „Ulteren Abstand“ zu erinnern.
Dann kann man die Erlaubnis auf das Verständnis bitten und das Urteil in Freiheit warten.
Schwarzenberg hat bestätigt, dass sein Partner in den Verhandlungen gleichzeitig ausgedrückt hat.
"Empfehlt das Urteil des Gerichtshofs Maggior dann die Gnade zu erreichen", sagte der Chef der tschechischen diplomatiken.
Die einzige Möglichkeit, die die Tschechische Partei zu bekämpfen, ist die Verurteilung der "eine zuständigen Rechtshilfe" der indischen Minister zu gewährleisten.
Zugleich sagte er, dass eine solche Unterstützung bereits die indischen Partei bieten wird.
"Wir haben das größte Interesse, die besten Berichte zu bewahren, die seit vielen Jahren mit Indien übertragen werden.
Auch die Indischen verabschieden", sagte Schwarzenberg.
Gleichzeitig, wie er vor seinem Partner gesagt hat, betonte die Tschechische Republik eine große Bedeutung für die Probleme der Tschechischen Entomologie.
"Wir überzeugen wirklich einen tiefen Fehler der Erfolg und der Anklage dieser Tschechischen Wissenschaftler", sagte er.
Der Minister verpflichtete, die Anfrage zu beantworten, ob sie von indischen Partei die Versprochene beschäftigt hat, sich zu beschäftigen.
"Ich habe relativ so viele Verheißungen gewonnen", hat sie nur bemerkt.
Ein Tschechisches Gericht im Kampf für die Seefonds
Es nähert sich um die elektronische Karte auf der Mauer, auf dem Australien und die Adiacenten des Meeres bezeichnet werden.
Es ist aber nicht interessiert im Kontinent, sondern auf einen kleinen Punkt, der im Oceanischen blau verloren ist.
Die Insel gehört australien und ihr zusammen das Meeresbasis.
Der italienische Anwalt Luigi Santosuoss, der eine Team von 33 OSN-Arbeitsarbeiter für die Fragen von Ökonomien und Seerechtsfragen gehört.
Ihr Chef, der Tschechische Direktor der Division, Václav Mikulka, folgt seine Ausstellung und fügt so viel hinzu.
Ich nehme den Willen, es zu arbeiten und es zu entwickeln.
Das Meeresfonds versteckt noch eine kleine bekannte Welt von natürlichen Ressourcen.
Es ist möglich, Oliven, Mineralstoffe und andere minerale Materialien zu finden, aber auch unerwünschte Organe, die bisher die Schlüssel für die Entdeckung der Arzneimittel gegen Krebs führen.
Der größte Grund der Erde
Die Küstenstaaten haben sich an das Untergebiet interessiert.
Gemäß der OSN-Übereinkommen betreffen die Gesetze, die im Jahr 1982 in Montego Bay in Jamaica ein Abkommen übernommen haben.
Dies ist insbesondere das Gebiet der sogenannten Kontinentenplattform, die oft auf verschiedenen Hunderte von Kilometern aus der Küste des betreffenden Statuts erweitert wird.
Dies ist nach dem Übereinkommen ein ausschließlicher Recht über alle Ressourcen der Kontinentenplattform.
"In wenigen Worten für Kontinenten Plattform beinhaltet das Teil des Meeres und seines Subsuls, das eine natürliche Verlängerung des Kontinents unter dem Meer ist.
Die so ausschließliche Wirtschaftszone entsteht in der Nähe des Gebiets Meeres oft über 200 Meilen nautican", erklärt Mikulka.
Die Anfrage, für die das Land vor dem Ausschuss zur Festlegung der Kontinenten Plattformen vorläuft, muss durch eine sehr weitreiche technische Dokumentation auf der Grundlage zahlreicher Untersuchungen und Messungen vereinbart werden.
Es ist das Ergebnis einer Vorbereitung von vielen Jahren.
"Ein der Aufgaben ist der Ausschuss eine Rechts- und technische Unterstützung zu ermöglichen.
Die Kommission hat bislang fünf Anträge von Russland, Brasilien, Australien, Irland und New Zeland behandelt.
Nur die letzten drei Namen haben erfolgreich gemacht", fügte Mikulka.
Der jüngste Erfolg der Australien, der seine See-Besitzer in einer Weltwirtschaft erweitert hat.
Aber auch die Neue Zelande hat uns - die Oberfläche des Seefonds, die sie im letzten Wochenraum von der Kommission erteilt wurde, von etwa 1,6 Kilometern Quadrat plus oder weniger als sechsmal größer als der Zustand.
Alle beide Länder haben in die Forschung von Millionen Dollar investiert.
Das Nutzen, das sie in Zukunft von den Seefonds schaffen wird, wird wie sie wiederholt werden, ungeachtet sein.
Auch andere werden ihre Anfragen dauerhaft vorlegen.
Sie können das für zehn Jahre tun, da es "die Montego Bay-Übereinigung" ratifiziert wurde.
Da die Kontinentenplattform abgeschlossen wird, fängt die Grenze des Meeres, dass die Vereinbarung der gemeinsamen Erbe der Menschheit bestätigt hat.
Viermal hat niemand eine ausschließliche Position.
Das Recht der Ausweitung in diesem Gebiet ist von dieser internationalen Institution, die durch den Übereinkommen festgelegt ist.
"Aber die Seefonds ist nicht Klondike", sagt Dr. Mikulka., da seine einzelnen Parteien juristischer Verträge und ihre Staatsregelung vereinbar sind."
Die Zyklen im Pazifischen Ozean
Ein Teil des Seefonds gehört heute auch der Tschechischen Republik.
Wenn sie mit anderen Staaten des 'ex Sowjetblocks' im Rahmen der gemeinsamen Organisation "Interceanmetal" scheiden.
Dies hat 1991 nach dem Übereinkommen sowie den Investoren von wenigen anderen Staaten erworben, der sogenannte "Planner Investor".
Sie hat das Ausweitungsrecht in der Region ClarionClipperton in der äußeren Pazifischen Ozean zwischen Messisch, Hawaiii und Kiribatten.
Die Region, die von der Anleger und wenig größere als der ehemalige Checoslovaquia erforscht wurde.
Der Fond ist zerstört, es ist eine fast submarine-Replikation von Tatry.
Sie können auf der Gesamtfläche von 75 000 Kilometern ausgedehnt werden.
Die Gegend ist ein reiches Polymetall-Agglomerat mit Nickel, Rad, Kobalt und Manganisch", erklärt ein anderer indischen Pakshi Rajan.
Ein Arbeitgeber der Division von Mazedonien Rober Sandev führt mit einem Verständnis, um es zu zeigen.
Es scheint ein kleines Pata oder ein wenig fantastisches, ein Legendes schem, wie in der Leidung des Golem-Studes.
Die deutschen Spezialitäten waren zur Erlösung der Beschäftigten vorgelegt.
Die ägyptische Regierung forderte die Deutschland zur Erlösung der Bemühungen um – die Experten kamen dann.
Als die Lage kritisch geworden war, waren die Sondereinheiten bereit, aber sie wurden nicht beteiligt.
In den Umständen der Liberalisierung der 11 europäischen Bedrängnis sind uns immer mehr detaillierte Informationen zu erreichen.
Auf der Rettungsoperation, wieviel die Ministerin der Verteidigung und das Innere beteiligt sind, haben Sie technisch besondere Einheiten beteiligt.
Neben den Sachverständigen der Armee wurden anstelle der GSG9-Einheiten, der Föderator, der Bundesrepublikum sowie der Logistik der Technischen Institution vorgelegt.
Wie der Portefeucher der Minister am Mittwoch berichtet hat, sind die deutschen Einheiten nicht untersucht, da die Sekretärer, da die Gefahr einer Stärkung der Bemühungen die Bemühungen entstanden haben, zu fliehen.
Die ägyptische Regierung hat die von den Dänemarks angebotene Beihilfe akzeptiert, um sie als direkt auf dem Ort zu begleiten.
"Wir sind nicht für Glück gekommen", sagt ein Portier des Ministers.
Die Aggressionen haben am 19. September in Süd Ägypten eine Gruppe von Reisendern: 5 deutschen, 5 italienischen, ein Rumänien und ihre 8 ägyptischen Mitarbeiter.
Nach der Verlagerung in eine Wüste im Süden Ägypten wurden die Bewohner in das Grenzgebiet zwischen Ägypten, Libyen, Süden und Sid geliefert.
Die Identität der Abnehmer bis zum Ende ist wie auch die Details der Erteilung oder die möglichen Erstattungszahlungen.
Die freien in der Zeit sind in guten Bedingungen in Kairo gekommen.
Steinmeier sagte, dass die freien Bemühungen unter dem Schutz der deutschen Ambassade sind.
Es wurde nicht über die Einzelheiten der Relevanz erläutert.
In Berlin gab es keine Angaben, sobald sie nach Deutschland zurückkommen würden.
Gemäß dem Tagbuch "Bild" sollten die 5 Urlaubsbüros und die Sondereinheiten mit einem Flugbus aus dem Militär Airbus fahren und am Mittwoch in Deutschland kommen.
Die amerikanische Repräsentation Kammer verhindert den Rettungspakket.
Die erste Kamera des amerikanischen Kongreßes hat nur 700 Milliarden Dollar für die Finanzmärkte abgelehnt.
Der Dow Jones ist unten gefallen.
Mit 206 Stimmen bis 227 hat das repräsentative Haus der amerikanischen Regierung den Erhaltungspaket für die Finanzmärkte abgelehnt.
Ungeachtet der Anrufe des amerikanischen Präsidenten George W. Bush und der ersten Politiker der beiden Parteien waren keine Mehrheit für das Programm, mit dem die Kaos der Finanzmärkte ausgerichtet werden sollte.
In einer dramatischen Aktion haben die Unternehmer in der Lage versucht, die Kritik zu überzeugen, dass die Schwäche von 700 ml Dollar fallen.
Barney Frank, einer der Leiter der Verhandlungen, hat die Abgeordneten an den Konsens beschäftigt, obwohl der Plan nicht länger gefährdet war.
8. Es ist schwer, um etwas zu verhindern, was noch nicht geschehen ist.
Während die Dow Jones-Spiel während der Dow Jones-Spiel von mehr als 6% oder 600 Punkte erhielten.
Der Grund der Sorgen der Investoren war, dass der staatliche Rettungspaket fehlt.
Es wird vor dem Abschluss der Abstimmung wieder angenommen, nachdem die Verletzung wieder angerufen hat.
Die Sachverständigen sind jetzt noch schwere Schwierigkeiten auf den internationalen Finanzmärkten zu warten.
Um das Programm in Kraft zu erleichtern, ist es notwendig, dass es sowohl der Kammer der Abgeordneten als auch des Senats zu begrüßen ist.
Die Promotoren registrieren Zahlen bei der Erhöhung der Reservierungen
Sieht aus, als wäre es ein gutes Winter für die deutschen Touristen:
Nach einer Studie wird die Reisezustellung für die nächsten Monate im Vergleich zum vorausgehenden Jahr deutlich gestiegen - für die innere Reisezeit von mehr als 30% erhöhen.
Trotz der Schwierigkeiten, die sich mit dem Wunsch der deutschen Reisen beschäftigt, bleibt eine Untersuchung ruhig.
Die Reiseanlagen haben im Vergleich auf den gleichen Zeitraum des vorherigen Jahres mehr als 31 % in Berühmt stattgefunden , wie er am Montag der deutschen Partnerschaft für den DRV-Turismo in Berlin gelernt hat .
Aufgrund der Untersuchung des GfK-Markt-Instituts gibt es auch für die automatischen Monate eine Erhöhung von Reservierungen.
Da die Ausnahme der Reiseagenturen im Oktober im Vergleich zu 2007 auf rund 11% zählen würde, berichtete die DRV.
Bei diesen Ergebnissen sind die Zahlen des GfK, die jährlich die Buchungsdaten von 1200 deutschen Reiseagenturen analysieren und statistische Vorhaben für den gesamten Markt berücksichtigt.
Ferner würden die Reiseanlagen bis zum Ende August 2008 durchgeführt werden.
Nach der Schwierigkeiten des Dollars werden die Reise in den Vereinigten Staaten insbesondere erfordert werden, die DRV-Richtlinien erzählen.
Hier würde die Verstärkung der Reservierungen um einen dritten Punkt betragen.
Auch wäre es besonders für die deutschen Nachfragen von Spanien, der Türkei, Griechenland sowie für die Innerstaaten in Deutschland.
Insgesamt haben alle Reise ein hohes Quoten, der Präsident der DRV Klaus Laepple erläutert hat.
In Anbetracht der Erhöhung der Kosten für Energie und Nahrungsmittel wären die Kosten in diesem Fall besser berechnet für Kunden als für eine georganisierte Urlaub".
Die Verbraucher könnten das Geld durch andere mittels Reservierungen mit starken Anreise oder mit allem mitgeteilten Angeboten verkaufen, unter anderem erklärte Laepple.
Auch die oben genannten Monate hätten sie immer Reservierungszahlen registriert, sofern im Rahmen des Jahres noch einmal eine Erreichung des Faktors eingestuft worden wäre - obwohl nach einer weiteren Studie die Zahl der Tschechischen, die ein Reisen im Vergleich zu dem vorherigen Jahr eingeführt hat, wurde abgeworfen.
Mein erstes Mal bei Ottoberfest
Hits von Ballermann, ein Liter und ein Vip in Dirndln gegriffen.
Ein Defizit nach Wiesn
Susanne Kronzucker und ich haben wirklich nicht viel in der Lage.
Sie ist Bionda, Televisuelle Moderator und setzt einen Dirndl, der auf Maße gemacht wurde .
Ich habe die schwarzen Haare, ich bin studiert, und meine Kleider ist zweiter Hand.
Eins stimmen wir jedoch: Sobald 3 Minuten in Wiesn, werden die Fotos schon gegen uns laufen und Fotos verlieren, bis wir die Speicher der Fotomaschinen erfüllen – sehr lustig, und das ist meine erste Besucher in Wiesn.
So macht man uns Freunde.
Der Dirndl von zwei Gelden scheint seinen Ziel zu erreichen.
Als Tourist der Wiesn und je nördlich der Equateur der weißen Salzbäume besitzt sich das Gefühl des Wohlstands in der Küste/Währung bis heute noch in den Grenzen.
Und als Sie nach Theresienwiese kamen, ist es dann nichts schweres.
Immer alle tragen die Dirndl oder die Hautschalter; niemand beobachtet oder beschädigt beobachten – alles ist perfekt normal.
Nur mein Dirndl nimmt seltene Blicke auf den Stand der Mineralien an der Schokolate.
Ein Monakens hat mich bemerkt, dass ich die Brumbelle falsch verletzt hätte: "Siehe links, du bist frei, in der Mitte sechs Jungfrau, rechts, hinter Witwe."
Ich fühle mich auf den Rücken nach links.
"Gut", sagt er und riecht.
Andere machen geringe Technische Ausdrücke von Flüssern und Indossanten Schuhe von Krawatten, auf dem sie "To drunk zu bekleiden!" und ziehen die nützliche Dicke gegen einen nicht eingeladenen.
Der Kerl mit Eisenbahnen heißt Bob, kommt aus England und besuchet auch den Ottoberfest zum ersten Mal.
Er findet "Garmgeous" mit einem heimlichen "Ooooo".
Das erzählt mir, nachdem er von seinem Mund von einem Getränken aus einem Vögeln gerettet wurde.
Im Gegensatz zu einem dieser Hydraten, von denen sie alle denken, dass es eine Pistole ist.
Bob ist eine dieser Family Wildbiesler.
Andere haben keinen Glück, den Alkohol auf diese Weise zu retten.
Die acht Abends wandeln in einem Brand auf der Feststufe, die die Arme beschäftigt werden.
Die Krankenschwester zählen jedes Mal in Branchen – immer 4 mal mit einer Verdeckung von Wohnungskammern.
Dies funktioniert wie mit der meisten Besucher von Wiesn: Sie werden los, füllt sich zurück.
Wer unter dem Talon schlägt, ist in diesem Bar mit Alkohol-Tass im Blut nicht sehend.
"Dies sind die Tage, in denen Goarnimmer Packung", beschäftigt mich einer der Gesundheitspersonen und schlägt in die Baraonde.
Lebensweise eines von der Polizei identifizierten Unfalls
Eine 63-jährige Frau, die im Krankenhaus starb, nachdem ein Fahrzeug von Essex ins Krankenhaus war, wurde identifiziert.
Carole Paulson, von Chemsford Road in Brentwood, wurde am Sonntag am Shenfield Road in der Stadt beteiligt.
Sie wurde in die Queen's Hospital nach Romford gebracht, aber sie ist wenig später gestorben.
Nach dem Inzidenz eines 51-jährigen Mannes wurde mit der unerwarteten Leitung verhaftet.
Es wurde auf Versicherung erteilt.
Die Türkei breitet die diplomatischen Horizonten
Viele, bevor die Türkei versuchte, in die Europäische Union zu kommen, waren die europäischen Fähigkeiten beschäftigt, in der Türkei tief in die Türkei einzutreten.
Auf der Ostsee des Bosforums, vielleicht 20 Schritte in Asien, gibt es eine der beliebsten übrigen, die dieses ungeachtete Ambition sind.
Die Statt von Hydarpasha wurde von zwei deutschen Architekten Otto Ritter und Helmut Conu in Neo-Ri-Rissy-Stil ausgebildet.
Das ist das, was die Touristen Ihnen sagen.
Das Gebäude ist in Kombinationen zwischen dem Ende der Plattformen mit einem Turm auf jedem seiner Ecke und schaut auf die Welt wie einige deutsche Provinzkommunikationen.
Die Steine ist verrückt.
Das ganze Gebäude ist ungefähr zehnten.
Aber einmal in dem Ticket-Petit-Bett von der Befestigung, ist es kein Zweifel über die Größe des Unternehmens, das die westliche Reise war.
Die Station wurde im Oktober 1908 von einem deutschen Konsorption Anatolia-Baghdad Corporation geöffnet.
Deutschland, ein Reparatur zum Imperiale-Spiel, wollte seine Bemühungen durch diese Eisenbahn, die nach Damaskus, Baghdad und über das, was heute Saudi Arabisch ist.
Aber die empfindlichen Ambitionen in Deutschland wurden während des ersten Weltkriegs gegründet.
Seine Eisenbahnen kamen von Lawrence in Arabien und seine irregularen Arabien.
Die betreffende Inselung von der umweltigen Region, die von den gerüsteten Grenzen des kalten Krieges erzeugt wurde, ist vergangen.
Die britische und Herrschaftliche Kräfte gingen aus Ägypten weit und zerstreuten die Türkei und ihre deutschen Allianz aus Palästinensland und Syrien.
Und es waren auch schlechte Nachrichten für die Hyderpasha-Station.
Im Jahr 1917 erhielt ein Treibhaus und zerstört seinen Tetto-Bericht.
Türkische Quellen sagen, es ist ein Sabot.
Seitdem ist er langsam in Unruhe gegangen, weit von der Geschichte überschreitet.
Heutzutage brauchen diese Eisenbahnschnitt für Anatolia und alle westlichen Punkte - mindestens symbolisch -, um die zunehmenden diplomatischen Hoheiten der Türkei zu beweisen.
Die Regierungspartei von Justiz und Entwicklung - hat die AKP - eine ganze neue Außenpolitik für das Land geschaffen.
Die betreffende Isolation der umweltverträglichen Regionen, die von den engen Grenzen des kalten Krieges erzeugt wurden, ist vergangen.
Heute gibt es eine neue Engagementpolitik.
Die türkische Regierung hat gute Beziehungen mit Israel und Syrien mit den palästinensischen Aufgaben von Hamas und Fatah, Irak und Iran und natürlich mit der Europäischen Union und den Vereinigten Staaten.
Um die Parameter dieser neuen Außenpolitik zu bewerten, habe ich mich auf den Bettwurf für die Türkei Capital Ankara beobachtet, um einen der wichtigsten Experimente des Außenpolitiks der AKP, dem türkischen Berichterstatter Suat Kiniklioglu zu besuchen.
Am folgenden Morgen - etwa zehn Stunden später - nach einer Kurse an der Straße, die die antiken Weltkreis der bekannten Dokumentarie The Night Mail produzierte, wurde in die Türkei gelandet - vorgeschlagen wie eine neue Stadt für einen schlachten Zustand, um die Rückseite in seinem Otoman vergangenen Vergangenheiten zurückzukehren.
Aber die AKP mit seinen berühmten Islamischen Wurzeln ist ein Exemplare im türkischen Konsens.
Er hat einige Überraschungen im Westen vorgelegt, mehr in Washington.
Ein Taxi bringt mich in das allgemeine Gebiet der AKP, eine ultramoderne Stein- und Stahlstruktur - in einer gebauten Entwicklungssubsidierung, die von konstruktierten Handelszentren und Machtszentren umfasst, wo man in vollem Geschäftsmanagement mangelt, Männer und Frauen, die sich mit den Verträgen des ersten Morgens befinden.
Soat Kiniklioglu könnte fast jede andere politische Partei Europas sein.
Komplett, ich bin sicher, dass er auch Blackberry hatte.
"Das Ziel ist, die Türkei mit seinen Nachbarn zu integrieren.
Der friedliche Krieg war ein Namanial", sagt er mir.
Die Türkei wurde aus seinem Inneren ausgerüstet.
Heute muss man sich auf Osten und Westen beobachten.
Es war nicht der Fall eines oder der anderen.
Sie müssen beide sein.
"Aber sicher an einem Punkt, frage ich: "Die Türkei wird sich entschieden?"
"Die Türkei", sagt er, "der will nicht, wo die Wahl zu bekämpfen ist."
Dann betont er einen Punkt, dass fast alle, mit denen ich hier geredet habe: die Verbindungen nicht nur mit dem Mittelosten, sondern auch mit dem Kaukasus und in der Umgebung des Schwarzen Meeres sind im Nutzen Europa und den Vereinigten Staaten, wie es für die Türkei ist.
Mit der Türkei scheint die Nachricht zu sein, dass die ganze Europa mittlerweile diese Eisenbahnlinien im Osten durch Asien und Ostsee führt.
Ich denke noch einmal zu der Hydarpasha-Station, nach einer anderen Nacht in Weißen, dass die beiden deutschen Herr Ritter und Herrn Conu, die dieses Gebäude vor 100 Jahren beobachtet haben.
Es wäre überrascht, dass die östlichen ökologischen Ambitionen Europas jetzt in der Türkei in den Händen der Türkei sein können.
Und während ich den Terminal für den Tragто, der mich durch den Bosforen führt, erinnere ich mich daran, dass die Tage der Türkei immer "die kranke Menschen in Europa" genannt wurden.
Daher schien es nicht zweifellos zu sein, was ein Kontinent über dieses schädliches Land vorläuft.
Später erinnern Sie sich an Vernon Handley und William Woodruff
Mark Brown schreibt: als Musikdirektor von Guildford vom 1962, Vernon "Tod" Handley (Necrologie, 11. September) hat die Guildford Philharmonic Orchester und Coro gearbeitet.
Als Mitglied seines Musikschemas für die Gemeinde gründete er seinen wunderbaren jungen Herzen, Proteus.
Sie meinten, sie waren unter 21 oder unter den 21er Jahren, aber während der Proteus seinen Ende im Jahr 1979 schrieb, waren viele von uns mehr als vierzig Jahre - wir verleugneten uns einfach, das Herz zu verleugnen.
Der Name "Proteus" (die Methologie sein-mutable) stellte das gute Herzwünsche und die Fähigkeit, alles, was die Musik vorgelegt hatte, zu tun, sowohl madrigals als auch Messiaen, ohne Verantwortung oder mit der ganzen Orchester.
Die von einem solchen jungen Herz geschaffene Musik verstärktheit war oft überraschend, immer schrecklich, und es war alles wegen der inspirierung des Mannes und der Enthusiasme für die Musik, die in den Jahren ganz konstant blieb.
Wie oft hat uns von Tod gesagt, "es sei Musik, um sich selbst zu sprechen" zu lassen.
Er sagte: "Der Komponente weiß, was er will.
Es gibt alles in der Musik.
So schreit sie!
Seine Technik bei der Verwendung der Batterie war absolut eindeutig klar und genau, obwohl sie nicht Diktatorisch noch Flüssig war.
Jemand, der Musikstandard, machte es immer höher.
John Frayn Turner schreibt:
Wenn Sie einen Orchesterdirektor anrufen sollten, wäre Vernon Handley.
Ich kenne ihn sehr gut in den zwei Zehnten, in denen die Guildford Philharmonic von 1962 bis 1982 führte.
In den letzten 40 Jahren und mehr habe ich mehr als 100 ihres Konzepts betrachtet, und ich kann ehrlich sagen, dass ich niemals mit einem von ihnen gewesen bin - und manchmal, die von ihnen inspiriert wurden.
Tod Handley hatte die seltene Kombination von Größe und persönlichen Gefühle.
Er haßte die Orchesterdirektoren, die in seinen Worten einfach "auf der Welt einen oder zwei gut bekannten Kriegskäften kämpfen."
Er wird so viele von uns verlieren.
William Woodruff
Professor John Beckett schrieb:
Ihr Nerologie von William Woodruff (25. September) präsentiert, dass "Nr. 1946 wieder die Ökonomische Geschichte in Oxford zu studieren und im Jahr 1950 in Houblon-Norman ein Forschungsforschungsforschungsforschungsforschungsforschungen in Houblon-Norman wurde...
Dies erfolgt aus dem Anmerkung des Autors von Woodruff in Beyond Nab End, aber es ist nicht richtig.
Von 1946 bis 1953 wurde ein ökonomisches Studium für die Universität Nottingham in dieser Zeit eine PhD-Industrie für die britische Gesellschaft der Gomma, die vom Prof. J. D. Chambers überwacht wurde, und im Jahr 1958 als The British Rubber Industry veröffentlicht wurde.
Er zog 1950-51 in den USA als Forschungsleiter in Houblon-Norman und am Freitag 1952 an den Universitäten Illinois, Harvard und New York.
Im Jahr 1953 ließ er Nottingham für Illinois ständig.
Denn Woodruff hat sich erwählt, diesen Teil seiner Firma zu verstecken, weißt du nicht.
J. Vincent Resino zur Philologie Fakultät
"Wir empfehlen die Darstellung von José Vicente Resino "Flamenco und Leben", denn seine Fotos in weißer und schwarz, in Dokumentarz, sind außergewöhnlich.
Ich habe meine Aufmerksamkeit für die Solidarität und die Kraft, die sie übertragen haben, auch wenn sie die Protagonisten mit besonderer Achtung behandeln.
Eine Demonstration, die sehr fühlt.
Er kann magische Minuten wiederholen."
Zweitens von den überlebten Honda
Im November wird die Honda die Vermarktung der zweiten Generation des Jazz-Models beginnen.
Wenn das vorherige Modell bereits in großer Lage ist, hat dieses neue Monovolum noch weiter innere Raum.
Insgesamt wird ein raffiniertes Mechanismus hinzufügen, das die Führungskomfort zu erhöhen und zu ermöglichen, Kraftfahrzeuge zu entwickeln.
Entwicklung gegen Revolution.
Dies ist die zweite Generation des Honda Jazz.
Obwohl die neue Jazz ausschließlich eine sehr ähnliche Zeile wie die vorherige Modelle präsentiert, sind die Änderungen in diesem Monovolum zahlreiche.
Unter den anderen ist es, eine innovative Design, eine neue Plattform, größere und neue Mechanische Dimension zu berichten.
Es ist jedoch nützlich, dass dieses neue Jazz nach dem Eingang in den ersten Generationsmärkten sechs Jahre angehört wird.
Daher hat Honda in kurzer Zeit dieses Modells mehr als die von anderen Herstellern verwendeten Herstellern erneuert.
Obwohl in Europa das Modell Jazz weniger bekannt ist als in anderen Märkten, bleibt ein einziges Phänomen in der Tat von Verkaufen.
Das ist genau der Fall Japans, in dem Jazz im Jahr 2002 und im Laufe dieser 2008 am besten verkauft worden war.
Eigentlich in Japan wurden fast eine Million Einheiten von Jazz nach der Lanz verkauft.
Der zweite Markt war der älteste Container, mit etwa halb Millionen Einheiten in sechs Jahren.
Trotz dieser Zahlen ist Honda der Meinung, dass die neue Jazz die Verkaufsverkäufe im Segment ermöglicht wird.
Wenn die japanische Gesellschaft im Jahr 2007 83,000 dieses Modells eine Gesamteinheit verkauft hat, wurden die Sätze für 2009 um 100.000 Autofahrzeuge hingewiesen, indem sie 17 % in der europäischen Marktanteil anhängt.
Im Hinblick auf den spanischen Markt hat Honda von 2002 8 000 Einheiten von Jazz verkauft, die 6,7 % des Gesamtverkaufs von Honduras in Spanien auf 6,7 % entsprechen.
Was die neue Generation betrifft, ist es für die spanische Tochter verantwortlich, rund 2,000 Einheiten von Jazz in einem Jahr zu verkaufen.
Sobald der Ankunft der neuen Jazz erlauben wird, wird die Honda eine gute Maßnahme verringern, die Verkäufe in Spanien zu verringern.
In der Tat werden die Verantworter des Unternehmens zum Ende des Jahres mit einer Gesamtmenge von 22,000 Verkaufseinheiten, einschließlich von 4.000 als im Jahr 2007, mit 16 %.
Trotz der Anstieg in den Verkaufen hat Honda seinen Marktanteil in Spanien mit 1,8 % im vergangenen Jahr vor 1,6% erhöhen.
Die japanische Gesellschaft wartet ferner auf 2 % im Jahr 2010.
Um uns zu erlauben, vertraut die Honda an den Eingang eines neuen Modells.
Dies ist Insight, ein Hybrid auf fünf Türen und ein komplexes Format - 4,37 Meter lang - von dem Japans Gesellschaft hoffe, rund 200.000 Einheiten in der ganzen Welt zu verkaufen.
Für die Märkte und nach den Schätzungen des japanischen Herstellers werden 50 % der Insight-Verkäufe in den Vereinigten Staaten stattfinden, während der restlichen Prozent zwischen dem Alten Container und Japan geteilt wird.
Der Handelsstart der Insight wird für die ersten Monate des Jahres sofort nach der Unterlagen in der Gesellschaft im Januar in Valencia geplant.
Im Hinblick auf die erste Generation ist die neue Jazz in allen ihren Teilen wachsen.
Seine Länge erreicht um 3,90 Meter (5 Zentimeter in mehr), die Breite der 1,69 Meter (due Zentimeter in mehr) und die Zinsumme von 2,50 Metern, mit einer Erhöhung von fünf Zentimetern.
Die Höhe ist jedoch auf 1,52 Meter unverändert.
Insgesamt wird auch die Wohnungsmittel weitgehend erweitert.
Dieses Vorteil kommt von einer Seite aus dem Einführung einer neuen Plattform und andererseits von der Einführung des Brennstoffs in die zentrale Position, eine Lösung, die auch im vorheriges Jazz-Model angenommen wurde.
Darüber hinaus wird die Kapazität des Gepäcks – Doppel-Auftrag von 399 Litern, oder auch 19 Liter mehr die Kapazität der ersten Generation.
Diese Maßnahmen sind der Motorversion 1.4 und die Kapazität des Honda Jazz 1.2 sind 379 Liter.
Sonstige Verbesserungen - über externe Elemente, wie z. B. die Nachfolger oder die Möglichkeit, das Panoramazeug zu erreichen - betrifft eine Verbesserung der Zugänglichkeit auf die hinteren Kasten.
Die Türen, die den Zugang zu den Nachstehenden Positionen ermöglichen, sind im Gegensatz zu einem 80 Grad, im Vergleich zu 67 Grad des ersten Jazz.
Außerdem sind auch die Motoren in dieser zweiten Generation der Jazz neu.
Bei der Vermarktung wird dieses kleines Modell in den Modellen mit Benzinmotor von 1.2 und 1.4 Liter vorgelegt.
Die Mechanismen einschließlich der i-VTEC-Technologie, die die Verbrauchsabweichung zu verringern, weniger Kohlenoxidemissionen produzieren, die Mechanismen optimieren und gleichzeitig die höchsten Motorspappe in allen ihren Fasen halten.
Das Modell von 1.2 Liter ermöglicht, eine Kraft von 90 cv bis 6,000 Rotanten mit einem Höchstpack von 114 Nm. bis 4.900 Rotationen zu verwenden.
Die Propulsion – dass in den vorherigen Jazz 78 Pferde erreichte - verwenden Sie 5,3 Liter Futtermittel und erzeugt CO2-Emissionen von etwa 125 Gramm.
Insbesondere der früheren Propulsion, die im Modell der ersten Generation 83 Pferde verwendete, sind jetzt 100 verfügbar.
Die Jazz 1.4 bis 100 Pferde erreichen eine Kombination von 5,4 Litern und 128 Gramm CO2-Emissionen.
Die "Ape Auto", um Kollektionen zu verhindern
Im Rahmen der Entwicklung von Technologien zur Verhütung von Unfällen hat Nissan sich dieses Mal auf die Natur und insbesondere auf die Apfel inspiriert.
Die japanische Gesellschaft hat einen Robot geschaffen, der zum Beispiel die Flüchtlinge, die Unfälle zu vermeiden.
Es ist die Bio-mimetic Car Robot Drive, oder BR23C, oder die erste Schritte zur Verhütung der Kollektionstechnologien.
Ingenieurs des technologischen Zentrums von Nissan Motor Co haben dieses kleine Robot in Zusammenarbeit mit dem Zentrum für Wissenschaft und Technologie der prestigionale Universität von Tokyo in Japan entwickelt.
Nach Kazuhiro Doi, Generaldirektor der öffentlichen Relationen für die Technologie und die Forschung und Entwicklung des Brand Managements, ist die BR23C eine Erweiterung des Sicherheitss von vier aus Nisan produzierten Bereichen.
Dieses Robot wird zur Verbesserung der Fähigkeiten zur Verhinderung der Kollektionen in den Fahrzeugen des Herstellers zu verhindern.
Während des Flugzeugs schaffen jede Apene einen eigenen persönlichen Raum, der sich sehr ähnlich mit der Sicherheitsverletzung von Nissan.
Aber die wichtigste Sache ist die Augen der Kugel, die in allen Richtungen mit einem Honig über 300 Grad sehen können, und sie ermöglichen es, ihre persönlichen Raum ohne Verzögerung zu fliegen.
Um diese visuelle Funktion zu erleichtern, haben die Ingenieuren genau das, was ein Laser der Localisierung (Laser Range Finder) definiert haben.
Dieses Mechanismus bildet die Hindernisse vor dem BR23C für einen Raster innerhalb der zwei Meter und mit einer Höchstmenge von 180 Grad, bewertet die Abhängigkeit im Hinblick auf das Objekt und schicken einen Signal an einen Mikroprozessor, der sofort die Verhütung verfügt.
"Wenn ein Hindernis bestätigt sich der kleine Roboter die Bewegungen eines Apes und sofort verändert sich die Richtung auf der richtigen oder stärkeren Straßen, um die Sammlung zu vermeiden.
Die deutlichste Unterschiede mit einem bedienten System ist, dass die Evationshandschrift vollständig einzigartig ist.
"Wenn es nicht so wäre, würde der Robot nicht mit genug Geschwindigkeit reagieren, um die Hindernisse zu vermeiden", erklärt Toshiyuki Andoh, Direktor des Mobilitäts Labors und Leiter dieses Projekts.
Im Gegensatz zu einer Spitze kann der Roboter nicht auf die Höhe oder auf die niedrige und sogar in Diagonal liegen; es kann nur in zwei Größen und Richtung bewegen, in der sie ihre Straßen rund umgehen können und nicht endgültige Richtungen und Arten wie die Apfel tun.
Deshalb hat Nissan eine Rotationsfunktion verwendet, außer der Geschwindigkeit und der Verschwindigkeit, damit der kleine Robot die Kollektionen vermeiden kann.
"Dies Gerät muss jede Sekunde nur Informationen ausarbeiten und von diesen Daten handeln.
Die Speicherung von Informationen oder der intuitiven Logik der vorherigen Handschuhe ist nicht erforderlich, so kann es nur ein paar Speicherstaben funktionieren.
Das kann überrascht werden, aber wir reden nicht über Gedächtnisse von Gedächtnissen und auch über Mega."
Es ist der erste Schritt zur Entwicklung neuer Technologien für die gegenwärtige Verhütung der Kollektionen, eine Technologie, die Nissan in den Autos innerhalb von zehn Jahren aussehen wird.
Der Robot nutzt Batterien für Litio-Polimeer, die mehr lesen und dauerhafter sind als die Typologie mit Litio-Ionien.
Eine weitere künftige Anwendung dieser Technologie könnte die Integration der Einheiten mit einem GPS-Startschifffahrzeugsystem sein, um den Fahrer zu erzielen, indem sie die beschäftigten Hindernisse auf dem Weg zu vermeiden.
Vor der Anfrage eines Darlehens
Wir müssen anerkennen, dass die Vereinigten Staaten-Departement über viele Kapitalbesitzer besitzen, um zu bekämpfen, ist es nicht eindeutig unbedingt.
Vor der Krise und zu vermeiden, dass die Amerikaner sich mit einer gegenseitigen Verschlechterung an Banken verpflichtet haben, haben sie einen lustigen und institutionellen Spiel für den Nutzer des Netzes geschaffen: "Bad Credit Hotel".
In anderen Worten, das "Hotel der Besonderheiten" oder die Probleme.
Das Aussehen dieses Systems und insbesondere seines Empfängers braucht, um nicht eine, sondern auch dreimal vor der Anfrage eines Darlehens zu erwarten.
Und vor allem, wo es zu tun ist, dass es wahrscheinlich das Primärziel ist.
Die Information, die das Spiel bietet, ist natürlich nützlich, aber es ist wenig detailliert.
Es ist mehr als eine Seite für Jugendliche als eine breite Öffentlichkeit.
Was passiert, wenn das Spiel abgeschlossen wird?
Vergleichen Sie einen Songzimmer in dem Hotel.
Es ist immer etwas, weil man ein besseres Haus kaufen kann, wenn er nicht mal redet.
Morgan Stanley öffnet sein Kapital
Morgan Stanley hat die Unterzeichnung eines Abkommens mit der UFJ Finanzgruppe (MUFG), der erste Bank in Japan angemeldet, das in einem Anteil von neun Milliarden Dollarn in die Gesellschaft investiert wird, das 21 % der Teilnahme in eine Nettozahl seiner Aktionen in Borsa erfolgt.
Eine Woche nach dem Abschluss eines vorläufigen Übereinkommens erklärten die beiden Banken, dass die MUFG 9,9% der Anlagente der Morgan Stanley auf den Einzelkosten von 25,25 Dollar, oder eine Summe von drei Milliarden Dollar.
Der festgelegte Preis ist bis zum 31. August weniger als 19% bei der Rechnungslegungswerte.
Die MUFG wird auch sechs Milliarden Dollar investieren in das Kauf von Umstellungsquoten zu einem Umsatzpreis von 31,25 Dollar investieren und eine Leistung von 10% gewährleisten.
Morgan Stanley stellte fest, dass die globale Operation auf der Grundlage eines mittelpreises von 29 Dollar, oder ein niedriger Prozent seiner aktuellen Laufzeit von 28% ausgeführt wird.
Der Titel Morgan Stanley war jedoch von 6,79 % auf 23,07 Dollar ab.
"Das strategische Verband ist eine wichtige Möglichkeit, die Übergang von Morgan Stanley in Bank holding Unternehmen zu beschleunigen", erklärt John Mack, Generaldirektor der amerikanischen Gruppe.
Morgan Stanley hat dieses neues Statut im vergangenen Wochenende angenommen, das Ihnen erlauben sollte, seine Aktionen, die sie unter die Kontrolle der Bundesreserve zu unterscheiden.
Seine Vereinbarung mit der MUFG bestätigt außerdem, wie die gegenwärtige Finanzkrise die größten Namen von Wall Street bekräftigt, um eine viel bessere Annahme zu ergreifen, die vorher vorangegangen ist.
In den letzten Tagen wurde der Abkommen geändert: Montag vergangen, Margan hat die Verkauf von 20 % seiner japanischen Aktionen für eine Summe von 8,5 Milliarden Dollar angemeldet.
"Ein Woche vor Tokyo, Toshide Mizuno, Exekutivdirektor der MUFG, erklärte: "Wir dachten, dass unsere Beteiligungsanteile ausschließlich von ordnungsgemäßen Aktionen ausgeschlossen wäre.
Wir haben aber die gegenwärtige Lage der Weltwirtschaft und des Marktes gewählt, die Risiken zu minimieren und zu schützen."
Auf der Grundlage des mittelpreises wird die MUFG Morgan Stanley zu einem Preis weniger als 7% ihrer Rechnungswerte eröffnen.
Und die Operation würde mit mindestens 20 % der Diplomierte Equaty übertragen."
Die Vereinbarung sieht vor, dass die MUFG in einem Jahr die Hälfte seiner bevorzugten Bezeichnungen in regelmäßige Aktionen verwandelt werden kann, sofern dies während eines bestimmten Zeitraums mehr als 50 % unter dem festgesetzten Umstellungspreis oder bei ca. 47 Dollar ausgetauscht wurde.
Morgan Stanley wird sicherstellen, dass der von der MUFG eingeführte Kapital ermöglicht, die Möglichkeiten für Investitionsmöglichkeiten zu sammeln, die Erhöhung des Haushaltsplans und die Erhöhung seiner Liquidität zu erhöhen.
Ein Beförderer der Gruppe hat jedoch die Strategien für die zwei neuen Abgeordneten abgelehnt.
Nach dem MUFG-Investitionen sollte Morgan Stanley eine Lösungskoeffizienz Tier One von etwa 15 % der besten Sektoren feststellen.
Die Morgane hat von Ende August ausgesprochen, dass er von ihrem eigenen Haushaltsplan abgeschrieben hat.
In den letzten Wochen haben die Gruppe schwer geprobt, die den Wert ihrer Aktionen zu beseitigen hat, während die Risikensicherungskosten sofort beeinflussen.
Die Revolution des Montags blieb jedoch auf einem hohen Niveau, um 12 %.
In der letzten Woche setzte die Goldman Sachs, einzige superstitierte " zwischen den großen Investitionsbanken von Wall Street nach dem Strom Bear Stearns und Lehman Brothers und der Erkennung von Merrill Lynch an, 15 Milliarden Dollar in der Berkshire Hathaway, die Gruppe Warren Buffett.
Rafael Correa in Quito, Mond.
Die Republikation auf einem Sozialismus im zwanzigsten Jahrhundert basieren.
Dies ist das gemeinsame Projekt des Venezuelanus Hugo Chávez, des Evo Morales Ecuadorismus und des Rafael Correa.
Sonntag war das Beispiel von Kollegen und Freunden nachgefolgt, dies zu dem Projekt einer neuen Verfassung zu antworten.
Die Mission wurde abgeschlossen, dass 64 % der Elektoren auf der Grundlage einer Stimme von 80 % auf der Grundlage der Abstimmungen im Bezugsrahmen gestimmt haben.
Nach diesen Ergebnissen waren die "nein" 28%, während 7% der Stimmen keiner waren und 0,7% weißer Karten.
Wenn das Projekt der Verfassung angenommen wird, sollte die Hälfte der Abstimmungen mehr eine erreichen.
Sonntag, zwei Flüssigkeiten, die zur Ausgang der Wahlen ausgeführt wurden, und eine Summe einer Nichtregierungsorganisation gaben eine "Ja"-Beschäftigung, wobei sie zwischen 63 % und 70 % stattfinden.
Rafael Correa hatte in der Nacht zwischen Sonntag und Sonntag die Bereitschaft seines Projekts der Verfassung.
Die "Konstitution hat sich ehrgeiziell beschäftigt", war gewährleistet, mit den Equadorianern im Rahmen des Gouverneurs Guayaquil, 280 Kilometer Südwesten von Quito zu begrüßen.
Wie immer haben Chávez und Morales mit Rafael Correa begrüßen, wie er seinen chinesischen Homolog Michelle Bachelet gemacht hat.
Die Absicht, die sich in aller Ruhe nach der Wahlaufsichtskommission der amerikanischen Organisation (OEA) setzte, wurde auf einem Text von 444 Punkten zur Stärkung des „neuen Sozialismus" verteidigen.
Dieses Projekt der Gründung ermöglicht die Staatsräte über die Wirtschaft, indem sie die "Entwicklung" eines Landes bewahrt, das von den großen ausländischen Gesellschaften wesentlich von ihrem Währung erlebt wird.
Der von Korrea, der im Jahr 2006 gewählt wurde, erlaubt auch den Obersten des Staates, der für zwei konsequenten Mandats von vier Jahren gewählt wird, die Möglichkeit, die Versammlung zu entwickeln.
Correa hat bereits die Absicht, diese Abänderung zu erleichtern und ihre Kandidaten für ein neues Mandat im Februar 2009 wiederzugeben.
Die Verfassung sagt ferner die kostenlose Gesundheits- und Bildungsdienste, die der Präsident in diesem Land von 13,9 Millionen Einwohnern erzielt hat, wo 50% der Bevölkerung unter der Armut leben wird.
Sie verhindert ferner die Gegenwart von Ausländern, die dem Abkommen zwischen Quito und Washington zum Einsatz einer ecuadorischen Basis als Ausgangspunkt für die amerikanischen Antidrogenaktionen entsprechen.
Die 19 Beschäftigten in Sid
Ein ägyptisches Beamte hat die Flüchtlinge der elf Touristen und deren acht Nachfolger vor 10 Tagen angefangen.
Ich bin in Kairo.
Die elf europäischen Touristen und ihre acht ägyptischen Gefährten, die in der Wüste in zehn Tagen in den ägyptischen Kapitänen gehalten wurden, wurden am Montag, am Montag, gesund und gesund.
Am Morgen waren sie in Ciad aus einem ägyptischen Beamten freigelassen.
Im Hinblick auf die Militärgrundlage von Almaza in den Nähen des internationalen Flughafens der Kairo bis zu 15 und 30 am Rande eines besonderen Flugzeugs.
Auf Bord eines Elicotters wurden sofort übermittelt, ohne dass die Druck, das Krankenhaus Maadi, ein Einheimisches Gefährdnis des Kairos unterrichtet werden kann, um an die Analysen unterrichtet zu werden.
Gott von "Gott gute Gesundheit" und es wurde keine Bezahlung "in den Sekretären" bezahlt, erklärte der ägyptischen Minister des Tourismus, Zoheir Garanna.
Als ich am 19. September in einem Safar im 4x4-Stadt, der mit Ägypten, Sudan und Libyen grenzte, wurde diese Beschäftigungsgruppe von einem Versteck an einem 35 unbekannten Sekretär ausgeschleppt.
Die Gruppe wurde von 11 Touristen – fünf italienischen, fünf Deutschen und eine Rumänien – und von 8 Ägyptern: zwei Leitlinien, vier Autoren, einen Grenz-Bürger und dem Direktor des Ägypters, der organisatorischen Safarer-Agentur.
Ein ägyptischer Verantworter für die Sicherheit hat behauptet, dass 30 Mitglieder der Sonderkräfte auf einem Bord von zwei Elicottern, die während des Nachts, kurz vor dem Halb.
"Dies sind die Flüchtlinge gewesen , die Hälfte der Sekretärer wurden getötet, während die anderen fuhren", sagte der Verantworter, der die Anonyme verlangt hat, den Anonimat zu halten.
Er erklärte, dass 150 Mitglieder der ägyptischen Sonderkräfte der "Ampo"-Einheit in Sudan waren, wo sie die deutschen und italienischen Kommandos beitragen würden.
Der Präsident der italienischen Außenminister Franco Frattini hat von Belgrad die Bedeutung der Rolle der geheimen Agenturen und der italienischen Sonderkräfte unterstreicht.
Wir müssen akzeptieren, dass, wenn wir dieses Ergebnis erzielt haben, die Berufsbildung und die Effizienz der Männer unserer geheimen Dienste, der Sonderkräfte wurden, ohne weitere Details hinzuzufügen.
Darüber hinaus hat die Zahlung eines Erstattungsmittels gelöst.
Am ersten Tag hatte der Sudans Armee von Patuilla behauptet, ein 4x4 Fahrzeug auf dem die Sekretärer gefunden wurden und sie sechs ermordet haben, einschließlich der Leiter der Flüchtlinge, und sie wurden zwei gefangen.
Gemäß der Armee würden die Sektoren mit einer Organisation von Rebeln aus Darfur verbindlich sein, die Beförderung für die Liberation von Sudan (SLA_U), sofort von diesem letzter Anerkennung.
Letter- Die schweigende Mehrheit der Kultur
Auf der ersten Seite ist eine Debatte über die Finanzierung der Kultur, über die derzeitige Wahlkampagne konzentriert wird.
So viel besser.
Aber ein Teil unseres Kulturlebens bleibt immer im Schatten.
Wer wird vorschlagen, um die kleinen Museen, Archive, archäologische Sklaven oder die nationalen historischen Orte zu verkünden?
Welche Politik wird die Bundesrepublikum, die monumenten und Erbhausbaue durchführt?
Was in Quebec, wie in Kanada, haben wir keine Wahrheiten und Rechte, die unsere Erbe tatsächlich bewahren?
Wussten Sie, dass die französische Regierung drei Millionen Euro für die einzige Wiederherstellung des Kammers von Chino in dem Loira-Ball führt?
Innerhalb unserer näheramerikanischen Nachbarn ist die Verfassung, dass die Erbeschutze Teil der nationalen Kultur sind und dass dieselbe Erbe von jedem Bürgern, von jedem politischen Behörden und von jedem Staatspartei und all dieser gemeinsamen Abkommen geschützt werden muss.
In Quebec, bei der Föderation der historischen Gesellschaften der Quebec, sind mindestens 40 000 Freiwillige, die in 211 Gesellschaften für das Schutz der historischen, geneologischen Erbe, der Archive und der Erbessungen mit vier Geld, privaten Archiven und architekturen bewahren.
Sie sind genau ihnen, dass sie oft unsere Erbe verteidigen, die mit der Enttäuschung bekräftigen Energie protestieren, wenn Immobilien und Beschlüsse beschäftigt werden, mit ihren Bulldozern unsere Vergessen und Vergessene angreifen.
Wann wird der richtige Raum für die Geschichte und das Erbe bewahrt?
Die Regierungen der Benelux nennt ein Teil der Fortis Bank
Die Benelux-Staaten helfen die belgischen Fortis-Bürgschaft, die zunächst in Europa für die Krise des amerikanischen Kreditmarktes erzielt wird: die drei Länder werden 11,2 Milliarden Euro an den Finanzinstitut erzielt - mit Interessen auch in Ungarn.
Die Regierungen Belgien, Luxemburg und Niederlande im Jahr der Woche wurden im Maximum einverstanden, wobei auch der Präsident der Europäischen Zentralbank und dem Europäischen Kommissionsausschuss für Wettbewerb beteiligt wurden.
In der Eurozone ist die erste große Krise im Rahmen der Schwierigkeiten, in denen die internationalen Finanzmärkte seit einem Jahr die Fortis Bank bestätigt werden, und in einer bestimmten Richtung können die Entscheidungen in diesem Bereich einen Vorhersage auftreten.
Im Sinne des Sonntags angenommenen Beschlusses werden alle drei Mitgliedstaaten fast die Hälfte (49 %) der betreffenden Bank berücksichtigt.
Die Bank wird fast sicher an seinen Interessen verkaufen, einschließlich von allen Aktien, vor allem von der Niederlande ABN Amro, die vor einem Jahr gekauft wurden.
In der letzten Woche begann die Aktionen des Fortis mit einer vertikalen Krone, ein sechs Krisesignal des Instituts, dann in der zweiten Hälfte der Woche vor.
Die Analisten sind jedoch übereinstimmen, dass die Bank mit 85 000 Mitarbeitern zu groß ist, um sie zu verletzen.
Die Aktionen der Bank sind im Freitag fast 12%, der niedrigste Punkt von 14 Jahren.
Seit Januar wird der Wert der Aktionen mehr als zwei Dritte verringert.
Die gegenwärtigen Aktionspreise sind rund 14 Milliarden Euro zu berücksichtigen, aber nach den Bankführern dieser Wert ist dieser Wert nicht real.
Das Unternehmensvolumen beeinflußt die Fortis-Aktionen für die Unsicherheiten des Auswärtigen Marktes, wobei das amerikanische Plan von 700 Milliarden Dollar beschäftigt wird.
Mittwoch hat der Titel langsam wieder ausgegangen.
Mittwoch, Philp Dierckx wurde ein neues Delegiertes Verwaltungsmanager der Bank benannt.
Das Finanzinstitut hat auch private Käufer gesucht, aber bisher wurde keiner mit einem ärztlichen Angebot vorgestellt.
Die belgische Regierung hatte bereits vorher sichergestellt, dass die Investoren nicht fürchten, Geld zu verlieren.
Die Bank-Klanzen wurden nicht unterschieden, die Tochterarten wurden nicht zugeordnet.
In Ungarn hat die Fortis für Selbstbesitzer in Ungarn auch Liasing-Reservierungen gekauft.
Die Wälder in der Küche
In Amerika sind die Versicherungsversicherungen über das Leben und die Gesundheit auf der Grundlage von Daten von medizinischen Erwerb von Personen oft abgelehnt, einen Versicherungsvertrag zu verbinden.
Aussätze von Privatsphäre sind der Auffassung, dass der Datenmarkt begeistert werden kann.
"Es gibt ein Privatsphäresprogramm, das die Verwendung der Daten für Arzneimittel in jedem Fall von der Genehmigung der betroffenen Person abhängt.
Dieses Programm muss in unabhängigen Händen sein, sonst ist es, wie man die Flammenverschmutzung zuverlässigen" - schrieb Washington Post, indem Sie Richard Dick Autor des Programms übermitteln, um die Anforderungen der Arzneimittel zu befolgen.
Die Versicherungsgesellschaften unterrichten die Versicherungstarife und die Zahl, die für die Gesundheitsstatus des Kundengerichts angegeben wird, und wenn sie zu hohen Risiken die Versicherung nicht schützen.
Vor der Zeit musste der Kunde nur nach dem Ausgang der Untersuchung ein medizinisches Besuch unterrichtet werden.
Vor 10 Jahren hat Dick ein viel wirtschaftlichens Verfahren gefunden: auf der Grundlage des Kunden-Identifizierungscodes können Sie einfache Informationen über die Arzneimittel, über die die Medikamente im vergangenen Jahr und halb erwerben, und aus diesem Programm zeigt, welche Krankheiten erleichtert und in welchen Gesundheitsbedingungen erhält man.
Wenn sie regelmäßig große Mengen Kohle-Reductoren erwerben, bedeutet das, dass die Fettstufe im Blut in der Praxis ungewöhnlich hoch ist und in der höheren Risikokategorie aufgenommen wird.
In dem Handel gibt es mehrere Versionen des Programms, einige bestimmen auch das Risikoversicherungsversicherungsversicherungsversicherungsversicherungsversicherungen. Daher bleibt es nicht viel, obwohl wenige Schwierigkeiten auftreten.
Einige Medikamenten sind für mehr Ziele verwendet, z.B. einige Komponenten sind für die Emixion oder die Wärme von Wärme, aber auch gegen die Depression wirksam.
Dieses Versicherungspunkt - handelt es sich um eine Erhöhung von Risikofaktoren, die ersten zwei nicht.
Für die Anfrage und die Erarbeitung von Daten sind die Gesellschaften teilweise formatiert und diese, bevor sie von den Arzneimitteln die erforderlichen Informationen erreichen, fragen sie die Genehmigung des Patienten.
Die Behörden verpflichten sie jetzt, es zu tun, obwohl sie bisher nicht viel für Unglücke beeinflussen.
Einige, die zuletzt beschrieben sind, entwickeln auch das Ergebnis der Laborsuntersuchungen und verbinden sie mit der medizinischen Konsumdaten, um eine präzisere Bilder der Gesundheitsstatus der Patienten zu gewährleisten.
Sie haben immer Zugang zu Daten und Parallel die Verwendungskontrolle wird immer schwieriger sein.
Es gibt ein Gesetz über die Privatsphäre, aber seine Gültigkeit ist nur für Gesundheitsdienste und Versicherungen.
Im Congress gibt es einen Gesetzvorschlag, der den Behörden der Kontrollbehörden für die in der Datendienstleistung beteiligten Unternehmen gibt.
Richard Dick erlaubt, dass nicht genug ist: Daher hat er ein Programm entwickelt, das die Daten mit der Annahme von der betroffenen Person verbindet.
Eine weitere Frage ist, dass die betroffene Person die Annahme nicht so viel verleugnen kann, weil die Versicherungsversicherungsverträge anders nicht beschrieben werden.
Dann sind die Gallen am Ende der Flüsse zuverlässig.
Globale Markierungsmenü
Die Europäische Union und die Indische Vermögenswerte
Da die Europäische Union und Indien Partner sind, die insbesondere miteinander handeln, sind auch die Tagesordnung des neunen Treffens zum Obersten von diesem Thema, außer alle anderen globalen Probleme.
Es wird heute einen französischen und indischen Stuhl sein, der zuerst die Zusammenarbeit über die Atomergie führt.
Die Europäische Union erkennt die Tatsache, dass Indien eine große Demokratie wird, an dem in internationalen Angelegenheiten mehr stimmen sollte, aber die Mitgliedstaaten haben noch nicht beschließt, um zu unterstützen, ob neue Delhi als Ständiger im Sicherheitsrat der Vereinten Nationen zu unterstützen.
Daher hat sich diese Frage in der neuner Jahre in Marsilla georganisierte Summe nicht bekräftigt.
Der französische Präsident Nikolas Sarkozy, der Präsident der Union, José Manuel Barroso Präsident der Kommission und Javier Solana der Außenminister Manmohan Singh erhielten, mit dem sie die Vereinbarung von fünf Jahren erzielt haben, um bis zu 100 Milliarden Euro zu erhöhen.
Die Austausch von Waren ist zwischen 2000 und 2007 von 25 bis 55 Milliarden erzielt worden, so ist es nicht zu ambitiv.
Daher haben sie die 26 bilateralen Zivilabkommen von Flugzeugen im Rechtsbereich einvereinbart, sodass auch der Flugverkehr in Zukunft nimmt.
Indisches Ende 2009 möchte das freie Handelsabkommen mit der Union untertekenen.
Sarkozy hat versprochen, das Vereinbarung zu beschleunigen.
Das Ziel ist die Bilanz, denn während die EU den ersten Handelspartner in Indien ist, ist New Delhi nur die neunzige Stelle zwischen den Partnern der EU.
Der Oberste hat sich auf die globalen Faktoren beobachten.
Die Lage in Afghanistan und Pakistan und dem Terrorismus, der in allen ihren beiden Formen verurteilt wurde, und die Zusammenfassung einer Vereinbarung der Vereinten Nationen beschäftigt hat.
Sie haben die Schlussfolgerung des kommerziellen Rounds beraten, obwohl beide Parteien eine Rolle haben, um dies zu verhindern.
Die EU hat bekräftigt, im Energie- und Klimaprogramm fortzusetzen, so würde die Emissionen von schädlichen Stoffen im Jahr 2020 um 20% verringern.
Auch Indien ist darüber übereinstimmend, wie auch über die Tatsache, dass eine globale Vereinbarung auf die Klimakonferenz für das nächsten Jahr eingeführt werden sollte und über 2050 die Herstellung von Rohrgas verringern.
Sie wollen auch die Erhöhung der Preise der Lebensmittelerzeugnisse beeinträchtigen und haben die Ernennung einer internationalen Sitzung zur Bewältigung der Finanzkrise unterstützt.
Der erste Indische Minister wird heute in der französischen Kapitäne erreichen, in dem in einer bilateralen Zusammenkünfte ein Vertrag über die friedliche Nutzung der atomischen Energie bereit ist.
In Paris wird gehofft, dass die französischen Kernreaktoren eine Verwirklichung des Wertes von 20 Milliarden Euro erreichen.
In Anbetracht unserer Druckagentur würde das Abkommen 15 Jahre lang dauern.
In Francofort über 300 italienische Editor
Stärke der italienischen Editoren an der Internationalen Fare des Buchs Francoforte.
Die italienischen editors werden mehr als dreihundert den 60. Editionen des Buches, die die wichtigsten internationalen Austausch für den Austausch der Rechte erzielt.
Die Internationale Fiera des Buchs von Francoforte wartet für diese Ausgabe über 7 000 Ausstellungen von 101 verschiedene Ländern, die die 171,790 m der Fiera beschäftigt werden, mit mehr als 403 000 Tipps und der Türkei als ehrgemäße.
Es wird dem Subsekretär des Ministeriums für Beni und die Kulturaktivitäten Frankreichs Maria Gio, das italienische Regierung in der Inauguration des italienischen Paddeliens zu vertreten: Italien wird in der Tat mit einem italienischen - 264 Meter ausgerichtet werden.
Er wird die Präsidium bei der Strukturraumstelle in 5.0 des Buchhauses folgen: Dies wird die Gelegenheit sein, Zahlen, Trends und Perspektiven zu dem Zustand der editorien in Italien zu präsentieren.
Gemäß den Daten wird das Gewicht der ausländischen Autoren über die Gesamte der italienischen Produktion, insbesondere für Erwachsene und Kinder dauerhaft verringert.
Das Flugzeug von Steve Fossett wurde vor einem Jahr verloren.
Es wurde das Flugzeug von Steve Fossett gefunden, das Milliarde, das am 3. September 2007 verschwand, während er in die Wüste Nevada fliegte.
Die Routen wurden auf einer Höhe von 3000 Metern hoch in der Sierra Nevada von Mammoth Lakes, im Grenz zwischen Kalifornien und Nevada.
In dem Flugzeug waren aber keine Menschen übrig.
Der Schekrift der Madera County, John Anderson, floh die Zweifel, die noch bleiben: "Die Luft ist örtlich gelegen, haben wir eine Team geschickt, und jetzt haben wir die Bestätigung, dass es genau um das, wo Steve Fossett die Tage, in der er ausgegangen ist" sagte in einer Druckkonferenz.
Dies hat daher festgestellt, dass Menschen noch im Flugzeug noch in die umliegende Gebiete nicht zurückgekommen wurden.
Der Milliarde, 63enni, wurde im Februar tot gegeben.
Das amerikanische Verkehrssicherungsamt (Ntsb) hat erfahren, dass einige Stunden nach der Absicht der Rebellion ein Team von Anfragern geschickt wurde, die dann das Apparat identifiziert hat: Das ist genau das Bellanische 8kkab, vom 3. September 2007, als Fossett von Yerington in Nevada von drei Stunden flog.
Gestern in Kalifornien wurden einige persönliche Auswirkungen von Fossett in der Nähe ihrer Wohnung von Mammoth Lakes zurückgekommen.
Es handelt sich um zwei Dokumente mit dem Namen von Fossett, beide von der Bundesaution Aviation Illinois, von Geld in der Lage und einer Schicht.
Die Fossett-Suchen wurden ein Monat nach seiner Verabschiedung unterbrochen.
Die Milliarde wurde in der Geschichte eine lange Reihe von Prinzipien erworben.
Im sechsten Versuch war der erste Mann, die Welt auf einem Flughafen zu erfüllen: zwei Wochen im Flugzeug.
Nach drei Jahren hatte er die Welt in der Luft und ohne Szene gemacht.
In den vielen Rekorden, auch das, was er auf 15,445 Meter hoch bewegt hat, über Ande, aber mit einem Kumpel.
Glk, die Werbung, die Sie nicht erwarten
Ein Suv außerhalb des Schemas mit einem ursprünglichen Design und gut definiert durch Zehnlinien, große oberen und netten Ecke.
Dies ist der letzte Geburtsort Glk, der zwischen den "Compatienten" Offroads des Sternehauses, mit dem Mercedes-Benz versucht hatte, eine Neuigkeitsverkäufe in diesem Bereich zu geben.
Insbesondere für seine Inhalte außerhalb der traditionellen Kanonen wird auch die Mitteilung, die der Suv Glk lannt, in der Mercedes-Benz-Showroom am nächsten 17. Oktober verfügbar ist.
Die Werbung, die das Neufahrzeug verabschiedet wird, wird auch durch eine 3D-Aufnahmeskampagne, die für den ersten Mal in Italien mit einem Automobilbrand verwendet wird.
Ein Projekt von Maxi-Fressionen, das in drei verschiedenen Fakten gebildet wird, was die zentrale Milanische Shopping, Corso Wie bis zum 15. November kontrolliert wird.
Die erste Phase dieser neuen Kommunikation wird mit der Präsentation des Autos in stereoskopischen Vision beginnen und mit besonderen Augen, die in Corso verteilt werden, wie Sie das neue Suv in fast realem und dreidimensional Format sehen können.
In der Tat wird das Bild aufmerksam sein, dass das Auto aus dem Bescheinigungsausdruck aussteht.
Dann wird durch die Verwendung der Innovationstechnologie Elumina8 das neue Glk in verschiedenen Zeiten in allen Einzelheiten erleuchtet und dann wieder in ein einziges Bild zurücktragen.
Mercedes mit dieser Werbung versucht, etwas wieder in die Sterneotipatenfelder der Automobilgesellschaft zu bringen.
Wir werden das Interesse der künftigen Erwerbstätigkeiten wiederholen.
Hier sind die italienischen Hooligan
Von Triveneto, sie riskieren das Derpo.
Aber wer sind die 150-200 Jungs und Mädchen, von denen ganz Italien jetzt schrecklich ist? Es sind Teil der Gruppe "Urras Italien", die seit Jahren die Nationale Schwangerschaft folgte und die für die Wahrheit noch nie überwiegend Probleme erschaffen hat.
Er hat nie mit Nerven-Typs gegessen.
Die Austausch der Gruppe ist rechts.
Die Promotoren kommen aus dem Triveneto.
Von Verona, Padova, Trieste und Udine.
Zu diesen in Sofia werden von Campanien und Puglia ergänzende Gruppen (keine Einheiten, in Wirklichkeit) hinzugefügt.
Es gibt dreicolore Blocks, in denen die Städte der Herkunft der Militärer zählen: Samstag wurden aufgenommen, um nicht zu identifizieren.
Sie ermuntern sich an der Englischen Tifoserie.
In Bulgarien fanden sie eine Tifose von wahren Nazististen, die im Levski.
Die Figc hat die italienischen 144 Bücher für das Spiel zur Verfügung gestellt: alle nominativen, d.h. leicht zu überwachen.
Und der Viminale hatte sie alle gekontrollt: unter den Parteien von Sofia war es niemand mit einer zeitgenösslichen Erdbeben, der von der Häufigkeit einer Zeit beschädigt wurde.
Vier Eisenbahnen, die vor der Stadiumsachen vorher waren, wurde das Bletze abgelehnt und die Übertragung verhindert.
Die Viminale wartet, die von der Bullgara Polizei zu lesen, dann wird sie Maßnahmen treffen. In diesem Fall kann man das Depo für mindestens fünf Jahre bei den gearmten oder denjenigen, die in Unordnungen identifiziert worden sind.
Ein internationales Defizit, das nicht nur die italienischen Stadium, sondern auch die ganze Europa beeinträchtigt.
Unsere Hooligans werden nicht mehr in einem Stadium Fuß geben.
Glückwunsch.
Aber jetzt gibt es Angst, Emulation. Das ist also, dass diese wenigsten hundertfünfziger, die andere hinzufügen.
"Wir müssen dieses Feuer unverzüglich ausschlagen und nicht lesen, wer sich so beschäftigt", beschrieben Viminale.
Also, "sehr gut, vor allem im Hinblick auf das Montag National in Lecce".
In Puglia gibt es eine kleine Kette von Unterstützern in Italien.
Am Morgen vereinbart sich der Beobachtungsbeobachtungsbeobachtung, der auch auf einer Sektion von Asys konzentriert werden kann, d. h. geheime Dienstleistungen, die sich aus Stadiumproblemen beschäftigt.
"Die Herzer der Duce-Duce und die berühmte Arme während des Mameli Inseln? In Bulgarien ist es nicht..."
Dieses Denkmal (esagte wirklich wenig glücklich) von Sonntag Mazzilli, vor wenigen Wochen Direktor der Viminale Observatory (Er nahm den Ort, den er vor Frankreichs Tagliend war und dann von Felice Ferlizzi).
Vorhersag war Trieste, wo im Jahr 2002 ein Teil von Teilnehmern der Urras-Gruppe Italiens gegründet wurde.
Das ist wahr, wie Mazzilli sagt, dass in Bulgarien nicht in die Duke stattgefunden ist, aber das Verhalten der 150-200 Tifoss wurde verwirrt.
"Ich mache nicht die Sociologie - füge der Beobachtungsstelle Nr. 1 hinzu - die Reaktionen sind in das Land, in dem die Tatsache stattfindet.
Bis jetzt ist diese Gruppe in der Regel geblieben, und wir werden jetzt sehen, was passiert ist, und wir werden für die Zukunft wert werden.
Aber wir reden auch von den Fischen an der Insel von Mameli: auch die sind nicht enttäuscht, aber wenn Sie mir zulassen, bin ich nicht Bildung... "
