Trinfo della destra popolare in Austria, insieme al 29 %
Le elezioni precedenti al Parlamento austriaco hanno portato ai primi risultati approssimati, un apprezzante debilitazione di entrambi parti della grande coalizione attuale e un espresso rafforzamento del partito del diritto popolare.
Una perdita forte e speciale ha soffreto il Partito Popular Australia (OVP), dove si è assolutamente attaccata la posizione del presidente attuale, Wilhelm Molterer.
Al contrario, il dirigente dell'Assemblea per il futuro dell'Austria (BZO), il capo del governo dello Stato di Caricina, Jörg Haider, prepara il suo ritorno triunfo alla politica nazionale.
Secondo i risultati approcci, la democrazia sociale (SPAU) rimane come il partito più forte nel paese con un 29,8 per cento di voti, quindi ha richiesto un 5,5 per cento di voto in confronto con le ultime elezioni del 2006.
Più è ancora finito l'OVP che ha richiesto un 25,6 per cento, quasi 9 per cento di voti.
Sono i peggiori risultati, letteralmente catastrofi, nella storia di questi due grandi partiti australici dalla posggeria e soprattutto per i popolari che hanno radunato queste elezioni anticipate.
Al principio di luglio, quando l'OVP era uscito dalla coalizione, i popoli erano in termini di preferenza rispetto al SPO, un vantaggio significativo.
E' chiaro, tuttavia, che i voti li hanno puniti per lasciare che il governo ne avvalgasse.
Le prime reazioni ai risultati sono state già lasciate sentire speculazioni sulla dimissione del presidente del partito e, fino ad oggi, vicecanciller, Wilhelm Molterer.
Gli osservatori credono che questa luna possa essere raggiunta nella riunione esclusiva della presidenza del partito.
Tale evoluzione, ovviamente, agevolava la strada del punto di partenza costante e più vicino dei risultati elettrici, vale a dire la rinnovazione della grande coalizione tra SPO e OVP.
Considerando che il rafforzamento dei due partiti della destra popolare - i liberali (FPO) ha ottenuto circa 18 per cento e BZO, uno per cento dei voti - e che i socialdemocrati, allo stesso tempo, hanno espresso i temi che si riprese lo stesso anno 1999 quando i popoli hanno negoziato con i popoli (con il FPO era un'unità, ma nel 2005 si è delegato da BZO) per un governo di coalizione che è venuto a generare una sanzione da parte dell'Unione europea.
Per questa evoluzione è chiaro Haider, che ha già annunciato che è pronto a collaborare con ogni partito e che già si ritorna a Vienna, alla politica nazionale.
Anche il Partito Verde ha conseguito arrivare al Parlamento, anche se ha perso lentamente e è sceso dal terzo al quinto posto tra i partiti politici austriche.
Nessun altro partito ha chiaramente superato il limite del 4 per cento e quindi non è parte del Parlamento.
Neroenberg: le relazioni con l'India possono essere riprodotte
Se non si risolve il problema degli scienziati che sono stati accusati nell'India per raccogliere illegalmente scarabeti potrebbero raggiungere le relazioni checo-India, secondo il ministro degli affari esteri, Karel Blackenberg.
Così il ministro a New York, dopo aver incontrato oggi con il suo omologio indiano, Pranab Mukherjee.
"Se questo non si risolverebbe allora, allora, se si raggiungesse sicuramente a questo rilascio", ha constatato dopo la riunione che è stata organizzata da iniziativa ceca.
Mukherjee ha detto che nelle questioni giuridiche puogravemente mettere l'esecuzione.
Tuttavia, ha dimostrato che nel caso di Petr Úvácha, che era stato esentato di accusa e punito con una moltitudine, il governo può negoziare con il governo locale di Darjiling in cui la giurisdizione reca la questione.
"Il suo problema potrebbe essere risolto", ha detto il ministro.
Per Emil Kučera, condennato a tre anni di prigione, sarebbe meglio, secondo Mukherjee, di approfittare alle più alte intenzioni.
In seguito si può chiedere l'esenzione della causa e aspettare in libertà la sentenza, esplicito.
Blackenberg ha confermato che il suo collegio si è espresso nelle stesse stesse condizioni durante la riunione.
"Accorre la Corte Superior e poi sarebbe possibile il discorso", ha detto il capo della diplomazia ceca.
L'unico modo in cui la parte checa può entrare in questione è in seguito al giudice di un "assistenza giuridica competente", ha dimostrato il ministro indiano.
Inoltre, ha detto che questo tipo di sostegno è già conseguito dalla parte dell'India.
"Noi abbiamo il più importante interesse di mantenere con l'India le migliori relazioni che hanno una lunga tradizione.
L'India lo riconoscono anche", ha osservato Blackenberg.
Inoltre, come ha detto l'Assemblea, prima del suo collegio, ha sottolineato che la Repubblica ceca considera il problema degli entomologi ceco di grande importanza.
"Pensiamo davvero di un errore spavento di carriera e di condannare questi scienziati chiari", ha annunciato.
Il ministro ha espresso la risposta alla domanda di se ha ricevuto dalla parte dell'India la promessa di essere occupata.
"Ho ricevuto abbastanza promessi", ha solo constatato.
Un checo pensa una battaglia nel fondo marino.
Mi avvicina a una mappa elettronica di parete, in cui si rappresenta l'Australia rossa del mare.
Tuttavia, il continente non si interessa, ma un piccolo punto perduto nell'oceano blu.
"L'isola appartiene all'Australia e vicino a lei anche il fondo marino che la rodea.
L'avvocato italiano Luigi Santosuoso, che appartiene all'équipe di trenta membri che lavorano nella Divisione delle Nazioni Unite per i diritti dell'Oceano e del Mar.
Il suo capo, direttore della Divisione, l'avvocato Checo Václav Mikulka, continua l'esposizione e a volte la completa.
Gubierna questo talento e entusiasmo di lavoro.
Il fondo marino nasconde fino ad oggi un mondo poco conosciuto, ricco in fonti naturali.
È possibile trovare petrolio e altre materie primarie minerali, ma anche organismi sconosciuti fino ad oggi che portano la chiave per lo sviluppo di medicinali contro il cancro.
Il fondo è più grande che la terra solida
I paesi costi hanno iniziato oggi a discutere in maniera rapida i nuovi territori sotto il mare.
Secondo il trattato dell'ONU, questi diritti sono utilizzati nel 1982 a Montego Bay in Jamaica.
Si tratta di fondamentalemente del nome Borde continentale, che a volte si estende a alcuni centinaia di chilometri dalla costa del paese dato.
Il Trattato ha i diritti esclusivi in tutte le risorse del bordo continentale.
"Senza dubbio, da bordo continentale si comprende la parte del fondo marino e della sua superficie, che è naturale del continente sotto l'acqua.
Si avviene fino alla frontiera della costa del mare, e spesso fino alla frontiera dei duecento miliardi marini, ovvero, pura zona economica", spiega Micolka.
La richiesta che il paese ha presentato alla Commissione, per la delimitazione dei limiti esterni del bordo continente, deve essere trasmessa con documentazione scientifica basata sulle indagini e sulle misure.
E' il risultato di una serie di anni di preparazione di lavoro.
"Uno dei nostri compiti è organizzare una commissione di assistenza tecnica e giuridica.
La Commissione ha presentato fino ad oggi cinque domande della Russia, del Brasile, dell'Australia, dell'Irlanda e della Nuova Zelanda.
Ora solo gli ultimi tre paesi sono usciti in avanti», aggiunta Mikulka.
Non fa molto, il successo dell'Australia ha avuto un impatto mondiale, poiché era il primo che è stato essenzialmente ampliato il suo dominio marino.
Tuttavia, anche nella Nuova Zelanda, la superficie di fondo marino che gli ha tenuto la commissione per la settimana scorsa è di 1,6 milioni di chilometri quadrati, vale a dire, quasi sei volte più di la dimensione del proprio Stato.
I due paesi hanno investito milioni di dolore per studiare.
Il vantaggio che sarà eliminato dall'uso del fondo marino sarà, come promesso, invalido.
Altri Stati hanno anche presentato poco le sue richieste.
Possono effettuarlo fino ai dieci anni dal momento in cui hanno ratificato il Trattato di Montego Bay.
Dove il bordo continentale inizia la regione del fondo oceano dichiarata dal Trattato come "eredità comune dell'umanità".
Non c'e' nessuna nazione una posizione esclusiva.
Il diritto di esercizio in queste zone lo amministra i Trattati istituiti dalle istituzioni internazionali.
"Il fondo marino, tuttavia, non è alcun minimo d'oro", dice il direttore Mikulka, aggiungendo "che le loro zone separate sono legalmente limitate e chiaramente limitate e il suo regime definito da contratto".
I Cook nel Pacifico
E oggi, una parte del fondo marino appartiene anche alla Repubblica ceca.
Sono ripartiti con altri paesi di allora Blocco dell'Est all'interno dell'organizzazione comune "Intercean metal".
Lo ha conseguito nel 1991 con un Trattato come investitori lo stesso che altri pochi Stati, chiamati "l'inversione pioniere".
Ha il potere di esplodere nella zona di ClarionClipperton nell'oceano Pacifico, tra Messico, le isole Hawai e Kiribati.
L'area da esaminare dall'inversione è qualcosa più grande di la vecchia Checoslovaquia.
Il fondo è inaccettabile, e' qualcosa come una replica marina dei Tastra.
"Si può esplodere una superficie di espansione totale di 75,000 chilometri quadrati.
La zona è ricca nei luoghi di concrezione polimetalica contenenti nichel, cobre, cobalto e manganato", aggiunge l'avvocato indiano, Pakshi Rajan.
Un lavoratore macedonio della Divisione, Rober Sandev, ci porta un campione di questo tipo di convergenza.
Ci ricordiamo di una piccola patatea o con un po' di fantasia, il Shem, che secondo la leggenda riviveva al Golem.
Durante la liberazione delle risposte, il comando di forze speciali tedesce era nel luogo d'azione
Per risolvere la crisi di ritenuta, il governo dell'Egitto ha chiesto l'aiuto di Germania; gli esperti sono venuti.
Quando la situazione è stata grave, il comando di forze speciali era pronto, ma l'operazione non è stata realizzata.
Ogni volta si riconoscono ulteriori dettagli sulle circostanze della liberazione di 11 turisti in Egitto.
Secondo i dati del ministero di difesa e del ministero dell'interno dell'azione di salvazione, parteciparono in modo indiretto anche alle forze tedesce speciali.
Pertanto, nel luogo di liberazione, i specialisti dell'esercito di Germania e dei funzionari del GSG 9, l'esplosione di aeroporto della polizia federale, dell'Ufficio federale di ricerca criminale, erano anche gli esperti nel settore della logistica dell'istituzione beneficiale.
Come informavano i portafogli del ministero la notte, le forze tedesce non erano necessarie perché, tenendo conto di una liberazione violenta, lasciarono andare ai loro prigionieri e fuggire.
Il governo dell’Egitto ha accettato l’aiuto della Germania per l’uso di un sostegno al posto.
"Sfortunatamente non è arrivato quel momento," ha detto un portafoglio del Ministero Federale dell'Interior.
Il 19 settembre in mezzo all’Egitto, gli ascensori avevano riportato un gruppo di viaggiatori composto da 5 tedesci, 5 italiani, una Romana e dei suoi 8 Egittoti.
Dopo il seduttore nella regione del deserto del sud dell'Egitto, i reni li portarono da un lato all'altro nella zona frontiera tra l'Egitto, la Libia, il Sudan e il Chad.
L'identità dei titoli è stata sconosciuta fino alla fine e i dettagli della liberazione o dei possibili pagamenti di riscatto.
Mentre le persone salvate e salvate arrivarono a Cairo.
Steinmeier ha detto che i ritenuti liberati erano sotto la protezione dell'impiego di Germania.
Non ha detto nessuna parola sui dettagli della liberazione.
In primo luogo a Berlino non c’era alcuna informazione sul loro giro in Germania.
Secondo la giornata "Piglio", 5 turisti e forze speciali devono tornare in Aerobus dalle forze aeree di Germania e arrivare in Germania il martedì.
La Camera dei rappresentanti degli Stati Uniti non approva il pacchetto di salvazione
La prima stanza del Congresso degli Stati Uniti ha lasciato sfociare un grande pacchetto di salvaguardia di 700 milioni di dollari per i mercati finanziari.
Il Dow Jones e' caduto molto drasticamente.
La Camera dei rappresentanti degli Stati Uniti ha respinto 227 voti contro 206 il pacchetto del governo per la salvaguardia dei mercati finanziari.
Nonostante tutte le chiamate del Presidente George W. Bush e di un ex politico di entrambi i partiti, la maggioranza non è stata in grado di limitare il disavanzo nei mercati finanziari.
Con un'azione drammatica, i defensori sfuggiti hanno ancora cercato di convinre i critici di accettare il grande pacchetto di 700 milioni di dollari.
Barney Frank, il dirigente dei negoziati democratici ha chiesto ai deputati di fare una votazione, sebbene il piano non è così popolato.
"E' difficile ricevere l'adozione politica per evitare una cosa che non è ancora accaduto assolutamente", ha approvato.
Durante la votazione, il Dow Jones è caduto a più di 6 per cento o a 600 punti.
La causa è stata le preoccupazioni degli investitori che il pacchetto di salvaguardia statale potrebbe frarre.
Si è risolto alla fine della votazione e dopo che la frase è stata pubblica, si è caduta di nuovo.
Gli esperti hanno ulteriori ostacoli sui mercati finanziari internazionali.
Per lasciare entrare nel programma in vigore, è necessario avere l'approvazione sia della Camera dei rappresentanti che del Senato.
Gli organismi registrano l'aumento del numero di prenotazioni
Sembra un buon invierno per gli organismi di viaggio tedesco:
Secondo uno studio, il volume di vendita delle prenotazioni dei viaggi per i prossimi mesi ha aumentato in comparamento con l’anno scorso - anche il tempo di inverno in più del 30 per cento.
Secondo uno studio, nonostante la coycenza debilitata, il desiderio di viaggiare dai tedeschi è come prima.
Come ha informato il lunedì l’associazione dei viaggi di Germania (DVR) in Berlino, con prenotazioni di viaggio per il periodo di inverno, gli agenti di viaggio hanno registrato un volume di vendita che è il 31 per cento di più nella comparazione con lo stesso periodo dell’anno scorso.
Secondo l'istituto di ricerca dei mercati GfK, le prenotazioni per i mesi dell'otto sono state già sottoposte a numero.
Pertanto, il volume di vendita delle agenzie di viaggio nel ottobre era quasi una volta in cento rispetto al 2007, ha informato il DVR.
La base dei risultati costituisce cifre di GfK che sono le informazioni analizzati sulle riserve in 1200 agenzie di viaggi e compatibili approssimatamente per tutto il mercato.
I dati raccolti sono le prenotazioni dei viaggi effettuati fino alla fine di agosto 2008.
Per quanto riguarda il tasso di disabilitazione del dollaro su tutti i viaggi negli Stati Uniti, il DRV ha informato.
In questo caso, il numero di prenotazioni ha aumentato quasi un terzo.
I punti di destinazione preferiti dei tedeschi sono non solo la Spagna, la Turchia e la Grecia, ma anche le regioni della Germania.
In base a tutti i viaggi organizzati sono molto preferiti, spiega Klaus Laepple, presidente del DRV.
Considerando che i prezzi di energia e di alimentazione aumentano, in questo caso, le spese di viaggio sono " migliori calculabili per il cliente che durante un viaggio individuale".
Tra le altre cose i consumatori possono fornire soldi con centinaia di riserve anticipo o con offerte All-Inclusiva, ha spiegato Laepple.
Nel corso dei mesi di sera, i viaggi erano ben preservati, in modo che il volume di vendite in comparazione con l'anno scorso è tornato nuovamente - seguendo un altro studio il numero dei tedesci che facevano un viaggio, confrontando l'anno scorso, si è abbattuto.
Il mio primo ottobrefest
I giardini delle feste sotto il cielo aperto nel Balneario senza fine, il cervello in giardini di un litro e le persone famose vestite in tracce tradizionali di designatori.
Un debuto in una scena di campagna.
Realmente Susanne Kronzucker e io non abbiamo molto in comune.
Esso è rubina, la moderata nella televisione e porta un tratto tradizionale bávaro a misura.
Ho il capello di colore oscuro, sono studente e il mio vestito è già usato.
Ma c'è una cosa che: nonostante siamo in tenda di campagna, i fotografi ci hanno già raggiunto e hanno riempito le carte di memoria con le foto - è molto lisoner tutto perché sono la prima volta a ottobre.
Si tratta di amici.
Le tracce tradizionali bávaro barato sembrano soddisfare la sua funzione.
In realtà, come turista nell'ottobre settentrione della Germania, la mia sensazione di beneficere con una tragedia tradizionale bàvaro fino ad oggi era ancora limitata.
Ma dopo arrivare al Prado di Teresa, tutto non e' cosi'.
Invece tutti portano le tracce tradizionali di battaglia o pantaloni di cuoio; nessuno sembra essere danneggiato o sentito disgraziato - tutto è assolutamente normale.
E' solo il mio tronco che mi riesce a guardare raramente all'interno di uno stato di piante nel chocolato.
Una cittadina chiama la mia attenzione sul mio mantello che ho vestito in modo sbagliato: "La parte sinistra è sola, la metà è la virgenza, nella parte destra è coinvolta, dietro è vedova."
Oh, mio Dio, ora mi sono abbandonato dietro a sinistra.
"Sì bene", lo dice "non c'è nulla.
Gli altri non si preoccupano molti dei metodi sostanziali per volare e portare le orpe dove è scritto: "Pi bere da vestire!" e mostrano, senza chiederli, il loro culo nudo.
Un ragazzo che si comporta in modo espositivo si chiama Bob, è di Inghilterra e è anche per la prima volta nel ottobre.
Sembra "gorgeous", che pronuncia con una "o" molto lunga.
L'ho capito dopo aver messo il suo vaso da un litro di cervello che ha finito di bere.
L'ha posto direttamente sulla parte della bocca di fuoco, la maggior parte pensa che questo sia un cubo di bastone.
Allora Bob è una delle persone famose che sanno bere molto.
Gli altri non hanno molto fortuna e non possono consumare tanto alcool.
L'ottavo di notte i gruppi di sanitarie corrono dal posto di festa e devono preoccuparsi dei poveri.
I sanitari si trovano sempre in gruppo - di repente sono sempre quattro persone che portano le strade coperte da una tenda di campagna all’altra.
Questo funziona come con la maggior parte dei visitatori: arrivano sobri, tornano a riposo.
Non vedrà chi soffre i livelli dell'alcoolemia e si trova nelle strade.
"Io sono quelli che "non possono più", mi ha risposto un sanitario, rispondendo alla mia domanda e si è sconvolto in un sacco.
Numero di incidenti identificati dalla polizia
È stato identificato la piatona di 63 anni che ha fallito nell’ospedale dopo essere colpita da un veicolo nel condotto di Essex.
Carole Paulson, di Chelmsford Road, nella città di Brentwood, è stata coinvolta nell'incidente che si è verificato a Shenfield Road il lunedì sera.
La donna è stata portata all'Hospital di Queens a Romford, ma dopo morirono.
Dopo l’incidenza, un uomo di 51 anni è stato arrestato sotto la sospetta di comportamento neonato.
Da allora è stato messo in libertà sotto fidanza.
Turchia amplia i suoi diplomi diplomatici
Molto prima che la Turchia non sia membro dell'Unione europea, le potenze europee desideravano passare all'interno di questo paese.
Nella parte orientale del Bosforo, forse a soli 20 passi all'interno dell'Asia, si trova uno dei più interessati della disastrosa ambizione imperiale.
La stazione di treni di Hydarpasha è stata designata da due architettori tedesco, Otto Ritter e Helmut Conu, in stile neo-renacentista.
Almeno, questo e' quello che le guida dicono.
L'edificio è posta per orare la fine delle piattaforme e porta in avanti due turche, una per ogni spiaggia, comparendo a tutti un tipo di appuntamento tedesco.
La pietra e' svegliata.
L'edificio nel suo complesso è un po' diciotto.
Ma una volta superata la tasca a bowed, non c'è dubbio che sia stata la grandezza dell'azienda che questa era la porta più occidente.
La stazione è stata inaugurata in agosto del 1908 dal consorzio tedesco Anatolia-Bagdad Corporation.
La Germania, un "lacomer" nel gioco imperiale, aveva l'ambizione di dominare il Medio Oriente attraverso questo ferroviario che si trovava fino a Damasco, Bagdad e più all'Arabia Saudita.
Tuttavia, le ambizioni di questa Germania imperiale hanno sofferto durante la prima guerra mondiale.
I loro viaggi freschi sono stati attaccati da Lawrence Arabia e i suoi Arabi irregulari.
Per quanto riguarda l'isolamento delle regioni circunstante, generata dalle frontiere congelate della guerra Fría, è caduta sotto
il dominio britannico e quando le forze avanzarono in Egitto, hanno incastrato i turchi e i loro soci tedesco fuori Palestine e Siria.
Le notizie erano anche cattive per la stazione di Hyderpasha.
Nel 1917 un treno di munizioni scatenò di distruggere il suo tetto elaborato.
Le fonti turche hanno notato che si trattava di un sabotaio.
Da allora la stazione si svegliò e si rimase al margen della storia.
Ma oggi, questa ferroviaria, porta d'ingresso all'Anatolia e a tutti i centri orientali, si servi - almeno simbolicamente - a sottolineare la volontà della Turchia di ampliare i suoi orizzoni diplomatici.
Il Partito di giustizia e sviluppo, che è il governo, ha pianificato una nuova politica estera per il paese.
L'isolamento relativa delle regioni circunstante, generato dai fronti congelati della guerra della Forza, è stato sfuggito.
Ora c'è una nuova politica di cooperazione.
Il governo turco mantiene in modo eccellente buone relazioni con Israele e Siria, con entrambi i fattori palestinesi di Hamas e Fatah, con l'Iraq e l'Iran e, naturalmente, con l'Unione europea e gli Stati Uniti.
Per valutare i parametri di questa nuova politica estera, mi sono salito a una lettera e sono andata alla capitale turca Ankara per visitare uno dei capi dell'AKP, esperto in politica estera, il Primo Ministro della Turchia Suat Kiniklioglu.
La mattina successiva - una dieci ore e mezzo tardi - dopo un viaggio di sacudida, che ha fatto le cadenze del mondo vecchio nel famoso documentale The Night Mail, ho arrivato alla capitale turca - una nuova città, pensata a governare un nuovo stato secolare, lontano dal passato otomano.
Tuttavia, l'ACP, con le sue chiare razze islamiche, rappresenta un cambiamento paradigmatico nel consenso turco.
che ha suscitato alcuni sospetti a Occidente e, in particolare, a Washington.
Un taxi mi conduce al sito dell'ACP, una struttura ultramoderna di pietre e di acero - costruita ad hoc - in una sovvenzione di sviluppo, circondata da centri commerciali meridionali ed "pastiere di potere" in cui i gestori della classe media a portare le imprese - uomini e donne si riuniscono alla prima ore del mattino per mettersi in atto o fare negozi.
Il Suat Kiniklioglu potrebbe essere una politica centrale di quasi ogni partito in Europa.
Porto, cavolo, sono sicuro che ha ancora un Blackberry.
"L'obiettivo della politica estera del partito è di riinserire la Turchia nel suo vicino immediato.
La guerra di Fría era un annomalia", mi ha detto.
La Turchia è stata coinvolta nelle relazioni con il suo interno.
Oggi bisogna guardare l'oriente e l'oceano.
Non si tratta di un caso se non è verso uno o l'altro.
Deve fare due cose.
"Ma sicuramente in un momento", chiedo, "Turchia potrebbe versare un'obbligo di scegliere? "
"Turchia", rispose, "non vuole affrontare quella scelta."
In seguito, sottolinea un punto che quasi tutti i quali ho parlato fino ad ora mi hanno avuto quasi ricordato: le relazioni che la Turchia ha non solo con il Medio Oriente, ma con la regione del Caucaso e con l'intero mare nero rappresentano un vantaggio per l'Europa e gli Stati Uniti come per la Turchia.
Il messaggio sembra essere: con la Turchia a bordo, l'Europa nel suo complesso può inserire metodicamente queste linee di ferroviaria aperte dal mondo verso l'Asia orientale e verso il Medio Oriente.
Dopo una seconda notte senza dormire, il mio pensiero è tornato a due signori tedesci, Ritter e l'onorevole Conu, che hanno assistito alla costruzione di questo edificio, fa 100 anni fa.
Quanto sarebbe stato sorpreso di sapere che le ambizioni dell'Europa nel Medio Oriente sarebbero oggi nelle mani della Turchia?
E in attesa del terminale, il ferry che mi farà tornare attraverso il Bosforo, mi ricordo che in quei giorni la Turchia sarebbe stata considerata "l'uomo malato dell'Europa".
Quindi non c'è dubbio in cui sarà il continente che deve rivivere questo paese incrociato.
Vedi di ricordare: Vernon Handley e William Woodruff
Mark Brown scrive: il direttore musicale di Guildford dal 1962, Vernon "Tod" Handley (esquela, 11 settembre) era responsabile dell'Orquesta Filarmónica di Guildford e del Coro.
Come parte del progetto musicale per la citta', l'anno successivo ha fondato la sua magnifica coro di giovani, Proteus.
Dovrebbe essere per i meno di 21 anni, ma al momento in cui il Proteo ha cantato la sua fine nel 1979, molti di noi abbiamo finito i 20 anni - ci siamo rinnegati fino al coro.
Il nome di "Proteus" (per essere medologico cambiante delle forme) rappresentava la volontà del coro e della capacità di esecuzione di ogni musica che lo presenta, sia madrigal o Messiaen, indifferentemente se non sono associati o con orchestrati pienamente.
La veratilità musicale produta da questo coro di giovani fu spesso sorpresa, sempre emozionante, e tutto è stata causata dall'inspirazione di quel uomo e dall'entusiasmo per la musica che continuò a essere assolutamente costante per gli anni.
Molte volte la morte ci ha detto che "rigare la musica di parlare da se stesso".
Diceva: "Il computatore sa quello che vuole.
E' tutto qui nella musica.
Dobbiamo solo cantare!"
La sua varietà era sempre assolutamente chiara e precisa, anche se non mai imponibile, né troppo fiorita.
Ciascuna fuori il scardar musicale, ha sempre finito a un livello ancora maggiore.
John Frayn Turner scrive:
Se qualcuno dovesse essere un cavallo, e' Vernon Handley.
L'ho incontrato molto bene nel corso dei due decenni in cui ha diretto il Filarmónica di Guildford dal 1962 al 1982.
In particolare negli ultimi 40 anni, ho rivisto più di 100 dei loro concittadini e posso dire onestamente che, per nessuno, non sono mai stato deciso – altrimenti, molti volte sono stato inspirato da loro.
Handley aveva questa strana combinazione di grandezza e extrema modestia personale.
Ha odiato i guidatori che, in parole, semplicemente "vennero uno o due cavalli di guerra molto famosi in tutto il mondo".
Ci mancherà molto meno.
William Woodruff
Il professore John Beckett scrive:
Nella sua scala di William Woodruff (25 settembre) afferma che "in 1946 si rinnovarono gli studi di storia economica a Oxford e nel 1950 ha ottenuto un bicchiere di ricerca di Houblon-Norman... allo stesso tempo studiato per un titolo di licenza, uno di maestri e uno di medici".
Questo è imparato in una nota dell'autore di Woodruff a Beyond Nab End, ma non è completamente corretto.
Da 1946 a 1953 fu professore di storia economica dell’Università di Nottingham, in tempo in cui ha completato un tessuto medico sull’industria del caucho britannico, sorvegliato dal professore J.D. Chambers, e successivamente pubblicato nel 1958 con il titolo The British Rubber Industry.
Negli anni tra il 1950 e il 51 negli Stati Uniti, apprezzando una bica di Houblon-Norman e la sera del 1952 nelle università di Illinois, Harvard e New York.
Nel 1953 lasciò definitivamente Nottingham per Illinois.
La ragione perché Woodruff ha opposto di passare questa parte della sua carriera, non è stata riconosciuta.
J. Vicente Resino in Facultad di Filologia
"Recominciando l'esposizione di José Vicente Resino "Famenco e vita", perché le sue foto in bianco e nero, stile documentale, sono fantastiche.
Mi hanno chiamato l'attenzione della loro semplicità e della forza trasmessa, sempre trattando i protagonisti con molto rispetto.
Un’esposizione che mostra molto sentire.
Riino sa prendere momenti magici."
Secondo assemblea per la sopravvivenza di Honda
Nel mese di novembre Honda avvierà la commercializzazione della seconda generazione di Jazz.
Se il suo precedente era già contabile con una vasta posizione, questo nuovo monovolume presenta un spazio interno ancora più ampio.
In tutto questo si sostituisce meccaniche rifinate, che aumentano il conforto di conduzione e permetteno di risparmiare più combustibili.
Evoluzione contro la rivoluzione.
Così e' la seconda generazione dell'Honda Jazz.
Anche se la nuova Jazz presenta una linea molto simile al modello che succede, i cambiamenti introdotto in questo monovolume sono numerosi.
Fra gli altri si può indicare un design innovatore, una nuova piattaforma, dimensioni maggiori e nuove meccaniche.
Tuttavia, prima di analizzare il nuovo modello, occorre notare che questo nuovo Jazz arriva sei anni dopo l'introduzione della prima generazione nel mercato.
Di conseguenza, una prima osservazione è che Honda ha rinnovato questo modello in un termine più breve di quello utilizzato da altri produttori.
Anche se in Europa, Jazz è meno conosciuto, in altri mercati questo modello è un filo di vendite.
Questo è il caso del Giappone, il paese in cui Jazz è stato l'auto più commercializzato nel 2002 e nel corso di questo 2008.
Proprio in Giappone sono stati venduti circa un milione di unità di Jazz dal suo lancio.
Il secondo mercato è stato il vecchio Contenente, con circa mezzo milioni di unità in sei anni.
Tuttavia, Honda prevede che questo nuovo Jazz permette di aumentare le vendite nel segmento.
Pertanto, mentre nel 2007 la firma giapponese ha commercializzato un totale di 83,000 unità del Jazz, nel 2009 le estimazioni si sono attaccate a 100.000 auto, ciò sarebbe stato il 17% nel mercato europeo.
Per quanto riguarda il mercato spagnolo, Honda ha commercializzato un totale di 8 000 unità del Jazz dal 2002, che rappresenta il 6,7% del totale delle vendite di Honda in Spagna.
Per quanto riguarda la nuova generazione, i responsabili della filiale spagnola aspettano di vendere 2.000 unità di Jazz in un anno intero.
Precisamente l'arrivo del nuovo Jazz permetterà a Honda di calcolare in grande misura il declino delle vendite in Spagna.
In effetti, i responsabili del marchio aspettano di finire l'anno con un totale di 22,000 unità commercializzate, che rappresenta il 4,000 meno del 16% nel 2007.
Nonostante questo aumento delle vendite di Honda, la quota di mercato in Spagna ha aumentato, raggiungendo 1,8%, rispetto all'1,6% dell'anno scorso.
Inoltre, la firma giapponese spera di raggiungere il 2% nel 2010.
Per raggiungere questa quota Honda confida nell'arrivo di un altro nuovo modello.
Si tratta dell'Insight, un ibrido di cinque porte e dimensione compatta - 4,37 metri di lunghezza - di cui la società neponica aspetta di commercializzare circa 200.000 unità all'anno.
Per i mercati e secondo i valori del produttore giapponese, il 50% delle vendite dell'Insight sarà effettuato negli Stati Uniti, mentre il percentuale rimanente sarà ripartito tra il vecchio Contenente e il Giappone.
L'avvio commerciale dell'Insight è prevista per i primi mesi dell'anno, dopo aver realizzato la sua presentazione in società nel mese di gennaio a Valencia.
Per quanto riguarda la prima generazione, la nuova Jazz cresce in tutti i suoi conti.
La lunghezza raggiunge fino a 3,90 metri (cinqui centimetri più), la larghezza fino a 1,69 metri (due centimetri più) e la distanza tra le ecce fino a 2,50 metri, che rappresenta un aumento di cinque centimetri.
L'altezza, in cambio, non sarebbe andata e si mantiene nei 1,52 metri.
Il rapporto con l'aumento delle dimensioni aumenta anche la posizione interna.
Tale reddito deve essere, da un lato, l'inclusione di una nuova piattaforma e, dall'altro, all'introduzione del deposito di combustibile in posizione centrale, una soluzione adottata nell'ex Jazz.
Inoltre, la capacità del maltre - che conta con un sistema di doppio fondi - arriva fino ai 399 litri, 19 litro più della capacità del maltra della prima generazione.
Si deve osservare che queste misure sono dalla versione con il motore 1.4, poiché la capacità del maltrato del Honda Jazz 1.2 è di 379 litri.
Altri miglioramenti - oltre elementi esterni come leggi posteri o la possibilità di attraversare la cristale panoramica - è un miglioramento dell'accesso alle piste trasferite.
E è che le porte che dano accesso alla seconda fila presentano un angolo di apertura di 80 gradi, in contrasto ai 67 gradi del primo Jazz.
Anche i motori in questa seconda generazione di Jazz sono nuovi.
A partire dall'inizio della commercializzazione, questo piccolo modello contiene due propulsori di gasolino di 1,2 e 1,4 litri.
I due meccanici integrano la tecnologia i-VTEC che abbassa un piccolo consumo, emito meno diossido di carbonio, un'eccellente ripristino meccanico e un'alta parte in tutto il regime del motore.
La prima meccanica di 1,2 litro ottiene una potenza di 90 cavalli a 6.000 revoluzioni con un percorso massimo di 114 Nm. a 4.900 girati.
Questo propulsore - che in precedenza Jazz aveva 78 cavalli - presenta una spesa di 5,3 litri e una emissione di 125 grassi di CO2.
Per quanto riguarda il propulsore precedente, che nella prima generazione lobba 83 cavalli ora passa a 100.
Questo Jazz 1.4 di 100 cavalli lordi un consumo combinato di 5,4 litri e 128 grassi di CO2.
L'abbigliamento che impedisce la collaborazione.
Per progredire nell'evoluzione delle tecnologie per la prevenzione degli incidenti di Nissan, questa volta è stata ispirata in natura, in particolare nelle abitazioni.
La compagnia giapponese ha creato un robot che, prendendo come base il volo degli abusi, impedisce gli incidenti.
Questo è il Bio-mimetic Car Robot Drive, o BR23C che presenta il primo passo nelle tecnologie di prevenzione delle collezioni.
Gli ingegneri del Centro tecnico avanzato di Nissan Motor Co. Hanno sviluppato questo piccolo robot in collaborazione con il Centro per la ricerca scientifica e tecnologia Avanzate dell'Università di Tokio, in Giappone.
Secondo Kazuhiro Doi, il direttore generale delle relazioni pubbliche per la tecnologia e l'indagine e lo sviluppo di gestione di Marco, il BR23C è presentato come un'ampliamento dell'esplosione di sicurezza di quattro zone di Nissan.
Questo robot intende rafforzare la capacità di prevenzione delle collezioni dei veicoli del marchio.
Durante il suo volo, ciascuna abeja crea il proprio spazio personale con forme ovale che sembra molto l'Escudo di sicurezza di Nissan.
Ma il più importante è gli occhi composi della piazza, capace di vedere con un angolo di più di 300 gradi in tutte le direzioni, che le permette di volare senza interruzione nel suo spazio personale.
Per ottenere questa funzione visiva, gli ingegneri hanno designato quello che hanno chiamato un localizzatore Laser Range Finder.
Questo individua i obblighi che si trovano fino a due metri di distanza in un radio di 180 gradi prima del BR23C, calcola la distanza fino a questo oggetto e invia un segnale a un microprocessor di trattamento che, immediatamente, viene tradotto nella prevenzione della colozione.
"Nel momento in cui stabilisce un ostacolo, il piccolo robot seguirà i movimenti di un abeia e immediatamente cambiarà la direzione di girando le ruote in un angolo giusto o maggiore per evitare l'opinione.
La maggiore differenza con qualsiasi sistema esistente è che la manabra di evazione è totalmente instintiva.
Se non fosse così, il robot non sarebbe in grado di riattivare con rapidità sufficiente per evitare gli ostacoli", spiega Toshiyuki Andoh, direttore del Laboratorio di Movilità e principale engineer di questo progetto.
A differenza di una piaga, il robot non può essere spostato su o su o su, né in diagonale; solo può essere spostato in due dimensioni e in direzione che permette di girare le loro ruote e non in indifinite direzioni e modalità come le abeie.
Per questo motivo Nissan ha utilizzato un ruolo di rotazione, oltre alla accelerazione e alla deaccelerazione, per evitare che il piccolo robot evita le collezioni.
"Questo dispositivo deve solo gestire informazioni ogni secondo e agire secondo questi dati.
Non bisogna mantenere informazioni o logica intuitiva di maniobra precedenti, quindi può funzionare continuamente con solo un paio di Dodici di memoria di KB.
Potrebbe essere sorpreso, ma non parliamo di gghi di memoria, né di mega".
Questo è il primo passo per sviluppare nuove tecnologie di prevenzione immediata di collezioni, una tecnologia che Nissan vaticana introdotto nelle autoveicoli di serie entro dieci anni.
Il robot utilizza batterie di polimeri di litio, che sono più leggeri e dureranno più della varietà di litio.
Un'ulteriore applicazione di questa tecnologia potrebbe essere l'integrazione dell'unità con un sistema di navigazione satellitare per guidare il fornitore fino al suo destino e evitare gli ostacoli sulla strada.
Probabilmente prima dell’ ipoteca
È necessario riconoscere che il Departamento del Tesoro dell'EEEU, oltre a avere molto liquido per iniezioni, non è caro di ingegneria.
Prima della crisi, e per evitare che gli Stati Uniti si imbarcano in ipotechi basi su banche di solvenza in questione, hanno creato un amministratore e informativo gioco per il navigatore: "Bad Credit Hotel".
O, l'hotel dei cattivi crediti... o dei leoni.
L'aspetto terico di questo alloggio e soprattutto del suo recepzionista è pensare di essere uno, due e fino a tre volte se è il momento di chiedere un credito.
E, soprattutto dove lo fare, quello che probabilmente è il suo obiettivo.
Ciò è che ha informazioni utile, ma poco dettagliate.
E' piu' una pagina per adolescenti che un sito per tutti i pubblici.
E se e' finito il gioco?
Perche' sembra una stanza di bagno all'interno dell'hotel.
Qualcosa e' qualcosa, perche' a comprare una casa migliore e non parliamo...
Morgan Stanley vende partecipazione ai giapponesi MUFG
Morgan Stanley ha annunciato l'inserimento nel suo capitale di Mitsubishi UFJ Financiale Group (MUFG), il primo banco giapponese, che rimborserà 9 milioni di dollari per acquistare il 21% del suo capitale, una notizia che è stata accettata con una forte bassa della sua cottura in bosa.
Una settimana dopo aver scoperto un accordo provvisorio, entrambe banche hanno spiegato che la MUFG avrebbe acquistato il 9,9% delle azioni ordinarie Morgan Stanley al prezzo di 25,25 dollari o sia un importo di 3 milioni di dollari.
Il prezzo concordato è inferiore al 19 % del valore contabile dei titoli al 31 agosto.
La MUFG investerà sei milioni di dollari supplementari con l'acquisto di titoli convertibili, che garantirà un rendimento del 10 % e un prezzo di conversione di 31,25 dollari.
Morgan Stanley ha affermato che l'operazione globale sarebbe stata effettuata come base un prezzo per un unità di 29 dollari, o che è il 28% del cambiamento attuale.
L'azione Morgan Stanley, tuttavia, ha perso il 6,79 % a 23,07 dollari ogni alle 17:00 GMT.
"Questa associazione strategica costituisce un'occasione importante per accelerare la transizione di Morgan Stanley verso lo statuto di tensione bancaria ", ha spiegato Juan Mack, il direttore generale del gruppo americano.
Morgan Stanley ha adottato questo nuovo statuto la settimana scorsa, quello che dovrebbe permettergli di diversificare le sue attività, ma fa passare sotto l'autorità della riserva federale.
La sua congiunzione con MUFG conferma anche che la crisi finanziaria attuale per la forza dei nomi più grandi di Wall Street adotta un comportamento molto più intelligente di prima.
Le modalità presentate nel mese scorso mostrano inoltre che l'accordo è stato modificato negli ultimi giorni: la luna scorsa, Morgan ha annunciato che venderebbe fino al 20% delle sue azioni a Giappone per quasi 8,5 milioni di dollari.
"C'era una settimana fa, ha spiegato a Tokio Toshide Mizuno, direttore esecutivo di MUFG, "v'è stato composto solo da azioni regolari.
Ma alla luce della situazione attuale dell'economia e del mercato, abbiamo desiderato minimizare i rischi e ci coperta."
Con la base del prezzo medio ponderato, MUFG pagarà i suoi titoli Morgan Stanley il 7% sotto il suo valore contabile.
L'operazione sarà tradotto da una diluzione di circa 20 % del vantaggio per azione.
L'accordo prevede che MUFG possa convertire nel corso di un anno la metà dei titoli preferiti in azioni regolari se tali sono venduti con più del 50 % al di sopra del prezzo di conversione o sia di 47 dollari più o meno per un periodo dato.
Morgan Stanley assicura che i capitali forniti da MUFG vi permetteranno di collaborare le opportunità di investimento, di rafforzare il loro bilancio e di aumentare la loro liquidità.
Tuttavia, un portavoce del gruppo si è rifiutato di dare precise decisioni sui progetti strategici dei nuovi membri.
Dopo l'investimento di MUFG, Morgan Stanley dovrebbe dimostrare una razione di solvenza animale a circa il 15 %, uno dei migliori del settore.
Morgan ha espresso molto il suo bilanciamento fin dall'Agosto.
Negli ultimi settimane sono stati esempressi per il gruppo, che ha visto la sua cottura in bolla scadendo mezzo, mentre il costo della sicurezza contro un rischio di deficit sul suo debito era diminuito.
Tale costo ritornava la luna scorsa, ma si trovava in un elevato livello, circa il 12 %.
La settimana scorsa, Goldman Sachs, l'unico "superveniente" delle grandi banche d'investimento di Wall Street dopo i calori di Bear Stearns e Lehman Brothers e l'acquisto di Merrill Lynch, ha annunciato 15 milioni di dollari in parte a Berkshire Hathaway, il gruppo di Warren Buffett.
Rafael Correa a Quito, questa luna.
Ripristinare la rivoluzione intorno al socialismo del XXI secolo.
Questo è il progetto comune del Venezuelano Hugo Chávez, del Boliviano Evo Morales e dell'equatoriano Rafael Correa.
Questa domenica, ad esempio i suoi colleghi e amici, è il terzo che proponeva un progetto di votazione per una nuova Constituzione.
La missione completata dal fatto che il 64% degli elettori hanno votato "sui" al referendum, secondo i risultati ufficiali riferiti all'80% dei sufragioni.
Secondo questi risultati, il "no" ha ottenuto il 28 %, il 7% dei suddetti sono stati voti nucchi e il 0,7 % era in bianco.
Per garantire che il progetto di costituzione sia adottato, è opportuno ottenere la metà dei fondi più uno.
Il domenica, due sonde eseguiti all'uscita dei centri elettronici e un raccoglietto di una organizzazione non governativa, hanno dichiarato un'ampia vittoria a "sì" nel periodo del 63 % al 70 %.
Rafael Correa ha anche rivivuto la notte del domenica al lunedì la vittoria del suo progetto di costituzione.
La "Constituzione è stata triunta in maniera straordinaria ", ha assicurato, congratulando gli ecuatori che attraversano il governo di Guayaquil a 280 chilometri al sud-est di Quito.
Quindi, Rafael Correa è stato congratulato da Chávez e Morales ma anche per il suo collegio Chile Micaela Bachelet.
Le elezioni, che si svolgono pienamente, secondo la missione di osservazione dell'Organizzazione degli Stati Uniti (OEA), si riferivano a un testo di 444 punti che consolidavano il " nuovo socialismo " protetta dal presidente.
Il progetto di Constituzione implica l'aumento della potenza dello Stato sull'economia, preservando la "planificazione di sviluppo " di un paese che vive essenzialmente grazie all'emissione di petrolio da parte delle imprese straniere e delle distribuzioni che inviano i loro migranti.
Sulla Correa, scelta nel 2006, il progetto consente anche potenzialità rafforzate al capo di Stato, che può fare fino a due mandati consecutivi di quattro anni e sarà la possibilità di risolvere l'Assemblea.
La Correa ha già annunciato che avrei usato questo potere e vorrei promuovere un nuovo mandato nel febbraio 2009.
La Constituzione consolida inoltre il principio di ringraziamento dei servizi di salute e di istruzione che il presidente ha iniziato a instaurare in questo paese 13,9 milioni di abitanti, in cui il 50% della popolazione vive sotto il umbrale della povertà.
Infine, l'individuazione della presenza di soldi stranieri, che finirà l'accordo tra Quito e Washington per l'uso di una base ecuatoriana come punto di partito delle operazioni antidroga americane.
Le 19 persone assicurate sono state liberate a Chad
Un comando egiziano ha lanciato l'attenzione contro i rapitori degli undici turisti e dei loro otto amici catturati dieci giorni fa.
Sono nel Cairo.
L'ottavo turisti europei e i loro otto partner egizi ritirati dieci giorni nel deserto si sono raggiunti nella capitale Egitto dopo che sono stati liberati la luna dopo l'apertura.
Al mattino, erano stati liberati dalle forze speciali d'Egitto a Chad.
Tutti avevano un buon aspetto all'arrivo alle 15:30 a bordo di un aereo speciale alla base militare di Al Maza, adattante all'aeroporto internazionale di El Cairo.
Gli elicotteri li hanno trasportati immediatamente all'ospedale di Maadi, un suburbio residenziale di El Cairo, per essere sottoposti a prove mediche, quindi non hanno potuto parlare con la presa.
"Si trovano bene di salute" e "non è stato pagato alcun rimborso" ai titolari, ha dichiarato nell'aeroporto il ministro del Turismo Egitto, Zoheir Garana.
Il 19 settembre queste ritenute caddero in potenza di 35 guardi sconosciuti mentre avvennero un safaro in tuttoterreno in una zona deertica a piedi del monte Ouanat, nelle frontiere d’Egitto, Sòdoma e Libia, e da allora passarono da una zulo a un altro.
Il gruppo era integrato da uno dei turisti - cinque italiani, cinque tedesci e un rumano- e otto egiziali: due guida, quattro capi, un guardia frontiera e il direttore dell'Agenzia dei viaggi d'Egitto, secondo l'organizzazione del safaro.
Un'Egitto responsabile della sicurezza ha indicato che 30 membri delle forze speciali, trasportati a bordo di due elicotteri, hanno lanciato l'assalto durante la notte prima dell'alba.
"Un scambio di scarpe si è verificato, e hanno ucciso la metà dei sorveglianti, gli altri hanno fuggito", ha detto il responsabile che ha conservato l'anonimo.
Secondo lui, sono stati inviati 150 membri delle forze d'Egitto speciali dell'unità "relampago" al Sudan, dove hanno concluso il sostegno dei comandi tedesci e italiani.
Il ministro delle Relazioni esterne italiane, Franco Frattini, ha riferito a Belgrado il ruolo giocato dagli agenti segreti e dai membri delle forze speciali italiane.
"Devono riconoscere che abbiamo conseguito questo risultato grazie al professionalismo e all'efficacia degli uomini dei nostri servizi segreti delle forze speciali", ha dichiarato senza entrare in dettagli.
Inoltre, ha diminuito il pagamento di un rimborso.
L’esercito sovietico ha confermato che durante un patrulla era stato intercepito a bordo di cui erano stati trovati i sorveglianti, di cui ha ucciso sei, fra loro il capo chadiano e si è fermato a due.
Egli ha anche confermato che erano legati ad un gruppo rebelle di Darfur, il Movimento per la Liberazione di Sud-Unità, (SLA-U), una dichiarazione immediata di questo gruppo.
Lettere - Mayoria silenziosa della cultura
Un dibattito sul finanziamento della cultura rende le manche e occupa l'attuale campagna elettorale.
E' meglio.
Ma un settore della nostra vita culturale resta sempre dimenticato.
Chi si alzerà per dichiarare le sostanze miserabili conseguenze ai piccoli musei, ai file, alle escavazioni archeologiche o ai luoghi storie nazionali che muoiono da fame?
Quale politico avverrà a ricordare il governo federale che scapperà i suoi monumenti e i suoi edifici patrimoniali?
Perché non abbiamo leggi veri che realmente preservano il nostro patrimonio come in Canada e in Quebec?
Sapeva che il governo francese dedicava tre milioni di euro per ripristinarla solo il castello di Chino nella valle del Loira?
Gli Stati Uniti sono scritti nella sua Constituzione che la protezione del patrimonio costituisce parte della cultura degli Stati Uniti e che questo patrimonio deve essere protetta da tutti i cittadini, tutti gli eletti e tutti i departementi governativi, e tutto questo, in concerto.
In Quebec, nella Federazione delle Società di storia di Quebec, almeno 40 000 persone benevolte rivolute in 211 società di storia, patrimonio, file e geneologia si preoccupano della storia, conservando con pochi soldi mondi di file privati e conservando vesti architetologici.
Questi sono spesso i cani custoditori del nostro patrimonio, che protestano con energia e disesperimento quando i professori e leader lanciano i loro bulldosti contro i nostri vecchi pietre e i nostri cementari dimenticati.
Per quando, un monumento per la storia e il patrimonio?
I governi dei Paesi Bassi nano una parte della Banca Fortis.
Gli Stati dei Paesi Bassi, come i primi in Europa, aiuteranno con la nationalizzazione della Banca belga-Holandese Fortis che si veda in abominio per l'impatto della crisi ipotecaria del mercato settentrionale americano: i tre paesi sosteneranno in totale 11,2 milioni di euro a questa istituzione finanziaria e di assicurazione che ha anche negoziati in Ungheria.
Questa fine settimana, i governi della Belgia, del Lussemburgo e dell'Olanda hanno mantenuto consultazioni a livello più elevato con il presidente della Banca centrale europea e il responsabile della concorrenza economica della Commissione europea.
Il Fortis Bank è il primo che ha soffreto la crisi dell'area dell'euro nel quadro della crisi finanziaria internazionale che viene effettuata in diversi olivai, quindi le decisioni adottate in relazione alla Banca possono essere considerate come precedenti.
Secondo la decisione adottata nel domenica, i tre Stati acquirono circa metà (49 per cento) della proprietà che possiede il Banco nella loro zona.
La Banca, con tutta la sicurezza, venderà una parte delle sue aziende, tra l'altro, le attività - principalmente di assicurazione acquistata l'anno scorso dell'ABN Amro Hollandese.
Le azioni del Fortis hanno iniziato un descenso forte per la settimana scorsa e per la seconda metà della settimana si sono già visto segni di crisi nell'istituzione.
Tuttavia, gli analisti sono coinvolti a sottolineare che con 85 000 dipendenti questa Banca è troppo grande che per consentire di desiderarsi.
Le azioni dell'azienda sono state diminuite solo le giovedì un 12 per cento, mentre questo è il punto più basso negli ultimi 14 anni.
Dal gennaio il valore delle azioni è diminuito con più di due terzi.
Osservando i prezzi attuali delle azioni, il valore totale del capitale del gruppo sul mercato è di circa 14 milioni di euro, ma secondo gli esecutivi della società non è reale.
La direzione della Banca ha immesso l'infrasca caduta dalle azioni del Fortis sulle incertezze del mercato settentrionale degli Stati Uniti nell'adozione del piano di pacchetto americano di 700 milioni di dollari.
La lunedì le azioni hanno gia' dimostrato un leggero aumento.
I venerdì hanno nominato Philp Dierckx come nuovo direttore generale della Banca.
La Banca ha anche cercato inversioni particolari, ma finora nessuno ha offerto un'offerta concreta.
Il governo belga ha già assicurato che gli investitori non abbiano avuto alcuna preoccupazione, non perderà il suo denaro.
I clienti della Banca non sono finora alcuna pánica, non sono stati invaduti agli uffici bancari per recuperare i loro soldi.
Il Fortis ha il proprio ristorante in Ungheria e ha comprato anche compagnie di leasing.
Zoro nel gallinero
Negli Stati Uniti, le società di assicurazione della vita e della salute, visto i dati dell'acquisto di medicinali, rifiutano spesso di firmare un contratto di assicurazione.
I specialisti della politica privata temono che sia incontrollata il mercato dei dati personali.
"C'è un programma di protezione dei dati personali che, per l'uso dei dati delle restituzioni in tutti i casi, è l'approvazione della persona data.
Lo stesso deve essere nelle mani indipendenti, perché se non, "fidiamo il gallinero al ferro" - cita Washington Post a Richard Dick, designatore del programma di monitoraggio delle retribuzioni mediche.
Le aziende di assicurazione dipendeno dal prezzo dell'assicurazione e del importo di compensazione del stato di salute del cliente e, se ritengono che il rischio è eccezionale, non fanno il contratto.
Prima hanno inviato al cliente a controllo medico e hanno firmato il contratto con lui, conoscendo già il risultato del controllo.
Dick ha avuto dieci anni fa un procedimento molto più barato: il numero di identificazione del cliente ha conseguenza l'elenco di medicinali acquisti nell'ultimo e medio anno e il proprio programma esprime la conclusione delle malattie e lo stato di salute del cliente.
Per esempio, se si prende sistematicamente una dose di pasti per ridurre il colesterol, indica che il livello di grasso nel sangue è quasi incertemente elevato, quindi è inserito immediatamente in una categoria di rischio superiore.
Circolare molte versioni del programma, alcuni stabiliscono anche un numero di rischi, quindi alla società di assicurazione nonostante l'amministrazione deve fare qualcosa, anche se vi sono piccole difficoltà.
Per esempio, alcuni medicinali sono multifunzionati, ad esempio alcune sostanze servono tanto per trattare il dolore di testa come per le ossa di calore e anche per gli antidepressioni.
L'ultimo è un fattore importante per l'aumento del rischio per le società di assicurazione, mentre i primi non sono.
Sono stati costituiti società speciali per consultare e gestire tali dati, che prima di acquistare le informazioni necessarie del paziente, richiedono l'approvazione del paziente.
Le autorità hanno già obblighi di questo, anche se non hanno ricevuto molti per la disgrazia.
Alcune aziende ultimamente elaborano anche i risultati degli esami di laboratorio e le riuniscono con i dati di consumo di medicinali, riceveranno informazioni più specifiche sullo stato di salute del paziente.
Ogni più azienda ha accesso a questi dati e simultaneamente è sempre più difficile controllare l'uso.
C’è una legge esclusiva per la tutela dei dati personali della salute, ma si applica solo alle società di sicurezza e ai servizi sanitarie.
È già al Congresso il progetto di legge che dà diritto all'autorità per il controllo delle imprese specializzati per la fornitura di dati personali.
Dick Richard riconosce che questo è indispensabile: quindi ha sviluppato il suo programma, che richiederà l'approvazione specifica della persona per la fornitura dei suoi dati personali.
È una questione che questa persona non può negare l'approvazione, perché se non le compagnie di assicurazione non firmano il contratto con lui.
Pertanto le galline, malgrado tutto, sono espresse alla buona volontà del ferro.
Menu globale di Marsella
L'Unione europea doppia il suo commercio con l'India
Come l'Unione europea e l'India sono condividuamente partner commerciali, questo tema ha riportato in maggior parte l'ordine del giorno del nove del seme.
Oggi si celebrano anche un cumulo franco indiano per trattare in particolare la cooperazione nell'energia nucleare.
Anche se l'Unione europea riconosce che l'India è una grande potenza democratica di sviluppo che dovrebbe avere una maggiore voto e votazione nelle questioni internazionali, ma i paesi membri non hanno ancora potuto arrivare a un comune denominatore sul caso di sostenere New Delhi come membro permanente del Consiglio di sicurezza delle Nazioni Unite.
Questa questione non è stata trattata nel senove secolo iniziato ieri a Marsella.
Il presidente francese Nicolas Sarkozy, presidente di giro dell'UE, José Manuel Barroso Presidente della Commissione e Javier Solana, rappresentante capo della politica estera, hanno ricevuto Manmohan Singh, primo ministro dell'India con il quale hanno raggiunto un accordo per duplicare in cinque anni, cioè un aumento di circa 100 milioni di euro, il suo scambio commerciale.
Considerando che tra il 2000 e il 2007 il scambio di merci ha aumentato di 25 milioni a 55 milioni, questo non è un obiettivo eccessivomente ambizioso.
Pertanto, sono stati armonizzati giuridichemente i venticinque convenzioni bilaterali di aviazione civile esistenti con l'India, quindi anche il trasporto aereo può volare nel futuro.
L'India, fino alla fine del 2009, vuole firmare il trattato di libero scambio con l'Unione.
Sarkozy ha promesso di accelerare i negoziati.
L'obiettivo è l'equilibrio, poiché l'UE è il primo socio commerciale dell'India, New Delhi solo nel novenove posto tra i partner commerciali dell'Unione.
Il cumulo ha prestato attenzione alle questioni globali.
I due parti hanno condannato la situazione afgana, il Pakistanio e il terrorismo, tutte le forme di tale ultimo, e hanno espresso la convocazione di una conferenza delle Nazioni Unite.
Anche la conclusione della liberalizzazione commerciale di Doha si è accreditata, anche se entrambe le parti hanno grande responsabilità nella sua frase.
L'Unione europea ha confermato che sarà affrontato il suo programma energetico e climatico, ovvero fino al 2020, vorrebbe ridurre le emissioni contaminanti almeno con un venticinque percento.
L'India è anche concordato con questo, come nella conferenza climatica dell'anno prossimo, dovrebbe essere raggiunta un accordo globale e diminuito fino al 2050 con un cinquanta per cento della produzione di gas che produce effetti invernali.
Essi desiderano inoltre ostacolare l'aumento dei prezzi dei prodotti alimentari e sostenere la convocazione di una conferenza internazionale per la revisione della crisi finanziaria.
Oggi il capo del governo dell'India al capitale francese, dove - in una riunione bilaterale - firmarà un accordo sull'uso pacifico dell'energia nucleare.
Io credo che le imprese francesi riceveranno un valore di ventici milioni di euro per costruire reactori nucleari.
Secondo le informazioni dell'Agenzia di notizie, l'accordo sarebbe per un periodo di 15 anni.
In Frankfurt più di trenta editori italiani
E' stata la presenza degli editori italiani al campione internazionale del libro di Frankfurt.
Saranno più di trecentotrenti gli editori italiani presenti alla 60° edizione della Buchmesse, la riunione internazionale più importante per l' scambio dei diritti.
Il campione internazionale del libro di Frankfurt attende per questa edizione più di 7 miliardi di espositori di 102 paesi diversi che occuperanno 171,790 metri quadrati del campione con più di 403 miglia di titolo in esposizione e con Turchia come ospedale di onore.
Sarà sottosecretario del Ministero dei beni e delle attività culturali francese Maria Giro a rappresentare il governo italiano nella ceremonia di inaugurazione del pabellone italiano: Italia sarà istituzionale e effettivamente presente con un punto italiano - 264 metri quadrati di spazio espositivo.
Si procederà a una riunione con la stazione nella Camera strutturata al punto 5.0 della Librome: questa sarà l'occasione per presentare numeri, tendenze e prospettive su lo stato degli editori in Italia.
Secondo i dati, il peso dei libri di autori stranieri è progressivamente diminuito sul totale della produzione italiana, in particolare per gli adulti e gli adolescenti.
Ho trovato l'aereo di Steve Fossett il millennio disapprovato un anno fa
I resti dell'aereo di Steve Fossett sono stati trovati, il millennio disapprovato il 3 settembre 2007 mentre volava sul deserto del Nevada.
I scaldatori sono stati trovati su un piano a 3000 metri di altezza, nella zona della sierra Nevada di Mammoth Lakes, sulla frontiera tra California e Nevada.
L'aeroporto non c'era alcun resto umano.
Il Commissario di Madera County, John Anderson, ha scongiurato i dubbi che rimanevano ancora: "L'aviazione è stato localizzato, abbiamo spedito una squadra, e ora abbiamo confermato che si tratta proprio di quello su cui Steve Fossett era volante il giorno della sua disapprovazione" ha detto in una conferenza estramica.
Il Commissario ha precisato che non sono stati trovati resti umani, né nell'aviazione, né nei luoghi.
Il miliardo di 63 anni è stato dato morto a Febbre.
L'Ufficio americano per la sicurezza dei trasporti (Ntsb) ha saputo che alcune ore dopo l'avviamento dei resti sono stati inviati una scala di ricercatori che ha identificato il dispositivo: si tratta del Bellanco 8kcab, distribuito dal 3 settembre 2007, quando Fossett si è spezzato da Yerington a Nevada da un volo di tre ore.
Stasera, sempre a California, non lontano con il confine di Nevada, alcuni resti personali di Fossett sono stati trovati da una coppia vicino alla sua casa di Mammoth Lakes.
Si tratta di due documenti con nome di Fossett, i due emitti dall'Aviazione Federale dell'Ilinois, i soldi in efficacia e una sovvenzione.
La ricerca di Fossett era stata interromputa un mese dopo la loro disperazione.
Il millenario è stato acquistato un posto nella storia grazie a una lunga serie di primizie.
Nel 2002, il sesto tentativo è stato trasformato nel primo uomo per completare il giro del mondo in un mondo aeroestatico: due settimane solitari di volo.
Tre anni dopo, l'avvicinamento del mondo è stato fatto in un aereo e senza scala.
Tra le loro riviste, anche per aver volato a 15,445 metri d'altezza, sui Andes, ma con un coperchio.
Glk, la pubblicazione che non ti aspetta.
Un Suv esterno dei scaldi con un design originale e ben stabilito con linee definite e anguli determinati.
Questa è, in sinntesis, l'ultima nascita tra i camionati tutti i piani "compatti" della casa della stelle con cui Mercedes-Benz ha cercato di dare una finestra di novità in questo settore.
Proiettato dal contenuto fuori della tradizione, sarà inattesa e non convenzionale, la comunicazione che accompagna il lancio del suv Glk, disponibile nelle sale di esposizione Mercedes-Benz dal prossimo 17 ottobre.
La campagna pubblica che raccoglie il deposito della nuova macchina lancia una modalità di comunicazione attraverso una campagna di pubblicazione di 3D, utilizzata per la prima volta in Italia mediante un marchio automobilistico.
Un progetto con maxi-pooster, redatto in tre fasi differenti, che domina la strada centrale del shopping milano, avvenuta come fino al 15 novembre.
La prima fase di questo nuovo tipo di comunicazione avvia con la presentazione dell'auto in versione esteroscopica e grazie alle spese speciali distribuite nell'avventura Come sarà possibile vedere il nuovo suv nelle dimensioni quasi reali e in formato tridimensionale.
In effetti, guardando l'immagine sarà l'impressione che l'auto esce fuori dal foster.
Successivamente, attraverso l'uso della tecnologia innovata Elumina8, il nuovo Glk sarà illuminato in diversi tempi in tutti i suoi dettagli, per raccomandarsi in un'unica immagine.
Senza dubbio Mercedes con questa pubblicazione, sta cercando di introdurre qualcosa di nuovo sul tema della comunicazione automobilistica.
Puo' farci capire l'interesse dei futuri compratori?
è chi è l'hooligan italiano
Nella terza fase si svolge l'interdidizione di accesso alle manifestazioni sportive.
Ma chi sono 150-200 ragazze e ragazze di cui l'Italia è orribile ora? Hanno parte del gruppo "Utras Italia" che continua da anni e che fino ad ora, a dire la verità, non ha mai avuto troppi problemi.
E non erano mai stati trovati con i fantastici del fiume.
L'eccezione del gruppo è destra.
I promotori vengono da Trivene.
Verona, Padova, Trieste e Udine.
A questi Sofia sono stati aggiunti un piccolo gruppo (più unità, in realtà) della Campagna e dell'Apulia.
Hanno bandiere di tre colori in cui appare la città di origine dei soldati: sabato per notte sono stati scavati per non essere identificati.
Si inspirano i fantastici inglesi.
In Bulgaria si sono trovati un gruppo di fantastici reali, dei Levski.
La Figc ha presentato 144 voti per il gioco: tutti con i nomi, quindi facilmente controllabili.
E il ministro dell'interno aveva già controllato tutti: fra quelli che erano usciti per Sofia non c'erano nessuno con un discepolo (interrogazione di accesso a eventi sportivi) in quel momento, nessuno che gli aveva promesso di frettare una stadio.
A quattro fantastiche italiane, che avevano precedenti di criminalità in stadio, hanno respinto il biglietto e il viaggio.
Ora il ministero dell'interno aspetta di leggere gli atti che arrivano dalla polizia di Bulgaria per adottare misure: in questo caso, è possibile dare il Derpo (interrogazione di accesso a eventi diporzionali) per cinque anni come minimo ai fantastici che sono stati arrestati o a chi è stato identificato nei disordini.
Un Disco (interrogazione di accesso a eventi diporzionali) internazionale che impedisce di frequentare non solo le stadia italiane, ma anche quelli di tutta l'Europa.
I nostri osoligani, non metteranno piu' piedi in una stadio.
Sfortunatamente!
Ma ora c'è il timore dell'aspirazione: che questi pochi cinquanta, si aggiungano altri.
"Potremmo proseguire questo fuoco e non legislare chi si comporta in questo modo", sostengono il ministero dell'interno.
Pertanto, "Guai buoni aperti" soprattutto in vista del partito Nazionale del Marco a Lecce".
In Apulia ci sono anche un piccolo numero di sovvenzionatori dell'Italia.
Domani si raccoglie l'Observatorio, il martedì del Cams che può anche contare con una sezione dell'Assemblea (Agenzia di informazione e sicurezza estera, cioè il servizio segreto, che si occupa dei problemi in stadio.
"Le corse di Duce-Duce e il braccio elevato durante il vino di Mameli? In Bulgaria non è un reato ...".
Questo è il pensiero (espresso in modo poco felice) di Domenico Mazzilli, il direttore dell'Observatorio del ministero interno (ha preso il post che prima era di Francesco Tagliente e dopo Felice Ferlizzi).
Mazzilli era il capo di Trieste della sicurezza pubblica, dove c'è un numero di sovvenzionatori del gruppo Ultras Italiano, fondato nel 2002.
E' vero, come dice Mazzilli, che in Bulgaria non è degno di celebrare il Duco ma se, il comportamento di 150-200 fantastici che sono stati vergognati.
"Non faccio il sospiro – aggiunge il n. 1 dell'Observatorio – le reazioni di concetto nei paesi in cui si tratta di un fatto.
Fino ad ora, questo gruppo è stato comportato bene, vedremo cosa è successo e lo abbiamo preso in considerazione per il futuro.
Ma facciamo anche gli argentati al vino di Mameli: anche questi non sono un reato, ma se permetteno che non siano anche di istruzione... "
