Triomphe des populistes de droite en Autriche, ils arrivent au total à 29 pour cent
Après les premiers résultats préliminaires, les élections législatives anticipées de dimanche en Autriche ont entraîné un net affaiblissement des deux partis de la grande coalition jusqu'à présent et un net renforcement des partis populistes de droite.
Le Parti populaire autrichien (ÖVP) a subi des pertes particulièrement graves, où la position de l'ancien président Wilhelm Molterer est sérieusement sur la pente.
En revanche, le chef d'élection de l'Alliance pour l'avenir de l'Autriche (BZÖ), le capitaine du Land Kärntner Jörg Haider, se prépare à un retour triomphal à la politique fédérale.
Selon les résultats obtenus jusqu'à présent, la social-démocratie (SPÖ) reste la force la plus forte du pays, avec 29,8 pour cent des voix, mais elle perd 5,5 pour cent des voix par rapport aux dernières élections de 2006.
Plus grave encore, l'ÖVP a perdu près de 9% des voix, avec 25,6 pour cent.
Ce sont les pires résultats de ces deux grands partis dans l'histoire autrichienne de l'après-guerre, et c'est un résultat vraiment désastreux, en particulier pour le parti populaire qui avait demandé les élections anticipées.
Au début du mois de juillet, lorsque l'ÖVP avait quitté la coalition, le parti populaire avait une nette avance sur le SPÖ.
Mais les électeurs ont probablement puni le parti pour avoir fait échouer le gouvernement.
Dès les premières réactions aux résultats, il y a eu des spéculations sur une éventuelle démission du président du parti et ancien vice-chancelier Wilhelm Molterer.
Les observateurs estiment que cela pourrait être le cas dès lundi lors d'une réunion extraordinaire du comité exécutif du parti.
Une telle évolution ouvrirait probablement la voie à la sortie la plus probable de la débâcle électorale, c'est-à-dire à un renouvellement de la grande coalition du SPÖ et de l'ÖVP.
Face au renforcement des deux partis populistes de droite - le FPÖ -, les sociaux-démocrates ont reçu à l'heure actuelle 18 pour cent des voix, tandis que les BZÖ 11 pour cent des voix - exprimaient leur crainte de voir se répéter l'année 1999 lorsque le Parti populaire s'était mis d'accord avec les populistes (à l'époque, le FPÖ était encore uniforme et, en 2005, il s'était séparé du BZÖ) en ce qui concerne un gouvernement commun, ce qui avait même entraîné des sanctions de la part de l'Union européenne.
Il est évident que Jörg Haider, qui a déjà déclaré qu'il était prêt à coopérer avec chaque parti, partait d'un retour à Vienne dans la politique fédérale autrichienne.
En outre, le parti des Verts a rejoint le Parlement, qui a subi de légères pertes et est passé de la troisième à la cinquième place parmi les partis politiques autrichiens.
Aucun autre parti n'a probablement surmonté l'entêtement de 4% et n'est donc pas entré dans le parlement.
Schwarzenberg: Les relations avec l'Inde peuvent se rafraîchir
Si l'on ne parvient pas à résoudre le problème avec les scientifiques tchèques qui ont été accusés de collecte illégale de coléoptères en Inde, le ministre tchèque des Affaires étrangères Karel Schwarzenberg estime qu'il pourrait y avoir un certain raffermissement des relations tchéco-indiennes.
C'est ce qu'a souligné le ministre à New York après la réunion d'aujourd'hui avec son homologue indien Pranab Mukherdshi.
"Si cela ne s'explique pas, c'est sûr, c'est un certain refroidissement," a-t-il déclaré après une réunion qui s'est tenue à la suite d'une initiative tchèque.
Après les discussions, Mukherdshi a déclaré qu'il était difficile pour l'exécutif d'intervenir dans les affaires judiciaires.
Malgré tout, il a fait valoir que, dans le cas de Petr Švácha, acquitté par l'accusation et qui a reçu une amende, le gouvernement central voulait avec le gouvernement local à Dardjiling, dont la jurisprudence relève de l'affaire.
"Son problème pourrait être résolu," a déclaré le ministre.
Pour Emil Kučera, condamné à trois ans d'emprisonnement, Mukherdshi estime qu'il serait préférable qu'il fasse appel à une instance supérieure.
Il pourrait demander la libération sous caution et attendre son verdict en liberté, a déclaré le ministre.
Schwarzenberg a confirmé que son partenaire s'était exprimé de la même manière lors des négociations.
"Il recommande un recours auprès d'un tribunal supérieur, puis il pourrait bénéficier d'une grâce," a déclaré le chef de la diplomatie tchèque.
Le ministre indien a indiqué que la seule façon dont la partie tchèque peut intervenir dans l'ensemble de l'affaire était de faire en sorte que le condamné bénéficie d'un "soutien juridique compétent."
Dans le même temps, il a dit qu'une telle aide leur était déjà offerte par les Indiens.
"Nous avons un grand intérêt à maintenir de bons contacts avec l'Inde, qui ont une tradition à long terme.
Les Indiens l'admettent aussi," a déclaré Schwarzenberg.
Dans le même temps, l'agence de presse tchèque ČTK a confirmé devant son partenaire que la République tchèque attache une grande importance au problème des entomologues tchèques.
"Nous pensons vraiment que c'est une grave erreur d'incarcérer et d'accuser ces scientifiques tchèques," a-t-il déclaré.
Le ministre n'a pas répondu à la question de savoir s'il avait reçu de la part de l'Inde l'engagement d'examiner la question.
"On m'a déjà beaucoup promis," a-t-il déclaré.
Un Tchèque dirige la lutte autour du fond de la mer
Il s'agit d'une carte électronique représentant l'Australie et les zones maritimes adjacentes.
Cependant, il ne s'intéresse pas au continent, mais un petit point, perdu dans le bleu de l'océan.
"L'île appartient à l'Australie et, avec elle, au fond de la mer.
Le territoire est aussi vaste que le continent lui-même," a déclaré le juriste italien Luigi Santosuosso, qui fait partie de l'équipe de trente collaborateurs de la Divison des Nations unies pour les océans et les droits de la mer.
Son chef, le directeur de la division, le juriste tchèque Václav Mikulka, suit l'interprétation et la complète.
C'est là que règnent le travail et l'enthousiasme.
Jusqu'à présent, le fond de la mer abrite un monde peu connu, riche de sources naturelles.
On y trouve du pétrole, du minerai et d'autres matières premières non renouvelables, mais aussi des organismes vivants jusqu'ici inconnus, qui sont la clé du développement d'un médicament anticancéreux.
Un fond marin plus grand que le continent
Aujourd'hui, les États riverains ont fait part de leurs droits aux nouvelles zones maritimes.
En effet, en vertu d'une convention des Nations unies, ils font usage de leurs droits, sur lesquels ils se sont mis d'accord à Montego Bay en 1982 pour la Jamaïque.
Il s'agit avant tout de la zone de ce qu'on appelle le Schelf continental, qui s'étend souvent jusqu'à quelques centaines de kilomètres des rives d'un pays à la mer.
En vertu de la convention, ce pays a droit exclusivement à toutes les sources de l'échafaudage continental.
"En termes simplifiés, on considère comme écaille continentale la partie du fond marin et de ses semelles, qui constitue une continuation naturelle du continent sous la surface de la mer.
Il dépasse les limites de la mer berge, et souvent la limite de deux cents milles marins de la zone économique exclusive," explique Mikulka.
La demande présentée par le pays concerné à la Commission pour la fixation des frontières extérieures du bassin continental doit être étayée par une vaste documentation scientifique et technique, fondée sur de nombreuses études et mesures coûteuses.
Elle est le résultat de nombreuses années de travail préparatoire.
"L'une de nos tâches consiste à fournir une assistance juridique et technique à la Commission.
La Commission a négocié jusqu'à présent cinq demandes, à savoir la Russie, le Brésil, l'Australie, l'Irlande et la Nouvelle-Zélande.
Jusqu'à présent, seuls les trois derniers pays ont réussi," ajoute Mikulka.
Le succès de l'Australie a récemment suscité un écho international, qui a été le premier pays à pouvoir agrandir considérablement ses zones maritimes.
Mais la Nouvelle-Zélande est aussi un vainqueur - l'extension des fonds marins qui lui ont été attribués par la Commission la semaine dernière s'élève à environ 1,6 million de kilomètres carrés, soit environ six fois plus que la taille de l'État.
Les deux pays ont investi des millions de dollars dans l'enquête.
Les bénéfices qu'ils tireront à l'avenir de l'exploitation des fonds marins auront une valeur inestimable, comme ils le promettent.
D'autres pays présenteront eux aussi progressivement leurs demandes.
Ils peuvent le faire pendant dix ans à compter du moment où ils ratifient l'accord de Montego Bay.
C'est là que se termine le sarment continental que commence la zone du sol océanique, que la Convention appelle "l'héritage commun de l'humanité."
Aucun État n'aura plus de position spéciale.
Le droit de promouvoir dans ce domaine est conféré par une institution internationale créée par la Convention.
"Mais le fond marin n'est pas une terre de tombes d'or," ajoute Mikulka, directeur d'exagération, ajoutant que "les régions individuelles sont clairement définies sur le plan juridique et que le système est établi par contrat."
Tchèques dans le Pacifique
Une partie des fonds marins appartient aujourd'hui à la République tchèque.
Elle le partage avec d'autres pays de l'ancien bloc de l'Est dans le cadre de l'organisation commune "Interoceanmetal."
Celle-ci a obtenu en 1991 le statut d'"investisseur révolutionnaire" en vertu de la convention, tout comme les investisseurs de quelques autres pays.
L'Organisation a le droit de promouvoir dans la zone ClarionClipperton dans l'océan Pacifique entre le Mexique, Hawai et Kiribati.
La zone examinée par l'investisseur est un peu plus vaste que l'ancienne Tchécoslovaquie.
Les fonds marins y sont structurés, il s'agit d'une sorte de tatras au fond de la mer.
"Il est possible d'y financer des projets sur une superficie totale de 75 000 kilomètres carrés.
La région est un site riche de sécrétions de polymétaux contenant du nickel, du cuivre, du cobalt et du manganèse," a déclaré un autre juriste, l'Indien Pakshi Rajan.
Le collaborateur macédonien de la division Rober Sandev apporte une telle discrétion comme modèle.
Elle rappelle une petite pomme de terre ou, avec un peu d'imagination, le shem légendaire qui, selon la légende, a ressuscité les golems.
Les forces spéciales allemandes ont participé à la libération de l'otage sur place.
Le gouvernement égyptien avait demandé de l'aide de l'Allemagne pour résoudre la crise des otages - les experts sont venus.
Quand c'est devenu sérieux, les forces spéciales étaient prêtes, mais elles n'ont pas été utilisées.
Les circonstances de la libération de onze touristes européens kidnappés en Égypte sont de plus en plus connues.
Selon les Ministères de la Défense et de l'Intérieur, les forces spéciales allemandes ont également été indirectement impliquées dans l'opération de sauvetage.
Par conséquent, tant les spécialistes de la Bundeswehr que les fonctionnaires de la GSG 9, le staff des pilotes de la police fédérale, l'Office fédéral de la criminalité et les experts logistiques de l'Office technique d'assistance étaient présents sur le site de la libération.
Cependant, comme les porte-parole des ministères l'ont continué lundi soir, les forces allemandes n'ont pas été nécessaires parce que les otages ont relâché leurs prisonniers et ont fui lorsqu'ils ont découvert les signes d'une libération violente.
Le gouvernement égyptien a accepté l'aide offerte par l'Allemagne pour l'impliquer en tant que force de soutien sur le terrain.
" Heureusement, ce n'est pas arrivé ," a déclaré un porte-parole du ministère fédéral de l'Intérieur.
Les assaillants avaient enlevé le groupe de voyages des cinq Allemands, cinq Italiens, une Roumaine et leurs huit compagnons égyptiens le 19 septembre dans le sud de l'Egypte.
Après l'enlèvement dans une région désertique du sud de l'Égypte, les otages avaient été enlevés dans la région frontalière entre l'Égypte, la Libye, le Soudan et le Tchad.
Jusqu'à la fin, l'identité des otages n'était pas claire, de même que les détails de la libération ou de la possibilité de payer la rançon.
Les blessés sont arrivés au Caire.
Steinmeier a dit que les otages libérés étaient sous la responsabilité de l'ambassade d'Allemagne.
Il ne s'est pas exprimé sur les détails de la libération.
À Berlin, il n'y avait pas d'informations sur leur retour en Allemagne.
Selon le journal "Image," les cinq vacanciers et les forces spéciales devraient être évacués par un avion de l'armée de l'air et arriveront mardi en Allemagne.
La Chambre des Représentants des Etats-Unis refuse le plan de sauvetage
La première chambre du Congrès américain a fait échouer le plan de sauvetage de 700 milliards de dollars pour les marchés financiers.
Le Dow Jones est tombé dans les profondeurs.
Avec 206 voix contre 227, la Chambre des représentants des États-Unis a rejeté le plan de sauvetage du gouvernement pour les marchés financiers.
Malgré tous les appels du président américain George W. Bush et des dirigeants des deux partis, il n'y avait pas de majorité pour le programme visant à réduire le chaos sur les marchés financiers.
Dans une action dramatique, les partisans avaient désespérément tenté de convaincre les critiques du paquet de 700 milliards de dollars.
Barney Frank, l'un des négociateurs démocratiques, avait demandé l'approbation des députés, même si le plan était impopulaire.
"Il est difficile d'obtenir une reconnaissance politique pour éviter quelque chose qui n'est pas encore arrivé," a-t-il reconnu.
Au cours du vote, le Dow Jones s'est effondré de plus de 6% ou de 600 points.
Les investisseurs étaient préoccupés par le fait que le plan de sauvetage de l'État pourrait échouer.
Il s'est rétabli peu avant la fin du vote, puis, après avoir connu l'échec, il s'est effondré.
Les experts s'attendent à ce que d'autres turbulences graves se produisent sur les marchés financiers internationaux.
L'entrée en vigueur du programme requiert l'approbation tant de la Chambre des députés que du Sénat.
Les organisateurs enregistrent une augmentation du nombre de réservations
Il semble que ce soit un bon hiver pour les voyagistes allemands:
Selon une étude, le chiffre d'affaires des réservations de voyages pour les mois à venir a augmenté de manière significative par rapport à l'année précédente - même de plus de 30% pour la saison d'hiver.
Malgré des perspectives économiques fragiles, une étude a montré que les Allemands n'ont pas perdu de vue le désir de voyager.
En ce qui concerne les réservations pour la saison d'hiver, les agences de riz ont enregistré une augmentation du chiffre d'affaires de 31% par rapport à la période précédente, comme l'a indiqué l'Association allemande des voyages (DRV) le lundi à Berlin.
D'après l'étude de l'Institut d'études de marché de GfK, le nombre de réservations a déjà augmenté au cours des mois d'automne.
Ainsi, le chiffre d'affaires plus élevé des agences de voyages pour octobre s'élevait à environ 11% par rapport à 2007, a déclaré le DRV.
Ces résultats sont basés sur des chiffres de la GfK, qui évalue les données de réservation mensuelles de 1200 agences de voyages allemandes et les augmente pour l'ensemble du marché.
Il couvre les réservations de voyage effectuées jusqu'à la fin du mois d'août 2008.
En raison de la faiblesse du cours du dollar, il est particulièrement demandé de se rendre aux États-Unis, a déclaré le DRV.
Ici, l'augmentation de la réservation est d'environ un tiers.
En outre, l'Espagne, la Turquie et la Grèce, ainsi que les territoires nationaux, sont des destinations particulièrement demandées par les Allemands.
Les voyages à forfait, en particulier, sont en plein cours, a déclaré Klaus Laepple, président de la DRV.
Compte tenu de l'augmentation des coûts de l'énergie et de l'alimentation, les coûts sont "plus prévisibles pour le client que pour les vacances organisées individuellement."
Les consommateurs pourraient économiser de l'argent grâce, entre autres, à des remises de réservation anticipées ou à des offres tout compris, a déclaré M. Laeppli.
Les mois d'été ont également été très bien réservés, ce qui signifie qu'une augmentation du chiffre d'affaires sera de nouveau observée par rapport à l'année précédente - bien que, selon une autre étude, le nombre d'Allemands ayant effectué un voyage a diminué par rapport à l'année précédente.
Ma première fête d'Octobre
Ballermann-Apres-Ski-Hits dans la boucle sans fin, bières de cruches de litres et célébrités dans les dindlings designer.
C'est un début de prairie.
Susanne Kronzucker et moi n'avons pas grand-chose en commun.
Elle est blonde, présentatrice de télévision et porte une tête sur mesure.
J'ai les cheveux noirs, je suis étudiante et ma robe est seconde main.
Mais une chose nous unit: à peine trois minutes sur la prairie, les photographes se jettent sur nous et craquent les cartes mémoire - très flatteuse et cela lors de ma première visite sur la prairie.
C'est comme ça qu'on se fait des amis.
Le bon marché semble remplir son rôle.
En tant que Wiesn-Touri et, en fait, au nord de l'état-major, le bien-être dans le costume jusqu'à présent était encore limité.
Mais tout n'est pas si mal qu'il est arrivé sur le terrain de Thérèse.
Presque tout le monde porte du linge ou du pantalon en cuir; personne ne regarde dégoûté ou embarrassé - tout est tout à fait normal.
Des regards étranges sur le stand de chocolat ne récolte que mon tablier.
Une femme de Munich m'a dit que j'avais mal attaché le tablier: "Links hoast libre, Mitte Vierge, pardonnée à droite, veuve à l'arrière."
En secret, je me suis servi de la boucle de derrière à gauche.
"Passt," dit-il et rit.
D'autres font moins d'efforts pour des techniques subtiles de flirt et portent des chapeaux simples de feutre, sur lesquels "To drunk to get dressed!" se dresse et s'oppose à une personne qui n'est pas priée d'étirer l'arrière nu.
Le jeune homme aux attractions exhibitionnistes s'appelle Bob, vient d'Angleterre et assiste pour la première fois à la Fête d'Octobre.
Il le trouve "gorgeous," avec un "ooooo" long.
C'est ce qu'il me dit après s'être débarrassé de sa mesure bue.
Juste à côté d'un de ces robinets que tout le monde croit être une poubelle.
Bob est donc l'un de ces fameux "Wildbiesler."
D'autres n'ont pas la chance de se débarrasser de l'alcool de cette façon.
Vers huit heures du soir, les ambulanciers passent en masse le festival, qui doit s'occuper des pauvres dodins.
Les infirmières se présentent toujours dans la meute - toujours quatre à la fois traînent une porte couverte de tente en tente.
Ça marche comme avec la plupart des visiteurs de Wiesn: vide, plein retour.
On ne voit pas ceux qui sont sous la bâche dans le cercueil pourpre.
"C'est ceux qui font leurs valises," m'a appelé l'un des ambulanciers sur demande et a disparu dans le tumulte.
Nom de la victime annoncé par la police
Le nom d'une femme de 63 ans décédée à l'hôpital après avoir été renversée par un véhicule à Essex a été annoncé.
Carole Paulson, qui habite Chelmsford Road à Brentwood, a participé à l'accident du vendredi après-midi sur Shenfield Road au centre-ville.
Elle a été emmenée à l'hôpital Queen à Rome, mais est morte plus tard.
Après l'accident, un homme de 51 ans a été arrêté pour conduite imprudente.
Pendant ce temps, il a été libéré sous caution.
La Turquie étend son horizon diplomatique
Bien avant que la Turquie n'ait voulu rejoindre l'Union européenne, les puissances européennes étaient intéressées à pénétrer profondément dans l'arrière-pays de la Turquie.
Du côté oriental du Bosphore, peut-être à peine 20 pas en Asie, se dresse l'une des plus belles reliques de cette tentative impériale échouée.
La gare Hydarpasha a été conçue par les deux architectes allemands Otto Ritter et Helmut Conu dans le style néo-renaissance.
C'est ce que les guides te disent.
Le bâtiment est assis à cheval à l'extrémité des quais avec une tour à chaque coin de devant et ressemble ainsi à n'importe quel hôtel de ville provincial allemand.
La roche est sale.
Tout le bâtiment se désintègre
Mais une fois que vous êtes à l'intérieur du guichet voûté, il n'y a aucun doute sur la grandeur du projet, dont l'accès le plus occidental a été celui-ci.
La gare a été ouverte en août 1908 par un consortium allemand, la société Anatolien-Bagdad.
L'Allemagne, qui était un retard dans le jeu impérialiste, devait, avant ses ambitions, dominer le Moyen-Orient par une liaison ferroviaire à Damas, Bagdad, et plus loin, ce qui est aujourd'hui l'Arabie saoudite.
Mais les projets impérialistes de l'Allemagne ont été encadrés pendant la Première Guerre mondiale.
Ses rails ont été attaqués par Lawrence d'Arabie et ses Arabes.
L'isolement relatif de sa région environnante, créé par les limites insurmontables de la guerre froide, a disparu.
Les forces britanniques ont quitté l'Égypte pour pousser les Turcs et leurs alliés allemands de Palestine et de Syrie
Et il y avait aussi de mauvaises nouvelles pour la gare d'Hyderpasha.
En 1917, un train de munitions s'est envolé, détruisant le toit de l'art.
Les sources turques disent que c'était du sabotage.
Depuis lors, il a lentement disparu, loin de l'histoire.
Aujourd'hui, cependant, cette ligne de chemin de fer sert, au moins symboliquement, de porte vers l'Anatolie et tout à l'est, pour souligner l'élargissement de l'horizon diplomatique de la Turquie.
Le parti au pouvoir de la justice et du développement, l'AKP, a introduit une nouvelle politique étrangère pour le pays.
L'isolement relatif des régions voisines, créé par les frontières de la guerre froide, a disparu.
Il y a maintenant une politique de rapprochement.
Il est remarquable que le gouvernement turc ait de bonnes relations avec Israël et la Syrie, avec les factions palestiniennes du Hamas et du Fatah, avec l'Iran et l'Irak et, bien sûr, avec l'Union européenne et les États-Unis.
Afin d'évaluer les chiffres clés de cette nouvelle politique étrangère, j'ai pris le train de nuit pour Ankara, la capitale turque, afin de visiter l'un des principaux experts en politique étrangère de l'AKP, le député turc Suat Kiniklioglu.
Le lendemain matin, environ dix heures et demie plus tard, après un voyage houleux sur les rails qui produisit l'égalité du monde antique dans la documentation connue "The Night Mail," je suis arrivé dans la capitale turque, considérée comme une nouvelle ville, pour le nouveau projet d'État mondain qui tourne le dos au passé ottoman.
Mais l'AKP, connue pour ses racines islamistes, représente un changement de paradigme dans l'unité turque
Cela a suscité une certaine méfiance à l'Ouest, en particulier à Washington.
Un taxi m'a emmené au siège de l'AKP, une structure en pierre et en acier ultramoderne spécialement conçue, dans une banlieue en pleine évolution, entourée de centres commerciaux semi-achevés et de bars où des cadres moyens en costumes, hommes et femmes, se sont rencontrés pour terminer les premières affaires de la journée.
Suat Kiniklioglu pourrait être un politicien de centre-droit de presque n'importe quel autre parti politique européen.
Costume, cravate, je suis sûr qu'il a même emballé un Blackberry.
"L'objectif de la politique étrangère du parti est maintenant de réintégrer la Turquie avec ses voisins immédiats.
La guerre froide était une exception," me dit-il.
La Turquie avait été coupée de son arrière-pays.
Aujourd'hui, elle doit regarder l'est et l'ouest en même temps.
Il n'y aurait ni l'un ni l'autre.
Elle devrait faire les deux.
"Mais certainement, la Turquie pourrait un jour," ai-je demandé, "être forcé de choisir?"
"La Turquie," a-t-il dit, "ne voulait pas faire face à cette décision."
Il a ensuite mis l'accent sur un point que presque tous ceux avec qui je parlais ont mentionné presque systématiquement: les relations de la Turquie, non seulement avec le Moyen-Orient, mais aussi avec le Caucase et autour de la mer Noire, sont tout aussi bénéfiques pour l'Europe et les États-Unis qu'elles le sont pour la Turquie.
Avec la Turquie à bord, le message semble être, au sens figuré, que l'Europe dans son ensemble peut conduire sur les mêmes voies ferroviaires vers l'est vers l'Asie et le Moyen-Orient.
De retour à la gare d'Hydarpasha, après une autre nuit en grande partie sans sommeil, j'ai pensé à ces deux seigneurs allemands, M. Ritter et M. Conu, qui avaient assisté à la construction de cet édifice il y a 100 ans.
Comme ils auraient été surpris d'apprendre que les ambitions de l'Europe au Moyen-Orient pourraient maintenant, pour une large part, être entre les mains de la Turquie.
Et quand j'ai attendu au quai sur le ferry qui devait me ramener sur le Bosphore, je me suis rappelé que la Turquie était toujours appelée "l'homme malade de l'Europe" en ces jours-ci.
À l'époque, au moins, il ne semblait pas y avoir beaucoup de doute quant au continent qui aurait droit à ce pays fascinant.
En souvenir de Vernon Handley et de William Woodruff.
Mark Brown écrit: En tant que directeur musical de Guildford depuis 1962, Vernon "Tod" Handley (rappel du 11 septembre) était responsable des philharmoniques et choeurs de Guildford.
Dans le cadre de son programme musical pour la ville, il a fondé l'année suivante sa magnifique chorale de jeunesse, Proteus.
Il était destiné aux jeunes jusqu'à 21 ans, mais quand le chœur a chanté pour la dernière fois en 1979, certains d'entre nous étaient déjà à la fin de 20 - nous avons simplement refusé de quitter le chœur.
Le nom de "Proteus" (le changeur de formes mythologiques) signifiait la volonté et la capacité du choeur de s'attaquer à tout morceau de musique qui lui était présenté, qu'il s'agisse d'un madrigal ou du Messie, qu'il s'agisse d'une capella ou d'un orchestre complet.
La polyvalence musicale d'une telle jeune chorale était souvent étonnante, toujours excitante, et uniquement grâce à l'inspiration de cet homme et à son enthousiasme pour la musique qui n'a jamais cessé pendant des années.
Combien de fois la mort nous a - t - elle incités à " laisser la musique parler pour elle - même '.
Il disait: "Le compositeur sait ce qu'il veut."
Tout est dans la musique.
Alors chantez-le !"
Sa façon de diriger était absolument claire et précise, jamais autoritaire mais jamais inondable.
Quel que soit le niveau musical, il exigeait toujours un niveau encore plus élevé.
John Frayn Turner écrit:
Si un chef d'orchestre avait dû être battu chevalier, c'était Vernon Handley.
Je l'ai bien connu au cours des deux dernières décennies, de 1962 à 1982, où il a dirigé le Philharmonique Guildford.
Au cours des 40 dernières années environ, j'ai écrit des critiques pour plus d'une centaine de ses concerts et je peux dire sincèrement que je n'ai jamais été déçu par un seul - souvent j'ai été inspiré par eux.
Mort Handley était cette combinaison rare de taille et de modestie personnelle.
Il détestait les chefs d'orchestre qui, selon ses paroles, "s'enfuyaient dans le monde avec un ou deux chevaux de chasse connus ."
Il va manquer à tant d'entre nous.
William Woodruff
Le professeur John Beckett écrit:
Dans votre nécrologie pour William Woodruff (25 septembre), vous écrivez que "en 1946, il reprend l'enseignement de l'histoire économique à Oxford et a reçu une bourse de recherche normale de Houblon en 1950... alors qu'il étudiait pour un BSc, un MA et un doctorat.
C'est une conclusion d'une remarque d'auteur dans le livre de Woodruff "Au-delà de Nab End," mais ce n'est pas vrai.
De 1946 à 1953, il a été professeur d'histoire économique à l'Université de Nottingham et, pendant cette période, il a écrit un doctorat sur l'industrie britannique du caoutchouc sous la supervision du professeur J.D. Chambers, qui a été publié plus tard en 1958 sous le nom de "L'industrie britannique du caoutchouc."
Il a passé l'été de 1952 aux universités de l'Illinois, Harvard et New York.
En 1953, il a quitté Nottingham définitivement et est allé à Illinois.
On ignore pourquoi Woodruff voulait cacher cette partie de sa carrière.
J. Vicente Resino à la Faculté de Philologie.
'Je recommande l'exposition de José Vicente Resino 'Flamenco et Vie', parce que ses photographies en noir et blanc, en style documentaire, sont fantastiques.
Ils m'ont attiré l'attention sur eux en raison de leur simplicité et de la force qu'ils émettent, comme ils traitent toujours avec respect avec les protagonistes.
Une exposition qui montre beaucoup de sentiments.
Resino sait trouver les moments magiques.'
Deuxième tour de l'excellente vente chez Honda.
En Novembre, Honda attrape la commercialisation de la deuxième génération du jazz Honda.
Alors que son modèle précédent avait un grand espace intérieur, cette grande limousine offre un bien plus grand.
A cela s'ajoutent les subtilités techniques qui permettent de conduire plus facilement et d'économiser de l'essence.
Changements avant la prochaine révolution.
C'est la deuxième génération du jazz de Honda.
Bien que, esthétiquement, le nouveau jazz a une ligne similaire à son prédécesseur, les changements qui ont été faits dans cette grande limousine sont nombreux.
Entre autres choses, le design innovant, la nouvelle flexibilité spatiale, les dimensions plus grandes de la voiture et la nouvelle mécanique doivent être soulignés.
Néanmoins, avant de commencer à analyser le nouveau modèle, il faut dire que ce nouveau jazz apparaît six ans plus tard, après que la première génération soit apparue sur le marché.
D'après les premières observations, Honda, par rapport aux autres fabricants, a réussi à renouveler ce modèle pour une période plus courte.
Bien que le jazz Honda soit moins connu en Europe, ce modèle est un phénomène de vente sur les autres marchés.
C'est un cas au Japon, dans le pays où le jazz est la voiture la plus vendue en 2002 et dans le courant de cette année 2008.
Après l'apparition du jazz sur le marché, environ un million de modèles ont été vendus au Japon.
Le deuxième marché était le Vieux Continent, avec environ un demi-million de voitures vendues en six ans.
Néanmoins, Honda essaie d'augmenter la vente du nouveau modèle de jazz à l'intérieur du segment.
Ainsi, alors que la société japonaise vendait un total de 83 000 modèles de jazz en 2007, les estimations prévues s'élèvent à 10 000 voitures, soit 17% de l'augmentation prévue sur le marché européen.
En ce qui concerne le marché espagnol, Honda a vendu 8 000 modèles de jazz depuis 2002, soit 6,7% du total des ventes de Honda en Espagne.
En ce qui concerne la nouvelle génération de modèles, les dirigeants de la filiale en Espagne s'attendent à pouvoir vendre 2 000 modèles de jazz par an.
Plus précisément, l'apparition du nouveau modèle Honda Jazz permet de masquer la baisse des ventes en Espagne.
En réalité, les dirigeants de la marque espèrent terminer l'année avec une vente totale de 22 000 modèles, soit 4 000 voitures de moins qu'en 2007, une réduction de 16%.
Malgré cette croissance des ventes, Honda a augmenté sa part de marché en Espagne (1,6%) à 1,8% par rapport à l'année précédente.
Dans le même temps, l'entreprise japonaise espère atteindre les 2% en 2010.
Pour atteindre ce pourcentage, Honda mise sur l'apparition d'un nouveau modèle.
Il s'agit d'Insight, une voiture hybride avec 5 portes et une taille compacte de 4,7 mètres de long, dont la société japonaise espère vendre environ 200 000 modèles par an dans le monde entier.
Selon les estimations du producteur japonais, 50% des modèles Insight sont vendus aux États-Unis, tandis que le reste est distribué sur l'Ancien Continent et le Japon.
L'exposition de l'Insight sur le marché est prévue pour les premiers mois de l'année, et pour la première fois sa présentation publique aura lieu en janvier à Valence.
En ce qui concerne la première génération, le nouveau jazz grandit dans toutes ses tailles.
Sa longueur est de 3,90 mètres (plus 5 centimètres), sa largeur est de 1,69 mètres (plus 2 centimètres) et la distance entre les axes est de 2,50 mètres, ce qui donne à penser qu'il a augmenté de 5 centimètres.
La hauteur, à l'inverse, ne change pas et reste 1,52 mètre.
Avec l'augmentation des dimensions, l'intérieur est également agrandi.
Ce succès est dû, d'une part, au nouveau programme de flexibilité de l'espace et, d'autre part, à la position centrale du réservoir de carburant, une solution qui a également été utilisée dans le modèle précédent du jazz.
La capacité du coffre, qui dispose d'un système de double surface de chargement, atteint également 339 litres, soit 19 litres de plus que la capacité du coffre de première génération.
Il convient de souligner que ces mesures sont disponibles dans la version avec un moteur à essence de 1,4 litre, car la capacité du coffre de la Honda Jazz avec un moteur à essence de 1,2 litre est de 379 litres.
Parmi d'autres améliorations, à l'exception des équipements supplémentaires tels que les sièges en cuir ou la possibilité d'installer des fenêtres panoramiques, un meilleur accès aux sièges est offert.
L'angle d'ouverture des portes arrière est de 80 degrés, le premier jazz n'ayant que 67 degrés.
Les moteurs de la deuxième génération de jazz sont également nouveaux.
Au début de sa commercialisation, ce petit modèle a 2 versions des moteurs à essence: 1,2 et 1,4 litres.
Les deux variantes ont un système i-VTEC qui permet une faible consommation de carburant et de faibles émissions de CO2, a une excellente performance technique tout en offrant une puissance de couple élevée pour toute la durée du moteur.
La première variante de 1,2 litre permet une puissance de 90 CV à 6 000 tours avec un couple maximal de 114 Nm à 4 900 min?1 .
Ce moteur à essence - le modèle précédent du jazz atteint 78 ch - a 5,3 litres de consommation d'essence et des émissions de CO2 de 125 grammes.
En ce qui concerne le moteur précédent, qui a atteint 83 ch pour la génération précédente, il parvient maintenant à 100 ch.
Le modèle de Jazz 100 PS 1.4 a 5,4 litres de consommation d'essence et 128 grammes de CO2.
"Abeille automobile" qui évite les collisions
Pour promouvoir le développement des technologies de prévention des accidents, Nissan s'est inspirée cette fois par la nature, plus précisément par les abeilles.
L'entreprise japonaise a développé un robot dont le vol est basé sur le comportement d'essaimage des abeilles et évite les accidents.
Ce robot est un Bio-mimetic Car Robot Drive ou BR23C et représente la première étape dans les technologies de prévention des accidents.
Les ingénieurs du centre de développement technique de Nissan Motor Co. ont développé ce petit robot en collaboration avec Research Center for Advanced Science and Technology de la prestigieuse université de Tokyo (Japon).
Selon Kazuhiro Doi, directeur de technologie-PR et R&D-Brand Management, la BR23C représente une extension du bouclier de sécurité Nissan quadrilatérale.
Ce robot est conçu pour faire en sorte que les voitures de cette marque soient en mesure d'éviter les collisions.
Pendant le vol, chaque abeille construit sa propre salle de vol ovale, très semblable au bouclier de sécurité Nissan.
Mais le plus important, c'est les yeux facettes de l'abeille, qui peuvent être vus par un angle de 300 degrés dans toutes les directions, ce qui leur permet de voler sans interruption dans leur espace aérien personnel.
Les techniciens ont développé le "Laser Range Finder" (LRF) afin de reproduire la perspective globale.
Il remarque des obstacles situés à deux mètres de distance avant la BR23C et situés dans un rayon de 180 degrés, calcule la distance jusqu'à l'objet et envoie un signal à un microprocesseur embarqué qui est directement traduit en signal pour éviter la collision.
'Au moment où l'obstacle est remarqué, le petit robot imitera le vol des abeilles et changera immédiatement de direction en tournant ses roues à 90o ou plus grand angle pour éviter la collision.
La plus grande différence avec d'autres systèmes est que cette manœuvre d'évitement est absolument instinctive.
Si ce n'était pas le cas, le robot ne pourrait pas être en mesure de réagir avec une rapidité suffisante pour éviter les obstacles, ' explique Toshiyuki Andoh, directeur du laboratoire de mobilité et de l'ingénieur principal de ce projet.
Contrairement à une abeille, le robot ne peut pas s'écarter ni vers le haut ni vers le bas, mais il ne peut pas non plus se déplacer sur deux dimensions seulement et dans la direction qui lui permet de tourner ses roues et non pas dans les directions infinies et de façon infinie, comme le font les abeilles.
Pour cette raison, Nissan a utilisé la fonction de rotation en plus des fonctions d'accélération et de freinage afin que le petit robot évite les collisions.
'Cet appareil n'a besoin que d'une paire de secondes pour traiter l'information et agir selon ces indications.
Il ne nécessite ni l'information ni la logique intuitive des manœuvres effectuées pour stocker, il peut donc travailler en continu avec seulement une paire de dizaines de KB de l'espace disque.
Cela semble surprenant, mais il ne s'agit pas des GB ni même des Mo de l'espace disque.
C'est la première étape dans le développement des technologies pour la prévention immédiate des collisions, une technologie que Nissan a prophétisé dans les dix prochaines années pour introduire dans les voitures de série.
Le robot fonctionne avec des piles lithium-polymères plus légères et plus longues que les piles lithium-ion.
Une autre application possible de cette technologie à l'avenir pourrait être l'intégration de l'unité avec un système de navigation GPS par satellite, afin de conduire jusqu'à la cible tout en évitant les obstacles sur le chemin.
Elle tremble avant d'être hypothéquée.
Il faut reconnaître que le ministère des finances des États-Unis, à part qu'il dispose de liquidités suffisantes pour apporter son soutien, n'est pas sans compétence.
Avant la crise et afin d'éviter que les citoyens américains ne soient impliqués dans les histoires hypothécaires des banques soi-disant en mesure de payer, un jeu divertissant et instructif a été développé pour les internautes: 'Bad Credit Hôtel', dit-on.
Ou peut-être, l'hôtel des mauvais prêts ou de la confusion.
Le troisième aspect de cet hébergement, et en particulier de sa réceptionniste, est de réfléchir à une, deux et jusqu'à trois fois, pour savoir si le moment est venu de ne pas demander de crédit.
Et surtout là où vous pouvez le faire, ce qui est probablement le but du jeu.
Elle a certainement des informations utiles, mais sans détails.
C'est plus une page pour les adolescents qu'une place pour tous les spectateurs.
Que se passera-t-il quand le jeu sera étendu ?
Eh bien, quand une chambre de rêve apparaît à l'hôtel.
Au moins quelque chose, car il ne s'agit pas d'acheter une meilleure maison
Morgan Stanley met son capital à la disposition de MUFG
Morgan Stanley a annoncé l'entrée de Mitsubishi UFJ Financial Group (MUFG) dans son entreprise, ce qui constituerait la première banque japonaise à dépenser 9 milliards de dollars et à reprendre 21% de son capital, une innovation due à une chute importante de son cours boursier.
Une semaine après qu'un accord préliminaire ait été rendu public, les deux banques ont déclaré que MUFG achèterait 9,9% des actions ordinaires de Morgan Stanley au prix unitaire de 25,25 dollars, soit un total de trois milliards de dollars.
Le prix retenu est inférieur à 19% de la valeur de l'action du 31 août.
MUFG investira six milliards de dollars supplémentaires dans l'acquisition d'actions convertibles qui lui assureront un bénéfice de 10% et pourront être vendues à un prix de 31,25 dollars.
Morgan Stanley a expliqué que l'activité mondiale se fera sur la base d'un prix moyen unique de 29 dollars, soit 28% au-dessus de la valeur actuelle.
Cependant, l'action de Morgan Stanley a chuté de 6,79% vers 17h00 GMT à 23,07 dollars.
" Ce lien stratégique constitue une occasion importante d'accélérer le passage de Morgan Stanley au statut de banque holding ," a déclaré John Mack, directeur général du groupe américain.
Morgan Stanley a accepté ce statut la semaine dernière, ce qui devrait lui permettre d'étendre ses activités à de nouveaux domaines, mais sous le contrôle de la Réserve fédérale.
Leur lien avec MUFG confirme également que la crise financière actuelle oblige les plus grands noms de Wall Street à adopter une attitude beaucoup plus prudente qu'auparavant.
Les modalités présentées lundi montrent également que l'accord a été modifié au cours des derniers jours: lundi dernier, Morgan avait simplement déclaré qu'elle vendrait jusqu'à 20% de ses actions au Japon pour environ 8,5 milliards de dollars.
"Il y a une semaine," a déclaré à Tokyo Toshihide Mizuno, directeur général du MUFG, "nous pensions que la participation serait entièrement constituée d'actions ordinaires.
Mais, compte tenu de la situation économique et du marché actuel, nous voulions réduire les risques et nous assurer. "
Sur la base d'un prix moyen équilibré, MUFG paiera 7% en dessous de leur prix pour ses actions Morgan Stanley.
Et les affaires se feront avec une réduction des bénéfices d'environ 20% par action.
L'accord prévoit que MUFG pourra convertir dans un an la moitié de ses actions privilégiées en actions ordinaires si ces dernières sont échangées dans un délai donné à plus de 50% au-dessus de la valeur de vente, c'est-à-dire à environ 47 dollars.
Morgan Stanley assure que les fonds fournis par MUFG lui permettront d'exploiter les possibilités d'investissement, de renforcer leur bilan et d'accroître leurs ventes.
Cependant, un porte-parole du groupe a refusé de fournir des informations plus précises sur les projets stratégiques des deux nouveaux alliés.
Après l'investissement de MUFG, Morgan Stanley devrait pouvoir compter sur un taux de solvabilité d'environ 15%, l'un des meilleurs dans ce secteur.
Morgan a déclaré avoir réduit son bilan "clairement" depuis la fin du mois d'août.
Ces dernières semaines ont été difficiles pour le groupe qui a dû voir son cours boursier baisser de moitié, tandis que le prix de l'assurance contre l'insolvabilité a augmenté.
Ce prix a baissé lundi, mais est resté à un niveau élevé, à environ 12%.
Goldman Sachs, seul survivant des grandes banques d'investissement de Wall Street après la faillite de Bear Stearns et Lehman Brothers et l'achat de Merrill Lynch, a annoncé la semaine dernière avoir retiré 15 milliards de dollars, en partie à Berkshire Hathaway, le groupe de Warren Buffett.
Rafael Correa ce lundi à Quito.
Refondre la République autour du socialisme du 21ème siècle.
Tel est le projet commun du Vénézuélien Hugo Chávez, du Bolivien Evo Morales et du Equatorien Rafael Correa.
C'est le troisième qui a choisi ce dimanche, suivant l'exemple de ses semblables et amis, le plan d'une nouvelle constitution.
Mission accomplie parce que, d'après les résultats publics de 80% des électeurs, 64% ont voté "oui" lors du référendum.
Selon ces résultats, 28% ont voté "non," 7% des bulletins étaient nuls et 0,7% étaient vides.
Pour que le projet constitutionnel soit adopté, plus de la moitié des suffrages exprimés doivent être exprimés.
Dimanche, deux sondages effectués aux sorties des bureaux de vote et un recensement d'une organisation non gouvernementale avaient annoncé une victoire claire pour "oui" et il avait prophétisé entre 63% et 70%.
La nuit du dimanche au lundi, Rafael Correa avait d'ailleurs demandé la victoire de son projet constitutionnel.
La "Constitution a triomphé de façon écrasante," il avait assuré à Guayaquil, siège du gouvernement à 280 kilomètres au sud-ouest de Quito, et a félicité les Equatoriens.
Bien sûr, Rafael Correa a été félicité par Chávez et Morales, mais aussi par son collègue chilien Michelle Bachelet.
L'élection qui s'est déroulée en silence après l'organisation d'observation de l'Organisation des États américains (OEA) a porté sur un texte de 444 points destiné à assurer le "nouveau socialisme" auquel le président s'est engagé.
Le projet constitutionnel transfère le pouvoir de l'État à l'économie en lui laissant le droit exclusif de "planifier le développement" dans un pays qui vit le plus largement de l'extraction pétrolière par des entreprises étrangères et des devises qui envoient des émigrés dans le pays.
Le projet, qui sera lancé par la Correa élue en 2006, reconnaîtra également au chef d'État un pouvoir plus large qui pourra exercer jusqu'à deux mandats successifs de quatre ans chacun et aura la possibilité de dissoudre l'Assemblée nationale.
Correa a déjà annoncé qu'il ferait usage de ce pouvoir et qu'il chercherait à obtenir un nouveau mandat en février 2009.
La Constitution garantit également le principe des soins de santé et de l'éducation gratuits, que le président a déjà commencé à introduire dans ce pays avec 13,9 millions d'habitants, où 50% de la population vit en dessous du seuil de pauvreté.
En fin de compte, elle prévoit également d'interdire la présence de troupes étrangères, ce qui mettra fin à l'accord entre Quito et Washington sur l'utilisation d'une base équatorien comme base de départ pour les opérations antidrogue américaines.
Les 19 otages ont été libérés au Tchad
Un commando égyptien a lancé l'attaque contre les kidnappeurs des onze touristes et de leurs huit compagnons qui avaient été capturés il y a dix jours.
Ils sont au Caire.
Les onze touristes européens et leurs huit compagnons égyptiens emprisonnés dans le désert pendant onze jours ont été ramenés sains et saufs dans la capitale égyptienne ce lundi après-midi.
Le lendemain, ils avaient été libérés par un commandement égyptien au Tchad.
Apparemment en bon état, vers 15h30, les otages sont arrivés à bord d'un avion spécial à la base militaire d'Al-Maza, juste à côté de l'aéroport international du Caire.
Ils ont été emmenés directement, sans parler à la presse, à bord d'un hélicoptère, à l'hôpital de Maadi, un quartier étranger du Caire, pour y faire l'objet d'une enquête.
Ils jouissent tous de la " meilleure santé " et les kidnappeurs " n'ont pas reçu de rançon ," a déclaré le ministre égyptien du Tourisme Zoheir Garanna sur le terrain.
Le 19 septembre, après avoir été capturée par un safari de quatre roues au pied du mont Ouanat dans la région frontalière de l'Égypte, du Soudan et de la Libye, le groupe des otages a été emmené par 35 kidnappeurs inconnus d'une cachette.
Il s'agit de onze touristes - cinq Italiens, cinq Allemands et une Roumaine - et de huit Égyptiens: deux guides, quatre chauffeurs, un garde-frontières et le directeur de l'agence Aegyptus, organisateur du safari.
Un responsable égyptien de la sécurité a déclaré que 30 membres des unités spéciales, à partir de deux hélicoptères, ont lancé l'attaque la nuit juste avant l'aube.
"Des coups de feu sont tombés de part et d'autre et la moitié des kidnappeurs ont été tués, les autres ont fui," a déclaré ce responsable qui veut rester anonyme.
Il a déclaré qu'un total de 150 membres des unités spéciales égyptiennes avaient été envoyés au Soudan, où ils ont reçu le soutien des commandos allemands et italiens.
Le chef des diplomates italiens Franco Frattini a parlé de Belgrade, où il se trouve, du rôle joué par les agents secrets et les éléments des unités spéciales italiennes.
"Nous devons reconnaître que nous avons obtenu ce résultat grâce au professionnalisme et à l'efficacité de nos hommes des services secrets et des unités spéciales," a-t-il expliqué sans plus de détails.
Il a également nié qu'une rançon avait été payée.
La veille, l'armée soudanaise avait affirmé avoir arrêté, lors d'une patrouille, un véhicule tout-terrain dans lequel se trouvaient les kidnappeurs, dont six, dont le chef du Tchad, ont été tués et deux ont été arrêtés.
L'armée a expliqué qu'ils étaient en relation avec un groupe rebelle du Darfour, le Mouvement Libération du Soudan-Unité (SLA-U), ce qui a immédiatement contesté ce mouvement.
Lettres - La majorité silencieuse de la culture
Un débat sur le financement de la culture fait la une et est le thème central de la campagne électorale actuelle.
Tant mieux.
Mais un domaine de notre vie culturelle reste dans l'oubli.
Qui se lèvera pour dénoncer les pathétiques sommes accordées aux petits musées, aux archives, aux fouilles archéologiques ou aux lieux historiques nationaux qui meurent de faim ?
Quel politicien osera rappeler au gouvernement fédéral qu'il néglige ses monuments et ses édifices culturels?
Que le Québec, comme au Canada, n'a pas de législation adéquate pour protéger efficacement notre patrimoine culturel?
Saviez-vous que le gouvernement français consacre 3,5 millions d'euros à la seule restauration du château de Chinon dans la vallée de la Loire ?
Chez nos voisins américains, la constitution de leur pays stipule que la protection du patrimoine culturel fait partie de la culture de l'Américain et que ce patrimoine culturel doit être protégé par tous les citoyens, tous les députés et toutes les circonscriptions gouvernementales, et ce par un vote mutuel.
Au Québec, dans l'Association des sociétés d'histoire du Québec, au moins 40.000 bénévoles réunis dans 211 sociétés d'histoire s'efforcent de s'occuper intensément de l'histoire, de sauver avec quelques sous les nombreuses archives privées et de préserver les vestiges archéologiques.
Ils sont aussi souvent les chiens de garde de notre patrimoine culturel qui protestent avec la force du désespoir lorsque les promoteurs et les décideurs lâchent leurs bulldozers sur nos vieilles pierres et nos cimetières oubliés.
Quand y aura-t-il une scène pour l'histoire et le patrimoine culturel?
Gouvernements du Benelux parties gouvernementales de Fortis Bank
Avec une nationalisation partielle, les pays du Benelux veulent faire face aux turbulences de la banque belgo-hollandaise Fortis, qui traverse la crise financière des États-Unis: les trois pays allouent 11,2 milliards d'euros au total à l'Institut bancaire et d'assurance, qui possède d'ailleurs des filiales en Hongrie.
Les gouvernements de la Belgique, du Luxembourg et des Pays-Bas ont discuté ce week-end au plus haut niveau, avec le président de la Banque centrale européenne et le représentant de l'Autorité européenne de la concurrence.
Dans la zone euro, Fortis est la première victime de la crise financière internationale qui dure depuis un an, et les décisions qui sont prises à présent dans le cadre de la Banque pourraient donc avoir un précédent.
Conformément à la décision prise le dimanche soir, les trois pays achètent les parts respectives de la banque à environ 49%.
La banque vendra probablement une partie de ses participations, en particulier les activités d'assurance achetées par ABN Amro l'année dernière.
Les actions des Fortis ont commencé la semaine dernière une forte baisse, et des scénarios de crise sérieux se sont déjà dégagés au cours du second semestre.
Cependant, les analystes sont d'accord pour dire que la banque, avec ses 85 000 employés, est bien trop grande pour faire faillite.
Les titres de l'Institut sont tombés de 12% vendredi à un plancher de 14 ans.
Depuis janvier, la valeur des actions a chuté de plus des deux tiers.
Compte tenu des cours des actions actuels, la valeur de marché du groupe s'élève à 14 milliards d'euros, ce qui, selon la direction, n'est pas réaliste.
Selon la direction, le plan de sauvetage américain coûte 700 milliards de dollars et l'incertitude qui en résulte sur les marchés sont à l'origine de la chute des actions de Fortis.
Mais lundi, les cours ont légèrement augmenté.
Le vendredi, Filip Dierckx a été nommé nouveau directeur général de la Banque.
L'Institut monétaire était également à la recherche d'un acheteur privé, mais il n'a pas trouvé d'intérêt avec une offre factuelle.
Cependant, le gouvernement belge s'est efforcé de se calmer - aucun investisseur ne doit trembler pour son argent, a-t-il déclaré.
Jusqu'à présent, les clients n'ont pas paniqué, les filiales de la banque n'ont pas été assaillies.
En Hongrie, Fortis possède des filiales indépendantes, mais aussi des sociétés de crédit-bail.
Renard dans le poulailler
En raison de la consommation de médicaments d'une personne, les assurances vie et maladie en Amérique refusent souvent de conclure un contrat avec un client.
Les experts en matière de protection des données craignent que le marché des données ne devienne incontrôlable.
"Il existe des programmes de protection des données qui associent l'utilisation des données sur les médicaments à l'approbation de la personne concernée.
Ceux-ci devraient être en mains indépendantes, sinon nous confions les poulets au renard" - cite le Washington Post Richard Dick, développeur du programme de suivi des données de prescription.
L'assurance détermine les frais et les paiements en cas de dommage en fonction de l'état de santé du client et, si le risque est trop élevé, l'assurance n'est pas achevée.
Auparavant, le client a été envoyé pour un examen médical et le contrat n'a été conclu qu'en connaissance des résultats de l'examen.
Il y a dix ans, Dick a inventé une méthode beaucoup plus favorable: en utilisant le numéro d'identification du client, il tire les données des dernières années et demie des pharmacies, c'est-à-dire des préparations achetées, et le programme en calcule la maladie et l'état de santé du client.
Par exemple, s'il achète régulièrement de grandes quantités de médicaments qui réduisent le cholestérol, on pourrait en conclure que son taux de graisse dans le sang est incurable, ce qui l'alignerait automatiquement dans un groupe à risque plus élevé.
Plusieurs versions du programme sont en circulation - certains définissent même un multiplicateur de risque, de sorte que les assurances n'ont plus qu'à faire la paperasserie, mais il y a de plus petites difficultés.
L'un des inconvénients est que de nombreux médicaments peuvent être pris à des fins différentes, comme la migraine et les bouffées de chaleur, mais aussi la dépression.
Ce dernier facteur est, du point de vue des assureurs, un facteur de risque élevé, tandis que celui mentionné ci-dessus n'est pas.
Pour la consultation et le traitement des données, les sociétés se sont formées et, avant d'obtenir les données, elles demandent son consentement au patient.
Aujourd'hui, ils doivent le faire par voie législative, même si les omissions n'ont pas encore été sanctionnées.
Certaines entreprises traitent même les résultats des tests de laboratoire et les combinent avec les données sur la consommation de médicaments, ce qui leur donne une image plus précise de l'état de santé des patients.
De plus en plus d'entreprises ont accès aux données et le contrôle de leur utilisation devient en même temps plus difficile.
Bien qu'il existe une loi spécifique sur la protection des données à caractère personnel, son impact ne concerne que les prestataires de services de santé et les compagnies d'assurance.
Le projet de loi a déjà été présenté au Congrès, selon lequel les autorités pourraient également contrôler les sociétés de traitement de l'information.
Dick Richard reconnaît que c'est trop peu, et il souhaite donc développer son programme afin que les données ne puissent être transmises qu'avec l'accord de la personne concernée.
Une autre question est évidemment que l'intéressé ne peut guère interdire l'accès à ses données, faute de quoi les assurances ne concluront pas de contrat avec lui.
Et donc les poulets sont d'une certaine manière laissés à la grâce du renard.
Plan d'alimentation mondial de Marseille
L'Union européenne et l'Inde doublent le commerce
L'Union européenne et l'Inde étant des partenaires commerciaux de premier plan de l'autre côté de l'Atlantique, il s'agissait là d'un thème majeur, parmi d'autres problèmes mondiaux, lors du neuvième sommet.
Aujourd'hui se tient également le sommet franco-indien, qui discute principalement de la coopération dans le secteur de l'énergie nucléaire.
Bien que l'Union européenne reconnaisse que l'Inde est une grande puissance démocratique émergente et qu'il convient de donner plus de voix et de voix aux préoccupations internationales, les États membres n'ont pas encore pu se mettre d'accord pour soutenir ou non l'adhésion permanente de New Delhi au Conseil de sécurité des Nations unies.
Cette question n'a pas été débattue hier lors du neuvième sommet de Marseille.
Le président français et le président actuel de l'UE, Nicolas Sarkozy, ainsi que le président de la Commission José Manuel Barroso et le diplomate en chef Javier Solana ont reçu le Premier ministre indien Manmohan Singh. Un accord a été conclu pour que le commerce double au cours des cinq prochaines années, soit porté à un peu plus de 100 milliards d'euros.
Étant donné que les échanges de marchandises sont passés de 25 à 55 milliards entre 2000 et 2007, cet objectif n'est même pas aussi ambitieux.
Dans ce sens, les 26 accords de vol civil existants avec l'Inde ont été fusionnés juridiquement en un accord, ce qui a permis d'encourager le transport aérien à l'avenir.
D'ici 2009, l'Inde souhaite signer l'accord de libre-échange avec l'Union.
Sarkozy a promis d'accélérer le pacte.
L'objectif est de parvenir à un équilibre entre l'UE et l'Inde, qui est actuellement déséquilibré: alors que l'Union est le partenaire numéro un de l'Inde, New Delhi n'est qu'un des neuf partenaires de l'UE.
Le sommet a été consacré aux préoccupations mondiales.
Il s'agissait de la situation en Afghanistan et au Pakistan, ou du terrorisme, que les deux parties ont condamné avec la plus grande fermeté, et de la convocation d'une conférence des Nations unies.
Le cycle de Doha devrait également être achevé, les deux parties étant responsables de l'échec.
L'UE a souligné son attachement à son programme sur l'énergie et le climat, c'est-à-dire que les émissions de polluants devraient être réduites d'au moins 20% d'ici 2020.
L'Inde a également marqué son accord, tout comme la proposition de conclure une sorte de compromis mondial lors du prochain sommet sur le climat et de réduire la production de gaz à effet de serre de 50% d'ici à 2050.
Il convient également de lutter contre la hausse des prix des denrées alimentaires et, par conséquent, de soutenir la convocation d'une conférence internationale sur la crise financière.
Le chef du gouvernement indien se rend aujourd'hui dans la capitale française, où il signera un accord sur les utilisations pacifiques de l'énergie nucléaire lors d'une réunion bilatérale.
Toutefois, à Paris, on espère des commandes de 20 milliards d'euros à des entreprises françaises pour la construction de réacteurs nucléaires en Inde.
Selon les déclarations de l'Agence, l'accord devrait être conclu pour 15 ans.
Plus de 300 éditeurs italiens à Francfort
Forte présence d'éditeurs italiens à la foire internationale du livre de Francfort.
Plus de 300 éditeurs italiens assisteront à la 60ème foire du livre, la plus importante manifestation internationale pour l'acquisition des droits.
Le salon international du livre de Francfort accueillera plus de 7.000 exposants de 101 pays pour l'événement actuel. Ils se répartiront sur 171.790 mètres carrés et présenteront plus de 403.000 titres. La Turquie sera l'invité d'honneur de l'événement.
La sous-secrétaire au ministère des biens culturels et des activités culturelles Maria Giro représentera le gouvernement italien dans la salle d'exposition pendant la cérémonie d'ouverture: l'Italie représentera la salle d'exposition "Punto Italia" de 264 m2.
Une conférence de presse près de la structure Room sera suivie dans la salle d'exposition 5.0 du salon du livre: à cette occasion, des chiffres, des tendances et des perspectives concernant l'édition en Italie seront discutés.
D'après les données, l'importance des livres d'écrivains étrangers diminue dans l'ensemble, mais surtout dans les secteurs des adultes et de la jeunesse.
Le petit avion du milliardaire Steve Fossett, disparu il y a un an
Le petit avion de Steve Fossett, qui a disparu le 3 septembre 2007 sur un vol au-dessus du désert du Nevada, a été retrouvé.
Les articles ont été trouvés sur un plateau haut de 3000 m d'altitude, dans la région de la Sierra Nevada Mammoth Lakes entre les États de Californie et du Nevada.
Il n'y avait pas de restes humains à l'intérieur de l'avion.
Le shérif de Madera County, John Anderson, a complètement soulagé les derniers doutes lors d'une conférence de presse: "L'avion a été localisé et une équipe a été envoyée. Maintenant, nous avons la certitude qu'il s'agit de l'avion avec lequel Steve Fossett a volé le jour de sa disparition."
M. Anderson a également confirmé qu'aucun vestige humain n'a été trouvé dans l'avion ou à proximité de celui-ci.
Le milliardaire de 63 ans a été déclaré mort en février.
Le Bureau américain de la sécurité routière (Ntsb) a indiqué que quelques heures après l'inspection de l'avion, une équipe a été envoyée pour identifier la machine: il s'agit de la Bellanca 8kcab, qui a été perdue le 3 septembre 2007, après le départ de Fossett à Yerington dans le Nevada pour un vol de 3 heures.
Hier, en Californie, près de la frontière avec le Nevada, certains objets personnels de Fossett ont été trouvés par une paire près de leur maison sur les Mammoth Lakes.
Il s'agit de deux cartes d'identité, appelées Fossetts, toutes deux émises par l'Administration fédérale de l'aviation d'illinois, en espèces et en veste.
La recherche de Fossett avait été abandonnée un mois après sa disparition.
Le milliardaire avait conquis une place dans l'histoire par une longue succession de records.
En 2002, il a réussi à être le premier homme à tourner autour du monde dans un ballon d'air chaud: un vol solitaire de deux semaines.
Trois ans plus tard, il a parcouru le monde en un seul vol sans escale par avion.
Parmi ses nombreux records, il y a un vol en altitude de 15445 m au-dessus des Andes, mais celui-ci avec un copilote.
Glk, la publicité que tu n'attends pas
Un suv qui, grâce à son design original et à son guidage de ligne spécial, tombe de la surface déchargeuse et de ses angles clairs des schémas traditionnels.
Mercedes-Benz a essayé de donner un nouveau souffle à ce secteur avec cette offroader.
C'est précisément en raison de ses caractéristiques exceptionnelles que la présentation du Suv Glk sera non conventionnelle, qui sera présentée dans le showroom de Mercedes-Benz à partir du 17 octobre.
Ainsi, le tambour publicitaire qui accompagnera l'apparition du nouveau modèle se présentera également dans une nouvelle robe, c'est-à-dire sous la forme d'une campagne en 3D - une nouveauté dans le secteur automobile dans l'Italie en retard.
Un projet d'un coût maximal qui sera réalisé dans différents barils qui occuperont le centre commercial de Milan, le Corso Como, jusqu'au 15 novembre.
La première face se composera de la présentation de la voiture en forme, avec des lunettes 3D distribuées près du Corso Como pour donner à tout un aspect particulier: le nouveau Suv apparaîtra ainsi comme un modèle tridimensionnel dans ses dimensions presque réelles.
En effet, la voiture apparaîtra si apparemment de l'affiche sur laquelle elle est représentée.
La technologie Elumina8 permet d'éclairer la nouvelle Glk à différents moments dans tous ses détails, afin de s'y rassembler comme un tout.
Sans aucun doute, la préoccupation de Mercedes avec cette publicité est d'introduire un nouveau type de publicité d'auteur dans ce champ plutôt stéréotypé.
Mais cela permettra-t-il d'attirer l'intérêt des futurs acheteurs?
Maintenant, il est clair qui sont les Hooligans italiens
Ils viennent du Triveneto - ils risquent maintenant d'interdire le stade
Qui sont ces 150-200 garçons et filles qui ont honte de toute l'Italie ? Ils font partie du groupe "Ultras Italia" qui voyage depuis des années après l'équipe nationale italienne et qui, honnêtement, n'a pas causé de sérieux problèmes jusqu'à récemment.
Il n'y a jamais eu de affrontements avec des fans hostiles.
L'origine du groupe est dans le milieu droit.
Les promoteurs viennent du Triveneto.
De Vérone, Padova, Trieste et Udine.
À Sofia, d'autres petits groupes de la Campanie et des Pouilles se sont joints à eux.
Ils portent le tricolore sur lequel apparaissent les villes des militants: mais ceux-ci étaient éloignés samedi pour éviter une identification.
Leurs modèles sont les fans anglais.
En Bulgarie, une véritable scène de fans d'extrême droite, celle de Levski, s'est heurtée.
La Figc avait mis 144 cartes à la disposition des fans italiens pour le match: toutes ont été émises par des noms et sont donc faciles à contrôler.
En effet, ils étaient tous contrôlés par le viminal: parmi ceux qui se rendaient à Sofia, il n'y avait personne avec une procédure d'interdiction de stade en cours.
Quatre fans de l'équipe italienne, qui avaient déjà été pris en charge à cet égard, ont également été refusés le billet et le voyage en Bulgarie.
Maintenant, le viminal attend les rapports de la police bulgare pour prendre des mesures supplémentaires: dans ce cas, les Tifosi arrêtés ou identifiés lors des émeutes peuvent s'attendre à une interdiction de stade d'au moins cinq ans.
Il s'agit d'une interdiction internationale qui empêche l'accès aux stades dans toute l'Europe.
Nos hooligans ne vont donc plus mettre un pied dans un stade.
Heureusement.
Mais, bien sûr, il y a maintenant la peur des imitateurs qui pourraient les suivre à peine plus de 150.
"Cet incendie doit être immédiatement éliminé et, en tout état de cause, il n'est pas possible de justifier un tel comportement," dit-on dans le Viminal.
C'est pourquoi, "les yeux sur surtout en regardant le match de l'équipe nationale mercredi à Lecce."
En effet, dans les Pouilles se trouve un petit noyau des Ultras italiens.
Demain, l'Osservatorio (surveillance des sports), mardi, se réunit les Casms, qui peuvent compter sur une partie de l'Aise, c'est-à-dire les services secrets qui s'occupent du problème de la violence du stade.
"Duce-Duce cris et le bras droit levé pendant l'hymne de Mameli? En Bulgarie ce n'est pas un crime" ...
C'est l'idée de Domenico Mazzilli (clairement exprimée sans joie), qui est depuis quelques semaines le directeur de l'Osservatorio sur le Viminal (il a repris le poste de Francensco Tagliente et ensuite Felice Ferlizzi).
Précédemment, Mazzilli était le président de la police de Trieste, où l'un des principaux partisans des Ultras Italia, fondée en 2002.
Bien qu'il soit vrai, dit Mazzilli, qu'en Bulgarie, il n'est pas contraire à la loi de louer le Duce, ce comportement était sans aucun doute une honte pour ces 150-200 personnes.
"Je ne suis pas sociologue - ajoute le numéro 1 de l'Osservatorio - les crimes sont punis dans le pays où ils sont commis.
Jusqu'à présent, ce groupe s'était arrêté, mais il faut maintenant réfléchir à ce qui s'est passé et ce qui va se passer.
Mais nous parlons aussi des sifflets pendant l'hymne de Mamelis: ce n'est pas un crime non plus, mais permettez-moi, car il manque l'éducation" (...).
