Triumph des populistes de droite en Autriche, ont un total de 29 %
Selon les premiers résultats préliminaires des élections précoces du Parlement en Autriche, ils ont entraîné une affaiblissement perceptible des deux parties dans la grande coalition actuelle et un accroissement significatif pour les partis populistes de droite.
Le Parti populaire autrichien (ÖVP), où la position de la tête actuelle, Wilhelm Molterer, est gravement tournée, souffre particulièrement de grandes pertes.
En revanche, le dirigeant de la campagne de l'Alliance pour l'avenir de l'Autriche (BZÖ), gouverneur carinthien Jörg Haider, prépare un retour triomphant à la politique nationale.
Selon les résultats préliminaires, le Parti social démocratique (SPÖ) reste le plus fort dans le pays avec 29,8 % des voix, cependant, il a perdu 5,5 % des voix depuis les dernières élections en 2006.
ÖVP, qui, avec ses 25,6 %, pert près de neuf pour cent des voix, est encore pire.
Ce sont les pires résultats des deux grands parties dans l'histoire de l'Autriche après la guerre, et en particulier pour le Parti populaire, qui a invité les élections précoces, c'est un résultat catastrophique.
Au début du juillet, quand l'ÖVP a quitté la coalition, le Parti populaire a toujours eu un rôle important sur le SPÖ dans les sondages.
Toutefois, les voteurs les ont apparemment puni d'avoir laissé le Gouvernement.
Dans les premières réactions aux résultats, il y avait déjà des spéculations sur la possible démission du chef de parti et le vice-chancelleur Wilhelm Molterer actuel.
Les observateurs prévoient que cela pourrait avoir lieu dès lors de la réunion extraordinaire du leadership de la partie le lundi.
Un tel développement simplifiera certainement le voyage vers le recours de plus en plus probable des résultats électoraux, c'est-à-dire le renouvellement de la grande coalition de SPÖ et ÖVP.
Compte tenu du renforcement des deux parties populaires de droite - le Parti de liberté (FPÖ) a obtenu un préliminaire 18 pour cent et le BZÖ 11 pour cent des voix - cependant, en même temps, les Sociaux-démocrates ont exprimé la peur d'une répétition de l'année 1999, lorsque le Partie populaire est convenu avec les populistes (FPÖ était encore unis à ce moment, elle s'est débarragée de BZÖ en 2005) sur un gouvernement commun, qui a finalement provoqué des sanctions de l'Union européenne.
Haider, qui a déjà annoncé qu'il est prêt à travailler avec tout parti et présumé qu'il retourne à Vienne dans la politique nationale, est évidemment bancaire sur ce développement.
Le Parti vert est également entrée dans le parlement, mais a souffré une légère perte et est tombé de troisième à cinquième place parmi les partis politiques autrichiennes.
Aucun des autres parties n'a pas dépassé la marque de quatre pour cent et est entrée dans le parlement.
Schwarzenberg: Les relations avec l'Inde pourraient pire
Selon le ministre des affaires étrangères Karel Schwarzenberg, s'il ne sera pas possible de résoudre le problème des scientifiques tchèques chargés en Inde de la collection illégale de tchèques, une certaine dégradation des relations tchèques-indiennes pourrait se produire.
Le ministre a fait cette déclaration à New York après la réunion d'aujourd'hui avec son homologue indien, Pranab Mukherjee.
« Si elle n'est pas résolue, alors oui, alors une certaine détérioration aura lieu », dit-il à la suite de la réunion initiée du côté tchèque.
À la suite des négociations, Mukherjee a déclaré qu'il était difficile pour la filiale exécutive d'intervenir dans les questions judiciaires.
Néanmoins, il a déclaré que, dans le cas de Petr Švácha, qui a été libéré des accusations et sanctionné par une amende, le gouvernement central peut négocier avec le gouvernement local de Darjeeling, sous la juridiction dont la question appartient.
« Son problème pourrait être résolu », a déclaré le ministre.
Selon Mukherjee, c'est le mieux que Emil Kučera, condamné à trois ans de prison, appele aux autorités supérieures.
Il peut ensuite demander d'être libéré à la caution et d'attendre le verdict à l'extérieur de la prison, il a expliqué.
Schwarzenberg a confirmé que son partenaire a également dit cela pendant les négociations.
« Il recommande d'appeler un tribunal supérieur, alors il serait possible de le pardonner », a déclaré le chef de la diplomatie tchèque.
La seule façon dont le côté tchèque peut devenir impliqué à toute la question est de fournir aux personnes condamnées « soutien juridique compétent », a déclaré le ministre indien.
En même temps, il a dit que le côté indien leur fournit déjà une aide de ce type.
"C'est dans notre plus grand intérêt de maintenir les meilleures relations avec l'Inde, qui ont une tradition de longue date.
Les Indiens reconnaissent également cela », a déclaré Schwarzenberg.
En même temps, comme il a dit à l'agence de presse tchèque, il souligne devant son partenaire que la République tchèque a mis une grande importance sur le problème des entomologistes tchèques.
« Nous considérons vraiment l'arrêt et l'accusation de ces scientifiques tchèques comme une grave erreur », a déclaré.
Le ministre a évité de répondre à la question de savoir si il avait reçu une promesse du côté indien pour poursuivre la question.
Il a déclaré que « j'ai déjà reçu quelques promesses ».
La bataille des références tchèques pour le sol de l'océan
Il passe vers la carte électronique des murs de l'Australie et des zones de mer environ.
Toutefois, il n'est pas intéressé au continent, mais dans un petit point perdu dans le bleu de l'océan.
"Cette île, et avec elle le sol de l'océan entourant, appartient à l'Australie.
En même temps, la région est aussi grande que le continent lui-même », déclare l'avocat italien Luigi Santosuosso, qui appartient à l'équipe de trente membres des employés de la Division des Nations Unies pour les affaires de l'océan et du droit de la mer.
Son chef, le directeur de la division, l'avocat tchèque Václav Mikulka, suive ce qu'il dit et ajoute quelque chose parfois.
Le zest et l'enthousiasme pour le travail sont dominant ici.
Le sol de l'océan réside un monde jusqu'à un peu connu riche de ressources naturelles.
Il est possible de trouver l'huile, les urmes et d'autres minéraux, mais aussi jusqu'à présent des organismes vivants inconnus qui tiennent la clé, par exemple, à l'élaboration d'une guérison pour le cancer.
Un étage plus grand que le continent
Aujourd ' hui, les pays côtières ont commencé à concurrir fortement pour le nouveau territoire sous-marine.
Selon un accord de l'ONU, ils utilisent les droits sur lesquels ils ont convenu en 1982 à Montego Bay, Jamaïque.
C'est principalement la zone du plateau continental, qui atteint souvent jusqu'à plusieurs centaines de kilomètres de la côte du pays donné.
Selon l'accord, ce pays a le droit exclusif à toutes les ressources du plateau continental.
"Le plateau continental est simplement considéré comme la partie du sol de l'océan, qui est la continuation naturelle du continent sous la mer et son sous-stratum.
Elle a atteint au-delà du bord de la mer côtière, souvent même au-delà du bord des deux cent miles nautiques de la zone économique exclusive, explique Mikulka.
La demande que le pays donné présente à la Commission des limites du plateau continental doit être appuyée par la documentation scientifique et technique fondée sur de nombreux enquêtes et mesures coûteuses.
C'est le résultat de nombreuses années de travail préparatoire.
« L'un de nos rôles est de fournir à la commission une assistance technique juridique et spécialisée.
La commission a jusqu'à présent examiné cinq demandes, de la Russie, du Brésil, de l'Australie, de l'Irlande et de la Nouvelle-Zélande.
Seuls les trois derniers de ces pays ont été réussi jusqu'à présent », ajoute Mikulka.
Récemment, le succès de l'Australie, qui était le premier à élargir son domaine sous-marine, a été enregistré dans le monde entier.
Mais la Nouvelle-Zélande a obtenu aussi - la zone du sol de l'océan que la commission lui a reconnu est d'environ 1,6 millions de kilomètres carrés, c'est-à-dire six fois plus grande que la taille du pays lui-même.
Les deux pays ont investi des millions de dollars dans l'enquête.
Le bénéfice qui suivra de l'utilisation du sol de l'océan sera à l'avenir, ils espèrent, sans valeur.
D ' autres pays présenteront également progressivement leurs demandes.
Ils ont jusqu'à dix ans depuis le moment où ils ont ratifié l'Accord de Bay de Montego pour le faire.
Lorsque le plateau continental se termine, la zone du sol de l'océan déclaré par l'accord comme « le patrimoine commun de l'humanité » commence.
Ici, aucun pays n'a plus de position exclusive.
Les droits de miner dans ce domaine sont accordés par l'accord établi par l'institution internationale.
« Mais le sol de l'océan n'est pas du Klondike », dit le directeur Mikulka exageré, ajoutant que ses « zones individuelles sont légalement délimitées et leur régime est ancré dans les contrats ».
Tchèques au Pacifique
La partie du sol de l'océan appartient actuellement à la République tchèque.
Elle le partage avec d'autres pays de l'ancien Bloc oriental comme partie de l'organisation commune « Interoceanmetal ».
Par accord, cette organisation, comme les investisseurs de plusieurs petits pays, a acquis l'état d'un « investisseur de pionering » en 1991.
Il est autorisé à la zone ClarionClipperton dans l'Océan Pacifique, qui est entre le Mexique, le Hawaii et le Kiribati.
La zone enquête par l'investisseur est légèrement plus grande que l'ancien Tchécoslovaquie.
Le sol de l'océan est robuste, c'est un type de modèle sous-marine des montagnes Tatra.
« Il est possible de me miner là-bas sur une zone globale de 75 000 kilomètres carrés.
Cette zone est une localité riche pour la collecte de concrétions polymétales contenant nickel, cuivre, cobalte et manganés », a déclaré un autre avocat, Pakshi Rajan de l'Inde.
L'avocat macédonien de la division, Rober Sandev, apporte une telle concrétion à démontrer.
Il ressemble à une petite pomme ou, avec un peu de fantasie, le chem mythique, qui, selon la légende, a amené le Golem à la vie.
Forces spéciales allemandes présentes à la sauvetage de l'hôte
Pour résoudre la crise d ' otage, le gouvernement égyptien avait demandé l ' aide de l ' Allemagne - qui a envoyé les experts.
Lorsque les forces spécifiques sont venues d'être prêtes, mais leurs services n'étaient pas nécessaires à la fin.
De plus en plus de détails surfacent les circonstances entourant la libération des onze touristes européens enlevés en Égypte.
Selon les Ministères fédéraux allemands de défense et de l'intérieur, les forces spéciales allemandes ont participé indirectement à la mission de sauvetage.
Les spécialistes des Forces armées fédérales (Bundeswehr) et membres de la police fédérale allemande (Bpol) et ses unités spéciales du GSG 9 et de la Garde aérienne ont été présentes à la sauvetage, ont déclaré les paroles des ministères lundi soir, ainsi que les membres du Bureau fédéral de la police pénale (BKA) et les experts logistiques de l'Agence de secours techniques (THW).
Cependant, les forces allemandes n'ont pas besoin, ils ont dit, parce que les capteurs ont abandonné leurs otages et fuyé lorsqu'ils ont été conscients que les otages étaient à l'arrêt d'être libérés par la force.
Le gouvernement égyptien a accepté l'aide offerte par l'Allemagne de s'appuyer sur les forces allemandes comme soutien au cours de l'opération.
"Luckily, elle n'a pas venue à cela", a déclaré un porte-parole du Ministère fédéral allemand de l'Intérieur.
Le groupe de voyage composé de cinq Allemands, cinq italiens, une femme roumaine et leurs huit compagnons égyptiens ont été en emboscade et ont enlevés le 19 septembre au sud de l'Égypte.
Après leur enlèvement dans une région désertée au sud de l'Égypte, les otages avaient été remportés dans la région frontière entre l'Égypte, la Libye, le Soudan et le Tchad.
Aujourd'hui, l'identité des capteurs reste inconnue, comme les détails sur le sauvetage ou sur les risques éventuels.
Les anciens otages sont arrivés en sécurité et solide au Caire.
Le ministre des étrangers allemand Steinmeier a déclaré qu'ils ont été confiés au soin de l'ambassade allemande.
Il n'a pas commenté les détails du sauvetage.
A Berlin, aucune information immédiate sur leur retour en Allemagne n'a été donnée.
Selon le journal allemand 'Bild', les cinq touristes et les forces spéciales sont à bord d'un Airbus de la Force aérienne allemande, qui est dit que l'Allemagne arrive le mardi.
Chambre des représentants des États-Unis rejette le Bailout
Le paquet de rémunération de 700 milliards de dollars pour les marchés financiers a étroitement passé dans la première des deux chambres du Congrès américain.
Le Dow Jones a pris un nez.
Avec un vote de 227 à 206 contre, la Chambre des représentants américains a rejeté le paquet de remise du gouvernement pour les marchés financiers.
Toutes les appels du président George W. Bush et des chefs des deux parties, malgré le cas, aucune majorité n'a été atteinte pour le programme qui devait contenir le chaos sur les marchés financiers.
Dans une campagne dramatique, les soutiens avaient fait des tentatives désesperées de convaincre les critiques du mérite du plan de 700 milliards de dollars.
Barney Frank, l'un des principaux négociateurs démocratiques, avait appelé des représentants à l'approbation, même si cela était un plan inpopulaire.
« Il est difficile d'obtenir l'approbation politique pour la prévention de quelque chose qui n'a pas encore pas arrivé », a-t-il reconnu.
Bien que le vote était encore en cours, le Dow Jones a vu une goupe de plus de six pour cent, ou 600 points.
C'était causé par les inquiétudes des investisseurs que l'échappement du gouvernement pourrait échapper.
Il a récupéré peu avant la fin du vote, seulement pour prendre un autre nez-dive lorsque le rejet a été rendu public.
Les experts attendent maintenant de nouvelles turbulences lourdes sur les marchés financiers internationaux.
Pour l'application du plan, l'approbation de la Chambre des représentants et du Sénat est nécessaire.
Rapport des organismes de voyage Augmentation des réservations
Ce sera un bon hiver pour les agences de voyage allemandes, évidemment:
Une enquête déclare que le chiffre d'affaires des réservations pour les mois à venir a augmenté significativement vers l'année précédente - pour la saison d'hiver de 30 %, même.
Malgré les perspectives d'une économie faible, l'appetit des Allemands pour le voyage reste insuffisant, dit une enquête.
Pour les réservations au cours de la saison hiverne, les organismes de voyage ont vu une augmentation du chiffre d'affaires de 31 % vers la même période de l'année précédente, l'Association allemande de voyage (DRV) a signalé à Berlin le lundi.
Selon l'entreprise de recherche sur le marché GfK, il y a aussi une augmentation des réservations au cours des mois d'automne.
Les organismes de voyage ont vu une augmentation du chiffre d'affaires d'environ onze pour cent pour octobre versus 2007, le DRV a déclaré.
Les résultats sont fondés sur les chiffres de GfK, qui traite les données de réservation de 1200 organismes de voyage allemands chaque mois et les utilisent pour faire des projections pour le marché dans son ensemble.
Les réservations de voyage sont incluses jusqu'au août 2008.
En raison d'un dollar faible, surtout les voyages vers les États-Unis étaient en demande, le DRV a dit.
Dans ce domaine, les réservations ont augmenté d'environ un tiers, dit-il.
Cependant, elle a indiqué que l'Espagne, la Turquie et la Grèce sont populaires entre les Allemands et les régions intérieures.
Les voyages inclusives étaient particulièrement recherchés, dit le Président du DRV Klaus Laepple.
Compte tenu de l'augmentation des prix d'énergie et de l'alimentation, leur coût était « plus calculable pour les clients que celle des vacances individuellement organisées », a déclaré Laepple.
Les consommateurs pourraient économiser l'argent par des réductions d'oiseaux précoces ou all-inclusive, entre autres, a déclaré Laepple.
Parce que les mois d'été avaient été très bien réservés, il serait également une autre augmentation du chiffre d'affaires vers l'année précédente, il a déclaré - bien qu'une autre enquête signale que le nombre des Allemands voyagés a diminué par rapport à l'année précédente.
Ma première fois au Oktoberfest
Le style d'après-ski-style d'aprés agit en mode répété, la bière d'un litre de taux et de célébrités dans le designer Dirndln.
Une Wiesn Debut.
Techniquement, Susanne Kronzucker et moi n'avons pas beaucoup en commun.
Elle est blond, une télévision hôte et porte un Dirndl.
J'ai des cheveux noirs, je suis étudiant, et ma robe est de deuxième main.
Mais il y a une chose qui nous connecte : Nous sommes à la Wiesn depuis à peu trois minutes, et les photographes sont déjà tournés à nous et s'engagent, remplint leurs cartes de mémoire - très flattant, et c'est ma première visite à la Wiesne, à boot.
C'est comme tu fais des amis.
Il semble qu'il faut son travail.
Pour un tourisme Wiesn, habituellement basé sur le nord de l'équateur de Weisswurst, cette confortable sensation portant des garbes traditionnelles baviernes avait laissé beaucoup à être souhaité à jour.
Mais une fois arrivée à Theresienwiese, ce n'est pas aussi mauvais que ça.
Presque tout le monde porte Dirndl ou Lederhosn; personne ne semble dégustée ou honteuse - tout est totalement normal.
Seul mon apron de Dirndl a tiré des miracles étranges sur le vendeur de chocolate-banane.
Une femme de Munich a porté à mon attention que j'avais lié l'apron le mauvais moyen : « Disponible à gauche, vierge au milieu, engagée à droite, veuve derrière. »
Je tire mon apron de derrière à gauche.
Elle dit, et rire.
D'autres sont moins préoccupés par des techniques de flirting subtils et portent des chépages simplifiés qui disent 'Too boire pour se vêtir' et, sans inviter, montrer aux gens leur nu derrière.
Le jeune homme avec l'attitude exhibiteur est appelé Bob, est de l'Angleterre, et c'est sa première fois aussi à l'Octoberfest.
Il l'a trouvé "horgous", avec un "oooooo" longtemps.
Il me dit ça juste après avoir se débarrassé de la "Maß" qu'il avait précédemment.
Juste à côté de l'un de ces coups de feu que tout le monde faut pour des déchets.
Donc Bob est l'un de ceux infamés 'Wildbiesler'.
D'autres n'ont pas assez chance de perdre l'alcool de cette façon.
Il s'agit de huit heures de nuit, des nombreuses de paramédiaires s'engagent à l'endroit, assistés aux pauvres bingers.
Les médicaments apparaissent toujours dans des emballages - il y a toujours quatre à l'époque, portant un écraser couvert de la tente à la tente.
Il fonctionne comme avec la plupart des visiteurs Wiens: Quand ça est vide, ils vont sortir, et quand il est plein, ils retournent.
Vous ne voiez pas qui est à l'intérieur des cherches de BAC.
C'est ce qui ne peut plus prendre, l'un des médeciques criait quand je lui ai demandé, disparaît dans la foule.
Victime d'accident nommée par la police
Une femme piétonne de 63 ans morte à l'hôpital après avoir été frappée par un véhicule à Essex a été nommée.
Carole Paulson, de Chelmsford Road à Brentwood, a participé à l'accident le vendredi après-midi sur Shenfield Road dans la ville.
Elle a été emmenée à l'hôpital de Queen, Romford, mais plus tard est mort.
Après l'accident, un homme de 51 ans a été arrêté à cause de soupçon d'une conduite sans doute.
Depuis, il a été libéré sur la caution de police.
L'élargissement des horizons diplomatiques de la Turquie
De longtemps avant que la Turquie cherche à se joindre à l'Union européenne, les pouvoirs européens étaient désireux de pénétrer profondement dans la terre de la Turquie.
Sur le côté oriental du Bosphorus, peut-être seulement 20 étapes en Asie, est l'une des meilleures reliquies de cette ambition impériale échouée.
La station ferroviaire Hydarpasha a été conçue par deux architectes allemands Otto Ritter et Helmut Conu dans le style néo-renaissance.
C'est au moins ce que vous disent les guides.
Le bâtiment s'attache à la fin des plateformes avec une tour à chacun de ses coins frontaux cherchant tout le monde comme une salle provinciale de ville allemande.
La pierre est salte.
L'ensemble de l'édifice légèrement découlant.
Mais une fois à l'intérieur du bureau de billets, il n'y a aucun doute du grandeur de l'entreprise dont c'était la porte le plus ouest.
La station a été ouverte en août 1908 par un consortium allemand, la Corporation Anatolia-Baghdad.
L'Allemagne, la fin du jeu impériale, vise à réaliser ses ambitions de dominer au Moyen-Orient par le biais de ce chemin de fer à Damasc, Bagdad, et au-delà de ce qui est aujourd'hui l'Arabie saoudite.
Mais les ambitions impériales de l'Allemagne ont fondé pendant la Première Guerre mondiale.
Ses voies ferroviaires ont été attaquées par Lawrence d'Arabie et ses irrégularités arabes.
L'isolement relative de sa région environnée, créé par les limites congelées de la guerre froide, a disparu.
Les forces britanniques et dominantes ont avancé de l'Égypte et ont empêché les Turcs et leurs alliés allemands de Palestine et de Syrie.
Et il y avait de mauvaises nouvelles pour la station Hyderpasha aussi.
En 1917, un train de munition a détruit son toit élaboré.
Les sources turques disent que c'était sabotage.
Depuis, elle a lentement démontrée, en grande partie survenue par l'histoire.
Mais aujourd'hui, cette porte ferroviaire à Anatolia et tous les points à l'est, sert - au moins symboliquement - pour mettre en évidence les horizons diplomatiques de la Turquie.
Le parti régissant la justice et le développement - l'AKP - a élaboré une nouvelle politique étrangère pour le pays.
L'isolement relative de sa région environnante, créé par les limites congelées de la guerre froide, a disparu.
Il y a maintenant une nouvelle politique d'engagement.
Remarkablement, le gouvernement turc a des bonnes relations avec Israël et Syrie, avec les factions palestiniennes de Hamas et de Fatah, avec l'Iraq et l'Iran et bien sûr avec l'Union européenne et les États-Unis.
Pour évaluer les paramètres de cette nouvelle politique étrangère, j'ai envoyé le sommeil de nuit à la capitale turque Ankara, pour visiter l'un des principales experts de la politique étrangère de l'AKP, du député turc Suat Kiniklioglu.
Le matin suivant - environ dix heures et demi plus tard - après une route de jolting sur des pistes qui ont produit les anciennes cadences du célèbre documentaire The Night Mail, j'ai arrivé dans la capitale turque - proposé comme une nouvelle ville pour une nouvelle intention d'état seculaire de retourner son dos sur le passé ottoman.
Mais l'AKP avec ses racines islamistes bien connues représente un changement de paradigme du consensus turc.
Il a provoqué quelques soupçons dans l'Ouest, plus particulièrement à Washington.
Un taxi m'a porté au siège de l'AKP, une structure ultramoderne de pierre et d'acier - construite à but - dans une suburbie en développement, entourée de centres de commerce demi-constructions et des patrimonies de pouvoir où les administrateurs intermédiaires des trajets d'affaires - hommes et femmes - se sont rencontrés pour faire des offres de matin précoce.
Suat Kiniklioglu aurait pu être un politice centre-droit de presque tout autre parti politique en Europe.
Je suis sûr qu'il embalsait même un Blackberry.
« L'objectif de la politique étrangère de la partie est maintenant de réintégrer la Turquie dans son quartier immédiat.
La guerre froide était une anomalie », il m'a dit.
La Turquie a été détruite de son terre.
Aujourd'hui, elle doit regarder les ouests et l'ouest en même temps.
Ce n'était pas un cas d'un ou de l'autre.
C'était dû faire les deux.
"Mais sûrement à un moment", j'ai demandé, "Turquie pourrait être forcée à choisir?"
"Turquie", dit-il, "ne voulait pas faire face à ce choix".
Il a ensuite souligné un point que presque tout le monde que j'ai parlé ici a rentré presque par rote: les liens de la Turquie non seulement au Moyen-Orient, mais au Caucase, et autour de la mer Noire, sont aussi bien au bénéfice de l'Europe et des États-Unis qu'ils sont en Turquie.
Avec la Turquie à bord, le message semble être, l'Europe dans son ensemble peut passer à l'est de ces lignes ferroviaires vers l'Asie et le Moyen-Orient.
Retour à la station Hydarpasha, après une autre nuit sans sommeil, j'ai pensé que ces deux messieurs allemands Herr Ritter et Herr Conu avaient vu cet édifice a été construit il y a 100 ans.
Ils aurait été surpris de trouver que les ambitions de l'Europe du Moyen-Orient peuvent maintenant, dans une grande partie, être dans les mains de la Turquie.
Alors que j'ai attendu au terminal pour que le ferry me ramène à travers le Bosforus, j'ai rappelé que la Turquie avait toujours été appelée "l'homme malade de l'Europe".
Ensuite, au moins, il n'y a pas d'importance de doute sur le continent qui devrait déclarer à ce pays fascinant.
Vites souvenirs : Vernon Handley et William Woodruff
Mark Brown écrit: Comme le directeur musical de Guildford de 1962, Vernon "Tod" Handly (obituaire, 11 septembre) avait charge de l'Orchestra Philharmonique et du Choir de Guildford.
Dans le cadre de son programme musical pour le bureau, il fonda son merveilleux coro de jeunes, Proteus.
Il doit être pour les moins de 21 ans, mais au moment où le Proteus chantait son finale en 1979, plusieurs d'entre nous étaient à la fin de nos 20 ans - nous nous avons juste refusé de rendre le coro.
Le nom "Proteus" (le changeur de forme mythologique) représentait la volonté et la capacité du choral de lui faire face à toute musique, quel que soit madrigal ou messiaen, sans accompagnement ou avec l'orchestre plein.
La versatilité musicale produite par une telle jeunesse chore était souvent étonnante, toujours excitante, et c'était tout en raison de l'inspiration de cet homme et de l'enthousiasme pour la musique qui reste absolument constante pendant les années.
Combien souvent nous ont été dits par Tod de « laisser la musique parler pour elle-même ».
Il dirait: "Le compositeur sait ce qu'il veut.
C'est tout là dans la musique.
Alors chantez-le !
Sa technique de baton était absolument claire et précise, bien que jamais dictatorial, ni floir.
Quel que soit la norme musicale, il l'a toujours élevé encore plus haut.
John Frayn Turner écrit:
Si un conducteur aurait dû être cavalier, c'était Vernon Handley.
Je l'ai bien connu pendant les deux décennies, il a conduit la filharmonie Guildford de 1962 à 1982.
Au cours des 40 dernières années, j'ai examiné plus de 100 de ses concerts et je peux dire honnêtement que je n'ai jamais été déçu d'une seule - et de nombreuses fois inspirée par elles.
Tod Handley avait cette rare combinaison de grandeur plus modestie personnelle.
Il haït les conducteurs qui, dans ses paroles, « s'établirent un ou deux chevaux de guerre bien connus dans le monde ».
Il sera manqué par beaucoup de nous.
William Woodruff
Le professeur John Beckett écrit:
Votre obituaire de William Woodruff (Sept 25) indique que « en 1946 il reprend l'histoire économique à Oxford et en 1950 est devenu un boulogue de recherche Houblon-Norman... tout en étudiant simultanément pour un BSc, une MA et un doctorat ».
Cela suit de la note de l'auteur de Woodruff à Beyond Nab End, mais elle n'est pas correcte.
De 1946 à 1953, il a été professeur de l'histoire économique à l'Université de Nottingham, au cours de laquelle il a terminé une thèse de doctorat sur l'industrie britannique du caoutchouc, surveillée par le professeur J. D. Chambres, publié en 1958 comme l'industrie britannique de caoutchouc.
Il a passé 1950-51 dans les États-Unis sur une bourse Houblon-Norman, et l'été de 1952 aux universités d'Ilinois, de Harvard et de New York.
En 1953, il a quitté Nottingham permanentment pour Illinois.
Pourquoi Woodruff a choisi de briller sur cette partie de sa carrière n'est pas connue.
J. Vincent Resino à la Faculté de Philologie
« Je recommande l'exposition de José Vicente Resino "Flamenco y vida", parce que ses photographies blanches et noires, prises en style documentaire, sont extraordinaires.
Les photos ont attiré ma attention en raison de leur simplicité et de leur pouvoir qui transmettent, traitant toujours les sujets avec une attention particulière.
Une exposition qui fait un sentiment profond.
Resino est capable de capter des moments magiques."
Deuxième attaque pour le super-selling de Honda
Le prochain novembre Honda lancera la commercialisation de la deuxième génération de modèle Jazz.
Si le modèle précédent était déjà caractérisé par une haute habitabilité, ce nouveau minivan dispose d'un espace intérieur plus large.
En outre, elle est équipée d'un bon mécanique qui augmente le confort de conduite et permet de sauver le combustible.
Évolution au lieu de la révolution.
C'est la deuxième génération de Honda Jazz.
Bien qu'esthétiquement le nouveau Jazz semble au modèle précédent, les changements portés au minivan sont nombreux.
Parmi d'autres, il vaut indiquer son design innovant, sa nouvelle plateforme, une taille plus grande et une nouvelle mécanique.
De toute façon, avant de continuer à analyser le nouveau modèle, peut être utile pour souligner que ce nouveau Jazz vient seulement six ans après l'entrée de la première génération.
Par conséquent, une première observation devrait considérer que Honda a renouvelé ce modèle plus rapidement que les autres entreprises habituellement.
Même si le modèle Jazz est moins connu en Europe que dans d'autres marchés, il reste un phénomène en termes de ventes.
C'est le cas du Japon, où Jazz était la meilleure voiture en 2002 et aussi en 2008.
Juste là, près d'un million d'unités de Jazz ont été vendues à partir du lancement du modèle.
Le deuxième marché était le Vieux Continent, avec environ demi million d'unités vendues en six ans.
Malgré ces chiffres, Honda croit que ce nouveau Jazz augmentera encore plus ses ventes dans le segment.
Alors, si en 2007 la société japonaise venda un total de 83 000 unités de ce modèle, en 2009 il estime qu'elle sera environ 100.000 voitures, ce qui prévoit une augmentation possible de 17 % juste sur le marché européen.
En ce qui concerne le marché espagnol, Honda a vendu un total de 8 000 unités de Jazz depuis 2002, correspondant à 6,7 % des ventes totales pour l'entreprise en Espagne.
Avec l'arrivée de la nouvelle génération, le responsable de l'entreprise en Espagne s'attend à vendre environ 2.000 unités de Jazz dans une année.
L'arrivée du nouveau Honda Jazz permettra probablement de réduire la baisse des ventes en Espagne en grande mesure.
En fait, les personnes chargées de la marque s'attend à arriver à la fin de l'année avec un total de 22 000 unités vendues, c'est-à-dire 4,000 unités inférieures que en 2007, avec une diminution de 16 %.
Malgré l'augmentation des ventes, Honda a également augmenté sa part de marché en Espagne, atteint le 1,8 %, comparativement à l'année dernière, 1,6 %.
En même temps, la société japonaise espère atteindre le 2% en 2010.
Pour réaliser cela, Honda est confiance dans un autre nouveau modèle de son figure.
C'est Insight, une voiture compacte hybride de cinq portes, 4,37 mètres de longueur. L'entreprise japonaise espère vendre environ 200 000 unités de ce modèle dans le monde entier, dans un année.
Selon les estimations des marchés et des fabricants japonais, le 50 % de la vente de l'Insight proviendra des États-Unis, tandis que les 50 % restants seront de l'Ancien continent et du Japon.
Le lancement commercial de l'Insight est prévu pour le début de l'année prochaine, peu après la présentation du modèle à l'intérieur de l'entreprise en janvier à Valenza.
Comparé à la première génération, le nouveau Jazz a augmenté en toute sa totalité.
Il atteint maintenant 3,90 mètres de longueur (cinq centimètres plus), 1,69 mètres de largeur (deux centimètres plus) et son interaxle 2,50 mètres, avec un accroissement de cinq centimètres.
Sa hauteur de 1,52 mètres, encore, reste inchangé.
Ensuite avec la taille, son intérieur habituable a augmenté dans l'espace.
Cet avantage se produit, d'abord de la nouvelle plateforme, et secondement à partir de l'introduction du réservoir de carburant dans un endroit central, une solution déjà adoptée dans le Jazz précédent.
En outre, la capacité du tronque - un double volume inférieur - augmente à 399 litres, un plus grand respect de la capacité de 19 litres à la première génération.
Il faut noter que ce sont les mesures du Honda Jazz 1.4, tandis que la capacité du tronque dans le modèle 1.2 est seulement 379 litres.
D'autres améliorations - en plus d'éléments externes, tels que l'arrière conduite ou la possibilité de monter le verre panoramique - concernent l'accès amélioré aux sièges d'arrière.
Les portes qui permettent d'accéder aux sièges d'arrière, ouvertes maintenant avec un angle de 80 degrés, comparativement à 67 degrés dans le premier modèle.
En outre, tous les moteurs sont assez nouvelles dans cette deuxième génération de voitures.
À l'époque de la commercialisation, ce petit modèle viendra d'un moteur d'essence de 1,2 ou 1,4 litres.
Les deux systèmes mécaniques comprendront la technologie i-VTEC qui permettra une consommation de carburant inférieure, produit moins d'émissions de dioxyde de carbone, optimise les raffinations mécaniques et, en même temps, maintient le moteur de couple élevé dans toutes ses phases.
La version de 1,2 litres atteint une puissance de 90 hp à 6000 rpm avec un couple maximal de 114 nm. à 4900 rpm.
La propulsion - qui a atteint dans le Jazz précédent le 78 hp - a juste besoin de 5,3 litres de combustible et produit environ 125 grammes d'équivalents de CO2.
Comparé à la propulsion précédente, qui dans le modèle de première génération utilisait 83 hp, la nouvelle peut profiter de 100 hp.
Le Jazz 1,4 avec 100 hp atteint une combinaison de 5,4 litres de combustible et 128 grammes de CO2.
Une 'auto' pour éviter les collisions
Dans l'élaboration des technologies pour la prévention des accidents, Nissan a été inspiré cette fois, par la nature et surtout par les abes.
L'entreprise japonaise a créé un robot qui, imitant le vol de l'abeilles, peut éviter des accidents.
C'est la première étape pour les technologies de projet pour la prévention des collisions.
Les ingénieurs du Centre Technique Advanced of Nissan Motor Co. ont développé ce petit robot en collaboration avec le Centre de recherche scientifique et de technologie de la prestigieuse Université de Tokyo au Japon.
Selon Kazuhiro Doi, directeur général des relations publiques pour la technologie, la recherche et le développement de la gestion des marques, le BR23C est une expansion du bouclier de sécurité des quatre domaines produits par Nissan.
Ce robot vise à améliorer la capacité de prévenir les collisions dans les véhicules produits par l'entreprise.
Pendant le vol, chacune d'abeilles crée son propre espace personnel oval qui est très similaire au bouclier de sécurité développé par Nissan.
Mais l'élément le plus important est constitué par les yeux composés de l'abeille, qui peut voir dans toutes les directions avec un angle supplémentaire de 300 degrés, permettant à l'insecte de voler sans interruption dans son espace personnel.
Pour récréer ces caractéristiques visuelles, les ingénieurs ont développé ce qu'ils ont défini un locateur laser (Laser Range Finder).
Ce mécanisme détecte les obstacles à 2 mètres et un radius jusqu'à 180 degrés devant la BR23C, calcule la distance à l'objet et envoie un signal au microprocesseur à bord qui permet immédiatement de prévenir la collision.
« Lorsque le petit robot détecte un obstacle, imite les mouvements de l'abeille et change la direction immédiatement en tournant les roues à un angle droit ou plus large pour éviter la collision.
La différence la plus évidente avec tout système existant est son action évasive qui résulte d'être totalement instinctif.
« Si ce n'était pas le cas, le robot ne pourrait pas réagir suffisamment rapidement pour éviter les obstacles », explique Toshiyuki Andoh, directeur du Laboratoire de mobilité et chef d'ingénieur de ce projet.
Contrairement à une abeille, le robot ne peut pas détourner le haut ou le bas, ou même en diagonale. Il ne peut se déplacer que dans deux dimensions et dans la direction que ses roues peuvent se tourner. Évidemment, il ne peut pas exécuter des directions infinites et des moyens comme les abeilles.
Pour cette raison, Nissan a utilisé une fonction de rotation en plus des fonctions d'accélération et de décélération, afin de permettre que le petit robot puisse éviter les collisions.
« Ce dispositif ne doit que traiter de nouvelles informations tous les quelques secondes et agir à partir de ces données.
Il n'exige pas de stocker aucune information ou d'utiliser la logique intuitive des manœuvres préalables. C'est pourquoi elle peut passer sans interruption fournie seulement par quelques douzaines de KB de mémoire.
Cela peut surprendre, mais nous ne parlons pas de gigabytes ou de mega de mémoire."
C'est la première étape visant à développer de nouvelles technologies pour la prévention des collisions, une technologie des espoirs Nissan sera introduite dans les voitures en tant que caractéristique standard dans les dix ans.
Le robot utilise des batteries de lithium-polymère, qui sont plus légères et plus durables que la typologie de lithium-ion.
Une application supplémentaire dans un avenir potentiel pourrait être l'intégration de cette technologie avec le navigateur satellite GPS pour apporter le conducteur à une destination spécifique, évitant les obstacles au long du chemin.
Avant de demander un prêt
Nous devons reconnaître que le Ministère du Trésor des États-Unis, possèdent des capitales assez bonnes pour agir, sûrement, ne manque pas de talent.
Il faut faire face à la crise et empêcher les Américains d'être trompés avec des prêts de déchets par les banques sous doute d'insolvabilité, créé un jeu d'amusant et d'enseignement pour les utilisateurs Internet. C'est "Bad Credit Hotel".
En d'autres termes, le "Hotel des mauvais crédits"... ou des problèmes.
L'aspect sombre de cet hôtel et en particulier de son receptionnaire vise à pousser les gens à penser non seulement une fois, mais deux fois ou trois fois avant de demander un prêt.
Et surtout, pour réfléchir très attentivement au sujet de la demande. C'est probablement l'objectif principal du jeu.
Ce système fournit certainement plusieurs informations utiles, mais offre plusieurs détails.
C'est beaucoup plus une page web pour les adolescents que un site pour le public général.
Que se passe-t-il si vous achevez le jeu ?
Eh bien, une chambre de rêve apparaît à l'intérieur de l'hôtel.
C'est toujours quelque chose, parce qu'à l'achat d'une maison... mieux de la laisser.
Morgan Stanley a ouvert sa capitale à MUFG
Morgan Stanley a annoncé son entrée au table rond de Mitsubishi UFJ Financial Group (MUFG), la première banque du Japon, qui dépensera neuf milliards de dollars pour obtenir 21 % de sa capitale, nouvelles reçues par une baisse de prix de part.
Une semaine après avoir découvert un accord provisoire, les deux banques ont expliqué que le MUFG achetera 9,9 % des parts de Morgan Stanley à un prix de 25,25 dollars, en totalité de trois milliards de dollars.
Le prix de vente est inférieur à 19 % de la valeur des titres le 31 août.
Le MUFG investira six milliards de dollars supplémentaires dans l'acquisition de titres convertibles fournissant un rendement garanti de 10% et un prix de conversion de 31,25 dollars.
Morgan Stanley a affirmé que l'opération globale serait fondée sur un prix unitaire moyen de 29 dollars, ou 28 % au-dessus de son prix actuel.
Toutefois, Morgan Stanley a perdu 6,79 % à 23,07 dollars environ 17:00 GMT.
« Cette alliance stratégique constitue une occasion importante pour accélérer la transition de Morgan Stanley à l'état de la banque », a déclaré John Mack, directeur directeur du groupe américain.
Morgan Stanley a adopté ce nouveau statut la semaine dernière, ce qui devrait lui permettre de diversifier ses activités mais il doit passer par l'autorité de la Réserve fédérale.
Sa alliance avec le MUFG confirme également que la crise financière actuelle a forcé les plus grands noms de Wall Street à adopter une attitude beaucoup plus prudente que précédemment.
Les modalités présentées le lundi montrent que l'accord a été modifié dans les derniers jours : le lundi précédent, Morgan a juste annoncé qu'il vendrait jusqu'à 20% de ses actions aux japonais pour environ 8,5 milliards de dollars.
« Il y a une semaine, expliqué Toshihide Mizuno, directeur exécutif de la MUFG à Tokyo », nous pensons que la participation serait composée entièrement d'actions ordinaires.
Mais compte tenu de l'état actuel de l'économie et du marché, nous espérons minimiser les risques et protéger nos dos."
Sur la base du prix moyen pondéré MUFG sera payé pour ses valeurs mobiles Morgan Stanley 7 % en dessous de leur valeur de livre.
Et la transaction entraînera une dilution d'environ 20% de revenus par part.
L'accord prévoit que la moitié de ses titres préférés pourrait convertir chaque année en actions ordinaires si ces échanges ont plus de 50% au-dessus du prix de conversion, environ 47 $ pour une période donnée.
Morgan Stanley assure que le capital fourni par la MUFG lui permettra d'approprier les possibilités d'investissement, de renforcer son bilan et d'augmenter sa liquidité.
cependant, un porte-parole du groupe a refusé de donner des détails sur les projets stratégiques des deux nouveaux alliés.
Après l'investissement de MUFG, Morgan Stanley prévoit un rapport de capital Tier 1 de environ 15%, l'un des meilleurs dans l'industrie.
Morgan a dit avoir réduit son bilan « significatif » depuis la fin d'août.
Les dernières semaines ont été difficiles pour le groupe, qui a vu la moitié de ses prix de part s'étendre alors que les coûts d'assurance contre le risque de défaut sur sa dette abandonné.
Ce coût a réduit le lundi, mais reste à un nouveau niveau élevé, environ 12 %.
La semaine dernière, Goldman Sachs, la seule autre grande banque d'investissement survivant sur Wall Street après la faillite d'acquisition de Bear Stearns et de Lehman Brothers et Merrill Lynch, a annoncé qu'il avait élevé 15 milliards de dollars, en partie de Berkshire Hathaway, le groupe de Warren Buffet.
Rafael Correa à Quito le lundi.
Rétablir autour de la République du socialisme du XXIe siècle.
C'est le projet conjoint de l'Hugo Chávez, l'Evo Morales de Bolivie, et le Rafael Correa équateur.
Ce dimanche, comme ses homologues et ses amis, il est le troisième de voter un projet d'une nouvelle constitution.
La Mission a accompli depuis 64 % des électeurs a voté « oui » au référendum, selon les résultats officiels fondés sur 80 % des voix.
Sur la base de ces résultats, le "non" a obtenu 28 %, 7 % des voix n'étaient pas valables et 0,7 % étaient des voix en blanc.
Pour que le projet de Constitution soit adopté, elle devrait obtenir la moitié des voix plus un.
Le dimanche, deux sondages menées à l'extérieur des postes de vote et une organisation non gouvernementale a annoncé une grande victoire pour les « oui », de la gamme entre 63 % et 70 %.
Rafael Correa a déclaré durant la nuit du dimanche à lundi la victoire de son projet de constitution.
La « Constitution a triumphé si bien », il a assuré, en félicitant les équatoriens dans le siège du gouvernement à Guayaquil, 280 km au sud-ouest de Quito.
Bien sûr, Rafael Correa a été félicité par Chavez et Morales mais aussi par son homologue chilien Michelle Bachelet.
Le sondage, qui a été mené pacifiquement sous l'examen de l'Organisation des États américains (OEA), couvré dans son texte 444 points qui consolident le « nouveau socialisme » préconisé par le président.
Le projet de constitution englobe le pouvoir de l'État sur l'économie, en le réservant la "planification de développement" d'un pays vivant principalement à partir de l'extraction de pétrole par les entreprises étrangères et de l'argent étranger qu'ils envoient à leurs émigrants.
Le projet de Correa, élu en 2006, fournit également des compétences accrues au Chef d ' État, qui pourront effectuer deux termes consécutifs de quatre ans et sera en mesure de dissouver l ' Assemblée.
Correa a déjà annoncé qu'il utiliserait ce pouvoir pour chercher un nouveau mandat en février 2009.
La Constitution consolide également le principe des services de liberté de santé et de l'éducation que le président a commencé à créer dans ce pays de 13,9 millions d'habitants, où 50 % de la population vit sous la ligne de pauvreté.
Elle prévoit également l'interdiction de la présence des troupes étrangères, qui mettra fin à l'accord entre Quito et Washington pour l'utilisation d'Équateur comme base de lancement pour les opérations antidrogues américaines.
Les 19 otages ont été libérés au Tchad
Un équipage de commando égyptien a lancé un attaque contre les rapateurs des onze touristes et leurs huit escortes capturées il y a dix jours.
Ils sont au Caire.
Les onze touristes européens et leurs huit escortes égyptiennes ont été privés depuis dix jours dans le désert ont été retournés le lundi après-midi sans dommages à la capitale égyptienne.
Le matin, ils ont été libérés par un commando égyptien au Tchad.
Auparavant, les otages arrivent environ 1530 heures à bord d'un avion spécial à la base militaire d'Al-Maza, attaché à l'aéroport international du Caire.
Ils ont été transférés immédiatement, sans pouvoir parler à la presse, par hélicoptère à l'hôpital de Maadi, une suburbaine résidentielle du Caire, à examiner.
Ils sont en « bonne santé », et « aucune ranson n'a été payée » aux capteurs », a déclaré le ministre égyptien du tourisme, Zoheir Garanna, sur le tarmac.
Capture le 19 septembre lors d'un safari dans un 4x4 au pied du Mont Ouanat aux frontières avec l'Égypte, le Soudan et la Libye, ce groupe d'ostats avait été tourné de l'un de l'écran à l'autre par 35 rapateurs inconnus.
Il comprend 11 touristes - cinq italiens, cinq Allemands et un Roumanie - et également huit Égyptiens: deux guides, quatre conducteurs, un garde frontalier et le directeur de l'agence Aegypteus, organisateur du safari.
Un agent de sécurité égyptien a déclaré que 30 membres des forces spéciales, transportés à bord de deux hélicoptères, avaient lancé l'agression pendant la nuit juste avant le soir.
« Un échange d'incendie a suivi, et la moitié des rapateurs ont été tués, l'autre moitié fuit », a déclaré le fonctionnaire qui a demandé l'anonimité.
Il a déclaré que 150 membres des forces spéciales égyptiennes ont été envoyés à l'ensemble du Soudan, où ils ont reçu un soutien de commandos allemands et italiens.
Le chef du corps diplomatique italien Franco Frattini à Belgrad où il est actuellement mentionné le rôle joué par les agents secrets italiens et les éléments des forces spéciales.
« Nous devons reconnaître que nous avons réalisé ce résultat grâce au professionnalisme et à l'efficacité de nos hommes provenant des services secrets, des forces spéciales », a dit-il, sans plus de détails.
Il a également refusé de payer une ranson.
Le jour avant, l'armée soudanaise a déclaré qu'il avait intercepté un véhicule de patruille 4x4 à bord dont les capteurs étaient, tuant six, y compris la tête tchadienne, et arrêtant deux.
L'armée a affirmé qu'ils étaient liés à un groupe rebelle au Darfour, le Mouvement de liberté soudanais-Unity (SLA-U), quelque chose que ce mouvement a immédiatement refusé.
Lettres - La majorité silence de la culture
Un débat sur le financement de la culture a fait les titres et a occupé cette campagne électorale.
Bien.
Mais un secteur de notre vie culturelle reste toujours oublié.
Qui viendra à dénoncer la misure qui est accordée aux petits musées, archives, sites archéologiques ou historiques nationaux qui faim pour le financement?
Quel politicien aspire à rappeler le gouvernement fédéral qu'il ne néglige ses monuments et bâtiments de patrimoine?
Au Québec, au Canada, nous n'avons aucune loi réelle qui préserve efficacement notre patrimoine?
Vous savez que le gouvernement français dédie trois millions d'euros pour la restauration du château de Chinon dans la vallée de Loire?
Nos voisins américains ont écrit dans la Constitution de leur pays que la protection du patrimoine fait partie de la culture américaine et que ce patrimoine doit être protégé par tous les citoyens, tous les ministères élus et tous les ministères gouvernementaux, et cela, en coopération.
Au Québec, la Fédération des sociétés de Québec, au moins 40 000 bénévoles agréés dans 211 organismes d'histoire, de patrimoine, d'archives et de généalogie sont préoccupés de rechercher l'histoire, de préserver, de peu de fonds, de piles d'archives privées et de préserver les restes archéologiques.
Ils sont souvent les chiens de garde de notre patrimoine, qui protestent avec l'énergie du désespoir lorsque les développeurs et les constructeurs lancent leurs buldozers contre nos anciens bâtiments et nos cémètres oubliés.
Quand sera-il un forum pour l'histoire et le patrimoine?
Banque fortis partiellement nationalisée par les gouvernements de Benelux
Les États de Benelux contribuent à Fortis, la banque belge-dutch - qui est le premier institut financier européen en cause de la crise de prêt américain - par une achat partiel de l'État. Les trois pays ont accepté d'injecter 11,2 milliards d'euros dans l'entreprise bancaire et d'assurance ayant des intérêts hongrois.
À la fin de cette semaine, les gouvernements belges, le Luxembourg et les gouvernements néerlandais ont consulté sur cette question au plus haut niveau, impliquant le Président de la Banque centrale européenne et le commissaire à la concurrence de la Commission européenne.
Dans la zone euro, Fortis est la première banque touchée par la crise financière internationale à proximer les vagues au cours des 12 derniers mois, ainsi que, d'un certain point de vue, les décisions prises peuvent être considérées comme précédent.
Conformément à la décision prise le dimanche soir, chaque gouvernement prendra un rôle de 49 % dans les banques Fortis dans leurs pays respectifs.
La banque vendra certainement une partie de ses parties, en particulier les activités d'assurance, dont elle acheté l'année dernière de l'ABN Amro néerlandais.
Les actions de Fortis ont commencé à tourner profondement la semaine dernière, puis dans la deuxième partie de la semaine, des signes d'une crise grave apparu à l'entreprise.
Les analyseurs sont d'accord que la banque - avec ses 85 000 employés - est trop grande pour être autorisée à faire faillite.
Les actions de la banque ont baissé de 12 % le vendredi, ce qui est le niveau le plus faible du dossier pendant 14 ans.
La valeur des actions a été baisse de deux tiers depuis janvier.
Compte tenu des prix actuels des stocks, toute la valeur de la capitale du groupe est d'environ 14 milliards d'euros, cependant, les directeurs des sociétés disent que cela ne reflète pas la réalité.
La gestion tient les incertitudes à l'étranger - qui sont liées à l'acceptation du paquet américain de 700 milliards de dollars - pour la chute des actions Fortis.
Les stocks ont montré une légère augmentation le lundi.
Filip Dierckx a été nommé le nouveau chef d'administration de la banque le vendredi.
L'Institut financier cherchait également des acheteurs privés, mais jusqu'à présent aucune offre de fond n'a été faite.
Le gouvernement belge a déclaré plus tôt que les investisseurs n'avaient aucune raison d'inquiéter, ils ne perderaient pas leur argent.
Aucune panique n'a émergée jusqu'à présent parmi les clients de la banque; aucune frotte bancaire n'a eu lieu.
Fortis a une propre établissement bancaire en Hongrie et a également acheté des entreprises de location.
Fox dans le Henhouse
Les sociétés américaines d'assurances de vie et de santé refusent souvent de vendre l'assurance à certains citoyens en raison de leurs données d'achat de drogues.
Les experts de protection des données sont peureux que le marché des données devienne incontrolable.
« Il y a un programme de protection des données qui exige l'autorisation de la personne concernée afin d'utiliser les données relatives à la prescription des médicaments.
Elle devrait être indépendante, autrement, la fousse veillera la maison de l'homme", le Washington Post cite Richard Dick, développeur du programme applicable pour la suivi des prescriptions de drogue.
Les sociétés d'assurance décident de la taxe d'assurance et du montant à payer en cas de dommages selon la condition de santé du client appliqué, et s'ils considèrent trop risque, ils ne fournissent pas d'assurances.
Les clients appliqués ont été envoyés pour avoir effectué un examen médical, et le contrat a été conclu à la lumière des résultats de dépistage seulement.
Dick a développé une méthode beaucoup moins cher il y a dix ans : sur la base du numéro d'identification du client le type de médicaments achetés par le client au cours des 18 derniers mois peut être facilement détecté, ainsi que le programme peut tirer les conséquences par ses propres concernant les maladies que le demandeur souffre ainsi que leur condition de santé.
Par exemple, le cas d'acheter régulièrement des grandes doses de médicaments réduits au cholesterol se réfère pratiquement au fait que le client a un niveau intraitablement élevé de graisses sanguin, en raison de laquelle cette personne serait immédiatement mis à une catégorie de risque élevé.
Le programme dispose de différentes versions du commerce, certains d'entre eux définit même le facteur de risque, donc la compagnie d'assurance n'a rien à faire que les documents, bien que les difficultés plus faibles surviennent.
L'un des inconvénients est le fait que certains médicaments peuvent être utilisés à plusieurs fins, par exemple une formule médicale est de traiter la migraine, les vagues de chaleur ou même la dépression.
Ce dernier est un facteur important d'augmentation des risques à partir de l'avis des assureurs d'entreprises, tandis que les deux autres ne sont pas.
Il y a des entreprises spécifiques chargées d'obtenir et de traitement des données, et ils demandent le permis du patient avant d'acquérir les informations nécessaires des pharmacies.
Ils sont déjà obligés de le faire, bien que leurs échecs précédents n'ont pas été pénitentis.
Certaines entreprises traitent même les résultats des examens de laboratoire et connectent ceux à des données sur la consommation des médicaments, ainsi qu'ils peuvent fournir des informations plus précises sur la santé des patients.
De plus en plus les entreprises obtenent l'accès aux données et, parallèlement, le contrôle de leur utilisation devient de plus en plus difficile.
Il y a un acte spécifique sur la protection des données sur les soins de santé, mais son champ d'application comprend que les fournisseurs de soins de santé et les sociétés d'assurance.
Le projet de loi sur l'offre de pouvoir d'inspection aux autorités sur les entreprises relatives à la fourniture de données a été soumis au Congrès.
Dick Richard sait que ce n'est pas suffisamment : c'est pourquoi il a en outre élaboré son programme, ce qui restreintrait maintenant le transfert de données en ce qui concerne l'expression du consentement exprimé de la personne concernée.
Il s'agit toutefois d'une autre question que le demandeur ne peut rejeter vraiment le consentement, sinon les sociétés d'assurance ne concluront pas un contrat avec elles.
Ainsi, les herbes, dans un certain degré, continueront à dépendre de la bénévole de la volonté.
Menu mondial de Marseille
L'Union européenne et l'Inde double commerce
Comme l'Union européenne et l'Inde sont des partenaires commerciaux chefs, l'ordre du jour du neuvième sommet a également été dominé par cette question en plus d'autres problèmes, principalement mondials.
Aujourd'hui, un Sommet français-Inde aura lieu, en particulier sur la coopération en matière d'énergie nucléaire.
Même si l'Union européenne reconnaît que l'Inde est une puissance démocratique démocratique émergente, qui devrait être accordée plus dans les affaires internationales, les États membres n'ont pas été en mesure d'accorder, pourtant s'il y a lieu d'appuyer l'adhésion permanente de New Delhi au Conseil de sécurité de l'ONU.
Cette question n'était donc pas forcée au cours du neuvième sommet, organisé hier à Marseille.
Le Président français Nicolas Sarkozy en tant que président Rotating de l'Union, le Président du Comité José Manuel Barroso et le chef de la politique étrangère Javier Solana a accueilli le premier ministre indien Manmohan Singh et a accepté de doubler, c'est-à-dire l'augmentation de plus de 100 milliards d'euros, le flux commercial en 5 ans.
Depuis l'échange de marchandises élevée de 25 milliards à 55 milliards entre 2000 et 2007, cela n'est pas un objectif trop ambitieux.
Par conséquent, 26 conventions bilatérales bilatérales de l'aviation civile existantes avec l'Inde ont été juridiquement harmonisées, c'est-à-dire que le trafic aérien peut aider à l'avenir.
L'Inde vise à signer l'accord sur le libre-échange avec l'Union jusqu'à la fin de 2009.
Sarkozy a promis d'accélérer l'harmonisation.
L'objectif est de trouver l'équilibre tandis que l'Inde est un partenaire commercial de l'UE, en même temps que New Delhi n'a que le neuvième lieu sur la liste des partenaires de l'UE.
Le sommet a concentré sur les questions mondiales :
Sur la situation en Afghanistan et au Pakistan ainsi que sur le terrorisme, ce dernier a été condamné de toute forme par les deux parties et a été instamment instamment convoqué la Conférence des Nations Unies.
L'achèvement de la Route du commerce de Doha a également été accéléré, bien que les deux parties sont responsables de la fiasco jusqu'à présent.
L'UE a confirmé de maintenir son programme énergétique et climatique, qui signifie qu'il avait l'intention de réduire les émissions de polluants aériens d'au moins 20 % jusqu'en 2020.
L ' Inde est convenue avec cela, ainsi que avec l ' objectif d ' atteindre un accord mondial à la conférence climatique qui doit l ' année prochaine et de réduire les émissions de gaz à effet de serre de 50 % jusqu ' à 2050.
Un autre objectif était d ' empêcher la croissance des prix alimentaires et d ' une demande d ' une conférence internationale pour examiner la crise financière a été appuyée.
Le Premier ministre indien va à une réunion bilatérale dans la capitale française aujourd'hui, où il a l'intention d'accorder sur l'utilisation pacifique de l'énergie nucléaire.
Paris espère que les entreprises françaises soient accordées des contrats à construire des réacteurs nucléaires en Inde en valeur de 20 milliards d'euros.
Selon les informations de l'agence de nouvelles, l'accord sera en vigueur pendant 15 ans.
Plus de trois cents d'éditeurs italiens à Frankfurt
Forte présence d'éditeurs italiens à la Fair internationale du livre à Frankfurt.
Plus de trois cents seront les éditeurs italiens présents au soixantième anniversaire de Buchmesse, l'événement international le plus important pour l'échange d'auteurs.
La Fair internationale de livre à Frankfurt attend pour cette occasion plus de sept mille exposants de 101 pays différents qui occuperont les 171 790 mètres au carré de terre avec plus de 403 mille titres sur l'affichage, et la Turquie sera l'hôte de l'honneur.
Francesco Maria Giro, le Ministère sous-secrétaire du patrimoine culturel et de l'activité représente le gouvernement italien à la cérémonie d'inauguration du Pavillon italien : en fait, l'Italie sera présente en tant que institution avec un stand italien – 264 mètres au carré de l'espace d'exposition.
La conférence de presse sera suivante à la salle Struktur de Pavillon 5.0 de la Buchmesse : cette occasion sera présentée par les chiffres, les tendances et l'avis de l'état de l'industrie italienne de l'édition.
Selon les données, l'importance progressive diminue des livres par les auteurs étrangères dans la production italienne, et en particulier pour les adultes et les enfants.
On a trouvé l'avion de Steve Fossett le millionaire disparu il y a une année
L'arrue de l'avion de Steve Fossett, le millionaire qui a disparu le 3 septembre 2007 tout en volant sur le désert de Nevada, a été trouvé.
L'évacuation a été trouvée sur un plateau à 3000 mètres d'altitude, dans la région Sierra Nevada des lacs de Mammoth, à la frontière entre Californie et Nevada.
Toutefois, au sein de l’avion, aucun reste humain n’était.
Le shérif du comté de Madera, John Anderson, a débarrassé tout doute restant : « L'avion a été situé, nous avons envoyé une équipe, et maintenant nous avons confirmé que c'est celui sur lequel Steve Follett volait le jour qu'il disparait », a dit-il dans une conférence de presse.
Ensuite, le shérif a souligné qu'aucun reste humain n'a été trouvé sur l'avion, ni dans la région environnante.
Le millionaire, de 63 ans, a été abandonné pour la mort en février.
Le Bureau national de sécurité des transports américains (NTSB) a signalé que quelques heures après la mise en place d'une équipe d'enquête a été envoyée, qui a alors identifié l'avion : c'est l'aéronef Belanca 8KCAB, qui a manqué depuis le 3 septembre 2007, quand Fossett s'est sorti de Yerington à Nevada depuis trois heures.
Hier, toujours en Californie, pas loin de la frontière avec Nevada, certains effets personnels appartenant à Fossett ont été trouvés par un couple près de leur maison dans les lacs de Mammoth.
Ces articles sont deux documents au nom de Fossett, émis par l'Aviation fédérale de Illinois, quelques espèces et un soudshirt.
La recherche de Fossett a été interrompue un mois après avoir disparu.
Le millionaire s'avait obtenu un lieu dans l'histoire grâce à une série de dossiers mondials.
En 2002, à sa sixième tentative, il est devenu le premier homme à terminer le voyage mondial dans un ballon aérien chaud : un vol solo de deux semaines.
Trois ans plus tard, il a fait le voyage mondial par avion sans atterrissage.
Parmi ses nombreuses dossiers, il y a également volant à 15 445 mètres, au-dessus des Andes, mais avec un co-pilot.
Glk, la publicité qui ne vous attend pas
Un SUV qui est à l'extérieur des normes avec une conception originale définie par des lignes décisives, des surfaces larges et des coins coupés propres.
En bref, c'est GLK, le plus récent ajout aux véhicules « compact » à l'extérieur du fabricant étoile, avec lequel Mercedes-Benz a essayé de laisser dans un souffle d'air frais dans ce secteur.
Juste parce que ses caractéristiques sont hors des normes traditionnelles, le message accompagnant le lancement du SUV GLK sera également inesperat et inconventionnel, il sera disponible dans des showrooms Mercedes-Benz à partir du 17 octobre prochain.
Ainsi, la campagne de publicité qui accompagnera le début du nouveau véhicule mettra en place une nouvelle méthode de communication qui comprend également une campagne futuriste de billets 3D, utilisée pour la première fois en Italie par une marque de voiture.
Un projet de grands bilboards, fixé en mouvement en trois phases différentes, qui dominera la rue commerciale de la plus centrale de Milanais, Corso Como, jusqu'à le 15 novembre.
La première phase de ce nouveau type de communication commencera avec une présentation de la voiture dans la vision stéréoscopique, et grâce aux verres spéciales distribuées dans le quartier de Corso Como il sera possible de voir le nouveau SUV en format de taille et 3D.
En fait, le regard de l'image aura la sensation que la voiture s'arrête de l'affiche.
Par la suite, grâce à l'utilisation de la technologie novatrice Elumina 8 tous les détails du nouveau GLK seront éclairés à différents moments, puis recomposés comme une seule image.
Sans aucun doute, Mercedes, grâce à cette publicité, essaye de introduire quelque chose de nouveau dans le domaine conventionnel de la publicité automobile.
Il réussera avec cette formule de provoquer l'intérêt des futurs acheteurs? Nous verrons.
Voici qui sont les hooligans italiens
du Tri-Veneto, qui peut être interdit d'assister aux fixures sportives (Daspo).
Mais qui sont ces 150-200 personnes dont l'Italie est désormais honteuse? Ils font partie du groupe "Ultras Italia" qui, depuis des années, soutient l'équipe nationale de football et jusqu'à présent, la vérité n'a jamais créé des problèmes importants.
Il n'a jamais confronté avec les fans opposés.
L'extraction du groupe est l'aile droite.
Les promoteurs sont de Tri-Veneto.
De Verona, Padua, Trieste et Udine.
Ils ont été rejoints par certains petits groupes (en réalité, très peu de membres) de Campagnia et de Puglia.
Ils ont des bandes tricolores avec la ville d'origine des militants sur eux : le samedi, ces bandes ont été retirés afin qu'ils ne puissent pas être identifiés.
Ils prennent leurs idées de fans anglais.
En Bulgarie, ils ont trouvé des soutiens qui étaient vrais nazis, le groupe Levski.
La FIGC avait mis à la disposition des 144 tickets des fans italiens pour le match : tous personnels, donc facilement vérifiables.
Et le Ministère de l'Intérieur à Viminale les avait en fait vérifié tous : parmi ces groupes qui vont à Sofia aucun n'était interdit, aucun n'avait été interdit de fréquencer un stade.
Quatre supportateurs italiens, qui avaient des crimes liés au stade précédent, ont en effet été refusés des billets et ne sont pas allé.
Maintenant, le Ministère de l'Intérieur attend à pouvoir lire les dossiers officiels, qui devraient arriver de la police bulgare avant de prendre des mesures : dans ce cas, il est possible d'interdire au moins cinq ans les soutenants arrêtés ou ceux qui ont été identifiés pendant les troubles.
Une délibération internationale interdit la participation non seulement des stades en Italie mais aussi dans toute l'Europe.
Nos hooligans, en court, ne entraient pas un autre stade.
Heureusement.
Mais maintenant il y a la peur d'émuler : c'est que d'autres se joignent à ce peu plus de cent cinquante.
« Nous devons immédiatement expliquer cette conflagration et ne pas legitimiser ceux qui se comportent de cette façon », affirme ceux du Ministère à Viminale.
Ainsi, « les yeux sont largement ouverts surtout puisque l'équipe nationale joue le mercredi à Lecce ».
À Puglia, en fait, il y a un petit noyau de soutiens Ultras Italia.
Demain, l'Observatoire rencontre, le mardi, le CASMS qui peut compter sur une section de l'AISE, c'est le service secret, qui traite exactement les problèmes dans les stadions.
"Le cor Duce-Douce et le bras s'étendaient au cours de l'hymne mameli ? En Bulgarie ça n'est pas un crime..."
Ce sont les pensées (exprimées par une grande déception) de Domenico Mazzilli, qui, il y a quelques semaines, est le directeur de l'Observatoire de la Viminale (il a atteint le poste qui a été détenu d'abord par Francesco Tagliente et ensuite par Felice Ferlizzi).
Antérieurement, Mazzilli avait été chef de l'administration de la police à Trieste où il y a un noyau de soutenants de Ultras Italia, fondé en 2002.
C'est vrai, dit Mazzilli, en Bulgarie, il n'est pas un crime de chanter les hymnes à la Duce mais certainement le comportement de ces 150-200 fans a été honnête.
« Je ne suis pas sociologiste - ajoute le n.1 de l'Observatoire – le crime devrait être imputé dans le pays où l'incident se produit.
Jusqu'aujourd'hui, ce groupe reste dans les lignes, maintenant nous verrons ce qui s'est passé et nous l'évaluerons pour la référence future.
Mais parlons aussi de l'himne de Mameli : c'est aussi pas un crime en Bulgarie, mais, si j'ai permis de dire, il n'est pas de bonnes manières ...".
