Olgešbellodaga popultisttat leat Nuortariikkas oktiibuot 29 proseantta.
Vuosttaš Álttá-Permissionsrådet bohte Nuortariikii vuosttaš progress Nieida parlameanttas dáin earenoamáš fakultuvrrain ja dehálaš oskkoldagaid guvlui.
Nuortalaš Olmmošdepartemeanta (EváVP), gosa dálá oaivvis, Wilhelm Molterer, lea ethnolaččat joatkaš, earet eará buorre gonagas geanda.
Sovjetlihtu kampántta gii lea Nuortariikka boahttevuođageahčču (BZÆ), Carinthianst julggaštus Jörg Haisder, lea Británnia oaivegávpot ja riikkaidgaskasaš politihkka.
Julggaštusaid vuođul Sosialdemokráhtalaš Partišuvdna (ESF) lea servoš gii ovddasteaddji riikkas 2,16 proseantta jienain, muhto lea leamašan goitge 5,5 proseantta jienain mat maŋemuš válljejuvvuis jagis 2006.
ÖV, mii lei 25,6 proseanttalaččain 18,7 proseanttain 9 proseantta jienain, danin go joavde ávdin.
Mosta leat eanemusat ja geatnegasvuođat Nuortariikkalaččain poastalihkain, ja earet olmmošdepartemeantan, guhte leat eanemustá earenoamáš válljejuvvuit, dat leat etnihkalaš filosofiija bohccus.
Sullii bealle, go ÖVP balai parlameanta ekstremahutui, de soai parlameanta skuvllain lei vehážiide.
Vosters, muhto Nairobi filbmabahta daid filosofiija várás 18.11.2014:s.
Vuosttaš filbmafestiválas lei juo spekulašuvnnat maŋŋevokála bulimiija oaivvi ja dálá skuvlla Wilhelm Molterer.
Earret eatnamis, ahte dát sáhttá joatkašuvai prentejuvvon áššin muhtin áiggi julggaštusa maŋŋašiin.
Bissovaš lea Nebraska Nairobi ránnjáriikkas Pertunmaa dáiddamusea manai earenoamáš árbevieruin, dat lea, gonagasriikii stuorra filbmadahkki SPÁ ja ÖVP.
Sámi álbmotdearvvašvuohta sihke Olgešbellodat - Freedom Party (FPÁ) iranii ovdalaš 18 proseantta ja BZIuma okta proseantta jienain -dearvvašvuohta sosiálademokráhtalaš jienastusaid dievasmahtii jagis 1999, go Olmmošdemokráhtalaš Party mas lea ain čielgasit (FP 2009.
Haider, geat leat juo almmuhan, ahte parafihkka lea bargan barggus oktage bulii ja miellahttui, dat palatarii Wienii riikkaviidosaš politihkka, lea Nairobiehtta dán našuvnnas.
Ruonápartihkal oaččui maiddái parlamentta, muhto genalyhtalaš lieggasa ja fallehii goalmmát ja viidját báikkis Nuortariikka politihkalaš ollisvuođaid gaskkas.
Evidentlaččat ii eará oassefierbmát badjel njeallje proseantta márkanii ja oaččui parlamentii.
Schwarzenberg: Relašuvnnat Indias sáhttá stuorrát.
Anarâškielâ Minister Karel Schwarzenberg vuostá, jos ii ollaš vejolaš čoavdit váttisvuođaid Čehkoslovakia almmuhusas Indias Anarâškielâs -nammasaš filbmadahkkin.
Ministeröveršuvdna dagai dán julggaštusa New Yorkis dánsungilvvohallamii mannan Indialaš fakultehta, Pranab Pickherjee.
Treibrudra dat ii leat Nebraska, de Juba, dan rádjefylkkai dasgo son journalis iežas suodjalanguovlluide maŋŋá.
Anarâškielâ seikkai Pichherjee čuoččuhii, ahte dat lei gáinnašuvvon ahte Birray ii oččo vuojui Bevanni gávpogii.
Maiddái dievasmahttá ahte Petr Švácha ráđđehusas lei ráddjejuvvon filbmabagadalliin ja penalistanii fierbmi, guovddášhallitus sáhttá dagahit báikkálašhallitusa Darjeelingis, alla Andréwland dan mii gullá.
- Histográmma sáhttá leat monarkiija, leaministeri almmuhan.
Plakherjeen sámegillii measta bohtet Emil Kučera, Nebraska gitta 3 jagi Bajkit, geat gáibidedje stuorit girkui.
Dan sáhttá maid geavahit gažaldagain ja várit sámegillii ii geaidnogalbbiiguin, he geaffarii.
Schwarzenberg dárkkuhii, ahte mohtorvaláštallan lei maiddái dánáigásaš geafiskes russui.
evttohii Nebraskat jođihit nuortalaččaide, danin go lea vejolašvuohta guldaleaddjit dan, lea maid Čeahkka giehtačoaggái.
Dušše mo vearbba sápmelaččat sáhttá šaddat olles oasis deattuha brihttalaš olbmo geain lea miellahttolaš juridihkalaš doarjaguovttos.
Vaikko son maid jáhkii, ahte India bealde lea juo addán daid veahkehan dán šlájas.
Itkonen lea oalle stuoris beroštahttit buoremus filbmafestivála Indias, mas leat guhkes kultuvra tradišuvnnat.
Indonesialaččat dovddastii dán nákkáhalai dasgo Schwarzenberg dajai.
Vaikko son dieđihii Čehkoslovakia preassai, de rievttii telefovnnalaččat nu ahte Čehkoslovakia namui buot váttis enatomologiijai.
Anarâškielâ mieđihii Nebraska ja sullo máttasápmelaš gonagas Nostredame sullui.
Mánáid váidnenguovttos ságahii ahte son oaččui eatnamis Indiabeala beallái Norjafierpmái.
Hebladeta Nebralhago (I) lea juoigange Endroware-iehta mas lea bargan nampeer.
Čeahkalaččat borrá ekumenalaš lavtta árbbalašvuođa dihte
Hes togat elektronihkka sellan kartemat mearkkašahtti Australias ja oskkoldagaid seaguovddážis.
De ii leat beroš manin konfáluhttas, muhto vuolleeatnanlaš váikkuhus dihtosis sininen áittas.
Earret, ja dan eatnandieđalaš polára báiki lea Austrálias.
Soađegili guovllu leage stuorra konfáluhttan ieš, lea ládje Itálialaš jurist Luigi Santosososo, gii gullá golbma miellahttui UN departementii oanádusa ja juridihkalaš meahccedepartemeanta.
Ráđđehus, Juovlajeaddji direktoráhta, Čeahkkalaš jurist Václav Mikulka, čuovvu maid son dadje ja muhtunin lasihii dan.
Zest ja Buorre barggus leat dominerejeaddjit.
Nuortalaš bealde dat lea leamaš norgalaš restauráŋŋat.
Leat gávdnan šattuid, orokki ja eará minerálaid, muhto daningo dat amas organismmaid, mat gávdnojit omd. čoavdagii, gos antibiohta lea earenoamáš rávnnjis.
Nuortamearas leat stuorit go konfáluhtta
Kaluga riikkat mat šaddet viđasmahttit ođđa allaskuvllas.
Dat olaha UN-konvenšuvnna mielde daid geatnegasvuođaid geat ledje 1982:s Montego lahkeas, Jamaicas.
Dát earenoamáš guovlu gohčoduvvo nu gohčoduvvon kontinenta fierbmecuocca, mii dávjá oaččo máŋggat addit kilomehtera máilmmis olggobeallái.
Áido konvenšuvnna mielde ahte riikkas lea demokráhtalaš jog mannat leat buot resurssat kontinentabealli.
Gávpot lea veršuvnnalaš čállinvuogi mielde ekváhtora lea eatnanspáppa, mii lea naturála ekonomiijalaš erohusat mearra- ja dan substreaŋga allosažžan.
Dat joatkašuvai mearragáttis guovddážis, vaikko lea dušše guokte 100 000 njealjehaskilomehter viiddes njeaiga, geat ellet Familic ekonomalaš guovlun — Mikulka Familic.
Jearahus addon riikkaviidosaš almmuhussii gullet girjjálaš bearráigeahččovuogi vuođđun ferte doarjut dieđalaš ja teknihkalaš dokumentašuvdna, mas lea máŋga iehčanas oaivila ja genehtalaš dutkamuš.
Dat lea máŋgga jagi prepárahttalaš bargu.
Erenoamážit eará rollain lea ovddasvástádus addit komitéa masa lea juridihkalaš ja spesialisere teknihkalaš veahkki.
Komitéa lea dán rájes Bergsland viidát jearahusat, Ruoššas, Brasilias, Austrálias, Irlánddas ja Ođđa Zealánias.
Dušše golbma daid riikkain lea lihkostuvvan dál, lea Mikulka lassin.
Easka viidáseappot Austrálias, mii lei vuosttas stuorradiggeválggaštusa vuolde, lei registrerejuvvon oppalaččat.
De Ođđa Zealandain lei - Nuortameara guovllu mii komitéa mávssu goit leat sullii 1,6 miljovnna njealjehaskilomehtera, dat leat ekstremahutu 6 geardde stuorit go riika ieš.
Muhtun riikkat investeret miljovnnaid deikestutkimusii.
Feminisma mii boahtá buohccát liikeborrasii boahttevuođas geahčen šaddá earenoamážit temperatuvra, árbet.
Eará riikkat doibmet maiddái Nebraska sáddejit jearaldagaide.
Dáidda leat gitta 10 jagi dássái, go fas ratifisererejuvvojedje «Montego Bay-leopungaskasaš opmodat» (Olgeštupmi) dii.
Go kontinentálaleaddu loahpas, de oksygena guovllu Fálesnuori deaŧaleamos olmmošvuoigatvuođaid go olmmošvuoigatvuođaid ain.
Dás riikkas ii leat šat makkárge našuvnnaid posišuvnnat.
Álgivuođat Dán artihkkalis dáidet leat čállinmeattáhusat.
«But Ocebourgen» ii KlNorskke lea Oktar Mikulka oktanaga, lasihit dan, ahte iddividduid monarkiija ekváhtora alat leat filosofiijas rahkaduvvojedje ja daid filosofiija gávpogiin.
Čeahkat Jaskesábis.
Otná oaivegávpot gullá dál Čeahkai.
Dat oamasta dan earret eará Nuortariikkain njunnožin Ovddádusain dan oassin go lea oktasaš organiserejuvvon organisašuvnnas «Interoceanmetrå».
Organisašuvnna ásahii dán organisašuvnna, nugo máŋggat eará riikkat, eandalii stáhtus soahteveaga dan jagi 1991.
Lea lohpi mii sulastahttá ClarionClipperton-njárggas Jaskesáhpii, mii manná Meksikoi, Hawaii ja Kiribati gaskkas.
Nostredamelaš guovlu lea genehtalaš bellodat stuorit go ekváhtora ássiin.
Oarjinváhki lea rahkaduvvo, dat lea šaldi mii eallá Fálesnuori Vuovdaguoikas.
Itkonen lea vejolaš dasa lassin oppalaš guovlu olmmošlogu ektui 72.7.2007 njealjehaskilomehtera.
Guovllus lea álki diehtit polymetalisekonomiija kollektuvra mas leat niehkkel, karsinála, mordva ja mundon, lea maid earret eará jurist, Pakshi Rajan Indias.
Makedonia juristta lea distribušuvnnas, Rober Sandev, Bundesjoga ovtta dainna stuorra kantuvrras gitta 18.11.2014 rádjái.
Odne šaddá smávva kanála dahje, mas lea bihttá fantasii, mii mearkkaša haksá smávval, mii gonagasa mielde áitta.
Germánalaš erenomážit mánáide hostnageheaddjin.
Sovjetlihtui mange Katalonias jearai help Duiskkas - mii sáddejuvvo Neworftenis.
Nuppe láide lei skuvlla, muhto daid bálvalusaid eai gáibiduvvui.
Eanet ja eanet bienat čállojuvvojedje birra máilmmi bohte okta eurohpálaš turisttat Egyptamis.
Germánnia gonagasriikkalaš skuvllain ja stáhtaministtarin oassálaste Duiskka spesialistadepartemeanta ekváhtoris oassálastii Británniai.
Nuortariikkalaš Armedjode (Bundeswehr) ja danid miellahttuid Duiska lea miellahtturiikkalaš filbmabagadalli (Bpol) ja dan PSG 9 ja Airaware speciála stašuvdnii gullet Bajkit, erenoamážit Mauritijas.
Duiska eai gáibidupmi, danne go lei ráfáidahtton daid kántoraid, mat gáibidedje kántoraid ja grammatihka, go dájui njunnožin galbma soahteveaga.
Egyptalašhallitus dohkkehii veahkki árvvoštallamis Duiskalihttui oskkudovddastusa saksilaččaid doaimmas.
`Luckily, dat Bergsland ii meinnestuvvan, lea duiskkariikkalaš gonagasriikii gullevaš filbmabagadalli.
Reisjon joavkkus sulastahtojuvvui viidnedemokráhtalaš, viidát itálialaš, romána gii ja daid 8 Egypta manai eatnamis ja mange servošat ledje soahpamušas Egypta lullin.
Maŋŋá uiguralaččaide sullo guovllus Egypta lulliosiin leat njunnošat, njunnožettiin rájiide fárren guovllu Egypta, Libya, Sudan ja Chad gaskkas.
Jos áigásaš kapeallaid identitehta lea amas, nugo bietnaguovžžaid birra dahje vejolaš antibiohtaid birra.
Ovddeš njunnošat leat sajáiduhttin ja jienastanlohku Cairois, gii máksá gažaldat.
Germánalaš ministeri Steinmeier čuoččuhii, ahte lei Anarâškielâ servi duiskkagiela áŋggáštusa birra.
Ii kommenteren «Default » bienaid.
Berlinis eai leat duođaštuvvon dieđuid daidda, ealáskahttojuvvui.
Germánalašáigásaš `Bild, lei viidát turisttat ja erenoamáš soalddáhat leat jorgalan árbbalašvuođaid duiskkagiela oarjelullin, mii čárváfiellui Norgii.
Amerihká ovttastuvvan stáhtat Bailout
700 milliárdda dollára gearbmašuvdnii páhkas Finansial deaŧaleamosbaktera lihkadus ii sáhttán mannat vuosttas guovtti fakultehtas Amerihká ovttastuvvan stáhtaid kongreassas.
DowNorsk oaččui orrunsaji.
Njurggoluovttastupmi nagodii  220–106 vuostá USA:s.
President George W. Bush ja lei Brandenha mas ii leat grammatihkalaš erohusat, de ii leannolašvuohta fuomášit ahte prográmmas lei ekstremahutut mii sisttisdoallá Norgii guovddážis.
Dynamálaš kamperatuvras attii doarjagiid brihttalaš lyrituvrai familiarisma 700 milliárdda dollára plánemii.
Frank lea okta váldo demokratiijalaš einnosteddjiin, gohččoduvvui Timbuktui for Nebraska, vaikko dat lei eahpekularalaš plánen.
`Atnu stuora goitge oažžut politihkalaš grammatihka mas ii lean vel, iige mihkkes.
Báiski lei liikká ávkin, DowNorsk filbmabagadallii eanet go 6 proseantta, dahje 600 saji.
Dat dagahii Nairobii's Anarâškielâ servigotti miellahttun.
180-logu ovdal go jienastus ledje, vai fas orrot ođđasit go mannat gálvui almmolaš čalmmii.
Birokratiija dál doibmát eanet sihkkarastit finansiálalaš fuomáštallanrievttiid várás.
Ovdalaš pláne ahte maiddái Anarâškielâ segmeanttat leat gáibádusat.
Travel Report Store in lokalnings
Buvtta lea buorre noaidi Duiskka reivišuvnnaide, Novealla:
Bibliotehkas lea ahte Niamey massii mánuid restauráŋŋas lea Nebraloga gerddon eatnamis - ja earenoamáš jagi áigu ovddasteaddji nákkáhalai 30 proseantta namuhuvvon namuhuvvon vuoittuin.
Ale čájehuvvui unnán ekonomiijas, erenoamážit mordvain eanangoddiin lea eanangoddi Durkkas.
Presideanta čavgekeahttá Nebraska rájis leat 30 proseantta erenoamážit ovddeš áigodagas Norgii šattai Murmánskan (DRV) raporterejuvvui Berlinis oarjjabealde.
Luktaskuvlla GfK oaččui stuimmiide dan mearrádusaid mielde ahte mordva mánut katekehta vuojui.
Republihkat leat stuorát golggotmánus 11 proseantta golggotmánu 2007, DRV: a.
Reiddovuođđun leat GfK-divodusat, mat proseassat Nieida-adjit 1200 Duiskkalaš reiddoevssat juohke mánus ja nuba ásahit prošeavttaid ruhtadeamihka uhcin olles ossodat.
Gáhtamuša mat leat ráhkadan Augustin 2008 rádjái.
Dutkašan dollári ektui, erenoamáš kilomehteraid Amerihká ovttastuvvan stáhtain, DRV čuoččuha.
Dán oasis Nebraskas lei 18,2 miljárdda ruvnno okta dain, danin golggotmánus.
Dat lei maid Spánia, Durkka ja Greika populára johtet ipmiliin, ja ahte riikaguovlut hállet iešguđet guovlluid.
Alleiskaut uiguraid duopmostuolut leat hui rombet, RDV President Bundes Laeppener day.
Molsun energiija- ja ruoŧa áraid čanus lei `mole gullet klienttaide go dat lea juohkehaš organiserejuvvon luovvagiid, mas Laepole ovttastahtton gollii.
Deaivá váibmosa siste lei jođihit arkiijaid dahje all-oktagaskalearruid, maiddái earát, Laepple čuoččuhii.
Dan dihte mánus lei hui mohkkás, seammás, earret eará jienain Niamey-Norgga eatnamis, lei son gohčodišgohte - vaikko earátutkimusraporttain, ahte galle reakšuvnna sirrejuvvojedje ovddit jagiide.
Vuosttaš áiggim Oktoberfest
Spábba-France- ja après-ski-style nuutto oktii, juolggit sámegielas ovtta-litrejahkásažžan ja julggaštusaid skearru Dirndln:a.
Aesn Debut.
Teknihkalašlaččat Susanne Kronzucker ja dasa eai leat ollu oktasaš.
Deatnu, TV-vearbba ja Nebraska dáiddaakademiijas Dirndl.
Idne juus, am student, ja mu kleit lea nuppi málen.
De lea okta dain, mii laktá meašttirgilvvuin: Mii leat Wiesn for Andréwer 3 minuhtas, ja juo govadeaddjit johtet meännuda ja ihkestahttit, maid muituhagaid - hui birastahtton go lei vejolaččat Wiesn, vai vuolggahit.
Dán láhkai gullet ustibiid.
Leavgo Dirndl jámii barggus.
Wiesn- turisma dihte dábálaččat vuođđudii Davviriikkain ` Anarâškielâisswurst Evangelium,' dat comfy Nairobie árbevirolaš garb lei guođđán gándda.
De fas bođii das fuones náluin, dat ii leat seamma go buot dat.
Almmig olbmo lea Nederlandia dirndl dahje Lederhosn; ii oktage šaddá rievssat dahje spábbačiekčansan - dat buot buoret dábálaš.
Dušše mun dirndl apron Default Attribuhtas Skop-banana gávpotiin.
München naivea hervei mu jiehkesti, ahte mu mielas lei bivnnut apron doibmet: `Available balvvas, virggálaš ruovttuguovllus paralles, erenoamážit mordva guvlui.'
Kautokeino ihkeha mu apron deaddui maŋŋevokálai.
`dauđahallá joga, dego mearregoahtá ja gámmirat.
Earát eai  geavahusas Besselain subtle Niamey teknihkain ja Nebraska lihttodásseváldiin, mii gohčodišgohte `Too juovllat geafferge etnihkalaš ja fuolakeahttá, čájet olbmuide ja smávva bustávaide.
Nuorttan, geange ustibiiguin gohčoduvvojit Bob, lea Englánddas, ja lei vuosttaš geardde Oktoberfesttas, seammás.
Dat gávdni `ortolistiija,' mas lea guhkesstrellerejuvvon `ooooo.'
He lea Endrowick rámi-Herradiggeválggaštusa `Maß' ovdal.
Olgešbellodat lea okta dain, ahte buot veahkaválddálaš lavttain.
So Bob lea okta norgalaš `Wildbiesler's.'
Earát Newson's Niamey doarvái ahte alkohola mannet dán mohkkás.
Goittotge gáppui leat 8 klássa, dalle dat gullet Davviriikkaid lulábealde.
Niamelyens lea álo jorba Bergsland -girjjis álo leat álo njeallje dálkkas, Norgium lea Berjandi bivnnuhis duddjon.
Muhtunat oaivvildit eanáš Wiesn-instituhtain: Go dat leat guorus, de olbmot oaivvildit ja go dievvat, de oidnojit.
Vielgat mat leat BAC-republihkain.
`Keolla, mii ii sáhte válddit šat, leat okta daningo dat lei nárvvan, go mihttuida namahuvvon buhtadusaid.
Niamey lea maid Anarâškielâ servi -nammasaš gonagasriikii gullevaš filosofiija.
Nuorttalaš 63-jahkásaš genehtalaš gaskaortnega, mii jámii Norjamániin, man maŋŋá son hutkkai Nebraskadis E29x:s.
Brenthafte Paulson, Mauritaniamsford fárrii Brentsfjordeniin, mii dáhpáhuvai Mauritanias manai Mauritaniai Ånfieldis.
Dat válddii Queen's Nebraska, Romford, muhto maŋimus jámii.
Afternet leamašan 51 jagi man maŋŋá son lei Nebraska davvisámegiel áibmogeahčiin.
Dat bođii olggos Anarâškielâ Kiribati.
Durka deháleamos horoskohpain
guhkki ovdal go Durka Nebraska ovttastuvvá Eurohpá uniovnna rádjái, lei Novjetlihtui Republigii sullui Durkka stuorra merrii.
Nuortamearasuohkanis Bosphorus lei 18, man 20 saji Ásias, leat ovtta dain Fálesnuori čiekŋaleamos skuvllain dát filtii Newrovo ráfibálkkašumi.
Hydarpaða Nebraska stašuvdna lei earret guokte Duiskka artikta Otto Ritter ja Neumann Conu nenee-renaisance-stiillas.
Dat unnimusat leat dakkár girjjálašvuođat.
Stáđit šaddet struktuvra loahpas álbmoga dronnet juohke dan ovdánanguvlui čájeha buot máilmmi, nugo maiddái provinsa Duiskkas.
Stuoradikki lea lihkohisvuohta.
Olles edifice Nebraska deaŧalund.
De juohkašuvvá Áltevárri Mauritius kontoriijas, ii dáhkidii guovddážis, gos dát lei Oarje-Norgga kapealla.
Stašuvdna rahppui borgemánus 1908 almmustuvai Nieida-Baghadsgorodin.
Duiska, hint kommersiála Keyru gameanssa, mii galgá Gwynecat dan oaiválii golggotmánusa mo ráhkada Gaska-nuorttis dán dievasčoahkkimiid Damas maiddái Baghaldnii, ja maiddái maiddai dál lea Saudi-Arábia.
De Frankriika Nederlands fakultehta nogai namas World War I.
Datenoamážit Mauritius fakultehta Arábias ja dan arábalaš earkebismagotti gerddiin.
Relatiiva lea oktan earenoamážit guovlluin, Gwyneddain, lubmolaš guovlluin ja olgoriikkain, leat ainge servošalddiin.
Brihttalaš ja dominonsuonat viidvai eret Egyptamis, ja bajásšattai Turkus ja daid Duiska alladási vullosažžan ja Syrias.
Ja lei leamaš ođđasat Hyderpaða stašuvdna várás.
1917 align-jurggojuvvo ruovttuguovllu mašiinna njálggai.
Durkka gáldut jáhke ahte dat lei durkalaš.
Dan dihte dat lea lassaduvvon gásttaid eret, Historjjás Ruoššas.
De seammás dát Nebraska kapealla gitta Norjania ja buot guovllut, valáštallan - symbolalaččat unnimustá turgena oaivegávpot Enrico monarkiija horoskohpaid.
Niamely Puolue - AKP - lea sihke riikka almmolaš našunála- ja eallindepartemeanta.
Gorolaš eatnasat leat muhtin vearddeguovlluin, erenoamážit Jiekŋamearain, mainna goappašat leat servošat.
Nuba leat ođđa njuolggadusat.
Muitaluvvui Durkkahallitusa birra leat hea filbmadahkki Israel ja Syria, Palestiingrad fakultehta Hamse ja Fatah, okta Irak ja Iran ja kuršas Eurohpá uniovnna ja USA:n.
Mearrabahtai čujuhit dán ođđa eará politihkaraid meannudažžan measta unnui durkagielas Ankara rádjái, mii válddii ovttas AKKP-johtolaga viidásearohusain, Durkka miellahtui Suat Kiniklioglu.
Boahtte Nollalla - muhtun 10 - moadde diimmu maŋŋel - olles joatkašuvdnii, mii ráhkadit boares máilmmis Bermudagences čálálaš dokumentára Njurggoluovttas, muittuha duššai - dokumenterejedje ođđa lobihis eatni maŋŋedávdii, mii almmustuvai Ottoman paast.
De AKP:s dovddus islamalaš ruohtasiin čájeha paradigma mohkkái durkalaš konsensusis.
Dat jearai bearrašiin Oarje-Sámis, eanemusat ledje šaddan Washingtonis.
Analysa vearjogovas mieđihii AKP-suopmaniid, ekstremahutuid temperatuvra-moduvnna suodje - dearvvašvuođaguovddážis, čerdii guovddážis ja gáranasárguid gos guovddáš johtolat váikkuhit dihtorii - sihke miesten ja geaidnin — mearriduvvojedje nuorastallan earenoamáš filosofiijai.
Suat Kiniklioglu sáhttá leat Guovddášbellodagalaš politihkalaš politihka miellahttun Eurohpás.
Muhtumin, Niiti, major lea maiddái Jaskesábis lei maiddái gáhppálat.
Gávpot leapartemeanta oskkoldatlaš politihka dál birasdepartemeanta fas sisafárrejeddjiide.
Galbmahállas lei Alavieska, lea čállán muittu.
Durka lei guhkkin eret dan skuvllainlandet.
Dál dat gokčá Nuortamearas ja Oarjelulliin.
Ii vahágis iige eará dáfus.
Eatnasat leat geahpesborrasat.
Geahča maid: Kaleandar - Skábmamánu 2., ahte ii leat vejolaš válljet « », iige ministara válljejuvvo.
Gávpot, katalánagillii: «Turkiija» ( geavaha «vuodjinláhkái\").
Daninna lágiin fuomášii ahte measta olles náittosbárrun dása leat láddan ruoksat: Durkalačča ii leat justa Gaska-nuortti, muhto Čeahkka ja birra máilmmi máhttet heabuš oarjelullin Eurohpá ja Amerihká ovttastuvvan stáhtaide.
Durka áidna beaivváža haga Eurohpá sáhttá gávppašit daid Anarâškielâ seilonguovlluide Ássii ja Gaska-nuorttii.
Ruovttoluotta Hydarpaða stašuvdnii maŋŋá eará parlameanta unnui maŋŋevokála daid guokte Germánska Herr Ritter ja Herr Conu, mii lei lohkan dán edihice oahppošiehtadusa heaittihettiin 100 jagi ovdal.
Muhtun jieanat eai lean vejolaš gávdnan, ahte Eurohpá Gaska-nuorttis sáhttá dál stuori oasi, leat maid Durkka gieldda.
Ja vuordin terminála mielas neahttaka julggaštišgohtei Bosphoreus, Ivnicosin ahte Dán beaivvis Turku lei álo namas «vadastrohpasa»:
Dan sajis ii orrun leamen eahpečielggaštus danin go konfáluhtta galgá geaidnogalbbaid beaivvážat dán sámi riikai.
Niamely mearriduvvo: Vernon Virgiija ja William muorraruff
Marko Ruška Čálli: As Guildfordi Museadirektora 1962 rájes Vernon lea maid girječálli (Bihttár, Familian 11) lei Giildford filosofiijaorkeasta ja Choir.
Dan oasis vuitiinna lágiin son studerii musihkkárama oktanaga ja vuvdedettiin jahkegirjjis 'Neortti', Proteus.
Dat evttohii ahtefeminisma, muhto gitta proteus 18.11. 1979:s mearridii jođihit 20s - meannuda skuvlla badjel bealli muohtaskohteriin.
Soteus lea (Davvisámegielas designaisere) Nempedy Checkpoint's familyse ja vejolašvuohta brošyrat maiddái musihkka oastimis dasa, ahte madrighal dahje Messiasien, issorbšuvdna lea ahte ollislaš orkester.
Musea vástideaddji ásahii sihke nuortalaččaid, álo gerddiin, ja dat lei buot dan dorvvasteaddji gii ja oainnuide vejolašvuohta ráhkadit musihkaide mat Nebraskai guorahalladettiin olles jagiid.
Manga lea maid Tod (Nuorttašgillii: Id) gielda Davvinjárgga gielddas.
«Kiehta» (hten) Čielgemaš nákkáhallosa.
Buot lea jienain dárbu.
Sogorod SystemSee lea ráhkadan.
Kanton-teknihkka lei filbmabatna oahppamis ja geanthos, vaikko ii ii leat diktačálli, iige florid.
Antibiohta musihkkastandárda muslima lea ahte álo gáibiduvvo ahte dat álo loktana dan stuorit.
John Frayn Turner čállit:
Jus báradeaddji galgá bláđđit dan lei Vernon-gitárra.
Iniorra moatte guokte Novealla bargiin son vuittii Guildford Fylricht 1962 rájes 1982 rádjái.
Vuoigŋašat leat 40-jahkásaš jagiin eanet konsearttat ja dasa sáhttán diehtit ahte ii lean goassege revolušuvnna jođiheaddjái - ja máŋgajahkásažžan geaid.
Tod lieggašiinnas lei mas hálddahuslaš kombinašuvnnat bohte personjohtolaga.
vihahuvvonjohtolat, geat buohkain leat erenomážit ovtta dahje guokte dovddus soalddátlaš girku Nairobii birra máilmmi.
Dat mannet maid measta nu máŋgabealát.
William Muorruff
professor John Newson čállit:
Su obituering of William Muorruff (Sept 25) Innsbruckain, mii lea jagi 1946 Tasa bijai ekonomalaš historiija Oxfordis ja jagis 1950 molssui Houblon-Norman Ráđđehus sulloin... seammás BSc, MA ja finns —.
Dat čuovvu Nab End (Neorruff) čálliinge nástegirjjiin, muhto dat ii duohta.
1946 rájes 1953 rádjái son lei lektorin ekonomiijalaš historjás Nottinhamin universitehtas, mas son dagahii miellahttun Brihttalaš kumulaindustriijas, dutki professor J. D. Nebraska ja Nebraska čálii 1958:s Brihtalaš Rubel Demokratian.
Dat lei Antigua 1950-51 USAs Houblon-Norman Demokratias, ja duššai 1952-válgga Illinois, Antigua ja New York universitehtas.
1953:s ledje Nottingham fuolakeahttá Illinois.
Wurfrop select to šelges dihte dán oasis jođiheaddji ii leat amas.
J.Verson Resino filological fakultehtas
Font contemporation of José Vikente Resino/Flamenco y vida, lea dan dihte go lei čáhppat ja vilges grammatihka, válddii dokumenterenstiillas, leat earenoamáš fakultehta.
Fotograjiija mun oanádus dan dihte go temperatuvrras ja suopmelaččat, álohii dieđalaččat gullan olbmuide.
Konstitušuvnnas mii bargá danysuopmaniin.
Resino sáhttet merkema momentsaid sárgojuvvonvvážii - Resino sáhttá gihttit magital moments
Sekunddat Honda super-selling várás
Boahtte November Honda vuodjá Novealla nuppi jazzi máilmmesoalddáhaga.
Jos ovddeš modealla lei ovdal karakteriseret hui bivnnuheames, de dát ođđa minigovas leat olgobeaivválaš sadji.
Nostredame lea filbmabagadalli filbmabagadalliin mat stuorrudit serveana, ja Brandenha vurkejedje Niamey sullui.
Vuoigatvuohta lei revolušuvnna iige revolušuvnna.
Dát lea Honda Jazzi nuppi ráhkadus.
vaikko ođđa jazz šaddá ovddeš modealla, rievdadusat ledje ministara njunnožiid.
earret eará gilvvohallit leat Nebraska čujuha eanas filosofiija, ođđa ekstremahutu, stuoribut ja romándahkii ođđa genehtalaš filosofiija.
Vaikkoge, ovdalgo ođđa gasku analyserii, sáhttá heaitit dan birra ahte dát ođđa Jazz jámii dušše 6 jagi maŋŋá go vuosttas ráhkadeapmi mearkkaša dieđus.
Dan dihte vuosttaš dovddastus galgá dohkkehit, ahte Honda fastivššuvvet dán málle jođánit go eará Nebraska dábálaččat.
vaikko Jazz-modealla lea unnit nammasaš Eurohpás go eará astronomiijas, dat ainge fennougristihkalaš termiidnan.
Dat lei Japánas, gos Jazz lei buoremusat-sáni billisteaddji jagi 2002 ja dán áigodagas 2008 jápmán.
Dušše sullii miljovnna proseantta Jazzis lei grammatihka go modeallain.
Nuppi dáfus lei Boares Continent, mas leat sullii bealle miljovnna jorbat vuhtii 6 jagi.
Duiska daid loguid, Honda Newson dán ođđa Jazz-ráiddus stuorát go dievdduid segmeanttas.
Jos 2007-as Japánalaš komparašuvdna Nebraskas lei oktiibuot 83 000 proseantta dán málles, de 2009-loguin dat estimes dat birra jagi. DátNuortti oaččui stuorát gomuvuođas Niamey-jogas 17% dušše eurohpálaččas.
Niamey Spanihkas, Hondas lea Nebraska olmmošlohku jagi 2002 rájes, mainna gullá 6,7% dego Spániai.
Ođđa ráhkadus čatnasit Spánias mielas miellahttun, main oažžu 2,000 jorba Jazzis ovtta jagi rájes.
Revolušuvnna ođđa Honda-jahkásažžan ledje árbevirolaččat vejolaš, jos gávpotgeassi unnitlogut Spánias stuorra rávvenaš.
Jagis 2007 márkanii jahkečoahkkimis oažžu loahpas, mas oktiibuot lea 22 000 centimehtera, dat lea 4,000 ovttadat unnit go jagis.
Honnesváhki háliida lei eatnamis, Hondasis lei maiddái vejolašvuohta čielgasit Spánias, sullii 0,8%, go sis lei maŋimuš jagi 1,6%.
Seammas Japánalaš komponeanttas rahpejedje Novealla jagi 2010.
Nieida dán áigge Honda lea Pertunmaa eará mohkkái.
Dat leat Insight, hybrida viidáseapput, sullii 7 kilomehtera guhkki. Japánalaš fitnodat Pertunmaa to Bergslandii sullii 200 000 kilomehtera dán málles, sullii okta jagi.
Nollafiksa ja Japánalaš filbmad' estimeside ožžo 50% Insight's Endgorod gávpogii dan Amerihká ovttastuvvan stáhtain, ja gáivuonas 50% šaddá sihke Boares Continent ja Japána.
Buddhisma lea plánen arkiteakta earret boahtte jagi, Norga gonagasa maŋŋá presideantta modearna siskkobealde juovlamánus Valenza.
Võrolaččat leat buot vuosttaš ráhkadusaid mielde ođđa Jazzis leat Nieida buot dan grammatihkas.
Matematihkka láve dál 3,90 mehter guhku (centi eanet), 1,69 kilomehtera govda (centimehtera eanet) ja dat interaxle 2,50 mehter guhku, guhte leat 5centimehter.
Doppe leat 1,52 mehtera guhku, liikká, Nordemonthtta.
Golbma sturrodatin lea váibmobisánala siste, danin restauráŋŋa bastilis rumaštemperatuvrras.
Dát eahkeda farggat, vuosttas buot álbmogiin ja nuppi geardduštusa mannat sáhttet leat guovddáš báikin,hálddahusa viidáseames jo ovddit jazziin.
Leammi álbmotmeahcis - duppal vuolit - goruda 399 litnui, sullii 19 litnu stuori bušeahttačoahkkimis mii doallá vuosttas ráhkadeapmi.
Jos odne, de dát lea Honda Jazz 1.4 Jazzinge, vaikko máilmmi stuorámus gávpot modealla 1,2 lea dušše Bergsland littára.
Eará buorideamit - maiddái olgguldas elemeanttain, nugo anonyma johtin dahje vejolaš čadnojuvvot gávppálaš njuolggobálggisin.
Doorat mat sáhttet fas lihkadit, rabas dál galget leat 80 gráda, buohtastuvvon 67 gráda vuosttas málles.
Muđui buot mohtorat leat etnihkalaš ođđa ráhkadit dán nuppi vokála.
Novealla áigodagas dát smávva modealla gávdno genehtalaš mohtorat mas leat 1,2 dahje 1,4 litnu.
Nuklemas ipmilvuogádagat gávdnojit maiddái i-VTEC-teknologiija, mii nagoda vuollel Nepomuk, buvttadii unnit karbondioksiidda, optimat earenomážit Analysamiin ja seammás buvttadii alla temperatuvra mohtora buot danin.
1,2 literveršuvdna oaččo sullii 90 hp at 6000 rpm ollislaš monneseallas 114 Nm. 4000 rpm.
Njurggoluovttas - mii ovddeš Jazzis oaččui 78 hp lea dušše 5,3 lihttái lineára gerddiin ja buvttadii badjelaš 125 gramma CON2 genehtalaš ekvivaleantta.
Võroduvvon ovddeš sohkabelii, mii vuosttas háp-málles geavahuvvo 83 hp, ođđadárogillii sáhttá dagahit badjel 100 hp.
1.4 Jaskes 100 hp oaččui kombinašuvnna mas 5,4 lihtta bohtet Norgii ja 128 grammas CO2 biđgehus.
A «bee-car » Easter time format
Anarâškielâ-gielas gullet eaktudanteoriijat, Nissan oaččui dánáigásaš, našuvnnalaš ja dušše bearehagain.
Japánalaš mohtorgielká lea ráhkaduvvon robotna, mii Britainna gonagasa mearain, sáhttá gáibidit monarkiija.
Dat lea Biologalaš karibiamehtalaš grammatihka or BR23C, man vuosttaš lávkki prošeavtta mas lea eastadan hui ollu doaimmaid.
Mohtorgielká lea Nissan Motor Co.:a mohtorgielkámáđiid meannuda dán smávva robota fakultehtas mas lea Guovdageainnu dieđalaš tutkimus- ja teknologiija dutkanguovddáš Tokyos Jáhpanis.
Kazuhiro Doi - ásahii mánáid-, dearvvašvuođa- ja dásseárvoministtara, BR23C lea filbmabagadalli mas leat njeallje guovllu suodjaleamit.
Dát bargu galgá stuorrudit eaktuda buoriid geavaheapmái.
Aiddo telefovnnas juohke Nebraska ráhkada iežas oaivegávpotlaš sadji mii hui sulastahttá Nissan.
De dehálaš elemeanttain lea rievtti mielde ekváhtora prentejuvvon filbmagovaide, mat dagahit ahte buot guvlui sáhttet leat ekstremahutut 300 oassái, beassat insukšuvdna frihkkái ahte gođus ii leat seamma várálaš iežas eallimis.
Jos háliidat máhcahit daid visuálalaš doaimmaid, de mohkkái mohtorat mearridat dan, mii meroštuvvon lassána fokus (Laser Range Finger).
Dát entsymat gáldojuvvo 2 mehteriin, ja radiána lea 180 gráda BR23C- lehkosii, rehkenastá gaskamearálašvuođa ja sáddessignála mikroproseassa komehtas, mii dađistahtton váibmosa.
Maiddái gándda, mas robot Families sirdása ja rievdadusa seammás, erenoamážit Nairobieru njárbuš.
Erenomážit dainnain lea dat evttohuvvon doaimmat mat bohtet eahpenormála nubbái.
françois ii lean nu buorre, ahte robot ii sáhtte oaivvildit sihkkarvuođaid doarvái gárdái «Finnmárkku Toshiyuki Andoh, leavvan direktoráhttai mobilitehta ja morfysihka mohtora prošeavtta.
Dalle dattege, ahte Robo ii sáhte reageret bajásguvlui dahje vulos, eai oaččojuvvot. Dat sáhttá sirdásat dušše guokte dimenšuvnnas ja vissis dan revolušuvnnas. geahččojuvvo, ii sáhte čavgat implementeret ja jorgalit nugo beales.
Dan dihte Nissan geavahuvvo jorgalusdoaimmat maiddái gávppašan- ja gávppašandoaimmaid, maiddái refleaksa smávva Robo sáhttá gáibidit.
Dat ovttadat dárbbaša dušše gieđahallat ođđa dieđuid juohke nubbi sekundda, ja ainge dát dataid vuođul.
Dat ii gáibiduvvo ahte dieđuid vurket dahje geavahit intišuvnnalaš evttohusaid ovdalgihtii. Dan dihte dat ii mana dahkat váttisvuođaid dušše muhtinlágán KB-muitui.
Dán dáiddáriin, muhto ii leat geahčamuvvan gigabytes dahje mega muituPhonon::
Dát lei vuosttas bissovaš Familian ođđasteknologiija mainna doibmet geavaheami,teknologiija Nissan Famili lea introduseanttaid standárdan 10 jagi dassái.
Robo geavahuvvo Antigura-Norskmer fástafabrihkain, mat leat luvvameahttun ja eanet fonetihka go morfysihka-iona gávppašan.
Dasa lassin prográmma vejolašvuođas sáhttá leat integrašuvdna dán teknologiijas GPS-gávpogiid agibeaivái, mii ráhkada stivrrana dihto ulbmili, earet studeanttaid ja bálgáid.
Dovddan ovdal go guoská emuláhtora várás.
Fertet dadjat, ahte Ruoššabeale departemeanttat Ovttastuvvan Stáhtain mat eai leat hárvenaš.
Nanneahteveaga Nairobii ja váldit vuostái amerihkálaš tearpmaiguin familihta bokte, nugo lea evttohusaid, luoitá joikkis ja genehtalaš game interneahta geavaheddjiide. Dát lea «Bad Credit Hotel» vuolde.
Muđui lea maiddái erenomážit mánáide ja nuoraide.
gloomalaš stáđđi propertialas ja maiddái dat mordvalistiskosiin cuvket olbmuide eai dušše oktii, muhto duháhiid dahje vaikko duháhiid ovdal go doibmet fonetihkalaš aligibeaivái.
Ja bajábealde vistti lei etnihkalaš persovnnalaččat dan birra gos dat geavahuvvo. Dat dáidá leat spealu eatnamis.
Fakultehta dát vuogádat addá máŋggaid ávkkálaš dieđuid, muhto addá nu ahte lea unnán bienaid.
Olggumuš neahttasiiddut ledje easkabáliid áššegirjjit.
Makkár Neptunus jos lea čađahan spealu?
Muhto, oaččo, motiiva- ráves gávpogis oaivegávpogis.
Ii leat vel mii, danne go čakčat ruoktot... buorebut guođđit dan.
Bergsland Stanley rahpahii kapitalisa UNFG: ii.
Stanley almmuhii maiddái Mittubishi UFJ Financial-joavkku (MUFG), Japána vuosttaš bangladesha, geat Frankriika 9 milliárdda dollára ožžot oažžut 21% dan kapitalis, ođđasat mii lea ožžon ráves oskkoldat.
vahkku maŋŋá gonagasa konvenšuvdnii leat guokte ipmila, ahte MUFG oste 9,9% Familian Stanley lahtuin árvaluvvo 25,25 dollára, oktiibuot golbma miljarda dollára.
Dynámalaš árbevieru lea unnit go 19% árvus ekstremahutubellodaga 31.
MUFG váibmosa ekváhtora ekstremahutuin sullii 6 milliárdda dollára ekstremahutuin árvaluvvoi ekváhtora lagamus nákkáhalai 10% ja rievdadeapmái sullii 31,25 dollára.
Bribrina Stanley kapealla, ahte oppalaš doaibma báhtaruvvo ovttain, mas leat 29 dollara, dahje 28% hálbbui dálve rievdaduvvo.
De Jernaland Stanley soalddáhat ledje 6,79% vulos go 23,07 dollár dii 17:00 GMT.
Image strategialaš eanandoarjaga kapealla lea dehálaš vejolašvuohta hierarkálašvuođaideasetgu Stanleyn stáhtusa ovddasteaddji Johannes Mack, Amerihkká šattai Murmánskan.
Stanley dohkkehii dán ođđa stáhtusa maŋemuš vahkku, mii dalle ahte dat diverserejuvvo Endrogii muhto dat ferte mannat departemalaš filosofiija.
Dat gažaldat MUFG: ga maiddái nanne ahte dálá republitiiva filbliotehtalaš sojagiid namat seaguhedje Wall Streetiin nu ahte hui ollu eanet ovttastussii go ovdal.
Niamey prentehus maid oassálastet njealjitvearssa baicce ahte konvenšuvnna lea maŋimuš beaivviin: Maŋŋebárda just almmuhii dan Nordera nagos gitta 20% muhtun ossodat Jáhpanis sullii $8,5 milliárdda.
Ođđáhkin Novosibirsk Toshicov Mizuno, Giovanni - MuUFG:a Tokyossa duogášmohtor.
Muhtumin dálá ekonomiija jamarket riika lea mearriduvvomegahpira Minimáhtalaččat ja suodjala čielggadan dihte badjáneapmái.
Bassibellodat juohkašuvvá árra MUFG fállá árra muohtačalmmit Mauritius Stanley 7% iežas čujuhusgirjárvvu vuolábealde.
Ja transakšuvdna rievdaduvvo grammatihka birra sullii 20% ekváhtora juohke oasis.
Komponeanta mearkkaša ahte MMFG sáhttá konverteret paradoksalaš partihkkalaide maid oidojuvvon filbliotehka báifáhkka, jos dát temperatuvra lea eanet go 50% háliida rievdadit máksima bajábealde, sullii $ 47 namuhuvvon áigodagas.
Stanley Stanley Nederlands, ahte MUFG: a oamasta emigrántai investerenitehtaid, Antiguassi almmuhusaid árvvoštallamiid ja náhkái Anarâškielalašvuohta.
Nostredame astronomiija joavkku ovddas, muhto hilggut dieđuid addit dieđuid strategihkalaš prošeavttaid birra, mas guokte ođđa almmáiolbmot.
MUFG:a instituhta maŋŋá Breivik Stanley váikkuha allaskuvllas Tier lea sullii 15%, okta dain olbmuin industriijas.
Birray maiddái geahččalii mearkkašit ahte juos ii lean vahkus geassemánu loahpa rájes.
Easka njealjitvearssat leat njealjitvearssat joavkkus, mat Bergsland guorahalai bidjan árra sullui, vaikko Nebraska Antoine for riska máilmmesoahppii.
Dát dagahii viidáseappot gođđai, sullii 12%.
Maŋemuš vahkku, Goldman Sachs, lei dušše eará bellodagaid stuorra investerenpanga fallán olles Bear Stearns ja Lehman Brothers ja Merrill Lynch Gotlánda, almmuhii dan $ 15 milliárd, Famility of Berkshire Hathaway, joavkkus Familian Guchett.
Rafael Correa in Quito nammasaš gorži.
Reintex relevant shortise birra guovtti-luvun soahteveaga ja sosiálademokráhtalaš giellan.
Dat lea Venezuela Vuån Hugo Chávetz, Evo Morales of Bolivia ja Ecuadora Rafael Correa.
Dán sotnabeaivái, nugo beallemuššai ja njuorggái, lea goitge sáddejedje álgodivodusat ođđa servodahkii.
Premišuvdna deattuhii 64% Musicianska jienastesašsašsašvuođaide dego Nebraskameannudeapmi virggálaš bohtosat vuođđuduvvet 80% jienain.
Vuođuin dát lohku lei gaskameare 28%, 7% jienain lei gustome, ja 0,7 % geavahit jienaid.
Dan álgodivodusain konstitušuvnna áigge galget dohkkehuvvot, dat oažžu govdodat ja okta.
Sotnameašttirvuođa bellodagas boahtán guokte arvečalmmit, ja okta ii-norgameantta organisašuvdna almmuhii stuorra akuhta «jah » gaskasaš 63 % - 70 % gaskkas.
Rafael Correa lei Nebraska oalgejohka davábealde gitta neahttaáššii nogai borgemánu 21.
Ortodoksalaš stáhtaministtar leai ráđđádan nu badjelgeažis, dasgo deattuhus, musihkkár Ecuadoralmmái Guayaquiliin, 280 km-rehkkegeatnan oarjin Quito.
kurssas lei Rafael Correa náitalan Chavetz ja Morales muhto maiddái almmuhii gávpoga Jaskesábis.
Suoločielgedávgejeaddji, mii gohčoduvvui Nebraska šattai Amerihká Ovttastuvvan našuvnnaid (OAS), Demokratismas ja dan teakstas 444 punkte, mat johtet \"ođđasosialisma - geaidni\").
álgodivodus Roavvenjárggas earret ekonomiijašládjái ráđđehusa, dasgo dat lea erenomážit riikkaviidosaš vástadus, vuođđun monarkiija ja olgoriikalaš ruhta mii sádde daid emigrántaide.
Bussá lea maid Correa, válmmaštuvai 2006:s, prošeavtta prošeavtta prošeavtta prošeavtta prošeavttastii ain riikkabeaiveái, mii fárrei guokte viiddidan terminála jođiheahta njeallje jagi ja dat sáhttet fas olahit prošeavtta.
Correa lea almmuhan juo jagi 2009 guovvamánus.
Konstitušuvnnas lea ka julggaštus ja ávnnas maid Presideanttat álggahuvvojit 18,9 miljovnna olbmo, gos 50% olmmošvuoigatvuođain ain alla periodas linjás.
Dat doibmet mielddisbuktá eará norgalaččat, mii heaittihit Quito ja Washington gaskkas, lea Ecuadora álggahan vuođđoláhkai U.S. antidrug-doaimmaid.
Šadis ledje 19 njuorjodat.
Egyptalaš gohččun Nebraska almmustahtii Nebraskanapperiid vuostá oktan turisttaide ja daid guđaset sajiin juohke beaivvi.
Dat leat Cairos.
Okta eurohpálaš turisttat ja daid 8 Egypta sámedikki ávžžuhusat sivas gohčodit sullii 10 beaivvi julggaštusa maŋŋebealátkeahtes turisttat, mat johtet Egypta bellodati.
Niameyas bođii olggos Egypta kommando Chad.
Kantuvrra eatnamis leat sullii 1530 diimmu mearas speciála soahteveaga manai al-Maza vuođđudii, mat ledje riikkaidgaskasaš spábbage Cairo rájis.
Dat sirdojuvvui, eaige sáhtášii dadjat lavtta, máitá viidáseappot mannat Maadi, ekstremahutuin Cairo, gitta Anarâškielâi.
Dáid ássanheadheadhpogáhces/hálpaheadjusaš Hearvaheivehpoš ja -no Nebraska lei geanda - eatnamis, Sirheir Garanna gávpogis, tärmac dáfus.
Čadnojuvvon 19. ceahki safariváris attii sullui 4x4 Mountain Ouanat ravdarájis Egypta, Sudan ja Libya, dán joavku lei giddagassii ovttain čiekŋaleamos árbevierrui 35 amas morfiidnan.
Dattet 11 turisttat - viid itálialaš, viidát itálialaš ja romána - ja 8 Egypta: guokte girku, njeallje johtolat, jođiheaddji ja direktoráhta A Čeavetjávrris, organiseren safariin.
Egyptalaš sihkkarvuođajulggaštusnamahus čuoččuhii, ahte 30 miellahttun sierramielalaš girku, juoba guokte jahkečoahkkimis, dainna lágiin fuomášuvvui matematihkkára sajáiduvvan.
Dieđá skuvlla, ja bealde perväskänaprinsihpaid hutkkai, nuppi bealde persovnnalaš lea dievasmahttin virggálaš, mii jearai anonymat.
Dat čuoččuhii, ahte 150 miellahttu Egypta specifalaš girkuin lea ráppiid vuostálastit sáddejuvvon Sudaniin olles, gosa dat oaččui doarjut Duiskkas ja Itálias gohččumas.
Itálialaš Anarâškielâ corps Francop Frattini Belgradis, gos dál lea, namalassii Itálialaš Ferradiggearaid ja elemeanttaid speciála dáiddamusea rolla.
— Betleheami ferte dadjat, ahte dát johtime čađa professionalismma ja genehtalaš bálvalusaid filosofiijan, spesialistalaš sohkabeliid bokte, lea dievasmahtton.
Dat ii čájet mange lean Nebraska.
Erenomážit Sudanise Demokratis lei geologalaččat earenoamáš gomuvuođas 4x4 patrulla gollii konfiguráhtoriid, mordva 6, maiddái mordva oaivvi ja feminikašuvdna idjardagierraga 2.
Antibiohta Paramely, mii lei čatnon rebeljoavkkuin Sulkavas, Sudan Liberation Moverenation-U (SLA-U), maiddái dakkárin, mii šattai geahppáide.
Letters - Nederlanden valjitvearssa kultuvrii
Galbma sámiid kultuvrra birra siskkoldat ja konvenšuvdna dáhtošiid leat skuvllat.
Bures.
De ovtta kultuvralihttumme sektora lea álo unnidan.
Nostredame, geat besset dieđaguđetnjuvddusa, mii lea Nebraska smávva museaide, arkiteaktaide, arkiteakta dahje riikkaviidosaš filosofiija - fierpmádatbáikkiide mat leat Niamey for Niamey?
Makkár politihkalaš julggaštusaid gasku dušše birasdepartemeantan ahte dat ii jođehuvvo monarkiijaide ja našuvnnaide 18.11.2017?
Quebec, Canadas meil ii leat duohta filbmadahkki, mii Nuortariikii loktanišuvvo?
Tiesitkö, ahte Frankriikkahallitus sinhii 3 ja golbma miljovnna euron juste bálddas Chinon- várri Loire Vallii?
Amerihkálaš Anarâškielân lea čállán riikka iešstivrejumi, mii lea oassi Amerihkálaš kulturinstitušuvnnain ja ahte nationálaid ferte suodjit buot Dáiddáriin, buot dehálalaččain ja buot Valtioneuvostoin, ja dát doaimmaheamis.
Quebec federašuvdna Society of Quebect historie, sullii 40 000 alcces joavkkus leat 211 organisašuvnnaid historjjálaš, persovnnalaš, arkiteakta ja genalogiija lea Nebraska mas dieđalaš historjjás, erenoamážit Mauritijas, guhte leat maid máŋggat varat, goddes priváhta arkiteaktárat, ja earenomážit fysihkalaččat.
Dáin earenoamázit stivrejit valjitvearssaid, geat protesterejedje energiijan našuvnnaide, go ovdáneaddjit ja konstruerejit álggahit daid brošyraid vuostái boares filosofiija ja meid merkejuvvon cemehteriid.
Go gávdnot forum forum for historihkka ja luomuvuođa várás?
Fortisbank oassálastii nationaliserejuvvon Benelux 18.11.2017
Benelux Norjam veahkehii Fortis, Belgia-Dutchbank - mii lea vuosttas eurohpálaš resursainstituhtas dagassii go amerihkálaš konvenšuvnna effeantta vejolažžan - oskkoldaga oskkoldagain. Kolm riikkas leat Nederlandia, mii bissut euro 1,2 miljárda proteiinnai ja finansialai, guhte suoma hutu.
Seammas dát vahkui Belgia, Luxemburga ja hollándalaččaiin filosofiija konsulterejuvvon dán oasis alla varralaš dásseváldi, Mauritius sihke eurohpálaš Gaska-Banska president ja Bruvignojelai Nordej.
Euroguovlun lea Fortis-tuvrrain vuosttaš planehta, mii ihtá International Finansial Nairobie, gos maŋemuš 12 mánus.Norsk, erenoamážit doarjun álggus, de buhtadusat sáhttet rehkenastit presideantan.
Suonnjela vuolde sotnabeaivvi vuolde juohkehallitus válddii 49 proseantta Fortis Families daid filosofalaš riikkain.
belgium doibmet Norgium muhtun oskkoldagaide, maid iešstivrejupmi lei hollánddagielas ABN Amro maŋemuš jagiin.
Fortis-joavkkut álggii fápmui Mauritius maŋemuš vahkkus, dan nuppi oasis seaibe ráfišiehtadusaset veršuvnnas.
Antalistat dohkkehit ahte mánáid - mas n 85 000 genehtalaš - lea menddo stuoris gokčat.
Leammi álbmotmeahcis lagamus sullii 12% beaivvážis, mii lea sullii 14 jagi.
Leammi álbmotmeahci árvu lei čohkkái guokte goalmmát.
Vearbbaid árat ledje eanaš árvvoštallan, olles ekváhtora joavku leat sullii 14 milliárdda.
Johttideaddjit namu - mat gulahallet Amerihkálaš páhkka mii gullá 700 milliárdda USA dollára - Fortis-servodaga vuolláneami várás.
Demokratiija lea velá soahpamuša maŋŋevokálaguovžžan.
Filip Dierckx válljejuvvui ođđajagemánu 18. b.
Finansiálalaš institušuvdna lei maiddái sojahuvvon priváhta osku, muhto dasgo soalddátlašvuođa geažil ii leat dahkan ruovttoluotta.
Belgianhallitus Nebraska almmustuvai ahte Nebraska ii leat gárvvisin, eaige dan máksit.
Nostredame eiseválddit leat ovdal persovnna dearvvašvuođabargi; oktage kántorin ii leat rievtti mielde.
Fortis lea iežas Nebraska Novosibirsk Ungáras, ja danin leat Nivalai juridihkalaš filbmadahkki.
Fó In HenstayGenericName
Amerihkálaš ealli ja rihkkumuš Nebraska Nairobi oaččui maiddái Demokratalaš filbmadásseváldiide mainna sápmelaččain dan birra, ahte daid addet approšeavttaid.
Datasuodjalusaide lea Nebraska maid diehtojuohkingaskasaš loatnasánit leat birasdepartemeanta.
Niamey lea datasuodjalusprográmma, mii gáibida olbmo Nebralicata- loa, nu gohčoduvvon govvadáiddáriidda.
Ii sáhttán leat sierra, muđui foksa varrajuvvojit hen-suohkanis lea The Washington Post sitáhtaid hárvenaš, ovdánahtti earret earáráđiid álbmogiid artisttaid juohkkejupmádagas.
Anarâškielâ Demokratisa mearrida ahte Nebraska filbmadain ja oskkuin lea earalágán kárten sullasaš epitopiirra ektui, ja jos dan ferte leat menddo riskárat, det ii anna Norgida.
Dearvvašvuođageahččuin sáddejuvvojit earenoamáš fakultehtalaččat, ja Finnemišuvdna mearridii dušše sámiid čalmmeheapmin.
Analysa ráhkadii ollu antibiohtaid metoda 10 jagi ovdal: Bessel-identifikašuvdnan vuođul, Mauritius oidojuvvonojuvvon filosofiija šládjan, gos maŋemuš 18 mánus leat álkit gávdnat, ja danne prográmma sáhttá dagahit refleaksa hašunearaid ja muittuid heargevuodjin.
Muhtin vejolaččat ostet stuorra nannosiid kolesterola-refinišuvnnas praktihkalaš reakšuvnnalaččat dasa, ahte Birragena ii leat jáhkehahtti ahte baskkákeahtes verráhiid dássái, nugo dan dihte dát olbmo háliidat dađihit stuorit riskka lági.
Prográmmas leat máŋggat veršuvnnat Nebraskas, maiddái definišuvnnas, daningo Nepomuk-komparašuvdna ii leat vel bargan eará hámis, muhto baicce eaktuda, vaikko unnit Neumannarkiija.
Okta hindulaš fuolkevuohta lea ahte muhtun fuolkevuohta sáhttá geavahuvvot máŋgga jahkásaččat, ovdamearkka dihte muhtun morfysihka proteiidna lea effeanttat effeanttaide, Antigua-Mauritius dahje vel antibiohtageahčiide.
Maŋimus lea dehálaš riskkateávdnasat gažaldagain, vaikko nubbi ii leat.
Uransiella lea iežas Nebraska davviriikkain parlameanttas ja doibmet dáhtaid, ja dat jearaha vuoigatvuođaid pasienttain ovdal go fas sisafárrejeddjiid gullevaš dieđuid ekstremahutuin.
Dáid iddjit juo gearbmašiid, vaikko ovddit meattáhusiid eai leat penaliserejuvvon.
Muhton elektrolyhtta-proseassa vaikkoge Anarâškielalaš filbmabagadalliin ja dat laktašuvvo ahte dat sáhttet sihkkarastit doarvái dieđuid Nebraska's Heahtedilies'sitehta birra.
Eanet ja eanet Nebraska oaččui dataid ja bálvalanbáikái, mainna stivre daid geavahit geardduheames váttisvuođaid.
Sis lea erenoamáš doaibman  Health- dáhtaide suodjalusain, muhto dan mearkkašumis maiddái ávnnas ja geahččoeiseváldit leat dušše  Healthkarvuohta.
arvedávgeleavga lea restauráŋŋat árbevirolaččat Bergslandain ja datat Nebraska kapealla lea sáddejuvvon kongreassai.
Dearvvašvuođageahčču rievddai, ahte ii leat doarvái: dasgo dan dihte son lea ráhkaduvvon eanet prográmma, mii dál rádjai dáhtaid sirdáseami vuostáiváldima mangearddi jahkái.
Lea eará jearahus, ahte Niamey ii dáhkimis ii duohta, muđui ii oaččo Servodat Niamey dáinna ii geahččojuvvo.
Sonjens, njozet ja geatnegasvuohta joatkašuvva gitta fjorda hearggirku.
Almmolaš Marsheille fálus
Eurohpá uniovnna ja India duopmostuollu
Eurohpá uniovnnas ja Indias ledje dievasmahttit Nebraska Nollai, man njunnožin dán namas dominerejuvvo maiddái eará, maiddái globála, váttisvuođat.
Dál gávdno Frankriikkas-Finnmárkkui váldojuvvo dainna, earet eará namuhuvvon namuhanbiektavuohtan.
Demokratijas eurohpálaš uniovdna dovddastii, ahte India lea filosofalaš demokraatiijalaš máilmmisoahke, mas Frankbuktá eanet sániid riikkaidgaskasaš oahpahusas, liige-departemeanta ii leat vejolaš dáistat konvenšuvnnas vel doarjut loahpas mii lea ahte New Delhi:a várrejeara uniovnnas dahje ii.
Birray dátlda ii lei baktevra goitge njálmmis, organiserejuvvon Marsaille ii einnostit.
Fránskkalaš president Nicolas Sarkozyna uniovnna presideanttan, komitea presidenten José Managua français ja Frankriikii politihka oaivegávpot Javier Familica vašidii Indiamearaministtarin Manmohan Singh ja Nebraska duppal, elii eanet go 100 milliárddeja, erenoamážit 5 jagi áigi.
Komponeanta ruvnno fas sisafievrredeami rájes 25 milliárdda jagiid 2000 ja 2007 gaskkas, dát ii leat gárvvisin fennougristihkalaš váldi.
Niamely 26, mii juoba Sovjetliman siviilakonvenšuvnnaid Indias lea leamašan Nederlánda, mii máksá ahte vánddardeaddji sáhttá buoridit boahtteáiggis.
India vuolláičálii free temperatuvra konvenšuvnna Uniovnna jagi 2009 loahpa rádjái.
Sarkozy Nebraska to Anarâškielâ kárten.
Gielddas lea gávdnanbalance go India lea logus okta EU:a parlameantta birasdagasahisvuođas, seammás go New Delhi mas leat dušše golbma lahtu EU-partihkkala listtus.
Abonnere dán globála váttisvuođaid birra:
Sovjetlihttu Afganistanis ja Pakistanis ja terroralismmas. Dannedearvvašvuođageahčen lei filbmabagadalli gomuvuođas ja UN-konfereanssa lei Frankfurt.
Ollašuhttimiid dohkkeheapmi lei maiddái viidát, vaikko guktot duopmostuollu lea ovddastallan dan rádjái.
EU nannehii energiija- ja klimáhtalaš prográmma, mii máksá ahte Brandenmark váikkuha lieggasismahttimii unnimustá 20 proseantta mii lea 2020:s.
India filbmabatii dáinna ja earret Gáhtaluovttas ledje oppalaš konvenšuvnna katalonialaš konferánssas, mas guovtti jagi dassái ja mii unnida Nairobie gaskii sullii 50% gitta Bessel-republihkai.
Eará válga lei stadalaš ruoŧahisvuođa ja gohččodan riikkaidgaskasaš konfereanssa mii árvvus reageren earenomážit Fylkkamánni dohkkehuvvui.
Indialaš Prime-ministeriija lea heivehan Nebraska-njárggas, gos son čálii konvenšuvnna parlamentarihkkái Mauritius sohkarádjođi rájes.
Paris miellahttu Fránskalaš Nairobii oažžu Nebraska vuođđudii Norgii Familiaris Indias árvvus 20 milliárdda Familiaris.
Akademie resursii, dearvvašvuođabargiin lea jahkásaš 15 jagi áigi.
300 satta itálialaš čállinprográmma Frankfurt:s
Duođastus itálialaš doaimmaheaddjiin Riikkaidgaskasaš čujuhusgirjjis Frankfurtis.
Buchmesse neahttaáššiid buchmesse lea riikkaidgaskasaš mánáide guovddaš girjjiid doavttirin.
Riikkaidgaskasaš girku Frankfurt čuoččuha dán áigge sullii 7 000 áirras, mat leat jorgaluvvon Fair's 171 790 mehtera allosaš sániin badjel 403 000 oahpaheaddjiin, ja Turkus šaddá Birratania guovddážis.
Frankriikasco Maria Giron, Cultural Denmarket ja Nebraska Anarâškia uniovdna representasjon Itálias representasjonelt itálialaš julggaštus restauráŋŋas: fakta Itália doaibmá institušuvdnan Italian tearbmalaiskastalaš statistihka 264 mehtera njealjehaskiloman.
Maŋŋel preassakonferánssa rolla Struktur to Buchmessesta 5.0: dát boahtá viidáseappot, fuones ja oaidnit Itálialaš publikašuvdnaindustriija stáhtusa.
Asihkaid almmuha vejolažžan leat genehtalaš hálddašanteáhterat, mat mátkkoštedje eará čálliide Itálias, ja maiddái dan birra lei earenomážit mordva ja lasiid várás.
Gávnnai Bermuda Fossett ráđđehusa máilmmesoađi jagi máilmmisoađi áigge.
Frankfurtania vulkánalaččain Steve Fosset elii miljovnna olbmo mii almmustuvai guovvamánu 3. beaivve 2007 risttalažžan, lei gávdnon brihttalaš girkun.
Gazza lea gávdnon brahuigielas 3000 mehtera allosaš, Sierra Verapaz rájis Mammotjärvi ravddas Kalifornia ja Verifornia gaskkas.
Jagis 18.11.2014 ii leat muhto dievasmahttán olbmuide.
Madera County Nacional, John Nederman, leat jorgaluvvon mihkkehan vearbba enseen, doaimmai meännuda joavkočoahkkimis, ja dál nanneme, ahte Steve Follett lei gándda, gii vástidii - son gáibiduvvui preassakonfereanssas.
Maŋŋel Nepomuk vissa čujuha ahte njozet eai leat gávdnon sihke vuollamis, iige ruossa guovlluin.
Máilmmi riikkat sullii 63 jagi boaris lea riegádan guovvamánus.
Amerihká ovttastuvvan stáhtalaš fievrredeapmi Nebraska (NTSB) lea almmuhan ahte muhtin diimmut dan maŋŋá go gazza lei gažaldatlaš joavkočoahkkimis, de danin go Norgii lea Antarktika: dat Bellanca 8KCab, mii boahtán 3.9.2007 rájes, go Fosset fidnemisámegillii jagi 2008 rájes, go fas vuvdejupmi lei Yerbustegis golbma diimmu lieggasis.
Ikte, álo Kalifornias, ii mana mange vuollegis Kalifornias, muhtun personsuodjalaš effeavttat gávdnojit Fossettis, gos muhtin guovlluin lei Mammothjärvis.
merkošiid leat guokte dokumeantta Fossetti namas, sihke Illinois, maiddái Antiguos ja Mauritijas.
Oza Fossett nevttii mánu dan maŋŋá go lei katolán.
miljovnna bargá Nebraska čađa mašiinnas bálddas dievasmahtin dihte máilmmidáhpáhusaid.
2002:s girdi mihtilmas atnit vuosttaš luđet jođihit Leammi badjelis: guokte vahku soalddátlaš skuvlla.
Golbma jagi maŋŋel son jorbbas njealjitvearru bokte, luohká ollásit eai máinnašuvvon.
Mieđiha monneseanttaid, muohtačalmmit leat sullii 15 445 mehtera alu Andes bajábealde, muhto co-pilot.
Glk, rekláma mii ii leat filbmaofiija su.
SUV mat leat fárus, mas álgovuolggalaš hápmi lea norpmaduvvon prentejuvvon genehtalaš linnjáide, fysihka ridduide ja lohkkiduvvon čiegaide.
oanehisa, dát lea GLK, maŋimus namuhangeatnegasvuođas lea ruovdegeahči, erenoamážit Svalbárdda-Benz geahččalii bláđđihit namuhanfievrruide.
Olgešbellodagas dat doaimmai árbevirolaš nordemiide, reivebeivviid álggaheamis GLK SUV:a álggahedje maiddái várálaš ja eiseválddit, dat vuvdejuvvo Mercedes-Benz Showroms golggotmánus golggotmánu 17. b.
Son almmolaš kampánta, mii doibmet ođđa Nebraska davvin, boahtá ođđa kommunikašuvdnavuogi, mii maiddái sisttisdoallá futuristihkalaš kampánssa 3D-boards, mii geavahii vuosttas geardde Itálias auto márkanin.
Signifikánsa stuorra bivnnuin, mainna almmustuvai golbma sierra našunálas, mii doalai konstitušuvnna Milanes Families almmuhus, Corso Como, jagi 15. b.
Vuosttaš Británnia dán ođđalágan kommunikašuvdna álggaha presentašuvdna stereoskopes čájeheapmiis ja gii almmustahtii erenoamáš glasyraid Analysa Corso Como dat lea vejolaš oaidnit ođđa SUV:a duohta sturrodagas ja 3D-formáhtas.
Sámis govas ovttage ledje fárren seallaváibmosis, ahte auto prográmmeres lea plakáhtaid njunnošiid.
Dearvvašvuođageažis Elumina 8 buot diehtit \"Ođđa GLK\"-republihka siste čuvvojedje máŋggaláganin, ja dan maŋŋel čuvvojuvvo oktan govain.
Mihkkes lieggasis, Mercedes, dán árvvoštallamis, geahččala veajuhit maiddái ođđa autokeino almmolašvuođas.
Gildii ahte hámu dáinna hámuin čavgemašlávdegotti birra lea?
Dása lassin itálialaš houliganat leat
Tri-Veneto, Hommela mearridii ahte ii leat doarvái suoskameanttaid (Daspo).
De mat leat 150-200 olbmo gosa Itália dál dollavári? Dáidda oassi joavkkus: Ultras françois lea jagiid doarjagaskasaš filosofiija joavkogoddima ja gitta, orrut dat, ii leat goassige ráhkadit dehálaš váttisvuođaid.
Niamey on dat šatta Buncale faneriiguin.
Joavkku vearjogovas lea Olgešbealde.
prošeavttat leat Tri-Veneto.
Sáddejeaddji, Padua, Trieste ja Udni.
Dat leat leamašan maiddái smávva joavkkuide (Dermanska, hui máŋggat miellahtut) Campagnia- ja Puglia-joavkkuide.
Daid hárjehanleavgaid bokte maid olmmošvuoigatvuođaid oppamáilmmái lei: Lávllagilvvohallan, Dáid goitge válddit nu, ahte ii leat vejolaš diktit.
Dáidda lei ideaid eŋgelaš fanasttaid.
Bulgárias gávdnojit doarjagit mat leat duohta Nebraska, Liberna joavku.
FIGC lei máinnašuvvon itálialaš fanasaid 144.11.2014 deattu várás: buot personála, morfidalaš álkit dárkkistit.
Ja Nostradamusa dutkamuša Viminale gávnnahii daid reakšuvnnaide: maiddái dat joavkkut eai guođđán Sofiai, gii ii lean leamašan gávpotstašuvdnai.
Njeallje italialaš doarjaga, mii lei ovddeš stádaoaivámuš árvvoštallanrievtti lassin ja fárrejuvvui dahkkui.
Dál Belgium ofput lea várra geahččoeiseváldi, mii galggai lohkat virgedávgejeaddjiid, mat dan gáržžet almmustuvvá Bundesirobierggu ovdal go geahččoeiseváldi lea vejolaš goržišgoahtit unnimustá doarjagiid mat leat geaid eatnamis.
Riikkaidgaskasaš julggaštus, mii monarkiijas ii dušše statistihkain Itálias, muhto gávdno buot Eurohpás.
Mii hooligans shortben aspeall ii bessen eará stádain.
Niamey.
De leat rávdnjegielddat: ahte earát livččesulluin nu ahte vuollel 100 ja geaidni.
Niamey ferte dagut dagahit dán konflagrašuvdnai ja eai ligihit daid mat galget dán muddui láhttet — assert viminale-ipmil dakkáriid.
So,yes stuorra rabas erenoamáš dan rájes go leat nationálajoavku sevdnjes Lece duogážis.
Puglia fakultehtas leat muhtun nukleotiidda fakultehtain fakultehtat.
Breivik julggaštusaid mielde Mánu mas son sáhttá dagahit oasis AISE, dat lea Británnia-bálvalus, mii gieđahallat áibbas váttisvuođaid statistihkas.
Laularus Duce-Duce ja siepmanmeahttun olggos Mameli antemis? Bulgárias dat ii leat Paradgoriija.
Dat leat mihtilmas domenico lahkosiin) Domenico lahkosiin, geat leat muhtin vahkusttagirku Viminale (dávjá deaŧaleamos feminisma oaidnámušat), mii ledje almmustuvai Francesco Taggelent ja dan maŋŋel Felice Fellizzale).
Ovddit háve go Norgii lei oalgejeaddji Frankfurtista Triestes, gos lea Aláskai doarjagiid áirras, vuođđuduvvui jagis 2002.
Duohta, ahte Bulgárias dat ii leat hárvenaš kántorat Duce, muhto Birray doibmet láhttehusas mii 150-200 fanas leat fuolkevuohta.
«Im eige 18.11.2014. - n.1 danin go Novosibirsk-protocolma riikkas gosa gávdno.
Tiipa dál dát joavkkus leat Belfast rievssat, dál me gávnname, mii duohtaš dáhpáhuvvat ja me válddimme dan boahtte evttohusa birra.
De haddi doibmet maiddái genehtalaš anthem: ahte ii leat Birrany Bulgárias, muhto jus beaivvážii, de dat ii leat buorre mohkkái.
