Triomf pravých lidí v Austráji, mají 29 % celkem
Podle předcházejících výsledků předcházejících parlamentních výběrů v Austráji přinesla cítlivý znečištění dvou stran, které vytváří současnou velkou koalici, a značné zvýšení lidských stran.
Austriacká populační strana (ÖVP), kde stávajícího prezidenta Wilhelma Molterera je vážně ohrožena, trpí zvláštní ztráty.
Naopak vybraný vedoucí Unie pro budoucnost Austrálie (BZÖ), vládce Carinthie Jörg Haider, připravuje triomphalu na vnitrostátní politické scénu.
Podle předcházejících výsledků zůstali sociálníci (SPÖ) s 29,8 % hlasů první politická síla země, ale v porovnání s volbami v roce 2006 ztratili 5,5 % hlasů.
OVP, který s 25,6 % ztratil asi devět procent hlasů, skončil ještě horší.
Je to horší výsledky dvou velkých částí po válce, zejména pro lidskou stranu, která vybrala předchozí volby, je výsledkem doslovně katastrofální.
Na začátku července, kdy PVP odešel od koalice, obyvatelská strana měla značný pokrok na SPÖ.
Ale výběrové je trestovali za to, že se vláda nechtěla vytrhnout.
Od prvních reakcí na výsledky byly prohlášeny spekulace týkající se možného odmítnutí ředitelka a současného kanceláře Wilhelm Molterer.
Opatrníci se domnívají, že by to mohlo být od pondělí při výjimečné radě řízení strany.
Taková evoluce by měla především zlepšit cestu k výsledku výběru, který zůstává nejlepší, tj. obnovení velkého koalice SPÖ a ÖVP.
Vzhledem k zvýšení dvou lidských stran - svobodných stran (FPÖ) by však získalo 18 % a BZÖ 11 % hlasů - sociálními vyjádřili stejně jako obavy o opakování v roce 1999, když se lidská strana dohodla s populisty (v době FPÖ byl stále jednotný, že v roce 2005 BZÖ se rozdělí) na společnou vládu, která dokonce získala sankce ze strany Evropské unie.
Haider, který již říkal, že byl připraven se všemi stranami a že předpokládá, že se vrátí do Vienna na vnitrostátním politickém scéně, zřejmě na tomto vývoji.
Poslední strana, která má přístup k parlamentu, je však zelené, ale tyto ztratily a vrátily z třetího do pátého postoje mezi austriackými politickými stranami.
Je zřejmé, že žádná jiná strana nepřesahuje hranice čtyř procent a nepřistupuje k Parlamentu.
Schwarzenberg: Spojení s Indií rizikují, že se zmrazí
Kdyby nebylo možné řešit problém s českými vyšetřovatelmi, kteří v Indii byli obviněni nelegálními kafardovými řetězcemi, měl by se zajistit, že český minister zahraničních věcí Karel Schwarzenberg je určitý zmrazení české-indické vztahy.
Dnes v New Yorku je ministr vysvětlil, poté, co se setkal s jeho indiánským schválením Pranab Mukherjee.
"Kdyby problém nebyl řešením, tak ano, nějaké chladování by se stalo," uvedl po schůzce, která byla provedena po české iniciativě.
Mukherjee tvrdí, že předchozí moci by mohla těžko působit v soudních záležitostech.
Zmínil se však, že v případě Petra Švácha, který byl odstraněn z obvinění a zakázán od návrhu, centrální vláda by mohla vyjednávat s místním vládou Darjelingu, jelikož je případ pod soudním soudem.
"Může být rozhodnutý jeho problém," řekl ministr.
Podle Mukherjee, nejlepší řešení pro Emil Kuchera, odsouzené na tři roky vězení, by bylo zavolat vyšší instanci.
Proto by mohl požádat o osvobození pod pozorností a očekávat soud v svobodě, vysvětlil.
Schwarzenberg potvrzuje, že jeho partner také vyjádřil ve stejném smyslu během promluvníků.
"Rád se zavolá na výšní soud, po čem by mohl být potěšen," řekl ředitel české diplomace.
Jediný způsob, jak česká strana by mohla intervenovat v tomto případu, je poskytnout odsouzené "přiměřené právní podpory", uvedl indický ministr.
Říkal také, že taková podpora již byla přinesena z Indie.
"Chtěli bychom především udržet nejlepší vztahy s Indií, které mají tradici, která se pokračuje mnoho let.
Indiáni to také dělají," uvádí Schwarzenberg.
V té době, jak to řekl ČTK, zdůraznil před svým partnerem, že Česká republika poskytla velkou důležitou problému, který se děje české entomologie.
"My považujeme za vězení a obvinění těchto českých výzkumníků jako velký zázrak," řekl.
Ředitel se zeptá, jestli se z Indie zaslíbilo, že se o to zajímá.
"Vždycky jsem dostal dost mnoho slibů," uvědomil jenom.
Česká česká volá boj pro mořský fond
Přiblížila se střední elektronická karta, která je zastupována v Austrálii a v přístupných mořských oblastech.
Ale nezajímá se o kontinent, ale na malý ztracený bod v modrém oceánu.
"Ostrov patří Austrálie, stejně jako přijatelný mořský fond.
Tato oblast je však stejně velká jako kontinent sám," řekl italský právník Luigi Santosuosso, který je součástí týmu třicet členů oddělení Spojených států pro oceány a mořské právo.
Jeho šéf, ředitel oddělení, český právník Václav Mikulka, následuje prezentaci a úplnou dobu.
Důstojnost na práci a entuziasmus působí na královskou atmosféru.
Mořský fond skrývá do tohoto dne malého světa, bohatého v přírodních zdrojech.
Můžeme tam být nalezeny nafty, minerální a jiné mineralní zdroje, ale také živé organismy pro inconstante, které mohou obsahovat klíč k rozvoji lékařství proti rakovinu.
Šerší pozadí než zavřená země
Literální státy začali dnes pěstovat na nové podmoře.
Podle úmluvy Spojených států používají své práva, o nichž se dohodli v roce 1982 v Montego Bay v Jamajku.
Je to zvláštní oblast, která se jmenuje kontinentálním shelfem, který se často týká několik set kilometrů od pobřeží země.
Tato konvence může, v souvislosti s kontinentními prostředky týkající se kontinentálního řetězce.
"Pro zjednodušení se považuje za kontinentální šelf součástí mořského fondu a jeho podzemního podzemního fondu, který je přírodní prodloužení kontinentu pod mořem.
Vysvětluje Mikulka, že je to přes hranice literaturního moře, často i přes dvě sta tisíce mořských, kteří představují takové hospodářské prostředky," vysvětluje Mikulka.
Požadavka, která by měla být předložena Komisi pro založení vnějších hranic kontinentálního řetězce, musí být podporována širokou vědeckou a technickou dokumentaci, která je založena na cenných prospektech a metrických řetězích.
Je to výsledek několika let připravených práce.
"Jedním z našich úloh je poskytnout výboru právní a vědecké podpory.
Do té doby se výbor zajímá o pět žádostí Rusko, Brazílie, Austrálie, Irsko a Nové Zelandsko.
V této době známe úspěch pouze v posledních třech zemích uvedených," uvádí Mikulka.
Úspěch Austrálie, který je prvním, který má v úvahu, rozšířil své podmořské majetky, nedávno věděl o světovém rozhovoru.
Nová Zelandka také vyhrála z území - rozšíření mořského fondu, který mu předchozí týden přidělil Výbor, je 1,6 milionů čtverečních kilometrů, což znamená rozšíření země krát šest.
Oba zemí investovaly miliony dolarů v prospekty.
Účinek, který budou mít v budoucnosti využití mořského fondu, bude nehodnocený, jak se plánují.
Progresivně jiní země budou představovat jejich žádost.
Mohou to udělat za deset let, poté, co vykonali konvenci Montego Bay.
Tam, kde se končí kontinentní šelf, začíná oblast oceánského fondu, prohlašovaná konvencími "součné patrimony lidstva".
Tam už žádný stát nehraje z položky.
Do této oblasti přiděluje mezinárodní instituce stanovená na základě úmluvy.
"Nezapomeňme však na to, že námořní fond není Klondike," řekl ředitel Mikulka, říkající, že "její oblasti jsou právě definovány a jejich režim je zařazen do smlouvy."
České řetězec
Součást mořských fondů je dnes také česká republika.
Rozdělí to s jinými státy bývalého bloku zemí Lest v rámci společné organizace "Interoceanmetal".
V roce 1991 se tato úmluva získala jako investoři z některých jiných států, status, který se nazývá "původní investor".
Má právo vytáhnout do oblastiClipperton v Oceánu, mezi Mexikem, Hawajskými ostrovy a Kiribati.
Zóna, kterou probíhá investor, překračuje povrch bývajícího Češkoslovaku.
Pozadí se tam pohybuje, je to nějaký druh replikace Tatra.
"Možná je vytáhnout na rozšířenou s celkovým povrchem 75 000 kilometrů čtverečních.
Zóna představuje bohatý polymetalických pokrytí, které obsahují nikel, kuber, kobalt a manganeze," popisuje Ind Pakshi Rajan, jiný právník.
Rober Sandev, macedoňský zaměstnanc v dělení, přináší příklad na takové konkrece.
Vzpomíná na malý půlnoční kousek, nebo, s trochu představou, mytický shoem, který, v závodě, zvířal Golem.
Německé zvláštní síly byly na místě pro osvobození odpadů.
Egyptská vláda požádal o podporu Německu pro rezoluci krize ottažů - odborníci přišli.
Když se situace stala vážná, zvláštní jednotky se zůstaly připraveny, ale nikdy nepřišly k činnosti.
Další podrobnosti o okolnostech osvobození jedenácti evropských turistů, které se dostanou v Egyptě, jsou zjištěny.
Podle ukazatelů ministrstva vnitřních a ministerstva obrany se také Německo zvláštní síly nepřímo účastnily v operaci záchrany.
Proto jako specialistů Federální armády a agentů GSG 9 z leteckého skladiště federalního policie a federalního policejního úřadu, tak se na místě vysvobození zahrnil logistické experty v technickém Hilfwerku.
Vzhledem k tomu, že řeč ministrů v pondělí dnes večer nebyla požadována Německá síla, zaměstnancové zaměstnanců, kteří vysvobodili své věznice a utekli, když uznali, že je vůbec vysvobození síly.
Egyptská vláda by přijala podporu, kterou Německo nabídl, aby ho zahrnil na místo podpory.
"To se do toho nedokázalo," vyjadřovalo dveře ministerstva Federálního vnitřního vnitřního řízení.
Agresorové v Jižní Egyptu odvedli skupinu turistů, které sestavily z pět německých, pět italců, románů a jejich osm Egyptských spolupracovníků.
Po jejich odstranění do pouště na jih Egypta, byly otázky přeměněny do hranice mezi Egyptem, Libií, Sudánem a Čadem.
Identifikace zaměstnanců zůstala až nyní vazba, stejně jako detaily o osvobození nebo možných platbách.
Ti, kdo byli zachráněni, přijeli v době zdravý a kromě církve.
Steinmeier tvrdil, že svobodné otázky jsou pod ochranou Ambasádu Německa.
Neřekl nic o detailech o osvobození.
V Berlinu na tento čas nebyla žádná informace o datu, kdy se vrátili do Německa.
Podle časopisu "vydání", pět vazby a zvláštní síly by měly přijít do Německa v roce.
Představitelé Spojených států se plánem zachránit
První místnost americké kongresu došlo k záchrannému plánu zachránit finanční trhy ve výši 700 miliard dolarů.
Dow Jones se dozvěděl, že je v rámci.
S 227 hlasem proti 206, místo zástupců Spojených států odmítla plán záchrany pro finanční trhy vlády.
Přestože předseda Spojených států George W. Bush a politických mužů v hlavě dvou stran, program, který by měla zdvihnout chaos finančních trhů, nezískal většinu.
V dramatickém provozu se strany zřejmě snažili přesvědčit, že odporníci založené na tomto těžkém plánu jsou 700 miliard dolarů.
Barney Frank, jeden z demokratických zástupců v rozpravách, povolal poslanců k příjemnému hlasování, ačkoli plán byl nepříjemný.
"Je těžké mít politický účinek, aby se zabránilo něco, co se ještě nestalo," řekl.
Pan pořád hlasoval, že Dow Jones snížil více než šest procent nebo 600 bodů.
Z tohoto důvodu bylo zájmu investorů, který by mohl státní záchranný plán zachránit.
Před koncem hlasu zpátky zpátky, a pak, po oznámení o úspěchu, zase padne.
Zkušenci nyní na mezinárodních finančních trzích plánují nové závažné turbulence.
Aby program mohl vstoupit v platnost, je nezbytné schválení a pokoje poslanců a senátu.
Organizace oznamují větší počet rezervací
To by mělo být dobrý zítra pro Německo cestující agentury:
Pokud jde o rezervace pro následující měsíce, číslo obchodu právě zvýšil ve srovnání s rokem - pro zimní sezonu, dokonce i více než 30 %.
Vzhledem k nízkým konjoturálním perspektivám, většina cestujících Německo stále nezávislá na tomto studiu.
Pokud jde o rezervace pro zimní sezení, cestující agentury zaznamenali číslo podniků více než 31 % v souvislosti s stejným rokem, jakož se uvědomila v pondělí Berlinu Federace Německé cestující agentury (DRV).
Podle vyšetřování vyhledávací instituce GfK trhů, větších rezervačních čísla již má dokonce měsíců.
Proto by číslo vyhrazil přibližně 11 % v porovnání s 2007, věřil DRV.
Zdroje těchto výsledků jsou čísla GfK, která měsíčně analyzuje údaje o rezervaci 1200 cestních agentur a působí za celkový trh.
Rezervy cestujících provedené od konce do 2008 byly zaznamenány.
Vzhledem k nízkému rámci dolaru by cestování do Spojených států mělo být zvláštně požádáno, prohlásila DRV.
Tady by byla rezervace přibližně zvířata.
Kromě toho by Španělsko, Tursko, Řecko a naše země byly zvláštně hledány Německy.
Zvláštně organizované cesty jsou požadovány, vysvětlil prezident DRV Klaus Laepple.
Vzhledem k zvýšení cen energie a potravin zde by náklady byly "jednodušší výpočtu pro zákazníka než pro jednotlivé cestovní cestu".
Spotřebitele mohou zajistit peníze mezi ostatními s snížením předchozí rezervace nebo nabídky All Inclusivie, vysvětlil Laepple.
Léto měsíce byly také velmi zachovány tak, že zvýšení čísla vyhrazení bude znovu zaregistrováno v porovnání s minulým rokem - ačkoli je další studium, počet německých lidí, kteří podnikali cestu, se snížila v porovnání s rokem.
Můj poprvé na párty Beer.
Ballermannová nebo Apres-Skiová hitty stále, pivo v piketách na litre a kolebrity v tyrolíjských kostumů, které jsou designovány.
Záznam na párty piva.
Suzanne Kronzucker a já jsme vlastně nemáme nic společného.
Je blondý, animátor televize a nosí tyrolianský kostum na měřítku.
Mám pěkné vlasy, jsem student a moje roucha je příležitost.
Jedna věc je však spojená s námi: nejméně tři minuty na párty piva, a na nás se fotky naplňují a naplňují jejich paměťové karty - velmi pěkné, a to na první návštěvě na párty piva.
Tak se děláme přátelé.
Tyrolíjský kousek dobrý trh → dosáhnout jeho cílem.
Jako turist na párty piva a obvykle bydlí na severu Bělorého ekvatora, můj pocit, že jsem v tradičním kostýmu byl až teď omezen.
Ale když je na Teresi, je to polovina horší.
Každý nebo téměř nosí tyroliánský kostum nebo košky v kulkách; nikdo nevypadá znečištěné nebo šílené - je to úplně normální.
Jenom tabulka mého tyrolyjského kostýmu získá nějaké divné očí na stavu čoko-banánů.
Každopádka mi připomíná, že jsem nepřipadal, že na levém místě znamená svobodný, v středu, v pravém středu, v pravém stěně, v zadním vdově.
Rozumně, tripato mi dělá zpátky zpátky doleva.
"To je lepší," řekla mi a pěkně.
Jiní se nedotýkají tak špatně pro tyto subtilí a nosí jednoduché fotky, na kterých je napsáno "Too drunk to get dresed!" a vysvětluje si jejich zadní vlak bez pozvánku.
Mladý muž na exhibitionistickém stavu se jmenuje Bob, přichází z Anglii a přichází na párty piva.
Je to "gorgeous" s "oooooo".
Všechno to se mi líbilo potom, co se zmrzlil z toho pítka, co předtím.
Jedním z těchto úst ohně, které všichni myslí, že je půl.
Takže Bob je jedním z těchto divokých pesíčů smutně známých.
Jiní nemá šanci, aby se mohli takhle zbavit alkohol.
Asi osm hodin v noci se na místě svátky říkají, že se musí hlídat na chudých pití.
Vždycky na čtyři řídí, že se vrcholky říkají, že se zakrývají v stánkách.
To funguje pro většinu návštěvníků na párty piva: prázdné, plné.
Ti, kdo se vrátí v kruhu pít pod skříňem, nejsou pěkní.
"Jsou ti, kteří už nic nedokážou ztrácet," křičel jeden z těch, kdo odpovídají na mou otázku, a zmizel do mravení.
Oběť, která byla identifikována policie.
Byla identifikována tříletka, která byla zamordována v nemocnici po vzácnosti vozidla.
Carole Paulson z Chelmsford Road v Brentwoodu byl zaměstnán v pátek po poledne, v městě na Shenfield Road.
Byla převezena do Queen's Hospital, Romford, ale potom zemřela.
Podle toho byl zatčen 51-letého muže, protože byl podezřelý nebezpečným chováním.
Od té doby byl odešel, pod opatrností.
Turkie rozšířila své diplomatické horizony.
Před tím, než Turecká myslela, že se připojila Evropská unie, Evropská síla měla rychle jít do svých zemí.
Na straně je Bosforo, 20 kroků může být, z Asie, jedna z nejúplnějších reziduí jeho ambice.
Hydarpasha byl vytvářen v neorozumění, dvěma německými texty, Otto Ritter a Helmut Conu.
To je alespoň to, co nám řídí vedení.
Památka je dostupná k koni na dně platform, pozorovací oblasti každému z jeho úhlů, jako některé Německé provinciální mýry.
Kmeny jsou sladké.
Celá budova je zničena.
Ale když jsme ve svátném biletáři, máme pochyb o velikosti společnosti, která představuje přechod na západ.
V roce 1908 byla nabízena nabídka Německo, Anatolia-Baghdad Corporation.
Německo, zpoždění na hru imperializmu, chtěla provádět své střední ambice dominace prostřednictvím této železné cesty, která přichází k Bagdadu, a nejznámější země pod jménem Saúdské Arabie.
Ale německé imperialistické ambice se v prvním světové válce roztrhly.
Jeho železniční cesty byly napadeny Lawrencem z Arabie a jeho neregulární arabskými.
Směrné izolace jeho regionu v okolí, narozeninou ledemskými hranicemi válečné války, je dokončeno.
. Británci a síly říše pokračují naproti Egyptu a pohnují turky a jejich německé spojení venku Palestiny a .
Ale na Hyderpashu byly také špatné zprávy.
V roce 1917 vybuchl vlajkový vlajk, který zničil jeho subtilní prst .
Turské zdroje říkají, že je to sabotáž.
Od té doby spadla pomalu v zničení, zasáhla se v dějinách.
Dnes však železniční přechod do Anatolie a všech východních bodů je alespoň symbolicky zaznamenáno rozšíření diplomatických horizont v Tursku.
Spravedlnostní a rozvojní strana, AKP, vytvořila novou zahraniční politiku pro země.
Oddělení jeho regionu v oblasti, narozené železnými hranicemi válečné války
Teď je čas na novou politiku závazků.
Turecká vláda má významné vztahy s Izraelem a váhou, palestinské frakce Hamasa a Fataha, Irána a Iráku, samozřejmě s Evropskou unií a Spojenými státy.
Aby bylo soudnoceno nastavení této nové zahraniční politiky, jsem se nalezl na továrnu v řízení turkého kapitálu Ankary, abych navštívil MP Turské AKP Suât Kiniklioglu, jeden z expertů v zahraniční politiky.
Příští ráno, po cestě na deset hodin a půl, vysušené na hlubokých řízkách, jejichž padence vzpomíná starý svět z slavného dokumentáře The Night Mail, nakonec bych v turkském kapitálu představené jako nové město nové stoleční stavy, obrátil záda k německému minulosti.
Ale AKP s jeho známými islamistickými racíny, je příkladem změny Turkského konsensu.
Podíval se na západ, zejména v Washingtonu.
Taxi mě přispěl k obecnému čtvrtle AKP, současnému ultrakomerčnímu strukturě, vyjádřenému v kámenech a oceli, v rozvojovém čtvrtle, zahrnutém průměrnými obchodními středními středními ředitelky, v nichž se setkají pro mateřské obchody.
Suat Kiniklioglu by mohl být politickým pravým centrum, který je v rámci jakékoli jiné strany v Evropě.
Costume, cravate a má i černý Berry.
Cílem této zahraniční politiky je nyní reintegrovat Tursku do svého přímobního sousedství.
Chladná válka byla chyba," řekl.
Turecka byla zbavena z zadní země.
Teď se musí podívat na východ a na západ stejně.
To nebyl případ jednoho a druhého.
Měla to udělat oba.
"Ale to je na chvíli," zeptal jsem se, jestli by Turecka neměla vybrat?"
"Turku" řekl, "nechce vybrat mezi dvěma."
Potom zdůraznil to, že skoro všichni, s nimiž jsem mohl mluvit, se mnou odpověděli: Turské železné cesty ne jen na Blízký východ, ale také na Caucase a kolem Černého moře, takže je to stejně užitečné pro Evropu a Spojené státy, jako pro samotnou Tursku.
Při integraci Turecké zprávy o Evropě, která se metaforicky cestuje do Asii a středního východu.
Vrátil jsem se do Hydarpasy, po další noci bez spánku, a potom jsem se na tyto dva německy, pan Ritter a pan Conu, potom, kteří sledovali stavbu této budovy, jsou 100 lidí.
Měli by být překvapeni, že evropské ambice středního východu by se mohly většinou najít v rukou Tureje.
Zatímco jsem se dostal do terminálu, želva pro kromě Bosfora, vzpomínala jsem si na období, kdy byla Turkie nazvána "Evropská nemoc".
Alespoň existuje pochybnosti o kontinentu, která by mohla představit tuto fascinující zemi.
Vzpomínky na Vernon Handley a William Woodruff.
Mark Brown napsal: Hudební zástupce u Guildfordu od roku 1962, Vermon "Tod" Handley (shodil 11. září) byl odpovědný za Guildford Philharmonic Orchestra a Choir.
Vzdálený rok založil nádhernou úžasnou srdci mladých, Proteus.
Srdce mělo včetně nejmenších než 21 lidí, ale předtím, než Proteus zpívá svou poslední píseň v roce 1979, mnozí z nás, kteří měli více než 20 let, opustili srdce.
Název "Proteus" (změněný v formě mytologie) představoval vůle a schopnost srdce řídit jakékoli druhy hudby, které mu bylo předloženo, je to madrigal nebo Mesiánský.
Hudební veratibilitu vyrobenou tak mladou srdci byla často úžasná, vždy vzbuzující, a toto je inspirace jednoho člověka, a jeho enthusiasmus pro hudbu, který zůstal konstant v průběhu let.
Vzpomeňte na to, jak nás Tod opakoval, abychom nechali, aby muzyka pro sebe mluvila.
Říkal by: "Vědí, co chce."
Všechno je tady v hudbě.
Tak zpívej!"
Jejich nákladní technika byla absolutně zřejmé, i když nikdy nebylo diktatoriální ani vypadající.
Kdekoliv hudební standard, vyvýšil ho mnohem vyšší.
John Frayn Turner napsal:
Kdyby měl řidič být jmenován konem, to je Vernon Handley.
Slyšel jsem ho v průběhu 1962 až 1982, když řídil Gildford Philharmonic.
V posledních 40 letech jsem viděl přes stovky jeho koncertů a mohu upřímně říct, že nikdo z nich mě nikdy nerozuměl a někdy mě dokonce inspirovali.
Tod Handley měl tak zvláštní kombinaci osobní velikosti a pokory.
Nenávidil řidiče, kteří, jako on, "středají se jen na některé lidi".
Mnoho z nás bude chybět.
William Woodruff
Profesor John Beckett napsal:
Váš nechrologie Williama Woodruffa (rozhodně 25. září) vysvětluje, že v roce 1946 v Oxfordu byl znovu vyučován v hospodářské historii a stala se v roce 1950 členem Houblon-Norma vyšetřování, zatímco dělal BSc, MA a PhD.
To je to, co se vydalo z dopisu autora Woodruff v Beyond Nab End, ale to není správné.
Od 1946 do 1953 byl profesorem ekonomické historky v Notynghamské univerzitě, a skončil ve stejné době, tetka PHD o britském plastickém průmyslu, pod dohledem profesora J.D. Chambers, a pak v roce 1958 byla řečena pod titulem The British Ruber Industry.
V 50. a 51. letech ve Spojených státech studoval v Houblon Norman a v roce 1952 na školách v I°nois, Harvard a v New Yorku.
V roce 1953 nechal Notingham na I'Nois.
Vzhledem k tomu, proč Woodruff vybral desimulovat tuto část jeho minulosti, zůstává neznámá.
J. Vicente Resino v Filosoze
"Přeporučuji vystavení José Vicente Resino " Flamenco a život", protože jeho fotografie jsou fantastické, černé a bílé, dokumentární.
Přizpůsobili mi pozornost na to, že se jejich jednodušenost a síla, kterou přenesou, a proto, že vždycky léčí protagonistů s mnoha úctou.
Vystavení, která převádí hodně pocitů.
Resino ví, jak chytnout magické časy."
Druhé zkoušky pro super vyhrady v Hondě
V listopadu Honda začne obchodovat druhou generaci modelu Jazz.
Jestliže jeho předdecesor již měl dobré obvykle, tento nový monovolum má ještě větší místo.
To je některé zrafinované mechanismy, které zvýší potěšení řízení a umožňují ekonomické významy.
Evoluce k revoluci.
Tohle je druhá generace Hondy Jazz.
Přestože nový Honda Jazz etetickou představuje velmi podobnou řádku jako model, změny v tomto monovolumu jsou hodně.
Mezi nimi je inovační design, nová platforma, větší velikost a nové motory.
Před přezkoumáním nového modelu je však třeba zdůraznit, že tato nová Honda Jazz přijde šest let po dovozu na trh první generace.
Vzhledem k tomu, že Honda obnovila tento model v krátší době než ostatních výrobců.
I když v Evropě je Honda Jazz menší znám, tato model je vítězstvím na jiných trzích.
To je případ Japonska, kde Honda Jazz byl největším obchodem v roce 2002 a také v roce 2008.
Přesně v Japonsku bylo prodáno okolo milionu Honda Jazz od jeho spuštění.
Starý kontinent, s více nebo méně milionem automobilů prodejených za šest let, se představuje na druhém místě.
Honda však předpokládá, že tato nová Jazz bude umožňovat, aby si v Evropě vyhrál své vyhrady.
Proto v roce 2007, když japonská značka trvala 83.000 Honda Jazz, v roce 2009 si myslí, že prodej 100 000, což by představovalo růst získání 17 % na evropském trhu.
Na španělském trhu Honda od 2002 trvala 8.000 Jazz, což je 6,7 % získaných v Hondě v Španělsku.
Odpovědní odborníci španělské filiale doufají, že za rok prodej 2.000 Jazz.
Toto je přesně výstup nového Jazza, který ho dovolí, aby Honda většinou hodil snížení zvířat v Španělsku.
Důstojníci značky doufají, že rok končí s prodejem 22 000 automobilů, což je 4,000 automobilů menší než v roce 2007, nebo snížení zboží o 16 %.
Díky tomuto zvýšení výhrady Honda zvýšil své tržní části v Španělsku, přičemž došlo k 1,8 % na tržní části, což je 1,6 % v minulém roce.
Japonská značka doufá rovněž 2 % v roce 2010.
Honda čeká na toto trhové části, kdy vyjde nový model.
Je to Insight, hybrid na pěti dveřích a kompaktní velikost - 4,37 metrů délky - na které společnost Nippone doufá, že v roce obchodovat asi 200 000 automobilů na celém světě.
V závislosti na trzích a vhodnosti japonského výrobce se 50 % získávají do Spojených států, zatímco další polovina zůstane rozdělena mezi Starým obsahem a Japonem.
Komerční spouštění Insight je stanoveno během prvních tří měsíců následujícího roku po předložení veřejnosti v lednu v Valence.
Vzhledem k první generaci, nový Jazz zvýší své rozměry.
Jeho délka dosahuje 3,90 metrů (pět metrů dodateč), jeho šířka 1,69 metrů (dvě metry dodatečné) a vzdálenost mezi jejími osy je 2,50 metrů, což znamená zvýšení pět metrů.
Naopak, vysokost se nezměňuje na 1,52 metrů.
Rozměry zvýší a vnitřní prostor.
Tato vyhráva je na jedné straně při zavedení nové platformy a na druhé straně při zavedení rezervy základu do centrální pozici, řešení také přijato pro Honda Jazz.
Podobně, schopnost kofry - který má dvojitý systém fondu - může obsahovat až 399 litrů, 19 litrů kapacitu navíc v porovnání s kofrou první generace.
Je třeba zjistit, že tyto velikosti jsou verze s motorem 1.4L, protože kapacita kofří Honduras Jazz ↓L je 379 litrů.
Jiná inovace - kromě externích prvků jako zadní oheň nebo panoramický prst - je zlepšení přístupu k zadním místě.
Dveře, které poskytují přístup k zadnímu místě, mají 80 stupňových úhlů otevřeného úhlu, který se vztahuje k zadním dveřím prvního Jazzu, který by se otevřel s 67 stupňovým úhlem.
Motory jsou také nové o tomto druhé generaci Jazz.
Na začátku jeho obchodování se tato malá model bude vybavena z dvou vysokých propulzovaných 1,2 a 1,4 litrů.
Oba motory mají i-VTEC, která sníží spotřebu skladnosti a emisí CO2, která způsobí silnější motor a zvýšení systému motoru.
První motor 1,2 litrů rozvíje 90 vlasů na 6,000 t/min a 114 Nm paru na 4,900 t/min.
Tento propulzátor - který na Jazzu došlo k 78 vlasů - představuje využívání 5,3 litrů na 100 km a emisí 125 gramů CO2.
Vzhledem k propulzáři, který na generaci dosáhl 83 koňů, nyní dosáhne 100 koňů.
Tento Honda Jazz 1.4L z 100 vlasů má spotřebitelné spotřeby 5,4 litrů na 100 km a 128 gramů CO2.
"Vézdký vozidlo, který vyhýbá řízení
Pro pokročování rozvoje pro preventivní předcházení, Nissan se tentokrát inspiroval z přírody, zvláště křídla.
Japonská společnost vytvářela robot, který se napodobuje letět pěšky, vyhýbá nehody.
Jmenuje se Bio-Mimetic Car Robot Drive, nebo BR23C, a představuje první kroky k předcházení.
Inženýři z Pokročilého technického centra v Nissan Motor Co. sestavili tento malý robot s Centrem pro vyšetřování vědeckých a pokročovaných technologií v Prestigious University of Tokyo v Japonsku.
Podle Kazuhiro Doi generální ředitel veřejných vztahů pro technologie a výzkum a rozvoj značky, BR23C představuje zásobní zásobník bezpečnosti Nissan.
Tenhle robot umožňuje vozidla v tomto znamení uvědomit se o tom.
Většina jeho leta, každý z nich vytvářený vlastním prostorem v válečné formě, který je hodně v bezpečnostní řetězec Nissan.
Ale nejdůležitější je to, že oči jsou složené z oběhu, které mohou vidět v úhlu více než 300 stupňů a v každém směru, což mu umožňuje bez přerušení ukradnout ve svém vlastním prostoru.
Pro regeneraci této vizuální funkce inženýrové zjistili, co se jmenuje laserový locator (Laser Range Finder).
Tento význam zjišťuje překážky, které jsou na vzdálenosti dvou metrů a v průměru 180 stupňů, vypočítá vzdálenost až do tohoto objektu a odesílá signál mikrohromady, aby se zabránila překážka.
"Když zjistí překážku, malý robot bude napodobovat pohyby křídla a hned se změní směrem, zdvojnásobí kola 90 stupňů nebo víc, aby se vyhýbali.
Největší rozdíl v souvislosti s jakýmkoli jiným existujícím systémem je, že vyhýbaní je úplně instinktivní.
Jestliže to bylo tak, robot by nebyl schopen reagovat dost rychle, aby se vyhnout překážky, "vysvětluje Toshiyuki Andoh, ředitel Laboratory Pohyb a hlavní inženýr tohoto projektu.
Naopak, robot nemůže být odvrácen nahoru nebo dolů, nebo v diagonálu; může se pohybovat pouze v dvou rozměrech a v závislosti na tom, co mu jeho kola umožňují, a ne v nekonečných směrech, jako jsou křídla.
Pro tento důvod, Nissan používal funkci rotace, ale také zrychlení a decelérace, aby malý robot mohl zabránit překážky.
" Každý sekundu tato zařízení musí pouze zpracovat informace a provádět tyto údaje.
Nepotřebuje udržet informace nebo intuitivní logiky předchozích manuálů, proto může fungovat pouze pár desetiletí KB paměti.
To může být překvapeno, ale nemluvíme o giga-bytech paměti, ani megabytech."
Toto je první důvod, proč se rozvíjejí nové intenzivní předcházející předsudky, která bude zavedena do serijních auta v dvou letech po Nissanu.
Robot pracuje s lithium-polymerovými bakteriami, které jsou víc a trvají víc než lithium-ionové bakterie.
Ostatní použití tohoto systému v budoucnosti by mohlo být přizpůsobení tohoto zařízení na GPS navigační systém, který řídí řidič až do jeho cílu, a zabrání překážky na cestě.
Bojíme se, že jsou hypoteční.
Musíme přiznat, že Základní základ Spojených států, kromě toho, že má hodně válečného k tomu, aby se plánovali, není žádný geniál.
Vzhledem k krizi, a aby se Američani nepřipravili do hypotéků u bank rozlišnosti, vytvořili hru, aby se nedokázat: 'Bad Credit Hotel'.
To je "Hotel špatných úvěrů" nebo příběhy.
Obecný výhled tohoto bytování a zvláštně Pane hotelu nás přivedl k přemýšlení několikakrát, jestli je to správný čas požádat o poplatek.
A především, kde to udělat.
Je jistá, že tahle hra poskytuje užitečné, ale nedetailní informace.
Je to ještě jedna hra, která je rezervována mladým lidem.
Co když hra skončí?
Protože v hotelu se objeví pokoj snů.
To je lepší než nic, protože je nepředstavitelné kupovat dům.
Morgan Stanley otevře svůj kapitál v MUFG.
Morgan Stanley oznámil, že vstup do svého stolu v Mitsubishi UFJ Financial Group (MUFG), první banka v Japonsku, která se získala devět miliard dolarů, aby vzala 21% kapitálu, nový příjem s silným snížením jeho kursu v Bourse.
Jednoho týdne po zrušení dohody oba banky vysvětlili, že MUFG bude koupit 9,9 % akcí Morgan Stanley na jednotnou cenu 25,25 dolarů, nebo celkové částky tři miliardy dolarů.
Zůstatní cena je nižší než 19 % na účetní hodnotu kapitálů od 31 až 31.
MUFG by investovala šest miliard dodatečných dolarů na nákup přeměnných kapitálů, které mu zajišťují výnos o 10 % a získaly konverzní cenu 31,25 dolarů.
Morgan Stanley uvedl, že celková operace bude provedena na základě průměrné jednotné ceny 29 dolarů, nebo 28% nad současnou cenou.
Morgan Stanley však ztratila 6,79% do 23,07 dolarů do 17:00 GMT.
"Tato strategická smlouva je důležitou příležitost k posílení přechodu Morgan Stanley do stavu zadržování," vysvětlil John Mack, generální ředitel skupiny americké skupiny.
Morgan Stanley přijal tento nový status v minulém týdnu, což by mu mělo umožnit rozlišovat své činnosti, ale to je pod úřadem Federálního rezervace.
Jeho smlouva s MUFG také potvrzuje, že současná finanční krize vyžaduje největší jména Wall Street, aby přijala mnohem větší postoj než předtím.
Podmínky předložené v pondělí ukazují rovněž, že dohoda byla provedena během posledních dnů: v pondělí, Morgan prostě oznámil, že prodej do 20% svých činností do japonštiny za asi 8,5 miliard dolarů.
"Před týdnem vysvětlil Tokyo Toshihide Mizuno, bývalý ředitel MUFG, "následujeme, že účast bude plně součástí akcí.
Ale s ohledem na současnou situaci hospodářské a tržní situaci, chtěli jsme snížit rizika a zakrýt nás."
Na základě vážené průměrné ceny MUFG platí své titulky Morgan Stanley 7% pod jejich účetní hodnotou.
A operace bude přeložena v průběhu asi 20% výhody na akci.
Dohoda stanoví, že MUFG může převést do roku polovinu své preferenční tituly v akční činnosti, pokud se tyto poslední vyměňují více než 50 % nad cenou konvergence, nebo přibližně 47 dolarů v daném období.
Morgan Stanley zajišťuje, že kapitál, který přinesl MUFG, mu umožní zajistit investiční příležitosti, zvýšit svůj výpočet a zvýšit jeho likvidity.
Jedna slova skupiny se však zdůrazňovala, že se zdůrazňují strategické projekty dvou nových smlouvy.
Po investici v MUFG by Morgan Stanley měl ukázat, že je zvířatní jednotlivé řešení přibližně 15%, jedním z nejlepších odvětví.
Morgan napsal, že od konce až do konce přihlásil svůj výpočet.
Poslední týdny byly pro skupinu zkoušky, která viděla, jak se z Bourse vysoko půlnoce snížila, když náklad pojištění proti riziku zneužívání jeho povinnosti se vyrovnával.
Tato náklada byla v pondělí, ale zůstala na vysoké úrovni, okolo 12%.
Minulý týden, Goldman Sachs, jediná další "například" velkých investičních bank z Wall Street po nedostatkům Bear Stearns a Lehman Brothers a Merrill Lynch, oznámil, že získala 15 miliard dolarů, částečně u Berkshire Hathaway, skupiny Warren Buffett.
Rafael Correa do Quito v pondělí.
Změnit republiku kolem sociálismu XXI století.
Toto je společný projekt Venezélie Hugo Chavez, Bolivien Evo Morales a Equatorian Rafael Correa.
Tento nedělí, jako jeho schválení a přátelé, byl třetím, který hlasoval projekt novou ústavu.
Misi provedená, protože 64% volitelů hlasovala "da" na referendu, úřední výsledek 80% současných dotazů.
Podle těchto výsledků došlo "ne" do 28%, 7% dotazy byly nuly a 0,7% byly bílé hlasy.
Aby byl ústavní projekt přijat, mělo být ≥ polovina dalších dotazů.
Neděli, dva vyšetřování provedené na výstupu hlasových kancelářů a účetní účet nevládní organizace oznámili široké vítězství "da", která je mezi 63% a 70%.
Rafael Correa navíc v neděli večer vyhrával vítězství svého ústavního projektu.
"Stvořila se úzkostně triumfuje", zajistil, že pozdravuje Equatorianů na sedišti vlády Guayaquila, 280 kilometrů na Jižní západu v Quito.
Jak je jasné, Rafael Correa byl pogratulován Chavezem a Moralesem, ale také jeho čílské schválení Michelle Bachelet.
Hlasovač, který byl v klidu vykonáván misi pozorování Organizace amerických států (OEA), přinesl ve 444 bodech konsolidujících "nový sociálismus" od předsedy.
Předmět ústavu zasvětí státní moci na hospodářství a zahrnuje "plánování rozvoje" země, která žije zvláštně z přípravku nafty zahraničními společnostmi a návštěvy, které vysílá jeho migračníci.
Podle Koreje, který byl vybrán v roce 2006, tento projekt udělá také podporované orgány představitelu státu, které mohou vykonat až do dvou konsekvenčních mandatů čtyři roky a bude mít možnost rozdělit sbor.
Correa již oznámila, že by použila tuto moci a ukončila by nový mandat v února 2009.
Konsoliduje rovněž zásadu svobodné zdravotní a vzdělávací služby, kterou prezident začal vzít do této země 13,9 milionů obyvatel, kde 50% obyvatel žije pod území chudoby.
Nakonec předpokládá zakázku přítomnosti cizinců, což ukončí dohodu mezi Quito a Washington o využití rovnocenného základu jako bod odchylky amerických protidrogových operací.
Dvanáct osmdesát osamocen v Čadu.
Egyptský příkaz zahájil řízení proti ravisérům jedenácti turistů a jejich osm spolupráci, kteří byli zatčeni před deset dny.
Jsou v Cairo.
Jedenáct evropských turistů a jejich osm Egyptských spolupracovníků, kteří drželi deset dnů v poušti, byly zpět v pondělí zdravý a výjimečný v Egyptském kapitálu.
V ráno byli osvobozeni Egyptským příkazem v Čadu.
Vypadá to, že v formě přijeli o 15 hodin 30 na lodi zvláštního letiště na vojenském základu Al-Maza, sbírajícího na mezinárodním letišti Caire.
Hned byly přeneseny, aniž by mohli mluvit na tisku, na lodi helikoptérů do nemocnice Maadi, v oblasti residentního oblasti Caire, aby se tam vyšetřovali.
Jsou v "dobré zdraví" a "nebylo plateno žádný výkup" ravistářům, řekl o tom, že je Egyptský ministr Turismu, Zoheir Garanna.
Zatčen dne 19. září při safari 4x4 na nohu hory Uanat, na konci Egypta, Soudánu a Libyi, tato skupina otů byla zbavena z skříňky na druhou 35 inconvertierů.
Zahrnuje 11 turistů - pět italců, pět německých a římců - a osm egypťanů: dva vedoucí, čtyři vozíky, hranice hlídky a ředitel Egyptské agentury, organizace safari.
Jeden Egyptský odpovědný za bezpečnost uvedl, že 30 členů zvláštní síly, které se vrátily na loď dva helikoptéry, zahájili se v noci přímo před oběma.
"Změna oheňů se stalo, a polovina ravistů bylo zabito, ostatní utekli," řekl ten odpovědný, který požadoval anonimitu.
Uvedl, že 150 členů egyptských zvláštních síl jednotky "jasné" bylo celkem odesláno do Sudánu, kde dostali podporu německých a italských příkazů.
Šéf italské diplomace Franco Frattini vyjádřil, kde je, úlohu zahrnutou tajnými agenty a elementy italských zvláštních síl.
"Musíme přiznat, že jsme dosáhli tento výsledek prostřednictvím profesionismu a účinnosti našich mužů tajných služeb, zvláštní síly," řekl, bez více detailů.
Také odmítl platbu výplaty.
Služba, Sudánská armáda tvrdila, že při patrolu přerušovala vozidlo 4x4 na lodi, na kterém se nachází ravizéry, zabíjející šesti, jejichž šéf čeden, a zastaví dvě.
Vojska tvrdila, že byly spojeny s revolvací skupinou Darfuru, pohybu osvobození Soudanské unie, (SLA-U), co se tato pohyb okamžitě odmítla.
Dopisy - Tichý většina kultury
Rozprava o financování kultury provádí zábavy a zavádí tento výběrový kampaň.
Tolik lepší.
Ale sektor našeho kulturního života stále zapomněl.
Kdo se vstává k tomu, aby vyjádřil součástí znečištění, které se poskytují malým muzeumem, archivům, archeologickým fo-ho nebo národními historickými místy, které jsou hladem?
Jaký politický by měl připomenout federální vládu, že nedovoluje své památky a dědictví?
Co v Quebeku, jako v Kanadě, nemáme skutečné zákony, které skutečně zachovávají naše dědictví?
Věděli jste, že Francouzská vláda posvěcuje tři miliony a půl eur na obnovení jediného Čínského kazatele v údolí Loire?
U našich amerických sousedů je napsáno v ústavě jejich země, že ochrana dědictví je součástí kultury amerických a že tato dědictví musí být ochrana všech občanů, všech vybraných a všech vládních departamentů, a to v souvislosti.
V Čebeku, ve Federacii historických společností v Quebeku, alespoň 40 000 dobrovolných lidí v 211 dědičných společnostech, dědičných, archivů a genealogií se zajímají o to, aby se zachránili s třemi pod soukromé archivy a zachovali archeologické oblečení.
To jsou často psy hlídající našeho dědictví, kteří protestují s energií naděje, když prospěvatelé a rozhodovatelové zamítnou své bulldozery proti naší staré kameny a naší zapomněné cemetrky.
Kdy, soudní soudní dvůr a dědictví?
Vlády Beneluxu nazývají součást banky Fortis
Stav Beneluxu přichází k Belgickému a holandskému bankě, jako první evropské instituce v situaci utrpení po účinku sníženého účinku trhu s úvěrovým úvěrovým trhem ve Spojených státech, a toto finanční a pojištění podporují také zájmy v Maďarsku.
V tomto týdnu se Belgické, Luksemburské a nizozemské vlády dohodly na nejvyšší úrovni v tomto případu, a také pozvaly Evropskou centrální banku a odpovědnému za konkurenci Evropské komise.
V eurozóně je první velká krize v rámci mezinárodního finančního krize, která se zvýší více než rok, pro Fortis banku.
V souladu s rozhodnutím přijatého v neděli noc se tři státy získávají přibližně polovině (49 %) kapitálu banky, který se nachází v každé zemi.
Banka je bezpochyby prodávat součást svých účastnin, mezi nimiž nejprve činnosti, především pojištění, které získala v posledním roce holandské ABN Amro.
Předcházející týden byly zahájeny základní úpadky Fortis. V druhém polovině týdne jsou již objeveny vážné signály krize u banky.
Analysti se dohodnou o tom, že s jeho 85 000 zaměstnanců je banka příliš velká, abychom ji nechali odejít.
Nic než pátek, akce společnosti spadly 12 %, aby dosáhli jeho nejnižší úroveň před 14 lety.
Od ledna se činnosti zrušují více než dvě třetiny jejich hodnoty.
S ohledem na současnou hodnotu akcí se celková hodnota kapitálu skupiny obrátí kolem 14 miliard EUR, což podle vedoucích společnosti není účinné.
Správa společnosti souhlasí s nejistotností východního Atlantu v souvislosti s přijetí amerického záchranního plánu 700 miliard dolarů, že je pocházející ze ztráty akcí Fortis.
V pondělí, papíry už už využili zvýšením.
Pátek, Philip Dierckx byl jmenován hlavou banky jako nový generální ředitel.
Finanční hledání také hledalo soukromých kupců, ale ještě nedostal návrh na základě základu.
Předtím Belgická vláda oznámila, že investoři se nezajímají, ale nebudou ztratit peníze.
Žádná panika nebyla pocitná v kruhu klienta banky a žádná agentura nebyla přijata.
V Maďarsku má Fortis nezávislé agentury a také zakoupil leasingové společnosti.
Jednání v pudle.
V Americe pojišťovací a zdravotní společnosti často podpisují pojišťovací smlouvu s kandidátem na základě informací o jeho nákupech léků.
Zvláštní odborníci pro ochranu informací se bojí, že trh údajů bude nekontrolován.
"V každém případě existují programy pro ochranu údajů, které používají informace týkající se předpisu léčivých přípravků v dohodě příslušné osoby.
Tento typ programu musí být mezi nezávislými rucemi, jinak je to opět připomínáno, že se jeho pěstovatel v řetězce" - připomínal Richard Dicket, stvořitel programu používaný k řízení požadavků na lékařské předpisy v Washington Post.
Pojišťovací společnosti závisí na pojišťovně a kapitálu zajištěné v případě poškození, zdravotního stavu zákazníka, a pokud si myslí, že riziko je příliš velký, nepřijdou dokonce.
V minulosti poslali kandidáty k lékařskému přezkumu a podpisovali s nimi poté, co věděli o výsledkech.
Od deset let nalezl Dick velmi méně drahý postup: z identifikačního čísla se snadno poskytuje u lékařů, údaje o nákupech léků osoby v minulých osm měsících. Proto program sám určuje, jaká nemoc člověka trpí a jaký je jeho zdravotní stav.
Například, pokud tato osoba pravidelně využívá silné dávky snížení cholesterola, odkazuje na příliš vysokou hmotnost v krvi, což je nakonec vyšším rizikem.
Někteří z těchto programů se rozhodují o riziku, takže je to tak, že není nic velkého, co udělá pojišťovatelem kromě papíru, ale máločátků mohou ještě získat.
Například některé směsy mohou být používány proti teplotě nebo proti teplotě, ale mohou být rovněž účinné proti depresi.
Tento poslední se považuje za pojišťující faktor rizika, zatímco ostatní ne.
Některé společnosti se rozvíjely v vyšetřování a analýze údajů, které by měly požádat pacientovi o zpracování před získáváním potřebných informací u lékaře.
Vzhledem k tomu, že jsou toto orgány omezeny, i když nebyly sankce za jejich chyby v minulosti.
Některé společnosti od chvíle léčejí rovněž výsledky analýzy v laboratoře a spojejí se s údajy o spotřebě léčby, takže mohou poskytnout ještě více přesné portréty zdravotního stavu pacientů.
Více podniků mají přístup k údajům a kontrola použití se rovněž stala těžší.
Existuje zvláštní zákon o ochraně lékařských údajů, ale jeho území se pouze pro praktiky a pojišťovny.
Návrh zákonu o rozšíření kontrolního kruhu orgánů v oblasti podniků specializovaných v poskytování údajů je nyní před Kongresem.
Dick Richard uznává, že to není dostatečné a proto se ještě před svým programem rozvilo, což by podmínilo předání údajů do dohody příslušné osoby.
Je to další otázka vědět, jestli je dotčená osoba skutečně svobodná dávat dohodu nebo ne, protože pojištění s ní nepodpisují smlouvu o pojištění.
Takhle a konečně se cítí, že vrcholky jsou pěkné v dobrou chvíli.
Globální nabídka Marseille
Evropská unie a Indie rozmnoží jejich obchodní výměny.
Vzhledem k tomu, že Evropská unie a Indie jsou velmi důležitými obchodními partnery, tato téma měla také řád dnů tohoto devětého vrchního vrcholů, ve většině globálních problémů.
Dnes se stane rovněž výška Francie-Inde, kde bude především otázka spolupráce v oblasti atomické energie.
Evropská unie přiznává, že Indie je velká demokratická síla, která by měla dát širší právo k řeči v mezinárodních záležitostech, ale členské státy ještě nedohodly se dohodnout o jejich podporě v Novém Delhi za jeho kandidátu jako stálý člen Rady bezpečnosti Spojených států.
Včera na tuto devátu vrchní vrchní vrchní v Marseille nepředstavili.
Francouzský předsednik, Nicolas Sarkozy, jako současný předsedající Unie, a předseda Komise José Manuel Barroso a předseda diplomace, Javier Solana, přijali Indijského předseda Manmohan Singh, s kterými se dohodli, že v pěti letech budou vymnožovat obchodní výměny, což znamená zvýšení pět miliónů euro.
Vzhledem k tomu, že výměna zboží v průběhu roku 2000 až 2007 překročila 25 miliardy do 55 miliardů, zdá se, že to není příliš ambická cíle.
V tomto smyslu dosáhli 26 dvojitých úmluv s Indií o civilních letech, takže letecké obchody mohou v budoucnosti vzít závislosti.
Indie by měla podpisovat dohodu o svobodném obchodu s Unií nejpozději do konce roku 2009.
Sarkozy slíbil, že bude vysoký projednání.
Cílem je vyrovnat situaci s jedním stranou, Indií, který je prvním obchodním partnerem EU, a z druhé New Delhi, který je pouze devětná místa mezi partnery EU.
Většina vysvětlila pozornost na globální věci.
Afghánská a Pakistanská situace byla silně odsouzena, jak i všechny formy terorismu, a na to bylo zdůrazněno nutnost držet konferenci Spojených států.
Doha byl také požádat o dokončení obchodního cíle, ačkoli oba měli velkou část v současném selhání.
EU potvrdila, že zůstává věrná energie a klimatickému programu, zejména že by měla snížit nejméně dvacet procent odmítnutí toxických materiálů do roku 2020.
Indie se dohodla rovněž o tomto záležitosti a s tím, že by se mělo přejít celkový trh v souvislosti s referencími o klimatu předloženým následujícím rokem, a snížit emisi plynů s hmotností od 50 % do roku 2050.
Také by rádi zabránili zvýšení cen potravin, a podpořili zavolání mezinárodního zaměstnanosti k přezkoumání finanční krize.
Šéf Indijského státu se dnes stal v francouzské kapitále, kde se při dvojnásobném setkání připravuje k podepsání dohody o pokojovém využití atomické energie.
V Paříži se doufá, že francouzské společnosti dostanou příkazy pro hodnotu 20 miliard EUR pro stavbu indických atomických reaktorů.
Podle informací o tiskové agenturě by dohoda měla být 15 let.
V Francotě je více než tři sta italských editorů
Velká přítomnost italských editorů v mezinárodním pokoji knihy Francfortu.
Více než tři sta italských editorů, které jsou předloženy v 60. výstavbě Buchmese, je nejdůležitější mezinárodní schůzky v výměně práv.
Mezinárodní sálka knihy Frankfurta čeká na tento výstavbu, více než 7 mil výstavných z 101 různých zemí, které zahrnují 17 ±790 čtverečních metrů z Salonu s více než 403 miliardy titulů v výstavbě, a Tureckou jako návštěvu čest.
Bude to podsekretář ministerstva zboží a kulturních činností, Francisco Maria Giro, který bude představovat italskou vládu v oblasti inovační ceremonie papillonu Itálie: vlastně Itálie bude v institučním stavu, s bodem Itálie- 264 čtverečním prostorem výstavy.
Bude sledovat schůzku s tiskem v Strukturovém pokoji na papillu 5.0 Buchmese: příležitost představit čísla, tendency a prospekty na stavu vydání v Itálii.
Podle údajů se význam cizích autorských knih postupně sníží v porovnání s celkem italské produkce, zejména s odbornými a dětmi.
Našel letadlo Steveho Fossetta, a miliardář zmizel před rokem.
Stát letadla Steve Fosset, miliardář zmizel 3. září 2007, když letil na poušti Nevada, byl nalezen.
Nalezeny jsou na oblasti 3000 metrů výšky v oblasti Sierra Nevada de Mammonth Lakes na hranici mezi Kalifornií a Nevadou.
V letadle nicméně žádný lidský zbytek.
Šerif Madera County, John Anderson, vyhrál pochybnosti, které zůstali: "Letiště bylo nalezeno, poslali jsme tým, a nyní máme potvrzení, že je to dobře o tom, o kterém Steve Fosset cestoval v den, kdy zmizel," řekl v jednom tiskové konferenci.
Šerif tedy uvedl, že žádný zbytek lidí nebyl nalezen ani na letadle ani v okolí.
V roce února bylo považováno za úmrtí miliardáře 63 let .
Američanská agentura pro bezpečnost dopravy (Ntsb) ukázala, že pár hodin po zjištění řetězec, tým vyšetřujících na místech, zjistil zařízení: to je dobře z Bellanca 8kcab, zmizelo 3. září 2007, když Fosset získala z Yeringtonu do Nevady na tři hodiny let.
Včera včera, v Kalifornii, ne daleko od hranice Nevady, některé osobní účinky Fosset nalezly pár lidí okolo jejich byt v Mammoth Lakes.
Jsou to dvě dokumenty, které se jmenují Fosset, oba vydány Federálním letištěm I ́nois, speciálním penězům a plynu.
Vyšetřování Fossettu bylo přerušeno měsíc po jeho zmizení.
Miliardář si vyhrál místo v historii prostřednictvím dlouhého řady záznamů.
V šestém zkoušce se stalo v roce 2002 prvním mužem, který doplnil cesty světa na aerostickém balonu: dva týdny letět samotný.
Tři roky později šel do letiště a bez schodu.
Z všech těchto záznamů, také ten, kdo ukradl na 15 445 metrů výšky, na Andách, ale s dítětem.
Glk, reklam, k čemu jsi nedostal.
4x4 venku společného původního a dobře definovaného designu, na označených řádkách, vlhkých povrchů a čistých úhlů.
To je v synteze Glk, poslední narozené "kompakty" z domu hvězdy, s kterým Mercedes-Benz se snažil dát větr znovu v tomto odvětví.
Prostě jeho neočekávané a neočekávané obsahy bude komunikace, která bude přidružena k spuštění 4x4 Glk, k dispozici v hotelu Mercedes-Benz od 17. října.
Proto bude reklama, která se připojila k začátku nového auta, uvedla nepravidelný způsob komunikace prostřednictvím budoucího 3D zobrazení kampaně, které se v Itálii použije poprvé vozidlem.
Projekt maximálního zobrazení, starý v tří různých fázích, který bude dominovat srdce milárního kupování, Corso Como, až do 15. listopadu.
První fáze tohoto nové typu komunikace předpokládá prezentaci auta v stereoskopické vizi, a prostřednictvím speciálních řetězců, které jsou rozděleny kolem Corso Como, bude možné vidět nový 4x4 v téměř skutečném rozměru a v tridimensionálním formátu.
Budeme mít dojem, že když se podíváme na obrázek, auto vypadá z kanceláře.
Pak, prostřednictvím používání inovativního Elimina8, nový Glk bude osvětlený ve všech svých podrobnostech, aby se potom postavil na jedinou obrázek.
Je jasné, že s tímto reklamem se Mercedes snaží zavést něco znovu ve stereotypickém oblasti autokomunikace.
Dokáže se s tímto formulárem zvýšit zájmu budoucího zboží?
Tady jsou italští hooligani.
Z Triveneto rizikují Daspo.
Ale kdo jsou tito 150-200 mladí chlapci a dívky, jejichž Itálie nyní stydí?
Nikdy se nepřetržil s nešlechetnými tifozy.
Vytáhnutí skupiny je pravé.
Prospěšníci přijdou z Triveneto.
Véroně, Padoue, Trieste a Udine.
V Sofii se dělali malé skupiny v kampanii a v poháně.
Měli tři barvy, na nichž se objevil jejich původní město: v sobotu večer, všichni byli odstraněni, aby nebyli identifikováni.
Vzbuzují se z angličtiny.
V Bulharsku našli skutečné nazisté, Levskiho.
Figc měla dostupné italské tifosi, 144 biletů pro část: všechny jmenovatelné a tak snadno kontrolovat.
Viminal je vlastně kontroloval: mezi těmi, kteří odešli do Sofie, nikdo nedošlo k Daspo, nikdo nebyl zakázán často.
Čtyři italští tifosi, kteří měli předcházející trestní zločiny, neměli právo na bilet, a nemohli přehrát.
Teď Viminal očekává, že čte akce, které budou přijít z bulgarské policie, a pak přijme opatření: v tomto případě by mohlo být, že tifosi zatčeni nebo identifikováni v neovládacích nesprávnostech vyčistit Daspo za nejméně pět let .
Mezinárodní Daspo, který zakáže často častot italské, ale také evropské stadiony.
Naše hooligany se vrátí do města.
Šťastně.
Ale teď je čas na emulaci, a to znamená, že další rizikují, že se stane na sto 50 prvních.
"Musíme okamžitě vytrhnout tento požár, a nevyhnat, kdo se tak chová," podporuje Viminal.
Takže "dodržet očí otevřené především k zápasu vnitrostátního týmu na středu v Lecce"
V pohádkách je vlastně malý řetězec držitelů Ultras Itálie.
Zítra se sjede na sledování, v červenci Casms, který dokonce může počítat na oddělení Asie, toto je tajemství, která se právě zajímá o problémy stadionu.
V Bulharsku to není zločin.
Toto je názor (pravděpodobně nepřijatelný výraz) z Domenico Mazzi, ředitel Viminal Observatory (vzal položku Francesco Tagliente a pak Felice Ferlizzi).
MazziCity byla především předmětem v Trieste, kde bydlí řetězce skupiny Ultras Itálie, která byla založena v roce 2002.
Je pravda, jak říká Mazzi, že v Bulharsku chválení Mussolini není zločinem, ale je jistý, že chování těchto 150-200 tifosů bylo šílené.
"Já nejsem sociolog - v čísle čísla pozorování - musí být zločiny přiděleny v zemi, v níž se to děje.
Do té doby tato skupina zůstala v pravidlech. Teď uvidíme, co se stalo a budeme pro budoucnost hodnocení.
Ale povídejme také o siflétkách s Mameliovým hymnem: taky nejsou zločiny, ale pokud mi dovolíte, nejsou policie. "
