Triumf des populations droites en Allemagne, à l'échelle de 29 %
La faiblesse sensible des deux parties a apporté des élections parlementaires préliminaires à la Russie, selon les premiers résultats préliminaires, une grande coalition et une augmentation significative des droits des parties populaires.
En particulier, les pertes fortes ont subi par la Partie populaire de la Russie (PPE), où la position du président Wilhelm Molterer est sérieuse.
En revanche, le directeur électoral de la Suède pour l'avenir de la Russie (BZÖ), le chef de la Corée Jörg Haider, souhaite revenir triumphiquement à la politique nationale.
Selon les résultats préliminaires, la démocratie sociale (PPE) reste la plus forte dans le pays, avec 29,8 % des voix, mais contre les dernières options de 2006, 5,5 % des voix perdent.
Le PIB est encore plus gravement atteint, qui perd 25,6 % au niveau de neuf % des voix.
C'est le pire résultat de ces deux grandes parties dans l'histoire de la guerre race et particulièrement chez les personnes qui ont choisi des élections précédemment.
À partir du début de juillet, quand le PAC a sorti de la coalition, les gens ont eu une grande surprise dans les préférences de l'OMC.
Toutefois, les voleurs les ont évidemment déprimés parce qu'ils ont laissé le gouvernement se débarrasser.
Dans les premières réactions sur les résultats, les spéculations de la possibilité de rejeter le président de la partie et le bureau d’administration de Wilhelm Molterer ont déjà été révélées.
Les observateurs jugent qu'ils pourraient y arriver le lundi à la séance extraordinaire de la présidence.
Il serait évident qu'un tel développement faciliterait la voie à l'est le plus probable du résultat électoral, donc à la rénovation de la grande coalition de la PPE et du PIB.
Compte tenu de l'amélioration des deux parties populaires droites, les libertés (FPÖ) ont obtenu préalablement 18 % et 11 % de la BZÖ - mais les démocrates sociaux ont exprimé des préoccupations de la répétition de 1999, lorsque les gens se sont tenus d'accorder avec les populations (à l'époque, le FPÖ a encore été uni, en 2005, à l'égard de la BZÖ) sur un gouvernement commun qui a même provoqué une sanction par l'Union européenne.
À cet égard, le Haïder, qui a déjà déclaré qu'il était prêt à coopérer avec n'importe quelle partie et prévoit qu'il retourne en Vienne dans la politique nationale.
Le Parlement est encore arrivé à la partie verte, qui a été facilement perdue et a disparu entre les parties politiques races de la troisième à la cinquième place.
Aucune autre partie n'a apparemment dépassé les quatre pour cent et n'a pas été transférée au Parlement.
Schwarzenberg: Vztahy s India peut être froid
Il ne serait pas possible de résoudre le problème avec les médecins tchèques qui ont été accusés d'une collection illégale de brousses en Inde, le ministre tchèque de Karla Schwarzenberg aurait dû faire face à une certaine réduction des relations chinoises-index.
Le ministre l'a mentionné à New York après sa rencontre d'Inde Pranabe Mukhardji.
"Si cela ne s'est pas résolu, alors oui, il y aura une certaine chaleur", a-t-il constaté après une réunion qui s'est réalisée par l'initiative tchèque.
Après l'avis de Mukhardji, il a dit que les affaires judiciaires peuvent être très difficiles.
Il a toutefois noté que, dans le cas de Petra Svachy, qui a été déplacé par des plaintes et qui a été condamné par la repentance, le gouvernement central peut accompagner le gouvernement local de Dargiling, dans lequel la juridiction est entrée.
"Ses problèmes peuvent être résolus", a déclaré le ministre.
Pour Emila Cuchera, condamnée à trois ans d'exécution, il serait le meilleur pour revenir à l'institution supérieure, selon Mukhardžy.
Puis il a expliqué qu'il a demandé à l'écart de la cauchemarie et à l'attendre à la liberté.
Schwarzenberg a confirmé que son partenaire s'est mis à l'égard de l'action.
"Il recommande la requête à la Cour supérieure, puis il serait possible de le tromper", a déclaré le chef de la diplomatique tchèque.
La seule façon dont la partie tchèque peut entrer dans toute l'affaire est de fournir un soutien législatif condamné, a déclaré le ministre indien.
En outre, il a dit qu’il y avait une telle aide.
"Nous avons l'intérêt de maintenir les meilleures relations avec l'Inde qui ont une tradition annuelle.
Les Indiens le reconnaissent aussi", a déclaré Schwarzenberg.
En outre, comme l'a dit le CTC, il a souligné devant son partenaire que la République tchèque est un problème important pour les entomologues tchèques.
"Nous considérons la vérité comme une erreur profonde de la prison et de la plainte de ces chinois", a déclaré-il.
Les réponses à la question s'il a reçu une promesse d'entraîner des choses de l'Inde, le ministre a été refusé.
"J'ai déjà eu assez de promesses", a-t-il constaté.
Le chèque juge la lutte contre le fond de la mer
Ils approchent de la carte électronique remplacée par l'Australie et par l'attribution de la mer.
Mais il ne s'intéresse pas au continent, mais un petit point perdu dans l'océan bleu.
"L'île appartient à l'Australie et à l'association du fond de la mer.
L'avocat italien Luigi Santosuoso, qui appartient à l'équipe de travail de trente-septième Division des Nations unies pour les affaires maritimes et les droits maritimes.
Son chef, le directeur de la division, l'avocat tchèque Václav Mikulka, recherche et compléte parfois.
Il domine ce travail, il est électrique et équilibré.
Le fond de la mer cache encore un monde peu connu, riche sur des sources naturelles.
Il est indiqué que la graisse, les roses et d’autres substances insuffisantes, mais que les organismes vivants ne connaissent pas encore la clé d’élaboration du médicament contre le cancer.
Douleur supérieure à la peinture
Aujourd'hui, les États de la forêt ont commencé à se débarrasser de nouvelles zones sous-marines.
Selon la convention des Nations Unies, elle utilise ses droits accordés en 1982 à Montego Bay, en Jamaica.
Il s’agit principalement de l’échelle continentale appelée, qui s’échappe souvent jusqu’à 100 kilomètres de la côte du pays.
Celle-ci a un accusé exclusif de toutes les sources d'échelle continentale, conformément à la convention.
"Il a été simplifié, pour le shélf continental, cette partie du bas de la mer et sa sous-marine, qui est naturel pour la continuation du continent sous la mer.
Saha est au-delà de la frontière de la mer côte, souvent au-delà de la frontière de deux centaines de milliers de mer, etc. des zones économiques exclusives", explique Miculka.
La demande présentée par le pays à la Commission pour la fixation des frontières extérieures de la chaleur continentale doit être insérée par une documentation technique globale fondée sur de nombreux enquêtes et mesures coûteuses.
C'est un examen des années de travail préparés.
"L'une de nos tâches est de fournir à la Commission une assistance technique et juridique.
La Commission a encore négocié cinq demandes: la Russie, le Brésil, l'Australie, l'Irlande et la Nouvelle-Zélande.
Il n'y a encore que trois pays mentionnés en dernier lieu", ajoute Mikulka.
La voix mondiale a récemment mentionné le succès de l'Australie, qui a étendu son pays sous-marins en premier lieu.
Mais la Nouvelle-Zélande, qui a été reconnue par la Commission la semaine dernière, est d’environ 1,6 millions de kilomètres de quatrième, donc environ six fois plus que la taille de l’État seul.
Les deux pays ont investi des millions de dollars dans l'enquête.
Les profits qu’ils utilisent dans l’avenir de la mer seront inestimables, comme ils se promettent.
Ses demandes présentent progressivement les autres États.
Ils peuvent faire ça jusqu'à dix ans depuis qu'ils ont fait "un contrat de Montego Bay".
Là où le chef continental se termine, il commence par l'océan, annoncé par une convention de "héritage commun de l'humanité".
Il n'y a plus de position exclusive.
Le droit d'équipement dans cette région est accordé par l'institution internationale créée par la convention.
"Le fond de la mer, mais il n'y a pas de Klondike", dit le directeur Mikulka, "que ses seuls créatures sont définies en droit et qu'ils sont condamnés contractuellement."
Tchèque dans la fiche
Aujourd'hui, la République tchèque appartient à une partie de la Terre maritime.
Il s'agit d'eux avec les autres États d'un autre bloc de l'Est dans l'organisation commune Interoceanmetal.
Elle a obtenu en 1991, selon la convention, comme les investisseurs d'un certain nombre d'autres États, l'état d'un "investisseur de l'agriculture".
Il a le droit de se charger dans la zone de l'île de Clipperton au Pacifique, située entre le Mexique, les îles hawaïques et Kiribati.
L'investisseur est plus important que l'ancienne Slovaquie.
Il y a des membres là-bas, c'est un réplica sous-marins de Tater.
"C'est là qu'il peut être pesant sur la plate-forme d'une division totale de 75 000 kilomètres quadrés.
La zone est un riche détecteur de concrétisations polymétalliques contenant des nièles, de l'aiguille, du cobalt et du mangan", dit l'avocat Ind Pakshi Rajan.
Le travailleur de la division Rober Sandev de Macédoine apporte une telle précision.
Avec un petit brambour ou un peu de fantasie, un équipe horrible qui a été survécue par Golem.
Les entités d’installation spéciale allemandes étaient libérées de mains
Le Gouvernement Égypte a demandé à ses experts lors de la résolution de la crise avec les mains d'aide de l'Allemagne.
Lorsque l’action s’est évacuée, les unités spéciales ont été préparées, mais elles n’ont pas été mises en place.
Pour le public, il y a progressivement des détails supplémentaires sur les circonstances de la libération des 11 en Égypte des touristes européens.
Les forces particulières allemandes ont également participé directement aux actions de sauvegarde, conformément aux données du Ministère de la défense et de l'intérieur.
Selon l'expression des ministres, les experts de l'armée sociale et les membres du groupe contre-terroriste de la police allemande GSG9, la police sociale, l'Autorité de criminalité sociale et aussi les experts de logistique de l'assistance technique (Technisches Hilfswerk).
Toutefois, il n’y avait pas besoin d’un autre annonce des deux ministres de lune de l’après-midi, parce qu’ils ont laissé leurs prisonniers partir et fuir quand ils ont découvert les signes de la libération violente.
Le Gouvernement Égypte a accepté l’aide proposée par l’Allemagne en tant que forces d’action.
"Il n'y a pas eu de chance", a déclaré l'un des parleurs du Ministère de la Société.
Les attaques ont introduit un groupe de voyageurs composés de cinq Allemands, cinq italiens, une Roumanie et huit de leurs juges Égypte du 19 septembre au sud de l’Égypte.
Après l’adhésion au désert de l’Égypte au sud, les mains ont été déplacés entre l’Égypte, la Libye, le Sud et le Chad.
L'attribution des prestataires n'a pas été claire au dernier moment, de même que les détails de la libération ou de la récompense.
Aujourd'hui, la sauvegarde est à Cahira.
Le ministre Steinmeier a dit que l'élimination du manuel s'engageait à s'occuper de l'ambassade allemande.
Il n'a pas été exposé aux détails de la libération.
À Berlin, il n'y a pas d'information sur le moment où la sauvegarde revient à l'Allemagne.
Selon la feuille « Image » de tous les cinq touristes, il y aura aussi des forces particulières à partir d'un des Airbus de l'Aéroport allemand et à rentrer en Allemagne le vendredi.
Les représentants américains ont refusé le paquet de sauvegarde
Dans le cadre de la salle du Congrès américain, un paquet de sauvegarde de 700 milliards de dollars a été dépassé.
L'index de Dow Jones a disparu.
À l'égard de 206 à 227 voix, les représentants des États-Unis ont refusé un paquet de sauvegarde pour les marchés financiers.
Malgré toutes les défis du président américain George W. Bushe et les politiques principales, les deux parties n'ont pas été trouvées pour un programme qui devrait réduire le chaos sur les marchés financiers.
L'action dramatique s'est engagée à convaincre les critiques de l'emballage de 700 milliards de dollars.
Barney Frank, l'un des démocrates, a invité le député à exprimer l'accord avant de voter, même si le plan, comme il s'est exposé, n'est pas un argument.
"C'est difficile d'obtenir une reconnaissance politique pour éviter quelque chose qui n'est pas encore arrivé", a-t-il déclaré.
Au cours de la votation, l'index Dow Jones a perdu plus de six pour cent, soit de 600 points.
Les investisseurs ont été préoccupés que le paquet de sauvegarde d'État pourrait disparaître.
En bref avant la fin du vote, la valeur de l'index a été soulevée afin d'être rétablie rapidement après la notification de la récupération du paquet.
Les experts comptent actuellement avec d'autres turbulences graves sur les marchés financiers internationaux.
Pour que le programme puisse entrer en vigueur, il convient d'accorder l'Assemblée des représentants et du Sénat.
Chemin des agents de l'échantillonnage
Il semble que l'hiver sera un bon mouvement pour les entreprises allemandes:
Selon une étude, la réservation des engagements au mois suivants a augmenté en comparaison avec l'année précédente - à la consommation fréquente de plus de 30 %.
Bien que la croissance économique soit faible, le désir des Allemands de voyager sans froid reste.
Dans la réservation de l'hiver, les bureaux ont changé une augmentation de la rotation de 31 % au cours de la même période de l'année, comme l'a indiqué le lundi à Berlin Le voyage allemand de l'arrivée (Deutscher Reiseverband, DRV).
Selon l'institut d'enquête sur le marché de la GfK, le nombre d'accroissements de réservation est disponible pour des mois sous-systèmes.
La rotation a donc été, conformément à l'expression DRV en octobre en comparaison avec l'année 2007, de près de 11 % supérieure.
Ces résultats sont les numéros GfK qui évaluent chaque mois les données relatives aux réserves de 1200 bureaux routiers allemands et les interpolent sur le marché total.
Dans ce contexte, les réserves d'engagements ont été incluses jusqu'à la fin d'août 2008.
En raison de la faible course de dollars, on demande principalement la route vers les États-Unis, il a indiqué que le DRV était en cours.
Dans ces routes, il fait une augmentation d'un tiers de réservation.
En outre, les Allemands ont notamment des objectifs espagnols, Turquie et Grèce, ainsi que des eaux domestiques.
Le président de la DRV Klaus Laepple a annoncé les intérêts d'avance organisés.
En ce qui concerne les dépenses énergétiques et alimentaires réduites, les coûts sont "pour le client de l'élevage sont comptabilisables que pour les individuels qui sont autorisés".
Laepple a expliqué que l'argent peut être financé par les consommateurs d'autres moyens d'utiliser une réservation temporaire ou des offres all-effectives.
Même dans les mois annuels, la quantité de réservations a été très bonne, donc, en comparaison avec l'année précédente, il sera renouvelé une fois plus élevée - même si, d'après une autre étude, le nombre d'Allemagnes qui ont fait face à l'année précédente a diminué en comparaison avec l'année précédente.
Ma première fête d'octobre
Donekone et une boisson répétée, une bière des tubes et des prominents dans les courbes des connaisseurs.
Premièrement sur le piège.
Susanne Kronzucker et moi, en fait, nous n'avons pas trop de choses communes.
C'est une blonde, une modernisation de télévision, et elle porte un cercle d'oreille.
J'ai des cheveux noirs, je suis une étudiante, et mon vêtement est du second-hand.
Mais une chose nous connecte : nous n'avons pas encore trois minutes sur le pivot, et nous avons déjà des photographes et des cartes de mémoire remplies, c'est un problème, je suis la première fois à l'octobre.
C'est comme ça que vous pouvez être ami.
On dirait que mon courrier lent a achevé son courrier.
Je suis ici comme un touriste, et je vis au nord de la roche de Clobas, et c'est ce qui m'a fait du plaisir dans le courrier.
Mais bientôt qu'il arrive à Theresienwiese, tout est mieux que ça semblait.
C'est presque tout le monde qui a une couronne femelle ou une cauchemarie de peau; personne ne regarde désagréablement ou désagréablement - tout est parfaitement normal.
Les vues spéciales dans le tabac avec les bananes dans le chocolat ne sont que mon spectacle.
Une Mnichovanka m'avertit que j'ai mal liée à elle : "Tu es libre à gauche, à la fille, à l'arrière, à l'arrière de la fille."
Ils vont s'occuper d'un arrière-plan à gauche.
"Très bien", dit-il et rira.
Les autres avec des techniques de flottation sous-tiles n'ont pas été tués et ont sur eux des poulets simples flottées avec le titre "C'est un drank to get dressed!" et s'effondrent sur les arrières autour de l'arrière.
Un jeune homme qui a des exhibitions, s'appelle Bob, est venu de l'Angleterre et de l'octobre pour la première fois.
Il a l'air horgeous, avec un "hoo" prolongé.
C'est ce qu'il me raconte après qu'il s'est mis à l'écart de l'oiseau.
Juste près d'un de ces hydrants que tous pensent que c'est des emballages de déchets.
Bob est donc l'un des "Wildbieslers" craignés, comme on l'a dit en Bavorska dans le public des gens qui sont librement puissants.
Les autres n'ont pas de chance d'échapper à ce genre d'alcool.
Environ huit soirs marchent sur la plage où l’octobre s’occupe, les médecins qui doivent s’occuper d’une boisson étrange.
Les médicaments se révèlent dans les hénées - dans les quatre portes de l'appartement à l'appartement.
Ils fonctionnent comme la plupart des visites des vêtements: vide, remplie d'un nouveau vêtement.
Celui qui se trouve sous la plaque de ce cancer de l'amour n'est pas à voir.
"C'est la seule chose qui ne peut plus suivre", m'appelle l'un de mes médecins et disparaît dans la douche.
La police a publié le nom de la victime d'un accident.
Le nom d'une femme de trente-dix ans, qui est morte dans l'hôpital après avoir frappé la voiture à Essex.
L'accident de Shenfield Road à Brentwood le vendredi soir, Carole Paulson, de Chelmsford Road.
Elle a été transférée à l'hôpital de Queen's Hospital à Romeford, mais elle est morte plus tard.
Après l'accident, un homme de cinquante ans a été arrêté pour être soupçonné à un jeu invisible.
Il a déjà été laissé à la police.
Les perspectives diplomatiques turques sont étendues
Pendant longtemps avant que la Turquie ait commencé à essayer d'entrer dans l'Union européenne, les pouvoirs européens ont souhaité de passer profondément dans la frontière turque.
Sur la mer orientale de Bospore, peut-être seulement vingt étapes en Asie, l'une des meilleures mémoires de cette ambition imperiale insuffisante.
La station ferroviaire Hydarpash a été proposée par Otto Ritter et Helmuth Conu par deux équipements allemands.
Alors, les touristes vous diront ça.
Le bâtiment se situe à la fin de l'entrée sur chaque angle de l'équipe de l'équipe, en vue de ne pas distinguer le conseil de l'Allemagne provisoire.
La pierre est épineuse.
Toute la construction se débarrassera lentement.
Mais si l’homme est en train d’obtenir un dépôt, il n’a plus de doutes sur la taille de l’entreprise dont la porte la plus importante de la station était.
En août 1908, la station a ouvert le consorcium allemand d'Anatolie-Bagdáde.
L'Allemagne, qui s'est engagé dans le jeu de l'empereur, avait envisagé de contrôler son ambitié sur l'Orient proche de la mise en œuvre par l'intermédiaire de ce fer qui devait conduire à Damas, à Bagdad et à la Terre qui est aujourd'hui en Arabie saoudite.
Mais les ambitions imperiales allemandes se sont arrachées au cours de la première guerre mondiale.
Ils ont été attaqués par Lawrence de l'Arabie et ses unités irrégulières.
Le rapport de l'isolation des territoires autochtones, provoqué par les frontières congelées de la guerre froide, est parti
Les entités britanniques et colonielles ont fait partie de l’Égypte et ont éliminé la Turquie et leurs associations allemandes de la Palestine et de la Syrie.
Et pour la station Hydarpash, des mauvaises nouvelles sont arrivées.
En 1917, il a détruit l’explosion du drapeau municulaire.
Les ressources turques disent que c'était un sabotage.
Depuis ce temps-là, les œufs l'ont détenue.
Mais aujourd'hui, cette porte est à Anatolie et continue à servir à l'est - au moins symboliquement - afin d'élargir l'aspect de la diplomatique turque.
La partie gouvernementale de la justice et du développement - ACP - a créé une nouvelle politique d'intégration pour le pays.
Le rapport de l'isolation des territoires autochtones, provoqué par les frontières congelées de la guerre froide, est parti.
La nouvelle politique s'applique maintenant - la Turquie s'engage.
Il est attentif que le gouvernement turc ait de bonnes relations avec Israël et Syrie, avec les groupes palestiniens Hamas et Fatah, avec l'Iraq et l'Iran, et bien sûr avec l'Union européenne et les États-Unis.
Afin d'examiner les paramètres de cette nouvelle politique, j'ai mis sur le train de nuit dans la capitale turque d'Ankara, où j'aurais dû rencontrer l'un des experts principales ACP sur la politique de l'aéroport, le député Turc Suat Kinikliog.
La prochaine - environ dix et demi heures de poste - après le couvert de chaînes qui ont rappelé les rythmes de la vieillesse du document nocturne, je suis arrivé dans le métropole turc, proposé comme une nouvelle ville pour l'État secondaire, qui voulait se tourner vers son passé otoman.
Toutefois, le PAC, avec ses racines islamistes bien connues, représente le mouvement du paradigme de consensus turc.
À l'ouest, elle a réveillé les suspects, surtout à Washington.
Le taxi m'a amené à l'état principal ACP, à l'édifice de pierres ultramodérée et à base de métallismes, conçus à l'échelle de développement, à la moitié de la moitié des maisons commerciales et des marchandises déployées, où les gestionnaires centrales des affaires - hommes et femmes - rejoints pour faire des blessures rapides sur les commerces.
Suat Kiniklioglu pourrait être une politique centrale de près de tous les autres parties politiques européennes.
Sako, je suis sûr qu'il avait Blackberry.
"L'objectif de la politique des parties est de reintégrer la Turquie dans son environnement le plus proche.
La guerre de l'étudiant était anomalie", m'a dit.
La Turquie a été détournée de son objectif.
Aujourd'hui, il doit regarder l'Est et l'Ouest.
Il n'y avait pas de choix.
Il a dû faire les deux.
"Mais il arrivera un moment", j'ai demandé, "Quand la Turquie doit-elle décider?"
"Turecko", dit-il, "je ne voulais pas que cette décision soit prise."
Après cela, il a souligné ce que presque tous ceux à qui j'ai parlé ont dit: Les relations turques ne sont pas seulement à l'Orient proche, mais aussi à la Kavkaza et à l'environne de la mer Noire sont aussi pour le bien-être de l'Europe et des États-Unis comme la Turquie.
La Turquie sur le terrain semble que l'Europe puisse, en tout cas, aller à l'est de l'Asie et de l'Est proche.
À partir de la station Hydarpash, après la prochaine dernière nuit, j'ai pensé aux deux Allemands M. Ritter et M. Conu qui ont suivi ce bâtiment il y a cent ans.
Comme ils seraient surpris de constater qu'une ambition européenne au Moyen-Orient pourrait maintenant être, d'une part essentielle, dans les mains turques.
Et quand j'attendais à une trajectoire de Bospor, je me souviens que, dans ces jours-là, la Turquie s'appelait "un homme malade de l'Europe".
Donc, au moins alors, il n'y a pas beaucoup de doutes sur le continent de ce pays fascinant.
La vie mémoire: Vernon Handley et William Woodruff
Mark Brown écrit: En tant que chef de musique de Guildford depuis 1962, Vernon "Tod" Handley (necrologe, 11 septembre) avait un orchestre philharmonique et une congrégation de Guildford.
Dans le cadre du plan de musique périodique, l’année a été fondée sur cette excellente congrégation de jeunes Proteus.
Il devait être jusqu’à 21 ans, mais à l’époque où Proteus chantait en 1979, quelques - uns de nous ont eu 30 ans, nous avons simplement refusé de rejeter la congrégation.
Le nom de Protéus (ménager mythologique des affaires) représente la volonté et la capacité de la congrégation de se déplacer dans toute musique qui lui avait été présentée - qu'il soit madrigale ou Messiaine, soit seule ou avec toute l'orchestre.
L’adaptation musicale créée par une telle jeune congrégation était souvent étonnante, étonnante, et tout cela grâce à l’inspiration de l’unique homme et à l’exhortation de la musique, qui restait complètement inchangée pendant toute la période.
Combien de fois Tod nous a dit, et ils ont laissé la musique parler pour eux-mêmes.
Il a dit : "Le Créateur sait ce qu'il veut.
C'est tout dans cette musique.
Alors chantez! "
Sa technologie de tactique était complètement précise, mais elle n’était pas ni dictatrice ni blonde.
D'où qu'il soit, il l'a encore emmené.
John Frayn Turner écrit:
Il aurait dû être un directeur de la rigueur, puis Vernon Handley.
Je l’ai connu bien depuis deux décennies, quand Guildford a dirigé la philharamique de Guildford depuis 1962 à 1982.
Environ 40 ans, j'ai évalué plus de 100 ses concerts et je peux dire honnêtement que je n'ai jamais été déçu de personne -- et j'ai été inspiré de nombreuses fois.
Tod Handley avait une telle combination de taille et de modestie personnelle.
Il haït les dirigeants qui, selon ses paroles, ont simplement "chassé dans le monde un ou deux pecks d'éclat".
Beaucoup d'entre nous vont manquer.
William Woodruff
Le professeur John Beckett écrit:
Votre necléologiste William Woodrubf (25 septembre) affirme que "en 1946 il est retourné à l'histoire économique de Oxford et en 1950, il est devenu un chercheur de Houblon-Norman... et il a étudié à BSc, MA et PhD."
Ceci vient de la note de Woodrubfo de l'auteur à Beyond Nab End, mais ce n'est pas exact.
Depuis 1946 à 1953, il a étudié l’histoire économique à l’Université de Nottingham, et il a fait un travail désert sur la industrie gumaraine britannique, conduite par le professeur J. D. Chambers, en 1958, en tant que publication de l’industrie gumaraine britannique.
En fait, il a travaillé en 1950-51 à l'Amérique en tant que chercheur à Houblon-Norman et en 1952 à l'Université Illinée, Harvard et New York.
En 1953, il a définitivement abandonné Nottingham et s'est rendu à Illinois.
On ne sait pas pourquoi Woodruff a passé cette partie de sa carrière.
J. Vicente Resino à la faculté philosophique
"Je recommande l'exposition de José Vicente Resiny "Flamenco et la vie", parce que ses photos noirs documentaires sont énoncées.
J’ai été détruit par la simplicité et le puits puissants qu’ils agissent sur les chaussures, par l’attention et le respect des photographies.
Une exposition qui montre beaucoup d'autres.
Risina peut prendre des moments magiques."
L'hône de base attaquée par son bestseller
Le mois de novembre, Honda commence à vendre la deuxième génération du modèle Jazz.
Si le président de ce véhicule uni-espace avait déjà un espace important, il offre aujourd'hui un intérieur encore plus spatial.
Les moteurs améliorés qui augmentent le confort du chauffeur et permettront d'accroître la résistance du combustible.
L'évolution est plus que la révolution.
C'est la deuxième génération de Hondy Jazz.
Bien que les lignes de nouveau Jazz soient très similaires au modèle précédent, cette voiture spatiale s'est produite de nombreux changements.
Il est nécessaire de mentionner par exemple l'innovation de design, la nouvelle plate-forme, les dimensions plus larges et les nouveaux moteurs.
Avant d'examiner le nouveau modèle, il convient de noter que le nouveau Jazz vient sur le marché six ans après la première génération.
C'est pourquoi la première chose que nous remarquons est que Honda avait besoin d'une période plus courte que d'autres producteurs.
Bien que Jazz soit un modèle moins connu en Europe, il est devenu un phénomène sur d'autres marchés.
Ceci devrait être le cas du Japon, du pays où Jazz était la voiture la plus vendue en 2002 et aussi pendant l'année 2008.
À partir de la mise sur le marché de Hondy Jazz, le Japon a vendu un million de couses.
Le deuxième marché est devenu un vieux continent avec environ une demi-million de sacs vendus dans six ans.
Toutefois, Honda s'occupe de l'objectif d'accroître la vente de Jazz dans sa catégorie.
En 2007, alors que cette société japonaise a vendu en total 83 000 couses de Hondy Jazz, en 2009, 100 000 voitures sont calculées, ce qui signifierait une croissance de 17 % sur le marché européen.
En ce qui concerne le marché espagnol, Honda a vendu depuis 2002 un total de 8 000 pièces du modèle Jazz, ce qui signifie 6,7 % de la vente totale de Hondy en Espagne.
Il s'agit d'une nouvelle génération de Jazz, la direction de la bande espagnole attend de la vente de 2 000 couses par an.
L'arrivée de la nouvelle Jazza permettra à Honde d'évidemment réduire la diminution de la vente en Espagne.
La conduite de la voiture attend de fait une fin d'année avec un total de 22 000 sacs vendus, ce qui signifie moins de 4 000 que l'année 2007 et une baisse de 16 %.
Malgré cette augmentation de la vente, Honda a augmenté sa part sur le marché espagnol de 1,8 %, au-delà de 1,6 % de l'année.
En 2010, cette société japonaise attend de 2 %.
Pour que Honda puisse obtenir cette participation, elle s'occupe du succès de son nouveau modèle.
Je suis Honda Insight, un hybrid de cinq portes compact de 4,37 mètres de longueur, dont la société japonaise promet la vente mondiale d'environ 200 000 mètres par an.
En ce qui concerne les marchés, le producteur japonais est vendu à 50 % de Insight aux États-Unis, tandis que le pourcentage restant se répartira par un ancien continent et le Japon.
Le début de la vente de Hondy Insight est attendu dans les premiers mois de l'année suivante, tandis que le public sera présenté en janvier à Valence.
Contrairement à la première génération, le nouveau Jazz a augmenté toutes les dimensions.
Sa longueur s'est augmentée à 3,9 mètres (5 mètres plus), une largeur de 1,69 mètres (deux centimètres plus) et une dilution de réparation de 2,5 mètres, ce qui signifie une longueur de 5 mètres.
La hauteur n'a pas changé et fait encore 1,52 mètres.
L'amélioration des dimensions a également été augmentée.
Toutefois, ces avantages ont été obtenus par l'utilisation de nouvelles plateformes, mais par l'enregistrement de la teneur de combustible à la voiture déjà utilisée dans le précédent Hondy Jazz.
Le volume de l'espace d'équipement - qui dispose du système de double-deux - a augmenté jusqu'à 399 litres, de 19 litres plus que le volume de l'espace d'équipement pour la première génération.
Il convient de noter que ces dimensions sont présentées à la version 1.4 du moteur, car le volume de l'espace de mise en place de Hondy Jazz est de 379 litres.
En outre, la perfection des éléments extérieurs - comme les LEDs de la lumière derrière ou la possibilité d'équipement d'équipement de panoramatique - est plus facile d'accéder aux séjours arrières.
Les portes de l'autre rang des sièges permettent d'ouvrir l'angle de 80 degrés plus de 67 à la première ligne Jazz.
Dans la seconde génération de Hondy Jazz, les moteurs sont aussi nouveaux.
À partir du début, ce petit modèle sera offert avec deux moteurs de benzine 1,2 et 1,4 litres.
Les deux moteurs utilisent ≥ i-VTEC, qui permettront de diminuer la nécessité, de réduire l’oxyde de carbone et apportent une amélioration exceptionnelle du système de combustion, en comparaison avec un moment très précis, en pleine tension de rotation du moteur.
Par un moteur de 1,2 litres, 90 chevaux à 6 000 tours avec un moment maximal de précision de 114 Nm à 4 900.
Ce moteur - qui avait une génération précédente de Jazz 78 chevaux - a besoin de 5,3 litres et de 125 grammes de CO2.
Contrairement au moteur précédent qui a atteint 83 chevaux dans la génération précédente, il sera maintenant 100.
Honda Jazz 1.4 avec 100 chevaux a une quantité combinée de 5,4 litres et 128 grammes de CO2.
La voiture de l'éclairage interdit les chaussures.
Pour progresser dans le développement de la protection contre les accidents, Nissan s’est inspiré cette fois dans la nature, en particulier dans la soirée.
Cette compagnie japonaise a créé un robot qui s'engage comme un modèle d'avion de nuit, et il interdit les végétaux.
Ceci est Bio-mimetic Car Robot Drive ou BR23C, qui représente la première étape dans les préventions de l'épine.
Les ingénieurs du Centre de progression technique de Nissan Motor Co. ont développé le robot en collaboration avec le Centre de progression dans l'université japonaise de Tokyo.
Selon Kazuhira Doie, le directeur général des relations publiques pour la recherche et le développement de la marque, le BR23C est présenté comme une étendue de quatre zones de sécurité de Nissana.
Le robot a pour mission de renforcer la capacité de prévention de la chaîne dans les véhicules de cette marque.
Au cours de l’été, chaque soir, elle créera son propre appartement personnel d’ovule, qui est très semblable à l’équipe de sécurité de Nissana.
Toutefois, la plus importante est que les œils sont couverts, qui sont capables de voir dans toutes les directions dans un angle supérieur à 300 degrés, ce qui permet généralement de voler dans son espace privé sans arrêt.
Lors de la création de cette vision, les ingénieurs ont désigné ce qu'ils ont appelé Laser Range Finder.
Il détermine les obstacles qui sont fixés jusqu'à deux mètres de distance à 180 degrés avant le BR23C, calcule la distance de l'objet donné et envoie un signal au microprocesseur de balle qui le transmet immédiatement à l'avertissement avant la colise.
"A l'heure où l'obstacle est mentionné, le robot imitera les vêtements de mouvement et changera immédiatement la direction de la rotation vers l'angle droite ou encore plus à l'échelle pour défendre le spectacle.
La plupart des différences entre lesquelles un système existant est que tous les manœuvres dangereuses sont absolument instincts.
Si ce n'était pas le cas, le robot n'aurait pas pu réagir suffisamment pour éviter les obstacles", explique Toshiyuki Andoh, le directeur des laboratoires mobiles et l'ingénieur principal du projet.
Le robot ne peut pas se déplacer à l'échelle en haut et en bas ni en diagonal, son mouvement est limité à deux dimensions et à une direction qui est autorisée à la rotation de sa roue, cependant, dans une quantité incompatible de directions et de possibilités, comme l'avant.
En outre, Nissan a utilisé la rotation pour prévenir le robot.
"Le dispositif n'est qu'à chaque couple de secondes de traiter les informations et de se maintenir conformément à ces données.
Il ne nécessite pas d'enregistrer des informations ou de l'intuition logique des manipulateurs précédents, grâce à ce qu'il puisse fonctionner sans interrompre avec seulement deux douze kB de mémoire.
Peut-être que ça vous surprend, mais nous ne parlons pas de giga ni de mega."
C'est la première étape dans le développement de nouvelles préventions immédiates de l'épine, où Nissan prévoit l'utilisation des voitures en série dans dix ans.
Le robot utilise des batteries lithiques de polymer qui sont plus faciles et durables que les lithium-ion.
Une autre utilisation future de ce dispositif pourrait être la construction d'un dispositif dans le système de navigation satellite GPS, qui entraînerait les pilotes à l'objectif et qui s'éviterait alors d'intervenir sur le chemin.
Ayez la peur avant de prendre l’hypothèse
Il convient de reconnaître que le Ministère des financements des États-Unis, à l'exclusion du manque d'injection suffisante, ne manque pas de détection.
Le visage en face de la crise, et pour empêcher les américains de se prévenir des hypothèses de risque à la banque avec une seule solution, il a créé un jeu de Bad Credit Hotel sur Internet.
Ou l'hôtel de mauvais crédits... ou l'hôtel déplacé.
L'hôtel et, en particulier, ses réceptions semblent nuireuses pour que l'homme réfléchisse une fois, deux fois trois fois si le bon moment est de demander un crédit.
Et surtout où demander, ce qui est probablement son but.
Selon le jeu, le jeu contient des informations utiles, même si il n'est pas trop détaillé.
C'est une page plus appropriée pour la jeunesse que pour l'espace public.
Qu'est-ce qui se passe quand le jeu s'arrête ?
Dans l'hôtel, il y aura une chambre de rêves.
Au moins quelque chose, parce qu'il n'y a pas de maison à parler...
Morgan Stanley ouvrira son MUFG
La maison de Morgan Stanley a annoncé qu'il entra dans son centre Mitsubishi UFJ Financial Group (MUFG), la plus grande banque japonaise, qui délivre neuf milliards de dollars pour obtenir 21 % de son équipement.
Une semaine après avoir découvert leur accord, les deux banques ont expliqué que le MUFG voulait acheter 9,9 % des actions en cours Morgan Stanley au prix unique de 25,25 dollars, qui représente un montant total de trois milliards de dollars.
Le prix unit est de 19 % inférieur à la valeur annuelle des papiers de valeur jusqu'au 31 août.
La Banque MUFG investit six milliards de dollars supplémentaires pour obtenir des papiers de prix convertibles, dont le prix de change est de 31,25 dollars.
Morgan Stanley a précisé que l'opération totale se réalisera sur la base du prix unique moyen de 29 dollars, c'est-à-dire 28 % sous son cours actuel.
Les actions de Morgan Stanley ont toutefois perdu 6,79 % et ont été obtenues à 23,07 dollars de l'heure de Greenwich environ 17 heures.
"Cet équipement stratégique représente une opportunité importante pour la transition de Morgan Stanley au statut bancaire", a expliqué John Mack, directeur général de ce groupe américain.
Le nouveau statut a adopté Morgan Stanley la semaine dernière, ce qui lui permet de développer ses activités, mais il est également placé sous la surveillance de la Banque fédérale de réserve.
Ses relations avec le MUFG confirment également que la crise financière actuelle nécessite la plus grande échelle de Wall Street pour assurer une approche beaucoup plus prudente qu'avant.
Les souvenirs présentés le lundi montrent, en outre, que l'accord a été modifié au cours des derniers jours: le lundi dernier, Morgan a signalé qu'il vendait jusqu'à 20 % de ses actions aux Japonais d'environ 8,5 milliards de dollars.
"Il y a une semaine, nous avons pensé", a expliqué à Tokio Toshihide Mizuno, directeur MUFG, "que notre équipe sera extrêmement constituée d'actions en cours.
Toutefois, en tenant compte de l'économie actuelle et du marché, nous voulions limiter le risque à un minimum et nous nous cacher."
Sur la base des prix moyens pondérés, le MUFG versera pour les papiers de valeur Morgan Stanley moins de 7 % que leur valeur annuelle.
Et les opérations auront pour effet de réduire le bénéfice de 20 % de l'action.
L'accord prévoit que le MUFG peut convertir la moitié de ses papiers préférentiels en action courante dans une année, si ces derniers sont nommés à une période d'enquête, à un prix de 50 %, ce qui dépasse le prix de change, c'est-à-dire 47 dollars.
Morgan Stanley assure que l'un qui apporte MUFG lui permet d'utiliser les possibilités d'investissement, de renforcer son bilan et d'augmenter son approvisionnement.
Toutefois, le groupe de langue a refusé de fournir des informations précises sur les projets stratégiques des deux nouveaux partenaires.
Après l'investissement de MUFG, Morgan Stanley devrait se féliciter de la capacité de paiement de l'animal One environ 15 %, donc l'un des meilleurs dans l'industrie.
Morgan a déclaré que depuis la fin d'août, il a réduit son bilan.
Les semaines dernières, le groupe a été indemnisé, car son bourgeois s'est dépassé de la moitié, tandis que les coûts d'échecs contre le risque n'étaient pas liés à la dette de l'éleveur.
Ces coûts ont été réalisés le lundi, mais ont été élevés, environ 12 %.
La semaine dernière, Goldman Sachs a annoncé que la seule "survivant" des grandes banques d'investissement Wall Street après le vol de Bear Stearns et Lehman Brothers et l'acquisition de Merrill Lynch a choisi 15 milliards de dollars, en partie de Berkshire Hathaway, du groupe Warren Buffetta.
Rafael Correa le lundi à Quit.
Reposer la République environ le socialisme du XXIe siècle.
C'est un projet commun de Venezuela Huga Chaveze, la Boliviance Eva Moralese et l'équateur de Rafael Correy.
Le troisième dimanche dernier, le dénominé a présenté un vote, conformément au modèle de ses adversaires et amis, à la nouvelle Constitution.
Et sa mission est réalisée, car 64 % des voleurs, selon les résultats officiels couvrent 80 % des voix, ont voté dans la référence "oui".
"Non" a été obtenue par 28 %, 7 % des voix ont été non valides et 0,7 % des feuilles de vote étaient vides.
Pour adopter la Constitution, il a dû obtenir la moitié de voix plus un.
Deux enquêtes réalisées à l'est des chambres électorales et à l'avis de l'organisation non gouvernementale ont prédit "oui" le dimanche de la victoire, lesquelles ont été réalisées à l'échelle de 63 % à 70 %.
Rafael Correa a finalement demandé à sa victoire de la Constitution la nuit du dimanche.
"La constitution a gagné sur toute la ligne", a-t-il félicité et félicité les Équadors dans le siège de la gouvernance de Guayaquil, 280 kilomètres au sud-ouest de Quit.
Il comprend qu'il a reçu des bénédictions de Chávez et de Morales, mais aussi de son protestant chilien, Michelle Bachelet.
Les votes qui, conformément à la mission d'observation de l'Organisation des États américains (OEA), s'élevaient tranquillement au texte de 444 points de construction des "nouvelle socialisme" déployés par le président.
Nous voulons à la Constitution le pouvoir d'un État sur l'économie en lui évitant la "planification du développement" du pays qui vit principalement par des sociétés étrangères et par des débits qui envoient ses émigrants.
À l'échelle du Correu, élu en 2006, il étend également les pouvoirs de la tête d'un État qui puisse effectuer deux mandats de quatre ans et qui aurait l'occasion d'éliminer le discours.
Correa a déjà signalé qu'il utilisera ce pouvoir et s'occupera d'un nouveau mandat en janvier 2009.
Par ailleurs, la constitution détermine le principe de la santé et de l'éducation gratuite que le Président a commencé à introduire dans le pays avec 13,9 millions d'habitants où 50 % de la population vivent sous la pauvreté.
Enfin, il compte également de l'interdiction de la présence des armées étrangères, qui conclura l'accord entre Washington et Quit sur l'utilisation d'une base équatoriale en tant que point d'interprétation des opérations antidrogues américaines.
En Chad, 19 mains ont été libérées.
L’équipe Égypte a été attaquée par l’attaque de 11 touristes et de leurs octaves transmissions qui ont été prises il y a dix jours.
Ils sont à Cahira.
Les 11 touristes européens et leurs huit élèves Égyptes, qui avaient été emprisonnés pendant dix jours dans le désert, ont été transférés à la capitale de l'Égypte le lundi.
Au cours de l'année, il a libéré l'équipe d'Égypte à Chad.
Les manuels ont aéroporté environ 15.30, apparemment dans une bonne forme, sur le terrain d'un aéroport spécial sur la base de l'al-Maza, un voisin avec un aéroport international à Kahira.
Ils ont été immédiatement transférés sans avoir la possibilité d'échapper à l'impression, à l'hélicoptère à l'hôpital de Maadi, le quartier de résidence frontal de Kahira, afin d'y être détaillés par des examens médicaux.
"Ils sont complètement désespérés" et "aucune récompense n'a été payée à l'étranger", a déclaré le ministre Égypte du tourisme Zoheir Garran.
Depuis sa captivité du 19 septembre au cours du sacfari dans le véhicule, avec tous les quatre roues sur le sommet de la montagne Uanat, sur les provinces d’Égypte, du Sud et de Libye, un groupe de mains a été envolé d’une cachée à une autre 35 inconnue.
Le groupe inclut 11 touristes - cinq italiens, cinq Allemands et une Roumanie - et aussi huit Égyptiens: deux pierres, quatre conducteurs, un directeur de l'Agence Egyptienne, organisateurs de safari.
Un directeur des composants de sécurité Égypte a signalé que 30 membres des unités spéciales qui s'approchent de la terre à deux hélicoptères s'élevaient à l'échelle pendant la nuit avant le déjeuner.
"Il y a eu un bouclier, la moitié d'entrepreneurs ont été tués et fuyés finalement", a déclaré cette source, qui voulait rester anonyme.
Il a mentionné que 150 membres des forces spéciales égyptiennes ont été envoyés dans le Sud, où ils ont reçu le soutien des commandes allemands et italiens.
Le chef de la diplomatique italienne Franco Frattini a changé de Belarus, où il s'y trouve, du rôle des agents secrets et des dossiers des forces spéciales italiennes.
"Nous devons reconnaître que nous avons obtenu cet examen grâce à la profession et à l'efficacité des gens de nos services secrets, des forces spéciales", a déclaré il sans d'autres précisions.
Il a également souligné qu'il serait payé.
Au cours de la nuit, l’armée sudanaise a déclaré qu’elle avait arrêté le véhicule à l’endroit de tous les quatre roues, sur lesquelles se trouvait la plaque, et qu’il avait tué six commandant de chad et deux prisonniers.
L'armée a affirmé qu'ils étaient attaqués sur un groupe de rébellions à Darfur, un mouvement pour la libération du Sud - Unité (SLA-U), qui a rejeté immédiatement ce mouvement.
Lettres - Silence des ressorts culturels
Le débat sur le financement de la culture remplit la page de la note des titres de doigts et est le sujet de la campagne préélective.
C'est mieux.
Toutefois, une partie de notre vie culturelle est toujours réfléchie.
Qui se réveillera pour préserver les montants pauvres offerts par un petit musée, un petit musée, un sépulcre archéologique et des endroits mémorables nationaux qui perdent la famine?
Quelles politiques se souvient du gouvernement fédéral de rappeler leurs mémoires et leurs bâtiments historiques?
Que nous n'avons pas de lois qui protègent notre héritage culturel au Québec?
Vous saviez que le Gouvernement français dépense trois millions d'euros pour restaurer un seul bloc de Chinon dans la vallée de Loira ?
Nos voisins américains sont écrits dans la Constitution que la protection de l'héritage culturel est partie de la culture américaine et que ce héritage doit être protégé par tous les citoyens, par tous les représentants choisis et par toutes les organisations nationales, et en fait.
À Québec, dans la fédération de la société pour l'histoire de Quebec, il s'efforce au moins 40 000 volontaires associés à 211 sociétés d'histoire, de mémoire, de génologie et de détection de l'histoire, de la conservation de l'hromade des résidus privés et de la protection des résidus archéologiques contre quelques petits.
Ces sociétés sont souvent des chiens de garde de notre mémoire qui protestent sans naissance quand les promoteurs et les dirigeants déposent leurs buldossers sur les vieilles pierres et les tombes oubliés.
Quand attendons-nous enfin des tribus pour l'histoire et la mémoire ?
Gouvernements de Benelux, partie de la banque Fortis
Les États de Benelux aideront la Belgique et les Pays-Bas Fortis, qui a été la première en Europe, en raison de l'augmentation de la crise du marché de l'hypothèse américain, par voie partielle: les trois pays appuient les institutions d'argent et d'assurance, qui ont également un montant de 11,2 milliards d'euros en Hongrie.
Ce week-end, au plus haut niveau, le Gouvernement belge, lussemburique et néerlandais a été convenu pour la présidence de la Banque centrale européenne et de la Commission européenne pour la concurrence économique.
La Banque Fortis est la première dans l'euro, qui, dans la crise des marchés financiers internationaux, s'élargissant dans les vols depuis plus d'un an, a été atteinte à une grande crise, et la décision prise dans cette affaire pourrait être considérée comme des œufs.
Dans le sens de la décision née le dimanche soir, tous les trois États achetent une moitié (49 %) de la propriété de la banque obscure.
La Banque vend pleinement une partie de ses assurances, en particulier - l'assurance - des activités achetées par la banque néerlandaise ABN Amro pendant l'année lointaine.
Les actions de la Banque Fortis ont commencé à diminuer la semaine dernière, et dans la deuxième moitié de la semaine, des signes graves de crise ont déjà été révélés dans la constitution.
Toutefois, les analytiques sont d’accord que la banque est trop grande avec leurs 85 000 employés pour la permettre de l’empêcher.
Les papiers précieuses de l'entreprise ne tombent qu'en vendredi 12 %, au minimum 14 ans.
A partir de janvier, la valeur de l'action est diminuée de plus de deux tiers.
Compte tenu des prix actuels de l'action, la valeur totale du marché du groupe dépasse environ 14 milliards d'euros, cependant, selon les chefs de l'entreprise, il n'est pas réel.
La direction de l'entreprise est finalement responsable de la chute de Fortis sur le marché maritime de 700 milliards de dollars en liaison avec l'adoption du plan d'emballage américain.
Le lundi, l'action s'est arrêtée tranquillement.
Le vendredi, le nouveau directeur général Philip Dierckx a été nommé à la tête de la banque.
L'institution de l'argent a aussi cherché à des achats privés, mais, avec une proposition plus sérieuse, personne n'a encore été déclarée.
Le Gouvernement africain a précédemment annoncé que les investisseurs ne devaient pas s'inquiéter, qu'ils n'arrivaient pas à l'argent.
Les clients de la banque n'ont pas encore échoué de panique, et les côtes n'ont pas été attaquées par l'attaque.
En Hongrie, la Banque Fortis dispose d'un site individuel et a également couvert plusieurs feuilles de leasing.
L'éclairage dans le curseur
Les assurances de vie et de santé en Amérique sur la base des données de l’acquisition de médicaments sont souvent en mesure de fermer avec une assurance.
Les experts pour la protection des données se craignent que le marché des données devienne incompatible.
"Il existe un programme de protection des données qui applique l'utilisation des données relatives à la prescription de médicaments dans chaque cas pour l'autorisation de la personne concernée.
Il doit être dans la main de quelqu'un indépendant, sinon nous croyons le couteau de l'endroit", dit Washington Post Richard Dick, auteur du programme de suivi des prescriptions médicales.
La société d'assurance rend les montants rémunérés en cas d'impôt dépendant de l'état de santé des intéressés et si le risque est considéré comme trop grand, l'assurance n'est pas autorisée.
Auparavant, ils ont envoyé des enquêtes médicales et ont été fermés uniquement quand ils connaissaient leurs résultats.
Il y a dix ans, Dick a inventé une procédure beaucoup plus légère: sur la base du numéro d'identification, le client du médecin sera facilement détecté de quelles médicaments il a achetés pendant l'année dernière et la moitié, dont le programme lui-même a fait preuve de la maladie et de son état de santé.
Par exemple, si vous acquérez régulièrement une grande quantité de médicaments pour la réduction du cholésterol, cela indique qu’il a une pratique insuffisantement élevée de graisses sanguines, ce qui l’inclut immédiatement dans une catégorie de risques supérieurs.
Il y a peu de versions du programme, certains déterminent actuellement le coefficient de risque, de sorte que, sauf le papier, il n'y a pas de travail, même s'il s'agit d'une faible pression.
Les effets indésirables sont que les médicaments légères peuvent également être utilisés chez certains médicaments, par exemple certains associations sont utilisées contre la migration ou les inhalations de chaleur, mais sont aussi contraceptives à la dépression.
Ils représentent, en raison des assurances commerciales, un facteur important qui augmente le risque, où le premier dénominé n'est pas le cas.
La demande et le traitement des données ont été créées par des sociétés spéciales qui précédemment demandent l’autorisation du médecin.
C'est pour cela qu'ils ont déjà besoin d'autorités, peut-être qu'ils n'ont pas été soumis à leur faiblesse.
Certaines entreprises ont déjà traité des études et des résultats d’études liées aux données sur les médicaments utilisés, ce qui permet d’offrir une image plus précise de l’état de santé des patients.
L'accès aux données est encore plus étroite et le contrôle de l'utilisation de ces données sera à l'heure actuelle plus complexe.
Il existe une loi spéciale sur la protection des données sur le statut de santé, mais sa capacité ne s'applique que aux fournisseurs de services de santé et aux assurances.
La loi qui autorise les autorités à contrôler et aux entreprises spécialisées pour fournir des données est devant le Congrès.
Richard Dick reconnaît qu'il n'y aura plus de problèmes: c'est pourquoi son programme a développé pour que la procédure de données soit liée à l'accord expliqué de la personne concernée.
Une autre chose est que l'autorisation en question ne peut pas se réchauffer, sinon les assurances ne feront pas avec lui.
Donc les aveugles ne sont qu'une fois refusés d'avoir une bonne raison.
Menu mondial de Marseille
L'Union européenne et l'Inde doublent le commerce
Étant donné que l'Union européenne et l'Inde sont des partenaires commerciaux mutuels, elle a conduit à cet égard à d'autres problèmes, principalement globals, l'ordre de neufième réunion au plus haut niveau.
Aujourd'hui, il s'agit également d'un sommet français-index, dont la coopération dans l'énergie atomique sera principalement impliquée.
L'Union européenne reconnaît que l'Inde est l'évolution de la puissance démocratique, qui devrait être donnée à la plus grande possibilité de parler aux affaires internationales, mais que les pays membres n'ont pas encore pu trouver un nommé commun dans le domaine de l'appui continu de la Nouvelle Division au Conseil de sécurité des Nations Unies.
Cette question n'a pas encore été reprise sur le 9e sommet de Marseille.
Le président français Nicolas Sarkozy, en tant que président actuel de l'Union, et le président de la Commission européenne José Manuel Barroso et le haut représentant de la politique de défense Javier Solana, ont félicité le Premier indien de Manmohan Singha, avec lequel ils ont également convenu que le commerce serait double jusqu'à cinq ans, soit qu'il augmente de plus de 100 milliards d'euros.
Étant donné que les échanges de marchandises entre 2000 et 2007 ont diminué de 25 à 55 milliards de milliards, il n'y a pas d'objectif ambitionnel.
À cet égard, vingt-six accords bilatéraux déjà existants avec l'Inde sur l'aviation civile ont été mis en évidence, ce qui a donc obtenu le vert dans le futur et les transports aériens.
À la fin de 2009, l'Inde et l'Union signeraient un accord sur le libre commerce.
Sarkozy a promis que les actes seront traités.
L'objectif est d'équilibrer l'équilibre, tandis que l'UE est le premier partenaire commercial de l'Inde, la Nouvelle Dilly figure entre les partenaires de l'UE et le neufième site.
Il a également souligné l’attention sur les affaires mondiales.
La situation en Afghanistan et au Pakistan, respectivement au terrorisme, a été jugée par les deux parties dans toutes ses formes et invoquée à l'appel de l'ONU.
Elles ont également prévenu la fin de l’affaire commerciale de Dauha, même si les deux ont une grande partie de son insuffisance.
L'Union européenne a confirmé qu'elle allait durer dans son programme énergétique et climatique, ce qui réduit au moins vingt% en 2020.
En outre, l'Inde a accepté, comme le fait que, dans le contexte du climat de l'année prochaine, il serait nécessaire de conclure l'accord global et la production de gaz qui entraînent une réduction de 50 % en 2050.
Les deux parties devraient également empêcher l'augmentation des prix des denrées alimentaires et soutenir l'appel de la crise financière internationale.
Aujourd'hui, le Premier ministre de l'Inde participe à la capitale française où il veut fermer le commerce en matière d'utilisation pacifique de l'énergie atomique lors de la réunion bilatérale.
Il est indispensable que les réacteurs nucléaires indiens ont obtenu une valeur de vingt milliards d'euros par les entreprises françaises.
Selon les rapports de l'Agence, l'accord devrait être valable à 15 ans.
En Frankfurt, plus de trois cent émetteurs italiens
Un grand nombre d'émetteurs italiens sur l'équipage international de base à Frankfurt.
Plus de trois cent émetteurs italiens participent à la 60e édition de Buchmesse, la réunion internationale la plus importante pour l'échange de droits.
L'équipe française internationale de base est attendue à cette édition de plus de 7 000 éducateurs de centaines d'un pays différents, qui prendront 171,790 mètres d'équipement carré avec plus de 4000 titres de vue, avec Turquie en tant qu'hôte honnête.
Le ministre de la culture Francesco Maria Giro représentera le gouvernement italien à la fête d'in­suration dans le pavillon italien: l'Italie participe à l'institutionalité avec le Centre italien (Punto Italie) – à 264 mètres d'exposition trimestrielle.
Il va suivre une réunion d'impression à la chambre de la structure de Buchmesse dans le pavillon 5.0: c'est l'occasion de présenter des numéros, des tendances et des perspectives en ce qui concerne l'état d'émission en Italie.
Selon les données, l'importance des livres des auteurs de l'agriculture est toujours réduite en ce qui concerne la production totale italienne, notamment en raison de la littérature des enfants et des adultes.
Aéroport Steva Fossett, un millionaire disparu il y a un an.
Le reste de l'aéroport de Steva Fossett, un millionnaire qui a disparu le 3 mars 2007, a été trouvé pendant le désert à Nevada.
Les traces ont été découvertes à un niveau supérieur de trois mille mètres de hauteur sur la mer, dans la région de Mammoth Lakes de Sierra Nevada, à la frontière entre la Californie et Nevada.
Mais dans l'aéroport, il n'y avait pas de reste humain.
Le shérif Mader County, John Anderson, a fait des doutes qui restaient encore: "L'avion a été trouvé, nous avons envoyé l'équipe là-bas et nous avons maintenant sûr que c'est exactement ce qu'a volé Steve Fossett le jour où il a disparu" a dit à une imprimante.
Le shérif a donc précisé que les restes humains n’étaient pas trouvés dans l’aéroport ni dans les environs.
A partir de février, un million de personnes sont considérés comme morts.
Le Bureau de sécurité des transports américains (Ntsb) a signalé que plusieurs heures après la reconnaissance des préoccupations, il a été envoyé un équipe d'enquête qui a finalement identifié l'aéroport: c'est exactement Bellanc 8kcab, non annoncée depuis le 3 janvier 2007, lorsque Fossett est sorti de Yerington à Nevada à l'aéroport de trois heures.
Hier, encore en Californie, près de la frontière avec Nevada, certains sujets personnels de Fossett ont été trouvés à proximité de leur séjour à Mammoth Lakes.
Il s'agit de deux documents nommés Fossett, deux émis par le gouvernement fédéral illinois, de l'argent en vacances et d'un bond.
La recherche de Fossett a été interrompue un mois après sa disparition.
Le milliard a obtenu une place dans l'histoire grâce à une longue collection d'origines.
En 2002, pour la sixième tentative, il est devenu le premier homme qui a terminé la route autour du monde dans le balon aérien: deux semaines de l’année seule.
Environ trois ans plus tard, le monde a volé dans l'aéroport et sans attaquer.
Parmi ses nombreux records, il y a aussi des années à 15 445 mètres de hauteur, au-dessus des Andes, même si avec une couche.
Glek, la publicité que tu n'attends pas.
Une Suv inhabituelle avec un design originel et des lignes déterminées exactement, larges surfaces avec des angles précises.
C'est, en raccourci, la dernière naissance de Glk de la "compacte" jeep de la maison de l'étoile, qui a essayé d'introduire la foi dans ce secteur.
En effet, grâce à son traitement non traditionnel, il sera inattendu et inconvénient et communiqué, qui transmettra la mise sur le marché de Suv Glk et qui sera disponible dans les showroomes Mercedes-Benz depuis le 17 octobre.
Ainsi, la campagne de publicité qui mènera le débout du nouveau véhicule commencera une manière officielle de communication grâce à la campagne de plateau 3D future, qui est la première fois utilisée en Italie pour la marque de voiture.
Le projet de plaquettes max, divisé en trois étapes différentes, sera dominé par la classe commerciale principale, Corso Como, jusqu'au 15 novembre.
Au cours de la phase de ce nouveau type de communication, la présentation d'une voiture dans une vision steréoscope et l'aide des brouillons spéciales qui seront divisées près de Corsa Como, sera possible de voir le nouveau Suv dans les dimensions thématiques et dans un format tridimensionnel.
En fait, si vous regardez l'image, vous aurez l'impression que la voiture sortira du plateau.
Puis, grâce à l'utilisation d'innovations > Elumina8, le nouveau Glk sera éclaté en différents moments dans toutes ses petites filles, afin d'accomplir la seule image.
Mercedes essaie sans aucun doute d'introduire ce public quelque chose de nouveau dans une communication de voiture steréotype.
Il peut donc se réveiller à l'intérêt des clients futurs ?
Nous savons donc qui sont les chiligans italiens.
De Trivenet, ils risquent Daspo.
Qui sont ces 150-200 garçons et les garçons dont l'Italie s'agit aujourd'hui? Ils sont partout dans le groupe Ultras Italian, qui suivent depuis des années à Nazzurra et qui, en réalité, n'ont jamais fait des problèmes déplacés.
Elle ne s'est jamais rencontrée avec un fantôme contre un homme.
L'orientation du groupe est droite.
Les fondateurs vient de Trivenet.
Verony, Padvy, Terstu et Udine.
À Sofia, des groupes (à peu de groupes) ont été ajoutés à eux de Campanie et de Puglie.
Ils ont des boutons de couleurs sur lesquels les villes de pête sont détectées: ils ont été supprimés le samedi soir pour ne pas être reconnus.
Ils sont inspirés chez les fans.
Les vrais fans nazis ont été trouvés en Bulgarie.
Figc a donné aux fans italiens 144 entrées sur le stock: tous au nom, donc facilement vérifiés.
Et Viminale les a tous vérifiés: parmi ceux qui se sont rendus à Sofia, il n'y a personne avec le Dasl en cours, personne à qui il serait interdit de visiter les stadions.
Quatre fantômes bleues qui avaient des infractions plus anciennes du stade ont été rejetées et interdites.
Maintenant Viminale attend qu'il lise les messages qui viendront de la police bulgare, puis les mesures: Dans ce cas, il est possible de donner Daspo au moins cinq ans à des fans qui ont été arrêtés ou à ceux qui ont été identifiés au cours de l'aéroport.
Le Daspo international, qui interdit de visiter non seulement les stadions italiennes, mais aussi dans toute l'Europe.
Nos lulignes, bientôt, ne passeront plus à un stade.
Bonne chance.
Cependant, il y a une peur d'émuler, ce qui signifie que plus de cent cinquante sont ajoutés.
"Nous avons besoin d'arrêter cet incendie et de ne pas justifier ce qui s'agit de cette façon", confirment Viminal.
Donc, "les yeux très ouverts, surtout à cause de l'influence nationale dans le centre de la Lecture".
Juste à Puglia, il y a un peu de soutien nucléaire.
Demain, l'Osservatorio, le vendredi de Casms, qui peut compter avec une partie d'Aise, est un service secret qui s'occupe juste des problèmes sur les stadions.
"Les chefs de la congrégation et l'équipe pressionnée au cours de l'hymne de Mamel ?
C'est ainsi que l'idée de Domenica Mazzi _BAR_ d'une manière peu sévère, qui est le directeur de l'Osservatoire Viminal pendant quelques semaines (il a obtenu l'emplacement qui était avant Francesca Tagliente et puis Felice Ferlizzi).
Mazzi était auparavant un quartier à Terstu, où le nucléaire des aides d'Ultras Italie fondées en 2002.
C'est vrai, comme Mazzi dit, qu'il n'est pas un crime de célébrer le leader en Bulgarie, mais bien sûr, le comportement de ces 150-200 fans est épuisé.
"Je ne suis pas sociologiste - ajoute l'unité de l'Osservateur - les crimes sont condamnés au pays où ils sont arrivés.
Cet groupe est resté dans les frontières, maintenant nous voyons bien ce qui s'est passé et nous examinerons l'avenir.
Mais nous parlons aussi de l'étoile à Maméli: ce n'est pas un crime, mais si vous permettez, c'est une inquiétude.
