In Österreich sind insgesamt 29 Prozent Populäre insgesamt
Nach den ersten vorläufigen Ergebnissen der ursprünglichen Wahlen des Parlaments in Österreich haben beide Parteien in der gegenwärtigen großen Koalition eine empfindliche Schwäche und eine bedeutsame Stärkung für die Rechte der Populären Parteien geführt.
Die Österreichische Volkspartei (ÖVP), wo die Position des aktuellen Kopfs, Wilhelm Molterer, sehr geliebt wird, hat besonders große Verluste erlebt.
Im Gegensatz zu dem Kampfleiter der Alliance für die Zukunft Österreichs (BZÖ), Karinthischer Regierungsleiter Jörg Haider, bereitet eine triumphante Rückkehr an die nationalen Politiken vor.
Nach den vorläufigen Ergebnissen verbleibt der Sozialdemokratische Partei (SPÖ) das stärkste in dem Land mit 29,8 Prozent der Stimmen jedoch seit den letzten Wahlen 2006 verloren.
ÖVP, der mit 25,6 Prozent verliert, war noch schlimmer.
Dies sind die größten Ergebnisse der beiden großen Parteien in der österreichischen Postkriegsgeschichte, insbesondere für die Volkspartei, die die frühen Wahlen ermöglicht hat, ist buchstäblich ein Katastrophisches Ergebnis.
Am Anfang von Juli, als ÖVP die Koalition verlassen hatte, hatte die Volkspartei noch eine wichtige Leitung auf SPÖ in den Bällen.
Die Abgeordneten haben sie jedoch offensichtlich gestraft, um die Regierung zu verlassen.
In den ersten Reaktionen auf die Ergebnisse gab es bereits Spekulationen über die mögliche Rücknahme des Kopfs der Partei und der aktuellen Â-Cancellor Wilhelm Molterer.
Beobachtungen vorherigen, dass das so früh wie bei der außergewöhnlichen Sitzung der Partei-Leiterschaft am Montag stattfinden könnte.
Eine solche Entwicklung würde sicherlich den Reise zu den zunehmenden wahrscheinlichsten Ergebnissen der Wahl vereinfachen, d. h. die Wiederherstellung der großen Koalition von SPÖ und ÖVP.
Da die beiden Rechte-Währungsgruppen - die Freiheitspartei (FPÖ) vorläufig 18 Prozent und BZÖ elf Prozent der Abstimmungen gewonnen haben - wurden die Sozialdemokraten jedoch im gleichen Zeitpunkt für eine Wiederholung des Jahres 1999 befürchtet, wenn die Volkspartei mit den Bevölkern (FPÖ) zu der Zeit noch vereinbar war, über eine gemeinsame Regierung, die schließlich Sanktionen aus der Europäischen Union verursacht hat.
Hader, der bereits angekündigt hat, dass er bereit ist, zusammen mit jeder Partei zu arbeiten und sich an die nationalen Politiken nach Vienna zurückzukehren, ist offensichtlich auf diese Entwicklung bankierend.
Die Grüne Partei kam auch in das Parlament, aber sie lebte ein wenig Verlust und fiel vom dritten bis fünften Ort zwischen den österreichischen politischen Parteien.
Es ist offensichtlich keiner der anderen Parteien die vier Prozentmarke und kam in das Parlament.
Schwarzenberg: Beziehungen mit Indien könnten weichen
Nach dem Auslandsminister Karel Schwarzenberg, wenn es nicht möglich ist, das Problem der tschechischen Wissenschaftler, die in Indien mit der illegalen Sammlung von Beetlern belastet sind, zu kämpfen, könnte eine bestimmte Schädigung der Tschechischen-Indien-Beziehungen stattfinden.
Der Minister machte diese Erklärung in New York nach der heutigen Sitzung mit seinem indianischen Gegenpartei Pranab Mukherjee.
"Wenn es nicht gelöst wird, dann ja, dann würde eine bestimmte Verletzung stattfinden", sagt er nach der Sitzung, die von der tschechischen Seite gestartet wurde.
Nach den Verhandlungen sagte Mukherjee, dass es schwer war, die Exekutive in Gerichtsfragen zu beteiligen.
Er sagte jedoch, dass der Zentrale Regierung im Falle von Petr Schvácha, der von den Beschwerden ausgeschlossen wurde und mit einem guten Strafgericht gestraft wurde, mit der lokalen Regierung in Darjeeling unter der Rechtssache verhandlungen kann.
"Sein Problem könnte gelöst werden", sagte der Minister.
Nach Mukherjee wäre es für Emil Kuchera, die drei Jahre im Gefängnis in Gefängnis gerichtet wurde, besser zu den hohen Behörden.
Dann kann er anfordern, auf die Bereitstellung zu bringen und warten auf die Verurteilung außerhalb des Gefängnisses, er erklärte.
Schwarzenberg bestätigte, dass sein Partner das auch während der Verhandlungen gesagt hat.
"Er empfiehlt, auf ein hohes Gericht zu ziehen, dann wäre es möglich, ihn zu vergeben", sagte der Chef der tschechischen diplomatik.
Die einzige Art, wie die tschechische Seite in der gesamten Angelegenheit insgesamt verfolgt werden kann, ist, die Verurteilungspersonen mit "kompetenter Rechtsbeihilfe", sagte der indianische Minister.
Gleichzeitig sagte er, dass die indianische Seite sie bereits mit dieser Art unterstützt.
"Es ist in unserem größten Interesse, die besten Beziehungen mit Indien zu bewahren, die eine lange Tradition haben.
Die Indianer haben das auch bemerkt", sagte Schwarzenberg.
Gleichzeitig, wie er dem tschechischen Press-Agentur sagte, betonte er vor seinem Partner, dass die Tschechische Republik das Problem der Tschechischen Entomologen sehr wichtig stellte.
"Wir betrachten wirklich, dass diese tschechischen Wissenschaftler ein schwerer Fehler sind", erklärte er.
Der Minister vermehrte die Antwort auf die Frage, ob er eine Verheißung von der indianischen Seite erhalten hatte, diese Frage zu folgen.
Er sagte nur: "Ich habe schon ein paar Versprechen erhalten."
Tschechische Referenzen für das Meer
Er steigt auf die elektronische Mauernkarte, die gezeichnet werden und die überraschenden Meersgebiete.
Er interessiert sich jedoch nicht im Kontinent, sondern in einem kleinen Punkt, der in der blauen See verloren ist.
"Dies ist die Insel, und mit ihm die Meerflotte, die sie überschneiden, gehört zu der Eisenbahn.
Gleichzeitig ist das Gebiet so groß wie das eigene Kontinent", sagt italienischer Anwalt Luigi Santosuosso, der der Treize Mitglieder Team der Arbeitnehmer der UN-Fraktion für Ozean Affairs und das Gesetz des Meeres gehört.
Sein Chef, der Divisionsdirektor, der tschechische Anwalt Václav Mikulka, folgt, was er sagt und üblicherweise etwas hinzufügt.
Zest und Enthusiasmus für Arbeit sind hier dominant.
Die Meereflotte befindet sich in einer so wenig bekannten Welt in natürlichen Ressourcen.
Es ist möglich, Öl, Oren und andere Mineralien zu finden, aber auch so weit unbekannte lebenden Organismen, die zum Beispiel den Schlüssel zur Entwicklung einer Heilung für Krebs halten.
Eine Flüssigkeit größer als das Kontinent
Heute sind die Küstenländer für das neue Unterwassergebiet begonnen.
Dies ist, nach einem Vereinbarung der Vereinten Nationen, die die Rechte, auf die sie 1982 in Montego Bay in Jamaika vereinbarten, einverstanden haben.
Dies ist vor allem das Gebiet der sogenannten Kontinenten Shelf, das oft bis zu etwa hundert Kilometer von der Küste des betreffenden Landes erreicht.
Nach dem Abkommen hat das Land das Recht auf alle Ressourcen des Kontinents.
"Gewöhnlich wird die Kontinentschelf als Teil des Meeresflüsses betrachtet, das die natürliche Fortsetzung des Kontinents unter dem Meer und seinem Substratum ist.
Es erreichte außerhalb des eʹ der Küstensee, oft auch von den zweihundert Nautischen Meilen der sogenannten Wirtschaftszone", erklärt Mikulka.
Die Anfrage, die das betreffende Land an die Kommission über die Grenzen des Kontinentals Shelfs übermittelt, muss von wissenschaftlichen und technischen Dokumentationen auf vielen Kostenuntersuchungen und Messungen unterstützt werden.
Das ist das Ergebnis von vielen Jahren der Vorbereitungsarbeit.
"Einer unserer Rolle ist, die Kommission mit juristischer und spezialisierten technischer Hilfe zu gewährleisten.
Die Kommission hat daher fünf Anträge aus Russland, Brasilien, Irland und Niederlande behandelt.
Nur die letzten drei dieser Länder sind so weit erfolgreich gekommen", fügt Mikulka hinzu.
Die erfolgreiche Erfolgsweise von ̈a, die der erste war, seine Unterwasserdomäne zu erweitern, wurde weltweit registriert.
Aber New Zealand erhielt auch - das Gebiet der Meerflotte, das der Kommission ihm zugeteilt hat, ist etwa 1,6 Millionen Quadratkilometer, d. h. etwa sechsmal größer als die Größe des Landes selbst.
Beide Länder haben Millionen Dollar in die Untersuchung investiert.
Das Gewinn, das von der Nutzung des Meeresflusses in Zukunft erfolgt, wird, sie hoffen, unpreisbar sein.
Auch andere Länder werden ihre Anträge gradweise vorlegen.
Sie haben bis zu zehn Jahre seit dem Moment, in dem sie das "Montego Bay-Abkommen" verhalten haben.
Wo das Kontinent endet, ist das Gebiet des Meeresfloden, das durch das Abkommen als „gewöhnliche Erbe der Menschheit“ begonnen wird.
Hier gibt es kein Land mehr.
Die Mindestrechte in diesem Bereich werden durch das von der internationalen Institution erstellte Abkommen gewährt.
"Aber die Meerflotte ist kein Klondike", sagt der Direktor Mikulka überhaupt, und fügt hinzu, dass seine "Independenzgebiete rechtlich offensichtlich delimitiert sind und ihre Regelung in Verträgen beeinträchtigt ist."
Tschechische in der Fischerei
Der Teil des Meeresflusses gehört zur Tschechischen Republik.
Sie teilt es mit anderen Ländern aus dem ehemaligen östlichen Block als Teil der gemeinsamen Organisation "Interoceanmetal".
Mit Vereinbarung erhielt diese Organisation, wie die Investoren in mehreren kleinen Ländern, den sogenannten "Pionierinvestitor" im Jahr 1991.
Es ist genehmigt, in der Region der Klipperton in der Ozean, die zwischen Mexiko, Hawaii und Kiribati liegt.
Das durch den Investor untersuchte Gebiet ist weniger größer als die ehemalige Tschechische Republik.
Das Meeresfläch ist ein Unterwassermodell der Tatra-Mountains.
"Es ist möglich, dass man dort auf einem Gesamtbereich von 75.000 Quadratkilometern gemengt.
Das Gebiet ist eine reiche Ortschaft für die Sammlung von Polymetalkonzeptionen, die Nicole, Copper, Cobalt und Manganese enthalten", sagt ein anderer Anwalt, Pakshi Rajan aus Indien.
Der Anwalt aus der Division, Rober Sandev, bringt eine solche Konzeption dar.
Es sieht aus wie ein kleines Potato oder, mit ein bisschen fantastisch, das mythische Schema, das nach Legend den Golem zum Leben führte.
Deutsche Sonderkräfte Anwesend bei Hostage Rescue
Bei der Auflösung der Gastkrise beantragte die ägyptische Regierung von Deutschland eine Hilfe, die zu den Experten geschickt wurde.
Als Push ankam, waren die besonderen Kraften bereit, aber ihre Dienste wurden nicht am Ende benötigt.
Mehr und mehr Details über die Umstände, die die Freiheit der elften europäischen Touristen in Ägypten erhöhen.
Nach dem Bundesministerium der deutschen Verteidigung und des Binnenmarktes beteiligten Deutsche Sonderkräfte direkt an der Rettungsmission teil.
Spezialisten der Bundeswehr (Bundeswehr) und Mitglieder der deutschen Bundespolizei (Bpol) und ihrer GSG 9 und Air Ward-Spezialisten waren am Rettungszeitraum anwesend, die Sprecher der Minister sagten Montagnachten, sowie Mitglieder des Federal-Kriminal Police (BKA) und logistische Experten der Technischen Reliefagentur (THW).
Die Deutschen waren jedoch nicht erforderlich, weil die Gefangenen ihre Gefangenschaften verlassen und fliehen, als sie erkannt wurden, dass die Gefangenen durch Kraft gefressen werden würden.
Die ägyptische Regierung hat die von Deutschland angebotene Hilfe angenommen, die die Deutschen als Sicherheit während der Operation zu vertrauen.
`L’kikily, es kam nicht zu diesem”, sagte ein Sprecher des Deutschen Bundesministeriums des Binnenmarktes.
Die Reisegruppe von fünf Deutschen, fünf Italiener, eine römische Frau und acht Ägypter wurden am 19. September im Süden Ägypten betrunken.
Nach ihrer Abweichung in einer Wüstegebiete im Süden Ägypten waren die Gefangenen zurück und in der Grenzgebiete zwischen Ägypten, Libyen, Sudan und Chad.
Zur Zeit bleibt die Identität der Empfänger unbekannt, so wie Sie Details über die Rettung oder mögliche Lösegeld machen.
Die früheren Gastgeber sind sicher und klanglich in Cairo gekommen.
Der deutsche Ausländerminister Steinmeier sagte, dass sie auf die Besorgnis der deutschen Beambarung vertrauen.
Er bemerkte nicht die Details der Rettung.
In Berlin wurden keine unmittelbaren Informationen über ihre Rückkehr nach Deutschland gegeben.
Nach dem Deutschen Zeitschrift `blad' werden die fünf Touristen und die Sonderkräfte einen Airbus der deutschen Luftfahrt führen, der am Dienstag in Deutschland angesprochen wird.
US-Vertreterhaus verleugnen
Das 700 Milliarden Bannenpaket für die Finanzmärkte fehlgeschlagen in den ersten von den beiden Zimmern des US-Kongresses.
Die Dow Jones nahmen eine Nase-Wohn.
Mit einer Abstimmung von 227 bis 206 gegen hat der US-Vertreterhaus für die Finanzmärkte das Paket der Regierung verweigert.
Alle Anträge von Präsident George W. Bush und Führer der beiden Parteien wurden jedoch nicht für das Programm erreicht, das die Chaos auf den Finanzmärkten betrifft.
In einer dramatischen Kampagne haben die Unterstützungskräfte versuchen, die Kritiken der 700 Milliarden Dollar-Planen zu überzeugen.
Barney Frank, einer der wichtigsten Demokratischen Verhandlungen, hatte Vertreter für Genehmigung eingeladen, obwohl es ein unerlässliches Plan war.
"Es ist schwierig, politische Zustimmung zu erhalten, um etwas zu vermeiden, das noch nicht passiert ist", er erteilt.
Während die Abstimmung noch unterwegs war, sahen die Dow Jones einen Dreck von mehr als sechs Prozent, oder 600 Punkte.
Es wurde von den Investoren verursacht, dass die Regierungsbanuten fehlen könnten.
Es hat kurz vor dem Abschluss der Abstimmung wiederhergestellt, nur wenn die Abweichung veröffentlicht wurde.
Die Experten erwarten jetzt weitere Schwierigkeiten auf den internationalen Finanzmärkten.
Zur Umsetzung des Plans ist die Zustimmung sowohl des Hoheitsgebiets als auch des Senats erforderlich.
Reise Altersbericht Erhöhen in Buchungen
Es wird ein guter Winter für deutsche Reisage, natürlich:
Eine Untersuchung sagt, dass die Umwandlung der Buchungen für die kommenden Monate um das vorherige Jahr um sogar 30 Prozent des Wintersages erhöht hat.
Trotz der Vorsichten einer schwachen Wirtschaft ist die deutsche Appetit für die Reise immer noch unverzüglich, sagt eine Untersuchung.
Für Reservierungen während der Wintersässung sah die Deutsche Reisebahn (DRV) in Berlin am Montag einen Anstieg von 31 Prozent gegenüber dem gleichen Zeitraum des vorigen Jahrs.
Nach dem Marktforschungsunternehmen GfK wurde in den letzten Monaten auch in Reservierungen erhöht.
Im Oktober 2007 hatte die DRV einen Anstieg bei der Umwandlung der App für elf Prozent vorgenommen.
Die Ergebnisse sind auf die Formen der GfK, die die Reservierungsdaten von 1200 deutschen Reisenjährigen pro Monat verarbeitet und sie für den gesamten Markt Projektionen benutzt.
Insgesamt sind Reisebuchungen im August 2008.
Aufgrund eines schwachen Dollars war die DRV vor allem Reisen nach den Vereinigten Staaten gefragt.
In diesem Bereich haben die Buchungen durch App nur ein Drittel erhöht.
Darüber hinaus erwähnte es Spanien, Türkei und Griechenland als Bevölkerung zwischen den Deutschen und den örtlichen Regionen.
All-effiziente Reise wurden vor allem nach der Suche gefragt, sagte der Präsident der DRV Klaus Laepple.
Im Lichte der zunehmenden Energie- und Lebensmittelpreise war ihre Kosten `mehr berechnbar für Kunden als für individuelle Vationen", sagte Laepple.
Konsumenten konnten Geld durch Frühstücke oder all-verhältnisse, unter anderem Laepple, retten.
Weil die Sommermonaden sehr gut aufgezeichnet wurden, und es wäre auch noch ein weiteres Wachstum im Gegensatz zu dem vorherigen Jahr, sagte er - obwohl eine weitere Untersuchungsberichte berichtet, dass die Zahl der reisenden Deutschen im Vergleich zu dem vorherigen Jahr sank.
Meine erste Zeit am Oktober
Spring-break- und nach-ski-style Schnittungen in wiederholter Mode, Bier aus einem Liter Mugs und celebriten im Designer Dirndln.
Und Wesn Debut.
Technisch, Susanne Kronzucker und ich haben nicht viel gemeinsam.
Sie ist blond, ein Fernseher und trägt ein Tailormade Dirndl.
Ich habe dunkle Haare, ich bin ein Student, und meine Kleidung ist zweite Hand.
Aber es gibt eine Sache, die uns verbindet: Wir haben nur drei Minuten am Wiesn gewesen, und die Fotografen sind bereits um uns herum und schauen weg und füllen ihre Gedächtniskarten - sehr flatterend, und es ist mein erstes Besuch an den Wiesn, zu booten.
So machen Sie Freunde.
Der Cheap Dirndl scheint seine Arbeit zu tun.
Für einen Weisswurst Tourismus im Norden des 'Weisswurst Equator', dass die komfische Fähigkeit, die traditionelle Ba'an Garb tragen, viel zu gewünschten.
Aber als er an Theresienwiese kam, ist es nicht so schlecht wie das alles.
Fast alle tragen Dirndl oder Lederhosn; niemand sieht verrückt oder verrückt - es ist alles normal.
Nur mein Dirndl-Appron zeichnete seltsame Glanzen am Schokolade-bananaverkäufer.
Ein Munichfrau brachte zu meinem Aufmerksamkeit, daß ich die falsche Art des Abendessens befestigt hatte: »Verfügbar zur Linken, Jungfrau in der Mitte, zur Rechten, Witwe hinterher."
Ich nehme mein Appron von hinten nach links ab.
`Looks über Recht', sagt sie, und lächelt.
Andere sind weniger besorgt über subtle Flirting Techniken und tragen einfache Gefühle, die sagen `Zu trinken, um Kleidung' zu bekleiden und, ohne zu beeinträchtigen, die Leute ihre Nacken hinter ihnen zeigen.
Der junge Mann mit der Exhibi't Attitude heißt Bob, ist von England, und es ist sein erstes Mal am Oktober, auch.
Er findet es 'groß' mit einem langstrecken `ooooo'.
Er sagt mir das Recht, nachdem er sich von dem ,Maß" geführt hat.
Genauso nahe einer dieser Feuer-Plugins, die jeder für Abfalldumps fehlt.
Bob ist also einer der begeisterten Wildbiesler.
Andere sind nicht ganz glücklich genug, um den Alkohol in dieser Phase zu verlieren.
Nach acht Stunden um Nacht laufen Paramedicinische Punkte an der Stelle, die bei den Armen Bindern beteiligt sind.
Die Ärzte erscheinen immer in Packungen - es gibt immer vier auf einmal, um einen umgekehrten Stretcher von Hütten zu Hütten.
Es funktioniert wie mit den meisten Wiesn Besucher: Wenn es leer ist, gehen sie aus, und wenn es voll ist, kommen sie zurück.
Du siehst nicht, wer in den BAC-Coffes ist.
"Das sind die, die nicht mehr nehmen können", rief einer der Paramédiken, als ich ihn um ihn fragte, und verschwand in der Hölle.
Ein Opfer, genannt von der Polizei
Eine 63-jährige Pedestrianin, die im Krankenhaus starb, nachdem ein Fahrzeug in Essex gefallen wurde, wurde benannt.
Carole Paulson, von Chelmsford Road in Brentwood, wurde am Freitag Nachmittag auf Shenfield Road in der Stadt in den Unfall gebracht.
Sie wurde in Queen's Hospital, Romford, genommen, aber später starb.
Nach dem Unfall wurde ein 51-jähriges Mann auf Verdächtnis von unsicherheitslosen Kleidung verhaftet.
Seitdem wurde er auf der Polizeibezahl freigelassen.
Die erweiterten diplomatische Horizons der Türkei
Lang vor der Türkei versuchte, die Europäische Befugnisse in die Türkei zu betreten.
Auf der östlichen Seite des Bosporus, vielleicht nur 20 Schritte in Asien, steht einer der schönsten Relikte dieser fehlgeschlagene imperialen ambition.
Die Hydarpasha-Eisenbahnstation wurde von zwei Deutschen Otto Ritter und Helmut Conu in der Neo-Renaissance entwickelt.
Das ist zumindest das, was die Leitlinien Ihnen sagen.
Die Gebäude sitzt am Ende der Plattformen mit einem Tower an jeder seiner vorigen Ecke, die nach der ganzen Welt suchen, wie ein Provinzdeutschen Deutscher Hall.
Der Stein ist dunkel.
Das ganze Gebäude ist weniger abschneidend.
Aber einmal innerhalb des beliebten Tickets gibt es keine Zweifel über die Größe des Unternehmens, von dem das das westlichste Tor war.
Die Station wurde im August 1908 von einem deutschen Konsortium, der Anatolia-Baghdad Corporation, geöffnet.
Deutschland, ein Latecomer zum imperiellen Spiel, wollte seine Ambitionen erzielen, um den Mittelosten durch diesen Eisenbahn nach Baghdad zu regieren und außer dem, was heute Saudi-Arabien ist.
Aber die imperiellen ambitionen Deutschlands wurden während des Ersten Weltkriegs gegründet.
Seine Eisenbahnfolge wurden von Lawrence von Arabien und seiner arabischen Unregelmäßigkeit angegriffen.
Die relative Isolation aus seiner überraschenden Region, die durch die gefrorenen Grenzen des Kohlenkriegs entwickelt wird, ist gegangen.
Die britischen und dominativen Kraften erweiterten sich aus Ägypten und ließen die Türken und ihre deutschen Alliierten aus Palestinen und deren Vereinten.
Und es gab auch schlechte Neuigkeiten für Hyderpasha-Station.
Im Jahr 1917 wurde ein Ammunitionstuhl auf dem Weg, seinen entwickelten Raum zu zerstören.
Türkische Quellen sagen, es war Sabotage.
Seitdem ist es langsam verschwunden, großzügig durch die Geschichte.
Aber heute ist dieser Eisenbahnport nach Anatolia und alle Punkte östlich, dient - zumindest symbolisch -, um die breiten diplomatische Horizons der Türkei hervorzuheben.
Die Regierungspartei Justiz und Entwicklung - die AKP - hat eine ganze neue Außenpolitik für das Land geschaffen.
Die relative Isolation aus seiner überraschenden Region, die durch die gefrorenen Grenzen des Kohlenkriegs betrieben ist, ist weg.
Jetzt gibt es eine neue Verpflichtungspolitik.
Die türkische Regierung bemerkenswert hat gute Beziehungen mit Israel und mit den Palästinensischen Fakten Hamas und Fata, mit Irak und Iran und natürlich mit der Europäischen Union und den Vereinigten Staaten.
Um die Parameter dieser neuen Außenpolitik zu erleichtern, habe ich den Nachtschlaf an den Türkischen Kapital Ankara gebaut, um einen der führenden Experten der AKP für Außenpolitik, der Türkei MP Suat Kiniklioglu zu besuchen.
Am nächsten Morgen - etwa zehn und eine halbe Stunde später - nach einem Jolting-Raster in den älteren Weltkriegen des Dokumentars Die Nacht-Mail kam ich in der Türkischen Hauptstadt - vorgeschlagen als neue Stadt für einen neuen Sekularstaatseinsatz, um sich auf die Ottoman-Vergangenheit zurückzukehren.
Aber der AKP mit seinen gut bekannten Islamischen Wurzeln ist ein Paradigmwechsel in der Türkei.
Es hat einige Verdächtnisse in Westen, vor allem in Washington.
Ein Taxi nahm mich an die AKP-Kopfzeile, eine ultramoderne Stein- und Stahlstruktur - in einer Entwicklungsvorlage, die durch halbgebauten Kaufzentren und Kraft-Patzereien entwickelt wurde, wo die mittleren Verwalter in Unternehmensanlagen - sowohl Männer als auch Frauen - betreffen, um frühmorgenshandeln zu machen.
Soat Kiniklioglu könnte aus fast jeder anderen politischen Partei in Europa ein Zentralrechtspolitischer sein.
Suit, Tee, ich bin sicher, dass er sogar einen Blackberry verpackt hat.
"Die Ausländische Politik der Partei ist jetzt, die Türkei in seine unmittelbare Nachbarschaft wiederherzustellen.
Der Kuldekrieg war ein Anomalie", sagte er mir.
Die Türkei wurde von ihrem Hinderland abgeschnitten.
Heute musste es östlich und westlich gleichzeitig aussehen.
Es war kein Fall von einer oder der anderen.
Es musste beides tun.
"Aber in einem bestimmten Punkt", fragte ich, "Kann Türkei gezwungen werden, zu wählen?"
"Türkey", sagte er, "jemand wollte diese Wahl nicht treffen."
Dann betonte er einen Punkt, dass fast alle, die ich hier geredet habe, fast durch Rot erwähnt haben: Die Verbindungen der Türkei nicht nur zum Mittelosten, sondern auch zum Caucasus und um den Schwarzen Meer sind so viel für den Nutzen Europas und der Vereinigten Staaten, wie sie in der Türkei sind.
Mit der Türkei scheint die Botschaft zu sein, kann Europa als ganze, die Eisenbahnlinien östlich nach Asien und Mittlerer Osten, metaphorisch fahren.
Zurück an der Hydarpasha-Station, nach einer anderen großen schlafenlosen Nacht, dachte ich an die beiden Deutschen Herrn Ritter und Herrn Conu, die dieses Gebäude vor 100 Jahren gebaut haben.
Wie überraschend würden sie, dass die Mitte-Osteuropas ambitionen jetzt in den Händen der Türkei sein könnten.
Und als ich auf den Terminal wartete, um mich durch den Bosporus zurückzuholen, erinnerte ich mich daran, dass in diesen Tagen die Türkei immer "die Kranke in Europa" genannt wurde.
Danach scheint es nicht sehr Zweifel zu sein, auf welchem Kontinent dieses faszinierenden Land beantragen sollte.
Leben erinnert sich: Vernon Handley und William Woodruff
Mark Brown schreibt: Als Guildfords Musikdirektor seit 1962 hatte Vernon "Tod" Handley (obituär, Sept. 11) die Guildford Philharmonic Orchestra und Choir belastet.
Als Teil seines Musikschema für das Borough, stellte er im nächsten Jahr sein wunderbares junges Choir, Proteus.
Es müsste für Unter-21 sein, aber in der Zeit, da der Proteus seine Endlinie im Jahr 1979, waren einige von uns in unserer letzten 20er - wir haben gerade die Küche aufgehoben.
Der Name "Proteus" (die mythologische Form-Veränderung) verteidigte die Willen und Fähigkeit des Choirs, alles, was Musik zu ihm vorgelegt wurde, ob Madrigal oder Messiaen, ob unvereinbar oder mit voller Orchestra.
Die Musikversatilität, die von einem jungen Choir hergestellt wurde, war oft überraschend, immer aufregend, und es war alles wegen der inspirierten Inspiration eines Mannes und der Enthusiasmus für die Musik, die in den Jahren absolut konstant blieb.
Wie oft wurden wir von Tod gesagt, "Lassen Sie die Musik für sich selbst sprechen".
Er würde sagen: "Der Komponist weiß, was er will.
Es ist alles in der Musik.
So singen Sie es!"
Seine Bad-Technologie war absolut klar und genau, obwohl nie Diktatorial, noch bloß.
Was auch immer die Musikstandard ist, er hat es immer noch hoch erhoben.
John Frayn Turner schreibt:
Wenn jeder Fahrer geschnitten wurde, wäre Vernon Handley.
Ich kenne ihn gut während der zwei Dehms, die er den Gildford Philharmonic von 1962 bis 1982 führte.
In den vergangenen 40 Jahren habe ich mehr als 100 seiner Konzerten überprüft, und ich kann ehrlich sagen, dass ich nie mit einem einzigen - und vielmals von ihnen inspiriert wurde.
Tod Handley hatte diese seltene Kombination von Größen und persönliche Modernität.
Er hat die Führer gehasst, die in seiner Worte nur "eine oder zwei gut bekannte Kriegshäuser über die Welt hackten".
Er wird von so vielen von uns vermisst werden.
William Woodruff
Professor John Beckett schreibt:
Ihre Aufenthalterin von William Woodruff (September 25) stellt fest, dass „in 1946 er in Oxford wirtschaftliche Geschichte wiederhergestellt hat und 1950 eine Houblon-Norman-Studie wurde... während er gleichzeitig für eine BSc, eine MA und eine PhD studiert“.
Dies folgt von Woodruff's Autor's Notiz in der Nähe von Nab End, aber es ist nicht richtig.
Von 1946 bis 1953 war er ein Leser in der Wirtschaftsgeschichte in der Nottingham, während er eine PhD-Thesis über die britische Rubberindustrie abgeschlossen hatte, die von Professor J. D. Chambers überwacht wurde, und später 1958 als British Ruber Industry veröffentlicht wurde.
Er verbrachte 1950-51 in den Vereinigten Staaten auf einer Houblon-Norman Partnerschaft und im Sommer 1952 an den Universitäten von Illinois, Harvard und New York.
1953 verließ er Nottingham dauerhaft für Illinois.
Warum Woodruff erwählt, um über diesen Teil seiner Karriere zu loben, ist unbekannt.
J. Vincent Resino bei der Fakultät der Philologie
"Ich empfehle die Ausstellung von José Vicente Resino "Flamenco y life", weil seine schwarzen und weißen Fotografien, die in Dokumentareinstellung genommen wurden, außergewöhnlich sind.
Die Fotos ziehen meine Aufmerksamkeit aufgrund ihrer Einfachheit und der Kraft, die die Themen immer mit besonderer Aufmerksamkeit behandelt.
Eine Ausstellung, die tiefe Gefühle auswirkt.
Resino ist in der Lage, magische Momente zu ergreifen."
Zweiter Angriff für die Super-Sältung von Honda
Nächster November wird Honda die Marktierung der zweiten Jazz-Modelgeneration starten.
Wenn das vorherige Modell bereits durch hohe Gewohnheit gekennzeichnet wurde, hat dieser neue Minivan einen internen breiten Raum.
Darüber hinaus ist es mit guten Mechanismen ausgestattet, die die Bereitstellung des Begeisterungskomforts erhöhen und erlauben, Feuer zu retten.
Evolution statt der Revolution.
Das ist die zweite Generation von Honda Jazz.
Während die neue Jazz als das vorherige Modell aussehen, sind die Veränderungen zum Minivan zahlreich.
Unter anderem ist es die Hinweis auf sein innovatives Design, neue Plattform, größere Größe und sehr neue Mechanismen.
Jedoch kann es nützlich sein, dass diese neue Jazz nur sechs Jahre nach dem Eingang der ersten Generation kommt.
Daher sollte eine erste Bemerkung berücksichtigt werden, dass Honda dieses Modell schneller als die anderen Unternehmen erneuert hat.
Obwohl das Jazz-Modell in Europa weniger bekannt ist als in anderen Märkten, bleibt es in den Verkaufsbereichen ein Fenomen.
Das ist der Fall Japans, wo Jazz im Jahr 2002 den besten Verkaufswagen und auch während dieses Jahr 2008 war.
Nur dort wurden fast eine Million Einheiten von Jazz von dem Modellsstart verkauft.
Der zweite Markt war der Altkontinent, mit etwa eine halbe Million Einheiten, die sechs Jahre lang verkauft wurden.
Trotz dieser Zahlen glaubt Honda, diese neue Jazz wird seine Verkäufe noch mehr im Segment erhöhen.
Wenn die japanische Gesellschaft im Jahr 2007 insgesamt 83.000 Einheiten dieses Modells verkauft, schätzt sie 2009, dass es etwa 100 000 Autos sein wird.
Im Rahmen des spanischen Marktes verkaufte Honda seit 2002 eine Gesamtzahl von 8,000 Einheiten von Jazz, die 6,7 % des Gesamtverkaufs für das Unternehmen in Spanien entspricht.
Mit der Ankunft der neuen Generation erwartet die Verantwortung für das Unternehmen in Spanien, in einem Jahr rund 2.000 Einheiten von Jazz zu verkaufen.
Die Ankunft der neuen Honda Jazz wird es möglich machen, durch die Verringerung der Verkäufe in Spanien in großem Maße zu reduzieren.
In der Tat erwarten die für das Markenbeauftragten, bis Ende des Jahres mit einer Gesamtzahl von 22 000 Einheiten verkauft zu werden, die 4 000 Einheiten weniger als 2007 beträgt, mit einem Anstieg von 16 %.
Trotz der Anstieg in den Verkäufen hat Honda auch seine Marktteilnahme in Spanien erhöht, die 1,8 % erzielt, im Vergleich zu dem letzten Jahr 1,6 %.
Gleichzeitig erwartet die japanische Gesellschaft, 2010 2% zu erreichen.
Um das zu erreichen, ist Honda vertrauenswürdig in ein anderes neues Modell.
Das ist Insight, ein Hybrid-Fünf-Dor-kompakt Auto, 4,37 Meter lang. Die japanische Firma hofft, in einem Jahr etwa 200 000 Einheiten dieses Modells zu verkaufen.
Nach den Märkten und den Japanischen Herstellern werden die 50% des Insight-Verkaufs aus den Vereinigten Staaten kommen, während die übrigen 50% von dem alten Kontinent und Japan sind.
Der Handelsstart von Insight wird für das frühe nächste Jahr geplant, kurz nach der Vorstellung des Modells innerhalb des Unternehmens im Januar in Valenza.
Im Vergleich zu der erste Generation ist der neue Jazz in all seiner ganzen Welt aufgewachsen.
Es erreicht jetzt 3,90 Meter lang (5 cm mehr), 1,69 Meter breit (2 cm mehr) und 2,50 Meter Interaktion, mit einer Erhöhung von fünf Zentimetern.
Die Höhe der 1,52 Meter blieb noch unverändert.
Insgesamt mit der Größe erhöhte sich seine Wohnstätte im Raum.
Dieses Vorteil stimmt zunächst aus der neuen Plattform, und zweitens von der Einführung des Brennstofftans in einen Zentralort, eine Lösung, die bereits in der vorherigen Jazz angenommen wurde.
Darüber hinaus erhöht die Trunks Geschwindigkeit - eine doppelte Untermenge - bis 399 Liter, eine 19 Liter größere Kapazität gegenüber der ersten Generation.
Zur Bemerkung, diese sind die Maßnahmen von Honda Jazz 1.4, während die Trunks Gehaltsfähigkeit in Modell 日 ist nur 379 Liter.
Andere Verbesserungen - außerhalb externer Elemente, wie die Rückenleitung oder die Möglichkeit, die Panorama-Glas einzubinden - befürwortet den verbesserten Zugang zu Rückseiten.
Dornen, die den Zugang zu Rücksitzungen ermöglichen, jetzt mit einem Winkel von 80 Grad öffnen, verglichen mit 67 Grad im ersten Modell.
Außerdem sind alle Maschinen in dieser zweiten Generation von Autos ziemlich neu.
Bei der Marktzeit wird dieses kleine Modell mit einem Ölmaschinen von 1,4 Liter kommen.
Beide mechanischen Systeme beinhalten die i-VTEC-Technologie, die eine niedrigere Brennstoffverbrauch ermöglicht, produzieren weniger Kohlendioxidemissionen, optimisieren die mechanischen Rekonfigurationen und gleichzeitig hohe Torque-Engine in allen ihren Phasen behalten.
Die Liter-Version erhält eine Macht von 90 hp um 6000 rpm mit einem maximalen Zucker von 114 Nm um 4900 rpm.
Die Propulsion - die in der vorherigen Jazz die 78 hp erreicht hat - braucht nur 5,3 Liter Brennstoff und produziert rund 125 gram CO2-Emissionen.
Im Vergleich zu der vorherigen Propulsion, die im ersten Generationsmodell 83 hp verwendet wird, kann der neue 100 hp Vorteil nehmen.
Die 1.4 Jazz mit 100 hp erreicht eine Kombination von 5,4 Liter Brennstoff und 128 gram CO2.
Ein "bee-car" zur Vermeidung von Veränderungen
Bei der Entwicklung der Verhütung von Unfällen wurde Nissan diese Zeit durch Natur und vor allem durch Bäume inspiriert.
Die japanische Firma hat ein Roboter erschaffen, das, nachdem sie den Bäumen fliegen, Unfälle vermeiden kann.
Dies ist das Bio-mimetrische Auto Robot Drive, oder BR23C, das erste Schritt zum Projekt für die Verhütung von Voraussetzungen.
Die Ingenieurs des Erweiterten Technischen Zentrums von Nissan Motor Co. haben diesen kleinen Roboter in Verbindung mit dem Zentrum für wissenschaftliche Forschung und Technologie der prestigiösen Tokyo in Japan entwickelt.
Nach Kazuhiro Doi, Generaldirektor für öffentliche Beziehungen zur Technologie, Forschung und Entwicklung von Brandmanagement, ist der BR23C eine Erweiterung des Sicherheitsschilds der vier von Nissan hergestellten Gebiete.
Dieser Roboter wird zur Verbesserung der Fähigkeit zur Vermeidung der von der Unternehmen hergestellten Fahrzeuge vermeiden.
Während des Flugs schafft jeder Bee sein eigenes ovales persönliches Raum, das sehr ähnlich ist wie der von Nissan entwickelte Sicherheitsschild.
Aber das wichtigste Element ist von der Bee-Komponente Augen, die in allen Richtungen mit einem zusätzlichen 300 Grad Winkel sehen kann, damit die Insekt mit keinem Abbruch innerhalb seines persönlichen Raums fliegen kann.
Um diese visuellen Eigenschaften wiederherzustellen, entwickelten die Engineer, was sie ein Laser-Lokal (Laser Range Finder) definierte.
Dieses Mechanismus entdeckt Hindernisse innerhalb von 2 Meter und einem Radius bis zu 180 Grad vor dem BR23C, berechnet die Entfernung des Objekts und sendet ein Signal an den Mikroblocken auf dem Boot, der sofort die Vermeidung verhindert.
"Wenn ein Hindernis entdeckt, folgt der kleine Roboter die Beebewegungen und verändert die Richtung unverzüglich, indem man die Rollen auf einen rechten oder breiten Winkel umgekehrt hat, um die Bewegung zu vermeiden.
Das offensichtlichste Unterschied mit jedem bestehenden System ist seine evtl.
"Wenn das nicht war, würde der Roboter nicht schnell genug reagieren, um Hindernisse zu vermeiden", erklärt Toshiyuki Andoh, Direktor des Mobilitätslabors und der Haupt-Engineer dieses Projekts.
Im Gegensatz zu einem Bier kann der Roboter nicht nach oben oder nach unten oder sogar diagonell verschieben. Es kann nur in zwei Dimensionen bewegen und in der Richtung seine Rollen umwandeln. Offensichtlich kann er unendliche Richtungen und Wege wie Bäume nicht ausführen.
Aus diesem Grund hat Nissan eine Rotationsfunktion benutzt, um den kleinen Rotationen zu vermeiden.
"Dies Gerät braucht nur jede Sekunde neue Informationen zu verarbeiten und aus diesen Daten zu handeln.
Es ist nicht erforderlich, Informationen zu speichern oder die Intuitive Logik der vorherigen Manuvers zu verwenden. Daher kann es ohne Abbruch nur von wenigen Dozen KB von Gedächtnis laufen.
Das könnte überrascht werden, aber wir reden nicht über Gigabyte oder Mega von Erinnerung."
Dies ist der erste Schritt zur Entwicklung neuer Voraussetzungen für die Verhütung von Verhütungen, eine Technologie von Nissan wird in Autos als Standardfunktion innerhalb von zehn Jahren eingeführt.
Der Robot verwendet Lithium-Polymer-Bakterien, die leichter und nachhaltiger sind als die Lithium-ion-Typologie.
Eine weitere Anwendung in einer potenziellen Zukunft könnte die Integration dieser Technologie mit dem GPS-Sat-Navigator sein, um den Fahrer in ein bestimmtes Ziel zu bringen, um Hindernisse über den Weg zu vermeiden.
Schließen, bevor eine Darlehen angewendet wird
Wir müssen anerkennen, dass das Departement für den Schatz der Vereinigten Staaten, der sehr gute Kapitale besitzt, sicherlich kein Talent fehlt.
Um die Krise zu entwickeln und die Amerikaner zu verhindern, dass die Banken unter Zweifeln der Intensität mit Garbage Darlehen gezahlt werden, erschaffen Sie ein Spaß- und Ausbildungsspiel für Internet-Benutzer. Das ist "Bad Credit Hotel".
In anderen Worten, das "Hotel der schlechten Krediten"... oder die Probleme.
Das Globus-Aspekt dieses Hotels und insbesondere seines Empfängers eine Person, die nicht nur einmal, sondern zweimal oder dreimal vor der Anwendung eines Darlehens nachzudenken.
Und vor allem, um sehr sorgfältig darüber nachzudenken, wo Sie es anwenden. Das ist das Hauptziel des Spiels.
Dieses System bietet sicherlich mehrere nützliche Informationen, aber er bietet stattdessen wenige Details.
Es ist eine viel mehr Webseite für Teenager als eine Website für die Allgemeine Öffentlichkeit.
Was geschieht, wenn Sie das Spiel abgeschlossen haben?
Nun, ein Traum-Raum erscheint im Hotel.
Es ist noch etwas, weil es um ein Haus zu kaufen... besser es zu verlassen.
Morgan Stanley öffnete seinen Kapital an MUFG
Morgan Stanley hat seine Eintragung an der Mitsubishi UFJ Finanzgruppe (MUFG), die erste Bank Japans, die neun Milliarden Dollar verbringen wird, um 21 % seines Kapitals zu erlangen, die von einem Scharpdrop in den Anteilspreis erhalten wurden.
Eine Woche nach der Verwirklichung eines vorläufigen Abkommens haben die beiden Banken erklärt, dass MUFG 9,9 % von Morgan Stanley zu einem Preis von 25,25 Dollar beteiligt würde, um drei Milliarden Dollar zu kaufen.
Der Verkaufspreis beträgt weniger als 19 % des Wertes der Vermögenswerte am 31. August.
Die MUFG wird ein zusätzliches Sechs Milliarden Dollar in den Erwerb von Konvertiblen Titeln investieren, die eine sichere Gewinnung von 10% und mit einem Konvertierungspreis von 31,25 Dollar gewährleisten.
Morgan Stanley behauptete, dass die Gesamtoperation auf einem durchschnittlichen Einheitspreis von 29 Dollar oder 28% über seine aktuelle Preise wäre.
Morgan Stanley teilt jedoch 6,79% bis 23.07 Dollar um 17:00 GMT.
"Diese strategische Alliation ist eine wichtige Gelegenheit, die Übergang von Morgan Stanley in den Status der Aufenthaltsbank zu beschleunigen", sagte John Mack, der CEO der Amerikanischen Fraktion.
Morgan Stanley hat diese neue Woche verabschiedet, die es ermöglichen sollte, seine Tätigkeiten zu diversifizieren, aber sie muss durch die Behörde der Bundesreserve verpflichtet werden.
Seine Vereinbarung mit dem MUFG bestätigt auch, dass die aktuelle Finanzkrise die größten Namen auf Wall Street erfordern, einen viel mehr vorsichtigeren Standpunkt anzunehmen als zuvor.
Die Modalitäten, die am Montag vorgelegt wurden, zeigen, dass das Abkommen in den letzten Tagen geändert wurde: Im vorigen Montag hat Morgan nur angekündigt, dass er bis zu 20% seiner Anteile an den japanischen Verkauf für etwa 8,5 Milliarden Dollar verkauft.
"Vor einer Woche erklärte Toshihide Mizuno, Exekutivdirektor der MUFG in Tokyo", dachten wir, die Teilnahme würde vollständig aus haltenden Teilnehmern bestehen.
Aber da wir den gegenwärtigen Zustand der Wirtschaft und des Marktes haben, hoffen wir, die Risiken zu minimieren und unsere Rücken zu schützen."
Auf der Grundlage des gewogenen durchschnittlichen Preises MUFG wird für seine Morgan Stanley-Vermögenswerte 7% unter dem Buchwert bezahlen.
Und die Transaktion wird eine Dilution von rund 20% Kredite pro Teil.
Im Abkommen ist vorgesehen, dass MUFG jährlich die Hälfte seiner bevorzugten Vermögenswerte in Anteile umwandeln kann, wenn sie mehr als 50 % über den Umwandlungspreis verkauft haben, etwa 47 Dollar für einen bestimmten Zeitraum.
Morgan Stanley versichert, dass das von MUFG gewährte Kapital es ermöglicht, Investitionsmöglichkeiten zu verbessern, seine Bilanz zu stärken und ihre Liquidität zu erhöhen.
Ein Sprecher für die Fraktion hat sich jedoch über die strategischen Projekte der beiden neuen Vereinten Nationen Details ergeben.
Nach der Investition von MUFG stellt Morgan Stanley einen Kapital von etwa 15%, einer der besten in der Industrie.
Morgan sagte, dass es "bedeutend" sein Gleichgewicht seit Ende August verringert hat.
Vergangene Wochen waren für die Gruppe schwer, die die Hälfte seines Anteilspreises vermieden hatte, während die Versicherungskosten gegen das Risiko der Voreinstellungen für die De-Geschäfte.
Diese Kosten verringerten sich am Montag, aber blieb auf einem neuen hohen Niveau, um rund 12%.
Letzte Woche, Goldman Sachs, die einzige erlebte große Investitionsbank auf Wall Street nach der Bankruption von Bear Stearns und Lehman Brothers und Merrill Lynch Kauf, verkündigte, dass er 15 Mrd. Dollar, teilweise von Berkshire Hathaway, der Gruppe Warren Buffett erhoben hatte.
Rafael Correa in Quito am Montag.
Wiederaufbau um die Republik des zwanzigsten Jahrhunderts der Sozialismus.
Das ist das gemeinsame Projekt des Venezuelischen Hugo Chavez, Evo Morales von Bolivia und der Ecuadorischen Rafael Correa.
Dieser Sonntag, wie ihre Gegenparteien und Freunde, ist das dritte, ein Entwurf für eine neue Verfassung zu setzen.
Die Mission, die seit 64 % der Abstimmungen "Ja" an den Referenzantrag gestimmt hat, hat nach den offiziellen Ergebnissen auf 80 % der Abstimmungen gestimmt.
Auf der Grundlage dieser Ergebnisse gab es 28 %, 7 % der Abstimmungen waren ungültig, und 0,7 % waren leere Stimmen.
Zur Annahme des Entwurfs der Verfassung sollte die Hälfte der Stimmen plus einer erhalten werden.
Sonntag, zwei Pulver, die außerhalb der Pollingstationen geführt wurden, und eine nicht-regierungsorganisation haben eine große Gewinnung für die "Ja", der Rand zwischen 63% und 70% angekündigt.
Rafael Correa hatte während der Nacht vom Sonntag bis Montag die Gewinnung seines Entwurfs der Gründung behauptet.
"Die Verfassung hat so überwältigt triumphiert", gewährleistet er, die Ecuadoren in den Regierungschefs in Guayaquil, 280 km südwestlich von Quito.
Natürlich wurde Rafael Correa von Chavez und Morales begrüßt, aber auch von seinem chileanischen Gegenteil Michelle Bachelet.
Der Pool, der unter der Untersuchung der Organisation der amerikanischen Staaten (OAS) friedlich durchgeführt wurde, wurde in seinem Text 444 Punkte umfasst, die den "neuen Sozialismus" konsolidieren, der von dem Präsidenten angeboten wurde.
Der Entwurf der Gründung bezieht sich auf die Macht des Staates über die Wirtschaft, indem er die "Entwicklungsplanung" eines Landes, das vor allem von der Extraktion von Öl von Fremdenunternehmen und dem ausländischen Geld, das sie an ihre Einwanderer senden.
Der von Corea erworbene, die 2006 gewählt wurde, bietet dem Staatschef auch größere Befugnisse, die bis zu zwei konsequentiven Fristen von vier Jahren erzielen können und die Assembleie zu vermeiden.
Correa hat bereits angekündigt, dass er diese Befugnis nutzen würde, um im Februar 2009 einen neuen Mandat zu suchen.
Die Verfassung konsolidiert auch den Grundsatz der freien Gesundheits- und Bildungsdienste, die der Präsident in diesem Land begonnen hat, 13,9 Millionen Menschen zu schaffen, wo 50% der Bevölkerung unter der Armutslinie leben.
Es wird auch vorausgesagt, dass die Anwesenheit ausländischer Truppen, die das Abkommen zwischen Quito und Washington für die Verwendung von Ecuador als Startbasis für amerikanische Drogenoperationen endet.
Die 19 Gefangenen wurden in Chad freigegeben
Ein ægyptischer Befehl hat einen Angriff gegen die Kidnapper der elf Touristen und ihre acht Scorten vor zehn Tagen gefangen.
Sie sind in Cairo.
Die elf europäischen Touristen und ihre acht Ägypter-Score in der Wüste haben zehn Tage am Montag nachmittag in die ägyptische Hauptstadt zurückgekehrt.
Am Morgen wurden sie von einem egyptischen Befehl in Chad freigegeben.
Es scheint, dass die Wohnungen etwa 1530 Stunden an einem besonderen Flughafen an der militärischen Basis von Al-Maza kamen, der am internationalen Flughafen von Cairo angehängt wurde.
Sie wurden unverzüglich übertragen, ohne in der Presse zu sprechen, durch Helikopter in das Krankenhaus in Maadi, ein Wohnsitzgebiet von Cairo, zu untersuchen.
Sie sind in "gute Gesundheit" und "gegen Lösegeld an die Gefangenen gezahlt", erklärte der Ägypter Minister für Tourismus, Zoheir Garanna, auf dem Tarmak.
Am 19. September in einem Safari in 4x4 am Fuß des Berges Ouanat an den Grenzen mit Ägypten, Sudan und Libyen wurde diese Gruppe von Geschäften von einer Versteckung bis zu einem anderen von 35 unbekannten Kidnappern gefangen.
Es umfasst 11 Touristen - fünf Italiener, fünf Deutsche und auch acht Ägypter: zwei Leitlinien, vier Führer, ein Grenzwagen und der Direktor der Agentur Ägyptenus, der Safari-Agentur.
Ein ægyptischer Sicherheitssteller sagte, dass 30 Mitglieder der Spezialkräfte, die zwei Helicopters an Bord hatten, die Angriffe in der Nacht gerade vor dem Abend gestartet haben.
"Ein Feuerwechsel und die Hälfte der Kidnapper wurden getötet, die andere Hälfte floh", sagte der Offizier, der Anonymität beantragte.
Er sagte, dass 150 Mitglieder der ægyptischen Spezialkräfte "Schnellverantwortungseinheit" in Sudan als ganze gesandt wurden, wo sie von den deutschen und italienischen Befehlen unterstützt wurden.
Der Haupt des italienischen diplomatischen Körpers Franco Frattini, wo er gegenwärtig ist, erwähnt die Rolle der Italienische Geheimnisse und Elemente der Sonderkräfte.
"Wir müssen erkennen, dass wir dieses Ergebnis durch die Berufs- und Wirksamkeit unserer Männer aus den Geheimdiensten, von den Sonderkräften erzielt haben", sagte er, ohne weitere Details.
Er verleugnete auch, eine Erlösung zu bezahlen.
Am Tag vor hatte die Sudanische Armee behauptet, ein 4x4-Patrollfahrzeug auf dem Boot zu haben, von dem die Fänger waren, die sechs töten, einschließlich der Chadian-Kopf, und zwei Angriffe.
Die Armee behauptete, sie waren mit einer Rebelgruppe in Darfur, der Sudan Liberation-Moviment-Unity (SLA-U), verbunden, was diese Bewegung unverzüglich verweigert hat.
Briefe - Die Stille Mehrheit der Kultur
Eine Debatte über die Finanzierung der Kultur hat die Hauptlinien erzielt und diese Wahlkampagne erhöht.
Gut.
Aber ein Sektor unseres kulturellen Lebens bleibt immer vergessen.
Wer wird vorausgehen, die Schwäche zu kleinen Musen, Archiven, Archäologen oder nationalen historischen Orten, die für die Finanzierung sterben?
Welche Politik darf die Bundesregierung erinnern, dass sie ihre Gedächtnis- und Erbebauer weigert?
In Quebec, Kanada, haben wir keine wirklichen Gesetze, die unsere Erbe wirksam bewahren?
Wussten Sie, dass die französische Regierung drei und eine halbe Million Euro für die Wiederherstellung des Kastens von Chino in der Loire Valley verpflichtet?
Unsere amerikanischen Nachbarn haben in der Gründung ihres Landes geschrieben, dass der Erbeschutz Teil der amerikanischen Kultur ist, und dass alle Bürger, alle auserwählten und alle Regierungsdeparteien in Zusammenarbeit geschützt werden müssen.
In Quebec, die Föderation der Gesellschaften der Quebec-Geschicht, mindestens 40.000 Freiwillige, die in 211 Jahren für Geschichte, Erbe, Archive und Genealogie zusammengefasst sind, untersucht werden, die Geschichte zu unterstützen, mit Bewahrung, wenigen Mitteln, Stapeln von privaten Archiven und Archäologen zu bewahren.
Sie sind oft die Wachendogs unseres Erbteils, die mit der Energie des Unerwartens protestieren, wenn Entwickler und Konstruktoren ihre Bulldozer gegen unsere alten Gebäude und unsere vergessenen Zimmern anfangen.
Wann wird ein Forum für Geschichte und Erbe sein?
Die Fortis-Bank ist teilweise von der Benelux-Regierung nationalisiert
Die Benelux-Staaten bieten Fortis, die Bank - die erste europäische Finanzinstitute in Schwierigkeiten wegen der nachfolgenden Wirkung der amerikanischen Kreditkrise - durch einen Teilstaatsauskauf. Die drei Länder haben einverstanden, 1 Milliarden EUR in die Banken- und Versicherungsunternehmen zu injizieren.
Am Ende dieser Woche besuchten die Luxemburger, die Regierungen der Europäischen Kommission auf der höchsten Ebene und beteiligten sich mit dem Präsidenten der Europäischen Zentralbank und dem Wettbewerbskommissar der Europäischen Kommission.
Innerhalb der Eurozone ist Fortis die erste Bank durch die internationalen Finanzkrise, die in den letzten 12 Monaten in Wagen angeht, die von einer bestimmten Meinung die Entscheidungen berücksichtigt werden können.
Nach dem am Sonntag nachts vorgenommenen Beschluss wird jede Regierung in Fortis Banken in ihren einschlägigen Ländern eine 49 Prozentzahl annehmen.
Die Bank verkauft bestimmte Teile seiner Stahl, vor allem die Versicherungstätigkeiten, die sie aus dem Du ABN Amro vergangenen Jahr verkauft hat.
Fortis-Aktionen begonnen, die letzte Woche tief zu fliehen, dann im zweiten Teil der Wochezeichen einer schweren Krise in der Gesellschaft.
Anal stimmt zu, dass die Bank - mit ihren 85 000 Beschäftigten - zu groß ist, um Bankrupt zu gehen.
Die Anteile der Bank fielen am Freitag um 12%, das ist das niedrige Rechnerniveau für 14 Jahre.
Der Wert der Anteile wurde seit Januar von zwei Drittländern abgebrochen.
In Bezug auf die aktuellen Lagerpreise beträgt die gesamte Marktkapitalwerte der Gruppe rund 14 Mrd. EUR. Die Unternehmensleiter sagen jedoch, dass dies nicht die Realität widerspiegelt.
Die Verwaltung beschuldigt die Unsicherheit über See - die zum Annehmen des amerikanischen Pakets von 700 Milliarden USD verbunden sind - für den Fall von Fortis-Aktionen.
Die Lager zeigten am Montag einen kleinen Anstieg.
Philip Dierckx wurde am Freitag den neuen Hauptausführer der Bank ernannt.
Das Finanzinstitut suchte auch privaten Kaufnehmern, aber kein Substanzangebot wurde so weit gemacht.
Die Regierung erklärte früher, dass die Investoren keinen Grund haben, ihr Geld zu verlieren.
Es gibt keine Panik zwischen den Kunden der Bank; keine Bankrohr hat stattgefunden.
Fortis hat eine eigene Bankeneinrichtung in Ungarn und hat auch eine Vermietungsunternehmen ausgekauft.
Fox in der Heimhuse
Die amerikanischen Lebens- und Gesundheitsversorgungsgesellschaften verkaufen oft Versicherungen an einige Bürger wegen ihrer Drogenausstattung.
Datenschutzexperten fürchten, dass der Datenmarkt unkontrollabel wird.
"Es gibt ein Datenschutzprogramm, das die Zulassung der betroffenen Person erfordert, um die Daten zur Drogenregulierung zu verwenden.
Es sollte unabhängig sein, sonst wird der Fox das Hähnhaus bewahren", heißt es in der Washington Post-Zusammenstellung, Richard Dick, der Entwickler des Programms, das für die Folge der Drogenvorschriften angewandt wird.
Die Versicherungsunternehmen beschließen die Versicherungsbesteuerung und die Beträge, die bei Schaden, die von der Gesundheitslage des Antragstellers abhängen, bezahlt werden, und wenn sie es zu gefährdet sind, werden sie keine Versicherung gewährleisten.
Die anwendenden Kunden, die zu einer medizinischen Prüfung durchgeführt werden sollen, wurden ausschließlich die Ergebnisse des Vertrags abgeschlossen.
Die Dick hat vor zehn Jahren eine sehr schwierigere Methode entwickelt: auf der Grundlage der Identifizierungsnummer des Kunden kann die Art von Drogen, die der Kunde in den letzten 18 Monaten erworben hat, leicht erkannt werden, sodass das Programm die Folgen seines eigenen Antrags auf die Krankheiten, die der Antragsteller und ihre Gesundheitszustand leiden kann.
Zum Beispiel bezieht sich der Fall, dass der Kunde regelmäßig hohe Dosen von Kohlesterol reduzierenden Drogen in der Praxis auf die Tatsache, dass der Kunde unverzüglich hohe Blutfettstufe besitzt, wodurch diese Person unverzüglich eine hohe Risikokategorie führen würde.
Das Programm hat verschiedene Versionen im Handel, einige von ihnen definieren sogar den Risikofaktor, so dass die Versicherungsgesellschaft nichts anderes zu tun hat, sondern das Papier, obwohl weniger Schwierigkeiten auftreten.
Eine der Schwierigkeiten ist die Tatsache, dass einige Drogen für mehrere Zwecke verwendet werden können, z.B. einige medizinische Formeln behandeln müssen, warme Wagen oder sogar Depressionen.
Der letzte ist ein bedeutender Risikozunahmefaktor aus der Ansicht von Unternehmensversicherungen, während die zwei anderen nicht sind.
Es gibt spezielle Unternehmen, die Daten erhalten und verarbeitet, und sie fragen den Patienten um Zulassung, bevor sie die erforderlichen Informationen aus den Arzneimitteln erhalten.
Sie sind bereits verpflichtet, das zu tun, obwohl ihre vorherigen Fehler nicht gestraft wurden.
Einige Unternehmen verarbeiten sogar die Ergebnisse der gefährlichen Untersuchungen und verbinden sie mit Drogenkonsumsdaten.
Mehr und mehr Unternehmen erlangen Zugang zu den Daten, und im Parallel wird die Kontrolle ihrer Nutzung zunehmend schwierig.
Es gibt einen spezifischen Rechtsakt über den Schutz der Gesundheitsschutz-Daten, die nur gesundheitspflichtige Anbieter und Versicherungsunternehmen enthalten.
Der Rechnungshof über die Überwachung der Behörden über Unternehmen, die mit Datenvorschriften handeln, wurde dem Kongress vorgelegt.
Dick Richard erkennt, dass es nicht genügend ist: daher hat er sein Programm weiter entwickelt, das jetzt die Datenübertragung begrenzen würde, um die Ausdrücke der betroffenen Person zu erfordern.
Es ist jedoch eine weitere Frage, dass der Antragsteller nicht wirklich verfügen kann, sonst werden die Versicherungsunternehmen mit ihnen keinen Vertrag schließen.
Daher wird Hens, in einem bestimmten Grad, weiterhin auf die Wohlgefallen des Zolls abhängen.
Global Marseille
Europäische Union und Indien Doppelhandel
Da die Europäische Union und Indien Handelspartner voneinander führen, wurde auch die niedrige Zusammenfassungsagenda von diesem Thema beherrscht, insbesondere von anderen globalen Problemen.
Heute wird auch eine Französische-India-Summit, vor allem über die Zusammenarbeit der Kernkraft, gehalten.
Obwohl die Europäische Union anerkennen, dass Indien eine schmerzhafte demokratische Weltmacht ist, die in internationalen Angelegenheiten mehr zu sagen ist, sind die Mitgliedstaaten jedoch nicht in der Lage, eine Vereinbarung zu erreichen, ob sie die ständige Mitgliedschaft von New Delhi im Sicherheitsrat der Vereinten Nationen unterstützen oder nicht.
Dieses Thema wurde im neunten Zusammenmit nicht gezwungen, gestern in Marseille organisiert.
Der französische Präsident Nicolas Sarkozy als Rotationspräsident der Union, der Ausschuß José Manuel Barroso und der Auslandspolitischen Chef Javier Solana begrüßte den indianischen Premierminister Manmohan Singh und vereinbarte sich auf mehr als 100 Milliarden Euro, der Handelsfluss in 5 Jahren.
Austausch von Waren von 25 Milliarden bis 55 Milliarden zwischen 2000 und 2007 ist das kein zu ambitiöser Ziel.
Daher wurden 26 bestehende bilaterale Zivilflugkonventionen mit Indien rechtlich harmonisiert, was bedeutet, dass Luftverkehr in Zukunft gewinnen kann.
Indien hat bis Ende 2009 das freie Handelsvereinbarung mit der Union unterzeichnet.
Sarkozy versprochen, die Harmonisierung zu beschleunigen.
Das Ziel ist, das Gleichgewicht zu finden, während Indien einen Handelspartner in der EU nummeriert, gleichzeitig hat New Delhi nur die neunte Stelle auf der Liste der EU-Mitglieder.
Die Gesamtsumme, die auf globale Fragen konzentriert ist:
Auf die Lage in Afghanistan und Pakistan sowie auf den Terrorismus. Die letzte wurde jeder Form von beiden Parteien verurteilt und die Konferenz der UN-Konferenz ermutigt.
Die Ergänzung der Doha-Trade-Runde wurde auch erteilt, obwohl beide Parteien für die Fischerei so weit verantwortlich sind.
Die EU bestätigte, dass sie ihr Energie- und Klimaprogramm bewahren soll, das heißt, dass sie den Luftverschmutzten mindestens 20 Prozent bis 2020 ausschneiden soll.
Indien stimmte mit diesem und mit dem Ziel, ein globales Abkommen an der Klimakonferenz zu erreichen, das Nächstes Jahr wegen der Emission von Eisenbahn von 50 % bis 2050 ist.
Ein weiterer Ziel war, den Wachstum der Lebensmittelpreise zu verhindern und eine Aufforderung zu einer internationalen Konferenz zur Überprüfung der Finanzkrise zu unterstützen.
Der indianische Premierminister geht heute auf eine bilaterale Sitzung im französischen Kapital, wo er ein Abkommen über die friedliche Nutzung der Kernkraft kommt.
Paris erwartet, dass die französischen Unternehmen Verträge zur Erbau von Kernreaktoren in Indien in einem Wert von 20 Milliarden EUR gewährt werden.
Nach Informationen der neuen Agentur würde das Abkommen für 15 Jahre in Kraft treten.
Über dreihundert italienische Editoren in Frankfurt
Strenge Anwesenheit der italienischen Editoren am Internationalen Buch Fair in Frankfurt.
Mehr als dreihundert werden die italienischen Editoren im sechzehnten Jahrestag Buchmesse, das wichtigste internationale Ereignis für den Austausch von Copyright.
Das Internationale Buch Fair in Frankfurt erwartet für diese Gelegenheit über siebentausend Exhibitoren aus 101 verschiedenen Ländern, die die 171 790 Meter aus dem Boden mit mehr als 403 000 Titeln auf der Anzeige befinden, und die Türkei wird die Ehregeist sein.
Francesco Maria Giro, die Untersekretariat für Kulturerbesitz und Aktivitätenministerium, wird die italienische Regierung bei der Einführungszeit der italienischen Pavilion vertreten: Italien wird tatsächlich als Institution mit einem italienischen Stand – 264 Meter Quadrat von dem Ausstellungsraum vorstellen.
Die Pressekonferenz wird in der Raumstruktur von Pavilion 5.0 der Buchmesse sein. Dies wird die Gelegenheit sein, dass die Ziffern, Trends und eine Ansicht über den Status der italienischen Industrie vorgelegt werden.
Nach den Daten gibt es eine progressive Verringerung der Bedeutung von Büchern von ausländischen Autoren in der italienischen Produktion, insbesondere für Erwachsene und Kinder.
Das Plan von Steve Fosset fand die Millionäre verschwunden vor einem Jahr
Die Flüchtlinge des Plans von Steve Fossett, der am 3. September 2007 vermisst wurde, wurden gefunden.
Die Wurzelung wurde auf einer Platte von 3000 Meter hochgefunden, in der Region Sierra Nevada von Mammoth Lakes, an der Grenze zwischen Kalifornien und Nevada.
Innerhalb des Luftfahrzeugs gab es jedoch keine Menschenbleiben.
Der Madera County Sheriff, John Anderson, hat jede weitere Zweifel verworfen: "Der Plan ist gegründet, wir haben ein Team geschickt, und jetzt haben wir Bestätigung, dass es der, an dem Steve Follett fliegt", sagte er in einer Pressekonferenz.
Später erwähnte der Sheriff, dass keine Menschenbleiben auf dem Flugzeug gefunden wurden, noch in der überraschenden Gebiete.
Der Millionär, 63 Jahre alt, wurde im Februar für den Toten erhoben.
Die US National Transport Safety Bureau (NTSB) berichtet, dass ein paar Stunden nach dem Wreck ein Forscherteam eingereicht wurde, das dann die Luftkreis identifiziert hat: das ist die Bellanca 8KCAB, die seit dem 3. September 2007 vermisst ist, als Fossett für drei Stunden von Yerington in Nevada weggenommen wurde.
Gäste, immer in Kalifornien, nicht weit von der Grenze mit Nevada, wurden von einem Paar in der Nähe ihres Hauses in Mammoth Lakes von persönlichen Effekten gefunden.
Die Elemente sind zwei Dokumente im Namen Fosset, beide ausgegeben von der Federal Luftfahrt von Illinois, einigen Käse und einem Süßshirt.
Die Suche nach Fosset wurde ein Monat nach seiner Vergangenheit angerufen.
Der Millionär hatte sich in historischen Parks in einer Reihe weltweiter Registrierung gewonnen.
Im Jahr 2002, bei seiner sechsten Versuchung, wurde er der erste Mann, um die Weltreise in einem heißen Luftballon zu vervollständigen: ein zwei-wöchentliches Solarflug.
Drei Jahre später machte er die Weltreise durch einen Flug ohne Landung.
Unter seinen vielen Aufzeichnungen fliegt es auch um 15 445 Meter über die Andes, aber mit einem Co-Pilot.
Glk, die Werbung, die Sie nicht erwartet
Eine SUV, die außerhalb der Normen mit einem ursprünglichen Entwurf definiert durch entscheidende Linien, Füllflächen und reine Schnittze.
In kurzem ist das GLK, das zuletzt hinzugefügt zu den "kompakt" Abwegfahrzeugen aus dem Sternhersteller, mit dem Mercedes-Benz versucht hat, in diesem Sektor fressen Luft zu lassen.
Da seine Eigenschaften aus den traditionellen Normen sind, wird die Meldung, die mit der Einleitung des GLK SUV zusammenhängt, auch unerwartet und unvereinbar, in Mercedes-Benz-Shows wie seit dem 17. Oktober verfügbar sein.
Die Werbungskampagne, die die Beginn des neuen Fahrzeugs begleitet, wird also eine neue Kommunikationsmethode entwickeln, die auch eine künftige 3D-Billboard-Kampanje einschließt, die für das erste Mal in Italien durch ein Automark verwendet wird.
Ein Projekt von großen Blättern, das in drei verschiedenen Phasen bewegt wird, wird bis zum 15. November die zentrale Milanische Kaufstraße, Corso Como, beherrschen.
Die erste Phase dieser neuen Kommunikation wird mit einer Präsentation des Autos in stereoskopischen Vision beginnen, und Stönke zu speziellen Glasen, die in der Nachbarschaft von Corso verteilt werden, wie es möglich ist, das neue SUV in wahrer Größe und 3D-Format zu sehen.
Tatsächlich, wenn man auf das Bild anschaut, wird man das Gefühl erhalten, dass das Auto aus dem Poster protrudert.
Danach wird durch die Nutzung der innovativen Technologie Elumina 8 alle Details der neuen GLK in verschiedenen Fällen belichtet und dann als ein einziges Bild wiederhergestellt.
Ohne Zweifel versucht Mercedes durch diese Werbung etwas Neues im konventionellen Bereich der automobilen Öffentlichkeit einzuführen.
Wird es mit diesem Formular erfolgreich sein, den Interesse der künftigen Kaufnehmer zu verursachen? Wir werden sehen.
Hier sind die italienischen Hooligans
der Tri-Veneto, verpflichtet, von der Beteiligung von Sportfestigungen (Daspo) zu verbieten.
Aber wer sind die 150-200 Personen, von denen Italien jetzt schämt? Sie sind Teil der Gruppe "Ultras Italien", die seit Jahren den nationalen Fußballteam unterstützt hat und bisher die Wahrheit bekannt ist, hat nie große Probleme geschaffen.
Es ist auch nie mit gegenwärtigen Fans geklaut.
Die Ausnahme der Gruppe ist ein richtiger Wing.
Die Promotoren sind aus Tri-Veneto.
Von Verona, Padua, Trieste und Udine.
Diese wurden von einigen kleinen Gruppen (in Wirklichkeit, sehr wenige Mitglieder) aus Campagne und Puglia angeschlossen.
Sie haben dreifarbige Flags mit der Stadt der Herkunft der Soldaten über sie: am Samstag wurden sie weggenommen, damit sie nicht identifiziert werden konnten.
Sie nehmen ihre Ideen von englischen Fans auf.
In Bulgarien fanden sie Unterstützungskräfte, die wirklich Nazis waren, die Levski-Gruppe.
Die FIGC hatte die italienische Fans 144 Bickets für die Zusammenstellung gesetzt: alle Personal, also leicht überprüfbar.
Und das Ministerium des Binnenmarktes in Viminale hatte sie alle überprüft: unter diesen Gruppen, die nach Sofia gehen, wurde niemand verboten, keiner zu einem Studium verboten.
Vier italienische Unterstützungsträger, die vorher gebundene Kriminalitäten hatten, hatten in Wirklichkeit Tickets gefördert und nicht gegangen.
Jetzt wartet der Ministerium des Binnenmarktes auf das Lesen der amtlichen Registrierungen, die von der Bulgarischen Polizei vor der Annahme von Schritten kommen sollten. In diesem Fall ist es möglich, mindestens fünf Jahre zu verbieten, die in Angriff genommen wurden oder bei den Verletzungen identifiziert wurden.
Eine internationale Beseitigung, die die Beteiligung nicht nur in Italien, sondern auch in ganz Europa bewirkt.
Unsere Hooligans würden kurz nicht ein anderes Stadium eingehen.
Glückwunsch.
Aber jetzt gibt es Furcht vor Emulation: das ist, dass andere mit diesem weniger als hundertfünfzig zugehören.
"Wir müssen diese Konflikte unverzüglich entlegen und diejenigen nicht legitimieren, die in dieser Phase wandeln", behauptet der Ministerium in Viminale.
"Ohne öffnen vor allem, seit es das Nationale Team am Mittwoch in Lecce spielt."
In Puglia gibt es in der Tat ein kleiner Kernel von Ultras Italianern.
Morgen treffen die Beobachtungsstelle am Dienstag die CASMS, die auf einem Abschnitt der AISE zählen kann, das ist der Geheimdienst, der genau die Probleme in Stadiums behandelt.
"Die Krone Duce-Duce und die Armstrecke haben während des Mameli-Anthems ausgegangen? In Bulgarien ist es kein Verbrechen..."
Dies sind die Gedanken (ausdrücklich mit großer Enttäuschung) von Domenico Mazzi, der vor einigen Wochen der Viminale-Beobachtungsleiter ist (wird er die Post erst von Francesco Tagliente und dann von Felice Ferlizzi erzielt).
Vorher war Mazzi Kapitän der Polizeiverwaltung in Trieste, wo im Jahr 2002 ein Nuklear von Ultras Italiens-Unterstützern ist.
Es ist wahr, sagt Mazzi; in Bulgarien ist es kein Verbrechen, den Dutzend zu singen, aber sicherlich ist das Verhalten dieser 150-200 Fans verletzt worden.
"Ich bin kein Soziologe - fügt die Nummer 1 des Beobachtungswesens hinzu – die Verbrechen sollten in dem Land eingeschlossen werden, wo das Unfall auftreten sollte.
Bisher ist diese Gruppe in den Zeilen verbleibt, wir werden jetzt sehen, was wirklich geschehen ist, und wir werden sie für zukünftige Referenzen beurteilen.
Aber lassen wir uns auch über das Whistling der Mameli-Anthem sprechen: das ist auch kein Verbrechen in Bulgarien, aber, wenn ich zu sagen gestattet bin, ist es nicht gute Arten ...."
