V Austrálii jsou populáři spravedlivý triumf, které mají celkem 29 %
Podle prvních předběžných výsledků prvních výběrů v Rakousku vzniklo, že oba strany v současném velkém koalici a významné výzkum pro pravovědné populářské strany.
Austrské lidské strany (ÖVP), kde je poloha současného hlavy, Wilhelm Molterer, velmi zamilována, trpěla zvláštně velká ztráta.
Naopak, vedoucí kampaň Společnosti pro budoucnost Austrálie (BZÖ), karinťský vládař Jörg Haider, připravuje triumfantní vrácení k národním politikám.
Podle předcházejících výsledků zůstala sociální demokrační strana (SPÖ) nejsilnější v zemi s 29,8 % hlasů, ale ztratila 5,5 % hlasů od posledních voleb v roce 2006.
ÖVP, která s 25,6 % ztratila skoro devět procent hlasů, ztrátila ještě horší.
Tyto jsou největší výsledky obou velkých stran v Austrálie a zejména pro lidské strany, která nabídla dřívější volby, je to doslovně katastrofální výsledek.
Na začátku července, když ÖVP opustil koalici, Lidská strana stále měla významný přívod na SPÖ v půlnách.
Hlasovače je však zřejmě trestovali za to, aby vláda byla uvolněna.
V prvních reakcích na výsledky byly již spekulace o možném odmítnutí hlavy strany a současné řetězce Wilhelm Molterer.
Upozornění předpokládají, že by to mohlo být tak brzy, jak na výjimečném zasedání strany v pondělí.
Takový vývoj by určitě zjednodušil cestu k zvýšení pravděpodobnosti z výběrových výsledků, tj. obnovení velkého koalice SPÖ a ÖVP.
Vzhledem k tomu, že oba populární strany - strana svobody (FPÖ) získala předběžnou 18 % a BZÖ jedenáct procent hlasů - ale v též době vyjádřily sociální demokraty strach o opakování roku 1999, kdy se Lidská strana dohodla s lidmi (FPÖ stále sjednocena, zrušovala se z BZÖ v roce 2005) o společné vládě, která konečně způsobila sankce od Evropské unie.
Haider, který již oznámil, že je připraven spolupracovat s jakoukoli stranou a že se vrátí do Vienna do národních politik, je zřejmě bankovat na tomto rozvoji.
Zelená strana se také dostala do parlamentu, ale utrpěla malá ztráta a padla od třetí do páté místo mezi auštickými politickými stranami.
Je zřejmé, že žádná z ostatních stran neobsahovala značku čtyř procent a došlo do parlamentu.
Schwarzenberg: Spojení s Indií by mohly ztrácet
Podle ministera zahraničního Karel Schwarzenbergu, pokud není možné řešit problém České vědecké vědecké vědecké vědecké vědy, které jsou v Indii s nelegální sbírkou betelů, by mohlo být určité zhoršování české-Indianské vztahy.
ministr prohlásil tuto prohlášení v New Yorku po dnešním shromáždění s jeho indiánským protiúčastníkem Pranab Mukherjee.
"Kdyby to nebylo řešeno, tak ano, pak by se stalo určité zhoršení," říkala po zahájení z České strany.
Po pohovorech Mukherjee řekla, že je těžké pro prováděcího záležitosti intervenovat v soudních záležitostech.
Nicméně řekl, že v případě Petra Švácha, která byla vyčištěna z povinností a byla trestněna, může centrální vláda vyjednávat s místním vládou v Darjeelingu, pod soudním soudním soudním záležitostem.
"Její problém by mohl být řešit," řekl ministr.
Podle Mukherjee bylo by to nejlepší pro Emil Kuchera, který byl trestný na tři roky ve vězení, aby se na vyšší úřady uvedl.
Pak může požádat, aby byl vysvobozen na odpočinek a čekat na soud venku vězení, vysvětlil.
Schwarzenberg potvrdil, že jeho partner to také říkal během jednání.
"Přeporučuje, aby se odmítl na vyšší soud, a pak by mu mohlo odpustit," řekl hlava české diplomace.
Jediný způsob, jak česká strana může být v celém záležitosti řečená osoba, která má "kompetentní právní podporu", řekl indiánský ministr.
Ve stejné době řekl, že Indijská strana již je poskytuje s pomocí tohoto typu.
"Je v našem největším zájmu udržet nejlepší vztahy s Indií, které mají dlouhodobou tradici.
Indiáni to taky věnují," řekl Schwarzenberg.
V též době, jak řekl české tiskové agentury, zdůraznil před svým partnerem, že Česká republika založila velkou záležitost na problému českých entomologů.
"My skutečně považujeme za zatčení a nakládání těchto české vědeckých vědců za hroznou chybu," řekl.
Minister odpověděl na otázku, zda mu bylo přijato slib od indiánského strany projevit tuto otázku.
Říkal jen: "Já jsem dostal pár slibů."
České reference pro oceánový flot
Krok na elektronickou stěnu nakreslící a oblastí mořských oblastí.
Nicméně se nezajímá o kontinent, ale v malém místě ztracené v modrém oceánu.
"Toto ostrov, a s ní je oceánový flot, který ji vytváří, patří k tomu.
Ve stejné době je tato oblast stejně velká jako sám kontinent," říká italský právník Luigi Santosuosso, který patří týmu třicet členů zaměstnanců OSN pro oceánové záležitosti a zákonu moře.
Jeho šéf, ředitel dělení, český právník Václav Mikulka, následuje to, co říká a často přidá něco.
Zest a enthusiasmus pro práci jsou tady dominantní.
Oceánový flotter je tak malý známý svět bohatý v přírodních zdrojech.
Je možné nalézt olej, ury a jiné mineraly, ale také tak daleko neznámé živé organismy, které drží klíč, například k rozvoji lékaře pro rakovinu.
Květiny větší než kontinent
V současné době dnes zemí kostalé začaly vážně soutěžit pro novou podvodu.
Toto je, podle dohody Spojených států, které používají práva, o které se dohodli v roce 1982 v Montego Bay v Jamajce.
Toto je především oblast tak nazývaného kontinentálního řetězec, který často dosáhne do několika sto kilometrů od pobřeží dané země.
Podle dohody má tato země právo na všechny zdroje kontinentále.
"Vzhledem k tomu, že kontinentální řetězec je považován za součástí oceánu, který je přírodní pokračování kontinentu pod mořem a jeho substratu.
Došlo mimo e čínské moře, často dokonce i navíc dvou set nautických kilometrů takzvaného hospodářského oblasti," vysvětluje Mikulka.
Požadavka, kterou dáná země předkládá Komisi o limitech kontinentalního řetězec, musí být podporována vědeckým a technickým dokumentácím řešením mnoha nákladních šetření a měření.
To je výsledek mnoha let připravených práce.
"Jeden z našich úloh je poskytnout výboru právní a specializované technické pomoci.
Výbor se proto rozhodl o pět žádosti od Ruska, Brazílie, Irska a Nové Zélandu.
Pouze poslední tři z těchto zemí byly úspěšně tak daleko," dodává Mikulka.
Nedávno byl úspěšný úspěšný, který byl prvním rozšířením jejího podvodu, zaznamenán na celém světě.
Nová Zelanda však také vyhrál - oblast oceánu, která je přidělena výborem přibližně 1,6 milionu čtverečních kilometrů, což je téměř šestkrát větší než velikost země.
Oba zemí investovaly miliony dolarů do vyšetřování.
Výhoda, která bude využít moře v budoucnosti, bude, doufají, bez ceny.
Jiné země budou také postupně předkládat své žádost.
Mají až deset let od té doby, kdy to udělají "Montego Bay Dohodu".
Kdy se končí kontinentní řetězec, oblast oceánu oznámená dohodou, že "oblíbený dědictví lidstva" začne.
Tady žádná země nemá žádné místo.
Snížení práv v této oblasti je uděleno prostřednictvím dohody stanovené mezinárodními institucemi.
"Ale oceánový potok není Klondike," říká ředitel Mikulka zdůrazně, přičemž dodává, že jeho "individuální oblasti jsou legalně jasně delimitovány a jejich režim je zneužíván do smlouvy."
Česká řetězec
Součást oceánu je nyní patří České republiky.
Sdílí se to s jinými zeměmi z předchozího východního bloku jako součástí společné organizace "Interoceanmetal".
Tato organizace, jako jsou investoři několika malých zemí, získala v roce 1991 stav takovýho nazývaného "investéra".
Je povoleno na mém v oblasti ́rionClipperton v Oceánu, který leží mezi Mexiko, Hawaii a Kiribati.
Oblast, kterou vyšetřuje investor, je trochu větší než bývalý Českoslovacký.
Oceánový pole je zastřelený, je to nějaký model podvody Tatra hor.
"Je možné, aby se tam na celkovém oblasti umístělo 75 000 čtverečních kilometrů.
Oblast je bohatá místnost pro shromažďování polimetálových konceptů obsahujících nikel, koper, kobalt a manganeze," říká jiný právník, Pakshi Rajan z Indie.
Advokát z oddělení, Rober Sandev, přináší takové koncepty.
Vypadá to jako malý potato nebo, s trochu fantastickým, mytickým schemem, který podle legendy přivedl Golem do života.
Německé zvláštní síly přítomné v Hostage zacházení
Ve řešení krize hostství Egyptská vláda požádala o pomoc od Německa, která byla poslana do expertů.
Když se push přišel na loupež, zvláštní síly byly připraveny, ale jejich služby nebyly vyžadovány na konci.
Více a více podrobnosti se objevují o okolnostech, které zvyšují osvobození jedenáct evropských turistů v Egyptě.
Podle německých Federačních ministrů obrany a vnitřního vnitřního práva Německo zvláštní síly nepřímo udělily účast v záchranné misi.
Speciálníci Federálních zbrojných sil (Bundeswehr) a členové Německé Federální Police (Bpol) a jeho GSG 9 a zvláštní jednotky vzduchu byly přítomné na záchranu, říkají ministéři v pondělí noci, jakož i členové Federálního kriminálního úřadu (BKA) a logistické eksperty agentury technického odpovídání (THW).
Německé síly však nebyly vyžadovány, protože vězňáci opustili své zástupky a utekli, když se uvědomili, že zástupce budou mít sílu.
Egyptská vláda přijala podporu, kterou Německo nabídla, aby věřila německé síly jako záchranu během operace.
`L'kdysi to nedošlo k tomu," řekl slovník Německoho Federálního ministerstva vnitřního.
Trvalá skupina sestavena z pět Němeců, pět italců, Římanská žena a jejich osm Egyptských spolupráci byla zpracována a zrušena dne 19. září v jižním Egyptě.
Po převrácení v poušťové oblasti v jihu Egyptu byly obyvatelé zpět a vráceny do hranice mezi Egyptem, Libyí, Sudánem a Chadem.
V dnešní době je identita držitelů zůstává neznámá, jakož i podrobnosti o záchranu nebo možných výkupech.
Dřívější hosté se dostali bezpečně a zvukně v Cairo, v průměru.
Německý ministr zahraničí Steinmeier řekl, že jsou důvěřováni ohledu německého zástupce.
Nepřipomínal o podrobnosti záchrany.
V Berlinu nebyly podány okamžikové informace o jejich vrácení do Německa.
Podle německého časopisu `blad' , pět turistů a zvláštní síly by měly napravit Airbusem Německé letecké síly, který je řízen přijít v neděli v Německu.
Spojené státy představitelů odmítají Bailout
700 miliard dolarů balíčku pro finanční trhy se nepředstavuje v prvním z dvou pokojů kongresu USA.
Dow Jones si vzal nos.
S hlasem z 227 až 206 proti, Zjednotné státy představitelů odmítl balíčku vlády pro finanční trhy.
Všechny náklady předsedající George W. Bush a vedoucí úředníci obou stran, přesto nebyly dosaženy většina programu, který byl cíle obsahovat chaos na finančních trzích.
V dramatické kampaně podporovatelé se snažili přesvědčit kritéria plánu 700 miliard dolarů.
Barney Frank, jeden z hlavních demokratických projednávatelů, zavolal zástupcům za schválení, i když to byl neplán.
"Je těžké získat politické schválení, aby se zabránilo něco, co se ještě nestalo," udělal.
Zatímco hlas byl stále podléhající, Dow Jones viděl, že vysoko šest procent, nebo 600 bodů.
Bylo to způsobeno investorům, že vládní balot může zmizet.
Vrátil se brzy před koncem hlasu, pouze při veřejnosti odmítnutí.
Experti nyní očekávají další těžké neštěstí na mezinárodních finančních trzích.
Pro provádění plánu je nezbytné schválit dům zástupců a senátu.
Zvýšit zprávu cestovního věku v rezervaci
Bude to dobrý zim pro Německo cestovní věk, jasně:
Jedna vyšetřování říká, že obrácení rezerv pro příští měsíce zvýšilo významně proti předchozímu roce - na zimní sezonu o 30 procent, dokonce.
Přestože prohlídky slabého hospodářství, Německo se zacházejí na cestu, říká vyšetřování.
Pro rezervace během zimního sezonu vidělo cestovní věk zvýšení o 31 % v oblasti stejného období předchozího roku, že Německo cestování (DRV) hlášeno v Berlinu v pondělí.
Podle tržní výzkumné společnosti GfK se v průběhu dvou měsíců také zvýšilo.
V říjnu 2007 se DRV řekla, že cestovní věk viděl zvýšení v oblasti obrácení aplikace 11 %.
Výsledky jsou na figurách GfK, která zpracuje údaje o rezervaci 1200 Německově cestující věku každý měsíc a používá je k vytváření projektů na trh jako celkové.
Včetně cestujících rezervací provedené do srpna 2008.
Vzhledem k slabému dolaru, zvláště cestování do Spojených států, řekla DRV.
V tomto oblasti se záznamy zvýšily většinou třetiny aplikace.
Navíc vyjádřila Španělsko, Tursko a Řecko jako populární mezi Německy a domácími regiony.
Všechny cesty byly zvláštně hledány, řekl prezident DRV Klaus Laepple.
Ve světle zvýšení cen energie a potravin, jejich náklady byly pro klienty více vypočítatelné než o jednotlivých organizovaných vakuacech," řekl Laepple.
Použitelé by mohli zachránit peníze prostřednictvím dřívějšího počtu nebo všech-počátků, mezi ostatními, řekla Laepple.
Protože letní měsíce byly velmi dobře zaznamenány, a taky by měly být další zvýšení v obrázku před předchozím rokem, řekl - ačkoli další výzkumní zprávy o tom, že počet cestujících Německo snížil v porovnání s předchozím rokem.
Moje první doba na pár říjnach
Spring-break- a post-ski-style se v opakovaném režimu, pivo z jednolitrových mug a celebrity v Dirndln designeru.
A Wisn Debut.
Technicky, Susanne Kronzucker a já nemáme moc společného.
Je blondý, televizní host a nosí děvku Dirndlu.
Mám tmavé vlasy, jsem student a moje oblečení je druhá ruka.
Ale je to jedna věc, která nás připojuje: My jsme byli na Wiesnu jen tři minuty, a fotky už se kolem nás střílí a střílejí, naplňují jejich paměťové karty - velmi zábavné, a to je moje první návštěva na Wien, aby začít.
To je to, co děláte přátelé.
Velký Dirndl se zdá, že dělá svou práci.
Pro Wiesn turist vůbec sever `Weisswurst equator', že komfy cítí, že nosí tradiční bajanský řetězec, mělo mnoho chtít do dnešního dne.
Ale když se dostala do Theresienwiese, není to tak špatné jako to všechno.
Skoro každý nosí Dirndl nebo Lederhosn; nikdo se neobtěžuje nebo zklamá - je to vůbec normální.
Jenom můj Dirndl aplon nakreslil divné sklenice na prodejci čokoládu-banánu.
Žena Munichova přivedla ke mně pozornost, že jsem uchýlil řetězec nešlechetnou cestu: "Dostupná nalevo, dívka v středu, spravedlivá, vdova zpět."
Děkuji, že si vytáhnu levo zpátky.
Říká, že se cítí o pravdu a se směje.
Jiní jsou méně zajímavé s subtle flirtujícími techniky a nosí jednoduché cítání, které říkají , příliš pěkné, aby se oblékly a bez povolení, ukazují lidi své hladiny vzadu.
Mladý muž s exhibitovým stavem se jmenuje Bob, je z Anglie, a je to poprvé na října, taky.
Je to hrozný, s dlouhodobým.
Říká mi to, poté, co se odvedl z "Masse" předtím.
Blízko jedné z těchto požárních plugových plugů, které se všichni chybí pro odpady.
Takže Bob je jedním z těch velkých Wildbieslerů.
Jiní nejsou dost šťastní, aby ztratili alkohol v tomto fázi.
O osm hodin v noci, počítačové výsledek paralezníků se ztrácí na místě, přichází k chudým zvířatům.
Lékaři vždycky vypadají v balících - vždy čtyři najednou, vedoucí pokryté řetězec od stánku do stánku.
Pracuje jako s většinou Wisnové návštěvy: Když je prázdné, vyjdou, a když je plné, vrátí se.
Nevidíte, kdo je uvnitř BAC.
"To jsou ty, kteří už nemohou vzít." Jeden z paramédiků křičel, když jsem ho zeptal o tom, zmizel v hrodě.
Oběť jmenovaná policie
Nazvala se 63-letná pedestrianka, která zemřela v nemocnici po zabití vozidla v Essexu.
Carole Paulson z Chelmsford Street v Brentwoodu byl v nehodě na pátek popoledne na Shenfield Street v městě.
Byla odvezena do královské nemocnice, Romford, ale později zemřela.
Po nehodě byl zatčen 51-letého muže na podezření, že je neopatrný.
Od té doby byl vysvobozen na policii.
Rozšíření diplomatických horizont v Tursku
Dlouho předtím, než Turecko se snažila přistoupit k Evropské unii, evropské moci by se chtěly hluboko penit do Turecka.
Na východní straně Bosporusu, možná jen 20 kroků do Asie, stojí jeden z nejlepších reliků tohoto císařského ambice.
Hydarpasha byl napraven dvěma německými řetězecmi Otto Ritter a Helmut Conu v neo-renaisance.
To je alespoň to, co ti říkají vedoucí knihy.
Budova sedí na konci platform s věžem na každém předním úhlu, který hledá celý svět jako nějaké provinciální Německo město.
Kmen je pěkný.
Celá budova trochu zneužívá.
Ale jednou v otráveném kanceláři, není pochyb o velikosti podniku, na kterém toto bylo nejzápadnější brány.
Stanice byla otevřena v srpnu 1908 Německo konsortium Anatolia-Baghdad Corporation.
Německo, letadla do císařské hry, chtěla zjistit své ambice dominovat střední východ prostřednictvím této železniční cesty, která běží do týku, Baghdad, a kromě toho, co dnes je Saúdská Arabie.
Ale císařské ambice Německa založené během první světové války.
Jeho železniční stopy byly napadeny Lawrencem Arabie a jeho arabskými neregulárníci.
Relativní izolace z jejího oblasti, která je zamrzlená hranice chladné války, je pryč.
Britské a dominační síly vycházely z Egypta a zbavily Turky a jejich německé společenství z Palestiny a včetně některých z nich.
A byl také špatná zpráva pro Hyderpasha stanice.
V roce 1917 zničila vlajka amunicí, která zničila svou vytvářenou zbraň.
Turské zdroje říkají, že to bylo sabotáže.
Od té doby se odtud pomalu zmizelo, velice překročilo historii.
Ale dnes, tato železniční brána do Anatolie a všechna bodů východu, slouží - alespoň symbolicky - pro zvýraznění rozšíření diplomatických horizont v Tursku.
Spravedlná strana spravedlnosti a rozvoje - AKP - vytvářela celou novou zahraniční politiku pro země.
Relativní izolace z jejího oblastí, která je zamrzlená hranice chladné války, je pryč.
Nyní je nová politika závazku.
Týrská vláda má pozorně dobrý vztah s Izraelem a ○ou, s paletinskými číslami Hamasa a Fata, s Irákem a Iránem, a samozřejmě s Evropskou unií a Spojenými státy.
Pro získávání parametrů této nové zahraniční politiky jsem nastal nočního spácha do Turské kapitálu Ankary, aby navštívila jeden z vedoucích zahraničních expertů AKP, Turské MP Suat Kiniklioglu.
Další ráno - asi deset a půl hodin později - po žárovském cestování po stopách, které vyráběly staré světové kalendáře dokumentačního nočního pošty, jsem přišel do Turské kapitálu - nabídl jsem jako nový město pro nový sekulářský úmysl, aby se vrátila do Otmanu minulosti.
Ale AKP se svými dobře známými islámskými koreny představuje paradigmní přepínač v turském konsensu.
Požádal nějaké podezření na západu, zvláště v Washingtonu.
Taxi mě vzal do hlavních čtverečků AKP, ultramoderní kámen a ocelové struktury - cíle-builty - v rozvojovém suburbě, vysoce vybudovaném nakupovacím centrumem a silným patřesem, kde střední správce v obchodních pastvach - mužů a žen - se setkají s ráno ráno.
Suat Kiniklioglu by mohl být politickým centrálním právem z téměř jakýchkoli jiných politických stran v Evropě.
Slušně, teta, jsem si jistý, že si dokonce zabalil Blackberryho.
"Změna zahraniční politiky strany je nyní reintegrovat Tursku do svého přímobního sousedství.
Chladná válka byla neobvyklá," řekl mi.
Turecka byla vytržena z jejího území.
Dnes se muselo dívat východně a západně stejně.
To nebyl případ jednoho nebo druhého.
Mělo to udělat oba.
"Ale jistě v nějakém případě," zeptal jsem se: "Turky by mohlo být vybírat?"
"Turkey," řekl, "nechtěla jsem to vybrat."
Potom zdůraznil to, že téměř každý, kdo jsem mluvil s námi, je téměř v cestě: Turecké spojení ne pouze na střední východ, ale na Caucasu a na Černé moře je tolik pro užitek Evropy a Spojených států, jako jsou do Tursku.
S Turkou se zdá, že tato zpráva zdá se, že Evropa může metaforicky řídit tyto železniční čáry na východ do Asie a Středního východu.
Vrátil jsem se na Hydarpashové stanici, po dalším velkým bezspatním noci, a pomyslel jsem si o těch dvou německách pan Ritter a pan Conu, kteří pozorovali, že tato budova byla stavena před 100 lety.
Jak překvapení by se měli zjistit, že ambice středního východu Evropy mohou být v rukách Turky.
A jak jsem čekal na terminálu, aby mě vzal zpátky přes Bosporus, připomínal jsem, že v těch dnech byla vždycky nazvána Turecka "zlepšího muže v Evropě".
Pak se zdálo, že nemá pochybnosti o tom, na jaké kontinentní kontinentě by mělo vyjádřit tento fascinující země.
Život vzpomíná: Vernon Handley a William Woodruff
Mark Brown píše: Jako Guildfordův hudební ředitel od roku 1962, Vernon "Tod" Handley (obituární, Sept 11) měl závislost na Guildford Philharmonic Orchestra a Choir.
Jako součástí jeho hudební schéma pro břehu, v příštím roce založil svůj úžasný mladý chrám, Proteus.
Mělo by to být za pod-21, ale v té době, kdy Proteus zpíval svůj konec v roce 1979, některé z nás byli v posledních dvacet letech - jsme prostě mysleli, abychom se vysvětlili.
Jméno "Proteus" (mitologický proměnný formát) představoval ochotnost a schopnost choiru zaměřit na to, co mu byla předložena, jestli mádrigal nebo Mesiáš, nebo nepřipojena nebo s plnou orchestra.
Hudební zásadnost vyrobená takovým mladým kouřem byla často překvapená, vždy vzbuzující, a vždy vzrušující, a byla to vždy kvůli inspiraci toho muže a enthusiasmu pro hudbu, která zůstala absolutně konstanta celé roky.
Jak často nás Tod říkal "nech hudbu pro sebe mluvit".
On by řekl: "Soustavitel ví, co chce.
To je všechno v hudebě.
Tak to zpívej!"
Jeho batonová technika byla absolutně jasná a přesná, ačkoli nikdy nebylo diktatoriální ani květinováno.
Cokoliv hudební standard, vždycky ho vyvýšil ještě vyšší.
John Frayn Turner píše:
Kdyby byl nějaký řidič zničen, byl by Vernon Handley.
Poznal jsem ho dobře během dvou dejů, které řídil Guildford Philharmonic od roku 1962 do roku 1982.
V minulých 40 letech jsem přezkoumala více než 100 jeho koncertů a mohu upřímně říct, že jsem nikdy nebyla znepokojena jediným - a mnohokrát inspirována jim.
Tod Handley měl tu zvláštní kombinaci velkosti a osobní modestii.
Nenáviděl řidiče, kteří, v jeho slovech, prostě "hovkovali jednou nebo dvě dobře známé války na světě".
Mnoho z nás ho ztratí.
William Woodruff
Profesor John Beckett píše:
Váš obyvatel Williama Woodruffa (sept 25) uvádí, že „v roce 1946 získal hospodářskou historii v Oxfordu a v roce 1950 se stalo Houblon-Norman výzkumem... zatímco stejně studoval pro BSc, MA a PhD“.
To je z poznámky Woodruffova autorského autora v Během Nab Konda, ale to není správné.
Od roku 1946 až 1953 byl čtenářem hospodářské historii v Notinghamu, v němž dokončil FD tesi na britském průmyslu, sledovaným profesorem J. D. Chambersem, a později zveřejněn v roce 1958 jako Britský Ruber Industry.
Vydal v USA v roce 1950-51 na Houblon-Normanské spolupráci, a v létě 1952 na univerzitách Illinois, Harvard a New York.
V roce 1953 nechal Notingham stále pro Illinois.
Proč Woodruff vybral svát nad tímto částí jeho kariéry je neznámý.
J. Vincent Resino na fakultetě Philologie
"Přeporučuji vystavení José Vicente Resino "Flamenco y life", protože jeho černé a bílé fotografie, které jsou uloženy v dokumentární, jsou úžasné.
Obrázky mě upozornily kvůli jejich jednodušenosti a síly, které přenesly, vždycky léčba předmětů s zvláštním pozorností.
Vystavení, která vykonává hluboké pocity.
Resino mohou chytit magické chvíle."
Druhý útok pro Hondurasovo superprodeje
Následující listopad Hunda zaháje trh druhého modelu Jazz.
Pokud byl předchozí model již označen vysoce obvykle, tento nový minivan má vnitřní široký prostor.
Kromě toho je vybavena pěknými mechaniky, které zvýší potěšení a umožňuje zachránit palivo.
evoluce místo revoluce.
Tohle je druhá generace Honda Jazz.
Zatímco nový Jazz vypadá jako předchozí model, změny přivedené minivanu jsou mnoho.
Mezi ostatními je to zdůrazňování svého inovačního projektu, nové platformy, větší velikost a dost nové mechanismy.
V každém případě, před tím, než se pohybujete na analýzu nového modelu, může být užitečné ukázat, že tato nová Jazz přichází pouze šest let po vstupu první generace.
První připomínka by proto měla být považována za to, že Honda obnovila tento model rychleji než ostatní společnosti.
I když je v Evropě model Jazz menší znám než v jiných trzích, zůstává skutečnost, že je prodejní.
Toto je případ Japonska, kde Jazz byl nejlepší prodejní auto v roce 2002 a také v tomto období 2008.
Přesně tam, bylo prodáno skoro milion jednotek Jazz od spuštění modelu.
Druhý trh byl Starý kontinent, s asi polovinou milionu jednotek prodejených za šest let.
I přes tyto čísla, Honda si myslí, že tento nový Jazz zvýší své prodeje v segmentu.
Pokud tedy v roce 2007 Japonská společnost prodá celkem 83 000 jednotek tohoto modelu, v roce 2009 považuje za asi 100 000 automobilů, které předpokládají, že je možné zvýšení prodeje o 17% pouze na evropském trhu.
V rámci španělského trhu prodal Honda celkem 8,000 jednotek Jazz od roku 2002, což odpovídá 6,7 % celkových prodejů pro společnost v Španělsku.
S přijetí nové generace, odpovědný za společnost v Španělsku očekává, že v průběhu jednoho roku prodeje okolo 2.000 jednotek Jazz.
Přijetí nového Honda Jazz bude možno, snížením prodeje v Španělsku do velkého rozsahu.
Vlastně poskytnuté osoby pro znamení očekávají, že do konce roku se celkem 22 000 jednotek prodáno, což je 4,000 jednotek menší než v roce 2007, snížit o 16 %.
Vzhledem k zvýšení prodeje Honda také zvýšila tržní součást v Španělsku a dosahovala 1,8 %, v porovnání s posledním rokem 1,6 %.
V též době Japonská společnost očekává, že v roce 2010 dosáhne 2 %.
Aby to dokázala, Honda je důvěrná v jiném novém modelu jejího.
Toto je Insight, hybrid pětúrů kompaktní auta, 4,37 metrů dlouho. Japonská společnost doufá, že v průběhu jednoho roku prodej asi 200 000 jednotek tohoto modelu na světě.
Podle odhadů trhů a japonských výrobců, 50% prodeje Insight přijde z Spojených států, zatímco zbývající 50% bude z Starého kontinenta a Japonska.
Komerční spouštění Insight je plánováno na začátku příštího roku, brzy po předložení modelu v lednu v Valenza.
V porovnání s prvním generací, nový Jazz vzrostl v celém jejím celém.
Teď dosahuje 3,90 metrů dlouhost (pět centimetrů víc), 1,69 metrů šířka (dvě centimetry více) a jeho interakce 2,50 metrů, s zvýšením pět centimetrů.
Je 1,52 metrů výšky, stále zůstalo nezměněno.
Podobně s velikostí, její obyvatelské vnitřní zvýšil ve vesmíru.
Tato výhoda je nejprve z nové platformy, a druhé od zavedení paliva na centrální místo, řešení již přijato v předchozí Jazz.
Kromě toho, dvojnásobná objem dluhu zvýší na 399 litrů, 19 litrů větší než první generace.
Aby bylo zaznamenáno, toto jsou opatření Honda Jazz 1.4 a vzorku je 379 litrů.
Další zlepšení - kromě externích prvků, například závodní řízení nebo možnost montování panoramická stiklo - se zajímá o zlepšení přístupu k zadnímu seděním.
Směry, které umožňují přístup k zadnímu sedmu, nyní otevřít s úhelem 80 stupňů, srovnaným s 67 stupňů v prvním modelu.
Kromě toho jsou všechny motory dost nové v této druhé generaci auta.
V době trhu se tento malý model přijde s olejovým motorem o 1,4 litrů.
Oba mechanické systémy zahrnují i-VTEC technologie, která umožňuje nižší spotřebu paliva, vyrábí méně emisí oxidu uhlíku, optimizuje mechanické refinace a zatímco udržuje vysoké motory v všech jeho fázích.
Verze ↓ litre dosáhne silnici 90 hp u 6000 rpm s maximálním vrtkem o 114 Nm u 4900 rpm.
Propulce - která v předchozím Jazz dosahovala 78 hp - potřebuje jen 5,3 litrů paliva a produkuje asi 125 gramů emisí CO2 ekvivalentní.
V porovnání s předchozí propulcií, která se používá v prvním generačním modelu 83 hp, může nový prospěch využívat 100 hp.
1.4 Jazz s 100 hp dosáhne kombinaci 5,4 litrů paliva a 128 gramů CO2 vydaných.
"Bee-car", aby se vyhýbávala.
Při rozvíjení nehod, Nissan byl tentokrát inspirován po povahu, a zejména ptáky.
Japonská společnost stvořila robot, který může vyhnout nehody.
Toto je biomimetický vozidlo Robot, nebo BR23C, první krok na projekty pro předcházející výkony.
Inženýři rozšířeného technického centra Nissan Motor Co. rozvíjejí tento malý robot v rámci Centra pro vědecké výzkum a technologie Prestigious Tokyo v Japonsku.
Podle Kazuhiro Doi, generální ředitel veřejných vztahů pro technologii, výzkumu a rozvoj řízení požárů, je BR23C rozšíření bezpečnostního řešení čtyř oblastí vyrobené Nissanem.
Tento robot je určen zlepšit schopnost předcházet v vozidlech vyrobených společností.
V letadle každý z nich vytváří své vlastní válečné osobní místo, které je velmi podobné bezpečnostním řešením vyvinutým Nissanem.
Ale nejdůležitější položka je složená očima bíly, která může vidět ve všech směrech s dodatkem 300 stupňů úhlu, což umožňuje insekt letat bez přerušení ve svém osobním prostoru.
Pro regeneraci těchto vizuálních vlastností inženýrové rozvíjeli, co definovali laserový lokator (Laser Range Finder).
Tento mechanismus detekuje překážky v průměru 2 metrů a průměr na 180 stupňů před BR23C, vypočítá vzdálenost před objektem a odesílá signál na lodě mikrohromady, který okamžitě umožňuje zabránit záchranu.
"Když detekuje překážku, malý robot napodobuje pohyby piva a změňuje směr hned, když se obrátí kola na pravý nebo široký úhel, aby se vyhýbali.
Nejjasnější rozdíl s jakýmkoli existujícím systémem je jeho odpadné činnosti, což způsobí, že je úplně instinktivní.
"Kdyby to nebylo, robot by nemohl reagovat rychle, aby se vyhnout překážky," vysvětluje Toshiyuki Andoh, ředitel Laboratory Mobility a hlavní inženýr tohoto projektu.
Odlišně jako pivo, robot nemůže převést dopředu nebo dolů, nebo dokonce diagonálně. Může se přesunout pouze do dvou rozměrů a v směru jeho kola se mohou obrátit. Samozřejmě, nemůže provádět nekonečné směry a způsoby, jak byly.
Z tohoto důvodu se Nissan používá rotační funkce kromě funkcí zrychlení a decelerace, aby malý robot mohl zabránit vyhrazení.
"Tento zařízení potřebuje pouze zpracovat nové informace každých pár sekund a působit z těchto údajů.
Nepotřebuje ukládat žádné informace nebo použít intuitivní logiku předchozího manuátorů. Proto může jít bez přerušení pouze pár desíti KB paměti.
To může být překvapeno, ale nemluvíme o gigabytích ani mega paměti."
Toto je první krok k vývoji nových týkajících se prevencí, v průběhu deset let bude vstupována technologie Nissanových nadějí v auta jako standardní funkce.
Robot používá bakterie lithium-polymeru, které jsou lehčí a trvalší než typologie lithium-ionu.
Dodatečná aplikace v potenciálním budoucnosti by mohla být integrace této technologie s GPS satellitní navigatorem, aby přivedla řidič ke zvláštním cílu, aby se zabránila překážky na cestě.
Zavřít před použitím půjčky
Musíme přiznat, že oddělení pokladu Spojených států, které mají dost dobré kapitály, určitě nechybí talent.
Měli by se proti krizi a zabránit američanům, aby se banky zaměstnaly poplatky v důsledku pochybnosti, vytvořili zábavu a vzdělávací hru pro uživatele internetu. Toto je "Bad Credit Hotel".
Jinými slovy, "Hotel špatných úvěrů" nebo problémů.
Gloom aspect tohoto hotelu a zejména jeho recepčníka, aby lidé pomysleli ne jen jednou, ale dvakrát nebo třikrát před použitím půjčky.
A především, přemýšlet velmi opatrně o tom, kde se na to uplatňuje. Toto je hlavní cílem hry.
Tento systém pravděpodobně poskytuje několik užitečných informací, ale nabízí právě málo detailů.
Je to mnohem víc webové stránky pro děti než místo pro obecné veřejnosti.
Co se stane, když dokončíte hru?
No, snový pokoj se zdá u hotelu.
Pořád je to něco, protože pro koupit dům... lepší je odejít.
Morgan Stanley otevřel svůj kapitál na MUFG.
Morgan Stanley oznámil své vstupy na stolní oblasti Mitsubishi UFJ finanční skupiny (MUFG), první banka Japonska, která bude vydávat devět miliard dolarů, aby získala 21 % kapitálu, zprávy, které byly získany v současných cenách.
Jednoho týdna po dočasné dohodě vysvětlili dvě banky, že MUFG bude koupit 9,9 % Morgan Stanleyho přiděleno na cenu 25,25 dolarů, celkem tři miliardy dolarů.
Cena prodeje je menší než 19% hodnoty úvěrů dne 31. srpna.
MUFG bude investovat dodatečné šest miliard dolarů na nákup přeměnných titulů, které poskytují zajištěnou poskytování 10% a s převodní cenou 31,25 dolarů.
Morgan Stanley tvrdil, že celková operace by byla na průměrné cenu jednotky 29 dolarů, nebo 28% nad současnou cenou.
Morgan Stanley však ztratil 6,79% do 23,07 dolarů okolo 17:00 GMT.
"Tato strategická smlouva je důležitá příležitost, aby zrychlila přechod Morgana Stanleyho do stavu držby banky," řekl John Mack, CEO americké skupiny.
Morgan Stanley přijal tento nový stav minulý týden, který by mu měl umožnit rozlišovat své činnosti, ale měla by to být prostřednictvím orgánu Federálního rezervy.
Jeho smlouva s MUFG také potvrzuje, že současná finanční krize vyžadovala největší názvy na Wall Street, aby přijala mnohem pozornější postoj než předtím.
Podmínky předložené v pondělí ukazují, že dohoda byla změněna v posledních dnech: předchozí pondělí, Morgan právě oznámil, že prodává do 20% svých podílů Japoncům za okolo 8,5 miliard dolarů.
" Před týdnem vysvětlil Toshihide Mizuno, prováděcího ředitelka MUFG v Tokyo," jsme si mysleli, že účast bude úplně součástí akcí.
Ale vzhledem k současnému stavu hospodářství a trhu jsme doufali, že budeme snížit riziko a ochránit naše zásoby."
Na základě vážené průměrné ceny MUFG platí za své Morgan Stanley pojištění 7% pod jejich hodnotou knihy.
A transakce bude způsobena zpracováním kolem 20% zpracování na součást.
Dohoda předpokládá, že MUFG může ročně převést polovinu své preferenční kapitály na účastní podíly, pokud tyto obchody převyšují cenu převodu, přibližně 47 dolarů za určitý období.
Morgan Stanley ujišťuje, že kapitál poskytnutý MUFG umožňuje zvýšit investiční příležitosti, zvyšovat její úrovni a zvýšit likviditu.
řečník pro skupinu však předložil podrobnosti o strategických projektech dvou nových společenství.
Po investici MUFG Morgan Stanley předpokládá kapitál Tier One z asi 15%, jedním z nejlepších v průmyslu.
Morgan říkal, že od konce srpna "významně" snížila svůj výhodný list.
Nedávné týdny byly pro skupinu těžké, která viděla polovinu jeho účastní ceny zmizela, zatímco pojišťovací náklady proti riziku výchozího na jeho poskytnuté de číslo.
Tato náklada byla snížena v pondělí, ale zůstala na nové vysoké úrovni, okolo 12%.
Předchozí týden, Goldman Sachs, jediný, kdo přežije největší investiční banku na Wall Street po bankorupci Bear Stearns a Lehman bratrů a Merrill Lynch získala 15 miliard dolarů, částečně z Berkshire Hathaway, skupiny Warren Buffett.
Rafael Corree v Quito v pondělí.
Rekonstrukce kolem republiky dvacátého prvního století sociálnímu.
Toto je společný projekt venezuelského Hugo Chaveza, Evo Morales z Boliví a Ecuadorského Rafael Coree.
Tento neděli, jako jeho protistranci a přátelé, je třetí, aby hlasoval návrh pro novou ústavu.
Misi provedena od 64% hlasujících hlasovala "ja" na referendum, podle úředních výsledků na 80% hlasů.
Na základě těchto výsledků měla "ne" 28%, 7% hlasů nebyly neplatné a 0,7% byla prázdná.
Pro návrh ústavu, který by měl být přijat, by měla mít polovinu hlasů plus jeden.
Neděli, dvě válečné válečné stanice, a jedna nevládní organizace oznamovala velkou vítězství pro "da", randu mezi 63% a 70%.
Rafael Correa v noci prohlásil vítězství svého návrhu ústavu od neděle do ponídne.
"Ustanovení se tak přetrvalo," ujišťoval, že připomíná ekvadory v vládních hlavních čtvrtletí v Guayaquilu, 280 km jihovýchodní z Quito.
Rafael Correa byl samozřejmě pogratulován Chavezem a Moralesem, ale také jeho čílský protistřelec Michelle Bachelet.
Tato pláž, která byla řízena mírně pod kontrolou organizace států amerického státu (OAS), byla zahrnuta ve svém textu 444 bodů, které konsolidují "nový sociálním" advokátu prezidenta.
Návrh ústavu zahrnuje sílu státu nad hospodářstvím a zachovává to "plánování rozvoju" země, která žije hlavně od vytáčení oleje cizinců a zahraničních peněz, které posílají svému migratelům.
Nabízený Coreí, vybraný v roce 2006, projekt také poskytuje větší moci ředitelskému státu, který může provedet do dvou konkrétních podmínek čtyř let a bude schopen odmítnout sjezdu.
Koreja již oznámila, že by používal tuto schopnost hledat nový mandat v února 2009.
V ústavu rovněž konsoliduje základ volných zdravotních služeb a vzdělávání, které prezident začal vytvořit v této zemi 13,9 milionů lidí, kde 50% obyvatel žije pod chudobou řádkou.
Předpokládá rovněž přítomnost zahraničních trojúhelníků, která dohoda mezi Quito a Washington za použití Ecuadoru jako základní základ pro operace protidrogů USA.
19 uvolněných v Chad.
Egyptský příkaz zahájil útoky proti jedenácti turistů a jejich osm skotů zatčeno před deseti dny.
Jsou v Cairo.
Jedenáct evropských turistů a jejich osm egyptských východů na deset dnů v poušti se v pondělí vrátili na nepřední poledne do Egyptského kapitálu.
V ráno je vysvobodil Egyptský příkaz v Chad.
Vypadá to, že obyvatelé přijeli asi 1530 hodin na zvláštní letiště na vojenském základu al-Maza, připojené mezinárodním letištěm Cairo.
Byli hned přeneseni, aniž by se mohli mluvit s pressem, přes helikopter do nemocnice v Maadi, obyvatelském podúzemí Cairo, aby se podařily vyšetřovat.
Jsou v "dobém zdraví" a "nebylo zaplateno výkup" vězňům," vysvětlil Egyptský ministr Turismu, Zoheir Garanna, na tarmaku.
Zatčen 19. září během safari v 4x4 na noze hory Ouanat na hranici s Egyptem, Sudánem a Libyí, tato skupina obyvatel byl zatlačena v okolí od jednoho skrytu do druhého 35 neznámých kydnapperů.
Zahrnuje 11 turistů - pět italců, pět Němeců a římců - a také osm egypťanů: dva vedení, čtyři řidiče, hranice hlídač a ředitel agentury Egypta, organizator safari.
Egyptský bezpečnostní úředník řekl, že 30 členů zvláštních síly, auto na dva helicoptéry, zahájili útoku v noci přímo před dvorem.
"Oheňový výměna, a polovina z nich byla zabita, druhá polovina utekla," řekl oficiál, který požádal o anonimii.
Řekl, že 150 členů zvláštních Egyptských jednotek "Rychlé odpověď" byla poslana do Sudánu jako celkem, kde byli získali podporu od německých a italských příkazů.
Hlava italského diplomatického těla Franco Frattini v týmu, kde je v současné době, vyjádřila úlohu, kterou hráli italští tajemní agenti a prvky zvláštních sil.
"Musíme přiznat, že toto výsledky jsme dosáhli prostřednictvím profesionismu a účinnosti našich mužů z tajných služeb, z zvláštních síl," řekl, bez dalších detailů.
Také odmítl platit výkup.
Dne předtím soudanská armáda tvrdila, že do lodi zahrnuje 4x4 patrolní vozidlo, z nichž byly chytrý, zabíjejí šest, včetně hlavy Chadianu, a zatváří dva.
Vojska tvrdila, že byly připojeny k rebelové skupině v Darfuru, Sudánské svobodné jednotky pohybů (SLA-U), něco, co tento pohyb hned odmítl.
Dopisy - Tichý většina kultur
Rozprava o financování kultury provedla hlavní řádky a zvýšila tuto volitelnou kampaň.
Dobře.
Ale jeden sektor našeho kulturního života zůstává vždy zapomněn.
Kdo bude pokračovat, aby vyjádřil malému muzeovi, archivům, archeologickým nebo národním historickým místům, které umírají za financování?
Jaký politický dar připomíná federální vládu, že nechává své památky a dědictví?
V Quebeku v Kanadě nemáme žádné skutečné zákony, které účinně zachovávají naše dědictví?
Věděli jste, že Francouzská vláda oddává tři a půl milion euro jen pro obnovení Chinonu v údolí Loire?
Naši americké sousedé napsali v ústavu své země, že ochrana dědictví je součástí kultury amerických a že tato dědictví musí být ochrana všech občanů, všechna vybraná a všechna vládní oddělení a to v spolupráci.
V Quebeku se zajímají Federace společností dějin Quebec, alespoň 40 000 dobrovolníků skupinovaných v 211 letech dědictví, dědičnosti, archivů a genealogii, zkoušky historii, zachováním, malých finančních fondů, zásobách soukromých archivů a zachováním archeologických zůstatků.
Často jsou důstojníci našeho dědictví, kteří protestují s energií naděje, když rozvojáři a konstruktory začnou zahájit jejich bulldozery proti naší staré budovy a naší zapomněné cemetery.
Kdy bude forum pro dědictví a dědictví?
Banka Fortis částečně nacionalizovaná vládami Benelux
Stany Benelux pomáhá Fortis, banka týkající se Du - která je první evropská finanční instituce v problémech z důvodu následujícího účinku amerických peněžních podniků - částečným nákupem státu. Tři země se dohodly vložit 1 miliard EUR do bankovního a pojištěného podniku v maďarském zájmu.
Na konci tohoto týdne konzultovaly ředitel Evropské centrální banky a komisař soutěžů Evropské komise na této otázce na nejvyšší úrovni.
V rámci eurozóny je Fortis první banka, která se přiblížila mezinárodní finanční krize v posledních 12 měsících.
Podle rozhodnutí přijato v neděli noci, bude každý vláda přijmout 49 procent zásob v bankách Fortis v jejich příslušných zemích.
Banka bude jistě prodávat některé části svých oblastí, zejména pojišťovací činnosti, které získala z Du ABN Amro minulého roku.
Podíly Fortis začali hluboko v minulém týdnu, pak v druhé části týdne znamení vážného krize se objevil na společnosti.
Anal se souhlasí s tím, že banka - s 85 000 zaměstnanců - je příliš velká, aby byla dovolena jít do bankrotu.
Údaje banky spadly o 12% v pátek, což je nejnižší úroveň záznamu na 14 let.
Hodnota akcí byla zrušena dvěma třetími stranami od ledna.
Vzhledem k současnému nákladnímu cenám je celá hodnota tržního kapitálu skupiny přibližně 14 miliard EUR, ale ředitel společnosti říkají, že to neodráží realitu.
Správa obviňuje nejistosti nad mořem - které jsou spojeny k přijímání amerického balíku 700 miliard USD - pro případ součástí Fortis.
Základy ukázaly, že v pondělí zvýšil.
Filip Dierckx byl jmenován nový výkonný úředník banky v pátek.
Finanční instituce také hledala soukromých kupců, ale nebyla nabízena žádná substanční nabídka tak daleko.
Vlastní vláda předtím vysvětlila, že investorové nemají důvod k tomu, aby ztratili peníze.
Žádný pánik neexistuje tak daleko mezi zákazníky banky; žádná bankovní ruška se nestala.
Fortis má vlastní bankovní instituci v Maďarsku a taky vykoupil potravinářské společnosti.
Fox v Henhouse
Americké životní a zdravotní pojišťovací společnosti často prodávají pojištění některým občanům kvůli jejich dopravě drog.
Experti ochrany údajů se bojí, že trh údajů se stane nekontrolován.
"Vyžaduje se program ochrany údajů, který vyžaduje povolení dotčené osoby pro použití údajů o předpisu drog.
To by mělo být nezávislý, jinak fox bude uchovávat dům, “v Washington Post cituje Richard Dick, vývojář programu, který se týká sledování požadavků na drogy.
Pojišťovací podniky rozhodnou o pojišťovacím daně a částce, které se zaplatí v případě poškození v závislosti na zdravotním podmínce uplatňujícího zákazníka, a pokud je považují za příliš riziko, nepředstavují zajištění.
Použitelné zákazníky používali, aby měly lékařské přezkoumání provedené, a smlouva byla zahájena pouze ve smyslu výsledků.
Dick vyvinul mnohem větší metodu před deseti lety: na základě identifikačního čísla zákazníka typu drog získaných zákazníkem v posledních 18 měsících lze snadno zjistit, takže program může vyrábět následky své vlastní týkající se nemocí, které žadatel trpí a jejich zdravotní podmínky.
Například případ pravidelně nabídky velkých dávků cholesterolových snížení drog prakticky odkazuje na to, že zákazník má neobvykle vysoké úrovně krví, z nichž by se tato osoba okamžitě zvýšila k kategorii rizik.
Program má různé verze v obchodě, některé z nich dokonce definují faktor rizika, takže pojišťovací společnost nemá nic jiného než papír, ačkoli vznikne menší obtížnosti.
Jedna z těchto neshod je fakt, že některé drogy mohou být používány k různému účelu, například některé lékařské formuly jsou léčba léčby, teploty nebo dokonce deprese.
Naposledy jeden je významným zvýšením rizika z pohledu na pojišťovny podniků, zatímco ostatní dva nejsou.
Existují zvláštní podniky, které se týkají získávání a zpracování údajů, a žádou o přípust od pacienta před získáváním potřebných informací od léčivých přípravků.
Jsou již povinni to udělat, ačkoli jejich předchozí nesprávnosti nebyly trestovány.
Některé společnosti zpracují i výsledky zkoušky a spojení s údaje o užívání drog, které mohou poskytnout více přesné informace o zdravotním podmínce pacientů.
Více a více společností získají přístup k údajům a v různém případě se kontrola jejich použití zvýšila.
Existuje zvláštní akce o ochraně údajů o zdravotní péči, ale její oblast zahrnuje pouze zdravotní poskytovatele a pojišťovací společnosti.
Účetní účet o poskytování kontroly orgánům pro společnosti, které se týkají poskytování údajů, byla předložena Kongresu.
Dick Richard si uvědomuje, že to není dost: proto pokračoval svůj program, který by nyní omezeno přenosu údajů na požadavku vyjádřeného osoby.
Je však další otázka, že žadatel nemůže skutečně řešit, a jinak pojišťovací společnosti s nimi nezajišťují smlouvu.
Takže, na určitý stupeň, nadále závisí na dobrovolnosti foxu.
Globální Marseille
Evropská unie a Indie dvojnásobní obchod
Vzhledem k tomu, že Evropská unie a Indie vedou obchodní partnery mezi sebou, počasí devítého shromáždění bylo rovněž vládáno tímto otázkou navíc dalšími problémy, hlavně globálními.
V dnešní době bude rovněž držet Francie-India Summit, zejména o spolupráci nuklearní síly.
I když Evropská unie přiznává, že Indie je demokratickou demokratskou sílu, která by měla být udělena víc v mezinárodních záležitostech, členské státy nemohli přijít k dohodě, ale zda by podporovala trvalé členství Nové Delhi v Radě bezpečnosti OSN nebo ne.
Tato otázka nebyla včera zmusena v devíti shromáždění, organizovaná v Marseille.
Francouzský předseda Nicolas Sarkozy jako rotační předseda Unie, Výbor předsedající José Manuel Barroso a Šéf zahraniční politiky Javier Solana přijala indiánský premiér Manmohan Singh a dohodla se o dvojnásobné zvýšení na více než 100 miliard EUR.
Vzhledem k tomu, že výměna zboží vznikla od 25 miliardy do 55 miliardy mezi 2000 a 2007, není toto příliš ambitivý cíle.
Tímto způsobem byly 26 existující dvojnásobní úmluvy o civilním letištěm s Indií právně harmonizovány, což znamená, že v budoucnosti mohou vyhrát vzduch.
Indie má podpisovat svobodný obchodní dohodu s Unie do konce roku 2009.
Sarkozy slíbil, že zrychlí harmonizaci.
Cílem je získat rovnováhu, zatímco Indie je číslo jednoho obchodního partnera EU, v též Nové Delhi má pouze devětná místa na seznamu partnerů EU.
Souhrn koncentrovaný na globálních otázkách:
O situaci v Afghánistánu a Pakistanu a o terorismu.
Doplňkování Doha obchodního kruhu bylo také vysíleno, ačkoli oba strana jsou zodpovědná za dodále.
EU potvrdila, aby udržovala svůj program energie a klimatu, což znamená, že bude chtít vytrhnout emise znečišťujících vzduch nejméně 20 % do 2020.
Indie se shodovala s tím a s cílem dosáhnout globální dohody na konferenci klimatu, která je považována za příští rok a snížit emise zeleninových plynů o 50 % až 2050.
Dalším cílem bylo zabránit růst cen potravin a pozvánku na mezinárodní konferenci k přezkoumání finanční krize.
Indický předseda bude dnes na dvoustranné shromáždění v francouzské kapitále, kde přijde k dohodě o pokojném využití jaderné síly.
Paříž očekává, že Francouzské společnosti budou přiděleny smlouvy o stavení jaderných reaktorů v Indii v hodnotě 20 miliard EUR.
Podle informací agentury by dohoda byla v platnosti 15 let.
Více než tři sta italských editorů v Frankfurt
Hluboká přítomnost italských editorů na Mezinárodní knihě Fair v Frankfurt.
Více než tři sta bude italských editorů v šestnácti letech Buchmese, nejdůležitější mezinárodní událost pro výměnu autorských práv.
Mezinárodní kniha Fair v Frankfurtu očekává, že tato příležitost bude více než sedm tisíc vystavitelů ze 101 různých zemí, kteří zajímají Fair's 171 790 metrů na druhou zemi s více než 403 000 titulů na zobrazení, a Turecka bude hostem čest.
Francisco Maria Giro, podsekretářka pro kulturní dědictví a dědictví ministrství bude představovat italské vlády na ceremonii zahájení italského pavilionu: v skutečnosti bude Itálie představena jako instituce s italským stanem – 264 metrů na druhém místě.
Bude to následující tisková konference na místní strukturě Pavilion 5.0 Buchmesse: to bude příležitost, kde budou představovány figury, trendy a pohled na stav italského průmyslu.
Podle údajů existuje postupně menší záležitost knih cizinců v italské produkci, zejména pro dospělí a děti.
Našel plán Stevea Fossetta milionář zmizel před rokem.
Bylo nalezeno řetězec plánu Steve Fossetta, milionář, který zmizel 3. září 2007 během letadla přes poušť Nevada.
Nalezeno je na ploše 3000 metrů výšky v oblasti Sierra Nevada, na hranici mezi Kalifornií a Nevadě.
V letadle však nebyly žádné lidské zůstatky.
Šerif Madera County, John Anderson, odmítl všechny zbývající pochybnosti: "Plan byl nalezen, poslali jsme tým, a nyní máme potvrzení, že je to ten, na kterým letil Steve Follett, když zmizel," řekl v pressové konferenci.
Potom šerif uvedl, že žádná lidská zůstatka nebyla nalezena ani na letadle, ani v oblasti zrychlení.
Milionář, který byl 63 let starý, byl zrušen za mrtvé v února.
Američanská národní bezpečnostní bezpečnostní bureau transportu (NTSB) informovala, že některé hodiny po vyšetřování výzkumného týmu bylo odesláno, což potom identifikovala vzduch: to je Bellanka 8KCAB, která zmizela od třetího září 2007, když Fossett odešel z Yeringtonu v Nevadě na tři hodiny let.
Včera v Kalifornii, ne daleko od hranice s Nevadou, nalezeny některé osobní účinky, které patří k Fossettu, byly nalezeny parou blízko jejich domu v Mamoth Lakes.
Položky jsou dvě dokumenty jménem Fosset, oba vydány Federálním letištěm Illinoisem, nějaké penězky a sladkosti.
Hledání Fossettu bylo zavoláno měsíc po zmizení.
Milionář si získal místo v historických tankách na řadu světových záznamů.
V roce 2002, na své šesté zkoušce, byl prvním mužem, který dokončil světovou cestu v horkém vzduchu: dvě týdny samotný let.
Tři roky později dělal světovou cestu po letadle bez letiště.
Mnoho jeho záznamů letí rovněž na 15,445 metrů nad Andy, ale s ko-pilotem.
Glk, reklam, který vás nečeká.
SUV, který je mimo normy s původním designem definovaným rozhodujícími řádky, obou povrchů a čisté úhlové úhly.
Krátce toto je GLK, poslední doplňkování "kompakt" vozidla z hvězdného výrobce, s kterým Mercedes-Benz se snažila uvolnit do tohoto sektoru dýchání čerstvýho vzduchu.
Jelikož jeho vlastnosti jsou z tradičních normů, zpráva, která sleduje spouštění GLK SUV, bude rovněž neočekávaná a neočekávaná, bude dostupná v Mercedes-Benzových showsových místech jako od následujícího října 17. října.
Takže kampaň veřejnosti, která bude připojit začátku nového vozidla, zruší novou metodu komunikace, která zahrnuje i budoucnostní kampaň 3D billboardů, používanou v Itálii poprvé používanou v Itáli.
Projekt velkých balíčků, založený v pohybu v tří různých fázích, který bude dominovat nejstřednější mílánské kupovací ulice, Corso Como, až do 15. listopadu.
První fáze tohoto nové typu komunikace bude začít představovat auto v stereoskopické vizi, a nádoby k speciálním stikání rozdělené v sousedství Corso Jak bude možné vidět nový SUV v pravém velikosti a 3D formátu.
Vlastně, když se podíváte na obrázek, dostanete pocit, že auto protrvá z postera.
Později prostřednictvím inovační technologie Elumina 8 bude všechny detaily nového GLK vysvětleno v různých okamžicích a pak bude vysvětleno jako jedno obrázek.
Bez pochybnosti, Mercedes přes tuto reklamu se snaží zavést něco nového do konvenčního oblasti automotive veřejnosti.
Bude to úspěšné s tímto formulárem způsobit zájmu budoucích kupců? Uvidíme.
Tady jsou italští hooligani.
z Tri-Veneto, povinné být zakázáno na současné sportové fixace (Daspo).
Ale kdo jsou tito 150-200 lidi, z nichž je Itálie nyní zahanbeno? Jsou součástí skupiny "Ultras Italia", která na roky podporovala národní fotbalové tým a až do teď, pravda je známa, nikdy nevytvářela větší problémy.
Nikdy to nepřipadlo s opačnými fany.
Vytáhnutí skupiny je pravý prsten.
Prospěšníci jsou z Tri-Veneto.
Z Verona, Padua, Trieste a Udine.
Tyto jsou připojeny některými malými skupinami (pravděpodobně velmi málo členů) z Campagne a Puglia.
Na nich mají trojkobarvní záznamy s městem pocházejícího vojáků: v sobotu jsou tyto zrušené, aby se nemohli identifikovat.
Vezmejí své nápady z anglických fanů.
V Bulharsku nalezli podporovatelé, kteří byli skutečnými nazisy, skupinou Levski.
FIGC měla v odstranění italských fanů 144 biletů pro úspěch: všechny osobní, takže snadno kontrolovat.
A ministrstvo vnitřního vězení v Viminale vlastně je kontrolovalo: mezi těmito skupinami v Sofii nebylo zakázáno žádný, nikoho nebylo zakázáno často.
Čtyři italští podporovatelé, kteří měli předchozí zločiny s stadionem, měli vlastně karty a drželi se odejít.
Nyní ministr vnitřního rámce čeká, že bude schopen číst úřední záznamy, které by měly přijít z Bulharské policie před tím, než přijdou kroky: v tomto případě je možné zakázat alespoň pět let podporovatele, kteří byli zatčeni nebo ti, kteří byli identifikováni během nebezpečí.
Mezinárodní zboží, která zahrnuje účast nejen v Itálii, ale také v celém Evropě.
Naši hooligani, krátce, nepřijdou do jiného stadionu.
Na štěstí.
Ale teď je strach za emulaci: to je, že ostatní se připojí k tomuto malému více než sto padesát.
"Musíme okamžitě zrušovat tuto komplikaci a nelegovat těch, kdo chují v tomto fázi," uvádí ty, kteří jsou v ministrství Viminale.
"Oči jsou otevřeny zvláštně, protože jsou vnitrostátní tým hrát v středu v Lecce."
V Puglia vlastně existuje malý jader podpořitelů Ultrasu v Itálii.
Zítra se pozorovatel se setká v neděli CASMS, které mohou vypočítat na oddělení AISE, to je tajemství, která se přesně týká problémů v stadionech.
V Bulharsku to není zločin.
Toto jsou myšlenky (vyjádřené s velkým znepokojením) Dominico Mazzi, který před pár týdny je ředitelem pozorování Viminale (dostal položku, kterou Francisco Tagliente začíná držet a pak Felice Ferlizzi).
Předtím Mazzi bývala hlavou policie v Trieste, kde existuje jader podporovatelů Ultras Itálie, založený v roce 2002.
Je to pravda, říká Mazzi, že v Bulharsku není zločinem, aby zpívala duchovní písničky, ale jistě je chování těchto 150-200 fanů znečištěné.
"Já nejsem sociolog - doplňuje č. 1 prohlížeče – zločin by měl být uložen v zemi, kde se stane incident.
Do té doby, kdy tato skupina zůstala v řádkách, uvidíme, co se skutečně stalo a budeme ho posoudit pro budoucí odkaz.
Ale pojďme si promluvit také o tom, jak se cítíme s Mameli: to není také zločin v Bulharsku, ale jestli je mi dovoleno říct, není to dobré způsoby ...."
