Triumph der rechten Volksmengen in Österreich, sie haben 29 Prozent insgesamt
Nach den vorhergehenden Ergebnissen haben die Parlamentarischen Wahlen in Österreich eine empfindliche Schwäche der beiden Parteien, die die aktuelle große Koalition erzeugen, sowie eine bemerkenswerte Stärkung der Volksparteien.
Die Österreichische Bevölkerungspartei (ÖVP), wo die Position des aktuellen Präsidenten Wilhelm Molter erheblich bedroht ist, leidet besonders wichtige Verluste.
Der Wahlleiter der Union für die Zukunft Österreichs (BZÖ), der Gouverneur von Carinthie Jörg Haider, bereitet sich gegen die nationalen politischen Szenen ein Triomphal zurück.
Nach den vorläufigen Ergebnissen haben die Sozialisten (SPÖ) mit 29,8 Prozent der Stimmen die erste politische Stärke des Landes, jedoch im Vergleich zu den Wahlen 2006, 5,5 Prozent der Stimmen verloren.
Die ÖVP, die mit 25,6 Prozent verlieren, ist noch schlimmer.
Es sind schlimmere Ergebnisse der beiden großen Teile des Nachkriegs; insbesondere für die Bevölkerung, die die vorhergehenden Wahlen entwickelt hat, ist das Ergebnis buchstäblich katastrophisch.
Beginn des Julis, wenn der ÖVP die Koalition verlassen hat, hatte die Bevölkerung eine bedeutsame Fortschritte auf dem SPÖ.
Aber die Wahlen haben sie heitlich bestraft, weil sie die Regierung verlassen haben, sich zu befreien.
Von den ersten Reaktionen auf die Ergebnisse wurden Spekulationen über die mögliche Entlassung des Chefs der Partei und des gegenwärtigen Kanseller Wilhelm Molterer vorgestellt.
Die Beobachter glauben, dass dies am Montag im außerordentlichen Rat der Richtung der Partei geschieht.
Eine solche Entwicklung würde den Weg zu den Ergebnissen der Wahl vorrangig erleichtern, die die stärkste Renovierung der großen Koalition SPÖ und ÖVP ist.
Da die Freiheit (FPÖ) 18 Prozent und BZÖ 11 Prozent der Stimmen erhielten, betonten die Sozialisten jedoch die Angst für eine Wiederholung von 1999, wenn die Bevölkerung mit den Volksteilnehmern vereinbar war (im Zeitraum war das FPÖ noch vereinbar, das BZÖ separate sich 2005 über eine gemeinsame Regierung, die auch Sanktionen aus der Europäischen Union erlebt.
Hader, der bereits erklärte, dass er bereit war, mit jeder Partei zu kämpfen, und dass er auf der nationalen politischen Ebene die Rückkehr nach Vienna auf dem offensichtlichen Standpunkt der Entwicklung voraussagte.
Die letzte Partei, die zum Parlament zugänglich ist, ist die Grünen, aber sie haben unter den österreichischen politischen Parteien von der dritten in der fünften Position verloren und wiederholt.
Es ist offensichtlich, dass keine andere Partei die Grenze von vier Prozent befreit und das Parlament nicht akzeptiert.
Schwarzenberg: Die Beziehungen mit Indien können sich kühlen
Wenn es sich nicht um das Problem der tschechischen Forscher, die in Indien beschuldigt sind, mit illegalen Kafardküchen beschuldigt werden, würde sich der tschechische Außenminister Karel Schwarzenberg eine bestimmte Kühlung der tschechischen Beziehungen ergeben.
Der Minister erklärte es heute in New York, nachdem er seine indianische Genehmigung Pranab Mukherjee getroffen hatte.
"Wenn das Problem nicht gelöst wurde, dann würde ein bestimmtes Kühlschrank auftreten", stellte er fest, dass nach dem Treffen nach einer tschechischen Initiative durchgeführt wurde.
Mukherjee sagt, daß die Exekutive Macht in Richtern schwierig eintreten könnte.
Er erwähnte jedoch, dass der Zentrale Regierung mit der lokalen Regierung, der Darjeling, die Sache unter dem Gericht gesetzt wurde, im Falle von Petr Schvácha, der von der Beschwerde und von einer Anklage abgelehnt wurde, mit der Regierung der örtlichen Regierung verhandelt hätte.
"Das Problem könnte löst werden", sagte der Minister.
Nach Ansicht von Mukherjee würde die beste Lösung für Emil Kuchera, die drei Jahre im Gefängnis verurteilt wurde, eine hohe Instanz anrufen.
Daher könnte er die Befreiung unter Vorsicht bitten und die Gerichtsfreiheit erwarten, erklärte er.
Schwarzenberg bestätigt, dass seine Partner sich auch während der Sprecher ausdrückte.
"Der Rat, einen Hohen Gerichtsrecht anzurufen, nach dem er gefallen könnte", sagte der Chef der tschechischen diplomatik.
Die einzige Art, wie die tschechische Seite in diesem Fall beeinflussen kann, ist, den Verurteilten "eine zuständige Rechtsbeihilfe" zu gewährleisten", erwähnt der indianische Minister.
Er erklärte auch, dass diese Hilfe bereits von Indien geliefert wurde.
"Wir möchten überhaupt mit Indien die besten Beziehungen bewahren, die sich in vielen Jahren eine Tradition befinden.
Die Indien halten es auch", berichtet Schwarzenberg.
Gleichzeitig betonte er vor seinem Partner, dass die Tschechische Republik das Problem der Tschechischen Entomologien sehr wichtig machte.
"Wir betrachten die Gefangenschaft und die Beschwerde dieser tschechischen Forscher als eine große Schande", sagte er.
Der Minister stellt die Frage auf, ob er aus Indien die Verheißung erlangt hat, die Sache zu berücksichtigen.
"Ich habe bereits eine ganze Menge Verheißungen erhalten", sagte er nur.
Eine Tschechische Republik möchte die Bekämpfung des Meeresfonds
Es ist nahe zu einer Wandkarte, die Australien und die angemessenen Meeresgebiete vertreten wird.
Aber er interessiert sich nicht für den Kontinent, sondern für einen kleinen Punkt in der blauen See.
"Die Insel gehört zu Australien, genauso wie das angebliche Meersfonds.
Der italienische Rechtsanwalt Luigi Santosuosso, der Teil der Treize Mitglieder der Vereinten Nationen für die Ozean- und Seerechtsakte ist, ist allerdings so groß wie das eigene Kontinent", sagte der italienische Rechtsanwalt Luigi Santososso.
Sein Chef, der Direktor der Division, der tschechische Rechtsanwalt Václav Mikulka, folgt die Präsentation und die Vollzeitübertragung.
Die Würde an der Arbeit und die Enthusiasmus kennzeichnen die dominante Atmosphäre.
Das Meeresfonds versteckt bisher eine wenig bekannte Welt, reich in natürlichen Ressourcen.
Es gibt Öl, Mineral und andere Mineralressourcen, aber auch lebende Organismen für die Inkonstante, die den Schlüssel zur Entwicklung eines Arzneimittels gegen Krebs enthalten können.
Ein größerer Hintergrund als die geschlossene Erde
Die buchstäblichen Staaten begonnen heute mit Vieh in den neuen Untermärkten.
Nach einem Übereinkommen der Vereinten Nationen bedienen sie sich in Wirklichkeit ihre Rechte, über die sie 1982 in Montego Bay in Jamaika einverstanden haben.
Dies ist vor allem das Gebiet, das das Kontinentshelf nennt, das oft etwa hundert Kilometer von der Oberfläche des betreffenden Landes betrifft.
Der Konvention kann alle Ressourcen des kontinentischen Shelfs auf eine Weise vertrauen.
"Zu vereinfachen, wird als kontinentischer Shelf das Teil des Meeresfonds und seines Subsols angesehen, das eine natürliche Verlängerung des Kontinents unter dem Meer ist.
Es ist außerhalb der Grenzen des Literaturmeers, oft auch über zweihundert Meilen Meeres, die eine Wirtschaft vertreten", erklärt Mikulka.
Die Anfrage, die das betreffende Land der Kommission zur Festlegung der Außengrenzen des Kontinents vorlegt, muss von einer breiten wissenschaftlichen und technischen Dokumentation unterstützen, die auf kostenvollen Prospekten und Metris basiert.
Sie ist das Ergebnis von mehreren Jahren Vorbereitungsarbeiten.
"Einer unserer Rolle ist, die Ausschuß für Rechts- und Wissenschafts- und Technische Hilfe zu geben.
Bisher hat die Kommission fünf Anträge von Russland, Brasilien, Australien, Irland und Niederlande betreffend.
Nur die letzten drei Länder erwähnten Erfolg sind für die Zeit nicht erkannt", sagt Mikulka.
Das Erfolg von Australien, das die erste Berücksichtigung seiner Untermärkte erweitert hat, hat kürzlich eine weltweite Vereinbarung erkannt.
Die Neue Zelandschaft hat auch das Gebiet gewonnen - die Erweiterung des Meeresfonds, die sie in der letzten Woche zugeteilt hat, entspricht 1,6 Millionen Quadratkilometer, was die Erweiterung des Landes von sechs multipliziert.
Die beiden Länder haben Millionen Dollar in die Prognose investiert.
Die Vorteile, die sie in die Zukunft des Seefonds auswirken, werden, wie sie sich vorstellen, unschätzbar sein.
In der Regel werden weitere Länder ihren Antrag vorlegen.
Sie können es innerhalb von zehn Jahren nach dem "Montego Bay-Übereinkommen" tun.
Dort, wo die Kontinentelle Shelf abgeschlossen ist, beginnt die Zone des Meeresfonds, die durch die Konvention "gemeine Patrimoine der Menschheit" verkündigt wird.
Dort spielt kein Staat mehr eine tiefe Position.
Das Auszugsrecht in dieser Region wird von einer internationalen Institution, die nach dem Übereinkommen festgelegt ist, zugeteilt.
"Lassen wir es jedoch nicht falsch machen, das Meeresfonds ist kein Klondike", sagte der Direktor Mikulka, "dass ihre Gebiete genau definiert sind und ihre Regelung in einem Vertrag eingeschlossen sind."
Tschechische Republik
Ein Teil des Meeresfonds gehört heute auch der Tschechischen Republik.
Sie teilt es mit anderen Staaten des ehemaligen Blocks der Löstländer im Rahmen der gemeinsamen Organisation Interoceanmetal.
Dies erhielt 1991 im Rahmen des Übereinkommens auch von Investoren aus einigen anderen Staaten den Status des "Pionierinvestitors" genannt.
Sie hat das Recht auf Extraktion in der RegionClipperton im Ozean, zwischen Mexiko, Hawai und Kiribati.
Die durch den Investor vorausgesagte Region übersteigt die Fläche der Ex-Tschechslowakei.
Der Hintergrund ist dort bewegt, das ist eine Art von Replikation der Tatra.
"Das ist möglich, auf eine erweiterte Erweiterung mit einer Gesamtfläche von 75 000 Quadratkilometern.
Die Region ist ein reiches Geschmack in polimetalischen Koncretationen, die Nicole, Kuber, Kobalt und Manganese enthalten", heißt es in Ind Pakshi Rajan, einem anderen Rechtsanwalt.
Rober Sandev, ein mazedonischer Arbeitgeber der Division, stellt ein Beispiel für eine solche Koncretation dar.
Sie erinnert sich an einen kleinen Bodenbombe, oder, mit weniger Vorstellung, das Mythische Shoem, der, die die End, den Golem animierte.
Die deutschen Spezialkräfte waren auf der Stelle für die Befreiung von Knochen
Die Ägypterregierung hat Deutschland für die Entschließung der Otagekrise beantragt - die Experten sind gekommen.
Wenn die Situation ernst geworden ist, halten sich die speziellen Einheiten bereit, aber sie haben sich niemals an die Aktion gezogen.
Weitere Einzelheiten über die Umstände der Freistellung von 11 europäischen Touristen, die in Ägypten entfernt sind, sind aufgezeichnet.
Nach Angaben des Ministeriums des Binnenmarktes und des Ministeriums des Verteidigungsministeriums haben die deutschen Sonderkräfte auch direkt an der Rettungsoperation teilgenommen.
Deshalb sind sowohl die Föderaler als auch die Beamten der GSG-9 der Flughafen der Föderalpolizei und des federalen Polizei-Büros sowie die Logistiken der Technischen Hilfwerk-Sachverständige auf dem Ort der Befreiung befindet sich.
Da das Wort des Ministers am Dienstag am Montag abend war, wurden die deutschen Stärken schließlich nicht erforderlich, und die Gefängnisse, die ihre Gefangenen befreit und geflügelt haben, als sie die Befreiung durch Kraft erkannt haben.
Die Ägypterregierung hätte die von Deutschland angebotene Beihilfe angenommen, um sie im Rahmen der Stärkung zu integrieren.
"Das ist noch nicht gefallen", erklärte ein Wörterbuch des Ministeriums der Bundesregion.
Die Angriffer hatten in Süden Ägypten die Touristengruppe von fünf Deutschen, fünf Italiener, eine Römer und acht Ägypter mitgeteilt.
Nach ihrer Entfernung in der Wüste nach Süden Ägyptens wurden die Otage in die Grenzgebiete zwischen Ägypten, Libyen, Sudan und Chad umgewandelt.
Die Identität der Vermögensunternehmen ist bisher unmöglich, sowie die Details über die Befreiung oder mögliche Lösegeldzahlungen.
Diejenigen, die gerettet wurden, kamen inzwischen gesund und außer in der Caire.
Steinmeier erklärte, dass die freien Otage unter dem Schutz der Deutschen Ambassade befindet wurden.
Er erklärte nichts über die Details der Befreiung.
In Berlin wurde in diesem Moment keine Informationen über das Datum ihrer Rückkehr nach Deutschland gegeben.
In der Zeitschrift "Bild", sollten die fünf Ferienwohnungen und die Sonderkräfte an Bord eines Airbus von der Luftwaffen und in Deutschland am Mittwoch kommen.
Der Raum der Vertreter der Vereinigten Staaten hält den Rettungsplan
Das erste Zimmer des amerikanischen Kongresses hat den Rettungsplan für den Finanzmarkt von 700 Milliarden Dollar nicht beeinträchtigt.
Der Dow Jones war in der Abe.
Mit 227 Stimmen gegen 206, hat die Zimmer der Vertreter der Vereinigten Staaten den Rettungsplan für die Finanzmärkte der Regierung abgelehnt.
Trotz aller Anrufe des Präsidenten der Vereinigten Staaten George W. Bush und der politischen Männer im Kopf der beiden Parteien hat das Programm, das den Kaos der Finanzmärkte gespielt hätte, die Mehrheit nicht erhielt.
In einem dramatischen Manuskripten versuchten die Parteien, die gegenwärtigen gegenwärtig auf diesem schweren Plan 700 Milliarden Dollar zu überzeugen.
Barney Frank, einer der demokratischen Vertreter während der Debatte, hat die Mitglieder auf eine angemessene Abstimmung aufgefordert, obwohl der Plan unerlässlich ist.
"Es ist schwierig, Politik zu vermeiden, was noch nicht passiert ist", sagte er.
Die Abstimmung stellte die Dow Jones auf mehr als sechs Prozent oder 600 Punkte zurück.
Deshalb war es die Sorge der Investoren, dass der statische Rettungsplan zugrunde liegen könnte.
Er hat kurz vor dem Abschluss der Abstimmung zurückgezogen, und dann, nach der Ankündigung des Fehlers, wiederfallen.
Die Experten entwickeln jetzt neue Schwierigkeiten auf den internationalen Finanzmärkten.
Um das Programm in Kraft zu treten, sind die Genehmigung und die Zimmer der Abgeordneten und des Senaten erforderlich.
Organisatoren melden eine zunehmende Anzahl von Reserven
Das sollte ein gutes Winter für deutsche Reiseagenturen sein:
Im Hinblick auf Reservierungen für die nächsten Monate hat die Geschäftszahl gerade im Vergleich zu dem nächsten Jahr - für die Wintersässe, sogar über 30 Prozent.
Trotz niedrigerer konjo-turaler Perspektiven bleibt die dänische Reisensicherheit immer noch unzureichend.
Im Hinblick auf die Reservierungen für die Wintersässe wurden die Reiseagenturen über 31 % im gleichen Zeitraum aufgenommen, wie es in Berlin am Montag die Deutsche Reiseagenturen (DRV) vertraut.
Nach Anfrage des GfK Marktforschungsinstituts befinden sich zunehmende Reservierungsnummern bereits in den letzten Monaten.
Daher hätte die Zahl der Gewinner etwa 11 Prozent im Vergleich zu 2007 gefangen, vertraute die DRV.
Die Quellen dieser Ergebnisse sind die Zahlen der GfK, die die Reservierungsdaten von 1200 Reiseagenturen monatlich analysieren und für den globalen Markt bewerten.
Die Reisereservationen, die seit Ende 2008 erfolgreich durchgeführt wurden, würden dort gezeichnet werden.
Angesichts der niedrigeren Dollarkurs würden die Reisen nach den Vereinigten Staaten besonders angefordert werden, erklärte die DRV.
Da wäre die Reservierung ungefähr ein Tier.
Darüber hinaus würden Spanien, Türkei und Griechenland besonders von den Deutschen gesuchte Ziele sein.
Besonders organisierte Reisen sind sehr angefordert, erklärte der Präsident der DRV Klaus Laepple.
Da die Energie- und Lebensmittelpreise erhöht wurden, wären die Kosten hier "einfacher für den Kunden als für ein individuell organisierter Reise".
Die Verbraucher können Geld unter anderem mit den Verringerungen der vorangegangenen Reservationen oder der Angebote All Inclusivie, erklärte Laepple.
Auch die alten Monate wurden so behalten, dass eine Erhöhung der Zahlen im Vergleich zu dem letzten Jahr wieder registriert wird - obwohl eine weitere Studie hat, hat die Zahl der Deutschen, die einen Reiseunternehmen im Vergleich zu dem Jahr verringert.
Mein erstes Mal am Fest der Beer
Ballermann- oder Apres-Ski-Hiths kontinuierlich, Bier in Pickets nach Liter und Cleberitäten in Tyrolische Costums, die designiert werden.
Ein Ereignis am Bierfest.
Suzanne Kronzucker und ich haben in Wirklichkeit nichts gemeinsames.
Sie ist blond, TV-Animierung und bringt einen Tirolien Kostüm, der auf die Messung geschnitten ist.
Ich habe die schwarze Haare, ich bin ein Student, und meine Kleidung ist in der Gelegenheit.
Aber eine Sache verbindet uns: fast drei Minuten am Bierfest, und die Fotos sind bereits auf uns gegossen und füllen ihre Gedächtniskarte - sehr flat, und das ist bei meiner ersten Besuch am Bierfest.
So sind wir Freunde.
Der Tirolien Kostüm guter Markt ­ erreicht sein Ziel.
Als Tourismus des Bierfestes und wohnt normalerweise im Norden des Equators der Weißwurst, war mein Gefühl, in der traditionellen Kostüme zu sein, bis jetzt begrenzt.
Aber einmal auf der Terrasse Stelle ist alles halb schlimmer.
Jeder oder fast ein Tyrolisches Kostüm oder Kühlschrank bringen; niemand schien die Luft schämt oder schämt - es ist ganz normal.
Nur die Tafel meines Tyrolischen Kostums erzeugt ein paar seltsamen Eierabschnitte im Stahl der Schoko-Bananen.
Eine Bavaroe bemerkte, dass ich meine Tafel nicht angehängt hätte: "Der linke bedeutet, frei, in der Mitte der Jungfrau, in der rechten Seite, in der Rückseite der Witwe."
In der Diskretion, ich tripato meine Rückseite nach links.
"Es ist besser", sagte sie.
Andere bringen sich nicht so schlecht für diese Flirt-Technologie und tragen einfache Flaschen, über die "Too drunk to getrennt" geschrieben ist, und wir erklären ihren Rücken-Trein ohne einzuladen.
Der junge Mann mit dem Exhibitionist ist Bob, kommt aus England und kommt zum ersten Mal auf das Bierfest.
Er findet das "gorgeous" mit einem "ooooo".
Er hat mir das alles geholfen, nachdem er sich von der Schuhe, die er vorher getrunken hatte.
Â neben diesem Mund von Feuer, das jeder denkt, ein Pummel zu sein.
Bob ist also einer dieser bescheidenen Wildlinge.
Andere haben keine Chance, sich auf diese Weise von Alkohol zu befreien.
Ungefähr acht Stunden am Abend liegen Schuhebäume auf der Festplatte und müssen Arme Getränke besorgt werden.
Die Knochen ziehen sich anstatt ins Gefäß - immer durch vier, tragen sie ihre scharfe Hüttenkleidung in Hütten.
Dies funktioniert für die meisten Besucher des Bierfestes: Wir gehen da leeren und kommen voll zurück.
Diejenigen, die im Kreis unter dem Badezimmer befinden, sind nicht schwach.
"Das sind die, die nicht mehr rückgängig machen können", schreit einer der Schüler in Antwort auf meine Frage, dann verschwindet in der Hölle.
Opfer der Polizei identifiziert
Eine 63-jährige Pflanze, die nach einem Fahrzeug getötet wurde, wurde identifiziert.
Carole Paulson, von Chelmsford Road in Brentwood, wurde am Freitag nach Mittwoch in der Stadt auf Shenfield Road beteiligt.
Sie wurde in Queen's Hospital, Romford, transportiert, aber dann starb sie.
Nach dem Ablauf des Jahres wurde ein 51-jähriger Mann verhaftet, weil er verdächtigt wurde von gefährlicher Verhaltensweise.
Er wurde seit vorsichtig verlassen.
Die Türkei erweiterte ihre diplomatischen Horizons.
Während die Türkei denkt, die Europäische Union zu vereinbaren, hatten die europäischen Kräfte schnell in ihren Rücken.
Auf der Seite ist Bosphore, 20 Schritte kann, in Asien, eine der schlimmsten Rest seines imperiellen ambitionen befinden.
Die Flughafen von Hydarpasha wurde in einer neugeborenen Fähigkeit von zwei deutschen Techs, Otto Ritter und Helmut Conu entwickelt.
Das ist zumindest das, was uns die Leitlinien halten.
Das Gedächtnis ist auf dem Boden der Plattformen bereit, Beobachtungsturms für jeden seiner Winkel, wie bestimmte Provinzmaschinen in Deutschland.
Die Steine sind sauer.
Das ganze Gebäude ist zerstört.
Aber wenn wir in der Gerichtsbilanz stehen, haben wir keine Zweifel über die Größe des Unternehmens, das eine Übergang nach Westen darstellt.
Das Geschäft wurde im Jahr 1908 von einer deutschen Anatolia-Baghdad Corporation insgesamt eingeladen.
Deutschland, der Verzögerung des Imperialismus, wünschte, seinen durchschnittlichen Herrschaftsambitionen durch diesen Eisenbahnweg, der zu Bagdad kommt, und die bekanntste Erde unter dem Namen Saudi-Arabien.
Aber die deutschen imperialistischen ambitionen wurden während des ersten Weltkriegs erschöpft.
Seine Eisenbahn wurden von Lawrence von Arabien und seiner arabischen Unregelmäßigkeit angegriffen.
Die relative Aussage seines Regions in der Nähe, die von den iselischen Grenzen der Froidekrieg geboren wurde, ist abgeschlossen.
. Die britischen und die Imperiumskräfte gingen außerhalb Ägyptens und ließen die Türkei und ihre deutschen Verbündeten außerhalb der Palästinensen und der Öffentlichkeit.
Aber es gab auch schlechte Neuigkeiten für das Flughafen von Hyderpasha.
Im Jahr 1917 explodierte ein geladener Zug von Munitionen, die seinen Untertitel Touch zerstörte .
Die Türkischen Quellen sagen, dass es ein Sabotage ist.
Seitdem fällt sie langsam in die Wüste, in die Mentoren der Geschichte.
Der Eisenbahnverkehr nach Anatolie und allen Ostpunkten ist jedoch heute zumindest symbolisch, um die Erweiterung der diplomatischen Horizons in der Türkei zu betonen.
Das AKP hat eine neue Außenpolitik für das Land geschaffen.
Die Bevölkerung seines Regions um die Eisengrenzen des Froidekriegs
Jetzt ist es Zeit für eine neue Verpflichtungspolitik.
Die türkische Regierung hat bemerkenswerte Beziehungen mit Israel und den Palästinensen Fraktionen Hamas und Fatah, Iran und Irak und natürlich mit der Europäischen Union und den Vereinigten Staaten.
Um die Parameter dieser neuen Außenpolitik zu beurteilen, befasste ich mich auf einen Wagenwagen in Richtung des Türkischen Kapitals, Ankara, um die Türkische AKP Suât Kiniklioglu, einer der Experten in Außenpolitik besuchen zu können.
Am nächsten Morgen, nach einem Reisezeitraum von 10 Stunden und eine halbe, verdorrt auf schwarzen Flügeln, die die alte Welt der bekannten Dokumentation The Night Mail erinnerte, würde ich schließlich in der Türkei- Kapital als eine neue Stadt einer neuen sechsjährigen Stadt, die die Rücken zu seiner deutschen Vergangenheit dreht.
Aber der AKP mit seinen bekannten islamischen Racinen ist ein Beispiel für die Änderung des türkischen Konsenss.
Er vermutete den Westen, insbesondere in Washington.
Ein Taxi begleitete mich in der AKP-Gruppe, eine moderne, ausdrücklich aus Stein und Stahl gebaut, in einem Entwicklungskwartier, von halbgebauten Handelszentren und von vielen Pflanzen, in denen die mittleren Verwalter in Krankheits- und Frauen-
Suat Kiniklioglu könnte ein rechter Zentralpolitischer sein, der von jeder anderen Partei in Europa entstanden ist.
Costume, Kravate, und er hat sogar einen Black Berry.
Der Ziel dieser Außenpolitik ist, die Türkei jetzt in seine unverzügliche Nachbarschaft wiederherzustellen.
Der Kühlkrieg war ein Fehler", sagte er.
Die Türkei wurde von ihrem Rückland abgeschnitten.
Jetzt muss sie nach Westen und Westen gleichzeitig schauen.
Das war nicht der Fall.
Sie musste beides tun.
"Aber hier ist es in einem bestimmten Moment", fragte ich, ob" sollte die Türkei nicht wählen? "
"Türkei" sagte er, "keine Wahl zwischen beiden."
Daher betonte er einen Aspekt, mit dem fast alle, mit denen ich gesprochen habe, mich von Herzen begegnete: Die Türkei geht nicht nur nach dem Mittelosten, sondern auch in den Caucasien und um den Schwarzen Meer, also ist es so viel Vorteil für Europa und die Vereinigten Staaten als für die Türkei selbst.
Mit der Integration der Türkei ist die Nachricht ↓ einer Europa, die metaphorisch auf den Raum nach Asien und Mittelosten reisen.
Nach einer anderen Nacht ohne Schlaf kam ich wieder auf diese beiden Deutschen, Herr Ritter und Herr Conu, die das Gebäude nachfolgen. Es gibt 100.
Sie wären sehr überrascht, dass die europäischen ambitionen im Mittelosten in den Händen der Türkei weitgehend befinden könnten.
Während ich am Terminal angriff, das Ferry, um Bosfore durchzuführen, erinnerte ich mich an die Zeit, in der Türkei "die Krankheit Europas" genannt wurde.
Es gibt zumindest keine Zweifel über das Kontinent, das dieses faszinierenden Land präsentiert könnte.
Erinnerungen von Vernon Handley und William Woodruff.
Mark Brown schreibt: Musiker bei Guildford seit 1962 war der Vermon "Tod" Handley (von 11. September verantwortlich für Guildford Philharmonic Orchestra und Choir.
Da er bereits Teil seines Musikprojekts für die Stadt war, gründete er das nächste Jahr, das fantastische Herz der jungen Leute, Proteus.
Das Herz musste die weniger als 21 Jahre einschließen, aber bevor Proteus sein letztes Lied im Jahr 1979 sang, haben viele von uns, die mehr als 20 Jahre alt waren, das Herz verlassen.
Die Bezeichnung "Proteus" (die mit Form veränderte Mythologie) betrachtete die Wille und die Fähigkeit des Herzens, jede Art von Musik zu verwalten, was ihm vorgelegt wurde, was auch Madrigal oder Messianisch ist.
Die Musikversatilität, die von einem so jungen Herz erzeugt wurde, war oft beeindruckend, immer aufregend, und das durch die inspirierte Inspiration eines einzigen Mannes, und seine Enthusiasmus für die Musik, die in den Jahren konstant bleibt.
Erinnern Sie sich an, wie viel Tod uns wiederholte, "die Musik für sich selbst zu sprechen" zu lassen.
Er hätte gesagt: "Der Kompasser weiß, was er will."
Es ist alles in der Musik.
Also singen Sie!"
Seine Bad-Technologie war absolut genau, obwohl nie Diktatorisch oder auftretend.
Was auch immer die Musik-Standard ist, er hat ihn viel höher erhebt.
John Frayn Turner schreibt:
Wenn ein Führer einen Pferd benannt hätte, wäre es Vernon Handley.
Ich kenne ihn in den Abfällen von 1962 bis 1982, als er den Philharmonischen Guildford führte.
In den vergangenen 40 Jahren habe ich mehr als 100 von seinen Konzerten wieder gesehen, und ich kann ehrlich sagen, dass niemand von ihnen mich nie enttäuscht hat und manchmal haben sie mich sogar inspiriert.
Tod Handley hatte so selten diese Kombination von Größe und Bescheidenheit.
Er hat die Führer gehaßt, die, wie er, "nur auf bestimmte Personen fokussieren".
Er wird vielen von uns fehlen.
William Woodruff
Professor John Beckett schrieb:
Ihre Neuchrologie von William Woodruff (von 25. September entschied) erklärte, dass er 1946 seine wirtschaftlichen Studien in Oxford wiederholt hatte, und 1950 wurde der Houblon-Norma Forschungsmitglied, während er eine BSc, eine MA und ein PhD machte.
Das ist das, was vom Autor von Woodruff in Beyond Nab End ausgestellt ist, aber das ist nicht richtig.
Von 1946 bis 1953 war er Professor in Wirtschaftsgeschichte an der Universität von Nottingham, und er endete gleichzeitig ein PhD-Tess auf der britischen Kunstindustrie unter der Überwachung des Professor J.D. Chambers; sie wurde 1958 unter dem Titel The British Ruber Industry.
In den 50er und 51er Jahren in den Vereinigten Staaten studierte er in Houblon Norman und im Sommer 1952 an die Universitäten des I°nois, Harvard und New York.
1953 verließ er Nottingham für I'Nois.
Der Grund, warum Woodruff gewählt hat, diesen Teil seiner Vergangenheit zu desimulieren, bleibt unbekannt.
J. Vicente Resino bei der Fachgruppe Philosoze
"Ich empfehle die Ausstellung von José Vicente Resino " das Flamenco und das Leben ", weil seine Fotos in Schwarz und weiß, ein Dokumentar, fantastisch sind.
Sie haben mir die Aufmerksamkeit auf die Tatsache, dass sie ihre Einfachheit und ihre Kraft übermitteln, und weil sie immer die Protagonisten mit vielen Respekt behandeln.
Eine Exposition, die viele Gefühle übermittelt.
Reino weiß, dass er magische Zeiten versteht."
Zweiter Satz für die Superwinkel von Honda
Im November wird Honda die Vermarktung der zweiten Generation des Modells Jazz beginnen.
Wenn sein Vorbesitzer bereits eine gute Gewohnheit hat, hat dieses neue Monovolume noch weitgehend innerliches Raum.
Es gibt einige raffinierte Mechanismen, die die Beförderungskomfort erhöhen und die Wirtschaft mehr wesentlich ermöglichen.
Eine Entwicklung gegen eine Revolution.
Das ist die zweite Generation von Honda Jazz.
Obwohl die neue Honda Jazz ethisch eine sehr ähnliche Linie mit dem Modell präsentiert, sind die in diesem Monovolume eingeführten Änderungen viel.
Unter ihnen gibt es ein innovatives Design, eine neue Plattform, größere Dimensionen und neue Motoren.
Doch vor der Überprüfung des neuen Modells muss man darauf hinweisen, dass diese neue Honda Jazz sechs Jahre nach der Marktierung der ersten Generation erreicht wird.
Auf der oberen Seite wird bemerkt, dass Honda dieses Modell in kurzer Zeit als die andere Hersteller wiederhergestellt hat.
Obwohl in Europa die Honda Jazz weniger bekannt ist, ist das Modell ein Sieg-Phänomène auf anderen Märkten.
Das ist der Fall Japans, wo Honda Jazz im Jahr 2002 und 2008 das meist verkaufte Auto war.
Genau in Japan wurden seit seinem Launen fast ein Million von Honda Jazz verkauft.
Der Altkontinent, mit mehr oder weniger einer Million Autos in sechs Jahren verkauft, verteidigt sich am zweiten Ort.
Der neue Jazz wird ihm jedoch erlauben, seine Gewinner in Europa zu verbessern.
Die Japanische Marke hat im Jahr 2007 83.000 Honda Jazz vermarktet, und 2009 hält sie die Verkauf von 100 000, was einen Wachstum von 17 % auf dem europäischen Markt darstellt.
Auf dem spanischen Markt hat Honda seit 2002 8.000 Jazz gehandelt, was 6,7 % der Gewinner von Honda in Spanien beträgt.
Die Verantwortlichen der spanischen Zweigbüro hoffen, in einem Jahr 2.000 Jazz zu verkaufen.
Das ist genau die Ausgabe des neuen Jazz, die Honda in vielen Fällen in Spanien ermöglicht.
Die Verantwortlichen für die Marke hoffen, das Jahr mit einem Verkauf von 22 000 Autos, das heißt 4,000 Autos, weniger als im Jahr 2007, oder eine Senkung von 16 %.
Durch diese Erhöhung der Gewinnung hat Honda seine Marktteile in Spanien erhöht, indem sie einen Marktteil von 1,8 % erzielt hat und im Verlauf des letzten Jahrs um 1,6 % betrifft.
Die japanische Marke hofft auch auf einen Marktteil von 2 % im Jahr 2010.
Honda hofft auf diesen Marktteil, wenn das neue Modell ausgegangen wird.
Das ist Insight, ein Hybrid auf fünf Türen und eine kompakte Größe - 4,37 Meter lang - auf dem Nippons Unternehmen hofft, fast 200.000 Autos pro Jahr in der ganzen Welt zu verkaufen.
Auf der Grundlage der Märkte und der Bewertungen des japanischen Herstellers werden 50 % der Insight-Verkäufe in den Vereinigten Staaten tätig sein, während die restliche Hälfte zwischen dem Alten Inhalt und Japan verteilt wird.
Die Handelsstart des Insight wird in den ersten drei Monaten des nächsten Jahres nach seiner Vergabe im Januar in Valence in der Öffentlichkeit vorgeschlagen.
Im Hinblick auf die erste Generation erhöht der neue Jazz seine Dimensionen.
Seine Länge erreicht 3,90 Meter (Fünf Meter weiter), seine Breite 1,69 Meter (bei Meter weiter) und die Distanz zwischen seinen Achsen beträgt 2,50 Meter, was einen Anstieg von fünf Metern beträgt.
Die Höhe ist jedoch nicht 1,52 Meter.
Die Dimensionen wachsen und den Inneren auch.
Diese Gewinnung ist von der Einführung einer neuen Plattform und von der anderen die Einführung einer Reserve in eine zentrale Position eine Lösung für Honda Jazz angenommen.
Gleichzeitig kann die Kapazität der Koffre - die ein Doppelfondssystem hat - bis zu 399 Liter, 19 Liter Kapazitäten im Vergleich zu der ersten Generation.
Diese Dimensionen sind die Version mit einem Motor 1.4L, da die Kapazität der Coffre von Honda Jazz ↓L von 379 Liter ist.
Die andere Innovation - außer ausländischen Elemente wie hintere Feuer oder Panorama - ist die Verbesserung des Zugangs zur Rückseite.
Die Türen, die Zugang zu den Rücksetzsitzen geben, besitzen 80 Grad ein Öffnungswinkel, anhand der Rücktüren des ersten Jazz, die sich mit einem Winkel von 67 Grad öffnen würden.
Die Motoren sind auch neu über diese zweite Generation von Jazz.
Zunächst wird dieses kleine Modell mit zwei Ausgangspropulatoren von 1,2 und 1,4 Liter ausgestattet.
Die beiden Motoren haben eine i-VTEC-Einrichtung, die den Verbrauch von Essenz und CO2-Emissionen verringert, die den Motor stärker macht und die Motorregelung erhöht.
Der erste Motor 1,2 Liter entwickelt eine Kraft von 90 Pferden mit 6,000 t/min und 114 Nm mit 4,900 t/min.
Dieser Propulsier, der auf dem Jazz erreichte, war 78 Pferde - betrifft einen Verbrauch von 5,3 Liter bis 100 km und 125 Gramm CO2-Emissionen.
Im Vergleich zu dem Propulsor, der auf der Generation 83 Pferde erreichte, erreichte jetzt 100 Pferde.
Dieses Honda Jazz 1.4L von 100 Pferden hat eine Kombination von 5,4 Liter bis 100 km und 128 gramm CO2-Emissionen.
"Werkzeuge beeinträchtigt" die Vermeidung der Vereinbarungen
Um die Entwicklung der Verhütung von Aas zu fördern, inspirierte Nissan sich diesesmal von Natur, insbesondere von Kleidern.
Die japanische Firma hat einen Roboter erschaffen, der durch den Flug von Kleidern vermietet Unfälle.
Er heißt Bio-Mimetic Car Robot Drive, oder BR23C und stellt die ersten Schritte auf die Verhütung der Voraussetzungen dar.
Die Ingenieurs des Erweiterten Technischen Zentrums von Nissan Motor Co. haben diesen kleinen Roboter mit dem Zentrum für Forschung von Wissenschaften und Erweiterten Technologien der Prestigious Universität von Tokyo in Japan zusammengestellt.
Nach Kazuhiro Doi ist der Generaldirektor für öffentliche Beziehungen zur Technologie und Forschung und zur Entwicklung der Markenentwicklung die BR23C der Sicherheitsbücher Nissan.
Dieser Roboter ermöglicht die Fahrzeuge der Marke, die die Veranschaulichungen vorhersagen.
Seine Flugzeuge, jede Beine erschaffen seinen eigenen persönlichen Raum in einer ovalen Form, die viel im Nissan Sicherheitsbockel viel fehlt.
Aber das wichtigste sind die Augen der Haut, die sich in einem Winkel über 300 Grad und in allen Richtungen sehen können, was es ermöglicht, ohne Unterbrechung in seinem eigenen persönlichen Raum zu fliegen.
Um diese visuelle Funktion wieder aufzubauen, haben die Ingenieurs die Laser-Lokalisierung (Laser Range Finder).
Dies entdeckt die Hindernisse, die auf einer Entfernung von zwei Meter und in einer 180 Grad-Radio befinden, die Abstand bis zu diesem Objekt berechnet und sendet ein Signal an den Mikrometer sofort, um den Hindernis zu vermeiden.
"Wenn er einen Hindernis erdeutet, wird der kleine Roboter die Bewegungen einer Blinde nachahmen und sofort die Richtung verändern, indem er seine Rollen von 90 Grad oder mehr um die Vermeidung zu vermeiden.
Die größte Unterschiede gegenüber jedem anderen bestehenden System ist, dass die Evasionsmanagement vollständig instinktiv ist.
Wenn es so wäre, würde der Roboter nicht schnell genug reagieren, um die Hindernisse zu vermeiden ", erklärt Toshiyuki Andoh, Direktor des Labors für Bewegung und Haupteinrichtung dieses Projekts.
Im Gegensatz zu einem Knochen kann der Robot nicht nach oben oder unten oder in Diagonal umgekehrt werden; es kann nur in zwei Dimensionen bewegen und abhängig von dem, was seine Rollen ihm erlauben, und nicht in unendlichen Richtungen wie Bäume.
Für diesen Grund benutzte Nissan eine Rotation-Funktion, aber auch Beschleunigung und Deceleration, damit das kleine Roboter die Hindernisse vermeiden kann.
" Jede Sekunde muss dieses Gerät nur Informationen behandeln und diese Daten akzeptieren.
Es ist nicht nötig, die Informationen oder die intuitive Logik von vorherigen Manufacturen zu bewahren, daher kann es mit nur einigen Dozenen von KBs Gedächtnis funktionieren.
Das kann überrascht werden, aber wir reden nicht über Giga-Bytes von Gedächtnis, noch über Megabyte."
Dies ist der erste Grund für die Entwicklung neuer ständiger Präventionen, die in den Seriewagen in einem Jahrzehnt nach Nissan eingeführt werden.
Der Robot arbeitet mit Lithium-Polymer-Bakterien, die mehr sind und halten mehr als Lithium-ion-Batteries.
Die zweite Anwendung dieser Zukünftigen Anwendung könnte die Anpassung dieses Geräts auf ein GPS-Patellitennavigationssystem sein, um den Fahrer bis zu seinem Ziel zu leiten, indem man die Hindernisse auf dem Weg vermeiden kann.
Sie haben Angst, sich zu unterdrücken.
Wir müssen anerkennen, dass der Vereinigten Staaten-Käse, außerdem die Tatsache, dass er viel Flüssigkeit haben, um Planungen zu machen, nicht genial ist.
Angesichts der Krise, und um zu vermeiden, dass die Amerikaner in Hypotheken bei Solvenzbanken auftauchen, haben sie ein Spiel geschaffen, um nicht zu fehlen: 'Bad Credit Hotel'.
Das ist das Hotel von schlechten Krediten oder Geschichten.
Das lugure Aussehen dieses Wohnzimmers und besonders des Herrn des Hotels hat uns mehrmals nachdenken lassen, wenn es die richtige Zeit ist, einen Darlehen zu fragen.
Und vor allem, wo ich es tun soll.
Das Spiel gibt natürlich nützliche, aber wenige Detailinformationen.
Es ist noch ein Spiel für Jugendliche.
Was, wenn das Spiel abgeschlossen ist?
Weil ein Schlafzimmer im Hotel erscheint.
Es ist besser als nichts, denn es ist unbedingt, ein Haus zu kaufen.
Morgan Stanley öffnet sein Kapital in MUFG
Morgan Stanley verkündete die Eingang an seinen Mitsubishi UFJ Financial Group (MUFG), die erste Bank in Japan, die nimmt neun Milliarden Dollar, um 21 % seines Kapitals zu nehmen, eine neue Annahme durch eine starke Verringerung seines Kurses von Bourse.
Eine Woche nach einer vorläufigen Vereinbarung erklärten die beiden Banken, dass MUFG 9,9 % der Morgan Stanley-Aktionen zu einem einheitlichen Preis von 25,25 Dollar oder ein Gesamtbetrag von drei Milliarden Dollar kaufen würde.
Der gehaltene Preis liegt unter 19 % auf den Rechnungswert der Werte bis 31.
Die MUFG wird 6 Milliarden weitere Dollar in die Erwerb von Konvertiblen Beträgen investieren, die ihm einen 10%-Zinssatz gewährleisten und einen Konvertierungspreis von 31,25 Dollar verursachen.
Morgan Stanley erklärte, dass die globale Operation auf der Grundlage eines durchschnittlichen Einheitspreises von 29 Dollar oder über 28% des aktuellen Kurses auswirkt würde.
Die Aktion Morgan Stanley verlor jedoch 6,79% bis 23,07 Dollar um 17 Uhr GMT.
"Dies Strategie-Verbund ist eine wichtige Gelegenheit, die Morgan Stanleys Übergang zu den Stocking-Status zu beschleunigen", erklärte John Mack, der Generaldirektor der amerikanischen Gruppe.
Morgan Stanley verabschiedete diesen neuen Status letzte Woche, so dass er seine Tätigkeiten diversifizieren muss, aber dies ist unter der Behörde der Bundesreserve.
Seine Vereinbarung mit MUFG bestätigt außerdem, dass die aktuelle Finanzkrise die größten Namen von Wall Street verpflichtet, eine stärkere Einstellung als zuvor anzunehmen.
Die vorgelegten Modalitäten zeigen außerdem, dass das Abkommen in den letzten Tagen durchgeführt wurde. Morgan hat nur gesagt, dass er bis zu 20 % seiner Aktionen in Japan für etwa 8,5 Mrd. Dollar verkaufen würde.
"Vor einer Woche erklärte Tokyo Toshihide Mizuno, der Ex-Richtlinie der MUFG, "Unsere Pensionen, dass die Beteiligung vollständig aus Aktionen zusammenhängt.
Aber aufgrund der gegenwärtigen Lage der Wirtschaft und des Marktes möchten wir die Risiken reduzieren und uns umfassen."
Auf der Grundlage des gewogenen Durchschnittspreises bezahlt MUFG seine Titel Morgan Stanley 7% unter ihrem Rechnungswert.
Und die Operation wird durch eine Dilution von etwa 20% des Nutzens durch Aktion übersetzt.
In dem Abkommen wird vorgesehen, dass MUFG in ein Jahr die Hälfte seiner Vorteile in Aktionen umwandeln kann, wenn sie über 50 % über den Konvertierungspreis oder in einem bestimmten Zeitraum etwa 47 Dollar wechseln.
Morgan Stanley sorgt dafür, dass die von MUFG gewährten Kapitale ermöglichen, Investitionsmöglichkeiten einzuführen, seine Bilanz zu verstärken und ihre Liquiditäten zu verbessern.
Ein Wort der Fraktion hat jedoch darauf hingewiesen, die strategischen Projekte der beiden neuen Verbände zu übermitteln.
Nach der Investition von MUFG sollte Morgan Stanley eine Solvenz von etwa 15%, einer der besten Sektoren.
Morgan stellte fest, dass er von Ende bis zum Ende seine Bilanz veröffentlicht hatte.
Die letzten Wochen wurden für die Gruppe beobachtet, die seinen Kurs von Bourse in der Hälfte sehnte, während die Kosten der Versicherung gegen eine Verletzungsrisiken auf seine Schuld beeinträchtigt wurden.
Diese Kosten refluchten Montag, aber blieben auf einem hohen Niveau von rund 12 %.
Letzte Woche, Goldman Sachs, die einzige andere "auf" von den großen Investitionsbanken von Wall Street nach Bear Stearns und Lehman Brothers und Merrill Lynchs, hat ankündigt, dass sie 15 Milliarden Dollar erhöht haben, teilweise bei Berkshire Hathaway, der Warren Buffett-Gruppe.
Rafael Correa in Quito, am Montag.
Die Republik um den Sozialismus des 21. Jahrhunderts wiederherstellen.
Das ist das gemeinsame Projekt von Venezuela Hugo Chavez, Bolivien Evo Morales und Equatorien Rafael Correa.
Dieser Sonntag, wie seine Genehmigungen und Freunde, war der dritte, der ein neues Entwurf zur Stimme stellte.
Die ausgeführte Mission, da 64 % der Wähler "Ja" im Referendum gestimmt haben, sind die offiziellen Ergebnisse von 80 % der Anfrage.
Diese Ergebnisse erhielten 28 %, 7 % der Anfrage waren Null und 0,7 % waren weiße Stimmen.
Um das Entwurfsprojekt anzunehmen zu können, musste die Hälfte der Schwächen mehr als einer sein.
Sonntag haben zwei Ermittlungen, die bei der Abstimmung der Abstimmungsbürger durchgeführt wurden und eine Abrechnung einer Nichtregierungsorganisation eine breite Gewinnung des "Ja" angekündigt, die zwischen 63 % und 70 % betrifft.
Rafael Correa hatte auch am Sonntag Abend die Gewinnung seines Entwurfs vorgetragen.
Die "Verfassung triumphierte auf eine schreckliche Weise", gewährleistet er, dass die Equatorien an der Stadt Guayaquil 280 Kilometer südwestlich von Quito begrüßten.
Wie natürlich wurde Rafael Correa von Chávez und Morales begrüßt, aber auch seine chilianische Genehmigung Michelle Bachelet.
Der Anwalt, der die Beobachtungsmission der amerikanischen Staaten (OEA) ruhig erlebt hatte, führte in 444 Punkten auf einen Text, der den "neuen Sozialismus" konsolidiert hatte, der von dem Präsidenten verteidigt wurde.
Der Entwurf des Verfassungsvorschlags ist die Behörde des Staates über die Wirtschaft und bewahrt die "Entwicklungsplanung" eines Landes, das im wesentlichen von ausländischen Unternehmen und von den Vertretern von Emigranten übernimmt.
Der Entwurf, der im Jahr 2006 erwählt wurde, gewährt auch den Staatsleiter verstärkte Befugnisse, die bis zu zwei konsequentiven Gebote von vier Jahren ausüben und die Möglichkeit haben, die Assemblee zu lösen.
Correa hat bereits angekündigt, dass er diese Macht benutzt und im Februar 2009 ein neues Gebot verbracht.
Die Verfassung konsolidiert außerdem den Grundsatz der kostenlosen Gesundheits- und Bildungsdienstleistungen, die der Präsident in diesem Land 13,9 Millionen Einwohner begonnen hat, wo 50% der Bevölkerung unter der Armut leben.
Sie legt schließlich den Verbot der Anwesenheit ausländischer Volksmengen vor, was das Abkommen zwischen Quito und Washington für die Nutzung einer equatorischen Basis als Punkt der amerikanischen Antidrugsoperationen endet.
Die 19 Otage wurden in Chad befreit
Ein egyptischer Befehl hat die Aufnahme gegen die Raviser der 11 Touristen und ihre acht Gefangenen, die vor zehn Tagen gefangen waren.
Sie sind im Cairo.
Die 11 europäischen Touristen und ihre acht Ägypter, die zehn Tage in der Wüste gefangen waren, wurden am Montag nachmittag gesund und außer in der ägyptischen Hauptstadt zurückgebracht.
Am Morgen wurden sie von einem egyptischen Befehl in Chad befreit.
Es scheint, dass die Flüchtlinge um 15 Stunden 30 an Bord eines besonderen Flugzeugs auf der militärischen Basis von Al-Maza an dem internationalen Flughafen des Cairus kamen.
Sie wurden unverzüglich übertragen, ohne in der Presse zu sprechen, an Bord von Helikopter zu dem Hospital in Maadi, einem Residentialbaum des Cairus, um die Untersuchungen zu erreichen.
Sie sind in "gute Gesundheit" und "gegen Lösegeld an die Ravisoren" erklärte der Ägypterminister der Tourismus Zoheir Garanna auf dem Talmach.
Gefangen am 19. September bei einem Safari in 4x4 am Fuß des Berges Ouanat, an den Grenzen Ägyptens, Sudan und Libyen, wurde diese Gruppe von Geschäften mit 35 Inkonsistenten von einem Geheimnis an einem anderen abgeschlossen.
Es umfasst 11 Touristen - fünf Italiener, fünf Deutsche und eine Römer - sowie acht Ägypter: zwei Führer, vier Fahrer, ein Grenzwagen und der Direktor der Egyptischen Agentur, Safari-Agentur.
Ein ægyptischer Sicherheitsverantwortlicher erklärte, dass 30 Mitglieder der speziellen Stärken, die zwei Helikopter an Bord gebracht haben, in der Nacht gerade vor dem Abend gesammelt haben.
"Ein Austausch von Feuerschlüssen ist geschehen, und die Hälfte der Ravisoren wurden getötet, die anderen fliehen", sagte der Verantwortlicher, der die Anonymität verlangte.
Er erklärte, dass 150 Mitglieder der egyptischen Sonderkräfte der "belichten" Einheit insgesamt in Sudan geschickt wurden, wo sie die Unterstützung von deutschen und italienischen Befehlen erhalten haben.
Der italienische Leiter der diplomatik Franco Frattini erwähnte die Rolle von geheimen Agenten und Elementen der italienischen Sonderkräfte.
"Wir müssen anerkennen, dass wir dieses Ergebnis durch die Berufs- und Wirksamkeit unserer Männer von Geheimdienstleistungen, Spezialkraften erzielt haben", sagte er, ohne mehr Details.
Er hat auch die Zahlung einer Erlösung abgelehnt.
Die Wache, die Sudanische Armee hatte behauptet, dass bei einem Patrol ein 4x4-Werkzeug auf dem Boden gezogen hatte, wobei die Räucher in sechs, einschließlich der Chef der Tchaden, und zwei aufgenommen haben.
Die Armee hatte behauptet, dass sie mit einer rebellischen Gruppe von Darfur, der Befreiungsbewegung der Sudan-Unie (SLA-U), verbunden waren, was diese Bewegung unverzüglich abgelehnt hatte.
Briefe - Die ruhige Mehrheit der Kultur
Eine Debatte über die Finanzierung der Kultur stellt Manchette auf und befasst diese Wahlkampagne.
So viel besser.
Aber ein Sektor unseres kulturellen Lebens bleibt immer vergessen.
Wer wird auferstehen, um die Beträge zu erklären, die für kleine Museen, Archive, Archäologen oder nationalen historischen Orten, die Hunger haben, zu erteilen?
Welcher Politiker wird die Bundesregierung erinnern, dass er seine Gedächtnisse und seine erbärmlichen Gebäude vernichtet?
Was haben wir in Quebec, wie in Kanada, nicht echte Gesetze, die unsere Erbe wirklich bewahren?
Wussten Sie, dass die französische Regierung drei Millionen und eine Hälfte von Euro auf die Wiederherstellung des einzigen Kampfes in China in der Tale der Loire geheiligt hat?
Bei unseren amerikanischen Nachbarn wird in der Gründung ihres Landes geschrieben, dass der Schutz des Erbteils Teil der Kultur der Amerikaner ist, und dass dieses Erbe von allen Bürgern, auserwählten und von allen Regierungsdeparteien geschützt werden muss.
In Quebec, in der Federation der historischen Gesellschaften in Quebec, sind mindestens 40 000 freiwillige Personen in 211 Geschichten, Erbteilsgesellschaften, Archive und Genealogie Sorgen, dass sie die Geschichte füllen, mit drei unter privaten Archiven bewahren und archeologischen Kleidung bewahren.
Dies sind oft die Hunde der Wache unseres Erbes, die mit der Energie der Unerwartetheit protestieren, wenn Fortbewerber und Entscheidungsträger ihre Buldozer gegen unsere alten Steine und unsere vergessenen Zimetre lancern.
Wann ist ein Gerichtshof für die Geschichte und das Erbteil?
Die Regierungen Benelux nationalisieren einen Teil der Fortis-Bank
Die Benelux-Staaten werden bei der belgischen und niederländischen Bank als erste europäische Institution in einer Notfallsituation nach dem Schneefall der Kreditmarktkrise in den Vereinigten Staaten gefördert, indem sie teilweise nationalisiert wird.
In diesem Wochenende haben die belgischen, Luxemburgerischen und nederländischen Regierungen auf der höchsten Ebene in diesem Fall auch die Europäische Zentralbank und die Verantwortung für die Wettbewerbsfähigkeit der Europäischen Kommission einverstanden.
In der Eurozone ist die erste große Krise im Rahmen der internationalen Finanzkrise, die seit mehr als ein Jahr verstärkt wird, für die Fortis-Bank.
Im Einklang mit der Entscheidung im Sonntagsabend werden die drei Staaten fast die Hälfte (49 %) des Kapitals der Bank in jedem Ländern gezahlt.
Die Bank verkauft zweifellos einen Teil seiner Teilnahme, unter denen die Tätigkeiten, vor allem die Versicherung, die sie im vergangenen Jahr der niederländischen ABN Amro erworben hat.
In der zweiten Hälfte der Woche wurden bereits ernste Krisenzeichen bei der Bank entdeckt.
Die Analysen stimmen mit der Tatsache, dass die Bank mit seinem 85.000 Beschäftigten zu groß ist, um sie zu verlassen.
Nichts, sondern Freitag, wurden die Aktionen der Gesellschaft 12 Prozent gefallen, um ihre niedrige Stufe vor 14 Jahren zu erreichen.
Seit Januar wurden die Maßnahmen mehr als zwei Drittel ihres Wertes gefallen.
In Anbetracht des gegenwärtigen Wertes der Aktionen ist der Gesamtwert des Kapitals der Gruppe rund 14 Mrd. EUR, was nach den Führern der Gesellschaft nicht realistisch ist.
Die Leitung der Gesellschaft bestätigt die Außen-Atlantik-Unsicherheit im Zusammenhang mit der Annahme des amerikanischen Rettungsplans von 700 Milliarden Dollar, dass es den Fall der Fortis-Aktionen stammt.
Montag, die Papiere haben bereits eine zunehmende Erhöhung ermöglicht.
Freitag wurde Philip Dierckx als neues Generaldirektor an der Bank ernannt.
Die Finanzierung suchte auch private Kaufnehmer, aber noch nicht auf der Grundlage eines Vorschlags.
Vorher hat die belgische Regierung angekündigt, dass die Investoren sich nicht kümmern sollten, sie würden ihre Geld nicht verlieren.
Kein Panik wurde im Kreis des Kunden der Bank gefühlt, und keine Agentur wurde zugelassen.
In Ungarn hat Fortis unabhängige Agenturen und hat auch Leasinggesellschaften gezahlt.
Ein Renard im Pulver
In Amerika unterzeichnen die Lebens- und Gesundheitsversorgungsgesellschaften oft einen Versicherungsvertrag mit einem Kandidaten auf der Grundlage von Informationen über seine Medikamente kaufen.
Der Datenschutzexperten befürchtet, dass der Datenmarkt unkontrollierbar wird.
"In allen Fällen gibt es Datenschutzprogramme, die die Verwendung der Informationen über die Rezeption von Arzneimitteln im Einvernehmen der betroffenen Person aufweisen.
Dieses Programm muss zwischen unabhängigen Händen sein, sonst wird es wieder zu einem Renard vergeben" - erinnerte Richard Dicket, der Schöpfer des Programms, das zur Verwaltung der Medikamente in Washington Post verwendet wird.
Die Versicherungsunternehmen abhängigen von dem Versicherungspreis und dem im Falle von Schäden gewährleisteten Kapital und der Gesundheitszustand des Kunden, und wenn sie denke, dass das Risiko zu groß ist, versichern sie es nicht sogar.
In der Vergangenheit schickten sie die Kandidaten an eine medizinische Prüfung und unterzeichneten sich nur nachdem sie die Ergebnisse erkannt hatten.
Seit zehn Jahren fand Dick ein sehr wertvolles Verfahren: aus einer Identifizierungsnummer ist er leicht bei den Pharmazeutischen, Daten über den Kauf von Medikamenten der Person in den vergangenen acht Monaten. Daher entscheidet das Programm selbst, welche Krankheit die Person leidet und welcher Gesundheitszustand.
Wenn diese Person zum Beispiel regelmäßig starke Dosen von Kohlesterol reduziert, hängt dies zu einem extrem hohen Fettrate im Blut, das sie gleichzeitig in einer höheren Risikokategorie führt.
Mehrere Versionen dieses Programms sind in der Lage; manche bestimmen gleichzeitig ein Risikokoeffizient, daher gibt es nichts mehr, um den Versicherungssteller außer dem Papier zu tun, aber wenige Probleme können noch auftreten.
Unter den Unzugängen dieses Programms findet man, dass ein Medizin für verschiedene Zwecke verwendet werden kann. Zum Beispiel können bestimmte Mischungen gegen die Ängste oder gegen die heiße Büffeln verwendet werden, aber auch gegen die Depression wirksam sein.
Dies wird von den Versicherungsträgern als ein stärker Risikofaktor betrachtet, während die anderen nicht.
Einige Unternehmen haben sich in der Forschung und Analyse der Daten entwickelt, und sie müssen den Patienten beantragen, vor der Erstellung der erforderlichen Informationen in der Apotheke zu sammeln.
Sie sind daher von den Behörden beschränkt, obwohl sie nicht für ihre Verletzungen in der Vergangenheit gesandt wurden.
Seit kurzem behandeln einige Unternehmen auch die Ergebnisse der Laboranalysen und verbinden sie mit den Daten über das Arzneimittelverbrauch, so dass sie eine weitere genauere Behandlung der Gesundheitszustand der Patienten ermöglichen können.
Mehr Unternehmen haben Zugang zu Daten, und die Verwendungskontrolle wird parallel zu schwieriger.
Es gibt ein besonderes Gesetz über den Schutz von Arzneimitteln, aber sein Aktionsbereich war nur für die Praktiken und die Versicherungsreserven.
Ein Vorschlag für einen Gesetz über die Erweiterung des Kontrollkreises der Behörden über die in der Datenlieferung spezialisierten Unternehmen ist gegenwärtig vor dem Kongreß vorgeschlagen.
Dick Richard erkennt, dass es nicht ausreichend ist, und daher hat er noch vor seinem Programm entwickelt, der die Daten an die Übermittlung des Abkommens der betroffenen Person vorausgesetzt.
Es ist eine weitere Frage, ob die betroffene Person wirklich frei ist, ihre Vereinbarung zu geben oder nicht, da die Versicherungen mit ihr keine Versicherungsverträge unterzeichnen.
Dadurch und am Ende berücksichtigen die Pulver die Wohlgefallen des Renards.
Das globale Menü Marseille
Die Europäische Union und Indien multiplizieren ihren Handel mit zwei.
Da die Europäische Union und Indien sehr wichtige Handelspartner sind, herrschte dieses Thema auch die Reihenfolge dieses neunten Tages gegenüber den anderen Problemen insgesamt weltweit.
Heute wird auch ein Hochschule Frankreich-Indien stattfinden, wo vor allem die Zusammenarbeit im Bereich der Atomenergie wird.
Die Europäische Union erkennt, dass Indien eine große demokratische Macht ist, die in den internationalen Angelegenheiten ein breiter Wortrecht geben sollte, aber die Mitgliedstaaten haben sich noch nicht über ihre Unterstützung in New Delhi für ihre Kandidatur als permanenter Mitglied des Sicherheitsrats der Vereinten Nationen einverstanden.
Sie haben sich nicht zu viel auf diese Frage gestern an diesem neunten Oberhaus in Marseille berücksichtigt.
Der französische Präsident Nicolas Sarkozy, wie derzeitige Präsident der Union, sowie der Präsident der Kommission José Manuel Barroso und der Leiter der diplomatik, Javier Solana, erhielten den Premierminister in Indien, Manmohan Singh, mit dem sie in fünf Jahren einverstanden waren, daß sie in zwei Jahren die Handelsausgaben multiplizieren, was eine höhere Höhe von 100 Milliarden Euro betrifft.
Aufgrund der Tatsache, dass der Austausch von Waren zwischen 2000 und 2007 von 25 Milliarden bis 55 Milliarden überschritten wird, scheint es nicht zu ambitiös zu sein.
In diesem Sinne haben sie die 26 bilateralen Übereinkommen mit Indien über die Zivilflüge harmonisiert.
Indien würde bis spätestens 2009 einen freien Handelsabkommen mit der Union unterzeichnen.
Sarkozy hat versprochen, die Verhandlungen zu beschleunigen.
Das Ziel ist, die Situation mit einer Seite, Indien, der der erste Handelspartner der EU ist, und von der anderen, New Delhi, die nur auf der neunten Stelle der EU-Mitglieder ist.
Der Hochschule hat seine Aufmerksamkeit auf globale Angelegenheiten gezeigt.
Die Afghanistan- und Pakistansische Situation wurde stark verurteilt, sowie alle Formen des Terrorismus, und die Notwendigkeit, eine Konferenz der Vereinten Nationen zu halten.
Die Abschluss des Handelszyklus von Doha wurde auch angefordert, obwohl beide einen großen Teil des gegenwärtigen Fehlers hatten.
Die EU hat bestätigt, dass sie dem Energie- und Klimaprogramm treu bleibt, insbesondere dass sie sich bis 2020 von mindestens 20 % verringern würde.
In diesem Zusammenhang war Indien auch einverstanden und mit der Tatsache, dass bei der Konferenz über den im nächsten Jahr vorgesehenen Klimawandel einen globalen Markt überschritten sollte und die Emission von Emissionen von Flüssigkeiten von 50 % bis 2050 reduziert werden sollte.
Sie möchten auch die Erhöhung der Lebensmittelpreise vermeiden, und sie unterstützten die Aufrufe einer internationalen Arbeitssitzung zur Überprüfung der Finanzkrise.
Der britische Staatsleiter ist heute im französischen Kapital, wo er bei einer bilateralen Zusammenkunft ein Abkommen über die friedliche Nutzung der Atomenergie unterzeichnet wird.
In Paris wird gehofft, dass die französischen Gesellschaften für einen Wert von 20 Mrd. EUR für die Bau von Atomreaktoren in Indien bestellen.
Nach den Informationen der Presseagentur wäre das Abkommen 15 Jahre lang.
In Frankfurt, mehr als dreihundert italienische Editoren
Stärke der italienischen Editoren im Internationalen Raum des Buches de Francfort.
Mehr als dreihundert italienische Editoren, die in der 60. Ausgabe der Buchmesse vorhanden sind, ist die wichtigste internationale Sitzung im Austausch von Rechten.
Der Internationale Raum des Buches Frankfurt erwartet für diese Ausgabe, mehr als 7 Milliarden Exponenten aus 101 verschiedenen Ländern, die die 17°790 Quadratmeter vom Raum mit mehr als 403 Milliarden Ausstellungsbezeichnungen befinden, und die Türkei als Ehreanforderung.
Dies wird der Subsekretär des Ministerium für Güter und Kulturaktivitäten, Francesco Maria Giro, der die italienische Regierung bei der Innovationszeitraum von Papillon Italien vertreten wird: In der Tat wird Italien institutionell vortreten, mit einem italienischen Punkt 264 Quadratmeter Ausstellungsraum.
Sie wird die Besprechung mit der Presse in der Struktur-Raum-Papille 5.0 der Buchmesse folgen: eine Gelegenheit, die Zahlen, Trends und Vorausschau auf die Position der Ausgabe in Italien vorzulegen.
Nach den Daten wird die Bedeutung der Bücher ausländischer Autoren progressiver verringert im Verhältnis zu der gesamten italienischen Produktion, insbesondere bei Erwachsenen und Kindern.
Der Flughafen von Steve Fossett wurde gefunden. Der Milliarde ist vor einem Jahr verschwunden.
Das Flughafen von Steve Fosset, der am 3. September 2007 vermisst wurde, als er in der Wüste Nevada fliegt, wurde gefunden.
Die Debris wurden auf einer Platte von 3000 Meter hochgefunden, in der Region Sierra Nevada von Mammonth Lakes, an der Grenze zwischen Kalifornien und Nevada.
Innerhalb des Flugzeugs gibt es allerdings keine Menschen übrig.
Der Sheriff von Madera County, John Anderson, erhielt die Zweifel, die übrig waren: "Die Flugzeuge wurden gefunden, wir haben ein Team geschickt, und jetzt haben wir die Bestätigung, dass es gut ist, von dem Steve Fosset am Tag, an dem er verschwindet", sagte er bei einer Pressekonferenz.
Der Sheriff stellte daher fest, dass kein anderer Mensch auf dem Flugzeug oder in den Umgebungen gefunden wurde.
Im Februar wurde der 63-Jährige Milliarde als Todesfälle betrachtet .
Das amerikanische Verkehrssicherheitsbureau (Ntsb) stellte fest, dass ein paar Stunden nach der Eröffnung der Epave, ein Ausführerteam, das auf den Orten geschickt wurde, das Gerät identifiziert wurde: Es ist gut von Bellanca 8kcab, das am 3. September 2007 verschwindet, wenn Fosset von Yerington in Nevada für drei Stunden fliegen wird.
Gestern, immer in Kalifornien, nicht weit von der Grenze von Nevada, wurden einige persönliche Auswirkungen von Fosset von einem Paar in der Nähe ihres Wohnzimmers von Mammoth Lakes gefunden.
Dies sind zwei Dokumente mit dem Namen Fosset, die beide von der Federal Flughafenschaft von I°Nois, Spezies Geld und ein Pull ausgestellt sind.
Fossetts Forschung wurde ein Monat nach seiner Vergangenheit abgebrochen.
Der Milliarde hat einen Platz in der Geschichte gewonnen durch eine lange Reihe von Rechnern.
In der sechsten Versuchung wurde er im Jahr 2002, der erste Mann, die Weltturm auf einem Flugbalon zu erfüllen: zwei Wochen solitaire Flug.
Drei Jahre später hatte er die Welt in einem Flughafen und ohne Skala gedreht.
Von allen diesen Rechnern, auch der von 15 445 Meter hoch geflogen hat, auf den Anden, aber mit einem Baby.
Glk, die Werbung, die du nicht hast.
Ein 4x4 außerhalb der Gemeinsamkeit eines ursprünglichen und gut definierten Designs, in den markierten Zeilen, in den schwarzen Oberflächen und netten Winkeln.
Hier ist in der Synthese, Glk, der letzte Geburt der "Kompakte" des Sternhauses, mit dem Mercedes-Benz versucht hat, ein neues Wind in diesem Sektor zu geben.
Nur durch seine unerwarteten und nicht konventionellen Inhalte wird die Kommunikation, die die Ausführung von 4x4 Glk in den showroom Mercedes-Benz ab dem 17. Oktober beeinflusst.
So wird die Werbung, die das Beginn des neuen Autos zusammenhängt, eine unvernünftige Kommunikation durch eine 3D-Anzeigekampagne erfolgen, die für das erste Mal in Italien durch eine Autobranche verwendet wird.
Ein maximaler Projekt, das in drei verschiedenen Phasen verwandelt wird, wird das Herz des Milliarden Kaufs, Corso Como, bis zum 15. November.
Die erste Phase dieser neuen Kommunikationsart ist die Präsentation des Autos in stereoskopischer Vision, und durch spezielle Löcher, die um Corso Como verteilt werden, wird die neue 4x4 in fast realen und dreidimensionellen Dimensionen sehen können.
Ja, wir werden das Gefühl haben, wenn wir das Bild ansehen, wird das Auto aus dem Büro rausgehen.
Dann durch die Verwendung der innovative Elimina8, der neue Glk wird die Spuren in allen seinen Details belichtet, um sich dann in ein einziges Bild wieder aufzubauen.
Es ist offensichtlich, dass Mercedes mit dieser Werbung versucht, etwas wieder in den stereotypischen Bereich der Autokommunikation einzuführen.
Würde sie mit dieser Formulierung das Interesse der künftigen Erwerbstätigen erleichtern?
Das sind die italienischen Hooligan.
Von Triveneto riskieren sie das Daspo.
Aber wer sind die 150-200 jungen Jungs und Mädchen, die Italien jetzt schämt? Sie sind Teil der "Ultras Italien" Gruppe, die seit Jahren das italienische Nationalteam folgt, und die bisher noch nie große Probleme haben.
Er hat sich nie mit den Nebenwirkungen niemals erhebt.
Die Ausnahme der Gruppe ist recht.
Die Promotoren kommen aus Triveneto.
Verone, Padoue, Trieste und Udine.
In Sofia wurden kleine Gruppen von Campania und den Poʹs (nicht in Wirklichkeit) beobachtet.
Sie hatten dreifarbige Flaggen, die ihre ursprüngliche Stadt erschienen: Samstag Abend wurden sie alle weggenommen, um nicht zu identifizieren.
Sie inspirieren sich aus der englischen Fitosanitarie.
In Bulgarien fanden sie eine Fitosarie der wahren Nazis, der von Levski.
Die Figc hatte italienische Fitositäne, 144 Briefe für den Teil bereitgestellt: alle nominative, und daher leicht kontrollierend.
Und der Viminal hatte sie alle kontrolliert: unter denen, die nach Sofia gegangen waren, hatte niemand einen laufenden Daspo, keiner wurde verboten, eine Stufe zu üben.
Vier italienische Idioten, die frühere Strafverbrechen hatten, hatten nicht das Recht auf die Brieftasche und konnten die Bewegung nicht beenden.
Jetzt erwartet der Viminal, die von der bulgarischen Polizei kommen werden, zu lesen und dann Maßnahmen zu treffen: In diesem Fall könnte es sein, dass die tifosen, die in den Ungeordneten eingeschlossen sind oder in einem Daspo für mindestens fünf Jahre identifiziert werden .
Ein internationaler Daspo, der die italienischen, aber auch europäischen Stufen verbietet.
Schon bald werden unsere Hooligane nicht mehr auf den Stahl setzen.
Glückwunsch.
Aber jetzt ist es die Zeit der Emulation: Andere können sich in den hundertundfünfzig erststen Frühstücken bewahren.
"Wir müssen diese Brennung sofort auslösen und nicht so einverstanden werden", unterstützt der Viminal.
Also, "sonders für die Mittwoch-Team in Lecce offene Augen aufbewahren"
In den Poʹs gibt es in der Tat ein kleines Knochen der Ultras Italiens.
Morgen wird der Beobachtungsauftrag, am Mittwoch der Casms, der sogar auf einem Aise-Abschnitt zählen kann, das heißt Geheimdienste, die sich nur auf die Phaseprobleme befinden.
In Bulgarien ist es kein Verbrechen.
Dies ist die Meinung (ausdrücklich nicht behauptet) von Domenico Mazzi; seit kurzem hat der Direktor der Viminalbeobachtung (er nahm die Post von Francesco Tagliente und dann von Felice Ferlizzi).
Mazzi® war vorher in Triest vorbereitet, wo eine Nägel von Begünstigten der Gruppe Ultras Italien, die im Jahr 2002 gegründet wurde.
Es ist wahr, wie der Mazzi geschrieben hat, dass Mussolini in Bulgarien nicht ein Verbrechen ist, aber es ist sicher, dass das Verhalten dieser 150-200 tifose schämt war.
"Ich bin kein Soziologe - die Nummer 1 des Beobachters - die Verbrechen müssen in dem Land zugeteilt werden, in dem die Tatsache stattfindet.
Bis jetzt ist diese Gruppe in den Regeln verbleibt, und wir werden jetzt gut sehen, was passiert ist, und wir werden für die Zukunft bewerten.
Aber sprechen wir auch über Syfflets gegen die Hymne von Mameli: Diese sind auch keine Verbrechen, aber wenn Sie mir erlauben, sind sie keine Polizei..."
