Trionfo pravých lidí v Austrálii: celkem mají 29%
Vzhledem k tomu, že oba stávající strany ve velkém koalici a tato zvýrazňovaná zvýšení lidských stran pravé stran přinesly, v souladu s prvními výsledky prohlášení, na parlamentní volby předcházejícího v Neděli v Austrálii.
Austrálie (ÖVP), v němž stávajícího prezidenta Wilhelm Molterer se vážně tvoří, hned ztratil zvláštně silné ztráty.
Naopak, výběrní voják Unie pro budoucnost Austrálie (BZÖ), podprůvodce Kärnten Jörg Haider, připravuje trionfální zpět do politiky na.
Podle výsledků prohlížečů se nejsilnější strana v zemi zůstává sociodemokratický (SPÖ) s 29,8 % hlasů, ale odpovídající posledních voleb v roce 2006 ztratí 5,5 %.
Ještě horší pro ÖVP, co ztratí 25,6% hlasů asi 9%.
Jsou to nejhorší výsledky těchto dvou největších stran v Austrálii Dopoguerry a především výsledkem doslovně katastrofy lidí, které způsobily předběžné výběry.
Ještě na začátku července, kdy ÖVP opustil koalici, lidé měli v přednostech před SPÖ významnou výhodu.
Ale výběrové je zřejmě trestovali, protože vláda zničila.
V prvních reakcích na výsledky byly pozorovány výsledky o možnostech odmítání předsedajícího strany, kanceláře Wilhelm Monter.
Upozorňovatelé si myslí, že mohou být již v pondělí během výjimečného probíhání strany.
Tento vývoj by možná měl umožnit cestu k nejvíce pravděpodobnějšímu výběru výběru výběru, totiž k obnovení koalice SPÖ a ÖVP .
Vzhledem k tomu, že oba lidé v pravé a liberálních stranách (FPÖ) předtím získaly 18 % a BZÖ 11 % hlasů - ale sociodemokratické zjistili, že se zajímají o další rok 1999, když se populští lidé dohodly k kolektivním vládě, (např. FPÖ stále sjednoceno, v roce 2005 oddělil se od BZÖ) a že byl příliš příčinou sankcí od Evropské unie.
O tomto vývoji zřejmě Haider, který již vyprávěl, že je připraven s jakýmikoli stranami a předpokládá, že se vrátí do Vienna v politikě na.
Do Parlamentu se také mohlo vstoupit do Zelené strany, které však lehce spadlo, sstupující mezi australskými politickými stranami od třetího do pátého místa.
Žádná další strana zřejmě překročila 4 % hmotnost a nepřišel do Parlamentu.
Schwarzenberg: Spojení s Indií se mohou zbavit
Jestliže se nedokázalo opakovat problém s chybějícími vědci, kteří byli uloženi na nelegálním náhradní základu srábů v Indii, bylo by podle ministera české zahraničí Karel Schwarzenberg, určitého zlepšení české-indijské zprávy.
Minister to uvedl v New Yorku po sjezdu dnes s jeho indiánským omologem Pranab Mukherjee.
"Když se nevrátíte, pak budete mít nějaký potěšení," uvědomil po shromáždění, které se stalo pod české iniciativou.
Mukherjee po rozhovorech řekla, že prováděcí moc může těžko zavést do právních činů.
Vzpomíná však, že v případě Petra Švácha, která byla povolena ‚a vykázána s peníze, může centrální vláda promluvit s místem v Dardieelingu, co se děje pod jeho soudním oddělením.
"Váš problém by mohl být řešit," řekl ministr.
Podle Mukherjee by bylo lepší, pro Emil Kuchera, který byl trestněn na tři roky vězení, zpátky na vyšší instanci.
Pak můžete požádat o svobodu a očekávat soud v svobodě.
Schwarzenberg potvrdil, že jeho partner se vyjádřil stejně během pohovoru.
"Připomínejte, že se dostanete do většího soudu a pak bude možné dostat milost," řekl ředitelem české diplomace.
Jediný způsob, jak česká strana může vstoupit do oblasti, je zakázat "přijatelné soudní podpisy" Indický ministr podporoval.
V též době řekla, že takové podpory již vydává Indickou stranu.
"Máme nejlepší zájem o udržování nejlepších vztahů, které se s Indií dostanou mnoho let.
Také to přiznají Indiáni," řekl Schwarzenberg.
Stejně jako řekla ČTK, před svým partnerem ukázala, že Česká republika dává velkou záležitost k problému české entomology.
"Považujeme se opravdu hluboké chyby o překvapení a o vinu těchto vědeckých vědců," řekl.
Minister zabránil odpověď na otázku, jestli se z Indie dostal projednání o tom.
"Dostal jsem tolik slibů," uvědomil jenom.
Český soudce v řetězce pro mořské základy
Přiblížila se k elektronickému mapě na zdi, na kterém je nakreslena Austrálie a na jednání mořských oblastí.
Nezajímá se však o kontinentu, ale o malé části v modrém oceánu.
„Ostrov je přítomný“ a spolu s ním „pomocí oceánu mořského základního základního základu.
Oblast je stejně velký jako sám kontinent, říká italský právník Luigi Santosusso, který je součástí týmu 33 pracovníků OSN pro otázky o oceánu a mořských právech.
Václav Mikulka, jeho šéf, ředitel českému ředitelskému ředitelu Václav Mikulka, se sleduje jeho výstavu a doplňuje něco.
Rozhodně chtějí pracovat a zacházet.
Mořský základ ještě nyní skrývá neznámý svět zbožných přírodních zdrojů.
Je možné nalézt naftu, metallické mineraly a jiných mineralních materiálů, ale také neznámé živé organismy, které přinesou klíč k zjištění léčby proti rakovinu.
Největší základní základní zemědělství
Státní státy začali zajímat podzemní území.
Podle konvence OSN, totiž byly použity právních předpisů, o nichž v roce 1982 dohodly v Montego Bay v Jamajce.
Toto je zejména oblast takové kontinentalní platformy, která se často rozšíří do několika stovků kilometrů od strany dotčeného státu.
V souladu s Úmluvou má výjimný právo na všechny zdroje kontinentální platby.
"V několika slovach na kontinentální platformu je tato část mořského základního základu a jeho podzemní části, která je přírodní rozšíření kontinentu pod mořem.
Tato ekskluzivní hospodářská oblasti se často rozšířila venku územního moře více než 200 kilometrů lodí“, vysvětluje Mikulka.
Žádost, kterou země předkládá před výborem pro definici velikosti kontinentalního platformu, musí být srovnána s technickými dokumentacemi velmi širokou vědeckou dokumentaci na základě mnoha nákladních výzkumů a měřeních.
Je to výsledkem přípravy mnoha let.
"Jeden z našich úkolů je hledat výboru soudní a technické a profesionální hledání.
Výbor došlo do pět žádostí o Rusku, Brazílii, Irsku a Nové Zelensko.
Pouze poslední tři jmenované úspěšně došlo," dodává Mikulka.
Nedávný úspěšný úspěšný ředitel, který zdůraznil významně rozšířit své mořské pobytky, zaznamenal světový eko.
Ale i Nová Zelanda nám získala - povrch mořského základního základu, který je předchozím týdnem podpisoval komisí, přibližně 1,6 čtverečních kilometrů, takže více nebo méně šestkrát větší než stejný stát.
Všichni dvě země investovaly do výzkumu miliony dolarů.
Výhoda, která bude v budoucnosti půjčovat z mořských základů, jak se slíbí, bude nezbytná.
A další státy budou postupně předkládat své požadavky.
Mohli to udělat za deset let od té doby, kdy byla uložena konvence Montego Bay.
Tam, kde se končí kontinentní platforma, začne oblasti fondu oceánu, které konvence oznámila společné dědictví „člověčet“.
Nikdo, kam jsem šel, nemá výjimečný postoj.
V tomto oblasti je právo pro vývoz do této oblasti poskytnuto vnitrostátními institucemi stanovenými Úmluvou.
"Ale mořský fond není Klondike," říká ředitel Mikulka, protože jeho jednotlivé strany jsou soudně zrušily a jejich režim, který byl stanoven domluvně."
Číňky v rámci provozu
Součástí mořského základního základu je dnes také České republiky.
Je- li to vyloučeno s jinými státy předcházejícího sovětského bloku v oblasti společné organizace "Interoceanmetal".
V roce 1991 se nabídl podle smlouvy, jakož i investorů několika jiných států, takovým "předmětným investičním investitorem".
Má právo pro výstražování v oblastiRionClipperton v oceánu rozšířeného mezi Mexiko, Hawaii a Kiribati.
Oblast, která využívá investor a málo větší než ex Čekoslovaquie.
Pozadí je roztrženo, je to téměř podmořský replik Tatry.
"Je možné vytáhnout na celkové povrchu 75 000 kvadratních kilometrů.
Zóna je bohaté polymetallické aglomeráty obsahující nikel, rame, kobalt a manganský," vysvětluje další indiánský advokát Pakshi Rajan.
Pracovník rozdělení Rober Sandev s sebou přinese s sebou záznam, aby to ukázal.
Vypadá to jako malý patata nebo s trochou fantasie, legendární schéma, jako v legendánu Golemova vzduchu.
Německé zvláštní jednotky byly přítomné k vyloučení zboží.
Egyptská vláda požadovala Německo o vysvobození obrázků – zkušenosti pak přišli.
Když se situace stalo kritické, zvláštní jednotky byly připraveny, ale nebyly intervenovány.
Okolností osvobození 11 evropských závazků se nám stále dostane víc podrobnějších informací.
Pro záchranní operaci, jak se týká ministerstva ochrany a vnitřní účastníci Německé zvláštní jednotky.
Kromě výzkumných specialistů zboží byly na místě GSG9, Federální policie, Federální zločinní kancelář a logistiky technické instituce.
Jak byl oznámen poručík ministrů v pondělí večer, německé jednotky nebyly intervenovány, protože pohledem na nebezpečí intervence síly vypustily uteklivé záruky.
Egyptský vláda přijala nabídku Německo, aby se připojila přímo na místě.
"Nepřišeli jsme na štěstí," říká jeden poručík ministerstva vnitřního.
Agresorové v roce 19. září napadli skupinu cestujících v Jižní Egyptě: 5 Německo, 5 italských, Rumena jako jejich osm Egyptských spolupráci.
Po upuštění v poušťovém oblasti v Jižní Egyptě byly oblasti odvezeny do hranice mezi Egyptem, Libyí, Sudánem a Ciadem.
Identifikace náhradníků do konce zůstává tajemství, jakož i podrobnosti o svobodě nebo možných platbách.
Vysvobozené v té době přistoupili do Kairu v dobrém podmínkám.
Steinmeier říkal, že svobodné ztráty jsou pod ochranou německého ambasátu.
Nevysvětluje se o detailech o odeslání.
V Berlinu nebyla žádná informace, kdy se vrátí do Německu.
Podle časopisu "Pět vakazeři" a zvláštní jednotky by měly odejít do letadla s Airbusem z vojenského letiště a přijít do Německu v roce.
Americký reprezentativní pokoj odmítne záchrannou balíčku.
První pokoj amerického kongresu se zbavil 700 miliard dolarů za finanční moře.
Dow Jones padl dole.
S 206 hlasů na 227 americký reprezentativní dům odmítl zachránit vládu pro finanční moře.
Vzhledem k volání amerického předsedajícího George W. Bush a politice obou stran nebyla většina pro program, s nimiž by měla být řečena kaos finančního moře.
V dramatickém činnosti podporovatelé se zkoušky pokusili přesvědčit kritéria od základního paketu 700 miliard dolarů.
Barney Frank, jeden z zástupců, vyzýval poslanců na konsensu, i když byl plán zapopulární.
8. Je těžké mít schopnost zabránit něco, co ještě nepřišel.
Zatímco se potíže potíží, Dow Jones se zrušil více než 6 procent nebo 600 bodů.
Vzhledem k zájmu investorů bylo, že státní záchranní balíčky by se mohly zmizet.
Vrátil se před koncem hlasování, a pak, po oznámení o falešném, opět se zpět zrušila.
Svědkové se nyní očekávají další vážné turbulence na vnitrostátním finančním moři.
K tomu, aby program vstoupil v platnost, je nutné, aby měla požadavky jako v pokoji poslanců a senátu.
Prostředníci zaregistrují čísla zvýšení rezervací
Vypadá to, že bude dobrý zim pro Německo turistické subjekty:
Podle jednoho studia zvýšení faktury o cestovních rezervacich pro následující měsíce v porovnání s rokem se zjevně zvýšil - na zimní sezonu dokonce více než 30%.
Vzhledem k tomu, že se cítí, aby někteří německé vyšetřovali.
Na záznamech na zimní sezonu cestovní agentury zaznamenaly více než 31 % , než na stejném období roku , jakož uvedlo v Berlinu v pondělí Německo spojení s turismem DRV .
Podle šetření tržní výzkumné instituce GfK zvýšených rezervačních částek je již již za automózní měsíce zvýšena.
Proto by výjimka cestních agentur pro října v roce 2007 měla být přibližně 11 %, oznámila DRV.
Pro tyto výsledky jsou čísla GfK, která měsíčně analyzuje údaje o rezervaci 1200 Německých cestních agentur a uvádí statistické projednání na celém trhu.
Do konce srpna 2008 by měly být také rezervace cestních záznamů.
Vzhledem k těžkým účtováním dolarů, které byly požadovány zejména cestování do Spojených států, odpověděla DRV.
Zde by zvýšení rezervací mělo být přibližně třetí.
Byly by také zvláštně požadované cestování v Německu, Španělsku, Turcii, Řecku a vnitrostátní místo do Německu.
Zvláštně cesty včetně cesty mají vysoké kvóty, vysvětlil předseda Klaus Laepple.
Vzhledem k zvýšení energie a potravin, v tomto případě by bylo "lepší výpočet pro klienty než pro jednotlivé vakanci."
Spotřebitele by mohly zachránit peníze prostřednictvím, mezi ostatními, záznamů s silnými předcházejícími nebo včetně nabídkovanými, vysvětlil Laepple.
Vzhledem k roce před rokem by se znova zaznamenala výjimka faktury - i když by podle dalšího studia počtu německých, kteří projeli cestu, v porovnání s rokem zmizelo.
Můj poprvé v Oktoberfestu
Hits v Ballermannu, pij z ústů z litrů a vip v Dirndlnu zatčené.
Záznam o vědomí
Susanne Kronzucker a já jsme ve skutečnosti nejmenší.
Jste bionda, televizní moderátor a vzal Dirndl na měřítku .
Mám tmavé vlasy, jsem studentka a moje oblečení je na druhé ruce.
Jedna věc, která se však dostává: -- 3 minuty na Wiesnu, fotky se na nás zahájejí a sníží fotky, dokud se naplňuje paměť fotografických strojů – velmi zábavné, a to na mé první návštěvě v Wiesnu.
Tak se dělají přátelé.
Dirndl z dvou peníze vypadá, že dosáhne svůj účel.
Jako turista Wiesna a skutečně obyvatel na půlnoci bílé svíčky, do dnešního dnešního dnešního poměru se cítí štěstí v oblastech.
A když jste přišli do Theresienwiese, není to nic vážného.
Skoro všichni nosí Dirndl nebo kůži; nikdo nehledá, že je zraněný nebo zraněný – všechno je docela normálně.
Jenom můj Dirndl se sbírá cizí podívky na banány v čokoládě.
Jedna měna mi připomíná, že jsem napadl špatně, "Vlevo jsi svobodný, ve středu šest děvčata, vpravo jsi zapletena, za vdovou."
Předpokládám, že jsem si říkal, že to je zpátky zleva.
Dobře," říká a směje.
Jiní dělají menší zneužívání těchto technických vláknů z flirtů a vzít vlhkové kapsy, na kterém se cítí "To drunk to get dressed!" a vytrhnou například nepřizvání.
Ten chlapec, který se zdvihuje, se jmenuje Bob, přichází z Anglii a taky navštíví Oktoberfest na první ráno.
Jde o "gorgeous" s "oooooo".
To se mnou připomíná, poté, co se vysvobodil z jeho pivovou úst předtím napívané litro.
Všechny si myslí, že je to pattujka.
Bob je to jeden z těchto "Wildbieslerů".
Jiní nemá štěstí, že se tak vyhodí z alkoholu.
Asi osm večer chodí na párty párty, které musíte zaměstnat chudým.
Středníci dělají každou dobu – vždy 4 vždycky přetáhnou zakrývenou šatnu do stánku.
To funguje jako většina návštěvníků z Wiesna: prázdný, zpátky plné.
Kdo leží pod telonem v tomhle bari s alkoholem v krvi, nevidí.
"Za dnů, kde goarnimmer packn," říkal mi jeden z san a zmizel do barundy.
Oběť nehody identifikované policie
Jedna žena, která zemřela v nemocnici, poté, co byla investiována vozidlem, když chodila do Essexu, byla identifikována.
Carole Paulson, z Chelmsford Road v Brentwoodu, byla v nedávném pátek na Shenfield Road v městě.
Vezla jste se do Queen's Hospitala v Romfordu, ale zemřela okamžitě později.
Po 51-letého muže byl zatčen s oprávněním odstraněného řízení.
Byl vysvobozen na pozornost.
Turecka rozšíří diplomatické horizonty
Mnohem dříve než Turecká snažila se vstoupit do Evropské unie, evropské schopnosti byly znepokojeny hluboko do Turecké hvězdy.
Na východní straně Bosfora, možná 20 v Azii, je jeden z nejlepších zbytků tohoto nedostatku imperiální ambice.
Hydarpasha vlajkové stanice byla prokázána dvěma německými týdny Otto Ritter a Helmut Conu v neo-rinascimentálním stylu.
To je alespoň to, co vám říkají turistické vedení.
Budova je mezi koncem platform s každou vrcholu jeho úhlu, dívá se na svět jako některé německé původní úřady.
Kůže je pěkná.
Celá budova je pěkná.
Ale jednou v kanceláři, co je na západu, není pochyb o velikosti podniku, co je na západu.
Stanice byla otevřena v srpnu 1908 od německého konsorce Anatolia-Baghdad Corporation.
Německo, retardace imperiálně, chtěla vykonávat své ambice, aby panovala Střední východ prostřednictvím této železniční železnice, Baghdad a navíc v současném Saúdské Arabii.
Ale Imperiální ambice Německo se v prvním světovém válce skončilo.
Jejich železnice byla přitažena od Lawrence d'Arabie a jeho neregulární arabů.
Závislý izolace z oblasti oblasti, které vyrobené ze železných hranic chladné války, se překročilo
Britské a dominátské síly procházely z Egypta a vytáhli turky a jejich německé smlouvy ven z Palestiny a Syrii.
A bylo špatné zprávy na Hyderpasha stanici.
V roce 1917 zničila vrcholka a zničila jeho vyrobené kočičky.
Turské zdroje říkají, že to je sabotáž.
Od té doby odešel pomalu do rozhovoru, široký překročil příběh.
Ale dnes tento železniční řetězec pro Anatolie a všechny východní body potřebují - alespoň symbolicky - pro zvýšení větších diplomatických horizontů v Turecku.
Spravedlní strana Spravedlnosti a rozvoje - AKP - vytvořila celou novou zahraniční politiku pro země.
Odpovídající izolace z jeho oblastí, která byla generována ze železných hranic chladné války, je překročena.
Nyní existuje nová politika závazku.
Turecká vláda má dobrá vztah k Izraeli a Syrii, s palestinskými fakcími v Hamasu a Fatahu, s Irákem a Iránem a samozřejmě s Evropskou unií a Spojenými státy.
Pro účely posouzení parametrů této nové zahraniční politiky jsem se vrátil na vagonu, která byla zaslána na turském kapitálu Ankaru, aby navštívila jeden z hlavních ekspertů zahraniční politiky AKP, tureckou deputátu Suat Kiniklioglu.
Další ráno - asi deset hodin a půl později - po běhu na podbalové stopy, které vyráběli z starověkého světa dokumentátora The Night Mail, jsem přišel do Turkského kapitálu - navrhuje se jako nový město pro stoleční stát, který se vrátil do jeho týdnu.
Ale AKP s jeho známými islámickými řetězcemi představuje příkladní pohyb v turském souvislosti.
Nabídl některé podezření v O'E, většinou v Washingtonu.
Taxi mě přinášejí v celém čtvrtle AKP, ultramodernní konstrukci kámen a oceánu - vybavené ad hoc - v subborgu v rozvojovém cestě, otočené komerčními středními středními prostředky konstruovanými a pastvicí moci, kde řízení v plných obchodech - muži a ženy - se setkají se na první ráno smluvami.
Suat Kiniklioglu může být politikou středoprava z téměř každého jiného politického partnera Evropy.
Jsem si jistá, že má i Blackberryho.
"Cíl zahraničního politického party je nyní reintegrovat Turci s nejbližšími sousedy.
Chladná válka byla anomalie, "říká mi.
Turecká byla vytržena z jejího území.
Dnes se musí dívat na východ a na západ v též době.
To nebyl případ jednoho nebo druhého.
Musí být oba.
"Ale určitě na nějakém místě, zeptám se, "Turku bude připravena se rozhodnout?"
"Turecka," říká, "nechce, aby se k tomu vybralo."
Potom podkreslí to, že téměř všichni, s nimiž jsem mluvil, se vzpomínali na památku: spojení ne pouze s Středním východem, ale také s Caucasem, a všude v černém moři, jsou užitečné Evropě a Spojené státy, jakmile jsou pro Turecku.
S Tureckou zdá se, že tato zpráva zdá, že celá Evropa může metaforicky přejít přes Asie a střední východem přes tyto železniční linie.
Znovu na Hydarpasha stanici, po další bílé noci, myslím na ty dva německé pan Ritter a pan Conu, kteří hledali tento budovek, který byl staven před 100 lety.
Kolik by bylo překvapeno, když by se zjistili, že ambice v Evropě mohou nyní být v rukách Turecka.
A zatímco čekám na terminál pro tragedii, který mě vrátí přes Bosforu, vzpomínám si, že v těchto dnech Turcie byla vždycky nazvána "Evropský nemocný muž".
Zdálo se tedy, že nejméně nemá pochybnosti o tom, jaký kontinent by měl pokračovat na tomto úžasném zemi.
Rychlé vzpomínky: Vernon Handley a William Woodruff
Mark Brown napsal, že jako muzický ředitel v Guildfordu od roku 1962, Vernon "Tod" Handley (necrologie, 11. září) měl nakládat Guildford Philharmonic Orchestra a koro.
Jako člen jeho hudební schéma pro společenství, následující rok založený na svém nádherném mládenském koru, Proteuzu.
Předpokládalo, že jsou pod 21 roky, ale v době, kdy Proteus zpíval svůj konec v roce 1979, mnozí z nás byli víc než dvaceti - odmítli jsme se odmítnout.
Jméno "Proteus" (mitologický být-mutivní) představoval dobrou vůle koru a schopnost vyrovnat vše, co muzyka představovala, aby udělala, jako madrigaly, tak i Messiaen, bez přidružení nebo s celou orchestra.
Hudební verza vyrobená takovým mládencem byl často zvláštní, vždy citující, a bylo to všechno z důvodu inspirace toho muže a entusiasmus hudby, které zůstalo naprosto konstantní během let.
Jak často nám Tod řekl, že to je hudba, která pro sebe mluví.
Řekl: "Věděl, co chce.
Je tam všechno v hudbě.
Proto jí zpívejte!"
Jejich technika v používání čísla byla absolutně jasná a přesná, i když nikdy nebyla diktátorální ani květinová.
Každý, kdo byl hudební standard, to ho vždycky vyšší.
John Frayn Turner napsal:
Kdybyste měl nazývat ředitel orchestra, byl by Vernon Handley.
V dvou desetiletí jsem ho poznal velmi dobře, v nichž byla Guildford Philharmonic od roku 1962 do roku 1982.
V posledních 40 letech jsem se týkal více než 100 jeho koncertů, a mohu vážně říct, že jsem nikdy nebyl v souhlasu s jednou z nich - a mnohemkrát inspirovaným ©.
Tod Handley měl takové zvláštní kombinaci větosti a osobní pokory.
On nenáviděl ředitelů orchesterů, kteří v jeho slovach vůbec "vrátili na světě jeden nebo dvě známé koné."
Bude tolik z nás chybět.
William Woodruff
Profesor John Beckett napsal:
Váš neurolog Williama Woodruffová (25. září) stanoví, že "v roce 1946 se znova vyučoval hospodářskou historii v Oxfordu a v roce 1950 stala se výzkumníkem v Houblon-Normanu... stejně jako vědecké laury, jedno v dopisech a PhD".
To je z poznámky Woodruff v Beyond Nab End, ale není správné.
Od roku 1946 do roku 1953 byl student ekonomického historického univerzitu Notinghamu, v té době dokončil PhD čaj o britském průmyslu gommy, který byl sledován profesorem J. D. Chambers a později zveřejněn v roce 1958 jako The British Ruber Industry.
Přešel v roce 1950-51 ve Spojených státech jako vyšetřovatel v Houblon-Norman, a v roce 1952 na školách Illinois, Harvard a New York.
V roce 1953 nechal Notingham na I.Nois.
Protože Woodruff vybral tuto část jeho auta, nevíte.
J. Vincent Resino na Faculty Philologie
"Předpokládám, že José Vicente Resino "Flamenco and life", protože jeho fotografie v bílém a černém stylu jsou úžasné.
Přizpůsobili mé pozornost k jednotlivosti a síly, které přenesou, a přesto zvláštní úctu protagonistům.
Ukázat, že se cítí velice.
Resino může chytit magické chvíle."
Druhý výsledek pro nadprodané Honduras
V listopadu Honda začne obchodovat druhou generaci modelu Jazz.
Jestliže byl model již dán velký stav, tento nový monovolum má ještě větší vnitřní místo.
Všechno je třeba přidat rafinované mechaniky, které zvyšuje potěšení vody a umožňuje skladování požadavků.
Evoluce proti revoluci.
Tohle je druhá generace Honda Jazz.
I když nová Jazz exticky představuje velmi podobnou řádku v modelu, změny v tomto monovolume jsou hodně.
Mezi ostatními je závazné, že je zaznamenat inovační návrh, nové platformy, větší velikosti a nové mechanické rozměry.
Je však nutné zjistit, že tato nová Jazz přichází šest let po dovozu na trh první generace.
První poznámka je proto, že Honda obnovil tento model v krátké době než používané jinými výrobci.
I když v Evropě model Jazz je menší znám než v jiných mořských mořich, zůstává jednotlivý v případě prodeje.
Je to přesně případ Japonska, kde Jazz byl nejvíce prodejný v roce 2002 a i v roce 2008.
V Japonsku bylo prodáno téměř milion jazzových jednotek od času spuštění.
Druhý trh byl starý kontinent, který za šest let má asi polovinu milionu jednotek.
Vzhledem k těmto číslům Honda si myslí, že nová Jazz umožní zvýšit prodeje v segmentu.
Pokud tedy v roce 2007 Japonská společnost prodávala celkem 83 000 jednotek tohoto modelu, v roce 2009 se považují za 100 000 vozidel, přičemž se na evropský trh zvýší zvýšení prodeje o 17 %.
Pokud jde o španělský trh, Honda prodal celkem 8.000 Jazzových jednotek od 2002, což odpovídá 6,7 % celkového prodeje Honduras v Španělsku.
Vzhledem k nové generaci se španělské dcery očekává, že prodej o 2 000 Jazzových jednotek za rok.
Právě přijetí nové Jazz dovolí Hondu .di snížit dobrá míra hladina prodeje v Španělsku.
Vlastně podniky by měly přijít na konec roku s celkem 22.000 prodejených jednotek, nebo 4.000, pokud ne v roce 2007, s 16 % hloubou.
Vzhledem k zvýšení prodeje Honda zvýšila svou tržní částku v Španělsku a dosahovala 1,8 % před 1,6 % minulého roku.
Navíc Japonská společnost očekává, že v roce 2010 dosáhne 2 %.
Kvůli tomu, Honda důvěřuje, že přijde další model.
Je to Insight, hybrid na pět dveřích a kompakovaný formát - 4,37 metrů délky - z nich Japonská společnost čeká prodávat asi 200 000 jednotek za rok na celém světě.
Pro moře a podle cen Japonského výrobce 50 % prodeje Insight se stane v Spojených státech, zatímco zbývající procento bude rozděleno mezi starým kontinentem a Japoncem.
Zaměstnanost Insightu je stanovena na první měsíce roku, hned po předložení společnosti v lednu v Valencia.
S ohledem na první generace, nový Jazz vzrostl ve všech jeho částech.
Jejich délka dosáhne 3,90 metrů (pět metrů na více), šířka 1,69 metrů (dvě metrů na více) a zvýšení 2,50 metrů.
Vysokost však zůstala na 1,52 metrů.
Vzhledem k zvýšení velikosti se také rozšířilo obyvatelské vnitřní.
Tato výhoda vychází od jednoho strany z vložení nové platformy, a od druhé od dovozu střední položky skladebního požadavku, řešení přijato i v modelu Jazz
Kromě toho, vlajka – dvojnásobní pozadí - sledí 399 litrů, například 19 litrů větší kapacitu první generace.
Je třeba oznámit, že toto jsou opatření motorové verze 1.4 a že válka Honda Jazz © je 379 litrů.
Další zlepšení - kromě vnějších prvků, například pozadí nebo možnost montovat panoramické vlny - se vztahují na zlepšení přístupu k pozadí.
Dveře, které umožňují přístup k pozadí, jsou vlastně otevřeny s 80 stupňovým úhlem, odpovídajícím 67 stupňů prvního Jazza.
Kromě toho, i motory v této druhé generaci jazz jsou nové.
V době obchodu se tento malý model nabízí v modelech s benzínovým motorem ≥ 1,4 litrů.
Oba mechanismy zahrnují i-VTEC technologie, která se sníží spotřeby, využívá menší emisí oxidu uhlíku, optimizace mechanického mechanismu a zatímco zůstane vysoký pár motorů ve všech fázích.
V modelu ≥ litrů umožňuje využít sílu 90 cv až 6,000 koles s maximálním parem 114 Nm do 4,900 koles.
Propulace – která v Jazzích dosahovala 78 koní - využívá 5,3 litrů paliva a vyrábí emisi CO2 přibližně 125 gramů.
S ohledem na propulcií, která v první generační modelu používala 83 koní, je nyní dostupná 100.
Jazz 1.4 až 100 koní dostane kombinaci 5,4 litrů paliva a 128 gramů CO2 em.
"Apee Auto" k předcházejícímu sezení
V rámci rozvoje technologií pro předcházení nehod, Nissan se tentokrát v přírodu, a zejména v vodě.
Japonská společnost vytvořila robot, který, například letící vody, umí vyhnout nehody.
Je to bio-mimetic Car Robot Drive, nebo BR23C, nebo první k technologií předcházení.
Inženýři technického centra Nissan Motor Co. rozvíjeli tento malý robot v rámci centra pro výzkum vědecké a technologické univerzity Tokyo v Japonsku.
Podle Kazuhiro Dva, generální ředitel veřejných zpráv pro technologii a vyšetřování a rozvoju řízení BR23C vytváří rozšíření bezpečnostního výzkumu čtyři oblasti vyrobené z Nissan.
Tento robot je schopen zlepšit schopnost zabránit sezení v vozidlech výrobního domu.
Všechny vody vytváří vlastní osobní místo v ovalném formě, které je velmi podobné nissanové bezpečnostní schéma.
Ale nejdůležitější je, že očí pípů jsou složené, které mohou vidět ve všech směrech s úhelem více než 300 stupňů, a které umožňují letět bez přerušení v jeho osobním prostoru.
Pro znovu vytvořit tuto vizuální funkci inženýrové zastavili to, co definovala laser místnosti (Laser Range Finder).
Tento mechanismus zjišťuje překážky před BR23C pro radium do dvou metrů a s maximální šířkou 180 stupňů, vypočítá vzdálenost odpovídající objektu a vysílá signál na mikrohérovou plochu, která hned předcházejícímu.
"V chvíli, kdy zjistil překážku, malý robot následuje pohyb pípka a hned se změní směrem, obrácením na pravém nebo větším úhlu, aby se zabránilo.
Nejjasnější rozdíl s jakýmkoli pomocným systémem je, že úplně iniciativní rubrika.
"Kdyby to nebylo, robot by nemohl reagovat dostatečně rychle, aby se zabránili překážky," vysvětluje Toshiyuki Andoh, ředitel mobilní laboratoře a inženýr vůdce tohoto projektu.
Robot nemůže odejít nahoru nebo dolů, ani v diagonálu; můžete se pohybovat pouze na dvě velikosti a na směru, kde mohou obrátit ruce a nepoužít nekonečné směry a způsoby, jak dělají vody.
Proto Nissan používala obrácenou funkci, kromě akcelérace a decelérace, aby malý robot mohl zabránit vyhrazení.
"Toto zařízení potřebuje pouze vytvářet informace každý pár sekund, a jednat z těchto údajů.
Nepotřebuje uložení informací nebo intuitivní logiky předchozích manuvra, takže může fungovat bez přerušení a pouze pár desetin KB paměti.
To se může zbavit, ale nemluvíme o gygabytách paměti a ani o méně."
Je to první pro rozvoj nových technologií pro instantní předcházení sezení, která Nissan zdůrazňuje, že bude vážně v autě za deset let.
Robot používá bakterie polymerů litiu, které jsou čtenější a těžší než typologii s litium ioni.
Další potenciální budoucí aplikace této technologie by mohla být integrace jednotků s GPS satellitním navigačním systémem, aby přivedl řidič na cíl, aby se zabránilo překážky na cestě.
Trvalo, než požádám o peněz
D musíme zajistit, že oddělení kladů Spojených států, kromě toho, že má mnoho kapitálů k intervenci, není určitě žádná práva.
Před krizí a aby se američané zabránili, aby se zpochybňovaly s pochybnými bankami, stvořili zábavné a instrukční pro uživatele sítě: "Bad Credit Hotel".
V jiných slovach, "Hotel špatných úvěrů" nebo problémů.
Těžký výhled tohoto systému a zejména jeho receptist potřebuje, aby si přemýšlel o jedno, ale dva nebo třikrát, než požádáte o zaměstnání.
A především, kde to uděláte, co je pravděpodobně primární cíle.
Jistě, že informace, které poskytuje, jsou užitečné, ale je to trochu detailní.
Je to další stránka pro mladí lidi než stránka pro veřejné veřejnosti.
Co se děje, když se doplňuje?
No, vypadá to v hotelu.
Je to vždycky něco, protože koupit lepší dům nemluví ani...
Morgan Stanley otevře svůj kapitál v MUFG.
Morgan Stanley oznámila podpis dohody s Mitsubishi UFJ Finanční skupinou (MUFG), první v Japonsku, který investuje devět miliard dolarů do části 21 % účastníku v společnosti, zpráva, která byla přijata po čistém přenosu jejích činností v Borsu.
Jednoho týdne po vysokém dohodě, oba banky vysvětlili, že MUFG koupila 9,9 % licenčních licencí Morgan Stanley na jednotlivé náklady 25,25 dolarů, například tři miliardy dolarů.
Stavná cena je nižší než 19 % od účetní hodnoty položek než 31. srpna.
MUFG investuje rovněž šest miliard dolarů do nákupu přeměnných licencí na přeměnnou cenu 31,25 dolarů a zajišťuje výnos 10 %.
Morgan Stanley uvedla, že celková operace bude provedena na základě průměrné ceny 29 dolarů na účet, nebo procento méně než 28 %.
Morgan Stanley se však nazval o 6,79% na 23,07 dolarů.
"Tato strategická smlouva má důležitou příležitost k zrychlení přechodu Morgan Stanley v bankovní firmě," vysvětluje John Mack, generální ředitel americké skupiny.
Morgan Stanley přijala tento nový status v minulém týdnu, který by jí měl umožnit rozlišovat své činnosti, aby je však provedla pod kontrolou Federální rezervy.
Jejich smlouva s MUFG potvrzuje také, jak současná finanční krize poskytuje největší názvy Wall Street, aby přijala velmi větší postoj než tato věc v předchozích případech.
Zjištěné postupy v pondělí ukazují rovněž, že v posledních dnech byla dohoda změněna: v minulém pondělí Morgan oznámila prodej 20 % své akce na japonské kolo za částku 8,5 miliard dolarů.
Před týdnem v Tokyo, Toshihide Mizuno, prováděcí ředitel MUFG, vysvětlil: "Mysleli jsme, že náš účastní účastník bude pouze součástí normálních činností.
Vzhledem k současné situaci světa a trhu jsme však vybrali snížit riziko a ochranu."
Na základě považovaného průměrné ceny MUFG dostane název Morgan Stanley na cenu nižší než 7 % jejich účtové hodnoty.
A operace by se převedela na investici nejméně 20% ekvity na základu."
Dohoda stanoví, že MUFG může do roku převést polovinu svých preferenčních položek do běžných činností, pokud v průběhu uvedeného období tyto poslední byly vyměněny více než 50 % pod stanovenou cenou přeměny, nebo přibližně 47 dolarů.
Morgan Stanley zajišťuje, že kapitál, který přinesl MUFG, umožnil by vám získat investiční příležitosti, zvýšit svůj rozpočt a zvýšit svou likviditu.
Jeden poručík skupiny však odmítl předložit přesnosti o strategických projektech dvou nových smlouvach.
Po investici MUFG by tedy Morgan Stanley měla stanovit řešení životního prostředí přibližně 15%, jedním z nejlepších v odvětví.
Morgan oznamovala, že od konce srpna přihlásila své rozpočet.
V posledních týdnických týdnách se skupina zkoušela, která viděla, že porovnala hodnotu vlastních činností, zatímco náklad pro zajištění proti riziku byl odstraněn.
Náklady, které se v pondělí zůstaly, však zůstaly na vysoké úrovni, přibližně 12%.
V minulém týdnu Goldman Sachs, jediná "ostatka" mezi velkými investičními bankami Wall Street, po získání Bear Stearns a Lehman Brothers a zjištění Merrilly Lynch, oznámil, že získal 15 miliard dolarů, součástí Berkshire Hathaway, skupiny Warren Buffett.
Rafael Correa v Quito v pondělí.
Založení republiky na sociálním přístupu do XXI století.
Toto je společný projekt venezuelského Hugo Chaveza, Bolivského Evo Morales et ekvadorského Rafael Correa.
V neděli, následujícím příkladem kolegů a přátel, byl ten poslední, který hlasoval na projekt nové ustanovení.
Misi, která byla provedena od úředních výsledků, 64 % výběrů hlasovala "ja" na referendum, na základě hlasu 80 %.
Podle těchto výsledků bylo "ne" 28%, a 7% hlasů bylo nulo a 0,7% bílých listů.
Aby bylo přijato návrh budovy, mělo by získat další polovinu hlasů.
V neděli, dvě výzkumy provedené při výběru výběru výběrů a hodnocení nevládní organizace oznámili, že vítězství "da" je mezi 63% a 70%.
Rafael Correa byl v noci v neděli vyhrávajícím náhradníkům a poněkud byl vyhrávajícím svého projektu budovy.
"Kotifikace vysvětlil slávu", zajistil, že se potěšením s ekvadorskými vládci v Guayaquilu, 280 kilometrů na jihozachodní Kito.
Jak vždycky, Chávez a Morales se potěšili Rafaelovi Coreji, stejně jako dělal jeho cílenovy hodnocení Michelle Bachelet.
Vyšetřování, které se provedlo v úvahu výběrového pozorování amerických organizací (OEA), byla založena na textu 444 bodů, které zaměřily na posílení "nového socialismu" předsedajícího.
Tento projekt z Konstituce posvětí sílu státu na číslo, zahrnuje mu "plánování rozvoje" země, která vážně žije naftové výstražky prováděné velkými zahraničními společnostmi a proto jejich úvěr.
Výběr Coree, vybraný v roce 2006, udělá rovněž větší moci hlavě státu, který může být vybrán pro dvě následující mandaty za čtyři roky, a bude mít možnost vyloučit asa.
Coree již oznámil například, že tento návrh bude využívat a vyžadovat své kandidátu pro nový mandat v února 2009.
Konstituce rovněž uvádí svobodu zdravých a vyučovacích služeb, že prezident začal podporovat v této zemi 13,9 milionů obyvatel, kde 50% lidí žijí pod chudobou.
Je také zakázána přítomnost cizinců, ustanovení, která ukončí dohodu mezi Quito a Washingtonem pro použití ekvadorského základu jako bod odchodu pro americké protidrogové operace.
Dvacetnáct zakázků v Ciadu
Egypťanský příkaz vyzvedl výraz jedenácti turistů a jejich osmi spolupráci před deset dny.
Jsem v Cairo.
Jedenáct evropských turistů a jejich osm egyptických spolupráci, kteří byli vězněni v poušti za deset dnů, byly odpoledne, zdraví a zachráni v Egyptském kapitálu.
V ráno byli vysvobozeni v Ciad od Egyptského příkazu.
Vypadá to, že oblasti přistoupily k vojenskému základu Almaza v blízkosti vnitřního letectví Cairo, do 15 a 30, na rámci zvláštního letadla.
Na straně helikopteru byly hned přeneseny, aniž byste mohli vydávat žádné interviewy na tisk, do nemocnice Maadi, obyvatelské periferie Cairo, aby byli podáni analýzům.
"Dobré zdraví" a nebylo plateno žádný výplatek "sledovatelům", vyhlásil egyptský ministr Turismu Zoheir Garanna.
V roce 19. září byl tato skupina zakázána skrývajícím se 35 neznámých sekráčů v údolí v 4x4 na nohy hory Uanat, která se končí s Egyptem, Soudánem a Libáji.
Skupina byla vystavena 11 turistů – pět italských, pět německých a pět rumenů – a 8 egypťanů: dva vedoucí, čtyři autista, hlídač hranic a řízení Egypta, organizační agentura safari.
Jeden Egyptský bezpečnostní řidič tvrdil, že 30 členů zvláštní síly na rámci dvou elicoterů zahájených v noci, krátce než půlnoci.
"Byli ztráty, polovina sekráčů byla uúúsi, a ostatní utekli," řekla, že žádal, aby udržel anonymitu.
Vysvětlil, že 150 členů egyptských zvláštních síly jednotky "lampa" bylo poslano do Sudánu, kde by jim podpořili německé a italské příkazy.
Minister italských zahraničí Franco Frattini zdůraznil význam úlohy tajných agentů a italských zvláštních sílí.
D musíme přiznat, že pokud jsme dokázali tento výsledek, bylo to díky profesionálnosti a zaměstnání mužů našich tajných služeb, zvláštních sílí," řekla bez dalších podrobností.
Navíc vyplatil výplatu.
Před dnem soudní zboží říkal, že se vrátil 4x4 vozidla na lodi, z níž byly ředitelové a měli šest, včetně ředitelka receptorů, a že je zajali dva.
Podle pohovoru by se týkající se organizace oblastí Darfuru, pohybu pro svobodu Sudánu, (SLA_U) byly spojeny hned odpovídajícím řízením.
Písmo - Mluvná většina kultury
Na první straně diskusi o financování kultury, na které se koncentruje současná výběrná kampaň.
Mnohem lepší.
Ale část našeho kulturního života je vždycky v stínu.
Kdo by se prohlásil, aby vysvětlil malému muzeovi, archeologům nebo historickým místům, které dělají tohle?
Jaké politiky by měly připojit Federální vládě, která překročí monumenty a dědictví?
Co v Quebecu, jako v Kanadě, nemáme pravé a vlastní zákony, které skutečně udržují naše dědictví?
Věděli jste, že Francouzská vláda vrátí tři miliony a poloviny euro na jedinou restauraci v Chinonském městě v údolí Loira?
Vzhledem k našem americkým sousedům je Konstituce, která tvrdí, že ochrana dědictví je součástí kultury na© a že stejný dědictví musí být ochranen každým občanem, každému politickém orgánu a každému vládnímu odboru, a to vše společné dohody.
V Quebeku, v Federaci historické společnosti Kebeka, jsou nejméně 40 000 volebníků, kteří, skupiněných v 211 společnostech pro ochranu historického dědictví, genealogického dědictví, dědictví a dědictví, drželi, s čtyřmi penězmi, soukromých a archeologických stránek.
Jsou to pravda, že často působí naši dědictví, kteří protestují s energií zkušenosti, když nepříjemní inhibitory a rozhodovací orgány s jejich bulldozery zapomínají na naše zbytky a cimitáře.
Kdy bude zachráno správné místo dědictví a dědictví?
vlády Beneluxu narazí na část Fortisu
Stany Beneluxu pomáhají částečným národním způsobem Belgické-Nederlandské Fortis, která byla prvním způsobem dokončena v Evropě pro krizí amerického trhu úvěrů: tři národy poskytnou 11,2 miliard EUR finančnímu instituci - zajištění zájmů i v Maďarsku.
Většina vlád v Lucembursku a Nizozemsku se dohodly na maximální úrovni, včetně prezidenta Evropské centrální banky a evropského komisaře pro konkurenci.
V eurozónu je první velký krize v rámci těchto problémů, v nichž se týká vnitřního finančního trhu již více než jeden rok, tato vnitřní trh je Fortis, a z určitého ohledu může být rozhodnutí přijato.
V souvislosti s tímto rozhodnutím v neděli dnes všechny a tři státy zneužívají téměř polovinu (49 %) části této země.
Prodává téměř jisté část svých zájmu, včetně především všechny akce, zejména zajištění, holandské ABN Amro získalo před rokem.
Předcházející týden aktivity Fortis začala s vertikálním hrdlem, vážnými signály krize instituce se potom v druhém polovině týdne představovaly.
Zkoušky však souhlasí s tím, že číslo s 85 000 týdnů je příliš velký, aby jim dovolili, aby chodili do chyby.
Činnost v pátek spadla asi 12%, nejnižší od 14 let.
Od ledna se hodnota akcí snížila více než dvě třetí.
Vzhledem k současným cenam akcí celková hodnota kapitálu skupiny je obrácena na 14 miliard EUR, ale podle vedoucích této hodnoty není skutečná.
Podnikové základní základní řetězec nabízí účinky Fortis nejistým evropským trhem, které by měly být přijaty americký plán od 700 miliard dolarů.
V pondělí ten název pomalu odešel.
V pátek Filip Dierckx byl jmenován nový delegovaný správce.
Finanční instituce také hledal soukromých nákupníků, ale nikoho se nepřihlásil s zásadním nabídkem.
Belgická vláda již předpokládala, že investičníci se nemusí bát peníze.
U zákazníků v tomto světě nebylo rozšířeno panik, filialy nebyly zbaveny.
V Maďarsku má Fortis autonomní kanceláři a nakupoval také leasing diagly.
Vlpka v pole
V Americe zajištění života a zdraví, na základě údajů o nabídce lidí, často odmítají zajištění dohody o zajištění.
Zkušení soukromí se bojí, že trh údajů se nekontroluje.
"Je program soukromí, podle kterých se použije informace o předpisu lékařů v každém případě závisí na schválení zúčastněné osoby.
Tento program musí být v ruce, jinak je to jako věřit polyum v volpe" - napsal Washington Post, který cituje Richard Dick autor programu, aby následoval požadavky lékařských předpisů.
Zajištění zajištění podpořijí zajištění a počtu pojišťovacího čísla v případě zlepšení zdravotního stavu zákazníka a pokud se považují za příliš vysoký riziko, nepředstavují zajištění.
Předtím se klient měl podívat na lékařskou návštěvu a smlouva byla stanovena pouze po vyšetřování.
Dick před 10 lety zjistil mnohem hospodářský postup: na základě identifikačního kódu klienta můžete snadno informaci o léčbě, o kterých se nabídl léky v posledním a půl roku, a z tohoto programu vyvine, jaké nemoci trpí a jaké jsou zdravotní podmínky.
Například, pokud se pravidelně vykupuje velký množství snížení kolesterola, to znamená, že hmotnost v krvi je v rámci neobvykle vysoké a je zařazena v nejvyšší kategorii rizik.
V obchodu existují různé verzi programu, někteří z nich rovněž určuje mnoho rizik, takže pojišťovníkovi pojišťujícím pojištění papírové práce neexistuje moc, i když jsou malé problémy.
Některé léky jsou používány k víc cíle, například některé složky jsou nepředstavitelné proti emikranii nebo vampátům hladiny, ale jsou rovněž účinné proti depresi.
Naposledy, z pojišťovacího pohledu - obchodní, jako faktor zvýšení rizika, první dva ne.
Pro žádost a zpracování údajů se vystavily společnosti na druhé straně a předtím, než se dostanou od farmace, požádá o schválení pacienta.
Teď je orgány povinné, aby to udělali, i když dokonce nedokázali mnohý vliv na nešlechetnost.
Někteří z nich naposledy vytvářejí také výsledky testů zkoušek a připojí je k údajům o užívání lékařských údajů, aby mohli dát přesnému obrázku stavu zdraví pacientů.
Vždy větší přístup k údajům a rovněž kontrola použití bude vždycky těžší.
Existuje zákon o soukromí, ale jeho platnost se rozšíří pouze na zdravé služby a zajištění.
Před kongresem je návrh právních předpisů, který dává orgánům dozoru úřadům specializovaným podnikům ve službě údajů.
Richard Dick přiznává, že to není dost: proto vyvinul program, který připojil dodatečné údaje s schválením, který vyjádřil zúčastněnou osobu.
Další otázka je, že dotčená osoba nemůže tak velice odmítnout schválení, protože zajištění nepřijmou smlouvu.
Tak nakonec se holky doufají v klimnost vlny.
Světová marsilízka
Evropská unie a Indie doplňují obchod
Vzhledem k tomu, že Evropská unie a Indie jsou partnery, kteří obchodují zvláštně jednotlivě, také řád denu devítiho setkání na základní zástupce je toto téma dominováno, kromě všech ostatních globálních problémů.
Dnes bude Franco-Indecký základ, který bude zabývat nejprve spolupráce o atomické energii.
Evropská unie zahrnuje, že Indie je velkou demokratickou sílu, na kterou by měla být více hlasována v vnitřních záležitostech, ale členské státy stále nedokázaly rozhodnout, zda podporuje Nový Delhi jako stálý člen v Radě bezpečnosti OSN.
Takže včera v Marsíli nepřišel na toto otázku v devětém organizovaném summu.
Francouzský předseda Nicolas Sarkozy, jako předseda vrácení Unie, José Manuel Barroso předseda Výboru a Javier Solana vysoký zástupce zahraničním předsednictvím Indiána Manmohan Singh, s níž našli dohodu o dvojnásobení za pět let, totiž zvýšit až 100 miliard EUR, obchod.
Vzhledem k tomu, že mezi roky 2000 a 2007 výměna zboží se zvýšila od 25 až 55 miliard, není to příliš ambiční.
Proto z právního pohledu sjednocely 26 dvoustranných dohod civilního letu, takže letecké obchody mohou v budoucnosti vést cestu.
Indie by do konce 2009 chtěla podpisovat svobodnou obchodní dohodu s Unie.
Sarkozy slíbil, že se dohoda rychle zrušila.
Cílem je vyrovnávat, protože je EU prvním obchodním partnerem Indie, ale Nový Delhi je pouze devítým místem mezi partnery EU.
Hlavní pozornost na globální faktory.
Na situaci v Afghánistánu, Pakistanu a terorismu, tento poslední soud v všech formách obou stranách, a zvýšili křivku konference Spojených států.
Nabídli závěru obchodního Doha, i když oba strana měla úlohu v tomto nedostatku.
EU potvrdila, že bude pokračovat v energetickém a klimatickém programu, což znamená, že by se do roku 2020 zmenšilo nejméně 20 % emisí škodlivých látek.
I Indie je dohodnuta o tom, a také o tom, že by měla být stanovena globální smlouva na konferenci o klimatu, která byla plánována pro následující rok, a snížit 50% do roku 2050 produkci plynů.
Chtějí rovněž zvýšit ceny potravin a podpořili sbírku mezinárodního shromáždění k přezkoušení finanční krize.
Indický první ministr dnes bude v francouzské kapitále, kde se připravuje na podpisování Smlouvy o pokojovém použití atomické energie.
V Paříži se očekává, že k stavení Indických jaderných reaktorů francouzských diktů získává komovou hodnotu 20 miliard EUR.
Podle informací našeho tiskového agentury by dohoda trvala 15 let.
V Francofortu více než 300 italských editorů
Velký přítomnost italských editorů na vnitřní Fereře Francoforte knihy.
Budou více než tři sta italských editorů, které jsou předloženy ve 60. vydání Buchmesse, nejdůležitějším vnitrostátním záznamem pro výměnu práv.
Vnitrostátní Fíra v Knihě Francofortu čeká na toto vydání více než 7000 exátorů ze 101 různých zemí, které zahrnují 171,790 čtverečních metrů Fíra s více než 403 000 titlů v pohledu a s Turkou jako hosty čest.
Bude to podsekretář ministrů pro dobroty a kulturní činnosti Francouzko Maria Giro, aby představoval italskou vládu v italském ceremonii zahrnování Padiglione: vlastně bude Itálie v této historii s bodem Itálie - 264 čtverečním prostorem.
Bude se setknout s tiskem v pokoji Struktur v padiglion 5.0 Buchmesse: to bude příležitost předložit čísla, tendenci a prospekty na stavu editorie v Itálii.
Podle údajů se hrozně sníží hmotnost cizích autorů na celkové italské produkci, a zejména na to, že pro dospělé a děti.
Našel Steve Fossettový letadlo před rokem.
Nalezeno letiště Steve Fossettu, miliardář, který zmizel 3. září 2007, letět na poušti Nevada.
Rotamy byly nalezeny na vysoké vysoké vysokosti na výšce 3000 metrů v oblasti Nevady Mamoth Lakes, na hranici mezi Kalifornií a Nevada.
V letadle však nebylo žádné lidské zbytky.
Šéf Madam County, John Anderson, utekl pochybnosti, které stále zůstaly: "Letiště bylo nalezeno, poslali jsme rámec, a teď máme potvrzení, o kterém Steve Fossett letěla v ten den, kdy zmizela," řekl v tiskové konferenci.
Šérif tedy uvedl, že v letišti ani v oblasti oblasti nebyl nalezen žádný lidský zbytek.
Milionář, 63 let, byl zamordován v února.
Američanská kancelář pro bezpečnost doprav (Ntsb) uvědomil, že několik hodin po uvědomení o cestě byla poslana rámec dotazníků, která potom identifikovala zařízení: je to vlastně Belánka 8kcab, rozšířena od 3. září 2007, když Fossett odešel z Yeringtonu do Nevady za tři hodiny.
Včera v Kalifornii, nedále od hranice Nevady, některé osobní účinky Fossettu byly získány od pár v blízkosti jejich obyvatele Mammoth Lakes.
Je to dvě dokumenty, které se jmenují Fossett, oba em·em· Federal Aviation's Federation of I ’.nois, peníze v rámci a chyby.
Vyšetřování Fossettu bylo přerušeno měsíc po jeho zmizení.
Milionář se získal na místo v historii díky dlouhému řadě prvků.
V roce 2002, v šestém zkoušce, byl první muž, který dokončil světovou oblaku na jednom stejném balonu: dva týdny letecké samotné.
Tři roky později dělal svět v letadle a bez šíření.
Mezi jeho mnoha záznamů, stejně jako letět na 15 445 metrů vysoké nad Andy, ale s dítětem.
Glková reklamka, kterou nečekáš.
Souv venku ze schématu s původním designem a dobře definovaným řádnými řádky, šířkou a čistým úhlům.
To je v syntezích Glk poslední narození mezi nabídkami "kompakty" z domu hvězdy, s níž Mercedes-Benz se snažil dát prodej novin v této oblasti.
Přesně pro jeho obsahy venku z tradičního kanónu, bude neočekávaný a nepřipojená také komunikace, která bude přidružena k zrušení Suv Glk, nebo u showroom Mercedes-Benz od následujících 17 října.
Proto prohlášení, která bude připojena k debutu nového vozidla, bude zahájena i prostřednictvím budoucího podnikového kampaně 3D, používané prvním způsobem v Itálie vozidla.
Projekt maximálního úřadu, zařazený v třech různých fázích, který bude panovat střední cestou milanského kupování, Corso Como, až do 15. listopadu.
První fáze tohoto nového typu komunikace začíná předložení stereoskopické vize auta a díky zvláštními očími rozdělenými blízko Corso Jak bude možné vidět nový Suv ve téměř skutečné velikosti a v tridimensionálním formátu.
Vlastně, když se podíváte na obrázek, budete mít představu, že auto vypadá z projevu.
Úspěšně, prostřednictvím inovativní technologie Elumina8 nové Glk bude osvětleno v různých dobách ve všech jeho detailech, a pak se vrátí do jednoho obrázku.
Mercedes s tímto reklamem se snaží zavést něco znovu do stereopatního pole autokomunikace.
Zvládne to s tímto formátem zájmu budoucích zboží? Uvidíme.
Tady jsou italské hooligany.
Z Triveneto, vytrhnou Daspo.
Ale kdo jsou tito 150-200 chlapci a dívky, z nichž celá Itálie se nyní stydí?
Nikdy nepřišel s nepřátelským nepřátelstvím.
Vytáhnutí skupiny je pravé.
Prostředníci půjdou z Triveneto.
Od Verona, Padova, Triest a Udine.
Do těchto do Sofie se připojily skupiny (malé jednotky, vlastně) od Campania a Puglia.
Má tři barvy, kde jsou města pocházející z vojáků: v sobotu večer byly vztaženy, aby nebyly identifikovány.
Jsou inspirováni na angličtiny.
V Bulharsku nalezly pravé nacisti, ta Levskiho.
Figc dokázala italským tifosům 144 bilet pro hry: všechny názvy, takže snadno kontrolovat.
A Viminale je všechny kontroloval: mezi těmi, kteří byli na Sofii, nebylo nikdo s těmi, kdo chodili s Dálpom, nikdo, kdo byl zničen, když se dostal do stadionu.
Čtyři modrů, kteří měli zločiny od stadionu, byli zakázáni a zabránili přenos.
Teď Viminale očekává, že čtete akty, které přijdou z bulgarské policie, a pak přijme předpisy: v tomto případě je možné dát Daspo nejméně pět let, kteří byli zatčeni nebo kteří byli uvědomováni v nerovnosti.
Vnitrostátní Daspo, který zabrání, aby se nepřistoupila pouze v Itálii, ale v celém Evropě.
Naši hooligani, myslím, že už nepůjdou do stadionu.
Naštěstí.
Ale teď existuje emulace, to je, že tyto malé více než stovky pět, ostatní se doplňují.
"D musíme hned vyzkoušet tento pohřeb a nezařídit, kdo se tak chová," podpořili Viminale.
Takže, "dobrá oči se otevírají především kvůli náhradní hře v Neděli v Lecce."
V Pušle je vlastně malý jader Ultra Itálie.
Zítra se sjednává pozorovatel, zasedl Casms, který může číst i na sekci Aise, totiž tajné služby, které právě zajímají o situačních problémech.
"V Bulharsku není zločin."
Tato myšlenka (vyjádřena velmi štěstí) z Domenico Mazzi, od pár týdnů ředitel Viminale (vzal místo, které bylo předtím Francisco Tagliente a pak Felice Ferlizzi).
Mazziová v předchozích předcházejících bylo tuto z Trieste, kde je jader podporovatelů skupiny Ultras Itálie, založená v roce 2002.
Je to pravda, jak říká Mazzi, že v Bulharsku není zločineno, aby se na Duce zachránil, ale jistě, že se chování těchto 150-200 tifosovů zranil.
"Nedělám sociolog - dodávám pozorovatele č. 1 - zločiny by měly být přiděleny v zemi, v níž se to děje.
Do té doby se tato skupina zůstala v řádku, a teď uvidíme, co se stalo a budeme pro budoucnost cenovat.
Ale taky mluvíme o materiálu: taky jsem nedošlo k zločinu, ale pokud mi dovolíte, že nejsem vzdělání.
