Rechtspopulisten triumphieren in <0xC3><0x96>sterreich mit insgesamt 29 Prozent
Nach den vorläufigen Ergebnissen führten die vorgezogenen Parlamentswahlen in <0xC3><0x96>sterreich zu einer deutlichen Schwächung der beiden Parteien, die die gegenwärtige Große Koalition bilden, sowie zu einer berüchtigten Stärkung der populistischen Parteien.
Die <0xC3><0x96>sterreichische Volkspartei (<0xC3><0x96>VP), wo die Position des derzeitigen Präsidenten Wilhelm Molterer ernsthaft bedroht ist, erlitt besonders große Verluste.
Der Wahlführer der Union für die Zukunft <0xC3><0x96>sterreichs (BZ<0xC3><0x96>), der königliche Gouverneur Jörg Haider, bereitet hingegen eine triumphale Rückkehr auf die politische Bühne auf nationaler Ebene vor.
Nach den vorläufigen Ergebnissen bleiben die Sozialisten (SP<0xC3><0x96>) mit 29,8 Prozent der Stimmen die erste politische Kraft des Landes, aber im Vergleich zu den Wahlen von 2006 verloren sie 5,5 Prozent der Stimmen.
Die <0xC3><0x96>VP, die mit 25,6 Prozent fast neun Prozent der Stimmen verliert, endete noch schlimmer.
Dies sind die schlimmsten Ergebnisse der beiden großen Nachkriegsparteien; insbesondere für die Volkspartei, die die Vorwahlen ausgelöst hat, ist das Ergebnis buchstäblich katastrophal.
Bereits Anfang Juli, als die <0xC3><0x96>VP die Koalition verließ, hatte die Volkspartei einen erheblichen Vorsprung gegenüber der SP<0xC3><0x96>.
Die Wähler bestraften sie offensichtlich, weil sie die Regierung zusammenbrechen ließen.
Schon bei den ersten Reaktionen auf die Ergebnisse wurden Spekulationen über den möglichen Rücktritt des Parteichefs und des derzeitigen Vizepräsidenten Wilhelm Molterer geäußert.
Die Beobachter gehen davon aus, dass dies bereits am Montag auf dem außerordentlichen Rat der Parteiführung geschehen könnte.
Eine solche Entwicklung würde a priori den Weg zum Ausgang des Wahlergebnisses erleichtern, das am wahrscheinlichsten bleibt, nämlich die Erneuerung der großen Koalition SP<0xC3><0x96> und <0xC3><0x96>VP.
Trotzdem, in Anbetracht der Stärkung der beiden rechtspopulistischen Parteien - die Freien (FP<0xC3><0x96>) hätten 18 Prozent und BZ<0xC3><0x96> elf Prozent der Stimmen erhalten - äußerten die Sozialisten gleichzeitig die Angst vor einer Wiederholung von 1999, als sich die Volkspartei mit den Populisten einigte (damals war die FP<0xC3><0x96>-Partei der Regierung noch geeint, es war das 2005).
Haider, der bereits erklärt hat, dass er bereit ist, mit jeder Partei zusammenzuarbeiten und eine Rückkehr nach Wien auf der nationalen politischen Bühne zu planen, setzt anscheinend auf diese Entwicklung.
Die letzte Partei, die Zugang zum Parlament hatte, waren die Grünen, aber diese verloren leicht und fielen unter den österreichischen politischen Parteien vom dritten auf den fünften Platz zurück.
Offensichtlich überschreitet keine andere Partei die Grenze von vier Prozent und tritt dem Parlament nicht bei.
Schwarzenberg: Beziehungen zu Indien könnten abkühlen
Wenn es nicht gelingt, das Problem der in Indien angeklagten tschechischen Forscher, die Kakerlaken illegal sammeln, zu lösen, würde sich laut dem tschechischen Außenminister Karel Schwarzenberg eine gewisse Abkühlung der tschechisch-indischen Beziehungen ergeben.
Der Minister erklärte dies heute in New York, nachdem er sich mit seinem indischen Amtskollegen Pranab Mukherjee getroffen hatte.
"Wenn das Problem nicht gelöst wäre, dann ja, würde eine gewisse Abkühlung eintreten", stellte er nach dem Treffen fest, das nach einer tschechischen Initiative durchgeführt wurde.
Mukherjee sagte aus den Gesprächen heraus, dass die Exekutive kaum in Gerichtsverfahren eingreifen könne.
Er erwähnte jedoch, dass im Fall von Petr <0xC5><0xA0>vácha, der von der Anklage freigesprochen und mit einer Geldstrafe bestraft wurde, die Zentralregierung mit der lokalen Regierung, der Darjeling, verhandeln konnte, wobei der Fall unter die Gerichtsbarkeit von diesem fiel.
"Sein Problem könnte gelöst werden", sagte der Minister.
Laut Mukherjee wäre die beste Lösung für Emil Ku<0xC4><0x8D>era, der zu drei Jahren Haft verurteilt wurde, die Berufung auf eine höhere Instanz.
Daher könnte er die Freilassung unter Kaution beantragen und auf das Urteil in Freiheit warten, erklärte er.
Schwarzenberg bestätigte, dass sich sein Partner auch während der Gespräche in der gleichen Richtung äußerte.
"Er empfiehlt, sich an ein höheres Gericht zu wenden, woraufhin er begnadigt werden könnte", sagte der tschechische Außenminister.
Der einzige Weg, auf dem die tschechische Seite in diesen Fall eingreifen kann, ist, den Verurteilten "kompetente rechtliche Unterstützung" zu bieten, sagte der indische Minister.
Er sagt auch, dass ihnen eine solche Hilfe bereits auch von seiten Indiens geleistet wurde.
"Wir wollen vor allem die besten Beziehungen zu Indien aufrechterhalten, die eine über viele Jahre andauernde Tradition haben.
Auch die Indianer erkennen das an", sagte Schwarzenberg.
Gleichzeitig wies er, wie er dem <0xC4><0x8C>TK mitteilte, vor seinem Partner darauf hin, dass die Tschechische Republik dem Problem der tschechischen Entomologie große Bedeutung beimisst.
"Wir betrachten die Inhaftierung und Anklage dieser tschechischen Forscher als eine große Verachtung", sagte er.
Der Minister weicht der Frage aus, ob er von Indien das Versprechen erhalten hat, sich um den Fall zu kümmern.
"Ich habe bereits eine ziemlich große Anzahl von Versprechungen erhalten", stellte er nur fest.
Tschechischer Schiedsrichter kämpft um den Meeresboden
Es nähert sich einer elektronischen Wandkarte, auf der Australien und die angrenzenden Meeresgebiete dargestellt sind.
Nun, er interessiert sich nicht für den Kontinent, sondern für einen kleinen Punkt, der im Blau des Ozeans verloren ist.
"Die Insel gehört zu Australien, ebenso wie der benachbarte Meeresboden.
Diese Zone ist jedoch so groß wie der Kontinent selbst", sagt der italienische Jurist Luigi Santosuosso, der Teil des Teams der dreißig Mitglieder der UN-Division für Meeres- und Seerechtsfragen ist.
Sein Leiter, der Abteilungsleiter, der tschechische Jurist Václav Mikulka, folgt der Präsentation und ergänzt sie von Zeit zu Zeit.
Leidenschaft für die Arbeit und Begeisterung kennzeichnen die herrschende Atmosphäre.
Der Meeresboden verbirgt eine bisher wenig bekannte Welt, die reich an natürlichen Ressourcen ist.
Hier finden sich <0xC3><0x96>l, Mineralien und andere mineralische Ressourcen, aber auch bisher unbekannte lebende Organismen, die den Schlüssel zur Entwicklung eines Krebsmedikaments enthalten können.
Ein Hintergrund, der größer ist als die feste Erde
Die Küstenstaaten haben heutzutage begonnen, vehement nach neuen Unterwassergebieten zu streben.
Nach einer UN-Konvention üben sie ihre Rechte aus, die sie 1982 in Montego Bay in Jamaika vereinbart hatten.
Dies ist vor allem das Gebiet des sogenannten Kontinentalregals, das sich oft mehrere hundert Kilometer von der Küste des jeweiligen Landes entfernt erstreckt.
Letzteres kann nach der Konvention ausschließlich auf alle Ressourcen des Kontinentalregals Anspruch erheben.
"Um es zu vereinfachen, gilt als Kontinentalregal der Teil des Meeresbodens und seines Untergrunds, der eine natürliche Verlängerung des Kontinents unter dem Meer darstellt.
Es erstreckt sich über die Grenzen des Küstenmeers, oft auch über die 200 Seemeilen hinaus, die die exklusive Wirtschaftszone darstellen", erklärt Mikulka.
Der Antrag, den das betreffende Land bei der Kommission für die Festsetzung der Außengrenzen des Festlandshelfs stellt, muss auf einer breiten wissenschaftlich-technischen Dokumentation beruhen, die auf zahlreichen kostspieligen Prospektionen und Metriken beruht.
Sie ist das Ergebnis jahrelanger Vorbereitungsarbeiten.
"Eine unserer Aufgaben ist es, der Kommission rechtliche und wissenschaftlich-technische Unterstützung zu gewähren.
Die Kommission hat sich bislang mit fünf Anträgen befasst, die von Russland, Brasilien, Australien, Irland und Neuseeland eingereicht wurden.
Bisher haben nur die letzten drei genannten Länder Erfolg gehabt“, fügt Mikulka hinzu.
Der Erfolg Australiens, das erste, das seine Unterwasserbesitze erheblich erweitert hat, hat in letzter Zeit eine weltweite Wirkung erfahren.
Neuseeland hat auch Territorium gewonnen - das Ausmaß des Meeresbodens, das ihm letzte Woche von der Kommission zugewiesen wurde, entspricht 1,6 Millionen Quadratkilometern, was dem Ausmaß des Landes entspricht, das sich mit sechs multipliziert hat.
Beide Länder haben Millionen von Dollar in die Prospektion investiert.
Der Nutzen, den sie aus der künftigen Nutzung des Meeresbodens ziehen werden, wird, wie sie es sich vorstellen, von unschätzbarem Wert sein.
Nach und nach werden andere Länder ihrerseits ihre Forderungen stellen.
Sie können dies innerhalb von zehn Jahren tun, nachdem sie die "Montego Bay-Konvention" ratifiziert haben.
Dort, wo das Kontinentalregal endet, beginnt die Zone des Meeresbodens, die durch Konvention zum "gemeinsamen Erbe der Menschheit" erklärt wird.
Dort genießt kein Staat mehr eine exklusive Position.
Das Extraktionsrecht in diesem Gebiet wird von einer internationalen Einrichtung gewährt, die durch eine Konvention eingerichtet wurde.
"Dennoch täuschen wir uns nicht, der Meeresboden ist kein Klondike", sagt Direktor Mikulka und betont, dass "seine Zonen genau klar definiert sind und ihr Regime in einem Vertrag verankert ist".
Tschechen im Pazifik
Ein Teil des Meeresbodens gehört heute auch der Tschechischen Republik.
Sie teilt es mit anderen Staaten des ehemaligen Ostblocks im Rahmen der gemeinsamen Organisation "Interoceanmetal".
Diese erhielt 1991 im Rahmen der Konvention ebenso wie Investoren aus einigen anderen Staaten den Status eines sogenannten "Pionierinvestors".
Sie hat das Extraktionsrecht in der ClarionClipperton-Zone im Pazifischen Ozean zwischen Mexiko, den Hawaii-Inseln und Kiribati.
Das vom Investor projizierte Gebiet übersteigt leicht die Fläche der ehemaligen Tschechoslowakei.
Der Boden ist bewegt, es handelt sich um eine Art U-Boot-Replik der Tatra.
"Es ist möglich, auf einer Fläche mit einer Gesamtfläche von 75.000 Quadratkilometern zu extrahieren.
Das Gebiet repräsentiert ein Polymetallkonkrement, das Nickel, Kupfer, Kobalt und Mangan enthält", so Ind Pakshi Rajan, ein weiterer Jurist.
Rober Sandev, ein mazedonischer Mitarbeiter der Abteilung, gibt ein Beispiel für eine solche Konkretisierung.
Sie erinnert an eine kleine Kartoffel oder, mit ein wenig Phantasie, den mythischen Schuh, der laut der Legende den Golem belebte.
Die deutschen Spezialkräfte waren vor Ort für die Freilassung der Geiseln
Die ägyptische Regierung hatte Deutschland um Hilfe bei der Lösung der Geiselkrise gebeten - Experten kamen.
Als die Situation ernst wurde, standen die Spezialeinheiten bereit, aber sie gingen nie in die Tat um.
Immer mehr Details über die Umstände der Freilassung von elf europäischen Touristen, die in <0xC3><0x84>gypten entführt wurden, werden enthüllt.
Nach Angaben des Innenministeriums und des Verteidigungsministeriums beteiligten sich auch die deutschen Spezialkräfte indirekt an der Rettungsaktion.
So befanden sich sowohl Bundeswehrspezialisten als auch Beamte des GSG 9, des Luftwaffes der Bundespolizei und des Bundeskriminalpolizeiamts sowie Logistikexperten des Technischen Hilfwerks am Ort der Freilassung.
Wie der Sprecher des Ministeriums am Montagabend mitteilte, wurden die deutschen Streitkräfte schließlich nicht benötigt, da die Geiseln ihre Gefangenen befreit hatten und geflohen waren, als sie die bevorstehende gewaltsame Befreiung anerkannten.
Die ägyptische Regierung habe die von Deutschland angebotene Hilfe zur Integration vor Ort als Unterstützungskraft akzeptiert.
"Das ist zum Glück bisher nicht passiert", sagte ein Sprecher des Bundesinnenministeriums.
Die Angreifer hatten im Süden <0xC3><0x84>gyptens die Gruppe von Touristen aus fünf Deutschen, fünf Italienern, einem Rumänen und ihren acht ägyptischen Begleitern entführt.
Nach ihrer Entführung in die Wüste im Süden <0xC3><0x84>gyptens wurden die Geiseln in das Grenzgebiet zwischen <0xC3><0x84>gypten, Libyen, Sudan und dem Tschad umgesiedelt.
Die Identität der Geiselnehmer ist bislang vage geblieben, ebenso die Details der Freilassung oder mögliche Lösegeldzahlungen.
Diejenigen, die gerettet wurden, sind inzwischen gesund und außer in Kairo angekommen.
Steinmeier sagte, die befreiten Geiseln seien unter dem Schutz der deutschen Botschaft.
Er hat nichts über die Details der Freilassung gesagt.
In Berlin wurden derzeit keine Informationen über das Datum ihrer Rückkehr nach Deutschland übermittelt.
Nach Angaben des Bild-Magazins sollen die fünf Urlauber und Spezialeinheiten am Dienstag mit einem Airbus der Luftwaffe in Deutschland angekommen sein.
US-Repräsentantenhaus lehnt Rettungsplan ab
Die erste Kammer des US-Kongresses scheiterte vor kurzem an der Rettung der Finanzmärkte in Höhe von 700 Milliarden US-Dollar.
Der Dow Jones stürzte in den Abgrund.
Mit 227 zu 206 Stimmen lehnte das US-Repräsentantenhaus den Rettungsplan für die Finanzmärkte der Regierung ab.
Trotz aller Aufrufe des US-Präsidenten George W. Bush und der Politiker an der Spitze beider Parteien hat das Programm, das das Chaos der Finanzmärkte verheeren sollte, keine Mehrheit gewonnen.
In einem dramatischen Manöver hatten die Partisanen verzweifelt versucht, die Gegner des gut begründeten Plans von 700 Milliarden Dollar zu überzeugen.
Barney Frank, einer der demokratischen Vertreter während der Debatten, hatte die Abgeordneten zu einer befürwortenden Abstimmung aufgerufen, obwohl der Plan unpopulär ist.
"Es ist schwierig, politische Anerkennung für die Vermeidung von etwas zu haben, das noch nicht passiert ist", sagte er.
Während der Abstimmung sank der Dow Jones um mehr als sechs Prozent oder 600 Punkte.
Der Grund dafür war die Besorgnis der Investoren, dass der staatliche Rettungsplan kaputt gehen könnte.
Es dauerte nicht lange, bis die Abstimmung zu Ende ging, und dann, nach der Ankündigung des Scheiterns, fiel es wieder.
Experten prognostizieren nun neue schwerwiegende Turbulenzen auf den internationalen Finanzmärkten.
Damit das Programm in Kraft treten kann, sind die Zustimmung der Abgeordnetenkammer und des Senats erforderlich.
Veranstalter berichten über eine steigende Anzahl von Buchungen
Dies sollte ein guter Winter für deutsche Reisebüros sein:
In Bezug auf die Buchungen für die nächsten Monate ist laut einer Studie der Umsatz im Vergleich zum Vorjahr deutlich gestiegen - für die Wintersaison sogar um mehr als 30 Prozent.
Trotz der schwachen Konjunkturperspektiven bleibt der Reisedurst der Deutschen laut dieser Studie unersättlich.
Was die Buchungen für die Wintersaison anbelangt, so verzeichneten die Reisebüros im Vergleich zum Vorjahr einen Umsatz von mehr als 31 Prozent, wie der Deutsche Reisebüro-Verband (DRV) am Montag in Berlin mitteilte.
Laut der Umfrage des Marktforschungsinstituts GfK dominieren bereits die Herbstmonate die steigenden Buchungszahlen.
So sei die Umsatzzahl im Vergleich zu 2007 um rund 11 Prozent gestiegen, versicherte die DRV.
Die Quellen dieser Ergebnisse sind die Zahlen des GfK, das monatlich die Buchungsdaten von 1.200 Reisebüros analysiert und Schätzungen für den globalen Markt macht.
Reisebuchungen, die seit Ende August 2008 getätigt wurden, würden dort registriert.
Aufgrund des niedrigen Dollarkurses würden Reisen in die USA besonders gefragt sein, erklärte die DRV.
Dort würde sich die Erhöhung der Reservierungen auf etwa ein Drittel belaufen.
Außerdem wären Spanien, die Türkei und Griechenland sowie unser Land von den Deutschen besonders begehrte Ziele.
Besonders organisierte Reisen sind sehr gefragt, erklärte DRV-Präsident Klaus Laepple.
Angesichts der steigenden Energie- und Lebensmittelpreise wären die Kosten hier "für den Kunden leichter zu berechnen als für eine einzeln organisierte Reise".
Die Konsumenten können unter anderem mit Frühbucherrabatten oder All-Inclusive-Angeboten Geld sparen, erklärte Laepple.
Auch die Sommermonate wurden stark berücksichtigt, so dass im Vergleich zum Vorjahr wieder ein Umsatzanstieg zu verzeichnen ist - obwohl laut einer anderen Studie die Zahl der Deutschen, die eine Reise unternahmen, im Vergleich zum Vorjahr zurückgegangen ist.
Mein erstes Mal beim Bierfest
Die Hits von Ballermann oder Apres-Ski kontinuierlich, von Bier in Töpfen bis Liter und Berühmtheiten in Tiroler Designer Kostüme.
Ein Ereignis auf dem Bierfest.
Suzanne Kronzucker und ich haben eigentlich nicht viel gemeinsam.
Sie ist blond, Fernsehanimatorin und trägt ein maßgeschneidertes Tiroler Kostüm.
Ich habe dunkle Haare, ich bin Studentin und mein Kleid ist gebraucht.
Aber eines verbindet uns: nur drei Minuten bis zum Bierfest, und schon werfen sich die Fotografen auf uns und füllen ihre Speicherkarte - sehr schmeichelhaft, und das bei meinem ersten Besuch am Bierfest.
So machen wir uns Freunde.
Das billige Tiroler Kostüm scheint sein Ziel zu erreichen.
Als Tourist des Bierfestes und gewöhnlicher Bewohner nördlich des Weißwurst-<0xC3><0x84>quators war mein Wohlbefinden im traditionellen Kostüm bisher begrenzt.
Aber einmal auf der Place Thérèse, alles ist halb so schlimm.
Jeder oder fast jeder trägt ein Tiroler Kostüm oder Lederhosen; Niemand sieht blass oder beschämt aus - das ist völlig normal.
Nur der Schirm meines Tiroler Kostüms sammelt ein paar seltsame Blicke auf dem Stand der Choco-Bananen.
Eine bayerische Frau bemerkt, dass ich meinen Schirm falsch befestigt hätte: "links bedeutet frei, in der unberührten Mitte, rechts heiratet, auf der Rückseite Witwe."
Diskret streife ich meine Schnalle von hinten nach links.
"Es ist besser", sagt sie und lacht.
Andere verletzen sich nicht so sehr für diese subtilen flirttechniken und tragen einfache felts, auf denen geschrieben ist "Too drunk to get dressed!" und wir zeigen ihren nackten hintenzug, ohne eingeladen zu werden.
Der junge Mann mit der Ausstellungshaltung heißt Bob, kommt aus England und kommt zum ersten Mal zum Bierfest.
Er findet es "gorgeous", mit einem länglichen "ooooo".
Er erzählt mir das alles, nachdem er sich von dem Schnaps erholt hat, den er vorher getrunken hatte.
Direkt neben diesem Feuerlösch, von dem jeder glaubt, dass er ein Mülleimer ist.
Bob ist also einer dieser berüchtigten "wild pisser".
Andere haben nicht das Glück, Alkohol auf diese Weise loswerden zu können.
Gegen acht Uhr abends laufen Rettungsschwimmer auf dem Festplatz und müssen sich um die armen Trinker kümmern.
Die Krankenschwestern intervenieren eher in einem Haufen - immer zu viert ziehen sie ihren mit Zelten bedeckten Käfig in Zelten.
So funktioniert es für die meisten Besucher des Bierfestes: Wir gehen leer, wir kommen wieder voll davon.
Diejenigen, die im Sarg der Betrunkenen unter der Plane ruhen, sind nicht sichtbar.
"Das sind die, die nichts mehr schlucken können", schreit einer der Rettungskräfte als Antwort auf meine Frage und verschwindet dann im Streit.
Unfallopfer identifiziert von der Polizei
Eine 63-jährige Fußgängerin, die im Krankenhaus starb, nachdem sie von einem Fahrzeug getroffen wurde, wurde identifiziert.
Carole Paulson von Chelmsford Road in Brentwood war am Freitagnachmittag in der Stadt an dem Unfall auf der Shenfield Road beteiligt.
Sie wurde ins Queen's Hospital in Romford gebracht, starb aber später dort.
Nach dem Unfall wurde ein 51-jähriger Mann verhaftet, weil er gefährliches Fahren verdächtigt wurde.
Seitdem wurde er unter Kaution freigelassen.
Die Türkei hat ihren diplomatischen Horizont erweitert.
Lange bevor die Türkei daran dachte, der Europäischen Union beizutreten, freuten sich die europäischen Mächte darauf, in ihr Hinterland einzudringen.
Auf der östlichen Seite des Bosporus, etwa 20 Schritte von Asien entfernt, befindet sich eine der feinsten Reliquien seines gefallenen imperialen Ehrgeizes.
Der Bahnhof von Hydarpasha wurde im Neo-Renaissance-Stil von zwei deutschen Architekten, Otto Ritter und Helmut Conu, entworfen.
Zumindest ist es das, was uns die Führer erzählen.
Das Denkmal ist auf dem Boden der Plattformen angeordnet, mit Aussichtsturm an jedem seiner Winkel, wie einige provinziell deutsche Bürgermeister.
Die Steine sind schmutzig.
Das ganze Gebäude ist in Trümmern.
Aber sobald wir im gewölbten Ticketschalter sind, haben wir keinen Zweifel mehr an der Größe des Unternehmens, das einen Übergang nach Westen darstellt.
Der Bahnhof wurde im August 1908 von einer deutschen Vereinigung, der Anatolia-Baghdad Corporation, eröffnet.
Deutschland, verzögerter zum Spiel des Imperialismus, wollte seine mittelalterlichen Ambitionen der Herrschaft durch die Eisenbahn, die nach Damaskus, Bagdad sowie das Land, das als Saudi-Arabien bekannt ist, erreichte, verwirklichen.
Aber die deutschen imperialistischen Ambitionen brachen im Ersten Weltkrieg zusammen.
Seine Eisenbahnen wurden von Lawrence von Arabien und seinen unregelmäßigen Arabern angegriffen.
Die relative Isolation der umliegenden Region, die durch die eisigen Grenzen des Kalten Krieges hervorgerufen wurde, ist beendet.
Die Briten und die Reichskräfte rückten über <0xC3><0x84>gypten hinaus und vertrieben die Türken und ihre deutschen Verbündeten aus Palästina und Syrien.
Aber es gab auch schlechte Nachrichten für den Bahnhof Hyderpasha.
1917 explodierte ein mit Munition beladener Zug, der sein dünnes Dach zerstörte.
Türkische Quellen behaupten, es handle sich um Sabotage.
Seitdem fällt sie langsam in Trümmer, verschlungen in die Meandern der Geschichte.
Aber heute dient der Eisenbahnübergang nach Anatolien und zu allen östlichen Punkten, zumindest symbolisch, zur Betonung der Erweiterung der diplomatischen Horizonte der Türkei.
Die Partei Justiz und Entwicklung an der Macht, die AKP, hat eine neue Außenpolitik für das Land geschaffen.
Die relative Isolation seiner Umgebung, die durch die eisigen Grenzen des Kalten Krieges hervorgerufen wurde
Jetzt ist es an der Zeit für eine neue Verpflichtungspolitik.
Die türkische Regierung hat bemerkenswerte Beziehungen zu Israel und Syrien, den palästinensischen Fraktionen der Hamas und Fatah, dem Iran und dem Irak und natürlich zur Europäischen Union und den USA.
Um die Parameter dieser neuen Außenpolitik zu beurteilen, bestieg ich einen Schlafwagen in Richtung der türkischen Hauptstadt Ankara, um den türkischen AKP-Abgeordneten Suat Kiniklioglu, einen der außenpolitischen Experten, zu besuchen.
Am nächsten Morgen, nach einer zehneinhalbstündigen Reise, die auf lauten Schienen geschüttelt wurde, deren Geschwindigkeit an die alte Welt des berühmten Dokumentarfilms The Night Mail erinnerte, kam ich endlich in die türkische Hauptstadt – dargestellt als eine neue Stadt in einem neuen jahrhundertealten Zustand, die sich von ihrer deutschen Vergangenheit abwandte.
Aber die AKP mit ihren bekannten islamistischen Wurzeln ist ein Beispiel für eine Veränderung des türkischen Konsenses.
Er verdächtigte den Westen, vor allem Washington.
Ein Taxi begleitete mich zum AKP-Hauptquartier, einer ultramodernen Struktur, die speziell aus Stein und Stahl gebaut wurde, in einem Entwicklungsviertel, umgeben von halb gebauten Einkaufszentren und vielen Konditoreien, in denen sich die mittleren Manager in Anzug-Krawatte - Männer und Frauen - morgens für Geschäfte treffen.
Suat Kiniklioglu hätte ein rechtsgerichteter Politiker sein können, der aus jeder anderen Partei in Europa stammt.
Kostüm, Krawatte und er hat sogar eine Black Berry.
Ziel dieser Außenpolitik ist es, die Türkei nun wieder in ihre unmittelbare Nachbarschaft zu integrieren.
Der Kalte Krieg war eine Anomalie", sagte er.
Die Türkei wurde von ihrem Hinterland abgetrennt.
Jetzt muss sie gleichzeitig nach Osten und Westen schauen.
Das war nicht der Fall bei beiden.
Sie musste beides machen.
"aber jetzt habe ich mich irgendwann gefragt, ob die Türkei nicht wählen sollte?"
"Die Türkei", sagte er, "will nicht zwischen den beiden wählen müssen."
Er hob dann einen Aspekt hervor, den mir fast alle, mit denen ich sprechen konnte, von Herzen vorgetragen haben: Die türkische Eisenbahn geht nicht nur in den Nahen Osten, sondern auch in den Kaukasus und um das Schwarze Meer herum, das ist also für Europa und die Vereinigten Staaten ebenso vorteilhaft wie für die Türkei selbst.
Mit der Integration der Türkei scheint die Botschaft ein Europa zu zeichnen, das metaphorisch auf den Schienen nach Asien und dem Nahen Osten reist.
Zurück am Bahnhof Hydarpasha, nach einer weiteren Nacht ohne Schlaf, dachte ich an diese beiden Deutschen, Herr Ritter und Herr Conu, die den Bau dieses Gebäudes vor 100 Jahren verfolgten.
Sie wären überrascht gewesen zu sehen, dass die europäischen Ambitionen im Nahen Osten größtenteils in den Händen der Türkei liegen könnten.
Während ich am Terminal, der Fähre, um den Bosporus zu überqueren, wartete, erinnerte ich mich an die Zeit, als die Türkei "der Kranke Europas" genannt wurde.
Zumindest gibt es keinen Zweifel mehr an dem Kontinent, der dieses faszinierende Land behaupten könnte.
Memoiren von Vernon Handley und William Woodruff.
Mark Brown schreibt: Musikdirektor bei Guildford seit 1962 war Vermon "Tod" Handley (verstorben am 11. September) verantwortlich für das Guildford Philharmonic Orchestra und Chor.
Als Teil seines musikalischen Projekts für die Stadt gründete er im folgenden Jahr den fantastischen Jugendchor Proteus.
Der Chor sollte die unter 21-Jährigen einschließen, aber bevor Proteus 1979 sein letztes Lied singen konnte, weigerten sich viele von uns, die über 20 Jahre alt waren, den Chor aufzugeben.
Die Bezeichnung "Proteus" (die nach der Mythologie ihre Form änderte) repräsentierte den Willen und die Fähigkeit des Chores, jede Art von Musik zu verwalten, die ihm präsentiert wurde, sei es madrigalisch oder messianisch.
Die musikalische Vielseitigkeit, die von einem so jungen Chor produziert wurde, war oft beeindruckend, immer spannend, dank der Inspiration eines einzigen Mannes und seiner Begeisterung für Musik, die im Laufe der Jahre konstant blieb.
Erinnern Sie sich, wie viel Tod uns wiederholte, "die Musik für sich sprechen zu lassen".
Er hätte gesagt: "Der Komponist weiß, was er will."
Alles ist da, in der Musik.
Also singt!"
Seine Zauberstab-Technik war absolut klar, präzise, wenn auch nie diktatorisch oder erscheinend.
Was auch immer der Musikstandard war, erhob ihn viel höher.
John Frayn Turner schreibt:
Wenn ein Fahrer zum Ritter ernannt werden sollte, dann ist es Vernon Handley.
Ich kannte ihn von 1962 bis 1982, als er die Guildford Philharmonic leitete.
In den letzten 40 Jahren habe ich mehr als hundert seiner Konzerte gesehen, und ich kann ehrlich sagen, dass keiner von ihnen mich jemals enttäuscht hat - und manchmal haben sie mich sogar inspiriert.
Tod Handley hielt so selten diese Kombination aus Größe und persönlicher Bescheidenheit.
Er hasste Autofahrer, die seiner Meinung nach "nur auf bestimmte Personen" fokussieren.
Viele von uns werden ihn vermissen.
William Woodruff
Professor John Beckett schreibt:
Ihre Verkürzung von William Woodruff (verstorben am 25. September) besagt, dass er "im Jahr 1946 sein Studium der Wirtschaftsgeschichte in Oxford wieder aufgenommen hatte und 1950 Mitglied der Houblon-Norma-Forschung wurde, während er einen BSc, einen MA und einen PhD absolvierte".
Das ist, was aus dem Brief des Autors von Woodruff in Beyond Nab End stammt, aber das ist nicht richtig.
Von 1946 bis 1953 war er Professor für Wirtschaftsgeschichte an der University of Nottingham und beendete gleichzeitig eine Doktorarbeit über die britische Kunststoffindustrie unter der Aufsicht von Professor J.D. Chambers; sie wurde dann 1958 unter dem Titel The British Rubber Industry veröffentlicht.
In den 50er und 51er Jahren studierte er am Norman Houblon und im Sommer 1952 an den Universitäten von Illinois, Harvard und New York.
1953 verließ er Nottingham für Illinois.
Der Grund, warum Woodruff sich dafür entschieden hat, diesen Teil seiner Vergangenheit zu verbergen, bleibt unbekannt.
J. Vicente Resino an der Fakultät für Philosophie
"Ich empfehle die Ausstellung von José Vicente Resino " Flamenco und das Leben ", weil seine Schwarz-Weiß-Fotografien, ein Dokumentarstil, fantastisch sind.
Sie haben mich auf die Einfachheit und Stärke aufmerksam gemacht, die sie vermitteln, und weil sie die Protagonisten immer mit viel Respekt behandeln.
Eine Ausstellung, die viele Gefühle vermittelt.
Resino kann magische Momente einfangen."
Zweiter Angriff für Honda-Superverkäufe
Im November startet Honda mit der Vermarktung der zweiten Generation des Jazz-Modells.
Wenn sein Vorgänger bereits über eine gute Bewohnbarkeit verfügte, verfügt dieser neue Minivan über einen noch breiteren Innenraum.
Hinzu kommen einige raffinierte Mechaniken, die den Fahrkomfort erhöhen und mehr Benzin sparen.
Eine Evolution gegenüber einer Revolution.
Es ist die zweite Generation des Honda Jazz.
Obwohl der neue Honda Jazz ästhetisch eine Linie hat, die dem Vorgängermodell sehr ähnlich ist, gibt es viele <0xC3><0x84>nderungen in diesem Minivan.
Unter ihnen gibt es ein innovatives Design, eine neue Plattform, größere Abmessungen und neue Motoren.
Bevor wir uns jedoch mit dem neuen Modell beschäftigen, ist zu betonen, dass dieser neue Honda Jazz sechs Jahre nach der Markteinführung der ersten Generation auf den Markt kommt.
Zunächst ist festzustellen, dass Honda dieses Modell in kürzerer Zeit renoviert hat als andere Hersteller.
Obwohl der Honda Jazz in Europa weniger bekannt ist, ist dieses Modell ein Verkaufsphänomen in anderen Märkten.
Dies ist der Fall in Japan, wo der Honda Jazz im Jahr 2002 und auch im Jahr 2008 das meistverkaufte Auto war.
Vor allem in Japan wurden seit der Markteinführung fast eine Million Honda Jazz verkauft.
Der Altkontinent mit mehr oder weniger einer Million verkauften Autos in sechs Jahren steht an zweiter Stelle.
Honda behauptet jedoch, dass dieser neue Jazz es ihm ermöglichen wird, seine Verkäufe in Europa zu steigern.
Während die japanische Marke 2007 83.000 Honda Jazz verkaufte, plant sie 2009 100.000 Honda Jazz zu verkaufen, was einem Umsatzwachstum von 17% auf dem europäischen Markt entspricht.
Auf dem spanischen Markt hat Honda seit 2002 8.000 Jazz auf den Markt gebracht, was 6,7 % des Umsatzes von Honda in Spanien ausmacht.
Die Verantwortlichen der spanischen Tochtergesellschaft hoffen, 2.000 Jazz in einem Jahr zu verkaufen.
Gerade die Veröffentlichung des neuen Jazz wird es Honda ermöglichen, den Umsatzrückgang in Spanien weitgehend zu stoppen.
Die Markenchefs rechnen damit, das Jahr mit einem Umsatz von 22.000 Autos zu beenden, also 4.000 Autos weniger als 2007 – ein Umsatzrückgang von 16 Prozent.
Dank dieser Umsatzsteigerung hat Honda seinen Marktanteil in Spanien um 1,8 Prozent erhöht, gegenüber 1,6 Prozent im Vorjahr.
Die japanische Marke hofft auch, 2010 einen Marktanteil von 2% zu erreichen.
Honda hofft, diesen Marktanteil zu erhalten, wenn das neue Modell herauskommt.
Es handelt sich um den Insight, einen fünftürigen, kompakten Hybrid mit einer Länge von 4,37 Metern, auf dem das japanische Unternehmen hofft, weltweit fast 200.000 Autos pro Jahr zu vermarkten.
Abhängig von den Märkten und nach den Schätzungen des japanischen Herstellers werden 50% der Verkäufe von Insight in den USA erfolgen, während die restliche Hälfte auf den alten Container und Japan verteilt wird.
Der kommerzielle Start des Insight ist in den ersten drei Monaten des nächsten Jahres geplant, nachdem es im Januar in Valencia der <0xC3><0x96>ffentlichkeit vorgestellt wurde.
Im Vergleich zur ersten Generation erhöht der neue Jazz seine Dimensionen.
Seine Länge erreicht 3,90 Meter (fünf Zentimeter mehr), seine Breite 1,69 Meter (zwei Zentimeter mehr) und der Abstand zwischen seinen Achsen beträgt 2,50 Meter, was einer Erhöhung von fünf Zentimetern entspricht.
Die Höhe ändert sich jedoch nicht oder 1,52 Meter.
Die Abmessungen vergrößern sich und auch der Innenraum.
Dieser Gewinn ist einerseits auf die Einführung einer neuen Plattform und andererseits auf die Einführung einer Benzinreserve in einer zentralen Position zurückzuführen, die auch für den Honda Jazz gilt.
Ebenso kann die Kapazität des Kofferraums - das über ein Doppelbodensystem verfügt - bis zu 399 Liter aufnehmen, 19 Liter mehr Kapazität als der Kofferraum der ersten Generation.
Es sei darauf hingewiesen, dass diese Abmessungen die der Version mit einem 1.4L-Motor sind, da die Kapazität des Kofferraums des Honda Jazz 1.2L 379 Liter beträgt.
Die andere Innovation - neben den äußeren Elementen wie Rückleuchten oder Panoramadach - ist die Verbesserung des Zugangs zu den Rücksitzen.
Die Türen, die Zugang zu den Rücksitzen bieten, haben einen <0xC3><0x96>ffnungswinkel von 80 Grad, verglichen mit den hinteren Türen des ersten Jazz, die sich mit einem Winkel von 67 Grad öffneten.
Die Motoren sind auch neu in dieser zweiten Jazz-Generation.
Zu Beginn der Markteinführung wird dieses kleine Modell mit zwei 1,2- und 1,4-Liter-Benzintriebwerken ausgestattet sein.
Beide Motoren verfügen über eine i-VTEC-Technologie, die den Benzinverbrauch und die CO2-Emissionen senkt, den Motor leistungsstärker macht und die Motordrehzahl erhöht.
Der erste 1,2-Liter-Motor entwickelt eine Leistung von 90 PS bei 6.000 U/min und 114 Nm Drehmoment bei 4.900 U/min.
Dieser Antrieb - der beim vorherigen Jazz 78 Pferde erreichte - hat einen Benzinverbrauch von 5,3 Litern pro 100 km und Emissionen von 125 Gramm CO2.
Im Vergleich zum Vorgängermotor, der auf der Vorgängergeneration 83 Pferde erreichte, erreichte er jetzt 100 Pferde.
Dieser Honda Jazz 1.4L mit 100 PS hat einen kombinierten Verbrauch von 5,4 Litern pro 100 km und Emissionen von 128 Gramm CO2.
Das "Bienenauto", das Kollisionen vermeidet
Um die Entwicklung von Technologien zur Unfallverhütung voranzutreiben, hat sich Nissan diesmal von der Natur, insbesondere von Bienen, inspirieren lassen.
Das japanische Unternehmen hat einen Roboter entwickelt, der den Diebstahl von Bienen nachahmt und Unfälle vermeidet.
Es heißt Bio-Mimetic Car Robot Drive oder BR23C und stellt die ersten Schritte in Richtung Kollisionsverhütungstechnologien dar.
Die Ingenieure des Nissan Motor Co. Advanced Technical Center haben diesen kleinen Roboter in Zusammenarbeit mit dem Center for Advanced Science and Technology an der renommierten Universität von Tokio in Japan hergestellt.
Laut Kazuhiro Doi, Generaldirektor für <0xC3><0x96>ffentlichkeitsarbeit für Technologie und Forschung und Entwicklung des Markenmanagements, stellt der BR23C den Aufstieg des Nissan-Sicherheitsschilds dar.
Dieser Roboter wird es den Fahrzeugen der Marke ermöglichen, Kollisionen zu verhindern.
Während des Fluges schafft jede Biene ihren eigenen persönlichen Raum in einer ovalen Form, die dem Nissan-Sicherheitsschild sehr ähnlich ist.
Aber das Wichtigste sind die zusammengesetzten Augen der Biene, die in einem Winkel von mehr als 300 Grad und in alle Richtungen sehen können, wodurch sie ununterbrochen in ihren eigenen persönlichen Raum fliegen kann.
Um diese visuelle Funktion neu zu erstellen, entwickelten die Ingenieure einen sogenannten Laser Range Finder (Laser Range Finder).
Dieser erkennt Hindernisse, die sich in einem Abstand von zwei Metern und im Umkreis von 180 Grad befinden, berechnet die Entfernung zu diesem Objekt und sendet sofort ein Signal an den Mikroprozessor, um das Hindernis zu vermeiden.
Sobald er ein Hindernis erkennt, imitiert der kleine Roboter die Bewegungen einer Biene und wechselt sofort die Richtung, indem er seine Räder um 90 Grad oder mehr biegt, um eine Kollision zu vermeiden.
Der größte Unterschied zu jedem anderen bestehenden System ist, dass das Fluchtmanöver völlig instinktiv ist.
Wenn dies der Fall wäre, wäre der Roboter nicht in der Lage, schnell genug zu reagieren, um Hindernisse zu vermeiden ", erklärt Toshiyuki Andoh, Direktor des Transportlabors und Hauptingenieur dieses Projekts.
Im Gegensatz zu einer Biene kann der Roboter nicht nach oben oder unten oder diagonal abgelenkt werden; er kann sich nur in zwei Dimensionen bewegen und abhängig davon, was seine Räder ihm erlauben, und nicht in unendliche Richtungen wie Bienen.
Aus diesem Grund verwendete Nissan eine Drehfunktion, aber auch eine Beschleunigungs- und Verlangsamungsfunktion, damit der kleine Roboter Hindernisse vermeiden kann.
"Jede Sekunde sollte dieses Gerät nur Informationen verarbeiten und auf diese Daten achten.
Es ist nicht notwendig, die Informationen oder intuitive Logik der vorherigen Manöver zu speichern, deshalb kann es kontinuierlich mit nur wenigen Dutzend KB Speicher laufen.
Das mag überraschen, aber wir sprechen hier nicht von Gigabyte Speicher, nicht einmal von Megabyte.
Dies ist das erste Mal, dass neue Technologien zur sofortigen Kollisionsvermeidung entwickelt werden, eine Technologie, die in zehn Jahren nach Nissan in Serienfahrzeugen eingeführt werden wird.
Der Roboter arbeitet mit Lithium-Polymer-Batterien, die leichter und langlebiger sind als Lithium-Ionen-Batterien.
Eine weitere mögliche Anwendung dieser Technologie in der Zukunft könnte die Anpassung dieses Geräts an ein GPS-Satellitennavigationssystem sein, um den Fahrer zu seinem Ziel zu führen und Hindernisse auf der Straße zu vermeiden.
Sie haben Angst, hypotheziert zu werden.
Es muss anerkannt werden, dass der US-Schatz, abgesehen von der Tatsache, dass er viel Geld hat, um Pläne zu machen, nicht ohne Genies ist.
Angesichts der Krise und um zu verhindern, dass die Amerikaner Hypotheken bei Solvabilitätsbanken aufnehmen, haben sie ein Spiel entwickelt, um zu lernen, wie man nicht bankrott geht: ' Bad Credit Hotel '.
Das heißt, "das Hotel der schlechten Kredite" ... oder Geschichten.
Der düstere Aspekt dieser Unterkunft und insbesondere des Hotelmeisters lässt uns mehrmals darüber nachdenken, ob dies der richtige Zeitpunkt ist, um ein Darlehen zu beantragen.
Und vor allem, wo es zu tun.
Es ist sicher, dass dieses Spiel nützliche, aber wenig detaillierte Informationen liefert.
Es ist eher ein Spiel für Jugendliche.
Was tun, wenn das Spiel vorbei ist?
Da ein Traumzimmer erscheint im Inneren des Hotels.
Es ist besser als nichts, da es unvorstellbar ist, ein Haus zu kaufen
Morgan Stanley eröffnet sein Kapital bei MUFG
Morgan Stanley kündigte an, die Mitsubishi UFJ Financial Group (MUFG), Japans erste Bank, zu betreten, die neun Milliarden US-Dollar auszahlen wird, um 21 Prozent ihres Kapitals zu übernehmen.
Eine Woche nach der Enthüllung einer vorläufigen Vereinbarung erklärten die beiden Banken, dass MUFG 9,9 Prozent der Stammaktien von Morgan Stanley zum Stückpreis von 25,25 US-Dollar kaufen werde, was einem Gesamtbetrag von drei Milliarden US-Dollar entspricht.
Der einbehaltene Preis liegt um 19% unter dem Buchwert der Wertpapiere zum 31. August.
MUFG investiert weitere sechs Milliarden US-Dollar in den Kauf von konvertiblen Wertpapieren mit einer Rendite von 10% und einem Umtauschpreis von 31,25 US-Dollar.
Morgan Stanley sagte, dass die Gesamttransaktion auf der Grundlage eines durchschnittlichen Stückpreises von 29 US-Dollar erfolgen würde, was 28% über dem aktuellen Kurs liegt.
Die Morgan Stanley-Aktie verlor jedoch 6,79% bei 23,07 Dollar gegen 17:00 Uhr GMT.
"Diese strategische Allianz ist eine wichtige Gelegenheit, Morgan Stanleys Übergang zum Bankholding-Status zu beschleunigen", sagte John Mack, CEO der US-Gruppe.
Morgan Stanley hat diesen neuen Status letzte Woche angenommen, der es ihm ermöglichen soll, seine Aktivitäten zu diversifizieren, aber unter die Autorität der Federal Reserve gehen soll.
Sein Bündnis mit MUFG bestätigt auch, dass die aktuelle Finanzkrise die größten Namen der Wall Street dazu zwingt, eine viel vorsichtigere Haltung einzunehmen als zuvor.
Die Bedingungen, die am Montag vorgestellt wurden, zeigen außerdem, dass sich die Vereinbarung in den letzten Tagen geändert hat: Letzten Montag hatte Morgan einfach angekündigt, dass er bis zu 20% seiner Aktien an Japan für etwa 8,5 Milliarden US-Dollar verkaufen würde.
"Vor einer Woche", erklärte Tokyo Toshihide Mizuno, CEO von MUFG, "wir dachten, dass die Beteiligung vollständig aus regulären Aktien bestehen würde.
Angesichts der gegenwärtigen Lage der Wirtschaft und des Marktes wollten wir jedoch die Risiken minimieren und uns abdecken."
Basierend auf dem gewichteten Durchschnittspreis zahlt MUFG seine Morgan Stanley-Anleihen 7% unter ihrem Buchwert.
Und die Transaktion wird zu einer Verdünnung von etwa 20% des Gewinns pro Aktie führen.
Die Vereinbarung sieht vor, dass MUFG in einem halben Jahr ihre Vorzugsaktien in Stammaktien umwandeln kann, wenn diese während eines bestimmten Zeitraums mehr als 50% über dem Umtauschpreis, d. h. etwa 47 US-Dollar, gehandelt werden.
Morgan Stanley versichert, dass das Kapital von MUFG es ihm ermöglichen wird, Investitionsmöglichkeiten zu ergreifen, seine Bilanz zu stärken und seine Liquidität zu erhöhen.
Eine Sprecherin der Gruppe weigerte sich jedoch, Angaben zu den strategischen Projekten der beiden neuen Verbündeten zu machen.
Nach der Investition von MUFG wird Morgan Stanley voraussichtlich eine Tier-1-Solvenzquote von etwa 15% aufweisen, eine der besten in der Branche.
Morgan sagte, er habe seine Bilanz seit Ende August "sauber" gelockert.
Die letzten Wochen waren hart für die Gruppe, die ihren Börsenkurs um die Hälfte schmelzen sah, während die Kosten der Versicherung gegen ein Ausfallrisiko auf ihre Schulden stiegen.
Die Kosten fielen am Montag zurück, blieben aber auf einem hohen Niveau von rund 12%.
Letzte Woche kündigte Goldman Sachs, die einzige andere "Überlebende" der großen Wall Street-Investmentbanken nach den Konkursen von Bear Stearns und Lehman Brothers und der Übernahme von Merrill Lynch, an, 15 Milliarden Dollar teilweise von Berkshire Hathaway, Warren Buffetts Gruppe, zu sammeln.
Rafael Correa in Quito am Montag.
Neugründung der Republik um den Sozialismus des 21. Jahrhunderts.
Dies ist das gemeinsame Projekt des venezolanischen Hugo Chávez, des bolivianischen Evo Morales und des ecuadorianischen Rafael Correa.
Wie seine Kollegen und Freunde war er der dritte, der an diesem Sonntag einen Verfassungsentwurf zur Abstimmung stellte.
Die Mission wurde erfüllt, da 64 Prozent der Wähler im Referendum mit Ja gestimmt haben, laut offiziellen Ergebnissen mit 80 Prozent der Stimmen.
Nach diesen Ergebnissen erreichte das Nein 28%, 7% der Stimmen waren null und 0,7% waren weiße Stimmen.
Damit der Verfassungsentwurf verabschiedet werden konnte, musste er die Hälfte der Stimmen plus eins erhalten.
Am Sonntag hatten zwei Umfragen am Ausgang der Wahllokale und eine Zählung einer Nichtregierungsorganisation einen breiten Sieg des "Ja" angekündigt, der zwischen 63% und 70% lag.
Rafael Correa hatte in der Nacht auf Montag den Sieg seines Verfassungsentwurfs gefordert.
Die "Verfassung hat überwältigend triumphiert", hatte er versichert und die Ecuadorianer am Sitz der Gouverneure von Guayaquil, 280 Kilometer südwestlich von Quito, beglückwünscht.
Rafael Correa wurde natürlich von Chávez und Morales, aber auch von seiner chilenischen Kollegenin Michelle Bachelet begrüßt.
Die Wahl, die gemäß der Beobachtungsmission der Organisation Amerikanischer Staaten (OAS) in Ruhe stattfand, betraf einen Text mit 444 Punkten, der den vom Präsidenten verteidigten "neuen Sozialismus" konsolidierte.
Der Verfassungsentwurf widmet die Macht des Staates über die Wirtschaft, indem er ihm die "Entwicklungsplanung" eines Landes vorbehält, das im Wesentlichen von der <0xC3><0x96>lförderung durch ausländische Unternehmen und von den Währungen, die seine Auswanderer senden, lebt.
Unter der Leitung von Correa, der 2006 gewählt wurde, gewährt das Projekt auch dem Staatschef verstärkte Befugnisse, der bis zu zwei aufeinanderfolgende vierjährige Amtszeiten ausüben kann und die Möglichkeit hat, die Versammlung aufzulösen.
Correa hat bereits angekündigt, dass er diese Macht ausüben und im Februar 2009 ein neues Mandat antreten wird.
Die Verfassung konsolidiert darüber hinaus das Prinzip der kostenlosen Gesundheits- und Bildungsdienste, die der Präsident in diesem Land mit 13,9 Millionen Einwohnern eingeführt hat, in dem 50% der Bevölkerung unter der Armutsgrenze leben.
Schließlich sieht sie das Verbot der Präsenz ausländischer Truppen vor, was das Abkommen zwischen Quito und Washington über die Nutzung einer ecuadorianischen Basis als Ausgangspunkt für US-Drogeneinsätze beenden wird.
19 Geiseln im Tschad freigelassen
Ein ägyptisches Kommando startete den Angriff auf die Entführer der elf Touristen und ihrer acht Begleiter, die vor zehn Tagen gefangen genommen wurden.
Sie sind in Kairo.
Die elf europäischen Touristen und ihre acht ägyptischen Begleiter, die zehn Tage lang in der Wüste gefangen gehalten wurden, wurden am Montagnachmittag gesund und sicher in die ägyptische Hauptstadt zurückgebracht.
Am Morgen wurden sie von einem ägyptischen Kommando im Tschad befreit.
Anscheinend in Form kamen die Geiseln gegen 15:30 Uhr an Bord eines Spezialflugzeugs an der Militärbasis von al-Maza, die am internationalen Flughafen Kairo angeflogen ist.
Sie wurden sofort, ohne mit der Presse sprechen zu können, mit Hubschraubern ins Krankenhaus in Maadi, einem Wohnvorort von Kairo, gebracht, um dort untersucht zu werden.
Sie sind "gesund", und "keine Lösegelder wurden an die Entführer bezahlt", sagte der ägyptische Tourismusminister Zoheir Garanna.
Gefangen am 19. September auf einer 4x4-Safari am Fuße des Mount Ouanat, an der Grenze zu <0xC3><0x84>gypten, Sudan und Libyen, wurde diese Geiselgruppe von 35 unbekannten Entführern von einem Versteck zum anderen gezwungen.
Es umfasst 11 Touristen - fünf Italiener, fünf Deutsche und eine Rumänin - sowie acht <0xC3><0x84>gypter: zwei Guides, vier Fahrer, ein Grenzschutzbeamter und der Direktor der ägyptischen Agentur, Organisator der Safari.
Ein ägyptischer Sicherheitsbeauftragter berichtete, dass 30 Mitglieder der Spezialeinheiten, die mit zwei Hubschraubern an Bord gebracht wurden, den Angriff in der Nacht kurz vor der Morgendämmerung gestartet hatten.
"Es gab einen Schusswechsel, und die Hälfte der Entführer wurde getötet, die anderen flohen", sagte der Beamte, der die Anonymität gefordert hatte.
Er wies darauf hin, dass 150 Mitglieder der ägyptischen Spezialeinheit "Blitz" insgesamt in den Sudan geschickt worden seien, wo sie von deutschen und italienischen Kommandos unterstützt wurden.
Der Leiter der italienischen Diplomatie Franco Frattini erwähnte von Belgrad, wo er sich befindet, die Rolle, die von Geheimagenten und Elementen der italienischen Spezialkräfte gespielt wird.
"Wir müssen anerkennen, dass wir dieses Ergebnis durch die Professionalität und Effizienz unserer Männer des Geheimdienstes, der Spezialkräfte, erreicht haben", sagte er ohne weitere Einzelheiten.
Er leugnete auch die Zahlung eines Lösegeldes.
Am Vortag hatte die sudanesische Armee behauptet, während einer Patrouille ein 4x4-Fahrzeug abgefangen zu haben, an dem sich die Entführer befanden, wobei sechs, darunter der tschadische Führer, getötet und zwei verhaftet wurden.
Die Armee hatte behauptet, dass sie mit einer Rebellengruppe aus Darfur, der Sudan-Einheits-Befreiungsbewegung (SLA-U), verbunden seien, was diese Bewegung sofort widerlegt hatte.
Briefe - Die stille Mehrheit der Kultur
Eine Debatte über die Finanzierung der Kultur macht die Schlagzeilen und beschäftigt sich mit der aktuellen Wahlkampagne.
Viel besser.
Aber ein Teil unseres kulturellen Lebens ist immer noch vergessen.
Wer wird aufstehen, um die Summen des Elends anzuprangern, die kleinen Museen, Archiven, archäologischen Ausgrabungen oder nationalen historischen Stätten, die verhungern, zugeteilt werden?
Welcher Politiker wagt es, die Bundesregierung daran zu erinnern, dass sie ihre Denkmäler und Denkmäler vernachlässigt?
Dass wir in Quebec, wie in Kanada, keine wirklichen Gesetze haben, die unser Erbe tatsächlich bewahren?
Wussten Sie, dass die französische Regierung dreieinhalb Millionen Euro für die Restaurierung des einzigen Schlosses von Chinon im Loire-Tal ausgibt?
Bei unseren amerikanischen Nachbarn steht in der Verfassung ihres Landes geschrieben, dass der Schutz des Erbes Teil der Kultur der Amerikaner ist und dass dieses Erbe von allen Bürgern, allen gewählten und allen Regierungsabteilungen geschützt werden muss, und zwar in Abstimmung.
In Québec, dem Verband der Geschichtsgesellschaften von Québec, kümmern sich mindestens 40.000 Freiwillige, die in 211 Geschichts-, Kulturerbe-, Archiv- und Genealogiegesellschaften zusammengefasst sind, um die Geschichte zu durchsuchen, mit drei unter privaten Archivhaufen zu bewahren und Gemälde zu bewahren.
Oft sind sie die Wachhunde unseres Erbes, die mit der Energie der Verzweiflung protestieren, wenn Förderer und Entscheidungsträger ihre Bulldozer gegen unsere alten Steine und unsere vergessenen Friedhöfe werfen.
Wann, eine Tribüne für Geschichte und Erbe?
Die Benelux-Regierung verstaatlicht einen Teil der Fortis Bank
Die Benelux-Staaten unterstützen die belgisch-niederländische Bank als erstes europäisches Bankeninstitut in Bedrängnis nach dem Schneeballeffekt der Kreditmarktkrise in den Vereinigten Staaten, indem sie sie teilweise verstaatlichen. Die drei Länder tragen mit einer Summe von 11,2 Mrd. Euro ebenfalls Zinsen in Höhe von <0xE2><0x82><0xAC>.
An diesem Wochenende haben sich die belgischen, luxemburgischen und niederländischen Regierungen auf höchster Ebene auf diesen Fall geeinigt, indem sie sich auch an die Europäische Zentralbank und den Wettbewerbsbeauftragten der Europäischen Kommission gewandt haben.
In der Eurozone ist die erste große Krise im Rahmen der seit mehr als einem Jahr wachsenden internationalen Finanzkrise für die Bank Fortis. Aus einer gewissen Sicht werden die Entscheidungen, die im Falle dieser Bank getroffen werden, als Präzedenzfall dienen.
Gemäß der am Sonntagabend getroffenen Entscheidung werden die drei Staaten fast die Hälfte (in Höhe von 49 Prozent) des Kapitals der Bank in jedem der Länder zurückkaufen.
Die Bank wird zweifellos einen Teil ihrer Anteile verkaufen, darunter in erster Linie die Aktivitäten, hauptsächlich Versicherungen, die sie im vergangenen Jahr von der niederländischen Organisation ABN Amro erworben hat.
In der vergangenen Woche begannen die Fortis-Aktien mit einem schwindelerregenden Rückgang. In der zweiten Hälfte der Woche wurden bereits ernsthafte Anzeichen einer Krise bei der Bank aufgedeckt.
Die Analysten sind sich einig, dass die Bank mit ihren 85.000 Mitarbeitern viel zu groß ist, um in Konkurs gehen zu können.
Erst am Freitag fielen die Aktien des Unternehmens um 12 Prozent, um das niedrigste Niveau vor 14 Jahren zu erreichen.
Seit Januar sind die Aktien um mehr als zwei Drittel ihres Wertes gefallen.
Unter Berücksichtigung des aktuellen Aktienwerts dreht sich der Gesamtwert des Konzernkapitals um rund 14 Milliarden Euro, was laut Führungskräften des Unternehmens nicht realistisch ist.
Das Management des Unternehmens beschuldigt die Ungewissheit über den Atlantik im Zusammenhang mit der Annahme des US-Rettungsplans von 700 Milliarden US-Dollar, der den Sturz der Fortis-Aktien verursacht hat.
Am Montag hatten die Papiere bereits eine leichte Zunahme erfahren.
Am Freitag wurde Filip Dierckx zum neuen Geschäftsführer der Bank ernannt.
Das Finanzinstitut suchte auch nach privaten Erwerbern, erhielt aber noch keinen Vorschlag zum Inhalt.
Zuvor hatte die belgische Regierung angekündigt, dass Investoren sich keine Sorgen machen sollten, sie würden ihr Geld nicht verlieren.
Es gab keine Panik im Kundenkreis der Bank und keine Agentur wurde angegriffen.
In Ungarn besitzt Fortis unabhängige Agenturen und hat auch Leasinggesellschaften übernommen.
Ein Fuchs im Hühnerstall
In Amerika weigern sich die Lebens- und Krankenversicherungsgesellschaften häufig, einen Versicherungsvertrag mit einem Kandidaten auf der Grundlage von Informationen über den Kauf von Medikamenten zu unterzeichnen.
Experten für den Informationsschutz befürchten, dass der Datenmarkt unkontrollierbar wird.
"Es gibt Datenschutzprogramme, die die Verwendung von Informationen über die Verschreibung von Arzneimitteln in jedem Fall mit der Zustimmung der betroffenen Person verknüpfen.
Diese Art von Programm muss in unabhängigen Händen sein, sonst geht es darum, seinen Hühnerstall einem Fuchs zu überlassen", sagte Richard Dicket, der Schöpfer des Programms zur Verwaltung von Medikamentenverschreibungen, der Washington Post.
Die Versicherungsgesellschaften lassen die Versicherungsprämie und das versicherte Kapital im Schadensfall von dem Gesundheitszustand des Kunden abhängen, der auftritt, und wenn sie der Meinung sind, dass das Risiko zu groß ist, versichern sie es nicht einmal.
In der Vergangenheit schickten sie die Kandidaten zu einer medizinischen Untersuchung, und sie unterschrieben erst nach Kenntnis der Ergebnisse einen Versicherungsvertrag mit ihnen.
Seit zehn Jahren hat Dick ein viel billigeres Verfahren gefunden: Ausgehend von einer Identifikationsnummer wird es leicht von Apotheken bereitgestellt, Daten über den Kauf von Medikamenten der Person in den letzten achtzehn Monaten. Daraus bestimmt das Programm selbst, an welcher Krankheit die Person leidet und welcher Gesundheitszustand.
Zum Beispiel, wenn diese Person regelmäßig hohe Dosen von Cholesterin-Reduktion kauft, bezieht sich dies auf einen extrem hohen Fettgehalt im Blut, der sie sofort in eine höhere Risikokategorie bringt.
Mehrere Versionen dieses Programms sind im Umlauf. Einige bestimmen gleichzeitig einen Risikokoeffizienten, so dass dem Versicherer außer Papierkram nichts mehr zu tun ist. Kleine Probleme können jedoch immer noch auftreten.
Zu den Nachteilen dieses Programms gehört die Tatsache, dass ein Medikament für verschiedene Zwecke verwendet werden kann. Zum Beispiel können einige Mischungen gegen Migräne oder Hitzewallungen verwendet werden, aber sie können auch wirksam gegen Depressionen sein.
Letzteres wird von den Versicherern als erschwerender Risikofaktor angesehen, während die anderen nicht.
Unternehmen haben sich in der Forschung und Analyse von Daten entwickelt. Sie müssen die Erlaubnis des Patienten einholen, bevor sie die notwendigen Informationen von der Apotheke sammeln.
Von nun an werden sie von den Behörden dazu gezwungen, auch wenn sie in der Vergangenheit nicht für ihre Verstöße bestraft wurden.
In jüngster Zeit verarbeiten einige Unternehmen auch Analyseergebnisse im Labor und verknüpfen sie mit Daten zum Arzneimittelkonsum. Auf diese Weise sind sie in der Lage, ein noch genaueres Porträt des Gesundheitszustands der Patienten zu liefern.
Immer mehr Unternehmen haben Zugriff auf Daten, und gleichzeitig wird es immer schwieriger, die Nutzung zu kontrollieren.
Es gibt ein separates Gesetz zum Schutz medizinischer Daten, dessen Geltungsbereich sich jedoch nur auf Praktiker und Versicherer erstreckt.
Ein Gesetzentwurf zur Ausweitung des Kontrollkreises der Behörden in Bezug auf Unternehmen, die auf die Bereitstellung von Daten spezialisiert sind, steht derzeit vor dem Kongress.
Dick Richard erkennt an, dass dies nicht ausreicht, und deshalb hat er sein Programm weiter entwickelt, das die Übertragung von Daten auf die ausschließliche Zustimmung der betroffenen Person bedingt.
Es ist eine weitere Frage, ob die betroffene Person wirklich frei ist, ihre Zustimmung zu geben oder nicht, da die Versicherungen keinen Versicherungsvertrag mit ihr abschließen, wenn sie dies ablehnt.
So und am Ende hängen die Hühner von der Freundlichkeit des Fuchses ab.
Das globale Menü von Marseille
Die Europäische Union und Indien verdoppeln ihren Handel.
Da die Europäische Union und Indien sehr wichtige Handelspartner füreinander sind, dominierte dieses Thema neben anderen größtenteils globalen Problemen auch die Tagesordnung dieses neunten Gipfels.
Heute findet auch ein Frankreich-Indien-Gipfel statt, bei dem es vor allem um die Zusammenarbeit im Bereich der Atomenergie geht.
Die Europäische Union erkennt an, dass Indien eine große aufstrebende demokratische Macht ist, der in internationalen Angelegenheiten ein breiteres Sprechrecht eingeräumt werden sollte, aber die Mitgliedsländer haben es noch nicht geschafft, sich auf ihre Unterstützung in Neu-Delhi für seine Kandidatur als ständiges Mitglied des UN-Sicherheitsrates zu einigen.
Sie haben sich gestern bei diesem 9. Gipfeltreffen in Marseille nicht allzu lange zu diesem Thema verzögert.
Der französische Präsident Nicolas Sarkozy, wie der derzeitige Präsident der Union, sowie Kommissionspräsident José Manuel Barroso und der Leiter der Diplomatie, Javier Solana, begrüßten den indischen Premierminister Manmohan Singh, mit dem sie vereinbart hatten, dass sie in fünf Jahren den Handelshandel um zwei Prozent verdoppeln würden, was eine Milliarde Dollar bedeutet.
Wenn man bedenkt, dass der Warenhandel zwischen 2000 und 2007 von 25 Milliarden auf 55 Milliarden gestiegen ist, scheint dies kein zu ehrgeiziges Ziel zu sein.
In diesem Sinne haben sie die 26 bilateralen Abkommen mit Indien über zivile Flüge rechtlich harmonisiert, so dass auch der Luftverkehr künftig an Bedeutung gewinnen kann.
Indien möchte bis Ende 2009 ein Freihandelsabkommen mit der EU unterzeichnen.
Sarkozy hat versprochen, die Verhandlungen zu beschleunigen.
Ziel ist es, die Situation mit Indien, dem ersten Handelspartner der EU, und mit Neu-Delhi auszugleichen, das nur auf dem neunten Platz unter den EU-Partnern steht.
Der Gipfel richtete seine Aufmerksamkeit auf globale Angelegenheiten.
Die afghanische und pakistanische Situation wurde stark verurteilt, ebenso wie alle Formen des Terrorismus, und es wurde die Dringlichkeit einer UN-Konferenz zu diesem Thema angesprochen.
Der Abschluss des Doha-Handelszyklus wurde ebenfalls beantragt, obwohl beide einen großen Teil des derzeitigen Scheiterns haben.
Die EU hat bestätigt, dass sie dem Energie- und Klimaprogramm treu bleibt, insbesondere dass sie ihre Emissionen von toxischen Stoffen bis 2020 um mindestens 20 Prozent senken möchte.
Indien war sich auch darin einig, dass auf der Klimakonferenz im nächsten Jahr ein globaler Markt verabschiedet werden sollte und die Treibhausgasemissionen bis 2050 um fünfzig Prozent gesenkt werden sollten.
Sie würden auch den Anstieg der Lebensmittelpreise verhindern wollen, und unterstützten die Einberufung eines internationalen Arbeitstreffens zur Überprüfung der Finanzkrise.
Der indische Staatschef reist heute in die französische Hauptstadt, wo er sich auf einem bilateralen Treffen darauf vorbereitet, ein Abkommen über die friedliche Nutzung der Atomenergie zu unterzeichnen.
In Paris wird erwartet, dass französische Unternehmen Bestellungen im Wert von 20 Milliarden Euro für den Bau indischer Atomreaktoren erhalten.
Nach Angaben der Nachrichtenagentur würde die Vereinbarung 15 Jahre betragen.
Mehr als 300 italienische Verlage in Frankfurt
Starke Präsenz italienischer Verleger auf der Frankfurter Internationalen Buchmesse.
Mehr als dreihundert italienische Verleger nahmen an der 60. Buchmesse teil, dem wichtigsten internationalen Treffen im Austausch von Rechten.
Die Internationale Buchmesse Frankfurt erwartet mehr als 7 Meilen Aussteller aus 101 verschiedenen Ländern, die auf den 171.790 Quadratmetern der Messe mit mehr als 403 Tausend Titeln ausgestellt sind, und die Türkei als Ehrengast.
Der stellvertretende Sekretär des Ministeriums für Kulturgüter und -aktivitäten, Francesco Maria Giro, wird die italienische Regierung bei der Eröffnungszeremonie des italienischen Schmetterlings vertreten: In der Tat wird Italien institutionell präsent sein, mit einem Italien-Punkt - 264 Quadratmeter Ausstellungsfläche.
Es folgt ein Pressetermin in der Room Struktur, auf der Buchmesse Butterfly 5.0: eine Gelegenheit, die Zahlen, Trends und Prognosen über die Position der Ausgabe in Italien zu präsentieren.
Laut Daten nimmt die Bedeutung ausländischer Autorenbücher allmählich gegenüber der gesamten italienischen Produktion und insbesondere gegenüber der für Erwachsene und Kinder.
Ich fand Steve Fossetts Flugzeug, den Milliardär, der vor einem Jahr verschwunden ist.
Das Flugzeug von Steve Fosset, der am 3. September 2007 verschwundene Milliardär, als er in der Wüste von Nevada flog, wurde gefunden.
Die Trümmer wurden auf einem 3000 Meter hohen Plateau in der Sierra Nevada von Mammonth Lakes an der Grenze zwischen Kalifornien und Nevada gefunden.
Im Inneren des Flugzeugs gibt es jedoch keine menschlichen Überreste.
Der Sheriff von Madera County, John Anderson, räumte die verbleibenden Zweifel aus: "Das Flugzeug wurde lokalisiert, wir haben ein Team geschickt, und jetzt haben wir die Bestätigung, dass es sich um den handelt, auf den Steve Fosset am Tag seines Verschwindens gereist ist", sagte er auf einer Pressekonferenz.
Der Sheriff sagte, es seien keine menschlichen Überreste auf dem Flugzeug oder in der Umgebung gefunden worden.
Im Februar wurde der 63-jährige Milliardär als verstorben angesehen.
Das US-Verkehrssicherheitsbüro (NTSB) teilte mit, dass wenige Stunden nach der Entdeckung des Wracks ein Team von Ermittlern vor Ort das Gerät identifizierte: Es handelt sich um den Bellanca 8kcab, der am 3. September 2007 verschwunden war, als Fosset von Yerington in Nevada für einen dreistündigen Flug abflog.
Gestern, immer noch in Kalifornien, unweit der Grenze zu Nevada, wurden einige persönliche Sachen von Fosset von einem Paar in der Nähe ihres Hauses in Mammoth Lakes gefunden.
Dies sind zwei Dokumente mit dem Namen Fosset, beide von der Federal Aviation Administration of Illinois ausgestellt, Bargeld und ein Pullover.
Fossetts Nachforschungen wurden einen Monat nach seinem Verschwinden unterbrochen.
Der Milliardär hatte sich dank einer langen Reihe von Rekorden einen Platz in der Geschichte verdient.
Bei seinem sechsten Versuch wurde er 2002 der erste Mann, der die Weltreise auf einem Luftballon absolvierte: zwei Wochen einsamer Flug.
Drei Jahre später war er mit dem Flugzeug und ohne Zwischenlandung um die Welt gereist.
Unter all diesen Rekorden, auch die, in 15.445 Metern Höhe über die Anden geflogen zu haben, aber mit einem Co-Pilot.
Glk, die Werbung, die Sie nicht erwarten.
Ein ungewöhnliches 4x4 mit einem originellen und gut definierten Design, markierten Linien, breiten Flächen und klaren Winkeln.
Das ist, zusammenfassend, Glk, der letzte geborene Off-Road "Kompakt" des Hauses des Sterns, mit dem Mercedes-Benz versucht hat, einen Wind der Neuheit in diesem Bereich zu geben.
Gerade wegen seiner außergewöhnlichen, unerwarteten und unkonventionellen Inhalte wird die Kommunikation, die die Einführung des 4x4 Glk begleitet, ab dem 17. Oktober in den Mercedes-Benz Showrooms verfügbar sein wird.
So wird der Werbespot, der den Start des neuen Autos begleitet, zu einer beispiellosen Kommunikationsmodalität führen, durch eine futuristische Kampagne von 3D-Displays, die erstmals in Italien von einer Automobilmarke verwendet wird.
Ein Projekt von maxi-Displays, in drei verschiedenen Phasen, die das Herz des Mailänder Einkaufs, Corso Como, bis zum 15. November dominieren wird.
Die erste Phase dieser neuen Art der Kommunikation sieht die Präsentation des Autos in stereoskopischer Sicht vor, und dank spezieller Brillen, die rund um den Corso Como verteilt sind, wird es möglich sein, den neuen 4x4 in fast realer Dimension und dreidimensionaler Form zu sehen.
Man hat nämlich den Eindruck, wenn man sich das Bild ansieht, kommt das Auto aus dem Plakat.
Durch den Einsatz der innovativen Elimina8-Technologie wird der neue Glk in allen Details nach den Spots beleuchtet, um sich dann in einem einzigen Bild zusammenzufassen.
Es ist offensichtlich, dass Mercedes mit dieser Werbung versucht, etwas Neues in den stereotypen Bereich der Automobilkommunikation einzuführen.
Wird es mit dieser Formel gelingen, das Interesse der zukünftigen Käufer zu wecken? Wir werden sehen.
Hier sind die italienischen Hooligans.
Von Triveneto aus riskieren sie das Daspo.
Aber wer sind diese 150-200 jungen Jungen und Mädchen, von denen Italien sich jetzt schämt? Sie sind Teil der Gruppe "Ultras Italia", die seit Jahren der italienischen Nationalmannschaft folgt und die bis jetzt noch nie große Probleme geschaffen hat.
Niemals hatte er sich mit gegnerischen Fans getroffen.
Der Auszug der Gruppe ist rechts.
Die Förderer kommen aus dem Triveneto.
Von Verona, Padua, Triest und Udine.
In Sofia sind kleine Gruppen (wenig in Wirklichkeit) aus Kampanien und Apulien hinzugekommen.
Sie hatten dreifarbige Fahnen, auf denen ihre Heimatstadt erschien: Am Samstagabend wurden sie alle entführt, um nicht identifiziert zu werden.
Sie sind von der englischen Fanszene inspiriert.
In Bulgarien haben sie eine Gruppe echter Nazis gefunden, die Lewskis.
Die Figc hatte den italienischen Fans 144 Tickets für die Partie zur Verfügung gestellt: alle nominativ und damit leicht kontrollierbar.
Und der Viminal hatte sie alle kontrolliert: Unter denen, die nach Sofia gegangen waren, hatte keiner ein Daspo im Gange, keiner war verboten, an einem Stadion teilzunehmen.
Vier italienische tifosi, die eine geschichte von kriminalität in der stadion hatten, hatten kein recht auf das ticket und konnten sich nicht bewegen.
Jetzt wartet der Viminal darauf, die Handlungen zu lesen, die von der bulgarischen Polizei kommen werden, und wird dann Maßnahmen ergreifen: In diesem Fall könnte es vorkommen, dass die in den Unruhen verhafteten oder identifizierten Fans ein Daspo für mindestens fünf Jahre gießen .
Ein internationales Daspo, das den Besuch italienischer, aber auch europäischer Stadien verbietet.
Kurz gesagt, unsere Hooligans werden das Stadion nicht mehr betreten.
Zum Glück.
Aber jetzt ist die Zeit der Angst-Emulation: das heißt, dass andere Gefahr laufen, sich zu den ersten hundertfünfzig hinzuzufügen.
"Wir müssen dieses Feuer sofort löschen und nicht legitimieren, was sich so verhält", so Viminal.
Also, "die Augen offen halten, vor allem im Hinblick auf das Spiel der Nationalmannschaft am Mittwoch in Lecce"
In Apulien gibt es in der Tat einen kleinen Kern der Fans der Ultras Italien.
Morgen trifft sich das Observatorium, am Dienstag das Casms, das sogar auf einen Teil der Aise zählen kann, das heißt auf Geheimdienste, die sich gerade mit den Stadionproblemen beschäftigen.
"Die Duce-Duce-Chors, und der ausgestreckte Arm während der Hymne von Mameli? In Bulgarien ist es kein Verbrechen"
Hier ist die (wirklich unangenehme) Meinung von Domenico Mazzilli, kürzlich Direktor der Viminal-Observatorium (er übernahm die Position von Francesco Tagliente und dann von Felice Ferlizzi).
Zuvor war Mazzilli Präfekt in Triest, wo sich ein Fankern der 2002 gegründeten Ultras Italia-Gruppe befindet.
Es stimmt, wie Mazzilli sagt, dass es in Bulgarien kein Verbrechen ist, Mussolini zu mieten, aber es ist sicher, dass das Verhalten dieser 150-200 Fans beschämend war.
"Ich bin kein Soziologe", fügt die Beobachtungsstelle hinzu, "die Verbrechen müssen in dem Land zugewiesen werden, in dem die Tat stattfindet.
Bis jetzt war diese Gruppe in den Regeln geblieben, jetzt werden wir genau sehen, was passiert ist, und wir werden für die Zukunft bewerten.
Aber lasst uns auch über die Pfeife zur Mameli-Hymne sprechen: auch diese sind keine Verbrechen, aber wenn Sie mir gestatten, sind sie nicht höflich.
