Der Sieg der Rechte Populisten in Österreich haben insgesamt 29 Prozent
Nach den ersten Ergebnissen der ersten Parlamentswahlen in Österreich am Sonntag haben sich die beiden Parteien der sog. Großen Koalition spürbar geschwächt und die rechte Populistische Partei erheblich verstärkt.
Die österreichische Volkspartei (ÖVP), in der die Position des derzeitigen Präsidenten Wilhelm Molterer, besonders stark verlor.
Jörg Haider, Präsident der Provinzen Karintias für die Zukunft Österreichs (BZÖ) der Allianz, bereitet dagegen einen Sieg in die nationale Politik.
Auf der Grundlage der vorläufigen Ergebnisse bleibt die Sozialdemokratische Partei (SPÖ) bei 29,8 % der Stimmen, aber gegenüber den letzten Wahlen im Jahr 2006 haben sie 5,5 % der Stimmen verloren.
Noch schlimmer war die ÖVP, die beinahe neun Prozent der Stimmen um 25,6 Prozent verliert.
Dies sind die schlimmsten Ergebnisse der Geschichte der beiden großen Parteien nach dem Krieg in Österreich, und vor allem bei der Volkspartei, die die bevorstehenden Wahlen ausführt, ist das buchstäblich katastrophal.
Anfang Juli hatte die Volkspartei, als sie aus der ÖVP-Koalition traten, einen erheblichen Vorteil vor der SPÖ, wie in den öffentlichen Untersuchungen festgestellt wurde.
Die Wähler bestraften ihn offensichtlich, weil sie die Regierung versagten.
In den ersten Reaktionen auf die Ergebnisse wurden Spekulationen zum möglichen Rücktritt von Herrn Wilhelm Molterer und dem derzeitigen Alkanzler geäußert.
Die Beobachter sind der Auffassung, dass dies bereits am Montag in einer außerordentlichen Sitzung der Parteipartei stattfinden kann.
Diese Entwicklung würde wahrscheinlich den zunehmend wahrscheinlicheren Weg aus dem Wahlergebnis erleichtern, d. h. die Wiederbelebung der großen Koalitionen SPÖ und ÖVP.
Angesichts der Stärkung der beiden rechten Populistischen Parteien - die österreichische Freiheitspartei (PFÖ) vorab 18 % der Stimmen und 11 % der Stimmen der BZÖ - haben die Sozialdemokraten jedoch ihre Besorgnis über die Wiederaufnahme des Jahres 1999 zum Ausdruck gebracht, als die Volkspartei sich mit den Populisten (die FPÖ war zu diesem Zeitpunkt noch einzigartig, aber 2005 von der BZÖ abgewichen), die sogar Sanktionen von der Europäischen Union erlegte.
Haider, der bereits erklärt hat, dass er bereit ist, mit jedem der Parteien zusammenzuarbeiten, und ich nehme an, dass er nach Wien zurück in die nationale Politik zurückkehren kann, wird sich auf diese Lösung verlassen.
Die Grüne Partei ist in das Parlament eingetreten, die aber etwas von ihrer Popularität verloren hat und zwischen den österreichischen politischen Parteien von dem dritten Platz auf das Fünfte zurückgefallen ist.
Keiner der anderen Parteien hat die Grenze von vier Prozent überschritten und kam nicht ins Parlament.
Schwarzenberg: Indische Beziehungen können kalt werden
Wenn es nicht gelungen wäre, das Problem der tschechischen Wissenschaftler zu lösen, die für die illegale Entnahme von Insekten erklärt haben, würde der tschechische Außenminister Karel Schwarzenberg in den tschechischen Beziehungen zu einer gewissen Verdrängung führen.
Das hat der Minister in New York veröffentlicht, nachdem er heute mit Pranab Mukherdsji, einem indischen Partner, zusammengekommen ist.
"Wenn das nicht gelöst würde, dann ja, es würde eine gewisse Kältebildung geben", sagte er nach dem Treffen mit der tschechischen Stimulierung.
Mukherdsji sagte nach der Verhandlung, dass die Vollstreckungsgewalt sich schwer einmischen kann.
Er erwähnte jedoch, dass die Zentralregierung im Falle von Petr Švácha, der von der Anklage befreit und mit Strafen bestraft wurde, mit der örtlichen Leitung von Darjeeling befasst werden kann.
"Sein Problem könnte gelöst werden," sagte der Minister.
Nach Ansicht von Mukherdji, die drei Jahre Gefängnis verurteilt wurde, wäre es jedoch am besten, dass er sich an den Obersten Gerichtshof wenden würde.
Dann könnte er gegen Kaution um Freiheitsstrafe bitten und auf das Urteil warten, erklärte er.
Schwarzenberg bestätigte, dass sein Partner sich während der Verhandlung ähnlich ausdrückte.
"Er hat dem Obersten Gericht einen Berufungsantrag gestellt, dann wäre es möglich, ihn freizulassen," sagte der tschechische Diplomatischer Chef.
Die einzige Möglichkeit, die tschechische Partei in diese Angelegenheit einzugreifen, ist, dass der verurteilte "kompetente Rechtshilfe" gewährt wird, erwähnte der indische Minister.
Sie sagte jedoch, dass die indische Partei ihnen bereits diese Hilfe gewährt.
"Wir haben großes Interesse an der Erhaltung der besten Beziehungen mit Indien, die viele Jahre Tradition haben.
Dies wird auch von den Indianern anerkannt," sagte Schwarzenberg.
Wie er auch der ČTK sagte, betonte der Partner der Tschechischen Republik, dass das Problem der tschechischen Entomologe von großer Bedeutung ist.
"Wir halten es für ein schweres Missverständnis, diese tschechischen Wissenschaftler zu verhaften und anzuklagen", erklärte er.
Um die Frage zu stellen, ob die indische Partei eine Verheißung für den Fall eingegangen ist, hat der Minister die Antwort ausgeschlossen.
"Ich habe relativ viel Versprechen", sagte er.
Tschechische Richter im Kampf um den Meeresboden
Er tritt auf die Mauerkarte, auf der sich Australien und die benachbarten Meeresgebiete befinden.
Er interessiert sich jedoch nicht für den Erdteil, sondern für einen Punkt, der sich im blauen Meer befindet.
"Die Insel gehört zu Australien, und sie gehört zu dem nahe gelegenen Meeresboden.
Die Region ist so groß wie der Kontinent selbst", sagt der italienische Rechtsanwalt Luigi Santosholm, der zur Arbeitsgruppe der 30 Mitarbeiter der UN-Divisionsmeer- und Seerechtsfragen gehört.
Der Chef, der tschechische Rechtsanwalt Václav Mikulka, Direktor der Division, überwacht die Erklärung, die manchmal ergänzt wird.
Hier herrscht die Begeisterung und die Begeisterung.
Der Meeresboden hat eine reiche, bislang kaum bekannte Welt mit natürlichen Quellen.
Hier können Erdöl, Erze und andere Mineralstoffe gefunden werden, aber auch noch unbekannte lebende Organismen, die zum Beispiel die Schlüssel für die Entwicklung eines Krebsarzneimittels darstellen können.
Meeresboden größer als Land
Die Küstenstaaten bewerben sich heutzutage intensiv für neue unterseeische Gebiete.
Gemäß der UN-Konvention werden ihre Rechte ausgeübt, die im Jahre 1982 in Montego Bay (Jamaika) vereinbart wurden.
Es geht vor allem um das Gebiet der sogenannten kontinentalen Statue, die oft einige hundert Kilometer von den Küsten des Landes entfernt ist.
Dieses Land hat gemäß dem Übereinkommen ein ausschließliches Recht auf alle Quellen des kontinentalen Stapels.
"Vereinfacht halten wir den Teil des Meeresbodens und den unteren Teil des Kontinents, der die natürliche Fortsetzung des unteren Teils des Meeres darstellt.
Sie überquert die Grenzen des Küstenmeeres, oft 200 Seemeilen, die ausschließlich über die Grenze der Wirtschaftszone hinausgehen," erklärt Mikulka.
Der Antrag, den das betreffende Land dem Ausschuss zur Benennung der Außengrenzen des kontinentalen Stabs zu stellen hat, sollte durch umfassende wissenschaftliche und technische Unterlagen ergänzt werden, die auf einer Reihe kostspieliger Forschung und Messung beruhen.
Das ist das Ergebnis vieler jährlicher vorbereitender Arbeiten.
"Einer unserer Aufgaben ist Rechts- und Berufsberatung für den Ausschuss.
Der Ausschuss hat bislang fünf Anträge für Russland, Brasilien, Australien, Irland und Neuseeland erörtert.
Bisher haben nur die drei letztgenannten Länder Erfolg gehabt," fügt Mikulka hinzu.
Der Erfolg Australiens hat in der Welt kürzlich einen Aufschwung erregt, der sein unterseeisches Land zunächst erheblich erweitert hat.
Aber auch Neuseeland hat eine Fläche von etwa 1,6 Mio. Quadratkilometern, die dem Ausschuss zuzurechnen ist, gewonnen, d.h. sechsmal größer als das Land.
Beide Länder haben Millionen Dollar in die Forschung investiert.
Der Gewinn aus der künftigen Nutzung des Meeresbodens wird hoffentlich unschätzbar sein.
Andere Länder stellen ihre Anträge fort.
Das können Sie innerhalb von zehn Jahren nach der Ratifizierung des "Montego Bay-Übereinkommens" tun.
Dort, wo die kontinentale Statue endet, beginnt das Gebiet des Meeresbodens, das durch das Übereinkommen als "gemeinsames Erbe der Menschheit" erklärt wird.
Hier hat kein Land mehr eine ausschließliche Position.
Das Recht auf Ausbeutung wird in diesem Bereich von einem durch das Übereinkommen geschaffenen internationalen Organ erteilt.
"Der Meeresboden ist jedoch nicht Klondike", sagt Direktor Mikulka übertrieben, dass "eine der Bereiche rechtlich klar abgegrenzt und ihre Regime in einem Vertrag ".
Tschechien im Pazifik
Ein Teil des Meeresbodens gehört heute auch der Tschechischen Republik.
Dieser ehemalige Ostblock teilt sich mit anderen Ländern im Rahmen der gemeinsamen "Interoceanmetal" Organisation.
Diese Organisation erhielt 1991, wie die Investoren in einigen anderen Ländern, den Status des sogenannten "Stipendumgebers" im Rahmen des Übereinkommens.
Er war berechtigt, in der Region ClarionClipperton zwischen Mexiko, Hawaii und Kiribati im Pazifik zu produzieren.
Der vom Investor geprüfte Bereich ist etwas größer als die ehemalige Tschechische Republik.
Der Meeresboden gehörte dort, es handelt sich um eine Kopie von Tátra unter dem Meer.
"In diesem Gebiet können insgesamt 75 000 Quadratkilometer angebaut werden.
Das Gebiet ist ein reicher Platz für polymetalische Erzen, die Nickel, Rezession, Kobalt und Mangan enthalten," erwähnt ein anderer Rechtsanwalt in Hindu Pakshi Rajan.
Rober Sandev, ein Mitarbeiter der Division Macedon, zeigt ein weiteres Beispiel für Konkurrenz.
Er erinnert sich an einen Pergamen mit einem Kartoffeln oder einer Fantasie, der Golem mit seinen Zauberworten zum Leben bringt.
Die deutschen Sonderkräfte waren bei der Befreiung der Geiseln anwesend
Die ägyptische Regierung hat Deutschland um Hilfe gebeten, um die Geiselkrise zu lösen.
Als sich die Situation verschlechterte, waren die Sondereinheiten bereit, aber sie wurden nicht eingesetzt.
Die Befreiung von elf europäischen Touristen, die in Ägypten entführt wurden, wird immer mehr aufgezeichnet.
Nach Angaben des Verteidigungsministeriums und des Ministeriums für Inneres nahmen auch deutsche Spezialkräfte an der Rettungsaktion teil.
Neben den deutschen Militärexperten war die GSG 9, das Flugzeug der Bundespolizei und die Mitarbeiter des Bundesgerichtshofs für Strafsachen sowie die logistischen Sachverständigen des deutschen Technischen Dienstes am Ort der Entlassung.
Nach den Informationen der Minister für Redaktionen am Montag abend waren die deutschen Streitkräfte jedoch nicht erforderlich, da die Geiseln ihre Gefangenen entkommen ließen und dann flohen, als sie die Anzeichen von gewalttätigen Geiseln erkannten.
Die ägyptische Regierung akzeptierte die von Deutschland angebotene Unterstützung als Unterstützungskraft vor Ort.
"Freut mich nicht", sagte der Redner des Bundesministeriums für Inneres.
Am 19. September wurde eine Gruppe von fünf Deutschen, fünf Italienern, einer rumänischen Frau und acht ägyptischen Begleitern im Süden Ägyptens entführt.
Nach der Entführung in den Wüstengebieten Süd Ägyptens wurden die Geiseln in den Grenzgebieten Ägyptens, Libyens, Sudans und Chads hin- und hergeschleudert.
Die Identität der Geiseln ist bis jetzt unklar geblieben, ebenso wie die Einzelheiten der Befreiung der Geiseln oder die möglichen Lösegeldzahlungen.
In der Zwischenzeit kamen die Überlebenden in Sicherheit nach Kairo.
Steinmeier sagte, die befreiten Geiseln seien unter dem Schutz der deutschen Botschaft.
Er hat keine Angaben zu den Einzelheiten der Freilassung gemacht.
Bisher wurden in Berlin keine Informationen darüber bereitgestellt, wann sie nach Deutschland zurückkehren würden.
Die Zeitung "Bild" sagt, dass die fünf Touristen und Spezialkräfte am Dienstag in Deutschland an Bord der deutschen Air Force Airbus ankommen.
Die US-Vertretung lehnt das Rettungspaket ab.
Das Unterhaus des Kongresses in den USA hat mit einer kleinen Mehrheit die für die Geldmärkte vorgeschlagene Rettungspaket von 700 Milliarden Dollar versagt.
Der Dow Jones ist in den Tiefen gefallen.
Das US-Vertreterhaus lehnte das Rettungspaket der Regierung für die Finanzmärkte mit 227 gegen 206 Stimmen ab.
Trotz der Aufforderungen von Präsident George W. Bush und den beiden politischen Politikern, die die Parteien führen, erhielt das Programm nicht die Mehrheit, um das Chaos auf den Finanzmärkten zu stoppen.
Die Unterstützer versuchten verzweifelt, die Kritiker bei einer dramatischen Aktion zu überzeugen, dass ein Paket von 700 Milliarden Dollar erforderlich ist.
Barney Frank, ein Verhandlungsführer der Demokraten, forderte die Abgeordneten auf, sie zu unterstützen, selbst wenn der Plan noch nicht beliebt ist.
"Es ist schwer, politische Unterstützung zu erhalten, um etwas zu vermeiden, das noch nicht einmal passiert ist", gab er zu.
Während der Abstimmung fiel Dow Jones noch mehr als 6 Prozent und 600 Punkte.
Die Investoren befürchteten, dass das Rettungspaket versagen könnte.
Der Index stieg kurz vor dem Abschluß der Abstimmung, um dann wieder nach dem Scheitern der Öffentlichkeit zu fallen.
Experten berichten über weitere schwere Turbulenzen auf den internationalen Finanzmärkten.
Das Programm muss sowohl vom Parlament als auch vom Senat genehmigt werden.
Die Regisseur registrieren immer mehr Reservierungen.
Ein guter Winter für die deutschen Reiseveranstalter.
In einer Studie wurde ein erheblicher Anstieg der Zahl der für die kommenden Monate im Vergleich zum Vorjahr erzielten Ausgaben um mehr als 30 Prozent für die Wintersaison festgestellt.
Trotz schwacher konjunktureller Aussichten waren die deutschen Reisegeists nach der Studie nicht geschwächt.
In den Wintersaisonbuchungen haben die Reisebüros einen Verkehrsanstieg von 31 Prozent gegenüber dem Vorjahr gebucht, wie sie am Montag in Berlin vom Deutschen Reiseverband (DRV) berichteten.
Nach Prüfung der GfK-Marktforschungsstelle sind die Reservierungen der Herbstmonate bereits höher.
Der Umsatz der Reisebüros im Oktober lag im Oktober 2007 um rund 11 % über dem DVRK.
Diese Ergebnisse basieren auf GfK-Daten, die die monatlichen Buchungsdaten von 1200 deutschen Reisebüros bewerten und dann auf den gesamten Markt extrapolieren.
Das Institut berücksichtigte die bis Ende August 2008 beschlagnahmten Reisen.
Aufgrund des schwachen Dollarkurses wurden insbesondere die Reisen nach den USA gesucht - so die DRV.
Hier stiegen die Reservierungen um ein Drittel.
Die deutschen Reiseziele sind auch Spanien, die Türkei und Griechenland sowie die Inlandsländer.
Am meisten wurden organisierte Wege gesucht, sagte Klaus Laepple, Präsident der DVRK.
Aufgrund der steigenden Energie- und Nahrungsmittelkosten sind die Kosten für die organisierten Reisen "besonders für die Fahrgäste berechnet als für individuelle Reisen".
Die Passagiere können unter anderem durch Vorsorgepräferenzen oder all-inclusive Angebote Geld sparen – fügte Laepple hinzu.
Die Reservierungsrate der Sommermonate war auch sehr gut, so dass im Vergleich zum Vorjahr wieder ein Anstieg des Verkehrsaufkommens erfasst werden kann, obwohl eine andere Studie darauf hinweist, dass es weniger deutsche Touristen gab als im Vorjahr.
Das erste Oktoberfest
Ununterbrochene Ballermann-Slags, Liter-Stroke und Design-Dirnd.
Debütierung der Wiesen.
Suzanne Kronzucker und ich sind uns nicht sehr ähnlich.
Sie ist blond, TV-Service und trägt ein maßgeschneidertes Dirndil.
Meine Haare sind dunkel, ich bin Studentin, und ich habe mein Kleid im Turnier gekauft.
Aber eine Sache verbindet uns: Wir sind fast drei Minuten auf Wiesen, wir werden von den Fotografen entkommen und ihre Speicherkarten laden - sehr schmeichelhaft, und das ist mein erstes Besuch auf Wiesen.
So können wir Freunde finden.
Das billige Dirndli scheint seinen Zweck zu erfüllen.
Als Wiesen-Tourist im Norden des Weißen Würstchens gibt es noch Grenzen für mein Komfort.
Aber als wir in Theresienwies ankamen, ist es nicht mehr so schlimm.
Fast jeder trägt Dirnd oder Lederhosen; niemand schaut rücksichtsvoll oder peinlich hin - alles ist in Ordnung.
Seltsamer Blick auf den Schokolade-Stadt, nur meine Schürze.
Eine Mönchen-Frau erinnert mich daran, dass ich die Schürze falsch geschlossen habe: "Du bist frei, du bist in der Mitte Jungfrau, du bist rechts gegangen, Witwe im Hintern."
Ich habe die Maske von hinten nach links gedreht.
"Das ist gut", sagt er und lacht.
Andere machen weniger Aufregung um die feinen Flirttechniken und tragen einen einfachen Filmboden mit dem Titel "Ich bin zu betrunken, um mich zu kleiden" und zeigen ihre nackten Hintern unerwünscht.
Der junge Mann mit exhibitionistischen Eigenschaften heißt Bob und besuchte auch das Oktoberfest am ersten Mal.
Was Sie für fantastisch halten, um "Aaaaaaaa" zu verbreiten.
Das wird er mir dann sagen, dass er den Inhalt seines zuvor getrunkenen Korsos los ist.
Direkt neben einem Feuerlöscher, den jeder als Müllkuchen sieht.
Bob ist also einer der berühmten "Tilos für Spüler".
Andere sind nicht so glücklich, daß sie auf diese Weise von Alkohol befreit werden.
Bis acht Uhr morgens gehen die Krankenwagen durch den Ort und kümmern sich um die armen Paare.
Die Krankenschwestern sehen immer im Team aus, und vier tragen zugleich eine Decke von Zelten auf Zelten.
Dies funktioniert wie bei den meisten Wiesn-Besuchern: Ankunft leer, Abfahrt verstopft.
Wer in der Alkoholkörbe unter der Klinge liegt, sieht nicht so aus.
"Diese sind die, die ganz bereit sind", rief eine Sanitärin zu mir auf meine Frage und dann in der Szene.
Die Polizei benannte den Unfallopfer.
Die Polizei ernannte die 63-jährige Frau, die von einem Auto in Essex County getroffen wurde und im Krankenhaus starb.
Mit dem in Brentwood lebenden Einwohner von Chelsford Road, Carole Paulson, gab es am Freitagnachmittag einen Unfall auf der Shenfield Road in der Stadt.
Er wurde in das Krankenhaus namens Queen's Hospital in Rom gebracht, aber später starb er.
Nach dem Unfall wurde ein 51-jähriger Mann wegen Verdachts auf Fahrlässigkeit verhaftet.
Seither wurde er wegen Kaution freigelassen.
türkischer Diplomatenhorizont
Kurz bevor die Türkei beabsichtigte, der Europäischen Union beizutreten, wurden die europäischen Kräfte von dem Wunsch verbrennen, tief in das türkische Hinterland einzudringen.
Auf der östlichen Seite des Bosporus, vielleicht nur 20 Schritte von der europäischen Grenze, ist eine der größten Relikte des verlorenen Reichsbestrebungen.
Die Eisenbahnstation Hydarpasha wurde von zwei deutschen Architekten Otto Ritter und Helmut Conu in Neoreneszani entwickelt.
Das steht zumindest in den Reisebüchern.
Das Gebäude umgibt das Ende der Peronen, mit einem Turm an jeder vorderen Ecke, und es sieht aus wie ein deutsches Stadthaus in der Gegend.
Der Stein ist schmutzig.
Das ganze Gebäude ist ein wenig verdünnt.
Allerdings zeigt sich, was für ein großes Unternehmen das Westendeste war.
Die Station wurde im August 1908 von dem deutschen Konsortium Anatolia-Baghdad Corporation eröffnet.
Deutschland, die "künftige Zukunft" der Eroberungen durch diese Eisenbahn von Damaskus nach Bagdad, die heute nach Saudi-Arabien gefahren ist, beabsichtigte, seine Ziele für die Übernahme des Nahen Ostens zu verwirklichen.
Während des Ersten Weltkriegs fielen die deutschen Eroberungsbestrebungen zusammen.
Seine Eisenbahnrouten wurden von den arabischen Lawrence und den arabischen Partisanen angegriffen.
Die relative Isolation der umliegenden Regionen, die durch die eingefrorenen Grenzen des Kalten Krieges verursacht wurde, ist verschwunden.
Die britische Kolonialarmee zog aus Ägypten heraus und zog die Türken und ihre deutschen Verbündeten aus Palästina und Syrien heraus.
Die Hyderpasha Station war nicht besser.
Im Jahr 1917 explodierte ein Zug mit Munition und zerstörte das Gebäude.
Die türkischen Quellen sagen, dass es eine Sabotage gab.
Seitdem ist er langsam verdorben, und die Geschichte ist viel zu weit gegangen.
Aber heute, wie heute das Tor für Analtia und die gesamte östliche Region - zumindest im symbolischen Sinne - dient die Türkei als diplomatisches Horizont.
Die Partei für Gerechtigkeit und Entwicklung in der Regierung - die ACP - hat für dieses Land eine völlig neue Außenpolitik entwickelt.
Die relative Isolation der umliegenden Regionen, die durch die eingefrorenen Grenzen des Kalten Krieges verursacht wurde, ist verschwunden.
Die neue Politik ist ein Metall der Verpflichtung.
Es ist bemerkenswert, dass die türkische Regierung gute Beziehungen zu Israel und Syrien, zu den Hamas- und Fatah-Palestina-Gruppen, zum Irak, zum Iran und natürlich zur Europäischen Union und zu den Vereinigten Staaten hat.
Ich wollte die Parameter für die neue Außenpolitik messen, so dass ich in die türkische Hauptstadt, in Ankara, ein Nachtzug zum Besuch eines der führenden Außenpolitikexperten der ACP, des türkischen Parlaments, Suat Kinikliglut, stehe.
Am nächsten Morgen, etwa 10 und eine halbe Stunde nach dem Aufprall, das den berühmten Dokumentarfilm "The Night Mail" über die alte Welt gab, kam ich in die türkische Hauptstadt.
Der AKP-Paragma mit den Islamischen Wurzeln ist jedoch ein paradigmwechselder türkischer Konsens.
Das hat im Westen, vor allem in Washington, Zweifel aufgebracht.
Ich fuhr mit Taxi zum ACP-Hauptquartier, ein Ultra-Modern, Stein und Stahl, ein Gebäude, das speziell für dieses Ziel bestimmt ist, das in einem fortschreitenden Nachbarviertel, halb fertig zwischen Einkaufszentren und Kaffeehäusern ist.
Suat Kinklioglu wäre in allen anderen europäischen Ländern ein Politiker mit rechter und mittlerer Stellung gewesen.
Er trug einen Anzug, eine Krawatte, und ich bin sicher, er hatte noch eine Blackberry.
"Die Außenpolitik der Partei soll die Wiedereingliederung der Türkei in die unmittelbare Umgebung erleichtern.
"Der Kalte Krieg hat die Ordnung verwüstet", sagte er.
Die Türkei ist von der Rückseite isoliert.
Er musste sich heute nach Osten und Westen bewegen.
Er konnte sich nicht von den beiden aus entscheiden.
Er musste beide Richtungen öffnen.
"Aber es ist möglich, dass er früher oder später zu einer Wahl gezwungen ist?" fragte ich.
"Türkei hat nie versucht, eine Antwort zu bekommen."
Daraufhin betonte er, was fast jeder, mit dem ich hier gesprochen habe, maschinell wiederholt: Die Beziehungen der Türkei mit dem Nahen Osten, aber auch mit den Ländern um den Kaukasus und den Schwarzen Meeren bieten den gleichen Nutzen für Europa und die Vereinigten Staaten wie für die Türkei selbst.
Es ist, als ob sie eine Botschaft aussenden wollen, dass zusammen mit der Türkei das gesamte Europa auf diesen östlichen Strecken nach Asien und dem Nahen Osten gelangen kann.
Als ich wieder auf der Hydarpasha Station war, dachte ich nach einer weiteren Nacht, die weitgehend wach war, an Herr Ritter und Herr Conura, an die zwei deutschen Herren, die vor 100 Jahren die Renovierung dieses wunderschönen Bauwerks durchschauten.
Wie wundern sie sich, wenn sie wüssten, dass die Ziele Europas im Nahen Osten jetzt weitgehend in der Türkei liegen.
Und als ich im Hafen auf den Flieger wartete, um mich in den Busporus zurückzubringen, dachte ich, dass die Türkei damals "Der kranke Mann Europas" genannt wurde.
Zu jener Zeit war es zumindest nicht fraglich, welches Land dieses spannende Land benötigte.
Erinnerungswege: Vernon Handley und William Woodruff
Mark Brown schreibt so: Seit 1962 leitete Vernon "Tod" Handley (nekróg, September 11) als Musikdirektor der Guildford-Musik die Guildford-Filharmonische Musikart und Korus.
Auf der Grundlage seiner Musikpläne für den Teil der Stadt hat er im darauffolgenden Jahr seinen wunderbaren Jugendkhormon Proteus gegründet.
Sie hätten nur unter 21 Jahren dem Sänger gehören können, aber als der Proteus im Jahr 1979 seinen Finale gesungen hat - viele von uns waren schon in den letzten 20 Jahren - waren wir einfach nicht bereit, uns vom Chor zu trennen.
Der Name "Proteus" (Name des mitologischen Formwandlers) war im Einklang mit der Entschlossenheit und der Fähigkeit des Chors, sich mit jedem Sack, den man vor sich stellt, zurechtzufinden, ob es sich um den Vogel oder um einen Messias handelt; ohne Begleitung oder mit einem großen Bandier.
Die vielseitige Vielfalt eines so jungen Chors war oft faszinierend und immer aufregend, und wir dankten dem Mann, dessen Inspiration für die Musik im Laufe der Jahre unverändert geblieben ist.
Wie oft hat Tod uns gesagt: "Wir lassen die Musik von sich selbst reden."
Er sagte immer: "Der Komponist weiß, was er will.
Es ist alles in der Tasche.
Also singt es."
Die Karmester-Technologie war immer völlig verständlich und präzise, aber sie ist nie buchstäblich oder übertrieben.
Was auch immer die Musikqualität war, er hat sie immer erhöht.
John Frayn Turner schrieb über ihn:
Wenn er je einen Armeeführer hatte, den man als Ritter schlagen sollte, dann war Vernon Handley.
Ich habe ihn in den zwei Jahrzehnten kennengelernt, in denen er von 1962 bis 1982 die Guildford Philharmonic leitete.
In den letzten 40 Jahren habe ich über über 100 Konzerte Kritik geschrieben, aber es gab nie einen Enttäuschungen, und er hat mich oft beeindruckt.
Tod Handley hatte Größe und Bescheidenheit, was sehr selten ist.
Er hasste die Armee, die, wie er sagte, einfach "ein oder zwei gut bekannten Kämpfen auf der ganzen Welt gaben."
Viele von uns werden es vermissen.
William Woodruff
Professor John Beckett schreibt:
Laut Ihrem Nekroloog William Woodruff vom 25. September 1946 haben Sie ihre wirtschaftlichen Studien in Oxford fortgeführt, und 1950 wurde er ein Stipendium für die Houblon-Norman-Forschungsinstitute... während er fortwährend zum Abschluss seiner Grundabschlüsse, Master's Diplome und PhD gemacht hat.
Das stammt aus den Autoren von Woodruff "Beyond Nab End", aber es ist falsch.
Zwischen 1946 und 1953 wurde die Wirtschaftsgeschichte der Universität Nottingham lehrte und unter der Leitung von Professor J. D. Chambers die Dissertation von PhD über die britische Gummiindustrie abgeschlossen, die er dann im Jahr 1958 mit dem Titel "Die britische Gummiindustrie" herausgegeben hatte.
1950-51 war er tatsächlich in den USA mit einem Stipendium von Houblin-Norman und im Sommer 1952 an den Illinois-Universitäten New York und Harvard.
Im Jahr 1953 verließ er Nottingham und zog nach Illinois.
Wir wissen nicht, warum Woodruff diese Zeit seiner Karriere verschönert hat.
J. Vicente Resino an der Söldnerarmee
Ich empfehle die Ausstellung von "J. Vicente Resino "Flamenco und Leben", weil die Fotos von Schwarz-Weiß-Weiß-Scheinen beeindruckend sind.
Von ihnen war ich beeindruckt, dass ich einfach und mächtig war und die Menschen, die auf den Fotos standen, respektierte.
Diese Ausstellung kann durch Gefühle geprägt werden.
"Resino hat es verstanden, magische Momente zu erobern."
Zweiter Absatz-Rekord in Honduras
Im November beginnt Honda mit dem Vertrieb der zweiten Generation von Jazz.
Es stimmt, dass der Fahrgastraum für seinen Vorgänger groß genug war, aber die Entwicklung eines neuen Modells in internen Bereichen ist noch größer.
All dies wird mit einer verbesserten Mechanik kombiniert, die das Fahren bequemer macht und die Kraftstoffeinsparungen erhöht.
Evolution gegen Revolution.
So sieht die zweite Generation von Honda Jazz aus.
Obwohl er in seinem neuen Jazz - Anblick sehr ähnlich war, wurden viele innere Veränderungen vorgenommen.
Dazu gehören innovative Designs, neue Karosserie, größere Abmessungen und neue Mechanik.
Aber bevor wir das neue Modell genau darlegen, müssen wir sagen, dass der neue Jazz sechs Jahre nach der ersten Generation auf den Markt kam.
Wir können also zunächst feststellen, dass Honda dieses Modell in kürzeren Zeiten als andere Hersteller erneuert hat.
In Europa ist Jazz zwar weniger bekannt, aber auf anderen Märkten verkauft er Rekords.
Ein solches Markt beispielsweise in Japan, wo 2002 und dann im Jahr 2008 Jazz die meistgesuchte Marke war.
In Japan wurden beispielsweise seit dem Markteintritt fast eine Million Stücke von Jazz verkauft.
Der zweite Markt war der alte Kontinent mit fast einer halben Million verkauften Beispielen in sechs Jahren.
Dennoch will Honda mit dem neuen Jazz den Verkehr in der Region weiter steigern.
Während das japanische Unternehmen im Jahr 2007 insgesamt 83.000 Jazz vertrieben hat, werden die Schätzungen für 2009 auf den Verkauf von 100.000 Autos ausgerichtet sein, was zu einem Anstieg um 17 % auf dem europäischen Markt führen würde.
Seit 2002 hat Honda 8000 Jazzt auf dem spanischen Markt verkauft, was 6,7 % des gesamten Umsatzes in Honda in Spanien ausmacht.
Im Falle der neuen Generation werden die spanischen Tochtergesellschaften mit einem Vorbild von 2000 in einem Jahr gerechnet.
Die Ankunft des neuen Jazz wird den Rückgang des Umsatzes in Honda in Spanien erheblich verringern.
Die Vertreter des Unternehmens projizieren bis Ende dieses Jahres 22.000 Exemplare, was einen Rückgang um 4000 unter den Daten aus dem Jahr 2007 um 16 % bedeutet.
Trotz der Verkaufsbedingungen stieg Honda seinen Marktanteil in Spanien auf 1,6 % im letzten Jahr auf 1,8 %.
Auch bis 2010 möchte ich diesen Anteil auf 2 % erhöhen.
Die Honda hofft, dass das durch die Einführung eines neuen Modells erreicht werden kann.
Das wäre Insight, ein fünftüriger und kompakter Hybrid mit einer Länge von 4370 mm, von dem das japanische Unternehmen jährlich 200 000 Stück weltweit vermarkten würde.
Nach Angaben des japanischen Herstellers würden die Vereinigten Staaten 50 % der Marktverteilung von Insight ausmachen, während die verbleibenden Anteile zwischen dem alten Kontinent und Japan verteilt würden.
Die Einführung des Insight-Handels nach der für Januar geplanten offiziellen Valencia-Vorführung erfolgt in den ersten Monaten des Jahres.
Im Vergleich zu der ersten Generation wurde der neue Jazz in allen Aspekten größer.
Die Länge beträgt 3900 mm (fünf Zentimeter), die Breite 1690 mm (zwei Zentimeter) und die Achslänge stieg um fünf Zentimeter, d. h. 2500 mm.
Die Höhe ist im Gegensatz zu 1520 mm unverändert.
Neben den Abmessungen wurde der Fahrgastraum größer.
Der größere innere Raum ist eine Garantie für die neue Karosserie und für den Kraftstoffbehälter in der Mitte - diese Lösung ist bereits aus dem früheren Jazz bekannt.
Außerdem stieg er auf die gesamte Ladung eines Doppelbodens, derzeit 399 Liter, d. h. 19 Liter, über die Kapazität der ersten Generation.
Dies schließt zwar ein, dass diese Abmessungen für den Typ mit einem Motor von 1,4 gelten, da der Behälter von 1,2 Honda Jazz 379 Liter ist.
Einige externe Änderungen können auch entdeckt werden, z. B. hintere Abblendlichter oder optionale Panorama-Glasschutzkappe sowie leichtere Zugänglichkeit der Rücksitze.
Außerdem wurde der Öffnungswinkel der Türen für die hinteren Sitze auf 80 Grad erhöht, gegenüber dem Winkel der ersten Öffnung von 67° Jazz.
Jazzs Motoren der zweiten Generation sind auch neu.
Dieses kleine Modell kann anfänglich mit zwei, 1,2 und 1,4 Liter Triebwerke betrieben werden.
Dank der i-VTEC-Technologie ist der Verbrauch der beiden Ressourcen günstiger als früher und wird durch geringere CO2-Emissionen und exzellente Mechanikkohärenz gekennzeichnet, während der Motor in allen Aspekten eine hohe Leistung erzielt.
Die Leistung der 1,2 Liter Ressourcen beträgt 90 Pferdekraft bei 6000 Drehzahl und die maximale Drehzahl bei 114 Nm 4900.
Dieser Motor, der in der vorangegangenen Jazz 78 Pferdekraft hatte, verbraucht 5,3 Liter und 125 Gramm CO2-Emissionen.
Der andere Motor, der 83 Pferdekraft in der vorangegangenen Generation produzierte, erreicht jetzt 100 Pferdekraft.
Die 100 Pferdekraft Jazz verbraucht durchschnittlich 5,4 Liter und die Emission beträgt 128 Gramm CO2.
Der Aufprall ist ein "Fahrgast"
Für die Entwicklung von Katastrophenvorsorgetechnologien hat Nissan dieses Mal einen Inspiration aus der Natur, ganz genau aus der Bienenwelt gezogen, um eine neue Erfindung zu erfinden.
Die japanische Firma hat einen Roboter geplant, der Unglücksunfälle im Nachhinein der Bienen meidet.
Bio-Mimetic Car Robot Drive oder BR23C wird vielleicht der erste Schritt zur Entwicklung von Kampftechnologien sein.
Die Ingenieure des Nissan Motor Co. Technischen Zentrums entwickelten diesen kleinen Roboter in Zusammenarbeit mit der Wissenschafts- und Technologieforschungszentrum der sogenannten Universität Tokio.
Nach der Definition des Herstellers „Kasuchiro Doi“ (Technologische PR und Forschung) bedeutet die BR23C eine weitere Erweiterung der vier Ebenen Nissan-Sicherheitsschutzkappe.
Der Roboter macht die Fähigkeit, die Produkte der Firma zu umgehen, besser.
Während des Fluges gründet jede Biene einen ovalen persönlichen Raum, der sehr ähnlich dem Nissan-Sicherheitsschild ist.
Es ist jedoch wesentlich wichtiger, dass die Biene in einem komplexen Auge in allen Richtungen in einem Winkel von mehr als 300 Grad fliegen kann.
Um die Funktion eines komplexen Auges zu kopieren, haben die Ingenieure einen sogenannten Laser-Längsmesser (Laser Range Finder) entwickelt.
Das Gerät ermittelt die Hindernisse innerhalb von bis zu 2 Metern in einem Sichtfeld von 180 Grad vor BR23C, berechnet ihre Entfernung und sendet ein Signal an den Mikroprozessor an Bord, der sich in eine Operation umwandelt, die unmittelbar zur Vermeidung eines Aufpralls führt.
"Als ein Hindernis festgestellt wird, ändert der kleine Roboter die Richtung, indem er die Bewegungen der Bienen nachahmt, indem die Räder in einem kleineren oder größeren Winkel bewegt werden, um einen Aufprall zu vermeiden.
Das System unterscheidet sich am besten von den derzeit verfügbaren Instrumenten, dass in diesem Fall die Vermeidungsmanöver automatisch durchgeführt werden.
Wenn das nicht der Fall wäre, könnte der Roboter nicht schnell genug reagieren, um Hindernisse zu vermeiden", erklärt Toshiyuki Andoh, Direktor des Labors für Mobilität und Hauptingenieur des Projekts.
Im Gegensatz zu den Bienen darf das ausweichende Manöver nicht nach oben oder nach unten gerichtet werden und darf sich nur in zwei Dimensionen bewegen und nur in Richtung der Umkehrbarkeit der Räder, d. h. nicht in unendliche Richtung und in einer Weise wie bei Bienen.
Deshalb hat Nissan im Roboter neben der Beschleunigung und Verzögerung auch eine Rotationsfunktion eingesetzt, um Kollisionen zu vermeiden.
"Dieses Gerät muss nur in wenigen Sekunden die Daten verarbeiten und darauf reagieren.
Es ist weder notwendig, die Daten zu speichern, noch die intuitative Logik auf der Grundlage früherer Manöver, so dass sie nur wenige Dutzend KB-Gedächtnisse ohne Unterbrechung nutzen kann.
Das klingt vielleicht überraschend, aber es geht nicht um Gigabyte, sondern um Megabyte-Gedächtnisse.
Dies ist der erste Schritt für die Entwicklung einer Technologie zur sofortigen Verhütung von Kollisionsschlägen, die nach Schätzungen von Nissan innerhalb von zehn Jahren in Serienfahrzeuge integriert werden kann.
Der Roboter arbeitet mit Lithiumpolymer-Akkumulatoren, die leichter und dauerhafter sind als Lithium-Ion.
In der Zukunft kann der Zusammenbau einer Einheit mit einem GPS-Satelliten-Navigationssystem eine zusätzliche Möglichkeit sein, um den Fahrzeugfahrer durch Vermeidung von Hindernissen auf dem Weg zum Endziel zu erreichen.
Angst vor der Hypothek
Wir müssen zugeben, dass die US-Streitschaft nicht nur viel Geld hat, sondern auch kein gesundes Denken.
Da die Krise in ihrem Hals ist und die Amerikaner nicht in den Fahrern von bezweifelbaren Hypotheken von Hypotheken verwickelt sind, haben sie ein lustiges und informatives Online-Spiel "Bad Credit Hotel" geschaffen.
Das ist das "Hotel für schlechte Kredite", das heißt die Galibik.
Die Unterkunft, und vor allem die Rezeptionszauber, zeigt, dass wir noch einmal, zweimal und sogar dreimal, wirklich gerade die Zeit für die Kreditaufnahme haben.
Und vor allem, wo man Kredit verlangen kann, denn das ist wahrscheinlich der Zweck.
Die Informationen auf der Website sind wirklich nützlich, aber wenig detailliert.
Es geht eher um Verbrecher als um die Öffentlichkeit.
Aber was würde passieren, wenn wir das Spiel ergänzen?
Ein Zimmer unserer Träume wird zum Beispiel im Hotel erscheinen.
Eigentlich ist es etwas, denn wir träumen nicht von dem Kauf von Wohnungen.
Morgan Stanley eröffnet ihr Kapital für die MUFG.
Morgan Stanley meldete, dass Mitsubishi UFJ Financial Group (MUFG) einen Anteil an seinem Kapital bereitstellte. Die größte japanische Bank zahlt 9 Milliarden Dollar für 21 % des Kapitals des Unternehmens, nachdem der Preis der Morgan Stanley-Anteile auf der Börse stark gesunken war.
Eine Woche nach der Veröffentlichung des Vorabvertrags sagten die beiden Banken, dass die MUFG 9,9 % der Anteile Morgan Stanleys an einem Stückpreis von 25,25 Dollar kauft, d. h. insgesamt 3 Mrd. Dollar.
Der vereinbarte Preis liegt bei über 19 % des Buchwerts der Wertpapiere vom 31. August.
Die MUFG investiert weitere 6 Mrd. Dollar in den Kauf von Umrechnungspapieren, die ihr einen Gewinn von 10 % und ihren Umrechnungskurs von 31,25 Dollar bereitstellen.
Morgan Stanley berichtete, dass bei der Durchführung der globalen Transaktion ein Durchschnittskurs von 29 Dollar zugrunde gelegt wird, der 28 % über dem aktuellen Wechselkurs liegt.
Allerdings fiel Morgan Stanleys Aktienkurs um 17 Uhr in der Mittelzeit um 6,79 % zurück und war damit auf 23,07 Dollar geschlossen.
"Dieser Strategische Allianz bietet Morgan Stanley eine große Chance, seine Umwandlung in eine Bankholding-Unternehmen zu beschleunigen", erklärt John Mack, CEO der US-Unternehmensgruppe.
Morgan Stanley hat letzte Woche den neuen Status genehmigt, der es ermöglicht, seine Aktivitäten zu diversifizieren, aber auch die Kontrolle über die Federal Reserve.
Die Vereinbarung mit der MUFG bestätigt erneut, dass die gegenwärtige Finanzkrise noch mehr Vorsicht bei den auf Wall Street registrierten Unternehmen fordert.
Die am Montag angekündigten Bedingungen zeigen, dass das Abkommen in den letzten Tagen geändert wurde: Am Montag letzten Montag meldete Morgan nur 20 % seiner Aktien an das japanische Unternehmen.
"Vor einer Woche dachten wir, dass der Anteil ganz aus Stammkapital bestehen würde", erklärte Toshihiide Mizuno, Geschäftsführer der MUFG in Tokio.
Aber wegen der derzeitigen Markt- und Wirtschaftslage wollten wir potenzielle Risiken minimieren und schützen.
Im Hinblick auf den gewogenen durchschnittlichen Preis zahlt die MUFG 7 % mehr als der Buchwert für Morgan Stanley-Anteile.
Die Transaktion führt zu einer Verringerung des Ertrags auf einen Anteil um rund 20 %.
Nach der Vereinbarung kann die MUFG nach einem Jahr die Hälfte ihrer vorrangigen Aktien in Stammaktien umwandeln, wenn der Transaktionskurs der letztgenannten Unternehmen über einen bestimmten Zeitraum um mehr als 50 % des Umrechnungskurses, d. h. um ca. 47 Dollar, ansteigt.
Morgan Stanley stellt somit sicher, dass er seine Anlagemöglichkeiten mit Hilfe von MUFG-Mitteln nutzen, seine Bilanz verbessern und seine Liquidität erhöhen kann.
Der Redner der Gruppe wollte jedoch keine genauen Informationen über die strategischen Pläne der beiden neuen Verbündeten liefern.
Nach der Einziehung der MUFG dürfte Morgan Stanley seine Solvabilitätsrate nach Tier I um etwa 15 % erhöhen, was einer der besten in seinem eigenen Sektor sein wird.
Morgan sagte, dass seine Bilanz "begrenzt" seit Ende August verbessert wurde.
In den letzten Wochen wurde der Gruppe eine große Herausforderung gestellt, da der Kurs ihrer Aktien auf die Hälfte fiel, während die Kosten der Nichtzahlungsrisikoversicherung in den Himmel geflohen sind.
Diese Kosten sanken am Montag, blieben jedoch auf einem hohen Niveau von rund 12 %.
Ein weiteres "Überleben" von den großen Investoren blieb nach dem Konkurs von Bear Stearns und Lehman Brothers und dem Kauf von Merrill Lynch, das Goldman Sachs, die letzte Woche angekündigt hat, 15 Mrd. Dollar beschafft hat: Ein Teil davon stammt von Berkshire Hathaway, Warren Buffett.
Erklärung von Rafael Correa am Montag, Quito
Die republikanische Rekonstruktion im Geiste des 21. Jahrhunderts Sozialismus.
Dies ist der gemeinsame Plan für Hugo Chavez, Evo Morales in Bolivien und Rafael Correa in Ecuador.
Am Sonntag legte Correa nach dem Muster seiner Präsidenten und Freunde seine Vorstellungen über die neue Verfassung dar.
Sie hat ihre Mission erfolgreich durchgeführt, da 64 % der Wähler Ja zur Referendumsbemühung nach den offiziellen Ergebnissen für 80 % der Stimmen hatten.
Auf diese Weise haben 28 % der Bevölkerung mit Nein gestimmt, 7 % der Stimmen waren ungültig, während 0,7 % unvollständig von den Wählern abgegeben wurden.
Die Annahme des Verfassungsentwurfs erforderte 50% + 1 Stimmen.
Am Sonntag haben zwei Studien an den Ausgängen der Wahlbüros und die Rechnungsführung durch eine zivilgesellschaftliche Organisation gezeigt, dass die "Ja"-Stimme mit 63 % bzw. 70 % hoch sind.
Rafael Correa sprach übrigens bereits von Sonntag bis Montag über den Sieg des Verfassungsentwurfs.
"Die Verfassung hat einen gewaltigen Sieg erobert", sagte er, und er dankte den Ecuadoren 280 Kilometern südlich von Quito im Südwesten von Guayaquil, am Sitz des Gouverneurs.
Wie die Öffentlichkeit weiß, gratulierte Michelle Bachelet, der Präsident von Rafael Correa Chavez, Morales und Chile.
Laut dem Bericht der Überwachungsmission der Organisation der Vereinigten Staaten (OAS) fand die Abstimmung in einer ruhigen Atmosphäre statt.
Die geplante Verfassung setzt die Regierungsmacht in den Dienst der Wirtschaft, wobei der Staat das Recht auf "Entwicklungsplanung" für ein Land besitzt, das im Wesentlichen aus der Ölgewinnung ausländischer Unternehmen und aus der von den Auswanderern übermittelten Devisen besteht.
Der Verfassungsentwurf von Correa, der 2006 gewählt wurde, bestätigt auch die Macht des Staats, die für einen Zeitraum von höchstens zwei aufeinanderfolgenden Zeiten ein Mandat erhalten kann und für die Auflösung der nationalen Versammlung zuständig ist.
Correa hat bereits angekündigt, dass sie diese Möglichkeit nutzen will, und im Februar 2009 wird sie wieder in den Wettbewerb für das Mandat der Staats- und Regierungschefs versetzt.
Der Präsident hat bereits damit begonnen, in einem Land mit 13,9 Millionen Einwohnern und der Hälfte der Bevölkerung unter dem Mindestleben zu leben.
Schließlich verbietet die Verfassung die Präsenz ausländischer Truppen im Land, was das Abkommen zwischen Quito und Washington über die Verwendung der Ecuadorischen Anlage, die als Basis für amerikanische Drogenmaßnahmen dient, beenden könnte.
Die 19 Geiseln in Chad wurden befreit
Er wurde von einem ägyptischen Kommissar von Entführern getroffen, die vor zehn Tagen elf Touristen und acht ihrer Begleiter geglaubt haben.
Die Geiseln sind jetzt in Kairo.
Elf europäische Touristen und acht ägyptische Begleiter wurden zehn Tage lang in der Wüste festgehalten, von denen sie am Montag nachmittag frei in die Hauptstadt Ägyptens transportiert wurden.
Die Geiseln wurden am Morgen in Chad von einem ägyptischen Kommando befreit.
Anscheinend waren sie mit einem Flugzeug um halb vier Uhr im guten Zustand an der Militärbasis Al-Maza angekommen, die direkt mit dem internationalen Flughafen in Kairo verbunden ist.
Die Geiseln wurden verboten, die Presse zu informieren, und sie wurden sofort in ein Krankenhaus in Mád, einem Wohnviertel in Kairo, verbracht.
Die Geiseln sind "heiß", und die Entführer haben "keine Lösegeld gezahlt", sagte Zoheir Garanna, der ägyptische Tourismusminister.
Am 19. September wurden die Geiseln in den Grenzgebieten Ägyptens, Sudans und Libyens gefangen genommen, wo Safarin auf dem Territorium war.
In der Gruppe waren 11 Touristen (Fünf Italiener, fünf deutsche Männer und eine rumänische Frau) sowie acht ägyptische Besucher, vier Fahrer, ein Grenzschutz und ein Reisebüro in Großbritannien, das den Safari organisierte.
Ein ägyptisches Sicherheitsmanager berichtete, dass ein 30-Mitarbeiter in zwei Helikoptern an Bord kam, wo die Geiseln direkt vor dem Strom angegriffen wurden.
"Die Hälfte der Entführer wurde getötet, die anderen sind entkommen", sagte der Anführer, der um die Stille bat.
Er sagte ferner, dass 150 Personen von der ägyptischen Brigade Flash nach Sudan geschickt wurden, wo deutsche und italienische Kommandanten hinzugefügt wurden.
Der italienische Diplomatischer Leiter Franco Frattini, der gerade in Belgrad wohnt, betonte die Rolle der Geheimagenten und der italienischen Einsatzteams.
"Wir müssen erkennen, dass dieses Ergebnis nicht ohne professionelle und effektive Mitwirkung unserer Geheimdienste- und Aktionsgruppen erreicht werden konnte", erklärte er, ohne weitere Einzelheiten zu übermitteln.
Außerdem leugnete er, dass die Geiseln ein Lösegeld erhalten hätten.
Am letzten Tag meldete sich die sudanesische Armee, dass sie während einer Patrouille einen SUV unterhielten, auf dem die Entführer reisten, und sechs von ihnen (einschließlich des Chadführers) wurden getötet und zwei verhaftet.
Nach Aussage der Armee standen die Geiseln in Verbindung mit einer Rebellionsorganisation in Darfur, dem sodann liberierenden Mozgalom (SLA-U), die von der betreffenden Organisation sofort verstoßen wurde.
Lettres - Die "stille Mehrheit der Kultur"
Die Debatte über die Finanzierung der Kultur steht derzeit im Mittelpunkt der Pressemitteilung und der laufenden Wahlkampagne.
Das können wir nur freuen.
Aber ein Stück unseres kulturellen Lebens werden sie immer noch vergessen.
Wer wird sein Wort erheben, um zu zeigen, welche lächerlichen Summen kleine Museen, Archive, archäologische Gräber und nationale historische Gedächtnisstätten am nüchternen Ende des Hungersterbens erwirtschaftet werden?
Welche Politikersee erinnert die Bundesregierung daran, dass sie sich nicht um ihre Denkmäler und Gebäude, die Teil des kulturellen Erbes sind, kümmert?
Oder gibt es weder in Quebec noch in Kanada Gesetze, die tatsächlich einen wirksamen Schutz unseres kulturellen Erbes gewährleisten?
Wusstest du, dass die französische Regierung nur dreieinhalb Millionen Euro für die Reservierung des Schlosses Chinon im Tal Loire ausgegeben hat?
Die Verfassung unserer amerikanischen Nachbarn verdeutlicht, dass der Schutz des kulturellen Erbes Teil der amerikanischen Kultur ist, und dieses Erbe muss von allen Bürgern, allen gewählten Vertretern und allen staatlichen Stellen koordiniert geschützt werden.
Im Rahmen des Verbandes der Historischen Gesellschaften in Quebec (Fédération des sociététés d'histoire du Quebec) sind über 40 000 Freiwillige der Gesellschaft für Geschichte und die Erhaltung einer großen Zahl von privaten Archiven und archäologischen Aufzeichnungen mit einem Mindesthaushalt beschäftigt.
Oft bestreiten diese Organisationen unser Erbe mit meinem Zahnkreis, und sie protestieren mit der letzten Kraft, wenn Immobilienentwicklunger und Entscheidungsträger ihre alten Gebäude und verlorenen Buldozer auf unsere Friedhöfe lenken.
Wann wird jemand aufstehen, um das historische und kulturelle Erbe zu schützen?
Ein Teil der Fortis Bank wird von den Benelux-Regierungen abgebaut
Die Benelux-Staaten helfen mit einer partiellen Staatsverstaatlichung, weil die amerikanischen Kreditmarktkrise - als erstes Europäer - eine belgische niederländische Bank in Schwierigkeiten gebracht hat, Fortison: Die drei Länder unterstützen ein Finanz- und Versicherungsinstitut mit Beteiligungen in Ungarn mit insgesamt 11,2 Mrd. EUR.
Die belgischen, luxemburgischen und niederländischen Regierungen haben sich am Ende der Woche auf höchster Ebene mit dem Präsidenten der Europäischen Zentralbank und der für Wettbewerb zuständigen Kommission verständigt.
Die erste große Krise im Euro-Währungsgebiet ist die Fortis-Bank im Rahmen der internationalen Geldmarktkrise, die seit über einem Jahr in den Wellen ge ringet ist, und die Entscheidungen im Zusammenhang mit der Bank können daher in gewissem Maße als Präzedenzfall angesehen werden.
Nach der Entscheidung, die am Sonntagabend stattfand, kaufen alle drei Staaten in fast der Hälfte (49 %) ihr vorhandenes Eigentum.
Die Bank wird sicherlich einen Teil ihrer Interessen verkaufen, vor allem von ABN Amro in den Niederlanden letztes Jahr, insbesondere von Versicherungsunternehmen.
Die Anteile von Fortis begannen letzte Woche zu stürzen, und in der zweiten Hälfte der Woche gab es bereits schwere Krisensymptome beim Institut.
Die Befragten sind sich jedoch der Meinung, dass die Bank mit 85 000 Beschäftigten zu groß ist, um sie in die Insolvenz zu versetzen.
Die Papiere der Firma fielen nur am Freitag um etwa 12 Prozent, im Alter von 14 Jahren.
Seit Januar ging der Wert der Aktien um über zwei Drittel zurück.
Angesichts der derzeitigen Aktienpreise liegt der Gesamtmarktwert der Gruppe rund 14 Mrd. EUR, dies aber nach Ansicht der Unternehmensmanager nicht realistisch ist.
Die Unternehmensführung hat übrigens zu Unsicherheiten im überseeischen Markt im Zusammenhang mit der Annahme des US-Pakets von 700 Mrd. US-Dollar geführt.
Am Montag stiegen die Papiere leicht an.
Am Freitag wurde Filip Dierckx als neuer Geschäftsführer für die Bank ernannt.
Das Finanzinstitut suchte nach privaten Kunden, aber bisher hat niemand einen würdigen Vorschlag eingereicht.
Die belgische Regierung hat bereits erwähnt, dass die Investoren sich nicht beunruhigen und ihr Geld nicht verlieren müssen.
Bei den Kunden der Bank gab es bislang keine Panik, und die Konten wurden nicht angegriffen.
In Ungarn hat Fortis ein eigenes Konto und hat auch Leasingunternehmen gekauft.
Fuchs im Hühnchen
In Amerika lehnen Lebens- und Gesundheitsversicherer oft auf der Grundlage von Informationen über den Kauf von Medikamenten von Menschen ab, einen Versicherungsvertrag mit dem Antragsteller abzuschließen.
Datenschutzexperten befürchten, dass der Datenmarkt unkontrollierbar wird.
"Es gibt ein Datenschutzprogramm, das die Verwendung von Pharmakovigilanz-Daten in jedem Fall mit der Zustimmung der betroffenen Person verbindet.
Er muss unabhängig sein, sonst vertrauen wir dem Fuchs auf den Hühnchen", zitiert Richard Dicke, der Entwickler des Programms, das für die Überwachung der Pharmaspezifikationen geeignet ist, in Washington Post.
Die Versicherungsunternehmen hängen von dem Gesundheitszustand des antragstellenden Kunden ab, indem sie die Versicherungsprämie und den für Schadensfälle zu zahlenden Betrag abhängig machen, und wenn das Risiko zu hoch ist, werden sie nicht versichert.
Früher wurde der Mann für eine medizinische Untersuchung geschickt und der Vertrag wurde nur unter Kenntnis der Ergebnisse der Untersuchung geschlossen.
Dick hat vor zehn Jahren ein viel billigeres Verfahren gefunden: Die Apotheken beziehen sich leicht auf die Medikamente, die er in den letzten anderthalb Jahren gekauft hat, und das Programm zeigt sich, welche Krankheit er hat und welches Gesundheitszustand er hat.
Wenn Sie beispielsweise regelmäßig eine hohe Dosis an Cholesterinhemmer einnehmen, deutet dies darauf hin, dass Ihre Blutfettwerte in der Praxis nicht behandlungsbedürftig sind, was unmittelbar in eine höhere Risikokategorie fällt.
Es gibt mehrere Varianten des Programms, einige definieren auch eine Risikokomplikation, so dass der Versicherer nur wenig zu tun hat, wenn es sich zwar um kleine Schwierigkeiten handelt.
Zu den Nachteilen gehören, dass einige Arzneimittel für mehrere Zwecke verwendet werden können, wie z.B. bestimmte Verbindungen gegen Migräne oder Hitzewallungen, aber auch gegen Depressionen.
Die letztgenannte ist ein wichtiger Risikozuwachs für die Unternehmen und nicht die oben genannten.
Für die Datenerhebung und -verarbeitung wurden getrennte Gesellschaften gebildet, und sie, bevor sie die erforderlichen Informationen von Apotheken einholen, werden die Patienten aufgefordert, ihre Zustimmung zu erhalten.
Sie sind nun von den Behörden verpflichtet, dies zu tun, auch wenn sie bislang nicht bestraft wurden.
Einige Unternehmen verarbeiten das Ergebnis der Laboruntersuchungen und verbinden es mit den Daten über den Arzneimittelverbrauch, so dass sie ein genaueres Bild des Gesundheitszustands der Patienten liefern können.
Immer mehr Unternehmen haben Zugang zu den Daten, und gleichzeitig wird die Kontrolle der Verwendung immer schwieriger.
Es gibt ein spezifisches Gesundheitsschutzgesetz, aber es gilt nur für Gesundheitsdienstleister und Versicherer.
Vor dem Kongress liegt der Gesetzesvorschlag, der den Behörden auch die Kontrolle über die für die Datenübermittlung spezialisierten Unternehmen übertragen wird.
Dick Richard stellt fest, dass dies nicht ausreicht: Er hat sein Programm weiterentwickelt, das den ausdrücklichen Beitrag der Betroffenen zur Übermittlung der Daten einfügt.
Andere Frage ist, dass der Betroffene den Beitrag nicht ablehnen kann, oder die Versicherer schließen keinen Vertrag mit ihm.
Die Hühnchen sind also auf die Wohltätigkeit der Fuchs hinzuweisen.
Globales Marseille-Eßblatt
Verdoppeln des Handels zwischen der Europäischen Union und Indien
Da die führenden Handelspartner der Europäischen Union und Indiens die Tagesordnung des neunten Gipfeltreffens über dieses Thema, vor allem die anderen globalen Probleme, beherrschen.
Heute wird es auch ein französischer und indischer Gipfel sein, in dem es vor allem um die Zusammenarbeit bei der Kernenergie geht.
Die Europäische Union räumt ein, dass Indien eine aufsteigende demokratische Macht ist, die in internationale Angelegenheiten stärker einbezogen werden sollte, aber die Mitgliedstaaten noch nicht in der Lage sind, einen gemeinsamen Nenner zu erreichen, um die ständige Mitgliedschaft von Neuseeland im Sicherheitsrat der Vereinten Nationen zu unterstützen.
Diese Frage wurde also nicht auf dem neunten Gipfeltreffen, der gestern in Marseille stattfand, gestellt.
Der französische Präsident Nicolas Sarkozy als EU-Vorsitzender und der Kommissionspräsident José Manuel Barroso und der Hohe Vertreterin für auswärtige Angelegenheiten, Herrn Solana, nahm den Ministerpräsidenten Manmohan Singh indische Angelegenheiten an, mit dem sie übereinstimmten, dass er in fünf Jahren verdoppelt wird, d. h. daß der Handelsverkehr auf hundert Milliarden Euro erhöht wird.
Da der Warenaustausch zwischen 2000 und 2007 von 25 Mrd. auf 55 Mrd. gestiegen ist, ist das nicht zu ehrgeizig.
In diesem Zusammenhang wurden in rechtlicher Hinsicht die sechsundzwanzig bilateralen Zivilluftfahrtabkommen mit Indien zusammengefasst, d. h. der Luftverkehr könnte sich in Zukunft verschlechtern.
Indien möchte bis Ende 2009 ein Freihandelsabkommen mit der Union schließen.
Sarkozy versprach, die Verhandlungen zu beschleunigen.
Das Ziel besteht darin, auszugleichen, dass die EU, während sie die erste Handelspartnerin Indiens ist, in der EU-Partnerschaft lediglich die neunte Position einnimmt.
Der Gipfel widmete seine Aufmerksamkeit auf globale Angelegenheiten.
Die Lage in Afghanistan und Pakistan und der Terrorismus - die letztere wurde in allen Bereichen verurteilt und die Konferenz der Vereinten Nationen veranlaßt.
Sie forderten auch das Ende der Doha-Runde, obwohl beide in der Vergangenheit ein großer Teil des Scheiterns sind.
Die EU hat bestätigt, dass sie ihr Energie- und Klimaprogramm aufrechterhält, d. h. sie möchte die Emissionen von Schadstoffen bis 2020 um mindestens 20 Prozent reduzieren.
Dies stimmte auch mit Indien überein, ebenso wie die Notwendigkeit, auf der Klimakonferenz für die Zukunft einen globalen Deal zu schließen und die Produktion von Treibhausgasen bis 2050 um 50 % zu verringern.
Ich möchte auch den Anstieg der Lebensmittelpreise behindern und die Einberufung eines internationalen Treffens zur Überprüfung der Finanzkrise unterstützen.
Der indische Regierungschef geht heute in die französische Hauptstadt, wo auf bilateralen Treffen ein Geschäft über eine friedliche Nutzung der Kernenergie geschlossen werden soll.
In Paris vertrauen sie darauf, dass die französischen Unternehmen für den Bau von indischen Kernreaktoren 20 Milliarden Euro erhalten.
Nach Informationen der Nachrichtenagentur würde das Abkommen für einen Zeitraum von 15 Jahren gelten.
Mehr als 300 italienische Buchausgabestellen in Frankfurt
Die italienischen Verleger vertreten sich mit einem starken Feld auf dem Internationalen Buchmarkt in Frankfurt.
Über 300 italienische Verlagshäuser werden bei der wichtigsten internationalen Urheberrechtssitzung am 60. Buchmesse teilnehmen.
Auf dem Internationalen Buchmarkt in Frankfurt dieses Jahr warten 7.000 Aussteller aus 101 Ländern auf 171.790 Quadratmeter Grundfläche, wo mehr als 403.000 Bücher vorgestellt werden.
Auf der Eröffnungsfeier von Pavilon in Italien wird die italienische Regierung von Francesco Maria Giro, stellvertretender Staatssekretär des Ministeriums für Kultur Javak und Aktivitäten vertreten: Italien wird durch die Einrichtung eines einheitlichen Italia-Ponts einen Ausstellungsbereich von 264 Quadratmetern abdecken.
Die feierliche Eröffnung wird von der Pressekonferenz im "Rom Strucur" des "Buchmesse 5.0"-Pavilonen begleitet werden, wo auch Daten, Trends und Aussichten über die Situation der italienischen Buchausgabe zugänglich sind.
Den Daten zufolge sinkt die Anteile ausländischer Urheber auf dem italienischen Verlagsmarkt, insbesondere im Bereich der Publikationen für Erwachsene und Jugendliche.
Sie fanden Steve Fossetts Flug, den vermissten Milliardär vor einem Jahr.
Sie fanden die Überreste des Flugzeugs von Steve Fossett, einem Milliardär, der am 3. September 2007 über der Wüste in Nevada verschwunden ist.
Auf dem Schrott standen sie auf einer Höhe von 3000 Metern in der Gegend von Mammoth Lakes in Sierra Nevada an der Grenze von Kalifornien und Nevada.
Es wurden keine menschlichen Überreste im Flugzeug gefunden.
John Anderson, der Sheriff von Madera County, entbunden alle bestehenden Zweifel: "Wir haben nach der Feststellung der Flugposition ein Team ausgesandt, und wir können jetzt sicher sein, dass es sich um das Flugzeug handelt, das Steve Fossett an dem Tag des Verschwindens von Steve Fossett abfliegt", sagte er auf einer Pressekonferenz.
Der Sheriff bestätigte auch, dass weder in dem Flugzeug noch in dem umliegenden Gebiet menschliche Überreste gefunden wurden.
Der 63-jährige Milliardär wurde im Februar tot erklärt.
Die US-Verkehrssicherheitsagentur (NTSB) hat erklärt, dass ein Untersuchungsausschuss ein paar Stunden nach der Entdeckung des Schrotts gebeten wurde, die Maschine zu identifizieren und festzustellen, dass es sich tatsächlich um die Bellanca 8kcab handelte, die am 3. September 2007 verschwand, am Tag, an dem Fossett aus Yerington (Newada) auf einen Flug von drei Stunden anfing.
Gestern fand auch ein Paar in Kalifornien, nicht weit von der Grenze Nevada, in der Nähe von Mammoth Lakes einige persönliche Sachen von Fossett.
Zwei Ausweise für Fosset, die von der FAA von Illinois ausgestellt wurden, ein paar Bargeld und einen Pullover.
Die Suche nach Fossett wurde nach einem Monat aufgegeben.
Der Milliardär hat eine Reihe von Gipfeln aufgestellt, um sich in die Geschichte einzutragen.
Im Jahr 2002, im sechsten Versuch, konnte er erstmals mit einem Luftballon um das Land fliegen: zwei Wochen einsamer Flug.
Drei Jahre später hat er das Land umgehauen, ohne zu landen.
Es gibt viele Rekords, die die Anden übersteigen, in einer Höhe von 15 445 Metern, die er mit einem zweiten Piloten durchgeführt hat.
GLK, erschreckende Werbung
Ein ungewöhnlicher, aber aber nicht unkomplizierter Hobbitfahrer mit großen Oberflächen und sauberen Ecken.
In wenigen Worten war das der neueste "Kompaktfahrer" von Mercedes-Benz, mit dem die deutsche Automobilindustrie versuchte, neue Impulse auf den Markt zu bringen.
Aus diesem Grund wird die Einführungskampagne der SUV-GLK, die seit dem 17. Oktober in den Mercedes-Benz-Plattformen zur Verfügung steht, überraschend und ungewöhnlich sein.
Denn der Werbekampf, der die Einführung eines neuen Fahrzeugs begleitet, lebt mit einem bislang unbekannten Medien-Kommunikationsgerät, utopischen 3D-Plattformen, die in Italien noch nicht benutzt wurden.
Die riesige Plakataktion, die aus drei Phasen besteht, wird bis zum 15. November die zentrale Einkaufsstraße von Mailand, Corso Como, beherrschen.
Die erste Phase dieser neuen Medien-Kommunikation beginnt mit einer flächendeckenden Präsentation des Autos, die durch die neue SUV, die in der Nähe von Corso Como verteilt wird, fast in realen Größen und in dreidimensionalen Formen sichtbar ist.
Das Bild sieht so aus, als würde sich das Auto aus dem Plakat herausziehen.
Anschließend wird die neue GLK durch die innovative Elamina8-Technologie in jedem Detail sichtbar, um dann zu einer einheitlichen Methode zu werden.
Mit dieser Werbung versucht der Mercedes zweifellos, etwas Neues in die Stereotik der Automobilindustrie aufzunehmen.
Können wir damit das Interesse der zukünftigen Kunden wecken?
Wir zeigen Ihnen, wer die italienischen Football-Holigans sind
Triveneto-Jungfrauen, sie werden wahrscheinlich ausgeschlossen.
Aber wer sind die 150-200 Jungen und Mädchen, die heute ganz Italien beschämt haben? Die Mitglieder der Gruppe Ultras Italia, die seit Jahren den Auserwählten folgt und die, wie die Wahrheit sagt, bis jetzt keine zu große Probleme bereitet haben.
Sie haben sich nie mit den Krüppeln des Gegners verprügelt.
Das Kernstück der Gruppe ist rechts.
Die Hauptorganisatoren kommen aus Trivento.
Und auch aus Verona, Padova, Triest und Udin.
Diese wurden von kleineren Gruppen (in der Tat nur wenige Einheiten) aus Campania und Puglia in Sofia begleitet.
Italienische Flaggen, auf denen die Heimatstadt der Raupen aufgezeichnet war, wurden am Samstag entfernt, damit sie nicht identifiziert werden konnten.
Sie folgen dem Beispiel der Engländer.
In Bulgarien standen Sie vor einem echten Nazi-Team, dem Lewski-Drukker.
Das italienische Football-Gewerkschaft hat den italienischen Skurkeln 144 Tickets zur Verfügung gestellt.
Das Ministerium für Inneres hat auch alle überprüft: Es gab kein Verfahren zwischen den Befragten in Sofia, niemanden, der von einem Stadionbesuch ausgeschlossen worden wäre.
Vier Italiener, die ein Fußball-Geschäft haben, weigerten sich, Tickets und Ausflüge zu machen.
Derzeit erwartet das Innenministerium Protokolle von der Sofia-Polizei, und er trifft die erforderlichen Maßnahmen: Die Skurkoler, die während der Störung verhaftet oder identifiziert wurden, können fünf Jahre lang untersagt werden.
Es handelt sich um ein internationales Verbot, das nicht nur auf den Besuch aller Stadien in Italien, sondern in Europa abzielt.
So können unsere Fußballmänner ihre Füße nicht auf keinem Fußballplatz einführen.
Zum Glück.
Aber wir müssen auch befürchten, dass die Huliganer Nachfolger finden werden, d. h., dass es auch andere gibt, die sich an diesen wenigen 50 Personen anschließen.
"Wir müssen dieses Feuer sofort ersticken, nicht den, der sich so benimmt", sagte das Innenministerium.
Also sollten wir uns offen halten, vor allem da der Mittwoch-Rennentag in Lecco ankommt.
In Puglia gibt es eine kleinere Zelle, die die italienischen Ultras unterstützt.
Der Beobachtungsdienst tritt morgen zusammen, und am Dienstag wird der Ausschuss für die Sicherheit von Sportveranstaltungen, der auf eine Abteilung des Sicherheitsdienstes zählen kann, für die Geheimdienste im Bereich des Wohlfahrtsverhaltens zuständig sein.
"Duce-Duce-Scannieren und fliegender Arm unter dem italienischen Hymnus?
Dieser Gedanke wurde in einer ziemlich unglücklichen Weise erarbeitet, Domenico Mazzilli, die vor einigen Wochen als Beobachter des Innenministeriums ernannt wurde (die Post wurde von Francesco Tagliante und vorher von Felice Ferlitzi übernommen).
Mazzilli war zuvor Hauptquartier der Polizei von Tries, der Stadt, in der seit 2002 eine Zelle zur Unterstützung der Ultras-Italien-Gruppe eingesetzt wurde.
Das, was Mazzilli sagt, ist in Bulgarien nicht verboten, Duce zu füttern, aber das Verhalten dieses 150-200-Teams war schüchtern.
Ich bin kein Soziologe, er fügte den ersten Mann des Beobachtungsdienstes hinzu, aber die Straftaten müssen im Land des Tatorts verurteilt werden.
Wir müssen genau prüfen, was passiert ist und darüber nachdenken, wie es weitergeht.
Aber lassen Sie uns auch ein wenig über das Ausspülen des italienischen Hymnus sprechen: Es ist kein Verbrechen, aber wenn ich das sagen darf, kann man es nicht als Wohlergehen nennen..."
