Les populistes de droite remportent la victoire en Autriche avec 29% des voix
L'affaiblissement perceptible des deux partis de la grande coalition à ce jour et le renforcement significatif des partis populistes de droite ont été apportés par les premiers résultats préliminaires des élections législatives anticipées en Autriche dimanche.
Le Parti populaire autrichien (<0xC3><0x96>VP), où la position de l'actuel président Wilhelm Molterer a été sérieusement ébranlée, a subi une perte particulièrement importante.
En revanche, le président de l'Association pour l'avenir de l'Autriche (BZ<0xC3><0x96>), J<0xC3><0xB6>rg Haider, chef de la province de Carinthie, se prépare à un retour victorieux à la politique nationale.
Le Parti social-démocrate (SP<0xC3><0x96>) reste le parti le plus puissant du pays avec 29,8% des voix, mais a perdu 5,5 % des voix par rapport aux dernières élections de 2006.
L’<0xC3><0x96>VP a perdu près de 9% des voix avec 25,6% des voix.
Ce sont les pires résultats obtenus par les deux grands partis dans l'histoire de l'Autriche d'après-guerre et, en particulier, le résultat du Parti populaire, qui a déclenché des élections anticipées, est littéralement catastrophique.
Au début du mois de juillet, après avoir quitté la coalition <0xC3><0x96>VP, le parti populaire avait un avantage significatif sur le SP<0xC3><0x96>, selon les sondages.
Les électeurs l’ont sanctionné pour avoir laissé le gouvernement échouer.
Dès les premières réactions aux résultats, il y a eu des spéculations sur la démission éventuelle du président du parti Wilhelm Molterer et de l'actuel vice-chancelier.
Les observateurs estiment que cela pourrait avoir lieu lundi lors de la réunion extraordinaire de la présidence du parti.
Cette évolution faciliterait probablement la sortie de plus en plus probable du résultat électoral, à savoir le renouvellement de la grande coalition SP<0xC3><0x96> et <0xC3><0x96>VP.
Compte tenu du renforcement des deux partis populistes de droite - le Parti autrichien pour la liberté (FP<0xC3><0x96>) a obtenu 18% des voix et le BZ<0xC3><0x96> onze pour cent des voix - mais les sociaux-démocrates ont également exprimé leurs craintes quant à la répétition de l'année 1999 par l'Union européenne, qui était encore une fois un accord de parti populaire avec les populistes en 2005.
M. Haider, qui a déjà déclaré qu'il était prêt à coopérer avec n'importe quel parti, et je présume qu'il peut revenir à Vienne pour la politique nationale, s'attend évidemment à cette solution.
Le parti des Verts est également entré au Parlement, mais il a perdu un peu de popularité et est tombé de la troisième à la cinquième place parmi les partis politiques autrichiens.
Aucun des autres partis n’a dépassé la barre des 4% et n’est entré au Parlement.
Schwarzenberg: les relations indiennes peuvent se refroidir
Si le problème des scientifiques tchèques accusés de collecte illégale d'insectes n'était pas résolu, le ministre tchèque des Affaires étrangères, Karel Schwarzenberg, a déclaré que les relations entre la République tchèque et l'Inde pourraient connaître une certaine séparation.
C'est ce que le ministre a annoncé aujourd'hui à New York après une rencontre avec Pranab Mukherji, son partenaire indien.
"Si cela n'était pas résolu, alors oui, il y aurait une certaine séparation", a-t-il déclaré après la réunion, qui s'est déroulée sous l'impulsion de la République tchèque.
Après le procès, Mukherji a déclaré qu'il était difficile pour le pouvoir exécutif d'intervenir dans les affaires judiciaires.
Toutefois, il a indiqué que, dans le cas de Petr <0xC5><0xA0>vácha, acquitté et sanctionné par une amende, le gouvernement central pouvait négocier avec les autorités locales de Darjeeling, dont la juridiction est compétente.
« Son problème pourrait être résolu », a déclaré le ministre.
Pour Emil Ku<0xC4><0x8D>era, condamné à trois ans de prison, le mieux serait de faire appel devant une cour supérieure.
Il pourrait alors demander sa libération sous caution et attendre le verdict, a-t-il expliqué.
M. Schwarzenberg a confirmé que son partenaire s'est exprimé de la même manière au cours du procès.
"Il a proposé un recours à la Cour suprême, il serait alors possible de le révoquer", a déclaré le chef de la diplomatie tchèque.
La seule façon pour la partie tchèque d'intervenir dans l'ensemble de l'affaire est de fournir au condamné un "soutien juridique compétent", a indiqué le ministre indien.
En même temps, il a déclaré que la partie indienne leur avait déjà fourni une telle aide.
"Notre principal intérêt est de maintenir les meilleures relations avec l'Inde, qui ont une longue tradition.
Les Indiens l'admettent", a déclaré Schwarzenberg.
Dans le même temps, comme il l'a dit au <0xC4><0x8C>TK, il a souligné à son partenaire que la République tchèque attache une grande importance au problème des entomologistes tchèques.
"Nous considérons que l'emprisonnement et la mise en accusation de ces scientifiques tchèques est une grave erreur", a-t-il déclaré.
<0xC3><0x80> la question de savoir s'il avait reçu une promesse de la part de l'Inde de s'occuper de l'affaire, le ministre a esquivé la réponse.
"J'ai déjà reçu beaucoup de promesses", a-t-il noté.
Les juges tchèques dans la lutte pour les fonds marins
Il se dirige vers la carte électronique murale montrant l'Australie et les zones maritimes voisines.
Mais il ne s'intéresse pas au continent, mais à un point qui disparaît dans le bleu de l'océan.
"L'île appartient à l'Australie et, avec elle, aux fonds marins voisins.
C'est une région aussi grande que le continent », explique Luigi Santosuosso, avocat italien qui fait partie d'un groupe de 30 personnes travaillant dans le domaine du droit de l'océan et de la mer de la Division des Nations Unies.
Son chef, Václav Mikulka, avocat tchèque, directeur de la division, suit attentivement les explications, qui sont parfois complétées.
Il y a du travail et de l'enthousiasme.
Les fonds marins abritent un monde riche en ressources naturelles, à peine connu à ce jour.
On y trouve du pétrole, du minerai et d'autres minéraux, mais aussi des organismes vivants jusqu'à présent inconnus qui pourraient être la clé du développement de médicaments contre le cancer, par exemple.
Des fonds marins plus grands que le sol
Aujourd'hui, les États côtiers sont très sollicités pour de nouvelles zones sous-marines.
La Convention des Nations Unies sur les droits de l'homme a été signée en 1982 à Montego Bay, en Jamaïque.
Il s'agit avant tout de la zone de la plate-forme continentale, qui s'étend souvent jusqu'à quelques centaines de kilomètres des côtes d'un pays donné.
Un tel pays a, en vertu de la Convention, un droit exclusif sur toutes les ressources de la plate-forme continentale.
« En termes simples, nous gardons la partie et la couche inférieure du sous-sol de la plate-forme continentale, qui est la suite naturelle du continent sous-marin.
La mer côtière s'étend souvent à plus de 200 milles marins, ce que l'on appelle une zone exclusivement économique », explique Mikulka.
La demande, qui doit être soumise par le pays concerné à la Commission des frontières extérieures de la plate-forme continentale, doit être complétée par une documentation scientifique et technique exhaustive fondée sur un certain nombre de recherches et de mesures coûteuses.
C'est le résultat de nombreuses années de travail préparatoire.
« L’une de nos missions est d’apporter une assistance technique et juridique à la Commission.
<0xC3><0x80> ce jour, la Commission a examiné cinq demandes: la Russie, le Brésil, l'Australie, l'Irlande et la Nouvelle-Zélande.
Jusqu'à présent, seuls les trois derniers pays mentionnés ont réussi », ajoute Mikulka.
Récemment, le succès de l’Australie a fait écho dans le monde entier, ce qui a d’abord considérablement élargi son pays sous-marin.
Mais la Nouvelle-Zélande a également gagné - la superficie du fond marin qui lui a été attribuée par la Commission est d'environ 1,6 million de kilomètres carrés, soit six fois la superficie du pays.
Les deux pays ont investi des millions de dollars dans la recherche.
Les bénéfices de l'utilisation future des fonds marins seront, selon eux, inestimables.
D'autres pays continuent de faire des demandes.
Ils peuvent le faire dans un délai de dix ans à compter de la date de la ratification de la Convention de Montego Bay.
Là où s’achève la plate-forme continentale, commence la zone de fond océanique déclarée par la Convention comme « patrimoine commun de l’humanité ».
Aucun pays n’a d’exclusivité.
Le droit d'extraction dans ce domaine est conféré par l'institution internationale créée par la convention.
"Le fond de la mer, cependant, n'est pas Klondike", dit exagérément le directeur Mikulka, en disant que "certaines zones sont juridiquement clairement délimitées et leur régime est fixé par un traité ".
Les Tchèques dans le Pacifique
Aujourd’hui, une partie du fond de la mer appartient à la République tchèque.
Il est partagé avec d'autres pays de l'ancien bloc de l'Est dans le cadre de l'organisation conjointe "Interoceanmetal".
En 1991, cette organisation a obtenu le statut d'investisseur pionnier, à l'instar des investisseurs de certains autres pays.
Il est autorisé à produire dans la zone de ClarionClipperton située entre le Mexique, Hawaii et Kiribati dans l'océan Pacifique.
La superficie examinée par l'investisseur est légèrement plus grande que celle de l'ancienne Tchécoslovaquie.
Le fond de la mer était là, une sorte de réplique sous-marine des Tatras.
"Il peut être extrait sur une superficie totale de 75 000 kilomètres carrés.
La région est un riche gisement de minerais polymétalliques contenant du nickel, du cuivre, du cobalt et du manganèse", a déclaré Pakshi Rajan, un autre juriste hindou.
Rober Sandev, un macédonien de la division, montre un autre exemple de concret.
Il rappelle une pomme de terre ou, avec un peu d'imagination, un parchemin avec des mots magiques qui donnent vie au golem.
Les forces spéciales allemandes étaient présentes lors de la libération des otages.
Le gouvernement égyptien a demandé l'aide de l'Allemagne pour résoudre la crise des otages, et les spécialistes sont venus.
Quand la situation est devenue sérieuse, les forces spéciales étaient prêtes, mais elles n'ont pas été déployées.
Les informations sur la libération de onze touristes européens enlevés en Égypte sont de plus en plus nombreuses.
Selon le ministère de la Défense et le ministère de l'Intérieur, des forces spéciales allemandes ont participé indirectement à l'opération de sauvetage.
En plus des spécialistes de l'armée fédérale allemande, le personnel de la GSG 9, de la police fédérale allemande et du Bureau fédéral de la criminalité, ainsi que des spécialistes de la logistique du service technique allemand étaient sur le site de la libération.
Selon les sources du ministère, les forces allemandes n'ont pas été nécessaires lundi soir, car les ravisseurs ont permis à leurs otages de fuir et ont ensuite pris la fuite lorsqu'ils ont reconnu les signes d'une prise d'otages violente.
Le gouvernement égyptien a accepté l'aide offerte par l'Allemagne pour l'engager comme une force de soutien sur le terrain.
« Heureusement, cela n’a pas eu lieu », a déclaré un porte-parole du ministère fédéral de l’Intérieur.
Un groupe de touristes, composé de cinq Allemands, de cinq Italiens, d'une Roumaine et de huit Égyptiennes, a été enlevé le 19 septembre dans le sud de l'Égypte.
Après l'enlèvement dans le désert de l'Égypte méridionale, les otages ont été déplacés de lieu en lieu et place dans la région frontalière entre l'Égypte, la Libye, le Soudan et le Tchad.
Jusqu'à présent, l'identité des otages n'a pas été élucidée, ainsi que les détails de la libération des otages et les éventuels paiements de rançon.
Les survivants sont arrivés sains et saufs au Caire.
Steinmeier a déclaré que les otages libérés étaient sous la protection de l'ambassade d'Allemagne.
Il n'a pas précisé les détails de sa libération.
<0xC3><0x80> Berlin, aucune information n'a été communiquée quant à leur retour en Allemagne.
Selon le quotidien "Bild", les cinq touristes et les forces spéciales arriveront en Allemagne mardi dans un avion Airbus de l'armée de l'air allemande.
La Chambre des représentants des États-Unis rejette le plan de sauvetage.
La Chambre basse du Congrès des États-Unis a rejeté à une petite majorité le plan de sauvetage de 700 milliards de dollars proposé pour les marchés financiers.
Le Dow Jones s'est écrasé.
La Chambre des représentants des États-Unis a rejeté par 227 voix contre 206 le plan de sauvetage du gouvernement pour les marchés financiers.
Malgré les appels du président américain George W. Bush et des dirigeants des deux partis, le programme n’a pas obtenu la majorité pour contenir le chaos qui sévit sur les marchés financiers.
Les partisans ont désespérément tenté de convaincre les critiques de la nécessité d'un paquet de 700 milliards de dollars.
Barney Frank, l'un des chefs de négociation du parti démocrate, a appelé les députés à soutenir le plan, même s'il est impopulaire.
"Il est difficile d'obtenir un soutien politique pour éviter quelque chose qui n'est pas encore arrivé", a-t-il reconnu.
Le Dow Jones a chuté de plus de 6% et de 600 points.
Les investisseurs craignent que le plan de sauvetage ne débouche sur un échec.
L'indice a augmenté peu de temps avant la fin du scrutin et a ensuite rechuté après la publication de l'échec.
Les experts s'attendent à de nouvelles turbulences sur les marchés financiers internationaux.
L'entrée en vigueur du programme nécessite l'approbation à la fois de la Chambre des Députés et du Sénat.
Les organisateurs enregistrent de plus en plus de réservations.
L’hiver est propice pour les touristes allemands.
Selon une étude, le trafic des réservations routières pour les prochains mois a considérablement augmenté par rapport à l'année précédente - de plus de 30 % pour la saison hivernale.
Malgré la faiblesse des perspectives économiques, les Allemands n’ont pas perdu leur envie de voyager, selon l’étude.
Pour les réservations pour la saison hivernale, les agences de voyages ont enregistré une augmentation du trafic de 31% par rapport à l'année précédente, a déclaré lundi à Berlin l'Association allemande des voyages (DRV).
Selon l’institut d’études de marché GfK, le nombre de réservations pour les mois d’automne est déjà plus élevé.
Le chiffre d'affaires des agences de voyages en octobre a dépassé de près de 11% celui d'octobre 2007, selon DRV.
Ces résultats sont basés sur les données de GfK, qui évalue les données de réservation mensuelles de 1200 agences de voyages allemandes et les extrapole ensuite sur l'ensemble du marché.
L'Institut a pris en compte les voyages réservés jusqu'à la fin août 2008.
En raison du faible taux de change du dollar, les voyages vers les États-Unis sont particulièrement recherchés, a indiqué le DRV.
Les réservations ont augmenté d'environ un tiers.
Les destinations particulièrement appréciées par les Allemands sont l'Espagne, la Turquie et la Grèce, ainsi que les paysages nationaux.
Les voyages organisés sont les plus recherchés, a déclaré Klaus Laepple, président de DRV.
En raison de l'augmentation des coûts de l'énergie et des denrées alimentaires, les coûts des voyages organisés peuvent "être mieux calculés pour les passagers que pour les voyages organisés individuellement".
Les passagers peuvent économiser de l'argent grâce à des réductions sur les réservations anticipées ou des offres tout compris, a ajouté Laepple.
Le taux de réservation des mois d'été était également très bon, de sorte que le trafic pourrait à nouveau augmenter par rapport à l'année précédente - bien qu'une autre étude montre que les touristes allemands voyagent moins que l'année précédente.
Mon premier Oktoberfest
Des succès répétitifs de ballermans, des bières au litre et des célébrités portant un dirndlit de design.
Début de Wiesen.
Suzanne Kronzucker et moi ne nous ressemblons pas beaucoup.
Elle est blonde, présentatrice de télévision, et elle porte un dirndli sur mesure.
J'ai les cheveux noirs, je suis une étudiante, et j'ai acheté mes vêtements dans le magasin.
Mais une chose nous unit: nous sommes sur Wiesn depuis à peine trois minutes, nous sommes déjà pris par les photographes et remplis de leurs cartes mémoires - très flatteur, et tout cela lors de ma première visite sur Wiesn.
C'est comme ça qu'on se fait des amis.
Il semblerait que le dirndli bon marché remplisse sa fonction.
En tant que touriste de Wiesn originaire du nord de l'équateur de saucisses blanches, mon confort est encore limité par le costume populaire.
Mais à l'arrivée à Theresienwies, ce n'est pas si grave.
Presque tout le monde porte un dirndli ou un pantalon en cuir; personne ne regarde avec réticence ou embarras - tout va bien.
Les regards bizarres sur le stand de bananes chocolatées ne sont que pour mon tablier de dirndl.
Une femme de Munich m’a dit que j’avais mal tricoté le tablier : « Tu es libre à gauche, vierge au milieu, vendue à droite, veuve à l’arrière. »
J'ai tricoté secrètement la cravate de l'arrière vers la gauche.
"C'est bon", dit-elle en riant.
D'autres font moins de bruit autour des techniques de flirt délicates et portent une simple base de feutre avec l'inscription "Je suis trop ivre pour m'habiller" et montrent leurs fesses nues sans demander.
Le jeune homme avec des traits d'exhibitionnisme s'appelle Bob et a également visité l'Oktoberfest pour la première fois.
Ce qu'il trouve vraiment fantastique, en prolongeant longtemps le "aaaaaaaaaaaaaaaaaaaaaaaaaaaaaaaaaaaaaaaaaaaaaaaaaaaaaaaaaaaaaaaaaaaaaaaaa
Il me raconte tout cela après s'être débarrassé du contenu de la pinte qu'il avait bue auparavant.
Juste à côté d'une bouche d'incendie que tout le monde considère comme une poubelle.
Bob est donc l'un des fameux "pisseuses interdites".
D’autres n’ont pas la chance de se débarrasser de l’alcool de cette façon.
Vers huit heures du soir, les ambulances se rassemblent pour s’occuper des pauvres.
Les infirmiers apparaissent toujours en équipe - quatre d'entre eux portent une civière couverte d'une tente à l'autre.
Cela fonctionne comme la plupart des visiteurs de Wiesn: Arrivée vide, départ embouteillé.
Qui est dans le cercueil de l'alcool sous la bâche, ça ne se voit pas.
"Ce sont ceux qui sont tout à fait prêts", s'écrie l'un des infirmiers à ma question, puis dans le tumulte.
La police a identifié la victime de l'accident
La police a donné le nom d'une femme de 63 ans qui a été renversée par un véhicule dans le comté d'Essex et est décédée à l'hôpital.
Carole Paulson, une résidente de Chelmsford Road, est décédée vendredi après-midi sur Shenfield Road.
Il a été transporté à l'hôpital Queen's Hospital de Romford, mais il est décédé plus tard.
Après l'accident, un homme de 51 ans a été arrêté pour conduite imprudente.
Depuis, il a été libéré sous caution.
Les horizons diplomatiques de la Turquie
Bien avant que la Turquie n'ait l'intention d'adhérer à l'Union européenne, les puissances européennes étaient impatientes de pénétrer profondément dans l'arrière-pays turc.
<0xC3><0x80> l'est du Bosphore, peut-être à seulement 20 pas de la frontière européenne, se trouve l'une des plus grandes reliques de l'impérialisme déchu.
La gare Hydarpasha a été conçue par deux architectes allemands, Otto Ritter et Helmut Conu.
Du moins, c'est ce que disent les guides.
Le bâtiment entoure l'extrémité des quais, avec une tour à chaque coin avant, et ressemble à une sorte de mairie rurale allemande.
La pierre est sale.
L'ensemble du bâtiment est un peu encombré.
Cependant, en regardant l’intérieur de la billetterie à voûte, il est évident que cette porte était la plus occidentale d’une entreprise de grande envergure.
La station a été inaugurée par le consortium allemand Anatolia-Baghdad Corporation en août 1908.
L'Allemagne, "l'avenir tardif" des conquêtes, a voulu réaliser ses ambitions d'occupation du Moyen-Orient avec l'aide de ce chemin de fer de Damas à Bagdad jusqu'à l'Arabie saoudite actuelle.
Les tentatives de conquête allemande se sont effondrées pendant la Première Guerre mondiale.
Les chemins de fer ont été attaqués par Lawrence d'Arabie et ses partisans arabes.
L'isolement relatif des régions environnantes, causé par les frontières gelées de la guerre froide, a disparu.
L'armée coloniale britannique a quitté l'Égypte et a expulsé les Turcs et leurs alliés allemands de la Palestine et de la Syrie.
La station Hyderpasha n'a pas fait mieux.
En 1917, un train de munitions a explosé et a détruit le toit du bâtiment.
Selon les autorités turques, il s’agit d’un acte de sabotage.
Depuis, elle s'est lentement effondrée et a bien dépassé l'histoire.
Dans le même temps, aujourd'hui, en tant que porte de chemin de fer vers l'Anatolie et toute la région de l'Est, il sert, du moins au sens symbolique, d'horizon diplomatique en expansion de la Turquie.
Le Parti de la Justice et du Développement (AKP) au pouvoir a mis au point une toute nouvelle politique étrangère pour le pays.
L'isolement relatif des régions environnantes, causé par les frontières gelées de la guerre froide, a disparu.
La nouvelle politique est marquée par l’engagement.
Il est à noter que le gouvernement turc entretient de bonnes relations avec Isra<0xC3><0xAB>l et la Syrie, avec les groupes palestiniens du Hamas et du Fatah, avec l'Irak, avec l'Iran et, bien sûr, avec l'Union européenne et les États-Unis.
Je voulais évaluer les paramètres de la nouvelle politique étrangère, alors je suis monté dans le train de nuit pour Ankara, la capitale de la Turquie, pour rendre visite à l'un des principaux experts en politique étrangère de l'AKP, le député turc Suat Kinikliogul.
Le lendemain matin, après environ dix heures et demie d'agitation, qui a également donné le rythme du célèbre documentaire sur l'ancien monde, The Night Mail, je suis arrivé dans la capitale turque. La nouvelle ville est destinée à être le symbole d'un nouvel État laïque qui tourne le dos au passé ottoman.
Cependant, l'AKP, qui a des racines islamiques bien connues, représente un changement de paradigme dans le consensus turc.
Cela a suscité une certaine suspicion dans l'Ouest, en particulier à Washington.
J'ai pris un taxi pour le siège de l'AKP, un bâtiment ultra-moderne en pierre et en acier, spécialement conçu pour cet usage - situé dans un quartier en développement de la banlieue, entre des centres commerciaux et des cafés semi-finis, où se rencontrent des cadres moyens en costumes - hommes et femmes - pour faire des affaires dès le matin.
Suat Kiniklioglu aurait été un homme politique de droite et de centre dans n'importe quel autre pays d'Europe.
Il portait un costume, une cravate, et je suis sûr qu'il avait même un Blackberry.
"L'objectif de la politique étrangère du parti est d'aider la Turquie à se réinsérer dans son environnement immédiat.
La guerre froide a bouleversé l’ordre », a-t-il déclaré.
La Turquie est isolée de l'arrière-pays.
Aujourd'hui, il a dû tourner à l'est et à l'ouest en même temps.
Il n'avait pas le choix entre les deux.
Il devait s'ouvrir dans les deux directions.
« Mais est-il possible qu’un jour ou l’autre il soit obligé d’élire ? », ai-je demandé.
« La Turquie n’a jamais voulu faire un choix. »
Il a ensuite insisté sur ce que presque tous ceux avec qui j'ai parlé ici ont répété presque mécaniquement: les relations de la Turquie, non seulement avec le Moyen-Orient, mais aussi avec le Caucase et les pays qui entourent la mer Noire, sont tout aussi bénéfiques pour l'Europe et les États-Unis que pour la Turquie elle-même.
C'est comme si l'on essayait de transmettre le message que, métaphoriquement parlant, avec la Turquie, toute l'Europe pourrait emprunter ces lignes de chemin de fer vers l'est pour aller en Asie et au Moyen-Orient.
Quand j'étais de nouveau à la station Hydarpasha, après une autre nuit, en grande partie éveillée, j'ai pensé à Herr Ritter et Herr Conura, ces deux gentlemen allemands qui, il y a cent ans, ont assisté à la construction de cet édifice orné.
Qu'ils auraient été surpris de savoir que les ambitions de l'Europe au Moyen-Orient sont maintenant largement entre les mains de la Turquie.
Et alors que j'attendais le ferry au port pour me ramener par le Bosphore, je me suis souvenu qu'à l'époque, on appelait la Turquie "l'homme malade de l'Europe".
<0xC3><0x80> l’époque, il n’était pas question de savoir quel continent aurait besoin de ce pays passionnant.
Les voyages mémorables de Vernon Handley et William Woodruff
En tant que directeur musical de Guildford depuis 1962, Vernon "Tod" Handley (nécrologue, 11 septembre) dirige l'Orchestre philharmonique de Guildford.
Sur la base de ses plans musicaux pour le quartier, il fonde l'année suivante son magnifique chorale de jeunesse, Proteus.
En principe, seuls les moins de 21 ans pouvaient appartenir au coro, mais quand Proteus a chanté sa finale en 1979 - beaucoup d'entre nous étaient déjà dans la vingtaine - nous n'avons tout simplement pas voulu quitter le coro.
Le nom "Proteus" (le nom du métamorphe mythologique) était en harmonie avec la détermination et la capacité du chœur à faire face à n'importe quelle partition qu'on lui présente - qu'il s'agisse d'un madrigal ou d'une pièce messianique, sans escorte ou accompagnée d'un grand orchestre.
La polyvalence musicale d’une telle jeune chorale était souvent époustouflante et toujours passionnante, et cela grâce à un homme dont l’inspiration pour la musique est restée inchangée au fil des ans.
Combien de fois Tod nous a-t-il dit : "Laissons la musique parler d'elle-même."
Il disait toujours : "Le compositeur sait ce qu'il veut.
Tout est dans la partition.
Alors chantez-le ! »
Sa technique de chef d'orchestre a toujours été parfaitement compréhensible et précise, mais jamais dictatoriale ou exagérée.
Quel que soit le niveau de sa musique, il l'a toujours élevé.
John Frayn Turner a écrit :
S'il y a eu un chef qui aurait dû être nommé chevalier, c'était Vernon Handley.
Je l'ai connu pendant les deux décennies où il a dirigé l'Orchestre philharmonique de Guildford de 1962 à 1982.
Au cours des quarante dernières années, j’ai critiqué plus d’une centaine de ses concerts, mais je n’en ai jamais déçu un seul et je les ai souvent inspirés.
A Tod Handley, il y avait la grandeur et la modestie, ce qui est très rare.
Il détestait les leaders qui, comme il l'a dit, « ont galopé à travers le monde avec un ou deux chevaux de guerre bien connus ».
Beaucoup d'entre nous le regretteront.
William Woodruff
Le professeur John Beckett écrit :
Selon votre nécrologie, William Woodruff (le 25 septembre) a continué ses études d'histoire économique à Oxford en 1946 et a obtenu une bourse d'études à l'Institut de recherche Houblon-Norman en 1950... tout en se préparant continuellement à obtenir un baccalauréat, un master et un doctorat.
Ceci est tiré des notes de l'auteur de l'œuvre de Woodruff "Beyond Nab End", mais il est faux.
De 1946 à 1953, il a enseigné l'histoire économique à l'Université de Nottingham et, sous la direction du professeur J. D. Chambers, il a terminé sa thèse de doctorat sur l'industrie britannique du caoutchouc, qu'il a ensuite publié en 1958 sous le titre "L'industrie britannique du caoutchouc".
En fait, il a séjourné aux États-Unis en 1950-51 avec une bourse Houblon-Norman, et à l'été 1952 dans les universités de l'Illinois, New York et Harvard.
En 1953, il quitte définitivement Nottingham pour l'Illinois.
On ne sait pas pourquoi Woodruff s'est embelli cette période de sa carrière.
J. Vicente Resino à la Faculté des Sciences
"Je recommande l'exposition "Flamenco et la vie" de J. Vicente Resino parce que ses photos en noir et blanc, de style documentaire, sont impressionnantes.
La simplicité et la force qu’elles dégagent, ainsi que le respect pour les personnes que j’ai vues sur les photos, ont attiré mon attention.
Cette exposition est animée d’émotions.
Resino sait capturer des moments magiques. »
Un nouveau record de ventes pour Honda
En novembre, Honda lancera la deuxième génération de Jazz.
L’habitacle de son prédécesseur était déjà assez grand, mais l’intérieur du nouveau modèle est encore plus spacieux.
Tout cela avec une mécanique sophistiquée qui rend la conduite plus confortable et augmente les économies de carburant.
L'évolution contre la révolution.
Voici à quoi ressemble la deuxième génération de Honda Jazz.
Bien qu'il soit très similaire à son prédécesseur, le nouveau Jazz a subi de nombreuses modifications internes.
Il s’agit notamment d’un design innovant, d’une nouvelle carrosserie, de dimensions plus grandes et de nouvelles mécaniques.
Mais avant de passer à la description détaillée du nouveau modèle, nous devons dire que le nouveau Jazz est apparu six ans après le lancement de la première génération.
Ainsi, tout d’abord, Honda a réussi à renouveler ce modèle en moins de temps que les autres constructeurs.
En Europe, le jazz est moins connu, mais il bat des records de ventes sur d'autres marchés.
C’est notamment le cas du Japon, où Jazz a été la marque automobile la plus recherchée en 2002 et en 2008.
Au Japon, plus d’un million d’exemplaires de Jazz ont été vendus.
Le deuxième marché était le Vieux Continent, avec près d'un demi-million d'exemplaires vendus en six ans.
Honda veut augmenter le trafic dans la région avec le nouveau Jazz.
Ainsi, alors qu’en 2007, l’entreprise japonaise a vendu un total de 83 000 Jazz, l’objectif est de vendre 100 000 véhicules d’ici 2009, soit une croissance de 17 % sur le marché européen.
Depuis 2002, Honda a vendu 8000 unités de Jazz sur le marché espagnol, ce qui représente 6,7 % du chiffre d’affaires total de Honda en Espagne.
Pour la nouvelle génération, les dirigeants de la filiale espagnole calculent 2000 exemplaires vendus en un an.
De plus, l'arrivée du nouveau Jazz permettra d'atténuer la chute du trafic de Honda en Espagne.
D’ici la fin de l’année, l’entreprise prévoit de vendre 22 000 exemplaires, soit 4 000 de moins que en 2007, soit une baisse de 16 %.
Malgré les conditions de vente, Honda a augmenté sa part de marché en Espagne, qui est passée de 1,6 % à 1,8 % l’an dernier.
Ce chiffre devrait également être porté à 2 % d'ici 2010.
Honda espère que cela sera possible grâce à l’introduction d’un nouveau modèle.
Il s’agit de l’Insight, un hybride à cinq portes compact de 4370 mm de long, dont l’entreprise japonaise commercialise 200 000 exemplaires par an dans le monde.
Selon le constructeur japonais, les États-Unis représenteraient 50 % de la part de marché d’Insight, tandis que le reste serait réparti entre le Vieux Continent et le Japon.
Le lancement commercial d'Insight est prévu pour les premiers mois de l'année, après le lancement officiel prévu à Valence en janvier.
Comparé à la première génération, le nouveau Jazz est devenu plus spacieux à tous égards.
Sa longueur atteint 3900 mm (cinq centimètres de plus), sa largeur est de 1 690 mm (deux centimètres de plus) et son empattement a augmenté de cinq centimètres, soit 2 500 mm.
Sa hauteur est de 1520 mm.
En plus des dimensions, l’habitacle est devenu plus spacieux.
Un intérieur plus grand est garanti par la nouvelle carrosserie, d'une part, et le réservoir de carburant situé au centre, d'autre part - une solution déjà connue du Jazz précédent.
En outre, l'espace de chargement total du coffre - appelé double plancher - a augmenté, atteignant actuellement 399 litres, soit 19 litres de plus que la capacité de la première génération.
Bien que cela implique que les dimensions mentionnées concernent le modèle équipé d'un moteur 1.4, puisque le coffre de la Honda 1,2 Jazz est de 379 litres.
Certaines modifications externes peuvent également être découvertes, telles que les feux à LED arrière ou le toit en verre panoramique en option, ainsi que la facilité d'accès aux sièges arrière.
En outre, l'angle d'ouverture des portes des sièges arrière a été relevé à 80 degrés, par rapport à l'angle d'ouverture de 67 degrés du Jazz avant.
Les moteurs Jazz de deuxième génération sont également nouveaux.
Au début de sa commercialisation, ce petit modèle est disponible avec deux motorisations de 1,2 et 1,4 litres.
Grâce à la technologie i-VTEC, les deux moteurs consomment moins de CO2 qu’auparavant et sont dotés d’une excellente coordination mécanique tout en offrant des performances exceptionnelles.
Le moteur de 1,2 litre offre une puissance de 90 ch à 6000 tr/min et un couple maximal de 114 Nm à 4900 tr/min.
Ce moteur, qui était de 78 ch dans le Jazz précédent, consomme 5,3 litres et émet 125 grammes de CO2.
L'autre moteur, qui produisait 83 ch dans la génération précédente, a maintenant atteint 100 ch.
Le Jazz 1,4 de 100 ch consomme en moyenne 5,4 litres et émet 128 grammes de CO2.
Le "voiture à abeilles"
Pour développer des technologies de prévention des accidents, Nissan s’est inspiré de la nature, et plus particulièrement du monde des abeilles, pour inventer cette nouvelle technologie.
La société japonaise a conçu un robot qui imite le vol des abeilles pour éviter les accidents.
Le Bio-mimetic Car Robot Drive ou BR23C pourrait être le premier pas vers le développement de technologies de prévention des collisions.
Les ingénieurs du Centre technique avancé de Nissan Motor Co. ont construit ce petit robot en collaboration avec le Centre de recherche scientifique et technologique avancée de l’Université de Tokyo, au Japon.
Kazuhiro Doi, directeur des relations publiques et de la recherche et développement technologiques, a défini le BR23C comme une extension supplémentaire du boîtier de sécurité à quatre niveaux de Nissan.
Le robot améliore la capacité des produits de l'entreprise à éviter les collisions.
Pendant le vol, chaque abeille crée son espace personnel de forme ovale, très similaire à l’enveloppe de sécurité de Nissan.
Mais le rôle de l’œil complexe de l’utérus, qui voit à plus de 300 degrés dans toutes les directions, est plus important que cela.
Pour reproduire la fonction de l'œil composé, les ingénieurs ont conçu un télémètre laser (Laser Range Finder).
L'instrument identifie les obstacles dans un champ de vision de 180 degrés avant le BR23C jusqu'à une distance de 2 mètres, calcule leur distance et envoie un signal au microprocesseur embarqué, qui se transforme immédiatement en une opération visant à éviter une collision.
« Dès que l’obstacle est détecté, le petit robot imite les mouvements de l’utérus et change immédiatement de direction en déplaçant les roues d’un angle plus ou moins grand pour éviter une collision.
La principale différence entre le système et les instruments actuellement disponibles est que, dans ce cas, la manœuvre d'évitement est entièrement automatique.
Sinon, le robot ne pourrait pas réagir assez rapidement pour éviter les obstacles », explique Toshiyuki Andoh, directeur du Laboratoire de mobilité et ingénieur en chef du projet.
<0xC3><0x80> la différence des abeilles, les manœuvres de contournement ne peuvent être dirigées ni vers le haut ni vers le bas, ni en diagonale, elles ne peuvent se déplacer que dans deux dimensions et uniquement dans la direction de la rotation des roues, c’est-à-dire dans une direction et une manière qui ne sont pas infinies, comme c’est le cas pour les abeilles.
C’est pourquoi, en plus de l’accélération et du ralentissement, Nissan a utilisé une fonction de rotation pour éviter les collisions.
"Cette machine n'a besoin que de traiter les données toutes les quelques secondes et de réagir à celles-ci.
Il n'est pas nécessaire de stocker des données ou d'utiliser une logique intuitive basée sur des manœuvres précédentes, ce qui signifie qu'il peut fonctionner sans interruption avec seulement quelques dizaines de KB de mémoire.
Cela peut sembler surprenant, mais ce n'est pas vraiment un gigaoctet, mais nous ne parlons même pas de mégaoctets de mémoire.
Il s’agit d’une première étape dans le développement d’une technologie de prévention des collisions instantanées qui, selon les estimations de Nissan, pourrait entrer dans la production en série d’ici dix ans.
Le robot fonctionne avec des batteries au lithium-polymère qui sont plus légères et plus durables que la version lithium-ion.
<0xC3><0x80> l'avenir, il sera possible de combiner l'unité avec le système de navigation par satellite GPS pour aider le conducteur à atteindre sa destination finale en évitant les obstacles sur la route.
Peur de l'hypothèque
Nous devons admettre que le département du Trésor des États-Unis, en plus d'avoir beaucoup d'argent à investir, n'est pas dépourvu de bon sens.
Vu la crise, et pour que les Américains ne se retrouvent pas dans les labyrinthes de banques hypothécaires avec une solvabilité douteuse, ils ont créé un jeu en ligne amusant et informatif appelé "Bad Credit Hotel".
C'est l'Hôtel des Mauvais Crédits.
Le visage triste de l'hébergement, et surtout de la réceptionniste, nous suggère de réfléchir encore une fois, deux fois, ou plutôt trois fois, si c'est vraiment le moment d'emprunter de l'argent.
Et surtout, où demander un crédit, car c'est probablement le but de cette affaire.
Les informations sur le site sont très utiles, mais peu détaillées.
C'est plus pour les adolescents que pour le grand public.
Que se passerait-il si nous complétions le jeu ?
<0xC3><0x80> l’hôtel, la chambre de nos rêves apparaît.
C’est un peu comme si on n’avait pas rêvé d’acheter un appartement...
Morgan Stanley ouvre son capital à MUFG
Morgan Stanley a annoncé aujourd'hui qu'il allait investir dans Mitsubishi UFJ Financial Group (MUFG), la plus grande banque japonaise qui versera 9 milliards de dollars pour 21% du capital de la société après la forte chute des actions de Morgan Stanley sur le marché boursier.
Une semaine après la publication de l'accord préliminaire, les deux banques ont déclaré que MUFG achetait 9,9 % des actions ordinaires de Morgan Stanley à un prix unitaire de 25,25 dollars, soit un total de 3 milliards de dollars.
Le prix accepté est inférieur de plus de 19 % à la valeur comptable des titres au 31 août.
MUFG investit 6 milliards de dollars supplémentaires dans l’achat de titres convertibles qui lui donnent un rendement de 10 % et un taux de change de 31,25 dollars.
Selon Morgan Stanley, le taux de change moyen utilisé pour effectuer une transaction globale est de 29 dollars, soit 28 % plus élevé que le taux actuel.
Cependant, le cours des actions de Morgan Stanley a chuté de 6,79% autour de 17 heures, heure de Greenwich, ce qui l’a amené à 23,07 dollars.
« Cette alliance stratégique offre à Morgan Stanley une grande opportunité d’accélérer sa transformation en société de portefeuille bancaire », explique John Mack, PDG du groupe américain.
Morgan Stanley a approuvé la semaine dernière un nouveau statut qui lui permettrait de diversifier ses activités tout en restant sous le contrôle de la Réserve fédérale.
L'accord avec le MUFG confirme une fois de plus que la crise financière actuelle exige encore plus de prudence de la part des géants de Wall Street.
Les conditions annoncées lundi montrent que l'accord a été modifié ces derniers jours: Lundi dernier, Morgan a seulement annoncé qu'il vendrait 20% de ses actions à l'entreprise japonaise pour environ 8,5 milliards de dollars.
« Il y a une semaine, nous pensions que la participation serait entièrement constituée d’actions ordinaires », a déclaré Toshihide Mizuno, directeur général de MUFG à Tokyo.
« Cependant, en raison de la situation économique et du marché actuel, nous voulions minimiser et éviter les risques potentiels. »
En ce qui concerne le prix moyen pondéré, MUFG paie 7 % de plus que sa valeur comptable pour les actions Morgan Stanley.
En conséquence de cette transaction, le rendement par action diminuera d'environ 20 %.
En vertu de l'accord, MUFG peut convertir la moitié de ses actions préférentielles en actions ordinaires après un an si le cours de négociation de ces dernières est supérieur de plus de 50 % au cours de conversion sur une période donnée, soit une hausse d'environ 47 USD.
Morgan Stanley veille ainsi à ce que les fonds provenant de MUFG vous permettent d'exploiter vos opportunités d'investissement, d'améliorer votre bilan et d'augmenter vos ressources liquides.
Le porte-parole du groupe n'a cependant pas souhaité fournir des informations précises sur les plans stratégiques des deux nouveaux alliés.
Après la fusion de MUFG, Morgan Stanley devrait augmenter son taux de solvabilité de Tier I d'environ 15%, ce qui en fait l'un des meilleurs de son secteur.
Morgan a déclaré que son bilan s’était « nettement amélioré » depuis la fin du mois d’août.
Ces dernières semaines ont été une grande épreuve pour le groupe, car le cours de ses actions a chuté de moitié, tandis que le coût de son assurance contre le risque de non-paiement a grimpé.
Le coût a baissé lundi, mais reste élevé, à environ 12%.
Parmi les grandes banques d'investissement, il reste un seul survivant après la faillite de Bear Stearns et de Lehman Brothers et l'acquisition de Merrill Lynch. C'est Goldman Sachs, qui a annoncé la semaine dernière avoir reçu 15 milliards de dollars: une partie de celui-ci provient de Berkshire Hathaway, le groupe Warren Buffett.
Déclaration de Rafael Correa lundi, Quito
La reconstruction de la République dans l'esprit du socialisme du XXIe siècle.
C'est le plan commun entre le vénézuélien Hugo Chávez, le bolivien Evo Morales et l'équateur Rafael Correa.
Sur le modèle de ses collègues et amis présidentiels, Correa a exprimé dimanche ses idées sur la nouvelle Constitution.
Sa mission a été couronnée de succès, puisque 64 % des électeurs ont voté «oui» lors du référendum, selon les résultats officiels, qui concernaient 80 % des voix.
Ainsi, 28 % de la population a voté «non», 7 % des votes n’ont pas été valables et 0,7 % des votes ont été rejetés par les électeurs.
Pour l'adoption du projet de constitution, il fallait 50 % + 1 voix.
Dimanche, deux enquêtes à la sortie des bureaux de vote et le décompte par une ONG ont tous deux démontré l'énorme supériorité des votes "oui" avec respectivement 63 % et 70 %.
Rafael Correa a déjà parlé de la victoire de son projet de constitution dimanche soir.
« La Constitution a remporté une victoire écrasante », a-t-il déclaré, remerciant les équatoriens à Guayaquil, son siège de gouverneur, à 280 kilomètres au sud-ouest de Quito.
Rafael Correa a été félicité par Chávez, Morales et la présidente chilienne Michelle Bachelet.
Selon un rapport de la mission d'observation de l'Organisation des États américains (OEA), le vote s'est déroulé dans une atmosphère calme. Son thème principal était un texte en 444 points qui résumait les principes du "nouveau socialisme" défendu par le président.
La constitution envisagée place le pouvoir de l'État au service de l'économie, en maintenant à l'État le droit de "planifier le développement" d'un pays qui vit essentiellement de l'extraction pétrolière par des entreprises étrangères et de la monnaie envoyée par des émigrants.
Le projet de constitution de Correa, élu en 2006, renforce également le pouvoir du chef de l’État, qui peut obtenir deux mandats consécutifs au maximum et dissoudre l’Assemblée nationale.
Correa a déjà annoncé son intention de recourir à cette possibilité et sera de nouveau en compétition pour le mandat de chef de l'État en février 2009.
La gratuité des services de santé et de l'éducation a d'ailleurs été inscrite dans la constitution. Le président a déjà commencé à l'introduire dans son pays, qui compte 13,9 millions d'habitants et la moitié de sa population vit sous le seuil de pauvreté.
Enfin, la Constitution interdit la présence de troupes étrangères dans le pays, ce qui pourrait mettre fin à l'accord entre Quito et Washington sur l'utilisation de l'installation équatorienne comme base pour les mesures américaines antidrogue.
Libération de 19 otages au Tchad
Un commando égyptien a pris en otage, il y a dix jours, onze touristes et leurs huit compagnons.
Les otages sont au Caire.
Onze touristes européens et huit égyptiens ont été emprisonnés pendant dix jours dans le désert, d'où ils ont été transportés intacts lundi après-midi dans la capitale égyptienne.
Les otages ont été libérés ce matin au Tchad par un commando égyptien.
Ils sont arrivés à la base militaire d'Al-Maza, qui est directement reliée à l'aéroport international du Caire.
Les otages ont été interdits de parler à la presse et ont été immédiatement transférés à un hôpital de Maadi, dans la banlieue du Caire, où ils ont été examinés.
Les otages sont "sains" et les ravisseurs "n'ont pas payé de rançon", a déclaré à l'aéroport Zoheir Garanna, ministre égyptien du tourisme.
Les otages ont été capturés le 19 septembre au pied du mont Ouanat, à la frontière entre l'Égypte, le Soudan et la Libye, par un safari tout-terrain, puis traînés d'un endroit à l'autre par les 35 otages inconnus.
Le groupe comprenait onze touristes (cinq Italiens, cinq Allemands et une Roumaine) et huit Égyptiens: deux guides touristiques, quatre chauffeurs, un garde-frontière et le directeur de l’agence de voyages Aegyptous, qui organise un safari.
Selon un responsable de la sécurité égyptienne, un commando spécial de 30 personnes est arrivé sur les lieux dans deux hélicoptères, où les ravisseurs ont été pris d'assaut juste avant l'aube.
"Il y a eu une fusillade entre les troupes, la moitié des kidnappeurs ont été tués et les autres ont pris la fuite", a déclaré le dirigeant, qui a demandé que son nom soit ignoré.
Il a également déclaré qu'une équipe spéciale de 150 hommes a été envoyée au Soudan par la Brigade de la foudre égyptienne, où des commandos allemands et italiens ont été ajoutés.
Le chef de la diplomatie italienne, Franco Frattini, a souligné le rôle des agents secrets et des groupes d'action spéciaux italiens.
"Nous devons admettre que nous n'aurions pas pu obtenir ce résultat sans l'intervention professionnelle et efficace de nos services secrets et de nos équipes d'intervention", a-t-il déclaré.
Il a également nié qu'une rançon avait été payée pour les otages.
La veille, l'armée soudanaise a annoncé l'arrestation d'un véhicule de patrouille sur lequel se trouvaient les ravisseurs: six d'entre eux, dont le dirigeant tchadien, ont été tués et deux ont été arrêtés.
L'armée a affirmé que les otages étaient liés à une organisation rebelle au Darfour, le Mouvement de libération du Soudan (SLA-U), qui a immédiatement été démenti par l'organisation.
Lettres - La "majorité silencieuse" de la culture
Le débat sur le financement de la culture est actuellement au cœur des journaux et de la campagne électorale en cours.
<0xC3><0x87>a ne peut que nous réjouir.
Mais une partie de notre vie culturelle est encore oubliée.
Qui va élever la voix pour mettre en lumière les sommes ridicules que gèrent les petits musées, les archives, les fouilles archéologiques et les sites historiques nationaux qui sont au bord de la famine?
Quel politicien ose rappeler au gouvernement fédéral qu'il ne se soucie pas de ses monuments et de ses bâtiments faisant partie du patrimoine culturel?
Ou que ni au Québec ni au Canada, il n'existe de lois garantissant réellement la protection effective de notre patrimoine culturel?
Saviez-vous que le gouvernement français a dépensé seulement trois millions et demi d'euros pour la restauration du château de Chinon dans la vallée de la Loire?
La constitution de nos voisins américains stipule que la protection du patrimoine culturel fait partie de la culture américaine et que ce patrimoine doit être défendu de manière concertée par tous les citoyens, tous les représentants élus et tous les organismes gouvernementaux.
Dans le cadre de la Fédération des sociétés d'histoire du Québec, plus de 40 000 bénévoles de 211 sociétés d'histoire, de patrimoine culturel, d'archivage et de généalogie travaillent à la recherche de l'histoire et à la préservation d'un grand nombre d'archives privées et d'objets archéologiques avec un budget minimal.
Souvent, ces organisations défendent notre héritage avec des ongles et des dents et protestent avec la dernière force de l'étouffement lorsque les promoteurs immobiliers et les décideurs dirigent leurs bulldozers vers nos vieux bâtiments et nos cimetières oubliés.
Quand va-t-on défendre le patrimoine historique et culturel ?
Les gouvernements du Benelux nationalisent une partie de la banque Fortis
Fortison, la première banque belge-néerlandaise en difficulté en Europe, a été subventionnée par les États du Benelux grâce à une nationalisation partielle de la Hongrie, avec 11,2 milliards d'euros de fonds et d'assurances.
Les gouvernements belge, luxembourgeois et néerlandais se sont concertés au plus haut niveau à la fin de la semaine, en associant le président de la Banque centrale européenne et le responsable de la concurrence de la Commission européenne.
Dans la zone euro, la banque Fortis est la première grande crise dans le contexte d'une crise monétaire internationale qui secoue les marchés financiers depuis plus d'un an, et les décisions prises à son sujet peuvent donc, à certains égards, être considérées comme un précédent.
Dimanche soir, les trois pays ont décidé d’acquérir près de la moitié (49 %) des actifs de la banque.
La banque va certainement céder une partie de ses participations, notamment les activités qu'elle a achetées à ABN Amro aux Pays-Bas l'année dernière, principalement en tant qu'assureur.
Les actions de Fortis ont commencé à chuter brusquement la semaine dernière, avec de graves crises au cours de la deuxième moitié de la semaine.
Les analystes s'accordent cependant à dire que la banque, avec ses 85 000 employés, est trop grande pour être autorisée à faire faillite.
Vendredi, l’entreprise a enregistré une chute de 12% à son plus bas niveau depuis 14 ans.
Depuis janvier, la valeur des actions a baissé de plus de deux tiers.
En ce qui concerne les cours actuels des actions, la capitalisation boursière totale du groupe est d'environ 14 milliards d'euros, mais les dirigeants d'entreprises estiment que cela n'est pas réaliste.
L'entreprise a d'ailleurs accusé les marchés étrangers d'incertitudes liées à l'adoption d'un plan d'investissement de 700 milliards de dollars pour Fortis.
Lundi, les papiers ont légèrement augmenté.
Vendredi, Filip Dierckx a été nommé PDG de la banque.
L'établissement a également cherché des acheteurs privés, mais jusqu'à présent, personne n'a fait d'offre valable.
Le gouvernement belge a déjà indiqué que les investisseurs n'auraient pas à s'inquiéter et ne perdraient pas leur argent.
Jusqu'à présent, les clients de la banque n'ont pas paniqué, les succursales n'ont pas été attaquées.
En Hongrie, Fortis possède un compte indépendant et a également acquis des sociétés de crédit-bail.
Le renard dans le poulailler
Aux États-Unis, les assurances vie et santé refusent souvent de conclure un contrat d'assurance avec un candidat, sur la base des données d'achat de médicaments des gens.
Les professionnels de la protection des données craignent que le marché des données ne devienne incontrôlable.
« Il existe un programme de protection des données qui associe l’utilisation des données de prescription au consentement de la personne concernée dans tous les cas.
Cela doit être dans des mains indépendantes, sinon nous laisserons le renard à la poule", a déclaré Richard Dick, le développeur du programme de suivi des prescriptions médicales.
Les compagnies d’assurance subordonnent la prime et le montant des sinistres à l’état de santé du client et, s’ils estiment que le risque est trop élevé, ils ne souscrivent pas d’assurance.
Autrefois, la personne était envoyée pour un examen médical et le contrat n'était conclu qu'en connaissance des résultats de l'examen.
Il y a dix ans, Dick a inventé une méthode beaucoup moins coûteuse: il obtient facilement des pharmacies les médicaments qu'il a achetés au cours des 18 derniers mois en utilisant le numéro d'identification du client, et le programme lui-même en déduit le type de maladie qu'il a et son état de santé.
Par exemple, si vous prenez régulièrement de grandes doses de médicaments pour réduire le cholestérol, cela indique que vous avez des taux de graisses sanguins pratiquement incontrôlables, ce qui vous classe immédiatement dans une catégorie à risque plus élevé.
Il existe plusieurs versions du programme, certaines d’entre elles définissant également un facteur de risque, ce qui laisse peu de travail à l’assureur en dehors de la paperasserie, bien que des difficultés mineures se posent.
Parmi les inconvénients, certains médicaments peuvent être utilisés à plusieurs fins, par exemple, certains composés peuvent être utilisés contre les migraines ou les bouffées de chaleur, mais ils sont également efficaces contre la dépression.
Ce dernier est considéré comme un facteur de risque important pour les entreprises d'assurance, les premières non.
Des sociétés distinctes ont été créées pour récupérer et traiter les données et, avant d'obtenir les informations nécessaires auprès des pharmacies, elles demandent le consentement du patient.
C’est ce qu’ont fait les autorités, bien qu’elles n’aient pas été sanctionnées pour leur manquement.
Certaines entreprises ont récemment analysé les résultats des tests de laboratoire et les ont regroupés avec les données de consommation de médicaments afin de fournir une image plus précise de l’état de santé des patients.
De plus en plus d'entreprises ont accès aux données et, parallèlement, il devient de plus en plus difficile de contrôler leur utilisation.
Il existe une loi spécifique sur la protection des données de santé, mais son champ d'application ne s'applique qu'aux prestataires de soins de santé et aux assureurs.
Un projet de loi est présenté devant le Congrès, qui confère également aux autorités le pouvoir de contrôler les entreprises spécialisées dans la fourniture de données.
Dick Richard reconnaît que cela ne suffit pas : c’est pourquoi il a amélioré son programme, qui lie la transmission des données à l’accord explicite de la personne concernée.
Une autre question est que la personne concernée ne peut guère refuser de donner son consentement, sinon les assureurs ne concluent pas de contrat avec elle.
Les poules dépendent donc en quelque sorte de la bienveillance du renard.
Menu mondial de Marseille
L'UE et l'Inde vont doubler leurs échanges commerciaux
Étant donné que l'Union européenne et l'Inde sont des partenaires commerciaux réciproques de premier plan, ce thème a également dominé l'ordre du jour du neuvième sommet, ainsi que d'autres problèmes, en grande partie mondiaux.
Aujourd'hui, il y aura un sommet franco-indien, principalement consacré à la coopération dans le domaine de l'énergie nucléaire.
Bien que l'Union européenne reconnaisse que l'Inde est une puissance démocratique émergente qui devrait avoir une plus grande influence sur les affaires internationales, les États membres ne sont pas encore parvenus à trouver un terrain d'entente sur la question de savoir s'ils devraient soutenir l'adhésion permanente de New Delhi au Conseil de sécurité des Nations unies.
Cette question n'a donc pas été abordée lors du neuvième sommet qui s'est tenu hier à Marseille.
Le président français Nicolas Sarkozy, le président de la Commission européenne José Manuel Barroso et le haut-représentant pour les affaires étrangères Javier Solana ont accueilli le Premier ministre indien Manmohan Singh, avec lequel ils ont convenu de doubler le chiffre d'affaires en cinq ans, ce qui représente une augmentation de 100 milliards d'euros.
Étant donné que les échanges de biens sont passés de 25 milliards en 2000 à 55 milliards en 2007, il ne s'agit pas d'un objectif trop ambitieux.
Dans ce contexte, 26 accords bilatéraux sur l'aviation civile avec l'Inde ont été consolidés sur le plan juridique, ce qui signifie que le trafic aérien pourrait augmenter à l'avenir.
L’Inde souhaite signer un accord de libre-échange avec l’UE d’ici la fin 2009.
Sarkozy a promis d'accélérer les négociations.
L'objectif est d'équilibrer le fait que l'UE est le premier partenaire commercial de l'Inde, mais que New Delhi n'est que le neuvième partenaire de l'UE.
Le sommet s'est concentré sur les questions mondiales.
La situation en Afghanistan et au Pakistan, ainsi que le terrorisme, ont été condamnés sous toutes leurs formes par les deux camps et ont appelé à la convocation d'une conférence des Nations unies.
Ils ont également appelé à la conclusion du cycle de Doha, même si les deux parties ont en grande partie échoué jusqu'à présent.
L'UE a réaffirmé qu'elle maintiendrait son programme en matière d'énergie et de climat, qui vise à réduire les émissions d'au moins 20 % d'ici à 2020.
L’Inde est d’accord sur le fait que la prochaine conférence sur le climat devrait aboutir à un accord mondial visant à réduire de 50% la production de gaz à effet de serre d’ici 2050.
Ils souhaitent également empêcher la hausse des prix des denrées alimentaires et ont soutenu la convocation d'une conférence internationale sur la crise financière.
Le Premier ministre indien se rend aujourd'hui à la capitale française pour une réunion bilatérale sur l'utilisation pacifique de l'énergie nucléaire.
Les entreprises françaises sont invitées à construire des réacteurs nucléaires en Inde pour une valeur de 20 milliards d'euros.
Selon l'agence de presse, l'accord devrait durer 15 ans.
Plus de 300 éditeurs italiens à Francfort
Les éditeurs italiens sont très présents à la Foire internationale du livre de Francfort.
Plus de 300 maisons d’édition italiennes seront présentes à la 60e édition du salon international du droit d’auteur Buchmesse.
Cette année, la foire internationale du livre de Francfort accueillera 7 000 expositions de 101 pays, sur une superficie de 171.790 mètres carrés, avec plus de 403 000 livres exposés. L’invité d’honneur sera la Turquie.
Lors de la cérémonie d’ouverture du pavillon italien, le gouvernement italien sera représenté par Francesco Maria Giro, secrétaire d’État adjoint au ministère des biens et activités culturels: l’Italie occupe en effet une superficie d’exposition de 264 mètres carrés, grâce à la création d’un point unique italien.
La cérémonie d'ouverture sera suivie d'une conférence de presse dans la salle "Room Struktur" du pavillon Buchmesse 5.0, qui sera l'occasion de présenter les données, les tendances et les perspectives de l'édition italienne.
Selon les données, la proportion d'auteurs étrangers sur le marché italien de l'édition est en constante baisse, en particulier dans le domaine des publications pour adultes et pour jeunes.
Découverte de l'avion du milliardaire Steve Fossett disparu il y a un an
Les restes de l'avion du milliardaire Steve Fossett ont été retrouvés dans le désert du Nevada le 3 septembre 2007.
Les épaves ont été retrouvées sur un plateau de 3 000 mètres de haut, dans les montagnes de la Sierra Nevada, à la frontière entre la Californie et le Nevada.
Aucun reste humain n'a été retrouvé à l'intérieur de l'avion.
John Anderson, shérif du comté de Madera, a dissipé tous les doutes qui subsistent : "Après avoir déterminé la position de l'avion, nous avons envoyé une équipe et nous pouvons maintenant être sûrs qu'il s'agit de l'avion sur lequel Steve Fossett a volé le jour de sa disparition", a-t-il déclaré lors d'une conférence de presse.
Le shérif a également confirmé qu'aucun reste humain n'a été trouvé dans l'avion ou dans les environs.
Le milliardaire de 63 ans a été déclaré mort en février dernier.
Le Bureau américain de la sécurité routière (NTSB) a déclaré que quelques heures après la découverte de l'épave, une commission d'enquête a été chargée d'identifier l'avion et de déterminer s'il s'agissait bien d'un Bellanca 8kcab qui avait disparu le 3 septembre 2007, le jour où Fossett a pris un vol de trois heures de Yerington, dans le Nevada.
Hier, en Californie, près de la frontière du Nevada, un couple a trouvé des effets personnels de Fossett près de chez lui à Mammoth Lakes.
Deux cartes d'identité au nom de Fosset délivrées par la Federal Aviation Authority de l'Illinois, de l'argent liquide et un pull.
La recherche de Fossett a été abandonnée un mois après sa disparition.
Le milliardaire a établi de nombreux sommets grâce auxquels il s'est inscrit dans l'histoire.
En 2002, à la sixième tentative, il réussit pour la première fois à faire le tour du monde avec un ballon: deux semaines de vol solitaire.
Trois ans plus tard, il a fait le tour du monde en avion sans atterrir.
Ses nombreux records incluent le vol au-dessus des Andes, à une altitude de 15.445 mètres, effectué par un copilote.
GLK, une publicité choquante
Un SUV hors du commun, à la fois original et précis, avec de grandes surfaces et des coins propres.
En quelques mots, c’est le dernier « SUV compact » de Mercedes-Benz, avec lequel le constructeur automobile allemand a essayé de donner un nouvel élan au marché.
C’est précisément pour cette raison que la campagne d’introduction du SUV GLK, disponible dès le 17 octobre dans les salles d’exposition Mercedes-Benz, sera surprenante et inhabituelle.
En effet, la campagne publicitaire qui accompagne la présentation du nouveau véhicule utilise un outil de communication médiatique jusqu’à présent inconnu, y compris des affiches utopiques en 3D que la marque automobile italienne n’a pas encore utilisées.
L'action d'affiches géantes, qui comprend trois étapes, dominera la rue commerçante centrale de Milan, le Corso Como, jusqu'au 15 novembre.
La première étape de ce nouveau type de communication médiatique commence par une présentation surround de la voiture, dans laquelle le nouveau SUV sera visible à l’aide de lunettes spéciales distribuées dans les environs de Corso Como, dans des dimensions presque réelles et en trois dimensions.
Celui qui regarde l'image aura l'impression que la voiture sort de l'affiche.
Ensuite, grâce à la technologie innovante Elumina8, tous les détails du nouveau GLK sont visibles un par un pour former une image unifiée.
Il ne fait aucun doute que Mercedes tente d'introduire quelque chose de nouveau dans le monde de la publicité stéréotypée de l'industrie automobile avec cette promotion.
Cela va-t-il attirer l'attention des futurs acheteurs ?
Découvrez qui sont les footballeurs italiens.
Jeunes de Triveneto, probablement exclus.
Mais qui sont ces 150-200 garçons et filles dont toute l'Italie a honte aujourd'hui? Les membres du groupe "Ultras Italia", qui suit la sélection depuis des années et qui, en vérité, n'a pas causé trop de problèmes jusqu'à présent.
Ils n'ont jamais affronté les supporters de l'adversaire.
Le noyau du groupe est à droite.
Les organisateurs viennent de Trivento.
Et de Vérone, de Padoue, de Trieste et d'Udine.
<0xC3><0x80> Sophia, de petits groupes dispersés de Campanie et des Pouilles se joignirent à eux (en fait, quelques unités seulement).
Des drapeaux italiens sur lesquels était indiquée la ville natale des supporters ont été enlevés samedi pour ne pas être identifiés.
Ils suivent l’exemple des Anglais.
En Bulgarie, ils ont fait face à une véritable équipe de supporters nazi, les supporters de Levski.
La Fédération italienne de football a mis 144 billets à la disposition des supporters italiens. Il s'agissait de billets nominatifs, ce qui facilite le contrôle de l'équipe de supporters.
Le ministère de l'Intérieur a également vérifié tout le monde: parmi ceux qui allaient à Sofia, il n'y avait personne qui était en procès, personne qui avait été interdit de visiter le stade.
Quatre supporters italiens avec des antécédents liés au football ont été refusés.
<0xC3><0x80> l'heure actuelle, le ministère de l'Intérieur attend les procès-verbaux de la police de Sofia et prend les mesures nécessaires: les supporters qui ont été arrêtés ou identifiés au cours des émeutes peuvent être bannis pendant cinq ans.
Il s'agit d'une interdiction internationale de visiter non seulement le stade italien, mais tous les stades d'Europe.
Nos hooligans ne peuvent donc pas mettre les pieds sur un terrain de football.
Fort heureusement.
Mais nous devons aussi craindre que les hooligans ne trouvent des adeptes, c’est-à-dire que d’autres personnes se joignent à ces cent-cinquantes.
"Il faut éteindre ce feu immédiatement, il ne faut pas excuser ceux qui se comportent de la sorte", a déclaré le ministère de l'Intérieur.
Il est donc préférable de garder les yeux ouverts, d'autant plus que le match de sélection de mercredi à Lecce approche.
Dans les Pouilles, il existe une petite cellule qui soutient les ultras italiens.
L'Observatoire se réunit demain, et mardi, le Comité d'analyse de la sécurité des événements sportifs, qui peut compter sur un service de la sécurité intérieure, les services de renseignement sur le comportement des supporters.
"Le scandale de Duce-Duce et son bras qui se balance sous l'hymne italien? En Bulgarie, ce n'est pas un crime..."
C’est cette idée qu’il a exprimée, de manière assez malheureuse, Domenico Mazzilli, qui a été nommé il y a quelques semaines à la tête du service d’observation du ministère de l’Intérieur (le poste a été occupé par Francesco Tagliente et, avant cela, par Felice Ferlizzi).
Mazzilli était auparavant le chef de la police de Trieste, une ville où une cellule de soutien au groupe Ultras Italie existe depuis 2002.
Ce que Mazzilli dit est vrai, il n'est pas interdit de nourrir le Duce en Bulgarie, mais le comportement de ces 150-200 supporters était quand même honteux.
Je ne suis pas sociologue, a ajouté le premier membre du service d'observation, mais les crimes doivent être jugés dans le pays où ils ont été commis.
Jusqu'à présent, ce groupe n'a pas posé de problème. Nous devons examiner ce qui s'est passé exactement et envisager comment procéder.
Mais parlons un peu du sifflement de l’hymne italien : ce n’est pas un crime, mais, si je puis dire, ce n’est pas de la bonne éducation. »
