Rechte Populisten triumphieren in Österreich, haben insgesamt 29 Prozent
Nach den ersten vorläufigen Ergebnissen der Frühwahlen in Österreich haben beide Parteien in der gegenwärtigen großen Koalition eine sensible Schwächung mit sich gebracht und eine signifikante Stärke für die right-wing-populistischen Parteien.
Die österreichische Volkspartei (ÖVP), in der die Position des aktuellen Kopfes, Wilhelm Molterer, stark gegrillt wird, erlitt besonders große Verluste.
Im Gegensatz dazu bereitet der Kampagneleiter der Allianz für die Zukunft Österreichs (BZÖ), kanadischer Gouverneur Jörg Haider, eine triumphierende Rückkehr zur nationalen Politik vor.
Nach den vorläufigen Ergebnissen bleibt die Sozialdemokratische Partei (SPÖ) mit 29,8 Prozent der Stimmen im Land jedoch seit den letzten Wahlen im Jahr 2006 5,5 Prozent der Stimmen verloren.
ÖVP, der mit 25,6 Prozent fast neun Prozent der Stimmen verliert, hat noch schlimmer.
Dies sind die schlimmsten Ergebnisse der beiden großen Parteien in der österreichischen Nachkriegsgeschichte, und vor allem für die Volkspartei, die die frühen Wahlen angeregt hat, ist es buchstäblich ein katastrophales Ergebnis.
Anfang Juli, als ÖVP die Koalition verlassen hatte, hatte die Volkspartei noch eine bedeutende Führung auf SPÖ in den Umfragen.
Voters bestrafte sie jedoch offensichtlich, daß sie die Regierung schwimmen ließen.
In den ersten Reaktionen auf die Ergebnisse gab es bereits Spekulationen über die mögliche Rücktritt des Parteileiters und aktueller Vizechancellor Wilhelm Molterer.
Beobachter erwarten, dass dies so früh wie bei der außergewöhnlichen Begegnung der Parteiführerschaft am Montag stattfinden könnte.
Eine solche Entwicklung würde die Reise zu den zunehmend wahrscheinlichsten Ergebnissen der Wahlen, d. h. die Erneuerung der großen Koalition von SPÖ und ÖVP, sicherlich vereinfachen.
Angesichts der Stärkung der beiden right-wing populistischen Parteien - der Freedom Party (FPÖ) erlangte eine Präambel 18 Prozent und BZÖ elf Prozent der Stimmen - gleichzeitig äußerten die Sozialdemokraten jedoch die Angst vor einer Wiederholung des Jahres 1999, als die Volkspartei mit den Populisten vereinbar war (der FPÖ wurde damals noch vereint, sie brach von BZÖ im Jahr 2005 weg) auf eine gemeinsame Regierung, die schließlich Sanktionen aus der Europäischen Union ausführte.
Haider, der bereits angekündigt hat, dass er bereit ist, mit jeder Partei zusammenzuarbeiten und vermutet, dass er nach Wien zurückkehren wird, ist offensichtlich auf diese Entwicklung angewiesen.
Die Grüne Partei kam auch ins Parlament, erlitt aber einen leichten Verlust und fiel von Dritten auf fünften Platz unter österreichischen politischen Parteien.
Offensichtlich überstieg keiner der anderen Parteien das vierprozentige Zeichen und kam ins Parlament.
Schwarzenberg: Beziehungen zu Indien könnten verschlimmern
Nach Ansicht des Außenministers Karel Schwarzenberg, wenn es nicht möglich wäre, das Problem der tschechischen Wissenschaftler, die in Indien mit der illegalen Kollektion von Kesseln angeklagt wurden, zu lösen, könnte eine gewisse Verschlechterung der tschechischen-indischen Beziehungen stattfinden.
Der Minister machte diese Erklärung in New York nach dem heutigen Treffen mit seinem indischen Gegenstück, Pranab Mukherjee.
"Wenn es nicht gelöst wird, dann würde eine gewisse Verschlechterung stattfinden", sagt er nach der von der tschechischen Seite eingeleiteten Sitzung.
Nach den Verhandlungen sagte Mukherjee, es sei schwierig für die Führungsabteilung, in gerichtliche Angelegenheiten einzugreifen.
Dennoch sagte er, dass die Zentralregierung im Fall von Petr Švácha, der von den Gebühren geklärt wurde und mit einer Geldstrafe bestraft wurde, mit der lokalen Regierung in Darjeeling, unter der Zuständigkeit der Sache, verhandeln kann.
"His Problem könnte gelöst werden", sagte der Minister.
Nach Mukherjee wäre es für Emil Kučera, die drei Jahre im Gefängnis verurteilt wurde, am besten, an höhere Behörden zu appellieren.
Dann kann er bitten, auf die Gebühr freigegeben zu werden und auf das Urteil außerhalb des Gefängnisses zu warten, erklärte er.
Schwarzenberg bestätigte, dass sein Partner dies auch während der Verhandlungen gesagt hatte.
"Er empfahl, ein höheres Gericht anzurufen, dann wäre es möglich, ihm zu verzeihen", sagte der Leiter der tschechischen Diplomatie.
Die einzige Art, wie die tschechische Seite in die ganze Sache eingebunden werden kann, ist, die verurteilten Personen mit "kompetenter rechtlicher Unterstützung" zu versorgen, sagte der indische Minister.
Gleichzeitig sagte er, dass die indische Seite sie bereits mit Hilfe dieser Art unterstützt.
"Es ist unser größtes Interesse, die besten Beziehungen zu Indien zu bewahren, die eine lange Tradition haben.
Die Indianer erkennen das auch an", sagte Schwarzenberg.
Gleichzeitig betonte er, wie er der tschechischen Presseagentur sagte, vor seinem Partner, dass die Tschechische Republik das Problem der tschechischen Entomologen sehr wichtig machte.
"Wir betrachten wirklich die Verhaftung und die Aufladung dieser tschechischen Wissenschaftler als einen schweren Fehler", erklärte er.
Der Minister vermiedete die Antwort auf die Frage, ob er von der indischen Seite ein Versprechen erhalten hatte, die Angelegenheit zu verfolgen.
Er sagte nur: "Ich habe bereits ein paar Versprechen erhalten."
tschechische Referenten Kampf für den Ozeanboden
Er geht in Richtung der elektronischen Wandkarte, die Australien und die umliegenden Meeresgebiete darstellt.
Er interessiert sich jedoch nicht für den Kontinent, sondern für einen kleinen Punkt, der im Blau des Ozeans verloren ist.
"Diese Insel, und damit der Meeresboden um sie herum, gehört Australien.
Gleichzeitig ist das Gebiet so groß wie der Kontinent selbst", sagt der italienische Rechtsanwalt Luigi Santosuosso, der zu dem dreißigjährigen Team von Mitarbeitern der UN-Division für Ozeane und dem Gesetz des Meeres gehört.
Sein Boss, der Abteilungsdirektor, der tschechische Anwalt Václav Mikulka, folgt, was er sagt und fügt gelegentlich etwas hinzu.
Zest und Begeisterung für die Arbeit sind hier dominierend.
Der Meeresboden beherbergt eine so weit bekannte Welt reich an natürlichen Ressourcen.
Es ist möglich, Öl, Erdöl und andere Mineralien zu finden, aber auch bisher unbekannte lebende Organismen, die zum Beispiel den Schlüssel für die Entwicklung eines Heilmittels für Krebs halten.
Ein Boden größer als der Kontinent
Heute haben die Küstenländer für das neue Unterwassergebiet vehement konkurriert.
Das heißt, nach einem UN-Abkommen nutzen sie die Rechte, auf die sie 1982 in Montego Bay, Jamaika, vereinbart haben.
Dies ist vor allem das Gebiet des sogenannten Kontinentallagers, das oft mehrere hundert Kilometer von der Küste des Landes entfernt ist.
Nach dem Abkommen hat dieses Land das ausschließliche Recht auf alle Ressourcen des kontinentalen Buches.
"Taken ist einfach das kontinentale Regal als Teil des Meeresbodens, das die natürliche Fortsetzung des Kontinents unter dem Meer und seines Untergrunds ist.
Er erreichte sich außerhalb des Küstenmeers, oft sogar über dem Rand der zweihundert nautischen Meilen der sogenannten exklusiven Wirtschaftszone", erklärt Mikulka.
Der Antrag des betreffenden Landes an die Kommission über die Grenzen des Continental Shelf muss durch wissenschaftliche und technische Dokumentation auf der Grundlage vieler kostengünstiger Erhebungen und Messungen unterstützt werden.
Es ist das Ergebnis von vielen Jahren Vorbereitungsarbeiten.
"Einer unserer Aufgaben besteht darin, die Kommission rechtlichen und spezialisierten technischen Beistand zu leisten.
Die Kommission hat bisher fünf Anträge aus Russland, Brasilien, Australien, Irland und Neuseeland erörtert.
Nur die letzten drei dieser Länder sind bisher erfolgreich", fügt Mikulka hinzu.
Vor kurzem wurde der Erfolg Australiens, der der erste war, um seine Unterwasserzone auszudehnen, weltweit registriert.
Aber auch Neuseeland hat gewonnen - das Gebiet des Meeresbodens, das die Kommission ihm zugestimmt hat, ist etwa 1,6 Millionen Quadratkilometer, d.h. etwa sechsmal größer als die Größe des Landes selbst.
Beide Länder investierten Millionen von Dollar in die Erhebung.
Der Gewinn, der von der Nutzung des Meeresbodens in der Zukunft ausgehen wird, wird, sie hoffen, preislos sein.
Auch andere Länder werden ihre Anfragen schrittweise vorlegen.
Sie haben bis zu zehn Jahre von dem Zeitpunkt an, als sie das "Montego Bay Agreement" ratifiziert haben.
Wo das kontinentale Regal endet, beginnt das Gebiet des Meeresbodens, das durch das Abkommen als "Gemeinsames Erbe der Menschheit" erklärt wird.
Hier hat kein Land mehr eine exklusive Position.
Die Bergbaurechte in diesem Bereich werden durch das von der internationalen Institution geschaffene Abkommen gewährt.
"Aber der Ozeanboden ist kein Klondike", sagt Regisseur Mikulka übertrieben und fügt hinzu, dass seine "individuellen Gebiete rechtlich klar abgegrenzt sind und ihr Regime in Verträgen verankert ist."
Tschechen im Pazifik
Teil des Meeresbodens gehört zur Tschechischen Republik.
Sie teilt sie mit anderen Ländern aus dem ehemaligen Ostbloc als Teil der gemeinsamen Organisation "Interoceanmetal".
Mit Zustimmung erlangte diese Organisation, wie die Investoren mehrerer kleinere Länder, 1991 den Status des sogenannten "Pionierinvestors".
Es ist gestattet, Mine in der ClarionClipperton Zone im Pazifik, die zwischen Mexiko, Hawaii und Kiribati liegt.
Die vom Investor untersuchte Fläche ist etwas größer als die ehemalige Tschechoslowakei.
Der Meeresboden dort ist gewölbt, es ist eine Art Unterwassermodell der Tatra Berge.
"Es ist möglich, dort auf einer Gesamtfläche von 75.000 Quadratkilometern zu minen.
Die Gegend ist eine reiche Ortschaft für die Sammlung von Polymetallkonkretionen, die Nickel, Kupfer, Kobalt und Manganese enthalten", sagt ein anderer Anwalt, Pakshi Rajan aus Indien.
Der mazedonische Anwalt aus der Abteilung, Rober Sandev, bringt eine solche Konkretion zu beweisen.
Es sieht aus wie ein kleines Kartoffel oder mit etwas Phantasie, dem mythischen Sem, der nach Legende den Golem zum Leben brachte.
Deutsche Sonderkräfte bei der Rettung von Gastgebern
Bei der Lösung der Geiselkrise hatte die ägyptische Regierung von Deutschland um Hilfe gebeten, die in den Experten geschickt wurde.
Als der Druck auf die Schublade kam, waren die Sonderkräfte bereit, aber ihre Dienstleistungen waren am Ende nicht erforderlich.
Mehr und mehr Details surfen über die Umstände um die Befreiung der elf europäischen Touristen, die in Ägypten entführt werden.
Nach den Bundesministerien der Verteidigung und des Innenraums beteiligten sich die deutschen Sonderkräfte indirekt an der Rettungsmission.
Spezialisten der Bundesgewehre (Bundeswehr) und Mitglieder der Bundespolizei (Bpol) und ihrer GSG 9 und Air Guard-Special Units waren bei der Rettung anwesend, Sprecher der Ministerien sagten Montag Nacht, sowie Mitglieder des Bundeskriminellen Polizeiamts (BKA) und Logistikexperten der Agentur für technische Relief (THW).
Die deutschen Truppen waren jedoch nicht erforderlich, weil die Kapitäne ihre Geiseln verlassen und flohen, als sie erkannten, dass die Geiseln bald von Gewalt befreit werden.
Die ägyptische Regierung hatte die Hilfe Deutschlands akzeptiert, sich während der Operation als Sicherung auf die deutschen Kräfte zu verlassen.
"Lucky, das ist nicht der Fall", sagte ein Sprecher des Bundesministeriums des Innenraums.
Die Reisegruppe besteht aus fünf Deutschen, fünf Italienern, einer rumänischen Frau und ihren acht ägyptischen Gefährten war am 19. September im Süden Ägyptens besetzt und entführt worden.
Nach ihrer Entführung in einer Wüstenregion im Süden Ägyptens wurden die Geiseln wieder und wieder in der Grenzregion zwischen Ägypten, Libyen, Sudan und Chad geführt.
Bisher bleibt die Identität der Kapitäne unbekannt, wie Details über die Rettung oder mögliche Lösegelder.
Die ehemaligen Geiseln sind sicher und gut in Kairo angekommen.
Deutscher Außenminister Steinmeier sagte, sie seien der Fürsorge der deutschen Botschaft anvertraut worden.
Er äußerte sich nicht über die Einzelheiten der Rettung.
In Berlin wurde keine sofortige Information über ihre Rückkehr nach Deutschland gegeben.
Laut deutscher Zeitung `Bild' sind die fünf Touristen und die Sonderkräfte an Bord eines Airbus der deutschen Luftwaffe, der am Dienstag in Deutschland ankommen soll.
U.S. Haus der Vertreter lehnt Bailout ab
Das 700 Milliarden-Dollar-Bilgungspaket für die Finanzmärkte konnte in den ersten zwei Kammern des US-Kongresses nicht passieren.
Die Dow Jones nahm einen Nasentuch.
Mit einer Abstimmung von 227 bis 206 gegen lehnte das US-Vertreterhaus das Vergütungspaket der Regierung für die Finanzmärkte ab.
Alle Ansprüche von Präsident George W. Bush und führenden Beamten beider Parteien wurden jedoch für das Programm, das den Chaos auf den Finanzmärkten enthielt, keine Mehrheit erreicht.
In einer dramatischen Kampagne hatten die Unterstützer verzweifelte Versuche unternommen, die Kritiker des 700 Milliarden Dollar-Plans zu überzeugen.
Barney Frank, einer der wichtigsten demokratischen Verhandlungspartner, hatte Vertreter zur Genehmigung aufgerufen, obwohl es sich um einen unpopulären Plan handelte.
`Es ist schwer, politische Genehmigung für die Verhütung von etwas zu erhalten, das noch nicht passiert ist,', hat er sich eingesperrt.
Während die Abstimmung noch auf dem Weg war, sahen die Dow Jones einen Rückgang von mehr als sechs Prozent oder 600 Punkten.
Es wurde durch die Sorgen der Anleger verursacht, dass die Regierung die Abgabe versagen könnte.
Sie erholte sich kurz vor Ende der Abstimmung, nur um eine andere Nasendive zu nehmen, als die Ablehnung öffentlich gemacht wurde.
Experten erwarten nun weitere schwere Turbulenzen auf den internationalen Finanzmärkten.
Für die Umsetzung des Plans ist die Genehmigung sowohl des Hauses der Vertreter als auch des Senats erforderlich.
Reisebüros Bericht Erhöhung der Buchungen
Es wird ein guter Winter für deutsche Reisebüros sein, offensichtlich:
Eine Umfrage sagt, dass der Umsatz der Buchungen für die kommenden Monate gegenüber dem Vorjahr erheblich gestiegen ist - für die Wintersaison sogar um bis zu 30 Prozent.
Trotz der Aussichten einer schwachen Wirtschaft bleibt der Appetit der Deutschen für Reisen unberührt, so eine Umfrage.
Für Buchungen während der Wintersaison sahen Reisebüros einen Umsatzanstieg von 31 Prozent gegenüber dem gleichen Zeitraum des Vorjahres, meldete die Deutsche Reisevereinigung (DRV) am Montag in Berlin.
Nach Angaben der Marktforschungsfirma GfK hat auch die Buchungen in den Herbstmonaten zugenommen.
Die Reiseagenturen hatten einen Umsatzanstieg von etwa 11 Prozent für Oktober gegenüber 2007 gesehen, so die DRV.
Die Ergebnisse basieren auf den Zahlen von GfK, die die Buchungsdaten von 1200 deutschen Reisebüros jeden Monat verarbeiten und sie nutzen, um Projektionen für den Markt als Ganzes zu machen.
Inklusive Reisebuchungen werden bis August 2008 gemacht.
Aufgrund eines schwachen Dollars, vor allem Reisen in die Vereinigten Staaten, war die DRV in Anspruch genommen worden.
In diesem Bereich waren die Buchungen um etwa ein Drittel gestiegen, sagte es.
Das zeigte Spanien, die Türkei und Griechenland als beliebt bei den Deutschen sowie inländischen Regionen.
Inklusive Reisen wurden besonders nachgefragt, sagte DRV-Präsident Klaus Laepple.
Angesichts der steigenden Energie- und Lebensmittelpreise waren ihre Kosten für Kunden `verkürzbarer als für individuell organisierte Urlaube', sagte Laeple.
Konsumenten könnten Geld durch Frühvögel oder all-inklusive Rabatte sparen, unter anderem sagte Laeple.
Da die Sommermonate sehr gut gebucht waren, wäre auch der Umsatz gegenüber dem Vorjahr weiter gestiegen, sagte er - obwohl eine andere Umfrage berichtete, dass die Zahl der Reisedeutschen im Vergleich zum Vorjahr sank.
Mein erstes Mal im Oktoberfest
Frühlingsbreak- und après-ski-Stil- Hits im wiederholten Modus, Bier aus ein-Liter-Muggen und Feiern im Designer Dirndln.
Ein Wiesn Debüt.
Technisch gesehen haben Susanne Kronzucker und ich nicht viel gemeinsam.
Sie ist blond, ein TV-Rechner und trägt einen maßgeschneiderten Dirndl.
Ich habe dunkle Haare, bin ein Student, und mein Kleid ist zweiterhand.
Aber es gibt eine Sache, die uns verbindet: Wir waren bei der Wiesn für knapp drei Minuten, und schon die Fotografen sammeln sich um uns und schlagen sich weg, füllen ihre Speicherkarten - sehr flüchtig, und es ist mein erster Besuch in der Wiesn, um zu booten.
So machen Sie Freunde.
Das billige Dirndl scheint seinen Job zu machen.
Für einen Wiesn Touristen, der meist nördlich des `Weisswurst-Equators' basierte, dass komfortabeles Gefühl, das traditionelle bayerische Garb trägt, viel zu diesem Zeitpunkt gewünscht hatte.
Aber einmal bei Theresienwiese angekommen, ist es nicht so schlimm wie das alles.
Fast jeder trägt Dirndl oder Lederhosn; niemand sieht abscheulich oder verleumdet aus - es ist alles ganz normal.
Nur mein Dirndl apron zog seltsame Blicke auf den Schokolade-Banana-Verkäufer.
Eine Münchnerin brachte meine Aufmerksamkeit, dass ich die Verweigerung auf die falsche Weise gebunden hatte: «Verfügbar links, Jungfrau in der Mitte, engagiert an der rechten, verwitwet hinter.»
Früher zieh ich meine Schürze von hinten nach links.
`Sie sieht gut aus,' sagt sie, und lachte.
Andere sind weniger besorgt über subtile Flirtentechniken und tragen einfache Gefühle Huts, die sagen , "Too betrunken, um gekleidet zu werden" und, ohne zu fordern, zeigen Menschen ihr Nackt hinter sich.
Der junge Mann mit der ausstellerischen Einstellung heißt Bob, ist aus England, und es ist auch sein erstes Mal im Oktoberfest.
Er findet es `grau,' mit einem langen `ooooo'.
Er sagt mir das direkt, nachdem er sich von dem `Maß' geritten hatte.
Direkt neben einem dieser Feuerlöcher, dass jeder Fehler bei Abfällen macht.
Also ist Bob einer der berüchtigten `Wildbiesler'.
Andere sind nicht ganz glücklich genug, um den Alkohol auf diese Weise zu verlieren.
Mit acht Uhr in der Nacht schwärmen die Paramedik-Scores den Standort und besuchen die armen Binger.
Die Medizin erscheint immer in Packungen - es gibt immer vier zu einer Zeit, die einen überdachten Strecker von Zelt zu Zelt trägt.
Es funktioniert wie bei den meisten Wiesn Besuchern: Wenn es leer ist, steigen sie aus, und wenn es voll ist, kommen sie zurück.
Sie sehen nicht, wer in den BAC-Coffins ist.
"Es sind die, die nicht mehr nehmen können", rief einer der Paramedics, als ich ihn darum fragte und in der Menge verschwand.
Unfallopfer benannt von der Polizei
Ein 63-jähriger Fußgänger, der im Krankenhaus starb, nachdem er von einem Fahrzeug in Essex getroffen worden war.
Carole Paulson von Chelmsford Road in Brentwood war am Freitagnachmittag an der Shenfield Road in der Stadt am Unfall beteiligt.
Sie wurde ins Queen's Hospital gebracht, Romford, aber später starb sie.
Nach dem Unfall wurde ein 51-jähriger Mann wegen Verdächtigung des unbedenklichen Fahrens verhaftet.
Seither wurde er auf der Polizeibail freigelassen.
Die türkischen diplomatischen Horizonte verbreiten
Lange bevor die Türkei versuchte, der Europäischen Union beizutreten, waren die europäischen Befugnisse bereit, tief in das Hinterland der Türkei einzudringen.
Auf der östlichen Seite des Bosphorus, vielleicht nur 20 Schritte in Asien, steht einer der feinsten Relikte dieser verfehlten imperialen Ambition.
Der Bahnhof Hydarpasha wurde von zwei deutschen Architekten Otto Ritter und Helmut Conu im Neo-Renaissance-Stil entworfen.
Das ist zumindest das, was die Guidebooks Ihnen sagen.
Das Gebäude sitzt auf dem Ende der Plattformen mit einem Turm an jedem seiner vorderen Ecken auf der Suche nach einer ganzen Welt wie ein provincialer deutscher Rathaus.
Der Stein ist schmutzig.
Das ganze Appetit leicht verwüstet.
Aber einmal im gewölbten Ticketbüro, es gibt keinen Zweifel an dem Großvater des Unternehmens, dessens die westlichste Gateway war.
Die Station wurde im August 1908 von einem deutschen Konsortium, der Anatolia-Baghdad Corporation, eröffnet.
Deutschland, ein Verstorbener des imperialen Spiels, beabsichtigt, seine Ambitionen zu realisieren, um den Nahen Osten durch diese Bahn zu beherrschen, die nach Damaskus, Bagdad, und darüber hinaus in das, was heute Saudi-Arabien ist.
Aber Deutschlands ehrgeizige Ambitionen, die während des Zweiten Weltkriegs gegründet wurden.
Seine Bahnbahnen wurden von Lawrence von Arabien und seinen arabischen Unregelmäßigen angegriffen.
Die relative Isolation aus seiner umliegenden Region, die durch die gefrorenen Grenzen des Kalten Krieges engagiert ist, ist verschwunden
Britische und beherrschende Kräfte nahmen aus Ägypten hervor und trieben die Türken und ihre deutschen Verbündeten aus Palästina und Syrien.
Und es gab auch schlechte Nachrichten für Hyderpasha Station.
Im Jahr 1917 erschütterte sich ein Munitionszug, der sein herausragendes Dach zerstörte.
Türkische Quellen sagen, es war Sabotage.
Seitdem ist es langsam verschwommen, weitgehend durch die Geschichte verpasst.
Aber heute dient dieser Eisenbahntor nach Anatolia und alle Punkte östlich - zumindest symbolisch -, um die weitreichenden diplomatischen Horizonte der Türkei zu hervorheben.
Die regierende Justiz- und Entwicklungspartei - die AKP-Staaten - hat eine ganz neue Außenpolitik für das Land geschaffen.
Die relative Isolation aus seiner umliegenden Region, die von den gefrorenen Grenzen des Kalten Krieges verbunden ist, ist verschwunden.
Jetzt gibt es eine neue Verlobungspolitik.
Bezeichnenderweise hat die türkische Regierung gute Beziehungen zu Israel und Syrien mit den palästinensischen Fakten Hamas und Fatah, mit Irak und Iran und natürlich mit der Europäischen Union und den Vereinigten Staaten.
Um die Parameter dieser neuen Außenpolitik anzupassen, fuhr ich mit dem Nachtschlafer in die türkische Hauptstadt Ankara, um einen der führenden Außenpolitikexperten der AKP-Staaten, der türkische MP Suat Kiniklioglu, zu besuchen.
Am nächsten Morgen - etwa zehn und eine halbe Stunde später - nach einer Jolting-Reise entlang Spuren, die die alten Weltkäden des berühmten Dokumentarfilms The Night Mail, kam ich in der türkischen Hauptstadt - schlug ich als neue Stadt für einen neuen säkularen Staat vor, sich auf die Ottoman Vergangenheit zurückzukehren.
Aber die AKP mit ihren bekannten islamischen Wurzeln stellt eine paradigmveränderung im türkischen Konsens dar.
Es hat einen Verdacht im Westen aufgeworfen, vor allem in Washington.
Ein Taxi brachte mich in das Hauptquartier des AKP, eine ultramoderne Stein- und Stahlstruktur - zielgerichtet - in einem weiteren Vorort, umgeben von halbkonstruierten Einkaufszentren und Power-Pauses, wo die mittleren Manager in Geschäftsanzügen - sowohl Männer als auch Frauen - die frühen Morgengeschäfte treffen.
Suat Kiniklioglu könnte ein zentralrechtlicher Politiker aus fast jeder anderen politischen Partei in Europa gewesen sein.
Ich bin sicher, dass er sogar eine Blackberry verpackt hat.
"Das Ziel der Außenpolitik der Partei besteht nun darin, die Türkei in ihre unmittelbare Nachbarschaft wieder zu integrieren.
Der Kalte Krieg war eine Anomalie", sagte er mir.
Die Türkei war von seinem Hinterland abgesenkt worden.
Heute musste es nach Osten und nach Westen zugleich aussehen.
Es war kein Fall eines oder des anderen.
Es musste beides tun.
"Aber sicher an irgendeinem Punkt", fragte ich, "Möglicherweise ist Torkey gezwungen zu wählen?"
"Turkey", sagte er, "daß nicht mit dieser Wahl konfrontiert werden müssen."
Er betonte dann einen Punkt, der fast alle, die ich hier gesprochen habe, fast durch rote rezitiert hat: Die Beziehungen der Türkei nicht nur zum Nahen Osten, sondern zum Kaukasus, und rund um das Schwarze Meer, sind so viel zum Nutzen Europas und der Vereinigten Staaten wie sie in der Türkei.
Mit der Türkei an Bord scheint die Botschaft zu sein, dass Europa als Ganzes diese Schienen nach Osten und nach Asien und dem Nahen Osten metaphorisch fahren kann.
Zurück in der Hydarpasha Station, nach einer anderen fast schlaflosen Nacht, dachte ich an die beiden deutschen Herren Ritter und Herr Conu, die vor 100 Jahren dieses Schmuckstück gebaut hatten.
Wie überrascht wären sie gewesen, zu finden, dass die Europas Nah-Ost-Bemühungen jetzt, zum großen Teil, in die Hände der Türkei stehen könnten.
Und als ich am Terminal auf die Fähre wartete, um mich über den Bosphorus zurückzunehmen, erinnerte ich mich, dass die Türkei in jenen Tagen immer "der kranke Mensch Europas" genannt wurde.
Dann schien es zumindest nicht viel zu bezweifeln, auf welchem Kontinent dieses faszinierende Land Anspruch gelegt werden sollte.
Leben erinnert: Vernon Handley und William Woodruff
Mark Brown schreibt: Als musikalischer Regisseur von Guildford aus 1962 hatte Vernon "Tod" Handley (Obituary, Sept 11) den Auftrag des Guildford Philharmonic Orchestra und Choir.
Als Teil seiner Musikregelung für den Borough gründete er im nächsten Jahr seinen wunderbaren jungen Chor, Proteus.
Es sollte unter 21 sein, aber zu der Zeit, als der Proteus 1979 seinen Abschluss sang, waren mehrere von uns in unseren späten 20er Jahren - wir weigerten uns, den Chor aufzugeben.
Der Name "Proteus" (der mythologische Formwechselr) stellt die Bereitschaft und Fähigkeit des Chors dar, alles, was ihm vorgestellt wurde, sei es madrigal oder Messiaen, sei es nicht begleitet oder mit Vollorchester.
Die musikalische Vielseitigkeit, die von einem solchen jungen Chor produziert wurde, war oft erstaunlich, immer aufregend, und es war alles aufgrund der Inspiration dieses Mannes und der Begeisterung für die Musik, die während der Jahre absolut konstant blieb.
Wie oft haben wir von Tod gesagt, dass wir "die Musik für sich selbst sprechen lassen".
Er sagte: "Der Komponist weiß, was er will.
Es ist alles in der Musik.
Also singt es!"
Seine Batontechnik war absolut klar und präzise, obwohl nie dictatorisch oder floriert.
Was auch immer der musikalische Standard, erhob ihn immer noch höher.
John Frayn Turner schreibt:
Wenn ein Dirigent geraten hätte, war es Vernon Handley.
Ich kannte ihn in den zwei Jahrzehnten gut, als er die Guildford Philharmonik von 1962 bis 1982 führte.
In den vergangenen 40 Jahren habe ich mehr als 100 seiner Konzerte überprüft, und ich kann ehrlich sagen, dass ich nie mit einem einzigen - und oftmals von ihnen inspiriert - enttäuscht wurde.
Tod Handley hatte diese seltene Kombination von Größe plus persönliche Bescheidenheit.
Er hasste Dirigenten, die in seinen Worten einfach "ein oder zwei bekannte Kriegs Pferde auf der ganzen Welt gehackt haben".
Er wird von so vielen von uns vermisst werden.
William Woodruff
Professor John Beckett schreibt:
Ihr Obituar von William Woodruff (Septep 25) sagt: "Im Jahre 1946 nahm er die Wirtschaftsgeschichte in Oxford wieder auf und 1950 wurde er ein Houblon-Norman Research Fellow... während er gleichzeitig für ein BSc, eine MA und eine PhD studierte".
Das folgt aus Woodruffs Autorin in Beyond Nab End, aber es ist nicht richtig.
Von 1946 bis 1953 war er Dozent in der Wirtschaftsgeschichte an der Universität Nottingham, während er eine PhD-Thesis in der britischen Gummiindustrie absolvierte, überwacht von Professor J. D. Chambers und anschließend 1958 als British Rubber Industry veröffentlichte.
Er verbrachte 1950-51 in den USA an einer Houblon-Norman-Gemeinschaft und am Sommer 1952 an den Universitäten Illinois, Harvard und New York.
1953 verließ er Nottingham permanent für Illinois.
Warum Woodruff sich über diesen Teil seiner Karriere zum Glanz erhob, ist unbekannt.
J. Vincent Resino an der Fakultät der Philologie
"Ich empfehle die Ausstellung von José Vicente Resino "Flamenco y vida", denn seine schwarzen und weißen Fotografien, die im Dokumentarstil aufgenommen werden, sind außergewöhnlich.
Die Fotos zogen meine Aufmerksamkeit wegen ihrer Einfachheit und Macht, die die Themen immer mit besonderer Aufmerksamkeit behandeln.
Eine Ausstellung, die tiefes Gefühl ausübt.
Resino ist in der Lage, magische Momente zu erfassen."
Zweiter Angriff auf Hondas Superselling
Im nächsten November startet Honda das Marketing der zweiten Jazz Modellgeneration.
Wenn das vorhergehende Modell bereits durch hohe Bewohnbarkeit gekennzeichnet ist, hat dieser neue Minivan einen größeren Innenraum.
Darüber hinaus ist es mit einer feinen Mechanik ausgestattet, die den Fahrkomfort erhöht und es erlaubt, Kraftstoff zu sparen.
Evolution statt Revolution.
Das ist die zweite Generation von Honda Jazz.
Während ästhetisch das neue Jazz aussieht wie das vorhergehende Modell, sind Veränderungen, die auf den Minivan gebracht werden, zahlreiche.
Unter anderem lohnt es sich, seine innovativen Gestaltung, neue Plattform, größere Größe und ziemlich neue Mechaniken zu erwähnen.
Doch bevor man das neue Modell analysiert, kann es nützlich sein, herauszufinden, dass dieses neue Jazz erst sechs Jahre nach dem Eintritt der ersten Generation kommt.
Daher sollte eine erste Beobachtung in Betracht gezogen werden, dass Honda dieses Modell schneller erneuert hat als die anderen Unternehmen.
Auch wenn das Jazz-Modell in Europa weniger bekannt ist als in anderen Märkten, bleibt es ein Phänomen in Bezug auf den Verkauf.
Dies ist der Fall von Japan, wo Jazz das beste Auto im Jahr 2002 und auch in diesem Jahr war.
Gerade dort wurden fast eine Million Jazz-Einheiten aus dem Start des Modells verkauft.
Der zweite Markt war der Alte Kontinent, mit etwa eine halbe Million Einheiten in sechs Jahren verkauft.
Trotz dieser Zahlen wird Honda dieser neue Jazz noch mehr Umsatz im Segment steigern.
Wenn das japanische Unternehmen im Jahr 2007 insgesamt 83.000 Einheiten dieses Modells verkaufte, schätzt es im Jahr 2009 also rund 100.000 Autos. Dies stellt einen möglichen Anstieg des Verkaufs von 17% auf dem europäischen Markt dar.
Für den spanischen Markt hat Honda seit 2002 insgesamt 8.000 Einheiten von Jazz verkauft, entsprechend 6,7% der Gesamtverkäufe für das Unternehmen in Spanien.
Mit dem Kommen der neuen Generation erwartet die für das Unternehmen in Spanien verantwortliche Firma innerhalb eines Jahres rund 2.000 Einheiten von Jazz zu verkaufen.
Die Ankunft des neuen Honda Jazz wird es wahrscheinlich ermöglichen, indem die Verkürzung des Verkaufs in Spanien in großem Maße reduziert wird.
Tatsächlich erwarten die für die Marke verantwortlichen Personen bis zum Ende des Jahres mit insgesamt 22.000 verkauften Einheiten, das sind 4.000 weniger als im Jahr 2007, mit einem Rückgang von 16%.
Trotz des Umsatzanstiegs hat Honda auch seinen Marktanteil in Spanien erhöht und die 1,8 % erreicht, im Vergleich zum letzten Jahr 1,6 %.
Gleichzeitig erwartet das japanische Unternehmen, 2010 die 2% zu erreichen.
Um dies zu erreichen, ist Honda auf ein weiteres neues Modell davon vertrauensvoll.
Dies ist Insight, ein Hybrid-Fünfdoor-Kompaktwagen, 4.37 Meter lang. Das japanische Unternehmen hofft, innerhalb eines Jahres weltweit rund 200.000 Einheiten dieses Modells zu verkaufen.
Nach Schätzungen der Märkte und japanischen Hersteller kommt der 50% des Verkaufs von Insight aus den Vereinigten Staaten, während die verbleibenden 50% sowohl aus dem Alten Kontinent als auch aus Japan stammen.
Die kommerzielle Einführung von Insight ist für das frühe nächste Jahr geplant, kurz nach der Präsentation des Modells innerhalb des Unternehmens im Januar in Valenza.
Im Vergleich zu der ersten Generation hat das neue Jazz in seiner ganzen Welt gewachsen.
Es erreicht nun 3,90 Meter Länge (mehr fünf Zentimeter), 1,69 Meter Breite (mehr zwei Zentimeter) und seine Interachse 2,50 Meter, mit einem Anstieg von fünf Zentimetern.
Seine 1,52 Meter Höhe, immer noch, blieb unverändert.
Zusammen mit der Größe stieg sein bewohnbares Innenraum im Raum.
Dieser Vorteil stößt zunächst aus der neuen Plattform, und zweitens aus der Einführung des Kraftstofftanks an einem zentralen Standort, eine bereits im vorherigen Jazz angenommene Lösung.
Darüber hinaus steigt die Kapazität des Stammes - ein doppeltes Bodenvolumen - auf 399 Liter, eine 19 Liter größere Kapazität gegenüber der ersten Generation.
Zu beachten ist, dies sind die Maßnahmen des Honda Jazz 1.4, während die Kapazität des Tricks im Modell 1.2 nur 379 Liter beträgt.
Weitere Verbesserungen - neben externen Elementen, wie der Rücken oder die Möglichkeit, das Panoramaglas zu befestigen - betreffen den besseren Zugang zu Rücksitzen.
Türen, die den Zugang zu Rücksitzen ermöglichen, nun mit einem Winkel von 80 Grad, im Vergleich zu 67 Grad im ersten Modell.
Darüber hinaus sind alle Motoren in dieser zweiten Generation von Autos ziemlich neu.
Bei der Vermarktung kommt dieses kleine Modell mit einem Benzinmotor von 1,2 oder 1,4 Litern.
Beide mechanischen Systeme werden die i-VTEC-Technologie einschließen, die einen niedrigeren Kraftstoffverbrauch ermöglicht, weniger Kohlendioxidmissionen erzeugt, die mechanischen Raffinationen optimiert und gleichzeitig in allen Phasen einen hohen Drehmotor aufrechterhält.
Die 1,2 Liter Version erreicht eine Leistung von 90 PS bei 6000 Rpm mit einem maximalen Drehmoment von 114 Nm. bei 4900 Rpm.
Die Antriebskraft - die im vorigen Jazz die 78 PS erreichte - braucht nur 5,3 Liter Kraftstoff und erzeugt rund 125 Gramm CO2-Emissionen gleichwertig.
Im Vergleich zu der vorherigen Antriebskraft, die im ersten Generationsmodell 83 PS verwendet wird, kann der neue 100 PS profitieren.
Das 1.4 Jazz mit 100 PS erreicht eine Kombination von 5,4 Liter Kraftstoff und 128 Gramm CO2 ausgestellt.
Ein 'Bee-car', um Kollisionen zu vermeiden
Bei der Entwicklung der Technologien zur Verhütung von Unfällen wurde Nissan diese Zeit, von Natur und vor allem von Bienen inspiriert.
Das japanische Unternehmen hat einen Roboter geschaffen, der, wenn man den Flug von Bienen nachahmt, Unfälle vermeiden kann.
Dies ist der Bio-mimetische Auto-Roboter-Laufwerk, oder BR23C, der erste Schritt zum Projektieren von Technologien zur Prävention von Kollisionen.
Die Ingenieure des Fortgeschrittenen Technischen Zentrums von Nissan Motor Co haben diesen kleinen Roboter in Zusammenarbeit mit dem Zentrum für wissenschaftliche Forschung und Technologie der prestigiösen Universität von Tokio in Japan entwickelt.
Nach Kazuhiro Doi, Generaldirektor für öffentliche Beziehungen zur Technologie, Forschung und Entwicklung des Markenmanagements, ist das BR23C eine Erweiterung des Sicherheitsschilds der vier von Nissan produzierten Bereiche.
Dieser Roboter soll die Fähigkeit verbessern, Kollisionen in den von der Firma erzeugten Fahrzeugen zu verhindern.
Während des Fluges schafft jeder Biene seinen eigenen Eigenraum, der sehr ähnlich ist wie das von Nissan entwickelte Shield of Security.
Aber das wichtigste Element ist durch die zusammengesetzten Augen des Bienen, die in allen Richtungen mit einem zusätzlichen Winkel von 300 Grad zu sehen sind, so dass der Insekten ohne Unterbrechung in seinem persönlichen Raum fliegen können.
Um diese visuellen Merkmale wiederherzustellen, entwickelten Ingenieure, was sie einen Laserlocator (Laser Range Finder) definierten.
Dieser Mechanismus erkennt Hindernisse innerhalb von 2 Metern und ein Radius bis zu 180 Grad vor dem BR23C, berechnet den Abstand zum Objekt und sendet ein Signal an den Mikroprozessor an Bord, das sofort die Kollision verhindern kann.
"Wenn ein Hindernis entdeckt wird, nachahmt der kleine Roboter die Bewegungen des Bienen und ändert die Richtung sofort, indem er die Räder an einem rechten oder breiten Winkel umdreht, um den Kollision zu vermeiden.
Der deutlichste Unterschied mit jedem bestehenden System ist seine evasive Aktion, die zu völlig instinktiven Ergebnissen führt.
"Wenn es nicht so wäre, könnte der Roboter nicht schnell genug reagieren, um Hindernisse zu vermeiden", erklärt Toshiyuki Andoh, Direktor des Laboratoriums für Mobilität und Hauptingenieur dieses Projekts.
Im Gegensatz zu einem Bienen kann der Roboter nicht nach oben oder nach unten oder sogar diagonal abweichen. Er kann sich nur in zwei Dimensionen bewegen und in die Richtung seine Räder umdrehen. Offensichtlich kann er nicht unendliche Richtungen und Wege wie Bienen führen.
Aus diesem Grund hat Nissan zusätzlich zu den Beschleunigungs- und Verzögerungsfunktionen eine Drehfunktion benutzt, um den kleinen Roboter Kollisionen zu vermeiden.
"Dieses Gerät braucht nur alle Sekunden neue Informationen zu verarbeiten und aus diesen Daten zu handeln.
Es ist nicht erforderlich, Informationen zu speichern oder die intuitive Logik von früheren Manövern zu verwenden. Aus diesem Grund kann es ohne Unterbrechung nur ein paar Dutzend KB Speicher geliefert gehen.
Das mag überraschend sein, aber wir sprechen nicht von Gigabytes oder Mega des Gedächtnisses."
Dies ist der erste Schritt zur Entwicklung neuer Technologien zur Verhütung von Kollisionen, eine Technologie Nissan Hoffnung wird in Autos als Standardfunktion innerhalb von zehn Jahren eingeführt werden.
Der Roboter verwendet Lithium-Polymerbatterien, die leichter und haltbarer sind als die Lithium-Ionentypologie.
Eine zusätzliche Anwendung in einer möglichen Zukunft könnte die Integration dieser Technologie mit dem GPS-Satellitennavigator sein, um den Fahrer zu einem bestimmten Ziel zu bringen und Hindernisse auf dem Weg zu vermeiden.
Vor dem Anwenden eines Darlehens schütteln
Wir müssen erkennen, dass das Departement des Schatzamts der Vereinigten Staaten, das recht gute Kapital zu handeln besitzt, sicherlich nicht ein Mangel an Talent ist.
Um die Krise zu begegnen und die Amerikaner zu verhindern, mit Müllkrediten von Banken betrogen zu werden, unter Zweifel an Insolvenz, erschuf ein lustiges und pädagogisches Spiel für Internetnutzer. Das ist "Bad Credit Hotel".
Mit anderen Worten, das "Hotel der schlechten Kredite" oder die Probleme.
Der schwächere Aspekt dieses Hotels und insbesondere seiner Rezeptionistin zielt darauf ab, die Leute nicht nur einmal, sondern sogar dreimal zu denken, bevor sie ein Darlehen anwenden.
Und vor allem, um ganz sorgfältig darüber nachzudenken, wofür sie gelten. Das ist wahrscheinlich das Hauptziel des Spiels.
Dieses System bietet sicherlich mehrere nützliche Informationen, bietet aber nur wenig Details.
Es ist viel mehr eine Webseite für Teenager als eine Website für die Öffentlichkeit.
Was passiert, wenn Sie das Spiel vollenden?
Nun, ein Traumraum erscheint im Hotel.
Es ist immer noch etwas, denn es ist besser, ein Haus zu kaufen, es zu verlassen.
Morgan Stanley eröffnete seine Hauptstadt bei MUFG
Morgan Stanley hat seinen Eintrag in die Tischrunde der Mitsubishi UFJ Financial Group (MUFG), der ersten Bank von Japan, die neun Milliarden Dollar verbringt, um 21 % seines Kapitals zu erhalten, Nachrichten, die durch einen starken Rückgang der Aktienpreise erhalten wurden.
Eine Woche nach einer vorläufigen Vereinbarung haben die beiden Banken erklärt, dass MUFG 9,9% der Morgan Stanley-Aktien zu einem Preis von 25,25 Dollar kaufen würde, d. h. drei Milliarden Dollar.
Der Verkaufspreis beträgt weniger als 19 % des Wertes der Wertpapiere am 31. August.
MUFG investiert eine zusätzliche 6 Mrd. Dollar in den Erwerb konvertibler Titel mit einem sicheren Ertrag von 10% und mit einem Umrechnungspreis von 31,25 Dollar.
Morgan Stanley bekräftigte, dass der Gesamtbetrieb auf einem Durchschnittspreis von 29 Dollar oder 28 % über seinem aktuellen Preis beruhen würde.
Allerdings verlor Morgan Stanley Anteile 6,79% bis 23,07 Dollar um 17:00 GMT.
"Diese strategische Allianz stellt eine wichtige Gelegenheit dar, den Übergang von Morgan Stanley in den Status der Bank zu beschleunigen", sagte John Mack, CEO der amerikanischen Gruppe.
Morgan Stanley hat diesen neuen Status letzte Woche angenommen, der es ermöglichen sollte, seine Aktivitäten zu diversifizieren, aber es muss durch die Behörde des Bundesreservats weitergehen.
Seine Allianz mit MUFG bestätigt auch, dass die gegenwärtige Finanzkrise die größten Namen auf der Wall Street zwang, eine weit vorsichtigere Haltung zu übernehmen als zuvor.
Die am Montag vorgestellten Modalitäten zeigen, dass das Abkommen in den letzten Tagen geändert wurde: Am Vormontag hatte Morgan gerade angekündigt, dass es bis zu 20% der Anteile an die Japaner für ca. 8,5 Milliarden Dollar verkaufen würde.
"Vor einer Woche, erklärte Toshihide Mizuno, Geschäftsführer von MUFG in Tokio", dachten wir, die Teilnahme sei aus gewöhnlichen Aktien vollständig zusammengesetzt.
Angesichts des derzeitigen Zustands der Wirtschaft und des Marktes haben wir jedoch gehofft, die Risiken zu minimieren und unsere Rücken zu schützen."
Basierend auf dem gewogenen Durchschnittspreis wird MUFG für seine Morgan Stanley Wertpapiere 7% unter ihrem Buchwert zahlen.
Und die Transaktion wird zu einer Verdünnung von rund 20% Erträgen pro Aktie führen.
Die Vereinbarung sieht vor, dass MUFG jährlich die Hälfte seiner bevorzugten Wertpapiere in normale Aktien umwandeln kann, wenn diese über 50% über den Umrechnungspreis gehandelt haben, etwa 47 $ für einen gegebenen Zeitraum.
Morgan Stanley versichert, dass das von MUFG bereitgestellte Kapital es ermöglichen wird, Investitionsmöglichkeiten zu beeinträchtigen, seine Bilanz zu stärken und seine Liquidität zu erhöhen.
Ein Sprecher der Gruppe weigerte sich jedoch, Details über die strategischen Projekte der beiden neuen Verbündeten zu geben.
Nach der Investition von MUFG prognostiziert Morgan Stanley ein Kapitalverhältnis Tier Einer von etwa 15%, einer der besten in der Branche.
Morgan sagte, dass die Bilanz seit Ende August signifikant gesenkt wurde.
In den letzten Wochen war es schwierig für die Gruppe, die die Hälfte seines Aktienpreises wegschmolzen sah, während die Versicherungskosten gegen das Risiko des Standards auf ihre Schulden steigen.
Diese Kosten verringerten sich am Montag, blieben aber auf einem neuen hohen Niveau, rund 12 %.
Letzte Woche, Goldman Sachs, die einzige andere überlebende große Investitionsbank auf der Wall Street nach der Bankrott von Bear Stearns und Lehman Brothers und Merrill Lynch, gab es 15 Milliarden Dollar auf, teilweise von Berkshire Hathaway, der Gruppe Warren Buffett.
Rafael Correa in Quito am Montag.
Um die Republik des zwanzigsten Jahrhunderts wieder aufbauen.
Dies ist das gemeinsame Projekt der venezolanischen Hugo Chávez, Evo Morales von Bolivien und der Ecuadorian Rafael Correa.
Dieser Sonntag, wie seine Gegenparteien und Freunde, ist es der dritte, einen Entwurf für eine neue Verfassung zu wählen.
Die Mission hat seit 64% der Wähler "ja" für Referendum gestimmt, nach offiziellen Ergebnissen auf der Grundlage von 80% der Stimmen.
Auf der Grundlage dieser Ergebnisse hatte der "Nein" 28%, 7% der Stimmen waren ungültig, und 0,7% waren leere Stimmen.
Im Hinblick auf die Annahme des Verfassungsentwurfs sollte er die Hälfte der Stimmen plus eine erhalten.
Sonntag, zwei Umfragen außerhalb der Polarstationen und eine Nichtregierungsorganisation hatte einen großen Sieg für die "Ja" des Bereichs zwischen 63% und 70% angekündigt.
Rafael Correa hatte in der Nacht von Sonntag bis Montag den Sieg seines Verfassungsentwurfs behauptet.
Die "Verfassung hat so überwältigend gesiegt", versicherte er und lobte die Ecuadorer im Regierungssitz in Guayaquil, 280 km südwestlich von Quito.
Rafael Correa wurde natürlich von Chavez und Morales beglückwünscht, aber auch von seinem chilenischen Gefährten Michelle Bachelet.
Die Abstimmung, die friedlich unter der Kontrolle der Organisation der amerikanischen Staaten (OAS) durchgeführt wurde, wurde in ihrem Text 444 Punkte abgefasst, die den vom Präsidenten befürworteten "neuen Sozialismus" konsolidieren.
Der Verfassungsentwurf umfaßt die Macht des Staates über die Wirtschaft, indem er die "Entwicklungsplanung" eines Landes reserviert, das vor allem aus der Extraktion von Öl durch ausländische Unternehmen und dem ausländischen Geld, das sie an ihre Auswanderer senden, besteht.
Das Projekt, das 2006 von Correa gewählt wurde, bietet dem Staatsoberhaupt auch größere Befugnisse, die bis zu zwei aufeinanderfolgenden Bedingungen von vier Jahren bestehen können und die Versammlung auflösen können.
Correa hat bereits angekündigt, dass er diese Macht nutzen würde, um im Februar 2009 ein neues Mandat zu suchen.
Die Verfassung konsolidiert auch den Grundsatz der freien Gesundheitsdienstleistungen und der Bildung, den der Präsident in diesem Land mit 13,9 Millionen Einwohnern begonnen hat, wo 50% der Bevölkerung unter der Armutsgrenze lebt.
Es sieht auch das Verbot der Präsenz ausländischer Truppen vor, die das Abkommen zwischen Quito und Washington beenden wird, um Ecuador als Startbasis für US-amerikanische Antidrogenoperationen zu verwenden.
Die 19 Geiseln wurden in Chad freigegeben
Ein ägyptisches Kommando squad führte einen Angriff gegen die Entführer der elf Touristen und ihre acht Escorts gefangen vor zehn Tagen.
Sie sind in Kairo.
Die elf europäischen Touristen und ihre acht ägyptischen Escorten, die seit zehn Tagen in der Wüste gefangen gehalten wurden, wurden am Montagnachmittag wieder in die ägyptische Hauptstadt zurückgekehrt.
Am Morgen wurden sie von einem ägyptischen Befehl in Chad freigegeben.
Anscheinend sind die Geiseln um 1530 Stunden an Bord eines speziellen Flugzeugs an der Militärbasis von al-Maza, an den internationalen Flughafen von Kairo angeschlossen.
Sie wurden sofort, ohne mit der Presse zu sprechen, über Hubschrauber ins Krankenhaus in Maadi, einem Wohnort von Kairo, übertragen, um Untersuchungen zu unterziehen.
Sie sind in "Gute Gesundheit" und "kein Lösegeld wurde den Kapitänen bezahlt", erklärte der ägyptische Minister für Tourismus, Zoheir Garanna, auf der Tarmac.
Am 19. September in einer Safari in einer 4x4 am Fuße des Berges Ouanat an den Grenzen mit Ägypten, Sudan und Libyen, war diese Gruppe von Geiseln von einem Versteck zu einem anderen durch 35 unbekannte Entführer umgestoßen worden.
Es umfasst 11 Touristen - fünf Italiener, fünf Deutscher und ein rumänischer - und auch acht Ägypter: zwei Führer, vier Fahrer, ein Grenzwache und der Direktor der Agentur Aegyptischer, Organisator der Safari.
Ein ägyptischer Sicherheitsbeamter sagte, dass 30 Mitglieder der Sonderkräfte, die an Bord zwei Hubschrauber getragen hatten, während der Nacht gerade vor dem Morgen den Angriff eingeleitet hatten.
"Ein Brandwechsel folgte, und die Hälfte der Entführer wurden getötet, die andere Hälfte floh", sagte der Beamte, der anonymität verlangte.
Er sagte, dass 150 Mitglieder der ägyptischen Sonderkräfte "Rapid Response" nach Sudan als Ganzes geschickt wurden, wo sie Unterstützung von deutschen und italienischen Befehlen erhielten.
Der Leiter der italienischen diplomatischen Korps Franco Frattini in Belgrad, wo er derzeit ist, erwähnte die Rolle der italienischen Geheimagenten und Elemente der Sonderkräfte.
"Wir müssen erkennen, dass wir dieses Ergebnis durch die Professionalität und Wirksamkeit unserer Männer aus den geheimen Diensten, aus den Sonderkräften, erreicht haben", sagte er ohne weiteres.
Er weigerte sich auch, ein Lösegeld zu zahlen.
Am Tag zuvor hatte die Sudanese Armee behauptet, ein 4x4 Pfarrfahrzeug an Bord zu haben, von dem die Kapitäne waren, sechs umzubringen, darunter der Chadian-Haupt und zwei verhaftet.
Die Armee behauptete, sie seien mit einer Rebellengruppe in Darfur, der Sudan Liberation Movement-Unity (SLA-U), verbunden, was diese Bewegung sofort abgelehnt hat.
Briefe - Die schweigende Mehrheit der Kultur
Eine Debatte über die Finanzierung der Kultur machte die Überschriften und verstärkte diese Wahlkampagne.
Gut.
Aber ein Sektor unseres kulturellen Lebens bleibt immer vergessen.
Wer wird kommen, um das Elend, das den kleinen Museen, Archiven, archäologischen oder nationalen historischen Standorten zur Finanzierung gewährt wird, zu verurteilen?
Welcher Politiker wagt, die Bundesregierung daran zu erinnern, dass sie seine Denkmäler und Erbgebäude vernachlässigt?
In Quebec, Kanada, haben wir keine wirklichen Gesetze, die unser Erbe effektiv erhalten?
Wussten Sie, dass die französische Regierung dreieinhalb Millionen Euro für die Restaurierung der Burg von Chinon im Loire Valley widmet?
Unsere amerikanischen Nachbarn haben in der Verfassung ihres Landes geschrieben, dass der Schutz des Erbes Teil der amerikanischen Kultur ist und dass dieses Erbe von allen Bürgern, allen gewählten und allen Regierungsabteilungen, und das in Zusammenarbeit geschützt werden muss.
In Quebec, der Föderation of Societys of Quebec history, sind mindestens 40 000 Freiwillige, die in 211 Geschichtsbüros, Erbe, Archiven und Genealogie gegliedert sind, mit der Erforschung der Geschichte, mit der Erhaltung, mit wenigen Mitteln, mit Stapeln von Privatarchiven und mit archäologischen Überreste.
Sie sind oft die Uhrdogs unseres Erbes, die mit der Energie der Verzweiflung protestieren, wenn Entwickler und Konstruktoren ihre Bulldozer gegen unsere alten Gebäude und unsere vergessenen Friedhöfe starten.
Wann wird es ein Forum für Geschichte und Erbe geben?
Fortis Bank teilweise von Benelux Regierungen nationalisiert
Benelux-Staaten helfen Fortis, die belgische-Dutch-Bank - das ist das erste europäische Finanzinstitut, das aufgrund der Folgewirkung der amerikanischen Kreditkrise in Schwierigkeiten ist - durch einen Teilstaatskauf. Die drei Länder haben sich dazu verpflichtet, 1,2 Mrd. EUR in das Banken- und Versicherungsunternehmen mit ungarischen Interessen einzubeziehen.
Ende dieser Woche haben die belgischen, die luxemburgischen und die niederländischen Regierungen zu diesem Thema auf höchster Ebene mit dem Präsidenten der Europäischen Zentralbank und dem Wettbewerbskommissar der Europäischen Kommission konsultiert.
Innerhalb der Eurozone ist Fortis die erste Bank, die in den letzten 12 Monaten von der internationalen Finanzkrise getroffen wurde, die sich in Wellen rückt. Aus einem bestimmten Blickwinkel können die getroffenen Entscheidungen daher als Präzedenzfall angesehen werden.
Unter der Entscheidung, die am Sonntagabend getroffen wurde, wird jede Regierung in ihren jeweiligen Ländern in Fortis-Banks 49 Prozent spielen.
Die Bank wird sicherlich einen Teil ihrer Interessen, insbesondere der Versicherungstätigkeiten, verkaufen, die sie letztes Jahr von der niederländischen ABN Amro gekauft hat.
Fortis-Anteile begannen in letzter Woche tief zu pingen, dann im zweiten Teil der Woche Zeichen einer schweren Krise erschienen in der Firma.
Analysten stimmen überein, dass die Bank - mit ihren 85 000 Mitarbeitern - zu groß ist, um bankrott zu werden.
Die Anteile der Bank stiegen am Freitag um 12 %, was die Rekordhöhe für 14 Jahre beträgt.
Der Wert der Aktien ist seit Januar um zwei Drittel gesunken.
Angesichts der aktuellen Börsenpreise ist der gesamte Marktkapitalwert der Gruppe rund 14 Mrd. EUR. Dies spiegelt jedoch nicht die Realität wider.
Das Management beschuldigt die Unsicherheiten übersee, die mit der Annahme des amerikanischen Pakets von 700 Mrd. USD verbunden sind, für den Rückgang der Fortis-Aktien.
Die Vorräte zeigten am Montag einen leichten Anstieg.
Philipp Dierckx wurde am Freitag zum neuen Geschäftsführer der Bank ernannt.
Das Finanzinstitut suchte auch Privatkäufer, aber bisher wurde kein wesentliches Angebot angeboten.
Die belgische Regierung erklärte früher, dass die Investoren keinen Grund zur Besorgnis hätten, sie würden ihr Geld nicht verlieren.
Bislang ist keine Panik unter den Kunden der Bank entstanden; keine Bankrutsche hat stattgefunden.
Fortis hat eine eigene Bankenanlage in Ungarn und hat auch Leasingfirmen gekauft.
Fox im Henhouse
Die amerikanischen Lebens- und Gesundheitsversicherungsgesellschaften verweigern sich oft, die Versicherungen an einige Bürger zu verkaufen, weil sie Daten zum Drogenkauf einkaufen.
Datenschutzexperten befürchten, dass der Datenmarkt unkontrollierbar wird.
"Es gibt ein Datenschutzprogramm, das die Erlaubnis der betroffenen Person erfordert, um die Daten zur Verschreibung zu verwenden.
Es sollte unabhängig sein, sonst wird der Fuchs das Hahnhaus behüten", zitiert die Washington Post Richard Dick, Entwickler des Programms für die Verfolgung von Drogenverschreibungen.
Versicherungsunternehmen entscheiden über die Versicherungsgebühr und den Betrag, der bei Schäden je nach Gesundheitszustand des Bewerbers zu zahlen ist, und wenn sie dies als zu riskant erachten, stellen sie keine Versicherung dar.
Die beantragenden Kunden wurden zu einer medizinischen Prüfung geschickt, und der Vertrag wurde nur im Lichte der Screening-Ergebnisse geschlossen.
Dick hat vor zehn Jahren eine viel billigere Methode entwickelt: auf der Grundlage der Identifizierungsnummer des Kunden kann die Art von Drogen, die der Kunde in den letzten 18 Monaten gekauft hat, leicht erkannt werden, so dass das Programm die Folgen für die Krankheiten, die der Bewerber leidet, sowie für ihre Gesundheitszustand selbst ziehen kann.
Zum Beispiel bezieht sich der Fall, regelmäßig große Dosierungen von Cholesterinreduktionsmitteln zu kaufen, praktisch auf die Tatsache, dass der Kunde unangemessen hohes Blutfettgehalt hat, wodurch diese Person sofort in eine höhere Risikokategorie gesetzt werden würde.
Das Programm hat verschiedene Versionen im Handel, einige von ihnen definieren sogar den Risikofaktor, so dass das Versicherungsunternehmen nichts anderes zu tun hat als die Papierarbeit, wenn auch kleinere Schwierigkeiten entstehen.
Einer der Nachteile ist die Tatsache, dass einige Medikamente für mehrere Zwecke verwendet werden können, z.B. einige medizinische Formeln sollen Migräne, Wärmewellen oder sogar Depressionen behandeln.
Letzteres ist ein signifikanter Risikoanstieg im Hinblick auf Geschäftsversicherer, während die anderen beiden nicht sind.
Es gibt bestimmte Unternehmen, die sich mit der Erfassung und Verarbeitung von Daten befassen, und sie bitten den Patienten um Erlaubnis, bevor sie die notwendigen Informationen aus den Apotheken erwerben.
Sie sind bereits verpflichtet, das zu tun, obwohl ihre früheren Versagen nicht bestraft wurden.
Einige Unternehmen verarbeiten sogar die Ergebnisse von Laboruntersuchungen und verbinden sie mit Drogenkonsumdaten. Auf diese Weise können sie genauere Informationen über den Gesundheitszustand der Patienten liefern.
Mehr und mehr Unternehmen erhalten Zugang zu den Daten und gleichzeitig wird die Kontrolle ihrer Nutzung immer schwieriger.
Es gibt einen spezifischen Rechtsakt über den Gesundheitsschutz von Datendaten, aber sein Anwendungsbereich umfasst nur Krankenpfleger und Versicherungsgesellschaften.
Die Rechnung über die Erbringung von Inspektionsbefugnissen für die Behörden über die mit der Datenbestimmung verbundenen Unternehmen wurde dem Kongress vorgelegt.
Dick Richard weiß, dass es nicht genug ist: Deshalb hat er sein Programm weiter entwickelt, das nun die Datenübertragung im Hinblick auf die Erfordernisse der ausdrücklichen Einwilligung der betroffenen Person einschränken würde.
Es ist jedoch eine andere Frage, dass der Antragsteller die Einwilligung nicht wirklich ablehnen kann, sonst werden die Versicherungsgesellschaften mit ihnen keinen Vertrag schließen.
Die Hühner werden also in gewissem Maße weiterhin von der Wohlwollen des Fuchses abhängen.
Global Marseille Menü
Europäische Union und Indien Doppelhandel
Da die Europäische Union und Indien führende Handelspartner sind, wurde die Agenda des neunten Gipfels zusätzlich zu anderen, vor allem globalen Problemen beherrscht.
Heute wird auch ein Frankreich-Indiener Gipfel stattfinden, insbesondere über die Kernkraft-Kooperation.
Die Europäische Union erkennt zwar an, dass Indien eine aufstrebende demokratische Weltmacht ist, die in internationalen Angelegenheiten mehr zu sagen ist, aber die Mitgliedstaaten konnten noch nicht zu einem Abkommen gelangen, ob sie die ständige Mitgliedschaft von New Delhi im UN-Sicherheitsrat unterstützen oder nicht.
Somit wurde diese Angelegenheit nicht während des neunten Gipfels, der gestern in Marseille organisiert wurde, gezwungen.
Der französische Präsident Nicolas Sarkozy als Rotationspräsident der Union begrüßte den indischen Premierminister Manmohan Singh, der Präsident José Manuel Barroso und die Außenpolitik, den Handelsfluss über 5 Jahre, und schloss sich damit an, mehr als 100 Milliarden Euro zu verdoppeln.
Da der Warenaustausch zwischen 2000 und 2007 von 25 Milliarden auf 55 Milliarden angestiegen ist, ist dies kein ehrgeiziges Ziel.
Folglich wurden 26 bestehende bilaterale Zivilluftfahrtsabkommen mit Indien rechtlich harmonisiert, was bedeutet, dass der Luftverkehr in der Zukunft schwingen kann.
Indien zielt darauf ab, das Freihandelsabkommen mit der Union bis Ende 2009 zu unterzeichnen.
Sarkozy hat versprochen, die Harmonisierung zu beschleunigen.
Ziel ist es, das Gleichgewicht zu finden, während Indien eine Nummer eines Handelspartners der EU ist, gleichzeitig hat New Delhi nur den neunten Platz auf der Liste der EU-Partner.
Der Gipfel konzentrierte sich auf die globalen Fragen:
Über die Lage in Afghanistan und Pakistan sowie über den Terrorismus wurde letztere in jeder Form von beiden Parteien verurteilt und die UN-Konferenz ersucht.
Die Vollendung der Doha Trade Round wurde auch expeditiert, obwohl beide Parteien bisher für die fiasco verantwortlich sind.
Die EU bekräftigte, sein Energie- und Klimaprogramm aufrechtzuerhalten, was bedeutet, dass die Emissionen von Luftverschmutzern bis 2020 um mindestens 20 Prozent gesenkt werden sollen.
Indien hat sich sowohl mit diesem als auch mit dem Ziel vereinbart, auf der Klimakonferenz, die im kommenden Jahr fällig ist, eine globale Vereinbarung zu erzielen und die Treibhausgasemission bis 2050 um 50 Prozent zu senken.
Ein weiteres Ziel war es, das Wachstum der Lebensmittelpreise zu verhindern und eine internationale Konferenz zur Überprüfung der Finanzkrise zu ersuchen.
Der indische Premierminister geht heute zu einem bilateralen Treffen in der französischen Hauptstadt, wo er ein Abkommen über die friedliche Nutzung der Kernkraft herbeiführen will.
Paris erwartet, dass französische Unternehmen Aufträge vergeben werden, um Kernreaktoren in Indien in einem Wert von 20 Milliarden Euro aufzubauen.
Nach Informationen der Nachrichtenagentur würde die Vereinbarung 15 Jahre lang in Kraft treten.
Über dreihundert italienische Redakteure in Frankfurt
Starke Anwesenheit der italienischen Redakteure auf der Internationalen Buchmesse in Frankfurt.
Mehr als dreihundert werden die italienischen Redakteure auf dem sechzigsten Jahrestag von Buchmesse sein, der wichtigste internationale Veranstaltung für den Austausch von Urheberrechten.
Die International Book Fair in Frankfurt erwartet für diese Gelegenheit mehr als siebentausend Aussteller aus 101 verschiedenen Ländern, die die 171 790 m Grundstücke der Messe mit mehr als 403 000 Titeln besetzen, und die Türkei wird der Gast der Ehre sein.
Francesco Maria Giro, der Untersekretär für Kulturerbe und Aktivitäten, wird die italienische Regierung bei der Einweihungsfeier des italienischen Pavillons vertreten: Tatsächlich wird Italien als Institution mit einem italienischen Stand – 264 Metern Quadratmetern Ausstellungsraum anwesend sein.
Nachfolgend wird die Pressekonferenz an der Raumstruktur von Pavillon 5.0 der Buchmesse sein: Dies wird die Gelegenheit sein, in der Zahlen, Trends und einen Blick auf den Status der italienischen Verlagsindustrie präsentiert werden.
Nach den Daten ist die Bedeutung von Büchern ausländischer Autoren in der italienischen Produktion, insbesondere für Erwachsene und Kinder, fortschreitend gesunken.
Das Flugzeug von Steve Fossett fand vor einem Jahr den Millionär verschwunden
Der Wrack des Flugzeugs von Steve Fossett, der Millionenär, der am 3. September 2007 während des Fluges über die Nevada-Wüste verschwand, wurde gefunden.
Die Wrackage wurde auf einer Plateau auf 3000 m Höhe, in der Region Sierra Nevada von Mammoth Lakes, an der Grenze zwischen Kalifornien und Nevada gefunden.
Innerhalb des Flugzeugs gab es jedoch keine menschlichen Überreste.
Der Madera County Sheriff, John Anderson, hat die verbleibenden Zweifel vereitelt: "Das Flugzeug ist gelegen, wir haben ein Team geschickt, und jetzt haben wir die Bestätigung, dass es derjenige ist, an dem Steve Follett den Tag, an dem er verschwunden ist", sagte er in einer Pressekonferenz.
Danach wies der Sheriff darauf hin, dass weder auf der Ebene noch in der Umgebung keine menschlichen Überreste gefunden wurden.
Die Millionärin, 63 Jahre alt, wurde im Februar aufgegeben.
Das American National Transport Safety Bureau (NTSB) hat berichtet, dass einige Stunden nach dem Wrack ein Untersuchungsteam ausgestellt wurde, das dann die Flugzeuge identifiziert hat: es ist die Bellanca 8KCAB, die seit dem 3. September 2007 vermisst wurde, als Fossett von Yerington in Nevada für einen dreistündigen Flug abnahm.
Gestern, immer in Kalifornien, nicht weit von der Grenze mit Nevada entfernt, fanden einige persönliche Effekte von einem Paar in der Nähe ihres Hauses in Mammot Lakes.
Die Artikel sind zwei Dokumente im Namen von Fossett, beide von der Bundesluftfahrtverwaltung von Illinois, einiges Bargeld und einem Sweatshirt ausgestellt.
Die Suche nach Fossett wurde einen Monat nach dem Verschwinden abgerufen.
Der Millionär hatte sich dank einer Reihe von Weltrekorden einen Platz in der Geschichte gewonnen.
2002 wurde er bei seinem sechsten Versuch zum ersten Mann, um die Weltreise in einem heißen Luftballon zu vervollständigen: ein zweiwöchiger Soloflug.
Drei Jahre später machte er die runde Weltreise mit dem Flugzeug ohne Landung.
Unter seinen zahlreichen Aufzeichnungen fliegen auch 15 445 Meter über den Anden, aber mit einem Co-Pilot.
Glk, die Werbung, die Sie nicht erwarten
Ein SUV, der außerhalb der Normen mit einem ursprünglichen Design, definiert durch entscheidende Linien, vielfältige Oberflächen und saubere Ecken.
Kurz gesagt ist dies GLK, die neueste Ergänzung zu den "kompakten" Off-road-Fahrzeugen des starren Herstellers, mit dem Mercedes-Benz versucht hat, in diesem Sektor frische Luft zu lassen.
Gerade weil seine Merkmale aus den traditionellen Normen liegen, wird die Botschaft, die die Einführung des GLK SUV begleitet, auch unerwartet und unkonventionell sein, es wird ab dem nächsten Oktober in Mercedes-Benz Showrooms zur Verfügung stehen.
So wird die Öffentlichkeitskampagne, die den Debüt des neuen Fahrzeugs begleiten wird, eine neue Kommunikationsmethode absetzen, die auch eine futuristische Kampagne von 3D Billboards einschließt, die zum ersten Mal in Italien von einer Automarke verwendet wird.
Ein Projekt mit großen Billboards, in drei verschiedenen Phasen in Bewegung gesetzt, das bis zum 15. November die zentralste Mailander Einkaufsstraße, Corso Como, beherrscht.
Die erste Phase dieser neuen Art der Kommunikation beginnt mit einer Präsentation des Autos in stereoskopischer Vision, und dank besonderer Brillen, die in der Nachbarschaft von Corso Como verteilt werden, ist es möglich, das neue SUV in wahrer Größe und 3D-Format zu sehen.
In der Tat, das Bild zu betrachten, wird man die Empfindung bekommen, die das Auto aus dem Poster ausprotrudiert.
Durch die Nutzung der innovativen Technologie Elumina 8 werden alle Details der neuen GLK zu verschiedenen Zeiten erleuchtet und dann als ein einziges Bild wieder aufgebaut.
Ohne Zweifel versucht Mercedes, durch diese Werbung etwas Neues in das konventionelle Feld der Automobilpublikation einzuführen.
Wird es mit dieser Formel gelingen, das Interesse der künftigen Käufer zu erwecken? Wir werden sehen.
Hier sind die italienischen Hooliganer
der Tri-Veneto, die von den Sportbefestigungen (Daspo) verboten werden.
Aber wer sind die 150-200 Menschen, von denen Italien jetzt schämt? Sie sind Teil der Gruppe "Ultras Italia", die seit Jahren das nationale Fußballteam unterstützt und bis jetzt, die Wahrheit bekannt ist, noch nie große Probleme geschaffen hat.
Auch hat es nie mit Oppositionsfans in Konflikt getreten.
Die Extraktion der Gruppe ist richtig.
Die Förderer sind von Tri-Veneto.
Von Verona, Padua, Trieste und Udine.
Diese wurden von einigen kleinen Gruppen (in Wirklichkeit, sehr wenige Mitglieder) aus Campagnia und Puglia begleitet.
Sie haben dreifarbige Fahnen mit der Herkunftsstadt der Militanten auf ihnen: Am Samstag wurden diese abgenommen, damit sie nicht identifiziert werden konnten.
Sie nehmen ihre Ideen von englischen Fans auf.
In Bulgarien fanden sie Unterstützer, die echte Nazis waren, die Levski-Gruppe.
Die FIGC hatte die italienischen Fans 144 Tickets für das Spiel zur Verfügung gestellt: alle persönlich, daher leicht prüfbar.
Und das Innenministerium in Viminale hatte sie in der Tat alle überprüft: unter diesen Gruppen, die nach Sofia gingen, wurde niemand verboten, niemand war zu einem Stadion verboten.
Vier italienische Unterstützer, die frühere Stadionsverbrechen hatten, waren tatsächlich abgelehnt worden und blieben davon ab.
Nun wartet das Innenministerium darauf, die offiziellen Aufzeichnungen zu lesen, die von der bulgarischen Polizei kommen sollten, bevor er Schritte unternimmt: In diesem Fall ist es möglich, mindestens fünf Jahre lang die Anhänger zu verbannen, die verhaftet wurden oder diejenigen, die während der Störungen identifiziert wurden.
Eine internationale Verbannung, die die Teilnahme von nicht nur Stadien in Italien, sondern auch in ganz Europa untersagt.
Unsere Hooliganer, kurz gesagt, würden nicht in ein anderes Stadion eingehen.
Glücklicherweise.
Aber jetzt gibt es Angst vor Emulierung: Das ist, dass andere sich dem wenig mehr als hundert und fünfzig anschließen.
"Wir müssen diese Verwirrung sofort aussetzen und diejenigen nicht legitimieren, die sich auf diese Weise verhalten", behaupten diejenigen im Ministerium in Viminale.
Also, "Eyes weit offen, besonders da es das Nationale Team am Mittwoch bei Lecce spielt".
In Puglia gibt es in der Tat einen kleinen Kern von Ultras Italia Unterstützern.
Morgen trifft der Observatorium am Dienstag die CASMS, die auf einem Abschnitt der AISE zählen kann, das ist der Geheimdienst, der genau die Probleme in den Stadionen bewältigt.
"Der Chorus Duce-Duce und der Arm streckten sich während der Mameli-Anthem aus? In Bulgarien ist es kein Verbrechen...".
Dies sind die Gedanken (ausgedruckt mit großer Enttäuschung) von Domenico Mazzilli, die seit einigen Wochen als Direktor des Observatory of the Viminale (er erreichte den Post, der ursprünglich von Francesco Tagliente und dann von Felice Ferlizzi gehalten wurde).
Früher war Mazzilli Leiter der Polizeibehörde in Triest, wo es einen Kern von Unterstützern von Ultras Italia, der 2002 gegründet wurde.
Es ist wahr, sagt Mazzilli, dass es in Bulgarien kein Verbrechen ist, Hymnen zum Duce zu chanten, aber das Verhalten dieser 150-200 Fans ist sicherlich unangenehm.
"Ich bin kein Soziologe - fügt der N.1 der Beobachtungsstelle hinzu - das Verbrechen sollte in dem Land, in dem der Vorfall stattfindet, eingeführt werden.
Bis jetzt ist diese Gruppe in den Linien geblieben, jetzt werden wir sehen, was tatsächlich passiert ist, und wir werden sie für eine künftige Bezugnahme bewerten.
Aber lassen wir uns auch über das Fleißen mit dem Mameli-Anthem sprechen: Das ist auch kein Verbrechen in Bulgarien, aber wenn ich sagen darf, ist es nicht gute Wege ...".
