Rechtspopulisten triumphen in Österreich, haben insgesamt 29 Prozent
Nach den ersten vorläufigen Ergebnissen der frühen Parlamentswahlen in Österreich haben beide Parteien in der gegenwärtigen großen Koalition eine wahrnehmbare Schwächung und einen deutlichen Aufschwung für die rechtspopulistischen Parteien erzielt.
Die Österreichische Volkspartei (ÖVP), in der die Position des derzeitigen Leiters Wilhelm Molterer stark erschüttert wird, erlitt besonders große Verluste.
Umgekehrt bereitet der Kampagnenführer der Allianz für die Zukunft Österreichs (BZÖ), Kärntner Gouverneur Jörg Haider, eine triumphierende Rückkehr zur nationalen Politik vor.
Nach den vorläufigen Ergebnissen bleibt die sozialdemokratische Partei (SPÖ) die stärkste im Land mit 29,8 Prozent der Stimmen, jedoch hat sie seit den letzten Wahlen im Jahr 2006 5,5 Prozent der Stimmen verloren.
ÖVP, das mit 25,6 Prozent fast neun Prozent der Stimmen verliert, ging noch schlimmer.
Dies sind die schlimmsten Ergebnisse der beiden großen Parteien in der österreichischen Nachkriegsgeschichte, insbesondere für die Volkspartei, die die frühen Wahlen drängte, ist es buchstäblich ein katastrophales Ergebnis.
Anfang Juli, als ÖVP die Koalition verließ, hatte die Volkspartei noch eine bedeutende Führung auf SPÖ in den Umfragen.
Wähler, aber offenbar bestraft sie, weil die Regierung flunder.
In den ersten Reaktionen auf die Ergebnisse gab es bereits Spekulationen über den möglichen Rücktritt des Parteileiters und des derzeitigen Vizechandlers Wilhelm Molterer.
Die Beobachter gehen davon aus, dass dies bereits bei der außerordentlichen Sitzung der Parteiführerschaft am Montag stattfinden könnte.
Eine solche Entwicklung würde sicherlich die Reise zum zunehmend wahrscheinlichsten Rückzug aus den Wahlergebnissen vereinfachen, d.h. die Erneuerung der großen Koalition von SPÖ und ÖVP.
In Anbetracht der Stärkung der beiden rechten populistischen Parteien - die Freiheitspartei (FPÖ) erwarb sich eine vorläufige 18 Prozent- und BZÖ elf Prozent der Stimmen - aber gleichzeitig drückten die Sozialdemokraten Angst vor einer Wiederholung des Jahres 1999 aus, als die Volkspartei mit den Populisten vereinbarte (FPÖ war damals noch vereinigt, sie brach von BZÖ im Jahr 2005 weg) auf eine gemeinsame Regierung, die schließlich Sanktionen aus der Europäischen Union hervorrief.
Haider, der bereits angekündigt hat, dass er bereit ist, mit jeder Partei zusammenzuarbeiten und vermutet, dass er nach Wien zurückkehren wird, ist offensichtlich Banking über diese Entwicklung.
Die Grüne Partei kam auch in das Parlament, erlitt aber einen leichten Verlust und fiel von der dritten auf den fünften Platz unter österreichischen politischen Parteien.
Offenbar überschritt keiner der anderen Parteien die vier Prozentzahl und kam in das Parlament.
Schwarzenberg: Beziehungen zu Indien könnten sich verschlechtern
Laut Außenminister Karel Schwarzenberg könnte eine gewisse Verschlechterung der tschechisch-indischen Beziehungen stattfinden, wenn es nicht möglich sein wird, das Problem der tschechischen Wissenschaftler zu lösen, die in Indien wegen der illegalen Sammlung von Käfern beschuldigt wurden.
Der Minister gab diese Erklärung in New York nach dem heutigen Treffen mit seinem indischen Kollegen Pranab Mukherjee ab.
"Wenn es nicht gelöst wird, dann ja, dann würde eine gewisse Verschlechterung stattfinden", sagt er nach dem Treffen eingeleitet von der tschechischen Seite.
Nach den Verhandlungen sagte Mukherjee, dass es für die Exekutivstelle schwierig sei, in Gerichtssachen einzugreifen.
Dennoch sagte er, dass die Zentralregierung im Falle von Petr Švácha, der mit einer Geldbuße bestraft wurde, mit der Kommunalregierung in Darjeeling verhandeln kann, unter dessen Zuständigkeitsgebiet die Angelegenheit gehört.
"Sein Problem könnte gelöst werden", sagte der Minister.
Laut Mukherjee wäre es am besten für Emil Kučera, die zu drei Jahren Gefängnis verurteilt wurde, zu höheren Behörden zu appellieren.
Er kann dann beantragen, auf Kaution freigelassen zu werden und auf das Urteil außerhalb des Gefängnisses warten, erklärte er.
Schwarzenberg bestätigte, dass sein Partner das auch während der Verhandlungen gesagt hatte.
"Er empfiehlt, ein höheres Gericht anzusprechen, dann wäre es möglich, ihm zu verzeihen", sagte der Chef der tschechischen Diplomatie.
Die einzige Möglichkeit, die tschechische Seite an der ganzen Angelegenheit zu beteiligen, ist, den verurteilten Personen "kompetente rechtliche Unterstützung" zu geben, sagte der indische Minister.
Gleichzeitig sagte er, dass die indische Seite ihnen bereits mit Hilfe dieser Art versorgt.
"Es ist unser größtes Interesse, die besten Beziehungen zu Indien zu erhalten, die eine langjährige Tradition haben.
Auch die Indianer erkennen das an", sagte Schwarzenberg.
Gleichzeitig betonte er, wie er der tschechischen Presseagentur sagte, vor seinem Partner, dass die Tschechische Republik große Bedeutung für das Problem der tschechischen Entomologen legte.
"Wir halten die Verhaftung und Anklage dieser tschechischen Wissenschaftler für einen schweren Fehler", erklärte er.
Der Minister vermieden, die Frage zu beantworten, ob er von der indischen Seite ein Versprechen erhalten hatte, die Angelegenheit zu verfolgen.
Er erklärte lediglich: "Ich habe schon einige Versprechungen erhalten".
Tschechische Schiedsrichter kämpfen um Ozeanboden
Er fährt in Richtung der elektronischen Wandkarte mit Australien und den umliegenden Meergebieten.
Er ist jedoch nicht an dem Kontinent interessiert, sondern an einem kleinen Punkt, der im Blau des Ozeans verloren hat.
"Diese Insel, und damit der Meeresboden um sie herum, gehört Australien.
Gleichzeitig ist das Gebiet so groß wie der Kontinent selbst", sagt der italienische Anwalt Luigi Santosuosso, der zum dreißigköpfigen Mitarbeiterteam der UN-Abteilung für Ozeanfragen und des Meeresrechts gehört.
Sein Chef, der Divisionsdirektor, der tschechische Anwalt Václav Mikulka, folgt dem, was er sagt und fügt gelegentlich etwas hinzu.
Zest und Begeisterung für die Arbeit dominieren hier.
Der Meeresboden beherbergt eine bisher wenig bekannte Welt, die reich an natürlichen Ressourcen ist.
Es ist möglich, Öl, Erze und andere Mineralien zu finden, aber auch bislang unbekannte lebende Organismen, die zum Beispiel den Schlüssel zur Entwicklung einer Heilung gegen Krebs halten.
Ein Boden größer als der Kontinent
Heute haben Küstenländer begonnen, um das neue Unterwassergebiet vehement zu konkurrieren.
Das heißt, nach einem UN-Abkommen nutzen sie die Rechte, die sie 1982 in Montego Bay, Jamaika, vereinbarten.
Dies ist vor allem das Gebiet des sogenannten kontinentalen Regal, das oft bis zu mehreren hundert Kilometer von der Küste des jeweiligen Landes reicht.
Laut der Vereinbarung hat dieses Land das ausschließliche Recht auf alle Ressourcen des Kontinentalregals.
"Einfach genommen gilt das kontinentale Regal als Teil des Meeresbodens, das die natürliche Fortsetzung des Kontinents unter dem Meer und sein Substrat ist.
Sie erreichte über den Rand des Küstenmeers hinaus, oft sogar über den Rand der zweihundert Seemeilen der sogenannten exklusiven Wirtschaftszone", erklärt Mikulka.
Der Antrag, den das betreffende Land der Kommission über die Grenzen des kontinentalen Shelfs vorlegt, muss durch wissenschaftliche und technische Dokumentation auf der Grundlage vieler kostspieliger Erhebungen und Messungen unterstützt werden.
Es ist das Ergebnis jahrelanger vorbereitender Arbeiten.
"Eine unserer Aufgaben ist die Bereitstellung der Kommission mit rechtlicher und spezialisierter technischer Hilfe.
Die Kommission hat bisher fünf Anträge aus Russland, Brasilien, Australien, Irland und Neuseeland erörtert.
Nur die letzten drei dieser Länder waren bisher erfolgreich", so Mikulka.
Vor kurzem wurde der Erfolg Australiens, der als erster seine Unterwasserdomäne erweiterte, weltweit registriert.
Doch auch Neuseeland hat gewonnen - das Gebiet des Meeresbodens, das die Kommission zugestimmt hat, ist rund 1,6 Millionen Quadratkilometer, d.h. etwa sechsmal größer als die Größe des Landes selbst.
Beide Länder investierten Millionen Dollar in die Umfrage.
Der Profit, der sich aus der Nutzung des Meeresbodens in der Zukunft ergeben wird, hoffen sie, unschätzbar.
Auch andere Länder werden allmählich ihre Anträge einreichen.
Sie haben bis zu zehn Jahren ab dem Zeitpunkt, als sie das "Montego Bay Agreement" ratifiziert haben, um das zu tun.
Wo das kontinentale Regal endet, beginnt das Gebiet des Meeresbodens, das durch das Abkommen als "gemeinsames Erbe der Menschheit" erklärt wird.
Hier hat kein Land mehr eine exklusive Position.
Die Bergbaurechte in diesem Bereich werden durch die von der internationalen Institution geschaffene Vereinbarung gewährt.
"Aber der Meeresboden ist kein Klondike", sagt Regisseur Mikulka übertrieben und fügt hinzu, dass seine "Einzelzonen rechtlich klar abgegrenzt sind und ihr Regime in Verträgen verankert ist."
Tschechien im Pazifik
Ein Teil des Meeresbodens gehört zur Tschechischen Republik.
Sie teilt sie mit anderen Ländern aus dem ehemaligen Eastern Bloc als Teil der gemeinsamen Organisation "Interoceanmetal".
Diese Organisation, wie die Investoren in mehreren kleinen anderen Ländern, erlangte 1991 nach Vereinbarung 1991 den Status des sogenannten "Pionierinvestors".
Es ist erlaubt, in der Zone ClarionClipperton im Pazifik, die zwischen Mexiko, Hawaii und Kiribati liegt, zu minen.
Das vom Investor untersuchte Gebiet ist etwas größer als die ehemalige Tschechoslowakei.
Der Meeresboden ist rau, es ist eine Art Unterwassermodell der Tatra Berge.
"Es ist möglich, dort auf einer Gesamtfläche von 75.000 Quadratkilometern zu sprengen.
Das Gebiet ist eine reiche Ortschaft für die Sammlung von Polymetallkonzentrationen mit Nickel, Kupfer, Kobalt und Mangan", sagt ein anderer Anwalt, Pakshi Rajan aus Indien.
Der mazedonische Anwalt aus der Division, Rober Sandev, zeigt eine solche Konkretion.
Es sieht aus wie eine kleine Kartoffel oder, mit etwas Fantasie, die mythische Shem, die laut Legende das Golem zum Leben brachte.
Deutsche Spezialkräfte bei der Rettung der Feindseligkeit
Bei der Lösung der Geiselnkrise hatte die ägyptische Regierung von Deutschland um Hilfe gebeten, die die Experten geschickt hat.
Als der Push zu schubsen kam, waren die speziellen Kräfte bereit, aber ihre Dienste waren am Ende nicht erforderlich.
Mehr und mehr Details wandern sich auf die Umstände rund um die Befreiung der elf in Ägypten entführten europäischen Touristen.
Laut den deutschen Verteidigungs- und Innenministerien nahm die deutschen Sonderkräfte indirekt an der Rettungsmission teil.
Spezialisten der Bundeswehr (Bundeswehr) und Mitglieder der Bundespolizei (Bpol) und ihrer Spezialeinheiten GSG 9 und Air Guard waren bei der Rettung anwesend, Sprecher der Ministerien sagte Montagabend, sowie Mitglieder des Bundeskriminalpolizeiamtes (BKA) und Logistikexperten der Agentur für Technische Hilfe (THW).
Die deutschen Truppen waren jedoch nicht erforderlich, sagten sie, weil die Geiseln ihre Geiseln verlassen und flohen, als sie sich bewusst wurden, dass die Geiseln von Gewalt befreit werden würden.
Die ägyptische Regierung hatte die von Deutschland angebotene Hilfe angenommen, um sich auf die deutschen Truppen als Backup während der Operation zu verlassen.
"Glücklicherweise kam es nicht dazu", sagte ein Sprecher des Bundesministeriums des Innern.
Die Reisegruppe bestehend aus fünf Deutschen, fünf Italienern, einer rumänischen Frau und ihren acht ägyptischen Gefährten war am 19. September im Süden Ägyptens entführt und entführt worden.
Nach ihrer Entführung in einer Wüstenregion im Süden Ägyptens wurden die Geiseln in der Grenzregion zwischen Ägypten, Libyen, Sudan und Tschad hin und her geführt.
Bislang bleibt die Identität der Captors unbekannt, wie Details über die Rettung oder über mögliche Lösegelder.
Die ehemaligen Geiseln sind sicher und gesund in Kairo angekommen, inzwischen.
Der deutsche Außenminister Steinmeier sagte, sie seien der Pflege der deutschen Botschaft anvertraut worden.
Er kommentierte nicht die Details der Rettung.
In Berlin wurde keine sofortige Information über ihre Rückkehr nach Deutschland gegeben.
Laut der deutschen Zeitung `Bild' sollen die fünf Touristen und die Sonderkräfte einen Airbus der deutschen Luftwaffe ansteigen, der am Dienstag in Deutschland ankommt.
Das US-Repräsentantenhaus lehnt das Verbot ab
Das Rettungspaket von 700 Milliarden Dollar für die Finanzmärkte konnte in den ersten der beiden Kammern des US-Kongresses nicht übergehen.
Der Dow Jones hat ein Nasentauchen genommen.
Mit einer Stimme von 227 bis 206 gegen, das US-Repräsentantenhaus lehnte die Regierung das Rettungspaket für die Finanzmärkte ab.
Alle Appells von Präsident George W. Bush und führenden Beamten der beiden Parteien trotz, wurde keine Mehrheit für das Programm erreicht, das das Chaos auf den Finanzmärkten enthalten sollte.
In einer dramatischen Kampagne hatten Unterstützer verzweifelt versucht, die Kritiker der Vorzüge des 700 Milliarden Dollar-Plans zu überzeugen.
Barney Frank, einer der wichtigsten demokratischen Verhandlungsführer, hatte Vertreter zur Genehmigung aufgerufen, obwohl es ein unpopulärer Plan war.
`Es ist schwer, politische Zustimmung für die Prävention von etwas zu bekommen, das noch nicht passiert ist,' stimmte er zu.
Während die Abstimmung noch in Gang war, sah die Dow Jones einen Rückgang von mehr als sechs Prozent, oder 600 Punkte.
Es wurde durch die Sorgen der Anleger verursacht, dass die staatliche Rettung scheitern könnte.
Sie erholte sich kurz vor dem Ende der Abstimmung, nur um einen weiteren Nasendick zu nehmen, als die Ablehnung veröffentlicht wurde.
Experten erwarten nun weitere starke Turbulenzen auf den internationalen Finanzmärkten.
Für die Umsetzung des Plans ist die Genehmigung sowohl des Repräsentantenhauses als auch des Senats erforderlich.
Reisebüros berichten um Zunahme der Buchungen
Es wird ein guter Winter für deutsche Reisebüros, offensichtlich:
Eine Umfrage sagt, dass der Umsatz der Buchungen für die kommenden Monate deutlich gegenüber dem Vorjahr gestiegen ist - für die Wintersaison sogar um bis zu 30 Prozent, sogar.
Trotz der Aussichten einer schwachen Wirtschaft bleibt der Reisenslust der Deutschen unberührt, so eine Umfrage.
Bei Buchungen in der Wintersaison konnte der Umsatz von Reisebüros um 31 Prozent gegenüber dem gleichen Zeitraum des Vorjahres steigen, berichtete der Deutschen Reisevereinigung (DRV) am Montag in Berlin.
Laut Marktforschungsfirma GfK ist auch in den Herbstmonaten ein Anstieg der Buchungen zu verzeichnen.
Die Reisebüros hatten im Oktober gegenüber 2007 einen Umsatzanstieg von rund elf Prozent verzeichnet, so DRV.
Die Ergebnisse basieren auf den Zahlen von GfK, die die Buchungsdaten von 1200 deutschen Reisebüros jeden Monat verarbeiten und sie verwenden, um Projektionen für den gesamten Markt zu machen.
Inklusive sind Reisebuchungen bis August 2008.
Aufgrund eines schwachen Dollars, vor allem Reisen in die Vereinigten Staaten waren nachgefragt, sagte der DRV.
In diesem Bereich waren Buchungen um etwa ein Drittel gestiegen, sagte es.
Davon abgesehen wies sie Spanien, die Türkei und Griechenland als beliebt bei Deutschen sowie inländischen Regionen hervor.
All-inclusive-Ausflüge waren besonders gesucht, sagte DRV-Präsident Klaus Laepple.
Im Lichte der steigenden Energie- und Lebensmittelpreise waren ihre Kosten `er kalkulierbar für Kunden als für individuell organisierte Ferien', sagte Laepple.
Verbraucher könnten Geld durch Frühvögel oder All-Inclusive Rabatte sparen, u.a., Laepple sagte.
Da auch die Sommermonate sehr gut gebucht waren, würde sich der Umsatz gegenüber dem Vorjahr weiter steigern, sagte er - obwohl eine andere Umfrage berichtet, dass die Zahl der Reisenden Deutschen im Vergleich zum Vorjahr sank.
Meine erste Zeit am Oktoberfest
Frühlings- und Après-Ski-Stil Hits im Wiederholungsmodus, Bier von 1 Liter Bechern und Prominenten im Designer Dirndln.
Ein Wiesn Debut.
Technisch gesehen haben Susanne Kronzucker und ich nicht viel gemeinsam.
Sie ist blond, Fernseher und trägt einen maßgeschneiderten Dirndl.
Ich habe dunkle Haare, bin Student, und mein Kleid ist Second-Hand.
Aber es gibt eine Sache, die uns verbindet: Wir sind seit knapp drei Minuten im Wiesn, und bereits drängen sich die Fotografen um uns herum und schnappen sich weg, füllen ihre Speicherkarten - sehr schmeichelnd, und es ist mein erster Besuch in der Wiesn, um zu booten.
So machen Sie Freunde.
Der billige Dirndl scheint seinen Job zu tun.
Für einen Wiesn-Touristen, der gewöhnlich nördlich des `Weisswurst-Equators' sitzt, hatte das bequeme Gefühl, traditionelle bayerische Kleider zu tragen, bislang viel zu wünschen übrig gelassen.
Aber einmal in Theresienwiese angekommen, ist es nicht so schlimm wie all das.
Fast jeder trägt Dirndl oder Lederhosn; niemand sieht verrückt oder beschämt aus - alles ist völlig normal.
Nur meine Dirndl Schürze zog seltsame Blicke auf den Schokolade-Bana-Verkäufer.
Eine Münchner Frau machte meine Aufmerksamkeit darauf aufmerksam, dass ich die Schürze auf den falschen Weg gebunden hatte: `Verfügbar links, Jungfrau in der Mitte, begangen rechts, Witwe hinter.'
Furtativ ziehe ich meine Schürze von hinten nach links.
"Sie sieht richtig aus", sagt sie, und lacht.
Andere sind weniger besorgt über subtile Flirttechniken und tragen einfache Filzmützen, die sagen: "Too betrunken, um sich anzuziehen" und zeigen Menschen ihre nackten hinter sich.
Der junge Mann mit der exhibitionistischen Haltung wird Bob genannt, ist aus England, und es ist auch sein erstes Mal im Oktoberfest.
Er findet es "herrlich," mit einem lang ausgestreckten "ooooo."
Er sagt mir das, nachdem er sich von dem "Maß" befreit hatte.
Gleich neben einem der Feuerpluggen, die jeder Fehler für Abfalldumps.
Also ist Bob einer der berüchtigten `Wildbiesler'.
Andere sind nicht ganz glücklich genug, den Alkohol in dieser Weise zu verlieren.
Auf acht Uhr nachts schwärmen viele Sanitäter den Ort, bei den armen Bingern.
Die Mediziner erscheinen immer in Packungen - es gibt immer vier zu einer Zeit, mit einem überdachten Träger von Zelt zu Zelt.
Es funktioniert wie bei den meisten Wiesn Besuchern: Wenn es leer ist, gehen sie raus, und wenn es voll ist, kommen sie zurück.
Sie sehen nicht, wer in den BAC-Sargen ist.
"Es sind die, die nicht mehr nehmen können", schrie einer der Sanitäter, als ich ihn darüber fragte, in der Menge verschwinden.
Unfallopfer genannt von der Polizei
Eine 63-jährige Fußgängerin, die im Krankenhaus starb, nachdem sie von einem Fahrzeug in Essex getroffen wurde, wurde benannt.
Carole Paulson, von der Chelmsford Road in Brentwood, war am Freitag Nachmittag an der Shenfield Road in der Stadt beteiligt.
Sie wurde in das Krankenhaus der Königin gebracht, Romford, aber später starb.
Nach dem Unfall wurde ein 51-jähriger Mann wegen Verdachts auf unerträgliches Fahren festgenommen.
Seitdem wurde er auf Polizeikaution freigelassen.
Die Erweiterung des diplomatischen Horizonts der Türkei
Lange bevor die Türkei der Europäischen Union beitreten wollte, waren die europäischen Mächte bestrebt, tief in das Hinterland der Türkei einzudringen.
Auf der östlichen Seite des Bosphorus, vielleicht nur 20 Schritte in Asien, steht eine der schönsten Reliquien dieser gescheiterten kaiserlichen Ambition.
Der Bahnhof Hydarpasha wurde im Neo-Renaissance-Stil von zwei deutschen Architekten Otto Ritter und Helmut Conu entworfen.
Das ist zumindest das, was die Guidebooks Ihnen sagen.
Das Gebäude sitzt am Ende der Plattformen mit einem Turm an jedem seiner vorderen Ecken, die die ganze Welt suchen, wie zum Beispiel ein deutscher Provinzrat.
Der Stein ist schmutzig.
Das gesamte Gebäude leicht verrottet.
Aber einmal im Gewölbe-Ticket-Büro gibt es keinen Zweifel an der Großzügigkeit des Unternehmens, von dem dies das westlichste Tor war.
Die Station wurde im August 1908 vom deutschen Konsortium Anatolien-Baghdad Corporation eröffnet.
Deutschland, ein Spätkommandant des kaiserlichen Spiels, beabsichtigte, seine Ambitionen zu verwirklichen, den Nahen Osten durch diese Bahn nach Damaskus, Bagdad, und darüber hinaus zu beherrschen, was heute Saudi-Arabien ist.
Doch während des Ersten Weltkrieges begründeten Deutschlands imperiale Ambitionen.
Seine Bahnstrecken wurden von Lawrence of Arabia und seinen arabischen Unregelmäßigen angegriffen.
Die relative Isolation aus seiner umliegenden Region, die durch die gefrorenen Grenzen des Kalten Krieges hervorgerufen wird, ist verschwunden
Britische und Herrschaftskräfte zogen aus Ägypten heraus und schlugen die Türken und ihre deutschen Verbündeten aus Palästina und Syrien heraus.
Und es gab auch schlechte Nachrichten für die Hyderpasha Station.
Im Jahr 1917 sprengte ein Munitionszug das aufwendige Dach.
Türkische Quellen sagen, es sei Sabotage.
Seitdem hat es langsam weggeformt, weitgehend umgekehrt von der Geschichte.
Aber heute dient dieses Bahntor zu Anatolien und allen Punkten im Osten - symbolisch zumindest -, um den erweiterten diplomatischen Horizont der Türkei hervorzuheben.
Die Regierungspartei Justiz und Entwicklung - die AKP - hat eine ganz neue Außenpolitik für das Land entwickelt.
Die relative Isolation aus ihrer umliegenden Region, die durch die gefrorenen Grenzen des Kalten Krieges hervorgerufen ist, ist verschwunden.
Jetzt gibt es eine neue Engagementspolitik.
Bemerkenswerterweise hat die türkische Regierung gute Beziehungen mit Israel und Syrien, mit den palästinensischen Fraktionen Hamas und Fatah, mit Irak und Iran und natürlich mit der Europäischen Union und den Vereinigten Staaten.
Um die Parameter dieser neuen Außenpolitik zu bewerten, stieg ich in die türkische Hauptstadt Ankara auf den Nachtschlaf, um einen der führenden Außenpolitikexperten der AKP zu besuchen, die türkischen Abgeordneten Suat Kiniglioglu.
Am nächsten Morgen - etwa zehneinhalb Stunden später - nach einer schrägen Fahrt auf Spuren, die die alten Weltkadenzen des berühmten Dokumentarfilms The Night Mail produzierten, kam ich in der türkischen Hauptstadt an - schlug als neue Stadt für einen neuen säkularen Staat, der sich auf die Ottomaner Vergangenheit zurückkehren wollte.
Aber die AKP mit ihren bekannten islamistischen Wurzeln stellt einen Paradigmenwechsel im türkischen Konsens dar.
Es hat einen Verdacht im Westen hervorgerufen, vor allem in Washington.
Ein Taxi führte mich zum Hauptquartier der AKP, einer hochmodernen Stein- und Stahlstruktur, die in einem entwickelten Vorort gebaut wurde, umgeben von halbkonstruierten Einkaufszentren und Power-Pasisseries, wo mittlere Manager in Geschäftsanzügen - sowohl Männer als auch Frauen - trafen sich, um frühmorgens Geschäfte zu machen.
Suat Kiniklioglu könnte ein zentrorischer Politiker aus fast jeder anderen politischen Partei in Europa gewesen sein.
Anzug, Krawatte, ich bin sicher, dass er sogar eine Blackberry packte.
"Das Ziel der Außenpolitik der Partei ist es nun, die Türkei in ihre unmittelbare Nachbarschaft wieder einzubinden.
Der Kalte Krieg war eine Anomalie", sagte er mir.
Die Türkei war von ihrem Hinterland abgeschnitten worden.
Heute musste es nach Osten und nach Westen gleichzeitig schauen.
Es war kein Fall der einen oder der anderen.
Es musste beides tun.
"Aber sicher irgendwann," fragte ich: "Die Türkei könnte gezwungen sein, zu wählen?"
"Türkei," sagte er, "wollte nicht diese Wahl stellen."
Er betonte dann einen Punkt, mit dem fast alle, mit denen ich hier gesprochen habe, fast durch Ablehnung rezitiert hat: Die Beziehungen der Türkei nicht nur zum Nahen Osten, sondern zum Kaukasus und rund um das Schwarze Meer sind zugunsten von Europa und den Vereinigten Staaten, wie sie für die Türkei sind.
Mit der Türkei an Bord scheint die Botschaft zu sein, Europa als Ganzes kann mit Metapherisch diese Schienenlinien östlich in Richtung Asien und den Nahen Osten fahren.
Zurück in der Hydarpasha Station, nach einer anderen weitgehend schlaflosen Nacht, dachte ich an diese beiden deutschen Herren Herr Ritter und Herr Conu, die diese Bauweise vor 100 Jahren gebaut hatten.
Wie überrascht es ihnen gewesen wäre, herauszufinden, dass die europäischen Ziele im Nahen Osten jetzt zum großen Teil in den Händen der Türkei stehen.
Und als ich am Terminal wartete, bis die Fähre mich über den Bosphorus zurückführte, erinnerte ich mich daran, dass die Türkei damals immer als "Kranker Europas" bezeichnet worden war.
Dann scheinen zumindest nicht viel Zweifel darüber zu bestehen, welchen Kontinent dieses faszinierende Land beanspruchen sollte.
Leben erinnert: Vernon Handley und William Woodruff
Mark Brown schreibt: Als Guildfords musikalischer Regisseur aus dem Jahr 1962, hatte Vernon "Tod" Handley (Obstitution, Sept 11) die Anklage des Guildford Philharmonischen Orchesters und des Chors.
Im Rahmen seines Musikprogramms für den Stadtteil gründete er im nächsten Jahr seinen wunderschönen Jugendchor Proteus.
Es sollte für unter 21s sein, aber zu der Zeit, als der Proteus 1979 sein Finale sang, waren einige von uns in unseren späten 20er Jahren - wir weigerten uns einfach, den Chor aufzugeben.
Der Name "Proteus" (der mythologische Formänderer) stellte die Bereitschaft und Fähigkeit des Chores dar, die Musik zu bewältigen, sei es Madrigal oder Messiaen, ob ohne Begleitung oder mit vollem Orchester.
Die musikalische Vielseitigkeit, die von einem so jungen Chor produziert wurde, war oft erstaunlich, immer aufregend, und es war alles aufgrund der Inspiration des einen Mannes und der Begeisterung für die Musik, die in den Jahren absolut konstant blieb.
Wie oft haben wir von Tod gesagt, "die Musik für sich selbst sprechen zu lassen".
Er sagte: "Der Komponist weiß, was er will.
Es ist alles da in der Musik.
Singen Sie es also!"
Seine Batontechnik war absolut klar und präzise, obwohl nie diktatorisch, noch florid.
Was auch immer der musikalische Standard, er erhöhte ihn immer noch höher.
John Frayn Turner schreibt:
Wenn ein Dirigent gerittert worden wäre, war es Vernon Handley.
Ich kannte ihn gut während der zwei Jahrzehnte, die er von 1962 bis 1982 die Guildford Philharmonie führte.
In den letzten 40 Jahren habe ich mehr als 100 seiner Konzerte überprüft und kann ehrlich gesagt sagen, dass ich nie mit einem einzigen enttäuscht worden bin - und oft von ihnen inspiriert.
Tod Handley hatte diese seltene Kombination aus Größe und persönlicher Bescheidenheit.
Er hasste Dirigenten, die in seinen Worten einfach "eine oder zwei bekannte Kriegspferde auf der ganzen Welt gewannen".
Er wird von so vielen von uns vermisst werden.
William Woodruff
Professor John Beckett schreibt:
Ihr Tod des William Woodruff (Sept 25) erklärt, dass "er 1946 die Wirtschaftsgeschichte in Oxford wieder aufnahm und 1950 ein Houblon-Norman-Forschungskollege wurde... während er gleichzeitig für einen BSc, eine MA und einen PhD studiert".
Dies folgt aus Woodruff's Autor's Note in Beyond Nab End, aber es ist nicht richtig.
Von 1946 bis 1953 war er Dozent für Wirtschaftsgeschichte an der Universität Nottingham, wo er eine Doktorarbeit in der britischen Gummiindustrie absolvierte und 1958 als The British Rubber Industry veröffentlichte.
1950-51 verbrachte er in den USA in einem Houblon-Norman Stipendium und im Sommer 1952 an den Universitäten Illinois, Harvard und New York.
1953 verließ er Nottingham für immer nach Illinois.
Warum Woodruff sich entschloss, diesen Teil seiner Karriere zu glänzen, ist unbekannt.
J. Vincent Resino an der Fakultät für Philologie
"Ich empfehle die Ausstellung von José Vicente Resino "Flamenco y vida", weil seine schwarz-weißen Fotografien im Dokumentarstil außergewöhnlich sind.
Die Fotos zogen meine Aufmerksamkeit wegen ihrer Einfachheit und Macht, die übertragen, immer die Themen mit besonderer Aufmerksamkeit zu behandeln.
Eine Ausstellung, die tiefes Gefühl durchführt.
Resino kann magische Momente erfassen."
Zweiter Angriff auf Hondas Superverkauf
Im November startet Honda das Marketing der zweiten Jazz-Modellgeneration.
Wenn das bisherige Modell bereits durch hohe Bewohnbarkeit gekennzeichnet war, hat dieser neue Minivan einen weiträumigen Innenraum.
Darüber hinaus ist es mit einer feinen Mechanik ausgestattet, die den Fahrkomfort erhöht und erlaubt, Kraftstoff zu sparen.
Evolution statt Revolution.
Das ist Honda Jazz' zweite Generation.
Während ästhetisch sieht der neue Jazz wie das vorherige Modell aus, sind Veränderungen in den Minivan zahlreich.
Unter anderem ist es wert, sein innovatives Design, neue Plattform, größere Größe und ziemlich neue Mechanik hervorzuheben.
Jedenfalls, bevor Sie weitergehen, um das neue Modell zu analysieren, kann nützlich sein, um darauf hinzuweisen, dass dieser neue Jazz erst sechs Jahre nach dem Eintritt der ersten Generation kommt.
Daher sollte eine erste Beobachtung der Auffassung sein, dass Honda dieses Modell schneller erneuert hat als die anderen Unternehmen in der Regel tun.
Selbst wenn das Jazz-Modell in Europa weniger bekannt ist als in anderen Märkten, bleibt es ein Phänomen im Umsatz.
Dies ist der Fall von Japan, wo Jazz 2002 und auch in diesem Jahr 2008 das meistverkaufte Auto war.
Dort wurden fast eine Million Jazz-Einheiten von der Einführung des Modells verkauft.
Der zweite Markt war der Alte Kontinent, mit etwa einer halben Million Einheiten in sechs Jahren verkauft.
Trotz dieser Zahlen glaubt Honda, dass dieser neue Jazz seinen Umsatz im Segment noch steigert.
Wenn das japanische Unternehmen im Jahr 2007 insgesamt 83.000 Einheiten dieses Modells verkaufte, schätzt es 2009, dass es rund 100.000 Autos sein wird. Dies sieht eine mögliche Steigerung des Umsatzes von 17% nur auf dem europäischen Markt voraus.
Bezüglich des spanischen Marktes hat Honda seit 2002 insgesamt 8.000 Jazz-Einheiten verkauft, was 6,7% des Gesamtumsatzes für das Unternehmen in Spanien entspricht.
Mit dem Kommen der neuen Generation erwartet die verantwortliche Gesellschaft in Spanien rund 2.000 Stück Jazz innerhalb eines Jahres.
Die Ankunft des neuen Honda Jazz wird es wahrscheinlich möglich machen, indem die Senkung des Verkaufs in Spanien zu einem großen Teil.
Tatsächlich erwarten die für die Marke zuständigen Personen bis zum Ende des Jahres mit insgesamt 22.000 verkauften Einheiten, d.h. 4.000 weniger als im Jahr 2007, mit einem Rückgang von 16%.
Trotz des Umsatzwachstums hat Honda auch seinen Marktanteil in Spanien erhöht, erreichte die 1,8%, im Vergleich zum letzten Jahr 1,6%.
Gleichzeitig erwartet das japanische Unternehmen 2010, die 2% zu erreichen.
Um dies zu erreichen, ist Honda zuversichtlich in ein anderes neues Modell seiner.
Dies ist Insight, ein hybrides Fünftür-Kompaktauto, 4,37 Meter lang. Das japanische Unternehmen hofft, weltweit rund 200.000 Einheiten dieses Modells zu verkaufen, innerhalb eines Jahres.
Nach Schätzungen der Märkte und japanischen Hersteller wird der Verkauf von 50% aus den Vereinigten Staaten erfolgen, während die restlichen 50% sowohl aus dem Alten Kontinent als auch aus Japan stammen.
Die kommerzielle Markteinführung von Insight ist für das früh nächste Jahr geplant, kurz nach der Vorstellung des Modells im Januar in Valenza.
Im Vergleich zu der ersten Generation ist der neue Jazz insgesamt gewachsen.
Er erreicht jetzt 3,90 Meter Länge (fünf Zentimeter mehr), 1,69 Meter Breite (zwei Zentimeter mehr) und seine Interachs 2,50 Meter, mit einem Zuwachs von fünf Zentimetern.
Die Höhe von 1,52 Metern blieb immer noch unverändert.
Zusammen mit der Größe stieg sein bewohnbares Interieur im Raum an.
Dieser Vorteil stammt vor allem von der neuen Plattform und zweitens von der Einführung des Kraftstofftanks an einem zentralen Ort, eine Lösung, die bereits im vorherigen Jazz.
Darüber hinaus steigt die Kapazität des Stammes - ein Doppel-Boden-Volumen - auf 399 Liter, eine 19 Liter größere Kapazität in Bezug auf die erste Generation.
Zu beachten ist, dass dies die Honda Jazz 1.4 Maßnahmen ist, während die Kapazität des Stammes in Modell 1.2 nur 379 Liter ist.
Andere Verbesserungen - neben externen Elementen, wie der Rücken oder die Möglichkeit, das Panoramaglas zu montieren - betreffen den verbesserten Zugang zu Rückensitzen.
Türen, die Zugang zu Rückensitzen ermöglichen, öffnen jetzt mit einem Winkel von 80 Grad, im Vergleich zu 67 Grad im ersten Modell.
Darüber hinaus sind alle Motoren in dieser zweiten Generation von Autos ziemlich neu.
Zum Zeitpunkt der Vermarktung kommt dieses kleine Modell mit einem Benzinmotor von 1,2 oder 1,4 Liter.
Beide mechanische Systeme umfassen die i-VTEC-Technologie, die einen geringeren Kraftstoffverbrauch ermöglicht, weniger Kohlendioxidemissionen erzeugt, die mechanischen Veredelungen optimiert und gleichzeitig einen hohen Drehmomentmotor in allen Phasen aufrechterhalten.
Die Version von 1,2 Liter erreicht eine Leistung von 90 PS bei 6000 UpM/rpm mit einem Drehmoment von maximal 114 Nm. bei 4900 UpM/rpm.
Der Antrieb, der im vorherigen Jazz den 78 PS erreichte, benötigt nur 5,3 Liter Kraftstoff und produziert rund 125 Gramm CO2-Emissionen gleichwertig.
Im Vergleich zum vorangegangenen Antrieb, das im ersten Generationsmodell 83 PS verwendet wurde, kann die neue 100 PS nutzen.
Der 1,4 Jazz mit 100 PS erreicht eine Kombination von 5,4 Litern Kraftstoff und 128 Gramm CO2 emittiert.
Ein Bienenwagen, um Kollisionen zu vermeiden
Bei der Entwicklung der Technologien zur Verhütung von Unfällen wurde Nissan diesmal, von Natur und vor allem von Bienen inspiriert.
Das japanische Unternehmen hat einen Roboter geschaffen, der den Flug von Bienen nachahmen kann, um Unfälle zu vermeiden.
Dies ist der Bio-mimetic Car Robot Drive, oder BR23C, der erste Schritt, um Technologien zur Vermeidung von Kollisionen zu entwickeln.
Die Ingenieure des Advanced Technical Centre of Nissan Motor Co. haben diesen kleinen Roboter in Zusammenarbeit mit dem Centre for Scientific Research and Technology der renommierten Universität Tokyo in Japan entwickelt.
Nach Angaben von Kazuhiro Doi, Generaldirektor der Public Relations for the Technology, Research and Development of Brand Management, ist die BR23C eine Erweiterung des Sicherheitsschilds der vier von Nissan produzierten Gebiete.
Dieser Roboter soll die Möglichkeit verbessern, Kollisionen in den von dem Unternehmen produzierten Fahrzeugen zu verhindern.
Während des Fluges schafft jede Biene einen eigenen ovalen persönlichen Raum, der dem von Nissan entwickelten Sicherheitsschild sehr ähnlich ist.
Aber das wichtigste Element besteht aus den zusammengesetzten Augen der Biene, die in allen Richtungen mit einem zusätzlichen Winkel von 300 Grad sehen können, sodass das Insekt ohne Unterbrechung in seinem persönlichen Raum fliegen kann.
Um diese visuellen Funktionen wiederherzustellen, entwickelten Ingenieure das, was sie einen Laserlocator (Laser Range Finder) definierten.
Dieser Mechanismus erkennt Hindernisse innerhalb von 2 Metern und einen Radius bis zu 180 Grad vor dem BR23C, berechnet den Abstand zum Objekt und sendet ein Signal an den Mikroprozessor an Bord, das sofort den Kollisionsverhütung ermöglicht.
"Wenn ein Hindernis erkennt, imitiert der kleine Roboter die Bewegungen der Biene und ändert die Richtung sofort durch Drehen der Räder in einem rechten oder größeren Winkel, um den Kollisionen zu vermeiden.
Der offensichtlichste Unterschied zu einem bestehenden System ist seine entweichende Aktion, die völlig instinktiv ist.
"Wenn es nicht so wäre, würde der Roboter nicht schnell genug reagieren, um Hindernisse zu vermeiden", erklärt Toshiyuki Andoh, Direktor des Laboratoriums für Mobilität und Chefingenieur dieses Projekts.
Im Gegensatz zu einer Biene kann der Roboter nicht nach oben oder nach unten abweichen, oder sogar diagonal. Er kann sich nur in zwei Dimensionen bewegen und in der Richtung, in der sich seine Räder drehen können. Offensichtlich kann er nicht unendliche Richtungen und Wege wie Bienen laufen.
Aus diesem Grund hat Nissan zusätzlich zu den Beschleunigungs- und Verzögerungsfunktionen eine Rotationsfunktion verwendet, um den kleinen Roboter Kollisionen zu vermeiden.
"Dieses Gerät braucht nur um alle wenigen Sekunden neue Informationen zu verarbeiten und aus diesen Daten zu handeln.
Es erfordert keine Informationen zu speichern oder die intuitive Logik der vorherigen Manöver zu verwenden. Aus diesem Grund kann es ohne Unterbrechung nur durch ein paar Dutzend KB Speicher geliefert gehen.
Dies könnte überraschen, aber wir sprechen nicht von Gigabyte oder Mega des Gedächtnisses."
Dies ist der erste Schritt zur Entwicklung neuer Technologien zur Vermeidung von Kollisionen, eine Technologie Nissan Hoffnung wird in Autos als Standard Feature innerhalb von zehn Jahren eingeführt werden.
Der Roboter verwendet Lithium-Polymer-Batterien, die leichter und langlebiger sind als die Lithium-Ionen-Typologie.
Eine zusätzliche Anwendung in einer möglichen Zukunft könnte die Integration dieser Technologie mit dem GPS-Satellitennavigator sein, um den Fahrer an ein bestimmtes Ziel zu bringen und Hindernisse entlang des Weges zu vermeiden.
Beantragen Sie einen Darlehensantrag
Wir müssen erkennen, dass das Ministerium für Finanzwesen der Vereinigten Staaten, das recht gute Hauptstädte besitzt, sicherlich nicht an Talenten fehlt.
Die Krise zu bewältigen und die Amerikaner zu verhindern, mit Müllkrediten von Banken unter Zweifel von Insolvenz betrogen zu werden, entstand ein Spaß und pädagogisches Spiel für Internetnutzer. Dies ist "Bad Credit Hotel".
Mit anderen Worten, das "Hotel der schlechten Kredite"... oder der Probleme.
Der düstere Aspekt dieses Hotels und insbesondere seiner Rezeptionistin zielt darauf ab, die Menschen nicht nur einmal, sondern zweimal oder sogar dreimal zu denken, bevor sie sich um ein Darlehen bewerben.
Und vor allem, um ganz sorgfältig darüber nachzudenken, wo sie sich dafür bewerben. Dies ist wahrscheinlich das Hauptziel des Spiels.
Sicherlich bietet dieses System einige nützliche Informationen, aber bietet eher wenige Details.
Es ist viel mehr eine Webseite für Jugendliche als eine Website für die Öffentlichkeit.
Was passiert, wenn Sie das Spiel fertig machen?
Nun, ein Traum-Zimmer erscheint im Hotel.
Es ist immer noch etwas, denn wenn man ein Haus kauft... besser, es zu verlassen.
Morgan Stanley eröffnete seine Hauptstadt für MUFG
Morgan Stanley hat seinen Eintritt in die Tischrunde von Mitsubishi UFJ Financial Group (MUFG), die erste Bank von Japan, die neun Milliarden Dollar ausgeben wird, um 21% seines Kapitals zu erhalten, Nachrichten, die von einem scharfen Rückgang in Aktienkursen empfangen wurde.
Eine Woche nach der Einführung eines vorläufigen Abkommens haben die beiden Banken erklärt, dass MUFG 9,9% von Morgan Stanley Aktien zu einem Preis von 25,25 Dollar, insgesamt drei Milliarden Dollar kaufen würde.
Der Verkaufspreis liegt am 31. August unter 19% des Werts der Wertpapiere.
MUFG wird eine zusätzliche sechs Milliarden Dollar in den Erwerb von konvertiblen Titeln mit einer gesicherten Ertrag von 10% und mit einem Konversionspreis von 31,25 Dollar investieren.
Morgan Stanley bestätigte, dass die Gesamtoperation auf einem durchschnittlichen Stückpreis von 29 Dollar oder 28% über dem aktuellen Preis beruhen würde.
Jedoch verlor Morgan Stanley Aktien 6,79% auf 23,07 Dollar um 17:00 GMT.
"Diese strategische Allianz ist eine wichtige Gelegenheit, den Übergang von Morgan Stanley zum Status der Holding Bank zu beschleunigen", sagte John Mack, CEO der amerikanischen Gruppe.
Morgan Stanley hat in letzter Woche diesen neuen Status angenommen, der es ermöglichen sollte, seine Aktivitäten zu diversifizieren, aber es muss durch die Autorität der Federal Reserve.
Sein Bündnis mit der MUFG bestätigt auch, dass die derzeitige Finanzkrise die größten Namen auf der Wall Street zwang, eine viel vorsichtigere Haltung zu übernehmen als zuvor.
Die Modalitäten, die am Montag vorgestellt wurden, zeigen, dass die Vereinbarung in den letzten Tagen geändert wurde: der vorherige Montag hatte Morgan gerade angekündigt, dass sie bis zu 20% seiner Aktien an die Japaner für etwa $ 8,5 Milliarden verkaufen würde.
"Vor einer Woche erklärte Toshihide Mizuno, Geschäftsführer der MUFG in Tokyo", dachten wir, die Beteiligung würde vollständig aus normalen Aktien bestehen.
Doch angesichts des aktuellen Standes der Wirtschaft und des Marktes hofften wir, die Risiken zu minimieren und unseren Rücken zu schützen."
Basierend auf dem gewichteten Durchschnittspreis zahlt MUFG für seine Morgan Stanley Wertpapiere 7% unter ihrem Buchwert.
Und die Transaktion wird zu einer Verdünnung von rund 20% Ergebnis pro Aktie führen.
Die Vereinbarung sieht vor, dass die MUFG jährlich die Hälfte ihrer bevorzugten Wertpapiere in Stammaktien umrechnen kann, wenn diese mehr als 50% über dem Konvertierungskurs gehandelt werden, etwa 47 $ für einen bestimmten Zeitraum.
Morgan Stanley versichert, dass das von der MUFG bereitgestellte Kapital es ermöglicht, Investitionsmöglichkeiten zu ergreifen, seine Bilanz zu stärken und seine Liquidität zu erhöhen.
ein Sprecher der Gruppe weigerte sich jedoch, nähere Angaben zu den strategischen Projekten der beiden neuen Verbündeten zu geben.
Nach der Investition von MUFG prognostiziert Morgan Stanley eine Kapitalquote von etwa 15%, einer der besten in der Branche.
Morgan sagte, seine Bilanz seit Ende August "bedeutend" zu reduzieren.
In den letzten Wochen waren für die Gruppe schwierig, die die Hälfte ihres Aktienkurses verschmelzen sah, während die Versicherungskosten gegen das Risiko von Ausfall auf ihre Schuld verschlechterte.
Diese Kosten verringerten sich am Montag, blieben aber auf einem neuen hohen Niveau, etwa 12%.
Vergangene Woche verkündete Goldman Sachs, die einzige überlebende große Investitionsbank auf Wall Street nach dem Konkurs von Bear Stearns und Lehman Brothers und Merrill Lynch Akquisition, dass es $ 15 Milliarden, teilweise aus Berkshire Hathaway, der Gruppe von Warren Buffett.
Rafael Correa in Quito am Montag.
Erneuert um die Republik des Zwanzigsten Jahrhunderts Sozialismus.
Dies ist das gemeinsame Projekt des venezolanischen Hugo Chávez, Evo Morales von Bolivien, und der Ecuadorian Rafael Correa.
Dieser Sonntag, wie seine Kollegen und Freunde, ist es der dritte, um einen Entwurf für eine neue Verfassung zu stimmen.
Mission erreicht seit 64% der Wähler stimmten "ja" auf Referendum, laut offiziellen Ergebnissen basierend auf 80% der Stimmen.
Basierend auf diesen Ergebnissen bekam das "Nein" 28%, 7% der Stimmen waren ungültig und 0,7% waren leere Stimmen.
Damit der Verfassungsentwurf angenommen werden soll, sollte er die Hälfte der Stimmen plus eins erhalten.
Sonntag hatten zwei Umfragen außerhalb der Wahlstationen durchgeführt und eine Nichtregierungsorganisation hatte einen großen Sieg für das "Ja" von der Bandbreite zwischen 63% und 70% angekündigt.
Rafael Correa hatte in der Nacht von Sonntag bis Montag den Sieg seines Verfassungsentwurfs beansprucht.
Die "Konstitution hat so überwältigend gesiegt", versicherte er, lobt die Ecuadorianer im Regierungssitz in Guayaquil, 280 km südwestlich von Quito.
Natürlich wurde Rafael Correa von Chavez und Morales, aber auch von seinem chilenischen Kollegen Michelle Bachellet gratuliert.
Die Umfrage, die friedlich unter der Kontrolle der Organisation der amerikanischen Staaten (OAS) durchgeführt wurde, behandelt in ihrem Text 444 Punkte, die den vom Präsidenten befürworteten "neuen Sozialismus" konsolidieren.
Der Verfassungsentwurf verankert die Macht des Staates über die Wirtschaft, indem er es die "Entwicklungsplanung" eines Landes, das hauptsächlich aus der Ölgewinnung ausländischer Unternehmen und dem ausländischen Geld, das sie ihren Auswanderern senden, bewahrt.
Von Correa, 2006 gewählt, gebohrt, bietet das Projekt dem Staatsoberhaupt auch größere Befugnisse, die bis zu zwei aufeinanderfolgende Fristen von vier Jahren betragen und die Versammlung auflösen können.
Correa hat bereits angekündigt, dass er diese Macht nutzen würde, um im Februar 2009 ein neues Mandat zu suchen.
Die Verfassung konsolidiert auch den Grundsatz der freien Gesundheitsversorgung und Bildung, den der Präsident in diesem Land mit 13,9 Millionen Einwohnern gegründet hat, wo 50% der Bevölkerung unter der Armutsgrenze lebt.
Es sieht auch das Verbot der Anwesenheit von ausländischen Truppen vor, die das Abkommen zwischen Quito und Washington für die Verwendung von Ecuador als Startbasis für US-Antarkotikaoperationen kündigen wird.
Die 19 Geiseln wurden im Tschad freigelassen
Ein ägyptisches Kommandoteam führte einen Angriff auf die Entführer der elf Touristen und ihre acht Eskorten vor zehn Tagen gefangen genommen.
Sie sind in Kairo.
Die elf europäischen Touristen und ihre acht ägyptischen Eskorten, die zehn Tage lang in der Wüste gefangen hielten, wurden am Montag Nachmittag unbeschädigt in die ägyptische Hauptstadt zurückgebracht.
Am Morgen wurden sie von einem ägyptischen Kommando in Tschad freigelassen.
Anscheinend fit, kamen die Geiseln rund 1530 Stunden an Bord eines speziellen Flugzeugs an der Militärbasis von Al-Maza, die an den internationalen Flughafen von Kairo angeschlossen ist.
Sie wurden sofort, ohne mit der Presse zu sprechen, über Helikopter in das Krankenhaus in Maadi, einem Wohnvorort von Kairo, um Prüfungen zu unterziehen.
Sie sind in "guter Gesundheit", und "kein Lösegeld wurde gezahlt" an die Kaptoren", erklärte der ägyptische Minister für Tourismus, Zoheir Garanna, auf der Landstraße.
Am 19. September wurde diese Gruppe von Geiseln in einem 4x4 am Fuße des Berges Ouanat an Grenzen mit Ägypten, Sudan und Libyen erobert und von 35 unbekannten Entführern von einem Versteck zu einem anderen herumgeschossen.
Es umfasst 11 Touristen - fünf Italiener, fünf Deutscher und ein Rumänisch - und auch acht Ägypter: zwei Führer, vier Fahrer, eine Grenzwache und der Direktor der Agentur Aegyptous, Organisator der Safari.
Ein ägypter Sicherheitsbeamter sagte, dass 30 Mitglieder der Sonderkräfte, die an Bord zwei Hubschrauber trugen, den Angriff in der Nacht kurz vor der Morgendämmerung gestartet hatten.
"Es folgte ein Feueraustausch, und die Hälfte der Entführer wurden getötet, die andere Hälfte floh", sagte der Beamte, der Anonymität verlangte.
Er sagte, dass 150 Mitglieder der ägyptischen Spezialkräfte "rapid response" Einheit in Sudan als Ganzes gesandt wurden, wo sie Unterstützung von deutschen und italienischen Befehlshabern erhielten.
Der Leiter des italienischen diplomatischen Korps Franco Frattini in Belgrad, wo er derzeit ist, erwähnte die Rolle der italienischen Geheimagenten und Elemente der Sonderkräfte.
"Wir müssen erkennen, dass wir dieses Ergebnis durch den Professionalismus und die Wirksamkeit unserer Männer aus den Geheimdiensten, aus den speziellen Kräften erreicht haben", sagte er, ohne weitere Details.
Er leugnete auch ein Lösegeld zu zahlen.
Am Vortag hatte die sudanesische Armee behauptet, an Bord eines 4x4-Patrouillenfahrzeugs zu unterfangen, das sechs Tote, darunter der Chadian Head, und zwei Verhaftung war.
Die Armee behauptete, sie seien mit einer Rebellengruppe in Darfur, der Sudan Liberation Movement-Unity (SLA-U), verbunden, was diese Bewegung sofort abgelehnt hat.
Briefe - Die stille Mehrheit der Kultur
Eine Debatte über die Finanzierung der Kultur machte die Schlagzeilen und hat diese Wahlkampagne erregt.
Gut.
Aber ein Sektor unseres kulturellen Lebens bleibt immer vergessen.
Wer wird sich vorstellen, das Elend, das kleinen Museen, Archiven, archäologischen oder nationalen historischen Stätten gewährt wird, zu verurteilen, die nach Finanzierung hungern?
Welcher Politiker wagt es, die Bundesregierung daran zu erinnern, dass er seine Denkmäler und Erbegebäude vernachlässigt?
In Quebec, in Kanada, haben wir keine echten Gesetze, die unser Erbe effektiv bewahren?
Wussten Sie, dass die französische Regierung dreieinhalb Millionen Euro für die Restaurierung des Schlosses Chinon im Loire-Tal widmet?
Unsere amerikanischen Nachbarn haben in der Verfassung ihres Landes geschrieben, dass Erbeschutz Teil der amerikanischen Kultur ist und dass dieses Erbe von allen Bürgern, allen gewählten und allen Regierungsbehörden geschützt werden muss, und das in Zusammenarbeit.
In Quebec, der Vereinigung der Gesellschaften der Geschichte Quebecs, sind mindestens 40 000 Freiwillige, die in 211 Agenturen für Geschichte, Erbe, Archive und Genealogie zusammengeschlossen sind, um die Geschichte zu erforschen, mit Erhaltung, mit wenigen Geldern, Stapel private Archive und Erhaltung archäologischer Überreste.
Sie sind oft die Wachhunde unseres Erbes, die mit der Energie der Verzweiflung protestieren, wenn Entwickler und Konstrukteure ihre Bulldozer gegen unsere alten Gebäude und unsere vergessenen Friedhöfe starten.
Wann wird es ein Forum für Geschichte und Erbe geben?
Fortis-Bank teilweise von Benelux-Regierungen nationalisiert
Benelux-Staaten unterstützen Fortis, die belgisch-niederländische Bank - das erste europäische Finanzinstitut, das wegen der Folgewirkung der amerikanischen Kreditkrise in Schwierigkeiten steht - durch einen Teilstaatskauf. Die drei Länder haben vereinbart, in das Banken- und Versicherungsunternehmen mit ungarischen Interessen 11,2 Milliarden Euro einzusetzen.
Ende dieser Woche haben die belgischen, die luxemburgischen und die niederländischen Regierungen zu diesem Thema auf höchster Ebene gehört, wobei der Präsident der Europäischen Zentralbank und der Wettbewerbskommissar der Europäischen Kommission beteiligt waren.
Innerhalb der Eurozone ist Fortis die erste Bank, die von der internationalen Finanzkrise in den letzten 12 Monaten in Wellen herrscht. So können die getroffenen Entscheidungen aus einer gewissen Sicht als Präzedenzfall angesehen werden.
Im Rahmen der am Sonntagabend getroffenen Entscheidung wird jede Regierung eine Beteiligung von 49 Prozent an Fortis-Banken in ihren jeweiligen Ländern übernehmen.
Die Bank wird sicherlich einen Teil ihrer Anteile verkaufen, insbesondere die Versicherungstätigkeiten, die sie im vergangenen Jahr bei der niederländischen ABN Amro erworben hat.
Fortis Aktien begannen, letzte Woche tief zu stürmen, dann im zweiten Teil der Woche Anzeichen einer schweren Krise erschienen im Unternehmen.
Die Analysen stimmen zu, dass die Bank - mit ihren 85 000 Mitarbeitern - zu groß ist, um in Konkurs zu gehen.
Die Anteile der Bank sanken am Freitag um 12%, was der Rekord niedrigste für 14 Jahre ist.
Der Wert der Aktien ist seit Januar um zwei Drittel zurückgegangen.
In Anbetracht der aktuellen Aktienpreise beläuft sich der gesamte Marktkapitalwert der Gruppe auf rund 14 Mrd. EUR. Dies spiegelt jedoch nicht die Realität wider.
Das Management verschuldet die Unsicherheiten in Übersee - die mit der Annahme des amerikanischen Pakets von 700 Milliarden US-Dollar verbunden sind - für den Fall der Aktien von Fortis.
Die Lagerbestände zeigten am Montag einen leichten Anstieg.
Am Freitag wurde Filip Dierckx zum neuen Chief Executive Officer der Bank ernannt.
Das Finanzinstitut suchte auch private Käufer, aber bisher wurde kein materielles Angebot angeboten.
Die belgische Regierung erklärte früher, dass die Investoren keinen Grund zur Sorge hätten, sie würden ihr Geld nicht verlieren.
Bisher ist bei den Kunden der Bank keine Panik entstanden; es hat kein Bankrausch stattgefunden.
Fortis hat ein eigenes Bankgeschäft in Ungarn und hat auch Leasingunternehmen gekauft.
Fuchs im Hennehaus
Die amerikanischen Lebens- und Krankenversicherungen weigern sich oft, aufgrund ihrer Drogeneinkaufsdaten Versicherungen an einige Bürger zu verkaufen.
Datenschutzexperten fürchten, dass der Datenmarkt unkontrollierbar wird.
"Es gibt ein Datenschutzprogramm, das die Genehmigung der betroffenen Person erfordert, um die verschreibungspflichtigen Daten zu verwenden.
Es sollte unabhängig sein, sonst wird der Fuchs das Henne-Haus bewachen", zitiert der Washington Post Richard Dick, Entwickler des Programms, das für die Verfolgung von Medikamentenverschreibungen anwendbar ist.
Die Versicherungsgesellschaften entscheiden über die Versicherungsgebühr und den zu zahlenden Betrag im Falle von Schäden je nach Gesundheitszustand des anwendenden Kunden, und wenn sie es für zu riskant halten, stellen sie keine Versicherung zur Verfügung.
Die anwendenden Kunden geschickt wurden, um eine medizinische Untersuchung durchzuführen, und der Vertrag wurde nur unter Berücksichtigung der Ergebnisse abgeschlossen.
Dick entwickelte vor zehn Jahren eine viel billigere Methode: auf der Grundlage der Identifikationsnummer des Kunden, die in den letzten 18 Monaten vom Kunden gekauft werden kann, kann leicht nachgewiesen werden, sodass das Programm die Folgen für die Krankheiten, die der Antragsteller erleidet, sowie für den Gesundheitszustand ziehen kann.
Beispielsweise bezieht sich der Fall des regelmäßigen Kaufs großer Dosierungen von Cholesterinreducierenden Medikamenten praktisch auf die Tatsache, dass der Kunde unrührbar hohen Blutfettspiegel hat, wodurch diese Person sofort in eine höhere Risikokategorie gebracht werden würde.
Das Programm hat verschiedene Versionen im Handel, von denen einige sogar den Risikofaktor definieren, so hat die Versicherungsgesellschaft nichts anderes zu tun als die Papierarbeit, obwohl kleinere Schwierigkeiten auftreten.
Eines der Nachteile ist die Tatsache, dass einige Medikamente für mehrere Zwecke verwendet werden können, zum Beispiel eine medizinische Formel sind die Behandlung von Migräne, Hitzewellen oder sogar Depression.
Letztere ist aus Sicht der Geschäftsversicherer ein erheblicher Risikoanstiegsfaktor, während die beiden anderen nicht.
Es gibt bestimmte Unternehmen, die sich mit der Erfassung und Verarbeitung von Daten beschäftigen, und sie bitten den Patienten um Erlaubnis, bevor sie die notwendigen Informationen von den Apotheken erwerben.
Sie sind bereits dazu verpflichtet, das zu tun, obwohl ihre früheren Versagen nicht bestraft wurden.
Einige Unternehmen verarbeiten sogar die Ergebnisse von Laboruntersuchungen und verbinden diese mit Drogenkonsum-Daten. So können sie genauere Informationen über den Gesundheitszustand der Patienten bereitstellen.
Immer mehr Unternehmen erhalten Zugang zu den Daten und gleichzeitig wird die Kontrolle ihrer Nutzung immer schwieriger.
Es gibt einen speziellen Rechtsakt über den Datenschutz für die Gesundheitsversorgung, deren Anwendungsbereich jedoch nur Gesundheitsdienstleister und Versicherungsunternehmen umfasst.
Der Rechnung über die Bereitstellung von Inspektionsbefugnissen für die Behörden gegenüber Unternehmen, die sich mit der Datenvermittlung befassen, wurde dem Kongress vorgelegt.
Dick Richard erkennt, dass es nicht genug ist: Deshalb hat er sein Programm weiter entwickelt, das nun die Datenübertragung in Bezug auf die geforderte ausdrückliche Zustimmung der betroffenen Person einschränken würde.
Eine andere Frage ist jedoch, dass der Kläger nicht wirklich die Zustimmung verweigern kann, ansonsten werden die Versicherungsgesellschaften keinen Vertrag mit ihnen schließen.
Die Hühner hängen zu einem gewissen Grad weiterhin von der Wohltätigkeit des Fuchses ab.
Menü "Global Marseille"
Handel der Europäischen Union und Indien
Da die Europäische Union und Indien führende Handelspartner miteinander sind, wurde die Tagesordnung des neunten Gipfels zusätzlich zu anderen, vor allem globalen, Problemen auch von dieser Frage beherrscht.
Heute wird auch ein Gipfel zwischen Frankreich und Indien stattfinden, insbesondere über die Zusammenarbeit mit Kernenergie.
Obwohl die Europäische Union anerkennt, dass Indien eine aufstrebende demokratische Weltmacht ist, die in internationalen Angelegenheiten mehr Mitsprache erhalten sollte, konnten die Mitgliedstaaten noch nicht zu einer Vereinbarung kommen, ob sie die ständige Mitgliedschaft in Neu Delhi im UN-Sicherheitsrat unterstützen oder nicht.
So wurde diese Angelegenheit auf dem neunten Gipfel, der gestern in Marseille organisiert wurde, nicht gezwungen.
Der französische Präsident Nicolas Sarkozy als Rotierende Präsident der Union, der Ausschusspräsident José Manuel Barroso und der Außenpolitik-Chef Javier Solana begrüßten den indischen Premierminister Manmohan Singh und stimmten zu, sich zu verdoppeln, d.h. zu erhöhen auf mehr als 100 Milliarden Euro, den Handelsfluss in 5 Jahren.
Da der Warenaustausch zwischen 2000 und 2007 von 25 Milliarden auf 55 Milliarden ansteigt, ist dies kein zu ehrgeiziges Ziel.
Dementsprechend wurden mit Indien 26 bilaterale Übereinkommen über die Zivilluftfahrt rechtlich harmonisiert, was bedeutet, dass der Luftverkehr in Zukunft Flügel kann.
Indien will das Freihandelsabkommen mit der Union bis Ende 2009 unterzeichnen.
Sarkozy versprach, die Harmonisierung zu beschleunigen.
Ziel ist es, das Gleichgewicht zu finden, während Indien Nummer ein Handelspartner der EU ist, gleichzeitig hat New Delhi nur den neunten Platz auf der Liste der EU-Partner.
Der Gipfel konzentrierte sich auf globale Fragen:
In Bezug auf die Lage in Afghanistan und Pakistan sowie auf den Terrorismus wurde diese in jeder Form von beiden Parteien verurteilt und die UN-Konferenz einberufen.
Auch die Fertigstellung der Doha Trade Round wurde beschleunigt, obwohl beide Parteien bislang für die Fiasco verantwortlich sind.
Die EU bestätigte, ihr Energie- und Klimaprogramm aufrechtzuerhalten, was die Absicht bedeutet, die Luftschadstoffemission bis 2020 um mindestens 20 Prozent zu senken.
Indien vereinbarte damit sowie das Ziel, auf der nächsten Klimakonferenz eine globale Einigung zu erreichen und die Treibhausgasemission bis 2050 um 50 Prozent zu senken.
Ein weiteres Ziel war es, das Wachstum der Lebensmittelpreise zu verhindern und eine Forderung nach einer internationalen Konferenz zur Überprüfung der Finanzkrise wurde unterstützt.
Der indische Premierminister geht heute zu einem bilateralen Treffen in der französischen Hauptstadt, wo er zu einem Abkommen über den friedlichen Einsatz von Kernenergie kommen will.
Paris erwartet, dass französische Unternehmen Verträge über den Bau von Kernreaktoren in Indien zu einem Wert von 20 Milliarden Euro vergeben werden.
Laut Informationen der Nachrichtenagentur würde die Vereinbarung für 15 Jahre in Kraft sein.
Über dreihundert italienische Redakteure in Frankfurt
Starke Präsenz italienischer Herausgeber auf der Internationalen Buchmesse in Frankfurt.
Mehr als dreihundert werden die italienischen Redakteure sein, die zum sechzigsten Jahrestag der Buchmesse, die wichtigste internationale Veranstaltung für den Austausch von Urheberrechten, anwesend sind.
Die Internationale Buchmesse in Frankfurt erwartet für diesen Anlass über siebentausend Aussteller aus 101 Ländern, die die 171 790 m2 große Fläche mit über 403 Tausend Titeln besetzen werden, und die Türkei wird Ehrengast sein.
Francesco Maria Giro, Ministerium für Kulturerbe und Aktivitäten, wird die italienische Regierung bei der Einweihung der italienischen Pavillon vertreten: In der Tat wird Italien als Institution mit einem italienischen Stand – 264 Meter quadratiert Ausstellungsfläche vertreten sein.
Anschließend wird die Pressekonferenz im Raum Struktur von Pavilion 5.0 der Buchmesse stattfinden: Dies ist der Anlass, wo Zahlen, Trends und ein Blick auf den Status der italienischen Verlagsbranche vorgestellt werden.
Laut den Daten nimmt die Bedeutung ausländischer Autoren in der italienischen Produktion, insbesondere für Erwachsene und Kinder, schrittweise ab.
Das Flugzeug von Steve Fossett fand der Millionär verschwand vor einem Jahr
Das Wrack des Flugzeugs von Steve Fossett, dem Millionär, der am 3. September 2007 beim Flug über die Nevada-Wüste verschwand, wurde gefunden.
Die Wrackage wurde auf einem Plateau auf 3000 m Höhe gefunden, in der Sierra Nevada Gebiet von Mammoth Lakes, an der Grenze zwischen Kalifornien und Nevada.
Im Inneren des Flugzeugs gab es jedoch keine menschlichen Überreste.
Der Sheriff des Madera County, John Anderson, hat alle übrigen Zweifel vertrieben: "Das Flugzeug wurde lokalisiert, wir haben ein Team geschickt, und jetzt haben wir bestätigt, dass es die eine ist, an der Steve Follett flog, an dem er verschwunden ist", sagte er in einer Pressekonferenz.
Danach weist der Sheriff darauf hin, dass keine menschlichen Überreste auf dem Flugzeug oder in der Umgebung gefunden wurden.
Der Millionär, 63 Jahre alt, wurde im Februar aufgegeben.
Das American National Transport Safety Bureau (NTSB) hat berichtet, dass einige Stunden nach dem Wrack ein Nachforschungsteam gesendet wurde, das das Flugzeug identifiziert hat: es ist die Bellanca 8KCAB, die seit dem 3. September 2007 fehlt, als Fossett von Yerington in Nevada für einen dreistündigen Flug.
Gestern, immer in Kalifornien, nicht weit von der Grenze zu Nevada entfernt, wurden einige persönliche Sachen gefunden, die Fossett gehörten, von einem Paar in der Nähe ihres Hauses in Mammoth Lakes.
Die Gegenstände sind zwei Dokumente im Namen von Fossett, beide von der Federal Aviation Administration von Illinois ausgestellt, einige Bargeld und ein Sweatshirt.
Die Suche nach Fossett wurde ein Monat nachdem er verschwunden war abberufen.
Der Millionär hatte sich dank einer Reihe von Weltrekords einen Platz in der Geschichte erlangt.
Im Jahr 2002 wurde er bei seinem sechsten Versuch der erste Mann, der die Weltreise in einem Heißluftballon absolvierte: einen zweiwöchigen Soloflug.
Drei Jahre später machte er die Weltreise mit Flugzeug ohne Landung.
Zu seinen zahlreichen Platten fliegen auch 15 445 Meter über den Andes, aber mit einem Co-Pilot.
Glk, die Werbung, die Sie nicht erwartet
Ein SUV, der außerhalb der Normen ist, mit einem originellen Design, das durch entscheidende Linien, reichliche Oberflächen und saubere geschnittene Ecken definiert ist.
Kurz gesagt, das ist GLK, die neueste Ergänzung zu den "kompakten" Offroad-Fahrzeugen des Sternenherstellers, mit dem Mercedes-Benz versucht hat, in diesen Sektor frische Luft einzuatmen.
Rechts, weil seine Merkmale aus den traditionellen Normen liegen, wird die Botschaft bei der Einführung des GLK SUV auch unerwartet und unkonventionell sein, sie wird ab dem 17. Oktober in Mercedes-Benz Showrooms verfügbar sein.
So wird die Werbekampagne, die das Debüt des neuen Fahrzeugs begleiten wird, eine neue Kommunikationsmethode, die auch eine futuristische Kampagne von 3D Billboards umfasst, zum ersten Mal in Italien von einer Automarke verwendet.
Ein Projekt von großen Werbetafeln, in drei verschiedenen Phasen in Bewegung gesetzt, das bis zum 15. November die zentralste Mailänder-Einkaufsstraße, Corso Como, dominieren wird.
Die erste Phase dieser neuen Art der Kommunikation beginnt mit einer Präsentation des Autos in stereoskopischer Sicht, und dank spezieller Brille verteilt in der Nachbarschaft von Corso Como ist es möglich, den neuen SUV in wahrer Größe und 3D-Format zu sehen.
Tatsächlich wird ein Blick auf das Bild die Empfindung bekommen, dass das Auto aus dem Poster heraussteigt.
Anschließend werden durch den Einsatz der innovativen Technologie Elumina 8 alle Details des neuen GLK zu verschiedenen Zeiten beleuchtet und dann als ein einziges Bild wieder zusammengesetzt.
Ohne Zweifel versucht Mercedes durch diese Werbung, etwas Neues in das konventionelle Fachgebiet der Automobilwerbung einzuführen.
Wird es mit dieser Formel erfolgreich sein, das Interesse zukünftiger Käufer zu provozieren? Wir werden sehen.
Hier ist, wer die italienischen Hooligans sind
von der Tri-Veneto, die von der Teilnahme an den Sportbeständen (Daspo) verboten werden dürfte.
Aber wer sind diese 150-200 Menschen, von denen Italien sich jetzt schämt? Sie sind Teil der Gruppe "Ultras Italia", die seit Jahren die nationale Fußballmannschaft unterstützt und bis jetzt, Wahrheit bekannt, nie große Probleme geschaffen hat.
Auch hat er niemals mit den gegnerischen Fans zusammengeworfen.
Die Auszug der Gruppe ist der rechte Flügel.
Die Promotoren stammen aus Tri-Veneto.
Aus Verona, Padua, Trieste und Udine.
Diese wurden von einigen kleinen Gruppen (in Wirklichkeit sehr wenige Mitglieder) aus Campagnia und Puglia vereint.
Sie haben dreifarbige Fahnen mit der Stadt des Ursprungs der Militanten auf ihnen: am Samstag wurden diese weggenommen, so dass sie nicht identifiziert werden konnten.
Sie nehmen ihre Ideen von englischen Fans auf.
In Bulgarien fanden sie Unterstützer, die wahre Nazis waren, die Levski-Gruppe.
Die FIGC hatte die italienischen Fans 144 Tickets für das Spiel zur Verfügung gestellt: alle persönlich, daher leicht zu überprüfen.
Und das Innenministerium von Viminale hatte sie alle überprüft: Unter den Gruppen, die nach Sofia gingen, war keines verboten, ein Stadion zu besichtigen.
Vier italienische Unterstützer, die früher Stadion-bezogene Verbrechen hatten, waren tatsächlich abgelehnt worden, Tickets und gehalten worden.
Jetzt wartet das Innenministerium darauf, die offiziellen Aufzeichnungen zu lesen, die von der bulgarischen Polizei vor Schritten kommen sollten: In diesem Fall ist es möglich, die Unterstützer, die während der Störungen verhaftet wurden, mindestens fünf Jahre lang zu verbieten.
Eine internationale Verbannung, die nicht nur die Anwesenheit von Stadien in Italien, sondern auch in ganz Europa verbietet.
Unsere Hooligans, kurz gesagt, würden nicht ein anderes Stadion betreten.
Glücklicherweise.
Aber jetzt gibt es Angst vor der Emulation, das ist, daß andere sich zu diesem wenig mehr als hundertfünfzig.
"Wir müssen diese Brandung sofort herausstellen und nicht legitimieren diejenigen, die sich in dieser Weise verhalten", behaupten die im Ministerium in Viminale.
Also, "augen weit offen vor allem, da es das National Team am Mittwoch in Lecce spielt".
In Puglia gibt es tatsächlich einen kleinen Kern der Ultras Italia Unterstützer.
Morgen trifft sich die Beobachtungsstelle am Dienstag die CASMS, die auf einen Abschnitt der AISE zählen kann, das ist der Geheimdienst, der genau die Probleme in Stadien behandelt.
"Der Chor Duce Duce und der Arm streckten sich während des Mameli Hymnes aus? In Bulgarien ist es kein Verbrechen..."
Dies sind die Gedanken (ausgedrückt mit großer Enttäuschung) von Domenico Mazzilli, die vor einigen Wochen der Direktor der Sternwarte der Viminale ist (er erreichte die Stelle, die zunächst von Francesco Tagliente und dann von Felice Ferlizzi gehalten wurde).
Zuvor war Mazzilli Leiter der Polizeiverwaltung in Triest, wo es einen Kern der Anhänger von Ultras Italia gibt, der 2002 gegründet wurde.
Es stimmt, sagt Mazzilli, dass es in Bulgarien kein Verbrechen ist, Hymnen an den Duce zu chantieren, aber sicherlich das Verhalten dieser 150-200 Fans ist Schande gewesen.
"Ich bin kein Soziologe - fügt die Nr. 1 der Beobachtungsstelle hinzu - das Verbrechen sollte in dem Land, in dem der Vorfall stattfindet, zugerechnet werden.
Bis jetzt ist diese Gruppe innerhalb der Linien geblieben, jetzt werden wir sehen, was tatsächlich passiert ist und wir werden sie für zukünftige Referenzen auswerten.
Aber sprechen wir auch über den Pfeifen zum Mamelihym: Das ist auch kein Verbrechen in Bulgarien, aber wenn ich sagen darf, ist es nicht gute Manieren ...".
