Norway'in rakip: Bu dünyanın en basit balıkları mı?
Norveç'in beş milyonu, sadece Avrupa'da değil, dünyanın en yüksek standartlarından zevk alıyor.
Ülkenin başarısının sırrı, bir çok ucuz balıklar için yerli balıkla bağlantısı olabilir mi?
Sıcak çiçekleri seç.
Onları pis bir parçanın arasına koy, ıssız bir şişe.
Bir hafta kal.
Şimdi, büyük Norveçli deliliklerden biri olan rakip bir rakipiniz var.
Oslo'dan üç saat kadar Fagernes'in küçük kentindeyim.
Kar, şeker sahnesi ve bu ok, havada her zaman var.
Rakfisk, bir yılda nasıl balığına benzeyeceğine bağlı kaldığına bağlıdır.
Karanlıkta ve havada soğuk havada olduğu gibi, Norveç'ler burada Fagernes'te bu kadar özel bir bayrama katılıyor.
Havard Halvarsen'e "Büyük bir cenazeyi yeyip sonra bir bardak atın" diyor. Ayrıca, Fısıh için yapılan "Rakfisk General" de.
Çevremizdeki insanlar balıkların küçük parçalarını yeyip içecek.
Havard şöyle diyor: "Bazı insanlar rakfsk'ten daha fazla.
İçki kokuyu öldürebilir.
Birkaç parça deneyiyorum.
Eğer bunu borunun altından uzak durabilirsen, bu kötü bir şey değil, uzun bir otobüs yolculuğuna benzer.
Rakfisk, Norway'de çok farklı, yoksul-strretik bir dönemdir.
Sonra, kışın derinlerinde ve gerçekten derinliklerinde, gerçekten de içmekle doludur, ve şüphe yok ki, sarhoşluktan sıvıldayan akıllılarla doludur.
Sadece bir nesil önce, Norveç'in binlercesi ülkelerini iş aramak için ülkelerini terk etmek zorunda kaldılar, genelde ABD'ye geri döndüler.
Şimdi, insanların yüzde 13'i daha hızlı genişletiyor.
İsveç'ten gelen insanlar, eski yolculuğun daha uzun zaman önce Norveç'ten daha zengin değiller.
Rakfisk önemli bir şeyi, Norway'nin eski bir parçasının içinde, çok önemli bir şey imzalamak olarak görülür.
Alabileceğin daha pahalı bir şeydir.
Ama o zaman her şey pahalı bira ya da sandwich klasik $14'e kadar pahalıdır.
Norveç genelde dünya çapındaki haberlerde bunu yapmıyor ve çoğunlukla böyle görünüyor.
Buradaki insanlar, Anders Breivic'nin adını söylemeye hâlâ çok düşkündür, doğru, rahibe, 77 erkek ve çocuklar.
Bunun yerine, vuruşlar 22 Temmuz'da bir olay olarak adlandırılır.
Norvegians, barışsever bir ülkesinde böyle şiddet ve cinayete sahip olduklarına inanmakta zorlanıyor.
Dünyanın 1970'in ilkbaharlarından beri, dünyanın en büyük yağı ve gaz uzmanları Norveç'in günümüzdeki zenginliğin arkasında.
Anna şöyle diyor: "Bu, sadece bu kadar iyi yaptığımız için değil."
- Ne kadar saçma insanlarla konuşuyoruz.
Onun İngiliz, buradaki insanların çoğu gibi, saçmalık.
Biz çok zeki değiliz, ormayı sevmiyoruz.
Norway'in yavru malını çok dikkatli bir şekilde ele aldığını, fakat bir antistri'den, gelecek nesiller için özel bir paraya harcanıyor.
Herkesin sahip olmadığı parayı kovduğu yıllarda Norveç'in, dünya ticari çökme riskinden önceki yıllarda dükkânlarını sıkıca bağladı.
Anna şöyle diyor: “Kışta yattığımızda ve Cumarteside oturduğumuzda mutluyuz."
"Ve rakfsk'i ye." İlgili bir gülümseme ile birlikte.
- Yemek için kar ve kuyruğunda duruyorum.
Şimdi, bir elektrik kazası kesinlikle farklı bir şeydir.
Ama akşam, bu ıssız balıklardan çok daha fazlası.
Otelde kaldığım otel, en iyi yemekte ya da belki en zor balıklardan biridir.
Doğal televizyon, rakfsk'in kasları olan bir rakipin etrafında yaşayan bir televizyon bağlantısı var.
Eurovizya şarkısı bir kavga gibi.
"Tor-Juergen'deki en iyi balıkların nesi var?"
"Bu bizim noktalarımız, Havard."
Kaçıyor, gülüyorum.
Bir adam arabasını yere düşürebilir, belki de kütükle yenebilir.
Belki de bu balıkların hepsinden sıçramalar.
Meksika'nın Enrique Pena Nieto'nun yüzleri zor başlasın
Meksika'nın Başkan Enrique Pena Nieto'nun rehabilitasyonuna hazırlanırken, BBC'nin Will Grant'in ona ve halkın umumi beklediği sorunlara bakıyor.
Meksika'daki trafik, özellikle şu anda çok kötü.
Pazartesi günü bir şehir, cumartesi günü birkaç anahtar yolları kestiğinden ve yollarda kaos çıkardığından beri, bir kütle kırılmış.
Ama amaç şirketlerin çalışmaya devam etmesine engel olmamalıydı, ama proteinler parlamentoya ulaşmalarına engel olmamalıydı.
Cumartesi günü Mexico'nın yeni Başkanı Pena Nieto'yu ele geçirecek ve ulusların konferansasını ele alacak.
Harika bir iş yapıyor.
Meksika, Felipe Calderon'un doğum yönetimi altında ekonomide çalışıyor, ama ülke altı yılda 60.000 ila 600.000 hayatı olduğunu iddia ediyor.
"Benim hükümetim Mexican Nieto'da şiddeti azaltmak için büyük bir antlaşma var."
Yeni bir güvenlik strateji teklif edeceğim, bu amacımıza ulaşmamıza izin verecek.
Bay Pena Nieto'nun geçmişteki siyasi deneyimi, Meksika'nın merkezi olan ülkesiydi.
Yeni liderle ilgili görüşleri eski deprem yerlerinde bölünmüştür.
Dürüst bir adam
Valle del Bravo kentinde, çok güzel hatırlanıyor.
Rezervanlar, reservasyona ve enfeksiyona yol açarak onu övüyorlar.
Bay Pena Nieto'nun yeni motorlarına ulaşmak için, kayıp ve dükkân yollarında çok iyi bir gelişme var.
Adını da anımsatıcı bir spor merkezi dışında ve klima değişimi hakkında etkileyici etkileyici bir müze.
Bir arkadaşı ve politik dostu Gabrriel Olvera Hernandez, Bay PPa Nieto'nun partisi için durum konferans, PRI.
Genellikle güvenlik ve ekonomi olarak, ülkemizin ne kadar da kötüye ihtiyacı olduğu gerçek bir değişim bekleriz.
81 yıllık gücünden sonra PRI'nın 2000'de Vicente Fox'u kovduğuna karar verdiler.
Congressman Olvera, Los Pinos'un dışında 12 yıl önce prensiplik paletinin dışında, Enrique Pennia Nieto'da çok beklenti var.
Yeni prensip'in inançsız olarak rehabilitasyonlarını reddediyor.
O çok doğru bir adam, ülkenin güzel görkemiyle dolu.
O iyi bir yönetici ve en önemlisi, nasıl dinleyeceğini bilen biridir.
Ama durum diğer tarafta, bu, eski yöneticilerinden çok daha fazla insanın etkilenmesine yol açmıyor.
Nezahualcoyotl'da, Ciudad Neza'da da, Valle del Bravo'nun kollu sokaklarının akışı ısırı değildi.
Mühendislik motosikletlerin altında, Meksika'nın ortasındaki bir üniversitede.
Ve müniksiyondaki problemler de kırgınlık ve fecidir.
Bu yıl önce askerler, uyuşturucunun uyuşturucunun işleyişine yardım etmek için çağrıldılar ve özellikle kadınlarla karşı şiddete başvuruyorlar.
Son iki yıl içinde, çok büyük bir bölgede, katilin sayısız kadının cesetleri yalnız kaldı.
México’dayken, Bay Pena Nieto’da 1.000 ’ den fazla kadın öldürüldü. Ciudad Juarze’de, masum kadınların cinayetinden çok daha yüksek bir konumdaydı.
Bay Pena Nieto'nun kritik eleştirileri en iyisi, o ofisteyken bu sorunu tam olarak ele almadı.
En kötüsü, kör bir göz çevirmek için onun yönetimini suçladılar.
Irinea Buendia, son kızı Marina Luna'nın resimlerini bana göstermek için evin normal bir odasında, gözyaşıyla mücadele ediyor.
Maddi olayların resmi bir çevirisine göre, Mara 2010 ’ da Marina'ya saldırdı.
Ama ailesi onun arkadaşı tarafından öldürüldüğüne inanıyor.
Senora Buendia, "Onun evine geldiğinde cesetini yıkanmış gibi görünüyordu."
Ayetleri vardı ve mortisler zaten kurulmuştu.
Annesi hikâyeyi anlatırken, Mariana'nın resmi duvarlardan aşağıya bakıyor, bir delikanlı tek bir kelimeyle, bir kasırgaya bakıyor: Adalet.
Ama ailenin de böyle söylediği doğrudur.
Hükümetler bana eski bir yalan söylemişim, belalı bir çiçeğim gibi davranmıştı.
Sadece söylediklerini kabul eder ve kapalıdır.
"Ancak aptallık ve görevler varken bu doğru değil." diyor.
Başkan Pena Nieto'nun cumartesi günü salonu alır.
Geçtiğimiz altı yıl boyunca Meksika’da korkunç bir suç yüzünden on binlerce aile etkilendi ve yeni başka bir prensip, o ofiste zamanını ön plana koyacağına söz verdi.
PRI Congressman Olvera'da Valle de Bravo'da bir başkan gibi bir prenses olduğunu söylüyor.
Ama bu, Ciudad Neza'daki kurbanların ailelerinin en korkuları.
Bradley Manning, prosecular konferansı hakkında şikâyet etmedi.
Profesörler Bradley Maning'in konferanstan'ın suçlamalarını reddedmeye çalışıyor.
Manning'in, Quentico, Virginia'daki orduda zamanına odaklanıyor.
Mahkeme davası Maning'in konferansının sert olduğu yerlerden boşanmak istiyor.
Ordunun klasik binlerce belge çalma suçu var.
Profesörler bu özel Army Bradley Manning'i Cumartesi günü kurmaya çalıştılar -- ABD'de yapılan en büyük konferans'ta, askeri saldırıya uğradığı için söylenmek için birçok fırsatı kaçırdılar.
F. Meade, Maryland, profesör Maj. Ashden Fein'in haftalık ziyaretler sırasında Kattiko, Virginia'da birleşmiş bir uzman olduğunu belirtti.
Manning'in davasını savunmak için bir koruma hareketi sırasında, konferans'ın şiddeti ve cezayı yeterince azalttı. Bir gün adam tutuklanmadayken suskun olduğunu kanıtladı.
Haziran 2010'da tutuklanan asker, Irak'da hizmet ederken binlerce sınıf belgeyi çalmakla suçlandı.
O zaman WikkiLeaks tarafından internette yayımlandı.
WikkiLeaks Manning'in bilginin kaynağı olduğunu hiç kanıtlamadı.
Cumartesi günü, Maning'in Maning'in, Kantico'nun konferansı'nın kürsütünde yaptığı toplantıdan sonra Maning'le ilgili bir araştırma yaptı. Orada Temmuz 2010'dan Temmuz 2011 ’ de yüksek konferans görevine sahip oldu.
Memurlar Maning soru soracak ve cevaplarını yazacaklardı.
Fein cuma günü hakkında sorulduğunda, Maning'in muhafızları tarafından "excelli" olarak tanındığını kabul etti.
Müdürler Maning'in tedavisi hakkında doğrudan söylense de, Fin'in kavga ettiği gibi.
Adamın yanıtı, sorunu çözeceğini ve ziyarete gelen memurların konular hakkında konuşacağını ve cevap verileceğini söyledi. Ama bu meseleleri yazmadılar.
"Konuşmalar" yazacaklardı. Ve belki de bir şey getirememiştim." dedi.
Yargıç, Army Col. Denise Lind, ayrıca Maning'den bir ocak 2011'de bir uzmanda yaptığı bir anketten neden şikâyet ettiğine şikâyet etmediğini sordu.
Adaming'in bu toplantı sırasında amacının "savunma" durumunu düşürmesi gerektiğini söyledi.
Ordu, onu bu kısıtlama durumuna koydular, aşağıda bir adım, onun koruması ve diğerlerinin güvenliği için.
"İyi olduğumu bilmek istedim ve POI durumumu bırakmak istedim."
Adamın Irak'da tutuklandığını ve Kuwait'e gönderildiğini belirten Pazar günü, orada yaklaşık iki ay önce Marine Base Quantico'da Virginia'ya taşınmış.
Kuwait'de susturucu planladığını söyledi ve bir keresinde bir kez de ıssız bir yere geçti.
Ona ve diğer dünyada neler olup bittiğini bilmemek için izin vermediğini söyledi.
Maning, "Dünyam Camp Arafjon'a, bu caddeye çarptı." dedi.
O caddede öleceğimi sanıyordum.
Kantico'da bir keresinde Maning küçük bir hücrede birçok gün geçirdiğini söyledi. En azından 21 saat ve 23 saatten fazladır -- şirket yok.
Manning sadece bir mattrat, blanket, flip-flops, bazı giysileri ve gözlükleri olduğunu söyledi.
O hareket etmeye çalışıyordu, çünkü o gün yatıyor ya da yatıyordu.
Adaming her zaman hücresinden bir ışıkla uyuduğunu söyledi.
Eğer koruyucular gece boyunca yüzüni göremiyorsa, onu arkaya vurmak için uyandıracaklarını söyledi.
Manning'in avukatı, Manning'ın tıbbi tedavisi için bir şey yaptı.
Manning, 2011 yılının Nisan ayında Fort Kansas'ta askeri hapishaneye taşındı.
Ve Cumartesi günü yargıç Maning'in, bir gece Quantico hücresinde uyumaya zorlandığı için, sabahın başlarında ve diğer arkadaşlarının önünde oturmaya zorlandı.
Adamning, baş sayımında kendisini saklamaya hiç izin vermediğini doğruladı.
Mahkeme'den sorulduğunda Maning'in, kendisini koruyabilecek bir bıçakı atması gerektiğini söyledi, ama kimse onu bırakmayı emretmediğini kabul etti.
Adamın ertesi Pazar günü uykuya dalması gerektiğine dair kanıtlar vardı, çünkü memura'ya kendini tehlikeye sokmaması için önceki gece uyuyakaldı.
Adamning memuruna, ıssız ya da kasırganın kendini yaralamadığını söyledi. Ama bunu yapmadı.
O gece Maning'in tanıklığı, altları, fırçaları ve gözlükleri hücresinden kaldırıldı.
Avukatları en azından, en azından, hapis cezasını kısaltarak mahkemede yargılanmalı ve ertesi yıl başlaması bekleniyordu.
Mahkeme, Manning'in suçlamaları daha az olduğu için suçlamayı ve diğer suçlarla aşırı derecede mücadele etmeyi planladığını söylüyor.
Dinleyiciler, bu hafta sonunun geri dönmesi için program yapıyorlar. Profesörler, bu durumun kısıtlanmış olduğunu iddia ediyorlardı.
Pentagon Manning'ın, Quantico'daki tüm maximum-cucudi detayları yönetme kurallarına göre hareket ettiğini korudu.
Adamning'a karşı yapılan hesaplar, düşmana yardım etmek, internette yayımlamak, milliyetçilik bilgilerini ya da kayda ya da kayıplara aktarmak için yanlış bir yoldur.
Eğer tüm mazeretleri üzerine suçlandıysa, bir hayat mahkûmuyla karşılaşabilirdi.
Mexican-American kimliğim krizi
Oradaki fırsatların eksikliği nedeniyle birçok kişinin Meksika’dan ayrılmaya zorlandığı söyleniyor.
Mexicans, geride kalanları suçlamaya eğilimlidir ve zor zamanlarda Mexican'ı hatırlarlar.
Navarrette Mexican-Americans'ın iki dünya arasında yakalandığını söylüyor.
Meksika'ya yeni giden bir yolculuğun ardından, konsey'i ıssız bırakıp taşındığım yerlere gittim.
Mexicanos'a işaret eden işaretler: Biri "Mexicans" (Mexicans), diğeri için "Extranjeros" (Foreigers).
Orada birkaç saniye kaldım. Nereye gideceğimi bilmiyordum.
Orta California'da büyüdüğümde, tüm hayatımı "Mexican" olarak adlandırılmıştım.
Boston'daki arkadaşlarımın, ya da New York'taki arkadaşlarımın kendilerini "İrlanda" veya "Italian" olarak adlandırdığı gibi.
Daha sonra "Mexican-American"'a karar verdim.
Ama bu Meksika'ydı.
Ve büyükbabamın ülkesinde kısa ya da kahvaltıya gerek yoktu.
Ben sadece Amerikalıydım.
Ben İspanyolca konuşuyorum, o dilde bir görüşmenin bitmesi için yeterince iyi.
Ama nüfusunun sesleri yok ve Amerikan ajandamı zehirleyemem.
Bu yüzden U.S. Pasaportumu aldım ve Eknjeros'a yol aldım.
Bu hafta Mexican Başkan Enrique Pena Nieto'nun Başkan Obama'yla tanışmak için gelen beyaz House'a gittiğini düşündüm.
Bu iki ülkenin liderleri, göçmenlik, uyuşturucu ve ticaretle karşılaştığında genelde.
Pena Nieto de Mexican ekonomisi hakkında konuşmak istiyordu, bu yüzden Meksikalıların artık Meksika'da kalmasının bir nedeni de buydu.
ABD ve Kanada'yla ortak bir ilişki kurmak ve Kuzey Amerika'daki bir Avrupa Birliğiyle gezmek için bir blok oluşturmak istiyor.
Ve Pena Nieto'nun uyuşturucu arabalarına karşı savaşı devam edeceğine söz verdi.
Meksika için, Amerika Birleşik Devletleri arasındaki ilişki karmaşık ve sert duygularla dolu.
Amerikalıların çoğu 1848 yılında Meksika'yı kovdu ve liderlerinin bölgelerinin yarım bölgesine imzalaması için baskı yaptılar.
Ama onlar için, yüzyıllar boyunca düşündükleri için, hatırlatmalar her yerdedir.
Bu yüzden Amerika Birleşik Devletleri'nin hükümetinin, Meksika'nın en az bir kritik kritik olduğunu söylediği bir an, Mexican basasında ve elektrikler arasında, Amerikanların komşularının yönetimine nasıl karşı çıkardığı hakkında şikâyet ediyorsun.
Ve Montezuma'nın çocukları savaşta.
Yine de Meksika'da 35 milyondan fazla Mexican-American'la ilgili çok zor bir ilişki var.
Zor duygular hakkında konuşmak ister misin?
Pek çok şey var.
Meksika'da kazananlar ve kayba uğrayan insanlar, ülkenin fırsatları ve sahip olmayanlar için fırsat verenler.
Mexican'ın Los Angeles, Las Vegas, Phoenix, Denver ya da Antonio gibi şehirlerde o kadar çok insan var ki, ailemizin bir ucunda bir erkek, belki de anne ya da büyükannesi vardı.
Ve çoğunlukla, bu adam bir profile denk, siyah, küçük eğitim, yoksul bir köyden.
Biz onların çocuklarıyız ve onlara vefalıyız.
Mexico değil.
Şimdi Amerikan Dream'da yaşıyor olsak da iyi okullara gittik ve iyi işler elde ettik. Ama Amerikan Dream'ın yaşadığını ve Mexican'ın biri olmadığını asla unutmayız.
Kimliğimiz bazen tuhaf olabilir, fakat vefamız açıkça bellidir.
Amerika Birleşik Devletleri'ne.
Ayrıca, hükümet sınıfındaki birçok uzman Mexican'ın bizden hoşlanmadığını da biliyoruz.
Duygular ortaktır.
Bizi utanç verici bir zaferin bir hatırlatması olarak görüyorlar ve bize, Mexican'ın yeterli olmadığının en azından daha üstün bir sığır olarak bakıyorlar.
İspanyolcamız hiçbir zaman iyi olmaz, Meksika'ya sınırlarımız yeterince güçlü değildir.
Bizim varlığımız, gördükleri gibi, her şey başarısızlığa uğramıştır.
Eğer ailelerimiz Meksika'da başarısız olsaydı, buradan ayrılmazlardı.
Ve şimdi, ABD'de iyi bir hayat sürdüğü halde, canımızı kaybedecek bir şey bulamazdık.
Guadalajara'da doğduğum ve ABD'ye çocuk olarak gelen ve Mexican-Amerika'nın, Mexican ve Mexican Amerika'nın, Mexican ve Mexicans'ın kimliğinin ve Mexican-Amerika'nın ne kadar güçlü olduğunu hatırladım.
ABD vatandaşıken kendini iki ülkenin bir parçası olarak görüyor.
Bu arada, Mexican-Amerikalılar da her ikisi de olduğunu sanmıyorum.
Mexican grubunu dinlemeyi seviyoruz, Los Tigres del Norte'yi, fakat Bruce Springsteen'i de severiz.
İki dünyanın en iyisini alırsın ama sen de kökleşmişsin.
Meksika'da, Amerikalılar olarak görülüyoruz.
Amerika Birleşik Devletleri'nde de Mexican'ı saydık.
Şimdi, seyahat ederken, bazı Mexican liderleri ve zekilerin Diaspora'yla yeniden bağlantı kurmak istediğini öğrendim.
Mexican-Americans'ı Meksika'ya "meshoplar" olarak kullanmak istiyorlar.
Amerikalılara, bu büyük bir ülkenin Meksika ile ilişkisini güçlendirmek için siyasi liderlerin ziyaret ve baskı yapması gerektiğini söyleyeceğiz.
Evet.
Bu olmayacak.
Çok sert hisler.
Ve inanılmazlık, aşırı yozlaşma ve uyuşturucu bağımlılığıyla, çoğumuz bunun büyük bir ülke olduğundan emin değiliz.
Korkarım kendi başınasın, amigos.
Bu adil.
Eğer en azından bazı Mexicanlar, Meksika'ya bir yüzyıl önce nasıl davrandığı için, en azından bazı Mexican-Amerika'nın, aile üyelerinin bundan çok daha kötü davrandığını kabul etmeliler.
Hmmm.
Belki de düşündüğümden daha fazla "Mexican"yız.
Eski Savaş, Yeni Ortadoğu
İsrail ile Hamas arasındaki son çöküş yine de barış için bir temel olabilir.
Ortadoğu’da Arap ve Yahudiler arasında kalıcı bir barış var mı?
Kan kazasının başka bir kısmı da böyle bir ümidin boş olduğunu gösteriyor.
Tel Aviv, İsrail’in Metropolisi ve kutsal Yeruşalim’deki masum yapıların sayısı 140'den daha azaldı; onların çoğu sivil ve altı İsrailli tarafından öldürüldü.
Fakat İsrailliler ve Palestinianlar eski savaşlarda durduklarını görseler de, Ortadoğu’nun çevresindekiler değişiyor.
Arap kaynakları havada parçalar attılar ve Palestinian ve İsrailliler bölgedeki örgütün kırsal bölgesinde tutuklandılar.
Belki de bu, onların savaşlarını daha öncesinden daha çok kanlı hale getirecektir.
Ama bunun sadece bir seksi olduğunu düşünmemiz için geçerli nedenler var.
Kaybolmayacak veya kazanmayacak bir savaş.
İlk bakışta optimiz şu an doğrulamak çok zor görünüyor.
21 Kasım 21 Kasım'da bir anlaşma olsa da, bu hafta savaşı iki tarafta havuzları güçlendirdi.
Hamas'ın liderleri, 2007'den beri Gaza'yı yöneten İslamcı hareketleri, Gaza'yı İsraillileri geri çevirmeye zorladı.
Bazı liderlerini öldürerek, Gaza'nın 1.7m'ini yere vurmasına rağmen, İsrail Hamas'ı yok etmekte başarısız oldu.
Evet, Hamas Batı Bank'da, Palestine'in şu an Faşet'de, daha çok, daha fazla kibarca, Palestine'in konsantresi.
Dahası, Hamas'ın liderleri zamanın onların yanında olduğunu düşünebilirler.
Arap dünyasında İslamcılar kıtasını kazandığı için Hamas güçlü ve zengin dostlar edindi.
Türkiye, eski İsrail'in en yakın Müslüman askeri olan bir bölgede, Gamas'ın sebeplerini aldı. Böylece Katar, Gölü'nin en zengin ve en dinamik yönetiminden biridir.
Jubilant Hamas'ın halkları, kuzeydeki İslam'ın İslamcısı, Lebanon'un Lebanon'dan ıslatıldığını söylüyorlar. Orada Hizbullah Parkı-kumi-milittiya'da, Sirya'da, İslam'da artışlı bir İslam Asad'da ve Jordan'dan'da, tüm insanlar krallık yapıyorlar.
Daha da önemlisi, İsrail’in güneyinde, Mısır'da başkanlık eden Muslim Kardeşlerinin ortaya çıkması, en büyük ve Arap ülkelerinin en büyük ve en büyük nüfuslu bölgesi, bölgenin dengesini değiştirdi.
Hosni Mubarak, 2011 yılında Mısır’a kadar 30 yıl süren bu dünya depresyonu Hamas için çok az zaman kaldı.
Öte yandan uluslararası kardeşlik, Hamas'ın ağabeyi ve liderleri daha yaygın görüşlere daha çok saygı duyarlar.
Genas'ın gelecek diplomasi, İsrail ve Amerika'nın bile kapatılabilecek bir aktör olabilir.
Bu arada, İsrail'in sertleri ters sonuçlar ortaya çıkaracak.
Gamas askeri terimlerde, kutunun içine geri çekildi.
İsrail'in Iron Dome'in anti-missile sistemi onun değerini kanıtladı ve Hamas'ın fırçalarının çoğu yok edildi.
İsrailli daha sesli uyuyacak. Bir süre için.
Diplomatik terimlerde Amerika'nın her zaman olduğu gibi, Avrupa'nın birçok ülkesi de şiddetin en son yerleşimini başlattığı için Hamas'ı suçladı.
En önemlisi, İsrail’in, özellikle de Binyamin Netanyahu yönetimi altında, barış sürecini önemsemeyen Başkâhin bir hizmetçi oldu.
Gaza'dan 30 kişi öldüyse de, İsrail, Batı Bank'a ulaşan bir engelin, Paletinian'ın ana politikası, ulusal kanunlara rağmen, nüfusunun büyüklüğüne rağmen, nüfuzlu bir uzmanlıktan kurtuldu.
Bay Netanyahu, Likud partisi Avigdor Liberman'ın 22 Ocak'da bir seçim yapmak için çok daha fazla zekice oturuyor.
Niçin o on dört Palestinian'ı kendi durumuna getirmişler?
Eğer Batı Bank'ı çıkarlarsa, Gaza'da yaptığı gibi taşları da kovmaz mıydı?
Onları arkalarından tutmak ve başlarını yukarı kaldırırlarsa, onları vurun.
Belki sertler kazanacak, ama Arap kaynaklarının hesaplamalarını değiştirebilir.
İslamcılar Mısır’da ve başka yerlerde İsrail’e olan sevgileri azalsa bile, onların öncelikleri evdeki sorunlara yol açacak.
İsrail'in parasızlığı dört Arap komşularından daha büyük.
Yerel güçle savaşın başlaması, yeni Arap hükümetleri, ekonomilerine yardım etmekte zorlanacaktır.
Pragmatic Bay Morsi'nin Barack Obama'yla çalışıp, bir şeyin başını işaretlemesi için Barack Obama'yla çalıştı.
İsrailliler de uzun bir ifadeye bakmalıdır.
Arap dünyasının geri kalanı daha fazla demokratik oldu ve Palestinian'ı kendi haklarını kaybetmekle, İsrail'in bu haftasında bir gün ıstıraplı bir tavrı oluşturuyor.
Demography, İspanyol nüfusunun kütlesi olarak, Yahudiye'de demokratik demokrasi bunu ortadan kaldırıyor.
Bloody, birkaç yıl boyunca Gaza'ya karşı görevler, Hamas'a geri dönmek için artan diplomatik tonunu ortaya çıkaracak.
İki taraf da diğerlerinin de söylenmesine ihtiyacı var.
Cevap, iki tarafta, diğer dünyanın çoğu ve bu haber gazetesinde, İsrail’in güvenliği için güvenli bir bölgesi olan iki ülkeye bağlı olan, akıllı insanlar tarafından devam eder.
Ümit, kısa sürede küçük bir kişi, bu sebeple dışarıdakilere biraz daha fazla zehir vereceği anlamına gelir.
Mısır'ın, şimdiden Gaza ve Türkiye ve Katar ile birlikte, 1967'e dayanan bir Yahudilik politikasını kabul etmesi daha iyiydi.
Arap dışındakiler de bir araya gelmek için Hamas ve Fatha'ya basmalılar.
Bu, UN'daki sanal durumuna göre en azından bir Palestinian durumu oluşturmak için daha fazla şey yapacaktır.
Bay Obama da masaya götürmenin bir parçası var.
İlk sürede barış için planını vermeyi ihmal etti.
Beyaz House'da, içeri girmek için tam tersi görünüyor.
Bu ne kötü bir kayıp.
Amerika'nın, Ortadoğu'da önemli bir ilgisi var.
Bu, İsrail ile Palestinian arasında barış birliği anlamına gelir.
Cigarette, Avusturya'da zehirli yasalar çıkıyor
Sigara içmek ve hasta vücudunun bir parçası olan yeşil kağıtlar üzerinde birleşmiş.
Avustralya'nın sigara ve uyuşturucu gibi çorbalarla ilgili dünya yasaları, gencin fırçaları ve renkleri, genri zehirli zehirli kütleleri, hastalıklı sıvıları ve çocukların sıvıları ve çocukların sigara içmekle ilgili kanunları güçlendi.
Sebt'ten gelen, cumartesi'den gelen, cumartesi'den gelen tek paran isimlerinden farklıdır ve hepsi de aynı derecede küçük yazılarında basılmıştır.
Sigara içmek için dünyanın en büyük rejimi.
Avustralya'nın federal yönetimi, gençlerin sigarayı bırakarak sigara içmekten vazgeçtiğini söylüyor.
Araştırmalar, insanların 26 yaşında sigara içmemeye başladığını gösteriyor.
"Çok ergenlik çağından beri çocukların, sigara şirketinin bütçelerinde satmaya çalıştığının farkında olduğunu görebiliyorsun."
Avustralya, dünyanın en düşük sigara trafiğinin ve değişimlerin milliyetçiliklerin yararlarına daha az etkisi olmayacak. Diğer ülkeler de benzer adımlar atıyor.
Sigara içmek kanunlara karşı ağır bir baskı yaptı.
Tobacco firmaları, sigara satışlarına ve daha kolay sigaralara yol açacaklarını söylediler.
Scott McIntyre, Amerika Birleşik Devletleri’nde Tobacco Avustralya'da ciddi sonuçlar olacak dedi.
Çin ve Indonesia'dan gelen sayısız ürün Avustralya köyelerinde satmak için çok fazla getirilecek.
Diğerleri de yasaların işlerini bozduğunu söylüyor.
Sandra Ha'nın Zico Paty Ltd, Amerikan Tobacco, Britanya'nın İmparatorluk Tobaco, Philip Morris ve Japan Tobaco'nun yüksek mahkemelerde yasalara karşı bir mücadeleyi kaybettiklerini söyledi.
Zico'nun 6000 ucuna sattığını ve yeni otomobilleri beklediğini söyledi.
Bu bizim için iyi bir iş.
Mühendisler, sosyal medyanın bir planı olduğunu söylüyorlar.
Avustralya kanunları televizyon örgütlerini ve spor sporlaşmalarını yasakladıktan sonra, birçok satıcının sigarayı görmesini talep etti.
Avustralya, yerel şirketler ve siteler tarafından web televizyon muhafaza edilmesini yasakladı, ancak bu siteler kısıtlayamadı.
"Eğer sen bir sigara markacıysan ve ürünlerini destekleyen bu küçük pencerenin sadece internette olduğu bir yer varsa, burası senin için çok zor bir yerdir" dedi.
Freeman'ın, YouTube, Twitter ve Facebook gibi sosyal medya sitelerinde yer alan web sitelerinin artışını belirtti.
Sadece Marlboro sigarayı gerçekten seven özel bir vatandaş mı?
İngiliz Amerikalı Tobacco Avustralya'nın yeni kurallara değil, yeni kurallara odaklandığını söyledi.
İstasyon, Ukrayna, Honduras ve Dominik Cumhuriyeti'nin yeni kuralları karşılamak için yeni kurallara başvurmak için dünyanın Trade profesörü'nde, Avrupa'nın en önemli ticareti olan herhangi bir ülkenin ticari sınırsız olduğu söyleniyor.
Bir WTO yönetimi muhtemelen 2013'dedir.
Pliberz hükümetin başka ülkelerde de benzer kanunlar ele aldığını söyledi.
Kanada 2001 ’ de fotoğrafların manastırı oluşturmak için ilk ülkeydi.
Brezilya, Türkiye ve Ukrayna da dahil 40 ’ dan fazla ülkeye gidiyorlar.
Zor kanunlar Britanya, Yeni Zelanda, Güney Afrika ve Hindistan'da ele alınıyor.
Avustralya'da çok fazla sigaracı kalıyor.
Resimler beni etkilemiyor.
Sadece onları görmezden geliyorum.
Victor El Hage, "Bir çiçeği kırıp bırak." dedi.
Dürüst olmak için bir tek sebebim var ve bu benim küçük kızım.
Orta Sidney'de Pack Kralını koşan James Yu, üniversite kurbağası, kendi sürüsünü kesmek için çok zor olduğunu söyledi.
"Daha fazla göndermek için beni bir saate götürmüştüm, şimdi dört saat alırım." dedi.
"Daha önce hükümet onları yasakladı, sonra giderdik, iyi yaparız, dükkânı kapatacağız." dedi.
Düzeltilmiş bir dünyada, her şey kötü değildir.
Bu uçağın mechanical problemleri olduğu ve başka bir uçuş beklememiz gerekti.
Bu yüzden komik konu hakkında uzun zaman geçirdim.
Sana yalan söylemeyeceğim.
Bir uçağın beklentisinde bir gün, kitapların, dergilerin ve iPhones'in dikkatini dağıtması için bir gün gecikiyor.
Ama daha da artışta, bazı akademik ve çocuk gelişimi uzmanları heyecan verici bir övgüyle geliyor.
Bu bizim için iyi. ve çocuklarımız bazen kokacak, diyorlar.
Beyninin meraklı tanjantlara, belki de yaratıcılıklara devam etmesini zorlaştırır.
Ve çoğumuz bir ekrana düzenli olarak bağlandığımız için, bu günlerden faydalanmıyoruz.
Demek komik ısıralım mı?
Evet.
Ve hayır.
Ama geri döneceğim.
İlk olarak, çok sayıda insan gibi, bu komik kütüphanenin, daha fazla eğlenme sürecinde olduğu sonucuna vardım.
Aslında, Kanada’daki Calgary Üniversitesi’nde Yunan ve Roma tarihi profesörü Peter Toohey’e şöyle diyor: "Boredom: Hayat Tarihi" (Jele University Press, 2011).
"Boredom'un çok uzun bir tarihi var." dedi.
Birinci yüzyıldan itibaren Pompeii duvarlarında Latin grafifesi var.
O zaman, komik nasıl tanımlandığımız hakkında soru var.
Sorun, John D. Eastwood, Ontario Üniversitesi’nde (Kanada) bir psikoloji profesörü olan John D.
Araştırma araçlarını inceledikten ve 100 kişiden oluşan bir grubun önünde, Professor Eastwood ve arkadaşlarının, “yapacak bir tecrübe ” olarak tanımladı.
Atanmışlıktan ne kadar da kötü bir şey, bir kişinin bu şekilde uzlaşmadığını değil, o olmak istediğini söyledi.
Sadakatsizliğiyle, bir şey yapmak istemediğini söyledi.
Kızgınlık tecrübesi şöyle diyor: "Sakinat sürecini azaltır, ve zaman yavaş geçiyor."
Bodyum depresyon gibi korkunç bir şey duyabilir.
Fakat Profesör Doğuwood, birbirleriyle iletişim kurarken, çevre ya da dünya gibi sorunu görmeyi çok sevdiklerini söyledi.
Bazen bir konferans konferansı olduğumuzda çok sıkıcı olduğumuzu düşünüyoruz.
Araştırmalarına göre, Eylül Eylül'de, Professör Doğudoğu ve coşkuluların bir tanesinin okuduğu bir makalenin bir tanesini dinleyen bir tanesi olduğunu belirtti.
Bazı gruplar, sonraki odadaki sessiz televizyon programını duymuş, diğerleri de bu kadar az bir derecede dikkatliydi, ama üçüncü grup sesleri duymamıştı.
Televizyon'u dinleyenler, diğer iki gruptan daha heyecanlı olduğunu söylediler, ama neden bu kadar zor olduğunu bilmiyorlardı ve bunun nedenini bilmiyorlardı.
İlginç ya da ağır bir göreve odaklanmaya çalıştığınız zaman Mark Fenske, Ontario Üniversitesi'nde bir uzman olan Guelphio Üniversitesi'nde bir uzman olan bir uzman, bir araştırmacıdan.
Öte yandan, bir şey yapıldığınızda, "Kötü bir fabrika çizgisinde kötü parçalar aramak gibi, dikkat dağıtıcı müzik de sana yardım edebilir."
Aslında, şu an, sızınmanın ve uyuşturucunun çoğunlukla bir alameti olarak görüldüğünde, insanları fiziksel tetikte tutmakla savaşmalarına yardım edebileceğini biliyoruz.
Profesör Fenske şöyle dedi: "Daha önce oturmaya zorlananlardan daha fazla bilgi ve bilgi almak üzere izin verilen çocuklar."
Birkaç noktada hepimiz çok heyecanlandık: uçuşumu, çabucak konuşmacımı, özellikle de zehirli bir filmi.
Ama bazı insanlar diğerlerinden daha çok kızgın olabilirler.
Bunu belirlemek için, 1980 ’ lerde araştırmacılar "Boredom Proneness Scale" geliştirdiler.
"Yapmam gereken çok şey var" ve "Her şeyi yapmak için vaktim yok."
Araştırmacılar bu örnekleri kullanarak, çocukların kızlardan çok daha sık sık zehirlenmeye eğilimli olduğunu öğrendiler.
Ama çoğunlukla, gençler çok iyi bir zehirli.
1991'de, İllinois Üniversitesi'nde insan ve toplum gelişimi profesörü olan Reed Larson, yaklaşık 400 yaşındaki ve anne babasıyla bir gün yedi kez görüştü.
Genç gençlerin yüzde 32 ’ si okulda kovulduklarını ve ev işlerinde çalıştıklarını söyledi. 23'in yüzde 23'i de okulda olmadıkları zaman ezildiklerini söyledi.
Öte yandan anne babanın yüzde 3 ’ si kovulduğunu söyledi.
Profesör Larson, 21 yıl sonra komik yüzdesi daha yüksek ya da daha düşük olduğunu bilmiyordu.
Ama "çocukluğun ıslık süresi" olduğunu biliyordu, çünkü çocuklar ve gençler, istedikleri her şeyi bir ölçüde kontrol edemiyorlar.
İlk soruma geri dönün. Senin için güzel mi?
Bazen hayır, çünkü en büyük olasılıkla insanları fiziksel tehlikelere, oyunlara ya da rekabetlere yol açabilirler. Araştırmalar, bunu kolaylıkla tatmin etmek için bir yol olarak gösteriyor.
Öte yandan, birçok felsefe ve yazar, şiddet ve yaratıcılık arasındaki bağlantıyı ele alan Profesör Vodanovich, 2 yıldan uzun süredir bu konuyu inceleyen Profesör Vodanovich.
Bir psikoloji profesörü olan Gary Marcus, "Boredom, sana başka bir şey yapman gerektiğini söylemenin yoludur" dedi.
Ama beyn her zaman en uygun şeyi bilmiyor.
Bu enerjiyi gutar ve yemek için kullanırsan mutlu olacaksın.
Ama televizyon izlerseniz kısa sürede mutlu olursunuz ama uzun süredir değil.
Eğer çocuğunuz kovuluyorsa ve ona iPad verirsen artık kovulmaz, ama kendini nasıl kirletmeyi öğrenemedi, Profesör Fenske.
Ve dedi ki, "Kendi kendini bir durumla ilgili bir dengeye taşınıyor."
Çocuğun sadece kendini rahat hissetmeyi öğrenmez, ama başka yerlerde daha fazla kontrol kazanır.
Bence gerçekten ziyafet kutlamak istediğimizi sanmıyorum.
Biz de bu konuda aşırı eleştirici olmamalıyız.
Aksine bizim hedefimiz, çalışma ve teknolojiden uzakta yaşamaktır.
Profesör Doğuwood bunu kabul etti.
"Biz daha çok kokuya ihtiyacımız var, ama bu, acı ve anlamlı bir şeyle bağlantı kurma arzusudur." dedi.
İnsanlar ne arıyorsa aradığına göre, zamanın bitmemesi ve rahatlamanın bir yolu olduğunu söyledi.
"Daha sık sık rahatsız olduğumuz bir çevrede" dedi. "Susup kışkırttığında konuşmanın yollarını bulmak zordur.
Colorado'da, New Marijuana Kanunu yok
Anthony Orosco, güney Üniversitesi’nde bir üniversite üniversite öğretmeni ve mühendis bir oyuncu, kısa sürede şuradaki bir suç suçlamada bulunuluyor: Marijuana'nın ve bir ipi sömürüyordu.
Bay Orosco'nun ve birkaç arkadaşının bir gün Eylül'de Lamar’da yürüdüğünü söyledi. Kansas sınırının yakınında, Kansas sınırının yakınındaki ucunda.
Polis memuru arabada marijuana'yı buldu. Bay Orosco, mal mülk ve uyuşturucu parası için bir davette bulundu. Her bir $100 dolar taşıdı ve bir mahkeme buluşması verdi.
"Bizler suçlular gibi davranıyoruz" dedi.
Ama o bir mi?
Colorado'nun, eğlence kullanımı için çok küçük miktarda marijuana'nın hükümetine başvurduklarından birkaç hafta sonra, yüzlerce küçük uyuşturucu olaylarının yanıtı, yerçekisinden daha az olan kanuna bağlıdır.
Yüzlerce marijuana davaları zaten buradan çıkarıldı ve Washington State'da da aynı ölçüye göre kabul edildi.
Polis partileri 21 yıl boyunca, yasal olarak hükümetler tarafından düzenlendiğinde, yasal olarak kabul edilebilecek küçük bir maliyetten 21 yıl bahsediyor.
Fakat Kolorado'daki daha fazla reservative prensipler, var olan marijuana davaları ile başa çıkacaklarına söz verdiler ve hala sahip olmak için insanları zorlamaya devam ediyorlar.
Aynı zamanda, Denver Altındaki Batı Dağları'ndan bazı şehirler yeni, yeni, yeni, reklamlı marijuana'nın konferanslarını açmaktan bahsediyor.
Denver'in doğusundaki polis memurları Daniel J. Oes, "Bu çok hızlıdır, sonra ne olacağını bilmiyorum." dedi.
Washington State'deki Rehberler de kafalarını karıştırıyor.
Ayrıca, 2013'de Dec'in ölümcül bir cumhuriyet, üretim sistemini nasıl kurmak için bir yol arıyorlar.
Colorado'nun, daha iyi ya da daha kötü olduğu için, marijuana'nın daha çok tıbbi eğitimi için, önce tıbbi kullanım için ve şimdi eğlence için daha fazla yer olduğunu söylüyorlar.
Brian E. Smith, Washington Üniversite Lior Kontrol Board'a dedi.
Ama hiçbir yer ya da sistem, Bay Smith'in dikkatini çekmiş olmasının nedeni ne olabilir?
"Bizi takip etmek için daha önce hiçbir şey yok." dedi.
Washington'un kanunu, I-502 diye adlandırılan Dek'te de bir yıllık bir libo'yı bırakıyor. 6 da lisans sisteminin henüz olmayacağı bir yıldır, ama hükümetin maliyeti olacak.
Ve o zaman lisanslı mechanical sorular var ki, lisans'ın 1000 metrenin içinde, park, park, çocuk sahibi ya da çocuk sahibi olmak için liseyi nasıl dengelendireceği gibi, lisanslı merijuana'nın liseyi nasıl dengelendirileceği gibi.
Ben Livingston'a, Legal Cannabis'e bir araştırma grubu oluşturan bir gruba daha zor olacak.
Nov. 21'de, Aurora'daki başbakan Heats'ta, Avusturya'daki yöneticilere bir e-posta yolladı. Avusturya'daki avukatın 21 yıl ya da yaşta hiç kimsenin kötü bir şey yapmadığını ve polisin bu suçları "hiç denetim" için insanları durduracağını söyledi.
Başbakan Oates, polisin, tıbbi marijuana yetiştiricileri ve uyuşturucu trafikler ve uzmanlar tarafından eğitilmelerini sağlayacağını söyledi.
Kuzey Colorado'nun Weld County'de, bölge avukatı Ken Buck'ın büyük bir bakış açısını temsil ediyor.
Otobüsten sonra ofisi marijuana'nın maliyet davalarını aramaya devam edeceğini söyledi.
Şu anda, insanlar iki gram ya da marijuana'dan daha az bir suçlama yapılıyor, ama birçok kişi başka suçlara maruz kalıyor.
Bay Buck bir açıklamada şöyle dedi: "Ofisimiz, o zaman suç işlemiş olan suçlardan sorumludur."
Bu cevap, Mesa County gibi bölgelerde bile karmaşık hale geldi. Havacılar marijuana'yı ilk önce reddettiler.
Büyük Junction'daki polis, Sayı'nın en büyük şehri olan Polonya, artık küçük miktarlara sahip yetişkinleri izliyor.
Sayı Avusturyası, Pete Hautzinger, bu kararı destekledi, ama bu kararı destekledi.
"Halkı değiştirene kadar yasayı desteklemeye devam edeceğimi sanmıyorum." dedi.
Colorado'daki uçakların yüzde 55 ’ si de bu ölçüyü desteklemiş olsa da, bir mevsimin ve hukuk sisteminin daha basit bir yeri yoktur.
Ve politikanın çevresindeki reklamlar yerel yetkililerin büyük yeşil deneyler hakkında derin bir iç iç içelik oluşturuyor.
"Burası kültürel bir engeldir", Sean McAllister, Marijuana'nın savunucularını temsil eden Denver avukatı ve Uluslararası Reforman Marijuana Kanunları için yerel bir temsilci olduğunu söyledi.
"Hayatı ödemelerinin birçoğunu harcadılar, böylece hâlâ bu yasayı kabul etmiyorlar." dedi.
İlk olarak, Kolorado ve Washington'ın, uyuşturucu yasaları için milli davalar oluşturmak için yeterli olduğu söyleniyor.
Reklamlar ve hükümet yetkilileri, hükümetlerin yeni bir salonu için planlar yaptığında, federal hükümetin reklamını ve marijuana'yı tahsis etmek ve marijuana'yı federal suçlar yapmakla ilgili talimatları beklerler.
Marijuana'nın yasadışı örgütleri, Adalet Departmanının kabul edilmesini bekler.
Bazı tıbbi marijuana hastaları ve satıcıları tutuklamalarına rağmen, federal hükümet çoğunlukla Colorado, Washington ve 16 farklı ülkelerde tıbbi marijuana işlerinde çalışmalarına izin verdi.
Uyuşturucu ajanları uyuşturucunun küçük bir kısmını yakalamak için kapıları aşağı atmazsa da, yeni kanunların altındaki eğlenceye izin vermelerine izin vermeleri için, Kevin A. Sabe'nin eski bir ilaç politikalı tavsiye ettiğini söyledi.
Colorado’daki bazı şehirler federal hükümetleri beklemiyor.
Elektrik günü gelmeden önce, bazı yerel hükümetler marijuana'nın herhangi bir yıla kadar yeni marijuana dükkânlarını kabul etti.
Geçen hafta, Montrose'nin batısında altı-millet yasaklandı ve bir hafta geçebilirdi.
Bob Nicholson, Şehir konsil üyesi olan birisi, "Birinin lisans levhasını kabul edip sonra büyük bir federal davası yapmasını istemiyoruz" dedi.
Toplumumuz buna karşı komplo yaptı.
Toplum durumun neye yol açıldığına bakıyoruz.
Çok fazla soru var.
Petronella Wyatt: Oxford'dan çıkıp Tory'den kaçtım.
Bu sadece bugün üniversite üniversite üniversite öğrencilerine saldıran değil.
Oxford Üniversitesi'nde bir yer kazanmayı hayal ettiğim zaman hatırlamıyorum.
Babamın ve amcamın hayal ettiğim en büyük eğitim yeriydi. Günümüzdeki bir Yunan şarabı symptosium, tembellik, özgürce düşünce ve inanç talebini teşvik etti.
Yine de, Worcester College'de geçen son birkaç hafta içinde, tarihin sonlarına doğru, banyolarımı böceklerimden çıkarttım ve hayatımın ilk sahnesini hazırladım.
Babam kırılıp ağladı.
Arkadaşlar bıçaklıydı.
Toplantı Dramı, ben çıkacağımı iddia etti, çünkü odamda seks olduğum kişilerden biriyle ilişkim vardı.
Yazar N Wilson'ın, bıçaklardan içmek istediğim için ayrıldığımı açıkça söyledi.
Hakikat azdı.
Kaçtım.
Evet, ran, çünkü sistemde korku ve korkuya kapıldım.
Üniversite ismimle ya da özel bir okuldan geldiğim sonucuna varmam.
Tek bir sebepten dolayı zulüm görüyordum. Ve burası iki büyük ve barbarcaydı. Babam Woodrow Wyatt, son zamanlarda Margareter ve ben Conservative destekçiydim.
Bunu neden kaldırabilirsin, sorabilirsin.
Geçtiğimiz raporlar, sağ cenaze öğrencilerinin yeni bir nesilde benzer bir zulüm gördüğünü gösteriyor.
Bu, Oxford'daki Tory öğrencilerinden, son haftadan bir grup, gaz olarak aynı hakları korumalarını talep etti.
Corpus Christi College'nin ortalama odası (JCR) Conservative üyeleri, politik görüşleri nedeniyle, "hizmetsiz bir oda" olduğunu söylüyorlar.
Üniversitenin bir kopyasını oluşturmak istiyorlar.
Son zamanlardaki BBC belgecileri Wonderland: Young, Bright ve sağda, öğrenci politikaları, Toler ve Nao-Nazis politikaları tarafından tanımlanan politikaları destekledi.
Oxford Üniversitesi'nin eski bir Başkanı olan Joe Cooke, Rolls-Royce'de bir kütüphane ve kütüphane üretimiyle birlikte seyahat ediyor.
Diğer üniversitelerde, Conservative öğrencilerinin yüksek tuvaletler için "scapegoatlar" olarak tanındıklarını söylüyorlar.
Luke Black, Notingham Üniversitesi Üniversitesi Association'nin 20 viceli, Pazar gazetesinde "Orta üniversitelerde büyüyen sol bisikleti" olduğunu söyledi.
İnsanlar bizimle karşılaşmadan Bullingdon Club'a benziyoruz diye düşünüyorlar."
Corpus Christi 21 tarihli bir öğrenci olan Samuel Roberts, daha fazla korumayı öneren bir öğrenci, Stephanie Cherill, OUCA'nın Başkanı olan Stephanie Cherill, JCR'nin doğru konumdaki insanlara karşı olumsuz bir bakış açısına sahip olduğunu söylüyor.
"Bu, akıllı konuşmanın atmosferine ve diğer üyelerinin iyiliğine tehdit ediyor." diyor.
Oxford'daki ilk birkaç haftamda küçük birindeydim.
1986 yılının Eylül ayında, 18 yaşındaki bir utangaç bir adam oldum.
Conservative Parti'nin nefreti onun en fecisindeydi.
Bir yıl önce üniversite Margaret Ocher, eski bir öğrencinin saygın bir dereceyi kabul etmemeye karar verdi, çünkü üniversite cenaze töreninde kesilmişti.
Atmosphere, Stalinist'i korkuyla kapatırdı.
İlk birkaç haftada, yeni öğrenciler birbiriyle ve paralarla iletişime geçirken, gelecek vahşi bir kasırgayı tatmıştım.
Tory'nin tahliyeciler tarafından kınanmakla kalmamış, ama rehin denendi.
Bu politikalar politikalar, rehabilitasyonlar ve hükümet, Güney Afrika'ya karşı takdis etmek için avukat odalarına getirildi.
İlk kişim 18'te Fransızca metinleri İngilizceye çevirmeye başladı.
"Miss Wyatt" dedi, Harry Pitt'in ilk paragrafı çevirmesini istedi.
Bunun üzerine tökezledim.
Pitt'in de büyük bir bıçak gibi yüzlü bir adam vardı.
"Fransızlar Fransızca öğrenmeyi reddediyor mu yoksa aptal mılar?" diye sordu.
Diğer üniversiteler zehirlenmiştir.
Gözlerimin arkasına baktım.
Pitt'in oyuncaklaştırılmasına çok meşgul değilseniz, Fransız okullarında bazı temel dersleri almasını tavsiye ederim.
Odalarıma geri döndüm.
O akşam üniversitede oturduğum bir akşam, ben de kendimle oturmuşum, sonra da koltuğumda bir ışık topunu hissettim.
OUCA'nın bir üyesi olan James ikinci bir İngiliz öğretmeniydi.
"Kim olduğunu biliyorum" dedi.
Korkarım öyle.
Tory'nin olması konusunda şüphe duyan herkes seçildi.
Benim için çok kötü, ama baban Margaret Ocher'a yakın olduğunu biliyorlar, bu da sizin için daha kötü olacak.
En azından Tory tazeler Labour'in olduğunu düşündüler.
Daha sonra, yerel bir kuyrukta, onu kesmeye çalıştım.
Bayan Bucher'ın söylediği her şeyi kabul etmediğimi istedim.
Bu ploy başarısız oldu.
Demirsel olarak Eton'a ait olan ilk yıl PPE öğretmeni, "Sen faşist piçin kızısın" dedi.
Kıskanmışsın.
Diğer öğrenciler de kürtajı aldılar.
Aldatıldım, pis.
"Tories nasıl seks oluyor?" diye sordu.
Birbirlerini dövüyorlar, değil mi?
Homosekiller, Sixtes'in levhalarını yönetmeden önce hissettiklerini hissettim.
Oxford'da normal bir yaşam sürebilir miyim?
Karanlıktan bir süre sonra, zehirli insanlarla tanışmak zorunda kalabilir miyim?
Labour'e dönmeli ve doğal arzularımı kontrol etmeli miyim?
Benden üç yıl önce, ortizm ve sıvışmanın arıtıcısı olarak açıldım.
Tory'nin açık bir şekilde Norman Stone, Üniversitemde bulunan Profesör Profesör.
Conservative olmakla birlikte, Bucher'a ve onun konuşma yazarlarından birine danışmaktan nefret edildi.
Henüz orada değildi.
Yeri province ve kıvılcı olarak ve Marxist-determinist'in geçmişe bağlı olduğu için.
1997'de Bilkant Üniversitesi'nde Ankara, Türkiye Üniversitesinde profesör oldu.
"Burada mutlu olmayacaksın" dedi.
Oxford'dan Londra'dan anne babama evine konmaya başladım ve daha açık metropolitan arkadaşlarım ve ailemle bir sığınak buluyorum.
Babama Oxford'dan ve neden nefret ettiğimi söyledim.
Harikaydı.
Fortes'teyken, bütün siyasi görüşleri kabul edildi.
"Ancak bu dünyadaki en iyi yer." dedi.
Hayallerim içinde değiller.
Komünist arkadaşlarım bile her zaman yanlış davranışlarda bulundu.
Rheumi gözleri buluta döndü.
Bir şans ver.
Eminim sadece bir çay.
Eğer ayrılırsan kalbimi kırardı.
Londra'ya sık sık yolculuklarım yüzünden, duygusal muhalefetim çok kötü oldu.
Tory destekçisi olan bir erkek arkadaşım da, baskıya yenik düştü ve cesedini geri çevirdi.
Sonraki hafta, başka bir hikâyede, ciddi bir şekilde, "Halkın bir rahipim" diye de aynısını yapmaya karar verdim.
Çok utanç verici bir şekilde, "Babamın zehirli" olduğunu kabul ettim ve onları "yapıtsızlar" diye adlandırdım.
Zaman kısaydı.
Oxford kariyerimin kahvesine konmuş babamdı.
O zaman, her hafta Murdoch basımında iki sütun yazdı.
Kapım kilitliydi.
İçeri girdim ve beş dakika sonra takipçilerim pes etti.
Çıktıklarında, bir dükkân kondu ve Londra'ya ilk trenle yakalandım.
Hiçbir zaman geri dönmedim.
Bana bir wimp diyebilirsin.
Ama 18 yaşındaki hiç kimse eğitim kuralında böyle korku ve vitriol'a boyun eğmemeli.
Oxford'ın sadece 14 en büyük hizmetçisi oluşturmamış olması daha fazla trajiktir.
Trabzon'da iki kişi suda boğuldu
Ikisu, Trabzon'un Trabzon bölgesindeki Yomra'daki ağır yağmurun yüzünden ıssız bir yağmur yüzünden ıssızlaşmış.
Tasdelen köyünde, iki kadın kasırgada kayboldu ve Sayvan köyüne gitti.
Suda boğulan kadınların bedenini buldu.
15:00'de, Yomra'nın yüksek bölgelerinde yer aldı.
Ikisu kıvıldarken, 2 metrenin neredeyse 200 metrelik bir kısmı Shevan'a ulaşan yolun ikikisu ile bağlantısı kesildi.
Köylülerden biri olan İbrahim Karsli, hükümetlerin uyarılmasına rağmen yol açmaya başlamadığını söyledi.
Her ağır yağmurdan sonra da aynısını hissediyoruz.
Hükümetleri uyardık.
Orada yaşayanlar mutlu değiller.
Her yıl bu sıkıntıya dayanıyoruz.
Ağaçlar büründüğünde, sular yola ulaşır."
Kahretsin.
Yomra’nın başkenti, İbrahim Sağlık Oğlu olan İbrahim, bölgede şiddetli yağmur yağdıktan sonra suda boğulan kadınlardan birinin bedeninin, diğerini aramaya devam ettiğini söyledi.
Çarşı çocuk, Taşdelen köyündeki iki kadının, Dün güneydoğusundaki torrrentital yağmurlarının yol açtığı kasırgaların yıkıldığını hatırlattı.
Çizgili çocuk, gece geç saatlere kadar arandığını ve sabahın erken başladığını söyledi: "Tankı makineye ve çalışmaya, başka bir ülkenin uzmanlarından biri de bulunmuştu. Araştırmaya devam ediyor."
Çocuk, yağmurun etkisinin azaldığını, havada daha da aydınlık olduğunu ve kaybolan adamı araması ve kapalı yollarda çalışması kolaylaştığını belirtti.
Kayıp kadınların araması ilerlemeye başladığında, Tasdelen köye giden yol şimdi trafike açılıyor.
"GROUND'la ilgili bir şey söyleyeyim."
Yomra'nın bölgesindeki Tasdelen'in çevresindekiler, dağlık dallar ve deniz kasırgaları yüzünden kendilerini kayba ve felakete götürmeye çalışıyorlar.
Tasdelen'in çevresindeki bir adam, yağmurun yaklaşık üç saat boyunca devam ettiğini söyledi ve şöyle dedi: "Bu yağmur bir yağmur değil, bir doğal felaket değildi."
Taşkara, birçok insan, dikişli yağmurlar sırasında evlerini korkutmaya başladı. "Biz domuzları toplamayı durdurduk." dedi.
İşte o zaman böyle bir felaket.
Gelinin ve anne babasının cenazesinde de kuzular toplanıyordu.
Kendi evlerinde bir ülkeye kapıldılar." dedi.
Taşkara, köydeki elektrik ve su kaynaklarının bozulduğunu belirtti.
Hasan Sley, 60 yıldır böyle bir fırtınayı hiç görmemiş ve şunu eklemişti: "Eğer yağmurlar bir saatte devam etseydi, her şey birden fazla olurdu."
Doğa College başarısı
Doğa College, OYP sanatlarına göre 100'den fazla bilim adamı ile birlikte eğitim alıyor.
Taga College, Türkiye'deki yeni eğitim modellerini ve dünyanın yeni eğitim modellerini etkilemesine yardım etmek için, 4 ila 100 yıllık eğitimli öğrencilerin, Doğa Anatolian Yüksek Öğretme Üniversitesi'nin t-MBA'yi uyguladığı eğitim modelini destekler.
Öğrenciler Üniversite'de ve kendi yaşamlarında, sadece Doğa College Anatolian Yüksek mezunları tarafından sunulan lise eğitim programını eğitimle başlıyorlar.
Doğa College, son üç yılda en yüksek SBS okulunda başarılı oldu ve eğitimin yanı sıra eğitimli öğrencileriyle birlikte ilerlemeye teşvik ediyor.
Doğa Anatolian Yüksek Kursları 4 yıl boyunca liseden 5-MBA'dan yüzde yüzde yüzde 100'i, öğrencilerin sanatlarına bağlı olan liselerin yüzde 100'ini gerçekleştiriyor.
Doğa College, 491 ve yukarıda 100'den fazla öğrencilere OYPS artı, 481 ve 490 arasında, 471 ve 480 ile 480 arasında uzmanların yüzde 50 ’ si, sığır ve sığırların yaklaşık 451 ve 470 öğrenci arasında bir uzmanla uzlaşması tavsiye ediyor.
Doğa College, OYP'nin 321 ile 450 arasında bir öğrenci ve spor üniversite öğrencilerinin başarısı için 5 ila 40 ’ dan yüzde 40 ’ a kadar araştırma yapmasını tavsiye ediyor.
Türkiye'nin en başarılı öğrencileri t-MBA'yı takip etmek için.
Türkiye'nin en başarılı öğrencilerinden biri SBS'in, birçok okultan eğitim modelini seçmektir.
Öğrenciler üniversiteyi ve kariyerlerini kurslara katılmaya başladılar, yine de t-MBA lise lisesinde üniversite eğitim programını sundular.
Takipçiler t-MBA eğitim modelini takip ederek üniversitesel eğitim programının yüksek bir seviyeye ulaşmasını sağlarlar, öğrencilerin üniversitesel ve toplumsal değerleri, t-MBA uygulamaları, t-DBA uygulamaları, yabancı diller, uluslararası projeler, üniversite kuruluşleri ve üniversite üniversite üniversite üniversite programlarını kazandırırlar.
Doğanın bilim alma fırsatları da Oxford'ın konferanslarını takip eden kampa sahipler...
Oxford Quality Okulu'yla işbirliği yapan Oxford Cumhuriyeti Kursuna katılan ve ilk yılda SBS Turkey Cmpion'a sahip olan Doğa College'un kampanyas'ın 2 ila 75'si için bir fırsat var.
Doğa College, 481 ve 490'dan 75'in yaklaşık 60'ı, 471 ile 480 araştırma arasında, ve 451 ve 470'in yüzde 50'si ile uzmanları arasında, 480 lisans arasında, 480.
"Türkiye'nin gelecekteki kazançımızdır."
CEO'nun CEO College Uğur Gazanker, öğrencilerin her zaman gururlu olduklarına ve "Doga College College College, sadece akademislerde değil, her yaşamda başarılı olan nesiller oluşturmaya çalışıyor." diye cevap verdi.
Bu amaçla, öğrencilerimizi, tüm başarılarını kabul ederek, academic programlardan ve müzikten daha iyi başarılara götürüyoruz.
Akademikler olarak, her öğrencinin başarı alanının farklı olduğunu biliyoruz.
Önemli olan, başarılarını tespit ederek ve güçlerini güçlendirmelerine yardım etmektir.
Öğrencilerimizin eğitimi, Türkiye'nin geleceğine ve başardıkları her başarının ödüllendirildiğine inanıyoruz."
Her zaman iyiydi.
Umarım Davala, zor bir eşleşmelerini söyledi. "Tüm üç noktayı kazanmak kolay değildi, ama kazanmak mutludur." dedi.
Galatasaray'ın yardımcısı Ümit Davala, zamanı Gaziantepspor'da bir zaferle başlayacağını söyledi.
Davala, yeni zamandan önce iki trofiyi kazandılar ve genelde bazı yönlerden sorun yaşamalarına rağmen futbol oyunlarını oynadılar ve şöyle dedi: "Her zaman iyi hissediyorum.
Gaziantepspor, etkili bir ekipdir, ama hedefleri aştıktan sonra her şey bizim için kolaydı." dedi.
HAYAT HAYATIMI DEĞİŞTİRDİYOR
Fans ve oyuncular birbirini kaybettik ve sonunda üç nokta verdiler. Umarım Davala şöyle dedi: "Şimdi bursaspor'u terk etmek için zor bir şey var.
Eşleşen eşleşmeler kolay kazanılmaz.
Söyledikleri gibi, düşmanlarımıza karşı zafer kazanmıyoruz. Gaziantepspor'un ortaklığı bunun kanıtıdır."
Ne arşın var ki? Nasıl arınacaksın?
Mükemmel Hürriyet okuyucuları: Şu andan itibaren profesyonel yaşam ve sosyal güvenlik sorunlarında sorunlarınızı çözmeye çalışacağım ve size merak ettiğin ve tecrübeleri paylaştığım şeyler hakkında konuşacağım.
Sevgili okuyucular, sosyal güvenlik ve profesyonel yaşam hikâyeleri, broşür ve elektronik medyalar hakkında yüzlerce haber var.
Şu andan itibaren, size en doğru, güvenilir ve güvenilir haberler sunacağım.
İlk olarak, hastane hastaneye bakmak istiyorum. Bu da halka büyük bir etkisi oldu.
Bu işçiyi, bir makalenin bir türünde farklı bir dizi dizi dizilerde halledeceğiz.
Bu makalelerde açıklanan engellerle ilgili tüm soruların cevaplarını bulabilirsiniz.
Cevaplar bulamayabileceğiniz özel sorgularınıza gönderebilirsiniz.
Mümkün olduğunca size cevap vermek için çok çaba harcayacağım.
Fazlalık için ne var?
SSK ya da Ulusal Kur'a başvuranlar en az yüzde 60'ı çalışma yeteneklerini kaybederse, hayatlarını sürdürmek için ve SGK İslam'ın SGK'ye sahip olduğu şartlara ulaşmak için, ilk adımlar alınır.
Genel köleler, üstelik, üstelik, memurlıklarını kaybederlerse, görevlerini yerine getiremeyecek kadar erkenden ödenebilirler.
Kimler yok sayılıyor?
Diyarbakir'den yazıyorum, benim ismim Mehmet Güljin ve ben 920 gün askerlik hizmetimden 1.460 gün, tüm sigortanın ödenmesi için toplam 1.460 gündür.
Ayrıca reklam hastalığım var.
Dialisi tedavisi yapıyorum.
Şu anda çalışıyorum.
Mümkün değil mi?
Mehmet, önce, lütfen çok yakında iyileşin.
Sorguda gösterdiğiniz koşulların arasında, ilk işe başladığınız zaman gösterilmediniz.
Ama nasıl bir engelin kaleye sahip olabileceğini size anlatayım.
Öncelikle kanuna göre verilen en önemli talep, 10 yıldır ikna edilmeli ve 1.800 gün içinde en azından 1.800 gün için ödenmiş olmalı.
Dahası SGK Sağlık Kodusu'nun en az 60'ını kayıp ve kaza hastalığı yüzünden kaybettiğini düşünebilirsiniz.
Bununla birlikte, dialisi sabırlı olmakla yüzde 60'ı buluyorsun, ama sen, 1.800 gün için tam olarak ödeme yapmadığın için rehabilitasyon yapmana izin verilmiyorsun.
Tabii ki ne kadar çalıştığını bilmiyoruz.
Eğer SGK'in on yıllık çalışmasında ve 1.800 gün için ödeme ödenmesi sırasında SGK'e uygularsanız, kazaya ödeneceksiniz.
Mümkünlük ıstırabı için durumlar
Bir kişi 10 yıllık kriterine katılmadan ve 1.800 günlük bir hak için ödenmesi gereken parayı satabilir mi?
- 1.800 gün için tam ödeme yapmalısın.
Sadece bir tek şey var: Kimsenin sürekli rahiplere ihtiyacı var ve diğerleriyle ilgilenmeye ihtiyacı var. Diğer koşullara rastladıklarında, artık 10-yekin şartlar olmadığında, güvenlik talebine sahip olma hakkına sahip olabilirler.
Sonraki makalede, sürekli olarak bakılmanın şartlarını belirleyen hastalıklar ya da koşullar hakkında konuşacağız.
İşe başlamadan önce iptal edilenlerin durumu
Ben Ahmet Güler.
İşe başlamadan önce SGK'deki tüm talepleri karşılamış olsam da, çalışmaya başlamadan önce, güvenlik beslenme hakkına sahip değilim.
Adaletsizce davrandım.
Bu haksızlık değil mi?
Nasıl tatmin edebilirim?
- Ahmet, kanunun tüm taleplerini karşıladığını yazdın, ama yasanın temel taleplerinden biri olan SSK ve Ulu-Q Kur'un seni işe başlamadan önce yapmaması gereken herhangi bir hastalıktan dolayı acı çekmemesidir.
Bu krizle karşılaşmadığınızdan beri boşanmanın size ödenmesi mümkün değildir.
Ama eski bir kazayı almak için tüm şartları bulduğunuzda ısırabilirsiniz.
- 3980 gün var ve 16 yıldır ikna oldum.
SGK, çalışmaya başlamadan önce zayıflığımı teşhis etti.
Zayıflıkta zehirlenemeyeceğimi söylediler.
Bu durumda ne yapabilirim?
Yemek yapamaz mıyım?
Bana bir yol gösterebilir misin?
- Evet, doğru duydun.
Zayıflık yüzünden geri alınamazsın.
Ama SGK'in reklamında sizin için de bir reklam parası var.
Başka bir deyişle şu iki durumla karşılaşıyoruz: Ekim 2008 ve Ekim 2008'den önce.
Eğer o tarihten önce çalışmaya başladıysanız ve SGK'in çalışmadan önce başarısız olduğuna dair kanıtlar varsa, en az 15 yıllık, en azından 3.600 gün için para ödenme şartı ile birleşmiş olacaksınız.
Bu yüzden en yakın SGK Devlet'le iletişim kurmayı ve beslenme için başvurmayı tavsiye ediyoruz.
- Ama Ekim 2008'den sonra çalışmaya başlarsanız, en az beş yıllık koşullara göre, en azından 3960 gün süren, en azından 3960 gündür.
Uygulamak için çalışmayı bırakmalı mıyım?
Şu anda bir sürücü olarak çalışıyorum.
Hastaneye gittiğimde kanser teşhis edildim.
Zararlanmanın sebeplerine sığdırmak istiyorum.
Bu durumda işi bırakmalı mıyım?
İşden ayrılmadan kalabilir miyim?
Pennsylasyon kabul edilinceye kadar işten ayrılmak istemiyorum.
- Doğru duydun.
Pennsiyet dileğini kabul edebilmek için işini bırakmalısın.
Bununla birlikte, beslenmeden önce SGK kanununa göre tıbbi teşhis edilmelisin.
Ama eğer bunu yapamazsanız, diğer şartlarla antlaşma yapılırsınız.
Teşhis edilmeden önce beslenme uygulaması için bir uygulama yapılmaz, ama işe yaramaz olma tehlikesi var.
1.800 gün için yeterli.
Bu programı SGK'ye teslim edersen, SGK sizi hastaneye götürecek.
Sağlık raporunu SGK'ye gönderdiğinizde, diğeri kendi sağlık konferansını hesaplar ve eğer kanserin yüzde 60'ından fazladan fazla olduğunu düşünürlerse, bu sizin için bir kalp programınızdır.
Ancak antlaşmayı kabul etmek için on yıl cenazeye ödenmelisiniz ve bu süreyi tamamlarsanız size bir rehin verilecektir.
Başka bir deyişle, çalışanların, SGK Sağlık konferanslarını kabul etmeden uygulamalar yapmanın akılsızca olduğunu söyleyebiliriz.
Ama tüm koşullara rastladıklarında, SGK'den o anda bir sorunun teşhislerini ve SGK'den uzmanlarını rica edebilirler.
Bu, eski bir tarihe sahip olsalar ve diğer tüm talepleri karşılarlarsa, bir süre önce kabul edilebilmeleri için yararlı olabilir.
Bağ- Kur'an masumluktan dolayı ödünç alabilecek mi?
Bağ-Kur'dan ikna oldum.
Tüm koşullarla tanışıyorum.
Ama bir borcum olduğumdan beri ödünç alamayacağımı söylediler.
Ne yapmalıyım?
- Sevgili okuyucu,
Kim bunu sana doğru söylediyse.
Diğer şartların ne olduğunu yazmadın ama eğer bu koşullarla karşılaşdığınızı düşünüyorsanız, 4/mimium borcunu ödemeniz gerekir.
Ama sana özel bir öğüt verebilirim.
Bankalar ya da benzer kurumlarla ilgili borçlarınızı ödemenizi tavsiye ediyorum.
Katılmanız daha önce size verilmiştir. Size daha fazla ödenecek ve borcunu ödeyeceksiniz.
Bu kuruluşlar kasırgaların reklam kuruluşlarını kontrol edeceği için çok kolay olur.
Zararlı beslenmenin temelinde ne var?
SSK, Bağ-Kur ve Redded Funds'la işbirliği yaptım.
Ne zaman bir peniye yatırıldım? Hangi kurum bana kalem verecek?
- Birden fazla kişiyle uğraşırsanız, U-Q, SGK ya da nüfusunun en son aşaması size ödenecektir.
SGK'de bulunan hastane raporları
Depresyona nasıl uyuyorum?
Sağlık raporu alabileceğim hastaneler hangileri?
Sağlık raporları için, sosyal güvenlik merkezlerine ya da sosyal güvenlik merkezine başvurmak yeterlidir.
SGK sana bir eğitim ve sağlık hizmeti, üniversite, özel üniversite üniversitesi (örk Armed Forces) ya da Türk Armed Forces hastanesi hastanesi olan bir hastaneye gitmeni isteyecektir.
Fakat bu hastaneler sizin yaşadığınız bölgede bulunmuyorsa, hastaneye tam olarak tayin edilebilirsin.
Özel bir hastaneye gönderilebilir miyim?
- Mümkün olsa da, şartlar kabul edilebilir.
Eski reklamlara göre, sadece hastaların hastanede olduğu bir sağlık sorunuyla ilgili güvenlik birliği olabilir, ancak 1 Eylül 2013'den itibaren yeni rehabilitasyonlar güçlendiğinden beri SGK ile ilgili bir anlaşmaya sahip olduğu sürece, hastaneler hastanenin hastalığının riskini de sayabilirler.
Bir işlem için ne talep var?
Köşenin zayıflığını azaltmak için, 1.800 gün için en azından 1.800 gün ücret ödemek yeterlidir.
SGK'in hastaneye dayanan fiyatları ile ilişkilendirilmiş.
Dahası, 10 yıllık ısırım süresi gerekmiyor.
İhtiyacın olduğu bir kazaya göre, kişi bakıma ihtiyacı varsa, sadece 1.800 gün, 10 yıllık talepsiz ve Pennsylvania'nın sağ konferans raporuna göre yeterlidir.
Bu nedenle, biri ilk defa hastalığı için teşhis istediğinde SGK sadece 1.800 günlük bir hastalığa ihtiyaç duyması gerektiğinde, sadece 1.800 günlük talepleri kontrol eder.
Narghile operation
Polis Narghile cafelerinde tanınan yasakları kontrol etmeye başladı.
Birkaç ayakkabı ve kurşunlar hafta sonu sıvı satmayı bırakmak zorunda kaldılar.
Polis, İstanbul'da yeni rehabilitasyonlara karşılık vermeye başladı.
Narghile salonları Beşteş'te bir ameliyatlı kefeler düzenledikten sonra iliştirilmeden duruşmaya devam etti.
Neredeyse tüm zehirli kefelerin etkisine maruz kaldığı halde, parlaklıklar tuvalet satmaya devam edecek.
Satışmaya devam eden aptallar ve reklamlar kapalı olacak.
BANNEYİYE HAYAT HAYAT
Tobacco ve Alcol Market Üniversite Üniversitesi (TAPDK), Narghile Tobacco'nun Skops ve Estabiller'in son Fıratları ve bu yerlere ulaşmak için düzenlenen yasalar (TAPDK) tarafından yayımlandı.
Bir uyarı, okullardan en az 200 metreyi aşmak için beş milyar dönemin beş milyar dönemi sundu.
Aynı zamanda halka açık zehirli zehirli sigara içmek de yasaktır.
İlk ayakkabılar ve kuruluşlar Beşteşteş'te yapılan uyarıyla uyuşmaz.
Birçok kurum, Bebek'te olan Al Faker, Ikram Nahlafer Nahry ve Mirghile Kafefe'de Beşteşte, Beştele'deki en yaygın ünlü ünlü köylerde satışlar da devam etmeliydi.
23000 TL'den başlıyor.
Polis 23000 TL'den başlayınca, bu kurumları lisans olmadan satmaya devam edecek.
Üç kez ıslatılmış ayakkabılar kapalı ve mühürlenecektir.
Görünüşe göre, İstanbul'da doğru bir kefe levhası varken beş dükkân ve kuruluş var.
Uyarılar şişelere kapıldı.
TAPDK, 27 Temmuz'dan 'warrı' zehirli şişeler üzerine 'ware' ihlal ile etkilemeye karar verdi. İlginç olarak yayınlanan uyarılar, lisindrik ya da güvenli bir forma sahip olmalı.
Duygulayıcılar şişeden başlayan aynaya kapıldılar.
Kırmızı, kırmızı, sarı ve siyah uyarılar içeren çiçekler kullanılabilir.
O anda, bu uyarılar çok fazla kafeye kapıldı.
Polis, aileler için ciddi bir uyarıdır.
Güvenlik Sağlayıcısı, "summer kampları" ve "sudent kampları" ni nispeten yasadışı teşkilatlar hakkında uyarıyor.
An-Terror Branch Taranch'ın uzmanlığı, 17 şehirden gelen bir araştırmaya dayanan, Gezi Park, MHKP-C, TLKP, TKKK ve bazı hükümet grupları arasında, şiddetle ilgili bir plan keşfettiler.
Güvenlik orduları, "summer kampının" ve "Summer kampının" adını taşıyan terörist kuruluşları, gençlere, öğrencilerini bu kampa göndermelerini ve ailelerini bu kamplara göndermelerini uyardı.
Anti-terror Polis birliği, teşkilatların farklı bölgelerde 41 kamp planladığını ve aileleriyle bu kamplara gönderilmemeleri için aileleriyle buluşmuştu.
350 aile, çocuklarını kampa göndermekten vazgeçti
Anti-terror polisi, teşkilatların, özellikle de DHKP-C, MLKP ve TKIP'nin, gençleri, kampın koleksiyonun altında kurulmasıyla ilgili görüşlerini bildirmeye karar verdi.
350 aile, Polis’in tavsiyesine uydu ve çocuklarını kamplara göndermeyi seçti.
Polis uyarılarından sonra, 41 planlanan kampları iptal edildi.
Teşkilatlar, ibadetin azalmasına rağmen 20 kamp kurdu.
Güvenlik güçleri, iki kampın hâlâ ilerlemeye devam ettiğini ve beş diğerinin gelecek günler için planlandığını belirtti.
Güvenlik Bakanı aynı zamanda tüm bölgelerde güvenlik kuruluşlarına uyarı mektuplar gönderdi.
Gençler tuzağa düşüyorlar.
20 terör teşkilatın Izmir, Kocay, Balıkesar, Balıkkale, Ninghai, Burshahir, Bursan, Bartwin, Artvin, Mersin ve Hatası, Ordu, Sam, Trabzon, Tramzon, Izmul ve Adan.
Güvenlik raporlarına göre, kamplara katılanların çoğu yakın zamanda üniversiteye katılan öğrenciydi.
Ullegal teşkilatlar kamplarında yaygın olan propagandalarla gençleri tuzağa düşürüyorlar.
kamplarda, teşkilata olan vefayı artırmak için yeni rehabilitasyonlar eğitiliyor.
Bu kamplarda, "summer kamplarının" kapsamında, "summer kamplarında şiddete dönüştürmek" gibi soruların yanı sıra, teşkilat eğitimi de geliştirildi.
Yüzyıllık bir yüzyıl sonra, mesaj ortaya çıktı.
Yaklaşık 50 yıl önce Atlantic Ocean'a bir çocuk tarafından "Dennis Komsa" olarak adlandırılan bir çocuk, New Jersey'in New Jersey eyaletinde birisi tarafından buldu.
Siyah şişesi, Hirricane Sandy'den geçen yıl Amerika'da bir evi vurdu.
Mesaj şöyle okuruz: "Bir adamın kaygısına cevap verin ve bu soruları aşağıdaki adrese gönderin.
Bu Dennis Komsa'nın yaptığı bilimsel bir araştırmadır."
Bu mesaj, botcusu, nerede, ne zaman ve nasıl buluştular diye soruldu.
Böcekte de müşteri ve küçük bir değişim vardı.
Bot, New Jersey’in kıyısındaki deniz kıyısındaki 16 Ağustos 1963'de denize atıldı ve kısa süre sonra sahibine geri döndü.
1963 yılında 12 yaşında olan Komsa, bu boğayı yaklaşık bir yüz yıl önce denize attı ve şöyle dedi: "Birinin bunu bulacağını sandığım suya attım, ama bu beni geri döneceğini hiç düşünmedim."
Ses frekansları seni aşkta düşürebilir.
Türkiye'nin ilk ses mühendislerinden biri, Süden Pamir'in ses frekanslarıyla ne yapabileceğini söylediğinde çok şaşırdım.
Ses teknolojisi ya da ses mühendisliği hakkında konuşurken, her birinin müzikle bağlantılı ses sistemleri düşündüğüne inanıyorum.
Fakat ses teknolojisi, terörizmin işleyişini engelleyebileceğinin, ses frekans noktasıyla cinayeti, sana aşık olmak isteyen biri, bir tanesini atıştıracak, veya dünya ritimiyle zarar görmenize yardım edebilir.
Bilkant Üniversitesi'nin İsveç Üniversitesi'nden mezun olduktan sonra Süden Pamir, UEK College'de ses mühendisliği için ses mühendisliği yaptı ve Maddeler'in Middles Üniversitesi'nde ses teknolojilerini tamamladı.
Technology Akademi ITM'de bulunan ses mühendisleri şimdi kütüphanesi, Gayatasaray, Bey Çocuk ve Ses teknolojisi, teknoloji, elektronik müzik ve efsaneler gibi mühendislik mühendisliği eğitimi yapıyor.
Terörizmden bağımsız bir mesaj
"Tüm ses teknolojisi nedir?" sorum ilk sorumdu.
"Dünyanın her yerinde bazı bölgelere uygulanabilecek bir teknoloji.
Beynimiz, elektriksel güncellemelerin yardımıyla her şeyi fark eder.
Ses frekansı aynı zamanda elektriksel bir türdir, enerjidir.
Bu enerjiyi kullanarak insanların bakış açısını değiştirebilirsin ya da emrin altında hareket ettirebilirsin."
Ses teknolojisinin önemli bir kütüphanelerinden biri esinlendirici bir mesafedir.
Bir mesaj ya da şarkı, insan fikrinin sınırlarını aşan bir süre içinde müzik ya da şarkıya yerleştirilebilir.
Örneğin, bir terörist saldırısı tehdit edildiğinde, Pamir'e göre bu bölgede müzik yayılabilir.
Eğer broşür şarkısında "Bu saldırıyı yapma" gibi bir mesaj başka bir frekanyayaya yerleştirilirse, terörist bu mesajı seçici bir şekilde kaydettirir.
Duyduğu şeyi anlayamıyor, ama bunu anlıyor ve içinde "Bu işi yapma" diyen bir ses hissediyor.
Hatta bu, Tanrı tarafından bir mesaj gibi görünebilir.
Bununla birlikte, Türkiye'de ve dünyada yaygın güvenlik riskini desteklediği için, bu mesaj küstahça kontrol ediliyor.
Pamir sadece bir kez İstanbul Technical Üniversitesi'nde, öğrencilere bu konuyu açıklamak için mütevazı bir mesaj hazırladı.
"Konuşma sırasında öğrencilerin müzik dinlemesine yardımcı oldum.
Müziğin bir frekansında su için yalvaran bir ses çalmıştım.
Konuşmamın sonunda öğrencilerden susamış olduklarını sordum.
İlginç, hepsi çok susamış."
Pamir'e göre, hükümet mesajları kanunsuzca kullanılıyor ve şöyle diyor: "Aramızda, ülkemizde bazı radyo kanalları bunu yaptı, fakat ayrıntıları bilinmiyor.
Almanya'daki Black Voice Radyo adında bir kanal var. Radyo radical İslamcılar tarafından kullanılıyor.
Bu, uyuşturucu kullanımına yardım etmek için çok şiddete, dini mesajlara başvurmaya ve şiddete başvurmaya yol açıyor.
İkisi de Alman ve Türkiye polisi bunun farkındadır, ama reklamcıların değişmeye devam ettiği için bunu engelleyemezler." dedi.
Bu tehlikeli mesajlar müzik dünyasında da kullanılıyor.
Özellikle bazı ağır metal grupların şarkılarında...
Ne yazık ki, torbaları vuran uçaklarda terörist yoktu; bu saldırılar, pilotun alt zeki zihinlerine doğrudan yollamış.
Güvenilir Tablo
Ses teknolojileri de suç için de kullanılabilir.
Bu bilim, ABD'de banka kutuları sırasında kullanılıyor.
Örneğin, polis telefonuyla bağlantıda ses mühendisleri, bankanın odasının hangi odanın sesi olduğunu bilir.
Bir ses, metal, asit, plastik, bir duvar ya da başka bir yüzeyden farklıdır.
Sesin teorisiyle ilgili olarak, bu odanın nasıl olduğunu ve içinde ne kadar konferans bulunduğunu tespit etmek mümkündür.
Bu şekilde, suçlunun sesine göre, hangi nesnelerin bulunduğunu ve o odada bulunduğunu ve içinde bulunduğunun şeklini belirleyebilirsiniz.
Bunu yapmak için bir bilgisayar programı var ve Pamir bu programla Tatarstan'da bir operatör çizme yaptı. " 175 ses konuşmacısının, kusursuz bir ses sistemine erişmek için binanın yerini hesapladım.
Bu pahalı bir teknoloji değil ve 4000-5000 dolar.
Ses frequenziler de motor ve arazi tasarımında kullanılıyor.
Pamir bu konuda çok şey yapıyor.
Örneğin, işverenleri toplantıyı durduran bir restoranda, bir ses dalgalarının ibadet masasından uzaklaşmasına engel olmak için bir mechanism kurabilir.
Sadece masadakiler masada söylenenleri duyabilir.
Birisi masada bir şey duyamaz.
Bu tür mechanismlerin genel ilkesi şudur: "Eğer bir sesi yok etmek istiyorsanız, aynı frekans ile aynı frekans ile, kendi moleküler yapısından farklı olarak, bu enerjiyi yumuşatarak ve bu enerjiyi yumuşatarak iptal etmelisiniz.
Böyle bir sistem yoksa hiç uçağa ulaşamazdı.
Çünkü uçağın mühendislerinin sesi çok seslidir.
Bir uçağın içinde bu sesler birbirini değiştirmek için birbirleriyle birleştirilir.
Bu sistemle evindeki huzurlu ortamı ve pencereler açık olsa bile.
Mısırlı Pyramidler sesle mi yaptılar?
Türkiye'nin ilk ses mühendislerinden biri olan Pamir'in başka ilginç işleri var.
Örneğin, Ayvalık'ta açık sesli bir ses duymayı engelleyen bir mechanism geliştirdi.
Ses sınırından daha fazla çıkamaz; başka bir ses yoğunluğuyla klasikleşir ve iptal edilir.
Eğer istersen, odada tanımlı bir çizgi bile bulunmadan bile iptal edilebilir.
Pamir okulun spor ve konser için uygun bir yer yaptı.
Duayı kullanıyor.
Eko basketbol oynarken, ama bir konserde avukat olmamalı.
Ses teknolojileri, sadece açık bir müziği olan bir müziği duyabiliyor.
"Sadece sessizce sesleri iptal ediyoruz ve insan fikrini ve müzikin daha iyi değerlendirilmesini sağlayan frekansları kullanıyoruz.
Bu konuda MTV çok gelişmiş.
Açık konsertler ve ses, sahada bir studio kaydı gibiydi." dedi.
Tubitak da böyle bir deney yaptı.
Ses bölgesindeki frequenziler ile iki pazarı ayırın.
Mısırlı Pyramids'ın sesle yapıldığını iddia eden bilim insanları var.
Onlar taşların hareket ve sesle yer alabileceğini düşünüyorlar.
"Sağlıklı amaçlar için kolay mı kullanacağım?" diye sordum.
"Noneeral Üniversitesi'nde okuduğum için çok korkuyordum, çünkü insanlar da bunu okuyabiliyordu.
Bunun nedeni, araştırmalar, iyi bir inançlı olarak yapılmaya çalışılmış olsa bile, bunun kötü sonuçlara yol açabilecek.
"Sürekliler Arapça'da etkilidir."
Süveden Pamir'in, sesin insanları etkileyebildiğini ve şöyle açıklıyor: "İşitilen tüm sesler beynine aktarılmıştır.
Aslında insanlar sadece dikkatlerini çeken sesleri duyarlar, ama diğer sesler de beynine aktarılır ve bu da yorgundur.
Bu yüzden beyninin temizlenmesi gerekiyor. Yerin üzerinde yürüyerek ve doğal terazide yürümek işe yarar.
Benim fikrimde, mekanizmalar okullarda kışkırtıcı sesler yapmalıdır.
Bu şekilde öğrenciler öğretmenin sesine tam olarak dikkat edebilirler ve uzun zamandır konferanslarını tutabilirler."
Pamir, ses frekans özelliklerine dayanan, Arapça okunurken duaların daha etkili olduğunu söylüyor. Arap frekanslarının çok zengin olduğunu ve kelimelerin, birlikte okunduğunda olumlu etkileri oluşturmanın bir yolu olduğunu belirtiyor.
"Fakat dualar sessizce okunmalı, Yasin'in ayetini okurken çiçek gibi bir çiçek gibiyim." diyor.
Frekanslı aşk
Bu soru, ses frekansları ile birinin aşık olabileceğine dair bir sorudur.
Pamir, bir kişinin duygularını ifade ederek, "Sadece konuşmada kullanmak istediğin kişinin aşk frekansını bulmalısın.
Onu bu frekanstan daha yüksek bir frekans kullanarak etkileyebilirsin.
Örneğin, bir kişinin en önemli frekansının 300 Hz olduğunu ele alalım.
Ve birlikteyken onun duygularını artırmak için müzik çalmak istiyorsun.
Eğer tek bir frekans gücünü azaltırsan ve çaldığınız müzikte 300 Gz'in iki katli frekanslarının artışını arttırırsan, kişi daha da etkilenebilir.
Bu şekilde, onun önündeki adamla bile sevişebilir.
Pamir politikacıların konuşmalarını anlatmak için politikacılar için özel ses sistemi hakkında konuşmalar yapılıyor ve basın frekansları ön plandayken, bir politikacı güçlü bir kişi olarak görülebilir ve sanatçı olarak görülebilir.
Pamir'e şöyle sordum: "Yapon bir an, insanlar Michael'ın kıyamet günü inanacağına inanmaya çalışıyorlar.
Örneğin, ney, insan nefesinden yaratılmış bir instrument.
Altın değerler yükselir
Dan Hrushewski, Kanada'da profesör Gold Jennings Capital Inc, hükümetlerin, cümlelerin değerini azaltmaya çalıştığını belirtti ve bu yüzden altın değerleri şimdiki seviyeye kadar yükselmeye devam edecek ve "Altın, daha güvenli bir şirket olacak." dedi.
Altın, son haftada en faydalı ekonomisi olan, Hrushewsky'nin ilk yarısında artışı arttı ve AA'nın korresponistan'a dayanan baharatlarını inceleyen ve Hindistan ve Hindistan'da küçük miktarda altın pahalı değerlerle desteklendiğini belirttiler ve "The Altın Kuralın'da Hindistan'de, Hindistan'de, Hindistan'de ve Çinli'de, bu büyük bir oyunda oynayan bir payı var." dedi.
Hindistan’ın en büyük altın satın aldığını söylediği Hrushewsky şöyle dedi: “Ben de, hükümetin, altın içe aktararak ticaret hesaplarını kontrol etmeye çalıştığına inanıyorum, ama bu daha fazla destek almaz.
İnsanlar bu kuralda bir yol bulacak." dedi.
Hrushewsky, uzun süre içinde altın üretmek için profesörlere danışma tavsiye etti ve şöyle dedi: "Altın daha güvenli bir şirket olarak hizmet etmeye devam edecek.
Bazen Batı hükümetlerinin yüksek dereceleri, terbiyeye başvurmanın uygun olmadığı sonucuna varmak zorunda kalıyor.
Hükümetler borçlarını azaltmaya çalışıyor.
Bu yüzden altın değerleri şu anki seviyeler üzerinde yükselir."
"Bir süre sonra altın, pazar risklerini azaltma yeteneğini geliştiriyor."
Marcus Grubb, Dünya Gold Council'in genel yardım yöneticisi olan Marcus Grubb, altının basit, aktif ve güvenli bir yer olduğunu, ve ekonomik markaların daha karmaşık ve uzmanlaştığını, ve şöyle dedi: "Bu uzun sürede altın, temel özelliklerini azaltmaktan ve parşömenlerini azaltmaktan başka bir şey değildir.
Rifolio'nun küçük parçaları, gösterişli mevsimlik dengesi, genelde daha çok duraktır ve pazarlarda bilinmeyenlerle mücadele etmek daha iyiydi." dedi.
Altın ürünün son 10 yıldan uzun süredir doğumunda olduğunu fark eden Grubb şöyle dedi: "Alt altın, çeşitli maddelerin yüzde 1'inden daha azını temsil eder.
Yani, pazar fırsatları altın paranın artması için hâlâ çok önemli.
Bu kâğıtta, bir önceki yıla ve 78'e den fazla olan güçlü altın finansal infresler var, bu da, profesörlerin ilgisinin korunduğu bir göstergedir." dedi.
Ekonomi artışını desteklemek için Hindistan'ın ulusal altın sığırlarını artırması gerekiyor."
Grubb, Hindistan ve Çinli'deki en büyük altın pazarlarındaki altın pazarlarındaki altın pazarlar, altın, altın ve konferanslar için talepte bulunmuştu ve bu Asya'nın Asya eyaletinin kazançını artırdı.
Grubb, üst düzey bir dönemde, Çin'de ve Hindistan'da yüzde 54'in yüzde 50 arttığını söyledi.
Grubb, Çinli tüccarların daha düşük paralar için altın satın aldığını ve ucuz bir randevu aldığını söyledi ve şöyle dedi: "Yıllığının ikinci yarısında Çin'in genelde sessiz kaldığını söyledi.
Nisan'da hiç ummadığı altın masrafları izledikten sonra, istenen ve sığırlar satın alınmış.
Grubb, Hindistan’da altın içe aktarmayla ilgili sınırların dışında, Hindistan Orta Orta Bank'ın, sığır ve yabancı cenazelerin değerlerini etkilemesini engellemek için, "Altın ölçüsünün altından ayrılması zorlanmış bir şeydir.
Dünya Gold Council, Hindistan'ın politikalarına göre, altının strateji bir fiyatı olarak görülmesi gerektiğine inanıyor.
Dahası, uzun süreli politika hedefleri ve ekonomik gelişimi desteklemek için, milli altın avantajlarını artırmalı.
Global Trends
Dünya Gold Council'in dünya çapındaki altın uçlarına göre, şimdiki yılın ikinci ucunda dünya 856.3 tons, dünya çapındaki altın ve konferanslar 508 tons'taydı.
Geçtiğimiz yılın ikinci ucunda, Çin'de lamba talep ettiği gibi, Hindistan'ın yüzde 51'i, Türkiye'de ve Ortadoğu’da 33'da, Türkiye'de, yüzde 38% ile birlikte Türkiye'de daha da arttı.
Bu dönemde Çin'de ekmek talepleri artmaya devam etti. Geleceğin zamanın artacağını ve altın 86'da bir yıla denk gelene kadar, bu yılın 276 tonluna ulaştı.
Hindistan'da hükümetin ilk kriterde altın içe aktarması için vergi ödemelerine rağmen, geçen yılla karşılaştırmanın 72% artışı arttı ve 310 tonneye ulaştı.
Warm Siyah Denizi Filmleri: Hill'in gençleri
Filmin lideri Trabzon'dan bir doktor.
Filmdeki avukatlar, Ciceklidiz köyünün ışıllı, ışıltılı, sıçrama yerleri.
Aşk Özgürdür.
Film sadece 400.000 TL'nin bir bütçesiyle vurulmuştu ve bir beyin yokken, çok fazla eleştirici ve gülümseme vardı.
"1980'in gençleri" bugün İsmet Eradyann'ın lideriyle büyük ekranı vurdu.
"Helkili Gençleri" adlı filmin önde geleni Ciceklida Ciceklidudz'ın yakınlarındaki köyde vuruldu ve tüm zehirli romantik resimler de bir filmdi.
Basım, Forum AVM Cinemaximum teorisinde yapılan bir şeydi.
Gama gecesinde çok kalabalık görürken, insanlar danslar ve Black Folk şarkıları gösterili bir gece yaptılar.
Orhan Fevzi Gurukkulu, Sivilli Poliser, Ertan Sınırlı Director, Sakinlık ve Sorgulama Director, İsveç Kanut, Abuld Rauca, Abul Rica, Accube, Ruspi, Accube, Avusturya, Ruskabek, Turpubsk, Türkler, yerel ve nüfusunluş müdürleri de dahildir.
Film, Dr. Iramet Eradyann tarafından yazılan ve yönlendirilmiş, Altukiki Küçük tarafından ele alındı ve ilk roller Samet Karhay, Ayşe Özask, Kocak, Selahattin Gezgit, Sarl, Özgür Adem Emrandi ve Vahide Eradyann tarafından yapılmıştı.
Bugün "Hill Gençleri" filmi 61 basımla yayımladı ve Kara Denizi'ni ilk kez Türkiye'de daha iyi anlamak için Türkiye'de ilk kez daha iyi anlaşması için Türkiye'nin alt kitapları var.
Dalgada yıldız parlıyor!
Filmdeki ilk işçilerinden biri, Semet Karhaan oğlu, sadece 18 yaşında.
Samet'den Trabzon'da yaşayan Sabzon'un adıyla her şeyi izlersin.
Amatör teorileri yapan bir aktör, geldini ve film sahnelerini hemen ele aldı.
Sonuna kadar ünlü olan Samet Karhaan oğlu, dinleyenler, "gelecek zamanda bir aktör olacak" diye ince bir açıklamada bulunmuşlardı.
Geldi ve Drama'yı birleştirdi.
12 Eylül 1980'in başkenti Trabzon'daki Ciceklidz köyünde meydana gelen olayları anlatan filmin konusu şudur:
" filmin baş karakteri, hikmetin babası, Almanya'da çalışıyor.
Hikmet, kış zamanlarında okula gidiyor ve Çobanlık dönemi sırasında, eğitimini tamamladıktan sonra doktor olma fikrini aldı.
İşe çıktığında inceleme yapmak kolay değil.
O köydeki zengin ailenin kızı Zuleyha'nın sevgisi her şeyi daha da zorlaştırır.
Zuleyha'ya sevgisinden dolayı yıllardır arkadaşlarından öğüt alması için baskı yapan Zuleyha'nın babası Culiha Aga'nın üslubuna taşınmak için çok zor bir zorluk buluyor.
Sabri Aga'nın kızı için farklı planları var.
O sırada, çevredeki köydeki insanlar bir araya gelip oyun oynarlarken, uzmanlarından biridir ve bu dağdan gelen köylere savaş ilan ederdi.
Kısa bir filmden...
Galatya'da, filmin ekran yazarı ve yöneticisi Dr. Immet Eradyan, çok iyi bir broşürle film yaptılar dedi:
"Geçmeye başladığımızda kısa bir film vurmak istedik.
Ama ilk sahneler, sosyal medya ile o kadar çok ilgilerini çektiler ki, uzun bir film yapmaya başladık ve bunu yapmaya başladık.
İstanbul’da bir dağıtım şirketine yaklaştıktan sonra, ünlü bir ameliyatçı mı olduğumuzu sordular.
İlginç bir falcımız yok dedim, ama Kara Denizi'nden 86 ameliyatımız var. Başka bir yerde bulamazsın."
Filmler ve TV gösterileri o kadar yaygındı ki, çok zavallı dişler kullanıldı ve Kara Denizi'nin insanları doğrudan tanıtıldı.
İlk olarak Kara Denizi'nden 86 kişiyi bir süre sonra filmde göreceksin.
Kara Denizi filmi vurmaya çalıştım.
Keşke başkaları ben yapmadan önce bir film vurabilirdi.
Kara Denizi'nden insanlar doğrudan bildirilmemiş olsaydı, filmi vurmam gerekmeyecekti.
İlk kez Türk filminde ilk kez Türk mürekkepleri kullandık.
Bu da ilk bir şey.
Kara Denizi'nin daha iyi anlaşılması için bunu yaptık.
Siyah Derecesine çevrilmek için, filmin İngilizce iletişim kutusunda alt yazılar koyduk.
Kameraya odaklanan biri o filmi vururken bir aktör oldu.
"Hill'in gençleri" ilk filmimiz.
Hatalar ve hatalar olabilir." dedi.
Şu sıcak ve sıcak filmi kaçırma, Kara Deniz filmlerine çok sıcak bir nefes alması.
Pafumunu seçerken dikkatli olun.
Kendi kişisel ilginiz hakkında çok fazla kaygılanıyorsanız ve elinizdeki çiçeklerle boğuşuyorsanız dikkatli olmalısınız.
Kullandığınız refum, sigara hastalığına neden olabilir.
Dramolog Dr. Funda, Poikivalote'nin Poikilodemalı Hospital Hospital Hastanesi'yle konuştuk. Bu, erkeklerden çok daha yaygın olan ve birçok kosmetik makalelerden kaynaklanabilir.
Civate'deki Poikilodema, bıçak ve sıçramanın arkasında görülen sömürgü hastalığıdır ve Dr. Ataman şöyle dedi: “Bu, özellikle, güneş ışığına bağlı olan insanlar arasında görülür.
Kırmızı ve kırmızı işaretler olarak görülür.
Sıçınır, sarı ve saçlı kökler daha belirgin hale gelir.
Gün ışığından bir tıbbi tedavi ve korunaktır.
Başka bir seçenek de resinonik acid'in kullanılmasıdır.
Bu dondurmalar uzun zamandır kullanılmalıdır.
Kırmızılık, koku ve ısıtma, tarafı etkiler ya da alerjik bir tepkidir.
Bu durumda tedavinin devam etmesi gerekir.
Bu mirasın mirası olduğu için, Civatote'nin Poikilodema'da yaşayanlar, gençlik yıllarında korunma ve tedavi konusunda bilgilendirilmelidirler."
Sigara içme teşhisi
Bu yılki ilk altı ayda Türkiye'de sigara içen sigaraların sayısı, geçen yılki dönemle karşılaştırıldığından yüzde 10 ’ u arttı ve 41 milyar 779 milyona düştü.
Bu yılki ilk altı ayda Türkiye'de sigara içen sigaraların sayısı, geçen yılki dönemle karşılaştırıldığından 10'un yüzde 10 ’ u arttı ve 41 milyar 779,00.000.60'a düştü.
Tobacco ve Alcol Market Üniversite Üniversitesi (TAPDK) tarafından yapılan bilgiye göre Türkiye'nin Tobacco Survey (GATS) istatistiksel Institutututututtu.
Araştırmanın sonuçlarına göre, Türkiye’de her gün 15 yıl (16 milyon insan), her gün ya da her zaman 2008 yılında sigara üretiminde kullanan 31.4%.
Erkeklerin yüzde 41.5 ’ i ve kadınların yüzde 131'i sigara kullanıyor.
Sigara üretimlerinin yüzde 47.9'dan yüzde 41.5'e düştü ve kadınların yüzde 13.1'i azalttı.
Araştırmalara göre, on kişi sigarayı bırakmayı düşünüyor.
Bir ayda bir saatte kalanların sayısı yüzde 12.9'ydı ve 12 ay içinde bunu yapanların zamanı 35.4%ydı.
Aşağıdaki görüşlerin incelendiği bir bölümde şunlar belirtildi:
"Tecco'nun tempo üretimlerinin sonuçları, trafik kontrol kanunlarının ve Ulusal Tobacco Kontrol Programının ve Türkiye'deki Hareket Planının etkili şekilde uygulandığını gösteriyor.
Bu şekilde, 2008'den 2012'e kadar 2 milyon milyon insan ıstıraplı zehirli ürünlerin sayısında 2 milyon milyon insan arttı ve nüfusun yüzde 4.1'i azaltıldı.
Dünya Sağlık Temsil Heyetinin 2013 yılında yayımlandığını belirten bir rapora göre, tarım kontrolü altında bulunan Tobacco Epidemic (Türkiye) dünya gücüyle ilgili bir rapora göre, bu ülkenin tüm kriterlere ulaşmak için yüksek bir başarı kazandı.
Başka ülkelerde Türkiye'nin örneğini izlemek istendi."
Sigara bölgelerinde sigara içmek için yasaklar hâlâ olumlu bir etkiye sahip.
Bu yılın ilk 6 ayında sigara içen sigaraların sayısı, geçen yılki dönemle karşılaştırıldığında yüzde 10'u azaltmış ve 41 milyar 19000.000.0000.000.
Bu sayı, 2012 yılında 46 milyar milyar 325 milyon 440.000.000.000.000 nüfusuydu.
Duygulama ekranları var.
Ubi Etkici, Microsoft'nin "Kiken" teknolojisini kullanan çok ilginç bir üretim başlattı.
Windows'da Kinct tarafından kullanılan projeleri desteklemek için Microsoft, geçen yıl Kinctiv ivmesinde 11 yeni şirket de dahil oldu.
Yazılım kağıdı bu şirketleri para, iş önlemleri ve şiddetle destekliyor.
Ubiefer, Kinc iviviyatının oluşturduğu en ilginç yazılımlardan biridir.
Demo'da, Kinque Windows'ı ve duvardaki projeyi kullanan basit bir seksi ekrandır.
Windows web sitesindeki yeni bir mesaja göre, teknolojiyi denemek için birkaç şirket var.
Özel beta testi sırasında 50 ’ den fazla kurum testi yapıldı ve şimdi Ubi'den tüm kullanıcılar için satışta.
Ubi web sitesindeki pahalıları tarayabilirsin.
Ödülü 45'lik bir dokunma ekranı için 149 dolar olacak.
Bir 100 dolarlık dokunma ekranı 20 dolarlık dokunmayı fark edebilir. 1.49 dolar.
Wibi'nin yazılımı ve Kinkleti, bir değere dahil, ama projeyi düzenli olarak satın almalısın.
Android'den başka bir ansiklopedi
Google tarafından alınan bu papayı basitleştirip dosyaları almayı daha da kolaylaştıracak.
En uzakta, Android mobil ameliyat sistemi ve Google yeni bir arayüz teknolojisi için ödüllendirildi.
Fonksiyon, NFC ve Bluetooth gibi engelsiz teknolojileri paylaşmayı destekler ve aslında Android Beam ve Apple Airdrop'dan çok farklı değildir.
Google'ın son ekonomisi bu özellikleri, yakınlarda bulunan, paylaşmak yerine, yakın kullanıcılara veri göndermek ve sıvı ve rahatlamayı sunmak için, yakınlardaki kullanıcılara veri göndermek için izin verir.
Bu yeni özelliğin Android'in yeni bir sürümü olacağından neredeyse eminiz.
Bu Türkiye'nin ilk yerel smart telefonu.
Turkcell smartphones iş sırası'na girdi.
Smartphone fabrikası Türkiye'de ve telefonlar Çin ile ortak ilişkide kurulacak.
T40'a deniyor.
Turkcell Turkey'un ilk yerel smart telefonunu tanıttı.
TCELL, Türkiye'de tasarlanmış T40 smartphone'ı başlatıyor ve Eylül Eylül sonunda Türkiye'de Çinli ile işbirliği yapılıyor.
Turkcell CEO Sureyya Ciliv, T40 smartphone'ı satmaya karar verdiklerini söyledi. Bu, Fıratör Kalm, tüm dokuz ülkede Türkcell projesi var.
T40'da açılan bir sunum, Türk koleksiyonuyla tanıştıklarını ve şunu ekledi: "T40 üretiminin Pryce Çin'de ve onun üretimi 2013'in sonuna kadar Türkiye'de başlayacağını."
AFORDABİ
Cilv, televizyonda televizyonu çalıştıracaklarını söylediğinde, son masrafların satışından kısa bir süre önce ilan edileceğini söyledi.
Ciliv ile T40'lu bir smart telefonu kurmak istediler. Ve bu şekilde, cihazdan kazanç elde etmek ve daha da artmak için veri kullanmaya karar verdiler.
Türkcell'in 2010'da başlatıldığından beri Tren'in 1 milyon litre telefonlarının satıldığı söylendiği gibi, Cilvie bu satıcıların 500 milyon litre trafiğini azalttığını belirtti.
ANLAM DEĞİŞTİRDİĞİ GÖRDÜK VE VE DEĞİŞTİRDİ
Turkcell CEO Süreyya Ciliv, T40'un sessizliği, yüksek ses, çevresi ve değişik bir kullanıcı arayüzüne sahip olacağını söyledi.
Ciliv, T40'un bir işe başlamadan önce ilan edileceğini söyledi, ama bunun muhafaza edileceğini söyledi.
5 BÜYÜK DİKKKİ İMMORTTİYOR
Televizyon ve Kongrenin Başkanı Tayfun Acar, yerel üretimini destekledikleri bir konuşmada şöyle dedi: “Türkiye'ye gelen telefonların 57'si smartphonedır.
Araştırmanın ortalama parası bu randevudaki artışın sonucu 300 dolara ulaştı.
15 milyondan fazlası, her yıl 5 milyar dolar alıyoruz ve bu paranın artacağını söyledi.
T40, Android ameliyat sistemini kullanacak. Ve bu, jam'ın 1 GB'si ve 1 GB'si olacak.
Hepsi Imam'e gidiyorlar!
Öğrenciler genelde ikinci okulda okulu inceleyerek, dinin ikinci mezuniyet mezunlarının üniversitesine başvurmaya başladılar.
Öğretme Hizmeti, 4+4+4'in ardından Türkiye'deki temel okullar, ikinci okullar ve ikinci okullar.
Bir yıl sonra Vaizlik, yeni "requireler" ile lise levhalar arasında birçok okulları yeni okullara dönüştürdü ve Vaiz'nin, bu lisans okullarında bir sandal olarak tanımlandığını belirtti.
Conversion stanandal, ikinci okullara çevrilen tüm öğrencilere ilgi gösterebilir ve Sekerary Meram'daki mezuniyet mezuniyet mezuniyet mezuniyet faktında yeniden rehabilitasyon yapılır.
Normal ikinci okulun bir yıl
Seker Primary Okulu, 4+4'in ardından geçen yılın başlarında ikinci okuluna dönüştürüldü.
Okulda üç ve dört sınıfta öğrenciler, sistemin talep ettiği gibi başka bir okula gidecekler ve 6 7 ve 8'de ikinci okulun mezunları birlikte incelendiler.
Bir yılda normal bir okul olarak çalışmasının ardından, 2012-2013'in sonlarında ikinci mezuniyet okuluna dönüştürüldü.
Okul liseye dönüştükten sonra, beş öğrencinin ilk defa "imam öpüp öğrencileri" olarak kabul edildi.
Fakat geçen yılki ikinci okulun 5. mezuniyet mezuniyet mezunları ve bu yılın altı mezuniyet mezuniyet mezuniyeti olan öğrenciler otomatik olarak yeni bir mezuniyet mezunları olarak yeniden reklaştırıldılar.
"Eğer bundan hoşlanmazsan, başka bir okula git."
Durumun farkında olan ana babalar, okula şikâyet etmeye gittiler.
Fakat okul yönetimi, Prosper National Education Rehberi'nden gelen talimatlara dayanarak şöyle dedi: "Öğretmenler, çocuklarının başka bir mezuniyet okulunda devam etmesini istemeyebilirler."
Konya Province Ulusal Eğitim Rehberi, bazı ilginç ifadeler içeriyordu.
Devlet şöyle dedi: "Tüm öğrencilerin sayısını ve okulları, Konya Hükümdarlığı tarafından kabul edildiği için, bazı okulları yeniden dönüştürdük. Bu bağlamda, Konya'daki 15-20 okullar kasırgaya dönüştü."
Okullar okul kodlarıyla hizmet sistemine giriyor.
Fakat okul bir liseye dönüştüğünde, önceki okul kodu sisteminden siliniyor.
Yeni bir okul kodu atanmalı ve öğrenciler yeniden reklam yapmalıdır.
Bu okullar, öğrenciler ve öğretmenler, değişik koduyla mücadele etmemeleri için, öğrencileri yeni okul kodu kullanıp ikinci okulu kullanmalarına izin verdiler.
Ana babalar çocuklarını başka bir okula götürebilirler.
İstanbul'da ünlü bir işlem
Sekiz yangın 160 milyon Türk Lira tarafından alındı
Ameliyat takımları bir ülkeden başka bir ülkeye satıldı ve Türk Özel Alanına girmemesi için İstanbul'da tutuklandı.
İstanbul ve Trade Hizmeti'nin denetimine göre, İstanbul'ın özel düzeni ve İstanbul Devresi'nin güvenlik ve İstanbul Devlet İskender'in Smuggling ve Intelence Mülk Mültecisi Ö.E.A.
Özel güvenlik takımları tarafından incelendikten sonra, MS civarları Türkiye'de satmak amacıyla yavruları satın aldılar.
Sekiz yavru ve bir ülkeye satılmış, Rudar sistemleri ve generatörleri tutuklandı, çünkü Türk Özel Bölgesine girememeleri gerekiyordu.
Özel hükümetlerin hesapladığı yangın toplam değeri 160 milyon Türk lira'da tahmin edildi.
Metrobus bir kalteri vurdu!
Zincirlik'te sokakta geçerken...
Metrobus'tan ayrılan bir metrobus, Avusturyalı Yavuzcan Dubishen'a doğru gitmek için Avusturya'ya gitti.
Bay Dolyance'ın etkisiyle yere vuruldu.
Yavuzcan Dolyance Üniversitesi Meditik Faculalis'e götürüldü.
Daha sonra, Bay Ducen'in hastanede tedavi edilen hayatı tehlikede değildi.
Bu arada astrologlar Ambulans'ın sahnede geç kaldığını söylediler.
Polis kazaya bir soru sormaya başladı.
Profesör hizmete, "olsun" dedi.
Aile Hizmetiyle İlgili Bir Davet reddedildi
DENEYİM: VATAN INTELLI GENÇLER
Abbas Shahin’in karısı Punar Şahin’i öldüren Abbas Shahin, 24'in boşanma iznini reddetti.
Kurbanın annesi, Ayşe İkiz ve ablası Hediye Beşinkiry Criminal Criminal Court'in Abbas Shahin'e katılmıştı.
Defendt Abbas Shahin mahkemeye 4 sayfalık bir kaza verdi.
Bay Shahin, "Karım yeni bir başlangıç yapmamı istedi.
Evin nerede olduğunu bilmemi istemedi.
Kontrolünü kaybettim ve yanımda olduğum bir silahı attım.
Karım o zaman sıçramanın üzerinde duruyordu.
Silah arabanın tarafına doğru gittiğinde dışarı çıktı.
Karım koluma düştü.
Daha sonra onu polyklinik'e götürdüm.
"Özür dilerim" dedi.
Eğer bunu kabul edersek, her konuda bir anlaşma yaparlar.
"Kızım evlendiğinde 14 yaşındaydı." dedi.
"Evlenmeden önce kızımı şiddetle karşıladı," dedi ve kurbanın kızkardeşi Hediye iki kez kızkardeşini öldürdüğünü söyledi.
Anne ve hemşirenin şikâyetlerini izleyen bir avukat, kadının ve Sosyal Welfare’nin Hizmetine katılmasını istedi.
Mahkeme davasıyla ilgili görüşünü açıklamak için mahkeme savcı Tark Dursun Bendez, "Emma'da "A'nın, gerekse de, vali, suçlu, suç ve aile üyeleri, şiddet ve şiddetle ilgili tüm uygulamalara katıldığı söylenebilir."
Mahkeme savcının isteğine karşılık verdi.
Bugüne kadar kabul edildi.
Karısı ve Sosyal Welfare'nin Vaizlik Hizmeti, bir erkeğin ve ailesinin, karısını öldürmüş olan Melek Karaaslan’ın davasına müdahale etmesi için izin istemişti.
Mahkeme, hizmetin adil ve kabul edilmesi gerektiğini düşündü.
Kadınlar ve Sosyal Welfare Hizmeti, Esin Güneş'den bir öğretmen olan bir adamın karısını denemesinde rol oynar.
Ocak ayında Izmir'de, Fatra Shahin, kadının ve Sosyal Welfare'nin önde gelen müdürü, S.C. 6 ve karısının boşanmasını istediği için, boşanmak istediği için hapis cezasına çarptırılmak için yalvardı.
Mahkeme duasını verdi.
Van'da, kadınların ve Sosyal Welfare'nin Vaiz Vaizlik Hizmeti, İsviçre Çakan'ın 32'de tutuklandı ve arabasını işçi olan Pensen, 17.
