The students of the Metadatrii city of Central School in the Great Palika introduced their imagination as a fantasy collaboration.
After encouraging the Prime Minister Sun Medalwar, the teachers and students built a kitchen from Mitty.
Rajash Guvare, president of the psychologist organization, commended him for visiting schools.
Remesh examined the kitchen by the seven sons of Ramesh.
The graduates shared in the construction of the towers, in the visions, in Gadgar, and in Shahial Meshram.
Jai Narendra Bari, the president of the Colombian Constitution, the Shakhman Vankar, members of Ajay Gundumwar, Gajan Mehr led the students.
The children of Rehatha the city gave gifts.
Industrial corruption, frequency, and robots have launched the United Indian democracy campaign and DWFI.
By means of this Kingdom signature campaign, the government will be transferred to 10 million signatures throughout the country.
On Friday, the signature campaign was launched on the new bus station.
On this occasion, the state secretary of SFI, the Secretary of the Commission, the Secretary of the Secretary Anju, the country of the young meeting was present in the neighboring Vinod Valley, Sumu, Rakesh virgin, Songs, Zoneu, Rajash Kumar, Miana, Vina Malik, music, and music.
And the new twelfth day, which was on the side of the city, in Maloa, which was on the side of the city: and the new widow was tender, and fell down by the wings, and died.
It's just two months after the soft wedding.
The police's initial investigation has come that the soft economic crisis was scarce, and that's why he took this step.
According to the description, the event of death was discovered on Friday afternoon when his uncle's sister went to clean up in the roof of the third floor.
It happened, when she saw that the corpse fell by the wings of her body, that she rose up, and told her lord.
Humility was immediately taken to the Government Multishellily hospital, Sector-16 where doctors announced him dead.
Humility's husband doesn't do anything.
The gentleman wrote on his left hand before he took this step, saying that she's infected with her desire, the problems of my life are the cause of my death.
According to the description, his mother is mentally ill and a brother reads in the government school many years ago.
However, the police have put the body in the cector-16 hospital motorcycle.
After postpartum report, the real causes of death will be discovered.
Sri Lankan Selectors have chosen 16 member Sri Lankan team for a limited override of the border between New Zealand from August 10, November 10 to New Zealand.
The selectors have included only one new face in the team for 24-year-old Herphunmola player Esen Prisonna, while Dimuth has relocated again two years later in the Team.
The Sri Lankan team will play two t-20 matchs against 10-21.
The first and second one day's competition is in Humbontota, while the third vans will be played in denbula.
There are two T-20 competitions in Palekel.
Know that in those days the stealing of the city was great.
This is the seventh event in recent days.
The release and fixed driveing license (DL) that has been ready for September 30, will find the rest of the license the next week.
This note seems to be on DTO Office's Diliviary Counter.
It is clear that DTO offices are being delivered after a month, while its demo-to-service is fixed for seven days.
Or within the seven days of the report, the DTO office should be given to the advocate by preparing the DL.
If the land's real, the situation is worse than that.
There are many customers who haven't had a DL deliverer since 9 months.
The number of the travelers that go out for two months is numbered.
The situation of the office can be calculated by the fact that DTO-Onal Garg is not even the information of this notebook on Dilivery Counter.
They claim that DEL is in the outer boundary.
Then why did you put the note, and then the answer was that they didn't have any information?
For supporting the U.S. economic economy, foreign institutions were enthusiastic about the decision of the decision to continue the help package for the American economy.
The sensitivity of the Bombay Stock Exchange over 130.50 Digits at the level of 21,16.52 and 45 at the National Stock Exchange levels 47.45 Digits at the top of 6299.15.
In the market, this graduate was led by the Congumer Guds, the banking, the metal, the oil gas, and the power class.
Nine of the 30 companies involved in the synsics were damaged, while the rest were in vanquished.
It's a real environment security test.
The last year, the sound was spread to 100 decibels in some places in the test on Divali.
In normal days, this data is 55 decimals.
Each year, sound pollution is increasing by the sound of the stairs or the sound of a djor.
Even after the ban of the government, more than a standard democratic plates are open and sweeping.
SDM has the right to stop them, but they also keep their responsibility at the time.
The environmental security center last year had a sound pollution in the traffic station.
The first 10th November was done on two separate times.
Check the minimum sound effects found 72.5 and max 83.6.
In the same way, on November 13, 2012, the maximum 87.7 decimal and at least 80 decibels sound pollution found.
The maximum 100.3 desktop sound could be found while at the power of 72.1 decimal placement.
The maximum sound effects in general have been detected in 65 decimal places and at least 55 decimal places.
'Most people don't pay attention to it and use more voice patches.
The watchman, Agara: Fatehabad Road died on Thursday night in the power of disasters.
Police entered the Zip truck near Tasgunge and died of the memories of the Troga RP lion.
On Thursday night in Dochi's village Nagla Dehans, the truck smashed the Gramian Heriom across the street.
The rugged rude monsters jumped on the Road because of their death.
Fors came on the occasion, and opened the jam for two hours.
After they had put the corpse into the corpse, the soldiers of the batterer were returning from Ravendra, and Rameneres's bike.
And the two of them were wounded at the gate of the Tora, which was by the gate of the second deviator.
About two o'clock in the night, the registration guards were coming from the wounded soldiers with a jaw.
During this time, the track driver went on the collaboration. He suddenly hit the break.
Fast rapid Zip went into the last part of the truck.
His next part was severely damaged.
The next surveillance of the next surveillance was killed at the scene of the surgeon.
And the driver Jacob, and the captains of the guard, and Arwind, and Ravindra, and Ramen-resh, were wounded.
When the authorities arrived, they put the wounds into the syndrome.
The inspector refreshing green model has been issued against the track driver.
On Friday the body of Doroga was greeted in the police line.
The parliament took the body to Manpuri for the last ceremony.
The Dead Rioga Register Pal of the lion's family lives in Manpuri, Kotwali's camp.
They were in Malawi of Atta.
There are two sons and three daughters in the family.
And it came to pass about three days ago, that the foundations of the Horipurth, which were in the streets of the city, were turned away by the border of Bamaroli.
There, the warrant's business was completely flexible on the power of the lightning all day.
The work of banks and offices was affected.
Because there was no electricity, the whole city survived the water kiln.
The mobile service and the rest of the work were also affected.
It's noteworthy that the tower was damaged by falling in the woods near Dodad's swing.
The 132 KV line from Udhampur was completely quiet.
The NHPC officials and the employees were constantly reestablishing the power service for three days.
The NHPC official Arwind Bat said that despite rain, the workmates were in the repair of the air.
The lightning was restored at seven and a half o'clock.
The death of Maharashtra and the weak Economic Cinario made it a sluggish loss of the need for Gold Barnes and Canyon.
Gold's price in Delhi is about 31,400 grams per 10 grams that last year were 32,485 grams per $10.
The chairman Haresh Sony of Ol India and the Juliary Federation said, 'Camjoar Economic Sinario has come down to the demand of Gold in the demands of Maharashtra.'
The chairman and Mdi Mehul Chokasi of the Gangangajli group said that the total salary of Gold is less than 25 per cent.
The farmers' eyes have changed.
We hope to be more than 25 per cent this year than the last year of the diarrhea.
Despite the prices of Gold, this year has been less than the past year, people are buying silver on this treasure.
The chief's meeting in the fifteenth manner.
In the same way, Bengabad's memory of 57 Ramsed-Messad has demanded to act on the chief and the secretary.
He said that the complaint was issued to the Prime Minister and the secretary of the past four July, which made them suspended.
They also showed the lack of imprisonment to the Prime Minister of Pakistan.
He said that seven days before the general meeting of the 50s must be sent to all fifty, but the president of the meeting on May 12.
On July 3, the meeting was not given by the Secretary of the 5th Secretary of the Legislative Legislation, which could not have participated in the meeting.
He said that the secretary's brief information of the meeting's work is never given to the members through the information letter, but that is done within ten days, according to the Government.
The chief offered to spend the radius of the 13th-three year meeting in his personal office.
They have demanded to stop immediately on the radius of the 13th year of the case.
The watchman, Jimmou: When sin increases on the earth and the people of the monarchy are oppressing the people, God has to be sent to destroy the wicked.
God was born to deliver the inhabitants of Mathura from the oppressive conspiracy.
Lalial salary started with the desire of peace on the Indian-Pake border in the monthly week, the Mahant Nand teen (Guhansaw) told the story of the descending of the goddess Kashnah on Saudi.
He said that at the age of a child, the God of the Lord killed the great monsters and brought the sufferings of the people.
And he said, Let not the heart of this man depart into the fear of the Lord.
Only in remembrance of God is a man free from trouble.
He said that there is only a sympathetic feeling toward India in Pakistan, which often forces him to go on the wrong path.
He must realize that this is the harm of the common people on the side of the borders.
There were hundreds of the saints who offered the guests in the conquest of peace at the east end of the story.
There are hundreds of reverents coming to ceremony in Hawan and Mr. Medachha.
Layal salary's surplus told the lion that there is a law for the monkeys who come here.
The story will be fulfilled on Saturday, and the end will be fulfilled in the air.
Office journalist, Rupee: The survival of administration in the local cholesterol school by Vizelens unit for the purpose of spreading survival among the common people against corruption.
The students and the common people shared in it with the school children.
The Balvier Shan of the Virgin Vizelens Bührer can be built by the corrupt society if he complys with the atheists against corruption.
Inspired by the people, the officials or the employees could complain from the Vizelens section.
The section will be full of serious and boldly punishing the officials and the employees.
Seminar also spoke of a lion, Sersa Nangal, U.S. lion Bhuller, and the Inspector Pal of Vizelens.
These people said corruption has become a major problem in today's world.
In this case, everyone in the community will have to come forward, because the root of corruption has become so deep that it is not only possible for the government to remove it.
To do this, the common man must come forward.
In the program, teachers and students were distributed a gift and a lot of funds and gifts from the manager committee.
The director of the manager's committee, Dad, Rajit Shan Khukur, said that the Divali is a festival of joy.
The Aephids of the city of the Lord, rejoicing that they had returned from the wilderness, received them with fire and brimstones.
From that time on, the custom of celebrating this festival.
He invited the students to be motivated by the life of the modest goddess Sirram.
The child's hair was in the presence of the child's heart, cheering, sackcloth, hymn, and ramesh.
On October 31, Halowin De is celebrated worldwide.
Many Western countries believe that the spirits of the fathers must be pleased, because if the spirits are angry, they can cause them to be blamed.
That's why they celebrate this day.
In the Haloven Parties, they are seen in Haloven Dress.
Also, in many places, the Haloven Party is organized in which people go to the party at terrorist and strange ceremony.
That's how you'll see a lot of strange faces at the same helowin party.
Some of these are very frightening, while you can't be able to live without laughing at some.
The fire sweeped into a shop in a stairway.
The idea was that the fire was controled while it was time.
And at the way of the Thoradaun, at the way of the place of the place of the LORD, the lion set up the firebag out of his hotel's house.
Maybe a radet was suddenly at the counter of the stacks at about eight-four.
And when he saw it, the quantators caught the fire, and the whole store with the threats came up.
The clients were present at the store right now.
The store owner tried to blend fire with fires from fire and sand.
There was also an opportunity to get to the middle of the night.
Nobody hurt in the accident.
The fire hit the people in the park store.
The chief of Damascus, Dan-ram, said that the fire was taken in time.
In the markets, the markets are also given strong instructions to protect the stores.
In Singapore and Malaysia, more than South India, its film is often smiling.
The name of this dictress is "Ani Modi."
The Gilles of Gujarat is about to stay in Gandhi City.
Abnie had the interest of the acting since he was a child, but until college she couldn't put her foot in the actating.
Once it's gone, the script writer of College said that it's far away, you don't even get a set of events.
In the schools and colleges, the students are playing the dolls of the Tamil film in Industry today.
However, later it became clear that the teen is his relative after the house owner arrived.
And the men of the house left the damsel in the house, and shut the door.
The teenage family were transferred to the courtyard and police presence.
And there came from the house of the scribe Gridiah their kinsman, fourteen years old, the daughter of gold.
Sonny's husband is dead.
There the girl went to the house on Friday to Sudhem's wife, Anjali, and went to the market.
And she wept in the house.
The people of the prisoner also fled.
People around the neighborhood gave it to the police.
For example, when the sun sets, the sun sets on the sun.
Until then the fig came.
He said the child is his relative.
We're keeping it because his family's situation isn't good.
The mother is in the village of Bela-at-aram, in Gridiah. She has a goddess Oph, and her family.
Father Montu is dead of the World Worker.
The mother of the girl, Soni and Mama, spoke to the mammal with red laja and called them Zarea.
And it came to pass at evening, that Mother and Mama came.
Mother says that the daughter was sent to the Reformer of the Governing Body and his wife to the Anglican World.
The gold goddess in front of Parshad and the police took the girl with them from their relative.
Angie said we can't keep the baby.
If the child had done something, what would it have done?
Texy driver was wounded in the accident.
The driver has been registered in the civil hospital in the beautiful city.
His two legs are being described as a frequency.
The police have started to check the case of driving indebtedly against the taxi driver.
After postmartum in the civil hospital in Beautiful City, the corpses were reported in the afternoon.
It was about three o’clock in the morning, and the driver was suddenly staring.
The rapid rapid Texi was killed by a white tree on the street of the Raftar Texi.
The Ganga the goddess, and the driver of the moon, the son of Cyrus, who sat in the taxi, had a very grievous wound.
The neighborhoods heard the sound of the car tree, and they pointed to the police.
Police took the gang and the moon from the crashed taxi after a severe surveillance and led the civilian hospital to be beautiful.
There the doctors called the Ganga goddess dead.
Ganga was going to meet her sister, and she had a flute after the afternoon for Mumbai.
The test of the case has been handed to all the Inspector Sundra Kumar.
DSP expedition verma confirms the accident.
The printing team included the ADCP City of the U.S. Army, ACP West Debag lion, SAHO Kant Ecbal lion, and more than 100 policemen.
Three hours in prison, but the police didn't get drugs, and no mobile phones.
Three days later the police returned empty hand.
The announcement of three seats' expectations has been taken.
The continue list of parties has been announced by the names of the delegates from Kents, North-Madad, East, Paton-Muzoli and Bergie Constitutional Sites.
On Thursday, the Indian democracy has announced its expectations for the 147 legislation seats.
The list contains the names that were already speculated.
According to Vazpa's investigation list, Kent includes the name of the goddess Rosing, from the north-Madad Jane, inchal gold from the east, Ajanoi, and from Bargai.
Most names were already set up by Vasapa, but only in the north-mediter and the Olympic Constitutional Constitutional Constitution has long been running for a long time.
Know that the prospects of all seats are currently divided from the currently related areas instead of the predetermined conference.
Only inchal gold has been evacuated from the eastern region.
After the announcement of the names of the party's expectations, the field activists were banished.
The decision on the rest of the seats has been suggested that the announcement of the hopes on the rest of the constitution seats after the release.
According to the Constitution seats that are more opposed to or to personal equations, the current vendors can be replaced with a new prospective field.
In the Legislative Assembly, nearly 276 activists from each Booth will be released on Friday, demanding the party tickets.
All activists will meet the National President Rajanath Sion, National Organization Minister Ramalal, East President Netitan Gudkari, Prime Minister Kumar and the National President of the Young Morch.
However, the authorities haven't said to find a rock in the garbage right now.
The Sowan government said that the rock was found and that when the ASI authorities broke it, they would see the truth of the treasure.
Shawan government has often been reluctant to talk to the media and have been reluctant to say what he said.
Where he once said that if this operation had been in the army, the truth would have come to the front.
And there was a certain saying, The gold will not come up until they were called to the place where they were called.
After questioning the controversy in matters, the government began to accuse ASI and administration and said what is going on on the site that is being banned by the media.
We asked for a direct broadcast.
They must have acknowledged that the ASI team is there where they were told.
However, after a day's rest, the ASI team re-restarted the building work, but a centimeter could not continue.
The production victory Shankar Dube said that today the SI team is still cleaning up the entire area of the day for $400 feet [80 m].
If the Tata Workers are not able to solve any stable location on the subject of the Quarter Extension of Tata Workers, the president should announce the date of calling the release meeting soon.
If the grade revival is delaying, the employees should try to give the perimeter.
The two demands were found in the United States, about ten committees reporting for the release on Friday evening.
During the conversation, Danda said that there was no talk between the conference and the Union on Friday on the topic of the extension.
On Saturday, this issue will be considered by the office beer meeting.
Military delegates included slaves Moindudin, musician lions, Saroz Pandy, Maharashtra lions, religious astronomy, Red Battle Prime Ministers, Ravi Shankar Pandei, Munusher Pandai and Grysh.
Depti VP Corporates were present in the city of Services but could not talk to the U.S. officials.
Now this point is likely to be a conversation on Monday.
All committees and employees visited the office Beer and informed of their problems.
The status of incremental servers associated with this application's date is still due to insignificance.
The light festival has begun since now.
Friday is a small lamp, the architectural.
There are also beautiful colors in Divali with home-shazza.
The beautiful house in the outer house or in the courtyard puts four-white rings in the beauty of the beautiful house.
We've brought some of these pictures from Gujarat on this occasion.
These beautiful colors can be yours too.
These authorities were already upgraded to the U.S. secretary's current position in the United Secret level.
As a result of the increase in the number of denominators and others, Edvocate tolerance in highcort has been reported to be taken from the BBMB's Advocate Coldipet of Manikot.
The date of November 12 for the proposal of notes.
It is noteworthy that two years later BBMB's school in BBBB was evacuated in the 15ths of the last month of the BBBBB students.
Then the prosecutors have knocked the honored highcort door.
Two years ago, the provincials displayed the wrath on the streets, and then the fifteen were minimized.
And this time also, because of the increase of the fruit was found among the pearls.
Five months after the new session started, the processor may have arrived in one fifteen.
Prime Ministers continued to show a number of days after meetings against the school manager.
Nevertheless, the school management has finally knocked on the door of the highcort, while not ringing on the ear.
The experts say it's not proper to increase the barfish.
This affects children's education as well as their business.
The chief said that the development needs to be progressed by transparent in government work.
Says that no randomity will be interrupted in the process of plans.
A list of the Bills available to the former colleagues, the list of farmers under the green transition schemes, and the paxwar information of the radius item.
Parent teachers at the meeting were not ordered to not set up the building work.
BEO was asked for a list of building school buildings in the continent.
The health department and the regimes of the CDPO were not allowed to sit in the concert.
The judge decided that the circuit representatives would just come to the meeting to complete the corum.
During this time, a number of factors were reviewed, including the Opportunities, the Pygle Pilgrims, and the Health.
At the meeting, the Sanskrit Pr. Private said that the colleague section would give the funds of the green revolution so that the farmers would go forward.
He forced the high level test of the work of the cooperation department.
Hitler writes that the size of the lie is a major cause of trust.
People readily accept a big lie in their brain's beginning in simplicity, in comparison with a small lie.
In the case of Congressi leader Dekhatan Barua, Birhua had the principle of 'indidra Iz India'.
But the facts of history are different.
The glorious history of the national design is.
The people of India have honored the country from their alert work.
The ancestors, such as medical seasons for visions and cultures, are unique.
The moon's monarchy for ancient national unity is the political systems of the Ashhok, which include ancient racial unity.
There is a great multitude of the men of wars, and of the mighty men of war, and of the mighty men.
Constitution, mercy, mercy, tink, garlic, sublings, patel, lohia, Wipen Moon, Embedaker, but the credits of the Congress are the long list of non-infected martyrs, such as the moon, Ahad, but the credits of the Congress are giving to the families of the Congress.
The big lie is more effective.
58 is the name of 16 Rajjan Gandhi.
The list of other plans of the leaders is long, and the list of gifts, the airports, and the institutions.
Now the public distribution system (PDS) is also ready to be added to the name of the Idira Gandhi.
The names of the great men are inspired.
The identity of streets, universitys, or airports on their name is definitely welcomed, but the name of the country's International Aidde in the country's capital of the same political family cannot be found in any form.
The public distribution system is already inadequate.
Who prevents Congress from asking vote for the name of this plan?
What, though, has it been difficult to keep a watch outside the family’s time?
Prime Minister Manmohan from the lion and the chief deputy of the Prime Minister Narendra Modi's greatness in the middle of the Modi Prime Minister.
Patterel is the great nation.
They joined the 562 kings of the land with their device.
They are all, Samukhs are loved in India, but Congress only considers them to be their end.
The public distribution system may also be named on the panel.
This will not make any difference to the identity of the plate.
Congress has long been in power.
Congress of plans did it.
Congress was sometimes a democracy team, Tikle, Gokhle, Gaddi, Sudan, Rajandra Prasad, Ninev, Pelle, and Mandar Mohan Malawi. After 1950 she went into the control of a family.
The party and the family became dissatisfied.
"Indidra Iz India" was the only one to inform the family and the country of the country.
The name of the plan also became a symposium.
Government plans run through the constituents of the country.
A family of Congress is not ending.
In view of the Congress, each group built its great men.
The Regionals made plans by the name of the princes.
Major men are all of them, but the list of public men increased.
Every small-large group is its men.
There are no government plans on the name of the governments in the United States.
In India, they're unique.
The center claims to take credit directly from the family's plans.
Mahatma Gandhi, Pelel, the Singh Moon Boss, or the Congress are not linked with the identity of Congress.
Congress is cut off from his inheritance.
The word of Rahul-Sonia is the work of Congress.
Of course, the other parties do the same thing to their plans, but they don't run plans on the name of the same family, like Congress.
Politics is illegal with the plans associated with social prosperity.
There are pictures of Sapa's head in Lappep in the architect.
Of course, the advocates have the right to build policy.
The government is restricted to the construction and chronology, but the president and tax collector don't give the government the right to regulate plans.
Politics do not expect political administration from governments, and the translucent use of the Karadita Rajkosh.
Political abuse of the royal court is a brutal crime.
There must be a architecture of the name.
Politics aren't all the medicines.
India is full of multiarmic equipment.
The name of the High Education Society/State organisation should be in the name of a respected Indian scientist.
The name of the institution associated with literature, vision, or art would be good to the name of a respected journalist or a visionary.
The history of monarchy in politics is a lack of idiot.
There was a long argument on the country's name at the constitutional assembly.
Celt Govinddas, the Communist Trinitarian Edio stressed on India.
India's name was called 38 and India received 51 votes.
The original question is, Why does the name of schemes not contain a deep idea?
Why does politics exist?
Why does one family have such a headship?
Why does the listing of the most popular names not make?
Can also be used to create a list of terms or components.
Why is the center and the Kingdom in the name of the schemes a major turmoil on both levels?
The young generation is also forgetting the name of the military of freedom.
Here's Terah's great.
Some of the TVs were erected and colored by the cataclysmic political parties.
Names are a sensible.
Knowledge is the beginning of the name in the 'Intelligence' in the West.
A good name for plans is also sent forth.
Remembering the names of the big people from the book of Common Knowledge is a hard tool, but the government schemes, streets, or important sites can be a simple tool to stimulate the history of the people.
Many names, such as Gaddi City, Pelle Aidda, Amedkarpuram, or ConservationProm, are linked to the traditional history.
Now two-third months ago, the country's half-ked village-nur Ram was mentioned as the name of the village.
In the name of the country, the country, the culture, the culture, the culture, and the history.
Many names represent emotions and views.
The names of kindness, conscience, and Gaddi are the options of social changes, vectors, visions, and truth.
Congress ask for friends to come out of the same family to find a name.
In India's history there are many names with gold avocados.
The motor vehicle accident claims that the court has been ordered to pay 50.67 million money to the former Prime Minister of Maharashtra Jetcher's family in 2004.
The family demanded $25.82 billion as a family.
The family said that the only driver in Maharashtra's state street transportation was the victim of death on two June 2004.
The court ordered the MSRTC to pay the evacuation, and said that the bema company should not give any radius, because the car itself was generating.
The family of Zikhkar's Lecture's friend, Sriram, will also have a price of $260 million.
Their food was also in the same accident.
It's about 70 feet (15.12 million रुपs), MSRTC.
And the rest of the surgeon's car, which was found guilty, shall be 30 per cent of the monarchs (6.48 million money);
He discussed the party supporters and members of the organizational activities during this time.
The president of Gozamo Mahama Machma, Telk Guang, said that the Chief of Gozamimo spoke on various topics to the members of the Ghajmumumumo government, permanent work organisation, Bhutia and Tibet organization.
This time the people of Twin City may have to celebrate the lights in the dark.
Those who don't have the bill of lightning in the fixed date.
Changing connections after 15 days of the specified date.
All divisive numbers of camps have been cut off from one, two and bubbles from all stations.
That's why a crowd of users who have cut down the power offices.
The user is upset.
One reason for the problem is that the power organization has also stopped taking part.
If the conference party is taking, users have to fill 80 to 90 percent of the bill.
All divisive numbers one in SDIO have put a note on his office, saying ‘Don't embarrass the party party.’
The symposium has left the idea of Ramo-Karm on the users.
Now they have to fill in two months' coming Bill in the fixed date, or then the power connection will be cut in 15 days after the final date of the power set.
Ambula Circle has found about 102 million targets from the North Greeny Blowing Distribution Program.
That's why all designs have been ordered to complete this target.
October 31 was the last date of this target that could not be completed.
On Friday, the government minimizes the simple price of gold by reducing 440 dollars per 10 grams and silver import costs to 738 dollars.
It has been replaced by the survival of the two precious monarchs.
A compounding of the valued gears will give a limit to a fixed interest rate.
The import cost of gold was elevated two days ago, and 442 dollars per $1, while at that time the total price of silver was established on 699 dollars per pound.
In general, each dice is reviewed in the fraction of the costly tissues, but because of the deficiency in the vector market, it has been changed to a frequency value.
According to an official report, the main production and bordering board has issued a notice in this regard.
In addition to the price of the petal scraps, the cost of the money was reduced to 3,840 dollars per $3,933 dollars to the next day.
On the other hand, the imported wildlife oils, such as the chocobon oil, the RBD pome oil, and the fragile value of the other.
Without tickets, the surgeon's truck was three hundred thousand travelers.
The railway administration in Jaipur.
The railway administration believes that the ticket travelers are afraid of being caught now and they are sitting in the trains.
The CPRO young Jane of Railway says that last year 97,7000 of the surviving classes were travelling by 88,13,000 passengers.
The campaign against ticket passengers this year increased by 28,000 passengers of the race and 28,000 insecure classes.
This year, in October 986,000 and 84,000 passengers have travelled in an unprecedented class of 88 million passengers.
He said the railway administration has been ticket checking at the door of the railway stations and on the door of the Nikkas, inside the trains, and in the middle of a steam station, ticket checking the stack in the other floor.
For this reason, there has been a lack of the passengers.
From a decision of the Superim Court, the Central Gramical Development Prime Minister Jayram Ramesh described the dangers of the galaxy line of courts.
On Thursday, the top court said that the employees should not act on political orders.
On Friday, Jayram said it wasn't right to take the office and the government's work to their own limit.
Jairam said it wasn't the decision in Kernel's Connor.
This is the master command of the Superim Court.
For all of this, the Civil Service Management board of Central State already exists.
The authorities' groups will be able to hear more of this kind of decisions because of the sudden knowledge they've received after the service.
He said, 'It's a dangerous movement being preached by the Service Department and social activists in this country.'
They attacked the top court, saying, 'Supreem wants democracy and open environment in the country, but when the judge's appointment comes, everything is kept in check.'
Referring to the officials who demanded a conspiracy against the public court by the political academics, he said that the service officials were being registered in a large number of public requests, while these officers were very good at their workdays.
Now after the retirement, they suddenly found out that all leaders are crazy.
The first life in the land of Canaan, where no family is left without inheritance.
Central Gramic Development Prime Minister Jaram Ramesh claimed that at least three cents (parb 120 square feet) would have to build home to each poor family.
It's the historical step.
They appealed to learn from the example of land distribution in Carol.
He said that such decisions require political instability and hard decision.
Seven years ago the Superim Court gave a command on the police reform.
That's the same command.
Ask yourself, ‘ Did those commands apply to the kingdoms?
The criminal was standing by the Bodhaa Bakur Palla, on the way to Moanpur.
The Thanakkkar Conhaya lion said that the troops had taken the carpenter's memory and stamps, and hid their hands in the woods.
On Thursday, the trucks were swapping.
When the police came to Bodhagai pool, they fled from the robbery truck.
Two of the fleeting criminals were arrested with the truck.
Badhagya Thaana, Dayesh Paswan and the Prime Minister of the Culture Region of the Bodhana area, is chasing the police.
Thanadhar said there was a large group of criminals.
Master Mind Promod.
The proposal has given information about other criminals.
Prith, Dinnath, Kumar, Punum Sharma, Sunita and Middula, with the chief of the schools, have congratulated the students' presence.
Yes, this time on the beach, your favorite princess have a variety of tablets in Marquett.
But if you don't want to buy the metals of Sonia, Modi, and Raul Gandhi, there's nothing you have to do with the minimal print patches.
If you still don't talk, you're missing from their names, then let's have more options in the market for you.
This time you're going to buy stacks for children in Marquett, you won't come empty hand.
If you don't want to take a pilot named Nitish Kumar, you'll buy a village chair.
If you don't want to give your children a list of any of those leaders' names, you don't worry that you have the option of Ramillas Passwan right now, you're still present in the book of Raamvilas Passwan in Marquet.
These days you don't need to be worried, if you're their steel and you're going to have a seminary with them, don't be afraid, this time you can take the lamp on your house with red memories!
The former Prime Minister Indra Gandhi was detained in the Sanjali.
This information was given by the prince of the school.
He said that the teachers and professors offered a buffalo on the picture of the Indira Gandhi.
The ban is being organized on the green subject at the path of the progress.
Majju Lakmi first and Shilpa received a strong place.
The U.S. suburb of Bruzz Moon Secreta informed the students by the Palestinian and Indra's sacrifice.
Urmilla Malik, song secret, royal lion, and Amath secret were honored as a judge.
Prime Minister gave information about the progress of the green.
His body was found by the river.
The dead young man has been identified as Harish surveillance.
Two bullets on the young man's body.
Police's body has been investigated by sending the hospital for postmartum.
According to the police, the police had informed the police on Friday and Sunday at 1 p.m. that the young man had been injured by the river in the river.
When the incident arrived, it was discovered that he was dead.
He was later identified as the Repurchaser Harish.
Two bullets were shot on the back of the young man's collar.
Harish has left in the middle of 10th.
Currently, he was unemployed and his companion was with social elements.
Last time people saw Harish with a man.
The police are trying to know the person's identity as well as where he was on the Thursday night and who were in contact with people.
The watch dialogue center, Rajri: The armed man was launched in several sections to leap on government workers who were unemployed in DUT.
During this time, Coternka found locks in the PHE department, and the workmates found the river.
There's a worker's been suspended, and the reason for the rest has been issued.
Jai Auven has set several teams to test the government employees.
The officers, along with the defensive officers, also printed the warrant into the offices of several sections.
Irshasa Ahmed Mir also visited several government offices on Tassil headquarters.
The large number, along with many high officials, also found no hazards from Duti.
They've sent a list of unwanted workers to a few vegetables.
When he arrived at the PEHI department station, he was locked there.
No worker was there.
14 workers found no hazards, besides doctors in Kotronka hospitals.
BMO wasn't on Dugger himself.
There were no other workmates with BDO in the office, leaving two temporary workers in the BDO office.
The CDPO office's work was also running a chapracy.
In the office's registrar, the workmates had been in charge for the next two days.
There were only TSO in the CADP office, other workers were non-hazier.
And in the garden and in the flock, there were also some of the workmen, and all the workers found no hazard.
As a list of all these employees, the deputy sent to life.
There was another and the chief teacher, Red Hussen, who also visited several schools in Ball Jerilla Joan.
Midde Mill Prime Minister Cammerd of the Middle School has been suspended to not work properly, while Abdul Majed and Sureya queen of the Midal School Chaira, CRP Jad Alam of the High School College, has been released for the reason of the CRPAD AJAI Kumar of Midil School Bolla.
The Dright Principal Podip Sharma tried to investigate Midde Mill in schools of Thenna Mundi Joon.
During the visit, there were some misunderstandings in Midde Mill in the Maddes School, with which Pride Shara directed the Midme Medal Private and Head Master to remove the imperfections in two days.
The former Prime Minister of UP's monkey Rajaram Panda was dead on the night of Hart Attack for his riots.
After Rajaram's death, the Akhelish government's mission has been overshadowed.
According to the news from the sources, Rajaram lived in stress since he was removed from the Prime Minister.
According to the predetermined program, Akhelish memories were going to expand the fourth time of their mission on Friday.
Rajaram Panda had found that they were not being assigned to the expanding of the Ministerial Assembly on Friday.
After they had met Achelish, they had come to their home to the king's house, and they were turned away, and became unconscious.
Their employers told them that they were taken to Siville hospital in mid-d night, but they died on the way.
King Ram Pandey Akhelish, who was three times divided from the Worldwide Regional Region of Praetorian Gilgal, had been a rural and globalist minister in the state of Ram Pandey Akhelish.
They were removed from the Ministerial Constitution on April 15.
'It's my participation that I'm the president of this district the second time.
I have the chance to work with a beautiful DM every time here.
When I saw the east DM Kamini four monkeys in Gilly, it seemed that they could not be a beautiful woman, but it's also beautiful from the new DM (malema).
It's better to talk to them.
The king's son also said in a glorious voice, "The riders will shine like a javelin, like a jawbone of Malini. It is now ravenous."
This statement was a special Bowal joke.
The Punjabi government has made NRI Punjabi a special ball to protect their country in Punjab, where a new disaster has surrounded the Punjabi Penjabis in Canada.
Canada government asks the amount of money in Punjab or in India that its country's country's economy and pension etc.
Federal government found out that the country's landing in other countries in Panson Holders, a special cell.
The government has received such complaints and information that people from other countries are taking advantage of all the financial benefits in Canada.
After the Canadian citizenship was received according to the Canadian laws, AI will also be involved in their family, while people aren't doing so.
Thousands of more than 5000 people have taken Canadian citizenship, yet the GCompris's profits are not in the Canadian Inkum Tex Retin.
Many of Canadian charters in Canada's Canada's Revenue Department are constantly telling the Canadian charts to force them to announce the I's coming to the foreign indigenous Canadians so that they can get the right tax count on the coming in Canada.
The Association of Sinears Club found an elevation from Punjabi root of MP Perm Gill and demanded to protect his interests in this regard.
Perm Gill says that if someone complains about someone in the Revenue Canada, he may be able to check his I, but they don't have strong information about the DNA test.
Before the Delegation has been found by MPV Villages, and in the coming days there will be many other MP and MPPs.
Punjab government has passed to Punjab Tennessee and Agricultural Land (Amendment Bill) and Pajab SCIORET of Land Terrence Bill for safety in NRI.
As with NRI, the land of the army has also been protected.
According to this bill, NRI Punjabi can give its land and land-ducan for a certain amount of time.
They can get them back with a fixed note on the required screen.
Renderers will not get the state or any other option.
NRI has to give evidence of being a place owner to SDM and tell you your needs.
This law will provide relief for the five years before the Lease.
About 1.5 million people live in different countries, while their land is still in Pajab.
They are often asking for their security to the Punjab government.
This day is especially for gold and silver and vessels.
It's going in the market with the market stores of the British sellers.
To draw clients, storemen have put them in and out of the wallet stores.
Despite the death of Maharashtra, there is a clear sight in the market.
And the scriptures are great to buy of metals at the feast of gold.
And they buy the vessels of gold and of silver, beside the vessels of silver and of brass and of silver, according to their ability.
The British seller, the black slave, and the Madan Red, said that this time it was too late.
The steel, the tambourine, and the brass have also become sluggish for the prices of the monks.
He said the last year that Steve's price was $120 to 140, but this time more than 150 to 200.
Thus are the vessels of brass made fat, beside the price of brass.
And it came to pass, that, as light and other brass, which were sold in the temple of the LORD, the same was made like unto it.
The clients are buying more small things in the market.
British seller Rajashh said the best shops in this market.
The clients coming from the farthest side are buying the same thing as this sympathy, but people are buying less than they are.
They think the barbarians are sick because of the festivals, and then they will be cold.
Happy for buying all the day at the stairs on Friday.
According to the geographer, one Friday is going to be sunny on November 6.41.
Then at 9:50 the validity sum, but most don't think about it.
Don't buy those who buy this gear in this period, and those who don't think can buy.
He said this day should buy gold, silver, and other metals.
The committee members appealed to the people not to burn on the paper.
The railways were taken from the railways to the garbage gate of Haripur, where the children appealed to the people who protected the environment.
During this time, the committee members asked to honor the lamps and avoid the use of the Palestinian.
The UT workers will now get 90 percent of the workmen from the Central State's workmates by the July month.
Before the September month, 8 percent of the peanuts were subdued by 72 percent, accepting the DA.
After this decision of the Administration, the joy of the workmen of Utty Chadigad is seen.
The Federal of the U.S. Emlyges and Workers of Union has welcomed the decision of the Governing Body of Manmohan Gopal Doth Joshi, Chief of the U.S. Powerman Union, High Prime Minister Victory Sion, Electrich Left Yunion, president of Janber lion and Shanman Manmoh.
After the decision, the employees will be given 10 percent from July month to month.
On this occasion, the workmates demanded to give them 90 percent of the dAs at the Indian Balal-peace conference only nine percent of the workmen.
Vasapa's PM PM post and Chief Minister Narendra Modi of Gujarat included 6 new Kingdom Ministers in his mission on Friday.
A half-dundressed people from Kangoras are also the sons of Dang Sansd Wittle of the Southern country.
The former Prime Minister Nahrari Amin who left Congress before the choice of the 20th elections has been the predecessor of the Kingdom Plan Agency.
This surveillance is seen as a preparation for the people of Modi's community elections.
They've been travelling political for a long time.
After the five kingdoms' elections, more expanse will be in railways, travels, and meetings.
In that case they want to make Gujarat's tower completely disunity.
