In Österreich haben sie insgesamt 29% der rechtmäßigen Populisten.
Nach den vorläufigen Ergebnissen führten die vorzeitigen Parlamentswahlen in Österreich zu einer erheblichen Schwächung der beiden Parteien, die die derzeitige große Koalition bilden, und zu einer deutlichen Stärkung der populistischen Parteien.
Die österreichische Volkspartei (ÖVP), in der die Position des derzeitigen Präsidenten Wilhelm Molterer ernsthaft bedroht ist, litt unter besonders großen Verlusten.
Hingegen bereitet der Wahlführer der Union für die Zukunft Österreichs (BZÖ), der Gouverneur von Karinthia Jörg Haider, eine triumphe Rückkehr auf der politischen Bühne auf nationaler Ebene vor.
Den vorläufigen Ergebnissen zufolge sind die Sozialisten (SPÖ) mit 29,8% der Stimmen weiterhin die erste politische Kraft des Landes, aber im Vergleich zu den Wahlen von 2006 haben sie 5,5% der Stimmen verloren.
Die ÖVP, die mit 25,6% fast neun Prozent der Stimmen verliert, endete noch schlimmer.
Dies sind die schlimmsten Ergebnisse der beiden großen Nachkriegsparteien, vor allem für die Volkspartei, die die vorzeitigen Wahlen ausgelöst hat, das Ergebnis ist buchstäblich katastrophal.
Noch Anfang Juli, als die ÖVP die Koalition verließ, hatte die Volkspartei einen erheblichen Vorsprung gegenüber der SPÖ.
Aber die Wähler bestraften sie offensichtlich, weil sie die Regierung zusammenbrachen ließen.
Seit den ersten Reaktionen auf die Ergebnisse wurden Spekulationen über den möglichen Rücktritt des Parteileiters und des derzeitigen Vizepräsidenten Wilhelm Molterer geäußert.
Die Beobachter sind der Ansicht, dass dies bereits am Montag auf dem außerordentlichen Rat der Parteileitung geschehen könnte.
Eine solche Entwicklung würde a priori den Ausgang des Wahlergebnisses erleichtern, das nach wie vor am wahrscheinlichsten ist, nämlich die Erneuerung der großen Koalition SPÖ und ÖVP.
Angesichts der Stärkung der beiden rechten populistischen Parteien - die freien Parteien (FPÖ) hätten 18% und BZÖ 11% der Stimmen erhalten - äußerten die Sozialisten jedoch gleichzeitig die Befürchtung, dass 1999 eine Wiederholung stattfinden würde, als sich die Volkspartei mit den Populisten (damals war die FPÖ noch vereint, so dass sich die BZÖ 2005 von einer gemeinsamen Regierung trennte), die sogar Sanktionen von Seiten der Europäischen Union auslöste.
Haider, der bereits erklärt hat, dass er bereit sei, mit jeder Partei zusammenzuarbeiten, und dass er die Rückkehr nach Wien auf der nationalen politischen Bühne vorsah, scheint auf diese Entwicklung zu setzen.
Die letzte Partei, die Zugang zum Parlament hat, sind die Grünen, aber sie haben etwas verloren und sind von der dritten auf der fünften Seite der österreichischen politischen Parteien zurückgefallen.
Es liegt auf der Hand, dass keine andere Partei die Grenze von vier Prozent überschreitet und dem Parlament nicht beitritt.
Schwarzenberg: Die Beziehungen zu Indien könnten sich abkühlen
Wenn es nicht gelingt, das Problem der tschechischen Forscher in Indien, die wegen illegaler Kakerlake angeklagt wurden, zu lösen, würde dies nach Angaben des tschechischen Außenministers Karel Schwarzenberg zu einer gewissen Abkühlung der tschechischen Beziehungen führen.
Der Minister erklärte dies heute in New York, nachdem er seinen indischen Kollegen Pranab Mukherjee traf.
"Wenn das Problem nicht gelöst würde, dann ja, würde es eine gewisse Abkühlung geben", stellte er nach dem Treffen, das im Anschluss an eine tschechische Initiative durchgeführt wurde, fest.
Mukherjee sagt, dass die Exekutive bei der Aushandlung der Gespräche schwer in Gerichtsverfahren eingreifen kann.
Er wies jedoch darauf hin, dass die Zentralregierung im Fall von Petr Švácha, der von der Anklage entlastet und mit einer Geldbuße bestraft worden sei, mit der lokalen Regierung, der Regierung Darjeling, verhandeln könne, da die Angelegenheit unter die Zuständigkeit der Regierung dieses Staates falle.
"Sein Problem könnte gelöst werden", sagte der Minister.
Mukherjee sagte, dass die beste Lösung für Emil Kučera, der zu drei Jahren Gefängnis verurteilt wurde, darin bestünde, eine höhere Instanz einzuberufen.
Daher könnte er die Freilassung auf Kaution beantragen und auf das Freiheitsurteil warten, erklärte er.
Schwarzenberg bestätigte, dass sein Partner auch während der Gespräche in derselben Richtung sprach.
"Er empfiehlt, ein höheres Gericht in Anspruch zu nehmen, was ihn begnadigen könnte", sagte der Leiter der tschechischen Diplomatie.
Die einzige Möglichkeit, mit der die tschechische Seite in dieser Angelegenheit intervenieren kann, besteht darin, den Verurteilten "kompetente rechtliche Unterstützung" zu gewähren, so der indische Minister.
Er sagt auch, dass sie diese Hilfe bereits von Indien erhalten hätten.
"Vor allem wollen wir die besten Beziehungen zu Indien bewahren, die über viele Jahre hinweg eine Tradition haben.
Die Indianer erkennen das auch ", sagte Schwarzenberg.
Gleichzeitig wies er, wie er ČTK sagte, vor seinem Partner darauf hin, dass die Tschechische Republik dem Problem der tschechischen Entomologien große Bedeutung beimißt.
"Wir betrachten die Inhaftierung und Anklage dieser tschechischen Forscher als ein großes Missverständnis", sagte er.
Der Minister verzichtete auf die Frage, ob er von Indien das Versprechen erhalten hat, sich um den Fall zu kümmern.
"Ich habe bereits eine ziemlich große Zahl von Versprechen erhalten", stellte er nur fest.
Ein Tschechisch entscheidet über den Kampf um den Meeresgrund
Er nähert sich einer elektronischen Mauerkarte, auf der Australien und die angrenzenden Meeresgebiete vertreten sind.
Er interessiert sich jedoch nicht für den Kontinent, sondern für einen kleinen Punkt, der im Blauen Ozean verloren geht.
"Der Teil gehört Australien und der angrenzende Meeresgrund.
Dieses Gebiet ist jedoch so groß wie der Kontinent selbst ", sagt der italienische Rechtsanwalt Luigi Santosuosso, der Teil des Teams der dreißig Mitglieder der UN-Division für die Angelegenheiten der Ozeane und des Seerechts ist.
Sein Leiter, der Leiter der Abteilung, der tschechische Jurist Václav Mikulka, verfolgt die Präsentation und die Vollständigkeit von Zeit zu Zeit.
Arbeitskraft und Enthusiasmus charakterisieren die herrschende Atmosphäre.
Der Meeresboden verdeckt eine bisher wenig bekannte Welt, die reich an natürlichen Ressourcen ist.
Es gibt Erdöl, Mineralien und andere mineralische Ressourcen, aber auch lebende Organismen, die derzeit nicht bekannt sind, die den Schlüssel zur Entwicklung eines Krebsmedikaments enthalten können.
Der Boden ist größer als das Land.
Die Küstenstaaten haben heute begonnen, die neuen Unterwassergebiete vehemental anzustreben.
Nach einem UN-Übereinkommen nutzen sie ihre Rechte, die sie 1982 in Montego Bay in Jamaika vereinbart haben.
Es handelt sich vor allem um das Gebiet des sogenannten kontinentalen Shelfs, das oft mehrere hundert Kilometer von der Küste des jeweiligen Landes entfernt ist.
Nach dem Übereinkommen kann dieser ausschließlich auf alle Ressourcen des kontinentalen Shelfs Anspruch haben.
"Zur Vereinfachung gilt der Teil des Meeresbodens und seines Untergrunds als kontinentaler Shelf, der eine natürliche Verlängerung des Kontinents unter dem Meer darstellt.
Er erstreckt sich über die Grenzen des Küstenmeers hinaus, oft auch über die 200 Seemeilen, die diese exklusive wirtschaftliche Yone repräsentieren ", erklärt Mikulka.
Der Antrag des betreffenden Landes an die Kommission zur Festlegung der Außengrenzen des kontinentalen Shelfs muss durch eine breite wissenschaftliche und technische Dokumentation gestützt werden, die auf einer Vielzahl kostspieliger Prospektionen und Metrisen beruht.
Sie ist das Ergebnis mehrerer Jahre vorbereitender Arbeiten.
"Eine unserer Aufgaben besteht darin, dem Ausschuss eine rechtliche und wissenschaftliche und technische Unterstützung zu gewähren.
Bisher hat sich der Ausschuss mit fünf Anträgen befasst: Russland, Brasilien, Australien, Irland und Neuseeland.
Bisher waren nur die drei letztgenannten Länder erfolgreich ", fügt Mikulka hinzu.
Der Erfolg Australiens, das erste Land, das seinen Besitz unter Wasser erheblich erweitert hat, hat in jüngster Zeit einen weltweiten Aufschwung erlebt.
Auch Neuseeland hat von seinem Territorium profitiert - das Ausmaß des Meeresbodens, den ihm die Kommission in der vergangenen Woche zugeteilt hat, entspricht 1,6 Millionen Quadratkilometer, was dem Umfang des Landes entspricht, das sich verdoppelt hat.
Beide Länder haben Millionen von Dollar in die Prospektionen investiert.
Der Nutzen, den sie in der Zukunft aus der Nutzung des Meeresbodens ziehen werden, wird, wie sie sich vorstellen, von unschätzbarem Wert sein.
Nach und nach werden auch andere Länder ihre Anträge stellen.
Sie können dies innerhalb von zehn Jahren nach Ratifizierung des "Montego Bay-Übereinkommens" tun.
Dort, wo der kontinentale Shelf endet, beginnt das Gebiet des Meeresbodens, das durch das Übereinkommen "Gemeinsames Erbe der Menschheit" verkündet wird.
Hier hat kein Staat mehr eine ausschließliche Stellung.
Das Recht auf Extraktion in diesem Gebiet wird von einem durch Übereinkommen eingerichteten internationalen Organ gewährt.
"Wir dürfen uns jedoch nicht täuschen, der Meeresboden ist kein Klondike", sagt Direktor Mikulka, indem er sagt: "Seine Gebiete sind genau definiert und ihr Regime ist in einem Vertrag verankert".
Tschechen im Pazifik
Ein Teil des Meeresbodens gehört heute auch der Tschechischen Republik.
Sie teilt ihn mit anderen Staaten des ehemaligen Ostblocks im Rahmen der gemeinsamen Organisation "Interoceanmetal".
Im Jahre 1991 wurde der Status des so genannten "Pionierinvestors" im Rahmen des Übereinkommens sowie von Investoren aus einigen anderen Staaten erreicht.
Sie hat das Recht, im Gebiet ClarionClipperton im Pazifischen Ozean zwischen Mexiko, den Hawaii-Inseln und den Kiribati zu extrahieren.
Das vom Investor gezogene Gebiet übersteigt leicht die Fläche der ehemaligen Tschechoslowakei.
Der Boden ist bewegend. Es handelt sich um eine Art Unterwasserreplika der Tatra.
"Es ist möglich, auf einem Gebiet mit einer Gesamtfläche von 75 000 Quadratkilometer zu extrahieren.
Das Gebiet stellt ein Gebiet dar, das reich an polymetallischen Realisierungen ist, die Nickel, Kupfer, Kobalt und Mangan enthalten ", nennt Ind Pakshi Rajan, ein anderer Jurist.
Rober Sandev, ein marokkanischer Mitarbeiter der Division, liefert ein Beispiel für eine solche Konkretisierung.
Sie erinnert an einen kleinen Kartoffel, oder, mit etwas Fantasie, den mythischen Shoem, der laut der Legende den Golem animierte.
Die deutschen Spezialkräfte waren vor Ort, um die Geiseln zu befreien.
Die ägyptische Regierung hatte Deutschland um Hilfe bei der Lösung der Geiselkrise gebeten - die Experten kamen.
Als die Situation ernst wurde, waren die Sondereinheiten bereit, aber sie waren nie in Aktion.
Immer mehr Einzelheiten über die Umstände der Freilassung von elf europäischen Touristen, die in Ägypten entführt wurden, werden veröffentlicht.
Nach Angaben des Innenministeriums und des Verteidigungsministeriums nahmen auch die deutschen Spezialkräfte indirekt an der Rettungsaktion teil.
So befanden sich sowohl Fachleute der Bundesarmee als auch Beamte der GSG 9, der Luftwaffe der Bundespolizei und der Bundespolizei sowie Logistikexperten des Technischen Hilfwerk am Ort der Freilassung.
Wie der Sprecher der Ministerien am Montagabend mitgeteilt hat, wurden die deutschen Streitkräfte letztlich nicht gefordert, da die Geiselnehmer ihre Gefangenen freiließen und wegflohen, als sie die bevorstehende Freilassung durch die Gewalt anerkennten.
Die ägyptische Regierung hätte die von Deutschland angebotene Unterstützung für die Integration als Unterstützungstruppe vor Ort akzeptiert.
"Es ist glücklicherweise nicht so weit gekommen", sagte ein Sprecher des Bundesministeriums.
Die Angreifer entführten im Süden Ägyptens die Gruppe von Touristen aus fünf deutschen, fünf italienischen, einem rumänischen und acht ägyptischen Begleitern.
Nach ihrer Entführung in die Wüste südlich Ägyptens wurden die Geiseln im Grenzgebiet zwischen Ägypten, Libyen, Sudan und Tschad überführt.
Die Identität der Geiselnehmer ist bisher unklar geblieben, ebenso die Einzelheiten der Freilassung oder der möglichen Lösegeldzahlungen.
Diejenigen, die gerettet wurden, sind in der Zwischenzeit gesund und außer Kairo angekommen.
Steinmeier hat erklärt, dass die freigesetzten Geiseln unter dem Schutz der deutschen Botschaft stehen.
Er hat nichts über die Einzelheiten der Freilassung gesagt.
In Berlin wurden bisher keine Angaben zum Zeitpunkt ihrer Rückkehr nach Deutschland gemacht.
Laut der Zeitschrift "Bild" sollten die fünf Urlauber und die Spezialkräfte am Dienstag in einem Airbus der Luftwaffe angekommen sein und am Dienstag in Deutschland ankommen.
Das US-Repräsentantenhaus lehnt den Rettungsplan ab
Die erste Kammer des US-Kongresses hat den 700 Milliarden-Dollar-Plan zur Rettung der schweren Finanzmärkte mit einem Bruchteil versagt.
Der Dow Jones ging in den Abgrund.
Mit 227 gegen 206 Stimmen lehnte das US-Repräsentantenhaus den Rettungsplan für die Finanzmärkte der Regierung ab.
Trotz aller Appelle des US-Präsidenten George W. Bush und der Politiker, die beide Parteien leiten, hat das Programm, das das Chaos auf den Finanzmärkten überwinden sollte, nicht die Mehrheit erhalten.
In einem dramatischen Manöver hatten die Parteieninnen verzweifelt versucht, die Gegner davon zu überzeugen, dass dieser hohe Plan von 700 Milliarden Dollar sinnvoll ist.
Barney Frank, ein demokratischer Vertreter während der Debatten, forderte die Abgeordneten auf, dafür zu stimmen, obwohl der Plan unpopulär ist.
"Es ist schwierig, politische Anerkennung für die Vermeidung von etwas zu haben, das noch nicht passiert ist", sagte er.
Während der Abstimmung sank der Dow Jones um mehr als sechs Prozent, also um 600 Punkte.
Der Grund dafür war die Sorge der Investoren, die der staatliche Rettungsplan untergraben könnte.
Er ging kurz vor dem Ende der Abstimmung zurück und ging dann nach der Ankündigung des Scheiterns wieder zurück.
Die Experten planen nun weitere schwere Turbulenzen auf den internationalen Finanzmärkten.
Damit das Programm in Kraft treten kann, sind die Genehmigung und die Kammer der Abgeordneten und des Senats erforderlich.
Die Organisatoren melden immer mehr Reservierungen
Es sollte ein guter Winter für deutsche Reisebüros sein:
Bei den Reservierungen für die nächsten Monate hat sich der Umsatz im Vergleich zum Vorjahr deutlich erhöht - in der Wintersaison sogar um mehr als 30%.
Trotz der schwachen Konjunkturaussichten ist der Reisedrang der Deutschen nach wie vor unbefriedigend.
Was die Reservierungen für die Wintersaison anbelangt, so verzeichneten die Reisebüros einen Umsatz von mehr als 31% gegenüber dem gleichen Zeitraum im Vorjahr, wie der deutsche Verband der Reisebüros (DRV) am Montag in Berlin angab.
Laut der Umfrage des GfK-Marktforschungsinstituts sind die Reservierungen in den Herbstmonaten bereits gestiegen.
So hätte sich die Verkaufsmenge im Vergleich zu 2007 auf rund 11% erhöht, so dass die DRV davon überzeugt war.
Quelle dieser Ergebnisse sind die GfK-Zahlen, die monatlich die Buchungsdaten von 1200 Reisebüros analysieren und Schätzungen für den Gesamtmarkt machen.
Die seit Ende August 2008 getätigten Reisebuchungen würden dort erfasst.
Aufgrund des niedrigen Dollarkurses würden insbesondere Reisen in die USA gefordert, so die DRV.
Hier würde die Erhöhung der Reservierungen etwa einen Dritten betragen.
Darüber hinaus wären Spanien, die Türkei und Griechenland sowie unser Land von den Deutschen besonders gesuchte Reiseziele.
Besonders organisierte Reisen sind sehr gefragt, erklärte der Vorsitzende der DRV Klaus Laepple.
Angesichts der steigenden Energie- und Lebensmittelpreise wären die Kosten hier "leichter für den Kunden zu berechnen als für eine einzelne Reise".
Verbraucher können Geld sparen, unter anderem durch die Reduzierung der vorzeitigen Buchungen oder die Angebote All Inclusivie, erklärte Laepple.
Auch die Sommermonate wurden stark berücksichtigt, so daß eine Zunahme der Verkaufszahlen im Vergleich zum Vorjahr wieder verzeichnet werden wird - obwohl eine andere Studie ergab, daß die Zahl der deutschen Reisenden im Vergleich zum Vorjahr zurückgegangen ist.
Mein erstes Mal auf der Bier-Party
Ballermann 's oder Post-Ski-Switches, Bier in Liter-Pillen und Prominente in tyrolischen Designerkostümen.
Ein Ereignis auf der Bierparty.
Suzanne Kronzucker und ich haben eigentlich nicht viel gemeinsam.
Sie ist blond, TV-Moderatorin und trägt einen maßgeschneiderten tirolischen Anzug.
Mein Haar ist dunkel, ich bin Studentin und mein Kleid ist angenehm.
Aber eins verbindet uns: kaum drei Minuten zur Bierfeier, und die Fotografen werfen sich schon auf uns und füllen ihre Gedächtniskarte aus - sehr schmeichelhaft, und das bei meinem ersten Besuch auf der Bierfeier.
So machen wir Freunde.
Das billige Tiroler-Kostüm scheint sein Ziel zu erreichen.
Als Tourist der Bierfeier, der normalerweise nördlich des Äquators der Weißwurst wohnt, war mein Wohlbefinden im traditionellen Kostüm bisher begrenzt.
Aber wenn wir auf dem Thérèse-Platz sind, ist alles halb so schlimm.
Jeder oder fast jeder trägt einen tirolischen Anzug oder Lederhosen; niemand scheint blamiert oder beschämt zu sein - das ist völlig normal.
Nur der Schürze meines tirolischen Kostüms bekommt ein paar seltsame Augenblicke im Bananenstand.
Eine bayerische Frau weist darauf hin, daß ich meinen Schürz falsch gefesselt hätte: "links bedeutet frei, in der Mitte der Jungfrau, in der rechten Seite der Witwe".
Unauffällig ziehe ich meinen Schlauch von hinten nach links.
"Das ist besser", sagte sie zu mir und lachte.
Andere tun sich nicht so viel Mühe für diese subtilen Flirttechniken und tragen einfache Filze, auf denen "Too drunk to get dressed!" steht, und stellen uns ihren nackten Hintern aus, ohne eingeladen zu werden.
Der junge Mann mit der exhibitionistischen Einstellung heißt Bob, kommt aus England und kommt zum ersten Mal auf die Bierfeier.
Er denkt, das ist "Gorgeous", mit einem langen "ooooooo".
Er erzählt mir das alles, nachdem er sich von dem Schnaps erleichtert hatte, den er vorher getrunken hatte.
Direkt neben dem Feuerlöscher, den jeder für einen Müll hält.
Bob ist also einer dieser berüchtigten "Wilden Pfadfinder".
Andere haben keine Chance, den Alkohol auf diese Weise loszuwerden.
Um acht Uhr 's Abends laufen auf dem Platz der Party Rettungshelfer herum und müssen sich um die armen Trinker kümmern.
Die Krankenschwestern sind eher im Rudel tätig - immer bei vier, sie schleppen ihre mit Zelten bedeckt.
So funktioniert es für die meisten Besucher auf der Bierparty: Wir gehen leer, wir kommen wieder zurück.
Diejenigen, die unter der Plane im Sarg der Besoffenen liegen, sind nicht sichtbar.
"Es sind diejenigen, die nichts mehr schlucken können", rief mir einer der Rettungshelfer, als Antwort auf meine Frage, und verschwindet dann in der Mitte.
Unfallopfer identifiziert von der Polizei
Ein 63-jähriger Fußgänger, der im Krankenhaus starb, nachdem er von einem Fahrzeug getroffen wurde, wurde identifiziert.
Carole Paulson von Chelmsford Road bis Brentwood war an dem Unfall am Freitag Nachmittag in der Stadt an der Shenfield Road beteiligt.
Sie wurde in das Queen 's Hospital gebracht, Romford, aber dann starb sie dort.
Nach dem Unfall wurde ein 51-jähriger Mann verhaftet, weil er verdächtigt wurde, gefährlich zu fahren.
Seitdem wurde er freigelassen, auf Kaution.
Die Türkei erweitert ihre diplomatischen Horizonte.
Lange bevor die Türkei daran gedacht hatte, sich der Europäischen Union anzuschließen, hatten die europäischen Mächte sich darauf gefreut, ihr Hinterland zu betreten.
Auf der östlichen Seite des Bosporus, vielleicht 20 Schritte von Asien, befindet sich eine der tiefsten Überreste seines verlorenen imperialen Ehrgeizes.
Der Bahnhof Hydarpasha wurde von zwei deutschen Architekten, Otto Ritter und Helmut Conu, in einem neuerlichen Stil entworfen.
Zumindest das, was uns die Leitfäden erzählen.
Das Denkmal befindet sich auf dem Boden der Plattformen mit Beobachtungstouren an jedem Winkel, wie in einigen deutschen Provinzhöfen.
Die Steine sind schmutzig.
Das ganze Gebäude ist ruiniert.
Aber wenn wir einmal in die gewalttätige Fahrkarte kommen, haben wir keinen Zweifel mehr an der Größe des Unternehmens, die ein Übergang nach Westen darstellt.
Der Bahnhof wurde im August 1908 von einer deutschen Vereinigung, der Anatolia-Bagdad Corporation, eröffnet.
Deutschland, das das Spiel des Imperialismus verzögert hat, wollte seine mittelalterlichen Bestrebungen der Dominanz durch diese Eisenbahn in Damascus, Bagdad und das Land, das als Saudi-Arabien bekannt ist, verwirklichen.
Aber die imperialistischen deutschen Ambitionen brachen im ersten Weltkrieg zusammen.
Seine Eisenbahn wurde von Lawrence von Arabien und seinen irregulären Arabern angegriffen.
Die durch die Eisgrenzen des Kalten Krieges hervorgerufene relative Isolation seiner Region ist beendet.
Die Briten und die Kräfte des Imperiums gingen über Ägypten hinaus und drängten die Türken und ihre deutschen Verbündeten aus Palästina und Syrien heraus.
Aber es gab auch schlechte Nachrichten für den Bahnhof Hyderpasha.
1917 explodierte ein Zug mit Munition und zerstörte sein subtiles Dach.
Die türkischen Quellen sagen, dass es sich um eine Sabotage handelt.
Seitdem fällt sie langsam in den Ruin und verschlingt sich in die Krüppel der Geschichte.
Aber heute ist der Bahnübergang nach Anatolia und alle östlichen Punkte, zumindest symbolisch, die Erweiterung der diplomatischen Horizonte der Türkei hervorzuheben.
Die regierende Partei für Justiz und Entwicklung, die AKP, hat eine neue Außenpolitik für das Land geschaffen.
Die relative Isolation seiner Region in der Umgebung, die durch die eiskalten Grenzen des Kalten Krieges verursacht wird
Jetzt ist es Zeit für eine neue Politik der Verpflichtungen.
Die türkische Regierung hat bemerkenswerte Beziehungen zu Israel und Syrien, zu den palästinensischen Fraktionen von Hamas und Fatah, zu Iran und Irak und natürlich zu der Europäischen Union und den Vereinigten Staaten.
Um die Parameter dieser neuen Außenpolitik zu beurteilen, bin ich auf einem Bettwagen in Richtung der türkischen Hauptstadt Ankara unterwegs, um die türkische MP AKP Suat Kiniklioglu, einen der außenpolitischen Experten, zu besuchen.
Am nächsten Morgen, nach einer 10-einhalb-stündigen Reise auf lausigen Schienen, die sich an die alte Welt des berühmten Dokumentarfilms The Night Mail erinnerten, kam ich schließlich in die türkische Hauptstadt - die als eine neue Stadt mit einem neuen jahrhundertelangen Zustand dargestellt wurde, die ihren Rücken zu ihrer deutschen Vergangenheit kehrte.
Aber die AKP mit ihren bekannten islamischen Wurzeln ist ein Beispiel für eine Veränderung des türkischen Konsenses.
Er verdächtigte den Westen, besonders in Washington.
Ein Taxi brachte mich zum Hauptquartier der AKP, einer ultramodernen Struktur, die ausdrücklich aus Steinen und Stahl gebaut wurde, in einem Entwicklungsviertel, umzingelt von halb gebauten Einkaufszentren und vielen Bäckereien, in denen sich Middle Manager in Krawattenanzug - Männer und Frauen - für die Morgenarbeit treffen.
Suat Kiniklioglu hätte ein Mitte-Rechts-Politiker aus jeder anderen Partei in Europa sein können.
Kostüm, Krawatte und er hat sogar einen Black Berry.
"Ziel dieser Außenpolitik ist es, die Türkei jetzt wieder in ihre unmittelbare Nachbarschaft zu integrieren.
Der Kalten Krieg war eine Anomalie ", sagte er.
Die Türkei wurde aus ihrem Hinterland geschnitten.
Jetzt muss sie gleichzeitig nach Osten und Westen schauen.
Das war beides nicht der Fall.
Sie sollte beides machen.
"Aber da ist es, ich fragte, ob" sollte die Türkei nicht wählen? ".
"Die Türkei", sagte er, "will nicht zwischen ihnen wählen".
Er hat dann einen Aspekt hervorgehoben, den fast alle, mit denen ich gesprochen habe, mir aus dem Herzen gesagt haben: Die türkische Eisenbahn geht nicht nur nach dem Nahen Osten, sondern auch nach dem Kaukasus und um das Schwarze Meer, so dass dies sowohl für Europa und die USA als auch für die Türkei selbst von Vorteil ist.
Mit der Integration der Türkei scheint die Botschaft ein Europa zu zeichnen, das metaphorisch nach Asien und dem Nahen Osten reist.
Nach einer weiteren Nacht, ohne zu schlafen, kam ich zurück zum Bahnhof Hydarpasha und dachte an diese beiden Deutschen, Herr Ritter und Herr Conu, die dem Bau dieses Gebäudes vor 100 Jahren folgten.
Sie wären überrascht gewesen, wenn die europäischen Ambitionen im Nahen Osten weitgehend in den Händen der Türkei liegen könnten.
Während ich am Terminal, der Fähre, wartete, um den Bosporus zu überqueren, erinnerte ich mich an den Zeitraum, in dem die Türkei als "der Kranke Europas" bezeichnet wurde.
Zumindest gibt es auf dem Kontinent keinen Zweifel mehr, dass es sich um dieses faszinierende Land handeln könnte.
Erinnerungen an Vernon Handley und William Woodruff.
Mark Brown schreibt: Seit 1962 war Vermon "Tod" Handley (am 11. September verstorben) für die Guildford Philharmonic Orchestra und Choir verantwortlich.
Er war bereits Teil seines Musikprojekts für die Stadt und gründete im nächsten Jahr das fantastische Jugendchor Proteus.
Der Chor sollte unter 21 sein, aber bevor Proteus 1979 sein letztes Lied singen konnte, weigerten viele von uns, die über 20 Jahre alt waren, den Chor aufzugeben.
Die Bezeichnung "Proteus" (die nach der Mythologie die Form änderte) entsprach dem Willen und der Fähigkeit des Chors, jede Art von Musik zu betreiben, ob es sich nun um eine Madrigal oder Messianisch handelte.
Die von einem so jungen Chor erzeugte musikalische Gesinnung war oft beeindruckend, immer aufregend, und das dank der Inspiration eines einzigen Mannes und seiner Begeisterung für die Musik, die im Laufe der Jahre konstant blieb.
Erinnern Sie sich daran, wie Tod uns sagte: "Lass die Musik für sich sprechen".
Er hätte gesagt: "Der Komponist weiß, was er will".
Das ist alles in der Musik.
Also singen Sie! "
Seine Stäbchentechnik war absolut klar, genau, auch wenn sie nie diktatorisch war und nicht auftauchte.
Was auch immer der Musikstandard ist, er hat ihn viel höher aufgezogen.
John Frayn Turner schreibt:
Wenn ein Fahrer zum Ritter ernannt werden sollte, ist das Vernon Handley.
Ich kannte ihn in den Dekaden von 1962 bis 1982, als er den Guildford Philharmonic fuhr.
In den letzten 40 Jahren habe ich mehr als 100 seiner Konzerte gesehen, und ich kann ehrlich sagen, dass keiner von ihnen mich jemals enttäuscht hat - und manchmal haben sie mich sogar inspiriert.
Tod Handley hatte diese Kombination von Größe und persönlicher Bescheidenheit so selten.
Er hasste Fahrer, die "sich nur auf bestimmte Menschen konzentrieren".
Viele von uns werden ihn vermissen.
William Woodruff
Professor John Beckett schreibt:
Ihre Nekrologie von William Woodruff (verstorben am 25. September) besagt: "1946 hatte er sein Studium in Wirtschaftsgeschichte in Oxford wieder aufgenommen und wurde 1950 Mitglied von Hopelo-Norma Research, während er ein BSc, ein MA und ein PhD machte".
Das stammt aus einem Brief von Woodruff 's Autor in Beyond Nab End, aber das ist nicht richtig.
Von 1946 bis 1953 war er Professor für Wirtschaftsgeschichte an der Universität Nottingham und schloß gleichzeitig eine PhD-Dissertation über die britische Kunststoffindustrie unter der Aufsicht von Professor J.D. Chambers ab, die 1958 unter dem Titel "The British Rubber Industry" veröffentlicht wurde.
In den 50er und 51 Jahren in den USA studierte er im Hopelrock Norman und im Sommer 1952 an den Universitäten Illinois, Harvard und New York.
1953 verließ er Nottingham nach Illinois.
Der Grund, warum Woodruff diesen Teil seiner Vergangenheit verschleiert hat, ist unbekannt.
J. Vicente Resino an der Fakultät Philosophie
"Ich empfehle die Ausstellung von José Vicente Resino" The Flamenco and Life ", weil seine Schwarz-Weiß-Fotos, ein Dokumentationsstil, fantastisch sind.
Sie haben mich aufgrund ihrer Einfachheit und Stärke, die sie übertragen, und weil sie die Hauptakteure immer respektvoll behandeln.
Eine Ausstellung, die viele Gefühle vermittelt.
Resino kann magische Momente fangen ".
Zweiter Angriff auf Honda 's Super-Verkauf
Im November wird Honda mit der Vermarktung der zweiten Generation des Jazz-Modells beginnen.
Wenn sein Vorgänger bereits eine gute Bewohnbarkeit hatte, verfügt dieses neue Monofilm über einen noch größeren inneren Raum.
Hinzu kommen einige raffinierte Maschinen, die den Fahrkomfort erhöhen und mehr Benzin sparen.
Eine Evolution gegenüber einer Revolution.
Das ist also die zweite Generation von Honda Jazz.
Obwohl der neue Honda Jazz ästhetisch eine Linie aufweist, die dem früheren Modell sehr ähnlich ist, gibt es zahlreiche Änderungen in diesem Monofilm.
Unter ihnen gibt es ein innovatives Design, eine neue Plattform, größere Dimensionen und neue Motoren.
Bevor wir uns jedoch mit dem neuen Modell befassen, ist darauf hinzuweisen, dass dieser neue Honda Jazz sechs Jahre nach dem Inverkehrbringen der ersten Generation ankommt.
Zunächst ist festzustellen, dass Honda dieses Modell innerhalb einer kürzeren Frist als die anderen Hersteller renoviert hat.
Obwohl Honda Jazz in Europa weniger bekannt ist, ist dieses Modell ein Phänomen des Verkaufs auf anderen Märkten.
Dies gilt für Japan, wo der Honda Jazz 2002 und 2008 das am stärksten vermarktete Auto war.
Genau in Japan wurden fast eine Million Honda Jazz verkauft.
Das alte Continent mit mehr oder weniger einer Million in sechs Jahren verkauften Autos steht an zweiter Stelle.
Honda behauptet jedoch, dass dieser neue Jazz es ihm ermöglichen wird, seine Verkäufe in Europa zu steigern.
Während die japanische Marke im Jahr 2007 83.000 Honda Jazz vermarktte, glaubt sie 2009, 100.000 zu verkaufen, was einem Anstieg des Verkaufs auf dem europäischen Markt um 17% entspricht.
Auf dem spanischen Markt hat Honda seit 2002 8.000 Jazz vermarktet, was 6,7% der Verkäufe von Honda in Spanien entspricht.
Die Leiter der spanischen Tochtergesellschaft hoffen, 2.000 Jazz in einem Jahr zu verkaufen.
Gerade der Ausstieg aus dem neuen Jazz wird Honda in die Lage versetzen, den Rückgang der Verkäufe in Spanien weitgehend auszugleichen.
Tatsächlich hoffen die Markenführer, dass das Jahr mit einem Verkauf von 22.000 Autos enden wird, das heißt 4.000 Autos weniger als 2007, was einem Rückgang der Verkäufe um 16% entspricht.
Durch diesen Anstieg der Verkäufe erhöhte sich der Marktanteil von Honda in Spanien mit einem Marktanteil von 1,8% gegenüber 1,6% im vergangenen Jahr.
Die japanische Marke hofft auch, 2010 einen Marktanteil von 2% zu erreichen.
Honda hofft, diesen Marktanteil zu erhalten, wenn das neue Modell herauskommt.
Es handelt sich um den Insight, einen 5-Türen-Hybrid und eine kompakte Größe - 4,37 Meter Länge -, auf der das Nippone-Unternehmen auf der ganzen Welt fast 200.000 Autos pro Jahr vermarkten will.
Je nach Markt und Schätzungen des japanischen Herstellers werden 50% der Insight-Verkäufe in den Vereinigten Staaten getätigt, während die restliche Hälfte zwischen dem alten Content und Japan aufgeteilt wird.
In den ersten drei Monaten des nächsten Jahres, nachdem die Insight der Öffentlichkeit im Januar in Valencia vorgestellt wurde, soll die Insight kommerziell eingeführt werden.
Im Vergleich zur ersten Generation erhöht der neue Jazz seine Dimensionen.
Seine Länge beträgt 3,90 m (5 cm mehr), seine Breite 1,69 m (2 cm mehr) und der Abstand zwischen seinen Achsen beträgt 2,50 m, was einer Zunahme um 5 cm entspricht.
Die Höhe ändert sich dagegen nicht, was 1,52 Meter entspricht.
Die Dimensionen nehmen zu und der Innenraum nimmt zu.
Dieser Gewinn ist einerseits auf die Einführung einer neuen Plattform und andererseits auf die Einführung einer Benzinreserve in einer zentralen Position zurückzuführen, eine Lösung, die auch für den Honda Jazz angenommen wurde.
Ebenso kann die Kapazität des Kofferraums - mit einem doppelten Hintergrund - bis zu 399 Liter betragen, 19 Liter mehr als der Kofferraum der ersten Generation.
Es ist darauf hinzuweisen, dass diese Abmessungen die der Version mit einem Motor 1.4L sind, da die Kapazität des Safes des Honda Jazz 1.2L 379 Liter beträgt.
Die weitere Innovation - neben den äußeren Elementen wie den Hinter- oder Panoramadachen - ist die Verbesserung des Zugangs zu den Hinterplätzen.
Die Türen, die Zugang zu den Hintersitzen geben, haben einen Öffnungswinkel von 80 °, der sich an den Hintertüren des ersten Jazz mit einem Winkel von 67 ° bewegte.
Auch bei dieser zweiten Generation von Jazz sind die Motoren neu.
Zu Beginn der Vermarktung wird dieses kleine Modell mit zwei Treibstoffantriebwerken von 1,2 und 1,4 Litern ausgestattet sein.
Beide Motoren verfügen über eine i-VTEC-Technologie, die den Benzinverbrauch und die CO2-Emissionen verringert, den Motor stärker macht und die Motordrehzahl erhöht.
Der erste Motor 1,2 Liter entwickelt eine Leistung von 90 Pferden bei 6.000 U / min und 114 Nm Drehmoment bei 4.900 U / min.
Dieser Antrieb, der auf dem vorherigen Jazz 78 Pferde erreichte, hat einen Benzinverbrauch von 5,3 Liter pro 100 km und einen CO2-Ausstoß von 125 Gramm.
Verglichen mit dem vorherigen Antrieb, der 83 Pferde von der vorausgegangenen Generation erreichte, erreicht jetzt 100 Pferde.
Dieser 100-Pferde-Honda Jazz 1.4L hat einen kombinierten Verbrauch von 5,4 Litern pro 100 km und einen CO2-Ausstoß von 128 Gramm.
Der "Bienenwagen", der Kollisionen vermeidet.
Um die Entwicklung von Technologien zur Unfallverhütung voranzutreiben, hat sich Nissan diesmal von der Natur, insbesondere der Bienen, inspiriert.
Das japanische Unternehmen hat einen Roboter erschaffen, der, indem er den Bienendiebstahl imitiert, Unfälle vermeidet.
Er heißt Bio-Mimetic Car Robot Drive oder BR23C und ist der erste Schritt auf dem Weg zur Kollisionsprävention.
Die Ingenieure des fortgeschrittenen Technischen Zentrums von Nissan Motor Co. haben diesen kleinen Roboter in Zusammenarbeit mit dem Forschungszentrum für fortgeschrittene Wissenschaften und Technologien der renommierten Universität von Tokio, Japan, entwickelt.
Laut Kazuhiro Doi, dem Generaldirektor der Öffentlichen Beziehungen für Technologie und Forschung und Entwicklung des Markenmanagements, ist das BR23C der Aufschwung des Sicherheitsschildes Nissan.
Dieser Roboter wird die Fahrzeuge der Marke in die Lage versetzen, Kollisionen zu verhindern.
Während ihres Fluges schafft jede Biene ihren eigenen persönlichen Raum in einer ovalen Form, die dem Sicherheitsschild Nissan sehr ähnlich ist.
Aber das Wichtigste sind die aus der Biene bestehenden Augen, die in einem Winkel von mehr als 300 Grad und in allen Richtungen sehen können, so dass sie ohne Unterbrechung in ihrem eigenen persönlichen Raum fliegen kann.
Um diese visuelle Funktion zu rekonstruieren, haben die Ingenieure einen sogenannten Laser-Lokalisierer (Laser Range Finder) entwickelt.
Er erkennt Hindernisse, die sich in einem Abstand von zwei Metern und im Radius von 180 Grad befinden, berechnet den Abstand zu diesem Objekt und sendet sofort ein Signal an den Mikroprozessor, um das Hindernis zu vermeiden.
"Wenn der kleine Roboter ein Hindernis erkennt, wird er die Bewegungen einer Biene nachahmen und sofort die Richtung wechseln, indem er seine Räder um 90 Grad oder mehr abzweigt, um einen Kollisionskurs zu vermeiden.
Der größte Unterschied zu jedem anderen System besteht darin, dass das Fluchtmanöver völlig instinktiv ist.
Wenn dies der Fall wäre, wäre der Roboter nicht in der Lage, schnell genug zu reagieren, um Hindernisse zu vermeiden ", erklärt Toshiyuki Andoh, Direktor des Verbringungslabors und führender Ingenieur dieses Projekts.
Im Gegensatz zu einer Biene kann der Roboter weder nach oben noch nach unten oder in Diagonalen umgeleitet werden; er kann sich nur in zwei Dimensionen bewegen und je nach dem, was seine Räder ihm erlauben, und nicht in unendlichen Richtungen wie Bienen.
Aus diesem Grund hat Nissan eine Rotationsfunktion, aber auch eine Beschleunigungs- und Verlangsamungsfunktion benutzt, damit der kleine Roboter Hindernisse vermeiden kann.
"Jede Sekunde muss dieses System nur Informationen verarbeiten und entsprechend diesen Daten handeln.
Er muss keine intuitiven Informationen und Logiken für vorausgehende Manöver speichern, deshalb kann er kontinuierlich mit nur ein paar Dutzend KB-Erinnerungen arbeiten.
Das kann überraschen, aber wir sprechen nicht über Gedächtnisgiga-Bytes oder gar nicht über Megabytes ".
Dies ist der erste Grund für die Entwicklung neuer Technologien zur sofortigen Unfallverhütung, eine Technologie, die in einem Jahrzehnt nach Nissan in Serienautos eingeführt werden soll.
Der Roboter läuft mit Lithium-Polymer-Batterien, die leichter und länger sind als Lithium-Ionen-Batterien.
Eine weitere mögliche Anwendung dieser Technologie in Zukunft könnte die Anpassung dieses Systems an ein GPS-Satellitennavigationssystem sein, um den Fahrer zu seinem Ziel zu führen und Hindernisse auf der Straße zu vermeiden.
Sie haben Angst, dass sie hypothesiert werden.
Man muß zugeben, daß das US-Schatzamt nicht nur viel Geld hat, um Pläne zu machen, sondern auch Genies hat.
Angesichts der Krise und um zu verhindern, dass die Amerikaner bei den Solvabilitätsbanken Hypotheken eingehen, haben sie ein Spiel geschaffen, um zu lernen, dass sie nicht bankrott gehen: "Bad Credit Hotel".
Das heißt "Hotel für schlechte Kredite"... oder Geschichten.
Der graue Aspekt dieser Wohnung, insbesondere des Hotelmeisters, veranlasst uns wiederholt, darüber nachzudenken, ob es der richtige Zeitpunkt ist, einen Kredit zu beantragen.
Und vor allem, wo ich es tun soll.
Es ist sicher, dass dieses Spiel nützliche, aber wenig detaillierte Informationen liefert.
Es ist eher ein Spiel für Teenager.
Was ist zu tun, wenn das Spiel vorbei ist?
Da ein Traumzimmer im Hotel auftaucht.
Es ist besser als nichts, denn es ist undenkbar, ein Haus zu kaufen.
Morgan Stanley eröffnet sein Kapital für MUFG
Morgan Stanley kündigte den Beitritt der ersten japanischen Bank Mitsubishi UFJ Financial Group (MUFG) an, die neun Milliarden Dollar ausgeben wird, um 21% ihres Kapitals zu erhalten, eine neue, von einem starken Rückgang des Börsenkurses geprägte Bank.
Eine Woche nach der Enthüllung einer vorläufigen Vereinbarung erklärten beide Banken, dass MUFG 9,9% der normalen Anteile Morgan Stanley zu einem Stückpreis von 25,25 Dollar kaufen würde, was einem Gesamtwert von 3 Milliarden Dollar entspricht.
Der zugrunde gelegte Preis liegt um 19% unter dem Buchwert der Wertpapiere zum 31. August.
MUFG wird weitere sechs Milliarden Dollar in den Erwerb konvertibler Wertpapiere investieren, die ihr eine Rendite von 10% und einen Umrechnungspreis von 31,25 Dollar garantieren.
Morgan Stanley erklärte, dass die Transaktion auf der Grundlage eines durchschnittlichen Einheitspreises von 29 Dollar erfolgen würde, was 28% über seinem aktuellen Kurs liegt.
Die Morgan Stanley-Aktion verlor jedoch 6,79% bis 23,07 Dollar gegen 17.00 Uhr.
"Diese strategische Allianz bietet eine wichtige Gelegenheit, den Übergang von Morgan Stanley zur Bankenholdinggesellschaft zu beschleunigen", erklärte John Mack, Generaldirektor der US-Gruppe.
Morgan Stanley hat diesen neuen Status letzte Woche angenommen, was ihm die Möglichkeit geben soll, seine Aktivitäten zu diversifizieren, aber ihn unter Federal Reserve zu stellen.
Seine Allianz mit MUFG bestätigt auch, dass die derzeitige Finanzkrise die größten Namen der Wall Street zu einer viel vorsichtigeren Haltung zwingt als bisher.
Die Modalitäten, die am Montag vorgelegt wurden, zeigen außerdem, dass das Abkommen in den letzten Tagen geändert wurde: Am vergangenen Montag hatte Morgan lediglich angekündigt, dass er bis zu 20% seiner Aktien für etwa 8,5 Milliarden Dollar an Japan verkaufen wird.
"Vor einer Woche haben wir in Tokyo Toshihihide Mizuno, dem Exekutivdirektor von MUFG, erklärt:" Wir dachten, dass die Beteiligung vollständig aus gewöhnlichen Aktionen besteht.
Angesichts der derzeitigen wirtschaftlichen und marktwirtschaftlichen Lage wollten wir jedoch die Risiken minimieren und uns selbst decken ".
Auf der Grundlage des gewogenen Durchschnittspreises zahlt MUFG seine Morgan Stanley-Wertpapiere 7% unter ihrem Buchwert.
Und die Operation wird zu einer Verwässerung des Gewinns um etwa 20% pro Aktie führen.
Die Vereinbarung sieht vor, dass MUFG innerhalb eines Jahres die Hälfte seiner Vorzugsrechte in gewöhnliche Aktien umwandeln kann, wenn letztere während eines bestimmten Zeitraums mehr als 50% über dem Umrechnungspreis (etwa 47 USD) umtauschen.
Morgan Stanley versichert, dass das von MUFG eingebrachte Kapital es ihm ermöglichen wird, Investitionsmöglichkeiten zu nutzen, seine Bilanz zu stärken und seine Liquidität zu erhöhen.
Ein Sprecher der Gruppe weigerte sich jedoch, die strategischen Pläne der beiden neuen Verbündeten näher zu erläutern.
Nach der Investition von MUFG dürfte Morgan Stanley eine Tier-One-Solvabilitätsquote von etwa 15% aufweisen, einer der besten in der Branche.
Morgan hat erklärt, dass er seine Bilanz seit Ende August "deutlich" verringert hat.
Die letzten Wochen waren schwierig für die Gruppe, die ihren Börsenkurs um die Hälfte schrumpfte, während die Kosten der Versicherung gegen das Ausfallrisiko auf ihre Schulden anstiegen.
Diese Kosten gingen am Montag zurück, blieben jedoch auf einem hohen Niveau von rund 12%.
Letzte Woche kündigte Goldman Sachs, der einzige "Überlebende" der großen Investmentbanken der Wall Street nach dem Konkurs von Bear Stearns und Lehman Brothers und der Übernahme von Merrill Lynch an, dass er 15 Milliarden Dollar aufhob, teilweise bei Berkshire Hathaway, der Warren Buffett-Gruppe.
Rafael Correa am Montag in Quito.
Die Republik um den Sozialismus des 21. Jahrhunderts neu zu beleben.
Dies ist das gemeinsame Projekt von Hugo Chávez, Bolivien Evo Morales und Equatorien Rafael Correa.
An diesem Sonntag hat er, wie seine Kollegen und Freunde, den dritten Entwurf einer neuen Verfassung zur Abstimmung gestellt.
Mission erfüllt, da 64% der Wähler bei dem Referendum mit Ja gestimmt haben, und zwar nach offiziellen Ergebnissen bei 80% der Stimmen.
Aus diesen Ergebnissen geht hervor, dass "Nein" 28%, 7% der Stimmen null und 0,7% weiße Stimmen waren.
Damit der Verfassungsentwurf angenommen werden kann, musste er die Hälfte der Stimmen plus eine erhalten.
Am Sonntag hatten zwei Umfragen am Ausgang der Wahllokale und eine Abrechnung einer nichtstaatlichen Organisation einen großen Sieg des "Ja" angekündigt, der zwischen 63% und 70% liegt.
Rafael Correa hatte übrigens in der Nacht von Sonntag bis Montag den Sieg seines Verfassungsentwurfs gefordert.
"Die Verfassung hat überwältigend getriumpht", sagte er, indem er den Equatorialern am Sitz des Gouverneurs von Guayaquil, 280 Kilometer südwestlich von Quito, gratuliert hat.
Wie selbstverständlich wurde Rafael Correa von Chávez und Morales, aber auch seinem chilenischen Kollegen Michelle Bachelet, beglückwünscht.
Die Wahlen, die nach der Beobachtermission der Organisation der amerikanischen Staaten (OAS) friedlich verlaufen sind, betrafen einen Text mit 444 Punkten, der den vom Präsidenten verteidigten "neuen Sozialismus" konsolidiert.
In dem Verfassungsentwurf wird die Macht des Staates auf die Wirtschaft übertragen, indem er die "Entwicklungsplanung" eines Landes vorbehält, das hauptsächlich von der Ölförderung durch ausländische Unternehmen und den von seinen Auswanderern entsandten Devisen lebt.
Das 2006 gewählte Correa-Projekt verleiht dem Staatsoberhaupt auch erweiterte Befugnisse, der bis zu zwei aufeinander folgende vierjährige Mandate durchführen kann und die Möglichkeit hat, die Versammlung aufzulösen.
Correa hat bereits angekündigt, dass er von dieser Macht Gebrauch machen und im Februar 2009 eine neue Amtszeit aufnehmen wird.
Die Verfassung bekräftigt außerdem den Grundsatz der kostenlosen Gesundheits- und Bildungsdienste, den der Präsident in diesem Land mit 13,9 Millionen Einwohnern eingeführt hat, wo 50% der Bevölkerung unter der Armutsgrenze leben.
Schließlich sieht sie ein Verbot der Präsenz ausländischer Truppen vor, wodurch das Abkommen zwischen Quito und Washington über die Nutzung einer Äquatorialbase als Ausgangspunkt für die US-Drogeneinsätze beendet wird.
Die 19 Geiseln wurden im Tschad freigelassen.
Ein ägyptisches Kommando startete den Angriff auf die Entführer der elf Touristen und ihrer acht vor zehn Tagen gefangenen Begleiter.
Sie sind in Kairo.
Die elf europäischen Touristen und ihre acht ägyptischen Begleiter, die zehn Tage lang in der Wüste gefangen gehalten wurden, wurden am Montag Nachmittag sicher in die ägyptische Hauptstadt zurückgebracht.
Morgen früh wurden sie von einem ägyptischen Kommando im Tschad freigelassen.
Anscheinend kamen die Geiseln um 15.30 Uhr an Bord eines Spezialflugzeugs auf der Militärbasis von Al-Maza an, das am internationalen Flughafen Kairo angehängt wurde.
Sie wurden sofort an Bord von Hubschraubern in das Krankenhaus in Madi, einem Wohnort in Kairo, versetzt, ohne dass sie in die Presse kommen konnten, um dort Untersuchungen durchzuführen.
Sie sind "gesund", und "kein Lösegeld wurde den Entführern gezahlt", sagte der ägyptische Tourismusminister Zoheir Garanna auf dem Tarmac.
Diese Geiselgruppe, die am 19. September auf einem 4x4-Safari am Fuß von Berg Ouanat, an den Enden Ägyptens, Sudans und Libyens gefangen wurde, wurde von 35 unbekannten Entführern von einem Versteck zu einem anderen geschnappt.
Es umfasst 11 Touristen - fünf Italiener, fünf Deutsche und eine Rumänische - sowie acht Ägypter: zwei Führer, vier Fahrer, eine Grenzwache und der Direktor der Agentur Aegyptous, die die Safari organisiert.
Ein ägyptischer Sicherheitsbeamter gab an, dass 30 Mitglieder der Spezialeinheit, die zwei Hubschrauber an Bord brachten, den Angriff in der Nacht unmittelbar vor Morgengrauen gestartet hätten.
"Schüsse wurden ausgetauscht, und die Hälfte der Entführer wurden getötet, die anderen flohen", sagte dieser Verantwortliche, der Anonymität verlangte.
Er wies darauf hin, dass insgesamt 150 Mitglieder der ägyptischen Sondereinheit der Flamme nach Sudan entsandt worden seien, wo sie von deutschen und italienischen Kommandos unterstützt worden seien.
Der Leiter der italienischen Diplomatie Franco Frattini erwähnte Belgrad, wo er sich befindet, die Rolle der Geheimkräfte und der italienischen Sonderkräfte.
"Wir müssen erkennen, dass wir dieses Ergebnis dank der Professionalität und Effizienz unserer Leute im Geheimdienst und bei den Sonderkräften erreicht haben", sagte er, ohne weitere Einzelheiten.
Er leugnete auch die Zahlung eines Lösegeldes ab.
Am Vortag hatte die sudanesische Armee behauptet, sie habe bei einer Patrouille ein 4x4-Fahrzeug abgefangen, in dem sich die Entführer befanden, indem sie sechs tötete, darunter auch der tschadische Führer, und zwei verhaftet.
Die Armee hatte erklärt, dass sie mit einer rebellischen Gruppe in Darfur, der Befreiungsbewegung Sudans-Unit (SLA-U), verbunden seien, was diese Bewegung sofort widerlegt hatte.
Briefe - Die stille Mehrheit der Kultur
Eine Debatte über die Finanzierung der Kultur führt zu Manschetten und ist Teil des Wahlkampfes.
Gut.
Aber ein Bereich unseres kulturellen Lebens ist immer noch vergessen.
Wer wird aufstehen, um den kleinen Museen, Archiven, archäologischen Durchsuchungen oder den verhungernden nationalen historischen Orten die Not anzuprangern?
Welcher Politiker wird es wagen, die Bundesregierung daran zu erinnern, dass er seine Denkmäler und seine Gebäude vernachlässigt?
Dass wir in Quebec, wie in Kanada, keine echten Gesetze haben, die unser Erbe tatsächlich schützen?
Wussten Sie, dass die französische Regierung dreieinhalb Millionen Euro für die Restaurierung des einzigen Schlosses Chinon im Loire-Tal aufwendet?
Bei unseren amerikanischen Nachbarn steht in der Verfassung ihres Landes, dass der Schutz des Kulturerbes Teil der Kultur der Amerikaner ist und dass dieses Erbe von allen Bürgern, gewählten Abgeordneten und Regierungsabteilungen geschützt werden muss, und zwar in Abstimmung.
In Quebec, dem Verband der Geschichtsgesellschaften von Quebec, sind mindestens 40 000 Freiwillige aus 211 Gesellschaften der Geschichte, des Kulturerbes, des Archivs und der Abstammung bemüht, die Geschichte zu durchsuchen, mit drei Teilen privater Archive zu erhalten und archäologische Überreste zu erhalten.
Sie sind oft die Wachhunde unseres Kulturerbes, die mit der Energie der Verzweiflung protestieren, wenn sie ihre Bulldozer gegen unsere alten Steine und vergessenen Friedhöfe werfen.
Wann kommt eine Tribüne für Geschichte und Erbe?
Die Benelux-Regierungen nationalisieren einen Teil der Fortis Bank
Die Benelux-Staaten unterstützen die belgisch-holländische Bank als das erste europäische Kreditinstitut, das aufgrund des Schneeballeffekts der Kreditmarktkrise in den Vereinigten Staaten in Not ist, indem sie sie teilweise nationalisieren und in Höhe von 11,2 Mrd. EUR für dieses in Ungarn ebenfalls beteiligte Finanz- und Versicherungsinstitut aufkommen.
Am Wochenende einigten sich die Regierungen Belgiens, Luxemburgs und der Niederlande auf höchster Ebene auf diese Angelegenheit, wobei sie auch die Europäische Zentralbank und den Wettbewerbsbeauftragten der Europäischen Kommission in Anspruch nahmen.
Im Euroraum ist die erste große Krise im Rahmen der internationalen Finanzkrise, die seit über einem Jahr zunimmt, für die Fortis-Bank, und in gewisser Hinsicht werden die Entscheidungen, die im Falle dieser Bank getroffen werden, als Präzedenzfall dienen.
Gemäß der Entscheidung in der Sonntagsnacht werden die drei Staaten fast die Hälfte (49%) des Kapitals der Bank in jedem Land aufkaufen.
Die Bank wird zweifellos einen Teil ihrer Beteiligungen verkaufen, darunter in erster Linie die hauptsächlich Versicherungstätigkeit, die sie im letzten Jahr von der niederländischen Organisation ABN Amro erworben hat.
Letzte Woche begannen die Fortis-Aktien mit einem Schwindelsturz, und in der zweiten Hälfte der Woche wurden bei der Bank bereits schwere Anzeichen einer Krise festgestellt.
Die Analysten sind sich darin einig, dass die Bank mit 85.000 Angestellten viel zu groß ist, um sie in Konkurs gehen zu lassen.
Allein am Freitag gingen die Aktien der Gesellschaft um 12% zurück und erreichten ihren niedrigsten Stand vor 14 Jahren.
Seit Januar ist der Wert der Aktien um mehr als zwei Drittel gesunken.
Unter Berücksichtigung des aktuellen Wertes der Aktien beläuft sich der Gesamtwert des Kapitals der Gruppe auf rund 14 Mrd. EUR, was nach Ansicht der Unternehmensleiter nicht realistisch ist.
Die Unternehmensleitung ist der Ansicht, dass es im Zusammenhang mit der Annahme des US-Rettungsplans von 700 Milliarden Dollar im Übersee-Atlantik unsicher ist, dass die Fortis-Aktien fallen.
Am Montag haben die Papiere bereits einen leichten Anstieg erfahren.
Am Freitag wurde Filip Dierckx zum neuen Geschäftsführer der Bank ernannt.
Die Finanzinstitution suchte auch nach privaten Käufern, hat aber noch keinen Vorschlag in der Sache erhalten.
Zuvor hat die belgische Regierung angekündigt, dass sich die Investoren keine Sorgen machen sollten, dass sie ihr Geld nicht verlieren würden.
Es gab keine Panik im Kundschaft der Bank, und keine Agentur wurde angegriffen.
In Ungarn verfügt Fortis über unabhängige Agenturen und hat auch Leasing-Unternehmen übernommen.
Ein Fuchs im Hühnchen.
In Amerika weigern sich die Lebens- und Gesundheitsversicherungsunternehmen häufig, auf der Grundlage von Informationen über den Kauf von Arzneimitteln einen Versicherungsvertrag mit einem Bewerber zu unterzeichnen.
Experten für den Datenschutz befürchten, dass der Datenmarkt außer Kontrolle geraten könnte.
"Es gibt Datenschutzprogramme, die die Verwendung von Informationen über die Verschreibung von Arzneimitteln in jedem Fall mit der Zustimmung der betroffenen Person verbinden.
Derartige Programme müssen in unabhängigen Händen liegen, andernfalls bedeutet es, dass ihr Hühnchen einem Fuchs anvertraut wird "- erinnerte Richard Dicket, der Gründer des Programms für die Verwaltung von Medikamenten, an die Washington Post.
Die Versicherungsgesellschaften hängen die Versicherungsprämie und das bei einem Schaden versicherte Kapital von dem Gesundheitszustand des Kunden ab, der sich aufhält, und wenn sie das Risiko für zu groß halten, sind sie nicht einmal versichert.
In der Vergangenheit schickten sie die Bewerber für eine ärztliche Untersuchung und unterzeichneten mit ihnen erst nach Kenntnisnahme der Ergebnisse einen Versicherungsvertrag.
In den letzten zehn Jahren hat Dick ein viel billigeres Verfahren gefunden: Auf der Grundlage einer Identifikationsnummer erhält er bei den Apotheken leicht Daten über den Kauf von Medikamenten in den vergangenen 18 Monaten, wobei das Programm selbst festlegt, welche Krankheit die Person leidet und welchen Gesundheitszustand es hat.
Wenn beispielsweise diese Person regelmäßig hohe Cholesterinreduktionsdosen kauft, bezieht sich dies auf einen extrem hohen Fettspiegel im Blut, was sie sofort in eine höhere Risikokategorie bringt.
Es gibt mehrere Versionen dieses Programms, die gleichzeitig einen Risikokoeffizienten bestimmen, also bleibt dem Versicherer nicht mehr viel zu tun, außer dem Papierkram, aber es können noch winzige Probleme auftreten.
Zu den Nachteilen dieses Programms gehört die Tatsache, dass ein Arzneimittel für verschiedene Zwecke verwendet werden kann, z. B. bestimmte Mischungen können gegen Migräne oder Hitzewallungen verwendet werden, aber auch gegen Depressionen wirksam sein.
Letztere wird von den Versicherern als verschlimmernder Risikofaktor betrachtet, während die anderen nicht.
Unternehmen haben sich in der Datenerfassung und -analyse entwickelt und müssen den Patienten um Genehmigung bitten, bevor sie die erforderlichen Informationen von der Apotheke einholen.
Von nun an werden sie von den Behörden dazu gezwungen, auch wenn sie für ihre Mängel in der Vergangenheit nicht bestraft wurden.
In jüngster Zeit werden die Ergebnisse von Labortests auch von einigen Unternehmen bearbeitet und mit den Daten über den Arzneimittelkonsum verknüpft, so dass sie in der Lage sind, ein noch genaueres Bild des Gesundheitszustands der Patienten zu vermitteln.
Immer mehr Unternehmen haben Zugang zu den Daten, und gleichzeitig wird die Kontrolle der Nutzung immer schwieriger.
Es gibt ein gesondertes Gesetz über den Schutz medizinischer Daten, dessen Anwendungsbereich sich jedoch nur auf Praktiker und Versicherer erstreckt.
Ein Gesetzentwurf zur Erweiterung des Kontrollkreises der Behörden für Datenlieferungsunternehmen liegt derzeit dem Kongress vor.
Dick Richard räumt ein, dass dies nicht ausreicht, und deshalb hat er sein Programm, das die Übermittlung von Daten von der ausschließlichen Zustimmung der betroffenen Person abhängig machen würde, weiter entwickelt.
Es ist eine andere Frage, ob es der betroffenen Person wirklich freisteht, ihre Zustimmung zu erteilen oder nicht, denn wenn sie sich weigert, schließen die Versicherungen keinen Versicherungsvertrag mit ihr.
Und schließlich hängen die Hühner von der Wohlfahrt des Fuchs ab.
Das Gesamtmenü von Marseille
Die Europäische Union und Indien verdoppeln ihren Handel.
Da die Europäische Union und Indien sehr wichtige Handelspartner sind, war dieses Thema neben den anderen, größtenteils globalen Problemen auch auf der Tagesordnung dieses neunten Gipfels.
Heute findet auch ein Gipfeltreffen zwischen Frankreich und Indien statt, auf dem vor allem die Zusammenarbeit im Bereich der Atomenergie erörtert wird.
Die Europäische Union erkennt an, dass Indien eine große aufstrebende demokratische Macht ist, der in internationalen Angelegenheiten ein umfassenderes Recht eingeräumt werden sollte, aber die Mitgliedstaaten haben es noch nicht geschafft, sich über ihre Unterstützung für New Delhi als ständiges Mitglied des UN-Sicherheitsrates zu einigen.
Sie haben sich auch gestern auf dem 9. Gipfel in Marseille nicht zu sehr mit dieser Frage beschäftigt.
Der französische Präsident Nicolas Sarkozy und der derzeitige Präsident der Union sowie Kommissionspräsident José Manuel Barroso und der Leiter der Diplomatie Javier Solana begrüßten den indischen Ministerpräsidenten Manmohan Singh, mit dem sie sich einig waren, dass sie in fünf Jahren den Handel um das Doppelte verdoppeln würden, was eine Zunahme um rund 100 Milliarden Euro bedeutet.
Angesichts der Tatsache, dass der Warenverkehr zwischen 2000 und 2007 von 25 Milliarden auf 55 Milliarden gestiegen ist, scheint dies kein zu ehrgeiziges Ziel zu sein.
In diesem Sinne haben sie die 26 bilateralen Abkommen mit Indien über zivile Flüge rechtlich harmonisiert, so dass auch der Luftverkehr in Zukunft wachsen kann.
Indien möchte bis spätestens Ende 2009 ein Freihandelsabkommen mit der Union unterzeichnen.
Sarkozy hat versprochen, die Verhandlungen zu beschleunigen.
Ziel ist es, die Situation mit Indien, dem wichtigsten Handelspartner der EU, und mit New Delhi, das nur an der neunten Stelle der EU-Partner steht, in Einklang zu bringen.
Der Gipfel widmete sich den globalen Angelegenheiten.
Die Situation Afghanistans und Pakistans und alle Formen des Terrorismus wurden stark verurteilt, und es wurde auf die Dringlichkeit einer UN-Konferenz zu diesem Thema hingewiesen.
Der Abschluss der Doha-Runde wurde ebenfalls gefordert, obgleich beide einen großen Teil des derzeitigen Scheiterns haben.
Die EU hat bestätigt, dass sie dem Energie- und Klimaprogramm treu bleibt, insbesondere dass sie die Freisetzung giftiger Stoffe bis 2020 um mindestens 20% reduzieren möchte.
Indien war sich auch darin einig, dass auf der Klimakonferenz im nächsten Jahr ein umfassender Markt geschaffen und die Treibhausgasemissionen bis 2050 um 50% gesenkt werden sollten.
Sie würden auch den Anstieg der Lebensmittelpreise verhindern wollen und unterstützten die Einberufung einer internationalen Arbeitssitzung zur Behandlung der Finanzkrise.
Der indische Staatsoberhaupt reist heute in die französische Hauptstadt, wo er sich auf ein bilaterales Treffen auf die Unterzeichnung eines Abkommens über die friedliche Nutzung der Atomenergie vorbereitet.
In Paris wird erwartet, dass die französischen Unternehmen Aufträge in Höhe von 20 Milliarden Euro für den Bau indischer Atomreaktoren erhalten werden.
Nach Angaben der Presseagentur würde die Vereinbarung 15 Jahre dauern.
In Frankfurt haben mehr als 300 italienische Verleger
Eine starke Präsenz italienischer Verleger auf dem Internationalen Frankfurter Buchsalon.
Mehr als 300 italienische Verleger, die bei der 60. Ausgabe der Buchmesse, dem wichtigsten internationalen Treffen im Rechtsaustausch, anwesend sind.
Der Internationale Salon des Buches von Frankfurt wartet für diese Ausgabe auf mehr als 7 Seemeilen Aussteller aus 101 verschiedenen Ländern, die die 171.790 Quadratmeter des Salons mit mehr als 403Meilen Ausstellungen besetzen werden, und die Türkei als Ehrengast.
Der Untersekretär des Ministeriums für Kulturgüter und -tätigkeiten, Francesco Maria Giro, wird die italienische Regierung bei der Eröffnungsfeier des italienischen Papillons vertreten: Italien wird institutionell mit einem italienischen Punkt 264 Quadratmeter Ausstellungsraum vertreten sein.
Sie folgt dem Treffen mit der Presse in der Room Struktur am Schmetterling 5.0 der Buchmesse: eine Gelegenheit, die Zahlen, Trends und Zukunftsperspektiven über die Lage der Verlagsindustrie in Italien darzulegen.
Den Daten zufolge nimmt die Bedeutung ausländischer Urheberbücher im Vergleich zur gesamten italienischen Produktion, insbesondere im Vergleich zu Erwachsenen und Kindern, allmählich ab.
Das Flugzeug von Steve Fossett, dem vor einem Jahr verschwundenen Milliardär.
Das Wrack des Flugzeugs von Steve Fosset, dem Milliardär, der am 3. September 2007 verschwand, als er über die Wüste von Nevada flog, wurde gefunden.
Die Trümmer wurden auf einem Plateau in einer Höhe von 3000 Metern im Gebiet Sierra Nevada von Mammonth Lakes an der Grenze zwischen Kalifornien und Nevada gefunden.
Innerhalb des Flugzeugs gibt es jedoch keinen anderen Menschen.
Der Sheriff von Madera County, John Anderson, hat die verbleibenden Zweifel ausgeräumt: "Das Flugzeug wurde lokalisiert, wir haben ein Team geschickt, und jetzt haben wir die Bestätigung, dass es der ist, auf den Steve Fosset am Tag seines Verschwindens reiste", sagte er auf einer Pressekonferenz.
Der Sheriff hat also erklärt, dass keine anderen Menschen gefunden wurden, weder im Flugzeug noch in der Umgebung.
Im Februar wurde der 63-jährige Milliardär als tot angesehen.
Das US-Büro für Verkehrssicherheit (Ntsb) teilte mit, dass einige Stunden nach der Aufdeckung des Wracks, eines Teams von Ermittlern, das an den Tatort geschickt wurde, das Gerät identifiziert hat: Es handelt sich um das am 3. September 2007 verschwundene Bellanca 8kcab, als Fosset aus Yerington in Nevada für einen dreistündigen Flug auftauchte.
Gestern, immer noch in Kalifornien, in der Nähe der Grenze von Nevada, wurden einige persönliche Sachen von Fosset von einem Paar in der Nähe ihrer Wohnung in Mammoth Lakes gefunden.
Es handelt sich um zwei Dokumente mit dem Namen Fosset, die beide von der Federal Aviation Administration of Illinois, dem Geld der Spezies und einem Pullover ausgestellt wurden.
Fossetts Forschung wurde einen Monat nach seinem Verschwinden unterbrochen.
Der Milliardär hatte sich durch eine lange Reihe von Rekord einen Platz in der Geschichte verdient.
Bei dem sechsten Versuch wurde er 2002 der erste Mann, der die Welt auf einem aerostatischen Ballon vervollständigte: zwei Wochen einsamer Flug.
Drei Jahre später war er mit einem Flugzeug und ohne Zwischenlandung um die Welt gereist.
Von all diesen Rekords, auch dem, dass du 15.445 Meter hoch gestohlen hast, auf den Anden, aber mit einem Kopiloten.
Glk, die Werbung, auf die du nicht wartest.
Ein ungewöhnlicher 4x4 von einem originellen und genau definierten Design, mit markierten Linien, mit großen Netto-Oberflächen und -Winkeln.
Dies ist zusammenfassend, Glk, der letzte geborene der "kompakten" Off-Road des Sterne-Hauses, mit dem Mercedes-Benz versucht hat, in diesem Sektor einen neuen Wind zu geben.
Gerade durch seine außergewöhnlich, unerwarteten und unkonventionellen Inhalte wird die Kommunikation zum Start des 4x4 Glk, der ab dem 17. Oktober in den Showroom Mercedes-Benz verfügbar ist, begleitet werden.
So wird die Werbekampagne, die den Beginn des neuen Autos begleiten wird, zu einer neuen Kommunikationsmodalität führen, und zwar durch eine futuristische 3D-Anzeigekampagne, die in Italien zum ersten Mal von einem Kraftfahrzeugbrand benutzt wird.
Ein in drei verschiedenen Phasen gegliedertes Maximalanzeigeprojekt, das das Herz des marokkanischen Einkaufs, Corso Como, bis zum 15. November beherrschen wird.
Die erste Phase dieser neuen Kommunikation sieht die Darstellung des Autos in stereoskopischer Sicht vor, und dank einer Sonderbrille, die rund um Corso Como verteilt wird, wird es möglich sein, die neue 4x4 in fast realen Dimensionen und in dreidimensionaler Form zu sehen.
Man wird nämlich den Eindruck haben, wenn man sich das Bild anschaut, kommt das Auto aus dem Plakat.
Dann wird durch die Nutzung der innovativen Technologie Elimina8 der neue Glk nach den Spots in allen Einzelheiten beleuchtet und dann in ein einziges Bild umgewandelt.
Es liegt auf der Hand, dass Mercedes mit dieser Werbung versucht, etwas Neues in den stereotypischen Bereich der Autokommunikation einzubringen.
Wird sie es mit dieser Formel schaffen, das Interesse der künftigen Erwerber zu wecken?
Das sind die italienischen Hooliganer.
Triveneto, sie riskieren den Daspo.
Aber wer sind diese 150-200 Jungen und Mädchen, die sich jetzt in Italien schämen?
Noch nie hatte er sich mit den feindlichen Tifosi getroffen.
Die Gruppentürzung ist rechts.
Die Projektträger kommen aus Triveneto.
De Verona, Padua, Trieste und Udine.
In Sofia haben sich kleine Gruppen (in Wirklichkeit wenig) aus Kampanien und Apulien zusammengeschlossen.
Sie hatten dreifarbige Flaggen, auf denen ihre Heimatstadt stand: Samstagabend wurden sie alle entführt, um nicht identifiziert zu werden.
Sie inspirieren sich von der englischen Tifoterie.
In Bulgarien fanden sie eine Tifterie von echten Nazisten, der Levski.
Die Figc hatte den italienischen Tifosi 144 Banknoten für den Teil zur Verfügung gestellt: alle Namenskarten und somit leicht kontrollierbar.
Und das Viminal hatte sie in der Tat alle kontrolliert: Von denen, die nach Sofia gingen, hatte keiner einen Daspo im Gange, keiner war verboten, ein Stadion zu besuchen.
Vier italienische Tifosi, die eine Vorgeschichte von Stadionverbrechen hatten, hatten kein Recht auf eine Fahrkarte und konnten die Reise nicht machen.
Jetzt wartet das Viminal darauf, die Handlungen der bulgarischen Polizei zu lesen und dann Maßnahmen zu ergreifen: In diesem Fall könnte es sein, dass Tifosi, die in den Unruhen festgenommen oder identifiziert werden, für mindestens fünf Jahre einen Daspo säubern.
Ein internationaler Daspo, der es untersagt, sich in den italienischen Stadien zu begeben, aber auch in Europa.
Kurz gesagt, unsere Hooligans werden nicht mehr im Stadion sein.
Zum Glück.
Aber jetzt ist es Zeit für Angst und Emulsion, das heißt, andere könnten zu den ersten 150 kommen.
"Wir müssen das Feuer sofort ausschalten und nicht legitimieren", sagt Viminal.
Also, "Augen offen halten, vor allem im Hinblick auf das Spiel des nationalen Teams am Mittwoch in Lecce".
In Apulien gibt es nämlich einen kleinen Kern von Unterstützern der Ultras Italien.
Morgen tritt die Beobachtungsstelle zusammen, Dienstag der Casm, der sich sogar auf einen Abschnitt der Aise verlassen kann, nämlich auf die Geheimdienste, die sich gerade mit Stadionfragen befassen.
"Die Duce-Duce-Chores und der Arm, der während Mamelis Hymne angespannt ist, ist in Bulgarien kein Verbrechen".
Dies ist die (wirklich unangenehme) Meinung von Domenico Mazzilli, kürzlich Direktor der Beobachtungsstelle für Viminal (er nahm Francesco Tagliente und danach Felice Ferlizzi an).
Mazzilli war früher Präfekt in Triest, wo sich ein Kern von Unterstützern der 2002 gegründeten Gruppe Ultras Italien befand.
Es stimmt, wie Mazzilli sagt, dass es in Bulgarien kein Verbrechen ist, Mussolini zu vermieten, aber es ist sicher, dass das Verhalten dieser 150-200 Tifosis beschämt war.
"Ich bin kein Soziologe - ergänzt durch die Nummer 1 des Beobachters - die Verbrechen müssen in dem Land zugestellt werden, in dem sich die Tat ereignet.
Bis jetzt war diese Gruppe in Ordnung, jetzt werden wir sehen, was passiert ist, und wir werden für die Zukunft bewerten.
Aber lassen Sie uns auch über die Pfeifen gegen Mamelis Hymne reden: Diese sind auch keine Verbrechen, aber wenn Sie gestatten, sind sie nicht höflich "...
