Rechtspopulisten triumphieren in Österreich, haben insgesamt 29 Prozent
Nach den ersten vorläufigen Ergebnissen der frühen Parlamentswahlen in Österreich haben die beiden Parteien in der gegenwärtigen großen Koalition eine wahrnehmbare Schwächung und einen deutlichen Anstoß für die rechtspopulistischen Parteien gebracht.
Die Österreichische Volkspartei (ÖVP), in der die Position des aktuellen Leiters Wilhelm Molterer schwer gejubelt wird, hat besonders große Verluste erlitten.
Umgekehrt bereitet der Feldzugsführer der Allianz für die Zukunft Österreichs (BZÖ), Kärntner Gouverneur Jörg Haider, eine triumphale Rückkehr in die nationale Politik vor.
Nach den vorläufigen Ergebnissen bleibt die Sozialdemokratische Partei (SPÖ) mit 29,8 Prozent der Stimmen am stärksten im Land, jedoch hat sie 5,5 Prozent der Stimmen seit den letzten Wahlen im Jahr 2006 verloren.
ÖVP, der mit seinen 25,6 Prozent annähernd neun Prozent der Stimmen verliert, war noch schlimmer.
Das sind die schlimmsten Ergebnisse beider Parteien in der österreichischen Nachkriegsgeschichte, insbesondere für die Volkspartei, die die frühen Wahlen forderte, ist es buchstäblich ein katastrophales Ergebnis.
Anfang Juli, als ÖVP die Koalition verließ, hatte die Volkspartei in den Umfragen immer noch einen bedeutenden Vorsprung auf SPÖ.
Die Wähler bestraften sie jedoch anscheinend, weil sie die Regierung versprühen ließen.
In den ersten Reaktionen auf die Ergebnisse gab es bereits Spekulationen über den möglichen Rücktritt des Parteileiters und der gegenwärtigen Vizechanzeller Wilhelm Molterer.
Beobachter erwarten, dass dies bereits bei der außerordentlichen Sitzung der Parteiführung am Montag stattfinden könnte.
Eine solche Entwicklung würde sicherlich die Reise zu den immer wahrscheinlicheren Rückgriffen aus den Wahlergebnissen vereinfachen, d.h. die Erneuerung der großen Koalition von SPÖ und ÖVP.
Angesichts der Stärkung der beiden rechtspopulistischen Parteien - die Freiheitspartei (FPÖ) gewann eine vorläufige 18-Prozent und BZÖ elf Prozent der Stimmen - aber gleichzeitig drückte die Sozialdemokraten Angst vor einer Wiederholung des Jahres 1999 aus, als die Volkspartei mit den Populisten (FPÖ damals noch vereint war, brach sie von der BZÖ 2005) über eine gemeinsame Regierung ab, die schließlich Sanktionen von der Europäischen Union auslöste.
Haider, der bereits angekündigt hat, dass er bereit ist, mit jeder Partei zusammenzuarbeiten und vermutet, dass er in die nationale Politik zurückkehren wird, ist offensichtlich auf diese Entwicklung zurückzugreifen.
Die Grüne Partei kam auch ins Parlament, erlitt aber einen leichten Verlust und fiel von dem dritten auf den fünften Platz unter österreichischen politischen Parteien.
Anscheinend übertraf keiner der anderen Parteien die vier Prozent-Marke und kam ins Parlament.
Schwarzenberg: Beziehungen zu Indien könnten verschlechtern
Nach Ansicht des Außenministers Karel Schwarzenberg, wenn es nicht möglich sein wird, das Problem der tschechischen Wissenschaftler, die in Indien mit der illegalen Sammlung von Käfern beschuldigt wurden, zu lösen, könnte eine gewisse Verschlechterung der tschechischen-Indischen Beziehungen stattfinden.
Der Minister machte diese Erklärung in New York nach dem heutigen Treffen mit seinem indischen Amtskollegen, Pranab Mukherjee.
"Wenn es nicht gelöst wird, dann ja, dann würde eine gewisse Verschlechterung stattfinden", erklärt er nach dem Treffen, das von der tschechischen Seite initiiert wurde.
Nach den Verhandlungen sagte Mukherjee, es sei schwierig für den Exekutivbüros, in Justizsachen einzugreifen.
Dennoch sagte er, dass die Zentralregierung im Falle von Petr Švácha, der von den Anklagen entlassen und mit einer Geldbuße bestraft wurde, mit der lokalen Regierung in Darjeeling verhandeln kann, unter der Zuständigkeit, von der die Angelegenheit gehört.
"Sein Problem könnte gelöst werden", sagte der Minister.
Laut Mukherjee wäre es am besten für Emil Kučera, zu drei Jahren Gefängnis verurteilt, um an höhere Behörden zu appellieren.
Er kann dann bitten, auf Kaution entlassen zu werden und auf das Urteil außerhalb des Gefängnisses zu warten, erklärte er.
Schwarzenberg bestätigte, dass sein Partner dies auch während der Verhandlungen gesagt hatte.
"Er empfiehlt einem höheren Gericht, dann wäre es möglich, ihn zu verzeihen", sagte der Leiter der tschechischen Diplomatie.
Die einzige Art, wie die tschechische Seite in die ganze Angelegenheit eingebunden werden kann, besteht darin, den Verurteilten "zuständige rechtliche Unterstützung" zu bieten, sagte der indische Minister.
Gleichzeitig sagte er, dass die indische Seite ihnen bereits Hilfe für diese Art bietet.
"Es ist in unserem größten Interesse, die besten Beziehungen zu Indien zu erhalten, die eine langjährige Tradition haben.
Die Indianer erkennen das auch an", sagte Schwarzenberg.
Gleichzeitig betonte er, wie er der tschechischen Presseagentur sagte, vor seinem Partner, dass die Tschechische Republik das Problem der tschechischen Entomologen sehr wichtig machte.
"Wir betrachten die Verhaftung und Anklage dieser tschechischen Wissenschaftler als einen schweren Fehler", erklärte er.
Der Minister antwortete nicht auf die Frage, ob er von der indischen Seite ein Versprechen erhalten hatte, die Angelegenheit zu verfolgen.
Er erklärte lediglich: "Ich habe schon einige Versprechen erhalten".
Tschechische Schiedsrichter kämpfen um Meeresboden
Er geht in Richtung der elektronischen Wandkarte, die Australien und die umliegenden Meeresgebiete zeigt.
Er interessiert sich jedoch nicht für den Kontinent, sondern an einem kleinen Punkt, der im Blau des Ozeans verloren geht.
"Diese Insel, und damit der Meeresboden um ihn herum, gehört zu Australien.
Gleichzeitig ist das Gebiet so groß wie der Kontinent selbst", sagt der italienische Rechtsanwalt Luigi Santosuosso, der dem 30-köpfigen Mitarbeiterteam der UNO-Abteilung für Ozeanangelegenheiten und dem Seegesetz gehört.
Sein Chef, der Divisionsdirektor, der tschechische Rechtsanwalt Václav Mikulka, folgt dem, was er sagt und fügt gelegentlich etwas hinzu.
Hier dominieren Zest und Begeisterung für Arbeit.
Der Meeresboden schützt eine bisher wenig bekannte Welt, die reich an natürlichen Ressourcen ist.
Es ist möglich, Öl, Erze und andere Mineralien zu finden, aber auch bisher unbekannte lebende Organismen, die den Schlüssel zum Beispiel zur Entwicklung einer Heilung für Krebs halten.
Ein Fußboden größer als der Kontinent
Heute haben Küstenländer begonnen, vehement um das neue Unterwassergebiet zu konkurrieren.
Das heißt, dass sie nach einer UN-Vereinbarung die Rechte nutzen, auf die sie 1982 in Montego Bay, Jamaika, vereinbart hatten.
Dies ist vor allem das Gebiet des sogenannten kontinentalen Regals, das oft bis zu mehreren hundert Kilometern von der Küste des gegebenen Landes entfernt reicht.
Nach der Vereinbarung hat dieses Land das ausschließliche Recht auf alle Ressourcen des kontinentalen Regals.
Der kontinentale Regal gilt als der Teil des Meeresbodens, der die natürliche Fortsetzung des Kontinents unter dem Meer und dessen Substratum ist.
Sie erreichte über den Rand des Küstensees hinaus, oft sogar über den Rand der zweihundert Seemeilen der sogenannten exklusiven Wirtschaftszone", erklärt Mikulka.
Der Antrag, den das betreffende Land der Kommission über die Grenzen des Kontinentalen Haltes vorlegt, muss durch wissenschaftliche und technische Unterlagen auf der Grundlage vieler kostspieliger Erhebungen und Messungen unterstützt werden.
Es ist das Ergebnis langjähriger Vorbereitungsarbeiten.
"Eine unserer Aufgaben ist es, der Kommission rechtliche und spezialisierte technische Hilfe zu leisten.
Die Kommission hat bisher fünf Anfragen aus Russland, Brasilien, Australien, Irland und Neuseeland erörtert.
Erst die letzten drei dieser Länder sind bisher erfolgreich gewesen", fügt Mikulka hinzu.
Vor kurzem wurde der Erfolg Australiens, der erste, der seine Unterwasserdomäne erweiterte, weltweit registriert.
Aber auch Neuseeland erwarb - das Gebiet des Meeresbodens, das die Kommission ihr zugegeben hat, ist rund 1,6 Millionen Quadratkilometer, das heißt, ungefähr sechsmal größer als die Größe des Landes selbst.
Beide Länder investierten Millionen Dollar in Umfragen.
Der Gewinn, der sich in Zukunft aus der Nutzung des Meeresbodens ergeben wird, wird, hoffentlich, unschätzbar sein.
Auch andere Länder werden schrittweise ihre Anträge stellen.
Sie haben bis zu zehn Jahren ab dem Moment, als sie das "Montego Bay Agreement" ratifizieren, um dies zu tun.
Wo das kontinentale Regal endet, beginnt das Gebiet des Meeresbodens, das durch das Abkommen als "gemeinsames Erbe der Menschheit" erklärt wird.
Hier hat kein Land mehr eine exklusive Position.
Die Bergbaurechte in diesem Bereich werden durch die Vereinbarung der internationalen Institution gewährt.
"Aber der Meeresboden ist kein Klondike", sagt Regisseur Mikulka übertrieben, fügt hinzu, dass seine "individuellen Gebiete rechtlich eindeutig abgegrenzt und ihr Regime in Verträgen verankert ist."
Tschechen im Pazifik
Ein Teil des Meeresbodens gehört derzeit zur Tschechischen Republik.
Sie teilt sie mit anderen Ländern aus dem ehemaligen Ostblock als Teil der gemeinsamen Organisation "Interözeanmetal".
Diese Organisation hat, wie die Anleger mehrerer kleiner Länder, 1991 den Status des sogenannten "Pioning-Investors" erhalten.
Es ist berechtigt, in der Zone ClarionClipperton im Pazifischen Ozean, die zwischen Mexiko, Hawaii und Kiribati liegt, abzubauen.
Das vom Investor untersuchte Gebiet ist etwas größer als die ehemalige Tschechoslowakei.
Der Meeresboden dort ist robust, es ist eine Art Unterwassermodell des Tatra-Gebirges.
"Es ist möglich, dort auf einer Gesamtfläche von 75.000 Quadratkilometern zu mijnen.
Das Gebiet ist eine reichhaltige Lokalität für die Sammlung von Polymetall-Konkrete, die Nickel, Kupfer, Kobalt und Mangan enthalten", sagt ein anderer Anwalt, Pakshi Rajan aus Indien.
Der mazedonische Anwalt aus der Division, Rober Sandev, bringt eine solche Konkretion zu demonstrieren.
Es sieht aus wie eine kleine Kartoffel oder, mit etwas Fantasie, die mythische Shem, die, nach Legende, die Golem zum Leben brachte.
Deutsche Sonderkräfte auf der Hostage Rescue
Bei der Lösung der Geiselkrise hatte die ägyptische Regierung um Hilfe von Deutschland gebeten - die die Experten entsandte.
Als Push kam, um zu schieben, waren die Sonderkräfte bereit, aber ihre Dienste waren am Ende nicht erforderlich.
Immer mehr Details über die Umstände der Befreiung der elf in Ägypten entführten europäischen Touristen.
Nach Angaben der Bundesministerien der Verteidigung und des Innern nahmen deutsche Sonderkräfte indirekt an der Rettungsmission teil.
Bei der Rettung waren Spezialisten der Bundeswehr (Bundeswehr) und Mitglieder der Bundespolizei (Bpol) und ihrer Spezialeinheiten der GSG 9 und der Luftwaffe anwesend, Sprecher der Ministerien sagten Montagabend, sowie Mitglieder des Bundeskriminalpolizeiamtes (BKA) und Logistikexperten der Agentur für Technische Hilfe (THW).
Die deutschen Truppen waren jedoch nicht erforderlich, weil die Häftlinge ihre Geiseln verlassen und flohen, als sie sich bewusst wurden, dass die Geiseln bald von Gewalt befreit werden.
Die ägyptische Regierung hatte die von Deutschland angebotene Hilfe akzeptiert, sich auf die deutschen Kräfte als Backup während der Operation zu verlassen.
`Luckily, es kam nicht zu dem,' sagte ein Sprecher des Bundesministeriums des Innern.
Die Reisegruppe bestehend aus fünf Deutschen, fünf Italienern, einer rumänischen Frau und ihren acht ägyptischen Begleitern war am 19. September im Süden Ägyptens entführt worden.
Nach ihrer Entführung in einer Wüstenregion im Süden Ägyptens wurden die Geiseln in der Grenzregion zwischen Ägypten, Libyen, Sudan und Tschad hin und her getragen.
Bis heute bleibt die Identität der Kapitäne unbekannt, ebenso wie Details über die Rettung oder auf mögliche Lösegelder.
In Kairo sind die ehemaligen Geiseln sicher und gesund angekommen.
Bundesaußenminister Steinmeier sagte, sie wurden der Betreuung der Deutschen Botschaft anvertraut.
Er kommentierte nicht die Details der Rettung.
In Berlin wurden keine unmittelbaren Informationen über ihre Rückkehr nach Deutschland erteilt.
Laut der deutschen Zeitung `Bildd' sollen die fünf Touristen und die Spezialkräfte einen Airbus der Deutschen Luftwaffe an Bord nehmen, der am Dienstag in Deutschland ankommt.
U.S. Haus der Vertreter lehnt Bailout ab
Das 700 Milliarden Dollar-Bailout-Paket für die Finanzmärkte scheiterte in den ersten beiden Kammern des US-Kongresses eng.
Die Dow Jones nahmen eine Nase-Dive.
Mit einer Abstimmung von 227 bis 206 gegen lehnte das US-Vertreterhaus das Rettungspaket der Regierung für die Finanzmärkte ab.
Alle Berufe von Präsident George W. Bush und führenden Beamten beider Parteien trotz, wurde keine Mehrheit für das Programm erreicht, das bedeutete, das Chaos auf den Finanzmärkten zu enthalten.
In einer dramatischen Kampagne hatten Unterstützer verzweifelte Versuche unternommen, die Kritiker von den Verdiensten des 700 Milliarden Dollar-Plans zu überzeugen.
Barney Frank, einer der wichtigsten demokratischen Verhandlungsführer, hatte Vertreter zur Genehmigung aufgefordert, obwohl es ein unpopulärer Plan war.
"Es ist schwer, politische Zustimmung für die Verhinderung von etwas zu bekommen, das noch nicht passiert ist", gab er zu.
Während die Abstimmung noch im Gange war, sahen die Dow Jones einen Rückgang von mehr als sechs Prozent, oder 600 Punkte.
Es wurde durch die Sorgen der Anleger verursacht, dass die Regierungsfreistellung könnte scheitern.
Er erholte sich kurz vor Ende der Abstimmung, nur um eine weitere Nasendive zu nehmen, wenn die Ablehnung veröffentlicht wurde.
Experten erwarten nun weitere schwere Turbulenzen in den internationalen Finanzmärkten.
Damit der Plan umgesetzt werden soll, ist die Genehmigung sowohl des Repräsentantenhauses als auch des Senats erforderlich.
Reisebüros Bericht Erhöhung der Buchungen
Es wird ein guter Winter für deutsche Reisebüros sein, offensichtlich:
Eine Umfrage sagt, dass der Umsatz der Buchungen für die kommenden Monate deutlich gegenüber dem Vorjahr gestiegen ist - für die Wintersaison sogar um bis zu 30 Prozent.
Trotz der Aussichten auf eine schwache Wirtschaft bleibt der Fahrlust der Deutschen unberührt, sagt eine Umfrage.
Für Buchungen während der Wintersaison stiegen die Reisebüros im Vergleich zum Vorjahr um 31 Prozent, berichtete der Deutsche Reiseverband (DRV) am Montag in Berlin.
Der Marktforschungsfirma GfK zufolge hat sich auch die Buchungen in den Herbstmonaten erhöht.
Die Reisebüros hatten für Oktober gegenüber 2007 einen Umsatzanstieg von rund elf Prozent gesehen, sagte der DRV.
Die Ergebnisse basieren auf den Zahlen von GfK, die die Buchungsdaten von 1200 deutschen Reisebüros jeden Monat verarbeitet und dazu verwendet, Projektionen für den Markt als Ganzes zu erstellen.
Inklusive Reisebuchungen gemacht bis August 2008.
Aufgrund eines schwachen Dollars, vor allem Reisen in die Vereinigten Staaten waren gefragt, sagte der DRV.
In diesem Bereich waren die Buchungen um etwa ein Drittel gestiegen, sagte es.
Daraus folgte, wies auf Spanien, die Türkei und Griechenland als beliebt unter den Deutschen sowie inländischen Regionen hin.
Der DRV-Präsident Klaus Laepple sagte, dass die All-Inclusive-Reisen besonders gefragt waren.
In Anbetracht der steigenden Energie- und Lebensmittelpreise war ihre Kosten für Kunden `erschöpfbarer als die der individuell organisierten Ferien', sagte Laepple.
Die Verbraucher könnten Geld sparen durch Frühvögel oder All-Inclusive Rabatte, unter anderem, Laepple sagte.
Da die Sommermonate auch sehr gut gebucht waren, würde es einen weiteren Umsatzanstieg gegenüber dem Vorjahr geben, so er - obwohl eine weitere Umfrage berichtete, dass die Zahl der Wanderdeutschen im Vergleich zum Vorjahr gesunken ist.
Mein erstes Mal auf dem Oktoberfest
Spring-Break- und Après-Ski-Stil Hits im Wiederholmodus, Bier von Einliterbechern und Prominenten im Designer Dirndln.
Ein Wiesn-Debut.
Technisch gesehen haben Susanne Kronzucker und ich nicht viel gemeinsam.
Sie ist blond, ein Fernseher und trägt eine maßgeschneiderte Dirndl.
Ich habe dunkles Haar, bin Studentin und mein Kleid ist zweiterhand.
Aber es gibt eine Sache, die uns verbindet: Wir sind seit knapp drei Minuten in der Wiesn, und schon die Fotografen treiben um uns herum und schlagen weg, füllen ihre Speicherkarten - sehr schmeichelnd, und es ist mein erster Besuch in der Wiesn, um zu booten.
So freundest du dich.
Das billige Dirndl scheint seine Arbeit zu leisten.
Für einen Wiesn-Tourismus im Norden des "Weisswurst Äquators" hatte das wohlfühlende Gefühl, das traditionelle bayerische Garb trägt, bisher viel zu wünschen übrig.
Aber einmal in Theresienwiese angekommen, ist es nicht so schlimm wie das alles.
Fast jeder trägt Dirndl oder Lederhosn; niemand sieht verärgert oder beschämt aus - alles ist völlig normal.
Nur mein Dirndl Schürze zog seltsame Blicke auf den Schokolade-Banana-Verkäufer.
Eine Münchner Frau machte mir die Aufmerksamkeit, dass ich den Schürzen den falschen Weg gefesselt hatte: `Verfügbar links, Jungfrau in der Mitte, engagierte sich rechts, wehete hinten.'
Furtiv ziehe ich meinen Schürzen von hinten nach links.
"Sieht richtig aus", sagt sie und lacht.
Andere sind weniger besorgt über subtile Flirtentechniken und tragen einfachen Filzmützen, die sagen: "Too betrunken, sich anzuziehen" und, ohne zu raten, zeigen den Menschen ihren nackten Hintern.
Der junge Mann mit der exhibitionistischen Haltung heißt Bob, aus England, und es ist sein erstes Mal beim Oktoberfest, auch.
Er findet es "gorgeous," mit einem langgestreckten "ooooo".
Er erzählt mir das, nachdem er sich selbst vom 'Maß' befreit hatte, den er vorher hatte.
Direkt neben einer der Feuerstecker, die jeder für Abfallabfälle Fehler macht.
Bob ist einer der berüchtigten `Wildbiesler'.
Andere sind nicht ganz glücklich genug, um den Alkohol auf diese Weise zu verlieren.
Auf acht Uhr in der Nacht schwärmen viele Paramediker den Standort und nehmen an den armen Bingern teil.
Die Medikamente erscheinen immer in Packungen - es gibt immer vier zu einer Zeit, mit einem überdachten Stretcher von Zelt zu Zelt.
Es funktioniert wie bei den meisten Wiesn-Besuchern: Wenn es leer ist, gehen sie heraus, und wenn es voll ist, kommen sie zurück.
Sie sehen nicht, wer in den BAC-Koffinen ist.
"Es sind diejenigen, die nicht mehr brauchen können", schrie einer der Paramediker, als ich ihn darum fragte, verschwindete in der Menge.
Opfer des Unfalls, benannt von der Polizei
Eine 63-jährige Frau, die im Krankenhaus starb, nachdem sie von einem Fahrzeug in Essex getroffen wurde, wurde benannt.
Carole Paulson, von Chemsford Road in Brentwood, war am Freitagnachmittag an der Shenfield Road in der Stadt beteiligt.
Sie wurde ins Queen's Hospital, Romford gebracht, aber später starb sie.
Nach dem Unfall wurde ein 51-jähriger Mann wegen Verdacht auf unbesorgtes Fahren verhaftet.
Seitdem ist er auf Polizeistrafe entlassen worden.
Der diplomatische Horizont der Türkei erweitert
Lange bevor die Türkei sich der Europäischen Union anschließen wollte, waren die europäischen Mächte bestrebt, tief in das Hinterland der Türkei einzudringen.
Auf der östlichen Seite des Bosphorus, vielleicht nur 20 Schritte in Asien, steht einer der schönsten Reliquien dieses gescheiterten imperialen Ehrgeizs.
Der Bahnhof Hydarpasha wurde von zwei deutschen Architekten Otto Ritter und Helmut Conu im Neo-Renaissance-Stil entworfen.
Das ist zumindest das, was die Reiseführer Ihnen sagen.
Das Gebäude befindet sich am Ende der Plattformen mit einem Turm an allen Ecken der Welt, der wie eine provinzielle deutsche Rathaus sucht.
Der Stein ist schmutzig.
Das ganze Bauwerk ist leicht verfallend.
Aber einmal im gewölbten Ticketbüro gibt es keinen Zweifel an der Großmutter des Unternehmens, von dem dies das westlichste Tor war.
August 1908 wurde der Bahnhof von einem deutschen Konsortium, der Anatolia-Baghdad Corporation, eröffnet.
Deutschland, ein Spätkomer des kaiserlichen Spiels, wollte seine Ambitionen, den Nahen Osten durch diese Eisenbahn nach Damaskus, Bagdad und darüber hinaus in Saudi-Arabien zu dominieren, verwirklichen.
Aber Deutschlands kaiserlichen Ambitionen gründeten während des Ersten Weltkriegs.
Seine Eisenbahnstrecken wurden von Lawrence von Arabien und seinen arabischen Unregelmäßigkeiten angegriffen.
Die relative Isolation aus seiner umliegenden Region, die durch die gefrorenen Grenzen des Kalten Krieges erregt wurde, ist verschwunden
Britische und Herrschaftskräfte gingen aus Ägypten und schoben die Türken und ihre deutschen Verbündeten aus Palästina und Syrien.
Und es gab auch schlechte Nachrichten für die Hyderpasha-Station.
1917 vernichtete ein Munitionszug sein aufwändiges Dach.
Türkische Quellen sagen, es sei Sabotage.
Seitdem hat er langsam weggeformt, weitgehend von der Geschichte umgangen.
Aber heute dient dieses Bahn-Gateway zu Anatolia und allen Punkten östlich - symbolisch zumindest - dazu, die diplomatischen Horizonte der Türkei hervorzuheben.
Die regierende Partei für Justiz und Entwicklung - die AKP - hat eine ganz neue Außenpolitik für das Land geschaffen.
Die relative Isolation aus seiner umliegenden Region, die durch die gefrorenen Grenzen des Kalten Krieges erregt wurde, ist vergangen.
Jetzt gibt es eine neue Politik des Engagements.
Bemerkenswerterweise hat die türkische Regierung gute Beziehungen zu Israel und Syrien, mit den palästinensischen Fraktionen der Hamas und Fatah, mit dem Irak und dem Iran und natürlich mit der Europäischen Union und den Vereinigten Staaten.
Um die Parameter dieser neuen Außenpolitik zu messen, habe ich den Nachtschlafer der türkischen Hauptstadt Ankara besucht, um einen der führenden externen Experten der AKP, türkischen MP Suat Kiniklioglu, zu besuchen.
Am nächsten Morgen - etwa zehneinhalb Stunden später - nach einer drehenden Fahrt entlang Spuren, die die alten Weltcadeancen des berühmten Dokumentarfilms The Night Mail produzierte, kam ich in der türkischen Hauptstadt an - schlug als eine neue Stadt für eine neue säkulare Absicht vor, sich auf die osmanische Vergangenheit zurückzukehren.
Aber der AKP mit seinen bekannten islamistischen Wurzeln stellt einen Paradigmenwechsel im türkischen Konsens dar.
Es hat einen Verdacht im Westen hervorgerufen, vor allem in Washington.
Ein Taxi brachte mich zum Hauptquartier der AKP, einer ultramodernen Stein- und Stahlstruktur - zielgerichtet - in einem entwickelten Vorort, umgeben von halbkonstruktiven Einkaufszentren und Power-Patisserien, wo sich Mittenmanager in Geschäftsanzügen - sowohl Männer als auch Frauen - trafen, um frühmorgens Angebote zu machen.
Suat Kiniklioglu hätte ein zentral-rechts Politiker aus fast jeder anderen politischen Partei in Europa sein können.
Anzug, Krawatte, ich bin sicher, er hat sogar eine Blackberry gepackt.
"Das Ziel der Außenpolitik der Partei ist es, die Türkei nun in ihre unmittelbare Nachbarschaft zu integrieren.
Der Kalte Krieg war eine Anomalie", sagte er mir.
Die Türkei war aus ihrem Hinterland abgeschnitten worden.
Heute musste es Richtung Osten und Westen gleichzeitig aussehen.
Es war kein Fall von einem oder dem anderen.
Es musste beides tun.
"Aber sicherlich irgendwann," fragte ich, "Türkei könnte gezwungen werden zu wählen?"
"Türkei", sagte er, "war nicht wollen, diese Wahl zu treffen."
Er betonte dann einen Punkt, mit dem fast jeder, mit dem ich hier gesprochen habe, fast durch Verwirrung rezitiert wurde: Die Bindungen der Türkei, nicht nur zum Nahen Osten, sondern zum Kaukasus, und um das Schwarze Meer, sind ebenso zum Nutzen Europas und der Vereinigten Staaten wie der Türkei.
Mit der Türkei an Bord scheint die Botschaft zu sein, Europa als Ganzes kann mit Metaphern diese Eisenbahnlinien nach Osten nach Asien und Naher Osten fahren.
Zurück in Hydarpasha-Station, nach einer weiteren fast schlaflosen Nacht, dachte ich an diese beiden deutschen Herren Herr Ritter und Herr Conu, die vor 100 Jahren zugesehen hatten, wie dieses Gebäude gebaut wurde.
Wie überrascht wären sie gewesen, zu finden, dass Europas mittelöstlichen Ambitionen jetzt, zum großen Teil, in den Händen der Türkei sein könnten.
Und als ich am Terminal auf die Fähre wartete, mich zurück über den Bosphorus zu nehmen, erinnerte ich mich daran, dass damals die Türkei immer "der kranke Mann Europas" genannt worden war.
Zumindest schien es nicht viel Zweifel darüber zu haben, welchen Kontinent für dieses faszinierende Land Anspruch nehmen sollte.
Lebt erinnert: Vernon Handley und William Woodruff
Mark Brown schreibt: Als Musikdirektor von Guilldford aus 1962, hatte Vernon "Tod" Handley (Gebäude, 11. Sept) das Guilldford Philharmonic Orchestra und Chor.
Im Rahmen seines Musikprogramms für den Stadtbezirk gründete er im nächsten Jahr seinen wunderbaren Jugendchor Proteus.
Es sollte für unter-21 Jahre sein, aber bis zur Zeit, als der Proteus 1979 sein Finale sang, waren mehrere von uns in unseren späten 20er Jahren - wir haben nur geweigert, den Chor aufzugeben.
Der Name "Proteus" (der mythologische Formwechseler) verkörperte die Bereitschaft des Chors und die Fähigkeit, alles zu tun, was ihm vorgestellt wurde, ob madrigal oder Messiaen, ob unbegleitet oder mit Vollorchester.
Die musikalische Vielseitigkeit, die ein solcher Jugendchor produzierte, war oft erstaunlich, immer spannend, und es war alles auf die Inspiration dieses einen Mannes und die Begeisterung für die Musik, die in den Jahren absolut konstant blieb.
Wie oft wurde uns von Tod gesagt, dass "die Musik für sich sprechen lasse".
Er sagte: "Der Komponist weiß, was er will.
Es ist alles in der Musik.
So singe es!"
Seine Batontechnik war absolut klar und präzise, obwohl nie diktatorisch, noch flüchtig.
Was auch immer der musikalische Standard, er hebte ihn immer noch höher.
John Frayn Turner schreibt:
Wenn ein Dirigent geritten worden wäre, war es Vernon Handley.
Ich kannte ihn in den beiden Jahrzehnten gut, von 1962 bis 1982 leitete er die Guildford Philharmonic.
In den vergangenen 40 Jahren habe ich mehr als 100 seiner Konzerte geprüft und kann ehrlich gesagt sagen, dass ich nie mit einem einzigen enttäuscht worden bin - und oft von ihnen inspiriert.
Tod Handley hatte diese seltene Kombination aus Größe und persönlicher Bescheidenheit.
Er hasste Dirigenten, die in seinen Worten einfach "einen oder zwei bekannte Kriegspferdchen auf der ganzen Welt" fanden.
Er wird von so vielen von uns vermisst werden.
William Woodruff
Professor John Beckett schreibt:
Ihr Geburtsort von William Woodruff (Sept 25) besagt, dass "im Jahre 1946 er die Wirtschaftsgeschichte in Oxford und 1950 wurde ein Houblon-Norman-Forschungsstipendium... während gleichzeitig studiert für ein BSc, ein MA und ein Doktorat".
Dies folgt aus Woodruffs Verfassernote in Beyond Nab End, aber es ist nicht richtig.
Von 1946 bis 1953 war er Dozent in der Wirtschaftsgeschichte an der Universität Nottingham, in der er eine Doktorarbeit über die britische Gummiindustrie absolvierte, die von Professor J. D. Chambers überwacht wurde und 1958 als The British Rubber Industry veröffentlicht wurde.
Er verbrachte 1950-51 in den USA eine Houblin-Norman-Stipendium, und den Sommer 1952 an den Universitäten von Illinois, Harvard und New York.
1953 verließ er Nottingham permanent nach Illinois.
Warum Woodruff sich für diesen Teil seiner Karriere entschieden hat, ist unbekannt.
J. Vincent Resino an der Fakultät für Philologie
"Ich empfehle die Ausstellung von José Vicente Resino "Flamenco y vida", weil seine schwarz-weißen Fotografien, die im Dokumentarstil aufgenommen wurden, außergewöhnlich sind.
Die Fotos zogen meine Aufmerksamkeit durch ihre Einfachheit und Kraft, die die Themen immer mit besonderer Aufmerksamkeit überträgt.
Eine Ausstellung, die tiefes Gefühl ausführt.
Resino ist in der Lage, magische Momente zu erfassen."
Zweiter Angriff auf Hondas Superverkauf
November wird Honda das Marketing der zweiten Jazz-Modellgeneration starten.
Wenn das vorhergehende Modell bereits von hoher Bewohnbarkeit geprägt war, hat dieser neue Minivan einen größeren Innenraum.
Darüber hinaus ist es mit einer feinen Mechanik ausgestattet, die den Fahrkomfort erhöht und es erlaubt, Kraftstoff zu sparen.
Evolution statt Revolution.
Dies ist Honda Jazz' zweite Generation.
Während ästhetisch der neue Jazz wie das bisherige Modell aussieht, sind Änderungen an der Minivan zahlreich.
Unter anderem lohnt es sich, sein innovatives Design, seine neue Plattform, größere Größe und ziemlich neue Mechanik aufzuzeigen.
Um das neue Modell zu analysieren, kann es jedenfalls nützlich sein, darauf hinzuweisen, dass dieser neue Jazz erst sechs Jahre nach dem Einstieg der ersten Generation kommt.
Daher sollte eine erste Beobachtung in Erwägung ziehen, dass Honda dieses Modell schneller erneuert hat als die anderen Unternehmen in der Regel.
Auch wenn das Jazz-Modell in Europa weniger bekannt ist als in anderen Märkten, bleibt es ein Phänomen in Bezug auf den Verkauf.
Dies ist der Fall von Japan, wo Jazz 2002 und auch in diesem Jahr 2008 das meistverkaufte Auto war.
Nur dort wurden fast eine Million von Jazz aus dem Modellstart verkauft.
Der zweite Markt war der Alte Kontinent, mit etwa einer halben Million Einheiten in sechs Jahren verkauft.
Trotz dieser Zahlen glaubt Honda, dass dieser neue Jazz noch mehr seinen Umsatz im Segment erhöhen wird.
Wenn also das japanische Unternehmen 2007 insgesamt 83.000 Einheiten dieses Modells verkaufte, wird es 2009 auf rund 100.000 Autos geschätzt. Dies sieht einen möglichen Umsatzanstieg von 17% auf dem europäischen Markt vor.
In Bezug auf den spanischen Markt verkauft Honda seit 2002 insgesamt 8.000 Stück Jazz, was 6,7 % des Gesamtumsatzes für das Unternehmen in Spanien entspricht.
Mit dem Kommen der neuen Generation erwartet die verantwortliche Firma in Spanien, dass innerhalb eines Jahres rund 2.000 Jazz-Einheiten verkauft werden.
Die Ankunft des neuen Honda Jazz wird es wahrscheinlich möglich machen, indem die Senkung der Verkäufe in Spanien zu einem großen Teil.
Tatsächlich erwarten die für die Marke verantwortlichen Personen, bis Ende des Jahres mit insgesamt 22.000 verkauften Einheiten zu gelangen, das entspricht 4.000 Einheiten weniger als im Jahr 2007, mit einem Rückgang von 16%.
Trotz des Umsatzzuwachs hat Honda auch seinen Marktanteil in Spanien erhöht und erreicht 1,8 % gegenüber dem Vorjahr 1,6 %.
Gleichzeitig erwartet das japanische Unternehmen die 2% im Jahr 2010 zu erreichen.
Um dies zu erreichen, ist Honda zuversichtlich in ein weiteres neues Modell seiner.
Dies ist Insight, ein Hybrid-Fünftür-Kompaktwagen, 4,37 Meter lang. Das japanische Unternehmen hofft, innerhalb eines Jahres rund 200.000 Einheiten dieses Modells weltweit zu verkaufen.
Nach den Märkten und Schätzungen der japanischen Hersteller wird der Verkauf von 50 % von Insight aus den Vereinigten Staaten stammen, während die restlichen 50 % aus dem Alten Kontinent und Japan stammen werden.
Der kommerzielle Start von Insight ist für Anfang nächsten Jahres geplant, kurz nach der Präsentation des Modells in der Firma im Januar in Valenza.
Im Vergleich zur ersten Generation ist der neue Jazz in seiner Gesamtheit gewachsen.
Er erreicht jetzt 3,90 Meter Länge (fünf Zentimeter mehr), 1,69 Meter Breite (zwei Zentimeter mehr) und seine Zwischenachse 2,50 Meter, mit einem Anstieg von fünf Zentimetern.
Seine Höhe von 1,52 Metern blieb immer noch unverändert.
Zusammen mit der Größe erhöhte sich ihr bewohnbares Interieur im Raum.
Dieser Vorteil kommt vor allem von der neuen Plattform, und zweitens von der Einführung des Kraftstofftanks in einem zentralen Standort, eine bereits im vorangegangenen Jazz adoptierte Lösung.
Darüber hinaus steigt die Kapazität des Stammes - ein doppeltes Untervolumen - auf 399 Liter, ein 19 Liter größeres Fassungsvermögen gegenüber der ersten Generation.
Zu beachten sind dies die Maßnahmen des Honda Jazz 1.4, während die Kapazität des Stammes im Modell 1.2 nur 379 Liter beträgt.
Andere Verbesserungen - neben externen Elementen, wie der hintere geführt oder die Möglichkeit, das Panoramaglas zu montieren - betreffen den besseren Zugang zu Rückensitzen.
Türen, die den Zugang zu hinteren Sitzen ermöglichen, jetzt mit einem Winkel von 80 Grad öffnen, verglichen mit 67 Grad im ersten Modell.
Darüber hinaus sind alle Motoren in dieser zweiten Generation ziemlich neu.
Zum Zeitpunkt der Vermarktung wird dieses kleine Modell mit einem Benzinmotor von 1,2 oder 1,4 Litern kommen.
Beide mechanische Systeme umfassen die i-VTEC-Technologie, die einen geringeren Kraftstoffverbrauch ermöglicht, weniger Kohlendioxidemissionen produziert, die mechanischen Veredelungen optimiert und gleichzeitig in allen Phasen hohe Drehmomentmotoren aufrechterhält.
Die 1,2 Liter-Version erreicht eine Leistung von 90 PS bei 6000 UpM mit einem maximalen Drehmoment von 114 Nm bei 4900 UpM.
Der Antrieb, der in früheren Jazz die 78 PS erreicht hat, benötigt nur 5,3 Liter Kraftstoff und produziert rund 125 Gramm CO2-Emissionen-Äquivalent.
Im Vergleich zum vorangegangenen Antrieb, das im ersten Generationsmodell 83 PS verwendet hat, kann der neue 100 PS nutzen.
Der 1,4 Jazz mit 100 PS erreicht eine Kombination von 5,4 Liter Kraftstoff und 128 Gramm CO2 emittiert.
Ein "Bee-Car" um Kollisionen zu vermeiden
Bei der Entwicklung der Technologien zur Verhütung von Unfällen wurde Nissan dieses Mal, von Natur aus, vor allem von Bienen inspiriert.
Das japanische Unternehmen hat einen Roboter geschaffen, der, im Nachahmen des Fluges der Bienen, Unfälle vermeiden kann.
Dies ist der Biomimetic Car Robot Drive, oder BR23C, der erste Schritt zur Projekttechnologie zur Verhütung von Kollisionen.
Die Ingenieure des Advanced Technical Centre of Nissan Motor Co. haben diesen kleinen Roboter in Zusammenarbeit mit dem Centre for Scientific Research and Technology der renommierten Universität Tokio in Japan entwickelt.
Laut Kazuhiro Doi, Generaldirektor der Public Relations for the Technology, Research and Development of Brand Management, ist das BR23C eine Erweiterung des Sicherheitsschilds der vier Bereiche, die von Nissan produziert wurden.
Dieser Roboter soll die Fähigkeit zur Verhinderung von Kollisionen in den Fahrzeugen des Unternehmens verbessern.
Während des Fluges schafft jede Biene einen eigenen ovalen persönlichen Raum, der sehr ähnlich dem von Nissan entwickelten Schild der Sicherheit ist.
Aber das wichtigste Element ist durch die zusammengesetzten Augen des Bienen, die in allen Richtungen mit einem zusätzlichen Winkel von 300 Grad sehen können, so dass das Insekt ohne Unterbrechung in seinem persönlichen Raum fliegen kann.
Um diese visuellen Funktionen neu zu erstellen, entwickelten Ingenieure, was sie definierten, einen Laserlocator (Laser Range Finder).
Dieser Mechanismus erkennt Hindernisse innerhalb von 2 Metern und einen Radius bis zu 180 Grad vor dem BR23C, berechnet den Abstand zum Objekt und sendet ein Signal an die Mikroprozessor an Bord, das sofort die Kollision verhindert.
"Bei der Erkennung eines Hindernisses imitiert der kleine Roboter die Bewegungen der Bienen und ändert die Richtung sofort, indem er die Räder in einem rechten oder breiteren Winkel dreht, um den Zusammenstoß zu vermeiden.
Der offensichtlichste Unterschied zu jedem bestehenden System ist seine ausweichende Wirkung, die total instinktiv ist.
"Wenn es nicht so wäre, wäre der Roboter nicht in der Lage, schnell genug zu reagieren, um Hindernisse zu vermeiden", erklärt Toshiyuki Andoh, Direktor des Labors für Mobilität und Chefingenieur dieses Projekts.
Im Gegensatz zu einer Biene kann der Roboter nicht nach oben oder nach unten abweichen, oder sogar diagonal. Er kann sich nur in zwei Dimensionen bewegen und in Richtung, auf die seine Räder sich wenden können. Offensichtlich kann er nicht unendlich Richtungen und Wege wie Bienen laufen.
Aus diesem Grund hat Nissan neben den Beschleunigungs- und Verzögerungsfunktionen eine Rotationsfunktion genutzt, damit der kleine Roboter Kollisionen vermeiden kann.
"Dieses Gerät muss nur alle wenigen Sekunden neue Informationen verarbeiten und aus diesen Daten handeln.
Es ist nicht erforderlich, Informationen zu speichern oder die intuitive Logik der vorherigen Manövrier zu verwenden. Aus diesem Grund kann es ohne Unterbrechung gehen, die nur durch ein paar Dutzend KB Speicher geliefert wird.
Das mag überraschen, aber wir sprechen nicht von Gigabytes oder Mega of Memory."
Dies ist der erste Schritt zur Entwicklung neuer Technologien zur Verhütung von Kollisionen, eine Technologie, die Nissan Hoffnungen in Autos als Standard-Funktion innerhalb von zehn Jahren eingeführt werden.
Der Roboter verwendet Lithium-Polymer-Batterien, die leichter und langlebiger sind als die Lithium-Ionen-Typologie.
Eine zusätzliche Anwendung in Zukunft könnte die Integration dieser Technologie mit dem GPS-Satellit-Navigator sein, um den Fahrer zu einem bestimmten Ziel zu bringen und Hindernisse auf dem Weg zu vermeiden.
Schütteln Sie, bevor Sie einen Kredit beantragen
Wir müssen anerkennen, dass das Ministerium für Schatzwesen der Vereinigten Staaten, die recht gute Kapitale besitzen, sicherlich nicht mangelt an Talenten.
Um die Krise zu bewältigen und zu verhindern, dass die Amerikaner mit Müllkrediten von Banken unter Zweifel an Insolvenz betrogen werden, erstellt ein Spaß-und Bildungsspiel für Internetnutzer. Dies ist "Bad Credit Hotel".
Mit anderen Worten, das "Hotel der schlechten Kredite"... oder der Probleme.
Der düstere Aspekt dieses Hotels und insbesondere seiner Rezeptionist zielt darauf ab, Menschen dazu zu zwingen, nicht nur einmal sondern zweimal oder sogar dreimal nachzudenken, bevor sie einen Kredit beantragen.
Und vor allem, ziemlich sorgfältig darüber nachzudenken, wo die Bewerbung für sie. Dies ist wahrscheinlich das Spiel primäres Ziel.
Natürlich bietet dieses System mehrere nützliche Informationen, aber bietet eher wenige Details.
Es ist viel mehr eine Webseite für Teenager als eine Website für die breite Öffentlichkeit.
Was passiert, wenn Sie das Spiel beenden?
Nun, ein Traumraum erscheint im Hotel.
Es ist immer noch etwas, weil es besser ist, ein Haus zu kaufen, um es zu verlassen.
Morgan Stanley eröffnete seine Hauptstadt bei MUFG
Morgan Stanley hat seinen Eintritt zu der Tabelle Runde von Mitsubishi UFJ Financial Group (MUFG), die erste Bank von Japan, die neun Milliarden Dollar ausgeben, um 21% von ihrem Kapital zu erhalten, Nachrichten, die durch einen scharfen Rückgang der Aktienpreise erhalten.
Eine Woche nach der Offenlegung einer vorläufigen Vereinbarung haben die beiden Banken erklärt, dass MUFG 9,9% von Morgan Stanley Aktien zu einem Preis von 25,25 Dollar kaufen würde, insgesamt drei Milliarden Dollar.
Der Verkaufspreis beträgt am 31. August weniger als 19% des Wertes der Wertpapiere.
MUFG wird einen zusätzlichen sechs Milliarden Dollar in den Erwerb von Wandeltiteln investieren, die einen gesicherten Ertrag von 10% und mit einem Umrechnungspreis von 31.25 Dollar bieten.
Morgan Stanley bestätigte, dass der Gesamtbetrieb auf einem durchschnittlichen Stückpreis von 29 Dollar oder 28% über seinem aktuellen Preis beruhen würde.
Allerdings, Morgan Stanley Aktien verloren 6,79% bis 23,07 Dollar um 17:00 GMT.
"Diese strategische Allianz bietet eine wichtige Gelegenheit, den Übergang von Morgan Stanley zum Status der Holding Bank zu beschleunigen", sagte John Mack, CEO der amerikanischen Gruppe.
Morgan Stanley hat in der vergangenen Woche diesen neuen Status angenommen, der es ihm ermöglichen sollte, seine Aktivitäten zu diversifizieren, aber er muss durch die Autorität der Federal Reserve gehen.
Seine Allianz mit der MUFG bestätigt auch, dass die derzeitige Finanzkrise die größten Namen auf der Wall Street zwang, eine viel vorsichtigere Haltung zu übernehmen als zuvor.
Die am Montag vorgestellten Modalitäten zeigen, dass das Abkommen in den letzten Tagen geändert wurde: Morgan hatte gerade angekündigt, dass es bis zu 20% seiner Aktien an die Japaner für ca. 8,5 Milliarden $ verkaufen würde.
"Vor einer Woche, erklärte Toshihide Mizuno, Geschäftsführer der MUFG in Tokio", dachten wir, dass die Teilnahme vollständig aus gewöhnlichen Aktien bestehen würde.
Doch angesichts des aktuellen Zustandes der Wirtschaft und des Marktes hatten wir gehofft, die Risiken zu minimieren und unseren Rücken zu schützen."
Basierend auf dem gewichteten Durchschnittspreis wird MUFG für seine Morgan Stanley Wertpapiere 7% unter ihrem Buchwert zahlen.
Und die Transaktion wird zu einer Verdünnung von rund 20% Erträgen pro Aktie führen.
Die Vereinbarung sieht vor, dass MUFG jährlich die Hälfte ihrer bevorzugten Wertpapiere in Stammaktien umwandeln kann, wenn diese über 50 % über den Umrechnungspreis, etwa 47 $ für einen bestimmten Zeitraum, gehandelt haben.
Morgan Stanley versichert, dass das von MUFG bereitgestellte Kapital es ermöglicht, Investitionschancen zu nutzen, seine Bilanz zu stärken und seine Liquidität zu erhöhen.
Ein Sprecher der Gruppe weigerte sich jedoch, Details über die strategischen Projekte der beiden neuen Verbündeten zu geben.
Nach der Investition von MUFG prognostiziert Morgan Stanley ein Kapitalverhältnis Tier Eins von rund 15%, eines der besten in der Branche.
Morgan sagte, dass "bedeutend" seine Bilanz seit Ende August reduziert haben.
Die letzten Wochen waren für die Gruppe schwierig, die sahen, dass die Hälfte ihres Aktienkurses verschmolzen, während die Versicherungskosten gegen das Risiko einer Verzug auf ihre Schulden stiegen.
Diese Kosten reduzierten sich am Montag, blieben aber auf einem neuen hohen Niveau, etwa 12%.
Letzte Woche gab Goldman Sachs, die einzige überlebende große Investmentbank an der Wall Street nach dem Konkurs von Bear Stearns und Lehman Brothers und Merrill Lynch bekannt, dass es $ 15 Milliarden, teilweise aus Berkshire Hathaway, die Gruppe von Warren Buffett.
Rafael Correa in Quito am Montag.
Erneuern um die Republik des 20. Jahrhunderts Sozialismus.
Dies ist das gemeinsame Projekt der venezolanischen Hugo Chávez, Evo Morales of Bolivia, und der Ecuadorian Rafael Correa.
Der Sonntag, wie seine Kollegen und Freunde, ist der dritte, der einen Entwurf für eine neue Verfassung ablehnt.
Mission durchgeführt seit 64% der Wähler stimmte "ja" zum Referendum, nach offiziellen Ergebnissen auf der Grundlage 80% der Stimmen.
Basierend auf diesen Ergebnissen bekamen die "Nein" 28%, 7% der Stimmen waren ungültig und 0,7% waren leere Stimmen.
Damit der Verfassungsentwurf verabschiedet wird, sollte er die Hälfte der Stimmen plus 1 erhalten.
Sonntag, zwei Umfragen außerhalb der Umfragestationen durchgeführt und eine nichtstaatliche Organisation hatte einen großen Sieg für das "Ja" der Reichweite zwischen 63% und 70% angekündigt.
Rafael Correa hatte in der Nacht von Sonntag bis Montag den Sieg seines Konstitutionsentwurfs behauptet.
Die "Constitution hat so überwältigend triumphiert", versicherte er und lobte die Ecuadorianer in der Regierungszentrale in Guayaquil, 280 km südwestlich von Quito.
Natürlich wurde Rafael Correa von Chavez und Morales, aber auch von seinem chilenischen Amtskollegen Michelle Bachelet gratuliert.
Die Umfrage, die friedlich unter der Kontrolle der Organisation der amerikanischen Staaten (OAS) durchgeführt wurde, umfasste in ihrem Text 444 Punkte, die den "neuen Sozialismus" festigen, der vom Präsidenten befürwortet wurde.
Der Verfassungsentwurf verkörpert die Macht des Staates über die Wirtschaft, indem er ihn die "Entwicklungsplanung" eines vor allem aus der Gewinnung von Öl durch ausländische Unternehmen lebenden Landes und das ausländische Geld, das sie ihren Emigranten zusenden.
Ausgegraben von Correa, 2006 gewählt, bietet das Projekt auch dem Staatschef größere Befugnisse, die bis zu zwei aufeinanderfolgenden Bedingungen von vier Jahren führen können und in der Lage sein, die Versammlung zu lösen.
Correa hat bereits angekündigt, dass er diese Macht im Februar 2009 nutzen wird, um ein neues Mandat zu suchen.
Die Verfassung konsolidiert auch den Grundsatz der freien Gesundheitsdienste und Bildung, die der Präsident in diesem Land von 13,9 Millionen Einwohnern gegründet hat, wo 50% der Bevölkerung unterhalb der Armutsgrenze lebt.
Es sieht auch das Verbot der Anwesenheit ausländischer Truppen vor, die die Vereinbarung zwischen Quito und Washington für die Verwendung von Ecuador als Startbasis für US-Antirug Operationen beenden werden.
Die 19 Geiseln wurden in Tschad freigelassen
Ein ägyptisches Kommandoteam hat einen Angriff gegen die Entführer der elf Touristen und ihre acht Eskorten vor zehn Tagen gefangen genommen.
Sie sind in Kairo.
Die elf europäischen Touristen und ihre acht ägyptischen Eskorten, die zehn Tage lang in der Wüste gefangen gehalten wurden, wurden am Montagnachmittag in die ägyptische Hauptstadt zurückgebracht.
Am Morgen wurden sie von einem ägyptischen Kommando in Tschad freigelassen.
Anscheinend kamen die Geiseln etwa 1530 Stunden an Bord eines speziellen Flugzeugs an der Militärbasis von al-Maza an, das dem internationalen Flughafen Kairos beigefügt war.
Sie wurden sofort übertragen, ohne in der Lage zu sein, mit der Presse zu sprechen, per Helikopter zum Krankenhaus in Maadi, einem Wohnort von Kairo, um Prüfungen zu unterzogen.
Sie befinden sich in "guter Gesundheit", und "kein Lösegeld wurde an die Kapitäne bezahlt", erklärte der ägyptische Minister für Tourismus, Zoheir Garanna, auf dem Tarmac.
Diese Gruppe von Geiseln wurde am 19. September in einem 4x4 am Fuße des Berges Ouanat an den Grenzen mit Ägypten, Sudan und Libyen von einem Versteck zu einem anderen von 35 unbekannten Entführern herumgeschüttet.
Es umfasst 11 Touristen - fünf Italiener, fünf Deutsche und eine rumänische - und auch acht Ägypter: zwei Führer, vier Fahrer, ein Grenzschutz und der Direktor der Agentur Aegyptous, Organisator der Safari.
Ein ägyptischer Sicherheitsbeamter sagte, dass 30 Mitglieder der Sonderkräfte, an Bord von zwei Hubschraubern getragen, den Angriff in der Nacht vor Morgengrauen gestartet hatten.
"Ein Feueraustausch folgte, und die Hälfte der Entführer wurden getötet, die andere Hälfte floh", sagte der Beamte, der um Anonymität ersuchte.
Er sagte, dass 150 Mitglieder der ägyptischen Sonderkräfte "Rapid Response" Einheit ins Sudan als Ganze geschickt wurden, wo sie Unterstützung von deutschen und italienischen Kommandos erhielten.
Der Leiter des italienischen diplomatischen Korps Franco Frattini in Belgrad, wo er derzeit ist, erwähnte die Rolle der italienischen Geheimagenten und Elemente der Sonderkräfte.
"Wir müssen erkennen, dass wir dieses Ergebnis durch den Professionalismus und die Effektivität unserer Männer aus den geheimen Diensten von den Sonderkräften erreicht haben", sagte er, ohne weitere Details.
Er weigerte sich auch, ein Lösegeld zu zahlen.
Am Vortag hatte die sudanesische Armee behauptet, ein 4x4 Patrouillenfahrzeug an Bord abgefangen zu haben, davon waren die Kapitäne, sechs zu töten, einschließlich des tschadischen Kopfes, und zwei festgenommen.
Die Armee behauptete, sie seien mit einer Rebellengruppe in Darfur verbunden, der Sudan Liberation Movement-Unitedy (SLA-U), etwas, das diese Bewegung sofort verweigert hat.
Briefe - Die schweigende Mehrheit der Kultur
Eine Debatte über die Finanzierung der Kultur hat die Schlagzeilen gemacht und diese Wahlkampagne vertieft.
Gut.
Aber ein Sektor unseres kulturellen Lebens bleibt immer vergessen.
Wer wird dazu kommen, das Elend, das den kleinen Museen, Archiven, archäologischen oder nationalen historischen Stätten gewährt wird, zu verurteilen, die nach der Finanzierung hungern?
Welcher Politiker wagt die Bundesregierung daran zu erinnern, dass sie ihre Denkmäler und Kulturgebäude vernachlässigt?
In Quebec, Kanada, haben wir keine echten Gesetze, die unser Erbe effektiv bewahren?
Wussten Sie, dass die französische Regierung nur dreieinhalb Millionen Euro für die Restaurierung des Schlosses von Chinon im Loire Valley verehrt?
Unsere amerikanischen Nachbarn haben in der Verfassung ihres Landes geschrieben, dass der Erbeschutz Teil der amerikanischen Kultur ist und dass dieses Erbe von allen Bürgern, allen gewählten und allen Regierungsbehörden geschützt werden muss, und das, in Zusammenarbeit.
In Quebec beschäftigt sich der Verein der Gesellschaften der Quebecer Geschichte mit mindestens 40.000 Freiwilligen, die in 211 Agenturen für Geschichte, Erbe, Archive und Genealogie zusammengefasst wurden, mit der Erforschung der Geschichte, der Erhaltung, der Erhaltung von wenigen Geldern, der Haufen privater Archive und der Erhaltung der archäologischen Überreste.
Sie sind oft die Wachhunde unseres Erbes, die mit der Energie der Verzweiflung protestieren, wenn Entwickler und Konstruktoren ihre Bulldozer gegen unsere alten Gebäude und unsere vergessenen Friedhöfe lancieren.
Wann wird es ein Forum für Geschichte und Erbe geben?
Fortis Bank teilweise von Benelux-Regierungen nationalisiert
Benelux-Staaten helfen Fortis, die belgische-Niederlande-Bank - das erste europäische Finanzinstitut in Schwierigkeiten wegen der Folgewirkung der amerikanischen Kreditkrise - durch einen Teilstaatskauf. Die drei Länder haben vereinbart, 11,2 Milliarden Euro in das Bank- und Versicherungsunternehmen mit ungarischen Interessen einzuspritzen.
Ende dieser Woche haben die belgischen, die luxemburgischen und die niederländischen Regierungen diese Frage auf höchstem Niveau konsultiert, unter Einbeziehung des Präsidenten der Europäischen Zentralbank und des Wettbewerbskommissars der Europäischen Kommission.
In der Euro-Zone ist Fortis die erste Bank, die in den letzten 12 Monaten von der internationalen Finanzkrise getroffen wird, die in Wellen ankommt. So können die getroffenen Entscheidungen aus gewisser Sicht als Präzedenzfall angesehen werden.
Nach der Entscheidung, die am Sonntagabend getroffen wurde, wird jede Regierung 49 Prozent an Fortis-Banken in ihren jeweiligen Ländern beteiligen.
Die Bank wird sicherlich einen Teil ihrer Beteiligungen verkaufen, insbesondere die Versicherungsaktivitäten, die sie im vergangenen Jahr von der niederländischen ABN Amro erworben hat.
Fortis-Aktien begannen letzte Woche tief zu stürzen, dann erschienen im zweiten Teil der Woche Anzeichen einer schweren Krise im Unternehmen.
Analysten sind sich einig, dass die Bank mit ihren 85 000 Mitarbeitern zu groß ist, um bankrott gehen zu dürfen.
Die Anteile der Bank sind am Freitag um 12% gesunken, was das niedrigste Niveau für 14 Jahre ist.
Der Wert der Aktien ist seit Januar um zwei Drittel gesunken.
In Anbetracht der aktuellen Aktienpreise beträgt der gesamte Marktkapitalwert der Gruppe rund 14 Milliarden Euro. Allerdings spiegelt Unternehmensdirektoren dies nicht die Realität wider.
Das Management verschuldet die Unsicherheiten in Übersee - die mit der Annahme des amerikanischen Pakets von 700 Milliarden US-Dollar verbunden sind - für den Rückgang der Fortis-Aktien.
Die Bestände zeigten am Montag einen leichten Anstieg.
Filip Dierckx wurde am Freitag zum neuen Vorstandsvorsitzenden der Bank ernannt.
Das Finanzinstitut suchte auch Privatkäufer, aber bisher wurde kein materielles Angebot angeboten.
Die belgische Regierung erklärte früher, die Investoren hätten keinen Grund, sich Sorgen zu machen, sie würden ihr Geld nicht verlieren.
Keine Panik ist bisher unter den Kunden der Bank entstanden; kein Bankrausch hat stattgefunden.
Fortis verfügt über eine eigene Bankanlage in Ungarn und hat auch Leasinggesellschaften gekauft.
Fox im Henhouse
Die amerikanischen Lebens- und Krankenversicherungen weigern sich oft, Versicherungen an einige Bürger zu verkaufen, aufgrund ihrer Drogenkauf Daten.
Datenschutzexperten befürchten, dass der Datenmarkt unkontrollierbar wird.
"Es gibt ein Datenschutzprogramm, das die Erlaubnis der betroffenen Person erfordert, um die verschreibungspflichtigen Drogendaten zu verwenden.
Es sollte unabhängig sein, sonst wird der Fuchs das Hahnhaus behüten", zitiert The Washington Post Richard Dick, Entwickler des Programms, das für die Aufverfolgung von Medikamentenverschreibungen gilt.
Versicherungsgesellschaften entscheiden über die Versicherungsgebühr und den zu zahlenden Betrag im Falle von Schäden je nach Gesundheitszustand des Kunden, und wenn sie es für zu riskant halten, bieten sie keine Versicherung.
Die Kunden, die sich für die Durchführung einer medizinischen Untersuchung eingesetzt hatten, wurden nach den Screening-Ergebnissen abgeschlossen.
Dick entwickelte vor zehn Jahren eine viel billigere Methode: Auf der Basis der Kundenkennnummer kann die Art der Medikamente, die der Kunde in den letzten 18 Monaten gekauft hat, leicht erkannt werden, so dass das Programm die Folgen für die Krankheiten selbst ziehen kann, die der Antragsteller erleidet, sowie deren Gesundheitszustand.
Beispielsweise bezieht sich der Fall des regelmäßigen Kaufs von großen Dosen von Cholesterin-Reduzierenden Medikamenten praktisch auf die Tatsache, dass der Kunde hat untreatbar hohen Blutfettniveau, wodurch diese Person sofort auf eine höhere Risikokategorie.
Das Programm hat verschiedene Versionen im Handel, einige von ihnen definieren sogar den Risikofaktor, so dass die Versicherungsgesellschaft nichts anderes zu tun hat, als die Papierarbeit, obwohl kleinere Schwierigkeiten entstehen.
Einer der Nachteile ist die Tatsache, dass einige Medikamente für mehrere Zwecke verwendet werden können, z.B. einige medizinische Formel ist es, Migräne, Wärmewellen oder sogar Depressionen zu behandeln.
Letzteres ist aus Sicht der Unternehmensversicherer ein erheblicher Risikozuwachs, während die anderen beiden nicht.
Es gibt bestimmte Unternehmen, die sich mit dem Erwerb und der Verarbeitung von Daten befassen, und sie verlangen die Erlaubnis des Patienten, bevor sie die notwendigen Informationen von den Apotheken erwerben.
Sie sind bereits verpflichtet, dies zu tun, obwohl ihre früheren Misserfolge nicht bestraft worden sind.
Einige Unternehmen verarbeiten sogar die Ergebnisse von Laboruntersuchungen und verbinden diese mit Drogenkonsumdaten. Auf diese Weise können sie genauere Informationen über den Gesundheitszustand der Patienten liefern.
Immer mehr Unternehmen erhalten Zugang zu den Daten und gleichzeitig wird die Kontrolle über ihre Nutzung immer schwieriger.
Es gibt einen spezifischen Rechtsakt zum Schutz von Gesundheitsdaten, aber sein Anwendungsbereich umfasst nur Krankenpflege-Anbieter und Versicherungsunternehmen.
Das Gesetz über die Bereitstellung von Inspektionsbefugnis für die Behörden über Unternehmen, die sich mit der Datenerbringung befassen, wurde dem Kongress vorgelegt.
Dick Richard erkennt, dass es nicht ausreicht: Deshalb hat er sein Programm weiter entwickelt, was nun die Datenübertragung in Bezug auf die Notwendigkeit der ausdrücklichen Zustimmung der betroffenen Person einschränken würde.
Eine weitere Frage ist jedoch, dass der Anmelder die Zustimmung nicht wirklich verweigern kann, sonst werden die Versicherungsgesellschaften keinen Vertrag mit ihnen schließen.
So wird Hennen, in gewisser Weise, weiterhin von der Wohltätigkeit des Fuchs abhängen.
Menü „Global Marseille“
Europäische Union und Indien verdoppelt Handel
Da die Europäische Union und Indien voneinander führende Handelspartner sind, wurde die Tagesordnung des neunten Gipfeltreffens neben anderen, vor allem globalen, Problemen auch von diesem Thema dominiert.
Heute wird auch ein Frankreich-Indien-Gipfel stattfinden, insbesondere in Bezug auf die Zusammenarbeit mit der Kernenergie.
Obwohl die Europäische Union anerkennt, dass Indien eine aufstrebende demokratische Weltmacht ist, die in internationalen Angelegenheiten stärker zugestanden werden sollte, konnten die Mitgliedstaaten noch nicht zu einer Vereinbarung kommen, ob sie die ständige Mitgliedschaft von Neu Delhi im UN-Sicherheitsrat unterstützen oder nicht.
So wurde diese Angelegenheit nicht während des neunten Gipfeltreffens, gestern in Marseille organisiert.
Der französische Präsident Nicolas Sarkozy als Rotationspräsident der Union, Ausschusspräsident José Manuel Barroso und Außenpolitik Chief Javier Solana begrüßte den indischen Ministerpräsidenten Manmohan Singh und stimmte zu, zu verdoppeln, d.h. zu mehr als 100 Milliarden Euro, dem Handelsstrom in 5 Jahren.
Da zwischen 2000 und 2007 der Warenaustausch von 25 Milliarden auf 55 Milliarden angehoben wurde, ist dies kein zu ehrgeiziges Ziel.
Dementsprechend wurden 26 bestehende bilaterale Zivilluftfahrtübereinkommen mit Indien rechtlich harmonisiert, was bedeutet, dass der Luftverkehr in Zukunft flügeln kann.
Indien will das Freihandelsabkommen mit der Union bis Ende 2009 unterzeichnen.
Sarkozy versprach, die Harmonisierung zu beschleunigen.
Ziel ist es, das Gleichgewicht zu finden, während Indien die Nummer eins Handelspartner der EU ist, gleichzeitig hat Neu Delhi nur den neunten Platz auf der Liste der EU-Partner.
Der Gipfel konzentrierte sich auf globale Fragen:
Zur Lage in Afghanistan und Pakistan sowie zum Terrorismus. Letztere wurde in jeder Form von beiden Parteien verurteilt und die UN-Konferenz befürwortet.
Die Fertigstellung der Doha-Handelsrunde wurde ebenfalls beschleunigt, obwohl beide Parteien bisher für das Fiasco verantwortlich sind.
Die EU bestätigte, ihr Energie- und Klimaprogramm aufrechtzuerhalten, was bedeutet, die Absicht zu haben, die Luftschadstoffe bis 2020 um mindestens 20 Prozent zu senken.
Indien stimmte damit überein, ebenso wie mit dem Ziel, auf der kommenden Klimakonferenz eine globale Vereinbarung zu erreichen und bis 2050 die Treibhausgasemissionen um 50 Prozent zu senken.
Ein weiteres Ziel war die Verhinderung des Wachstums der Lebensmittelpreise und die Forderung nach einer internationalen Konferenz zur Überprüfung der Finanzkrise.
Der indische Ministerpräsident geht heute zu einem bilateralen Treffen im französischen Kapital, wo er eine Vereinbarung über die friedliche Nutzung der Kernenergie abschließen will.
Paris erwartet, dass französische Unternehmen Aufträge vergeben werden, um Atomreaktoren in Indien in einem Wert von 20 Milliarden Euro zu bauen.
Nach Angaben der Nachrichtenagentur wäre die Vereinbarung für 15 Jahre in Kraft.
Über dreihundert italienische Redakteure in Frankfurt
Starke Präsenz der italienischen Redakteure auf der Internationalen Buchmesse in Frankfurt.
Mehr als dreihundert wird die italienische Redaktion zum sechzigsten Jahrestag der Buchmesse sein, die wichtigste internationale Veranstaltung für den Austausch von Urheberrechten.
Die Internationale Buchmesse in Frankfurt erwartet zu diesem Anlass über siebentausend Aussteller aus 101 verschiedenen Ländern, die die 171 790 Meter große Messe mit über 403 Tausend Titeln besetzen werden, und die Türkei wird Ehrengast sein.
Francesco Maria Giro, der Untersekretär für Kulturerbe und Aktivitäten Ministerium wird die italienische Regierung bei der Eröffnungszeremonie des italienischen Pavillons vertreten: Italien wird in der Tat als Institution mit einem italienischen Stand - 264 Meter quadratischem Ausstellungsraum vertreten sein.
Nachfolgend die Pressekonferenz im Saal Struktur von Pavillon 5.0 der Buchmesse: Hier werden Zahlen, Trends und ein Blick auf den Stand der italienischen Verlagsindustrie vorgestellt.
Nach den Daten, gibt es eine zunehmende Bedeutung von Büchern von ausländischen Autoren in der italienischen Produktion, insbesondere in der für Erwachsene und Kinder.
Gefunden das Flugzeug von Steve Fossett der Millionär verschwand vor einem Jahr
Das Wrack des Flugzeuges von Steve Fossett, dem Millionär, der am 3. September 2007 verschwand, während er über die Wüste Nevada flog, wurde gefunden.
Das Wrack wurde auf einer Höhe von 3000 Metern auf einem Plateau gefunden, im Sierra Nevada-Gebiet von Mammoth Lakes, an der Grenze zwischen Kalifornien und Nevada.
Im Flugzeug gab es jedoch keine menschlichen Überreste.
Der Sheriff der Madera County, John Anderson, hat alle noch bestehenden Zweifel aufgehoben: "Das Flugzeug ist angesiedelt, wir haben ein Team geschickt, und jetzt haben wir die Bestätigung, dass es diejenige ist, auf der Steve Follett am Tag, an dem er verschwunden ist, flog" sagte er in einer Pressekonferenz.
Danach wies der Sheriff darauf hin, dass weder auf der Ebene noch in der Umgebung menschliche Überreste gefunden wurden.
Der 63-jährige Millionär wurde im Februar für Tote aufgegeben.
Das amerikanische National Transport Safety Bureau (NTSB) berichtete, dass einige Stunden nach dem Wrack ein Forscherteam entsandt wurde, das dann das Flugzeug identifizierte: Es ist das Bellanca 8KCAB, das seit dem 3. September 2007 fehlt, als Fossett drei Stunden lang aus Yerington in Nevada flog.
Gestern, immer in Kalifornien, nicht weit von der Grenze zu Nevada, wurden einige persönliche Effekte von einem Paar in der Nähe ihres Hauses in Mammoth Lakes gefunden.
Die Artikel sind zwei Dokumente im Namen von Fossett, die sowohl von der Federal Aviation Administration von Illinois, einige Bargeld und ein Sweatshirt ausgestellt wurden.
Die Suche nach Fossett wurde einen Monat nachdem er verschwunden war, abgerufen.
Der Millionär hatte sich dank einer Reihe von Weltrekorden einen Platz in der Geschichte gewonnen.
2002 wurde er mit seinem sechsten Versuch der erste Mann, der die Weltreise in einem heißen Luftballon abrundete: ein zweiwöchiger Soloflug.
Drei Jahre später machte er die Weltreise mit dem Flugzeug ohne Landung.
Unter seinen vielen Aufzeichnungen fliegen auch auf 15.445 Metern, über den Anden, aber mit einem Co-Pilot.
GLK, die Werbung, die Sie nicht erwartet
Ein SUV, der außerhalb der Normen mit einem originalen Design definiert durch entscheidende Linien, reichlich Oberflächen und saubere Schnitte.
Kurz gesagt, das ist GLK, die neueste Ergänzung zu den "kompakten" Offroad-Fahrzeugen des Sternenherstellers, mit dem Mercedes-Benz versucht hat, frische Luft in diese Branche einzuatmen.
Die Botschaft, die den Start des GLK SUV begleitet, ist, weil seine Merkmale nicht den traditionellen Normen entsprechen, auch unkonventionell und unkonventionell, es wird ab dem 17. Oktober in Mercedes-Benz Showrooms erhältlich sein.
So wird die Werbekampagne, die das Debüt des neuen Fahrzeugs begleiten wird, eine neue Kommunikationsmethode starten, die auch eine futuristische Kampagne von 3D Billboards umfasst, die erstmals in Italien von einer Automarke verwendet wird.
Ein Projekt von großen Billboards, in drei verschiedenen Phasen in Bewegung gesetzt, die die zentralste Mailänder Einkaufsstraße, Corso Como, bis zum 15. November dominieren werden.
Die erste Phase dieser neuen Art der Kommunikation wird mit einer Präsentation des Autos in stereoskopischer Vision beginnen, und durch spezielle Gläser verteilt in der Nachbarschaft von Corso Como wird es möglich sein, das neue SUV in wahrer Größe und 3D Format zu sehen.
In der Tat, Blick auf das Bild wird man die Sensation, die das Auto aus dem Poster ausstrahlt bekommen.
Anschließend werden durch den Einsatz der innovativen Technologie Elumina 8 alle Details des neuen GLK zu verschiedenen Zeiten beleuchtet und dann als einzelnes Bild neu komponiert.
Ohne Zweifel versucht Mercedes durch diese Werbung, etwas Neues in das konventionelle Fachgebiet der Automobilwerbung einzubeziehen.
Wird es mit dieser Formel erfolgreich sein, das Interesse der zukünftigen Käufer zu provozieren? Wir werden sehen.
Hier ist, wer die italienischen Hooligane sind
der Tri-Veneto, die von der Teilnahme von Sportanlagen (Daspo) verboten werden könnten.
Aber wer sind diese 150-200 Menschen, von denen Italien sich jetzt schämt? Sie sind Teil der Gruppe "Ultras Italia", die seit Jahren die Nationalfußballmannschaft unterstützt und bisher, die Wahrheit bekannt ist, nie große Probleme verursacht hat.
Es hat auch nie mit gegnerischen Fans zusammengestoßen.
Die Extraktion der Gruppe ist richtig.
Die Promotor sind von Tri-Veneto.
Aus Verona, Padua, Triest und Udine.
Diese wurden von einigen kleinen Gruppen (in Wirklichkeit, sehr wenige Mitglieder) aus Campagnia und Puglia beigefügt.
Sie haben dreifarbige Flaggen mit der Herkunftsstadt der Militanten auf ihnen: am Samstag wurden diese abgenommen, damit sie nicht identifiziert werden konnten.
Sie nehmen ihre Ideen von englischen Fans auf.
In Bulgarien fanden sie Unterstützer, die echte Nazis waren, die Levski Gruppe.
Die FIGC hatte den italienischen Fans 144 Tickets für das Spiel zur Verfügung gestellt: alle persönlichen, damit leicht zu überprüfen.
Und das Innenministerium in Viminale hatte sie in der Tat alle überprüft: Unter diesen Gruppen, die nach Sofia gingen, war keiner verboten worden, um ein Stadion zu besuchen.
Vier italienische Unterstützer, die frühere Stadion-bezogene Verbrechen hatten, waren tatsächlich Tickets verweigert worden und blieben nicht unterwegs.
Nun wartet das Innenministerium darauf, die amtlichen Aufzeichnungen lesen zu können, die von der bulgarischen Polizei ankommen sollten, bevor sie Maßnahmen ergreifen: In diesem Fall ist es möglich, mindestens fünf Jahre lang die Unterstützer zu verbieten, die während der Störungen verhaftet wurden oder diejenigen, die identifiziert wurden.
Eine internationale Verbannung, die die Teilnahme von nicht nur Stadien in Italien, sondern auch in ganz Europa verbietet.
Unsere Hooligane, kurz gesagt, würden nicht ein weiteres Stadion betreten.
Glücklicherweise.
Nun aber gibt es Angst vor der Emulation: Das ist, dass andere zu diesem wenig mehr als hundertfünfzig gehören.
"Wir müssen diese Verstoßung sofort ausstellen und die, die sich auf diese Weise verhalten, nicht legitimieren", behaupten die beim Ministerium in Viminale.
So, "Augen weit offen vor allem, da es die Nationalmannschaft am Mittwoch in Lecce spielen".
In Puglia gibt es tatsächlich einen kleinen Kern der Ultras Italia Unterstützer.
Morgen trifft die Sternwarte, am Dienstag die CASMS, die auf einen Abschnitt der AISE zählen können, das ist der geheime Dienst, der genau die Probleme in Stadien behandelt.
"Der Chor Duce-Duce und der Arm streckten sich während der Mameli-Monte? In Bulgarien ist es kein Verbrechen..."
Dies sind die Gedanken (ausgedrückt von großer Enttäuschung) von Domenico Mazzilli, der seit einigen Wochen ist der Direktor der Sternwarte der Viminale (er erreichte den Beitrag, der ursprünglich von Francesco Tagliente und dann von Felice Ferlizzi gehalten wurde).
Zuvor war Mazzilli Leiter der Polizeiverwaltung in Trieste, wo es einen Kern von Unterstützern von Ultras Italia, 2002 gegründet.
Es stimmt, sagt Mazzilli, dass es in Bulgarien kein Verbrechen ist, den Duce zu singen, aber sicherlich das Verhalten dieser 150-200 Fans ist schämend gewesen.
"Ich bin kein Soziologe - fügt die n.1 der Beobachtungsstelle hinzu - das Verbrechen sollte in dem Land, in dem der Vorfall eintritt, zugerechnet werden.
Bis jetzt ist diese Gruppe in den Zeilen geblieben, jetzt werden wir sehen, was tatsächlich passiert ist und wir werden sie für zukünftige Referenz bewerten.
Aber wir reden auch über das Whistling mit dem Mameli-Anem: Das ist auch kein Verbrechen in Bulgarien, aber, wenn ich sagen darf, es ist keine gute Art und Weise ...".
