Les populistes de droite triomphent en Autriche, ont au total 29 pour cent
Selon les premiers résultats préliminaires des premières élections du parlement autrichien, les deux partis de l'actuelle grande coalition ont entraîné un affaiblissement perceptible et un élan important pour les partis populistes de droite.
Le Parti populaire autrichien (ÖVP), où la position de l'actuel chef, Wilhelm Molter, est gravement arrachée, a subi des pertes particulièrement importantes.
À l'inverse, le chef de la campagne de l'Alliance pour l'avenir de l'Autriche (BZÖ), le gouverneur carinthien Jörg Haider, prépare un retour triomphant à la politique nationale.
Selon les résultats préliminaires, le Parti social-démocrate (SPÖ) reste le plus fort du pays avec 29,8 % des voix, mais il a perdu 5,5 % des voix depuis les dernières élections de 2006.
ÖVP, qui avec ses 25,6 % perd près de neuf pour cent des voix, a fait encore pire.
Ce sont les pires résultats des deux grands partis de l'histoire autrichienne de l'après-guerre, et en particulier pour le Parti populaire, qui a exhorté les premières élections, c'est littéralement un résultat catastrophique.
Au début du mois de juillet, lorsque l'ÖVP a quitté la coalition, le Parti populaire a encore eu une importante avance sur SPÖ dans les sondages.
Les électeurs, cependant, semblent les punir pour avoir laissé le gouvernement s'enfuir.
Dans les premières réactions aux résultats, il y avait déjà des spéculations sur les éventuelles démissions de la tête du parti et de l'actuel vice-chanteur Wilhelm Molter.
Les observateurs prévoient que cela pourrait avoir lieu dès la réunion extraordinaire des dirigeants du parti le lundi.
Un tel développement simplifiera certainement le chemin vers le recours de plus en plus probable des résultats électoraux, c'est-à-dire le renouvellement de la grande coalition de SPÖ et ÖVP.
Compte tenu du renforcement des deux partis populistes de droite - le Parti de la Liberté (FPÖ) obtient un préliminaire de 18 pour cent et BZÖ onze pour cent des voix - cependant, en même temps, les social-démocrates ont exprimé la crainte d'une répétition de l'année 1999, lorsque le Parti populaire est d'accord avec les populistes (FPÖ était encore uni à cette époque, il a rompu de BZÖ en 2005) sur un gouvernement commun, qui a finalement provoqué des sanctions de l'Union européenne.
Heider, qui a déjà annoncé qu'il est prêt à travailler avec n'importe quel parti et présume qu'il reviendra à Vienne dans la politique nationale, est évidemment bancaire sur ce développement.
Le Parti vert est également entré dans le parlement, mais a subi une légère perte et est tombé de troisième à cinquième place parmi les partis politiques autrichiens.
Il est évident qu'aucun des autres partis n'a dépassé la marque de quatre pour cent et est entré dans le Parlement.
Schwarzenberg : Les relations avec l'Inde pourraient s'aggraver
Selon le ministre des Affaires étrangères Karel Schwarzenberg, s'il ne sera pas possible de résoudre le problème des scientifiques tchèques accusés en Inde de la collecte illégale de coléoptères, une certaine aggravation des relations entre le Tchèque et l'Inde pourrait se produire.
Le ministre a fait cette déclaration à New York à la suite de la rencontre d'aujourd'hui avec son homologue indien, Pranab Mukherjee.
« Si elle n'est pas résolue, alors oui, une certaine aggravation aurait lieu », déclare-t-il à la suite de la réunion amorcée de la partie tchèque.
Après les négociations, Mukherjee a déclaré qu'il était difficile pour le pouvoir exécutif d'intervenir en matière judiciaire.
Néanmoins, il a déclaré que, dans le cas de Petr Švácha, qui a été dégagé des accusations et pénalisé par une amende, le gouvernement central peut négocier avec le gouvernement local à Darjeeling, sous la juridiction dont l'affaire appartient.
« Son problème pourrait être résolu », a déclaré le ministre.
Selon Mukherjee, il serait préférable que Emil Kučera, condamné à trois ans de prison, fasse appel aux autorités supérieures.
Il peut alors demander la libération sous caution et attendre le verdict en dehors de la prison, a-t-il expliqué.
Schwarzenberg a confirmé que son partenaire avait également dit ceci au cours des négociations.
« Il recommande d'appeler devant un tribunal supérieur, alors il serait possible de le pardonner », a déclaré le chef de la diplomatie tchèque.
La seule façon dont la partie tchèque peut s'impliquer dans l'ensemble de l'affaire est de fournir aux personnes condamnées un « soutien juridique compétent », a déclaré le ministre indien.
En même temps, il a dit que le côté indien leur fournit déjà une aide de ce type.
« Il est dans notre plus grand intérêt de maintenir les meilleures relations avec l'Inde, qui ont une tradition de longue date.
Les Indiens le reconnaissent aussi », a déclaré Schwarzenberg.
En même temps, comme il l'a dit à l'agence de presse tchèque, il a souligné devant son partenaire que la République tchèque accordait une grande importance au problème des entomologistes tchèques.
« Nous considérons vraiment l'arrestation et l'accusation de ces scientifiques tchèques comme une grave erreur », a-t-il déclaré.
Le ministre a évité de répondre à la question de savoir s'il avait reçu de la part indienne une promesse de poursuivre la question.
Il a dit simplement "J'ai déjà reçu quelques promesses".
Les référendums tchèques luttent pour le sol de l'océan
Il se dirige vers la carte murale électronique représentant l'Australie et les zones de mer environnantes.
Cependant, il n'est pas intéressé par le continent, mais dans un petit point perdu dans le bleu de l'océan.
"Cette île, et avec elle le sol de l'océan qui l'entoure, appartient à l'Australie.
Parallèlement, la région est aussi grande que le continent lui-même », déclare l'avocat italien Luigi Santosuosso, qui appartient à l'équipe de trente membres d'employés de la Division des affaires maritimes et du droit de la mer de l'ONU.
Son patron, le directeur de division, l'avocat tchèque Václav Mikulka, suit ce qu'il dit et ajoute parfois quelque chose.
L'enthousiasme et l'enthousiasme pour le travail sont dominants ici.
Le sol de l'océan abrite un monde jusqu'à présent peu connu et riche en ressources naturelles.
Il est possible de trouver de l'huile, des minerais et d'autres minéraux, mais aussi jusqu'à présent des organismes vivants inconnus qui conservent la clé, par exemple, pour le développement d'un remède pour le cancer.
Un étage plus grand que le continent
Aujourd'hui, les pays côtiers ont commencé à rivaliser véhément pour le nouveau territoire sous-marin.
C'est-à-dire, selon un accord de l'ONU, qu'ils utilisent les droits sur lesquels ils ont convenu en 1982 à Montego Bay, en Jamaïque.
C'est principalement la zone de la plate-forme continentale, qui atteint souvent plusieurs centaines de kilomètres de la côte du pays donné.
Selon cet accord, ce pays a droit exclusif à toutes les ressources du plateau continental.
"Prenant simplement, le plateau continental est considéré comme la partie du plancher océanique qui est la poursuite naturelle du continent sous la mer et son substrat.
Elle a atteint au-delà du bord de la mer côtière, souvent même au-delà du bord des deux cent milles marins de la prétendue zone économique exclusive », explique Mikulka.
La demande présentée par le pays donné à la Commission des limites du plateau continental doit être appuyée par des documents scientifiques et techniques fondés sur de nombreuses enquêtes et mesures coûteuses.
C'est le résultat de nombreuses années de travaux préparatoires.
« L'un de nos rôles est de fournir à la commission une assistance technique juridique et spécialisée.
La Commission a jusqu'à présent examiné cinq demandes de Russie, du Brésil, de l'Australie, de l'Irlande et de la Nouvelle-Zélande.
Seuls les trois derniers pays ont réussi jusqu'à présent », ajoute Mikulka.
Récemment, le succès de l'Australie, qui a été le premier à étendre son domaine sous-marin, a été enregistré dans le monde entier.
Mais la Nouvelle-Zélande a aussi gagné - la zone du sol de l'océan que la commission lui a accordé est d'environ 1,6 million de kilomètres carrés, soit environ six fois plus grande que la taille du pays lui-même.
Les deux pays ont investi des millions de dollars dans le sondage.
Le bénéfice qui découlera de l'utilisation du sol de l'océan dans l'avenir sera, ils espèrent, inestimable.
D ' autres pays soumettront également progressivement leurs demandes.
Ils ont jusqu'à dix ans à compter du moment où ils ont ratifié l'Accord de la baie de Montego pour le faire.
Lorsque le plateau continental se termine, la zone du plancher océanique déclarée par l'accord comme le « patrimoine commun de l'humanité » commence.
Ici, aucun pays n'a plus de position exclusive.
Les droits à l'exploitation minière dans ce domaine sont accordés par l'accord établi par l'institution internationale.
« Mais le sol de l'océan n'est pas Klondike », dit le réalisateur Mikulka exagéré, ajoutant que ses « zones individuelles sont légalement clairement délimitées et leur régime est ancré dans les contrats ».
Tchèques dans le Pacifique
Une partie du sol des océans appartient actuellement à la République tchèque.
Il le partage avec d'autres pays de l'ancien bloc oriental dans le cadre de l'organisation commune "Interoceanmetal".
Par accord, cette organisation, comme les investisseurs de plusieurs petits pays, a gagné le statut d'investisseur appelé « pionnier » en 1991.
Il est autorisé à mier dans la zone de ClarionClipperton dans l'océan Pacifique, qui se trouve entre le Mexique, Hawaii et Kiribati.
La zone étudiée par l'investisseur est légèrement plus grande que l'ancienne Tchécoslovaquie.
Le sol de l'océan est robuste, c'est une sorte de modèle sous-marin des montagnes Tatra.
"Il est possible de mier là-bas sur une superficie globale de 75 000 kilomètres carrés.
La région est une riche localité pour la collecte de concrétions polymétalliques contenant du nickel, du cuivre, du cobalt et du manganèse », déclare un autre avocat, Pakshi Rajan de l'Inde.
L'avocat macédonien de la division, Rober Sandev, en fait la preuve.
Il ressemble à une petite pomme de terre ou, avec un peu de fantaisie, à l'écharpe mythique qui, selon la légende, a amené le Golem à la vie.
Forces spéciales allemandes présentes au sauvetage des otages
Pour résoudre la crise d'otages, le gouvernement égyptien avait demandé l'aide de l'Allemagne - qui a envoyé les experts.
Lorsque la poussée est arrivée à pousser, les forces spéciales étaient prêtes, mais leurs services n'étaient pas nécessaires à la fin.
De plus en plus de détails surveillent les circonstances entourant la libération des onze touristes européens enlevés en Egypte.
Selon les ministères fédéraux allemands de la défense et de l'intérieur, les forces spéciales allemandes participaient indirectement à la mission de sauvetage.
Des spécialistes des Forces armées fédérales (Bundeswehr) et des membres de la Police fédérale allemande (Bpol) et de ses unités spéciales du GSG 9 et de la Garde aérienne étaient présents lors du sauvetage, les porte-parole des ministères ont déclaré lundi soir, ainsi que des membres du Bureau fédéral de la police criminelle (BKA) et des experts en logistique de l'Agence de secours techniques (THW).
Cependant, les forces allemandes n'étaient pas tenues, parce que les capteurs abandonnaient leurs otages et s'enfuirent lorsqu'ils savaient que les otages étaient sur le point d'être libérés par la force.
Le gouvernement égyptien avait accepté l'aide offerte par l'Allemagne pour se fier aux forces allemandes en tant que renfort pendant l'opération.
"Luckily, il n'est pas arrivé à cela", a déclaré un porte-parole du ministère fédéral allemand de l'intérieur.
Le groupe de voyages composé de cinq Allemands, cinq Italiens, une Roumaine et leurs huit compagnons égyptiens avaient été embusqués et enlevés le 19 septembre dans le sud de l'Égypte.
Après leur enlèvement dans une région désertique du sud de l ' Égypte, les otages avaient été transportés en arrière et en avant dans la région frontalière entre l ' Égypte, la Libye, le Soudan et le Tchad.
À ce jour, l'identité des capteurs reste inconnue, comme le font les détails sur le sauvetage ou sur les possibles rançons.
Les anciens otages sont arrivés en toute sécurité et en bonne santé au Caire, entre-temps.
Le ministre allemand des Affaires étrangères Steinmeier a déclaré qu'ils avaient été confiés aux soins de l'ambassade allemande.
Il n'a pas commenté les détails du sauvetage.
À Berlin, aucune information immédiate n'a été donnée sur leur retour en Allemagne.
Selon le journal allemand "Bild", les cinq touristes et les forces spéciales doivent border un Airbus de la Force aérienne allemande, qui devrait arriver en Allemagne mardi.
La Chambre des représentants des États-Unis rejette le bailout
Le paquet de 700 milliards de dollars pour les marchés financiers n'a pas réussi dans la première des deux chambres du Congrès américain.
Le Dow Jones a pris un bouclier de nez.
Avec un vote de 227 contre 206 contre, la Chambre des représentants des États-Unis a rejeté le paquet de sauvetage du gouvernement pour les marchés financiers.
Tous les appels du président George W. Bush et de hauts fonctionnaires des deux parties, nonobstant, aucune majorité n'a été obtenue pour le programme qui devait contenir le chaos sur les marchés financiers.
Dans une campagne dramatique, les partisans avaient fait des tentatives désespérées pour convaincre les critiques du plan de 700 milliards de dollars.
Barney Frank, l'un des principaux négociateurs démocratiques, avait appelé les représentants à l'approbation, même si c'était un plan impopulaire.
"Il est difficile d'obtenir l'approbation politique pour la prévention de quelque chose qui n'est pas encore arrivé", a-t-il admis.
Alors que le vote était encore en cours, le Dow Jones a vu une baisse de plus de six pour cent, soit 600 points.
Il a été causé par les inquiétudes des investisseurs que le sauvetage du gouvernement pourrait échouer.
Elle s'est rétablie peu avant la fin du vote, seulement pour prendre un autre nez-dive quand le rejet a été rendu public.
Les experts s'attendent maintenant à d'autres fortes turbulences sur les marchés financiers internationaux.
Pour que le plan soit mis en oeuvre, l'approbation de la Chambre des représentants et du Sénat est nécessaire.
Rapport sur les agences de voyage Augmentation des réservations
Ce sera un bon hiver pour les agences de voyages allemandes, évidemment :
Une enquête indique que le chiffre d'affaires des réservations pour les mois à venir a considérablement augmenté par rapport à l'année précédente - pour la saison d'hiver de 30 %, même.
Malgré les perspectives d'une économie faible, l'appétit des Allemands pour les voyages reste inconnu, dit une enquête.
Pour les réservations pendant la saison hivernale, les agences de voyages ont enregistré une augmentation du chiffre d'affaires de 31 % par rapport à la même période de l'année précédente, l'Association allemande des voyages (DRV) a rapporté lundi à Berlin.
Selon l'entreprise de recherche de marché GfK, les réservations ont également augmenté au cours des mois d'automne.
Les agences de voyages avaient enregistré une augmentation du chiffre d'affaires d'environ onze pour cent pour octobre contre 2007, a déclaré le RDV.
Les résultats sont basés sur les chiffres de GfK, qui traitent les données de réservation de 1200 agences de voyage allemandes chaque mois et les utilisent pour faire des projections sur le marché dans son ensemble.
Les réservations de voyage sont incluses jusqu'en août 2008.
En raison d'un dollar faible, en particulier les voyages aux États-Unis étaient en demande, le RDV a déclaré.
Dans ce domaine, les réservations avaient augmenté d'environ un tiers, dit-il.
En outre, elle a souligné que l'Espagne, la Turquie et la Grèce étaient populaires parmi les Allemands, ainsi que dans les régions nationales.
Des voyages tout compris étaient particulièrement recherchés, a déclaré le président de la DRV Klaus Laepple.
Compte tenu de l'augmentation des prix de l'énergie et de la nourriture, leur coût était « plus calculable pour les clients que pour les vacances organisées individuellement », a déclaré Laepple.
Les consommateurs pourraient économiser de l'argent grâce à des réductions anticipées ou all inclusives, entre autres, Laepple a déclaré.
Étant donné que les mois d'été avaient été très bien réservés, il y aurait également une autre augmentation du chiffre d'affaires par rapport à l'année précédente, a-t-il dit - bien qu'un autre sondage rapporte que le nombre d'Allemands voyageurs a coulé par rapport à l'année précédente.
Ma première fois au Oktoberfest
Spring-break- et après-ski-style hits en mode répétitif, bière de tasses d'un litre et de célébrités dans le designer Dirndln.
A Wiesn Debut.
Techniquement, Susanne Kronzucker et moi n'avons pas beaucoup en commun.
Elle est blonde, une hôte de télévision et porte un Dirndl sur mesure.
J'ai des cheveux sombres, je suis un étudiant, et ma robe est de seconde main.
Mais il y a une chose qui nous connecte : Nous avons été au Wiesn pendant à peine trois minutes, et déjà les photographes nous rejoignent et nous déclenchent, remplissant leurs cartes de mémoire - très flatteur, et c'est ma première visite à la Wiesn, pour démarrer.
C'est comme ça que vous faites des amis.
Le barato Dirndl semble faire son travail.
Pour un touriste Wiesn habituellement basé au nord de l'équateur Weisswurst, que le sentiment confortable portant une garbe bavaroise traditionnelle avait laissé beaucoup à désirer à ce jour.
Mais une fois arrivé à Theresienwiese, ce n'est pas aussi mauvais que tout ça.
Presque tout le monde porte Dirndl ou Lederhosn ; personne n'a l'air dégoûté ou gêné - c'est complètement normal.
Seul mon tablier Dirndl a tiré des regards étranges sur le vendeur de chocolat-banana.
Une femme de Munich m'a attiré l'attention que j'avais lié le tablier de la mauvaise façon: `Disponible à gauche, vierge au milieu, commise à droite, veuve derrière.'
Furtivement, je tire mon tablier de derrière à gauche.
« Il semble bien », dit-elle, et rit.
D'autres sont moins préoccupés par les techniques de flirtage subtiles et porter des chapeaux de feltre simples qui disent `Too ivre pour s'habiller' et, sans demander, montrer aux gens nus derrière eux.
Le jeune homme avec l'attitude exhibitionniste s'appelle Bob, est d'Angleterre, et c'est sa première fois aussi à l'Oktoberfest.
Il la trouve «graisse», avec un «oooooo» de longue date.
Il me dit ce droit après s'être débarrassé du "Maß" qu'il avait auparavant.
Juste à côté d'un de ces bouchons de feu que tout le monde erreur pour les décharges.
Donc Bob est l'un de ces infame « Wildbiesler. »
D'autres ne sont pas assez chanceux de perdre l'alcool de cette façon.
En allant à huit heures de la nuit, de nombreux paramédicaux s'enfoncent sur l'emplacement, assistant aux pauvres bimmers.
Les médecins apparaissent toujours en packs - ils sont toujours quatre à la fois, transportant une barque couverte de tente en tente.
Il fonctionne comme avec la plupart des visiteurs Wiesn : quand il est vide, ils sortent, et quand il est plein, ils reviennent.
Vous ne voyez pas qui est à l'intérieur des cercueils de BAC.
C'est ceux qui ne peuvent plus prendre, l'un des paramédicaux a crié quand je lui ai demandé à ce sujet, disparaissant dans la foule.
Victime d ' accident nommée par la police
Une femme piétonne de 63 ans qui est morte à l'hôpital après avoir été touchée par un véhicule à Essex a été nommée.
Carole Paulson, de Chelmsford Road à Brentwood, a été impliquée dans l'accident le vendredi après-midi sur Shenfield Road dans la ville.
Elle a été emmenée à l'hôpital Queen's, Romford, mais plus tard est morte.
Après l'accident, un homme de 51 ans a été arrêté sous prétexte de conduire sans soin.
Depuis, il a été libéré sous caution policière.
L'élargissement des horizons diplomatiques de la Turquie
Bien avant que la Turquie ne cherche à rejoindre l'Union européenne, les pouvoirs européens étaient impatients de pénétrer profondément dans l'arrière-pays de la Turquie.
De l'est du Bosphorus, peut-être à seulement 20 étapes en Asie, est l'une des plus belles reliques de cette ambition impériale échoue.
La gare de Hydarpasha a été conçue par deux architectes allemands Otto Ritter et Helmut Conu dans le style néo-renaissance.
C'est au moins ce que vous disent les guides.
L'immeuble se trouve à la fin des plates-formes avec une tour à chacun de ses coins avant à la recherche de tout le monde comme un hall de ville allemand provincial.
La pierre est sale.
L'ensemble de l'édifice légèrement dégradant.
Mais une fois à l'intérieur du bureau de billets voûtés, il n'y a pas de doute que la grandeur de l'entreprise dont il s'agissait était la passerelle la plus ouest.
La station a été ouverte en août 1908 par un consortium allemand, l'Anatolia-Baghdad Corporation.
L'Allemagne, arrivant tardivement au jeu impérial, entendait réaliser ses ambitions de dominer le Moyen-Orient au moyen de ce chemin de fer courant vers Damas, Bagdad, et au-delà de ce qu'est aujourd'hui l'Arabie saoudite.
Mais les ambitions impériales de l'Allemagne ont été fondées pendant la Première Guerre mondiale.
Ses voies ferrées ont été attaquées par Lawrence of Arabia et ses irrégularités arabes.
L'isolement relatif de sa région environnante, engendré par les frontières congelées de la guerre froide, a disparu
Les forces britanniques et les forces de domination se sont éloignées de l'Égypte et ont fait sortir les Turcs et leurs alliés allemands de Palestine et de Syrie.
Et il y a eu de mauvaises nouvelles pour la station Hyderpasha aussi.
En 1917, un train de munitions a explosé en détruisant son vaste toit.
Les sources turques disent que c'était un sabotage.
Depuis lors, il a lentement moulé, largement contourné par l'histoire.
Mais aujourd'hui, cette passerelle ferroviaire vers l'Anatolie et tous les points à l'est, sert - symboliquement au moins - de mettre en évidence l'élargissement des horizons diplomatiques de la Turquie.
Le parti de la justice et du développement - l'AKP - a élaboré une nouvelle politique étrangère pour le pays.
L'isolement relatif de sa région environnante, engendré par les frontières congelées de la guerre froide, est parti.
Il y a maintenant une nouvelle politique d'engagement.
Il est remarquable que le gouvernement turc entretient de bonnes relations avec Israël et la Syrie, avec les factions palestiniennes du Hamas et du Fatah, avec l'Iraq et l'Iran et bien sûr avec l'Union européenne et les États-Unis.
Pour mesurer les paramètres de cette nouvelle politique étrangère, j'ai monté le sommeil de nuit à la capitale turque Ankara, pour visiter l'un des principaux experts en politique étrangère de l'AKP, le député turc Suat Kiniklioglu.
Le lendemain matin - une dizaine d'heures et demi plus tard - après une randonnée de jolting sur les pistes qui produisaient l'ancienne cadence mondiale du célèbre documentaire The Night Mail, j'arrivais dans la capitale turque - proposé comme une nouvelle ville pour un nouvel État laïque intention de tourner son dos sur le passé ottoman.
Mais l'AKP avec ses racines islamistes bien connues représente un changement de paradigme dans le consensus turc.
Elle a suscité des soupçons en Occident, notamment à Washington.
Un taxi m'a emmené au quartier général de l'AKP, une structure de pierre et d'acier ultra-moderne - construite à des fins - dans une banlieue en développement, entourée de centres commerciaux à moitié construits et de patisseries électriques où des gestionnaires intermédiaires en costumes d'affaires - hommes et femmes - se sont réunis pour faire des deals tôt le matin.
Suat Kiniklioglu aurait pu être un politicien de centre-droite de presque tout autre parti politique en Europe.
Confection, cravate, je suis sûr qu'il emballait même une Blackberry.
"L'objectif de la politique étrangère du parti est maintenant de réintégrer la Turquie dans son voisinage immédiat.
La guerre froide était une anomalie », m'a-t-il dit.
La Turquie a été coupée de son arrière-pays.
Aujourd'hui, elle a dû regarder vers l'est et vers l'ouest en même temps.
Ce n'était pas un cas d'un ou de l'autre.
Ça a dû faire les deux.
"Mais à un moment donné," j'ai demandé, "Turquie pourrait être forcée de choisir ?"
«Turquie », a-t-il dit, « ne voulait pas avoir à faire face à ce choix. »
Il a ensuite souligné un point que presque tous ceux à qui j'ai parlé ici ont récité presque par rote: les liens de la Turquie non seulement avec le Moyen-Orient, mais avec le Caucase, et autour de la mer Noire, sont autant au profit de l'Europe et des États-Unis qu'avec la Turquie.
Avec la Turquie à bord, le message semble être, l'Europe dans son ensemble peut conduire métaphoriquement ces lignes ferroviaires vers l'est vers l'Asie et le Moyen-Orient.
De retour à la gare de Hydarpasha, après une autre nuit en grande partie sans sommeil, j'ai pensé à ces deux messieurs allemands Herr Ritter et Herr Conu qui avaient vu cet édifice être construit il y a 100 ans.
Comme ils auraient été surpris de constater que les ambitions du Moyen-Orient de l'Europe pourraient maintenant, dans une large mesure, être entre les mains de la Turquie.
Et comme j'ai attendu au terminal pour que le ferry me ramene à travers le Bosphorus, j'ai rappelé que dans ces jours-là la Turquie avait toujours été appelée « l'homme malade d'Europe ».
Ensuite, au moins il n'y avait pas beaucoup de doute quant à quel continent devrait prétendre à ce pays fascinant.
Vies rappelées : Vernon Handy et William Woodruff
Mark Brown écrit : En tant que réalisateur musical de Guildford de 1962, Vernon "Tod" Handy (obituaire, 11 septembre) a été chargé de l'Orchestre Philharmonique de Guildford et du Choir.
Dans le cadre de son programme de musique pour le quartier, l'année prochaine, il a fondé son merveilleux choeur de jeunes, Proteus.
C'était censé être pour moins de 21 ans, mais à l'époque où le Proteus chantait son finale en 1979, plusieurs d'entre nous étions à la fin des années 20 - nous venons juste de refuser d'abandonner le choeur.
Le nom de "Protéus" (le changement de forme mythologique) représentait la volonté et la capacité du chœur de s'attaquer à toute musique qui lui a été présentée, que ce soit madrigal ou messiaen, qu'il soit non accompagné ou avec l'orchestre complet.
La polyvalence musicale produite par un choeur de jeunes était souvent étonnante, toujours passionnante, et c'était tout à cause de l'inspiration de cet homme et de l'enthousiasme pour la musique qui est restée absolument constante au fil des ans.
Combien de fois nous a été dit par Tod de « laisser la musique parler pour elle-même ».
Il disait : "Le compositeur sait ce qu'il veut.
Tout est là dans la musique.
Alors chantez-le!"
Sa technique de baton était absolument claire et précise, bien que jamais dictatoriale, ni floride.
Quelle que soit la norme musicale, il l'élevait toujours encore plus haut.
John Frayn Turner écrit :
Si un conducteur aurait dû être chevalier, c'était Vernon Handy.
Je le connaissais bien pendant les deux décennies qu'il dirigeait la Philharmonique de Guildford de 1962 à 1982.
Au cours des 40 dernières années, j'ai examiné plus de 100 de ses concerts et je peux dire honnêtement que je n'ai jamais été déçu d'un seul - et de nombreuses fois inspiré par eux.
Tod Handy avait cette rare combinaison de grandeur plus la modestie personnelle.
Il détestait les conducteurs qui, en ses paroles, « ont fait un ou deux chevaux de guerre bien connus partout dans le monde ».
Il sera manqué par beaucoup d'entre nous.
William Woodruff
Le professeur John Beckett écrit :
Votre négociation de William Woodruff (25 septembre) affirme que « en 1946, il reprend l'histoire économique à Oxford et en 1950 devient un Fellow de recherche Houblon-Norman... tout en étudiant simultanément pour un BSc, un MA et un doctorat ».
Cela découle de la note de l'auteur de Woodruff dans Beyond Nab End, mais il n'est pas correct.
De 1946 à 1953, il a été professeur en histoire économique à l'Université de Nottingham, au cours de laquelle il a terminé une thèse de doctorat sur l'industrie britannique du caoutchouc, supervisée par le professeur J. D. Chambers, puis publiée en 1958 sous le nom de The British Rubber Industry.
Il a passé 1950-51 aux États-Unis dans une bourse Houblon-Norman, et l'été 1952 dans les universités de l'Illinois, Harvard et New York.
En 1953, il quitte Nottingham en permanence pour l'Illinois.
Pourquoi Woodruff a choisi de se glosser sur cette partie de sa carrière est inconnu.
J. Vincent Resino à la Faculté de Philologie
"Je recommande l'exposition de José Vicente Resino "Flamenco y vida", parce que ses photographies noires et blanches, prises en style documentaire, sont extraordinaires.
Les photos m'ont attiré l'attention en raison de leur simplicité et de leur puissance qui transmettent, traitant toujours les sujets avec une attention particulière.
Une exposition qui exécute un sentiment profond.
Resino est capable de capturer des moments magiques."
Deuxième agression pour la super-vente de Honda
Le prochain novembre, Honda lancera la commercialisation de la deuxième génération de modèles Jazz.
Si le modèle précédent était déjà caractérisé par une grande habitabilité, ce nouveau minivan dispose d'un espace intérieur plus large.
En outre, il est équipé d'une fine mécanique qui augmente le confort de conduite et les permis d'économiser du carburant.
Évolution au lieu de la révolution.
C'est la deuxième génération de Honda Jazz.
Bien qu'esthétiquement le nouveau Jazz ressemble au modèle précédent, les changements apportés au minivan sont nombreux.
Il vaut notamment la peine de souligner son design innovant, sa nouvelle plateforme, sa plus grande taille et sa nouvelle mécanique.
De toute façon, avant de passer à l'analyse du nouveau modèle, il peut être utile de signaler que ce nouveau Jazz n'arrive que six ans après l'entrée de la première génération.
Par conséquent, une première observation devrait considérer que Honda a renouvelé ce modèle plus rapidement que les autres entreprises le font généralement.
Même si le modèle Jazz est moins connu en Europe que sur d'autres marchés, il reste un phénomène en termes de vente.
C'est le cas du Japon, où Jazz était la voiture la plus vendue en 2002 et aussi pendant cette année 2008.
Juste là, près d'un million d'unités de Jazz ont été vendues du lancement du modèle.
Le deuxième marché était l'Ancien Continent, avec environ un demi-million d'unités vendues en six ans.
Malgré ces chiffres, Honda croit que ce nouveau Jazz augmentera encore plus ses ventes dans le segment.
Ainsi, si en 2007, la société japonaise a vendu un total de 83 000 unités de ce modèle, en 2009, il estime qu'il s'agira d'environ 100 000 voitures, ce qui prévoit une augmentation possible des ventes de 17% juste sur le marché européen.
Concernant le marché espagnol, Honda a vendu un total de 8 000 unités de Jazz depuis 2002, correspondant à 6,7% du total des ventes pour l'entreprise en Espagne.
Avec l'arrivée de la nouvelle génération, les responsables de l'entreprise en Espagne s'attendent à vendre environ 2.000 unités de Jazz dans un délai d'un an.
L'arrivée de la nouvelle Honda Jazz le fera probablement possible en réduisant en grande partie la baisse des ventes en Espagne.
En fait, les responsables de la marque s'attendent à arriver à la fin de l'année avec un total de 22 000 unités vendues, soit 4.000 unités moins qu'en 2007, avec une diminution de 16%.
Malgré l'augmentation des ventes, Honda a également augmenté sa part de marché en Espagne, atteignant le 1,8%, par rapport à la dernière année 1,6%.
Parallèlement, la société japonaise s'attend à atteindre les 2 % en 2010.
Pour ce faire, Honda est confiant dans un autre nouveau modèle de son.
C'est Insight, une voiture compacte hybride à cinq portes, de 4,37 mètres de longueur. L'entreprise japonaise espère vendre environ 200 000 unités de ce modèle dans le monde entier, dans un délai d'un an.
Selon les estimations des marchés et des fabricants japonais, les 50 % de la vente d'Insight proviendra des États-Unis, tandis que les 50 % restants proviennent à la fois de l'Ancien Continent et du Japon.
Le lancement commercial d'Insight est prévu pour le début de l'année prochaine, peu après la présentation du modèle à l'intérieur de l'entreprise en janvier à Valenza.
Comparativement à la première génération, le nouveau Jazz a grandi dans toute sa totalité.
Il atteint maintenant 3,90 mètres de longueur (cinq centimètres plus), 1,69 mètres de largeur (deux centimètres plus) et son interaxe 2,50 mètres, avec un accroissement de cinq centimètres.
Sa hauteur de 1,52 mètres est restée inchangée.
Avec la taille, son intérieur habitable a augmenté dans l'espace.
Cet avantage tire, tout d'abord de la nouvelle plateforme, et deuxièmement de l'introduction du réservoir de carburant dans un emplacement central, une solution déjà adoptée dans le jazz précédent.
En outre, la capacité du tronc - un double volume de fond - s'élève à 399 litres, soit 19 litres de plus grande capacité respectueuse de la première génération.
À noter, ce sont les mesures du Honda Jazz 1.4, tandis que la capacité du tronc dans le modèle 1.2 n'est que de 379 litres.
D'autres améliorations - en plus d'éléments externes, comme la conduite arrière ou la possibilité de monter le verre panoramique - concernent l'amélioration de l'accès aux sièges arrière.
Les portes qui permettent l'accès aux sièges arrière, ouvertes maintenant avec un angle de 80 degrés, contre 67 degrés dans le premier modèle.
En outre, tous les moteurs sont assez nouveaux dans cette deuxième génération de voitures.
Au moment de la commercialisation, ce petit modèle sera équipé d'un moteur à essence de 1,2 ou 1,4 litres.
Les deux systèmes mécaniques comprendront la technologie i-VTEC qui permet une consommation de carburant plus faible, produit moins de émissions de dioxyde de carbone, optimise les raffinements mécaniques et, en même temps, maintient un moteur de couple élevé dans toutes ses phases.
La version 1.2 litre atteint une puissance de 90 hp à 6000 rpm avec un couple maximal de 114 Nm. à 4900 rpm.
La propulsion - qui dans le jazz précédent a atteint les 78 hp - a juste besoin de 5,3 litres de carburant et produit environ 125 grammes d'équivalent émissions de CO2.
Comparativement à la propulsion précédente, qui dans le modèle de la première génération a utilisé 83 hp, la nouvelle peut profiter de 100 hp.
Le Jazz de 1,4 avec 100 hp atteint une combinaison de 5,4 litres de carburant et 128 grammes de CO2 émis.
Un 'bee-car' pour éviter les collisions
Dans le développement des technologies de prévention des accidents, Nissan s'est inspiré cette fois, par la nature, et surtout par les abeilles.
L'entreprise japonaise a créé un robot qui, imitant le vol des abeilles, peut éviter les accidents.
C'est le robot de voiture bio-mimétique, ou BR23C, la première étape vers les technologies de projet pour la prévention des collisions.
Les ingénieurs du Centre technique avancé de Nissan Motor Co. ont développé ce petit robot en collaboration avec le Centre de recherche scientifique et de technologie de la prestigieuse Université de Tokyo au Japon.
Selon Kazuhiro Doi, directeur général des relations publiques pour la technologie, la recherche et le développement de la gestion des marques, le BR23C est une expansion du Bouclier de sécurité des quatre secteurs produits par Nissan.
Ce robot a pour but d'améliorer la capacité de prévenir les collisions dans les véhicules produits par l'entreprise.
Au cours du vol, chaque abeille crée son propre espace ovale qui est très semblable au Bouclier de sécurité développé par Nissan.
Mais l'élément le plus important est constitué par les yeux composés de l'abeille, qui peuvent voir dans toutes les directions avec un angle supplémentaire de 300 degrés, permettant à l'insecte de voler sans interruption à l'intérieur de son espace personnel.
Pour recréer ces caractéristiques visuelles, les ingénieurs ont développé ce qu'ils ont défini un localisateur laser (Laser Range Finder).
Ce mécanisme détecte des obstacles à moins de 2 mètres et un rayon jusqu'à 180 degrés devant le BR23C, calcule la distance vers l'objet et envoie un signal au microprocesseur à bord qui permet immédiatement de prévenir la collision.
"Quand détecte un obstacle, le petit robot imite les mouvements de l'abeille et change de direction immédiatement en tournant les roues à un angle droit ou plus large pour éviter la collision.
La différence la plus évidente avec tout système existant est son action évasive qui résulte d'être totalement instinctive.
« Si ce n'était pas le cas, le robot ne serait pas en mesure de réagir assez rapidement pour éviter les obstacles », explique Toshiyuki Andoh, directeur du Laboratoire de Mobilité et ingénieur en chef de ce projet.
Contrairement à une abeille, le robot ne peut pas s'écarter vers le haut ou vers le bas, ou même en diagonale. Il ne peut se déplacer que en deux dimensions et dans la direction de ses roues peut se tourner vers. Évidemment, il ne peut pas courir des directions infinies et des façons comme les abeilles font.
Pour cette raison, Nissan a utilisé une fonction de rotation en plus des fonctions d'accélération et de décélération, pour permettre au petit robot d'éviter les collisions.
« Ce dispositif ne doit traiter que de nouvelles informations toutes les quelques secondes et agir à partir de ces données.
Il n'a pas besoin d'enregistrer aucune information ou d'utiliser la logique intuitive des manœuvres antérieures. Pour cette raison, il peut aller sans interruption fournie seulement par quelques dizaines de KB de mémoire.
Cela peut surprendre, mais nous ne parlons pas de gigaoctets ou de méga de mémoire. »
C'est la première étape vers le développement de nouvelles technologies pour la prévention des collisions, une technologie Nissan espère être introduite dans les voitures comme caractéristique standard dans un délai de dix ans.
Le robot utilise des batteries lithium-polymère, qui sont plus légères et plus durables que la typologie lithium-ion.
Une application supplémentaire dans un avenir potentiel pourrait être l'intégration de cette technologie avec le navigateur GPS par satellite pour ramener le conducteur à une destination spécifique, en évitant les obstacles sur le chemin.
Faire le shudder avant de demander un prêt
Nous devons reconnaître que le ministère du Trésor des États-Unis, possédant de très bonnes capitales pour agir, ne manque certainement pas de talents.
Devoir faire face à la crise et empêcher les Américains d'être trompé par des banques sous des doutes d'insolvabilité, a créé un jeu amusant et éducatif pour les utilisateurs d'Internet. Ceci est "Bad Credit Hotel".
En d'autres termes, l'hôtel des mauvais crédits... ou des problèmes.
L'aspect sombre de cet hôtel et, en particulier, de sa réceptionniste vise à pousser les gens à penser non seulement une fois mais deux fois ou même trois fois avant de demander un prêt.
Et surtout, réfléchir très attentivement à l'endroit où demander pour elle. C'est probablement l'objectif principal du jeu.
Certes, ce système fournit plusieurs informations utiles, mais offre plutôt peu de détails.
C'est beaucoup plus une page web pour les adolescents qu'un site pour le grand public.
Que se passe-t-il si vous remplissez le jeu ?
Une salle de rêve apparaît à l'intérieur de l'hôtel.
C'est toujours quelque chose, parce qu'en achetant une maison, il vaut mieux la laisser.
Morgan Stanley a ouvert sa capitale à MUFG
Morgan Stanley a annoncé son entrée dans la table ronde de Mitsubishi UFJ Financial Group (MUFG), la première banque du Japon, qui dépensera neuf milliards de dollars pour obtenir 21% de son capital, nouvelles qui ont été reçues par une chute marquée des prix des actions.
Une semaine après avoir dévoilé un accord provisoire, les deux banques ont expliqué que MUFG achèterait 9,9 % des actions de Morgan Stanley à un prix de 25,25 dollars, totalisant trois milliards de dollars.
Le prix de vente est inférieur à 19 % de la valeur des titres le 31 août.
MUFG investira six milliards de dollars supplémentaires dans l'acquisition de titres convertibles offrant un rendement garanti de 10 % et avec un prix de conversion de 31,25 dollars.
Morgan Stanley a affirmé que l'opération globale serait basée sur un prix unitaire moyen de 29 dollars, soit 28 % au-dessus de son prix courant.
Cependant, Morgan Stanley partage une perte de 6,79% à 23,07 dollars vers 17:00 GMT.
« Cette alliance stratégique constitue une occasion importante d'accélérer la transition de Morgan Stanley au statut de banque », a déclaré John Mack, directeur général du groupe américain.
Morgan Stanley a adopté ce nouveau statut la semaine dernière, qui devrait lui permettre de diversifier ses activités mais il doit passer par l'autorité de la Réserve fédérale.
Son alliance avec MUFG confirme également que la crise financière actuelle oblige les plus grands noms de Wall Street à adopter une attitude beaucoup plus prudente que auparavant.
Les modalités présentées le lundi montrent que l'accord a été modifié ces derniers jours : le lundi précédent, Morgan vient d'annoncer qu'il vendrait jusqu'à 20 % de ses parts aux Japonais pour environ 8,5 milliards de dollars.
« Il y a une semaine, nous avons expliqué Toshihide Mizuno, directeur exécutif de MUFG à Tokyo, » nous avons pensé que la participation serait entièrement composée d'actions ordinaires.
Mais compte tenu de l'état actuel de l'économie et du marché, nous espérons minimiser les risques et protéger nos dos. »
Sur la base du prix moyen pondéré MUFG payera pour ses titres Morgan Stanley 7% en dessous de leur valeur comptable.
Et l'opération entraînera une dilution d'environ 20 % de gains par action.
L'accord prévoit que MUFG peut convertir chaque année la moitié de ses titres préférés en actions ordinaires si ces titres négociaient plus de 50 % au-dessus du prix de conversion, environ 47 $ pour une période donnée.
Morgan Stanley assure que le capital fourni par MUFG lui permettra de saisir les possibilités d'investissement, de renforcer son bilan et d'augmenter sa liquidité.
un porte-parole du groupe a toutefois refusé de donner des détails sur les projets stratégiques des deux nouveaux alliés.
Après l'investissement de MUFG, Morgan Stanley prévoit un ratio de capital de niveau 1 d'environ 15%, l'un des meilleurs de l'industrie.
Morgan a dit avoir réduit "significativement" son bilan depuis la fin d'août.
Ces dernières semaines ont été difficiles pour le groupe, qui a vu la moitié de son prix de part de part de marché disparaître tandis que les coûts d'assurance contre le risque de défaut sur sa dette ont augmenté.
Ce coût a diminué le lundi mais est resté à un nouveau niveau élevé, soit environ 12 %.
La semaine dernière, Goldman Sachs, la seule autre grande banque d'investissement survivante sur Wall Street après la faillite de l'acquisition de Bear Stearns et Lehman Brothers et Merrill Lynch, a annoncé qu'elle avait recueilli 15 milliards de dollars, en partie de Berkshire Hathaway, le groupe de Warren Buffett.
Rafael Correa à Quito lundi.
Reconstruire autour de la République du socialisme du XXIe siècle.
C'est le projet conjoint du vénézuélien Hugo Chávez, Evo Morales de Bolivie, et de l'équateur Rafael Correa.
Ce dimanche, comme ses homologues et amis, c'est le troisième à mettre aux voix un projet de nouvelle constitution.
La mission accomplie depuis 64% des électeurs a voté "oui" au référendum, selon les résultats officiels basés sur 80% des votes.
Sur la base de ces résultats, le "non" a obtenu 28%, 7% des votes étaient invalides, et 0,7% étaient des votes blancs.
Pour que le projet de Constitution soit adopté, il devrait obtenir la moitié des voix plus un.
Dimanche, deux sondages effectués en dehors des bureaux de vote et une organisation non gouvernementale ont annoncé une grande victoire pour le « oui » de l'intervalle entre 63 % et 70 %.
Rafael Correa avait revendiqué pendant la nuit du dimanche au lundi la victoire de son projet de constitution.
« La Constitution a triomphé si écrasé », a-t-il assuré, en félicitant les équatoriens au siège du gouvernement de Guayaquil, à 280 km au sud-ouest de Quito.
Bien sûr, Rafael Correa a été félicité par Chavez et Morales, mais aussi par son homologue chilien Michelle Bachelet.
Le sondage, qui a été mené pacifiquement sous l'examen de l'Organisation des États américains (OEA), couvre dans son texte 444 points qui consolident le "nouveau socialisme" préconisé par le président.
Le projet de constitution enrichit le pouvoir de l'État sur l'économie en lui réservant la "planification du développement" d'un pays vivant principalement de l'extraction de pétrole par des entreprises étrangères et de l'argent étranger qu'ils envoient à leurs émigrants.
Le projet, par Correa, élu en 2006, confère également plus de pouvoirs au chef de l ' État, qui peut porter jusqu ' à deux mandats consécutifs de quatre ans et pourra dissoudre l ' Assemblée.
Correa a déjà annoncé qu'il utiliserait ce pouvoir pour demander un nouveau mandat en février 2009.
La Constitution consolide également le principe de la gratuité des services de santé et de l ' éducation que le Président a commencé à établir dans ce pays de 13,9 millions d ' habitants, où 50% de la population vit en dessous du seuil de pauvreté.
Elle prévoit également l'interdiction de la présence de troupes étrangères, qui mettra fin à l'accord entre Quito et Washington pour l'utilisation de l'Équateur comme base de lancement pour les opérations antidrogue américaines.
Les 19 otages ont été libérés au Tchad
Une équipe de commandement égyptienne a lancé une agression contre les kidnappeurs des onze touristes et leurs huit escortes capturées il y a dix jours.
Ils sont au Caire.
Les onze touristes européens et leurs huit escortes égyptiennes détenues pendant dix jours dans le désert ont été renvoyées le lundi après-midi illégales à la capitale égyptienne.
Le matin, ils ont été libérés par un commandement égyptien au Tchad.
Apparemment convenables, les otages sont arrivés vers 15 h 30 à bord d'un avion spécial à la base militaire d'al-Maza, attaché à l'aéroport international du Caire.
Ils ont été immédiatement transférés, sans pouvoir parler à la presse, par hélicoptère à l'hôpital de Maadi, une banlieue résidentielle du Caire, pour subir des examens.
Ils sont en « bonne santé », et « aucune rançon n'a été payée » aux capteurs, a déclaré le ministre égyptien du Tourisme, Zoheir Garanna, sur le tarmac.
Capturé le 19 septembre lors d'un safari dans un 4x4 au pied du mont Ouanat aux frontières avec l'Égypte, le Soudan et la Libye, ce groupe d'otages avait été jeté autour d'une cachette à l'autre par 35 kidnappeurs inconnus.
Il comprend 11 touristes - cinq italiens, cinq allemands et un roumain - et également huit égyptiens : deux guides, quatre chauffeurs, un garde frontière et le directeur de l'agence Aegyptous, organisateur du safari.
Un agent de sécurité égyptien a déclaré que 30 membres des forces spéciales, transportés à bord de deux hélicoptères, avaient lancé l'agression pendant la nuit juste avant l'aube.
« Un échange d'incendies s'ensuit, et la moitié des kidnappeurs ont été tués, l'autre moitié a fui », a déclaré l'officier qui a demandé l'anonymat.
Il a déclaré que 150 membres de l'unité des forces spéciales égyptiennes "réponse rapide" ont été envoyés au Soudan dans son ensemble, où ils ont reçu le soutien des commandements allemands et italiens.
Le chef du corps diplomatique italien Franco Frattini à Belgrade où il est actuellement, a mentionné le rôle joué par des agents secrets italiens et des éléments des forces spéciales.
« Nous devons reconnaître que nous avons obtenu ce résultat grâce au professionnalisme et à l'efficacité de nos hommes des services secrets, des forces spéciales », a-t-il dit, sans plus de détails.
Il a également refusé de payer une rançon.
Le lendemain, l ' armée soudanaise avait prétendu avoir intercepté un véhicule de patrouille 4x4 à bord dont les capteurs, en tuant six, y compris le chef tchadien, et en arrêtant deux.
L ' armée a affirmé qu ' elles étaient liées à un groupe rebelle au Darfour, le Mouvement de libération du Soudan (SLA-U), quelque chose que ce mouvement a immédiatement refusé.
Lettres - La majorité silencieuse de la culture
Un débat sur le financement de la culture a fait les titres et a englobé cette campagne électorale.
Bien.
Mais un secteur de notre vie culturelle reste toujours oublié.
Qui dénoncera la misère qui est accordée aux petits musées, archives, sites archéologiques ou historiques nationaux qui ont faim pour être financés?
Quel politique ose rappeler au gouvernement fédéral qu'il néglige ses monuments et ses bâtiments patrimoniaux?
Au Québec, au Canada, nous n'avons pas de lois réelles qui préservent efficacement notre patrimoine?
Saviez-vous que le gouvernement français consacre trois millions et demi d'euros juste pour la restauration du château de Chinon dans la vallée de la Loire?
Nos voisins américains ont écrit dans la Constitution de leur pays que la protection du patrimoine fait partie de la culture américaine et que ce patrimoine doit être protégé par tous les citoyens, tous les élus et tous les ministères gouvernementaux, et cela, en coopération.
Au Québec, l'histoire de la Fédération des sociétés du Québec, au moins 40 000 bénévoles regroupés dans 211 organismes d'histoire, d'héritage, d'archives et de généalogie, s'intéressent à la recherche de l'histoire, à la préservation, à la préservation, à l'obtention de peu de fonds, à des fouilles d'archives privées et à la préservation de restes archéologiques.
Ils sont souvent les chiens de garde de notre héritage, qui protestent avec l'énergie du désespoir lorsque les développeurs et les constructeurs lancent leurs bulldozers contre nos anciens bâtiments et nos cimetières oubliés.
Quand y aura-t-il un forum pour l'histoire et le patrimoine?
Banque fortis partiellement nationalisée par les gouvernements Benelux
Les États de Benelux aident Fortis, la banque belge-dutch - qui est le premier institut financier européen en difficulté en raison de l'effet de suivi de la crise des prêts américains - par un rachat partiel de l'État. Les trois pays ont accepté d'injecter 11,2 milliards d'euros dans la société bancaire et d'assurance ayant des intérêts hongrois.
À la fin de cette semaine, les gouvernements belges, luxembourgeois et néerlandais ont consulté cette question au plus haut niveau, avec la participation du président de la Banque centrale européenne et du commissaire à la concurrence de la Commission européenne.
Au sein de la zone euro, Fortis est la première banque touchée par la crise financière internationale qui s'approche des vagues au cours des 12 derniers mois. Ainsi, d'un certain point de vue, les décisions peuvent être considérées comme des précédents.
En vertu de la décision prise le dimanche soir, chaque gouvernement prendra une participation de 49 % dans les banques Fortis dans leurs pays respectifs.
La banque vendra certainement une partie de ses actions, en particulier les activités d'assurance, qu'elle a achetées auprès de l'ABN Amro néerlandais l'année dernière.
Les parts Fortis ont commencé à plonger profondément la semaine dernière, puis dans la deuxième partie de la semaine, des signes d'une crise grave apparaissent à l'entreprise.
Les analystes conviennent que la banque - avec ses 85 000 employés - est trop grande pour être autorisée à faire faillite.
Les parts de la banque ont chuté de 12% le vendredi, soit le niveau record le plus bas pendant 14 ans.
La valeur des actions a été baissé de deux tiers depuis janvier.
Compte tenu des prix actuels des actions, la valeur du capital de marché du groupe est d’environ 14 milliards d’euros. Cependant, les directeurs d’entreprise affirment que cela ne reflète pas la réalité.
La direction blâme les incertitudes à l'étranger - qui sont liées à l'acceptation du paquet américain de 700 milliards de dollars - pour la chute des actions Fortis.
Les stocks ont légèrement augmenté le lundi.
Filip Dierckx a été nommé le nouveau directeur général de la banque vendredi.
L ' institut financier cherche également des acheteurs privés, mais aucune offre substantielle n ' a été faite jusqu ' à présent.
Le gouvernement belge a déclaré plus tôt que les investisseurs n'avaient aucune raison de s'inquiéter, ils ne perdraient pas leur argent.
Aucune panique n'est apparu jusqu'à présent parmi les clients de la banque; aucune précipitation bancaire n'a eu lieu.
Fortis a un établissement bancaire propre en Hongrie et a également acheté des sociétés de location.
Fox dans le Henhouse
Les compagnies américaines d'assurance-vie et de santé refusent souvent de vendre des assurances à certains citoyens en raison de leurs données d'achat de drogues.
Les experts en protection des données ont peur que le marché des données devienne incontrolable.
"Il existe un programme de protection des données qui exige l'autorisation de l'intéressé pour utiliser les données sur l'ordonnance de médicaments.
Elle devrait être indépendante, sinon le renard gardera la maison de poule », cite Richard Dick, développeur du programme applicable au suivi des ordonnances de médicaments.
Les compagnies d'assurance décident de la taxe d'assurance et du montant à verser en cas de dommages-intérêts en fonction de l'état de santé du client concerné, et s'elles le jugent trop risqué, elles ne fournissent pas d'assurance.
Les clients qui appliquaient des demandes étaient envoyés pour être soumis à un examen médical, et le contrat n'a été conclu que compte tenu des résultats du dépistage.
Dick a développé une méthode beaucoup moins chère il y a dix ans : sur la base du numéro d'identification du client, le type de médicaments achetés par le client au cours des 18 derniers mois peut être facilement détecté, de sorte que le programme peut tirer les conséquences par elle-même en ce qui concerne les maladies que le demandeur souffre ainsi que leur état de santé.
Par exemple, le cas d'acheter régulièrement de grandes doses de médicaments réduisant le cholestérol se réfère pratiquement au fait que le client a un taux de graisse sanguin intraitément élevé, ce qui permettrait de mettre immédiatement cette personne dans une catégorie de risque plus élevée.
Le programme dispose de différentes versions commerciales, certaines d'entre elles définissent même le facteur de risque, de sorte que la compagnie d'assurance n'a rien à faire que les documents, bien que des difficultés plus petites surviennent.
L'un des inconvénients est le fait que certains médicaments peuvent être utilisés à plusieurs fins, par exemple certaines formules médicales sont de traiter la migraine, les vagues de chaleur ou même la dépression.
Ce dernier est un facteur important d'augmentation du risque du point de vue des assureurs d'entreprise, tandis que les deux autres ne le sont pas.
Il existe des entreprises qui traitent de l'obtention et du traitement des données, et elles demandent l'autorisation du patient avant d'acquérir les renseignements nécessaires des pharmacies.
Ils sont déjà obligés de le faire, bien que leurs échecs antérieurs n ' aient pas été sanctionnés.
Certaines entreprises traitent même les résultats des examens de laboratoire et connectent ceux-ci à des données sur la consommation de drogues, de sorte qu'elles peuvent fournir des informations plus précises sur l'état de santé des patients.
De plus en plus d'entreprises ont accès aux données et, parallèlement, le contrôle de leur utilisation devient de plus en plus difficile.
Il existe une loi spécifique sur la protection des données sur les soins de santé, mais son champ d'application ne comprend que les prestataires de soins de santé et les compagnies d'assurance.
Le projet de loi sur la fourniture du pouvoir d ' inspection aux autorités sur les sociétés traitant de la fourniture de données a été soumis au Congrès.
Dick Richard se rend compte que ce n'est pas suffisant: c'est pourquoi il a développé son programme, ce qui restreindra désormais le transfert de données à l'égard de l'exigence du consentement exprimé de la personne concernée.
Toutefois, il est d'une autre question que le demandeur ne peut refuser réellement le consentement, sinon les compagnies d'assurance ne conclureont pas un contrat avec elles.
Ainsi les poules, jusqu'à un certain point, continueront à dépendre de la bienveillance du renard.
Menu mondial de Marseille
L'Union européenne et l'Inde doublent le commerce
L'Union européenne et l'Inde étant les principaux partenaires commerciaux les uns des autres, l'ordre du jour du neuvième sommet a également été dominé par cette question en plus d'autres problèmes, principalement mondiaux.
Aujourd'hui, un sommet entre la France et l'Inde se tiendra aussi, en particulier en ce qui concerne la coopération en matière d'énergie nucléaire.
Bien que l'Union européenne reconnaisse que l'Inde est une puissance mondiale démocratique émergente, qui devrait être octroyée en matière internationale, les États membres n'ont pas encore été en mesure de parvenir à un accord s'ils soutiennent l'adhésion permanente de New Delhi au Conseil de sécurité de l'ONU ou non.
Cette question n'a donc pas été forcée lors du neuvième sommet, organisé hier à Marseille.
Le président français Nicolas Sarkozy, président de rotation de l'Union, le président du Comité José Manuel Barroso et le chef de la politique étrangère Javier Solana, ont accueilli le Premier ministre indien Manmohan Singh et ont accepté de doubler, c'est-à-dire d'augmenter à plus de 100 milliards d'euros, le flux commercial en 5 ans.
Étant donné que l'échange de marchandises a été porté de 25 à 55 milliards entre 2000 et 2007, ce n'est pas un objectif trop ambitieux.
En conséquence, 26 conventions bilatérales sur l'aviation civile avec l'Inde ont été légalement harmonisées, ce qui signifie que le trafic aérien peut se déplacer à l'avenir.
L'Inde a pour objectif de signer l'accord de libre-échange avec l'Union jusqu'à la fin de 2009.
Sarkozy a promis d'accélérer l'harmonisation.
L'objectif est de trouver l'équilibre alors que l'Inde est un partenaire commercial de l'UE, en même temps New Delhi n'a que la neuvième place sur la liste des partenaires de l'UE.
Le sommet s ' est concentré sur les questions mondiales :
En ce qui concerne la situation en Afghanistan et au Pakistan ainsi que le terrorisme, les deux parties ont condamné cette dernière sous toutes leurs formes et la convocation de la Conférence des Nations Unies a été instamment engagée.
L'achèvement du Cycle de Doha a également été accéléré, bien que les deux parties soient responsables du fiasco jusqu'à présent.
L'UE a confirmé le maintien de son programme sur l'énergie et le climat, ce qui signifie avoir l'intention de réduire d'au moins 20 % les émissions de polluants atmosphériques jusqu'en 2020.
L'Inde est d'accord avec cela ainsi qu'avec l'objectif de parvenir à un accord mondial lors de la conférence sur le climat qui doit se dérouler l'année prochaine et de réduire les émissions de gaz à effet de serre de 50 % jusqu'en 2050.
Un autre objectif est de prévenir la croissance des prix des denrées alimentaires et un appel à une conférence internationale pour examiner la crise financière a été soutenu.
Le Premier ministre indien va aujourd'hui à une réunion bilatérale dans la capitale française, où il a l'intention de parvenir à un accord sur l'utilisation pacifique de l'énergie nucléaire.
Paris s'attend à ce que les entreprises françaises soient octroyées des contrats pour construire des réacteurs nucléaires en Inde d'une valeur de 20 milliards d'euros.
Selon les informations de l'agence de presse, l'accord serait en vigueur pendant 15 ans.
Plus de trois cents rédacteurs italiens à Francfort
Une forte présence de rédacteurs italiens au Salon international du livre à Francfort.
Plus de trois cents seront les rédacteurs italiens présents au soixantième anniversaire de Buchmesse, l'événement international le plus important pour l'échange de droits d'auteur.
La Foire Internationale du Livre de Francfort attend pour cette occasion plus de sept mille exposants de 101 pays différents qui occuperont les 171 790 mètres carrés de terrain avec plus de 403 000 titres exposés, et la Turquie sera l'invité d'honneur.
Francesco Maria Giro, sous-secrétaire du Patrimoine culturel et des activités, représentera le gouvernement italien lors de la cérémonie d'inauguration du Pavillon italien : en effet, l'Italie sera présente en tant qu'institution dotée d'un Stand italien – 264 mètres carrés de l'espace d'exposition.
Suivez la conférence de presse au Room Struktur du Pavillon 5.0 de la Buchmesse : c'est l'occasion où des chiffres, des tendances et une vue sur le statut de l'industrie italienne de l'édition seront présentés.
Selon les données, l'importance des livres par des auteurs étrangers dans la production italienne diminue progressivement, en particulier pour les adultes et les enfants.
Trouvé l'avion de Steve Fossett, le millionnaire a disparu il y a un an.
L'épave de l'avion de Steve Fossett, le millionnaire qui a disparu le 3 septembre 2007 en volant sur le désert du Nevada, a été retrouvée.
L'épave a été trouvée sur un plateau à 3000 mètres d'altitude, dans la région de la Sierra Nevada, dans les lacs Mammoth, à la frontière entre la Californie et le Nevada.
À l'intérieur de l'avion, cependant, il n'y avait pas de restes humains.
Le shérif du comté de Madera, John Anderson, a dissipé les doutes restants : « L'avion a été situé, nous avons envoyé une équipe, et maintenant nous avons la confirmation que c'est celui sur lequel Steve Follett volait le jour où il a disparu », a-t-il dit dans une conférence de presse.
Par la suite, le shérif a souligné qu'aucun reste humain n'a été trouvé sur l'avion, ni dans les environs.
Le millionnaire, âgé de 63 ans, a été abandonné en février.
Le Bureau national américain de la sécurité des transports (NTSB) a signalé que quelques heures après l'envoi de l'épave, une équipe d'enquête, a ensuite identifié l'aéronef : c'est le Bellanca 8KCAB, qui a disparu depuis le 3 septembre 2007, lorsque Fossett a décollé de Yerington en Nevada pour un vol de trois heures.
Hier, toujours en Californie, non loin de la frontière avec le Nevada, certains effets personnels appartenant à Fossett ont été trouvés par un couple près de leur maison à Mammoth Lakes.
Les articles sont deux documents au nom de Fossett, tous deux émis par l'Administration de l'aviation fédérale de l'Illinois, un peu d'argent, et un sweat-shirt.
La recherche de Fossett a été annulée un mois après sa disparition.
Le millionnaire s'était acquis une place dans l'histoire grâce à une série de records mondiaux.
En 2002, à sa sixième tentative, il est devenu le premier homme à terminer le voyage mondial dans un ballon à air chaud : un vol en solo de deux semaines.
Trois ans plus tard, il a fait le tour du monde en avion sans atterrissage.
Parmi ses nombreux records, il y a aussi 15.445 mètres, au-dessus des Andes, mais avec un copilote.
Glk, la publicité qui ne vous attend pas
Un SUV qui est en dehors des normes avec un design original défini par des lignes décisives, des surfaces amples et des coins de coupe propre.
En résumé, c'est GLK, le dernier ajout aux véhicules "compact" hors route du fabricant étoilé, avec lequel Mercedes-Benz a essayé de laisser un souffle d'air frais dans ce secteur.
Juste parce que ses caractéristiques sont hors des normes traditionnelles, le message accompagnant le lancement du GLK SUV sera aussi inattendu et non conventionnel, il sera disponible dans les showrooms Mercedes-Benz à partir du 17 octobre prochain.
Ainsi, la campagne publicitaire qui accompagnera les débuts du nouveau véhicule démarrera une nouvelle méthode de communication qui comprend également une campagne futuriste de panneaux publicitaires 3D, utilisé pour la première fois en Italie par une marque automobile.
Un projet de grands panneaux publicitaires, mis en marche en trois phases différentes, qui dominera la plus centrale rue commerciale milanaise, Corso Como, jusqu'au 15 novembre.
La première phase de ce nouveau type de communication commencera par une présentation de la voiture en vision stéréoscopique, et grâce à des verres spéciaux distribués dans le quartier de Corso Como, il sera possible de voir le nouveau SUV en véritable taille et format 3D.
En fait, en regardant l'image, on obtient la sensation que la voiture protruit de l'affiche.
Par la suite, grâce à l'utilisation de la technologie innovante Elumina 8 tous les détails du nouveau GLK seront illuminés à différents moments, puis recomposés comme une seule image.
Sans aucun doute, Mercedes, par cette publicité, essaie d'introduire quelque chose de nouveau dans le domaine conventionnel de la publicité automobile.
Sera-t-il possible, avec cette formule, de susciter l'intérêt des futurs acheteurs? Nous verrons.
Voici qui sont les hooligans italiens
du Tri-Veneto, susceptible d'être interdit d'assister à des installations sportives (Daspo).
Mais qui sont ces 150-200 personnes dont l'Italie est maintenant honteuse? Ils font partie du groupe "Ultras Italia" qui soutient depuis des années l'équipe nationale de football et, jusqu'à présent, la vérité est connue, n'a jamais créé de problèmes majeurs.
Il n'a pas non plus affronté les fans opposés.
L'extraction du groupe est à droite.
Les promoteurs sont de Tri-Veneto.
De Vérone, Padoue, Trieste et Udine.
Ils ont été rejoints par quelques petits groupes (en réalité, très peu de membres) de Campagnia et de Puglia.
Ils ont des drapeaux tricolores avec la ville d'origine des militants sur eux : ils ont été enlevés samedi pour ne pas pouvoir les identifier.
Ils prennent leurs idées des fans anglais.
En Bulgarie, ils ont trouvé des partisans qui étaient de vrais nazis, le groupe Levski.
La FIGC avait mis à la disposition des fans italiens 144 billets pour le match : tous personnels, donc faciles à vérifier.
Et le ministère de l'Intérieur de Viminale en fait les avait vérifiés tous : parmi ces groupes qui allaient à Sofia aucun n'était interdit, aucun n'avait été interdit de fréquenter un stade.
Quatre partisans italiens, qui avaient déjà commis des crimes liés au stade, avaient en fait été refusés des billets et empêchés d'y aller.
Le Ministère de l'Intérieur attend maintenant de pouvoir lire les dossiers officiels, qui devraient arriver de la police bulgare avant de prendre des mesures : dans ce cas, il est possible d'interdire pendant au moins cinq ans les partisans qui ont été arrêtés ou ceux qui ont été identifiés lors des perturbations.
Un banniment international qui interdit non seulement la présence de stades en Italie mais aussi dans toute l'Europe.
Nos hooligans, en bref, n'entreraient pas dans un autre stade.
Heureusement.
Mais maintenant il y a crainte d'émulation, c'est-à-dire que d'autres se joignent à ce peu plus de cent cinquante.
« Nous devons immédiatement dénoncer cette conflagration et ne pas légitimer ceux qui se comportent de cette manière », affirment ceux du ministère de Viminale.
Ainsi, « les yeux sont très ouverts, surtout parce qu'il y a l'équipe nationale qui joue mercredi à Lecce ».
En Puglia, en fait, il y a un petit noyau de supporters Ultras Italia.
Demain l'Observatoire rencontre, mardi le CASMS qui peut compter sur une section de l'AISE, c'est-à-dire le service secret, qui traite exactement les problèmes dans les stades.
"Le chorus Duce-Duce et le bras tendu pendant l'hymne Mameli ? En Bulgarie, ce n'est pas un crime..."
Ce sont les pensées (exprimées avec grande déception) de Domenico Mazzilli, qui, il y a quelques semaines, est le directeur de l'Observatoire de la Viminale (il a réalisé le poste qui a été initialement détenu par Francesco Tagliente et puis par Felice Ferlizzi).
Précédemment, Mazzilli était le chef de l'administration policière à Trieste où il y a un noyau de partisans d'Ultras Italia, fondé en 2002.
C'est vrai, dit Mazzilli, qu'en Bulgarie, ce n'est pas un crime de chanter des hymnes à la Duce, mais certainement le comportement de ces 150-200 fans a été honteux.
« Je ne suis pas sociologue - ajoute le n.1 de l'Observatoire - le crime devrait être imputé dans le pays où l'incident se produit.
Jusqu'à présent, ce groupe est resté dans les lignes, nous verrons maintenant ce qui s'est réellement passé et nous l'évaluerons pour une référence future.
Mais parlons aussi du sifflement à l'hymne Mameli : ce n'est pas aussi un crime en Bulgarie, mais, si je suis autorisé à dire, ce n'est pas de bonnes manières ...".
