加州水项目上的新问题
部落客及一位州立法者表示, 要求更多解释政府支持的160亿美元的供水工程由谁来支付。
反政府人士指出, 洛杉矶首都水区周四所描述的政府资金可能与州立长期保障相悖, 即各地方水区(非加利福尼亚州本身)将承担布朗在南萨克拉门托河(Cacramento)挖掘35英里长的双隧道,
用于隧道的初步支出为2.48亿美元,尚未获得法规批准,现已成为正在进行的联邦审计的主题。
周三州立法者也下令对隧道支出进行国家审计。
Nancy Vogel女士在星期四表示, 尽管位于洛杉矶的首都水区有账户,
然而,反对隧道和纳税人集团的人在星期四提出批评,本周审计命令背后的州立法者Susan Eggman女议员要求州星期四作出澄清。
霍華德·賈維斯稅務工協會的國會議員David Wolfe說:「這是一個空殼遊戲,
我想昨天又回到了审计(要求):这里的问题比答案多得多。
地道工程得到Brown及某些具有政治影响力的水区及中南加利福尼亚州供水用户的认可。
支持者表示隧道将有益于环境, 并为加利福尼亚州提供更安全的供水。
反對者表示害怕政府利用隧道将太多的水从萨克拉门托河和舊金山湾转移出去,
原本打算从隧道取水的大都会和其他供水区尚未承诺支付水费,
除非该项目首次获得监管批准, 否则他们不会为完成目前有关隧道的初步工程支付费用。
首都LA水区月度关于隧道工程的报导表示:「州政府表示,
当地供水区花在了这个项目上, 包括来自他的供水区6300万美元,
他向国家发言人Vogel提出更多问题。
Vogel表示政府打算从现有半个世纪之久的供水网络(国家水项目)的用户费中抽取钱,
然而, 隧道反对者指出2009年州立法者通过的一项措施, 规定政府不得在隧道上花钱,
Patricia Schifferle是一位环境顾问, 也是拟议隧道的长期反对者。
問及這筆錢是從哪裡突然找到的。
商业团体呼吁中国捍卫网络安全法
国际商业团体联盟呼吁中国修改他们警告的拟议网络安全规则,
致中国总理李克强的信由来自美国、欧洲、亚洲和拉丁美洲的46个团体签署,
签署者包括美国商会、欧洲服务论坛以及来自日本、韩国和墨西哥的团体。
提议的规则要求提供商向中国当局说明安全产品如何运作,并在国内储存中国公民的信息。
上一封信(日期为星期三)表示,
天津化學爆炸:一年後的致命災難
張孟凡說公眾應該知道天津爆炸發生了什麼
中国领导人可能希望静默的纪念活动, 以纪念173人死亡的大规模化学爆炸一周年,
John Sudworth在天津報道
几乎在世界任何其他地方,
但不是在中国
在天津市为一些死去的消防员举行追悼仪式,
有人告诉共产党控制的媒体,它能说什么也不能说,有人警告一些幸存者和死者家属不要向外国新闻界讲话。
但23歲的張孟凡不會保持安靜
「在這個紀念日上, 應該有辦法讓民眾知道發生的事」,
我不想沉默
去年8月12日,张先生是一名拥有军事消防队的无线电接线员,驻扎在距离爆炸中心仅一公里的地方。
「那晚10點53分接到電話,
到了现场要花10分钟
来自该市其他地方的其他船员也抵达该市,以对付一个化学储存库的大火。
所有这些组织都忽略了以下事实:大量挥发性有毒物质被非法储存,远远超出允许的数量,而且没有适当的管理。
火是當一整批硝化纤维素(指甲油中使用的一种化学品)被允许干燥后在夏季热中点燃時起的。
然后它扩散到800吨巨大的硝酸铵肥料储备中。
爆炸打碎了窗户,把车顶放在消防站,张孟凡在电台等候现场报告。
这些报告从来就没有来过
他告訴我:「當我看到蘑菇云我陷入絕望時,
我知道这对我的朋友意味着什么
那晚有26名消防員被派到火堆裡 8人沒回來
其中许多人受到严重烧伤和其他伤害。
两次大爆炸中最大的一次是地震事件,
损坏费用总额超过1美元,包括被摧毁的300多栋建筑物。
共有173人丧生,其中104人是消防员。
八具尸体至今未找到
政府的官方调查将腐败、政治关系和官方勾结归罪于政府,
仓库原本不应该建在离住宅楼如此近的地方。
100多名官员和公司主管正面临某种纪律或刑事调查。
因此政府可以指出已经取得的进展, 数千所房屋得到修复, 居民得到补偿,
这场灾难暴露了经济快速增长是优先事项、缺乏独立监督是生活现实的系统中的裂缝。
那晚的勇敢和责任感是不容置疑的,
消防员作为受害者, 在没有适当知识的情况下 被送入一场可以避免的 人为的灾难中
Zhang Mengfan已經離開消防隊,
他心裡會帶著一個訊息 給他死去的同志們
我最想告诉他们的是:我去看过你的父母,他们很好。
把你父母交给我
我现在是你家人了
我会履行你的职责
寒冷的春天會影響 苏格兰的青蛙射擊季
今年的寒冷天气打击鸟类數量。
許多早期小雞在寒冷的春天生活不下去,
苏格兰狩猎者协会(SGA)指出,
但動物保護慈善組織OneKind呼籲停止對鳥群的「屠殺」。
該組織的主任Harry Huyton說:「維持大量遊戲鳥供槍擊用的努力是巨大的,
公众不理睬这项所谓的运动, 要求政府追究苏格兰少数人所享受的残忍、不必要的做法,
但土地所有者坚持认为,他们致力于保护土地,而农庄射击对农村经济至关重要。
SGA的主席Alex Hogg表示, 该行业每年在偏远地区支持8,800份全职工作,
他表示:「與許多其他歐洲國家相比, 蘇格蘭並沒有內心的「捕獵」文化,
Hogg先生表示,依赖射击的全职工作数量超过了爱丁堡国际节、Fringe、Tattoo和Hogmanay加在一起创造的职位。
他补充说:「目前苏格兰农村地区确实有就业问题, 特别是石油和天然气,
我们想与苏格兰政府合作, 确保辛勤工作的人今后能继续依赖这些职位。
RSPB Scottland相信八只金鷹 在草地附近被非法杀害
但SGA表示该行业「在最佳做法方面有重大進步」。
青蛙射击季的开幕日 传统上被称为"光荣十二号"
然而,这项运动仍然引起争议,而野生生物的一些身体对猛禽的迫害也与野生生物的牧草管理有关。
斯普特苏格兰分會(RSPB Scottland)說八隻有標記的金鷹在五年內在因弗內斯東南的Monadhliath山中消失。
野生生物慈善團體認為他們是在草木附近被非法殺害的 它們的卫星追蹤標籤也被毀了
苏格兰环境部長Roseanna Cunningham表示,
Cunningham女士已命令官员分析约90只有标签的幸存和失踪鹰的证据,
Scottish Moorland Group指控斯普萊特(RSPB)試圖在草根季前激起反射擊的感情,
2016年里约奧運:Bryony Page贏得英国的蹦床銀牌
GB的頁面在搖滾樂中贏得銀牌
Bryony Page成为第一位在里约取得奥林匹克蹦床奖牌的英国女性,
加拿大的Rosannagh MacLennan以56.465分赢得第二届奥林匹克冠军,
世界冠军李丹(中国的李丹)拿了铜牌, 而英国的另一位决赛选手凯瑟琳·德里斯科(Katherine Driscoll)第六名。
真不敢相信我贏得了奥林匹克奖牌
」:「我很開心,
我不知道那是一枚奖牌 但我的表演是我所能做的最好的 所以我很高兴 所有的训练和辛勤工作都得到了回报
我很高兴能和Kat分享决賽 一个人本可以成为历史 而我们只有两个人
在赢得奥运银牌之前,Page在一次国际活动中的最高职业生涯是2015年丹麦世界锦标赛的第五位。
Trampoline在2000年首次参加奥林匹克比赛,这是英国妇女首次进入决赛。
对奖牌的反应
球隊的內森·貝利 週六男士的蹦床上 唯一男性成員 欣喜若狂
兩次奧林匹亞體育館的Hannah Whelan,
Page在谢菲尔德大学获得一流的生物学荣誉学位。
2016年, 斐濟球迷慶祝贏得橄欖球七金獎章,
一名12岁的男孩在去最近的电视机的半英里旅程中 跑过甘蔗田看球赛
斐济首次获得奥林匹克奖章后,
銀行關閉、商店關閉、狂歡者佔領蘇瓦舞、歌唱和歡呼的街道。
斐济在Deodoro体育場的橄榄球第七场决賽中擊敗英国43-7,
整个岛国上千人停止了观看历史决赛。
斐济在赢得第一枚奥林匹克奖牌后,
身穿斐济彩色球衣和橄榄球衣的支持者,
在最后的哨声吹响, 兴奋的狂欢者 走上街头欢呼和舞蹈。
斐济時報報導:「有些人甚至停車在蘇瓦的繁忙街道上,
校對:Portnoy
爱尔兰联盟总理分会:芬恩哈普斯0-5
Aaron McEneff 向Finn Park的访客加了二分之一半的罰金
德里市在总理府升至第二位,
Aaron McEneff 控制糖果店,
內森·博伊爾在下半場早點開槍回家 舒伯特在基思·沃德的晚期 完成芬恩公園大賽前 敲了第四場
周一晚上在白兰地韦尔碰面,
Derry首次在三场比赛中 赢得了西北对手的胜利 而他们很少被一个令人失望的哈普斯人所困扰
McEneff在Ciaran Coll對Shubert的挑戰17分鐘後,
无疑是第二支火腿, 前糖果手巴里·莫洛把舒伯特和麦肯夫 带到休息3分钟后,
Boyle在重新开始8分钟后,
市政監管人Gerard Doherty昨晚很安靜 但是他為了不讓David Scully參加 最佳的比賽開幕會 做了一筆罰金
Schubert在83分钟后爆破了Col的球 很快沃德的精明芯片 落在Harps 停止器Richard Brush上面
这是Derry在竞选中最大的胜利 也是与Cork决斗的完美准备
Inverness大学UNI课程大规模失败后, 可能出现类似情况
整班20名学生可能都未能上完因弗内斯学院UHI开办的高级媒体课程。
大多是17歲和18歲的學生,
Inverness学院UHI说,质量保证程序已经到位,并补充说,苏格兰资格管理局正在进行调查。
SQA的发言人表示,
二十名学生报名参加因弗内斯学院UHI开办的有标记的课程。
许多学生是农村地区的年轻人,他们接受在线学费,但也得经常访问他们在Lochaber等地居住的Inverness的学院。
其中一位学生的父亲表示, 在她的女儿在社交媒体上发表有关她的工作得不到奖项的文章后, 至少有十位其他学生站出来表示,
他對BBC News Scottland在網絡上說, 去年在因弗內斯大學UHI,
但是她可以接受另一所大学的报价,
她的父親說有其他人上過大學時的媒體課程,
Inverness学院UHI是高地和岛屿大学的一部分。
Inverness学院的校长兼首席执行官Diane Rawlinson说:“我们非常认真地对待考试成绩和学生成绩。”
我们今年早些时候收到的高校教育报告出色,以及我们在进修和高等教育方面实现的成绩逐年提高,都证明了这一点。
和每年一样,我们正在对所有公布的结果进行审查,将其与每个学生的预测结果进行比较。
就这一课程而言,通常的质量保证程序已经到位,授标机构核查员最近报告说,“在提供和管理该奖项方面有很大的优势”,并确认“评估判决符合国家标准”。
应我们的要求,SQA目前正在调查此事。
SQA发言人表示:「我们很高兴2016年媒体评估如期进行,
许多候选人成绩优异,与去年的同样学历相比,A-C成绩率略有提高。
它是按照过去和模范文件以及我们的课程和评估规格设计的。
在基爾馬諾克因武士劍"血浴"而坐牢的兄弟們
Jason Bryden被武士刀、刀和钉子袭击
兩兄弟因殺害一名武士劍手而遭監禁,
受害者Jason Bryden, 38岁,在2015年7月5日Kilmarnock家中遭袭击时多次被刺伤。
在Glasgow高等法院,James Clark, 36岁,在被判犯有谋杀罪后被判处监禁至少22年。
他的兄弟John,38岁,在被判犯有较轻的杀人罪后,被判处10年监禁。
法官Bill Dunlop告訴兄弟們,
他拒絕任何关于Bryden先生一直在等待他们携带武士剑的任何建议。
Dunlop法官又說:「你們打算用至少一把刀和尼查克(Nichucks)非法進入。
Jason Bryden可能是毒販 但他是個兒子 父親和朋友
他被你宰了
在兩人被關入監獄後, 領導調查的Det Insp David Moran說:「約翰和詹姆斯·克拉克的暴力和恐怖行為造成杰森·布賴登死亡」。
在这种可怕的情况下,在38岁时,家庭被迫忍受一种令人心碎的局面。
法院先前听说基尔马尔诺克的兄弟们决定抢劫Bryden先生的金手镯,这是他们以毒品换取给他的。
兩人喝高了,喝高了,喝高了,喝高了,喝高了,喝高了,喝高了。
凶手使用的剑据信是死者的
鄰居們說他們可以看到Clarks在Bryden先生坐在窗邊的沙發上,
檢察官Richard Goddard對審判說:「這是對這名男子的持續、瘋狂的攻擊」。
之后,杀戮现场被描述为"血腥屠宰"
除了刺伤外,Bryden先生在袭击中还受到钝器创伤。
他三天後死於基爾瑪諾克的交叉醫院。
兩兄弟都否認這起謀殺案。
詹姆士·克拉克(James Clark)有38起前科,
John Clark先前已定罪23人,
男人因抖抖和殺死儿子而坐牢
David Sinclair 承認2012年在东部Kilbride的家中殺了孩子。
一個因為不吃東西而震撼並殺害兒童的男子,
David Sinclair於2012年12月6日在南拉納克郡東基爾布萊德的家中,
死因只有在医疗专家进行病例审查后才发现。
Sinclair, 34, 最初被指控犯有谋杀罪,
法官Bracadale对辛克莱說:「你用搖晃打你的儿子,
你一定知道你震撼他的時候, 但你沒有透露。
只是在进行了广泛的医学调查之后 你才承认自己做过的事
你妻子相信你
她現在覺得自己被你迷惑了 再也無法再支持你了
Bracadale大人形容Joshua死亡的后果是「灾难性的」,
法院先前曾听说,在孩子死亡的当天,Sinclair和他的妻子Kirsty与Joshua游泳,然后在东基尔布赖德购物。
5點30分 Kirsty Sinclair去見她的父母
11分鐘后她接到Sinclair的电话,
他告訴她:"Joshua呼吸不好,馬上回家。"
然后他挂了电话拨了999
婴儿被赶到Hairmyres医院,在那里死亡。
起初Joshua的死因不明, 但由一群醫療專家來審查,
牛津John Radcliffe医院的儿科神经外科顾问Peter Richards博士表示:「这与他遭受震撼性伤害,
伊恩·杜吉德(Ian Duguid)為QC辯護,
2016年里约奧運: Chloe Tutton似乎質疑Yulia Efimova,
GB的Tutton少了200米的胸胸胸青铜
英國的Chloe Tutton似乎批評了有爭議的游泳員Yulia Efimova在Rio的存在,
Efimova在对禁止使用兴奋剂的禁令提出上诉后获准参加竞争,
20歲的威爾斯游泳員後說:「我寧願做一個完全乾淨的遊戲。
我不能帮助谁在这里。
我并不满意,但事实就是这样
埃菲莫娃第二名直到三天前才知道自己在比赛中。
我不想看到有人被淘汰 但我不认为那是正确的
她不該參加比賽 一個20歲的英國人應該有獎牌
Rie Kaneto在2016年里约赢得日本第七枚金牌,
中國的金林史平贏得了青銅,
她的英国队友Molly Renshaw 20岁 第六任畢業
Tutton又說:「第四個時代是有點破碎,
这是一个伟大的经验,我有点失望 成为第四。
我差那么一点就拿到一枚奖牌了 那简直就是一场梦
但只是进入决赛 是一个伟大的经验 我会采取我 与我在未来的岁月。
它有点直白,但它会让我很难 从长远来看,它只是让我更渴望 一枚奖牌 所以,希望下次我会更接近。
Tutton在英国纪录之外 刚完成0.01秒 在女子的200米的乳房舞曲决赛
「每個人都應該有第二次機會」
Efimova说她厌倦了回答关于她过去服用过药的问题,
2013年,在她体内发现甲状腺类固醇痕迹后,她被禁止进入16个月。
体育仲裁法院(CAS)裁定,不能以运动员以前曾受到制裁为由禁止他们离开里约。
CAS考虑过我的上诉,我赢了
如果有人不喜歡, 且有不同的看法,
我不是在用药,我从来没用过
第二个案子完全不是我的错
每个人都应该有第二次机会
当你开车,你刚刚得到一张罚单, 没有人会把你关进监狱。
Ben 驕傲的權力 至50米的自由式決賽
Ben Proud建立了英国的纪录 以达到50米的自由式决赛
英联邦冠军Proud, 21, 21,54秒,
你的代表团很粗魯又粗魯
印度体育部长Vijay Goel是里约奥运会的显著人物,
印度媒體信托基金報導, 他和他的大同伴显然以不規矩的行為激起奧運官员的憤怒,
Vijay Goel在七月的照片中为他的行为辩护。
奧運組織者在星期三威脅說, 如果Goel的行为沒有改善,
2016年里约組織委員會的國內經理Sarah Peterson寫道:「我們有多份報告,
当工作人员试图解释不允许这样做时,他们报告说,与部长在一起的人变得凶猛和粗鲁,有时被推过我们的工作人员。
」這封信繼續寫道:「如果我們的儀式團隊知道有這種行為的更多例子,
印度代表团团长把此事稱為「非议题」, Goel 也表示他沒有做錯事,
他在推特上說:「據我所知,
校對:Soup
除此之外,印度的奧運很暗淡, 目前為零獎牌。
Michael Phelps现在有印度历史上获得的26枚奖牌。
包括2008年在北京贏得金牌的槍手Abhinav Bindra,
他这次是第四次了
作者與專欄作家Shobhaa De在Sandonic Twitter上說,
但一些光明的希望仍然存在, 竞争者在拳击、高尔夫球、网球、田径和羽毛球方面领先,
獨居的印度女體操运动员Dipa Karmakar(Dipa Karmakar)将在星期天的金庫决賽中競賽,
對於一個有12.5億人口的国家而言,
分析家表示,
民族迷恋是板球,
印度尚未投入大量资金, 用于奥林匹亚的基础设施和培训,
父母历来把学术重于体育。
体育管理机构也因贪污腐化而支离破碎。
2012年,国际奥林匹克委员会因印度奥林匹克协会违反其章程而中止了该协会,因为他们选举了有待决刑事指控的领导人。
在索契,印度的三名冬季奥林匹亚人甚至不被允许为祖国竞争、举旗或佩戴徽章。
他们作为独立人士竞争。
爆炸力: 波士顿-萨卡拉门托喷气蓝色飞机在南达科他降落
据CBS Sacramento报导, 22名乘客和两名机组人员在动荡中受伤,
429班机从波士顿飞往萨克拉门托 在当地时间晚上7: 30前降落在南达科他州拉皮德市
航空公司表示,伤员被送往医院评估。
JetBlue說,它派了人來幫助傷者, 一架替代的飛機被飛到Rapid City, 帶其他乘客去薩克拉門托。
缉毒局错过了吸食大麻的机会
悲哀的答案是:不可能。
這是一個錯失的機會, 可能會进一步延遲對無數人的潜在治療。
直到今天,密西西比大学只有一个经联邦批准的研究级医用大麻来源。
缉毒署也宣布, 将允许其他地方也申请许可,
希望可供科学研究使用的大麻数量和多样性都能增加。
雖然這將被稱為研究的勝利, 但基本上只是象征性的, 因為無論有多少大麻,
想像一下,产品需求高,但被锁在门后。
回应对产品的需求, 有人做出令人困惑的决定,
大麻就是这种产品 其表一的编号是锁着的门
这就是医用大麻的困境
由于大麻是一种表一物质(根据定义,它“目前没有被接受的医疗用途,而且有很大的滥用潜力”),因此在打开大门方面存在着重大障碍。
潜在的研究人员通常先到缉毒局,因为该局颁发开始科学研究的许可证。
即使获得许可证,为了研究表一物质,各机构必须安装重型保险箱和高等级安全系统,这些保险箱和系统可能很昂贵。
更主观的考虑是,首先从你的学术机构获得批准,对表一所列物质进行研究。
即使个别教职员工想做这项研究, 大学领导也可能不想受到新闻报导的干扰或影响。
這發生在亞利桑那大學 蘇·西斯利博士在試圖進行大麻醫學審判後 被釋放
Sisley最终不得不为她的计划找到私人资金, 就在4月, 研究最初提出七年后,
然而,经过多年的官僚主义障碍之后,国家药物滥用研究所掌握了锁的最后钥匙。
今天,它是联邦最大的大麻研究公共资助者,是大麻本身的唯一供应者。
即使现在有更多的医用大麻被放出来进行研究,研究所仍将必须批准它资助的任何研究。
问题是最后一句话的名字是「虐待」。
我為我的紀錄片「大麻」訪問了舊金山大學的Donald Abrams博士,
Abrams提出一个重要观点。
即使一项研究确实跨越了上述所有障碍,如果目的是研究医用大麻的好处而不是伤害,门也可以锁住。
想想看:在过去五年中,
同一搜索只披露57份有关大麻医疗福利的文件。
大部分是大麻危害的研究, 例如「大麻的抗胆碱性效果」、「大麻引發的胰腺」、「大麻使用及肺癌风险」等。
这种不平衡描绘了一个非常扭曲的画面。
前往大麻医学研究的路上 几乎到处都是惊喜和虚伪
在缉毒局继续挖掘表一中认为没有医疗福利的地位时,美国卫生和公众服务部同时持有关于大麻素的专利,用于广泛的医药用途。
毒品管理局仍把大麻与海洛因和迷幻药放在一起,
大麻比我們通常食用的食物更安全。
例如,吃10块生土豆会导致有毒反应。
相比而言,在肉体上不可能吃到足以导致死亡的大麻。
大麻的自然形态是人类已知的最安全的治疗性活性物质之一。
任何合理分析措施都可以在受监督的医疗常规中安全使用大麻。
再说一遍 那是缉毒局的一位法官
但近30年后,
不管我们是否意识到这一点,我们都接受日常生活中某种程度的虚伪。
也許我們不總是有力量呼喚它 或者我們太無言無語了 無可奉告 似乎沒有人注意到
然而,关于联邦医用大麻政策的虚伪,值得鼓起勇气,不懈地陈述事实。
病人的生命 -- -- 例如Charlotte Figi的生命 -- -- 其收缴量因使用医用大麻而减少,以及许多其他人的生活 -- -- 取决于它。
植物能提供如此多的收益 并且仍然留在这些锁着的门后 值得一提
Bloody Beetpoint: Donald Trump 'a blond Berlusconi: 血腥的貝特草根: 唐納·特朗普的金髮貝魯斯科尼
Blood Beetroot以电子舞蹈音樂著名
音樂家們說特朗普在媒體上的主导地位 和貝魯斯科尼的相似
「我們以前在意大利有貝魯斯科尼, 對我來說, 特朗普看起來像一個金髮的貝魯斯科尼」,
共和党总统提名人和意大利媒体巨头(mogul turned Politican)都以其超過生活人格、吸引媒体注意及塑造媒体叙事的技巧而著称。
Rifo以他的电子舞蹈音乐著称, 与传奇的Paul McCartney爵士的艺术家合作, 与电子流行歌手Greta Svabo Bech在2013年的歌曲《堕落之爱的曲目》中合作。
Rifo出生于1977年威尼斯郊外的意大利城镇Bessano del Grapa, 大约在朋克摇滚诞生时,
「英文不是我的主要語言,
我试着探索,我一直在努力 提高我对你们文化的理解
Rifo敦促美国人看一部纪录片, 探索贝卢斯科尼对意大利媒体的垄断。
該紀錄片寫道:「Berlusconi曾把意大利逼瘋」,
「你看到男人可以完全反轉系統 并曲解一切... 以達他的願望」, 他說。
特朗普 在我看來 這對這個國家來說是不好的
兩名土耳其水手被關了5億英鎊的毒品
两名土耳其男子因在北海一艘船上走私价值5亿英镑的可卡因而被判入狱至少20年。
Mumin Sahin和Emin Ozmen在格拉斯哥高等法院审判后被判有罪,
据说2015年的缉获量是欧洲在海上回收的最大一次可卡因运输量。
Mumin Sahin和Emin Ozmen因在大宗毒品交易中扮演的角色而被监禁。
在船上发现的大量毒品是英国历史上最大的一次
藏藏在坦桑尼亚注册的拖船中,
皇家海军护卫舰HMS Somrset和边防部队切割机HMC Valiant拦截了它。
Sahin, 47岁,被判处22年监禁,Ozmen, 51岁,在格拉斯哥高等法院被判处20年监禁。
Kinclaven法官告訴人們, 毒品的量「不僅是大數量,
他說:「你卷入了一次最严重的商业规模行动, 涉及用船运输可卡因,
他告訴船長Sahin, 他「不在毒品樹頂端」,
在法国海关机构DNRED提供消息后登上Hamal号, 一旦在阿伯丁停靠, 他们就钻穿钢板进入一个秘密隔间, 发现128个可卡因包, 重3.2吨, 估计街面价值为5.12亿英镑。
去年哈瑪爾號被皇家海军登船
3吨可卡因在船上
整吨A级毒品在被袭击时 被挤在船上的压载油箱里
船从Bosporus驶往南美,然后在北海停靠。
空间入口是在船员宿舍的衣柜下找到的 开口被粘固了
Sahin和Ozmen被判犯有去年2月20日至4月23日期间在船上携带和藏匿可卡因以及4月21日至4月23日期间供应可卡因等罪行。
两人都是离校后在航运业工作的初犯,
对其他4名男子的指控没有被证实。
Sahin的律师Jonathan Crowe說 已婚的兩位父親是一頭"榮耀的驢子"
他說:"有人參與了毒品的运输"
能够登上船的人
Sahin先生肯定不是在毒品树的顶端,
船上的可卡因数量之多 意味着必须用起重机取走
警方在毒品被分解成这些箱子之前 花了好几天在船上渡过
Sahin在2015年2月接见哈马尔号船长,
Crowe 先生說, 他對他女兒9歲、兒子13歲的里程碑失蹤感到「失望」,
两人自2015年4月遭拘留后, 都未见到家人,
Ozmen的律師Di Moore說,
苏格兰皇家代理检察官David Havie在提到今天的判决时说:“国际毒品贸易不尊重边界,
苏格兰在追捕罪犯方面的影响力是全球性的,
毒品被装进船上的每个洞穴,包括地板下面
警方在船上的洗衣房里 发现了这包违禁品
哈維先生又說:「哈馬爾號是從法國當局的情報中發現的,
圭亚那提供了重要航运记录, 西班牙也提供了有关加那利群岛船只停靠的重要信息。
我们还与丹麦、挪威和美国的同事合作,将证据的具体要素拼凑在一起。
儘管有強烈的情報, 哈馬爾人携带大量毒品,
皇家检察院国际司法和有组织犯罪司司长Sue Patten说: 坦桑尼亚皇家检察院刑事司法顾问迅速而准确地行动,
根据国际海事法,联合王国不得在悬挂外国国旗的国际水域上船,除非该国给予具体的法律许可。
如果没有我们的刑事司法顾问的迅速行动,这艘船很可能已经逃脱,我们永远无法将这些人绳之以法。
攝影師Brian Romeijn捕捉了正在衰落的「东方快車」列車
鹿特丹攝影師Brian Romeijn拍攝了比利时一列废弃列車的照片。
圖片顯示了列車的生锈外表、撕破的座椅、被灰塵覆蓋的窗戶和緊凑工程師房。
它以东方快车运输公司获得声誉,但属于比利时国家运营商。
一位城市探险家捕捉了这些令人瞩目的照片,
車輛和車車車已留在比利时的火車場, 成為攝影師與探險家的吸引人之地。
以鹿特丹為基地的攝影師Brian Romeijn, 40歲,
火车和火车头被留在比利时的火车场腐烂,吸引了城市探险家。
1883年至2009年,这些火车以这个传奇名字运营,是奢侈品的象征。
50年前,比利时国家铁路公司使用这辆火车。
2009年12月, 以东方快车(Orient Express)名义运营的最后一列火车服务从斯特拉斯堡到维也纳,
《东方快车》在巴黎和伊斯坦布尔之间有著名
1883年 由瓦贡斯湖国际运输公司 管理 被称为东方快车
它于1891年成为东方快车,到1930年代在整个欧洲运营定期服务。
也不要和 私人经营的威尼斯精品东方快车公司混为一谈
瓦贡斯湖国际公司仍然很少有豪华轿车。
這張照片顯示了緊凑工程師的房間, 那里的设备正在生锈, 測量器仍在安装, 電線也暴露了。
Romeijn說工程師的房間是「幽閉恐懼症」,
废弃的机车和交通工具已成为摄影师和探险家的热门景点。
Romeijn在访问比利时被遗忘的火车后,
身穿漂亮裙子的女士們在旅途中加入其中。
化妝藝術家Katelyn Galloway 變化成被捕發展的Bustar Bluth
她令人印象深刻的化妝技巧、評論與變化讓Texan YouTuber Katelyn Galloway成為一團粉絲。
但根据任何人的標準,她最近從被捕的發展中 變成了巴斯特藍色,是相當令人難以置信的。
Galloway女士在上傳到她的Kiki GYouTube頻道的三分鐘影片中,
她甚至使用片段结尾部分的节目音频,
這位有才華的化妝師 開始她的視頻是她平凡的金髮女性自己
然后,通过巧妙地使用时间倒计时摄影, 她慢慢地变成了秃头的, 被勾起的"母亲男孩", 也就是托尼·海尔的巴斯特蓝。
Galloway女士用彩色隐形眼镜、遮蔽和蒙住鼻子和眼睛,
聰明的方式: 巧妙地使用時光攝影,
在影片中, 她也扮演了邪教电视角色的个性和举止主义,
影片在YouTube上分享,
「你非常有才華」,
在影片中,她也扮演了邪教电视角色的个性和举止主义。
「我愛妳在做這些時保持性格」,
Vlogger Katelyn Galloway 先前的病毒成功 她变成了公园和娱乐人物 Ron Swanson
她告訴她的YouTube追随者,
您可以在此访问Katelyn Galloway的网站。
Lancashire 父亲在穿T恤和脏話之後被禁止进入儿童学校
一名二父因穿着攻势T恤在体育日露面,
Craig McBeth, 36歲,來自蘭卡西裡的Burnley, 他說「意外地」穿著上面的口號「我們出去吧」。
儘管當他發現自己的錯誤並把T恤翻了出來時,
在伯利市Colne的公园小学任校长四年的单身父亲因禁令无法接孩子,
克雷格·麥克貝斯 36歲 伯恩利說 他穿這件激進的T恤
伯恩利先生指控主任 莎拉米吉利过度反应
他說,他受到不公平的惩罚,因为他在看他的两个孩子参加比赛之前,误穿T恤匆匆忙忙忙。
父亲现已辞去学校校长一职,
我穿上它的时候 并没有想到体育节和匆匆忙忙忙
校對:Portnoy
我道歉,把它翻了出来 并认为这是事情的结束。
但是那個36歲的孩子說,當晚晚些时候他收到總理的電子郵件, 要求他第二天見頭,
班利先生說:「那老師打電話說我被禁止去校園」,
我發現在運動日後, 有些父母上Facebook, 并大吵大鬧,
任何有理智的人都會認為這是反應過度。
McBeth先生是名为Love Mini的网上杂志的编辑,
校方與社區服務部門接通了電話,
T恤上印有Craig Charles的人物Lister的照片, 照片来自BBC的邪教喜剧《红矮人》,
「我告訴他們我不在是因為他們禁止我上學」。
問我為什麼沒接女兒。
校方也報警, 因為我40分鐘沒接女兒,
McBeth先生声称,他被告知,他不再被允许去学校,禁令将持续到另行通知为止。
他說他也受到警告,如果被發現非法侵入,他可能面临500英鎊的罚款。
公园小学校长Sarah Midgley表示,
公园小学校长Sarah Midgley表示:「我可以肯定McBeth先生已辞职,
我期待九月份能回到正常的学校生活。
伯恩利議員Joe Cooney表示,
「當你接任議員或州長之類的角色時,
Jonathan Nixon議員也認為學校不該禁止他,
尼克松先生又說:「他穿T恤很蠢,
Lancashire警察確認他們被學校召喚,
65%的委內瑞拉人想推翻馬杜羅,
三位委內瑞拉人中有兩位想推翻尼庫拉斯·馬杜羅(Nicolas Maduro)總統,
加拉加斯民众在「加拉加斯」当天好像什么都没发生过。
這位36歲的辦公室員Rafael Deyan於星期三在Altamira廣場休息,
位于加拉加斯东部的Altamira广场是2014年初抗议马杜罗政权的暴动中心。
然而如今,当反对派需要比以往更加施压, 使今年的公投得以举行时,
「我要公投, 但我不會因為安全理由抗議」,
但接纳委內瑞拉人的积极性更低。
選舉委員會主席Tibisay Lucena表示,
但我知道有些朋友很害怕, Roberto Reyes, 60歲,
反对派现在面临另一个挑战:鼓励民众走上街头并抗争。
直到最近, 公投倡议仍获得大量支持,
但當提到抗議政府阻擋行動時,
「有些人專注於製作食物線線, 而其他人在2014年多起逮捕與死亡事件後害怕」,
Lucena宣布全民公投进程的下一步(在全国收集更多签名)必须等到10月, 反對社会主义政府要求的總統馬杜羅(Maduro)和他的同党只是試圖阻止委內瑞拉,
根据《宪法》,如果全民投票在2017年举行,马杜罗可能被迫离职,但允许他提名继任者。
若他今年被赶下台,
美国国务院在星期四下午的声明中谈到这个问题,呼吁委内瑞拉当局保障委内瑞拉人民行使宪法权利。
」「总统重回公投的剩余措施需要明确、具体和毫不迟延地实施,
Luis Salamanca在2006年至2009年担任选举委員,
「我想今年不會有公投, 除非社會騷亂與抗爭愈演愈烈」,
他認為Lucena和政府違反法律,
要求加快这一进程, 以便今年能重新召回。
希望全国民众在当天动员到首都,
政府會感受到壓力,
但Salamanca認為情況不能等那么久。
「他們應該對Lucena的宣布做出更迅速、更強烈的反應,
Heredia議員承認在野陣營內有些政党要求更早舉辦集會,
反对派现在必须小心。
也有可能在第二轮簽署请愿书的投票率低。
公投进程必须在全国20%选民(近400万人)的支持下进行,
Salamanca和其他分析家相信,即使2017年被召回,Chavismo也会受到伤害。
但有些人并不那么乐观。
我们的政党今年希望政治变革。
「如果政府關閉選舉道路,
West Bromwich Albion 預覽19號,
Guardian Writers"预测第14位(NB:这不一定是Alan Smith的预测,
上一季的位置是14号
贏得聯盟的几率(通過 Odds checker) 1000-1
直到上星期, 都像是新季节, 西布隆威奇阿尔比恩(West Bromwich Albion):2016-17將會是另一場舒適運動,
但Jeremy Peace將俱樂部88%的股份賣給Guochuan Lai和Pulis,
黑域的景象已不可否认地改變, 不只是在Hawthorns, 而且是在Wolverhampton西北几英里的地方,
然而,Lai向Pulis保证说,他的工作没有受到直接的威胁,企业家也表示希望不改变俱乐部文化。
「我不想改變俱樂部的特质,
我想做个好老板 长期投资这个俱乐部
首先,我们的目标是确保我们继续参加总理大联盟,然后,我希望俱乐部在大本营的前半部分站稳脚跟。
我相信这是世界上最好的联盟 我想把这个俱乐部越多越好
這是Pulis的記錄,
下一個目標是打破桌子的上半部分, 但對於新主人和日益分裂的粉絲基地來說,
上季第14季结束后的进展肯定需要更多前端的优势。
只有Aston Villa, 尾随在底部, 得分更少, 值得提醒的是,在圣诞节Albion,
在38场比赛中, 13次未能得分,
在十場勝利中, 沒有一個超過一個目標,
可以预测,他们稀少的总共34人中,有十几人来自片段。
令人不解的是, 在Hawthorns部落格上,
在反面, 只有前六位有更好的防守记录,
包括Jonny Evans, 据说Arsenal在最近一次受伤危机后追逐他。
北爱尔兰国际享有良好的欧洲锦标赛,
Ben Foster在目标上很可靠,
Darren Fletcher, 和Evans很像, 展示了大量证据,
令各方激怒的是,关于Saido Berahino未来的长篇故事仍未解决。
斯托克和水晶宫的投标在和平的掌控下被拒,
在上个季节接近注销之后,
但正如Pulis不止一次提到的, 人们拖着他走另一条路,
Albion堅持在放走前要簽署替代文件, 但他們為Diafra Sakho的1500万英镑的搬家在接管前幾天就破裂了, 俱樂部表示他已經通過醫療,
委內瑞拉的Salomón Rondón(Salomón Rondón)受到很大壓力,
释放Victor Anichebe和Stéphane Sessègnon的决定,
Pulis在晋升青年球员的整个职业生涯中一直十分迟缓, 三个青少年Jonathan Leko、Sam Field和Tyler Roberts在上个赛季最后一局比赛中,
他將回到試驗與考驗的地點,
17岁的中场拳手在上个赛季共露面五次,
Matt Phillips是皇后公园游騎兵的55万英镑签名,
表示窗口的尽頭可能太繁忙,
Pulis上個月告訴快達與星號,
你所看到的每一个姿势
后台球员,中场球员和前台球员, 我们必须加强。
目标就在那里 我们知道我们想要什么
取得这些证书比预期的要困难得多,主要是因为接管过程中的不确定性。
由十月中旬起, 共有七場最能贏得的比賽, 由Tottenham、利物浦、曼徹斯特市及萊斯特等地,
到那时Pulis的压力就会减轻或变得不可逾越。
也許貝拉希諾也會找到新的俱樂部
Tata Steel United Steel 在受托人支持养恤金变动后更接近的救援交易
Tata Steel UK的退休受托人表示,
英国钢铁养老金计划负债为15bn英镑,而某些措施的赤字高达7 000万英镑,这严重妨碍了为Tata Steel英国公司和威尔士塔尔博特港钢铁厂进行营救。
Tata Steel在与商业秘书和养老金管理者会谈后,
该公司计划将其欧洲业务,包括联合王国业务与德国联合企业Thyssen Krupp的业务合并。
然而,这项协议的条件是,英国钢铁养老金计划正在重组,政府提供资金支持。
退休金受托人主席Allan Johnston表示,
Tata Steel和Thyssen Krupp虽然与其他计划相比资金充足,
Johnston表示受托人接受這項「不現實」,
他补充说,修改该计划的好处比加入PPF更具吸引力,因为工人必须接受减价条件。
Tata Steel消息人士警告说,
该公司自3月开始讨论英国企业的未来后, 一直拒绝保障钢铁厂的未来,
故印度企業企業希望讓钢材生意「更可持续」。
在Tata Steel在印度的年会期间发言时, Chatterjee 说重组养老金计划的会谈正在取得进展, 但他坚持该计划资金充足。
包括英国政府和其他利害相关者, 例如威尔士政府等, 查特杰(Chatterjee)指出,
人们认识到,养老金对钢铁等商品企业具有一定影响,因此我们必须找到一个结构性解决办法,但这并不影响企业向前发展。
Tata Steel欢迎退休受托人愿意合作,
计划的潜在变化包括:将基于通货膨胀的年度福利增长从零售价格指数改为较低的消费价格指数,以及将未来养恤金支付额的增长限制在法律规定的最低水平。
Johnston指出:「受托人及其顾问向Tata Steel、政府及退休金管理者提供了令人信服的证据,
我们的投资战略意味着,该计划的供资状况没有像联合王国许多其他养老金计划那样受到最近快速收益下降的影响,我们依然相信该计划有能力在自给自足的基础上提供修改后的福利。
玉米、小麦和大豆期货价格在11月11日芝加哥贸易理事会的表现好坏参半。
市场分析家認為,玉米期货价格因交易量下降而下降,而外国增加从美国进口大豆则抬高大豆期货价格。
8月11日在克里米亚发生交通事故,
據悉車輛中共有六個孩子, 其中一個在現場被宣告死亡。
伤员被送往当地医院接受紧急治疗,3名儿童和4名成人受重伤,伤势危急。
初步调查表明,事故发生地点很容易发生交通事故,原因是陡峭的斜坡和急转弯,限制了司机对道路的观察。
在11天的休息后,重庆利凡小組將對抗北京國安,
Chongqing Lifan 團隊總教練張衛龍說, 他對這場比賽很有信心,
8月9日, 北京Guoan與廣州Evergrande發生激烈爭戰, 於8月10日從廣州返國後第二天開始準備新遊戲,
将于9月13日至16日在德国杜塞尔多夫(Dusseldorf)发起「中国经济论坛-2016年北韩-西法伦联合中国之手」活动。
赞助者在重庆为四川和重庆的法院企业家提供独家许可的重庆晨报,
在结束对杜塞尔多夫的视察后,代表团成员还将前往亚琴、布鲁塞尔、科隆和法兰克福进行考察。
「重庆早报」亦將展開「重庆城市發展成就照片展」, 展現這座城市近年的经济发展成就。
近些年来,西北和中国之间的经济和贸易联系迅速发展,贸易价值达到350亿欧元。
作为中国企业进入德国的首选目的地, Nordrhein-Westfalen吸引了800多家中国企业到德国投资, 地方政府期望重庆企业家前往这个广受欢迎的地区,
省高级人民法院院长李静担任此案的主审法官,省人民检察院首席检察官王金出庭支持起诉程序。
据悉,这是省高级人民法院院长和省人民检察院首席检察官自省司法改革以来首次同时出庭依法履行职责,甚至设立了省高级法院和检察院。
在审判前,李静仔细审阅了案卷材料,撰写了案卷审查记录,并指导合议庭起草审判大纲和计划。
王金依法审查了原判决记录,讯问黄彭并听取维权者的意见,王金还补充收集了相关证据材料和审判计划。
由于案件很重要,应依法提交司法委员会讨论,判决将在选定时间内宣布。
据了解,对此案的审判是该省采取的一项重要措施,以进一步促进法官配额制度、司法问责制度和以审判为中心的诉讼制度的改革,并落实法院院长和首席检察官在主持法官和案件处理方面发挥主导作用的要求。
悠悠是很多人的童年记忆 但你见过它有不同模式吗?
几分钟后,他展示了多种方式来扮演悠悠,这真是太棒了。
Yo-yo不只是一种运动, 也是世界上最难而且最令人愉快的手足杂技运动之一,
你可以旋转小球 旋转它 改变绳索搭配方法 以展示空气中各种新模式 包括发酵轮
随着Yo-Yo运动的发展,全国发起了与Yo-Yo有关的活动和竞赛。 这种运动可以帮助人们发挥手指和智力创造力,也已成为青少年喜欢的健身手段。
一名家长因殴打校车司机而遭行政拘留,
一名学生的父母侮辱校车司机及校车教师,
厄州警方将据称有殴打行为的父母置于行政拘留之下。
8月7日早上8點左右, Xiao 先生開著巴士到新地區的一個村裡接孩子。
"今天的雨好大,我们迟到了两分钟 你不能等我们一会儿吗?
張老師下車後又遇見了張老師,
肖先生的手流血,他的头被雨伞划伤,他也表现出头痛的症状。
「我只是個司機,會按規定的時間和路線開車,
Xiao先生感到他受到了不公正,并向他所属的校车公司报告了这一事件,在与该公司领导人讨论之后,他决定报警。
由于警察的压力,8月10日,Gong先生向江州市公安局梁津分局的Wutonghu警察局自首。
同时,将消除涉及摩托车和电动自行车的生产、销售、修理、改装和装配的车棚和商店。
值得指出的是,警方将安置摩托车和电动自行车的骑手,他们聚集在公共汽车站、地铁入口和其他公共场所等待、接送和吸引乘客,毫无例外地受到行政拘留,罪名是扰乱公共场所秩序。
监管企业在过去六年中平均年增长率为52.89%,涉及基金、保险、信托、银行财务管理、养恤金、跨界投资、社会福利、交易付款和许多其他部门。
中国银行协会秘书处主任黄龙中说,资产保管已成为连接货币市场、资本市场和实体经济的重要环节,也是保障金融安全的重要体制安排。
随着中国直接融资市场和财富管理市场的迅速发展,资产保管市场发挥了越来越重要的作用。
2016年中国资产监管行业发展报告中的数据显示,到2015年底,被监管资产与存款之比达到62.74%,2011年底为17.11%。
被监管资产与金融机构存款总额的比率常常用来衡量监管部门的地位和职能。
值得指出的是,中国的资产监管机制目前存在缺陷。 许多部门都未能严格执行监管机制,甚至未能将其置于监管之下。
缺乏资产保管机制是造成P2P在线借贷、私募股权基金和其他部门爆发风险事件的主要原因之一。
报告建议实现“完全监管”模式,涵盖整个机构,包含所有资产和完整程序,推动更好地保障财政安全,维护投资者的利益。
目前,所有P2P平台都将获得巨额贷款损失准备金,在改革以增值税取代商业税后,其增值税不能作为资产扣除。
深圳最近为互联网金融业举办了关于金融和税收的特别培训,由金融和税务专家向该市的互联网金融企业提出建议。
由深圳互联网金融协会主办、深圳注册税务代理协会共同举办的培训班将城市互联网金融企业在金融和税务方面面临的诸多问题引人瞩目。
P2P平台的Hue贷款损失规定无疑已成为稳定投资者信心的重要手段。
Shenzenhen Junhexin金融及税务局主席Hu Mianpeng表示, 如果企业不支付贷款损失,
但若P2P平台与保险企业谈判购买后者推出的具体产品,
Hu建议深圳互联网金融协会与保险公司谈判,
中国股市目前出现了一些新情况 — — 股市指数在普遍熊熊情绪下回落到3000点。 在这一点背后,零售投资者的情绪仍然低落,而外国投资者连续七个月增加了对A股的持有量。
「我對股市超過3000個點, 對於新股市的擴大感到不滿」,
在2015年的异常波动之后,市场的核心变化成为了围绕A股市场的挥发性。 许多问题还有待解决。 市场的货币供应仍然疲软,因此很难赚钱。
Everbright证券公司的一份报告指出,总体而言,投资情绪在7月份仍然低迷,个人提供的新资金正在减少。
7月份证券市场交易结算基金余额的减少小于6月份,而银行证券净转移额为负666亿元。
至于新投资者的人数,7月份每周约有310 000名新投资者,仍然处于低水平。
北端贸易联系公司(NTL)不断出现外国资本净流入,7月净资本流入87亿元,高于前一个月。
外国投资者持有的A股份增加也意味着目前的A股市场的吸引力越来越大。
对于零售投资者来说,上海综合指数表现良好,因为长期资金流入上海-香港股票连通。
在运作方面有一些变化值得注意:1)通过启动深圳-香港连通,预计将带来一些变化;2)公布临时报告和第三季度报告所产生的催化效应。
目前,新加坡已成为该市第三大跨境人民币定居海外目的地,仅次于香港和台湾。
这些试点政策的实施为中国-新加坡(中青)战略互联示范项目的建设、促进内陆地区的开放和发展创造了良好的金融服务环境。
由于申请情况每年都在变化,结算门槛值和规模可能与前一年不同。
行政措施还规定,在基于评级的住区宣传机制下,获得合格评级的申请人需要在定居前公布。
在政策执行过程中作假的单位和个人在同年和今后五年将被取消申请资格,和解也将被取消。
在公安机关调查案件时,四家相关方,即两家前合作公司,两家公司之一的董事长和一家联合成立的旅馆公司,就案件的问题签署了一项“协议”。
在执行协议期间,双方再次向法院提起诉讼,请求法院确认“协议”无效。
最近,内蒙古胡隆贝热市海拉尔区人民法院就此案作出裁决。
内蒙古Hulunbeir公司和钟青江投资有限公司联合开发了一个房地产项目----Hulunbeir Shiji Tianlun旅馆。
东先生在旅馆公司成立后,在两家公司的共同捐款下,曾担任旅馆公司董事长和法律代表。
Zhongqing Ganglian(北京)和Shiji Tianlun酒店同意,Dong先生在履行协议规定的义务后,将申请公安机关撤销此案,他们将不再追究Dong先生和其他有关人员的法律责任。
在东先生完全履行协议后,钟青江连先生(北京)和志志天龙酒店将宣布放弃持有钟伟房地产开发公司、东先生和其他有关人员承担刑事和民事责任的权利。
根据2014年4月24日签署的“协议”,
该协议主要规定了Dong先生应返还的资金数额和返还时间,以及Shiji Tianlun旅馆公司的股权转移和法律代表变更。
2015年10月,协议双方钟伟房地产开发公司和东先生将另外两方,即钟青江连公司(北京)和天龙酒店公司提交法院。
被告回答说,公安机关的司法审计得出的结论是,Dong先生和会计贪污和挪用了2 900万元人民币的资金。
2014年2月, Dong 先生在公安机关会议室谈判后, 与钟青江连(北京)取得联系,
東先生自首,表示服罪,自首,任由法庭摆布,还退还了Shiji Tianlun酒店公司的500万元元人民币。
原告委托代理人表示, 董先生在咨询法律专家后得知,
“协议”签署后,Dong先生被判定犯有贪污罪,违反了《刑事诉讼法》第十二条。
提供刑事制裁和股权转让可归入不同的法律范畴, 并且不能混淆和交易。 此外, 股票不能用来交换「 豁免」 。 “ 协议” 以合法形式涵盖了非法目的 。
原告认为,公安机关、检察院、法院和其他国家法律当局的国家公共权力是给予刑事制裁,不受私人任命的约束。
2014年4月24日双方签署的协议违反了国家法律和条例的强制性规定,侵犯了社会和公共利益。
因此,无论Dong先生是否构成犯罪,关于“放弃对另一方给予刑事制裁的权利”的协议都没有法律效力。
被告委托代理人认为“协议”是犯罪嫌疑人和受害人在刑事诉讼过程中达成的民事谅解。
签署和执行“协议”是为了在最大程度上追回受害人的经济损失,并减少对犯罪嫌疑人的刑事处罚,因为刑事犯罪嫌疑人不是非法目的,也违反法律和条例的强制性规定。
由有关各方签署并封存后, 签署「协议」是合法且有效的。
被告认为,“侵犯地位罪”和“挪用资金罪”是公开起诉的案件,应由公安机关决定是否撤销案件,而不是由记者决定。
该协议只是一项任命,根据这项任命,受害人将在Dong先生履行协议后向公安机关申请撤销案件,这与行使国家公共权力给予刑事制裁没有冲突。
同时,法院认为,违反合同的赔偿责任超出了普通民事协议的范围,应当在刑事诉讼过程中审查协议的有效性。
接到警报后,Yu县政府和Yangquan市公安局立即着手拟订应急计划,并设立指挥部,以澄清任务和工作,阐明工作措施,履行工作职责,并制订全面计划。
目前公安机关仍在进一步调查其他指称的帮派成员违规行为。
原告认为,两家医院对原告的诊断和治疗存在多重缺陷和错误。 原告要求两家医院赔偿833,815元,并将其提交法院。
如果所有争端都被起诉并单独提出,将增加公众诉讼耗竭,延长解决医疗争端所需的时间。
Nordrhein-Westfalen州内务部长Ralf Jager表示, 州警方将在其权限和职能范围内采取一切行动, 防止青少年被宗教极端主义洗脑。
8月5日,德国特种警察在Rheinland-Pfalz的Muttrastadt逮捕了一名恐怖嫌犯,并怀疑此人与伊斯兰国的一名高级成员有联系。
国家内政部表示,情报人士认为,8月底即将开始的Bundesliga新赛季可能面临巨大威胁。
美国空军部长Deborah Lee James在8月10日表示, 到今年年底美国空军将短缺700名战斗机飞行员,
James指出,美国空军计划将无人驾驶飞行器飞行员的留用奖金从每年25,000美元提高到35,000美元。
美國聯邦聯合國聯合國聯合國聯合國聯合國聯合國聯合國聯合國聯盟(USAAF),
James表示政府必须提高空军飞行员的奖金,
James和David Goldfein都是美国空军参谋长,
Goldfein對缺乏飛行員是「危機」,
Goldfein表示, 虽然目前试点短缺尚未影响伊拉克、叙利亚和利比亚的行动,
当警察进行搜查和逮捕时,发生了一些不法行为,包括报复性执法和纵容警察违反执法条例的行为。
报告发表后,巴尔的摩市政府同意与司法部进行谈判,以便在今后几个月内对警察系统进行一系列改革。
有时警察会因为不合理的理由逮捕公民, 例如,“我不喜欢他们说的话”。
一名高级警察要求下属“收拾东西”,
2015年4月12日, 一名25岁的非裔美国人Grey因非法携带刀具在巴尔的摩被捕。
黑人在2015年4月底发动了几起暴力抗议。
但其中反映的似乎已成为当地黑人生活的一部分。
Maro在退休前曾在餐饮业工作,
8月10日, 45岁的Void告诉记者,警察曾怀疑他参与贩毒。
警方在他的口袋里没有发现任何现金或毒品,
Void表示「他用手機敲我的頭」,
由巴尔的摩的2,600人组成的警察队伍长期受到攻击训练,
目前,美国司法部正与巴尔的摩市政府进行谈判,以便就改革该市警察制度达成协议。
该协议涉及警察培训、数据收集、完善监督和改善警察与公众之间的关系。
Rawlings-Blake是巴尔的摩市的黑人女性市长,
据新华社报道,8月11日CPC中央纪律检查委员会在其网站上发布的数据显示,2016年第一季度,共有41名省级和部级官员以及1 100多名省和局级干部受到纪律检查和监督部门的惩罚。
全国共有330 000起案件记录在案,336 000名官员受到处罚,其中14 000人因涉嫌犯罪被移交司法当局。
在由CPC中央委员会直接管理的90名参与因涉嫌违纪而结案或调查的案件的干部中,有42人因涉嫌犯罪而被移交司法当局。
在政党纪律或政府纪律下受到处罚的人数和中央管理下受处罚的干部人数都是改革和开放以来最高的。
值得指出的是,在数据中,谈话和信函调查已成为处理问题线索的重要途径,共计42 000件(时间)。
在8月11日(当地时间), 時尚的美國零售商Macy表示, 明年(2017年),
省政府将启动一次特别检查,以确保479万残疾人在过上幸福生活过程中的福祉。
残疾人涉及全省五分之一的家庭,是一个特殊社会群体,既具有很大影响力,又具有很大影响力,需要特殊照顾。
最近一次家庭调查的统计数字表明,全省每年有218 000名残疾人收入不到6 000元,而能够工作的城乡残疾人的实际就业率与社会平均就业率相差很大。
总的来说,残疾人家庭的人均收入和幸福生活仍远远低于省级平均水平。
一名发言人说,三名嫌疑人据称去年1月至6月在当地为伊斯兰国招募成员,其中一人涉嫌向极端主义组织提供资金和后勤支持。
德国警方確認他們襲擊了多特蒙德、杜伊斯堡和海爾德海姆
德国当局尚未公布三名恐怖主义嫌犯的国籍和身份,也未说明何时逮捕他们。
晚上八點半左右,她從兩層高的充气滑槽滑下來, 而一位年輕的女士站在滑槽的腳下。
她喊道她的左腿伤得很重, 后来被工人送到休息室。
Xiao Han在母亲吴夫人到达后被送往医院,
吴夫人和负责水公园的人取得联系,后者后来来到医院,向800元人民币支付同情费。 负责的人说,公园对这一事件不负任何责任,她不能接受。
Chutian Metropolis Daily的記者前往水上公園, 負責處理此事的Lin先生表示事故發生時他正在值班。
校對:Soup
林先生說小韓告訴保安 她的腳兩天前扭傷了 他不知道她怎么骨折的
公园规定未成年人应与成年监护人一起进入公园,成人监护人应完全负责未成年人的安全。
公园不应对因个人原因或监护人照料不周而发生的任何安全事故负责,公园内已张贴了相关通知。
校對:Portnoy
即使公园张贴了通知, 它也允许小韩在没有监护人陪伴的情况下进入公园, 这可被视为一种不法行为。
也禁止用官方車載孩子去上学, 以及其它不良做法。 校對:Soup
在暑假期间,Pucheng县800多名党员和科长级干部接到县级纪律检查局的通知,重申纪律要求。
8月10日, 俄罗斯总统普京批评乌克兰企图用“恐怖主义手段”在克里米亚制造麻烦和破坏局势。
8月10日, 俄罗斯联邦安全局表示,
在8月10日莫斯科的媒体会议上, 普京抨擊乌克兰玩「危險遊戲」,
声明指出,乌克兰没有派工作人员在克里米亚策划恐怖袭击,乌克兰国防部也没有人员在那里被捕。
乌克兰总参谋长兼新闻秘书Seleznyov把俄罗斯的做法说成是“挑衅”。
乌克兰总统Petro Poroshenko网站发表声明, 表示乌克兰谴责一切形式的恐怖行为,
Poroshenko說, 俄羅斯的「污辱」指控是「原諒」,
Donbass地区包括乌克兰东部的Donetsk和Lugansk, 乌克兰和西方指出, 自乌克兰危机爆发以来,
但是,俄罗斯否认这种说法,重申俄罗斯正规部队的士兵没有参加过东乌克兰的战斗行动。
据俄罗斯媒体称,鉴于最近紧张局势,克里米亚加强了重要基础设施设施和心脏地带的安全措施,同时加强了对乌克兰边境地区的监管。
重庆、四川和湖南相继成立了首家私人出资的银行。
该记者从主管部门获悉,山东省私人银行准备计划原则上得到了中国银行管理委员会的批准,而Lanhai银行预计将成为山东省的第一个私人银行。
最近这位記者從主管部得知,
Lanhai Bank正在制订这项计划,根据“每个省批准设立一家私人银行”的经验,预计会成为山东省的第一个私人银行。
主管部和发起企业都未提供筹备计划的细节, 包括该计划是否与通知中表示的不同。
通知中曾指出,Lanhai银行的设立应提交复兴开发银行审批,并可能调整申请、审查和批准程序,从而导致不确定性和风险。
私人银行的兴起将推动现有银行改变其发展模式,
加拿大警方于8月10日在安大略省斯特罗斯罗伊镇采取行动,
8月11日CBC电视台报导, 8月10日警方得知一名叫Aaron Driver的人企图制造炸弹,
司机在警察突袭他的住所時試圖引爆爆炸器,
昨天(8月11日),暴雨集中在内蒙古的Hitao地区、东北以及中国南部和北部。
东北东部和北部、赫陶地区以及中国北部中部和南部地区的降雨量很大;中国南部大部分地区降雨量中等至中等,有些地区则暴雨。
就北部地区而言,内蒙古、中国北部和东北部的赫陶地区将降下中度至重度的雨水。
上述区域的一些地区将出现短时间强降雨量、雷暴、暴风雨和其他严重对流天气,降雨强度最强,达到每小时70毫米。
昨天(8月12日)Taoyuan区检察官办公室派出九名检察官指导台湾调查局Taoyuan办事处展开搜查,两人于下午11时抵达Taoyuan区检察官办公室,对传讯作出答复。
最先到來的李允强,看上去很放松,微笑地向支持者挥手,而追随者张家良似乎很紧张,笑容很紧张。他们两人都不说话。
Li Yunqiang說,他共雇用了六名助理,所有助理都由他妻子孫宜杰支付,他妻子是服务部的主管。 押金簿和印章都由他的妻子保管。
每天晚上十點, 懷了四个月的孫宜杰, 被保释200,000新元。
日本警方在8月10日表示,
自去年10月以来,在开往大阪关赛国际机场的快车中,外国游客遭遇了几起手提箱盗窃案,警察立即加强了警惕。
今年四月,警方成功逮捕了一名小偷,当时他正准备偷一名台湾游客的行李箱。
根据警方的调查,这名男子共从在日本购物的顾客中偷盗18次,案件总价值约为420万日元(约合275 000元)。
一名記者問到, 一艘中國渔船据报與一艘外国貨船在中國地鐵島西北70公里處的水域相撞,
目前已有六位中国水手获救, 两国官方船只亦努力搜寻及营救其他水手,
據報紙報導, 許多人每年夏天傍晚都期待Perseids(Perseids)的到來。
Dahe Daily的記者昨天從河南省妇女儿童活動中心的天文館得知,
根据天象仪主任Li Defan的介绍,由于木星引力的影响,Perseids的峰值流量将高于往年,预计时速将达到150颗陨石。
Perseids是北半球三大流星雨之一,最适合观测。
流星雨的景象需要远离城市的光污染 并且有星空
Li Defan說珀爾修斯是秋天星空中的一個知名星座,
北京今天(8月12日)将遭遇暴雨或雷暴,
今日北京最高溫將达到31摄氏度,
气象专家提醒公民在暴风雨中不应参加许多运动,
紫禁城的排水系统在建造时经过了精确的测量、设计和建造。
紫禁城的地基符合北京地理条件的特点,在北面和南面较高,在中面和下面较高。
北面的Divine Prowes门和南面的Meridian门分别是46.05米和44.28米,造成地面高度相差约2米。 这个斜坡为自然排水创造了优势,使池塘可以慢慢排水。
紫禁城的排水系统非常庞大。 保留古雨沟的长度超过15公里, 而下水道的长度近13公里。
在紫禁城內所有排水渠通向內金水河, 与紫禁城外52米宽的河道相連, 也與外金水河及中南海的其他供水系統相連。
紫禁城工作人员及时更换了大修和检查中受损的部件,以保证在雨季顺利排水。
在海峡交流基金会的主席和高级执行官被钉死之前,两大基金会的作用被认为更为重要,它们过去曾是海峡两岸以及台湾与美国和日本等国家之间的信息传输管道。
Chiu Chui-cheng在昨天下午的内地事务理事会定期记者招待会上回答记者提出的问题时作了评论。
他表示内地事务理事会非常重视台湾海峡两岸相关智囊团的研究成果,
然而,台湾当局目前的首要任务是开展“健全的官方沟通与互动”,推动维持海峡两岸的现有机制。
Chiu Chui-cheng又指出,特别是公共权力问题,仍需要通过公共权力与台湾和公众最高利益当局之间的对话和谈判机制来解决。
此外,关于共同发起上海台北城论坛,Chiu说,跨海峡的城市通信和良性互动可以帮助增进了解,促进城市经济、教育、文化和旅游业的发展。
内地事务理事会将密切注视通讯的发展,加强与地方政府的联系,并提供必要的援助。
記者從中國鐵路學到 北京-申陽高速鐵橋 穿過長春-深圳高速公路 于8月12日成功關閉
北京-申阳高速铁路横跨昌川-深圳高速公路长达760米,具有复杂的建筑技术和高技术要求,是北京-清阳高速铁路的辽宁路段的主要项目。
自2014年7月项目开始以来,所有建筑单位和庞大的铁路建筑商都以科学和创新的方式进行了施工,确保项目安全顺利地进行。
这座桥的关闭为建设北京-申阳高速铁路顺利发展奠定了坚实的基础。
北京-申阳高速铁路从北京的铁路终点站延伸至河北省的成德和辽宁省的Chaoyang和Fuxin,长度为698公里。
水會流過大橋, 以防山洪暴發。
霍山县罗林镇副镇长金明生在8月10日由项水河巡游时发表了讲话。
河邊的大坝倒塌, 大量的石頭和洗涤物滚入河中。
防洪银行将足够坚固, 以抵御50年来最严重的水灾。
Jin Mingsheng表示:「工人正在造型,
以這座防洪銀行為例, 大坝隨時可能崩塌, 洪水會衝進住在銀行一帶的居民的房屋。 現在我們用水泥填滿一塊堅固的大坝,
我的嗜好之一是购买、欣赏和收集书籍,
邓小平同志在1992年春天发表了南方视察演讲, 推动新一轮的改革及开放,
邓小平同志(Deng Xiapping)在封面的上半部分,
在封面下面,是深圳特别经济区, 正在建设中, 以抵御日出,
我所收集的是该国成立后两次恢复出版期间出版的杂志的首期杂志,它们反映出中国工人始终处于时代的前列,为社会发展作出贡献,并引领时代的进步。
数据显示,目前Shennongjia每年接待约700 000名来访者,而专业统计分析发现,Shennongjia每年接待800 000多名来访者是不可取的,这可能会破坏风景点的资源和环境。
据预测,从国内外到Shennongjia的游客人数在被列入世界遗产名单后将会激增,而Shennongjia则对游客人数发出预警,而不是盲目追求旅游人数和收入的增长,这是值得称赞的。
这是保护Shennongjia生态环境的必要措施,也是在景点实现人与自然以及人与资源和谐的可持续旅游道路。
在成为世界遗产后,沈永嘉成为中国第一个和全世界第二个获得三大荣誉的遗址,即世界遗产、人与生物圈保留地和世界地公园。
此外,Shennongjia是Yangtze河和Han河之间的分水岭,共覆盖四个供水系统,即Yangxi河、Yandu河、Nanhe河和Duhe河。
山脚和山顶总是看到不同的季节 -- -- 冬季是春秋的中夏,
因此,Shennongjia提倡可持续旅游业以保护生态环境,而不是进行过度开发的做法值得学习,也值得其他世界遗产景点提及。
沈容嘉是我国的第50个世界遗产,中国在它所保护的世界遗产数量方面成为第二大国家。 我们将努力使50个世界遗产发光并传给后代。
目前已發現許多遺址「認爲應用是認真的,
显然,如果从经济角度看待世界遗产的申请,遗产将被视为“黄金碗”,而其未来将变得黯淡,无论现在多么美好。
在国内外有许多以往的经验值得学习;例如,中国的六个世界遗产遗址在2010年举行的世界遗产委员会会议上收到黄色贺卡警告,主要原因是过度开发后生态环境发生变化。
Chongqing Zoo动物管理部副部長唐家贵告訴記者, 如果一只母熊在野外生下雙胞胎,
現在需要每六小時喂一次熊貓,
Ramos, 菲律宾前总统兼中国特使, 今天下午1点左右(8月12日),
Ramos在离开香港前發言, 表示他和他在香港的老朋友有友好愉快的会面,
他也委婉地說,即使不是一次破冰之旅,
Ramos在声明中表示,Fu Ying和Wu Shicun作为个人出席了会议,以便进行非正式讨论。
中国已表示,欢迎拉莫斯愿意作为特使访问北京。
拉莫斯表示,菲律宾政府愿意在适当的时候与中国政府就共同关心的问题进行正式会谈。
拉莫斯在记者招待会上还强调,会议期间没有讨论有关南海争端的具体问题。
Ramos:除了公平捕鱼权之外, 我们没有讨论南海的具体议题,
拉莫斯也開玩笑地說, 儘管它不是去香港的冰河之旅,
Ramos:前内务及地方政府秘书Alunan表示,
至于下次会议的时间,拉莫斯说将由杜特特总统和局势的发展来决定。 会议将在9月份最短的时间内举行,但候选人尚未确定。
尼日尔首都尼亚美和提拉贝里地区受到洪水的严重影响,
作为应付灾难性局势努力的一部分,尼日尔政府拨出326吨紧急救济粮食援助受自然灾害影响的人,并计划向受灾地区提供财政和技术支助。
在8月的前十天,云南以不断的降雨和严重的雷暴为主。
8月初,昆明的主要城市地区发生了几次单点暴雨,城市的平均降雨量为82毫米,比过去同期高出48%。
然而,在整个一年中,到8月初昆明的平均降雨量仍然略小于往年。
昨天下午四點半左右(8月11日),
云南大部分地区的降雨量持续不斷,而一些地区的暴风雨、短时间强降雨量、冰雹、暴风雨和其他严重的对流天气。
昆明主要城市地区的降雨量比前天减少,
根据省气象观测站的预测,昆明的淋浴天气将在今后三天内持续,而温度将基本保持在17°C至26°C之间。
市政府最近批准了这项计划,要求所有有关县县和单位予以执行,以充分保障河上人民的生命和财产安全。
人們已習慣行人行人行人行人行人行道, 輕率地爬過栏杆。
交通警察局将在下星期一(8月15日)开始在电子警察的帮助下,
e-Police將共拍攝三張行人觸摸虚拟引導圈的照片,
只有所有交通参与者都遵守交通法律和条例,才能从根本上解决城市交通秩序问题。
美国计划在2017年测试THAAD系统,
ITAR-TASS引用James Syring的话说,他们在几年内测试了美国防空先进移动系统(ADAMS)拦截短程和中程导弹。
系統已經通過了所有這些測試 現在我們打算測試 这些武器的遠距效果
关于美国在南朝鲜部署高空地区终极防御反导弹系统的问题,中国外交部表示强烈不满和坚决反对。
我们要求美国和韩国立即停止部署THAAD反导弹系统,
三個鄰居的窗戶被打破,
最近Anlu市南诚警察局的警察及时控制了这个愤怒的男子。
在接到报告后,安卢市南诚警察局警察采取果断措施,制服小明,防止他伤害无辜者。
警方的调查显示,小明的父母年龄都在60岁以上,家庭很少与他人打交道,因此,可以消除他人诱使她们去卖淫的可能性。
警方在调查中发现, Xiao Ming 过于欣喜, 他所说的话和所做的事与普通人不同。
警方怀疑小明的不正常行为是由于他长期呆在家中引起的精神紊乱。
目前,相关部门已将小明送到心理健康中心接受免费治疗。
联邦移民和难民局(BAMF)提供的最新统计数据显示,今年头七个月,德国共接待了240 000名难民,比预期人数大幅度下降。
来自中东和北非的大量难民于2015年涌入德国,
8月11日, WirtschaftsWoche引述BAMF领导人Weise所言, 至今只有240,000名难民进入德国,
尽管流入德国的难民洪水减少,但BAMF的任务仍然艰巨,目前仍有大约50万庇护申请未处理。
即便如此,越来越多的难民对BAMF提起诉讼,一些庇护申请者已等了两年多。
至2015年底,已有近2 300起针对BAMF的“不作为”案件提起诉讼。
俄罗斯银行表示,增长的主要原因是重新评估了该国经济的市场预期。
俄罗斯的国际储备包括外汇储备、黄金储备以及国际货币基金组织(基金组织)的储备状况和特别提款权。
俄罗斯的国际储备由俄罗斯政府和俄罗斯中央银行共同控制,主要用于应对经济风险。
俄罗斯的国际储备近年来一直在下降,因为西方对俄罗斯的制裁,加上国际石油价格的下跌,使俄罗斯的经济压力向下下降。
好萊塢的混混們, 被明星迷住了, 近些年在電影市場上被拍攝。
那真的和我们想的一模一样吗? 那些混混总是在电影院里摇摇晃晃晃 赚了一大笔钱?
毫不怀疑,好莱坞混混的生产成本逐年飙升,增长甚至远远超出通胀率。
图1的数据表明,1995年至2004年十年期间制作的好莱坞电影总数超过1亿美元,共60部。
在2005年至2015年的11年期间,这一数字猛增至197人。
影片制作量的急剧增加表明平均生产成本在上升,
知名董事Spielberg和Lucas曾在一次论坛活动中批评这种现象,
在这29部影片中,销售成本占总成本的比例最高,为40%,而最低的甚至高达24%。
每部电影的影印、音像制品制作和运输平均费用达6 780万美元。
尤其对于采用接受货物回报的营销政策的DVD市场来说,正确估计要制作的拷贝和音像制品的数量非常重要。
2005年,DreamWorks公司制作了500万张Shrek 2的DVD拷贝,但发现销售市场很差,致使公司未能实现本季度的收入目标。
这29部影片平均需要3 660万美元,供导演、制片人、编剧、主角以及其他演员和机组人员分享收入和补偿。
在好莱坞演播室, 收入分享机制可以帮助他们在早期阶段减少财政压力,
在29部影片中,盈利影片平均占收入的9%,其中一部甚至高达18%,而遭受损失的影片也平均占收入的5%左右。
值得指出的是,演员和摄制组要求分享“收入”而不是“利润”。
在好莱坞的复杂会计制度下, 一些本来可以做成捆绑的电影 最终可能是红色的。
例如2010年一篇关于哈利波特(Harry Potter)和凤凰骑士团(Phoenix Order of the Phoenix)的报导指出, 华纳(Warner)在影片发行两年后仍声称影片损失1.67亿美元,
好萊塢也需向由各工作工作人员组成的工会支付一定数额的奖金,
此外,好莱坞电影的运营成本也将由电影分担,而这29部电影平均共享1,483万美元。
在扣除销售税和电影院分享的收益后,电影公司可以得到北美53%的票房销售额和世界41%的票房销售额,约合1.69亿美元。
在扣除平均9 800万美元的销售支出后,仅剩下约7 000万美元。
这29部影片每部平均收入为1.333亿美元,
扣除平均销售开支2 190万美元和生产成本3 050万美元后,净收入平均为8 190万美元,高于收入,其利润率远远高于戏剧分布。
有偿电视频道为这些电影平均创造了1 460万美元的收入,略高于免费电视频道创造的1 330万美元。
在29部影片中, 约有一半来自影片(VOD)的收入不到1%,
好萊塢對VOD仍持保守的態度,
至于衍生产品开发,这29部电影授权开发衍生产品,平均收入为1 150万美元。
然而,近三分之二的衍生品发展收入来自前两位超级大块头,其中只有三分之一的收入超过100万美元。
除了上面提到的收入来源之外,这些好莱坞的混混仍然有来自飞机广播和音乐的收入比特,每部影片的平均收入最多为270万美元。
令人惊讶的是, Stephen的统计表明,这29名好莱坞混混平均利润为1 480万美元,而利润仅为3.7%。
如果考虑到长期的收入回收过程,这一利润率几乎无法抵挡通货膨胀。
成本最低的电影在1亿至1.25亿美元之间,其盈利性表现最差,其中只有三分之一挣得钱。
然而,成本超过2亿美元的影片中,有四分之三的电影获得了利润。
核心即时:2014年,Durant与耐克签订了一项价值3亿美元的10年合同,延长了7年合同6 000万美元。
杜蘭特曾在NBA为俄克拉荷马城雷打球,
2015年他只靠广告支持赚得3 600万美元,
2014年,他与耐克签订了一项价值3亿美元的10年合同,延长了与耐克的7年合同6 000万美元。
此外,他还与Bilbao Vizcaya Argentaria银行、冰冷冷饮品牌Sparkling Ice和酸奶冰淇淋品牌Orange Leaf建立了伙伴关系。
Djokovic是世界第一网球手,
他於2015年贏得溫布頓冠軍冠軍、美國開球, 2016年贏得澳洲開球和法國開球,
2012年,他与Uniqlo签署了一份为期五年的广告认可合同,成为他外地以外的主要收入来源。
他于2014年成为Peugeot的广告名人,
日本媒體表示, 日本外务大臣基希达(Fumio Kishida)于8月11日前往菲律宾访问,
日本和美国都渴望在包括经济合作在内的各个领域与菲律宾保持密切接触,
根据Nihon Keizai Shimbun网站在8月11日的报导,
Kishida特别前往杜特特的Davao市, 而不是首都马尼拉, 希望确认与菲律宾在南中国海问题上的合作关系。
Kerry在参加7月下旬在老挝举行的东盟相关会议第二天,在马尼拉会见了杜特特。 双方就尊重南海仲裁裁决的问题达成了共识。
Duterte告訴Kerry:「當任何談判都以仲裁判決為基礎」。
Kerry当时表示,将向菲律宾政府提供3 200万美元作为援助,Kishida很可能第二次表示有意在8月11日的会谈中为在马尼拉建造南北通勤铁路提供援助。
日本和美国都急于与杜特特保持密切接触, 原因是菲律宾正在加紧努力,
美国和日本一直在加强与菲律宾的合作。 2014年,美国和菲律宾签署了一项新的军事协定,事实上,25年后美国部队再次允许在菲律宾驻扎。
黄兴国及其党员来到8月12日事故现场的环境监测站,对周围环境进行现场观察,并了解监测数据。
自去年9月5日以来,尚未检测到空气中的某些污染物,海水质量达到了国家一流海水标准,土壤抽样测试结果表明,与环境背景价值相比没有显著差异。
自今年3月以来,每星期进行一次监测。监测结果表明,环境质量是安全和可控制的。 环境保护部的专家前往天津检查工作,充分证实了这一点。
男子在里约奥运会的网球单金奖章 使Ma Long实现了他个人生涯的盛大成就。
Ma Long坦白地承認, 他很高興能達到他的夢想, 並表達對張傑克的讚美,
雖然Ma Long在幼年時名聲大噪,但他卻是晚年的開花者。他經驗了男子單身的經驗,使他在參加倫敦奧運中失去了運氣,他終於在28歲的時候在里约贏得了第一位男子的獨一奧運金牌。
Ma Long在比賽後的訪問中說, 金牌是她多年生涯中取得的「很好的成果」。
照片顯示K210列車由廣州開往宁波。 導演向外籍乘客介紹杭州特殊本地產品,
随着20国集团在杭州举行的首脑会议即将到来,关于这次首脑会议在杭州举行的筹备工作的讨论也开始在互联网上展开。
8月10日, 菲律宾总统杜特(Duterte)再次批评美国驻菲律宾大使戈德伯格干涉菲律宾内政。
今年4月,在菲律宾总统竞选期间,戈德伯格以人权问题为借口,发现杜特特有错。 双方不断阐明自己的观点,并激烈的言论冲突。
Dutarte對戈德伯格干涉總統選舉表示非常不滿,
杜特(Duterte)在5月5日揭穿了旧事, 再度表示对戈德伯格不满,
菲律宾總統的記者曾說, 總統並未忘記美國領導的西方殖民者所帶來的痛苦。
7月底,当美国国务卿克里访问菲律宾时,群众聚集在美国驻菲律宾大使馆外面举行群众集会。 他们携带标牌,要求“美军离开菲律宾”。
中国拥有卓越的文明和众多人民,数百年来一直站在世界发展的前沿,现在已成为世界第二大经济体。
谈到这个词,我们认识到,它不仅意味着意义过大,而且含有丰富的内容。
毫无疑问,建立文化自信心的主张是基于充分认同自己的文化价值,以及中共和中国人民对其活力的坚定信心。
許多人已意識到, 在习近平的系列演講、文章、演講和訪談中,
事实证明,随着当代中国的崛起,中国文化的影响和吸引力日益增强。
中国近百年来的现代历史告诉我们, 道路、理论和制度都根植于文化之中。
当然,在一段时期内,我们从西方国家学到了它们的工具、系统和文化,并在这一进程中不断重新思考。
在长期探索后, 我们发现对中国现代化的坚定信心来自中国的“精神基因”。
在习近平的演讲和调查中,
中共中央政治局第18次集体研究中, 习近平更强调,
他亦指出, 几千年来, 中华民国所走的文明发展道路,
我们没有偶尔点燃带有中国特色的社会主义道路,
2010年中国GDP位居世界第二,
自中国共产党第十八届全国代表大会以来,中国更加重视建设一个强大的社会主义文化国家,致力于开创新的“黄金时代”,促进文化发展。
不管是优秀的传统文化、革命文化或是先进的社会主义文化,都表现出前所未有的活力。
尽管中国文化具有悠久的历史和强劲的发展势头,但不可否认,其目前的影响力和功能远未达到应有的高度。
虽然中国在过去几百年中经历了失落的时光,但现在她以更强大的方式回到了世界舞台上。
土耳其副總理Mehmet Simsek在接受記者訪問時,
正如Simsek所言,今天的中国正在以全新的方式为世界作出贡献。
最近,江宁地区房地产价格出现了新一轮上涨。 在下半年,一些纯粹商业住宅建筑的开发商首次进入市场,打算收取每平方米3万元的高价。
江宁附近的乡村花园世纪市的最初平均价格是每平方米7 088元。 目前,第一阶段的商业房屋已售出。
在运输方面,江宁地区目前拥有地铁线1、地铁线3和Arport线S1。
到現在為止,國家花園世紀市已安排巴士前往小龍旺市地鐵站和藥學大學地鐵站,供所有者使用。 在后一阶段,随着將住在這些建筑物中的地鐵站的业主增加,前往地鐵站的定期巴士数量将会增加。
此外,国家花园世纪市拥有双高速铁路和卢库机场等运输设施。
在商业领域,江宁分为七个商业区,如东山、朱隆湖、白家湖、大学城、桑山、查卢库和海丁桥,它们离花园世纪乡村城不远。
东部郊区的外景有400,000平方米的综合规划区,计划让240多个国际时装品牌进驻,目前已有100多个此类品牌进入该区。
南京东部郊区的外景由TOC公司联合经营和管理,该公司拥有Outlets和Outlets开发公司最顶尖的发展管理经验,该公司以一比一的比例复制美国外景。
目前,本世纪城初始阶段的房屋已售出,人们急切地排队购买新的精细装饰房屋,每栋房屋面积80至265平方米。 城里只有300名顾客可以享受2%的额外折扣。 及早登记意味着及早选择房屋。
另一件值得注意的事情是,大学新生的特惠铁路机票范围在他们家和大学之间。 否则,他们就不能享受优惠政策。
而与此同时,新生只能凭自己的入校信购买一次学生机票。 那些购买机票的人最好选择在旅途发生变化时修改机票,而不是直接退回机票。
如果真的需要退票和退款,他们可以要求工作人员说明已退票,以确保再次购买学生机票。
只有大学学生本人才能通过其入校信购买优惠的火车票。 陪同他的其他人无权享受折扣价格。
「尽管女性正在扮演越来越多的社会角色,
专家表示,因此,相当多的女性在不同程度上感到抑郁和焦虑,这类疾病的高发病率年龄档从30岁到40岁不等。
当然,除了病人基数的增加外,女性病人的增加也源于人们对心理健康的高度关注。
許多人對心理壓力持「抗爭」或避開的態度。
普通公民错误地认为, 病人的病情不是及时理解和情感支持, 这也是降低门诊病人比率的主要原因。
今天,随着人们正确了解心理健康,关注心理健康,许多病人及其家人可以正确的方式面对这一疾病。
Xuiongdong表示, 因此越来越多的病人愿意入院接受专业人士的帮助。
8月11日当地时间, 中国外交部长王仪(Wang Yi)与乌干达外长在乌干达首都坎帕拉举行会谈,
Wang Yi在和Kutesa举行会谈后, 和新闻界共同表示, 无论国际和区域变化如何, 非洲国家一直是中国最亲近的好兄弟,
在联合国安全理事会五个常任理事国中,中国向非洲派遣了最多数量的维和人员。 现在,有2 400多名中国维和人员在包括南苏丹和马里在内的7个非洲任务领域执行维和任务。
在过去两年中,中方两次提出召开有关南苏丹问题的会议,积极支持伊加特的调解努力,并多次提出中方倡议。
中方支持非洲友好国家加强维护稳定国防的能力建设。 此外,中方还通过双边或多边渠道向相关非洲国家和非盟等区域组织提供援助,支持它们在达尔富尔、索马里和其他地方的维和活动。
中国积极参加了联合国在亚丁湾和索马里海域开展的反海盗和护送行动。
自2009年以来,中国共派遣了23艘护航舰队和6 000多艘护航船。
中国一贯支持并帮助非洲自行解决问题, 而一些西方国家却将计划强加给非洲。
中国认为,消除贫穷是避免冲突和危机的关键,因此,中国致力于加强非洲友好交流,以帮助非洲切实实现可持续发展。
库泰萨重申,在安全理事会改革问题上,乌干达方面坚决支持《埃祖尔韦尼共识》,这是非盟的共同立场。
同时,中方也理解和支持非洲,主张优先纠正非洲国家遭受的历史不公正。
回到当地警察局后, 该名警察首先向老人提供一碗豆汤, 并告诉老人喝一碗豆汤,
之后,警察耐心地和老人交谈。他知道姓陈的老人86岁,是Xiazhang Town的Nanzhai村的村民。由于他年老,他没有清醒到无法找到流浪的家。
照片:25歲的高雄(右派)在當日拿到薪水后, 準備在衣物店為他的情人買衣服。
8月9日傍晚, 一群在高海拔環境工作的腳手 靜靜地坐在Pedestrian街的光景谷梯子上休息。
其老板雇用的脚手工在当天完成工作后,
越來越高的城鎮若沒有腳手架手術師的努力是無法做到的。
那天早上,他们穿着工作服和安全头盔,腰部有扳手,手有枪,他们穿梭在建筑物外的钢架上。
黃皮的成国仁拿了1500元, 也就是他三天的薪水, 說他要把錢寄給他的妻子。
據知,每個日薪勞工能依勞力, 每天賺300元至500元。
一個經驗豐富的手術員每天處理120根钢管, 每根重8公斤。 换句话說, 每個手術員每天處理的钢管重1000公斤。
表示他可以忍受困苦, 以便让家人过上更好的生活。
明天早上,市政公安局将举办活动,征求市民的意见,以改善火车站广场的交通环境。
然而,作为向外界展示Xi'an形象的窗口,就火车站周围的交通环境而言,仍然存在许多令人不满意的现象。
Xi'an市公安局将在明天上午十点向市民征求意见,
无法进行现场通信的有关公民可拨打该站公安局分局专门开通的热线。
根據法律,接受宴會的公务员人均支出不得超过30,000韩元(约181元),
根据Yonhap8月10日的报告, 这项规定对许多韩国一流的餐厅构成挑战,
許多餐廳必須調整餐桌錢的标准,
Yonhap报导, 许多韩国餐厅老板都因法律担心未来生意,
在首尔的Insadong, 一家自1969年以来一直在做生意的餐厅, 经常受到政治人物、政府官员、媒体记者及商人的款待。
餐厅的老板告訴Yonhap的記者,
過去10年中,餐廳提供高规格的餐具。然而,“为了达到《不正当的招标和格拉夫特法案》设定的餐桌钱上限,我们必须改变几十年的传统,这确实是一个困难的决定。”
「夏可火燒烤村」主要提供牛肉烤肉。
「我們預料十月後, 銷量會大幅減少,
位于首爾的Jongno區, 以前總統羅泰宇(Roh Tae-woo)和李明博(Lee Myung-bak)等政治人物的贊助為名的餐廳上個月關閉。
該餐廳的老板表示, 部分韩国政府部门已迁至 Sejong, 该餐廳的营业量受到极大冲击。 据估计,
餐厅很快就要改吃越南大米面, 人均餐量约为10000韩元(60元)。
根据韩国餐饮服务业协会的预测,在《不正当的招标和格拉夫特法》生效后的第一年,韩国旅馆业的收入将逐年减少4.15万亿韩元(250亿元元)。
南韓總統Park Geun-hye在第10天的内阁會議上表示,
她表示:「一旦法律生效, 社会透明度和公平性或多或少会改善, 经济效率也会提高,
在日常生活中驾驶车辆时,我们经常穿过隧道,有时甚至超长的隧道或隧道群。因此,隧道是否安全对我们来说很重要。
同时,规定任何单位或个人均不得破坏、破坏、非法占领或利用高速公路隧道及其附属设施。
如果由于维修项目,交通需要关闭或交通道长期占用,但紧急情况除外,管理和保养单位应提前15天,与交通警察局一起向公众发布有关建筑和交通管制的信息。
許多司機遇見地道交通堵塞的情況,
当高速公路隧道发生车辆排队的交通堵塞时,交通警察局应采取措施,防止车辆根据具体情况进入、引导和转移交通,并及时发布交通堵塞信息。
当发生交通事故时,必须立即进行交通控制,通过巡逻和宣传等措施防止二次事故发生。
公安机关可根据公路隧道安全保护要求和公路隧道技术条件,指定装载危险化学品的车辆通过路线和时间,或禁止这类车辆通过,并向公众发出通知。
根据8月12日的Chinanews.com, 国家统计局新闻发言人Sheng Laiyun今天指出,辽宁市调查的城市失业率高于全国平均水平。 由于经济正在经历调整,内地压力很大。
今天,国务院信息办公室于2016年7月就国民经济的运作举行了记者招待会。
从总体情况看,由于国际经济正在经历深刻调整,其复苏相对缓慢,这将对中国的进口,包括辽宁省的进口带来巨大压力。
在国内,由于中国正处于结构调整的关键时期,传统产业的过剩与市场有效需求增长不足之间的矛盾相当严重,而传统产业调整造成的热潮仍在释放。
因此,在新一轮调整中,重工业和化工产品的价格正在经历最深的调整,从而不可避免地对辽宁经济造成下行压力。
在第12个五年计划期间,由于城市化的发展和房地产的扩张,辽宁的基础设施发展良好,其房地产基础相当高。
在进入第13个五年计划期间之后,由于最初的基数很高,就数据表现而言,这一轮调整比其他区域减少得多。
上莱云总结道,辽宁的经济调整有其特殊的经济原因,不仅包括周期性因素的影响,还包括结构性因素的影响,甚至基本效果的影响,而且总的来说,它正处于调整过程中。
Sheng Laiyun也透露, 由于经济正在调整, 辽宁市内失业率高于全国平均水平,
根据最近两个月的数据观察,有迹象表明,辽宁的经济将稳定下来,指数降低的程度正在缩小。
我们相信,通过各方面的共同努力,东北地区包括辽宁在内的经济将第二次展现旧工业基础的活力。
8月12日清晨, 台湾自驾旅行社的20多名台湾同胞開始在福建宁德市自驾遊行, 体验该市「山地、海、河和岛屿」的自然景象。
許多台湾同胞在出發前對中國新聞社的記者說:「我們熱切期待這趟自行駕駛的旅程。
在四天三夜的旅程中, 台湾自驾遊客將自驾地區或景點, 如Yangjia Stream、Xiapu海滩、Fuding的Taimu山、Pingnan的Baishuyang地质景观等,
台灣媒體將追隨這趟自駕旅行, 拍攝宁德景色區的照片,
據秋秋說,台湾過去的自駕游主要在這個島上進行, 希望藉由這項活動,
在福建和台湾之间有八条海洋客运路线、七条直接客运航线和四条未固定的航空航线,台湾和内地之间的海洋客运路线和航空航线中,福建-台灣航线的比例分别超过98%和10%。
台灣的摩托車也抵達平坦(Pingtan ) 。 平坦已突破了真金限制。 到內地自行駕駛的台湾人肯定会增加,
Qiu Yu表示, 从内地到台湾的自驾旅游市场有很大的潜力,
这意味着它们有可能改变目前的癌症诊断模式,实现与国际癌症诊断机构共享信息资源,以便为癌症患者提供个性化治疗计划。
面对严峻的挑战及许多新病例, 医生的压力与日俱增,
由中国各家醫院推出的IBM Watson肿瘤解决方案由IBM制定,
IBM Watson作为“计算模式的根本转变”的代表, 有能力处理知识和自学的海洋问题, 目前有能力阅读和理解自然语言。
同时,它也可以将权威研究和临床指导联系起来。 此外,它还可以随着时间的流逝不断进行“研究”。
据报告,地面接收站将大大有助于重庆进一步利用极轨道卫星在完成后发展遥感监测和服务。
这将有助于进一步改善重庆灾难天气监测的及时性以及生态环境监测的商业产品。
同时,全面应用多来源卫星的实时数据将更有利于在地表温度、城市热岛、水体变化、土地使用和生态变化等方面开展监测工作。
Lin Heming表示,今年上海代表团包括非政府和体育部门的代表,双方将继续推动和扩大城市与城市的交流。
台北市長Ke Wenzhe表示, 台北政府以「互相認同、互相了解、互相尊重、互相合作」為基礎,
根据相关的导言,自2010年以来,上海-台北市论坛由双方轮流举办,称为“双市论坛”。
发生火灾的地点位于与企业大门直接对面的三楼车间,外墙上没有明显的烧伤或烟雾迹象。
今天早上十點左右,林茲區基魯化工園的一間工廠 起火了,據初步調查,
一名記者指出,
火灾发生地位于与企业大门直接对面的三楼车间。 外墙上没有明显的燃烧或烟雾迹象。 由于消防员仍在现场工作, 危险情况并未完全消失。 记者无法进入车间了解情况 。
火災發生在上午10: 00左右 10: 30左右被熄滅
一名出汗的消防员在现场告诉记者,火灾造成的损失并不严重。
8月9日上午拍卖开始前, 公民刘先生来到拍卖场等候,
Liu先生告訴Qilu Evening News的記者,他早就從網路上收到政府汽車拍賣的消息,
「公用汽車,在大多數情況下, 都處於有效維持之中,
现场除投标人外,还有赫泽市一些市政当局的工作人员作为监督员进行现场监督。
此次拍卖的所有45辆汽车都超過拍卖开始价, 起价共998 500元, 交易总价2,626,000元。
8月11日当地时间, 在2016年里约奥运会男子200米的决赛中,
在同一天,王俊不但完成了反对偶像的比赛,而且排在第三位,个人时间为1.57.05,因此获得了他体育生涯中的第一枚奥林匹克奖章。
Wang Shun的两个偶像是Phelps和Lochte。Phelps在里约获得了第四枚金牌,而Lochte由于表现不佳,以第五名结束。
「這枚獎牌有點出乎意料, 這種感覺太不可想象, 太美妙了」。
在这场比赛中,王信的前景并不乐观。然而,在最后50米的短跑中,他的排名从7上升到3。 “我只想尽我最大的努力,做每个游泳动作都做得好。”
Maduro表示, 在第一阶段,
他希望通过这项决定,恢复与哥伦比亚的经济和贸易交流,以改善双边关系。
桑托斯指出,两国边界将逐步开放,此外,将向两国边界线上的居民颁发特别证书,让他们方便通行。
他指出,安全是双方最深思熟虑的问题,两国将设立一个打击跨界犯罪中心,打击两国边界的严重走私和贩毒行为。
去年8月19日, 委内瑞拉表示, 哥伦比亚准军事团体射伤三名委内瑞拉国民警卫队军人及一名委内瑞拉平民,
为了彻底落实李克强总理关于照顾留守儿童的指令精神,我们积极响应该党和联盟的呼吁,为农村留守儿童及其家庭提供照料服务。
我们将继续以爱心为重, 开展更多关注左后儿童的活动。
8月10日晚上, JD.com发布了2016年第二季度的财务报告,
JD.com股份有限公司的股价相应上涨, 上升4. 65%至24.
财务报告表明,在第二季度,JD.com实现了非一般公认的会计原则的利润,净收入达3.914亿元人民币。
根据Yahoo Finance所汇总的数据,华尔街15名分析员的先前平均预期是,第二季度JD.com公司每个ADS(美国储量股份)的非GAAP收入被稀释为0.03美元。
财政报告表示,第二季度JD.com公司每个ADS公司非一般公认的会计原则收入被冲淡为0.04美元,远远高于分析家的预期。
在提交财务报告后,著名的国际投资银行,如花旗银行和德意志银行,相互提出“买入”建议。
从投资者的会议呼吁和投资银行的调查报告来看,分析机构对提高JD.com的盈利能力表现出强烈的兴趣。 它们不仅承认JD.com目前取得的成就,而且对其未来的长期发展也持乐观态度。
花旗银行在其研究报告中表示,JD.com在营业利润率和自营业务总利润率方面的强劲增长体现了JD.com核心业务的优势,这种核心业务将长期存在。
此外,JD.com在超市的激烈布局是资本市场积极反应的重要原因。
在第二季度的投资者电话会议上,JD.com的顶尖执行官一再强调JD.com在超市领域取得的进展,这引起了投资者的积极关注。
到2016年6月30日,JD.com在过去12个月的累积自由现金流达到110亿元,达到了历史新高。 其现金储备达到434亿元,逐年增长72%。
JD.com集团不缺现金。
JD. com致力于进一步优化客户经验。
一方面,JD.com已开始向客户提供增值服务,包括尝试个性化算法,以精确推动。
同时,JD.com与Yonghu和Wal-Mart等战略伙伴积极合作,在供应链方面开展深入合作,为消费者提供更加多样化的产品。
此外,JD.com进一步加强了对其平台上商人的优化筛选,以确保平台商品的质量标准。
在中国电影票房记录持续下降后,
EntGroup表示, 从4月到6月,
以中国最大的影院连锁店Wanda电影系列为例。 第二季度票房投票率只增加了12.8%,远低于第一季度61.4%的增长幅度。
作为世界第二大经济体,中国正在逐步减少对制造业和出口的依赖程度,同时不断促进服务业的发展。
目前,中国有31,627个银幕,而美国拥有的银幕数量是39,000个。 然而,本年度拳击办公室的下降可能会推迟在这方面超过美国的进程。
埃及前总理沙拉夫(Essam Sharaf)指出,
包括「丝绸之路经济帶」, 提供了中国与丝绸之路沿岸国家之间直接文化交流的强大平台。
埃及前总理沙拉夫(Essam Sharaf)作为论坛的参与者, 高度重视中国与埃及的文化交流, 认为中国文明与伊斯兰文明之间有共同之处。
同时, Issam Sharaf 表示, 中国主席习近平提议的丝绸之路经济带不仅为跨文化对话,
他热切期待中国企业今后将加强与埃及在文化产业投资等领域的交流。
根据Harbin边境检查站最近8月12日发布的消息,该站协助Harbin的警察遣返了一名非法居住在该市的俄罗斯男子。
这名俄罗斯男子涉嫌在Harbin的一所大学里对一名妇女实施猥亵行为, 后来在该名妇女向警方报案后被Harbin警察拘留。
哈尔滨警方依法对俄罗斯人判处5天监禁,同时作出禁止他在五年内进入中国的决定。
8月12日上午,国家工商管理局举行了第二届中国-东盟工商论坛新闻发布会。
Yu Fachang指出,自实施商业登记制度改革以来,随着企业总数大幅增长,企业对商标和品牌的认识有所提高,该国在商标和品牌建设方面取得了显著成就。
2015年,全国专利申请数量达到287.6万份,在14年中居世界首位。
根据中国提供的统计数据,中国和东盟2015年的双边贸易额达到4722亿美元,累计双向投资额达到1565亿美元。
中国连续七年是东盟最大的贸易伙伴,东盟连续五年成为中国第三大贸易伙伴。
自下半年初以来,A-share市场已经联合起来。 然而,最近上海综合指数波动了约3000点,表明投资者的风险胃口下降。
自6月以来,在债券市场上,由于基本面和投资者情绪等多种因素的影响,债券市场出现了改善的趋势。
受今年第一季度房地产周期的驱动,并受房地产投资集合和设施投资改善的影响,经济进入了分阶段复苏。
其次,自第二季度以来,随着美国经济疲软和英国退出欧盟的影响,美联储开始放慢提高利率的步伐。
新兴市场的资产价格得益于美联储利率缓慢上升带来的松散的预期拉动。 最好在这一环境下积极抓住股市和债券市场的投资机会。
但从短期来看,长期利率进一步下调需要分阶段承受风险和资本利率下调。
与此同时,还必须看到,在经历了两年的大债券市场之后,今年固定收入市场的收益率很难达到两年前的水平,而波动幅度也会同时增加。 因此,总体而言,收益率曲线是一个平坦的特征。
根据导言,作为一个新兴的餐饮类别,Chaoshan牛肉在广州和Xiamen成长。 从今年年初开始,它明显出现在上海和北京。
據了解,自开业以来,一家Chaoshan牛肉餐厅得到消费者的认可,其中最夸张的上瘾餐厅在20天内13次将饭菜吃了。
王华平(Wang Huaping)作为一位资深餐饮专家表示, 将南方人最喜欢的食物引入北方并不意味着吃“稀有食物”。
2016年8月12日, 位于北京Longhu Changying天文街购物中心西区二楼的「虫洞VR经验商店」,
新商店仍保留著最受歡迎的「虫洞」游樂设施。
人們知道姓Wan的人住在哈米市,他通常闲逛,没有正式工作。因此,他在各个超市和集市徘徊,并观看偷盗的机会。
2015年初,在Wan的Hami Unghaul工厂清光家族地区的汽车附属商店中,利用业主姓赵的缺席,偷走了赵家在商店电脑柜台放置的三星G3509听筒。
12月底,Wan在一家汽车轮胎修补店看到受害人在商店外面工作,偷偷进入商店,偷走了600元现金。 最后,店主抓住了他,并报警。
在审理此案后,哈密市人民法院认定,为了非法占有的目的,Wan采取秘密措施,十次盗窃他人财产,盗窃价值达15 582元。
Mushahid:文化特性是丝绸之路经济带繁荣与发展的基础。
Karamay丝绸之路经济帶论坛在8月11日揭幕。
本论坛不仅是关于经济和贸易的直接对话,也是首次从这一基础扩展到文化领域的交流,并取得了显著成就。
巴基斯坦参议员兼中国-巴基斯坦经济走廊议会协调委员会主席Mushahid Hussain先生充分肯定了论坛文化产业分论坛发挥的作用。
中国社会科学院RDI智囊团方案专家小组主席赵白芝也高声赞扬文化产业的发展在推动建设“一带一路”倡议中发挥的主导作用。
她指出,中国文明与伊斯兰文明之间的对话与交流以及中国与外国文化企业之间的经济与贸易联系,都以国家和地区之间的文化互信和文化特性为基础。
我们非常支持中国与巴基斯坦、伊朗、哈萨克斯坦及埃及等国家之间的文化交流, 希望透过文化影响, 创造更繁荣的丝绸之路经济带。
众所周知,以丝绸之路经济带为主题的卡拉迈论坛文化分论坛是由中国怀夏文化遗产基金会赞助的。
此外,中国怀夏文化遗产基金会建议,在巴基斯坦、伊朗、哈萨克斯坦和埃及引进世界文化遗产时增加中文注解,并将继续跟进该项目。
南京江宁区党委会秘书李世贵在区第13届党大会上说,东山应努力在经济发展、社会治理创新和党建设方面步调加快,使自己成为第一流的分区。
「立即以黨大會的精神行事是東山目前及下個階段的首要任務」
Dongshan的首領表示, 在未来五年中, Dongshan 将坚持创新发展, 增加和提振增长引擎,
它将加强研发园作为主要经济战场的作用,侧重于智能电网、电子通讯和以投资邀请为核心的新材料工业等新兴战略产业,以促进新产业的扩展和服务模式的创新。
该分区将坚持绿色发展,重视在生态文明建设过程中提高城市质量。
它还将推动生产和消费方式的绿色化,并利用中央政府的环境检查,将重点放在水、空气、尘埃、稻草以及其他污染源的处理上,以促进工业可持续性。
校對:Portnoy
分区誓言在未来五年继续发展,提供更多的公共服务。
更能促进就业, 突出创造空间作为就业驱动力的作用, 并为提供更多指定职位的公司推出激励政策。
通过改善基础教育、提供更平等和更高质量的公共保健服务以及调整四项特别救济服务的标准和范围,东山旨在使公众更加幸福。
湖南省环境保护局命令Yiyang政府改善Datong湖的水质
Dongting湖中心的82.67平方公里达东湖一直遭受农业和家庭废水污染,近年来,养殖企业盲目追求经济利益。
近日已揭幕伦城区和孔子高科技区的小学区, 使「学校区家庭」再次成为近宁居民热门话题。
特别是,那些计划在不久的将来购买住房的人更重视他们所支持的房地产项目的学校区,以及他们的孩子将来将在那里学习的问题。
8月11日上午, Qilu晚间新闻的一位记者在对城市地区一些房地产项目进行的调查中发现,
我們的社區屬於永芬街小學區,
一名叫作「Taibai International」的房地产项目销售部工作人员告诉记者,
Zhongyin Joyful市在高科技区各学区揭幕后,
「我們的地產工程屬於重文小学的校區,
此外,在吉北新区的一些新的房地产项目也被纳入了一些学校区。 例如,金宁实验小学的校区Renxing系包括了中德公园城、Dejian Graceful Home和Ruihu One等项目。
此外,钟金星喜悦城、林华诺贝尔花园、吉克西天文城堡、Zuoan Lido、Oulong Shengyuan、海隆官邸,均位于孔子高科技区,均由重文学校小学区管辖。
随着城市的发展和中国双子女政策的实施,越来越多的人重视学校区的划分。
与城市居民的相对集中相比, 近宁的住宅预计将遍布全城各地,
一位房地产项目营销经理表示, 未来学生将学习的学校, 已经引起未来计划购买房屋者的极大关注。
自在中国发展以来, 众筹活动向公众展示了正面形象。 中国各地都開始通过众筹活动改善周围的环境。
不久前,南城一个居住区的父母通过人群资助,为他们的孩子开办了一个阅览室。
因为他们希望孩子们在暑假期间保持良好的阅读习惯,
在暑假期间, 也为他们提供了一个很好的地方。
除了阅览室外,
据报,黄山中部和西部有3000多名留守儿童,其中大部分与祖父母一起住在家里,父母不得不在其他地区工作赚钱,因此,他们每年只能见到父母一次。
缺乏亲缘关系及正确指导往往成为孩童成长期间无法挽回的怜悯。
以及其它有意義的事情, 也只能由群眾資助來管理。
網絡金融的新兴产业之一, 众人注资正逐渐把其优势扩大到所有方面。
Xf.cc的总经理Han Jianyu说,Xf.cc参与建立人群筹资系统。 该公司的一名工作人员在他的家人受到疾病袭击后,也在WeChat上通过人群筹资筹集资金。
我在此想说的是,众人注资不只是一行业,
無限的,如果你需要而且夠勇敢 開始集資,一切都將成為可能。
9月9日在「鳥巢」買車。
9月9日至12日,
香港大廳是豪华车辆展出地,
豪华车辆展厅是东西两厅之间的连接,不仅高端和豪华,而且会成为展览的焦点。
越来越多的汽车经销商已開放中間車, 向近宁市居民提供許多選擇。
广东城乡居民基本捐赠保险制度由初级捐赠保险基金和个人账户捐赠保险基金组成,主要捐赠保险基金由各级政府共同支付。
与此同时,为了改进服务以便更好地为公众服务,在现场了解了商人关于金融服务和企业的意见和建议。
8月12日中午,一架空中客车A330型双道宽板飞机载着216名乘客从成都舒格利乌国际机场起飞。
以成都為基地的航空公司每星期二和星期五一次运营其A330号空中客车双道宽板飞机,从成都直飞布拉格。
预计正常直接路线的开放将进一步促进两个区域之间的双边经济和贸易通信,并为从中国西部到中欧和东欧的游客提供便利。
多利萨尔是捷克共和国成都总领馆的领事,他说四川居民在开通路线后前往捷克共和国比较方便,
「這條路將不僅方便四川觀光客前往捷克共和国,
Dolezal表示, 總領事館已經在中國西南部的許多城市推出簽證服務,
除法国外,捷克共和国近年来成为欧洲中国游客第二最受欢迎的旅游目的地。
捷克旅游局公布的数据显示,中国游客抵达捷克共和国的人数从2010年的80 000人猛增到2014年的250 000人。
来自加拉加斯的消息来源指出,委内瑞拉和哥伦比亚于8月11日商定在边界关闭一年后重新开放边界。
这项决定是在委内瑞拉总统马杜罗和哥伦比亚总统桑托斯会晤后作出的。
据BBC指出,在第一阶段,只有行人才能沿边界的五个地方通行。
Maduro在会晤后表示, 他希望重新开放边界能帮助委内瑞拉恢复与哥伦比亚的经济和贸易往来,
桑托斯强调,边界将“逐渐开放”。
哥伦比亚和委内瑞拉也同意努力全面重新开放边界,说它们首先需要就安全、商业和能源分别达成协议。
去年8月19日, 一群哥伦比亚准军事团体向委内瑞拉军事巡逻队开枪,
Maduro随后宣布在与哥伦比亚接壤的Tachira州和两国边界附近五个城市实行60天戒严。
之后,双方举行了多次会谈,以期解决危机。 他们还召回了他们的大使参加讨论。
2015年9月21日, 两国领导人举行会谈,
我們總是想到美麗的景象、神秘的文化和誠實的村民,
种族村落发展过程中的不正确的探索模式不仅没有改变村庄的命运,
文化保护不是一成不变的概念。 例如,光西的刘三洁如果脱离村庄,就会变得毫无意义。 无论多么优秀,当它在其他地方出现时,村庄的氛围都会消失。
Hua Hin及泰国其他地區有幾枚炸彈爆炸;
CNR在晚间新闻节目中报导, 在泰国母亲节8月12日,
8月11日晚上至8月12日上午(当地时间),
8月11日晚上在华欣的炸弹似乎只是该国一系列炸弹的开始。
在过去24小时内,在泰国南部的五个省先后发生了八起炸弹袭击,其中四起发生在华欣省,两起发生在普吉岛,一起发生在苏拉特萨尼,一起发生在特拉格省。
8月12日早上8點後,
另一起爆炸在八點四十一分發生,
今天是泰国王后母亲节和生日,
Hitour(一家海外自助旅游社)的一名工作人员刚刚访问了其中一处爆炸现场。
根据爆炸地点,袭击可能规模较小,造成轻微伤害。
泰国新宪法草案自公布以来就一直有争议, 重点是关于军事权力的条款。
支持者相信新宪法能治愈泰国的伤口,
反對者認為這是「不公平的公投」。
特别是,草案中引入的新条款将削弱政党的权力,但赋予非当选参议员更多的权力。
2015年8月17日曼谷爆炸周年纪念日之前,
国际观察员指出,该国分离主义分子是最大的嫌疑犯,他们在最南端的三个省份对泰国军方采取军事行动。
为此,一些中国公司近年来一直积极设法与学院和科研机构建立实验室和主要实验室。
"鼓励工业、学术和研究机构组成联盟,可以帮助整合资源,加快科学研究。"
在启动仪式之后,国际工业-大学-研究制药联盟和温州医科大学-纽约大学结构生物合作研究中心签署了一项关于“遗传工程药物国际合作开发”项目的协议。
美國在5天內看到第四起停泊公園事故:
這起事故發生在匹茲堡中午,
1938年建造的过山车并不包括安全带,因为它不刺激。过山车的最高高度是10米。
依公園規則, 騎車者不需要由父母陪伴,
宾夕法尼亚州在事故发生后,
8月11日, 河北Leting县政府正式与JD.
这是在Alibaba之后进入该县促进农村电子商务的第二个战略伙伴。
双方还将联合建立一个全国农村电子商务示范城市,并促进调整、优化和提升该州的工业结构。
Leting县的电子商务行业正在迅速发展,大大提升了城市和农村居民的生活水平和幸福指数。
Wang Xinliang指出,年长者保健产品公司通常采取类似方式进行欺骗,举办讲座,在现场提供礼物,引诱老年人购买产品。
「聽課的人可以免費得到2.5公斤的雞蛋, 帶人聽課的人可以多得到2.5公斤的雞蛋」。
Wang Xinliang表示他曾遇到过一个案例,
於是,我們覺得服藥後的治療效果很好。然而,一周後,他們被標記到3,000元。然後,我們又沒有再買了。
Wang Xinliang指出,根据他最近两年遇到的案件,老年人很容易被骗,大多数欺诈发生在他们购买药品、医疗产品和财富管理产品时。
有些年长者買了很多醫療用品, 有些退休金高的人不聽從孩子的建議,
根据CNR-2经济评论方案的报告,网上购物正在成为许多人的日常消费手段。 当购物经验低于预期时,有多少在线购物者会做出负面评论?
大约56.4%的受访者表示,消费者有发表负面评论的权利,这是虚拟在线社会中公共监测系统的客观反映,而79.3%的受访者认为,有必要采取相关措施,保护消费者发表负面评论的权利。
然而,绝不应通过非法手段释放商人的压力,而消费者应很好地利用自己的权利。
如果消费者的评论是相关的,您应该接受这些评论并改进您的服务。
如果某人的评论旨在故意削弱你的竞争力,您可以按照反不公平竞争法的条例保障自己的权利。
若他们的恶意诽谤损害您的商业声誉和信用,您可提起民事诉讼,或向相关主管部门报案。
根据法律的有关规定,如果商人为了报复你的言论而公布你的信息,他们实际上是在侵犯你的声誉和信息安全权。然而,你对他们提起诉讼将花费很多时间和精力。
当有关行政部门正在调查和处理这类案件时,电子商务平台必须发挥监测作用。
另一方面,应通过法律法规追究那些公布他人个人信息的人的责任。 此外,还应制定惩罚网上诽谤的条例。
MIIT 征求公众意见,提高新能源车辆制造商和产品门槛
专家们指出,征求意见草案将提高新能源车辆制造商和产品的门槛,防止低水平和重复建造,使工业订单标准化,提高全新能源车辆的质量,并扩大先进和适用新能源车辆的应用。
在征求意见草案中,新能源车辆的实施范围调整为纯电动车辆、插件混合车辆和燃料电池车辆。
同时,意见征求草案提高了新能源车辆公司的门槛,包括提高了对公司设计和发展能力、生产能力以及保障售后服务能力的要求。
关于加强产品安全的监测和控制,征求意见草案还要求有关部门对所有新能源车辆(包括底盘)的运行状况进行全面的寿命周期性和实时监测。
Dong Yang表示, 目前已有119家完整的新能源车辆制造厂家,
俄羅斯總統弗拉基米尔·普京解除了總統辦公室主任Sergei Ivanov的職位。
在此之前,普京任命Anton Vayno为总统办公室副主任,担任新主任。
俄罗斯总统也任命瓦伊诺为俄罗斯安全理事会常务委员会成员。
当天,中国科学院亨水科学研究成就改造中心第一理事会和第一监督委员会正式在兴水新工业区北部的“蓝火基地”成立。
中国科学院工序工程研究所侧重于能源、化学和生化工程等领域的研究,拥有10多个科学研究实验室(中心)。
作为北京-天津-河北40个重要平台之一,该中心在全省行使权力下放和工业转移职能,主要在北京和天津进行与食品加工、纺织和服装、购物和后勤有关的工业转让和技术转让。
由中国残疾人基金会赞助的2016年“健康方案:关爱援助残疾人倡议之翼”捐赠仪式于8月12日在北京举行。
希望「愛之風」計畫能讓各行各業更關注殘障族群的生活狀況,
巴士司机无法用语言与这位老太太沟通,迫使他护送她前往附近的香港边境警察分局。
当天晚上十點, 這位老太太的家人得知, 在香港警署通知警察後,
巴士公司的工人在觀察中發現, 這位穿著乾淨衣服的老太太,
由于工人在一小时的通信后得不到任何有价值的线索,他不得不护送老尸身到附近的洪道边境警察分局,并希望警察会帮助这位老太太找到家人。
後來警方耐心地跟這位老太太談話,
那天晚上十點, 住在海地安島的Yang先生報警, 說他80歲的母親在下午失蹤,
香港警察分局警察在接听电话时发现,杨先生描述的关于她母亲的描述与这位失落的老土的特征完全吻合,并通知他到分局去辨认身份。
然后杨先生和他的侄子去了警察局 发现那老太太就是他的母亲
杨先生感谢警方及时找到他的母亲,
Yang先生說,他的80多歲母親來自安徽省, 她告訴家人她今天下午想出去散步,
晚上七點左右, 他還沒看見他媽媽回家, 所以他要求他的親戚和朋友在他家和海地安島附近搜查他媽媽,
他也說他母親從未獨自坐過巴士, 猜想可能是一些善良的人幫她上車。
在三轮汽车缓慢停放后,交通警察走到车旁,发现车内共有12人,包括司机。
司机下车后,他一再强调刹车效果不佳。 警察上去看看刹车,发现刹车效果很差。 但警察批评司机的行为,并扣留了三轮汽车。
警方在查詢後得知, 車上所有12人都是建築工, 司机仍接起这些工人工作, 条件是他知道刹车效果不佳,
8月12日晚,
今年的中俄文化大赛将为两国建立一个平台,
2016年是《中俄友好合作条约》签署15周年,也是中俄战略伙伴关系成立20周年。
中俄政府利用中俄文化大集作为平台, 在各部门开展广泛合作。
中俄文化大賽是中俄跨边界文化、贸易及交流的大事件,
作为中俄友谊和文化交流的重要载体,中俄文化大赛自2010年启动以来已成功举行六年。
Heihe副市长Fan Zhiguo告诉記者,
在今年的中俄文化大赛上, 我们邀请海外中国领导人及国内外商人前往海河,
Fan Zhiguo表示中俄文化大片为我们提供了文化、经济和贸易的舞台,
中方将利用「文化产业推广工程」,
本年度的开幕式于当天下午7: 30正式开幕。
演出由三章组成,包括《丝绸之路的梦想》、《相互联系的桥梁》和《友谊之花》,突出主题是“文化贸易、文化交流、经济和贸易合作、繁荣与发展”。
本次活动还重点开展了六项重要活动,包括高端交流、展览、艺术表演、大众文化、体育文化和文化旅游。
8月12日《台湾联合日报》报导, COSCO以3. 11亿美元购买了比雷埃夫斯港最大的股权, 并计划在未来五年内将持股量增至67%。
该公司船运主席Wan Min说,“比雷埃乌斯港的购买计划是“Belt and Road”倡议的重要里程碑之一。
这个港口的增长和繁荣可以促进中国和希腊的经济发展, 开启东西方之间贸易合作与文化交流的新时代。
Piraeus港是通向亚洲、东欧和北非的门户,2014年客流量约为1 680万,20英尺集装箱约为360万。
希腊国有资产私有化组织希腊共和国资产发展基金主席Pitsiorlas表示,
兩方在比雷埃夫斯港的關係, 不只是经济合作,
藉由這個港口, 希腊完全可以成為中國通往欧洲的通道, 讓這兩國能從中得益。
希腊政府今年4月签署一项协议, 将比雷埃夫斯港的管理权出售给COSCO,
国营COSCO每年向希腊政府支付比雷埃夫斯港的管理权。
根据有关的规格,在Yuhan隧道南端和北端为Shunhe Viaduc南端设置了两个露天挖掘区,并为这两个露天挖掘区采取了时间错位的建造措施,以减少对交通的影响,交通将连续开放。
根据建筑要求,交通组织在建筑期间采用“完全封闭的建筑”组织办法,封闭的建筑区对交通关闭,一旦条件满足,交通将开放。
在施工期间,据建议,在东西方向运行的车辆绕道通往第二环南路、图武路、北Yuhanxiaoqu路、Jida路、Ma'anshan路和Jingshi路,以及在南北方向运行的车辆绕道通往桑eng路、Yuxing路、Yingxiongshan路和其他路线。
在海南省工商管理部门设立的中央登记服务日,约有300家企业获得了营业执照。
活动期间,来自四级工商管理局的注册机构,包括海南省工商管理局、海口市工商管理局以及四个区和海口一些乡镇的注册机构,共同办理注册手续,并清理现场程序,以确保高效的服务和投资项目着陆。
据了解,中共海南省委员会和省政府决定从今年9月1日至年底在全省各地开展“为社会投资服务的百日倡议”,以进一步执行中共中央委员会关于促进社会投资健全发展的决定和安排。
为了更好地服务和指导社会投资,海南省工商管理局决定每30天共同举行“全省工业和商业系统提供的主要市场参与者集中登记服务日”。
海口购物篮集团是海口市人民政府成立的一家完全国有的企业,在海口开设了147家蔬菜便利商店和蔬菜超市。
2016年8月12日,专家组在全省工业和商业系统提供的主要市场参与者集中登记服务日活动现场完成了商业地址记录。
过去,147家蔬菜便利商店和超市需要147个营业执照。
在工商管理部门实施“一个地址,多重许可证”政策后,我只需要处理一个商业许可证,完成147个商业地址的登记。
Hayan Aidong体育文化通信有限公司的Zhou先生和Hainan Dake文化服务有限公司的Wu先生一再叹息。
这两家公司从其他地点迁至海南福辛市的互联网创新与创业工业园,
8月12日,国务院工作安全委员会办公室确认了两起重大工作安全事故,强调有关部门需要迅速安排人员进行事故调查并认真找出原因。
根据这项通知,应尽一切努力对事故作出反应,一旦发生工作安全事故,就救援伤员。
同时,有关部门应迅速安排人员进行事故调查,认真查明原因,确定事故责任,依法追究事故单位和有关人员的责任,并及时向公众公布调查结果。
蒙古Tongliao商会主席吴海明(Tongliio)多年来在蒙古工作和生活,
通过这次会议,青柳市和钦地省就建立两个地区之间的友好关系达成共识,使中国和蒙古之间的经济和贸易合作更加活跃。
降水将引致城市水土采伐和农田水土采伐, 因此应更注重地下桥和低地地区等高风险地区的排水和防御工作!
8月12日,外交部长王仪在印度果阿分别会见了果阿省省长辛哈、首席部长帕塞卡和果阿省议长阿南特。
中方希望与印度中央政府及果阿政府加强沟通和协调,
果阿是金砖五国领导人会议的东道主,
Goa欢迎中国企业在果阿投资,
南韩反对党:政府坚持部署THAAD制度,以触发公民的强烈反对
8月11日, 竞选韩国民国党领袖的Kim Sang Khun表示, 如果政府坚持这样做,
近年来,全国各地的公安机关一直按照公安部的部署,坚持打击与枪支有关的犯罪的指导原则,并取得了巨大成功。
然而,与枪支有关的犯罪案件仍在上升,特别是网上出售枪支的犯罪活动日益普遍,严重影响社会公共秩序和人民的安全感。
通过联合搜索和联合控制,它们严厉打击非法贩运枪支和流通渠道,重点是枪支流通的关键环节和渠道。
有一次,一个男孩一直想和她约会 最终从董小姐那得到点头
男孩第一次来学校接她 直接从他车尾箱里拿了一大束花 在董小姐面前
坦桑尼亚沿海省Kibaha县Mlandizi镇, 来自中国河北的Wang Shusheng正忙碌,
坦桑尼亚每年的钢棒需求已达183万吨, 但当地生产的钢棒质量无法满足大型建筑物,
一位致力于钢铁工业多年的企业家指出, 坦桑尼亚为何强烈呼吁他—— 当地市场的巨大潜力。
与王秀生一样,越来越多的中国企业家将注意力转向非洲寻找机会。
今年7月底,中国外交部长王仪在中非合作论坛首脑会议上指出,投资合作是促进中非合作与援助相比的新的强大动力。
中非发展基金主席史吉阳指出,非洲是全球经济增长的新支柱,是东亚和南亚之后增长最活跃的区域。
中非发展基金的数据显示,2014年中非贸易价值超过2 000亿美元,预计到2020年将达到4 000亿美元左右。
2014年,中国在非洲的直接投资存量超过300亿美元,预计到2020年将达到1000亿美元。
在8月12日在肯尼亚蒙巴萨举行的中非媒体与思想-Tanks研讨会上, 肯尼亚非洲经济研究联合会执行主任Lemma Senbet说中国是非洲转型发展的重要伙伴。
Wang Shusheng承認在此经营一棵植物在融入当地社会方面面临着巨大的挑战,
CBC評論者將Michael Phelps與Ryan Lochte混為一談,
一位為加拿大廣播公司CBC工作的奧運評論家在星期四晚上感到尷尬,
Elliotte Friedman在200米的单人梅德利决赛期间, 将两人混为一谈,
Friedman相信他是Lochte, Phelps的同胞,
弗里德曼喊道: "最后,他要做到这一点!"
瑞安·洛赫特要打敗邁克爾·菲爾普斯
Phelps甚至不能登上讲台
然而,Phelps贏了,Lochte在第四回合倒下了。
在Phelps碰了金子的那一刻, CBC的广播就停播了。
弗裡德曼,令人敬佩的是 立刻承認他的錯誤
抱歉,我把车道搞混了
「用金子幫忙」,
加拿大的評論家在出錯後被广泛表扬,
对不起大家。
我搞砸了 我搞砸了 I black it.
他寫道:"不要找借口"
菲普斯(Phelps)打破了2,168年前的纪录,
先前的记录由Rhoses的Leonidas持有,
在地球上最幸福的地方停车,
Disneyland在主题公园度假村东端公布了一个长期提议的停车结构、一个交通枢纽和一座新的行人桥的细节。
该项目位于5号高速公路附近的度假胜地以东,包括一个6 800个空间停车结构和一个交通枢纽,客车、穿梭车、出租车和其他车辆可以载运公园访客。
港口大道上的一座人行桥连接到停靠地和交通中心。
以及14英亩的星战土地扩建工程, 也是向阿纳海姆市承诺的10亿美元投资的一部分, 以换取30年的娱乐税豁免。
以东网关命名的该项目将于明年开工。
迪士尼的Pumbaa停车场有1300个停车位。
交通枢纽将取代2014年主题公园购买的商业财产。
该项目预计将于2018年启动。
「東門是我們在阿納海姆大量投資的一部分,
泰國在旅遊熱點爆破殺四人
周四和周五泰国南部五省发生一系列炸弹爆炸,
周四晚上發生兩起爆炸,
该镇位于曼谷以南约200公里处。
警方指出, 第一次爆炸造成一名泰国妇女死亡, 20人受伤,
当局证实,其他爆炸袭击了南部的普吉、特朗和苏拉特萨尼等城市。
在Phuket的Patong镇爆炸了两枚炸弹,在Phang Nga又爆炸了两枚炸弹,Phang Nga是普吉市以北的另一个旅游区。
在过去24小时内,共有11起炸弹爆炸袭击了该国。
泰皇家警署官员Krisana Patanacharoen上校在星期五表示,
他說「快到任何結論了」。
但据我們所知, 事件並沒有直接與任何類型的恐怖主义連結,
2016年8月12日在华欣(Hua Hin)发生小炸弹爆炸后,
8月12日, 官员表示, 造成四人死亡,
国内没有可能导致恐怖分子进入该国的冲突。
「所以我們可以說這些事件不是恐怖攻擊」,
但爆炸发生在泰国选民批准新宪法的同一周。
南部三省华欣、普吉和彭加都拒绝军方支持的全民投票,泰国东南部以穆斯林为主的省份也面临叛乱,自2004年以来已造成6 500多人死亡。
爆炸發生在泰国Sirikit王后生日,
國內君主制常住處的華欣(Hua Hin)是Klai Kangwon王宮的主人,
Bhumibol Adulayadej国王是世界上最古老的君主。
烏克蘭的麻煩即時問題:弗拉基米尔·普京到底在做什麼?
很难判断这些说法的真相。
乌克兰否认,美国和欧洲联盟都说俄罗斯没有提供任何证据。
一個開源分析團體,數位法學研究實驗室(Digital Medical Research Lab),
俄羅斯為政治目的扭曲或欺負事件,
這不意味著俄羅斯的聲明都是虛假的
去年乌克兰民兵破坏克里米亚电力塔,
克里米亚的未遂攻击并非不可能,
不管發生什麼, 開源分析家發現的圖片顯示, 俄羅斯從至少星期六起,
包括用于海岸防御的导弹系统
俄羅斯人所熟悉的
俄羅斯在克里米亞的軍隊已經安排了新的轮调,
不管週末發生什麼, 普京先生用他的語言向烏克蘭宣傳,
分析家指出, 与俄罗斯在先前对乌克兰采取军事行动前的表现相似,
2014年2月,类似的演讲和军事演习为克里米亚志愿民兵提供了掩护,以夺取当时仍由乌克兰控制的半岛,但只是为了揭露他们实际上是俄罗斯特种部队发动军事占领。
8月, 俄国支持的分裂分子在乌克兰东部失地, 普京先生在边界上驻扎部队,
他安排了一支援助车队进入该地区,根据北约的说法,这仅仅是俄罗斯入侵部队的掩护。
普京先生在克里米亚有什么计划?
有些人懷疑莫斯科是否打算再次介入。
2014年8月入侵前,乌克兰东部的战斗有所增加。
但似乎平行可能就是目的所在, 目的是制造对军事行动的恐惧,
研究俄罗斯的纽约大学教授Mark Galeotti指出,克里米亚作为针对乌克兰东部的军事行动的集结地,没有什么意义,乌克兰东部与俄罗斯本土接壤,而不是与克里米亚接壤,该国其他地区得到更好的保护。
Galeotti先生說:「俄羅斯人不可能真正計劃重大攻勢。
而是"我們在看俄羅斯的經典策略 建立緊張"
关于乌克兰的国际和平会谈,曾经是普京先生强迫与西方领导人接触的机制,而西方领导人因吞并克里米亚而避开他,现在却越来越被视为毫无结果和无关紧要。
普京先生利用重新爆发冲突的威胁,赋予会谈一个新的目的:把他从边缘拉回来。
Galeotti先生說:「這是一個标准的普京策略,
"唯一真正的力量是說,"我可以讓事情變得更糟,如果我想。"
与西方达成讨价还价的立场
普京先生也在本周表示, 在克里米亚紧张局势下继续谈判毫无意义, 迫使其他各方说服他回到谈判桌旁,
这对他有什么好处?
也讓俄羅斯繼續以全球力量聲明自己,
俄羅斯政府認為莫斯科對烏克蘭的主权有否决權,
以及终止西方对俄罗斯的制裁。
自2014年末他的国家经济开始崩溃以来,
自去年秋天干预叙利亚以来,
但俄罗斯领导人可能认为,他们需要在奥巴马总统即将卸任的1月前达成这样的协议。
俄羅斯官方認為希拉里·克林顿(Hillary Clinton)是可能的繼承人,
Donald J. Trump虽然对俄罗斯十分友好,
Galeotti先生表示:「希望达成决议,
所以有一种感觉,有 关闭的机会之窗 得到一些事情迅速完成。
普京先生似乎很樂意讓俄国弱小的鄰居猜測接下來會發生什麼。
先前版本的这一条误读了俄罗斯从乌克兰兼并克里米亚的年份。
是2014年,不是2013年。
与国会的死囚 白宫的Diverts基金 来对抗Zika
奥巴马政府在星期四表示, 将8100万美元从生物医学研究、除贫及保健方案转移至Zika疫苗开发,
卫生与公众服务秘书Sylvia Mathews Burwell在一封信中告诉国会议员,
当地获得的Zika感染病例在迈阿密增加,
截至上星期,据疾病控制和预防中心报告,在美国,大多数在波多黎各,有7 350例Zika病例。
Burwell女士说,有15名婴儿出生时带有Zika相关的出生缺陷。
病毒可导致受感染母亲所生子女的大脑发育异常和其他严重缺陷。
疾病在美国大陆蔓延, 上月底首次报告病例,
Hillary Clinton在周二的Wynwood, 迈阿密附近有当地传来的Zika案件,
歐巴馬總統及國會共和黨人今年大半年都與Zika相爭。
2月,奥巴马先生要求提供19亿美元的紧急资金。
共和黨人要求更詳細地解釋錢去向。
立法者已爭論了幾個月,
上月, 民主党人阻止审议共和制措施, 共和制措施本可拨款11亿美元, 用于对抗Zika,
此次僵局促使白宫在4月将5.89亿美元的埃博拉资金转用于Zika工作,其中约三分之二指定用于国内使用。
Burwell女士在星期四表示, 她所在的部门已经用光了大部分的钱,
「Zika紧急補助未能通過, 迫使政府選擇延遲疫苗开发工作與突擊其他政府方案,
民主人士因未为Zika增供钱,
在一次新闻发布会上,来自加利福尼亚州的Nancy Pelosi代表(少数民族领袖)呼吁众议院议长Paul D. Ryan代表让国会重新推动这一措施。
Pelosi女士说:「所有可能的選擇都已經耗盡了,
歐巴馬政府延後將最大政治利益從Zika議題中挤出。
国家卫生研究所上周宣布, 已开始对Zika疫苗进行临床试验,
但若沒有更多資金,
Burwell女士说,她将把指定用于治疗癌症和糖尿病等其他疾病的N.I.H.3400万美元的资金转入Zika的努力。
另有4 700万美元将转给生物医学高级研究和发展局,该局支持开发药品和疫苗,以应对公共卫生紧急情况。
包括来自向低收入家庭提供取暖油补贴的方案的1 900万美元,以及来自药物滥用方案(如类阿片成瘾方案)的400万美元。
即便如此,Burwell女士说,额外的资金只能持续到下个月,届时各机构将不得不“在国会不采取行动的情况下,对Zika“严厉削减其许多关键努力”。
在过去四个月中,疾病防治中心花费了6 000万美元帮助各州保护孕妇,2 500万美元用于加强Zika的准备和应对计划,以及1 600万美元用于帮助各州建立数据收集系统,以迅速发现与Zika有关的微胸综合症和其他综合症。
Thai Leader Link 攻击旅游胜地,
泰國政府領袖在周五敦促他的同胞耐心等待調查員決定本周泰国一波致命爆炸案的幕後主使。
總理、總理普拉魯特·昌-奧查( Prayuth Chan-ocha)表示, 兇手是「壞人」,
「還有壞人, 自公投前起,
星期四和星期五在五省, 包括普吉和华欣,
当局说,该国其他地方的纵火袭击似乎有关联。
分析家指出,爆炸似乎不是要杀害许多人,而是要破坏旅游业,这是泰国经济中为数不多的亮点之一。
在Hua Hin至少有九名外国访客受伤。
人权监察站的资深研究者Sunai Phasuk說:「不管動機是什麼,
这些攻击造成破坏当局名誉、恐吓公众和损害旅游业经济的后果。
照片來自泰國救援工作者,
警方不认为爆炸与国际恐怖主义或泰国南部长期的伊斯兰叛乱有关。
他们将攻击描述为“地方破坏”,
攻击的时间和地点具有强烈的政治象征意义。
爆炸发生在人们准备在泰国庆祝Sirikit王后生日时,
首都Hua Hin(Hua Hin)被四枚炸弹击中,
军事起草的《宪法》将削弱政党的影响力,并赋予军队更大的权力,即使军队将政府交还文官控制。
軍政府阻止對手對抗政府,
华盛顿战略和国际研究中心东南亚专家Murray Hiebert指出军方怀疑这些攻击是由对投票不满的人所为。
爆炸案「显然有协调, 但显然意在制造恐惧和焦虑,
去年在曼谷流行的Erewan圣殿的爆炸造成20人死亡,
泰国官员将这次爆炸事件归咎于维吾尔族激进分子,
自2014年政变推翻文官政府后,
「為什麼現在,當國家變得越來越好, 經濟也越來越好, 旅游业也越來越好?
我们必须问为什么 是谁干的
金色反應:Simone Manuel的歷史時刻看起來像什麼?
今晚我刚参加这场比赛, 我试着把黑人社区 的重量从我的肩膀上移开,
但我希望它能消失
我很高興我能鼓舞他人 希望能讓運動多样化
但与此同时,我希望有一天 我们有更多的人, 它不是西蒙妮, 黑色游泳者, 因为标题黑色游泳者, 似乎我不应该 能够赢得金牌 或我不应该 能够打破记录。
那不是真的,因为我工作像其他人一样努力, 我爱运动,我想赢 就像其他人一样。
努力保护哥伦比亚L.G.B.T.学生
兩年前, 16歲的Sergio Urrego從波哥大的購物中心跳樓,
他的死是本周困扰哥伦比亚的争议的起源,
Urrego先生的母亲Alba Reyes在发现他和同学有亲密关系后,
要求全国学校制定更明确的政策, 防止歧视。
這項決定是哥倫比亞同志權運動一連串法律勝利的一部分,
教育部长Gina Parody是公开的同志, 成为执行裁决的丑闻的热点。
由一群自称是教育部印发的指南手册的一部分的人, 開始在社交媒体上流傳色情杂志上所傳的性格清晰的内容。
Parody女士很快就揭穿了
虽然该部就性取向和性别认同相关问题向学校提供指导,以帮助他们遵守裁决,但并未试图强制实施标准化规则。
Parody女士在星期四的訪問中表示:「我們所希望的是,
在一场关于一个国家的未来的全国性辩论中, 争端打开了一个新战线,
由反对政府的政治家和天主教会领导人组成的联盟以惊人的速度动员起来,指责胡安·曼努埃尔·桑托斯总统的政府提倡同性结合和性别流动性。
为使事情复杂化,政府代表团最近与哈瓦那哥伦比亚革命武装力量达成了一项关于性别平等和L.G.B.T.平等的协议,呼吁政府采取更具包容性的政策。
政府及和谈的批评者, 都追逐着42岁的哥伦比亚政治明星Parody女士,
在集会上展出粗劣的海报,
帕罗迪女士在整个瘀伤的一周中一直保持令人钦佩的口味,她试图澄清事实,以建设性的措辞重塑辩论。
她說:「讓我保持清醒的一面是知道有孩子正在從衣柜出來。
這是個困難的階段 而且很孤獨
她还将和平进程与L.G.B.T.学生的辩论联系起来。
她说,哥伦比亚人继续权衡与哥伦比亚革命武装力量达成协议的利弊,这标志着该国的地震转折点,因此他们必须考虑冲突的根源。
她表示:「和平国家是否促进包容或排斥;
她很高興在今天的哥倫比亞, 同志學生可以仰慕她, 認為他們也能希望當一天的部长。
Parody女士说:「對我而言,
我们不能等待新的自杀 开始改变。
維持網路安全選舉──《紐約時報》
《美国想方设法不让黑客进入投票箱》(新闻文章,8月)
欧巴马政府正讨论为国家选举制度提供额外保护。
这种改变可能是必要的,应立即考虑。
網絡威胁的多元性, 以及外界人士(可能包括民族国家)对影响选举的兴趣日益浓厚, 联邦政府必须更加注意保障选举制度,
Johnson先生应毫不迟延地与该国数千个司法管辖区进行沟通,帮助举行选举,并向国土安全部提供协助、专门知识和指导。
虽然我们投票基础设施的多样性和多样性扰乱了为保障其安全所作的努力,但这告诉我们,这一进程应尽快开始。
密西西比的民主党作家是众议院国土安全委员会的高级成员。
联合王国政府最近与中国和法国合作,突然宣布暂停联合王国的Hinkley Point核电站项目,在国内外引起广泛关注。
英国政府发言人最近表示, 推迟项目并不表示英国对中国的热情有所减弱, 中国与英国仍在各行各业合作,
一些专家指出,中国的核能在技术水平、安全性能、操作经验和所有其他方面居世界首位,而且成本相对较低。
因此,虽然“核能走向全球”将在某个时期经历考验和磨难,但双方互利合作的趋势不会在巨大的双赢潜力的背景下改变。
但对于英国在Hinkley Point核电站项目中所做的事,
该项目一旦完成,将满足联合王国7%的电力需求,并在60年的运作期内每年帮助减少900万吨二氧化碳。
分析家普遍认为,联合王国的复杂因素,如暴露的经济风险、国内政治之间的争端增加、Brexit之后的繁琐后续程序以及未来的不确定性增加等,都阻碍其核电项目。
保持国内经济和市场制度稳定是英国新政府的重中之重。
同时,在Brexit投票获批后, 英国还需要在未来几天内面对一些Brexit程序, 并再次理顺与法国等欧盟国家的关系。
Xu Mingqi表示, 虽然英国新政府显然热衷于「与前政府不同」,
然而,在过去20年中,联合王国的核能发展停滞不前,其现有15个核电站中的大多数已经达到设计寿命。
根据英国能源白皮书的预测,到2025年,联合王国将只有一个核电站仍在使用,导致电力供应出现重大缺口。
因此,各方对联合王国政府中止该项目以造福公众表示共同关切。
Scuoler认为,只要符合两国的利益,中国就可以在帮助联合王国重建基础设施方面发挥关键作用。
Liu Xiaoming表示, 我们期待着尽早成功启动和实施该项目,为联合王国提供安全、可靠和可持续的能源。
核电站项目有助于降低英国民众的电费, 同时推动当地经济与就业。
因此,如果英国新政府作出最终决定, 期望人民福利最大化, 核能项目就不会看到暗淡的前景。
英国方面可以解决能源需求差距, 中国和法国双方都可以在核能领域找到自己的有利技术和产品的市场,
尽管欣克利核电站项目越来越不确定,但毫无疑问,中国在核电技术方面有着高水平和尖端的经验。
以中国将按期进入英国核电市场的“Hualong 1”为例,
例如,中国根据日本福岛核事故所反映的问题设计了“蒸汽发电机第二侧的被动余热清除系统”,可及时去除反应堆核心的热量,避免反应堆核心的熔化。
Liu Xiaoming指出,中国在核能开发过程中,30多年来一直保持着良好的记录和安全水平,国际机构高度重视中国在核能开发和监管方面取得的成就。
今日是中英关系的重要历史时刻,
中方希望联合王国政府继续支持欣克利核电站项目,尽早做出决定,确保成功实施该项目。
中国国际贸易协会中美欧洲经济战略研究中心共同主席He Weiwen认为,由于英国方面作出决定的时间有限,双方需要更实质性的沟通和对话。
在阿根廷总统更替后, 中国-阿根廷核电站工程也被暂时搁置,
自今年夏天开始以来, 我们城市的气温创下历史新高, 所以游泳是许多公民可以选择的, 享受凉爽的夏热, 特别是在Guijiang河的游泳池,
依據游泳池的員工說, 許多公民或人與孩子從每天下午四點起接連來,
河中美丽的宽水游泳池 有很多游泳者很受欢迎
第九个中国-东盟教育交流周将正式进入8月8日的延长期,全年主办70项活动。
在上一个开幕期,政府官员、大专院校校长、中国和东盟10个国家的专家和学者就教育发展计划进行了有效的交流。
此外,值得指出的是,第二届“中国-东盟教育部长圆桌会议”自中国-东盟教育交流周开始以来六年后,将11个国家的所有教育部长第二次聚集一堂。
今年是「中国-东盟教育交流年」,
近些年来,中国和东盟国家日益深化各领域的交流与合作,并不断在教育合作中推出重要内容。
据了解,在双方连续数年举办的教育交流周期间,签署了近800项合作协定,不断促成人民与人民之间交流的双赢合作。
在交换年,作为教育年、中国-东盟教育交流周和第二届中国-东盟教育部长圆桌会议的旗舰方案,中国-东盟教育部长圆桌会议特别受关注。
「中国-东盟青盛职业教育中心」及「中国-东盟铁路过境教育培训联盟」也正式成立。
」「中国-东盟教育交流年」已持续多年,
「中國-东盟教育交流周」在深化兩方人與人之間的交流、建立「靈魂之脊、友谊之橋、理解之橋」方面, 扮演了不可替代的角色。
今天,人们对肿瘤的注意正在迅速增加,这在很大程度上可能与近年来高水平的癌症发病率有关。
根据2012年癌症报告,中国每年新增癌症病例约337万例,死亡病例约211万例。
癌症是中国第一死亡原因,死亡人数占全球癌症致死人数的四分之一。
由于其不受控制的增长和扩散,罐头几乎可以影响到人体的每一个部分。
一般而言,人体的任何部分都可能患上癌症,某些种类的癌症也将转移到身体的其他部分。
癌症是一种遗传疾病,但研究发现,只有少数癌症是遗传疾病。
许多因素会影响癌症的发病和发育,其中环境因素居于首位,可以改变。
环境因素包括吸烟、传染病、辐射、污染以及食物、营养和体育活动等。
李先生被送往医院后,医生告诉他的家属,他处境很严重,因为他因腹泻严重脱水而处于高血清昏迷状态,如果几分钟后送到医院,他可能会死亡。
根据统计,大约20%的糖尿病患者,特别是以前未接受治疗的病人或血液甘蔗没有得到适当控制的人,可能患有腹泻症状。
對某些糖尿病人而言,慢性腹泻甚至可能是主要疾病症候群,它是如此具有欺骗性,然后导致诊断失誤和误诊。
痢疾后腹泻可能导致厌食症和恶心,吃消化剂可以帮助疾病好转;对于细菌腹泻,这种疾病一般会突然出现,每天几次,伴有腹痛,但短期治疗后可以恢复。
在糖尿病方面,它主要表现在不明显腹部疼痛的耐寒性腹泻中,在大多数病例中,不伴随感染而来,但腹泻数量大幅增加,每天高达20多次。
此外,当一些低血糖药物,如Melbine(DMBG)或α-glucosidase抑制剂在一开始就服用时,病人可能会发生腹部衰竭、腹部疼痛和腹泻等副作用。
原因是高血糖压力加上低血糖状况在出现炎症后可能会发生腹泻。
此外,人体因腹泻而处于紧张状态,释放了多种荷尔蒙。 在与腹泻对抗的同时,人体也将遭受大量血糖的侵袭,而血糖的流出可能会在严重的情况下引起心酸。
因此,除了住院的病理治疗之外,糖尿病患者还应注意腹泻后的以下方面。
患急性腹泻的糖尿病必须首先防止脱水,所以必须多喝水,这自然有助于他们增加尿液,从而可以排出不必要的血糖和丙酮体。
然而,最好不要喝含咖啡因的饮料,因为咖啡因可以刺激胃肠功能,然后加剧腹泻。
對於糖尿病人而言,血糖管制在急性腹泻的情况下是不平衡的,因此,他们必须密切观察血糖的变化。 最好每隔3至4个小时测量一次血糖。
美国食品和药品管理局(FDA)最近批准在美国东南部佛罗里达州进行转基因蚊子实地测试。
這種基因變化的蚊子可以幫助控制蚊子傳染的传染病,
根据林业发展局3月份发表的初步环境评估报告,这种蚊子不会对环境产生重大影响。
报告还指出,但这并不意味着这种蚊子可用于商业目的。
Oxitec还必须遵循联邦、州和地方政府规定的其他条例,并与当地伙伴Florida Keys Mosquito控制区合作,确定进行实地测试的时间。
在巴西、巴拿马和开曼群岛进行的测试表明,这种蚊子可以将试验区的蚊子数量减少90%以上。
使用轉基因科技「用蚊子除滅蚊子」也引起爭議,
此外,安徽省还建立了主要药品监测目录警报管理系统,定期出版高价、大消费和不治疗的副药的监测目录,并予以公布。
8月4日, 玩家爭取四件物品,
军事技能的展示和竞争旨在测试武装部队的全面能力,包括机动小组、船只和船只小组以及后勤小组等竞争小组。
船只和船只小组参加了专业驾驶、枪手和海员事务以及电子机械竞赛;后勤小组竞争后勤供应、设备拆解和排除故障等物品。
报告预测,三分之二的在校学生今后将要从事的工作类型现在还没有出现,但那些主要从事虚拟现实设计、机器人工程和视觉通信的学生将在今后的就业市场上占有一席之地。
国际体育新闻协会向8月8日在里约热内卢报道过10多次奥林匹克运动会的高级体育记者颁奖,表彰他们对报道奥林匹克运动会和体育的贡献。
协会共向100多名体育记者颁奖,其中意大利记者朱利亚诺·比维拉奇夸报道了25场奥林匹克运动会(包括夏季和冬季版),报道数量为1号。
2012年伦敦奥运会和2014年索契冬季奥运会之后,
「中國影響」日复一日愈來愈多,
奥运会期间“中国风格”的流行反映了中国日益增强的全面实力和国际影响力。
8月11日晚上15點20分, Hubei Dangyang Madian Coal Gangue Power Group Co. Ltd. 发生管道爆裂事故,
一只鹦鹉成功捕捉了一只羚羊, 但它的喉咙被瞪羚的角刺穿, 因为它想吞噬猎物。
照片由62歲的攝影師Christo Brunette拍攝,
8月10日下午, 一名男子拿着吸管杯和攀爬装备爬上 纽约特朗普大樓外牆,
在今年的上海书展上,许多重要著作的焦点都集中在诸如长征胜利80周年、中国共产党95周年、供方改革以及贝尔特和路等主题上。 因此,这些主题出版物是否会受到高度赞扬和热销?
上海世纪出版集团副总裁李元涛认为,一本书的目标是获得社会福利或经济利益,但最好两者结合。
5 000多本书的作者是每个主题领域的所有著名专家和学者、每个主要出版机构的负责人或全国有影响力的主流媒体。
除了在“社会科学集市”上举办统一的展览和展览外,
同时,将讨论由有关部门推出的书店业绩评价计划以及书籍出版业制定的“十三五年计划”征求意见稿,为该行业的可持续发展提供支助。
在过去十年中,上海书展是第一个将阅读活动和书籍视为“共同星”,并尽一切努力宣传“阅读是一种生活方式”的人生理念。
今年的上海书展在组织阅读活动时,
在阅读活动中,第6个上海国际文学周是重点活动之一,与以前版本相比,来宾和活动显著增加。
幸運的是,一位好心的過路人發現了這點。 然后,他不停地向卡車司機大喊大叫,開著他的車超過卡車,迫使它停下來,幫助他脫離困境。
他的汽车数据记录器拍下了令人惊叹的一幕。
影片中顯示,在案發當日18點14分左右, Yang Dong驾驶車經過事故路段,
當卡車司機準備把卡車轉向左邊, 直接撞倒了被快速拉到卡車底部的人。
然而,当时卡车司机用空白的表情看杨东, 不知他的意思,
在這種緊急情況下, Yang Dong 立即把車窗拉下來, 向卡車司機大喊,
就在那時,他開著他的車 快速地超過那輛卡車 開到路邊阻止了它
在那之后,那人爬出卡车,站起来。经过初步检查,他的膝盖被折断,身体的其他地方没有露天伤口。
隔天他上傳了駕駛影片到網路上, 提醒司机在開車時,
Steve是一位圖像设计師, 也是荷兰畫家Vincent van Gogh的肖像,
史蒂夫和他身边的人没有注意到这个方面, 但他的同事在一个月前史蒂夫长胡子后提到这一点。
Steve的一位朋友寄了链接给他,鼓励他申请参加Vincent van Gogh最像的人的比赛。
Steve在比赛中达到了前30名, 如果他赢了比赛, 他将得到5 000欧元(37 000林布)的奖项,
Steve對他長得和Vincent van Gogh一模一樣很滿意, 他說如果他能贏得比賽,
那天,中国游民李光源在里约2016奥运会 男子200米的后排决賽中 错过了一枚獎牌, 第六场比赛1分55.89秒
瑞典的Dagens Nyheter指出,
盗用身份是一种犯罪形式,即非法获取他人的身份信息并以此为幌子牟利。
Sifo的调查数据显示,四分之一的受访者说,在过去12个月里,他们在电子邮件、短信或其他社交媒体中披露了个人信息。
瑞典一家保险公司My Security的总裁指出, 盗用身份的刑事案件频频发生,
据报瑞典警方在今年夏天初投入了大量资源,
只有在被盗身份被用于欺诈活动,例如以他人的名义在网上购物时,它才构成犯罪行为。
Svenska Dagbladet最近报导, 瑞典各城市新租房市场兴旺,
最新数据显示,提供新出租住房的等待时间已经延长,而不是在近一年的时间里缩短。
特别是,首都斯德哥尔摩市中心与郊区住房供应的等待时间被延长了两年。
目前,在斯德哥尔摩签署新的住房合同的平均等待时间至少为16.5年,而在斯德哥尔摩郊区,则也超过13年。
瑞典住房管理局销售负责人指出,供应量下降以满足斯德哥尔摩第一手住房租赁市场的需求,等待时间增长过快,等待时间达到历史最高点。
据报告,虽然今年在斯德哥尔摩提供了数以万计的第一手住房,但对第一手住房租金的需求仍在稳步增加。
根据这些数据,今年上半年只有2 006套住房可供使用(仅包括旧房,但不包括新租房),等待第一手合同的人数已超过540 000人。
Svenska Dagbladet估计, 如果保持目前的速度,
根据过去12个月的数据, 住房危机不只是在首都斯德哥尔摩出现的现象, 而在哥德堡和马尔默地区,
Lavaux是瑞士著名的葡萄酒区,
2007年,《世界遗产公约》将拉沃沃梯田葡萄园列为世界文化遗产。
Cai Zelin是來自中國Qujing的運動員,
Qujing由Dali、Kunming和Zhautong密切跟踪,他们各有3名运动员参加,Honghe和Yuxi各有1名运动员参加。
賓夕法尼亞過山車上的男孩受傷了 一周的第三次游樂場受傷了
一名男孩在星期四从过山车坠落时受伤, 被送到匹兹堡的医院、急诊处和公园官员说,
一名Westmoreland县紧急情况处的发言人表示,
公园发言人Jeff Crouchore在一封电子邮件中表示,
科洛肖說這輛叫羅洛海岸飛船的車 在調查前會被關閉
Idlewild要求儿童至少身高3英尺(91厘米)才能乘过山车,而年龄小于4英尺(122厘米)的儿童必须由一名成年人陪同。
州农业部表示8月通过检查。
一位医院发言人拒絕评论男孩的病情。
一名10岁的男孩在星期天在堪萨斯州堪萨斯市乘坐世界最高水滑梯时,
3名6、10和16岁的女孩在田纳西州格林维尔县集市被推翻时,
日本安倍首相不會在二战紀念日訪問戰死聖殿:
日本首相安倍晋三不会在日本二战失败周年纪念日访问东京一个有争议的战死圣殿,
Abe计划在周一向Yasukuni神社送礼,
圣殿向14名被判定为战犯的日本领导人致敬,
自2013年12月以来,
日本新任国防部长Inada Tomomi拒絕說她是否會去聖殿,
支持修改日本和平宪法的阿部的亲密盟友Inada过去定期访问Yasukuni。
灾区重建部长Imamura Masahiro在星期四访问圣殿,
中国与日本(亚洲最大的两大经济体)之间的联系, 近来因中国海岸警卫队和其他政府船只在东海争议小岛附近航行,
两名疑犯可能被拘留在里约奥运的阴谋中:警察
警方在周四逮捕了两人, 涉嫌支持伊斯兰国策划里约热内卢奥运会期间可能发生的攻击。
警方在星期四行动前逮捕了12人,
巴西联邦警察说,另外三人受到审讯,后来被释放。
星期四被捕的两人是巴西人,
虽然巴西没有与已知好战团体发生冲突的历史,
其好战分子控制着伊拉克和叙利亚部分地区,
该团体在全世界都有支持者,他们对平民进行枪击和轰炸。
法國牧師殺害的新嫌犯 正式指控
一名警方人士在周五告诉路透社:
来文提交人说,21岁的嫌疑人因与恐怖分子勾结,并计划袭击他人而正在接受调查。
该名男子与Adel Kermiche和Abdel Malik Petitjean通了电话,他们于7月26日在法国西部圣埃蒂安-杜鲁瓦雷中断了教堂服务,并割断了85岁的罗马天主教神父Jacques Hamel的喉咙。
两人都是被警察射死的
消息来源指出,嫌犯从图卢兹附近的家乡前往圣艾蒂安鲁瓦拉,并在袭击前几天在那里过夜。
消息人士說, 這名年輕人沒有犯罪記錄, 承認在那裏過夜,
Kermiche和Petitjean是否在法国有共犯, 是否与伊斯兰国有瓜葛,
上月底Petitjean的表弟也遭到防范性拘留。
多魯斯·德·弗瑞斯在凯尔特移動前接受醫療
諾丁漢森林守望者多魯斯·德·弗瑞斯 已經抵達格拉斯哥 以完成前往凯尔特的行動
De Vries在Hops和SkyBet锦标赛俱乐部达成协议后,
Brendan Rodgers的老闆正在寻找 一位有经验的中士 向目前第一位克雷格·戈登挑戰
但Rodgers信任35岁的De Vries 在Swansea和荷兰人共事期间曾与荷兰人共事。
他为天鹅队出面51次,
他退出威尔士的服装 夏天加入狼 并自2013年起一直待在市中心。
他在2006年与Dunfermline签了婚约,
在苏格兰杯决賽中輸給凯尔特(Celtic)之前,
據報導凯尔特人只需支付象征性的費用才能登上他的簽名。
在2016年里约奥运会期间, 安全问题一直是人们一直关心的,
在西班牙和尼日利亚的篮球賽開始前, 警方与军方合作, 引爆了在所控制的篮球体育场发现的可疑背包。
一名保安告訴路透社, 這個可疑的背包是在巴西和克罗地亚的篮球賽結束後發現的。
警方在浴室的垃圾桶里发现了可疑的背包,
後來,背包被機器人帶走, 在警察和军方的指引下引爆。
声明也提到,"有一块平板, 一双袜子和夹克 在背包。"
西班牙和尼日利亚之间的游戏一打起, 体育場上沒有觀眾, 警方確認安全後,
西班牙NBA超级明星Pau Gasol表示, 玩家们对当时的状况感到困惑, “我们听到爆炸声,
起初,我们刚听到爆炸声,然后环顾四周,但发现一切都很好。”
在前男子在里约奥运会的自行车赛中也有可疑的炸弹威胁, 但幸运的是,
在烧焦和周遭的夏天,婴儿中将发现越来越多的皮肤问题,这与更多出汗密切相关。
溫度上升意味着许多父母开始做恶梦, 因为他们的小宝宝开始患上皮膚發炎, 并伴有红疹和紅斑等症状,
Tan Xiaohua是广州医科大学第三附属医院的儿科医生,他注意到,每年夏天寻求门诊服务的皮肤病小病人的比例将增加,而蚊子咬、乳房、红豆和尿布皮疹等皮肤问题将更加突出。
症状多有不同成因, 包括红皮疹、红斑和皮膚痒等,
造成这些皮肤病的原因也相當相似, 就是說, 小孩子不是因為太多的汗水和唾液而「乾淨」,
Podiatrist Tan Xiaohua指出,
此外,幼儿的汗腺正在发育中,一些儿童的汗腺和皮肤腺尚未平衡,导致无法出汗。
「有些父母有很好的習慣, 帶著小毛巾, 立刻擦掉孩子身上的汗水」
"对于经常有湿衣服和汗水的孩子, 皮肤皮疹会经常在他们的身上被发现。"
如果夏天太热, 婴儿会出汗过多, 所以父母可以增加淋浴频率,
例如,每天在正常时间为婴儿洗澡,现在可以增加到每天两次。然而,在第二次洗澡时冲水是正常的,不用任何洗澡用品。
此外,为了在夏季预防皮肤疾病,可把含有蜂蜜类等一些药草成分的抗虫药水滴入婴儿洗澡水中,这有助于散布孔孔和孔雀。
上述是父母保护孩子皮肤的基本条件。对于不同的皮肤疾病,父母也可以采取以下不同的治疗方法。
但请注意, 如果红疹伴有补丁或多次攻击, 建议看医生检查其他疾病的可能性。
「避免任何學生因家庭經濟困難而失學」是我們黨與政府的郑重承諾。
国家高度重视资助贫困学生的努力,为大学生建立健全的财政援助制度,涵盖奖学金、贷款、兼职工作、津贴和免学费等多种措施。
如果学生有问题,他们可以拨打他们首先学习的学校;如果学校不起作用,他们可以拨打相关市或省、甚至教育部设置的热线。
她宣布與八月八日與她共事的演員成婚, 激起社會的關注。
自從Eikura Nana剛結婚後, 許多網友都認為, 儘管她現在是成年女性,
8月12日, 記者從北京警報中心得知,
Miyun区委员会Propaganda部称,Miyun区目前关闭了34个旅游景点,Beizhuang镇Daling村的一座水下桥梁被毁。
8月12日早上十點, Miyun区發出暴雨红色警告信號和地质灾难橙色警告信號。 暴雨红色警告信號下午2: 30解除。
山地及浅山地區將面临大雨造成的中小型河水災、山洪、地质災害及其他二次災難的高度風險。
最近,Miyun区派遣了8 100人参与地区、城镇和村庄防洪前线,并将164个村庄的2 742名村民疏散到临时住所,全区民间海关的村庄停止接待游客。
此外,平古区天文台于8月12日12:50时发出雨暴橙色警报信号,方山区天文台于当天下午2:20时发出雨暴橙色警报信号。
据估计,方山区仍将有持续降雨,山区和浅山区将面临地质灾难风险。
根据北京警示中心,全市降雨监测站测得的平均降水量达到20毫米,城市地区为13.7毫米,从上午6点到8月12日下午2点。
据悉,在蒸气管道断裂事故发生时,有20多人在现场进行热能调试。
8月12日凌晨三点半, 伤者仍留在大阳人民医院的重症监护室接受紧急治疗。
Loo Wen受伤者的家属Feng先生说,除了头发和脚以外,他90%的尸体都被烫伤。
当冯先生看到罗文时,他因重伤失去知觉,医生在救他一命。
据了解,5名受伤的工人都受了烧伤,其中一些工伤如骨折。
在收到事故报告后,国家工作安全管理局立即派出一个工作组前往事故现场,指导和协助当地部队作出巨大努力,进行现场救援和事故处理。
中共湖北省委员会和省政府的主要领导人与湖北省安全生产监督局的领导人也抵达现场,在事故发生后指挥救援行动。
官方指出, 超过17,700人正式遭逮捕, 超过11,500人已获释,
得知土耳其叛乱集团企图在7月16日晚上(当地时间)发动军事政变。
土耳其政府指控反对派派传教士Gullen策划未遂政变, 并要求美国将他引渡至土耳其。
土耳其司法部长Bekir Bozdag后来表示,
8月11日晚至8月12日上午, 普吉岛有2起爆炸,
先前据报,8月11日当地时间晚上10点,第一枚炸弹爆炸,但没有人受伤。
第二枚炸弹爆炸炸死一名泰国妇女,
当地警方表示:「在伤员中, 有3名重伤及7名外籍人士,
事故后,泰国警察疏散了爆炸现场附近的公众和访客,并将伤员送往当地医院。
目前,泰国警方正在调查爆炸案背后的动机以及使用了何种炸弹。
Hua Hin是泰国Prachuap Khiri Khan省著名的海滨旅游城市,每年吸引成吨的国内外游客。
首都位于曼谷南部200公里外, 是泰国皇室的避暑胜地, 有许多美丽的海滩、国家公园、历史遗迹及皇室遗迹。
8月12日, 世界卫生组织(世卫组织)表示, 前往巴西观看2016年里约奥林匹克运动会及里约残奥会的访客,
如果运动员和旅行者必须前往巴西,可以采取预防措施,避免Zika病毒的两种传播方式:蚊子咬伤和性传播。
截至8月10日,66个国家和地区报告了2015年以来蚊子传播Zika病毒的证据。
有些国家或地区报告Zika病毒感染病例减少,但根据目前阶段获得的证据,Zika病毒的爆发并未显示总体下降趋势。
卫生组织指出,虽然有Zika病毒病例从海外进口到中国大陆,但当地没有发现蚊虫感染的病例。
8月12日, 菲律宾总统Rodrigo Duterte表示, 虽然他虐待美国驻菲律宾大使Philip Goldberg,
8月12日, 美国驻菲律宾大使馆在一份声明中表示, 美国方面注意到有关Goldberg的批评报导,
在菲律宾总统今年四月的竞选活动中, 戈德伯格在人权问题上批評了杜特特,
8月12日, 西班牙男子篮球隊看到一线希望,
Oguchi得24分, 包括12分中7分和所有3分空投,
西班牙作为一个传统的欧洲团队, 因其明星Marc Gasol缺席而受到严重削弱,
西班牙也非常努力地打球, 并在11小时的比赛中被淘汰。
本季度最后1分20秒內, 尼日利亚又未能得分, 罗德里格扎擊中了三分球, 幫助西班牙在5分后,
在第二季度有3'54'去, Gasol 做了一个驾驶布置 帮助西班牙在40 -27领先。
本季度只剩下6'09', Llull 擊中了2次自由投球 61-48西班牙領先, 再一次是2位数的优势。
在Oguchi为尼日利亚三分后,西班牙得4分,以将其领先率提高到14分。
然而,在本季度的最后4分49秒内,西班牙停止了评分。 相反,尼日利亚以13比0的浪潮结束本季度,包括油漆中的点数和66比65铅的外部镜头,这是整个比赛的第一个。
在这场攻击浪潮中, 尼日利亚在三点线外,
奈及利亞已關閉79-81,
在Oguchi的另外一位三分球手帮助尼日利亚将得分差距降至1分后,
北京八月十二日晚, 北京國安在中国最高聯盟第22回合,
在短期的调整法庭上, Yu Dabao 回到了球場,但他的麻烦还没有解决。因此,他在76分钟内被宋波川取代,因为他在比赛后期无法坚持下去。
更何况, Yu Dabao 自己不能搬家,而是被卸下担架。 经过10分钟的治疗,他被直接送往急救车。
就「全國足球隊」而言, Yu Dabao 可能受傷,
這場由Evergrande從家門外拍攝的比賽中, Yu Dabao 的脖子在與José Paulo Bezerra Maciel Júnior的球賽中被打傷,
也是在那場比賽中, Yu Hanchao 的重伤讓人們更加焦慮。 根据保守的估計,他需要4個月的恢復期,也就是說,他至少會錯過前12名中国足球隊的上半場比賽。
如果余达宝伤势严重, 中国国家足球队的前线人员将受到极大影响。
然而,加州大学伯克利分校的工程师推进了这一概念,开发了一个小型无线传感器,可用于监测人体内的健康状况。
研究人员在8月3日发表的Neuron上介绍了他们的发明。
此外,这些无电池传感器可以用来刺激神经和肌肉。
这可能提供一种治疗癫痫等疾病或激活人体免疫系统的方法。
此裝置已植入大鼠的肌肉和外围神经, 并使用超声波作为能源,
此传感器已压缩至1毫米3, 叫做「神经尘」,
本文作者解释说,水晶将人体外射出的超声波的振动转化为电,以驱动一个与装置内神经或肌肉纤维直接相连的小晶体管。
纤维的电压峰值引起电流电路和晶体振动的变化,因此超声波接收器(目前仍是发出超声振动的源)能够探测回声。
超音速技术在医院很常见, 超音速震动可以穿透人体大部分部位,
Michael Maharbiz是加州大学伯克利分校电子工程和计算机科学副教授。
「我相信神经尘的长期前景不仅限于神经和大脑,
Maharbiz和他的同事以及加州大学伯克利分校神经科学家Jose Carmena共同领导了这项研究。
他解釋道:「過去完全不可能采用內部遥测科技,
"然而,现在,我可以拿一个小物体 并把它靠近神经,器官,消化道或肌肉, 然后可以读取数据。"
Maharbiz和Caarmena用每100米6 540吨超声波脉冲送入驱动传感器,以测试其设备。
但研究者很有信心 也能够在大脑和中枢神经系统中工作
建立神经尘埃計畫, 打算描述下一代的脑力機器交流與互動, 使它成為可行的診所科技。
「如果麻痹的病人想控制计算机或機器人手臂, 你可以把電极植入他的大脑, 在那里它可以一輩子不停地工作。
由于这两个镜头同时工作,它们可以区分明显的前方和后方景观,产生更浅的外表深度。
在熊本地震之后,不仅日本本地领土遭到破坏,而且世界核心的数码相机工业链也被打破。
造成世界数码摄影工业目前不景气或物價上升。
Sony开发的传感器几乎都用于照相机,由于没有传感器供应,因此无法制作照相机。
最近有消息称,索尼公司目前以发行股票和债券的形式筹集了约36亿美元,用于研发和生产CMOS烟囱。
我無法想像如果沒有索尼, 科學學派會長什麼樣子。
更希望索尼能恢复正常的传感器供应, 因为今天的摄影机价格极高,
Mace's to close 100 streets 關閉100家商店
美國在網絡購物時期有太多的商店。
通常在一年一度的节日潮流之后,
相較于零售业的许多对口单位, 似乎采取更激进的姿态, 面对快速变化的购物环境,
纽约一家梅西店門口的街舞者 和店主
零售巨人表示计划关闭100家商店。
Macy有很多理由想改變:很多商店都位于小型的、区域性的商場,
百貨公司一般都在努力, 購物者日益向T. J. Maxx等超市零售商及H&M等快手购买衣服。
再加上国际游客支出减少、天气不适等短期冲击因素,
公司在星期四表示,最近一个季度的可比销售额下降了2.6%,但业绩不佳,比上一季度的低迷6.1%年增长率有所提高。
零售商的收入为58.7亿美元(7.64亿美元),比去年同期下降了3.9%。
Macy說商店關閉可能每年銷售10億美元。
有一次 如此大量的商店关闭 可能被视为零售商的失败让步
但公司股票在星期四暴涨了17%,
在某些方面,Macey的商店被砍成碎片并不令人惊讶。
零售商的首席执行官Terry Lundgren曾指出,
高管表示, 正在推行一项战略, 尤其强调大约150家顶尖商店,
2017年被任命取代Lundgren的Macy的执行官Jeff Gennette在一份声明中表示,该公司计划关闭的几乎所有商店都是销售量和利润下降的商店。
根尼特說:「我們知道這些地點沒有足夠的投资收益,
该公司说,它将提供一份将在晚些时候关闭的商店清单。
Macy說,它仍然在最后确定它会关闭的商店,因此尚未确定有多少工作将会被裁剪。
零售商不会完全退出其目前经营商店的顶尖市场,
這項行動對商場經營商來說可能是不樂意的消息,
你的水瓶里藏着危险的细菌吗?
依據新研究, 從可填充水瓶中飲食, 可能「比舔狗玩具更糟糕很多倍」,
Treadmiler Reviews网站委托EmLab P&K测试12个水瓶,
每瓶水都被运动员使用一周,
你的可填水瓶可能像狗玩具一樣髒
「根據我們測試的12個水瓶, 我們發現可再使用的飲水容器可能裝滿了惊人数量的可存活的细菌細胞:超過30萬個每平方厘米(CFU/sq cm)的聚居成型單位」,
滑动式顶部的细菌含量最高,平均每平方厘米有900,000多个聚居成型单位。
瓶子中含有可导致皮肤感染、肺炎或血液中毒的gram-阳性COCC,
挤压式瓶子是紧接的,162,000立方厘米,螺旋式瓶子的存放量不到160,000立方厘米,螺旋式瓶子的存放量则不到160,000立方厘米。
網站上也提到「從這些瓶子中飲食,
在对吸管瓶的试验中,发现它含有其他瓶子的一小部分细菌 -- -- 仅25立方厘米。
可能是因為水滴到稻草底部 而不是留下來吸引熱水的细菌
吸管瓶里的细菌被描述为"基本上无害"
「根據我們的測試結果, 我們建議選擇一個吸管瓶,
我们还知道,在水瓶和细菌方面,不锈钢比塑料更适合选择。
此外,没有缝隙的水瓶和难以清理的污点也不太可能收留细菌。
网站建议读者在每次使用后洗水瓶,
宗教必须现代化或面临过时。
在美国,民主党最近提名希拉里·克林顿为总统候选人。
如果最近的民意测验结果在选举时仍属实,
上周,在池塘的另一端, 英国首相特蕾莎·梅正与德国总理安格拉·默克尔谈判 英国退出欧洲的条件。
生活在西方社会的妇女被提拔为通过教育、雄心壮志和辛勤工作,她们能够胜任和成功地发挥任何专业作用。
今天的年轻女孩可以指向 几个在最高领导阶层 运作的活生生的榜样
争取妇女平等的漫长而艰苦的战斗终于结束了吗?
希拉里·克林顿即将成为美国总统,
嗯,不完全。
在宗教领域,妇女的领导权仍然是一个有争议的问题。
上星期,教皇弗朗西斯宣布成立一个新的委员会,审议是否应该让天主教会中的妇女担任执事。
2015年1月,英国圣公会尊崇Libby Lane, 成为第一位女主教,
在东正教犹太教中,女拉比的概念仍然受到激烈的争议。
2015年11月,美国东正教犹太教理事会第三次试图阻止支持东正教妇女犹太教领袖的日益壮大潮流,公布了一项严厉公告,宣布女犹太教士的非法性。
希拉里·克林顿(Hillary Clinton)在民主总统提名中,
为什么政教分离与神圣之间有这种差异?
与多数宗教一样,东正教犹太教在它所认为的持久传统价值观中寻求稳定。
其表现是抵制压力以适应不断变化的社会。
反對女性授權的人之所以如此, 是因为它不是「傳統」。
但以这种方式执迷于维持传统并非没有代价。
如此一心一意的代价 可能是传统本身的破坏 剥夺了传统社区需要的氧气 才能保持活力
在第一次世界大战的军事史《八月炮兵》中, Barbara Tuchman强调,在所谓的“红裤的悲剧”中,存在着将传统置于优先地位的危险。
在WWI之前,随着战争从近距离的战斗转向更远距离的更重的火炮,尽可能长时间地隐藏士兵就更有利了。
英国和德国的军队都對此變化做出回應,
然而,法国士兵仍然穿着同样的红色帽子和裤子,把他们标记为容易的目标。
法国战争部长阿道夫·梅西米(Adolphe Messimy)也提出,
红色长裤代表军队的骄傲和威望,
在一次议会听证会上,前战争部长尤金·艾蒂安代表法国发言。
"把紅褲子擦乾" 他哭了
绝不!
後來Messimy寫道:「盲目和弱智對所有顏色中最顯眼的依戀是殘酷的後果」。
致力于吸收妇女担任宗教领导角色的信仰领袖也面临同样的陷阱。
而非問這個關鍵問題:「宗教發展需要什麼改變?
她们还剥夺了整个社会的才能、技能和热情,而妇女本来会为此做出贡献。
堅持男性在宗教方面仍穿长裤,
Dina Brawer是英国JOFA、犹太东正教女权联盟的创始人,
Charlton Athlatic 粉絲「只有簽下行為合同才能拿到季票」,
虽然我们承认每个人都有权听取个人的意见,但是在这类网站上发表煽动性的评论却无济于事。
在行政界工作的粉丝后来被告知,他必须亲自从前警察局长Cliff Eager那里取票,他上个月在警察队伍中工作了35年之后加入了俱乐部。
要求您不要在任何社交媒体網站上发表污辱性或煽动性的评论, 或从事任何可能被视为反社会的行为。
粉丝在《每日电讯报》上, 描述他在支付季票后如何给俱乐部打电话,
昨天,他去和俱乐部的會面,說:「他們告訴我,我發的推文過度,
在达尔马提亚海岸骑自行车度假
你什么意思,奢侈吗?
一位前美国海军司令柯琳(Colleen)說:「他剛在克罗地亚的一個崎岖的島脊上騎完25英里的摩托車,
有些骑車者唱詩歌或朗诵兒童詩歌,
Colleen的朋友Patty 推荐"小引擎"
其他人數一數革命或默默地受苦,
柯琳发誓 毒液比其他的多
在她前面的几碼處跑 就像休·格兰特在四场婚礼和葬礼的开幕式上 被追逐
她和我的任務是, 由「自由之旅」(Freedom Treks)在克罗地亚北达尔马提亚海岸及岛屿上,
在夏天的高峰, 克羅埃西亞或許不適合大家的奢侈, 但北達爾瑪提亞據說比南邊更方便, 我們的馬鞍很柔軟,
这笔交易的奢侈品部分 是我们这周的漂浮家园 全新的Melody
在游艇的尾端 我们可以把自行车扔在码头上 让我们的向导伊凡和伊凡娜躲起来 跳下船尾 跳到清蓝的水中 而不必混入海胆 尖石和其他人
6月下旬,海是完美的温度,大家同意:冷得可以清新,但不冷。
Melody身上有面罩和鼻孔 还有几条皮艇 如果有人在馬鞍上熬夜后 感到精力充沛
相反,我们大部分人 都撤退到我们的空调小屋 在那里,海伦娜,船的按摩师 - 我不是开玩笑 -
伊凡說騎完車後拉伸很重要 而且我們會練習下午在床邊拉伸 或上甲板上一個坐垫的休息員 和那個酒保Antonio一起
美樂迪號42米長,有15座船艙 和半打船上的船員
她坐在小島港的渔船和游艇游艇中轉頭,
Colleen和Patty是来自华盛顿特区的一群朋友,
去年在荷兰的驳船和自行车度假非常成功,
在普羅旺斯, 他們的教會的對手禮拜堂 正在做一個船和摩托度假節, 每天下午,
節日的探險元素會被夸大,
「早餐與晚餐在八點」,
船鐘的一圈宣布自助餐開放 另一圈在晚餐结束时 呼籲大家保持缄默 仔细听下一次简报
「好呻吟」是除了英軍之外,
誰在乎呢? 騙子排練得不錯, 笑話來得又瘦又快, 而伊凡娜拿出了一天之旅的草圖圖,
伊凡說「就像個心臟監控器」
建议不完全平坦。
以英文和德文之间流利的交接。
他有十几个不同的国籍, 但是我们是一个简单的群体——瑞士、德国、美国和英国,
在路上我们都是朋友
赛车族的友誼, 唯一的竞争就是与地形竞争, 也就是说我们自己。
我记不得更和谐 更放松的团体活力
很快我們就會接近伊凡的波長
僵硬的攀登是刻板的,
Hirpins是蛇蛇和直截了當的通訊方式:簡單,
Cycling 指令总是一样: “单曲文件,保持距离,这不是比赛。
我们九点在码头碰头
OK,五过去 - 你在度假,我忘了。
喝多点水
從Trogir, 我們的巡航船帶我們北上兩天穿過科納蒂群岛, 我們騎著克罗地亚人Dugi Otok的長度「長島」,
据说它对所有游泳者都具有恢复活力。
如果我们划船,我们的腿会觉得年轻更强壮吗?
在莫拉特这个小岛上,我们又向南了, 在大陆和附近岛屿之间漫步,
大海和混合蔬菜:橄榄园、葡萄园、刺青的草药洗涤剂; 空中的地中海气味和机翼上的各种蝴蝶。
但當伊凡要求停車時,
体育和社交团体在周末常骑自行车, 他们知道礼节, 发出警示上下下行,
一位車手說:「你幾乎是個兜帽男」,
幸好他们成功了
伊凡將我們分成三組,
如果必须穿越一条主要道路,我们都会按照指示而不是以前的指示,聚集、下山和骑自行车前往另一边的安全地带。
「你認為Ivan意識到他不是在跟一群孩子說話嗎? 」一個瑞士騎車的人問,
我們的下午不都是無所事事
在Zadar的市巡演展示了罗马论坛的遗骨和海洋器官,
Zadar著名的日落恰好在主菜和布丁之间安排好,
Melody在清晨启程前往Biograd的活跃度假胜地时,
第五天完全不用骑自行车
前往Krka河口巡游,前往瀑布;在Sibenik的下午巡游,参观Dalmatian Revenisance的杰作Domed大教堂;在和平的Zlarin岛上漫步,寻找其本地特色,珊瑚,这是有趣的一天。
盧爾德在襲擊的阴影下為朝圣者作準備
在每年一次的天主教朝圣仪式上,
数千名天主教徒聚集在Lourdes圣地, 在一连串恐怖袭击的阴影下每年朝圣。
每年八月十五日 成千上万的羊群 来到比利牛斯山丘的圣殿 迎接8月15日的丰盛盛 标志着圣母玛利亚升入天堂
今年的朝圣活动是天主教徒在7月26日两名伊斯兰极端分子杀害一名法国年长的牧师后,
Jacques Hamel的謀殺案發生於一個突尼斯人, 據調查員說,
在18個月內三次大規模攻擊之後,
当局担心今年朝圣的游客人数会急剧下降。
但害怕大規模的取消並未實現, 有些組織者甚至說,
预计约有25 000名信徒,包括来自意大利和比利时的群众团体以及基督教东东正教分支约200名会员组成的代表团。
很多朝圣者說他們不會被嚇到
一位66歲的訪客Christian對AFP說:「我們不會停止生活」,
一位协调者Matthieu Guignard表示:「這很重要,
并不是因为一些狂热分子想散播恐惧 害怕我们应该放弃我们的信仰,信仰,生活方式
包括北部城市里尔(Lille)的大型跳蚤市场以及定于9月在尼斯(Nice)举行的欧洲公路自行车锦标赛。
「過去一周, 我擔心我的電話會被取消」,
反之, 攻击似乎在鼓勵信徒,
当地旅馆工人工会的负责人Christian Gelis证实,
1858年, 圣母玛利亚出現在Bernadette Soubiroth(一位贫穷的牧羊女孩)的小屋裡。
为保护该地区部署了大约250名警察和20多名士兵,包括炸弹处理专家和带嗅探犬的军官。
透过安全屏障提出的朝圣者在入口处搜查了他们的行李,进入点数目已从十几个减少到三个。
Catherine Simpcox本月早些时候从英格兰东北部前往Lourdes朝圣,
她對當地人說:「到星期四早上, 聖所內有武裝守衛,
她說:「我三個孩子都習慣盧爾德(Lourdes),
這並沒有破壞我的經驗,
星期五的开幕游行路线也已被缩减, 而不是从卢德斯镇开始, 前往圣所,
采取的其他措施包括关闭Lourdes上空的空域,禁止飞行,关闭避难所周围的街道,禁止交通,用透明塑料袋取代垃圾桶。
内政部长Bernard Cazeneuve将在星期六检查安全安排。
Lourdes每年吸引约600万人,
許多訪客帶來有病或殘疾的親戚, 在Bernadette說看到瑪麗的洞穴裡的泉水中洗澡,
另一位組織者Thierry Castillo將今年的聚會描述為「有點不尋常」,
他確信「這不會影響他們所經驗的質量與深度」,
弗朗索瓦茲(Francoise)是一位58歲的志願者,
但如果它能让大家放心,那很好
在Zaragoza购物中心有兩人受伤,
两人在西班牙东北部Zaragoza购物中心遭枪击后受重伤。
事件于星期五上午11时在萨拉戈萨的阿拉戈尼亚繁忙商业中心发生。
初步報告表明,枪手可能射杀了一名妇女,据信是他的前搭档。
持枪者在开枪后逃走,
土耳其在未遂政变后寻找失踪外交官
土耳其正在寻找至少32名外交官,
外交部长Mevut Cavusoglu在星期五表示, 208名土耳其部委工作人员被召回安卡拉,
大约18 000名公务员、军事领袖及学者在土耳其遭逮捕或停职, 政府相信他们忠于美国教士Fethullah Gulen,
住在宾夕法尼亚州的Gulen,
Cavosoglu說美國司法部的一隊人員本月晚些时候將前往土耳其,
这个问题已成为美国在与北约成员土耳其打交道时的一个问题。
美国反对土耳其总统雷杰普·塔伊普·埃尔多安在政变之后的强硬策略,
Cavosoglu說,土耳其在希腊的两名军事随员逃到意大利,科威特的一名随员试图逃到沙特阿拉伯,但被送回,阿富汗的两名将士在迪拜被抓到土耳其。
孟加拉有两名公务员逃往纽约,
安卡拉日报《Hurminiet日报》引用军事消息来源,加上土耳其驻约旦的武官也失踪。
《华尔街日报》引述一位熟悉这种情况的美国官员, 报导一名驻扎在弗吉尼亚北约指挥中心的土耳其军官在美国申请庇护。
有人逃走了
Cavosoglu在訪問中告訴NTV廣播員,
到昨天为止,那些最初被召回的人的时间已经不多了。
我们将为那些尚未返回的人开展法律行动。
奧運官員試圖清潔綠色的潛水池
由于官员们花更多时间清理绿盐水, 才举行第一次里约运动会个别活动。
水在周二突然变色,
人們認為水是安全的, 即使在一個更大的、相邻的水池中,
當運動員來取暖時, 潛水井已關閉, 雖然當地時間下午1點終於開工,
水的顏色似乎更接近正常,
美國潜水員Abby Johnston在跳板上競爭, 說她來取暖,
她寫道:「#FixTheSwamp應該開始呈現潮流。
英國潜水員Tom Daley在同步平台活動中贏得青銅,
希望這意味著我們過去幾天沒有 在任何壞事中潛水!
当地组织委员会首席发言人Mario Andrada强调, 游泳池对于竞争是安全的,
他承認,有些运动员被水困住了,但表示这是努力清理池塘的结果。
「我們重申我們一直說的話-水不會對運動員的健康造成任何威脅」,
在水的第一天, 一两名运动员抱怨他们的眼睛很痒。
其结果是,当我们看到水变绿时,第一次反应是使用一种化学品-氯-在游泳池中非常常见。
我们立刻削减了数量
我们重新测试了水 并且它完全符合参数
Simon Langford, Maria Lenk水叮当中心首席发言人, 表示泳池已关闭,
他说,这项决定得到了世界理事机构FINA的支持。
」 Langford在一篇聲明中表示:「水必須保持原狀,
Andrada說,
他說"化学不是一項正確的科學"
有些事情,你可以看到, 比预期的时间更长。
過去幾天的雨使水顏色更難恢復正常。
Andrada說「雨沒有幫助」。
也承認「不理想」。
他解釋說,池子顏色的變化是碱碱水平增加的结果,就像水族馆水在未适当监测的情况下可以变绿。
当我们去修绿灯时,
」Andrada指出,
我们原本可以做得更好,
一旦它变绿了,我们又犯了一点错误。
里约热内卢的体育作家Jay Cohen和Steve Wade为本报告提供了材料。
在暑假期间,在柳江县里高镇Guolang Villiage的“农村研究”将向村里的中小学生开放,使他们能够通过在“研究”中阅读书籍和报纸来丰富知识,因此在学生及其父母中非常受欢迎。
當晚七點左右到達現場後, 記者看到十幾輛警車在附近停車, 通向工厂的道路被封鎖,
根据当地的资料,截至8月11日下午8點,在Hubei Dangyang Madian Gangue发电有限公司的热电项目事故中,有21人死亡,5人受伤,其中3人受重伤。
湖北省領袖李洪中、王小東和富德徽從武汉趕到現場, 前往现场調查事故,
初步调查表明,在Dangyang Madian Gangue发电有限公司进行热电项目期间,造成蒸汽泄漏的高压蒸汽破裂是事故的主要原因。
Dangyang人民医院的一名负责医生说,在伊斯兰法院联盟中有若干重伤者,当他用低音向一位家庭成员介绍治疗时,该家庭成员脸朝石头。
据来自伊斯兰法院联盟的一名代理护士说,伊斯兰法院联盟中有两人可能处于危险之中。
一名受伤者曾在Huaqiang Chemicals工作了9年,一个月多前被转移到新工厂。 他叔叔说,由于事故后严重受伤,他被赶到Dangyang人民医院的ICU接受紧急治疗。
由于城市居民的饮食偏好不同,该系统还比较了旅行目的地的不同饮食供应类型。
最后但并非最不重要的一点是, 保持社会监督与揭发渠道开放, 提高接受率, 依法处理个案,
58歲的Chen阿姨住在西门南清浦的Beili, 帶著藥從社區醫院出來, 愉快地告訴記者:「看醫生比以前更方便!
居民前往社区医院接受检查及开处方更方便。
只要有必要证明所涉当事方的识字能力,他/她应提交学校或有关验证局颁发的学术证书、学位证书或证书,或依法申请公证。
只要有必要证明所涉当事方的死亡是正常的或在医疗和保健组织治疗后是不正常的,则由医疗和保健组织颁发死亡医疗证明书。
东京股票在8月12日上市率更高, Nikkei 225股平均升幅1.
在下午的贸易会议上,两个主要东京股票指数扩大了收益,其驱动力是日元疲软,亚洲其他主要指数普遍上升。
从工业来看,东京股市的电力工业、天然气工业、水产养殖、农业和林业等股票收益最高,而银行业等股票收益明显下降。
中国球隊的強勢勢力激起了各式各樣的歡樂笑話題, 關注網路上女孩Fukushara Ai。
8月12日北京时分,国际货币基金组织(货币基金组织)在第4条中宣布了与中国协商的报告,其中分析和评价了中国的经济和财政状况。
國際基金官方網站上發表的中國新聞發布中表示:「中國正繼續向可持续增长轉移,
根据IMF的报告,尽管经济增长下降,中国在2015年对全球经济的贡献仍然高达三分之一。 中国的经济转型有利于全球经济。
IMF执行董事表扬了中国实现更平衡、更可持续的经济增长的坚定决心,并注意到中国的经济增长日益受到服务业和消费的驱动。
根据中华人民共和国国家统计局的资料,中国服务业在上半年占国内生产总值的54.1%,消费对经济增长的贡献率达到73.4%。
在企业债务方面,基金组织的报告建议,可以采取全面措施解决企业债务问题。
超能力产业的企业有更大的偿还债务压力。
Wang Shun在2016年里约奧運中贏得男士200米的青銅獎章。
8月12日北京時分, 中国游泳員王順在2016年里约奧運中,
上海、台北,
上海及台北將於8月22日至23日在台北舉辦年度城市論壇,
代表上海市長Yang Xiong率领代表团出席论坛, 上海政府透过官方微博帐号,
自2010年以来,这两个城市轮流举办论坛。
2016年的论坛将侧重于医疗保健、智能城市、文化及交通等领域的交流,
台湾方面未能承认1992年共识,该共识赞同一个中国的原则,因为新领导人蔡英文于5月就职,导致沟通和协商机制中止。
国务院大陆台湾事务处发言人马小广在星期五说,只要台湾方面坚持1992年《共识》的政治基础,两岸关系的和平发展就可以维持下去。
「我們對兩邊的城市交流持积极而開放的態度」,
乌干达总统与中国调频台碰面,
乌干达总统约韦里·穆塞韦尼在星期四感谢中国长期支持乌干达的发展,
中国是乌干达和非洲的一个老朋友, 在非洲大陆摆脱殖民主义期间支持非洲,
总统引述了1970年代建造的坦桑尼亚-赞比亚铁路, 以证明中国的慷慨支持,
穆塞韦尼指出, 中国与乌干达开展了多方面的合作, 从基础设施和商业投资到文化交流,
希望中国能以各种方式参与乌干达基础设施建设与工业园区建设。
他也欢迎更多中国人在乌干达投资和旅行。
王仪赞扬乌干达在工业化和农业现代化方面取得的进展,并补充说,中国将继续发挥乌干达最可靠和最理想的合作伙伴的作用。
Wang指出,中、乌干达的合作是真诚的,没有附加任何政治条件,因为合作的基础是高级别政治信任和经过时间考验的友谊。
支持东非国家发展能源和农业部门。
