Triomphe des populistes de droite en Autriche, à 29 %
Un affaiblissement notable des deux partis de la grande coalition jusqu’à présent et un renforcement significatif des partis populistes de droite ont entraîné, après les premiers résultats provisoires, les élections législatives anticipées de dimanche en Autriche.
Le Parti populaire autrichien (ÖVP) a particulièrement subi des pertes graves, où le poste du président précédent, Wilhelm Molterer, est sérieusement en panne.
En revanche, le chef électoral de l’Alliance pour l’avenir de l’Autriche (BZÖ), le chef de l’État de Carinthie, Jörg Haider, se prépare pour un retour triomphale à la politique fédérale.
Selon les résultats actuels, la social-démocratie (SPÖ) reste la plus forte du pays avec 29,8 % des voix, mais elle perd 5,5 % des voix par rapport aux dernières élections de 2006.
Pire encore, l’ÖVP a perdu avec 25,6 % des voix, près de 9 %.
Ce sont les pires résultats de ces deux grands partis dans l’histoire de l’après-guerre autrichienne, et en particulier pour le Parti populaire qui avait exigé les élections anticipées, ceci est un résultat vraiment catastrophique.
Au début du mois de juillet, lorsque l’ÖVP a quitté la coalition, le Parti populaire a eu une nette avance sur le SPÖ.
Mais les électeurs ont probablement puni le parti pour avoir fait échouer le gouvernement.
Dès les premières réactions aux résultats, il y avait des spéculations sur la démission éventuelle du président du parti et de l’ancien vice-chancelier Wilhelm Molterer.
Les observateurs pensent que cela pourrait être le cas déjà lundi lors d'une réunion extraordinaire du président du parti.
Un tel développement ouvrirait probablement la voie à la sortie la plus probable du débacle électoral, c’est-à-dire à un renouvellement de la grande coalition du SPÖ et de l’ÖVP.
Face au renforcement des deux partis populistes de droite - les Libertés (FPÖ) ont obtenu provisoirement 18 % des voix, les BZÖ 11 % des voix - mais en même temps les socialistes ont exprimé leur crainte que l'Union puisse répéter l'année 1999 même lorsque le parti populaire avait clairement conclu des accords avec les populistes (à l'époque, le FPÖ était encore uniforme en 2005).
Jörg Haider insiste évidemment sur cette évolution, qui a déjà déclaré qu’il était prêt à collaborer avec n’importe quel parti et s’appuie sur un retour à Vienne dans la politique fédérale autrichienne.
En outre, le parti des Verts s'est enrôlé au Parlement, mais il a subi de légères pertes et a glissé de la troisième à la cinquième place parmi les partis politiques autrichiens.
Aucun autre parti n’a probablement maîtrisé l’obstacle de quatre pour cent et ne s’est donc pas inscrit au Parlement.
Schwarzenberg: les relations avec l'Inde peuvent se refroidir
Si l'on ne parvient pas à résoudre le problème avec les scientifiques tchèques accusés en Inde de la collecte illégale de faucons, le ministre tchèque des Affaires étrangères, Karel Schwarzenberg, estime qu'il pourrait y avoir un certain rafraîchissement des relations tchèco-indiennes.
C'est ce que le ministre a souligné à New York après la rencontre d'aujourd'hui avec son homologue indien Pranab Mukherdshi.
"Si cela ne se clarifie pas, c'est sûr, il y aura un certain refroidissement", a-t-il déclaré à la suite d'une réunion qui a eu lieu sur une initiative tchèque.
Mukherdshi a déclaré après les discussions que l'exécutif pouvait difficilement intervenir dans les affaires judiciaires.
Néanmoins, il a indiqué que dans le cas de Petr Švácha, qui a été libéré par l’accusation et a reçu une amende, le gouvernement central et le gouvernement local de Dardjiling veulent que la question relève de sa jurisprudence.
« Son problème pourrait être résolu », a déclaré le ministre.
Pour Emil Kučera, condamné à trois ans de prison, Mukherdshi estime qu’il serait préférable de faire appel d’une instance supérieure.
Il pourrait ainsi demander la libération de la caution et attendre en liberté son jugement, selon le ministre.
Schwarzenberg a confirmé que son partenaire s'était exprimé de la même manière lors des négociations.
"Il recommande un appel devant une juridiction supérieure, alors il pourrait avoir une grâce", a déclaré le chef de la diplomatie tchèque.
La seule façon dont la partie tchèque peut intervenir dans l'ensemble de la question est de faire prospérer le condamné "une assistance juridique compétente", a indiqué le ministre indien.
Dans le même temps, il a déclaré que cette aide leur était déjà offerte par le côté indien.
"Nous sommes très intéressés à entretenir de bons contacts avec l'Inde qui ont une tradition à long terme.
Les Indiens l’admettent aussi », a déclaré Schwarzenberg.
Dans le même temps, il a réaffirmé, selon l'agence de presse tchèque ČTK, devant son partenaire, que la République tchèque attachait une grande importance au problème des entomologues tchèques.
"Nous pensons que c'est vraiment une grande erreur d'emprisonner et d'accuser ces scientifiques tchèques", a-t-il déclaré.
Une réponse à la question de savoir s’il avait reçu de la part de l’Inde l’engagement de s’occuper de la question a écarté le ministre.
« On m’a déjà promis assez de choses », a-t-il simplement déclaré.
Un Tchèque juge sur la lutte autour du fond de la mer
Il s'adresse à une carte électronique sur laquelle est représentée l'Australie et les régions maritimes adjacentes.
Cependant, il n'est pas intéressé par le continent, mais un petit point, perdu dans le bleu de l'océan.
"L'île appartient à l'Australie et avec elle aussi le fond marin voisin.
La région est aussi grande que le continent lui-même », a déclaré le juriste italien Luigi Santosuosso, qui fait partie de l’équipe de trente collaborateurs de la Division des Nations Unies pour les Océans et les Droits de la Mer.
Son chef, le directeur de la division, le juriste tchèque Václav Mikulka, suit l’interprétation et la complète.
C’est là que régneront le travail et l’enthousiasme.
Le fond marin abrite un monde à peine connu, riche en sources naturelles.
On y trouve le pétrole, le minerai et d’autres matières premières non renouvelables, mais aussi des organismes vivants jusqu’à présent inconnus, qui portent, par exemple, la clé du développement d’un médicament contre le cancer.
Un fond marin plus grand que le continent
Les pays côtiers ont déclaré aujourd'hui vivement leur droit aux nouvelles zones maritimes.
En effet, selon une convention des Nations unies, ils font usage de leurs droits qu'ils ont convenus en 1982 à Montego Bay, en Jamaïque.
Il s’agit surtout du territoire du soi-disant plateau continental, qui s’étend souvent jusqu’à quelques centaines de kilomètres de la rive d’un pays dans la mer.
Selon la Convention, ce pays a un droit exclusif à toutes les sources du plateau continental.
"Simplifié par le fait que l'échafaudage continental est considéré comme la partie du fond marin et de ses semelles, qui représente une continuation naturelle du continent sous la surface de la mer.
Il dépasse les frontières de la mer riveraine, souvent aussi la limite de deux cents milles maritimes de la dite zone économique exclusive », explique Mikulka.
La demande soumise par le pays concerné à la Commission pour la fixation des frontières extérieures du plateau continental doit être corroborée par une documentation scientifique et technique appuyée sur de nombreuses études et mesures coûteuses.
C’est le résultat de nombreuses années de préparation.
« L’une de nos tâches est d’apporter un soutien juridique et technique à la Commission.
Jusqu'à présent, la Commission a négocié cinq demandes de la part de la Russie, du Brésil, de l'Australie, de l'Irlande et de la Nouvelle-Zélande.
Jusqu'à présent, seuls les trois derniers pays ont réussi", ajoute Mikulka.
Un écho international a récemment rencontré le succès de l’Australie, qui a été le premier pays à avoir agrandi considérablement ses zones maritimes.
Mais la Nouvelle-Zélande est également un gagnant - l'extension du fond marin qui a été approuvée par la Commission la semaine dernière est d'environ 1,6 million de kilomètres carrés, soit environ six fois plus grande que la taille de l'État.
Les deux pays ont investi des millions de dollars dans les enquêtes.
Le bénéfice qu’ils recevront à l’avenir de l’utilisation du fond marin sera, comme ils l’ont promis, d’une valeur inestimable.
D'autres pays vont aussi soumettre progressivement leurs demandes.
Ils peuvent le faire pendant dix ans à partir du moment où ils ratifient l'accord de Montego Bay.
Là où se termine l’échafaudage continental, commence le territoire du fond océanique, appelé par la Convention « héritage commun de l’humanité ».
Aucun État n'a plus une position spéciale.
Le droit de promouvoir dans ce domaine confère à une institution internationale créée par la Convention.
"Le fond marin n'est pas un terrain de sépulture d'or", a déclaré avec un peu d'exagération le directeur Mikulka, ajoutant que "les différents territoires étaient légalement définis et que le système était ancré dans un contrat".
Catégorie: Tchèque dans le Pacifique
Une partie du fond marin appartient aujourd'hui à la République tchèque.
Elle le partage avec d'autres États de l'ancien bloc oriental dans le cadre de l'organisation conjointe "Interoceanmetal".
En 1991, elle a obtenu le statut de « investisseur révolutionnaire » en vertu de la convention, tout comme les investisseurs de quelques autres États.
L’organisation a le droit de promouvoir la zone ClarionClipperton dans l’océan calme entre le Mexique, Hawaï et Kiribati.
La zone à examiner par l'investisseur est un peu plus grande que l'ancienne Tchécoslovaquie.
Le fond marin est divisé là-bas, il s’agit d’une sorte de tatra au fond de la mer.
"On peut y transporter sur une superficie totale de 75 000 kilomètres carrés.
La région est un riche lieu de découverte de concrétions polymétalliques contenant du nickel, du cuivre, du cobalt et du manganèse", a déclaré un autre juriste, l'Indien Pakshi Rajan.
L'employé macédonien de la division Rober Sandev apporte une telle concrétisation en tant que modèle.
Elle rappelle une petite pomme de terre ou, avec un peu d'imagination, le fantastique schéma qui, selon la légende, a ramené à la vie le Golem.
Les forces spéciales allemandes étaient sur place lors de la libération des oiseaux
Le gouvernement égyptien avait demandé de l'aide de l'Allemagne pour résoudre la crise des otages - les experts sont venus.
Quand cela devint sérieux, les forces spéciales étaient prêtes, mais elles n’ont pas été mises en service.
Onze touristes européens enlevés en Egypte sont de plus en plus connus des circonstances de la libération.
Selon le ministère de la Défense et de l’Intérieur, les forces spéciales allemandes ont également participé indirectement à l’opération de sauvetage.
Les spécialistes de la Bundeswehr ainsi que les fonctionnaires de la GSG 9, de l’écurie aérienne de la police fédérale, de l’Office fédéral de la criminalité et des experts en logistique du Service d’assistance technique étaient au lieu de la libération.
Les porte-parole des ministères ont indiqué lundi soir que les forces allemandes n’étaient cependant pas nécessaires parce que les otages laissaient courir leurs prisonniers et s’enfuirent lorsqu’ils avaient reconnu des signes d’une libération violente.
Le gouvernement égyptien a accepté l'aide offerte par l'Allemagne pour l'intégrer en tant que forces de soutien sur place.
« Heureusement, cela n’est pas arrivé », a déclaré un porte-parole du ministère fédéral de l’Intérieur.
Les agresseurs ont enlevé le groupe de voyage des cinq Allemands, cinq Italiens, une Roumaine et ses huit compagnons égyptiens dans le sud de l'Egypte le 19 septembre.
Après l'enlèvement dans un désert du sud de l'Égypte, les otages avaient été déportés à la frontière entre l'Égypte, la Libye, le Soudan et le Tchad.
L'identité des otages est restée incertaine jusqu'à la fin, tout comme les détails de l'exemption ou des éventuels paiements de rançon.
Les sauvés sont arrivés au Caire en bonne santé.
Steinmeier a déclaré que les otages libérés étaient sous la garde de l'ambassade allemande.
Il ne s’est pas exprimé sur les détails de la libération.
A Berlin, il n’y avait pas d’informations sur le retour en Allemagne.
Selon le journal Bild, les cinq vacanciers et les forces spéciales devraient être expulsés avec un Airbus de l'armée de l'air et arriver en Allemagne mardi.
La Chambre des représentants américains rejette le plan de sauvetage
La première chambre du Congrès américain a fait échouer le paquet de sauvetage de 700 milliards de dollars pour les marchés financiers.
Le Dow Jones a bruyé en profondeur.
Avec 206 voix contre 227, la Chambre des représentants des États-Unis a rejeté le paquet de sauvetage du gouvernement pour les marchés financiers.
Malgré tous les appels du président américain George W. Bush et des dirigeants politiques des deux partis, il n’y avait pas de majorité pour le programme visant à contenir le chaos sur les marchés financiers.
Dans une action dramatique, les partisans avaient essayé désespérément de convaincre les critiques du paquet de 700 milliards de dollars.
Barney Frank, l'un des négociateurs démocratiques, avait appelé les députés à un accord, même si le plan était impopulaire.
"Il est difficile d'obtenir une reconnaissance politique pour éviter quelque chose qui n'est pas encore arrivé", a-t-il reconnu.
Au cours du vote, le Dow Jones a chuté de plus de 6% ou de 600 points.
Les investisseurs s'inquiètent du fait que le plan de sauvetage de l'État pourrait échouer.
Il s’est rétabli juste avant la fin du vote, pour ensuite, après la connaissance de l’échec, s’effondrer à nouveau.
Les experts s'attendent à d'autres graves turbulences sur les marchés financiers internationaux.
Pour que le programme entre en vigueur, l'approbation de la Chambre des députés et du Sénat est nécessaire.
Les organisateurs ont enregistré une augmentation du nombre de réservations
Cela semble être un bon hiver pour les tour-opérateurs allemands:
Pour les réservations de voyages pour les mois à venir, le chiffre d'affaires a nettement augmenté par rapport à l'année précédente, selon une étude - même de plus de 30 pour cent pour la saison hivernale.
Selon une étude, malgré les faibles perspectives économiques, le désir de voyage des Allemands reste intact.
Pour les réservations pour la saison hivernale, les bureaux du riz ont enregistré une augmentation de 31 % du chiffre d'affaires par rapport à la période de l'année précédente, a annoncé lundi à Berlin l'Association allemande des voyageurs (DRV).
Selon l'enquête de l'institut de recherche de marché GfK, des chiffres de réservations ont déjà augmenté pour les mois d'automne.
Ainsi, le chiffre d’affaires des agences de voyage a augmenté d’environ 11 % en octobre par rapport à 2007, a indiqué la DRV.
Ces résultats sont basés sur les chiffres de la GfK, qui évalue mensuellement les données de réservation de 1200 agences de voyage allemandes et les calcule pour le marché global.
Les réservations de voyages effectuées jusqu’à fin août 2008 sont prises en compte.
En raison du faible taux du dollar, les voyages aux États-Unis sont particulièrement demandés, a annoncé la DRV.
Ici, la hausse de la réservation représente environ un tiers.
En outre, l’Espagne, la Turquie et la Grèce, ainsi que les champs locaux, sont des destinations particulièrement recherchées parmi les Allemands.
En particulier, les voyages forfaitaires sont très importants, a déclaré le président de la DRV, Klaus Laepple.
Compte tenu de l’augmentation des coûts de l’énergie et de la nourriture, les coûts sont « mieux calculables pour le client que pour les vacances individuellement organisées ».
Les consommateurs pourraient économiser de l'argent, notamment en offrant des rabais de réservation anticipée ou des offres tout compris, a expliqué Laepple.
Les mois d'été ont également été très bien réservés, de sorte qu'il y aura une nouvelle hausse de chiffre d'affaires par rapport à l'année précédente - bien que selon une autre étude le nombre de Allemands qui ont effectué un voyage a diminué par rapport à l'année précédente.
Ma première fois Oktoberfest
Hits Ballermann-Après-Ski dans la boucle sans fin, bière à partir de pots de litre et célébrités dans le designer-Dirndln.
Un début de Wiesn.
Susanne Kronzucker et moi n'avons pas grand-chose en commun.
Elle est blonde, présentatrice de télévision et porte un Dirndl sur mesure.
J'ai des cheveux foncés, je suis étudiante et ma robe est d'occasion.
Mais une chose nous unit : à peine trois minutes sur la Wiesn, les photographes se jettent déjà sur nous et remplissent les cartes mémoire - très flatteuses et ce lors de ma première visite à la Wiesn.
C'est comme ça qu'on se fait des amis.
Le bon marché semble remplir son but.
En tant que Wiesn-Touri et réellement situé au nord de l'équateur de saucisses blanches, le bien-être dans le costume restait jusqu'à présent limité.
Mais une fois arrivé à Theresienwiese, tout est à moitié aussi mauvais.
Presque tout le monde porte des culottes en cuir ; personne n'a l'air dégoûté ou embarrassé - tout est totalement normal.
Des regards étranges sur le stand des chocolats ne récoltent que mon tablier.
Une dame de Munich m’attire à l’attention que j’aurais mal attaché le tablier : « À gauche, c’est libre, au milieu de la vierge, à droite, veuve à l’arrière. »
C'est caché que je me froide la boucle de derrière vers la gauche.
« Passe-t-il, dit-il et riait.
D'autres font moins d'efforts pour des techniques subtiles de flirt et portent des chapeaux de feutre simples sur lesquels se trouve "To drunk to get dressed!" et étendent l'arrière nu vers un non-invité.
Le jeune homme avec les attitudes exhibitionnistes s’appelle Bob, il vient d’Angleterre et se rend également pour la première fois à l’Oktoberfest.
Il le trouve "gorgeous", avec un long "oooooo".
C'est ce qu'il m'a dit après s'être éliminé de la mesure qu'il avait bu auparavant.
Juste à côté de l'un de ces hydratants dont tout le monde pense qu'il est une poubelle.
Donc Bob est l'un de ces infames « biais sauvages ».
D'autres n'ont pas la chance de se débarrasser de l'alcool de cette façon.
Vers huit heures du soir, des médecins se promènent dans des foules sur la place de fête, qui doivent prendre soin des pauvres avaleurs.
Les infirmières se présentent toujours dans le troupeau - toujours quatre à la fois traînent un portage couvert d'une tente à l'autre.
Cela fonctionne comme avec la plupart des visiteurs de Wiesn: vide, complètement de retour.
Qui se trouve sous le plan dans le sarg de la promille, on ne voit pas.
"C'est là où goarnimer s'emballe", m'a crié l'un des médecins sur demande et a disparu dans l'agitation.
Le nom de la victime a été annoncé par la police
Le nom d'une piétonne de 63 ans qui est décédée à l'hôpital après avoir été frappée par un véhicule à Essex a été annoncé.
Carole Paulson, résidant sur Chelmsford Road à Brentwood, a participé à l'accident vendredi après-midi sur Shenfield Road dans le centre-ville.
Elle a été emmenée à l'hôpital Queen's à Romford, mais est décédée plus tard.
Un homme de 51 ans a été arrêté après l'accident pour soupçon de conduire de manière insensée.
Entre-temps, il a été libéré sous caution.
La Turquie élargit son horizon diplomatique
Bien avant que la Turquie ne cherche à adhérer à l'Union européenne, les puissances européennes étaient intéressées à pénétrer profondément dans l'arrière-pays de la Turquie.
Sur le côté oriental du Bosphore, peut-être seulement vingt pas en Asie, se trouve l’une des plus fines reliques de cette tentative impériale échouée.
La gare d'Hydarpasha a été conçue par les deux architectes allemands Otto Ritter et Helmut Conu dans le style néo-renaissance.
C’est au moins ce que vous dites des guides.
Le bâtiment est assis à la fin du trottoir avec une tour à chaque coin du devant et ressemble à une municipalité allemande provinciale.
La roche est sale.
Tout le bâtiment s’effondre environ
Mais une fois que l’on est à l’intérieur de la billetterie arrondie, il n’y a aucun doute sur la sublimité du projet dont l’accès le plus occidental était celui-ci.
La gare a été ouverte en août 1908 par un consortium allemand, la société Anatolie-Baghdad.
L’Allemagne, qui fut un bouleverseur tardif dans le jeu impérialiste, devait avant ses ambitions de mettre en œuvre le Moyen-Orient, par le biais d’une liaison ferroviaire vers Damas, Bagdad, et au-delà de ce qui est aujourd’hui l’Arabie saoudite.
Mais les projets impérialistes de l’Allemagne ont disparu pendant la Première Guerre mondiale.
Ses chemins de fer ont été attaqués par Lawrence d'Arabie et ses Arabes.
L'isolement relatif de sa région environnante, créé par les limites insurmontables de la guerre froide, a disparu.
Les forces britanniques sont sorties d’Égypte et ont poussé les Turcs et leurs alliés allemands de Palestine et de Syrie
Et il y avait aussi de mauvaises nouvelles pour la gare d'Hyderpasha.
En 1917, un train de munitions a volé dans l'air, détruisant le toit d'art.
Les sources turques disent que c’était du sabotage.
Depuis, elle s’est lentement décomposée, largement écartée de l’histoire.
De nos jours, cependant, cette ligne ferroviaire sert, au moins symboliquement, de porte d'entrée vers l'Anatolie et tout à l'est de celle-ci pour souligner l'élargissement de l'horizon diplomatique de la Tuquie.
Le parti de la justice et du développement au pouvoir, l’ACP, a introduit une toute nouvelle politique étrangère pour le pays.
L'isolement relatif des régions voisines, produit par les limites de la guerre froide, a disparu.
Il y a maintenant une politique de rapprochement.
Remarquablement, le gouvernement turc a de bonnes relations avec Israël et la Syrie, avec les groupes palestiniens Hamas et Fatah, avec l’Iran et l’Irak, et bien sûr avec l’Union européenne et les États-Unis.
Afin d’évaluer les détails fondamentaux de cette nouvelle politique étrangère, j’ai pris le train de nuit vers la capitale turque d’Ankara pour visiter l’un des principaux experts en politique étrangère de l’ACP, le député turc Suat Kiniklioglu.
Le lendemain matin, environ dix heures et demie plus tard, après un trajet sur des voies qui produisaient l'équilibre du vieux monde dans le documentaire connu "The Night Mail", je suis arrivé à la capitale turque, qui est considérée comme une nouvelle ville, pour le nouveau projet d'État mondain, de tourner le dos au passé ottoman.
Cependant, l’ACP, connue pour ses racines islamistes, représente un changement de paradigme dans l’unité turque.
Cela a suscité beaucoup de méfiance dans l’Occident, en particulier à Washington.
Un taxi m’a amené au siège de l’AKP, une structure en pierre et en acier ultramoderne spécialement conçue, dans une banlieue en développement, entourée de centres commerciaux semi-finis et de pubs où les gestionnaires intermédiaires en costumes, hommes et femmes, se sont rencontrés pour terminer les premières affaires de la journée.
Suat Kiniklioglu pourrait être un politicien de centre-droite de presque tous les autres partis politiques d’Europe.
Costume, cravate, je suis sûr qu'il a même emballé un Blackberry.
« L’objectif de la politique étrangère du parti est maintenant de réintégrer la Turquie avec ses pays voisins immédiats.
La Guerre froide était une exception", me dit-il.
La Turquie avait été coupée de son arrière-pays.
De nos jours, elle doit regarder en même temps vers l’Est et l’Ouest.
Il n'y aurait ni l'un ni l'autre.
Elle devait faire les deux.
« Mais la Turquie pourrait-elle certainement être forcée de décider à un moment donné ? », demandai-je.
"La Turquie", a-t-il dit, "ne voulait pas faire face à cette décision."
Il a ensuite souligné un point que presque tout le monde avec lequel j'ai parlé a presque abandonné de routine: les relations de la Turquie, non seulement avec le Moyen-Orient, mais aussi avec le Caucase et autour de la mer Noire, sont tout aussi bénéfiques pour l'Europe et les États-Unis que pour la Turquie.
Avec la Turquie à bord, semble-t-il, l'ambassade peut, au sens transféré, voyager l'Europe dans son ensemble sur les mêmes voies ferrées à l'est en direction de l'Asie et du Moyen-Orient.
De retour à la gare d’Hydarpasha, après une autre nuit en grande partie sans sommeil, j’ai pensé à ces deux maîtres allemands, M. Knight et M. Conu, qui avaient assisté à la construction de ce bâtiment il y a 100 ans.
Comme ils auraient été surpris d’apprendre que les ambitions de l’Europe au Moyen-Orient pourraient désormais, en grande partie, être entre les mains de la Turquie.
Et alors que j’attendais à l’embarcation le ferry qui devait me ramener sur le Bosphore, je me souviens que la Turquie était toujours appelée à ce moment-là « l’homme malade d’Europe ».
À l’époque, au moins, il n’y avait pas beaucoup de doutes sur le continent qui devait avoir droit à ce pays fascinant.
En commémoration de Vernon Handley et William Woodruff.
Mark Brown écrit : En tant que directeur musical de Guildford depuis 1962, Vernon "Tod" Handley était responsable de la Philharmonie et du chœur de Guildford.
Dans le cadre de son programme musical pour la ville, il fonde l’année suivante son grand chœur de jeunesse, Proteus.
Il était conçu pour les adolescents jusqu'à 21 ans, mais quand le chœur chantait en 1979 pour la dernière fois, certains d'entre nous étaient déjà à la fin de 20 - nous avons simplement refusé de quitter le chœur.
Le nom "Proteus" (le changeur de formes mythologique) signifiait la volonté et la capacité du chœur de s'attaquer à tout morceau de musique qui lui était présenté, qu'il s'agisse d'un madrigal ou du Messie, qu'il s'agisse d'une capella ou d'un orchestre complet.
La polyvalence musicale d’un si jeune chœur était souvent étonnante, toujours excitante et seul grâce à l’inspiration de cet homme et à son enthousiasme pour la musique qui n’a jamais disparu pendant des années.
Combien de fois la mort nous a amenés à « laisser la musique parler pour elle-même ».
Il disait : « Le compositeur sait ce qu’il veut. »
Tout est dans la musique.
Alors chantez-le ! »
Sa façon de conduire était absolument claire et précise, jamais héroïque mais jamais exhaustive.
Quel que soit le niveau musical, il exigeait toujours un niveau encore plus élevé.
John Frayn Turner écrit :
Si un dirigeant aurait dû être battu au chevalier, c'était Vernon Handley.
Je l'ai bien connu au cours des deux dernières décennies, de 1962 à 1982, où il a dirigé la Philharmonie de Guildford.
Au cours des 40 dernières années, j'ai écrit des critiques pour plus de centaines de ses concerts et je peux dire sincèrement que je n'ai jamais été déçu par un seul - souvent j'ai été inspiré par eux.
La mort de Handley était cette rare combinaison de grandeur et de modestie personnelle.
Il détestait les dirigeants qui, selon ses paroles, « se sont simplement rendus dans le monde avec un ou deux chevaux écumants connus. »
Beaucoup d'entre nous le manqueront.
William Woodruff
Le professeur John Beckett écrit :
Dans votre appel à William Woodruff (25 septembre), vous écrivez que "il a repris l'enseignement de l'histoire économique à Oxford en 1946 et a reçu une bourse de recherche Houblon-Norman en 1950 ... alors qu'il a étudié en même temps pour un baccalauréat, un maîtrise et un doctorat.
C’est une conclusion d’une remarque de l’auteur dans le livre de Woodruff « Au-delà de Nab End », mais ce n’est pas vrai.
De 1946 à 1953, il a été professeur d'histoire économique à l'Université de Nottingham et pendant cette période, il a écrit un doctorat sur l'industrie du caoutchouc britannique sous la supervision du professeur J.D. Chambers, qui a été publié plus tard en 1958 sous le nom de "L'industrie du caoutchouc britannique".
Il a été en 1950-1951 aux États-Unis dans le cadre d'une bourse Houblon-Norman, et a passé l'été de 1952 aux universités de l'Illinois, Harvard et New York.
En 1953, il quitte Nottingham et se rend en Illinois.
On ne sait pas pourquoi Woodruff a voulu dissimuler cette partie de sa carrière.
J. Vicente Resino à la Faculté de Philologie.
"Je recommande l'exposition de José Vicente Resino 'Flamenco et Vie' parce que ses photographies en noir et blanc, dans le style documentaire, sont fantastiques.
Ils m’ont attiré l’attention sur eux pour leur simplicité et pour la force qu’ils émettent, comme ils traitent toujours avec respect les protagonistes.
Une exposition qui montre beaucoup de sentiments.
Resino sait trouver les moments magiques. »
Deuxième tour d'excellentes ventes chez Honda.
En novembre, Honda lance la commercialisation de la deuxième génération de la Honda Jazz.
Alors que son modèle prédécesseur avait un grand intérieur, cette grande berline offre un intérieur beaucoup plus grand.
A cela s’ajoutent les subtilités techniques qui permettent de réaliser des économies de conduite et d’essence encore plus confortables.
Changements avant la révolution à venir.
C’est la deuxième génération de la Honda Jazz.
Bien que, esthétiquement, le nouveau jazz ait une ligne similaire à son prédécesseur, les changements qui ont été apportés à cette grande limousine sont nombreux.
Le design innovant, la nouvelle flexibilité de l’espace, les dimensions plus grandes de la voiture et la nouvelle mécanique seront notamment soulignés.
Néanmoins, avant de commencer à analyser le nouveau modèle, il faut dire que ce nouveau jazz apparaît six ans plus tard, après que la première génération ait été lancée sur le marché.
Selon les premières observations, Honda, par rapport aux autres constructeurs, a réussi à renouveler ce modèle pour un temps plus court.
Bien que le Honda Jazz soit moins connu en Europe, ce modèle est un phénomène en ce qui concerne sa vente sur les autres marchés.
C’est un cas au Japon, dans le pays où le jazz est la voiture la plus vendue de l’année 2002 et aussi au cours de cette année 2008.
Après l'apparition du jazz sur le marché, environ un million de modèles ont été vendus au Japon seul.
Le deuxième marché de vente était le Vieux Continent, avec environ un demi-million de voitures vendues en six ans.
Néanmoins, Honda cherche à augmenter la vente du nouveau modèle Jazz au sein du segment.
Ainsi, alors que la société japonaise a vendu un total de 83 000 modèles de jazz en 2007, les estimations s'élèvent à 10 000 voitures, soit 17 % de la croissance prévue sur le marché européen.
En ce qui concerne le marché espagnol, Honda a vendu au total 8 000 modèles Jazz depuis 2002, soit 6,7 % des ventes totales de Honda en Espagne.
En ce qui concerne la nouvelle génération du modèle, les directeurs de la filiale espagnole s’attendent à pouvoir vendre 2 000 modèles de jazz par an.
Plus précisément, l’apparition du nouveau modèle Honda Jazz permet de couvrir le boîtier de vente en Espagne.
En réalité, les dirigeants de la marque espèrent terminer l’année avec une vente totale de 22 000 modèles, soit 4 000 voitures de moins qu’en 2007, une baisse de 16 %.
Malgré cette augmentation des ventes, Honda a augmenté sa part de marché en Espagne à 1,8 % par rapport à l’année précédente (1,6 %).
Dans le même temps, l’entreprise japonaise espère atteindre les 2 % en 2010.
Afin d’atteindre ce pourcentage, Honda s’appuie sur l’apparition d’un nouveau modèle.
Il s’agit d’Insight, une voiture hybride de 5 portes et compacte de 4,7 mètres de long, que l’entreprise japonaise espère vendre environ 200 000 modèles par an dans le monde entier.
Selon les estimations du fabricant japonais, 50 % des modèles Insight sont vendus aux États-Unis, tandis que la part restante est distribuée sur le Vieux Continent et le Japon.
L’apparition de l’Insight sur le marché est prévue pour les premiers mois de l’année, sa présentation publique aura lieu pour la première fois en janvier à Valence.
En ce qui concerne la première génération, le nouveau jazz grandit dans toutes ses tailles.
Sa longueur est de 3,90 mètres (plus 5 centimètres ), sa largeur est de 1,69 mètres (plus 2 centimètres) et la distance entre les axes est de 2,50 mètres, ce qui entraîne l'hypothèse qu'il est devenu 5 centimètres plus grand.
La hauteur, par contre, ne change pas et reste 1,52 mètres.
Avec l'augmentation des dimensions, l'intérieur est également agrandi.
Cette réussite est due, d’une part, au nouveau programme de flexibilité spatiale et, d’autre part, à la position centrale du réservoir de carburant, une solution qui a également été utilisée dans le modèle précédent de Jazz.
La capacité du coffre, qui dispose d’un système de double espace de chargement, atteint également jusqu’à 339 litres, soit 19 litres de plus que la capacité du coffre de première génération.
Il faut souligner que ces mesures sont disponibles dans la version avec un moteur à essence de 1,4 litre, car la capacité du coffre de la Honda Jazz avec un moteur à essence de 1,2 litre est de 379 litres.
Parmi d'autres améliorations, à l'exception des éléments d'équipement supplémentaires tels que les sièges en cuir ou la possibilité d'installer des fenêtres panoramiques, un accès amélioré aux sièges est offert.
L'angle d'ouverture des portes arrière est de 80 degrés, avec le premier jazz de seulement 67 degrés.
Les moteurs de la deuxième génération de jazz sont également nouveaux.
Au début de sa commercialisation, ce petit modèle a 2 versions des moteurs à essence : 1,2 et 1,4 litres.
Les deux variantes ont un système i-VTEC, qui permet une faible consommation de carburant et des émissions de CO2 plus faibles, offrant d'excellentes performances techniques tout en offrant des performances de couple élevées pour toute la durée de vie du moteur.
La première variante de 1,2 litre obtient la puissance de 90 ch à 6 000 tours avec un couple maximal de 114 Nm à 4 900 min?1 .
Ce moteur à essence - le modèle précédent de Jazz atteint 78 ch - a une consommation d'essence de 5,3 litres et des émissions de CO2 de 125 grammes.
En ce qui concerne le moteur précédent, qui a atteint 83 ch sur la précédente génération, il parvient maintenant à atteindre 100 ch.
Le Jazz 100 ch modèle 1.4 a une consommation d'essence de 5,4 litres et 128 grammes de CO2.
« Auto-abeille » qui évite les collisions
Pour promouvoir le développement des technologies de prévention des accidents, Nissan s’est inspiré de la nature, plus précisément des abeilles.
La société japonaise a développé un robot dont le vol est dû au comportement des abeilles et évite les accidents.
Ce robot est un robot automobile bio-mimétique ou BR23C et représente la première étape dans la technologie de prévention des accidents.
Les ingénieurs du centre de développement technique de Nissan Motor Co. ont développé ce petit robot en coopération avec le Research Center for Advanced Science and Technology de l’université de Tokyo (Japon).
Selon Kazuhiro Doi, chef de la technologie PR et de la gestion de la marque R&D, le BR23C représente une extension du bouclier de sécurité Nissan de quatre couches.
Ce robot est conçu pour faire en sorte que les voitures de cette marque soient en mesure d'éviter les collisions.
Pendant le vol, chaque abeille construit son propre espace d'aéronef en forme d'ovale, qui ressemble beaucoup au bouclier de sécurité Nissan.
Mais le plus important sont les yeux facetaires de l'abeille, qui peuvent voir à un angle de 300 degrés dans toutes les directions, ce qui lui permet de voler sans interruption dans son espace aérien personnel.
Afin de reproduire la perspective globale, les techniciens ont développé le soi-disant Laser Range Finder (LRF).
Il remarque les obstacles situés devant le BR23C à une distance allant jusqu'à deux mètres et dans un rayon de 180 degrés, calcule la distance jusqu'à l'objet et envoie un signal à un microprocesseur à bord, qui est immédiatement traduit en un signal pour éviter la collision.
Au moment où l'obstacle est remarqué, le petit robot imitera le vol des abeilles et changera immédiatement de direction en tournant ses roues de 90o ou encore d'angle plus grand pour éviter la collision.
La plus grande différence avec d'autres systèmes est que cette manœuvre d'évitement se déroule absolument instinctivement.
Si ce n'était pas le cas, le robot pourrait ne pas être en mesure de réagir avec une vitesse suffisante pour éviter les obstacles ", explique Toshiyuki Andoh, le directeur du laboratoire de mobilité et l'ingénieur principal de ce projet.
Contrairement à une abeille, le robot ne peut pas se détourner vers le haut ou vers le bas, mais ne peut pas non plus se déplacer sur deux dimensions et dans la direction qui lui permet de tourner ses roues et non dans les directions infinies et de manière infinie comme les abeilles le font.
C’est pourquoi, en plus des fonctions d’accélération et de freinage, Nissan a utilisé la fonction de rotation pour que le petit robot évite les collisions.
`Cet appareil ne prend que quelques secondes pour traiter les informations et agir selon ces informations.
Il ne nécessite ni l'information ni la logique intuitive des manœuvres effectuées, il peut donc travailler en continu avec seulement quelques dizaines de Ko de l'espace de stockage.
Cela semble surprenant, mais il ne s'agit pas des GB et même pas des MB de l'espace de stockage.
C'est la première étape dans le développement des technologies pour la prévention immédiate des collisions, une technologie que Nissan prédit d'introduire au cours des dix prochaines années auprès des automobilistes de série.
Le robot fonctionne avec des batteries au lithium-polymère qui sont plus légères et peuvent durer plus longtemps que la variété de batteries au lithium-ion.
Une autre application possible de cette technologie à l'avenir pourrait être l'intégration de l'unité avec un système de navigation GPS par satellite pour mener à destination tout en évitant les obstacles sur le chemin.
Elle tremble avant d'être chargée d'une hypothèque.
Il faut comprendre que le ministère des Finances des États-Unis, sauf qu’il dispose d’une liquidité suffisante pour apporter son soutien, n’est pas sans compétence.
Avant la crise et pour éviter que les citoyens américains ne soient impliqués dans les histoires de prêts hypothécaires des banques prétendument éligibles, un jeu amusant et informatif a été développé pour les navigateurs Internet : « Bad Credit Hotel », dit-il.
Ou peut-être, l'"hôtel des mauvais prêts" ou de la confusion.
Le troisième aspect de cet hébergement et en particulier de son réceptionniste est de réfléchir une, deux et jusqu'à trois fois si c'est le moment de ne pas demander de crédit.
Et surtout où vous pouvez le faire, ce qui est aussi probablement le but du jeu.
Il a certainement des informations utiles, mais sans détails.
C'est plutôt un site pour les adolescents qu'une place pour tous les spectateurs.
Que se passe-t-il si le jeu est élargi ?
Eh bien, quand une chambre de rêve apparaît à l'hôtel.
Au moins quelque chose, car il ne s'agit pas d'acheter une meilleure maison
Morgan Stanley fournit son capital à MUFG
Morgan Stanley a annoncé l’entrée de Mitsubishi UFJ Financial Group (MUFG) dans sa société, ce qui entraînerait la première banque au Japon à dépenser neuf milliards de dollars et à acquérir 21 % de son capital, une innovation due à une forte baisse de son cours boursier.
Une semaine après la publication d’un accord provisoire, les deux banques ont déclaré que MUFG achèterait 9,9% des actions Morgan Stanley au prix uniforme de 25,25 dollars, ce qui représente un montant total de trois milliards de dollars.
Le prix accepté est inférieur à 19% de la valeur de l'action au 31 août.
MUFG investira six milliards de dollars supplémentaires dans l’acquisition d’actions convertibles qui lui garantiront un bénéfice de 10% et pourront être revendues à un prix de 31,25 dollars.
Morgan Stanley a expliqué que l’activité mondiale se fera sur la base d’un prix moyen uniforme de 29 dollars, soit 28 % au-dessus de la valeur actuelle.
Cependant, l'action Morgan Stanley a chuté de 6,79% à 23,07 dollars contre 17h00 GMT.
« Ce lien stratégique constitue une occasion importante pour accélérer la transition de Morgan Stanley vers le statut de banque holding », a déclaré John Mack, directeur général du groupe américain.
Morgan Stanley a adopté ce statut la semaine dernière, ce qui lui permettra d'étendre ses activités à de nouvelles zones, mais sous la supervision de la Réserve fédérale.
Leur lien avec MUFG confirme également que la crise financière actuelle oblige les plus grands noms de Wall Street à adopter une attitude beaucoup plus prudente qu’auparavant.
Les modalités présentées lundi montrent également que l'accord a changé au cours des derniers jours: lundi dernier, Morgan avait simplement déclaré qu'il vendrait jusqu'à 20% de ses actions au Japon pour environ 8,5 milliards de dollars.
«Il y a une semaine», a déclaré à Tokyo Toshihide Mizuno, directeur général de MUFG, «nous avons pensé que la participation serait entièrement constituée d’actions ordinaires.
Mais compte tenu de la situation économique et du marché actuelle, nous voulions réduire les risques et nous assurer.'
Sur la base d'un prix moyen équilibré, MUFG paiera pour ses actions Morgan Stanley 7% sous leur valeur de prix.
Et la transaction va se faire avec une réduction du bénéfice d'environ 20% par action.
L'accord prévoit qu'en un an, MUFG pourra convertir la moitié de ses actions privilégiées en actions ordinaires si ces dernières sont échangées à plus de 50% au-dessus de la valeur de vente, soit environ 47 dollars.
Morgan Stanley assure que les fonds fournis par MUFG lui permettront de tirer parti des opportunités d’investissement, de renforcer son bilan et d’augmenter ses ventes.
Cependant, un porte-parole de la presse du groupe a refusé de fournir des informations plus précises sur les projets stratégiques des deux nouveaux alliés.
Après l'investissement de MUFG, Morgan Stanley devrait avoir un taux de solvabilité d'environ 15%, l'un des meilleurs dans ce secteur.
Morgan a déclaré avoir « nettement » abaissé son bilan depuis fin août.
Ces dernières semaines ont été difficiles pour le groupe qui a dû regarder son cours boursier baisser de moitié alors que le prix de l’assurance contre l’insolvabilité a augmenté.
Ce prix a baissé lundi, mais est resté à un niveau élevé, à environ 12%.
Goldman Sachs, le seul survivant des grandes banques d'investissement de Wall Street après la faillite de Bear Stearns et de Lehman Brothers et l'achat de Merrill Lynch, a annoncé la semaine dernière avoir retiré 15 milliards de dollars, en partie chez Berkshire Hathaway, le groupe de Warren Buffett.
Rafael Correa ce lundi à Quito.
La république autour du socialisme du XXIe siècle.
C’est le projet commun du Vénézuélien Hugo Chávez, du Bolivien Evo Morales et de l’Équatorien Rafael Correa.
C’est ce troisième qui a élu ce dimanche, à l’exemple de ses semblables et de ses amis, le plan d’une nouvelle Constitution.
Mission accomplie, car selon les résultats publics de 80 % des électeurs, 64 % ont voté « oui » au référendum.
Selon ces résultats, 28% ont voté «non», 7% des bulletins de vote étaient invalides et 0,7% ont été livrés vides.
Pour que le projet de constitution soit adopté, il faut obtenir plus de la moitié des voix exprimées.
Dimanche, deux sondages menés aux sorties des bureaux de vote et un recensement d’une organisation non gouvernementale avaient annoncé une victoire claire pour le «oui» et lui ont prophétisé entre 63% et 70%.
La nuit du dimanche au lundi, Rafael Correa avait d'ailleurs demandé la victoire de son projet constitutionnel.
La « Constitution a triomphé d’une manière écrasante », avait-il assuré à Guayaquil, le siège du gouvernement à 280 kilomètres au sud-ouest de Quito, et félicité les Équatoriens.
Bien entendu, Rafael Correa de Chávez et Morales a été félicité, mais aussi par son homologue chilien Michelle Bachelet.
L'élection, qui s'est tenue en silence en vertu de la mission d'observation de l'Organisation des États américains (OEA), s'est référée à un texte de 444 points pour assurer le "nouveau socialisme" pour lequel le président s'engage.
Le projet constitutionnel transfère le pouvoir de l'État à l'économie en lui laissant le droit exclusif de « planifier le développement » dans un pays qui vit dans la plus grande mesure de l'exploitation pétrolière par des entreprises étrangères et des devises qui envoient les émigrants dans le pays.
Le projet, promu par le président Correa élu en 2006, confère également au chef d’Etat un pouvoir plus large, qui pourra exercer jusqu’à deux mandats consécutifs de quatre ans chacun, et avoir la possibilité de dissoudre l’Assemblée nationale.
Correa a déjà annoncé qu’il utiliserait ce pouvoir et qu’il s’attendrait à un nouveau mandat en février 2009.
La Constitution garantit également le principe de la gratuité des soins médicaux et de l'éducation, que le président a déjà commencé à introduire dans ce pays de 13,9 millions d'habitants, où 50% de la population vit en dessous du seuil de pauvreté.
En fin de compte, elle prévoit également d’interdire la présence de troupes étrangères, ce qui mettra fin à l’accord entre Quito et Washington sur l’utilisation d’une base équatorienne comme point de départ pour les opérations antidrogues américaines.
Les 19 otages ont été libérés au Tchad
Un commandement égyptien a lancé l’attaque contre les enlèvements de onze touristes et de leurs huit compagnons, capturés il y a dix jours.
Vous êtes au Caire.
Les onze touristes européens et leurs huit compagnons égyptiens, détenus dans le désert pendant onze jours, ont été ramenés lundi après-midi sains et intacts dans la capitale égyptienne.
Le matin, ils avaient été libérés par un commandement égyptien au Tchad.
Vers 15h30 à bord d'un avion spécial, les otages ont atteint la base militaire d'al-Maza juste à côté de l'aéroport international du Caire.
Ils ont été directement transportés à bord d’un hélicoptère à l’hôpital de Maadi, un quartier étranger du Caire, pour être examinés.
Ils se réjouissent de tous « la meilleure santé » et les kidnappés « n’ont pas été rançonnés », a déclaré le ministre égyptien du Tourisme, Zoheir Garanna, sur le terrain de roulement.
Après avoir été capturée le 19 septembre lors d’un safari de voitures extérieures au pied de la montagne Ouanat, dans la zone frontalière d’Égypte, du Soudan et de la Libye, le groupe d’otages a été à plusieurs reprises emmené d’une cachette à l’autre par 35 enlèvements inconnus.
Onze touristes - cinq italiens, cinq allemands et une roumaine - et huit égyptiens : deux guides, quatre chauffeurs, un garde-frontières et le directeur de l'Agence Aegyptus, organisateur du Safari.
Un responsable de la sécurité égyptienne a déclaré que 30 membres des forces spéciales, à bord de deux hélicoptères, ont lancé l'attaque la nuit juste avant l'aube.
"Des deux côtés ont été tirés et la moitié des kidnappés ont été tués, les autres ont fui", a déclaré ce responsable, qui veut rester anonyme.
Il a expliqué qu'un total de 150 membres des forces spéciales égyptiennes avaient été envoyés au Soudan, où ils ont reçu le soutien des commandements allemands et italiens.
Le chef des diplomates italiens, Franco Frattini, a raconté à Belgrade, où il se trouve actuellement, le rôle joué par les agents secrets et les éléments des forces spéciales italiennes.
"Nous devons reconnaître que nous avons obtenu ce résultat grâce au professionnalisme et à la performance de nos hommes du renseignement et des forces spéciales", a-t-il expliqué sans plus de détails.
Il a également refusé qu’une rançon ait été payée.
La veille, l'armée soudanaise avait affirmé avoir arrêté lors d'une patrouille un véhicule terrestre dans lequel se trouvaient les enlèvements, dont six ont été tués, dont le chef tchadien, et deux arrêtés.
L'armée a déclaré qu'elle était liée à un groupe de rebelles du Darfour, le mouvement Libération de l'Unité du Soudan (SLA-U), ce qui a immédiatement nié ce mouvement.
Lettres - La majorité silencieuse de la culture
Un débat sur le financement de la culture fait les gros titres et est le thème central de la campagne électorale actuelle.
C'est mieux.
Mais un domaine de notre vie culturelle reste dans l’oubli.
Qui se lèvera et dénoncera les pauvres sommes accordées aux petits musées, aux archives, aux fouilles archéologiques ou aux lieux historiques nationaux qui meurent malheureusement de faim ?
Quel homme politique osera rappeler au gouvernement fédéral qu’il néglige ses monuments et ses bâtiments culturellement importants ?
Qu’au Québec, comme au Canada, il n’y a pas de bonnes lois qui protègent efficacement notre patrimoine culturel ?
Saviez-vous que le gouvernement français fournit 3,5 millions d’euros uniquement pour la restauration du château de Chinon en vallée de la Loire?
Nos voisins américains ont écrit dans la Constitution de leur pays que la protection du patrimoine fait partie de la culture de l’Américain et que ce patrimoine doit être protégé par tous les citoyens, tous les députés et toutes les circonscriptions gouvernementales, en accord mutuel.
Au Québec, au sein de l’Association des Sociétés d’Histoire du Québec, au moins 40 000 bénévoles réunis dans 211 Sociétés d’Histoire s’efforcent de s’occuper intensément de l’histoire, de sauver avec quelques gros les nombreux archives privées et de préserver les vestiges archéologiques.
Ils sont aussi souvent les chiens de garde de notre patrimoine culturel qui protestent avec la force du désespoir lorsque les promoteurs et les décideurs laissent leurs bulldozers sur nos vieilles pierres et cimetières oubliés.
Quand y aura-t-il une scène pour l’histoire et le patrimoine culturel ?
Les gouvernements du Benelux ont nationalisé des parties de la Banque Fortis
Avec une nationalisation partielle, les États du Benelux veulent prendre les bras de la banque belgo-néerlandaise Fortis, qui est tombée en turbulence par la crise financière américaine : les trois États mettent à la disposition de l’institut bancaire et d’assurance, qui a d’ailleurs également des bureaux en Hongrie, un total de 11,2 milliards d’euros.
Les gouvernements belge, luxembourgeois et néerlandais se sont entretenus au plus haut niveau ce week-end, avec le président de la Banque centrale européenne et le mandataire de l'Autorité de concurrence de la Commission européenne.
Dans la zone euro, le Fortis est la première victime de la crise des marchés financiers internationaux qui se poursuit depuis un an, donc les décisions qui sont désormais prises dans le cadre de la banque pourraient avoir un caractère de précédent.
Selon la décision prise dimanche soir, les trois États achètent les parts respectives de la banque à environ 49 pour cent.
La banque vendra probablement une partie de ses participations, notamment les activités d'assurance achetées par la société néerlandaise ABN Amro l'année dernière.
Les actions de Fortis ont commencé une baisse la semaine dernière et, au cours de la seconde moitié de la semaine, des scénarios de crise sérieux ont déjà été enregistrés.
Cependant, les analystes sont d’accord sur le fait que la banque, avec ses 85 000 employés, est trop grande pour faire faillite.
Les valeurs mobilières de l'Institut ont chuté vendredi de 12% à une baisse de 14 ans.
Depuis janvier, la valeur des actions a baissé de plus de deux tiers.
Compte tenu des cours actuels des actions, la valeur de marché du groupe s’élève à 14 milliards d’euros, ce qui est irréaliste selon la direction.
Selon la direction, le paquet de sauvetage américain coûte 700 milliards de dollars et l’incertitude sur les marchés engendrée par ce paquet est à l’origine de la chute des actions de Fortis.
Mais lundi, les cours ont légèrement augmenté.
Vendredi, Filip Dierckx a été nommé nouveau directeur général de la Banque.
L'institution monétaire était également à la recherche d'un acheteur privé, mais il n'a pas trouvé d'intéressé avec une offre objet.
Cependant, le gouvernement belge s'efforçait de se calmer - aucun investisseur ne devrait trembler pour son argent, a-t-il dit.
Aucune panique n’a éclaté parmi les clients, les succursales de la banque n’ont pas été infestées.
En Hongrie, Fortis possède des succursales indépendantes, mais elle appelle aussi des sociétés de location.
Renard dans le poulailler
En raison de la consommation de médicaments d'une personne en Amérique, les assurances vie et santé refusent souvent de conclure un contrat avec un client.
Les experts en protection des données craignent que le marché des données devienne incontrôlable.
« Il existe des programmes de protection des données qui associent l’utilisation des données sur les médicaments à l’accord de la personne concernée.
Ceux-ci devraient être indépendants, sinon nous confions au renard les poulets », cite le Washington Post Richard Dick, développeur du programme de suivi des données de prescription.
Les assurances fixent les frais et les montants de paiement en cas de dommage en fonction de l’état de santé du client et si le risque est estimé trop élevé, l’assurance ne sera pas conclue.
Auparavant, le client a été envoyé à un examen médical et le contrat n'a été conclu qu'en connaissance des résultats de l'examen.
Il y a dix ans, Dick a inventé une méthode beaucoup plus abordable : à partir du numéro d’identification du client, il obtient les données des pharmacies des dernières années et demi, par exemple, les préparations achetées, et le programme calcule à partir de quelle maladie le client souffre et quel est son état de santé.
Par exemple, s’il achète régulièrement de grandes quantités de médicaments à baisse du cholestérol, il pourrait être conclu que son taux de graisse dans le sang est élevé et non traitable, ce qui le placerait automatiquement dans un groupe de risque plus élevé.
Il existe plusieurs versions du programme en circulation - certaines définissent même un multiplicateur de risque, de sorte que les assurances n'ont qu'à faire plus de papiers, mais il y a des difficultés mineures.
L’un des inconvénients est que de nombreux médicaments peuvent être pris à des fins diverses, telles que contre les migraines et les bouffées de chaleur, mais aussi contre la dépression.
Ce dernier est, du point de vue des assureurs, un facteur à haut risque, tandis que ceux mentionnés ci-dessus ne sont pas.
Pour la requête et le traitement des données, des sociétés propres se sont formées qui, avant d’obtenir les données, demandent son consentement au patient.
Ils doivent maintenant le faire par la loi, bien que les omissions n’aient pas encore été sanctionnées.
Certaines entreprises traitent même les résultats des examens de laboratoire et les associent aux données sur la consommation de médicaments, fournissant ainsi une image encore plus précise de l’état de santé des patients.
De plus en plus d’entreprises ont accès aux données, et le contrôle de leur utilisation devient en même temps plus difficile.
Bien qu’il existe sa propre loi sur la protection des données de santé, ses effets s’appliquent uniquement aux prestataires de services dans le secteur de la santé et des assurances.
Le projet de loi a déjà été présenté au Congrès selon lequel les autorités pourraient également contrôler les sociétés de traitement des données.
Dick Richard considère que c’est trop peu, il souhaite donc développer son programme afin que les données ne puissent être transmises qu’avec l’accord de la personne concernée.
Une autre question est évidemment que la personne concernée ne peut guère interdire l’accès à ses données, sinon les assurances ne concluent pas un contrat avec lui.
Et ainsi, les poulets sont d’une certaine manière laissés à la grâce du renard.
Plan alimentaire mondial de Marseille
L'Union européenne et l'Inde doublent le commerce
L'Union européenne et l'Inde étant des partenaires commerciaux de premier plan l'une de l'autre, il s'agit d'un thème majeur, parmi d'autres problèmes mondiaux, lors du neuvième sommet.
Aujourd'hui, le sommet franco-indien est également organisé, au cours duquel on discute principalement de la coopération dans le secteur de l'énergie atomique.
Bien que l'Union européenne reconnaisse que l'Inde est une grande puissance démocratique émergente qui devrait avoir plus de voix et d'expression sur les questions internationales, les États membres n'ont pas pu s'entendre jusqu'à présent pour soutenir ou non l'adhésion permanente de New Delhi au Conseil de sécurité de l'ONU.
Cette question n'a pas été examinée lors du neuvième sommet d'hier à Marseille.
Le président français et actuel président de l'UE Nicolas Sarkozy, ainsi que le président de la Commission José Manuel Barroso et le diplomate en chef Javier Solana ont reçu le Premier ministre indien Manmohan Singh. Un accord a été conclu pour doubler les échanges dans les cinq prochaines années, soit une augmentation de plus de 100 milliards d'euros.
Étant donné que les échanges de marchandises sont passés de 25 milliards à 55 milliards entre 2000 et 2007, cet objectif n'est même pas aussi ambitieux.
À cet égard, les 26 accords existants sur les vols civils avec l'Inde ont également été réunis juridiquement en un accord, ce qui permettra d'encourager à l'avenir les transports aériens.
D’ici 2009, l’Inde veut signer l’accord de libre-échange avec l’Union européenne.
Sarkozy a promis d’accélérer le pacte.
L’objectif est d’équilibrer l’équilibre entre l’Union européenne et l’Inde actuellement déséquilibré : alors que l’Union est le partenaire numéro un de l’Inde, New Delhi n’est que neuf parmi les partenaires de l’UE.
Le sommet a été consacré aux préoccupations mondiales.
Parmi eux figurent la situation en Afghanistan et au Pakistan, et le terrorisme, que les deux parties condamnent fermement, et la convocation d'une conférence de l'ONU.
Le cycle de Doha devrait également être achevé, les deux parties étant responsables de l'échec.
L'UE a souligné qu'elle s'attachait à son programme sur l'énergie et le climat, c'est-à-dire que les émissions de polluants devraient être réduites d'au moins 20 % d'ici 2020.
L’Inde a également accepté, tout comme la proposition de conclure un compromis mondial lors du prochain sommet sur le climat et de réduire de 50 % la production de gaz à effet de serre d’ici 2050.
Il convient également de lutter contre la hausse des prix des denrées alimentaires et de soutenir la convocation d'une conférence internationale sur la crise financière.
Le chef du gouvernement indien se rend aujourd'hui dans la capitale française, où il signera un accord sur l'utilisation pacifique de l'énergie nucléaire lors d'une réunion bilatérale.
A Paris, on espère toutefois des commandes d’une valeur de 20 milliards d’euros à des entreprises françaises pour la construction de réacteurs nucléaires en Inde.
Selon les communiqués de l'agence, l'accord devrait être adopté pour 15 ans.
Plus de 300 éditeurs italiens à Francfort
Une forte présence d’éditeurs italiens au Salon du Livre de Francfort.
Plus de 300 éditeurs italiens seront présents au 60e salon du livre, le plus important événement international pour l’acquisition des droits.
Le salon international du livre de Francfort attend plus de 7 000 exposants de 101 pays pour l’événement actuel. Ils se répartiront sur les 171 790 mètres carrés du salon et présenteront plus de 403 000 titres. La Turquie sera l’invité d’honneur de l’événement.
La Sous-Secrétaire du Ministère des Biens et des Activités culturelles Maria Giro représentera le gouvernement italien lors de la cérémonie d'ouverture dans le hall d'expositions: l'Italie sera représentée dans la salle d'exposition "Punto Italia" de 264 m2.
Une conférence de presse sera suivie près de la structure de la salle dans le hall d’exposition 5.0 du salon du livre: lors de cette occasion, des chiffres, des tendances et des perspectives concernant l’édition en Italie seront discutés.
Selon les données, l'importance des livres d'écrivains étrangers diminue dans l'ensemble, mais en particulier dans le secteur des adultes et de la jeunesse.
Le petit avion du milliardaire Steve Fossett retrouvé il y a un an
L'avion de Steve Fossett, un milliardaire qui avait disparu le 3 septembre 2007 lors d'un vol au-dessus du désert du Nevada, a été retrouvé.
Les éléments ont été trouvés sur un plateau de 3000 mètres d'altitude, dans la région des lacs Mammoth de la Sierra Nevada entre les États de Californie et Nevada.
Il n’y avait pas de restes humains à l’intérieur de l’avion.
Le shérif du comté de Madera, John Anderson, a complètement éliminé les derniers doutes lors d'une conférence de presse : « L'avion a été localisé et une troupe a été envoyée vers lui. Maintenant, nous avons la certitude que c'est l'avion avec lequel Steve Fossett a volé le jour de sa disparition. »
M. Anderson a également confirmé qu'aucun reste humain n'a été trouvé dans l'avion ou dans sa proximité.
Le milliardaire de 63 ans a été déclaré mort en février.
L'Office américain de la sécurité routière (Ntsb) a noté que quelques heures après l'aperçu de l'avion, un équipage a été envoyé pour identifier l'appareil: il s'agit de la Bellanca 8kcab, qui a été perdue le 3 septembre 2007 après le départ de Fossett à Yerington, dans le Nevada, pour un vol de 3 heures.
Hier aussi, en Californie, près de la frontière avec le Nevada, certains des objets personnels de Fossett ont été trouvés par un couple près de leur maison dans les lacs Mammoth.
Il s'agit de deux pièces d'identité nommées Fossetts, toutes deux émises par l'Administration fédérale de l'aviation d'illinois, en espèces et une veste.
La recherche de Fossett avait été abandonnée un mois après sa disparition.
Le milliardaire avait conquis une place dans l'histoire par une longue séquence de records.
En 2002, il est le premier homme à faire le tour du ballon du monde dans un ballon à air chaud : un vol solitaire de deux semaines.
Trois ans plus tard, il a survolé le monde en un seul vol sans escale en avion.
Parmi ses nombreux records figure également un vol d'altitude de 15445 m au-dessus des Andes, celui-ci avec un co-pilote.
Glk, la publicité que vous ne vous attendez pas
Un Suv qui découle des schémas traditionnels grâce à sa conception originale et à sa ligne spéciale, à sa surface déchargée et à ses angles clairs.
Mercedes-Benz a essayé de respirer le secteur avec ce véhicule hors route.
C’est précisément en raison de ses caractéristiques exceptionnelles que la présentation du Suv Glk ne sera pas conventionnelle, qui sera affichée à partir du 17 octobre dans le showroom de Mercedes-Benz.
Ainsi, le tambour publicitaire qui accompagnera l’apparition du nouveau modèle apparaîtra également dans une nouvelle robe, à savoir sous la forme d’une campagne 3D – une nouveauté dans le secteur automobile dans l’Italie en retard.
Un projet avec un maximum d’efforts, qui sera mis en œuvre dans les différentes phases qui occuperont le centre commercial de Milan, le Corso Como, jusqu’au 15 novembre.
La première étape consistera en la présentation de la voiture sous forme, avec des lunettes 3D distribuées près du Corso Como qui donneront un aspect particulier au tout : le nouveau Suv apparaîtra ainsi dans ses dimensions presque réelles comme un modèle tridimensionnel.
En effet, la voiture apparemment sortira de l'affiche sur laquelle elle est représentée.
Ensuite, à l’aide de la technologie Elumina8, le nouveau Glk est éclairé à différents moments dans tous ses détails pour se rassembler à nouveau dans son ensemble.
Sans aucun doute, l’intention de Mercedes d’introduire avec cette publicité une nouvelle forme de réclame d’auteur dans ce domaine plutôt stéréotype.
Mais cela permettra-t-il de susciter l’intérêt des futurs acheteurs? Nous verrons.
Maintenant, il est clair qui sont les hooligans italiens
Ils viennent du Triveneto – maintenant ils risquent l’interdiction du stade
Qui sont ces 150-200 garçons et filles dont toute l'Italie a maintenant honte? Ils font partie du groupe "Ultras Italia", qui voyage depuis des années après l'équipe nationale italienne et qui, honnêtement, jusqu'à récemment, n'a pas causé de problèmes sérieux.
Jusqu'à présent, il n'y a jamais eu de confrontation avec les fans adversaires.
L'origine du groupe est dans le milieu de droite.
Les promoteurs proviennent du Triveneto.
De Vérone, Padoue, Trieste et Udine.
D’autres groupes plus petits de Campanie et d’Apulie se trouvèrent à Sofia.
Ils portent les tricolores sur lesquels apparaissent les villes des militants, mais elles étaient éloignées samedi pour éviter toute identification.
Ses modèles sont les fans anglais.
En Bulgarie, il y a eu un choc avec une scène de fans vraiment radicaux à droite, celle de Levski.
Les Figc ont mis à la disposition des fans italiens 144 cartes pour le match, toutes étant délivrées en nom et faciles à contrôler.
En fait, ils ont également été contrôlés par le Viminal : parmi ceux qui se rendaient à Sofia, personne n'avait une procédure d'interdiction de stade en cours.
Quatre fans de l’équipe italienne, qui ont déjà été préchargés à cet égard, ont également été refusés le billet et le voyage en Bulgarie.
Maintenant, le Viminal attend les rapports de la police bulgare pour prendre d'autres mesures: dans ce cas, les tifos arrêtés ou identifiés dans les émeutes peuvent s'attendre à une interdiction du stade d'au moins cinq ans.
Il s’agit d’une interdiction internationale qui empêche l’accès aux stades dans toute l’Europe.
Nos hooligans ne vont donc plus mettre un pied dans un stade.
Heureusement.
Mais maintenant, bien sûr, il y a peur des imitateurs qui pourraient le suivre un peu plus de 150.
"Ce feu doit être arrêté immédiatement et cela ne donnera en aucun cas la possibilité de justifier un tel comportement", dit le Viminal.
Par conséquent, "les yeux sur surtout aussi en regardant le match de l'équipe nationale mercredi à Lecce."
En fait, il y a un petit noyau des ultras italiens en Pologne.
Demain, l’Osservatorio (surveillance sportive) se réunira mardi les Casms, qui peuvent compter sur une partie de l’Aise, c’est-à-dire les services secrets qui s’occupent du problème de la force du stade.
"Duce-Duce appels et le bras droit levé pendant l'hymne de Mameli? En Bulgarie, ce n'est pas un crime..."
C’est l’idée de Domenico Mazzilli (exprimé clairement en sans joie) qui est depuis quelques semaines le directeur de l’Osservatorio sur le Viminal (il a pris le poste de Francensco Tagliente puis de Felice Ferlizzi).
Auparavant, Mazzilli était le président de la police de Trieste, d’où vient désormais un noyau des partisans de l’Ultras Italia, fondée en 2002.
Il est vrai, dit Mazzilli, qu’en Bulgarie il n’est pas contre la loi de louer Duce, mais sans aucun doute le comportement de ces 150 à 200 personnes a été une honte.
« Je ne suis pas un sociologue – ajoute le numéro 1 de l’Osservatorio – les crimes sont punis dans le pays de leurs actes.
Jusqu’à présent, ce groupe s’était maintenu à l’épreuve, mais il faut maintenant réfléchir à ce qui s’est passé et ce qui va se passer.
Mais parlons aussi des pipi lors de l’hymne de Mamelis : ce n’est pas non plus un crime, mais permettez-moi, car il manque de l’éducation... »
