Vítězství pravicových populistů v Rakousku je 29 procent
Podle předběžných výsledků vedly předčasné parlamentní volby v Rakousku k výraznému oslabení obou stran, které tvoří současnou velkou koalice, a k známému posílení populistických stran.
Rakouská lidová strana (ÖVP), kde je postavení současného prezidenta Wilhelma Molterera vážně ohroženo, utrpěla obzvláště velké ztráty.
Naproti tomu volební vůdce Unie pro budoucnost Rakouska (BZÖ), guvernér Karinthie Jörg Haider, připravuje triumfální návrat na politickou scénu na národní úrovni.
Podle předběžných výsledků zůstávají socialisté (SPÖ) s 29,8 % hlasů první politickou silou v zemi, nicméně ve srovnání s volbami v roce 2006 ztratili 5,5 % hlasů.
ÖVP, který s 25,6 procenty ztrácí téměř devět procent hlasů, skončil ještě horší.
Jedná se o nejhorší výsledky dvou velkých poválečných stran; zejména pro lidovou stranu, která vyvolala předčasné volby, je výsledek doslova katastrofální.
Ještě začátkem července, když ÖVP opustila koalice, lidová strana měla značnou přednost nad SPÖ.
Voliči je však zřejmě potrestali za to, že nechali vládu zhroucet.
Od prvních reakcí na výsledky byly vysloveny spekulace o možném rezignaci vůdce strany a současného vicekancléře Wilhelma Molterera.
Pozorovatelé se domnívají, že by se to mohlo stát již v pondělí na mimořádné radě vedení strany.
Takový vývoj by a priori usnadnil cestu k výsledku voleb, které zůstávají nejpravděpodobnější, tj. k obnovení velké koalice SPÖ a ÖVP.
Vzhledem k posílení obou pravicových populistických stran - svobodných (FPÖ) získalo 18 procent hlasů a BZÖ jedenáct procent hlasů - socialisté vyjádřili zároveň obavy z opakování v roce 1999, kdy se lidová strana dohodla s populisty (tehdy byla FPÖ stále sjednocena, to bylo v roce 2005, kdy se BZÖ
Haider, který již prohlásil, že je připraven spolupracovat s jakoukoli stranou a že plánuje návrat do Vídně na národní politické scéně, se zřejmě klade na tento vývoj.
Poslední stranou, která měla přístup k parlamentu, byli Zelení, ale tito lehce ztratili a mezi rakouskými politickými stranami se vrátili na třetí místo na pátém místě.
Žádná další strana nepřistoupila do parlamentu a nepřekročila hranici čtyř procent.
Schwarzenberg: Vztahy s Indií se mohou ochladit
Kdyby nebylo možné vyřešit problém s českými vědci obviněnými z nelegálního sběru švábů v Indii, následovalo by podle českého ministra zahraničí Karela Schwarzenberga určité ochlazení česko-indických vztahů.
Ministr prohlásil to dnes v New Yorku po setkání s jeho indickým kolegam Pranabem Mukherjeeem.
"Kdyby se problém nevyřešil, tak ano, došlo by k určitému ochlazení," uvedl po setkání, které bylo provedeno na českou iniciativu.
Mukherjee uvedl, že výkonná moc se těžko zasahuje do soudních věcí.
Zmínil však, že v případě Petra Šváchy, který byl zbaven obvinění a pokuty potrestán, může centrální vláda vyjednávat s místní vládou, vládou Darjelinga, přičemž případ podléhá jeho jurisdikci.
"Jeho problém by mohl být vyřešen," řekl ministr.
Podle Mukherjee by nejlepším řešením pro Emila Kučeru, odsouzeného na tři roky vězení, bylo odvolání na vyšší orgán.
Proto by mohl požádat o propuštění na kauci a čekat na volný rozsudek, vysvětlil.
Schwarzenberg potvrdil, že jeho partner vyjádřil stejný směr i během rozhovorů.
"Doporučuje odvolat se na nejvyšší soud, po kterém by mohl být uštědřen," řekl šéf české diplomacie.
Jediným způsobem, jakým česká strana může do tohoto případu zasáhnout, je poskytnout odsouzeným „příslušnou právní podporu“, uvedl indický ministr.
Uvedl také, že taková podpora jim již byla poskytnuta i ze strany Indie.
"Přáli bychom si především udržet s Indií ty nejlepší vztahy, které mají tradici, která trvá mnoho let.
I indiáni to uznávají," uvedl Schwarzenberg.
Současně, jak řekl ČTK, zdůraznil před svým partnerem, že Česká republika věnuje velkou důležitost problému české entomologie.
"Uvěznění a obvinění těchto českých vědců považujeme za velké pohrdání," uvedl.
Ministerstvo se vyhýbá otázkě, zda získalo od Indie slib, že se o tuto záležitost postará.
"Už jsem obdržel poměrně mnoho slibů," uvedl.
Čech rozhoduje o boji za mořské dno
Blíží se ke zdi elektronické kartě, na které je zobrazena Austrálie a přilehlých mořských oblastí.
Nezajímá se o pevninu, ale o malý bod ztracený v modrém oceánu.
Ostrov patří Austrálii, stejně jako sousední mořské dno.
Tato oblast je však stejně velká jako kontinent sám,“ říká italský právník Luigi Santosuosso, který je součástí týmu třiceti členů divize OSN pro oceánské a námořní právo.
Jeho šéf, ředitel divize, český právník Václav Mikulka, sleduje prezentaci a kompletní ji čas od času.
Vzrušení prací a nadšení charakterizují vládnoucí atmosféru.
Mořské dno skrývá dosud neznámý svět bohatý na přírodní zdroje.
Můžeme zde nalézt ropu, rudy a další minerální zdroje, ale také živé organismy, které jsou prozatím neznámé, které mohou obsahovat klíč k vývoji léku proti rakovině.
Dno větší než pevná půda
Pobřežní státy v dnešní době začaly těžce aspirovat na nové podmořské území.
Podle úmluvy OSN využívají své práva, o nichž se dohodli v roce 1982 v zátoce Montego na Jamajce.
Jedná se především o oblast tzv. kontinentální police, která se často rozprostírá několik set kilometrů od pobřeží dané země.
Tento poslední může podle úmluvy výhradně nárokovat na všechny zdroje kontinentální police.
„Zjednodušením je považována za kontinentální police část mořského dna a jeho suterénu, která představuje přirozené prodloužení kontinentu pod mořem.
Rozteče se za hranicemi pobřežního moře, často také za hranicemi 200 námořních mil, které představují výlučnou ekonomickou unii,“ vysvětluje Mikulka.
Žádost, kterou dotyčná země předložila Komisi o stanovení vnějších hranic kontinentální police, by měla být podpořena širokou vědecko-technickou dokumentací založenou na mnoha nákladných průzkumech a metrise.
Je výsledkem několika let přípravných prací.
"Jednou z našich úkolů je poskytnout komisi právní a vědecko-technické pomoc.
Výbor se zatím zabýval pěti žádostmi: Ruskem, Brazílií, Austrálií, Irskem a Novým Zélandem.
Zatím úspěch zaznamenali pouze poslední tři zmíněné země,“ dodává Mikulka.
Úspěch Austrálie, která byla první, která výrazně rozšířila své podmořské majetek, v poslední době zaznamenala globální odezvu.
Nový Zéland také získal území - rozsah mořského dna, který mu minulý týden přidělila komise, odpovídá 1,6 milionu čtverečních kilometrů, což představuje rozsah země vynásobenou šestkrát.
Obě země investovaly miliony dolarů do výzkumu.
Výhody, které budou v budoucnu využívat mořského dna, budou, jak se plánují, neocenitelné.
Postupně budou další země své žádosti předkládat.
Může to udělat do deseti let poté, co ratifikovala Montego Bay úmluvu.
Tam, kde končí kontinentální police, začíná oblast oceánského dna, vyhlášená úmluvou "společné dědictví lidstva".
Žádný stát již nemá exkluzivní postavení.
Právo na těžbu v této oblasti přiděluje mezinárodní instituce zřízená úmluvou.
"Nemýlíme se, mořské dno není Klondike," prohlásil Mikulka a uvedl, že "jeho oblasti jsou přesně jasně definovány a jejich režim zakotven ve smlouvě".
Češi v Tichomoří
Část mořského dna dnes patří i České republice.
Sdílí ho s ostatními státy bývalého bloku východních zemí v rámci společné organizace "Interoceanmetal".
Tato úmluva získala v roce 1991 podle úmluvy stejně jako investoři z několika jiných států status takzvaného „průkopnického investora“.
Má právo na těžbu v zóně ClarionClipperton v Tichém oceánu, která se nachází mezi Mexikem, Havajskými ostrovy a Kiribati.
Prospektovaná oblast investora mírně převyšuje plochu bývalého Československa.
Dno se tam pohybuje, je to nějaká podvodní replika Tatr.
"Je možné z něj vytěžit na rozsah o celkové ploše 75 000 km2.
Tato oblast představuje oblast bohatou na polymetalické betony obsahující nikl, měď, kobalt a mangan,“ uvádí Ind Pakshi Rajan, jiný právník.
Rober Sandev, makedonský zaměstnanec divize, přináší příklad takové konkrétní.
Připomíná malé brambory, nebo, s trochou představivosti, mýtický shoem, který podle legendy oživoval Golem.
Německé speciální síly byly na místě pro osvobození rukojmí
Egyptská vláda požádala Německo o pomoc při řešení rukojmí krize - přišli odborníci.
Když se situace stala vážnou, zvláštní jednotky byly připraveny, ale nikdy nepřijaly akci.
Stále více podrobností o okolnostech propuštění jedenácti evropských turistů unesených v Egyptě je odhaleno.
Podle informací ministerstva vnitra a obrany se na záchranné operaci nepřímo podílely i německé speciální síly.
Na místě propuštění byli tak odborníci federální armády, jakož i úředníci GSG 9, leteckého oddělení federální policie a federálního policejního úřadu, jakož i odborníci na logistiku technické pomoci.
Jak mluvčí ministerstva oznámil v pondělí večer, německé síly nakonec nebyly požadovány, protože rukojmí osvobodili své vězně a uprchli, když uznali, že silou bude propuštěno.
Egyptská vláda údajně přijala podporu, kterou Německo poskytlo k její integraci na místě jako podpůrná síla.
"Naštěstí se to dosud nestalo," uvedl mluvčí federálního ministerstva vnitra.
Útočníci unesli v jižním Egyptě pět Němců, pět Italů, jednoho Rumunce a osmi egyptských doprovodců.
Poté, co byli uneseni na poušti v jižním Egyptě, byli rukojmí převezeni do hraniční oblasti mezi Egyptem, Libyí, Súdánem a Čadem.
Totožnost rukojmí dosud zůstala nejasná, stejně jako podrobnosti o propuštění nebo možné výkupné.
Ti, kteří byli zachráněni, mezitím přišli do Káhiry bezpečně a zdravě.
Steinmeier uvedl, že propuštění rukojmí jsou pod ochranou německého velvyslanectví.
Nic neřekl o detailech propuštění.
V Berlíně v současné době nebyly poskytnuty žádné informace o datu jejich návratu do Německa.
Podle časopisu „Bild“ by pět dovolenáčů a speciálních sil mělo odletět na palubě letadla Airbus z letectva a přijet do Německa v úterý.
Sněmovna představitelů USA odmítla záchranný plán
První sněmovna amerického kongresu málo zklamala plán záchrany finančních trhů ve výši 700 miliard dolarů.
Dow Jones klesl do propasti.
Sněmovna představitelů USA 227 hlasy proti 206 odmítla záchranný plán vlády pro finanční trhy.
Navzdory všem výzvám prezidenta Spojených států George W. Bushe a politiků vedoucích obou stran, program, který měl ovlivnit chaos na finančních trzích, nedosáhl většiny.
V dramatickém manévru se strany zoufale snažily přesvědčit odpůrce oprávněného plánu 700 miliard dolarů.
Barney Frank, jeden z demokratických zástupců během debat, vyzval poslance k příznivému hlasování, i když plán je nepopulární.
"Je těžké získat politické uznání za vyhýbání se něčemu, co se ještě nestalo," uvedl.
V průběhu hlasování se Dow Jones snížil o více než šest procent, tedy o 600 bodů.
Důvodem bylo obavy investorů, že by se státní záchranný plán mohl zhoršit.
Vrátil se krátce před koncem hlasování a poté, po oznámení selhání, opět klesl.
Odborníci nyní předpokládají nové vážné turbulence na mezinárodních finančních trzích.
Aby program mohl vstoupit v platnost, je nezbytné schválení a sněmovny poslanců a senátu.
Organizátoři hlásí rostoucí počet rezervací
To by měla být dobrá zima pro německé cestovní kanceláře:
Pokud jde o rezervace na příští měsíce, podle jedné studie se obrat výrazně zvýšil ve srovnání s předchozím rokem - pro zimní sezónu, dokonce o více než 30 procent.
Navzdory slabým konjunkturálním vyhlídkám zůstává žízeň Němců po cestování nenasytná.
Pokud jde o rezervace pro zimní sezónu, cestovní kanceláře zaznamenali obrat o více než 31 procent ve srovnání se stejným obdobím předchozího roku, jak svěřila v pondělí v Berlíně Německá federace cestovních kanceláří (DRV).
Podle průzkumu Institutu pro výzkum trhu GfK již na podzim dominují rostoucí čísla rezervací.
V porovnání s rokem 2007 se prodeje zvýšily o zhruba 11 procent.
Zdrojem těchto výsledků jsou čísla GfK, která měsíčně analyzuje údaje o rezervacích 1200 cestovních kanceláří a odhaduje pro celkový trh.
Rezervace cesty provedené od konce srpna 2008 by měly být zaznamenány.
Vzhledem k nízké ceně dolaru by byly cesty do USA obzvláště poptávky, uvedla DRV.
Zvýšení rezervací bude asi jedna třetí strana.
Kromě toho by Španělsko, Turecko a <0xC5><0x98>ecko, stejně jako náš kraj, byly destinace, které Němci obzvláště hledají.
Zvláště organizované výlety jsou velmi poptávkové, vysvětluje prezident DRV Klaus Laepple.
Vzhledem k rostoucím cenám energie a potravin by zde náklady "byly pro zákazníka snadněji vypočítatelné než pro individuálně organizovanou cestu".
Spotřebitelé mohou mimo jiné ušetřit peníze prostřednictvím slev na předčasné rezervace nebo nabídek All Inclusive, vysvětlil Laepple.
Letní měsíce byly také vysoce drženy, takže bude opět zaznamenán nárůst prodejů ve srovnání s loňským rokem - i když podle jiné studie se počet Němců, kteří podnikli cestu, ve srovnání s předchozím rokem snížil.
Poprvé jsem byl na Pivském večírku
Ballermann nebo Apres-Ski hity v průběhu, pivo v litrových knoflících a celebrity v designérských tyrolských kostýmech.
Jedna událost na Pivském večírku.
Suzanne Kronzuckerová a já máme ve skutečnosti moc společného.
Ona je blondýnka, televizní hostitelka a nosí tyrolský kostým na míru.
Mám tmavé vlasy, jsem studentka a moje šaty jsou použité.
Ale jedna věc nás spojuje: sotva tři minuty na pivní večírek, a již na nás fotografové hodili a vyplnit svou paměťovou kartu - velmi pochlebný, a to při mé první návštěvě na pivní večírek.
Takhle si děláme přátele.
Zdá se, že levný tyrolský oblek dosáhl svého cíle.
Jako pivní turista a obvykle obyvatel severního rovníku Weißwurst, můj pocit pohody v tradičním obleku byl dosud omezený.
Ale jakmile na náměstí Terezie, všechno je o polovinu horší.
Každý nebo téměř nosí tyrolský oblek nebo kožené kalhoty; nikdo nevypadá rozdrcený nebo postižený - to je zcela normální.
Jen zástěra v mém tyrolském obleku sbírá pár bizarních očí na stánku banánů-šoků.
Jedna bavorská žena mi ukazuje, že bych si špatně připoutal přezůrku: "Vlevo znamená svobodné, uprostřed panny, vpravo vdova, zadní vdova."
V tuto chvíli se pomalu otáčím zezadu doleva.
"To je lepší," řekla a smála se.
Jiní si nedělají tolik škody za tyto jemné flirtovací techniky a nosí jednoduché filty, na nichž je napsáno "Příliš opilý, abyste se oblékli!" a vystavují nám jejich nahý zadní vlak, aniž byste byli pozváni.
Mladý muž s výstavním postojem se jmenuje Bob, přichází z Anglie a přichází na první na pivní večírek.
Zdá se mu, že je to skvělé, s ležetým "ooooo".
<0xC5><0x98>íká mi to všechno po tom, co se uvolnil od toho, co dříve pil.
Přímo vedle toho požárního úst, který si všichni myslí, že je odpadkový koš.
Bob je tedy jedním z těch smutně známých "divokých rybářů".
Jiní nemají šanci, aby se alkoholu zbavil tímto způsobem.
Kolem osmé hodiny večer na slavnostním náměstí běží záchranáři a musejí se postarat o chudé opilce.
Zdravotní sestry spíše zasahují do hromady - vždy po čtyřech, táhnou svou postýlku pokrytou stany v stanech.
Takhle to funguje pro většinu návštěvníků pivního večírku: jdeme prázdni, vrátíme se plni.
Ti, kteří leží v rakvi opilí pod plátnem, nejsou viditelní.
"Jsou to ti, kteří už nemohou nic spolknout," křičel mi jeden z záchranářů v odpovědi na mou otázku a pak zmizela do směsi.
Oběť nehody identifikovaná policií
63letá chodkyně, která zemřela v nemocnici po nárazu do auta, byla identifikována.
Carole Paulsonová z Chelmsford Road v Brentwoodu byla zapojena do páteční nehody v poledne ve městě na Shenfield Road.
Byla převezena do nemocnice Queen's Hospital v Romfordu, ale později zemřela.
Po nehodě byl 51letý muž zatčen kvůli podezření z nebezpečné jízdy.
Od té doby byl propuštěn na kauci.
Turecko rozšiřuje své diplomatické obzory.
Dlouho předtím, než Turecko přemýšlelo o přistoupení k Evropské unii, se evropské mocnosti těšily na vstup do své vlasti.
Na východní straně Bosforu, 20 kroků od Asii, se nachází jedna z nejtenčích relikvií jeho padající císařské ambice.
Vlakové nádraží v Hydarpasha bylo navrženo v novorenesančním stylu dvěma německými architekty, Otto Ritterem a Helmutem Conu.
Alespoň to nám říkají průvodci.
Památník je umístěn na koni na spodní straně plošiny s pozorovací věží z každého úhlu, stejně jako některé německé provinční radnice.
Kameny jsou špinavé.
Celá budova je zničená.
Ale jakmile se uvnitř bankovny obklopíme, už nemáme žádné pochybnosti o velikosti společnosti, která představuje přechod na západ.
Vlakové nádraží bylo otevřeno v srpnu 1908 německou společností Anatolia-Baghdad Corporation.
Německo, zpožděné ve hře imperialismu, chtělo dosáhnout svých středověkých ambicí vlády díky této železnici, která přijíždí do Damašku, Bagdádu a země známé jako Saúdská Arábie.
Německé imperialistické ambice se během první světové války zhroutily.
Jeho železnice byly napadeny Lawrencem z Arábie a jeho arabskými nepravidelci.
Relativní izolace jeho okolí, způsobená ledovými hranicemi studené války, je ukončena.
Britové a císařské síly postoupily mimo Egypt a vytlačily Tureky a jejich německé spojence z Palestiny a Sýrie.
Ale byla tam i špatná zpráva o nádraží Hyderpasha.
V roce 1917 vybuchl vlak naložený střelou, který zničil jeho jemnou střechu.
Turecké zdroje tvrdí, že jde o sabotáž.
Od té doby se pomalu zřítí a pohltí se v dějinách.
Dnes však železniční přechod do Anatolie a všech východních bodů slouží, aspoň symbolicky, k zdůraznění rozšíření diplomatických obzorů Turecka.
Vládnoucí strana spravedlnosti a rozvoje AKP vytvořila pro tuto zemi novou zahraniční politiku.
Relativní izolace jeho okolí, způsobená ledovými hranicemi studené války
Nyní je čas na novou politiku závazků.
Turecká vláda má pozoruhodné vztahy s Izraelem a Sýrií, palestinskými frakcemi Hamásu a Fatahu, Íránem a Irákem a samozřejmě s Evropskou unií a Spojenými státy.
K posouzení parametrů této nové zahraniční politiky jsem se vydal do lůžkového vozu směrem do tureckého hlavního města Ankary, abych navštívil turecké poslance AKP Suat Kiniklioglu, jeden z odborníků na zahraniční politiku.
Následujícího rána, po deseti a půlhodinové cestě, otřesené na hlučných kolejích, jejichž rychlost připomíná starý svět slavného dokumentárního filmu The Night Mail, jsem konečně přijel do tureckého hlavního města, které bylo představeno jako nové město nového století, otočené zády německou minulostí.
Ale AKP se svými známými islamistickými kořeny představuje příklad změny tureckého konsensu.
Podpořil západ, zejména ve Washingtonu.
Taxi mě doprovázelo do velitelství AKP, ultramoderní struktury, výslovně postavené z kamenů a oceli, v rozvíjející se čtvrti, obklopené půl postavenými nákupními středisky a mnoha pečivami, ve kterých se střední manažeři v oblecích - muži a ženy - setkávají pro ranní podniky.
Suat Kiniglioglu mohl být pravý politik z jakékoliv jiné strany v Evropě.
Oblek, kravata a dokonce má i Black Berry.
„Cílem této zahraniční politiky je nyní vrátit Turecko do svého okamžitého sousedství.
Studená válka byla anomálií," prohlásil.
Turecko bylo odříznuto ze své země.
Nyní se musí dívat na východ a západ současně.
To nebylo v případě jednoho a druhého.
Musela udělat obojí.
"Ale v určitém okamžiku jsem se zeptal, jestli by si Turecko nemělo vybrat?"
Turecko nechce, aby si mezi nimi vybralo.
Dále zdůraznil jeden aspekt, který mi téměř všichni, se kterými jsem mohl mluvit, řekli srdcem: Turecká železnice nejezdí pouze na Blízký východ, ale také na Kavkaz a kolem Černého moře, a proto je pro Evropu a Spojené státy stejně výhodou jako pro Turecko samotné.
S integrací Turecka se zdá, že poselství nakreslí Evropu, která metaforicky cestuje na kolejích do Asie a Blízkého východu.
Po návratu na vlakové nádraží v Hydarpaši, po další noci bez spánku, jsem přemýšlel o těch dvou Němcích, Herr Ritter a Herr Conu, kteří následovali stavbu této budovy před sto lety.
Byli by překvapeni, kdyby viděli, že evropské ambice na Blízkém východě mohou být do značné míry v rukou Turecka.
Zatímco jsem čekal na terminálu, na trajektu přes Bosfor, vzpomněl jsem si na období, kdy bylo Turecko nazváno "nemocným v Evropě".
Alespoň už není pochyb o kontinentu, který by mohl předstírat tuto fascinující zemi.
Vzpomínky na Vernona Handleyho a Williama Woodruffa.
Mark Brown píše: Hudební ředitel Guildford od roku 1962, Vermon "Tod" Handley (zemřel 11. září) byl vedoucím Guildford Philharmonic Orchestra and Choir.
Už jako součást svého hudebního projektu pro město založil příští rok fantastický sbor mládeže Proteus.
Sbor měl zahrnovat mladší 21 let, ale předtím, než Proteus mohl zpívat svou poslední písničku v roce 1979, mnoho z nás, kteří byli více než 20 let - odmítli opustit sbor.
Název "Proteus" (který se měnil podle mytologie) představoval vůli a schopnost sboru řídit jakýkoliv typ hudby, ať už je madrigal nebo mesiáš.
Hudební všestrannost produkovaná tak mladým sborem byla často působivá, vždy vzrušující, a to díky inspiraci jediného muže a jeho nadšení pro hudbu, která zůstala konstantní v průběhu let.
Vzpomeňte si, jak nám Tod opakoval, abychom nechali hudbu mluvit pro sebe.
<0xC5><0x98>ekl bych, že skladatel ví, co chce.
Všechno je tady, v hudbě.
Zpívejte!“
Jeho technika hůlky byla naprosto jasná, přesná, i když kdy diktátorská nebo objevující se.
Bez ohledu na hudební standard, vysoko.
John Frayn Turner napsal:
Kdyby řidič měl být jmenován rytířem, byl by to Vernon Handley.
Znal jsem ho v letech 1962 až 1982, když řídil Guildfordskou filharmonii.
Za posledních 40 let jsem viděla více než sto jeho koncertů a upřímně mohu říci, že žádný z nich mě nikdy nezklamal - a někdy mě dokonce inspirovali.
Tod Handley měl tak vzácnou kombinaci velikosti a osobní skromnosti.
Nenáviděl řidiče, kteří se podle něj „zaměřují pouze na některé lidi“.
Mnohým z nás bude chybět.
William Woodruff
Profesor John Beckett napsal:
Vaše nekrologie Williama Woodruffa (zemřel 25. září) uvádí, že "v roce 1946 pokračoval ve studiu ekonomické historie v Oxfordu a v roce 1950 se stal členem Houblon-Norma Research, zatímco absolvoval BSc, MA a PhD".
To je to, co vychází z dopisu autora Woodruffa v Beyond Nab End, ale to není správné.
V letech 1946 až 1953 byl profesorem hospodářské historie na Nottinghamské univerzitě a zároveň dokončil doktorskou práci o britském plastovém průmyslu pod dohledem profesora J.D. Chamberse; byla pak vydána v roce 1958 pod názvem The British Rubber Industry.
V 50. a 51. letech v USA studoval na Norman Hobble a v létě 1952 na univerzitách v Illinois, Harvardu a New Yorku.
V roce 1953 odešel z Nottinghamu do Illinois.
Důvod, proč se Woodruff rozhodl skrýt tuto část své minulosti, zůstává neznámý.
J. Vicente Resino na Filozofické fakultě
"Doporučuji výstavu José Vicente Resina "Flamenco a život", protože jeho černobílé fotografie, dokumentární styl, jsou fantastické.
Upozornily mě na svou jednoduchost a sílu, kterou předávají, a na to, že se k hlavním hráčům vždy zacházejí s velkou úctou.
Výstava, která vysílá spoustu citů.
Resino umí zachytit kouzelné okamžiky.
Druhý útok na super prodeje Hondy
V listopadu začne Honda uvádět na trh druhou generaci modelu Jazz.
Pokud byl jeho předchůdce již v dobrém bydlení, tento nový monovolumek má ještě větší vnitřní prostor.
K tomu doplní několik rafinovaných mechanik, které zvyšují komfort jízdy a šetří více benzínu.
Je to vývoj před revolucí.
Jedná se o druhou generaci vozu Honda Jazz.
Přestože nový Honda Jazz je velmi podobný předchozímu modelu, změny v tomto monovolumu jsou mnohé.
Mezi nimi je inovativní design, nová platforma, větší rozměry a nové motory.
Před zkoumáním nového modelu je však třeba zdůraznit, že nová Honda Jazz přichází šest let po uvedení první generace na trh.
Za prvé, Honda zrekonstruovala tento model v kratší době než ostatní výrobci.
Ačkoli v Evropě je Honda Jazz méně známý, tento model je fenomén prodeje na jiných trzích.
Honda Jazz byla nejprodávanějším vozem v Japonsku v roce 2002 a také v roce 2008.
Právě v Japonsku bylo od svého uvedení na trh prodáno téměř milion vozů Honda Jazz.
Starý kontinent s více než milionem prodaných vozů za šest let se nachází na druhém místě.
Honda však tvrdí, že nový Jazz mu umožní zvýšit své prodeje v Evropě.
Zatímco v roce 2007 japonská značka Honda Jazz prodala 83 000 vozů, v roce 2009 plánuje prodat 100 000 vozů, což představuje růst prodejů na evropském trhu o 17 %.
Na španělském trhu Honda od roku 2002 prodala 8 000 vozů Jazz, což představuje 6,7 % prodeje společnosti Honda ve Španělsku.
Španělská dceřiná společnost očekává, že za rok prodá 2000 jazzů.
Právě vydání nového Jazzu umožní Hondě do značné míry vyřešit pokles prodeje ve Španělsku.
Očekává se, že tento rok skončí prodejem 22 000 vozů, což je o 4 000 vozů méně než v roce 2007, což představuje pokles prodejů o 16 %.
V důsledku tohoto nárůstu prodeje Honda zvýšila svůj podíl na trhu ve Španělsku o 1,8 %, což je oproti loňskému roku 1,6 %.
Japonská značka také očekává, že v roce 2010 získá podíl na trhu ve výši 2 %.
Honda doufá, že získá tento podíl na trhu, až vyjde nový model.
Jedná se o Insight, pětidveřejný hybrid o kompaktní velikosti - 4,37 metrů v délce - na kterém japonská společnost doufá, že bude na trhu téměř 200 000 vozů ročně po celém světě.
V závislosti na trzích a podle odhadů japonského výrobce bude 50 % prodeje Insightu probíhat ve Spojených státech, zatímco zbývající polovinu bude rozdělena mezi Old Container a Japonsko.
Komerční zahájení Insightu je plánováno v průběhu prvních tří měsíců příštího roku, po jeho prezentaci veřejnosti v lednu v Valencii.
V porovnání s první generací, nový Jazz zvyšuje své rozměry.
Jeho délka dosahuje 3,90 metru (pět centimetrů navíc), šířka 1,69 metru (o dva centimetry navíc) a vzdálenost mezi osami je 2,50 metru, což představuje nárůst o pět centimetrů.
Na druhou stranu se výška nezmění ani 1,52 metru.
Zvyšují se rozměry a také vnitřní prostor.
Tento zisk je na jedné straně způsoben zavedením nové platformy a na straně druhé zavedením zásob benzínu v centrální poloze, řešení přijaté také pro Honda Jazz.
Stejně tak kapacita kufru - který má systém dvojího dna - může obsahovat až 399 litrů, což je o 19 litrů větší kapacita než kufru první generace.
Je třeba poznamenat, že tyto rozměry jsou stejné jako verze s motorem 1.4L, protože kapacita kufru Honda Jazz 1.2L je 379 litrů.
Další inovací - kromě vnějších prvků, jako jsou zadní světla nebo panoramatická střecha - je zlepšení přístupu ke zadním sedadlům.
Dveře, které poskytují přístup k zadním sedadlům, mají úhel otevírání 80 stupňů ve srovnání s zadními dveřmi prvního Jazza, které se otevírají pod úhlem 67 stupňů.
Motory jsou také nové v této druhé generaci jazzu.
Na začátku prodeje bude tento malý model vybaven dvěma benzínovými pohonnými jednotkami o objemu 1,2 a 1,4 litru.
Oba motory mají technologii i-VTEC, která snižuje spotřebu benzínu a emise CO2, což dělá motor výkonnější a zvyšuje otáčky motoru.
První 1,2-litrový motor vyvíjí výkon 90 koní při 6 000 ot/min a 114 Nm točivého momentu při 4900 ot/min.
Tento pohonník, který v předchozím jazzovém modelu dosáhl 78 koní, má spotřebu benzínu 5,3 litru na 100 km a emise CO2 125 gramů.
V porovnání s předchozím motorem, který v předchozí generaci dosáhl 83 koní, nyní dosahuje 100 koní.
Honda Jazz 1.4L s výkonem 100 koní má kombinovanou spotřebu 5,4 litru na 100 km a emise CO2 128 gramů.
Včelí auto, které zabraňuje srážkám
V zájmu rozvoje technologií pro předcházení nehodám se Nissan tentokrát inspiroval přírodou, zejména včelami.
Japonská společnost vytvořila robota, který napodobuje krádež včel a zabraňuje nehodám.
Nazývá se Bio-Mimetic Car Robot Drive nebo BR23C a představuje první kroky k technologiím předcházení kolizím.
Inženýři z Pokročilého technického centra Nissan Motor Co. vyrobili tento malý robot ve spolupráci s Centrem pro výzkum pokročilých věd a technologií na prestižní univerzitě v Tokiu v Japonsku.
Podle Kazuhira Doi, generálního ředitele pro vztahy s veřejností pro technologii a výzkum a vývoj řízení ochranných známek, představuje BR23C růst bezpečnostního štítu Nissan.
Tento robot umožní vozidlům značky předcházet srážkám.
Během letu vytváří každá včela svůj vlastní osobní prostor oválného tvaru, který se velmi podobá bezpečnostnímu štítu Nissan.
Ale nejdůležitější jsou oči složené z včely, schopné vidět z úhlu více než 300 stupňů a ve všech směrech, což jí umožňuje bez přerušení létat uvnitř svého vlastního osobního prostoru.
Pro obnovu této vizuální funkce inženýři vyvinuli takzvaný laserový lokalizátor (laserový vyhledávač rozsahu).
Detekuje překážky, které se nacházejí na vzdálenosti dvou metrů a v poloměru 180 stupňů, vypočítá vzdálenost k tomuto objektu a okamžitě vysílá signál mikroprocesoru, aby se zabránilo překážkám.
V okamžiku, kdy zjistí překážku, bude robot napodobovat pohyb včely a okamžitě změnit směr tím, že odbočí kola o 90 stupňů nebo více, aby se zabránilo kolizi.
Největší rozdíl oproti jakémukoliv jinému existujícímu systému je, že útěkový manévr je zcela instinktivní.
Kdyby tomu tak bylo, robot by nebyl schopen reagovat dostatečně rychle, aby se vyhnul překážkám, "vysvětluje Toshiyuki Andoh, ředitel Laboratoře pohybu a hlavní inženýr tohoto projektu.
Na rozdíl od včely nelze robota obrátit nahoru nebo dolů, ani diagonálně; může se pohybovat pouze ve dvou rozměrech a podle toho, co mu kola umožňují, a ne v nekonečných směrech, jako jsou včely.
Z tohoto důvodu Nissan použil funkci otáčení, ale také zrychlení a zpomalení, aby se malý robot mohl vyhnout překážkám.
„Každá sekunda tohoto zařízení musí zpracovávat pouze informace a jednat podle těchto údajů.
Nemusí uchovávat informace ani intuitivní logiku předchozích manévrů, proto může pracovat nepřetržitě s pouhými několika desítkami KB paměti.
To může být překvapivé, ale nemluvíme o gigabajtech paměti, ani o megabajtech.“
Toto je první cesta k vývoji nových technologií okamžitého předcházení srážkám, technologie, která bude zavedena do sériových automobilů během deseti let od Nissanu.
Robot pracuje s lithium-polymerními bateriemi, které jsou lehčí a trvají déle než lithium-iontové baterie.
Další možnou aplikací této technologie v budoucnu by mohlo být přizpůsobení tohoto zařízení satelitnímu navigačnímu systému GPS, aby vedlo řidiče k cíli a vyhnulo se překážkám na silnici.
Bojí se být hypoték
Je třeba uznat, že americký poklad kromě toho, že má hodně peněz na plánování, není bez géniů.
Tváří v tvář krizi a aby zabránili Američanům, aby se dostali do hypoték u solventnostních bank, vytvořili hru, aby se naučili, jak se nezbankrotovat: <0xE2><0x80><0x9A>Bad Credit Hotel‘.
To znamená "Hotel špatných kreditů" ... nebo příběhů.
Smutný vzhled tohoto ubytování a zejména hotelového majitele nás vede k přemýšlení několikrát, zda je vhodný čas požádat o půjčku.
A především, kde to udělat.
Je jisté, že tato hra poskytuje užitečné, ale nepodrobné informace.
Je to spíš hra jen pro dospívající.
Co dělat, když hra skončí?
Vzhledem k tomu, že se uvnitř hotelu objeví pokoj snů.
Je to lepší než nic, protože je nemyslitelné koupit si dům.
Morgan Stanley otevře svůj kapitál společnosti MUFG
Společnost Morgan Stanley oznámila, že první japonská banka Mitsubishi UFJ Financial Group (MUFG) vyplatí devět miliard dolarů na převzetí 21 % svého kapitálu, což je novinka, kterou vítá prudký pokles burzové ceny.
Týden po odhalení prozatímní dohody obě banky vysvětlily, že MUFG koupí 9,9 % obyčejných akcií Morgan Stanley za jednotnou cenu 25,25 dolarů, což je celková částka tří miliard dolarů.
Cena je o 19 % nižší než účetní hodnota cenných papírů k 31. srpnu.
Společnost MUFG investuje dalších šest miliard dolarů do získání konvertibilních cenných papírů s 10% návratností a konverzní cenou 31,25 dolarů.
Morgan Stanley uvedl, že celková transakce bude probíhat na základě průměrné jednotkové ceny ve výši 29 dolarů, což je o 28 % vyšší než současná cena.
Akcie Morgan Stanley však ztratily 6,79% na 23,07 dolarů kolem 17:00 GMT.
"Tato strategická aliance představuje důležitou příležitost k urychlení přechodu společnosti Morgan Stanley na status bankovního holdingu," vysvětlil americký generální ředitel skupiny John Mack.
Morgan Stanley minulý týden přijal nový statut, což by mu mělo umožnit diverzifikovat svou činnost, avšak převést jej pod kontrolu Federální rezervy.
Jeho spojenectví s MUFG rovněž potvrzuje, že současná finanční krize nutila největší jména na Wall Street, aby přijaly mnohem opatrnější postoj než dříve.
Podmínky předložené v pondělí navíc ukazují, že dohoda byla v posledních dnech změněna: minulý pondělí Morgan prostě oznámil, že prodá až 20 % svých akcií Japonsku za přibližně 8,5 miliardy dolarů.
"Před týdnem," vysvětlil Tokiu Toshihide Mizuno, výkonný ředitel MUFG, "mysleli jsme, že účast bude plně složena z běžných akcií.
Ale vzhledem k současné situaci v hospodářství a na trhu jsme se snažili minimalizovat rizika a chránit se.“
Na základě vážené průměrné ceny zaplatí společnost MUFG své cenné papíry Morgan Stanley o 7 % nižší než jejich účetní hodnota.
A tato operace bude mít za následek zředění asi 20% zisku na akcii.
Dohoda stanoví, že MUFG bude moci během jednoho roku převést polovinu svých preferenčních cenných papírů na běžné akcie, pokud se během daného období vymění o více než 50 % nad konverzní cenou, což je přibližně 47 dolarů.
Společnost Morgan Stanley ujišťuje, že kapitál poskytnutý společností MUFG jí umožní využít investiční příležitosti, posílit bilanci a zvýšit likviditu.
Mluvčí skupiny však odmítl dát podrobnosti o strategických plánech obou nových spojenců.
Po investici společnosti MUFG očekává Morgan Stanley, že bude mít poměr solventnosti Tier One přibližně 15%, což je jeden z nejlepších v odvětví.
Morgan uvedl, že od konce srpna „přiměřeně“ ulehčil svou bilanci.
Poslední týdny byly těžké pro skupinu, která viděla její cenu na burze tavit na polovinu, zatímco náklady na pojištění proti riziku selhání z jeho dluhu se snížily.
Náklady se v pondělí snížily, ale zůstaly na vysoké úrovni, přibližně o 12 %.
Minulý týden Goldman Sachs, jediný další přeživší z velkých investičních bank na Wall Streetu po bankrotu Bear Stearns a Lehman Brothers a koupi Merrill Lynch, oznámil, že získal 15 miliard dolarů, částečně od společnosti Berkshire Hathaway, skupiny Warren Buffett.
Rafael Correa v pondělí v Quito.
Založení republiky kolem socialismu 21. století.
To je společný projekt venezuelského Huga Cháveze, bolivijského Eva Moralese a ekvádorského Rafaela Correa.
V neděli, stejně jako jeho kolegové a přátelé, byl třetím, který předložil návrh nové ústavy.
Poslání bylo splněno, protože 64% voličů hlasovalo "ano" na referendu, podle oficiálních výsledků, které se týkaly 80% hlasů.
Podle těchto výsledků získalo "ne" 28 %, 7 % hlasů bylo nulové a 0,7 % bylo bělochů.
Aby byl návrh ústavy přijat, musel získat polovinu hlasů plus jeden.
Dva průzkumy provedené v neděli po odchodu z volebních kanceláří a výpočet nevládní organizace oznámily velké vítězství „ano“, které se pohybuje mezi 63 až 70 procenty.
Rafael Correa v noci od neděle do pondělí vyhlásil vítězství svého návrhu ústavy.
"Ustava zvítězila ohromně," uvedl a gratuloval Ekvádorům v sídle Guayaquilu, 280 kilometrů jihozápadně od Quita.
Rafael Correa byl samozřejmě pochválen Chávezem a Moralesem, ale také jeho chilský kolega Michelle Bachelet.
Volby, které se konaly v klidu podle pozorovací mise Organizace amerických států (OAS), se týkaly textu ve 444 bodech, který konsoliduje "nový socialismus", který brání prezident.
Návrh ústavy zasvěcuje státní moc nad hospodářstvím tím, že mu vyhrazuje „rozvojový plán“ země, která žije především z těžby ropy zahraničními společnostmi a měnami, které posílají její emigranti.
Zvolený Correa v roce 2006, návrh také poskytuje posílené pravomoci hlavě státu, který bude moci provádět až dva po sobě jdoucí mandáty po čtyři roky a bude mít možnost rozpuštění Shromáždění.
Correa již oznámil, že tuto moc použije a v únoru 2009 bude bojovat o nový mandát.
Ústava dále upevňuje zásadu bezplatnosti zdravotnických a vzdělávacích služeb, kterou prezident začal zavádět v této zemi 13,9 milionu obyvatel, kde 50% obyvatel žije pod prahem chudoby.
Nakonec stanoví zákaz přítomnosti zahraničních jednotek, což ukončí dohodu mezi Quito a Washingtonem o využití ekvádorské základny jako výchozího místa pro americké protidrogové operace.
V Čadu propuštěno 19 rukojmí
Egyptské velitelství zahájilo útok na únosce jedenácti turistů a jejich osmi doprovodu, kteří byli zajati před deseti dny.
Jsou v Káhiře.
Jedenáct evropských turistů a jejich osm egyptských doprovodů, kteří byli deset dní zadrženi na poušti, se v pondělí odpoledne vrátili do egyptského hlavního města.
Ráno byli propuštěni egyptským velitelem v Čadu.
Zdá se, že rukojmí přijeli kolem 15:30 na palubě speciálního letadla na vojenské základně al-Maza, která byla přistána na mezinárodním letišti v Káhiře.
Byli okamžitě převezeni, aniž by mohli mluvit s médii, na palubě vrtulníků do nemocnice Maadi, obytné předměstí Káhiry, aby podstoupili vyšetření.
"Jsou v dobrém zdraví a únoscům nebylo zaplaceno žádné výkupné," prohlásil egyptský ministr cestovního ruchu Zoheir Garanna.
Zajat 19. září na 4x4 safari na úpatí hory Uanat, na hranici Egypta, Súdánu a Libye, byla tato skupina rukojmí přemístěna 35 neznámými únosci z jednoho úkrytu do druhého.
Zahrnuje 11 turistů - pět Italů, pět Němců a jednoho Rumunského - a osm Egyptců: dva průvodci, čtyři řidiči, pohraniční stráž a ředitel agentury Aegyptous, organizátor safari.
Egyptský bezpečnostní úředník uvedl, že 30 členů speciálních sil na palubě dvou vrtulníků zahájilo útok v noci před úsvitem.
"Došlo k výměně střel a polovina únosců byla zabita, ostatní uprchli," řekl úředník, který požádal o anonymizaci.
Uvedl, že do Súdánu bylo celkem vysláno 150 členů egyptských speciálních jednotek "bleskových" jednotek, kde získali podporu německých a italských komandosů.
Šéf italské diplomacie Franco Frattini zmínil Bělehrad, kde se nachází, o úloze tajných agentů a členů italských speciálních sil.
"Musíme uznat, že jsme dosáhli tohoto výsledku díky profesionalismu a efektivitě našich mužů z tajných služeb, speciálních sil," uvedl.
Rovněž odmítl zaplatit výkupné.
Súdánská armáda den předtím tvrdila, že během hlídky zachytila vozidlo 4x4, na kterém byli únosci, zabila šest lidí, včetně českého vůdce, a zatkla dva.
Armáda tvrdila, že jsou spojeny s povstaleckou skupinou v Dárfúru, osvobozujícím hnutím Súdánské jednoty (SLA-U), což hnutí okamžitě popřelo.
Dopisy - Tichá většina kultury
Diskuse o financování kultury je v hlavních titulcích a zaujímá současnou volební kampaň.
To je fajn.
Jedna část našeho kulturního života zůstává vždycky zapomenuta.
Kdo vstane, aby odsoudil množství bídy přidělené malým muzeím, archivům, archeologickým vykopávkám nebo národním historickým místům, které hladoví?
Který politik se opovažuje připomenout federální vládě, že zanedbává své památky a dědictví?
Že v Quebecu, stejně jako v Kanadě, nemáme skutečné zákony, které by skutečně chránily naše dědictví?
Věděli jste, že francouzská vláda vynaložila tři a půl milionu eur na obnovu jediného zámku Chinon v údolí Loire?
U našich amerických sousedů je v ústavě jejich země napsáno, že ochrana dědictví je součástí kultury Američanů a že toto dědictví musí být chráněno všemi občany, všemi zvolenými poslanci a všemi vládními odděleními, a to společně.
V Quebecu, Federation des Sociétés d'Histoire du Québec, alespoň 40 000 dobrovolníků spojených do 211 společností historie, dědictví, archivů a genealogie se starají o prohledávání historie, zachování se třemi pod hromadami soukromých archivů a zachování archeologických pozůstatků.
Často jsou to oni strážní psi našeho dědictví, kteří protestují s energií zoufalství, když tvůrci a rozhodovatelé házejí své bulldoze na naše staré kameny a zapomenuté hřbitovy.
Kdy je tribuna pro historii a dědictví?
Vlády Beneluxu znárodnily část banky Fortis
Státy Beneluxu pomáhají belgické nizozemské bankě jako první evropské bankě, která se dostala do těžké situace v důsledku sněhové krize na úvěrovém trhu ve Spojených státech a částečně ji nacionalizují.
Belgická, lucemburská a nizozemská vláda se tento víkend dohodly na nejvyšší úrovni v této záležitosti, rovněž se obrátila na Evropskou centrální banku a na úředníka pro hospodářskou soutěž Evropské komise.
První velká krize v eurozóně v souvislosti s mezinárodní finanční krizí, která se rozšiřuje za více než rok, je pro banku Fortis. Z určitého pohledu budou rozhodnutí, která budou přijata v případě této banky, sloužit jako precedens.
V souladu s rozhodnutím přijatým v neděli v noci budou tři státy koupit téměř polovinu (49 %) kapitálu banky v každé ze zemí.
Banka bude bezpochyby prodávat část svých akcií, včetně především činností, především pojištění, které získala v loňském roce od nizozemské agentury ABN Amro.
Minulý týden se akcie Fortis začaly závratným poklesem. V druhé polovině týdne se již u banky odhalily vážné známky krize.
Analytici souhlasí s tím, že se svými 85 tisíci zaměstnanci je banka příliš velká na to, abychom ji nechali jít do bankrotu.
Pouze v pátek poklesly akcie společnosti o 12 procent, aby dosáhly nejnižší úrovně před 14 lety.
Od ledna se akcie snížily o více než dvě třetiny jejich hodnoty.
Vzhledem k současné hodnotě akcií se celková hodnota kapitálu skupiny pohybuje kolem 14 miliard EUR, což podle vedoucích představitelů společnosti není realistické.
Vedení společnosti obvinilo zámořskou nejistotu v souvislosti s přijetím amerického záchranného plánu ve výši 700 miliard dolarů, že je příčinou poklesu akcií Fortis.
V pondělí už se na papíře podařilo mírně zvýšit.
V pátek byl Filip Dierckx jmenován vedoucím banky jako nový generální ředitel.
Finanční organizace také hledala soukromé nakupující, ale zatím neobdržela žádný návrh ohledně věci.
Belgická vláda dříve oznámila, že investoři by se neměli obávat, že neztratí své peníze.
V kruhu klientů banky nebyla pocícena žádná panika a žádná agentura nebyla napadena.
V Maďarsku má společnost Fortis nezávislé agentury a také koupila leasingové společnosti.
Liška v slepice
V Americe životní a zdravotní pojišťovny často odmítají podepsat pojistnou smlouvu s uchazečem na základě informací o jeho nákupu léků.
Odborníci na ochranu informací se obávají, že trh s daty se stane nekontrolovatelným.
„Existují programy ochrany osobních údajů, které v každém případě souhlasí s použitím informací týkajících se předepisování léčivých přípravků.
Takový program musí být v nezávislých rukou, jinak je to jako svěřit slepice lisovi," připomněl Richard Dicket, tvůrce programu, který se používá k řízení předpisů na léky, Washington Post.
Pojišťovny závisí na pojistné prémii a pojištěném kapitálu v případě škody na zdravotním stavu klienta, který se objeví, a pokud se domnívají, že riziko je příliš velké, ani to nepojištění.
V minulosti posílali kandidáty na lékařské vyšetření a s nimi podepsali pojistnou smlouvu až poté, co se dozvěděli o výsledcích.
Za deset let nalezl Dick mnohem levnější postup: z identifikačního čísla se snadno poskytuje v lékárnách, údaje o nákupu léků osoby v uplynulých osmnácti měsících. Z toho program sám určuje, jaké onemocnění trpí osoba a jaký je její zdravotní stav.
Například, pokud tato osoba pravidelně nakupuje vysoké dávky redukčního cholesterolu, odkazuje to na extrémně vysokou hladinu tuku v krvi, což ji okamžitě dostane do vyšší kategorie rizika.
Několik verzí tohoto programu je v oběhu. Některé určují současně rizikový koeficient, takže pojišťovně nezbývá nic jiného než papírování. Nicméně stále se mohou objevit drobné problémy.
Mezi nevýhody tohoto programu patří skutečnost, že lék může být použit pro různé účely. Například některé směsi mohou být použity proti migréně nebo tepelným vřesům, ale mohou být také účinné proti depresi.
Pojišťovny to považují za zhoršující rizikový faktor, zatímco ostatní ne.
V oblasti výzkumu a analýzy dat se rozvíjely společnosti, které musí požádat pacienta o povolení, než shromažďují potřebné informace z lékárny.
Od nynějška jsou k tomu přinuceny orgány, i když nebyly potrestány za jejich porušení v minulosti.
V poslední době některé společnosti také zpracovávají výsledky laboratorních analýz a spojují je s údaji o užívání léků. Tímto způsobem jsou schopny poskytnout ještě přesnější portrét zdravotního stavu pacientů.
Stále více firem má přístup k datům a současně se řízení používání stává stále obtížnějším.
Existuje samostatný zákon o ochraně zdravotnických údajů, jeho působnost se však vztahuje pouze na lékaře a pojišťovny.
Kongres nyní předkládá návrh zákona o rozšíření kontrolního kruhu orgánů týkajících se společností, které se specializují na poskytování údajů.
Dick Richard uznává, že to nestačí, a proto ještě dále rozvinul svůj program, který by podmínil předávání údajů výlučným souhlasem subjektu údajů.
Je to další otázka, zda je dotčená osoba skutečně svobodná souhlasit, nebo ne, protože pokud odmítne, pojištění s ní nepodpisuje pojistnou smlouvu.
V konečném důsledku jsou slepice závislé na laskavosti lišky.
Globální menu Marseille
Evropská unie a Indie zdvojnásobí svůj obchod.
Vzhledem k tomu, že Evropská unie a Indie jsou mezi sebou velmi důležitými obchodními partnery, toto téma také dominovalo v pořadu jednání tohoto devátého summitu vedle dalších, z velké části globálních, problémů.
Dnes se také koná summit Francie-Indie, na němž se bude věnovat především spolupráci v oblasti jaderné energie.
Evropská unie uznává, že Indie je velkou rozvíjející se demokratickou mocností, které by v mezinárodních záležitostech mělo být dáno širší právo mluvit, ale členské státy se dosud nepodařilo dohodnout na podpoře Novém Dillí pro jeho kandidát na stálého člena Rady bezpečnosti OSN.
V tomto ohledu se včera na devátém summitu, který se konal v Marseille, příliš nezdrželi.
Francouzský prezident Nicolas Sarkozy, současný předseda Evropské unie, předseda Komise José Manuel Barroso a předseda diplomacie Javier Solana přivítali indického premiéra Manmohana Singha, se kterým se dohodli, že za pět let se obchod zvýší o dvakrát, což znamená nárůst o sto miliard eur.
Vzhledem k tomu, že mezi lety 2000 a 2007 vzrostl výměna zboží z 25 miliard na 55 miliard, nezdá se, že by to byl příliš ambiciózní cíl.
V tomto smyslu z právního hlediska harmonizovali 26 dvoustranných úmluv s Indií o civilních letech, aby se v budoucnu mohl rozvíjet i letecký obchod.
Indie by chtěla podepsat dohodu o volném obchodu s EU nejpozději do konce roku 2009.
Sarkozy slíbil, že urychlí jednání.
Cílem je vyrovnat situaci s Indií, která je na jedné straně největším obchodním partnerem EU, a na druhé straně s Novým Dillím, který se nachází na devátém místě mezi partnery EU.
Summit se zaměřil na globální záležitosti.
Situace v Afghánistánu a Pákistánu byla důrazně odsouzena, stejně jako všechny formy terorismu, a bylo zmíněno o naléhavosti pořádání konference OSN v této souvislosti.
Bylo také požádáno o dokončení obchodního cyklu z Dohy, i když oba mají významnou roli v současném neúspěchu.
EU potvrzuje, že zůstává věrná energetickému a klimatickému programu, zejména že by chtěla snížit své vypouštění toxických látek do roku 2020 alespoň o dvacet procent.
Indie také souhlasila s tímto problémem, stejně jako se skutečností, že na konferenci o klimatu v příštím roce je třeba uzavřít globální trh a snížit emise skleníkových plynů o padesát procent do roku 2050.
Chtěli by rovněž zabránit rostoucím cenám potravin a podpořili svolání mezinárodního pracovního zasedání pro přezkoumání finanční krize.
Indický šéf dnes navštěvuje francouzské hlavní město, kde se na dvoustranném setkání připravuje podepsat dohodu o mírovém využívání jaderné energie.
V Paříži se očekává, že francouzské společnosti obdrží objednávky v hodnotě 20 miliard eur na výstavbu indických atomových reaktorů.
Podle zpravodajské agentury by dohoda trvala 15 let.
Ve Frankfurtu více než 300 italských vydavatelů
Velká přítomnost italských vydavatelů na Mezinárodním výstavě knihy ve Frankfurtu.
Více než tři sta italských vydavatelů se zúčastnilo 60. vydání Buchmesse, nejdůležitějšího mezinárodního setkání v oblasti výměny práv.
Mezinárodní výstava knihy ve Frankfurtu čeká na toto vydání, více než 7 mil vystavovatelů z 101 různých zemí, které obsadí 171.790 metrů čtverečních výstavy s více než 403 mil výstavních titulů, a Turecko jako čestný host.
Podsekretář ministerstva statků a kulturních aktivit bude Francesco Maria Giro, který zastupuje italskou vládu na ceremoniálu otevření italského motýle: skutečně, Itálie bude přítomna institucionálně, s bodem Itálie - 264 metrů čtverečních výstavní plochy.
Za ní bude následovat setkání s novináři v Room Struktur, motýl 5.0 na veletrhu Book Fair: příležitost prezentovat čísla, trendy a perspektivy ohledně postavení vydavatelství v Itálii.
Podle údajů význam zahraničních autorských knih postupně klesá ve srovnání s celkovou italskou produkcí, a zejména ve srovnání s produkcí pro dospělé a děti.
Našli jsme letadlo Steve Fossett, miliardáře, který zmizel před rokem.
Zřícenina letadla miliardáře Stevea Fosseta, který zmizel 3. září 2007, když letěl po poušti Nevada, byla nalezena.
Odpady byly nalezeny na plošině 3000 metrů nadmořské výšky v oblasti Sierra Nevada v Mammonth Lakes, na hranici mezi Kalifornií a Nevadou.
Uvnitř letadla však žádné lidské zbytky.
Šerif z Madera County John Anderson odmítl zbývající pochybnosti: "Letoun byl lokalizován, poslali jsme tým a nyní máme potvrzení, že je to ten, na kterém Steve Fosset cestoval v den, kdy zmizel," řekl na tiskové konferenci.
Šerif uvedl, že žádné lidské zbytky nebyly nalezeny ani v letadle, ani v okolí.
V únoru byl 63letý miliardář považován za mrtvého.
Americký úřad pro bezpečnost dopravy (Ntsb) uvedl, že pár hodin po nalezení vraku vyslaný tým vyšetřovatelů identifikoval letadlo: to je Bellanca 8kcab, který zmizel 3. září 2007, když Fosset odletěl z Yeringtonu v Nevadě na tři hodiny letu.
Včera, stále v Kalifornii, nedaleko hranice Nevady, některé Fossetovy osobní věci byly nalezeny párem v okolí jejich bydlení v Mammoth Lakes.
Jsou to dva dokumenty s názvem Fosset, oba vydané Federálním leteckým úřadem Illinois, peníze a svetr.
Fossettovo hledání bylo přerušeno měsíc po jeho zmizení.
Miliardář si získal místo v historii díky dlouhé řadě rekordů.
V šestém pokusu se stal v roce 2002 prvním mužem, který dokončil cestu kolem světa na aerostatickém balónku: dva týdny samotného letu.
O tři roky později cestoval po celém světě letadlem a bez přístavů.
Mezi všechny ty rekordy, také ten, že letěl na výšce 15.445 metrů, na Andách, ale s kopilotem.
Glk, reklama, na kterou nečekáš.
Neobvyklý 4x4 s původním a jasně definovaným designem, s vyznačenými čáry, širokými povrchy a jasnými úhly.
To je, v souhrnu, Glk, poslední narozené z off-road "kompaktní" domu hvězdy, s nímž se Mercedes-Benz snažil dát nový vítr v tomto odvětví.
Právě díky svému nestandardnímu, neočekávanému a nekonvenčnímu obsahu bude komunikace, která bude doprovázet uvedení modelu 4x4 Glk, který bude dostupný v showroomech Mercedes-Benz od 17. října příštího roku.
Reklama, která bude doprovázet zahájení nového vozu, bude mít za následek novou komunikační metodu, prostřednictvím futuristické kampaně 3D displeje, která byla poprvé používána v Itálii automobilovou značkou.
Projekt maxi displeje, rozdělený do tří různých fází, která bude dominovat srdce milanského nákupu, Corso Como, až do 15. listopadu.
První fáze tohoto nového typu komunikace zahrnuje prezentaci auta v stereoskopickém vidění a díky speciálním brýlím distribuovaným v okolí Corso Como, bude možné vidět nový 4x4 v téměř reálném rozměru a ve třírozměrném formátu.
Budeme mít pocit, že když se podíváte na obrázek, auto vyjde z plakátu.
Díky využití inovativní technologie Elimina8 bude nový Glk osvětlen v plném detailu podle míst a pak se znovu objeví v jediném snímku.
Je zřejmé, že s touto reklamou se Mercedes snaží zavést něco nového do stereotypní oblasti řidičské komunikace.
Podaří se s tímto vzorcem vyvolat zájem budoucích nabyvatelů? Uvidíme dobře.
Zde jsou italští hooligáni.
Z Triveneto riskují Daspo.
Ale kdo jsou ti 150-200 chlapci a dívky, za které se Itálie stydí? Patří do skupiny "Ultra Itálie", která sleduje italský národní tým po celá léta a která dosud nikdy nevytvořila žádné velké problémy.
Nikdy se nenarazil na tyfosy.
Výtěžek ze skupiny je zprava.
Podporovatelé pocházejí z Triveneto.
Z Verony, Padovy, Trieste a Udine.
V Sofii se přidaly malé (malé ve skutečnosti) skupiny z Kampánie a Apulie.
Měli tříbarevné vlajky, na kterých se objevilo jejich původní město: v sobotu večer byli všichni uneseni, aby nebyli identifikováni.
Vycházejí z anglické tyfoserie.
V Bulharsku našli tyfoserii skutečných nacistů, tyfoserii Levského.
Figc měl k dispozici italské tifosi, 144 vstupenek na hru: všechny jmenovité, a proto snadno ovládatelné.
A Viminal je ve skutečnosti všechny kontroloval: mezi těmi, kteří odešli do Sofie, žádný z nich neměl v průběhu Daspo, žádný z nich nebyl zakázán navštěvovat stadion.
Čtyři italští tifosi, kteří měli historii zločinu na stadionu, neměli právo na jízdenku a nemohli se přestěhovat.
Nyní Viminal čeká na přečtení aktů, které přijdou od bulharské policie, a následně přijme opatření: v takovém případě by mohli být tyfosi zatčeni nebo identifikováni v nepořádku vyčistit Daspo po dobu alespoň pěti let.
Mezinárodní Daspo, který zakazuje navštěvovat italské, ale také evropské stadiony.
Stručně řečeno, naši hooligáni už nebudou na stadionu.
Naštěstí.
Ale nyní je čas strachu-emulace: to znamená, že další hrozí, že se přidají k prvním sto padesáti.
"Musíme okamžitě uhasit tento požár a nelegitimovat, kdo se tak chová," podpořil Viminal.
"Mějte oči otevřené především s ohledem na zápas národního týmu ve středu v Lecce"
V Apulii se nachází malé jádro podporovatelů Ultras Itálie.
Zítra se shromáždí observatoř, v úterý Casms, která se může spolehnout dokonce na část Aise, tedy tajné služby, které se zabývají právě problémy stadionu.
"Duce-Duce sbory a natažená ruka za Mameliho hymnu? V Bulharsku to není zločin."
Zde je názor (vyjádřený opravdu nepříjemným způsobem) Domenico Mazzilliho, nedávno ředitele observatoře Viminal (přijal pozici Francesca Taglienta a následně Felice Ferlizziho).
Mazzilli byl dříve prefektem v Trieste, kde sídlí jádro fanoušků skupiny Ultras Italy, která byla založena v roce 2002.
Je pravda, jak říká Mazzilli, že v Bulharsku půjčit Mussoliniho není zločin, ale je jisté, že chování těchto 150-200 tifóz bylo hanebné.
"Já nejsem sociolog - dodává č. 1 observatoře - zločiny musí být přiřazeny do země, ve které k tomu došlo.
Až doteď tato skupina zůstala v pravidlech, nyní uvidíme, co se stalo, a vyhodnotíme pro budoucnost.
Ale mluvme také o zpívání k Mameliho hymnu: i tyto nejsou zločiny, ale pokud mi dovolíte, nejsou zdvořilí.
