A jobb populista győzelem Ausztria, együtt 29 százalék
A jelenlegi nagy koalíció és a jobboldali populista pártok jelentős erősítése a vasárnapi előzetes parlamenti választások első eredményeként eredményezte.
Különösen súlyos veszteségekkel szenvedett az ausztriai néppárt (ÖVP), ahol a jelenlegi Wilhelm Molterer elnök pozícióját komolyan elnyomja.
Az osztrák szövetség jövőjének (BZÖ) választási vezetője, Jörg Haider, a korutáni katona, győzelemszerűen visszatér a nemzeti politikába.
Az előzetes eredmények szerint a szociális demokrácia (SPÖ) ország legerősebb pártja 29,8 százalékkal marad, a 2006-as legutóbbi választások ellen azonban 5,5 százalékkal veszti el a szavazatot.
Az ÖVP még rosszabb volt, ami a szavazatok közel 9 százalékát veszti el.
Ezek mindkét nagy fél legrosszabb eredménye az osztrák háború történelmében, és különösen azoknál az embereknél, akik korai választásokat indítottak, szó szerint katasztrófát eredményt.
Még július elején, amikor az ÖVP a koalícióból kiszállt, az embereknek a SPÖ előtti preferenciákban jelentős csökkenése volt.
A szavazók azonban nyilvánvalóan büntették őket arra, hogy megengedték a kormányt.
Az eredményekre adott első reakcióiban a párt elnöke és a jelenlegi alelnök Wilhelm Molter lemondásáról szóló spekulációt jelentettek.
A figyelmeztetők úgy ítélik meg, hogy ebben már hétfőn a fél elnökének rendkívüli ülésén történhet.
Az ilyen fejlődés nyilvánvalóan megkönnyíti az útját a választási eredmény egyre valószínűbb keleti kilépéshez, azaz a SPÖ és az ÖVP nagy koalíciójának helyreállításához.
Mivel mindkét jobb populista fél megerősítette - a szabad (FPÖ) 18 százalékát, a BZÖ pedig 11 százalékát - a szociális demokraták ugyanakkor a 1999-es ismétlődő aggályokat fejeztek ki, amikor az emberek megegyeztek a populistakkal (azóta még a FPÖ választás volt egy egységes, még akkor is, amikor a BZÖ-től 2005-től kezdet.
Ezen fejleményen nyilvánvalóan a Haider, aki már bejelentette, hogy készen áll bármilyen félrel együttműködni, és azt állítja, hogy visszatér Bécsbe a nemzeti politikába.
A Zöldek Pártyát is elvesztették, de az osztrák politikai pártok harmadik és ötödik részén eltűnt.
Nyilvánvaló, hogy egy másik fél sem haladta meg a négy százalékos határt, és a Parlamentben sem került sor.
Schwarzenberg: Az indiai kapcsolatok hűthetnek
Ha nem sikerült megoldani a cseh tudósok problémáját, akik Indiában vádolták a cseh-indiai külügyminiszter Karl Schwarzenberg illegális összegyűjtése miatt, a cseh-indiai kapcsolatok bizonyos hűtése történne.
A miniszter ezt New Yorkban jelentette, miután ma találkozott az indiai ellenfelével Pranáb Mukherdgem.
"Ha ez nem sikerült megoldani, akkor igen, akkor bizonyos hűtés következne be," megjegyezte a cseh kezdeményezésből tartott találkozó után.
A tárgyalások után Mukherdže azt mondta, hogy a bírósági ügyekben nagyon nehéz beavatkozást jelentenek.
Ugyanakkor kijelentette, hogy Péter Szváchy esetében, amelyen vádlott, és büntetéssel büntetett, a központi kormány a helyi kormánysal foglalkozhat Dárdžilinguban, amelynek joghatósága alá tartozik.
"A probléma megoldható" - mondta a miniszterelnök.
Három évig börtönben elítélt Emil Kucher számára Mukherdj szerint a legjobb lenne, ha magasabb bírósághoz fordulna.
Akkor kérheti elbocsátásra, és várhat a szabadságra, magyarázza.
Schwarzenberg megerősítette, hogy a partnere a tárgyalások során is kifejezte magát.
"Ajánlja a fellebbezést a magasabb bírósághoz, akkor lehetne szeretni" - mondta a cseh diplomáciai főnök.
Az egyetlen módja annak, hogy a cseh fél bejusson az egész ügybe, hogy a megítélt „kompetens jogi támogatást” nyújtson – mondta az indiai miniszter.
Ugyanakkor azt mondta, hogy az indiai párt már ilyen segítséget nyújt nekik.
„A legfontosabb érdeklődésünk az, hogy fenntartsuk az Indiával a legjobb kapcsolatot, amelynek hosszú hagyománya van.
Az indiaiak is elismerik” – mondta Schwarzenberg.
Ugyanakkor, ahogy a TKT mondta, a partnere előtt hangsúlyozza, hogy a Cseh Köztársaság a cseh entomológiai problémát nagy jelentőséggel bírja.
"Ezt a cseh tudósok sajnálására és sajnálására való mély hibát tekintünk" - mondta.
A válaszok a kérdésre, hogy az indiai fél ígéretet kapott-e az ügyek elvégzésére, a miniszter eltűnt.
"Én már eléggé ígéretet kaptam," csak megjegyezte.
Csehország ítéli a tengeri aljzatért való küzdelemt
Az Ausztrália és a közeli tengeri területek bemutatott elektronikus térképhez vezet.
Azonban nem érdekli a kontinenst, hanem egy kis, elveszett pontot a kék óceánban.
"A sziget Ausztrália, és vele együtt a közeli tengeri aljzathoz tartozik.
A terület nagy, mint a kontinens” – mondja Luigi Santosuosso olasz ügyvéd, aki az Egyesült Nemzetek Óceáni és Tengerjogi Főosztályának harminc tagjának tagja.
A főnöke, a részleg igazgatója, a cseh ügyvéd Václav Mikulka, figyeli a magyarázatot, és néha kiegészíti.
A kormány itt dolgozik és lelkesedik.
A tengeri aljzat még mindig kevés ismert világ elrejti a természeti erőforrások gazdagságát.
Itt megtalálható olaj, árnyék és más nem gyógyított nyersanyagok, de még nem ismert élő szervezetek is, akiknek kulcsa van a rák kialakulásához.
Nagyobb alsó, mint a festő
A tengerparti államok ma vehementesen kezdték az új tenger alatti területet.
Az ENSZ egyezménye szerint az 1982-ben Montego Bay-ban Jamaica-ban megállapodott jogaikat gyakorolják.
Ez elsősorban az úgynevezett kontinens-szelfu területe, amely gyakran néhány száz kilométerre távozik az adott ország partjától.
Az egyezmény szerint kizárólagos joga van a kontinens szeláf minden forrására.
"Egyszerűen a kontinens sefnek a tenger aljából és aljából van, amely a kontinens a tenger alatti természetes folytatása.
A tenger határain túl, gyakran kétszáz tengeri mérföldek határain túl, az úgynevezett kizárólagos gazdasági övezet” – magyarázza Mikulka.
Az ország által benyújtott kérelmet a kontinens szefa külső határainak meghatározására a Bizottsághoz kell benyújtani, számos költségvetési vizsgálaton és mérésen alapuló tudományos dokumentációval kell bemutatni.
A felkészülési munkák számos éve eredménye.
"Az egyik feladatunk a jogi és szakmai technikai segítségnyújtás a Bizottságnak.
A Bizottság mindössze öt kérelmet vitatott: Oroszország, Brazília, Ausztrália, Írország és Új-Zéland.
Mindössze három utoljára sikerült" - mondta Mikulka.
A világhirdetés a közelmúltban Ausztrália sikerét nyilvánította, amely elsőként jelentősen bővítette a tengerentúli államokat.
Új-Zéland is megkapta - a Bizottság által a múlt héten elismert tengeri földalatti terjedelmet - körülbelül 1,6 millió négyzetkilométer, vagyis hatszor nagyobb, mint az állam.
Mindkét ország millió dollárt befektettek a felmérésbe.
A jövőben a tengerfelhasználásból származó nyereség értékelhetetlen lesz, ahogy ígérnek.
A kérelmeket más államok fokozatosan benyújtja.
A Montego Bay egyezményének ratifikálását követően csak tíz évig is meg tudják tenni.
Ott, ahol véget ér a kontinens sef, kezdődik az óceáni aljzat területe, amelyet az emberiség közös örökségeként bejelentett egyezmény.
Itt már egyetlen állam sem rendelkezik egyedülálló helyzetben.
Ezen a területen a bányászati jog a nemzetközi intézmények által létrehozott egyezményt biztosít.
"A tenger alja azonban nincs Klondajk" - mondja Mikulka igazgató, hogy "az egyedi területek jogilag világos, és a rendszerük szerződéses szabályozása".
Csehország a Csendes-óceánban
Ma a tengeri nap része a Cseh Köztársaság is tartozik.
Az Interoceanmetal közös szervezetben a keleti blokk más államaival foglalkoznak róluk.
1991-ben az egyezmény, valamint néhány más ország befektetője, az úgynevezett "közvetlen befektetők" státuszát kapta.
A ClarionClipperton a Csendes-óceánban, Mexikó, Hawaii-szigetek és Kiribati között fekszik.
A befektetők megvizsgált területe egy kicsit nagyobb, mint a korábbi Csehország.
Az aljzat megosztott, ez egy bizonyos Tater-tenger alatti replikátor.
"Az összesen 75 000 négyzetkilométer terjedelmű területen használhatók.
A terület gazdag polimethikus konkrét nikkel, réz, kobalt és mangán” – mondta egy másik ügyvéd Ind Pakshi Rajan.
A macedóni részleg Rober Sandev egy ilyen konkrétséget mutat.
Emlékeztet egy kis papucsra, vagy egy kicsit fantáziában, egy csodálatos csomóra, amely a legenda szerint Golem ismételte.
A német speciális hadsereg egységei a kézikönyvek felszabadításakor
Az egyiptomi kormány megkérdezte, hogy segítséget kérjen a válság megoldásában a német vezetők – szakértők érkeztek.
Amikor a helyzet elvesztett, a különleges egységek készen álltak, de nem történt meg.
A nyilvánosságra fokozatosan további részleteket kapnak az Egyiptomban elfogyott európai turisták tizenegy felszabadításának körülményeiről.
A védelem és a belügyminisztérium adatai szerint a német különleges erők közvetett részt vettek.
A minisztériumok kijelentése szerint mind a szövetségi hadsereg szakértői, mind a német GSG9 terrorizmusellenes csoport tagjai, a szövetségi rendőrség, a szövetségi bűnözési hivatal és a Technisches Hilfswerk (Műszaki Segítségi Szolgálat) logisztikai szakértők voltak a szabadság helyén.
Mindkét minisztérium közleménye szerint hétfő délután a német erőknek nem volt szüksége, mert a foglyok elengedték a foglyukat, és elmenekültek, amikor felismerték az erőszakos felszabadítás jeleit.
Az egyiptomi kormány szerint a németország által nyújtott támogatást támogató erőként fogadta el a helyszíni cselekvésre.
Szerencsére nem történt - mondta az szövetségi belügyminisztérium egyik hangsúlyozója.
A támadók szeptember 19-én egy öt német, öt olasz, egy román, valamint nyolc egyiptomi vezetőjüket egyiptomi déli részén ütöttek be.
Az Egyiptom déli sivatagi területén elvesztették a határterületeket Egyiptom, Líbia, Súdán és Chad között.
A foglyok identitása az utolsó pillanatig egyértelmű maradt, valamint a kibocsátás vagy a váltságdíj lehetséges részletei.
Jelenleg Kairoban a megmentés rendben van.
Steinmeier miniszter szerint a német nagykövetség gondoskodik a szabadságról.
A kibocsátás részleteiről nem kifejezték.
Berlinben még nincsenek információk, amikor a megmentés visszatér Németországba.
A "Bild" folyóirat szerint az összes öt turistának különleges erővel is utaznia kell a német légitársaság egyike, és kedden Németországba érkeznie kell.
Az amerikai parlament képviselői elutasították a mentőcsomagot
Az amerikai kongresszus első szobája többnyire 700 milliárd dolláros pénzpiacok mentőcsomagolását hagyta el.
A Dow Jones Index erősen eltűnt.
206–227 szavazattal az amerikai parlament képviselői elutasították a pénzügyi piacok kormányzati mentőcsomagját.
Az amerikai elnök George W. Bush és mindkét fél vezető politikusának minden kihívása ellenére nem talált többségüket a pénzügyi piacok káoszának enyhítésére szolgáló programra.
A drámai cselekvésekkel szembeni védekesek kétségbeesésben megpróbálták meggyőzni a 700 milliárd dolláros csomag kritikát.
Barney Frank, a demokratikus tárgyalók egyike, felkérte a képviselőt, hogy szavazzanak, még akkor is, ha kifejezett, a terv nem népszerű.
"Nehéz politikai elismerést szerezni, hogy elkerüljük valamit, ami még nem történt meg."
Még a szavazás során a Dow Jones index több mint hat százalékkal, vagyis 600 ponttal csökkent.
A befektetők aggódtak arra, hogy az állami mentőcsomagolás eltűnhet.
Röviddel a szavazás végéig az index értéke emelkedett, hogy a csomag összeomlásáról szóló értesítést követően újra összeomlik.
A szakértők most a nemzetközi pénzügyi piacon további komoly turbulensekkel számítanak.
A program hatálybalépése érdekében a Parlament és a Szenátus képviselőinek jóváhagyása szükséges.
Az utazási ügynökök egyre növekvő foglalási számát jelentik
Úgy tűnik, hogy a tél jó lesz a német utazási vállalkozók számára:
Egy tanulmány szerint a következő hónapban lefoglalt túrák száma jelentősen növekedett, mint a múlt évben - még több mint 30 százalékkal a téli szezonban.
Annak ellenére, hogy a gazdasági növekedés gyenge, a németek ízletes utazása továbbra is nem csekély.
A téli szezonra történő foglalás során az utazási irodák 31 százalékkal növekedtek, mint a Németországi Utazási Szövetség (Deutscher Reiseverband, DRV) a tavalyi időszakhoz képest.
A GfK piackutatási intézet kutatása szerint az őszi hónapokra is a fenntartható foglalások növekvő száma rendelkezésre áll.
A DRV kifejezése szerint az árverés 2007 októberében körülbelül tizenegy százalékkal magasabb volt.
Ezeknek az eredményeknek az alapja a GfK számok, amelyek minden hónapban értékelik a 1200 német utazási iroda foglalási adatokat, és interpolálják őket a teljes piacon.
Ez az eredmény tartalmazza a 2008 augusztus végéig végzett utazási foglalásokat.
A dollár gyenge árfolyama miatt elsősorban az utazás az Egyesült Államokba, írta a DRV.
Ezekben az utazásokban a foglalás egyharmada növekszik.
Ezen túlmenően a németek különösen kívánt célkitűzések Spanyolország, Törökország és Görögország, valamint a hazai vizek.
Mindenekelőtt a szervezett utazások a kurzusban vannak, kijelentette Klaus Laepple DRV elnök.
Tekintettel az energia- és élelmiszerkiadások növekvő költségekre, itt az ügyfél számára „egyénileg szervezett ünnepeknél nem állapítható meg”.
A Laepple megmagyarázta, hogy a fogyasztók többek között megtakaríthatják a kedvezményt az időben foglalás vagy az összes-inkluzív ajánlatot.
Még a nyári hónapokban is nagyon jó volt a foglalások száma, így az előző évhez képest több forgalom lesz - bár egy másik tanulmány szerint a németek száma, akik valamilyen utazást végeztek, az előző évhez képest csökkent.
Az első Oktoberfest
Idősebb ismétlődő szövet, sört, sört, és a híres tervezők előnyben részesülnek.
Első alkalommal egy sört.
Susanne Kronzuckernek és énnek nincsenek semmi közünk ebben a dologban.
Ő egy szőke, televíziós moderátor, és békén visel egy csúszót.
Van egy sötét hajam, egy diák vagyok, és a ruhám a secondhand.
De egy dolog összeköti minket: még három percet sem vagyunk a sörben, és a fényképészek már eltűntek ránk, és a memóriakártyákat megtelik - ez az én csúnyaságom, mert az első alkalommal vagyok az Oktoberfesten.
Így lehet barátkozni.
Úgy tűnik, hogy az olcsó köre elérte a célját.
Itt vagyok, mint egy turista, északra élek a csavar egyensúlyától, így a kényelmetlen érzésem a körben elég korlátozott volt.
De miután megérkeztünk Theresienwiese-re, minden jobb, mint úgy tűnt.
Szinte mindenkinek van egy női kurva vagy bőrű nadrágja; senki nem néz kitévesztően vagy szörnyen érintett - minden teljesen normális.
A csokoládéban lévő banánban lévő különleges szemlélet csak az én tálcám.
Egy Mnichovna figyelmeztet, hogy rosszul fejeztem fel magamnak: "Szabad vagy, a szűz közepén, a jobb oldalon, a hát mögött."
A szárazföldön a bal oldalon.
"Oké," mondja, és mosolyog.
Egyéb finom flirtálási technikákkal nem foglalkoznak annyira, és a "To drunk to get dressed!" elnevezéssel egyszerű csövek vannak rajta, és a környező meztelen gerincre törnek ki.
Egy ilyen exhibicionista hajlamokkal rendelkező fiatalember neve Bob, Angliából érkezett, és az Oktoberfestben is az első alkalommal érkezett.
Úgy néz ki, mint "gorgeous", a hosszabb "ooh".
Ezt elmondja, miután lenyűgöztél egy italra.
Az egyik hidratáns mellett, amiről mindenki azt hiszi, hogy hulladékok.
Bob tehát az egyik félelmetes "Wildbiesler", ahogy Bavoriában a nyilvánosságban szabadon vizeletben lévő emberek mondják.
A többi szerencsét, hogy megszabaduljon ebben az esetben, nincs alkohol.
Körülbelül nyolc éjszaka futnak az Oktoberfest helyszínen, főleg az egészségügyi szakemberek, akiknek gondoskodniuk kell arról, hogy aggódjon az italról.
Az egészségügyi szakemberek mindig a szekrényekben jelennek meg - négyen a sátortól a sátorig befejeződött viselkedést hordoznak.
Úgy működnek, mint a legtöbb látogató sört: üres ott, teljesen vissza.
Ki lakik a promily-sziget alá, nem látható.
"Ez az emberek, akik már nem tudnak tovább," felhívja az egyik orvos válaszában a kérdésemre, és eltűnik.
A rendőrség kijelentette a baleset áldozata nevét
A 30 éves nő nevét közzétett, aki meghalt a kórházban, miután a kocsit megütötte Essexben.
A Shenfield Road-on, Brentwoodban pénteken délután Carole Paulson-t érintett a Chelmsford Road-on.
A Queen's kórházba költöztek, Romfordban, de később meghalt.
A baleset után letartóztatták egy tizenöt éves férfit, aki gyanúsította, hogy vezet.
Már kibocsátották a rendőrségi bíróságon.
A török diplomáciai horizontok bővülnek
Sokáig, mielőtt Törökország megkezdődött az Európai Unióba való csatlakozásra, az európai hatalmasságok a török határát mélyen behatolni kívánták.
A Bospor keleti partján, talán csak húsz lépést Ázsiában, az egyik legjobb emlékmű ez a sikertelen imperiális ambiciózus.
A Hydarpaša vasúti pályaudvart két német építész, Otto Ritter és Helmuth Conu tervezték a neorézenzációs központban.
Ezt a turisztikai útmutató fogja elmondani.
Az épület a lépcső végén ül, a torony minden sarkában, egy német tartományi polgármestertől való felismerésre nézve.
A kő üres.
Az egész épület lassan összeomlik.
De amint egy személy bejut a kincsebe, már nem kételkedik a cég méretéről, amelynek a legnyugatibb kapuja volt az állomás.
1908 augusztusában megnyitották a német konzorcium az Anatolia-Baggad Korporáció.
Németország, amely későn részt vett a birodalom játékába, a Közel-Keletet irányításra irányuló ambiciózusának a Damaszkuszba, Baghdadba és a mai Szaúd-Arábiába vezető vasút segítségével megvalósította.
De a német birodalmi ambiciózusok az első világháború alatt fordultak el.
A vonatok megtámadták a Lawrence-t, az arabokból, és az ő szabálytalan egységei.
Relatív szigetelés a környező területek, a fagyasztott határok a hidegháború, eltűnt
A brit és a kolóniai egységek Egyiptomból indultak, és a törökeket és német szövetségeseiket a Palesztinából és Szíriából kinyomták.
És a Hydarpaša állomáshoz rossz hírek is érkeztek.
1917-ben tönkretette a feldolgozott tetőt.
A török források azt mondják, hogy ez a saborázás.
Azóta fokozatosan csúszik, és a történelem körülvette.
Ma azonban ez a kapu Anatoliába, és a keletre - legalább szimbólumként - szolgál, hogy hangsúlyozzák a török diplomácia terjedelmeit.
Az igazságügyi és fejlesztési kormányzat - AKCS - egy teljesen új külpolitikát hozott létre az ország számára.
Relatív szigetelés a környező területekről, a fagyasztott határok a hidegháború, eltűnt.
Új politikát alkalmazunk - Törökország elkötelezett.
Csodálatos, hogy a török kormánynak jó kapcsolata van Izraelrel és Szíriával, Hamasz és Fatah palesztin csoportokkal, Irakgal és Iránnal, természetesen az Európai Unióval és az Egyesült Államokkal.
Az új politika paramétereinek felülvizsgálatához egy éjszakai vonattal ültem az Ankara török fővárosába, ahol találkoztam az egyik vezető AKCS külpolitika szakértőjével, a török képviselője, Suatem Kinikliog.
A következő reggel - körülbelül tíz és fél óra múlva - a vasúti vezetés után, amely emlékeztetett az ősi világ ritmusai a híres Posta dokumentum, érkeztem a török metropoliszba, amelyet új városként terveztek a szkulárdi államnak, amely az otoman múltját meg akarja fordulni.
Azonban az AKCS és a jól ismert iszlám gyökerei a török konsensus paradigmájának előmozdítását jelenti.
Nyugat-nyugatban gyanúsított, főleg Washingtonban.
A taxi vezetett az AKCS fősátorához, az ultramodern kő és fém épülethez, szándékosan egy fejlődő önkormányzatban, körülbelül felszerelt üzleti házak és kereskedők, ahol a központi vezetők a kereskedelmi ruházatban - férfiak és nők - találkoznak, hogy sebesüljenek.
Suat Kiniklioglu nyugodtan lehetne a közel minden más európai politikai párt középpolitikája.
Sako, cravata, biztos vagyok benne, hogy Blackberry-nek is volt.
„A párt külpolitikájának célja, hogy Törökországot a legközelebbi környékébe újraintegrálja.
A szörnyű háború anomália volt” – mondta.
Törökországot levágták a határait.
Ma meg kell nézni a keletről és a nyugatra.
Nem volt választás.
Mindketten meg kellett tennie.
"De biztosan eljött a pillanat," kérdeztem, "mikor lehet, hogy Törökországnak meg kell dönteni?"
"Törökország," mondta, "nem akartad, hogy ilyen döntést megtörténjen."
Ezt követően hangsúlyozza, hogy majdnem mindenki, akivel itt beszéltem, emlékeztetnek arra, hogy a török kapcsolatok nemcsak a Közel-Kelettel, hanem a Kavkazzal és a Fekete-tenger környékén is ugyanolyanok, mint Európának és az Egyesült Államoknak, mint Törökországnak.
Törökországgal a fedélzeten úgy tűnik, hogy az egész Európát metaforikusan meg tudjuk utazni ezeken a vasútokban kelet-Ázsiába és a Közel-Keletre.
Visszatérve a Hydarpasz állomásra, egy másik nagy éjszakát követően, azt gondoltam, hogy a két német Mr. Ritter és Mr. Con, akik száz évvel ezelőtt nézték meg, hogyan épült ez az épület.
Milyen meglepetésnek lennének, ha megtudnák, hogy a Közel-Keleten lévő európai ambiciózumok most a török kezében lehetnek.
És amikor a kikötőben vártam, hogy visszatérjek Bosporon keresztül, emlékeztettem arra, hogy Törökországot abban az időben "Európa beteg embernek" nevezték.
Úgy tűnik, hogy legalább akkor nem volt sok kétség, melyik kontinensnek van joguk ebben a lenyűgöző országban.
Emlékezetes életek: Vernon Handley és William Woodruff
Mark Brown írja: A guildfordi zenei vezetőként 1962 óta Vernon "Tod" Handley (nekrológus, szeptember 11.) gondoskodott a Guildfordi filarmonikus orchestra és a gyülekezet.
A körzeti zenei terv részeként egy évtizedet alapított a fiatalok Proteus kiváló gyülekezetére.
21 évesnek kellett volna lennie, de amikor Proteus 1979-ben énekelt utoljára, néhányunk majdnem 30 volt - egyszerűen elutasítottuk a gyülekezetet.
A név "Proteus" (a formák mitológiai átalakítója) a gyülekezet készsége és képessége volt arra, hogy bármilyen zenébe juttatták - akár a madrigaly, akár a Messiaen, függetlenül, akár az egész orchestrel.
Az ilyen fiatal gyülekezet által létrehozott zenei adaptáció gyakran meglepő, mindig izgalmas volt, és mindez az egyetlen ember inspirációjának és izgalmasságának köszönhetően, amely teljesen változhatatlan maradt az egész időben.
Mennyire gyakran csak Tod mondta nekünk, hogy "hagyjuk a zenét magunkért beszélni."
Azt mondta: "Az alapító tudja, mit akar.
Ez az egész a zene.
Akkor énekelj! "
A taktikai technikája teljesen egyértelmű és pontos volt, de nem volt diktátor, sem május.
Bárhol is volt a zenei szabvány, mindig is felvette.
John Frayn Turner:
Ha egy vezetőnek a lovasra kellett volna kötnie, akkor Vernon Handley volt.
Két évtizedben jól ismertem, amikor 1962-ben 1982-ig Guildford filarómiai vezetője volt.
Az elmúlt 40 évben több mint 100 koncertét vizsgáltam, és őszintén mondhatom, hogy soha nem voltam csalódott - és sokszor inspirált.
Tod Handleynek nagyszerű kombinációja volt a méret és a személyi középpont.
Utálta a vezetőket, akik szerint egyszerűen "egy vagy két középső ködt a világon".
Sokan fognak hiányozni.
William Woodruff
John Beckett professzor írja:
A nekrológus William Woodruff (szeptember 25-én) azt állítja, hogy " 1946-ban visszatért a gazdasági történelemre Oxfordban, és 1950-ben a Houblon-Norman kutatóvá vált... és egyidejűleg tanulmányozta a BSc, MA és PhD".
Ez a Woodruffok szerzői megjegyzései a Beyond Nab End-ben, de ez nem pontos.
1946-tól 1953-ig oktatta a gazdasági történelmet a Nottingham Egyetemben, és abban az időben végzett egy brit gumipar vezetője J. D. Chambers professzora, majd 1958-ban kiadta azt a brit gumipar publikációjaként.
Valójában 1950-51-ben töltötte Amerikában, mint kutató a Houblon-Norman, és 1952 nyáron Illinois, Harvard és New York Egyetem.
1953-ben végül elhagyott Nottingham-t, és elment Illinois-ba.
Nem tudjuk, hogy Woodruff miért lépett át ezt a karrierjét.
J. Vicente Resino Filozófiai Kar
"Ajánlom José Vicente Resina "Flamenco és az élet" kiállítását, mert dokumentáris fekete-fehér fotója csodálatos.
Az egyszerűség és a látogatók erőteljes írása, valamint a fotósokkal való tiszteletben tartása.
Egy kiállítás, amely sok másságot mutat.
Resino képes elkapni a mágikus pillanatokat.”
Honda másodszor megtámadta bestsellerjét
A Honda novemberében a második generációs Jazz modell értékesítését indítja.
Ha ez az egyterületi jármű korábbiának már jelentős területe van, most még nagyobb belső tért kínál.
Ehhez a fejlett motorok csatlakoztathatók, amelyek növelik a vezetés kényelmét és lehetővé teszik a nagyobb üzemanyagmegtakarítást.
Az evolúció inkább, mint a forradalom.
Ez a második generációs Hondy Jazz.
Bár esztétikai szempontból az új Jazzu vonalak nagyon hasonlítanak a korábbi modellhez, ebben az egyterületes autóban sok változás történt.
Meg kell említeni például az innovatív tervezést, az új platformot, a nagyobb méreteket és az új motorokat.
Mielőtt megvizsgáljuk az új modellt, meg kell jegyezni, hogy az új Jazz hat évvel az első generáció bevezetését követően piacra jön.
Ezért az első dolog, amit megjegyezhetünk, az a tény, hogy a Hondanak rövidebb időszakra van szüksége ennek a modellnek az újítása érdekében, mint más gyártók.
Bár Európában a Jazz kevésbé ismert modell, más piacon megjelent jelenség értékesítése.
Így van Japán, ahol a Jazz 2002-ben a leginkább értékesített autó, és 2008-ban is.
Pontosan Japánban a Hondy Jazz forgalomba hozatala óta közel egymillió díjat értékesítettek.
A második piac egy régi kontinens lett, amely körülbelül félmillió alkatrészt értékesített hat éven belül.
A Honda azonban célja, hogy az új Jazz növeljék az értékesítést kategóriában.
Ebben az esetben 2007-ben ez a japán cég eladta a Hondy Jazz összesen 83 000 darabját, 2009-ben becslések szerint 100 000 autót, ami 17 %-kal növekszik az európai piacon.
A spanyol piac tekintetében a Honda 2002 óta összesen 8000 Jazz-modellt értékesített, ami a spanyolországi Hondának összes értékesítése 6,7 százalékát jelenti.
A Jazzu új generációjával kapcsolatban a spanyol vezetőség évente 2 000 darab értékesítését várja.
Az új Jazzu érkezésével Hondának jelentősen enyhíti az értékesítést Spanyolországban.
A gépjárművezetés tehát de facto várja, hogy az év teljes száma 22 000 értékesítés, ami 2007-ben kevesebb, mint 4 000, és 16 %-kal csökkenjen.
A Honda az értékesítési növekedés ellenére 1,8%-kal növelte a spanyol piaci részesedését, mint tavaly 1,6%-kal.
2010-ben a japán cég várja, hogy 2 %-ot érjen el.
Ahhoz, hogy a Honda elérje ezt a részvényt, a következő új modell sikerét támaszkodik.
Ez a Honda Insight, egy 4,37 méter hosszú, kompakt, öt ajtós hibrid, amelyből a japán vállalat évente körülbelül 200.000 rész globális értékesítését ígéri.
A piacok tekintetében a japán gyártó becslések szerint az Insight 50 %-át az Egyesült Államokban értékesítjük, míg a maradék százalékát a régi kontinens és Japán osztja meg.
A Hondy Insight értékesítése a következő év első hónapja várható, miután januárban megjelenik a nyilvánosságra.
Az első generációhoz képest az új Jazzu minden dimenziót növekedett.
Hosszúsága legfeljebb 3,9 méterre (öt centiméternél több), 1,69 méterre (két centiméternél több) és 2,5 méterre történő fordulás, amely öt centiméterrel meghosszabbítást jelent.
Ezzel szemben a magasság nem változott, és továbbra is 1,52 méter.
A méret növelése a belső tér is megnövekedett.
Ez az előnye egyenlőtlenül az új platform használatával, egyenlőtlenül a korábbi Hondy Jazz-korban használt üzemanyagtartályok közepén tárolásával is elérte.
Ezenkívül a poggyászterem - amelynek kettős alrendszere - legfeljebb 399 literre nőtt, 19 literrel több, mint a poggyászterem az első generációban.
Meg kell jegyezni, hogy ezek a dimenziók a 1.4-es motor verzióban fordulnak elő, mivel a Hondy Jazz 1.2-es csomagtér volumene 379 liter.
A külső elemeket illetően, mint például a hátsó LED-es fények, vagy a panorámás tetővel felszerelt berendezések lehetősége, könnyebbé teszi a hátsó ülésekhez való hozzáférést.
A második sorozatba vezető ajtó 80 fokos megnyitását lehetővé teszi az első Jazz modell 67 fokos megnyitását.
A második generációs Hondy Jazzben is új motorok vannak.
Kezdetben ez a kis modell két 1,2 és 1,4 liter benzinmotorral szolgál.
Mindkét motor használja az i-VTEC technológiát, amely alacsonyabb fogyasztás, a szén-dioxid-kibocsátás lehetővé teszi, és egyúttal nagy fordulatszámú, teljes fordulatszámú motorok kiváló javulást nyújt.
Az első 1,2 liter volumenű motor 90 ló hatalmával 6 000 fordulattal rendelkezik, amelynek maximális fordulatpontja 114 Nm 4 900 fordulattal van.
Ez a motor, amely a Jazz 78 lókocsi korábbi generációjában 5,3 liter fogyasztása és 125 gramm CO2 kibocsátása.
A korábbi motorhoz képest, amely a korábbi generációban 83 lova elérte, most már 100-re lesz.
A Honda Jazz 1.4 100 ló teljesítményével 5,4 liter kombinált fogyasztása és 128 gramm CO2 kibocsátása.
A méh autója megakadályozza a csapdákat
A Nissan ezúttal a természetben, különösen a méhekben, inspirálta a balesetek elleni védelemű technológiák fejlesztését.
Ez a japán cég létrehozott egy robotot, amely a méhek repülésének mintáját veszi, ezáltal megakadályozza a csapásokat.
Az ilyen Bio-mimetic Car Robot Drive vagy BR23C, amely az első lépés a csapadék-megelőzési technológiákban.
A Nissan Motor Co., Ltd. műszaki fejlődési központ mérnökei fejlesztettek ki a tudományos-technológiai kutatási központtal együttműködve a híres japán Tokiói Egyetemben.
Kazuhira Doie, a technológiai, kutatási és fejlesztési közkapcsolatok főigazgatója szerint a BR23C a Nissan négy biztonsági védjegyének bővítéseként jelenik meg.
A robot célja, hogy erősítse a csapdák megelőzését a márka járművekben.
A repülés során minden méh saját saját, ovariás formát hoz létre, amely nagyon hasonlít a Nissan biztonsági védőlaphoz.
A legfontosabb azonban a méhek összetett szemei, amelyek képesek látni a több mint 300 fokos szögben minden irányban, ami lehetővé teszi a méhek számára, hogy repüljenek a személyi térben állandóan.
A vizuális funkció létrehozásakor a mérnökök azt tervezték, amit a Laser Range Findernek neveztek.
A BR23C előtt 180 fokos méteren belül található akadályokat nyilvánít meg, kiszámítja az adott objektum távolságát, és kiküldi a jelet a korábbi mikroprocesszornak, amely azonnal a korábbi figyelmeztetésre vezet.
"Amikor egy akadályt tapasztalnak, a robot a méhek mozgását képvisel, és azonnal a kerékpározás irányát a jobb vagy még nagyobb szögbe változtatja, hogy megakadályozzák a csapást.
A legnagyobb különbség bármilyen meglévő rendszerhez képest az, hogy az összes szörnyű manőver teljesen instinktív.
Ha ez nem lenne így, a robot nem tudna reagálni elég gyorsan, hogy elkerüljék az akadályokat” – magyarázza Toshiyuki Andoh, a mobil laboratórium igazgatója és a projekt főmérnöke.
A méhek ellentétben a robot nem mozoghat felfelé és lefelé sem diagonálisan, mozgása csak két dimenzióra és irányra korlátozódik, amely lehetővé teszi a kerék forgatását, de nem a végtelen számú irányban és lehetőségek, mint a méhek.
Ezért a Nissan felgyorsítás és lassítás mellett használta a rotációs funkciót, hogy megakadályozzák az esőt.
"A készüléknek csak néhány másodpercenként kell feldolgoznia az információkat, és ezek szerint fenntartható.
Nem igényel információt vagy logikus intuíciót a korábbi manőverekből, ami lehetővé teszi, hogy csak két tucat kB memória nélkül működjön.
Lehet, hogy meglepő, de a memóriában nem beszélünk sem a gigáról, sem a megaról."
Ez az első lépés az új technológiák fejlesztése azonnali megelőzése a csapdák, technológiák, amelyekben a Nissan előrelátja, hogy a sorozat autók használatát tíz év alatt.
A robot litium polimer akkumulátorokat használ, amelyek könnyebbek és hosszú távúak, mint a litium-ion.
Egy másik lehetséges jövőbeli használata a GPS műholdas navigációs rendszerbe történő beépítése, amely a járművezetőket célba vezethet, és ezzel elkerülve az utazási akadályokat.
Élvezze a félelmet, mielőtt elveszi a hipotékot
El kell ismerni, hogy az amerikai Pénzügyi Minisztérium, kivéve, hogy elegendő tőke van az injekciók elosztására, nem hiányzik sem találmány.
A válság szempontjából, és hogy megakadályozza, hogy az amerikaiak válasszanak kockázati hipotekákat a kétségbeeséssel rendelkező bankoknál, az interneten egy népszerű tudományos játékot hoztak létre a "Bad Credit Hotel".
Nem a rossz hitelhotel, nem a szállodák.
A szállodát és különösen a recepciója felhősnek tűnik, hogy egyszer, kétszer és háromszor gondolkodjon arra, hogy a hitel kérés ideje.
És elsősorban hol kérni, ami valószínűleg a szándéka.
A tény, hogy a játék hasznos információkat tartalmaz, még akkor is, ha nem túl részletes.
Ez egy olyan oldal, amely a fiatalok számára alkalmas, mint az egész nyilvánosság számára.
És mi lesz, ha a játék vége?
A szálloda álmok szobája található.
Legalább valamit, mert inkább nem beszélek a ház megvásárlásáról...
Morgan Stanley megnyitja MUFG tőkéjét
Morgan Stanley bejelentette, hogy a Mitsubishi UFJ Financial Group (MUFG), a legnagyobb japán bank, amely kilenc milliárd dollárt bocsát ki a tőke 21 %-át. A jelentés elfogadása jelentős csökkenést kötött a tőzsdén.
Egy héttel azelőtt, hogy az előzetes megállapodást nyilvánították, mindkét bank magyarázza, hogy a MUFG a Morgan Stanley részvényeinek 9,9%-át 25,25 dolláros egységes áron akarja megvásárolni, ami hárommilliárd dolláros összösszegű bevételt jelent.
Az összefoglalt ár 19 %-kal augusztus 31-én levő értékpapírok számviteli értékétől.
A MUFG további hat milliárd dollárt befektet a konverziós értékpapírok megszerzéséhez, amelyek 10%-os jövedelmet biztosítanak, és az ár 31,25 dollár.
Morgan Stanley kijelentette, hogy az egész műveletet 29 dolláros átlagos egységes ár alapján végezzük, vagyis 28 %-nál a jelenlegi árfolyam alatt.
A Morgan Stanley részvényei azonban 6,79 százalékot vesztettek el, és 23,07 dollárra kerültek a Greenwich-i idő 17:00-re.
"Ez a stratégiai összetétel fontos lehetőséget jelent az úton, hogy felgyorsítsák Morgan Stanley átmenetét a banki holdingra" - magyarázta John Mack, az amerikai csoport főigazgatója.
A múlt héten Morgan Stanley elfogadta az új szabályzatot, ami lehetővé teszi, hogy megkülönböztesse tevékenységét, ugyanakkor a Szövetségi Reserve Bank felügyelete alatt áll.
Az MUFG-vel való összekapcsolása azt is megerősíti, hogy a jelenlegi pénzügyi válság a Wall Street legnagyobb részvényét sokkal óvatosabb megközelítésre kényszeríti, mint korábban.
A hétfőn bemutatott feltételek többek között azt mutatják, hogy a megállapodás az elmúlt néhány napban megváltozott: Morgan csak hétfőn bejelentette, hogy a japán részvényeinek 20%-át körülbelül 8,5 milliárd dollárért értékesíti.
"Még egy héttel ezelőtt azt gondoltuk," elmagyarázta Toshihide Mizuno, a MUFG igazgatója, hogy a részvételünk kizárólag a szokásos részvényekből áll.
Azonban a jelenlegi gazdaság és a piac helyzete miatt a kockázatok minimalizálása és a fedélzetet is meg akartuk tenni.”
Az átlagos ár alapján az MUFG a Morgan Stanley értékpapírokra 7 %-kal kevesebbet fizet, mint a számviteli érték.
A művelet pedig a részvényből származó nyereséget körülbelül 20 %-kal csökkenti.
A megállapodás azt feltételezi, hogy az MUFG egy éven belül a kedvezményezett értékpapírok felet a szokásos részvényekre átalakíthatja, ha az utóbbi kijelölteket egy bizonyos időszakban 50 %-kal meghaladó ár, azaz körülbelül 47 dolláros ár cseréjére cserélik.
Morgan Stanley biztosítja, hogy a MUFG-t hozó tőke lehetővé teszi neki, hogy kihasználja a beruházási lehetőségeket, erősítse a mérlegét, és növeli a készpénzt.
A beszélgető csoport azonban elutasította a két új szövetséges stratégiai projektjéről szóló részletes információkat.
A MUFG befektetése után Morgan Stanley a Tier One mintegy 15%-os fizetési képessége, azaz az iparág egyik legjobbja.
Morgan kijelentette, hogy augusztus végétől kezdve "élesztően" csökkentette az egyensúlyát.
Az elmúlt hetekben a csoport számára nehéz volt, mivel a tőzsdén a tőzsdén félre csökkent, míg az adóssággal összefüggő nem fizetendő biztosítási költségek erősen növekedtek.
Ezek a költségek hétfőn ellenkezőleg fejlődtek, de magas maradtak, körülbelül 12 %-kal.
A múlt héten Goldman Sachs bejelentette, hogy a Bear Stearns és Lehman Brothers bevásárlását követően a Wall Street nagy beruházási bankok egyike, és 15 milliárd dollárt választott ki, részben a Warrena Buffetta csoport Berkshire Hathawaytól.
Rafael Correa hétfőn Quitoban.
A 21. század szocializmus körüli Köztársaság újra létrehozása.
Ez a közös projekt a venezuelai Huga Chávez, a bolivi Eva Moralese és az ekvádor Rafael Correy.
Múlt vasárnap a harmadik kijelölt bemutatta az új alkotmány javaslatát az ellenfeleinek és barátok mintája szerint szavazni.
A szavazatok hivatalos eredményei szerint a szavazatok 64%-a megvalósította a népszavazásban „igen” szavazt.
Az eredmények szerint a "nem" 28 %-ot kapott, a szavazatok 7 %-át érvénytelen volt, és a szavazatok 0,7 %-át üres volt.
Az Alkotmány javaslatának elfogadásához a szavazatok fele és egy plusz egyet kellett kapnia.
Két felmérést a választási szobáktól keletben és a nem kormányzati szervezetek előrejelzése szerint vasárnap „igen” egyértelmű győzelmet jelentett, ami 63–70 %-os győzelmet jelentett.
Rafael Correa vasárnap este kérte, hogy győztes legyen az alkotmány-javaslatának.
"Az alkotmány győzött az egész vonalon" - mondta, és gratulálva az ekvádoroknak a Guayaquil kormányzó székhelyében, 280 kilométerre délnyugati Quittól.
Meg fogja érteni, hogy Rafael Correa köszöntött Chávez és Morales, de a chili ellenfél, Michelle Bachelet is.
Az amerikai államok szervezetének (OEA) megfigyelő küldetése szerinti szavazás a „új szocializmus” az elnök által hirdett 444 pontjaira vonatkozó szöveg volt.
Az Alkotmány javaslata az állam hatalmát szentelt a gazdaság felett azzal, hogy fenntartja az ország „fejlesztési tervet”, amely elsősorban külföldi vállalatok általi olajkibocsátásból és az általa küldött bevándorlók általi devizaból áll.
A 2006-ban választott Correa által védett javaslat szintén bővíti az államfő hatáskörét, amely képes lesz két négyéves megbízatást végrehajtani, és lehetősége lesz arra, hogy feloldja a parlamentet.
A Correa már bejelentette, hogy ezt a hatáskörét használja fel, és 2009 februárjában új megbízatást fog kapni.
Az Alkotmány többek között megerősíti az ingyenes egészségügyi és oktatási elvet, amelyet az elnök 13,9 millió lakossal kezdett bevezetni az országban, ahol a lakosság 50%-a a szegénység határa alatt él.
Végül az amerikai kábítószerellenes műveletek alapelhárításáról szóló Washington és Quit között létrejött megállapodás befejezése miatt a külföldi hadsereg jelenlétét is betiltja.
A Tchadban kiszabadították 19 rabszolgát
Az egyiptomi parancsnok támadása eltámadta tizenegy turistát és nyolcadik kíséretét, akiket tíz nappal ezelőtt letartóztattak.
Kairoban vannak.
Tizenegy európai turista és nyolc egyiptomi vezetője, akik tíz napig börtönben tartották a pusztában, hétfőn élve és szorosan átvitték Egyiptom fővárosába.
Az egyiptomi parancsnokság elszabadította a Czadban reggel.
15:30 körül repültek, nyilvánvalóan jó formában, egy speciális repülőgép hajóján, az al-Maza katonai bázisban, amely szorosan szomszéd a Kairoi nemzetközi repülőtéren.
Azonnal anélkül, hogy lehetőségük volt a sajtóban kifejezni a helikoptert a Madi kórházba, Kahirái határidős lakóterületét, hogy orvosi ellenőrzéseket végezzen.
"Teljesen gyógyultak" és "nem fizettek váltságdíjat az egyiptomi turizmusminiszter Zohejr Garran repülőtéren.
Szeptember 19-étől fogva a négy kerékpározó járműben, amely az Uanat-hegységen, Egyiptom, Súdán és Líbia határain van, egy csoport karcsúztotta az egyiktől a másikig 35 ismeretlen rabszolgát.
A csoport magában foglalja 11 turistát - öt olasz, öt német és egy román - és is nyolc egyiptomi: két vezető, négy vezető, egy határigazgató az Aegyptous ügynökség, a safari szervezői.
Egy egyiptomi biztonsági összetevők egyik vezetője azt jelzi, hogy az éjszaka előtt a két helikopter két különleges egység tagja közeledett a helyhez.
"Az lőttek felét megölték, és a többi menekültek" - mondta a forrás, aki névtelenségben akart maradni.
Azt jelzi, hogy összesen 150 egyiptomi különleges csapat tagja küldtek Sudániába, ahol a német és olasz csapatok támogatását kapták.
Franco Frattini, az olasz diplomácia főnöke, Belvárosból, ahol jelenleg található, megemlíti a titkos ügynökök és az olasz különleges erők összetevői szerepét.
"El kell ismernünk, hogy a titkos szolgálatunkban lévő emberek professzionális és hatékonyságú köszönhetően elértük ezt az eredményt" - mondta.
Azt is elutasította, hogy váltságdíjat fizetnek.
Az előző éjszaka a szudáni hadsereg bejelentette, hogy a őr alatt a négy kerékhajtó járművet tartóztatta meg, amelyen a fedélzeten a foglyok megölték hat embert, beleértve a cseh parancsot is, és kettőt letartóztattak.
A hadsereg azt állította, hogy a Darfuri felnőttek csoportja, a Szudán felszabadításának mozgása - Egység (SLA-U), amely azonnal elutasította a fenti mozgást.
Leírás - Nyugodt a legtöbb kulturális üdülőhely
A kulturális finanszírozásról szóló vita az ujjlenyomatos címekkel tölti ki oldalait, és a jelenlegi választási kampány témája.
Jobb időm.
A kulturális életünk egyik területe azonban még mindig elfelejtve van.
Ki emelkedik arra, hogy a kis múzeumok, archívumok, társadalomvilágítások és az éhes nemzeti emlékhelyek szegény összegeit megmossa?
Milyen politikusokat emlékeztet a szövetségi kormányra, hogy emlékeiket és történelmi épületeiket emlékeztetnek?
Hogy a Québec-ben, mint Kanadában, nincsenek olyan törvények, amelyek valóban megvédnék kulturális örökségünket?
Tudta, hogy a francia kormány három és félmillió eurót költötte a Chinon Castle helyreállítására a Loiry völgyben?
Az amerikai szomszédainknak az Alkotmány szerint a kulturális örökség védelme az amerikaiak kultúrájának részét képezik, és hogy ezt az örökséget minden polgárnak, a választott képviselőnek és a földrajzi szervezeteknek, együttműködve kell védeniük.
A Québec-i szövetségben, a Québec történelmi társaságoknál, legalább 40 000 önkéntes társul 211 társaságot törekszik a történelmi, emlékmű, archívum és genealógiával kapcsolatosan, a magántárgyok gyűjteményének megőrzésére és a társadalomtárgyok védelmére.
Gyakran ezek a cégek az emléktársaink őrködő kutyák, akik reménytelenül protestálnak, amikor a promóciósok és a vezetők kibocsátják a buldozorukat a régi kövekre és a elfelejtett temetőkre.
Mikor fogjuk végre elérni a történelem és emlékmányok  tribunáliát?
Benelux kormánya a Fortis bank részét képezi
A Benelux államai segítik a Fortis belga-holland bankát, amely Európában elsőként az amerikai hipotekás piaci válság terjedő hatásának, részleges lebonyolításával járt: három ország támogatja a pénz- és biztosítási intézményt, amelynek tőkerészvétele Magyarországban is egy milliárd euró.
Ebben a hétvégén a belga, luxemburgi és holland kormányok megegyeztek, hogy az Európai Központi Bank elnöke és az Európai Versenyügyi Bizottság részt vegyenek.
A Fortis Bank az első az euróövezetben, amely a nemzetközi pénzügyi piacok válsága során, amely több mint egy éve terjedt a hullámokban, nagy válságba került, és az ebben az ügyben hozott határozatok bizonyos szempontból előzetesnek tekinthetők.
A vasárnap éjjel megszületett határozat értelmében a három államnak a bank tulajdonának közel felét (49 százalékát) kell megvásárolnia.
A Bank teljesen biztosan értékesíti tőkerészvényeik részét, különösen az ABN Amro Holland Bank által tavaly megvásárolt tevékenységeket.
A Fortis bank részvényei a múlt héten erősen csökkentek, a második héten már súlyos válság jeleit jelentkeztek az alkotmányban.
Az elemzők azonban egyetértenek abban, hogy a 85 ezer alkalmazottakkal a bank túl nagy ahhoz, hogy megzavarják őket.
A cég árai csak pénteken 12 százalékkal csökkentek, 14 éves minimumra.
Január óta a részvények értékének több mint kétharmadával csökkent.
A részvények jelenlegi árai miatt a csoport teljes piaci tőkeértéke körülbelül 14 milliárd euró, de a vállalat vezetői szerint ez valóságtalan.
A vállalat vezetője a Fortis részvényeinek a tengerentúli piacon való bizonytalansága miatt hibáztatja a 700 milliárd dolláros értékű amerikai csomagterv elfogadását.
Hétfőn a részvények kissé emelkedettek.
Pénteken új főigazgató, Filip Dierckx, kijelölt a bank elnöke.
A pénzügyminisztérium magánvásárlókat is keresett, de komolyabb ajánlatokkal senki sem jelentkezett be.
A belga kormány már korábban bejelentette, hogy a befektetőknek nem kell aggódniuk, nem fognak elérni a pénzüket.
A bank ügyfelek között még nem volt pánik, és a fiókjai nem voltak támadások.
Magyarországon a Fortis bank saját leányvállalattal rendelkezik, és több leasingvállalat is kölcsönözött.
A csúszóban
Az amerikai élet- és egészségbiztosítási cégek a gyógyszervásárlási adatok alapján gyakran elutasítják a biztosítási szerződést a pályázóval.
Az adatvédelmi szakértők attól félnek, hogy az adatpiac ellenőrizhetetlen lesz.
„Az adatvédelmi program létezik, amely minden esetben az érintett személy engedélyére kötelezi a gyógyszerre vonatkozó adatok használatát.
Őnek függetlennek kell lennie valaki kezébe, különben bízunk a szarvasmarhát" - mondja Richard Dick Washington Post, a gyógyszerek felírására szolgáló program szerzője.
A biztosítási társaságok biztosítási és biztosítási események esetén kifizetendő összegeket a kedvezményezettek egészségi állapotától függően teszik, és ha a kockázatot túl magasnak tekintik, a biztosítást nem zárják be.
Korábban az orvosi vizsgálatokat küldték, és a szerződést csak akkor kötték, ha tudták az eredményeket.
Tíz évvel ezelőtt Dick sokkal olcsóbb eljárást talált ki: a gyógyszertárak azonosító száma alapján az ügyfél könnyedén megtudja, milyen gyógyszereket vásárolt az elmúlt egy és fél évben, amelyből a program maga végzi, milyen betegségben szenved, és milyen egészségi állapota.
Például, ha rendszeresen vásárol nagy mennyiségű koleszterincsökkentő gyógyszert, azt jelzi, hogy gyakorlatilag ellenőrizhetetlen magas vérzsírszintje van, ami azonnal a magasabb kockázatú kategóriába vezet.
A forgalomban néhány program verziója van, egyesek egyidejűleg meghatározzák a kockázati tényezőt, így a biztosítási vállalkozások papírolás mellett szinte nincs munka, bár kis nehézségeket okoznak.
Az előnyei közé tartozik, hogy a gyógyszerek több célra is alkalmazhatók, például egyes vegyületek alkalmazhatók a migrén vagy a forró nazal ellen, de hatékonyak a depresszió ellen.
Ezek a kereskedelmi biztosítások szempontjából jelentős kockázatot növelő tényezők, de az elsősorban kijelölt nehézségek nem.
Az adatok kérése és feldolgozása érdekében egyedi vállalatokat hoztak létre, amelyek a gyógyszerészektől a szükséges információkat megelőzően kérik a beteg engedélyét.
A hivatalok most már arra kényszerítették őket, noha nem értették el őket a korábbi méltóságukért.
Néhány cég a közelmúltban már laboratóriumi vizsgálatok eredményeit is feldolgozza, amelyek a szedt gyógyszerek adataihoz kapcsolódnak, így még pontosabb képet nyújtanak a betegek egészségi állapotának.
Az adatokhoz egyre több cég van hozzáférése, és ezzel egyidejűleg egyre bonyolultabb lesz a felhasználás ellenőrzése.
Különleges adatvédelmi törvény létezik, de hatásossága csak az egészségügyi szolgáltatókra és a biztosítási vállalkozásokra vonatkozik.
A Kongresszus előtt egy törvényjavaslat, amely felhatalmazást kaphat a hatóságoknak az adatszolgáltatási vállalkozások ellenőrzésére is.
Richard Dick elismeri, hogy ez nem elég: ezért a programja olyan módon fejlesztette ki, hogy az adatszolgáltatás az érintett személy kifejezetten hozzájárulása.
Egy másik dolog az, hogy a szóban forgó engedély csak nem tagadhatja meg, különben a biztosítási vállalkozások nem kötnek szerződést vele.
Tehát a vakok csak egy kicsit elhagyják a jó akarat nyelvét.
Globális Marseillai Menü
Az Európai Unió és India megduplázza a kereskedelem forgalmazását
Mivel az Európai Unió és India a kölcsönös vezető kereskedelmi partnerek, ez a téma a többi, főként globális problémák mellett a kilencvenes legmagasabb szintű tárgyalások menetrendjét is irányította.
Ma egy francia-indiai csúcstalálkozót is tartanak, amely elsősorban az atomenergia területén folytatott együttműködésre vonatkozik.
Az Európai Unió ugyanis elismeri, hogy India egy fejlődő demokratikus hatalom, amelynek nagyobb lehetőséget kell biztosítani a nemzetközi ügyekben való beszélgetésre, de a tagállamok még nem találtak közös kinevezőt az ENSZ Biztonsági Tanácsának állandó tagságának támogatására irányuló kérdésében.
Ezt a kérdést még nem terjesztették fel a tegnap, már a marselyi csúcstalálkozó 9. csúcstalálkozóján.
A francia elnök, Nicolas Sarkozy, az Unió jelenlegi elnökeként, valamint az Európai Bizottság José Manuel Barroso, valamint a külpolitikai főképviselő Javier Solana üdvözölték az indiai miniszterelnök Manmohan Singh-t, amelynek megegyezése is volt, hogy az öt év alatt megduplázza a kereskedelem, vagyis több mint száz milliárd euróra.
Mivel 2000 és 2007 között az áruk cseréje 25 milliárdról 55 milliárdra emelkedett, ez nem túlzottan ambiciózus cél.
Ebben a jogi szempontban a polgári légi közlekedésről szóló indiai kétoldalú megállapodások 20-át összehangolták, így a jövőbe is a légi közlekedést zöld lett.
2009 végéig India szeretne aláírni a szabadkereskedelmi megállapodást az Unióval.
Sarkozy megígérte, hogy felgyorsítják a tárgyalásokat.
A cél az egyensúly kiegyensúlyozására, míg az EU Indiában az első kereskedelmi partner, az új Dillí az EU partnerei között a kilencében.
A csúcstalálkozó a globális ügyre is figyelmet fordított.
A helyzet Afganisztánban és Pakisztánban, valamint a terrorizmusban - mindkét fél minden formájában elítélte és felhívta az ENSZ konferenciáját.
A Daúh-i üzleti tárgyalások lezárását is megkövetelték, bár mindkettőnek nagy része van a jelenlegi kudarcban.
Az Európai Unió megerősítette, hogy az energia- és éghajlatprogramja folytatódik, azaz 2020-ig legalább húsz százalékkal csökkenti a káros anyagok kibocsátását.
Ezzel egyetértett India, valamint azzal, hogy a jövő évi éghajlatkonferencián egy globális megállapodást kell kötni, és az üvegházhatású gázok termelését 2050-re ötven százalékkal kell csökkenteni.
Mindkét fél szeretné megakadályozni az élelmiszerárak emelkedését, és támogatni fogják a pénzügyi válság megoldására irányuló nemzetközi konferenciát.
Az indiai miniszterelnök ma érkezik a francia fővárosba, ahol a kétoldalú találkozó során az atomenergia békefelhasználásáról szóló kereskedelem befejeződik.
Párizs úgy véli, hogy az indiai nukleáris reaktorok építése 20 milliárd euróban megkapja a francia cégeket.
Az Ügynökség jelentése szerint a megállapodás 15 évig érvényes.
Frankfurtban több mint háromszáz olasz kiadó
Az olasz kiadók nagy részvétele a nemzetközi könyvtárban Frankfurtban.
Több mint háromszáz olasz kiadó részt vesz a 60. Buchmesse, a legfontosabb nemzetközi találkozó a jogcserére.
A Frankfurt Nemzetközi Könyvtár több mint hétezer kiadót vár erre a kiadásra száz különböző országból, akik 171,790 négyzetméternyi kiállítást vesznek, több mint négyszázhárom tízezre címzett, Törökországgal tiszteletben tartva.
Francesco Maria Giro kultúra miniszterhelyettese az olasz pavilonon kezdődő ünnepségen képviseli az olasz kormányt: Olaszország valójában intézményilag részt vesz az olasz központral (Punto Italia) – 264 négyzetméteren.
Következik egy nyomtatási találkozót a Room Buchmesse Structure 5.0 pavilon: lehetőség lesz a számok, trendek és perspektívák bemutatására Olaszországban a kiadó állapotával kapcsolatban.
Az adatok szerint a külföldi szerzők könyvek jelentősége a teljes olasz termeléshez viszonyítva, különösen a gyermekek és felnőttek irodalommal kapcsolatban.
Megtalálták Steve Fossett, egy évvel ezelőtt eltűnt milliós repülőgépet
Megtalálták a többi repülőgépet, Steve Fossett, egy 2007. szeptember 3-án eltűnt milliárd repülőgép, míg Nevád sivatagban repült.
A tenger felett háromezer méter magasságú tengerszinten találták fel a Mammoth Lakes területén, Nevada sorozatban, Kalifornia és Nevada közötti határon.
A repülőgépben azonban nem volt humán maradék.
Madera megye, John Anderson seriff feltárta a megmaradt kétségeket: "A repülőgép megtalálható, oda küldtünk egy csapatot, és most biztosak vagyunk abban, hogy ez pontosan abban a napban, amikor Steve Fossett repült, amikor eltűnt" - mondta egy sajtókonferencián.
A sheriff tehát kijelentette, hogy nem találtak humán maradékot sem a repülőgépen, sem a környező területen.
A 63 éves milliós már februártól halottnak tekinthető.
Az amerikai közlekedésbiztonsági iroda (Ntsb) bejelentette, hogy néhány órával a nyomozás felismerése után küldtek egy nyomozó csapatot, amely végül azonosította a repülőgépet: pontosan a Bellancu 8kcab-ról, amely 2007 szeptember 3-án nem jelent meg, amikor Fossett Yerington-ból Nevada-ban repült három órás repülésre.
Tegnap, még mindig Kaliforniában, Nevada-határ mellett, néhány Fossett személyes tárgyát találták a Mammoth Lakes közelében.
Ez két dokumentum Fossett nevű, mindkettő az Illinois Szövetségi Repülőgazdálkodás által kiadott, készpénz és egy band.
Fossett keresése egy hónappal az eltűntését követően megszakította.
A Milliárd megnyerte a bajnokság hosszú gyűjteményének köszönhetően a történelemben.
2002-ben, a hatodik kísérletre, az első férfi lett, aki befejezte a világ körüli útját egy légballonban: két hétig egy egyedülálló repülőgép.
Három évvel később a világot repülőgépben öltözte, és nem leszállt.
Számos rekordja közé tartozik a 15,445 méter magas repülőgépek, még akkor is, ha a repülőgépek.
Glk, hirdetés, amit nem vársz
Egy szokatlan Suv eredeti tervezéssel és pontosan határozott vonalak, széles felületek pontos szögekkel.
Ez, röviden, az utolsó született Glk a csillagház "kompatitív" jeepjeiből, amivel a Mercedes-Benz megpróbálta behozni a hitet ebbe az ágazatba.
A hagyományos feldolgozásnak köszönhetően váratlan és hagyományos kommunikáció lesz, amely a Suv Glk forgalomba hozatalát kíséri, és amely a Mercedes-Benz showroomsben október 17-től kapható.
Ezzel a hirdetési kampány, amely egy új jármű kezdetét kíséri, hivatalos kommunikációs módot is indít, köszönhetően a jövőbeli 3D plakás kampány, amelyet Olaszországban először használtak az autó márka számára.
A három különböző fázisra osztva a maxi plakkok projektje a mailan fő üzleti osztály, Corso Como, legkésőbb november 15-ig uralkodik.
Az új típusú kommunikáció első szakasza a sztereoszkópiás látásban és a Corsa Como közelében elosztott speciális szemüvegekkel kezdődik, majdnem valódi dimenzióban és háromdimenziós formátumban látható lesz az új Suv.
Valójában, amikor megnézed a képet, úgy érzed, hogy az autó kijön a pozícióból.
Ezután az innovatív Elumina8 technológiájának köszönhetően az új Glk különböző pillanatokban megvilágosítja az összes kisgyermekükben, hogy újra egy képbe kerüljön.
A Mercedes kétségtelenül megpróbálja ezt a hirdetést bevezetni valami újat az autókommunikációs sztereotípiába.
Ezzel képes-e felmagasztalni a jövőbeni ügyfelek érdeklődését?
Tudjuk, kik az olasz chuligánok.
Triveneta, a Daspo-t kockáztatják.
Kik azok a 150-200 fiúk és lányok, akikért Olaszország most szégyent vesz? Ezek a "Ultras Italia" csoport része, amely évek óta követi a Nazionale azzurra, és amely még soha nem volt túlzott problémát.
Soha nem találkozott az ellenfél rajongóival.
A csoport irányítása jobb.
Az alapítók a Trivenetből származnak.
Verony, Padovy, Terszt és Udine.
Szófiai csoportok (valójában kevés csoportok) csatlakoztak hozzájuk a Campania és a Puglie.
Háromszínű zászlók vannak, amelyekben a résztvevők származású városai jelennek meg: szombaton este eltávolították őket, hogy ne ismerjék fel.
Inspiráltak az angol rajongóknál.
Bulgáriában találtak igazi náci rajongók, Levsky.
A Figc az olasz rajongók számára 144 mérkőzési jegyeket adott: minden néven, így könnyen ellenőrizhető.
És Viminale igazán ellenőrizte őket: azok között, akik elmentek Sofíába, nem volt senki, akinek megtiltották volna a stadionok látogatását.
A négy kék rajongó, aki korábban a stadionról tett bűncselekményeket, megtagadta a jegy belépését, és a mérkőzést tiltották.
Viminale most várja, hogy olvassa el a bolgár rendőrségből érkező jelentéseket, majd intézkedést tegyen: Ebben az esetben a Daspo-t legalább öt évig lehet adni azoknak a rajongóknak, akiket letartóztattak, vagy akiket a nyomorúság során azonosítottak.
Nemzetközi Daspo, amely tiltja a látogatást nemcsak olasz stadionok, hanem egész Európában is.
Következőleg, a chuligánok nem fognak többé egy stadionra jutni.
Szerencsére.
Az emulációtól való félelem azonban most létezik: ez azt jelenti, hogy több mint ötven százat is hozzáadnak ezekhez.
"Azt azonnal el kell távolítaniuk, és nem kell igazolnunk azokat, akik ilyen módon viselkednek" - megerősítik a Viminal.
Szóval, "kiválóan nyitott szemek, főleg a középső szerdán Leci-i nemzeti verseny miatt."
Pont Pugliában egy kis támogatói központ.
Holnap találkozunk az Osservatórium, a Casms kedd, amely egy Aise részben is számíthat, ez egy titkos szolgáltatás, amely gondoskodik a stadionok problémáiról.
"A gyülekezet vezetője és a Mameli tiszteletben tartásának ideje? Ez nem bűncselekmény Bulgáriában..."
Ez a Domenica Mazzilli (a valóban kevés boldog módon kifejezve) gondolata, amely néhány hétig a Vimináli Observatorium igazgatója (a korábban Francesca Tagliente, majd Felice Ferlizzi helyet kapott).
Mazzilli korábban Tersztában virágzó volt, ahol 2002-ben alapított Ultras Italia támogatói központja található.
Ez igaz, ahogy Mazzilli azt mondja, hogy Bulgária nem bűncselekmény, hogy ünnepeljék a vezetőt, de természetesen, hogy ezek a 150-200 rajongók viselkedése szégyen.
"Nem szociológus vagyok - mondja a Megfigyelési Egység - a bűncselekményeket az országban ítélik meg, ahol megtörténtek.
Eddig ez a csoport fennmaradt a határon, most megnézzük, mi történt, és értékeljük a jövőt.
Beszéljünk azonban Mameli tiszteletére is: ez nem bűncselekmény, de ha megengeded, ez nem felnőttség.”
