V Rakousku triumfují pravá populisti, mají celkem 29 procent
Podle prvních předběžných výsledků rakouských předčasných parlamentních voleb vedlo k pozoruhodnému oslabení obou stran v současné velké koalici a významnému zvýšení populistických stran.
Rakouská lidová strana (ÖVP), kde je pozice současného hlavy, Wilhelma Molterera, vážně ztrácená, trpěla obzvláště velké ztráty.
Naopak, vůdce kampaně Aliance pro budoucnost Rakouska (BZÖ), Carinthian guvernér Jörg Haider, připravuje triumfní návrat do národní politiky.
Podle předběžných výsledků zůstává Social Democratic Party (SPÖ) nejsilnější v zemi s 29,8 % hlasů, avšak od posledních voleb v roce 2006 ztratila 5,5 % hlasů.
ÖVP, který se svými 25,6 procenty ztratil téměř devět procent hlasů, byl ještě horší.
To jsou nejhorší výsledky obou velkých stran v historii po válce Rakouska, a zejména pro lidskou stranu, která vyzvala předčasné volby, je to doslova katastrofický výsledek.
Na začátku července, když ÖVP opustil koalici, lidská strana stále měla významný vůdce na SPÖ v průzkumu.
Zdá se, že voliči je trestali za to, že nechal vládní záchranu.
V prvních reakcích na výsledky byly již spekulace o možném odstoupení hlavy strany a současného vicekanceláře Wilhelma Moltere.
Dohledovatelé očekávají, že to by mohlo probíhat tak brzy, jak na mimořádném zasedání vedení strany v pondělí.
Takový vývoj by určitě zjednodušil cestu k nejpravděpodobnějšímu využití z výsledků voleb, tj. obnovení velké koalice SPÖ a ÖVP.
S ohledem na posílení obou pravých populistických stran - strana svobody (FPÖ) získala předběžné 18 procent a 11 procent hlasů - ale sociální demokraty vyjádřili strach z opakování roku 1999, kdy lidská strana souhlasila s populisty (FPÖ byla stále společná) vláda, která v té době nakonec odstoupila od Evropské unie.
Haider, který již oznámil, že je připraven spolupracovat s jakoukoli stranou a předpokládá se, že se vrátí do Vídeň do národní politiky, je zřejmé, že o tomto vývoji bankuje.
Zelená strana se také dostala do parlamentu, ale trpěla mírnou ztrátou a klesla z třetího až pátého místa mezi rakouskými politickými stranami.
Zřejmě žádná z ostatních stran nepřekročila čtyři procenta značky a vstoupila do parlamentu.
Schwarzenberg: Vztahy s Indií by se mohly zhoršit
Podle ministru zahraničí Karela Schwarzenberga, pokud nebude možné vyřešit problém českých vědců obviněných v Indii s nelegálním shromažďováním bejtlí, mohlo se určitě zhoršit česko-indiánské vztahy.
Ministr vyjádřil toto prohlášení v New Yorku po dnešním setkání se svým indickým spolupracovníkem Pranab Mukherjee.
"Pokud to není vyřešeno, pak ano, pak se bude stát určité zhoršení," uvedl po setkání, které bylo zahájeno z české strany.
Po jednáních Mukherjee řekl, že je pro výkonnou oddělení obtížné zasahovat do soudních věcí.
Nicméně uvedl, že v případě Petrova Švácha, který byl odstraněn od obvinění a trestně trestán, může centrální vláda vyjednávat s místní vládou v Darjeelingu, pod jehož jurisdikcí patří věc.
"Její problém lze vyřešit," řekl ministr.
Podle Mukherjee by bylo nejlepší, aby Emil Kučera, který byl odsouzen na tři roky vězení, odvolal se k vyšším orgánům.
Pak se může požádat o propuštění a čekat na rozsudek mimo vězení, vysvětlil.
Schwarzenberg potvrdil, že jeho partner řekl to také během jednání.
"Doporučuje, aby se vyzval k vyššímu soudu, pak by mu bylo možné odpustit," uvedl předseda české diplomacie.
Jediným způsobem, jak se česká strana může zapojit do celé věci, je poskytnout odsouzeným osobám „kompetentní právní podporu“, uvedl indický ministr.
Zároveň řekl, že indiánská strana jim také poskytuje tento druh pomoci.
„V našem největším zájmu je udržet nejlepší vztahy s Indií, které mají dlouhodobou tradici.
Indie to také uznávají," uvedl Schwarzenberg.
Zároveň, jak řekl České tiskové agentury, zdůraznil před svým partnerem, že Česká republika věnuje velký význam problému českých entomologů.
"Vlastně považujeme za zatčení a nabíjení těchto českých vědců za vážnou chybu," prohlásil.
Ministr se vyhýbal odpovědět na otázku, zda obdržel slib od Indie, že bude sledovat tuto otázku.
Jen řekl: „Já už dostal několik slibů.“
Česká arbitráž boje o mořské podlahy
Kroky k elektronické stěnové mapě, která zobrazuje Austrálii a okolní mořské oblasti.
Nicméně nezáleží na kontinentu, ale na malé místo ztracené v modrém oceánu.
Tento ostrov a s ním oceánská podlaha kolem sebe patří do Austrálie.
Zároveň je oblast stejně velká jako samotný kontinent,“ říká italský právník Luigi Santosuosso, který patří ke třiceti členům týmu zaměstnanců Oddělení Oceánských záležitostí a zákona o moři.
Jeho šéf, ředitel divize, český právník Václav Mikulka, následuje to, co říká, a občas něco přidává.
Zvláštnost a vzrušení pro práci jsou zde dominantní.
Oceánská podlaha schovává svět, který dosud málo známý, bohatý na přírodní zdroje.
Je možné najít olej, hory a jiné minerály, ale i dosud neznámé živé organismy, které drží klíč, například k rozvoji léku na rakovinu.
Podlaha větší než kontinent
Pobřežní země dnes začaly vesmírně konkurovat pro nové podvodní území.
To znamená, že podle dohody OSN využívají práva, na které se dohodli v roce 1982 v Montego Bay v Jamajce.
To je především oblast tzv. kontinentální plochy, která často dosahuje několik stovek kilometrů od pobřeží dané země.
Podle dohody má tato země výlučné právo na všechny zdroje kontinentálního nákladu.
„Pouze je kontinentální plocha považována za součást mořské podlahy, která je přírodní pokračování kontinentu pod mořem a jeho podlahou.
Dorazilo se mimo okraje pobřežního moře, často i mimo okraje dva set námořních kilometrů tzv. exkluzivní hospodářské zóny,“ vysvětluje Mikulka.
Žádost dotčené země předloží Komisi o hranicích kontinentálního plocha musí být podporována vědeckými a technickými dokumenty založenými na mnoha nákladních průzkumech a měřeních.
To je výsledkem mnoha let přípravné práce.
„Jeden z našich úkolů je poskytnout komisi právní a specializovanou technickou pomoc.
Výbor dosud diskutoval o pěti žádostech z Ruska, Brazílie, Austrálie, Irska a Nového Zélandu.
Pouze poslední tři z těchto zemí dosud byly úspěšné," dodaje Mikulka.
V nedávné době byl úspěch Austrálie, která byla prvním rozšířením podvodní domény, zaregistrován po celém světě.
Ale Nový Zéland získal také - oblast mořské podlahy, kterou mu komise udělila, je asi 1,6 milionu čtverečních kilometrů, tj. asi šestkrát větší než velikost samotné země.
Obě země investovaly miliony dolarů do průzkumu.
Zisk, který vyplývá z využívání mořské podlahy v budoucnu, bude naděje, bezcenné.
Ostatní země také postupně předloží své žádosti.
Má až deset let od okamžiku ratifikace dohody o Montego Bay.
Když končí kontinentální plocha, začíná oblast oceánské podlahy prohlášenou dohodou jako „společné dědictví lidstva“.
Žádná země už nemá žádnou exkluzivní pozici.
Nákladní práva v této oblasti jsou poskytovány dohodou založenou mezinárodními institucemi.
"Ale oceánská podlaha není Klondike," říká ředitel Mikulka nadměrně, dodávající, že jeho jednotlivé oblasti jsou legálně jasně delimitovány a jejich režim je obsažený v smlouvách.
Čeští v Tichomořském oceánu
Část podlahy v současné době patří České republice.
Sdílí to s ostatními zeměmi bývalého východního bloku jako součást společné organizace "Interoceanmetal".
Tato organizace, stejně jako investory několika malých zemí, získala v roce 1991 status „pioniérového investora“.
To je povoleno na mínu v oblasti ClarionClipperton v Tichomořském oceánu, která leží mezi Mexiko, Hawaii a Kiribati.
Oblast, kterou investoři zkoumali, je mírně větší než bývalé Československo.
Podlaha je tam pevná, je to druh podvodního modelu hor Tatra.
"Je možné, abych tam byl v celkové oblasti 75 000 čtverečních kilometrů.
Oblast je bohatá lokalita pro sbírku polykovinových betonů obsahujících nikkel, měď, kobalt a mangan,“ říká další advokát Pakshi Rajan z Indie.
Makedonský advokát z divize Rober Sandev přináší takovou konkrétnost projevovat.
Vypadá to jako malý brambor nebo, s trochu fantazie, mytický ším, který podle legendy přivedl Golem do života.
Německá speciální síla na záchranu hostitelství
Při řešení krize vězení Egyptská vláda požádala o pomoc od Německa, která byla poslána odborníkům.
Když přišel tlak, byli speciální síly připraveni, ale jejich služby nebyly na konci vyžadovány.
Více a více podrobností o okolnostech, které se týkají osvobození 11 evropských turistů v Egyptě.
Podle německých federálních ministrů obrany a vnitřnosti se německé zvláštní síly nepřímo účastnily záchranné mise.
Specialisté federálních ozbrojených sil (Bundeswehr) a členové německé federální policie (Bpol) a její speciální jednotky GSG 9 a Air Guard byli přítomni na záchranu, řekli řečníci ministerstva v pondělí večer, stejně jako členové federálního trestního policie (BKA) a logistických odborníků agentury technické pomoci (THW).
Nemecká síla však nebyla vyžadována, protože únosci opustili své zajatce a uprchli, když si uvědomili, že zajatci budou osvobozeni síly.
Egyptská vláda přijala pomoc poskytovaná Německem, aby během operace spoléhala na německé síly jako zálohování.
"Naštěstí to nedošlo," uvedl mluvčí německého federálního ministerstva vnitra.
Cestovní skupina se skládá z pěti Němců, pěti Italů, jedna rumunská žena a jejich osm egyptských spolupracovníků byla 19. září v jihu Egypta vyhořena a vyhořena.
Po jejich vypouštění v poušti na jihu Egypta byli zajatci odvedli zpět a do hranice mezi Egyptem, Libyí, Sudánem a Chadem.
Identita únosců zůstává neznámá, neboť podrobnosti o záchraně nebo o možných výkupcích.
Bývalý vězňák přišel v Káhiře bezpečně a bezpečně.
Německý ministr zahraničních věcí Steinmeier uvedl, že jim bylo pověřeno péči o německé velvyslanectví.
Nekomentoval podrobnosti o záchraně.
V Berlíně nebyly poskytnuty žádné okamžité informace o jejich návratu do Německa.
Podle německého časopisu „Bild“ jsou pět turistů a speciálních sil na palubě letadla německé letecké síly, která se uvádí, že v úterý přijede do Německa.
US House of Representatives odmítá Bailout
Bailoutový balíček 700 miliard dolarů pro finanční trhy úzce neuspěl do prvního ze dvou komorů Kongresu USA.
Dow Jones si vzal nohy.
Hlasováním 227 až 206 proti, americký dům zástupců odmítl vládní balíček pro finanční trhy.
Všechny výzvy prezidenta Georgea W. Busha a vedoucích úředníků obou stran nebyla dosažena většina pro program, který by obsahoval chaos na finančních trzích.
V dramatické kampani se podpořilo, že se snažili přesvědčit kritiky o zasloužení plánu 700 miliard dolarů.
Barney Frank, jeden z hlavních demokratických vyjednávačů, vyzval zástupce k schválení, i když to byl neobvyklý plán.
„Je obtížné získat politické schválení za prevenci toho, co se ještě nestalo,“ uvedl.
Zatímco hlasování stále pokračovalo, Dow Jones viděl pokles o více než šest procent, nebo 600 bodů.
Bylo to způsobeno znepokojením investorů, že vláda by mohla neúspěch.
Bylo to obnoveno krátce před koncem hlasování, jen když byl zamítnutí zveřejněn.
Odborníci nyní očekávají další závažné turbulence na mezinárodních finančních trzích.
Za účelem provádění plánu je vyžadováno schválení zastupitelského domu a senátů.
Cestovatelské agentury hlášení Zvýšení rezervace
Bude to pro německé cestovní kanceláře skvělá zima, zřejmě:
Průzkum uvádí, že objem rezervací v příštích měsících se výrazně zvýšil ve srovnání s předchozím rokem - v zimní sezóně až o 30 procent.
Navzdory vyhlídkám slabé ekonomiky zůstává chuť německých cestovatelů nesmírná, uvádí průzkum.
Pro rezervace během zimní sezóny byly cestovní kanceláře pozorovány nárůst obchodu o 31 procent v porovnání s podobným obdobím předchozího roku, hlášeno v pondělí v Berlíně německá cestovní asociace (DRV).
Podle tržní výzkumné společnosti GfK došlo také k nárůstu rezervací v podzimních měsících.
Cestovatelské agentury viděly o 11 procent zvýšení obchodu v říjnu v porovnání s 2007, uvedla DRV.
Výsledky jsou založeny na číslech společnosti GfK, která každoročně zpracovává rezervační údaje 1200 německých cestovních agentur a používá je k provedení projekcí na trhu jako celku.
Součástí jsou cestovní rezervace provedeny do srpna 2008.
Vzhledem k slabému dolaru, zvláště výlety do Spojených států, bylo poptávka, uvedla DRV.
V této oblasti byly rezervace zvýšeny přibližně o třetinu, uvedl.
Navíc ukázalo, že Španělsko, Turecko a Řecko jsou populární mezi Němci, stejně jako domácími regiony.
Všeobecné výlety byly obzvláště hledané, uvedl prezident DRV Klaus Laepple.
Vzhledem k nárůstu cen energie a potraviny byly jejich náklady „vypočítatelnější pro zákazníky než pro individuálně organizované dovolené“, řekl Laepple.
Spotřebitelé by mohli ušetřit peníze prostřednictvím raných ptáků nebo všeobecných slevu, mimo jiné, uvedl Laepple.
Vzhledem k tomu, že letní měsíce byly velmi dobře zarezervovány, bude i další nárůst obchodu ve srovnání s předchozím rokem, řekl - i když další průzkumné zprávy uvádí, že počet cestujících Němců snížil ve srovnání s předchozím rokem.
Poprvé na Oktoberfestu
Spring-break- and after-ski-style útoky v opakovaném režimu, pivo z jednolitrových mýdlů a celebrity v designerském Dirndlnu.
Víš, debut.
Technicky, Susanne Kronzucker a já nemáme spoustu společného.
Ona je blondýna, televizní hostitelka a nosí vlastní Dirndl.
Mám tmavé vlasy, jsem student a moje šaty jsou podruhé.
Ale je tu jedna věc, která nás spojuje: jsme byli v Wiesnu jen tři minuty, a fotografové se již kolem nás hromadí a hlídá se, naplňují jejich paměťové karty - velmi rozsáhlé, a to je moje první návštěva do Wiesnu, abych vytáhl.
Takto se stanete přáteli.
Zdá se, že levný Dirndl dělá svou práci.
Pro turista Wiesn obvykle usazená na severu rovnice Weisswurst, který pohodlný pocit nosit tradiční bavarský rovník, měl až dodnes hodně přání.
Ale když se dostal do Theresienwiese, není to tak špatné.
Téměř každý nosí Dirndl nebo Lederhosn; nikdo nevypadaje nestyděný nebo styděný - je to vše zcela normální.
Pouze můj Dirndl ukradl divné svíčky u prodejce čokolády-banánů.
Mnichovská žena se mi zaměřila na to, že jsem věnovala nesprávnou cestu: "K dispozici na levé straně, panna uprostřed, věnována na pravé straně, vdova za ženou."
Zdá se, že jsem si vytáhl z zadku na levo.
"Podívej se na pravdu," říká a usmívá se.
Ostatní jsou méně zajímavé o jemné flirtovací techniky a nosí jednoduché pocitné šaty, které říkají, že je příliš opilé, aby se oblékli, a bez toho, aby ukazovali lidem nahotu za sebou.
Mladý muž s expozičním postojem se nazývá Bob, je z Anglie a je to jeho poprvé na Oktoberfestu.
Nachází to jako "gorgeous", s dlouhou roztrženou "ooooo".
Říká mi to hned poté, co se zbavil "Maß", které měl dříve.
Právě vedle jednoho z těch plavidla, že všichni se mýlí za odpady.
Takže Bob je jedním z těch slavných "Wildbiesler".
Ostatní nejsou dost šťastní, aby ztratili alkohol v tomto stylu.
Půjde v osmi hodiny v noci, spoustu paramedikátů zapálí umístění, účastní se chudých bingerů.
Lékaři se vždy objevují v balení - jsou vždy čtyři najednou, přinášející pokrytý roztrh z stanu do stanu.
Pracuje jako u většiny návštěvníků Wiesna: Když je prázdná, vyjdou ven a když je plná, se vrátí.
Nevidíš, kdo je uvnitř BAC.
'To jsou ti, kteří už nemohou vzít,' křičel jeden z paramedikátů, když jsem se ho o tom zeptal, zmizel v zástupu.
Oběť nehody jmenovaná policií
63letá žena, která zemřela v nemocnici po udeření vozidla v Essexu, byla jmenována.
Carole Paulson, z Chelmsford Road v Brentwoodu, se zapojila do nehody v pátek odpoledne na Shenfield Road ve městě.
Byla odvezena do Queen's Hospital v Romfordu, ale později zemřela.
Po nehodě byl zatčen 51letý muž za podezření na neopatrný řidič.
Od té doby byl propuštěn na policii.
Rozšiřování diplomatických horizontů Turecka
Dlouho předtím, než se Turecko snažilo přistoupit k Evropské unii, evropská mocnost se snažila proniknout hluboce do zadní země Turecka.
Na východní straně Bosforu, možná jen 20 kroků do Asie, stojí jeden z nejlepších relikvií této neúspěšné imperiální ambice.
Železniční stanice Hydarpasha byla navržena dvěma německými architekty Otto Ritter a Helmut Conu v neo-regeneračním stylu.
To je alespoň to, co vám průvodci říkají.
Budova sedí na konci platform s věží v každém z jejích předních rohů, která hledá celý svět jako nějaká provincie německé městské komory.
Kámen je hnusný.
Celá budova se trochu rozpadla.
Ale jednou, když uvnitř vyvolané kanceláře vstupenek, není pochyb o velikosti podniku, jehož byla nejzápadnější brány.
Stanice byla otevřena v srpnu 1908 německým konsorcium, Anatolia-Baghdad Corporation.
Německo, skončilo v císařské hře, bylo zaměřeno na dosažení své ambice na Středním východě tímto železničním průlezem do Damašku, Bagdádu a mimo to, co je dnes Saúdská Arábie.
Německá císařská ambice byla založena během první světové války.
Jeho železniční trasy byly napadeny arabským Lawrencem a jeho arabským nepravidelníkům.
Relativní izolace z okolního regionu, vytvořené zmraženými hranicemi studené války, odešla.
Britské a vládní síly vystoupily z Egypta a vytáhly Turci a jejich německé spojence z Palestiny a Sýrie.
Také na stanici Hyderpasha byla špatná zpráva.
V roce 1917 se municiální vlak zničil jeho konstrukční střechu.
Turecko tvrdí, že je to sabotace.
Od té doby se pomalu odvrátil, převážně překročil historii.
Ale dnes tato železniční brány do Anatolie a všechna východní místa slouží - alespoň symbolicky - k zdůraznění rozšířeného diplomatického horizontu Turecka.
Správná strana spravedlnosti a rozvoje - AKP - vypracovala pro zemi zcela novou zahraniční politiku.
Relativní izolace z okolního regionu, která vznikla zmraženými hranicemi studené války, odešla.
Nyní existuje nová politika zapojení.
Turecká vláda má dobré vztahy s Izraelem a Sýrií, s palestinskými frakcemi Hamasu a Fatáhu, s Irákem a Íránem a samozřejmě s Evropskou unií a Spojenými státy.
Pro měření parametrů této nové zahraniční politiky jsem v noci spal na tureckého hlavního města Ankara, abych navštívil jeden z předních odborníků AKP pro zahraniční politiku, tureckého poslance Suat Kiniklioglu.
Druhého rána - asi deset a půl hodin později - po pěkné jízdě po trasách, které vyráběly staré světové termíny slavné dokumentáře The Night Mail, jsem přišel do Turecka - jsem navrhl jako nové město pro nové sekulární státní záměry, které se otáčejí na osmanskou minulost.
Ale AKP se svými známými islámskými kořeny představuje paradigmu v tureckém konsensu.
V Západě, především v Washingtonu, vyvolalo nějakou podezření.
Taxík mě přivedl do sídličky AKP, ultramoderné kamene a ocelové struktury - účel-budované - v rozvojovém předměstí, obklopeném polokonstruovanými nákupními centrami a sídlími, kde se střední manažeři v obchodních šatech - jak muži, tak ženy - setkali se, aby učinili ranní dohody.
Suat Kiniklioglu by mohl být středopravní politikou téměř jakékoliv jiné politické strany v Evropě.
Prázdno, ty, jsem si jistý, že dokonce zabalel Blackberry.
„Cílem zahraniční politiky strany je nyní obnovit Turecko do jeho okamžitého sousedství.
Chladná válka byla anomálie," řekl.
Turecko bylo odstraněno z zadní země.
Dnes se mělo dívat na východ a západ současně.
Nebylo to případ jednoho nebo druhého.
Musí to obě.
"Ale určitě v určitém okamžiku," zeptal jsem se, "mohou Turecko vybírat?"
"Turecko," řekl, "nechtěl jsem čelit tomuto volbě."
Potom zdůraznil to, že téměř každý, o kterém jsem tu mluvil, se téměř zmínil na cestě: vztahy Turecka nejen na Blízkém východě, ale na Kavkaz a kolem Černého moře jsou ve prospěch Evropy a Spojených států, jako jsou na Turecku.
S Tureckem na palubě se zdá, že zpráva je, Evropa jako celek může metaforicky řídit ty železniční linie na východ směrem k Asii a na Blízkém východě.
Zpátky na nádraží Hydarpasha, po další velice bezspané noci, jsem přemýšlel o těch dvou německých pánů Herr Ritter a Herr Conu, kteří viděli, že tato budova se staví před 100 lety.
Jaké by bylo překvapené, že by bylo možné zjistit, že evropské ambice na Blízkém východě nyní mohou být v rukou Turecka.
A když jsem čekal na terminál pro trajekt, aby mě vzal zpátky přes Bosforu, připomněl jsem, že v těch dnech byl Turecko vždy nazýván „nemocný člověk Evropy“.
Alespoň se zdálo, že neexistuje mnoho pochybností o tom, na které kontinenty by mělo přiložit nárok na tuto fascinující zemi.
Život si vzpomněl: Vernon Handley a William Woodruff
Mark Brown píše: Jako Guildfordova hudební režisér z roku 1962, Vernon "Tod" Handley (obvyklý, 11. září) byl obviněn za Guildford Philharmonic Orchestra a Choir.
Jako součást jeho hudebního schématu pro boru, v příštím roce založil svůj nádherný mládežní kohort, Proteus.
Mělo by to být pro mladší 21 let, ale do té doby, kdy Proteus zpíval své finále v roce 1979, někteří z nás byli na konci dvaceti let - jen jsme odmítli odstoupit od choru.
Název "Proteus" (mytologický změna tvaru) představoval ochotu a schopnost choru vyrovnat se s každou hudbou, ať už se mu podařilo, ať už madrigal nebo Messiaen, bez ohledu na to, ať už s celou orchestrou.
Hudební univerzita vyráběná takovým mládežem byla často překvapivá, vždy vzrušující, a to vše bylo způsobeno inspirací toho muže a nadšením hudby, která zůstala absolutně konstantní po celé roky.
Jak často nám Tod řekl, abychom „nechal hudbu mluvit pro sebe“.
Řekl: "Kompozitář ví, co chce.
Všechno tam je v hudbě.
Tak to zpívám!"
Jeho batonová technika byla zcela jasná a přesná, i když nikdy diktatorialní, ani florida.
Bez ohledu na hudební standard, vždycky ho vzbudil ještě vyšší.
John Frayn Turner píše:
Pokud by byl někdo řidič, byl by Vernon Handley.
Poznávám ho dobře během dvou desetiletí, když řídil Guildford Philharmonic od roku 1962 do roku 1982.
Za posledních 40 let jsem přezkoumal více než 100 jeho koncertů a můžu upřímně říci, že jsem nikdy nebyl zklamaný jediným - a mnohokrát je inspiroval.
Tod Handley měl tuto vzácnou kombinaci velikosti a osobní skromnost.
Nenáviděl řidiče, kteří ve svých slovech prostě "hodili jeden nebo dva známé válečné koně po celém světě".
Tolik z nás ho bude chybět.
William Woodruff
Profesor John Beckett napsal:
Jeho obituary Williama Woodruffa (25. září) uvádí, že "v roce 1946 převzal ekonomickou historii v Oxfordu a v roce 1950 se stal Houblon-Norman výzkumný kamarád... zatímco současně studoval pro BSc, MA a PhD".
To následuje z poznámky autora Woodruffa v Beyond Nab End, ale to není správné.
V letech 1946 až 1953 byl učitel ekonomické historie na univerzitě v Nottinghamu, během kterého dokončil doktorské práce v britském gumovém průmyslu, který byl dozorován profesorem J. D. Chambers a později zveřejněn v roce 1958 jako britský gumový průmysl.
V roce 1950-51 strávil ve Spojených státech na Houblon-Normanské spolupráci a v létě 1952 na univerzitách v Illinois, Harvardu a New Yorku.
V roce 1953 opustil Nottingham pro Illinois.
Proč se Woodruff rozhodl svítit nad tuhle částí své kariéry není známo.
J. Vincent Resino na Filologické fakultě
Doporučuji výstavu José Vicente Resino "Flamenco y vida", protože jeho černá a bílá fotografie, uložené v dokumentárním stylu, jsou mimořádné.
Fotografie přitahovala mé pozornost kvůli jejich jednoduchosti a síle, která přenáší, vždy zacházející se s tématy s zvláštní pozorností.
Výstava, která provádí hluboký pocit.
Resino je schopen zachytit kouzelné momenty.“
Druhý útok pro superprodej Honda
Příští listopadu bude Honda vydána na trh druhou generací Jazz modelu.
Pokud byl předchozí model již charakterizován vysokou obytností, má tento nový minivan širší interiérový prostor.
Kromě toho je vybavena finou mechanickou technikou, která zvyšuje pohodlí jízdy a umožňuje ušetřit palivo.
Evoluce místo revoluce.
Tohle je druhá generace Honda Jazz.
Zatímco esteticky nový Jazz vypadá jako předchozí model, změny přinesené minivanu jsou mnoho.
Mimo jiné stojí za to vyjádřit svůj inovativní design, novou platformu, větší velikost a poměrně nová mechanicka.
Nicméně, předtím, než se přesuneme k analýze nového modelu, může být užitečné upozornit na to, že tento nový Jazz přichází jen šest let po vstupu první generace.
Proto by první pozorování mělo zvážit, že Honda tento model obnovila rychleji, než obvykle udělají ostatní společnosti.
I když je model Jazz méně známý v Evropě než na jiných trzích, zůstává to jev v oblasti prodeje.
To je v Japonsku, kde byl Jazz nejprodávanějším automobilem v roce 2002 a také v roce 2008.
Právě tam bylo prodáno téměř milion jednotek Jazzu od startu modelu.
Druhým trhem byl Starý kontinent, s asi půl milionu jednotek prodávaných za šest let.
Navzdory těmto číslům se Honda domnívá, že tento nový Jazz bude zvýšit své prodeje v segmentu ještě více.
Pokud tedy v roce 2007 Japonská společnost prodala celkem 83.000 jednotek tohoto modelu, odhaduje se v roce 2009, že bude to asi 100 000 vozů, což předpokládá možné nárůst prodeje o 17 % pouze na evropském trhu.
Pokud jde o španělský trh, Honda prodala od roku 2002 celkem 8000 jednotek Jazz, což odpovídá 6,7 % celkového prodeje společnosti ve Španělsku.
S příchodem nové generace očekává, že společnost ve Španělsku prodá asi 2000 jednotek Jazz během roku.
Příjezd nového Honda Jazz bude pravděpodobně umožňovat, tím, že do velké míry snižuje prodeje ve Španělsku.
Ve skutečnosti se osoby odpovědné za značku očekávají, že se do konce roku dostane s celkem 22,000 jednotek prodávaných, což je 4000 jednotek méně než v roce 2007, s poklesem o 16 %.
Navzdory nárůstu prodeje Honda také zvýšila svůj podíl na trhu ve Španělsku, dosáhl 1,8 % ve srovnání s 1,6 % v loňském roce.
Zároveň se japonská společnost očekává, že v roce 2010 dosáhne 2 %.
K dosažení tohoto cíle je Honda důvěryhodná v další nový model svého modelu.
To je Insight, hybridní pěti dveřní kompaktní auto o délce 4,37 metrů. Japonská společnost doufají, že tento model bude prodávat asi 200 000 jednotek po celém světě během roku.
Podle odhadů trhů a japonských výrobců 50% prodeje Insight pochází z USA, zatímco zbývající 50% bude z Starého kontinentu i Japonska.
Komerční zahájení společnosti Insight je plánováno na začátky příštího roku, brzy po prezentaci modelu v rámci společnosti v lednu v Valenci.
Ve srovnání s první generací rostl nový Jazz v celém světě.
Nyní dosahuje 3,90 metrů délky (pět centimetrů více), 1,69 metrů šířky (dvě centimetry více) a 2,50 metrů mezi osy s zvýšením pěti centimetrů.
Její výška 1,52 metrů, stále, zůstávala neměnná.
Spolu s velikostí, jeho obytný interiér se zvýšil ve vesmíru.
Tato výhoda pochází především z nové platformy, a druhá od zavedení palivového nádrže v centrální poloze, řešení již přijaté v předchozím Jazz.
Navíc stoupá kapacita trnku - dvojitého objemu podlahy - na 399 litrů, což je 19 litrů větší kapacita v úvahu první generace.
Je třeba poznamenat, že to jsou opatření Honda Jazz 1.4, zatímco kapacita trnku ve modelu 1.2 je pouze 379 litrů.
Další zlepšení - kromě vnějších prvků, jako je zadní vedení nebo možnost montáže panoramatického skla - se týká zlepšeného přístupu na zadní sedadla.
Dveře, které umožňují přístup na zadní sedadla, nyní otevřené s úhlem 80 stupňů, ve srovnání s 67 stupňů v prvním modelu.
Navíc jsou všechny motory poměrně nové v této druhé generaci auta.
V době marketingu přijde tento malý model s benzínovými motory ve výši 1,2 nebo 1,4 litrů.
Oba mechanické systémy zahrnují technologii i-VTEC, která umožní nižší spotřebu paliva, produkuje méně emisí CO2, optimalizuje mechanické refinery a zároveň udržuje vysoký motor v všech fázích.
Verze 1,2 litrů dosahuje výkonu 90 hp při 6000 rpm s maximálním obvodem 114 Nm. při 4900 rpm.
Propuls, který v minulosti dosáhl 78 hp, potřebuje pouze 5,3 litrů paliva a vyrábí kolem 125 gramů emisí CO2.
Ve srovnání s předchozím propulzím, který v modelu první generace použil 83 hp, může nový využívat 100 hp.
1,4 Jazz s 100 hp dosahuje kombinace 5,4 litrů paliva a 128 gramů emisí CO2.
„Bee-car“ aby se zabránilo kolapsům
V rozvoji technologií pro prevenci nehod Nissan tentokrát byl inspirován přírodou a zejména včelami.
Japonská společnost vytvořila robot, který, napodobující let včelů, může zabránit nehodám.
Bio-mimetic Auto Robot Drive, nebo BR23C, je prvním krokem k projektování technologií pro prevenci střetů.
Inženýři pokročilého technického centra společnosti Nissan Motor Co. vyvinuli tento malý robot ve spolupráci s střediskem pro vědecké výzkum a technologie prestižní univerzity v Tokiu v Japonsku.
Podle Kazuhiro Doi, generálního ředitele veřejných vztahů pro technologie, výzkum a vývoj řízení značky, BR23C je rozšíření bezpečnostního štítku všech čtyř oblastí vyrobených společností Nissan.
Tento robot má za cíl zlepšit schopnost zabránit kolapsům v vozidel vyráběných společností.
Během letu každý včel vytváří svůj vlastní ovalný osobní prostor, který je velmi podobný štítu bezpečnosti vyvinuté Nissanem.
Ale nejdůležitějším prvkem je spojené oči včely, které mohou vidět ve všech směrech s extra 300 stupňů úhlu, umožňující hmyz létat bez přerušení uvnitř jeho osobního prostoru.
Chcete-li obnovit tyto vizuální funkce, inženýři vyvinuli to, co definovali laserový lokator (Laser Range Finder).
Tento mechanismus detekuje překážky během 2 metrů a záření až 180 stupňů před BR23C, vypočítá vzdálenost k objektu a pošle signál mikroprocesoru na palubě, který umožní okamžitě zabránit kolapsu.
"Když detekuje překážku, malý robot napodobuje pohyby včela a okamžitě změní směr, když kolečky obrátí do pravého nebo širšího úhlu, aby se zabránilo kolapsu.
Nejvýznamnější rozdíl v jakémkoli existujícím systému je jeho útočící akce, která vede k úplně instinktivnímu.
"Kdyby to nebylo tak, robot by nemohl reagovat dostatečně rychle, aby se zabránilo překážkám," vysvětluje Toshiyuki Andoh, ředitel laboratoře mobility a hlavní inženýr tohoto projektu.
Na rozdíl od včela nemůže robot odchylit nahoru nebo dolů, nebo dokonce diagonálně. Může se pohybovat pouze ve dvou rozměrech a v směru se jeho kola mohou obrátit. Zřejmě nemůže běžet nekonečnými směry a způsoby, jako včela dělá.
Z tohoto důvodu Nissan používal rotační funkci kromě funkcí zrychlení a zpomalení, aby umožnil malý robot vyhnout se kolapsům.
Tento zařízení musí zpracovávat nové informace každých několik vteřin a působit z těchto dat.
Nepotřebuje uložit žádné informace nebo používat intuitivní logiku předchozích manevrů. Z tohoto důvodu může jít bez přerušení dodávané pouze několika desítek KB paměti.
To může být překvapení, ale nemluvíme o gigabytech ani o mega paměti.“
Toto je první krok k rozvoji nových technologií pro prevenci střetů, technologie Nissanu doufají, že budou v autech zavedeny jako standardní funkce během deseti let.
Robot používá lithium-polymer baterie, které jsou lehčí a odolnější než lithium-ion typologie.
Další aplikace v potenciální budoucnosti by mohla být integrace této technologie s GPS satelitním navigatorem, aby řidiče přineslo do konkrétní destinace, aby se zabránilo překážkám po cestě.
Před podáním žádosti o půjčku
Musíme uznat, že ministerstvo zakladatelství Spojených států, které mají poměrně dobré kapitály k působení, určitě nemá žádné talenty.
Potřebujeme čelit krizi a zabránit tomu, aby Američané podváděli půjčky zbabělců bank v pochybách o insolvenci, vytvořili zábavu a vzdělávací hru pro uživatele internetu. To je "Bad Credit Hotel".
Jinými slovy, "Hotel zlého kreditu" nebo problémy.
Zvláštní aspekt tohoto hotelu a zejména jeho recepčního účelu je přinutit lidi myslet nejen jednou, ale dvakrát nebo dokonce třikrát před podáním žádosti o půjčku.
A především, přemýšlet docela pečlivě o tom, kde se na ni podílet. To je pravděpodobně primární cíl hry.
Tento systém určitě poskytuje několik užitečných informací, ale nabízí jen málo detailů.
Je to mnohem více webové stránky pro dospívající než webové stránky pro všeobecnou veřejnost.
Co se stane, když dokončíte hru?
No, uvnitř hotelu se objeví pokoj snů.
Je to ještě něco, protože o nákupu domu je lepší opustit.
Morgan Stanley otevřel kapitál MUFG
Morgan Stanley oznámil svůj vstup do stůlového kruhu skupiny Mitsubishi UFJ Financial Group (MUFG), první banky Japonska, která vynaloží devět miliard dolarů na získání 21 % kapitálu, zprávy, které byly obdrženy ostrým poklesem akciových cen.
Týden po zveřejnění prozatímní dohody oba banky vysvětlily, že MUFG kupuje 9,9 % akcií Morgan Stanley za cenu 25,25 dolarů, celkem tři miliardy dolarů.
Prodejní cena je méně než 19 % hodnoty cenných papírů dne 31. srpna.
MUFG investuje dodatečných šest miliard dolarů do získání konverzibilních cenných papírů, které poskytují zajištěný výnos o 10 % a za 31,25 dolarů.
Morgan Stanley uvedl, že celková operace bude založena na průměrné ceny jednotky ve výši 29 dolarů, nebo 28% nad její současnou cenu.
Nicméně, akcie Morgan Stanley ztratila 6,79% na 23,07 dolarů kolem 17:00 GMT.
"Tato strategická aliance představuje důležitou příležitost k urychlení přechodu Morgana Stanleyho na status holdingové banky," uvedl John Mack, ředitel americké skupiny.
Morgan Stanley přijal minulý týden tento nový status, který by mu měl umožnit rozmanit své činnosti, ale musí jít přes orgán Federální rezervy.
Jeho aliance s MUFG také potvrzuje, že současná finanční krize nutila největší jména na Wall Street přijmout mnohem opatrnější postoj než dříve.
Podmínky, které byly předloženy v pondělí, ukazují, že dohoda byla v posledních dnech pozměněna: předcházející pondělí Morgan právě oznámil, že bude prodávat do 20 % jejích podílů Japoncům za přibližně 8,5 miliardy dolarů.
"Před týdnem vysvětlil Toshihide Mizuno, výkonný ředitel MUFG v Tokiu," mysleli jsme, že účast bude zcela složena z běžných akcií.
S ohledem na současný stav hospodářství a trhu jsme se doufali, že se rizika minimalizuje a budeme chránit naši záda.“
Na základě vážené průměrné ceny MUFG zaplatí za své Morgan Stanley cenné papíry 7% nižší než jejich účetní hodnota.
A transakce vedou k ředění přibližně 20 % příjmů na akcii.
Dohoda stanoví, že MUFG může ročně převést polovinu svých preferenčních cenných papírů na běžné akcie, pokud obchodovaly více než 50 % nad převodovou cenu, přibližně 47 dolarů na danou dobu.
Morgan Stanley zajistí, že kapitál poskytnutý MUFG umožní získat investiční příležitosti, posílit svůj rovnováhu a zvýšit likviditu.
mluvčí skupiny však odmítl poskytnout podrobnosti o strategických projektech dvou nových spojenců.
Po investici společnosti MUFG Morgan Stanley předpokládá kapitálový poměr Tier One z přibližně 15%, jeden z nejlepších v odvětví.
Morgan řekl, že "významně" snížil svou rovnováhu od konce srpna.
V posledních týdnech bylo pro skupinu obtížné, které viděly polovinu jejího podílového ceny, zatímco náklady na pojištění vůči riziku zvyšování dluhu se zvyšovaly.
Tato cena byla v pondělí snížena, ale zůstala na nové vysoké úrovni přibližně 12%.
V loňském týdnu Goldman Sachs, jediná hlavní investiční banka na Wall Streetu, která přežila po bankrotu Bear Stearns a Lehman Brothers a Merrill Lynch, oznámila, že zvýšila 15 miliard dolarů, částečně od Berkshire Hathaway, skupiny Warren Buffett.
Rafael Correa v Quito v pondělí.
Rekonstrukce okolo republiky socialismu 20. století.
Toto je společný projekt venezuelského Hugo Cháveza, Evo Moralesa z Bolivy a ekvádorského Rafaela Correa.
V neděli, stejně jako jeho spolupracovníci a přátelé, je třetím hlasováním návrhu na novou ústavu.
Od té doby, co 64% voličů hlasovalo "ano" na referendum, podle oficiálních výsledků na základě 80 % hlasů.
Na základě těchto výsledků bylo „ne“ 28%, 7 % hlasů neplatných a 0,7% byly prázdné hlasy.
Za účelem přijetí návrhu Ústavy by mělo být polovina hlasů plus jeden.
Dvě průzkumy provedené mimo průzkumné stanice a jedna nevládní organizace oznámila velké vítězství pro "ano" o rozsahu od 63% do 70%.
Rafael Correa uvedl v noci od neděle do pondělí vítězství svého návrhu ústavy.
"Ustavu se tak zvítězilo," ujistil, chválit Ekvádory ve vládním sídle v Guayaquil, 280 km jihozápadně od Quito.
Rafael Correa byl samozřejmě pozdravován Chavezem a Moralesem, ale také jeho chilenské spolupracovníkem Michellem Bacheletem.
Výzkum, který byl proveden mírně pod kontrolou Organizace amerických států (OAS), se týká textu 444 bodů, které konsolidují „nový socialismus“, který obhajoval prezident.
Návrh ústavy zajišťuje moc státu nad hospodářstvím tím, že vyhrazuje „plán rozvoje“ země, která žije především z extrakce ropy zahraničních společností a zahraničních peněz, které posílají svým emigrantům.
Projekt, který byl zvolen v roce 2006, poskytuje také větší pravomoci předsedu státu, který může trvat až dva po čtyři roky a bude schopen vyřešit shromáždění.
Correa již oznámila, že využije tuto moc k hledání nového mandatu v únoru 2009.
Ústava rovněž konsoliduje zásadu svobodných zdravotnických služeb a vzdělávání, kterou se v této zemi začíná zakládat předseda 13,9 milionů obyvatel, kde 50 % obyvatel žije pod hranicí chudoby.
Zákaz přítomnosti zahraničních vojáků, který ukončí dohodu mezi Quito a Washingtonem o používání Ekvádoru jako základny pro zahájení amerických drogových operací.
19 uvězněných bylo propuštěno v Čadu
Egypťanský velitelský tým zahájil útoky na únosce 11 turistů a jejich osm eskortů bylo zatčeno před deseti dny.
Jsou v Kairo.
Jedennáct evropských turistů a jejich osm egyptských eskortů, kteří byli vězněni po dobu deseti dnů na poušti, byly v pondělí odpoledne vráceny do egyptského hlavního města bez zranění.
Ráno byli vysvobozeni egyptským velitelem v Chadě.
Zdá se, že vězňové přijeli přibližně 1530 hodin na speciálním letadle na vojenském základně Al-Maza, připojenému mezinárodnímu letišti v Kairo.
Okamžitě byli převedeni, aniž by mohli mluvit s tiskami, přes helikopter do nemocnice v Maadi, bydliště v Kairo, provést zkoušky.
Jsou v "dobrém zdraví" a "nebyla vyplácena výkupna" chytovatelům," prohlásil egyptský ministr cestovního ruchu, Zoheir Garanna.
Zachycený 19. září během safari v 4x4 na podstatě hory Ouanat na hranicích s Egyptem, Súdánem a Libyí, byla tato skupina uvězněných z jednoho odkrytého na druhý 35 neznámých únosců.
Zahrnuje 11 turistů - pět Italů, pět Němců a jeden Rumunský - a také osm egyptů: dva průvodci, čtyři řidiče, hraniční stráž a ředitel agentury Egyptus, organizátor safari.
Egyptský bezpečnostní úředník uvedl, že třicet členů speciálních sil, na palubě dvou vrtulníků, zahájilo útok v noci právě před večerem.
"Po požárové výměně bylo zabito a polovina zúčastněných únosců byla zabita, druhá polovina utekla," řekl úředník, který požadoval anonymitu.
Uvedl, že 150 členů egyptských speciálních sil „rychlá reakce“ bylo odesláno do Súdánu jako celku, kde obdrželi podporu od německých a italských komandosů.
Vedoucí italského diplomatického těla Franco Frattini v Belgrade, kde je v současné době, zmínil úlohu, kterou hrají italští tajní agenti a prvky speciálních sil.
"Musíme uznat, že jsme tento výsledek dosáhli profesionálním a účinností našich mužů ze tajných služeb, ze speciálních sil," řekl.
Také odmítl platit výkupné.
Dne předtím, sudanská armáda tvrdila, že na palubě zadržela patrulový vozidlo 4x4, z něhož byli pátrači, zabíjení šesti, včetně chadské hlavy a zatčení dvou.
Armáda tvrdila, že byly spojeny s rebelskou skupinou v Darfuru, SLA-U, která byla okamžitě odmítnuta.
Dopisy - Tichá většina kultury
Diskuse o financování kultury vyvinula název a rozšířila tuto volební kampaň.
Dobrá.
Ale jeden z našich kulturních životů zůstává vždy zapomněl.
Kdo přijde k odsuzování utrpení, která je udělena malým muzeám, archivům, archeologickým nebo národním historickým místům, které jsou hladověné pro financování?
Který politik odváží připomínat federální vládě, že zanechá své památky a dědictví?
V Quebecu, v Kanadě, nemáme žádné skutečné zákony, které účinně zachrání naše dědictví?
Věděli jste, že francouzská vláda věnuje tři a půl milionu eur jen pro obnovu hradu Chinon v Loire Valley?
Naše americké sousedy napsali v Ústavě své země, že ochrana dědictví je součástí americké kultury a že toto dědictví musí být chráněno všemi občany, všemi zvolenými a všemi vládními odděleními, a to ve spolupráci.
V Quebecu, Federace Společností historie Quebecu, nejméně 40 000 dobrovolníků skupinovaných v 211 agenturách pro historii, dědictví, archivy a genealogii se týkají výzkumu historie, zachování, málo fondů, balíčků soukromých archivů a zachování archeologických zbytků.
Často jsou strážníci našeho dědictví, kteří protestují s energií zoufalosti, když vývojáři a stavitelé spustí své bubliny proti starým budovům a zapomenutým hřbitovům.
Kdy bude mít fórum pro historii a dědictví?
Banka Fortis částečně nacionalizovala vlády Benelux
Benelux státy pomáhají Fortisovi, belgické-německé banky, která je prvním evropským finančním institucím v potížích v důsledku následného účinku americké půjčovnové krize, částečně státním nákupem. Tři země souhlasily s vstřikováním 11,2 miliardy EUR do bankovní a pojišťovny maďarské zájmy.
Na konci tohoto týdne se Belgické, Lucemburské a nizozemské vlády na nejvyšší úrovni konzultovaly o této tématu, včetně předsedy Evropské centrální banky a komisaře pro hospodářskou soutěž Evropské komise.
V rámci eurozóny je Fortis první bankou, která se za posledních 12 měsíců přiblížila k mezinárodní finanční krizi, a z určitého hlediska může být rozhodnutí přijato považováno za předchůdce.
Podle rozhodnutí přijatého v neděli večer bude každá vláda podílet na 49 procent v bankách Fortis ve svých zemích.
Banka určitě prodá část svých podílů, zejména pojišťovny, které si zakoupila od nizozemské ABN Amro v loňském roce.
V loňském týdnu se akcie Fortis začaly hluboce proniknout, pak se v druhé části týdne objevily příznaky vážné krize.
Analysti souhlasí s tím, že banka - se svými 85 000 zaměstnanci - je příliš velká, aby byla dovolena propadnout.
V pátek se podíl banky klesl o 12 %, což je nejnižší rekordní úroveň po dobu 14 let.
Hodnota akcií se snížila o dvě třetiny od ledna.
Vzhledem k současným cenám akcií je celková tržní kapitálová hodnota skupiny přibližně 14 miliard EUR, avšak ředitelé společnosti tvrdí, že to neodráží realitu.
Vedení viní zahraniční nejistoty - které jsou spojeny s přijetím amerického balíčku ve výši 700 miliard dolarů - za spadnutí akcií Fortis.
Sklady ukázaly v pondělí mírný nárůst.
Filip Dierckx byl v pátek jmenován novým výkonným úředníkem banky.
Finanční instituce také hledala soukromých kupujících, ale dodnes nebyla poskytnuta žádná podstatná nabídka.
Belgická vláda dříve prohlásila, že investory nemají důvod se obávat, že nebudou ztratit své peníze.
Dodnes se mezi zákazníky banky nenastala žádná panika; žádné banky nedošlo k rychlosti.
Fortis má vlastní bankovní instituci v Maďarsku a také koupil leasingové společnosti.
Fox In The Henhouse
Americké pojišťovny a zdravotnické pojišťovny často odmítají prodávat pojišťovny některým občanům kvůli svým údajům o nákupu drog.
Experti na ochranu údajů se bojí, že trh se stává nekontrolovatelným.
„Existuje program ochrany údajů, který vyžaduje povolení dotčené osoby k použití údajů o léku.
To by mělo být nezávislé, jinak bude fox chránit dům ", cituje Washington Post Richard Dick, vývojář programu použitelného pro sledování léků.
Pojištění se rozhodne o pojištění a částce, která má být zaplacena v případě poškození v závislosti na zdravotním stavu požadovaného zákazníka, a pokud považují za příliš riskantní, neposkytují pojištění.
Žádající zákazníci měli být odesláni k provedení lékařského vyšetřování a smlouva byla uzavřena pouze s ohledem na výsledky kontroly.
Dick vyvinul mnohem levnější metodu před deseti lety: na základě identifikačního čísla zákazníka typ léků zakoupených zákazníkem za posledních 18 měsíců lze snadno zjistit, takže program může sám přijmout důsledky pro nemoci, které žadatel trpí, stejně jako jejich zdravotní stav.
Například v případě pravidelného nákupu velké dávky léků snižujících cholesterol se prakticky týká skutečnosti, že zákazník má neléčitelně vysoké hladiny tuku v krvi, což znamená, že tato osoba bude okamžitě položena na vyšší riziko kategorii.
Program má různé verze v obchodě, některé z nich dokonce definují rizikový faktor, takže pojišťovna nemá nic jiného než papírové práce, i když vznikají menší obtíže.
Jedním z nevýhod je skutečnost, že některé léky mohou být použity pro několik účelů, například některé lékařské vzorce jsou léčení migrény, tepelné vlny nebo dokonce deprese.
Poslední je významným rizikovým faktorem z pohledu pojišťovníků, zatímco ostatní dva nejsou.
Existují konkrétní společnosti, které se týkají získávání a zpracovávání údajů, a požádají pacienta o povolení před získávání potřebných informací z lékárn.
To již jsou povinni, i když jejich předchozí neúspěchy nebyly trestány.
Některé společnosti dokonce zpracovávají výsledky laboratorních testů a spojují je s údaji o užívání drog. Tímto způsobem mohou poskytnout přesnější informace o zdravotním stavu pacienta.
Stále více společností získávají přístup k datům a zároveň se ovládání jejich používání stává stále obtížnějším.
Existuje konkrétní akt o ochraně údajů o zdravotní péči, ale jeho rozsah zahrnuje pouze poskytovatele zdravotní péče a pojišťovny.
Zákon o poskytování kontrolních pravomocí orgánům nad společnostmi, které se týkají poskytování údajů, byl předán Kongresu.
Dick Richard si uvědomuje, že to nestačí: proto dal další vývoj svého programu, který by nyní omezil přenos údajů v souvislosti s vyžadováním výslovného souhlasu dotčené osoby.
Jedná se však o další otázku, že žadatel nemůže skutečně odmítnout souhlas, jinak pojišťovny s nimi neschopnou uzavřít smlouvu.
Takže kůry, do určité míry, budou pokračovat v závislosti na dobročinnosti foxu.
Global Marseille Menu
Evropská unie a Indie dvojí obchod
Vzhledem k tomu, že Evropská unie a Indie jsou vzájemně předními obchodními partnery, tento záležitost také dominuje programem devátého summitu kromě dalších, především globálních problémů.
Dnes se bude konat i summit Francie-Indie, zejména o spolupráci s jadernou energií.
I když Evropská unie uznává, že Indie je vzrůstající demokratickou světovou moc, která by měla být dána více říci v mezinárodních věcech, členské státy dosud nedokázaly dohodnout, zda podporovat stálé členství Nového Delhi v bezpečnostní radě OSN nebo ne.
Včera v Marseille se tento záležitost nemusela během devátého summitu.
Francouzský předseda Nicolas Sarkozy jako rotující předseda Unie, předseda výboru José Manuel Barroso a ředitel zahraniční politiky Javier Solana vítá indický premiér Manmohan Singh a souhlasil s dvojitým zvýšením obchodu na více než 100 miliard eur za pět let.
Vzhledem k tomu, že výměna zboží vzrostla z 25 miliard na 55 miliard mezi lety 2000 a 2007, není to příliš ambiciózní cíl.
V důsledku toho byly zákonně harmonizovány 26 stávajících dvoustranných dohod o civilní letectví s Indií, což znamená, že letecká doprava může být v budoucnu křídla.
Indie má za cíl podepsat dohodu o volném obchodu s Unií do konce roku 2009.
Sarkozy slíbil, že urychlí harmonizaci.
Cílem je najít rovnováhu, zatímco Indie je prvním obchodním partnerem EU, a zároveň má Nový Delhi pouze deváté místo na seznamu partnerů EU.
Summit se zaměřil na globální otázky:
O situaci v Afghánistánu a Pákistánu, jakož i o terorismu, která byla odsouzena oběma stranami v každé formě a vyzvala konferenci OSN.
Dokončení obchodního kruhu Doha bylo také urychleno, i když obě strany jsou zodpovědné za fiasco.
EU potvrdila, že udrží svůj energetický a klimatický program, což znamená, že má záměr snížit emise znečištění ovzduší o nejméně 20 % do roku 2020.
Indie souhlasila s tím a s cílem dosáhnout celosvětové dohody na konferenci o klimatu, která má v příštím roce a snížit emise skleníkových plynů o 50 % do roku 2050.
Dalším cílem bylo zabránit růstu cen potravin a podporovalo se výzva na mezinárodní konferenci k přezkoumání finanční krize.
Indický premiér má dnes v francouzském hlavním městě dvoustranné schůzky, kde se chce dohodnout o mírném využívání jaderné síly.
Paříž očekává, že francouzské společnosti udělí smlouvy o budování jaderných reaktorů v Indii v hodnotě 20 miliard eur.
Podle informací zpravodajské agentury bude dohoda platná po dobu 15 let.
Více než 300 italských editorů v Frankfurtu
Silná přítomnost italských editorů na Mezinárodní knihové fázi v Frankfurtu.
Více než tři sta italských editorů bude přítomná na šedesáté výročí Buchmesse, nejdůležitější mezinárodní události pro výměnu autorských práv.
Mezinárodní knihovna v Frankfurtu očekává na tuto příležitost více než sedm tisíc výstavců z 101 různých zemí, kteří budou okupovat 171 790 metrů čtverečních na zemi s více než 403 tisíci titulů na displeji a Turecko bude hostem cti.
Ministerstvo kulturního dědictví a činnosti Francesco Maria Giro zastupuje italskou vládu na ceremonii otevření italského pavilionu: Itálie bude ve skutečnosti přítomna jako instituce s italským stánkem – 264 metrů čtverečních výstavního prostoru.
Následující bude tisková konference na Room Structure of Pavilion 5.0 of Buchmesse: toto bude příležitost, kdy budou prezentovány postavy, trendy a pohled na stav italského publikačního průmyslu.
Podle údajů se postupně snižuje význam zahraničních autorů knih v italské produkci, a zejména u dospělých a dětí.
Steve Fossettův letadlo zmizel milionář před rokem
Bylo nalezeno náramek letadla Steve Fossett, milionáře, který zmizel 3. září 2007 při letu přes poušť Nevada.
V oblasti Sierra Nevada jezera Mammoth, na hranici mezi Kalifornií a Nevadou, bylo nalezeno na plošině v výšce 3000 metrů.
Uvnitř letadla však nebyly žádné lidské zbytky.
Sheriff Madera County, John Anderson, vysvětlil všechny zbývající pochybnosti: "Letounek se nachází, poslali jsme tým a nyní máme potvrzení, že je to ten, na kterém letěl Steve Follett, když zmizel," řekl na tiskové konferenci.
Šerif později uvedl, že žádné lidské zbytky nebyly nalezeny ani na letadle, ani v okolí.
V únoru zemřel milionář, ve věku 63 let.
Americký národní bezpečnostní úřad pro dopravu (NTSB) uvedl, že několik hodin poté, co byl zaznamenán vyšetřovací tým, který později identifikoval letadlo: je to Bellanca 8KCAB, který zmizel od 3. září 2007, kdy Fossett odešel z Yeringtonu v Nevada na tři hodiny let.
Včera, vždy v Kalifornii, nedaleko hranice s Nevadou, některé osobní účinky, které patří k Fossettu, byly nalezeny párem blízko jejich domova v Mammoth Lakes.
Objemy jsou dva dokumenty jménem Fossett, oba vydané federálním leteckým úřadem Illinois, některé hotovosti a košile.
Vyhledávání Fossett byl odvolán měsíc poté, co zmizel.
Milionář získal místo v historii díky řadě světových záznamů.
V roce 2002 se stal prvním mužem, který dokončil celosvětovou výlet v horkém vzduchu: dvoutýdenním sololetu.
Tři roky později proběhl celosvětovou cestu letadlem bez přistání.
Mezi jeho mnoho záznamů letí také 15 445 metrů nad Andy, ale s spolupilotníkem.
Glk, reklama, která vás nečeká
SUV, který je mimo normy s původním designem definovaným rozhodujícími řádky, širokými povrchy a čistými řezanými rohy.
Kromě toho je to GLK, nejnovější dodatek k „kompactnímu“ off-road vozidel od hvězdného výrobce, s nímž se Mercedes-Benz snažil vdechovat čerstvé vzduch do tohoto odvětví.
Vzhledem k tomu, že jeho vlastnosti jsou mimo tradiční normy, zpráva, která doprovází zahájení GLK SUV, bude také neočekávaná a nekonvenční, bude k dispozici v showrooms Mercedes-Benz od 17. října příštího.
Takže reklamní kampaň, která bude doprovázet debutu nového vozidla, vytvoří novou komunikační metodu, která zahrnuje také futuristickou kampaň 3D billboardů, která byla poprvé použita v Itálii značkou automobilů.
Projekt velkých účtovacích tabulek, který je v pohybu ve třech různých fázích, který bude dominovat nejcentrálně milánskou nákupní ulici, Corso Como, do 15. listopadu.
První fáze tohoto nového typu komunikace začne s prezentací automobilu v stereoskopické vizi a díky speciálním brýlem distribuovaným v okolí Corso Como bude možné vidět nový SUV ve skutečné velikosti a 3D formátu.
Ve skutečnosti, podívat se na obrázek, dostanete pocit, že auto vytrhne z pokladny.
Později se pomocí inovativní technologie Elumina 8 všechny detaily nového GLK budou osvětleny v různých časech a pak budou obnoveny jako jediný obraz.
Mercedes se bezpochyby prostřednictvím této reklamy snaží představit něco nového do konvenční oblasti automobilové reklamy.
Bude to s tímto vzorcem úspěšně proniknout zájmy budoucích kupujících? Uvidíme.
Tady jsou italští holiganové
Tri-Veneto, který je zodpovědný za zákaz účasti na sportovních zařízeních (Daspo).
Ale kdo jsou ti 150-200 lidí, z nichž se Itálie nyní stydí? Jsou součástí skupiny "Ultras Italia", která už léta podporuje národní fotbalový tým a dodnes, pravda je známa, nikdy nevytvořila velké problémy.
Ani se nikdy nerozhodl s protivními fanoušky.
Vývoj skupiny je pravý křídlo.
Společnosti jsou z Tri-Veneto.
Z Verony, Padue, Trieste a Udine.
Tyto skupiny se připojily malé skupiny (ve skutečnosti velmi málo členů) z Campania a Puglia.
Na nich mají vlajky trikoloru s městem původu militantů: v sobotu byly odstraněny tak, aby nebyly identifikovány.
Vybírají své myšlenky od anglických fanoušků.
V Bulharsku našli podporujících, kteří byli skutečnými nacisty, levské skupiny.
FIGC poskytl italským fanouškům 144 lístků na zápas: všechny osobní, takže snadno ověřitelné.
A Ministerstvo vnitra v Viminale je ve skutečnosti ověřilo všem: mezi těmito skupinami, které chodí do Sofíe, nebylo zakázáno, nebylo zakázáno dostupovat do stadionu.
Čtyři italské podpoře, kteří měli dřívější zločiny související s stadionem, byly ve skutečnosti zamítnuty vstupenky a zdrženli se jít.
Nyní se ministerstvo vnitra očekává, že bude schopen přečíst oficiální záznamy, které by měly přijít od bulharské policie před přijetím kroků: v tomto případě je možné zakázat alespoň pět let podporujících, kteří byli zatčeni nebo ti, kteří byli identifikováni během poruchy.
Mezinárodní sankce, která zakazuje účast nejen stadionů v Itálii, ale i v celé Evropě.
Naši holiganové krátce nebudou vstoupit do dalšího stadionu.
Naštěstí.
Ale nyní se bojí emulace, je to, že se jiní připojují k tomu trochu více než sto a padesát.
"Musíme okamžitě prozradit tuto svědění a nelegitimovat ty, kteří se tak chovají," tvrdí ti, kteří se chovají v Ministerstvu Viminale.
"Oči jsou široce otevřené, zvláště proto, že v středu hraje národní tým na Lecce."
V Puglia je ve skutečnosti malý jádro Ultras Italia podporujících.
Zítra se bude v úterý setkat s CASMS, který může spoléhat na sekci AISE, což je tajná služba, která se řeší přesně problémy v stadionu.
"Corus Duce-Duce a ruka se roztrhla během mameliského ducha? V Bulharsku to není zločin..."
To jsou myšlenky (vyjádřené velkou zklamání) Domenico Mazzilli, který před několika týdny je ředitelem Observatory of Viminale (došlo k pozice, kterou původně držel Francesco Tagliente a pak Felice Ferlizzi).
V minulosti byl Mazzilli vedoucím policie v Trieste, kde se založil v roce 2002 jádro podporujících Ultras Italia.
To je pravda, říká Mazzilli, že v Bulharsku není zločinem zpívat hymny k vojvodu, ale chování těch 150-200 fanoušků určitě bylo zklamání.
„Nejsem sociolog, dodává pozorovatelský záznam, že zločin by měl být obviněn v zemi, ve kterém se událost vyskytuje.
Do té doby tato skupina zůstala v řadě, teď uvidíme, co se vlastně stalo a budeme ji posoudit pro budoucí referenci.
Ale pojďme si také promluvit o tom, jak se mamelii vyzývá: to není také zločin v Bulharsku, ale pokud mám právo říci, není to dobré způsoby.
