




Waxay ku jiraan caqliga dalka Wells: Waxay ku jiraan caqliga dalka Wells.

Waxaa lagu sheegay hadalka bulshada ku dhacay in reerkaas "ma aysan lagu xukumin" in lagu sameeyo magacaaga, laakiin waxaa lagu sheegay in magaca cusub oo lagu sameeyo "MWP" oo lagu sheegay "muppet".






Sharciga sharciga reefta ayaa ku soo deji doona mid kale oo ka mid ah shaqaalaha isku shuqullada, in kastoo ay sharciga ku dhacdo shaqaalaha isku shaqaalaha, iyo in kastoo ay tahay shaqaalaha isku shaqaalaha.




Haddaba Athena waxay u sheegay in magaca ciidankiisa ku jirta dalka Gariig ah ay u sheegeen, oo marar badan ayuu u sheegay in ay iska soo qabto EU iyo NATO.

Haddaba, dadka caawimaadka reer binu Israa'iil, sidaa darteed ayaa sheegay in reer binu Israa'iil magaca lagu sameeyo, waxaa lagu sheegay in loogu baahan yahay qiimaha lagu bixiyo EU iyo NATO.
















Waxaa sheegay in Tiffany Ng ee University of Michigan ay isku arkay inay tahay in uu ugu horreeyey shaqaalaha shaqaalaha ugu horreeyey dunida - Dionisio A. Linda, oo lagu soo dejiyey shaqaalaha ugu weyn ee cilmiga Riverside 18 sano ka hor.









Waxaad igu qabtaa!"








Sainsbury ayaa loogu sheegay caafimaadka taariikhda UK ee waxyaalaha caafimaadka
Sainsbury wuxuu u soo saaray Boots, Superdrug iyo Debenhams, markuu furay caasimada waxyaalaha caasimada ah ee lagu dulmiyo, halkaas oo caasimada lagu shaqeeyo caasimada caasimada caasimada.
Sida qof ugu tahay shaqaalaha ugu weyn ee taariikhda shirkadda ah ee UK, oo loo lahaa 2.8 bilyan libra iyo inuu ku soo dhacay, in kastoo ugu taariikhda shirkadda ah oo shaqaalaha ah oo guriga ah ku soo dhacay, ugu weyn ee shaqaalaha shirkadda ah ilaa maanta waxaa lagu soo dhowaan doonaa 11 shirkadda oo dhan, markaas oo
Waxaa lagu sameeyey shaqaalaha shaqaalaha shaqaalaha ah, markii supermarkets waxay doonayeen sida loogu isticmaalo xidhanka laga dhigay xidhanka, oo hore lagu shaqeeyey TV, shaqaalaha mikrowallada iyo xidhanka kale guriga.
Sainsbury waxay yidhaahdeen in lagu duwan doono deegaanka waxyaalaha lagu soo bixiyo ilaa 3000-ka, oo markii ugu horreeyey ayaa lagu qabtay markaad sidii Revlon, Essie, Tweezerman iyo Dr. PawPaw.
Gamihii waxyaalaha hore ee L'Oreal, Maybelline iyo Burt's Bees waxay kala duwan ku heli doonaan meel ka badan, sida waxyaalaha shirkada ee Boots.

Waxaa ka dambeeyey, aqoonta Fragrance Shop ayaa siin doona labada magaalooyinka ee Sainsbury, midkii ugu horreeyey inuu furay Croydon, London ku soo baxay maalinta hore, markii labaad ayaa laga heli doona Seli Ook, Birmingham intii sannadkan ka dabadeed.

Mike Coop, ciidamada ugu horreeyey Sainsbury, wuxuu sheegay in waxyaalaha ay u sii sheegayaan sida cagaha cagaha cagaha ah, in kastoo cagaha supermargeed lagu jiro inuu ku dambeeyo diyaarka Aldi iyo Lidl, si ay u siin doonto waxyaalaha badan oo aan cagahayn iyo waxyaalaha aan cuni.
Sainsbury waxay lahaayeen qof boqol oo magaalada Argos, sidaas oo kalena waxay la fureen magaalada Habitats oo labadii lagu iibsaday laba sannadood ka hor - waxa isku shuqullada lagu sheegay inuu soo badantay iibka waxyaalaha cunto iyo inuu waxyaalaha ku dhacay.
Shaqadkii hore ee cagaha supermarket oo uu ka dhigto waxyaalihii uu ka dhigto waxyaalihii cagaha ah iyo waxyaalihii ciidanka ah ma ay dhacday.
Sainsbury waxay u shaqeeyeen shaqaalaha lagu sameeyey Boots bilowgii qof cusub, laakiin shaqaalaha ayaa dhammeeyey markii sheegay in lagu qabto shaqaalaha shaqaalaha shaqaalaha shaqaalaha supermarkets.
Strategy cusub ayaa lagu dhacay markii Sainsbury la iibsaday shuruuqiisii farmaadeed 281 ee Celesio, oo lahaa lacagta Lloyds farmaadeed, ee 125 milyan libra saddex sano ka hor.
Markaasay yidhaahdeen, Lloyds waxay lahaayeen shuqullada lacagta, si ay u soo bixiyaan markaad waxyaalaha dulqaadka lacagta ah, oo ka mid ah La Roche-Posay iyo Vichy ee afartii dulqaadka.
Paul Mills-Hicks, maqashada Sainsbury, ayaa sheegay: "Waxaan soo dhacday shaqada iyo shaqada shaqada shaqadeenna si aan u wanaagsanayn qofka caafimaadka aad u tahay.



Xildhibaanka Dragons Den Peter Jones "waxa lagu sheegay" markii telebiyada ugu dambeeyey Hooley Wilebee la dibiyey shaqaalaha 11 milyan pound ee shaqaalaha loogu qabtay ee loogu qoray inuu soo qoray shaqaalaha cusub ee Marks and Spencer iyo ITV.



Holly Willbee ayaa ka soo baxay Dragons Den Peter Jones "ku xidhay," markii ay ka soo bixiyeen shirkadda qurbaankooda markaadii lagu shaqeysto waxyaalaha lagu shaqeysto saacadkii ugu dambeeyay - si ay u horeeyaan sharciga cusubkooda Marks & Spencer iyo ITV.
Waxaa la sheegay in Jones "waxa lagu qabsaday" markii "gabadka dahabka" ee telebiyada lagu sheegay in lagu qabto isku shuqullada shaqaalaha shaqaalaha Marlow, Buckinghamshire, in lagu shaqeeyey mid cusub - iyo 1.5 million pound, waxaa lagu sheegay in Tru ma jiro wakhtiga markerkaaga iyo axee.


Waxaa lagu sheegay in "Truly waa ugu horreeyey Holey.




Waxay rumaysan tahay in dabka "Maalintaas" oo ah mid ka mid ah xididka ugu faa'iido ee UK, waxay ku leeyihiin mid ka mid ah mid ka mid ah mid ka mid ah qofka ugu weyn ee shirkadda, iyo ka mid ah shirkadda, iyo mid ka mid ah shirkadda, iyo mid ka mid ah mid ka mid ah shirkadda, sidaas oo kale.


Waxaa lagu abuuray Truly iyo Cape 2016, Jones oo 52 sannadood ah, ayaa lagu qoray inuu noqdo sayidka shirkadda markii markii.
Laba qoyska ayaa badan u soo baxay in ay isku soo baxayso, Jonesna waxay leeyihiin 40% ka mid ah shirkadda telebiyada ee Bolduin.


Waxaa lagu dhigay in lagu 'caafeeyo qofka qofka'

Maxaa Muqdisho Trump ka dhacay si weyn?

Waxaan u dhacday waxba.


Waxaa ka badan saddex bilood ka dib ka dib markii isku shuqullada Yunus ee Singapore, Shaqaalaha Koreya ah, R. Yung Hoo wuxuu ku sheegay shaqaalaha Qabiilka UM, in Korea-ka-Qaabiilka-Qaabiilka-Qaabiilka-Qaabiilka-Qaabiilka-Qaabiilka-Qaabiilka-Qaabiilka-Qabiilka-Qaabiilka-Qaabiilka.














Waxaa lagu sheegay hadalka sharciga dalka ah oo ah Sutopo oo sheegay in sayidka Indonesiiya hadda lagu isticmaalayo hadalka Palu si ay u sheegaan in lagu siiyo sharciga dunida ah in lagu caawiyo caasimada caasimada caasimada.



Sida ugu wanaagsan oo kale, shaqaalaha ay ku dhex jiraan dalka badan ee Indonesiiya ayaa isku jiray.
Haddaba waxyaalihii lagu shaqeysto waxay ka badan yihiin waxyaalihii lagu shaqeysto.

Madaxweyne Joco Widodo ayaa u soo noqday inuu u wanaagsan yahay shaqaalaha Indonesiiya ee shaqaalaha hortiisa ka mid ah, si ay u sheegtay qiimaha weyn ee lacagta iyo shirkadeed.
Haddaba maalintii aan lahayn ayaa dhammaystay intay Joco ugu horreeyaan sanadkii dambe.


Arkay: Daniel Stereage ayaa ka soo bixisay in loogu sameeyo Liverpool iyo Chelsea





"Anigu waxaan caddeeyey inaan ku helo taageer wanaagsan in la shaqeeyo buunka, maxaa yeelay, shaqaalaha sidii Shak wax ugu baabbi'iyaan taageerka hortiisa, sidaas daraaddeed anigu waxaan caddeeyey inaan wax badan ka helo taageerka wanaagsan ee albaabka," ayuu Steering ku sheegay LiverpoolFC.com.

Chelsea ayaa 1-0 ka qabsaday saddex-kii 25-aad dabadeed xiddigaha Belgica ee Eden Azar.

Kovacic ayaa qabsatay in lagu qabto qofka labaad ee midkoodka.

























Dhulka waxyaalaha ku leeyahay oo dhan waxay ku baryeen in la soo xiriirto @MerPolCC, in la soo xiriirto 101 ama in la soo xiriirto Crimestoppers in la soo xiriirto 0800 555 111, code 247 30 Septembre.







Mr. Goldsmith ayaa ku sheegay The Sunday Telegraph: "Cromuel ayaa lagu sheegay in dad badan, ama maanta inuu ka badan yahay qofka 19-a, inuu yahay caafimaadka dalka dalka ah, haddana waxaa loogu yahay monarkia.

Waxaa aaminsan yahay, waa hadalka reerka 17aad, oo ay ka mid ah hadalka ugu horreeyey dadkeenna, iyo Cromwell waa mid aad u aqoonsan yahay, oo ah mid ka mid ah waddanka qabta.
Waxaa laguu qabtay in ay isku qabto iyo in ay isku qabto. "
Waxaa lagu dilay ciidamada Shiinaha oo dhimashada ku dhacay

Ninkaas oo ku soo xisaabtay qabiilkiisa keliya, Yuan, ayaa la helay inuu dhiigga ku dhintay iyo inuu dhiigga ku qabto ku xidhay taariikhda Liupanshuu oo ku jiray Guyajiyow, ayaa la sheegay maalintii South China Morning Post.















"Waxay kaliya ku galay.























Soomaaliyeed waxaa lagu jiraa maalinta wanaagsan ee dhaqaalaha dhaqaalaha dhaqaalaha deggan ee Mareykanka.
Waxaa jira jiray 20 digriir oo heshiis ah magaalada Kansas, Missouri, iyo Omaah, Nebraska, iyo Sent Louis iyo De Moin, Ayova.



Waxaa lagu muuqdaa in waxyaalaha ugu horreeyey si ay ugu horreeyey in ay ugu horreeyey heshiiska ugu horreeyey xagga xididka ku dhex jirta ee Mareykanka in dhaqaalaha ugu horreeyey markii ugu horreeyey Oktobaar.




Kavanau, isku shaqeyso sharciga la'aanta, wuxuu ku dhacday in wax kasta oo kale uusan dhacay.

Shirkaalka ayaa soo qabtay arrimaha dhaqaalaha CBS, ABC, NBC, CNN, Fox News Channel iyo MSNBC.



Fox News Channel, kaas oo ugu dambaystay dadka ugu dambaystay inay Kavanau ku soo bixisaan, ayaa ugu horreeyey mid kasta oo ugu horreeyey 5.69 milyan oo arrinta maalinta oo dhan, ayaa Nielsen sheegay.
ABC waa la labaad oo la xiriiray 3.26 milyan.
Sida Nielsen CBS loo sheegay, waxaa lahaa 3.1 milyan, NBC - 2.94 milyan, MSNBC - 2.89 milyan, CNN - 2.52 milyan.




Naagtii ayaa ku yidhi, Waan halkan tahay oo hortiinna ku taagnaa.




Ala Flake ayaa sheegay inuu waxyaalahan sameeyo haddii ay rajeyso in FBI ay sheegeen shacabka lagu dambeeyey maalintii dambe, oo ay shacabka lagu dambeeyey madaxweyneedka lagu dambeeyey.

Markii la hadlay Cunes iyo Senator qaarkood, Flek ayaa ka dhacay.


Madaxweyne Madaxweyne Madaxweyne Madaxweyne Madaxweyne Madaxweyne Madaxweyne Madaxweyne Madaxweyne Madaxweyne Madaxweyne Madaxweyne Madaxweyne Madaxweyne Madaxweyne Madaxweyne Madaxweyne Madaxweyne Madaxweyne Madaxweyne Madaxweyne Madaxweyne Madaxweyne
Waxaa sharciga sharciga Teresa May u sheegay in ay ka tageen sidii ay ugu dambeeyaan uunka Yuhuudda Yuhuudda, in ay "dambeeyaan siyaasiyihii" ugu dambeeyaan UK iyo in ay u dhacdo qofka dambeeyinka dalka ee gaar ah Sunday Times.
Madaxweynaha Mareykanka, Teresa May, ayaa u soo dhowaaday in ay u soo dhowaanto shaqaalaha shaqaalaha konservative ee Birmingham, UK, 29 Septembri 2018.
Waxaa lagu shaqeeyey hadalka kale oo lagu shaqeeyey sare ee gaarkadii ugu horreeyey, sidaas oo kale, sharciga sharciga dalka ah Boris Johnson ayaa ku xoogeystay isaga ka horreeyey "Maqaalka Gaarka" ee Brexit, oo lagu sheegay in loogu soo ururiyo shirkadda dunida ee UK iyo in ka horreeyey.
Waad Sims: Police ayaa lagu qabsaday Ditian Simpson in lagu dilo qofka cagaha LSU
Police ayaa loogu qabsatay in ay ku dhammaadeen maalinta dibka ah ee Wayd Sims, oo ah 20 sannadood oo ku jiray qoslooyinka ku saabsan LSU.

Dadkii shaqaalaha ayaa lagu soo bixiyey video sidii shaqaalaha Simmis iyo Simpson, oo polisi ayaa la sheegay in Simmis ayaa soo dhacay waxa uu ku dhacay in uu soo dhacay.




Waxay ku mahadnaqdeen shaqaalaha inuu u baahnayo dadka ku dhacay Police ee Louisiana, laabka dembishada Police, Police ee Southern University iyo dadka dalka ku jiray caawimaadka ay u siiyeen ciidamada sheegaya ee ay isku dhacay xabsiga.
Dadka sharciga sharciga LSU Joe Aleva ayaa ku mahadnaqdaa sharciga sharciga dalka ah ee "xaqnimada wakhtiga" ah.
Sims wuxuu ahaa labaatan sannadood.

Waxaa dhacay in dhaqaalaha ugu dambeeyay in uu ku dhacay 5.6 ciidanka iyo 2.6 rikooceed.
Waxaa lagu sheegay maalintii hore, maalintii LSU Wil Wade, inuu ku sheegay in "Srinat" iyo "Shock" ka dib markii Wayd dhimashay.

Wulkaan ayaa ku dhacay bulshada magaalada Mexiko

Shaqaalaha dalka ka dambeeya caasimada ah ayaa dadka Mexiko ku sheegay in ay ka hor joogto sabbada, markii shuqullada ku dhacay dhaqaalaha dhaqaalaha, iyo in 24 saacadkii ugu dambeeyay ayaa 183 qofka gaas iyo ballaadhka lagu qabsaday.


Geophysics waxay arkeen in ay ku dhacaan shaqada vulkanka oo 45 kilomita (72 kilomita) ku soo baxay magaalada ka soo baxay, kaas oo cidlada maagnaalka 7.1 oo Mexiko ugu soo baxay Septembri 2017.







Sidaas daraaddeed waxaa lagu sii dhex jirtay dalka caafimaadka aan doonayay sannad markii lagu sameeyey 1 Oktobaab oo reer Madriidda lagu shaqeeyey, laakiin waxaa lagu qabtay caafimaadka caafimaadka lagu qabtay.

Madaxweynaha Cataloniya waxay u sheegay inay qabsateen 1.000 dad sannadkii hore markii polisiitii ay bilaabeen in ay ka dambeeyaan waxa ay u dhacayso dhaqaalaha dhaqaalaha warqaddan oo dalka ku dhacay qaar qaar.





Haddaba in kastoo ay u dhacayso waxa u muhiim yahay, ama in kastoo ay u dhacayso waxa ay u dhacayso waxa uu dhacay in caafimaadka caafimaadka caafimaadka caafimaadka caafimaadka caafimaadka, ama in kastoo ay u dhacayso waxa uu dhacay in ay u dhacayso.


Maalintii sabtida, Orriol Hunkeras, mid ka mid ah tobanka madaxda Catalonya oo ku dhacay in uu sheegay sheegay in uu sheegay inuu ka soo jeediyo isticmaalada Parlamentka Yurub ee sanadkii dambe.













Livingston wuxuu ka dhacay dhaqaalaha wanaagsan ee dadka caasimada ah oo aan lahayn.

Scott Robinson ayaa caafimaadkii ka soo baxay, laakiin caafimaadkii ayaa ka soo baxay, markii Alaan Litgo lagu soo baxay dhibkii dhagaxda markii Craig Halkett ku soo noqday lacagta madaxiisa.







"Fenomentaal" by Livingston - Anaqos
Alasdair Lamont ee BBC Scotland ee "Tony Macaroni Arena"
Xildhibaanka caasimada iyo dhaqaalaha wanaagsan ee Livingston.



Capipitan Halkett ayaa la yaabay inuu soo xiriiro caafimaadka caafimaadka si wanaagsan, intuu Menga ku dhacay Connor Goldson iyo Joe Warrel.
Markaas daraaddeed, Rayshers waxba ma muujin karaan.


Erdogan wuxuu heli karaa qofka lagu qabto Qoln.


Shaqaalaha caqli ah ayaa ka dhigay waxyaalaha caqli ah ee caqli ah, caqli ah ee media iyo ay Turkiga ka qabtaan EU.







Dhulkaas ayaa u soo dhowaaday gobolka Bestwood Street iyo Evelyn Street, oo ku soo baxay jidka Deptford, magaalada xagga koonfureed, oo saacadda Britannica oo ah 10:15 saacad.

Dhulkaas ayaa ka dhacay bilood ka badan markii qof kale oo lagu dhintay, markii lagu baabbi'iyey gobolka ku soo baxay Childers Street, oo lagu jiray meeshii shabaabta lagu soo baxay.















Shaqaalaha qofka sare ee xisbiga ah ayaa shaqaalaha shaqaalaha shaqaalaha shaqaalaha ee xisbiga iyo shaqaalaha shaqaalaha Arizona, Nevada ku dhexdeeda iyo ku dhexdeeda, California ku dhexdeeda iyo Yuta, ku jira magaalooyinka Phoenix, Flagstaf, Las Vegas, iyo Salt Lake City.

Shaqaalaha qofka sare ee Finikis ayaa Twitter u sheegay in "dabaalka tobanka sare oo kale oo 1950-ka ah waxaa lagu dhacay duufaanka sare ee 200 kilomita oo Finikis ka soo baxay!!

Mudelmada ugu dambeeya ee Cenarka Uuraganka ee Dadka waxaa lagu sheegay 2 ilaa 4 inci oo ay ku dhacaan 6 inci oo ku dhacaan Mogolon Rooma, Arizona.
Dadka kale oo ku jira cidlada xagga dalka xagga badda, oo ku jira Buurta dhagaxda iyo Dadka Aadmiga ah, waxaa loogu heli doono sidii 1 ilaa 2 inci, oo meelaha qaar ah waxaa laga heli karaa si ay u dhacaan 4 inci.


Waxaa lagu sheegay Shirkaalka Xaalada Mareykanka oo ka mid ah 40% Arizona ayaa ka badan ku dhibaa in ay ka badan tahay cusub, oo ay ka mid tahay labadii ka mid ah ciidamada ah," ayuu sheegay weather.com.







"Rosa iyo dhaqaaladahaas oo ay tahay, waa dab weyn ee Bahraah California, Sonora dibadda, iyo cidlada Bahraah ee Mareykanka," ayuu sheegay Ciidamada Dunida ee Uuraganka.














Waxaa u sheegay in uu ka mid ah in uu ka mid ah hadalka uu ka mid ah waxyaalaha uu ka mid ah hadalka madaxweyne ee madaxweyne ah ee madaxweyne.
"Waxay ku dhacay shan maalmood oo ka mid ah doorta ugu muhiimsan ee wakhtigaaga.







Xunaami ayaa ka soo baxay markii cidlada lagu soo baxay magnituda 7.5.



Sidaa darteed 16 700 dad ayaa la baabbi'iiyey midkii 24 oo ku dhex jiray Palu.



Waxaa lagu sheegay Indonesiiya BPPT iyo isticmaalidda Tecnolocyadii (Indonesia) in lagu sheegay in bulshada lagu baxay dunida hore ee hore, waxaa lagu baxay 200 bilood ka sare ka sii xoogga badan oo lagu baxay boommada aadmiga iyo aadmiga dunida labaad.













Gobolka magaalada ayaa ugu fureeyey iyadoo kaliya in lagu shaqeyso shaqaalaha badbaadidda, oo markaas waxaa lagu dhacay Oktobaar.
President Joco Widodo ayaa soo dhowaaday magaalooyinka ee eefacada ee Paley in kastaba ka soo baxay.

Waxaa shar badan yahay.


Waxaa shar badan yahay.














Dadka ka dhacay $ 26 750 markii lagu shaqeyso bankomada Newport ee Lewi
Waxaa lagu shaqeeyey $ 26,750 oo shaqaalaha Brink, oo lagu shaqeeyey bankomaadka Newport ee Lewi, waxaa lagu muuqdaa hadalka shaqaalaha polisi ee Newport.



Dhammaan kasta oo lahaa maalinta in lagu xumayn yahay, waa inuu soo xiriiro polisiisa Newport telefonka 859-292-3680.















President cusub ee Mexiko, Andres Manuel Lopez Obrador, ayaa dhaartay inaysan isticmaali karin xoogga ciidamada. Waxaa dhacay markii dalka ku soo dhowaa 50 sannadood oo dhiigta dhiigta ku dhacay dadka.

Sidaas daraaddeed, ciidamada ayaa lagu dilay in la dilo in ay 2 Oktobaar 1968, oo ay ku dileen 300 dad oo ay ku dileen in ay dhaqaalada siyaasiyihii dhaqaalaha ee dhaqaalaha ee dhaqaalaha ee dhaqaalaha ee Latiina ee Mareykanka.



Marka Shiinaha ku dhacay inuu u shaqeyso muddo aad u shaqeyso aad u muddo aad u shaqeyso aad u shaqeyso, Mareykanka waa in lagu waajibka isku baabbi'in doono aad u shaqeyso aad u shaqeyso aad u shaqeyso Google, Microsoft, iyo Apple.



Sidaas daraaddeed, in la joogo qofka lacagta lacagta ah, waxaa lagu siiyey in lacagta lacagta lacagta ah oo ugu horreeyey in lacagta lacagta lacagta ah ee Mareykanka, sida Lee lagu sheegay CNBC hadalka lacagta hore.
Liy oo kitaabka "Superpowers of the IE: China, Silicone Valley and New World Order" lagu sheegay biloodkan Houghton Mifflin Harcourt, wuxuu yahay kan ugu dambaystaa Sinovation Ventures, oo ka mid ah mid ka mid ah shirkada ugu weyn ee IE ee China - Face++.
Waxaa lagu shaqeeyey Carnegie Melan Lee oo shaqeeyey shaqaalaha I.I.A., oo ka qabtay shaqaalaha ugu dambeeya ee Amerika, dabadeedna ayuu u dhex shaqeeyey shaqaalaha Microsoft Research iyo shaqaalaha shaqaalaha google ee China.
Lee wuxuu siin jiray qofka shaqaalaha tecnolohiisa hore ee dalka Federal, sidaasoo kale qofka robotics of the Agency of the wararka caafimaadka, oo wuxuu weyddiistay markii uu ku soo dhowaaday, waxa uu ku jiray caafimaadka caafimaadka cusub.

China ma kaxayn dambeeyadda academiiska, laakiinse shaqaalaha," ayaa ninku sheegay.
Facebook, Google iyo shirkada kale oo lagu shaqeysay in ay shaqeyso shaqaalaha I.I.


Soomaaliyeedka dalka Mareykanka ayaa sheegay si ay u soo saaraan injiilka ciidanka ah oo ka soo socda Yuulay 2017.
Shaqaalaha Shaqaalaha Shaqaalaha Shaqaalaha Shaqaalaha Shaqaalaha Shaqaalaha Shaqaalaha Shaqaalaha Shaqaalaha Shaqaalaha Shaqaalaha Shaqaalaha Shaqaalaha Shaqaalaha Shaqaalaha Shaqaalaha Shaqaalaha Shaqaalaha Shaqaalaha Shaqaalaha Shaqaalaha Shaqaalaha Shaqaalaha Shaqaalaha waa mid ka mid ah.
Sanadkan hore, Shaqaalaha caafimaadka Mareykanka ayaa la sameeyey Ciyaarka Intelka Ciidamada ah, oo lagu qoray inuu ku qabto maqashada caafimaadka iyo dadka ciidamada, oo ka mid ah guriga Caafimaadka Caafimaadka Caafimaadka Ciidamada.
Sidaas oo kale, bishaaskan DARPA ayaa soo sheegay in qofka lagu qabto 2 bilyar dollaarada ah oo loogu yeedhi jiray AI Next.
Waxaa jira NSF, hadda waxay ka badan $ 100 million sannadood ku soo saaray in ay ku soo saarayso IIS.



Yurub, meeshii Makedoniya la odhan jiray, waxaa lagu sheegay in magacda reerkaas oo ku jirta ku jiray ayaa lagu sheegay inuu ku dhacdo caafimaadka dalka, sidaas daraaddeed waxaa lagu baahan yahay inuu lagu qabto NATO iyo EU.







Sidaas daraaddeed waxaa lagu sheegay in lagu xiriiray ma ay noqotay waxyaalaha caasimada ay ku dhacayso ilaa maalintii 1 maalmood.
Sidaas daraaddeed, shaqaalaha doorashada waxay ahaayeen 16% keliya, iyo 34% in ay dhaqaalada shaqaalaha shaqaalaha shaqaalaha shaqaalaha 2016, markii 66% ka mid ah dadka doorashada lagu shaqaaday ay u soo dhoweeyeen.


Waxaa jiray intii 54 sannadood ka hor joogtay parlament ee Skopjey Vladimir Kavadarkov oo ku diyaariyey sidii ciidanka u dhacay iyo inuu hortiisa ka hor joogtay carruurtiisa, oo ay isku dhacay reer binu-boycotiisa.



Waxa uu sheegay in shaqada NATO uu u soo dejiyo qofkii Macedoniiya oo ay ka badan tahay 20 perso oo aan shaqeeya.


Waxaa lagu sheegay Insintaalka Shaqaalaha Siyaaxda ee Makedoniya oo lagu sheegay in 30 iyo 43 shirkaad ka dhex shaqaalaha dadka caawimaadka ay u qabtaan reerka - waxa ay tahay shaqaalaha u baahan tahay.















Waxaad arki doontaa wixii dhacay.











Rockies waxay ku dhawreen in lagu qabto maamulka "Wild Card" dabadeed markii lagu qabto 5-2 in Nationals maamulka dhibka, laakiin ma aha in ay ku dhawreen in lagu qabto tiilkii hore ee shaqaalaha.


Nationals weli ma uusan soo sheegayn in la bilaabay in lagu bilaabay maalintii, laakiin waxay u sheegeen in Shercer lagu siiyo in lagu shaqeeyo haddii lagu shaqeeyo maalintii.
Shercer waa inuu noqon doono magaalada 34 oo ku bilaabay inuu sanadkan ku bilaabay, oo wuxuu ku sameeyey maalintii maalintii, oo waa inuu waxyaalihii aad u noqon doono inuu ku soo noqdo maalintii.
Gacanta midigka ah ah ee Washington ayaa lahaa midka 18-7 lahaa 2.53 ERA iyo 300 straycauts ee 220 2/3 ininga inigaas ee wakhtigan.
Trump ayaa ka soo qabsaday dhaxalka dalka Virginia.



Waxaa mid ka mid ah waxyaalaha ugu weyn ee taariikhda maanta - waxaan ula sheegayaa inaan ahayn caddaalad, in kastoo aan caddaalad u arkay, waxaan ku jiraa sidaas daraaddeed caddaalad oo dhan ee caddaalad ku saabsan," Trump ayaa yidhi.
Waxaa u sheegay, "Dadka oo dhammu waxaad arki doontaa qofka aad u baahan yihiin dadka reer Dhammaadka ah, waxaad arki doontaa indhahooda.




Waxaa ka xusuustay shaqaalaha shaqaalaha Senate, inuu sheegay senator Dayan Faynstein oo magaca lagu yimid, oo ay ka soo bixisay dadkii aad u weyn.

Waxaad soo baxsatay qofka aad u baxsatay?
Waa maxay?





Waxaa jiray kolligood ee halkaas ee lagu shaqayn jiray John Ryan, markii ay ku dhacday Anti-Semitism.
Waxaan u sheegay inaan dhacay in ay is-hoosaysiiyaan Jerry Corbin.
Waxaa ka badan yahay siyaasiyiinta shaqaalaha shaqaalaha, dhaqaalaha dalka, Yurub, waxa ay u eg tahay sidii iyadoo ironka ah oo Jeremy u sheegay shaqaalaha hore ee ciidamada hore.













Sidaas daraaddeed ma ay noqotay siyaasiyiinta.





Chrissley Lesley waa mid ka mid ah sharciga Nottingham East.






Xildhibaankii Grant Anderson saaxiibkii 14, ka darteed aqoonta qaarka ah ee Frazier Clima, ayaa Eer u soo bixiyey dhaqaalada, laakiin kaarto dhaqaalada ee Scotland Rory Huuse, oo lagu fududay inuu iska xoogayso Warrens, ayaa loogu siiyey Melrose inuu iska xoogayso dhaqaalada.








Jarvis oo leh 56 sannadood, wuxuu ku soo gaaray Jack Jarvis in uu ku soo gaaray BBC, isaga oo kalena uu ku jiray guud iyo mid ka mid ah laba xiddigood oo la socdaa inuu ku soo gaaray qabtiisa ee koomeeyaa ah, Greg Hamfil.

Waxaa lagu sheegay magaalada ofisa ah inuu yahay maalinta Adriftmorn Limited.


Dadka badda ah waxay mar walba ku baabbi'i doontaa badda la'aanka La Paz.











Waxaa lagu sheegay in xukunka sharciga dunida oo dhammu waa lix bilood oo keliya markii lagu maqlo sharciga sharciga ugu dambaystay, oo lagu sheegay in sharciga dunida "ma lahaa dhib" oo lagu sheegay Paz Zarate, ciidamada sharciga dunida.




Labadii dalka ma aha in ay iska mid ka mid yihiin sidii ay iska mid yihiin sidii sannadka 1962.









Comments Off on Waxay ka soo bixiyeen markii ciidamada Sharciga Mareykanka, Mike Pompey, waxay u muuqdaa inuu haddaba bilaabay inuu hadalka waxyaalihii aan lahayn oo uusan lahayn bisha saddex bilood dabadeed markii lagu soo baxay Singapore iyo Kim Jong Un oo ka mid ah Korea Shibaal.





Muqdisho ah ee Paris ayaa ka soo muuqdaa dambeedka ugu dambeeyay in lagu dambeeyo shirkooyinka aad u qabtaan in lagu dambeeyo shirkooyinka muqdisho ee aad u soo dhowaanayso.

Xaaladaha Valentino iyo Tom Brown waxay soo muuqdeen aqoonta weyn oo lagu muuqdayo SS19 oo lagu soo degayo, oo lagu shaqeysay intii toddobaadaadaadaadaadaadaadaadaadaadaadaadaadaadaadaadaadaadaadaadaadaadaadaadaadaadaadaadaadaadaadaadaadaadaadaadaadaadaadaadaadaadaadaadaadaadaadaadaadaadaadaadaadaadaadaadaadaadaadaadaadaadaadaadaadaadaadaadaadaadaadaadaadaadaadaadaadaadaadaadaadaadaadaadaadaadaadaadaadaadada.



Maxaa yeelay, Tom Brown wuxuu isku soo qabtay maskaska caalam ah oo lagu qabtay inuu saacaddii Helowin lagu sameeyo.

Mid ka mid ah diyaaraha ayaa u eegay qiimaha la'aanta la'aanta buuxda iyo shanaarada, mid kalena wuxuu u eegay sida la'aanta la'aanta la'aanta la'aanta.
Si aad u dhacaysaan xidhanka sidaas oo kale, waxaad ku dhacaysaan.


Waxaa jiray cudurka shabaadka aan lahayn, oo ku dhacay reer-shabaadka jacayl ah, inuu soo dhowaayo mid kale oo u weyn oo shabaadka ah oo shabaadka ah oo ah shabaadka shabaadka ah, oo ku weyn oo lagu qabtay oo lagu qabtay muddo shabaadka.


John Edward: Aqoonta afka waa muhiim ah dadka dunida.
Iskuulka aan lahayn ee Scotland ayaa iskuulka ku dhacay in ay iskuulka ku dhacayso, sidaas daraaddeed in 2018 ay iskuulka ka mid tahay iskuulka ka wanaagsan, oo kaliya ay ku xoog tahay waxyaalihii dadka iyo dadka qaarkood, ciidanka, muuqiica iyo ciidanka dadka kale.
Waxaa lahaa 30,000 dadka xagga Scotland oo ka mid ah sharciga, oo ay isku sharciga dalka Scotland (SCIS) lahaa in la siiyo sharciga ugu wanaagsan ee sharciga iyo awowayaashood.







Waxaa lagu muuqdaa in 72% xaqiiqada oo ay ku soo urursadeen iskuulka SCIS ay ka mid yihiin in 72% xaqiiqada ay ka mid yihiin A iskuulka Shiinaha, sidaas oo kale ay 72% xaqiiqada iskuulka Garmaanka ay ka mid yihiin, 69% xaqiiqada iskuulka Fransa iyo 63% iskuulka Ispania.

Waxaan hadda ka mid ah hadalka sidii ciidamada loo doortay dadka caalamka, waxay heli kartaan sidii caalamka maqashada (kayaalka, texnoogka, injiilka iyo maqashada) sidii caalamka maqashada oo kale oo kale oo kale oo kale oo kale oo kale oo kale oo kale.
Waxaa lagu sameeyey in ay 2014-aas dareenka iyo shaqaalaha shaqaalaha ee Uujinka Mareykanka ku sheegay in shaqaalaha ay ka dhib tahay in la helo shaqaalaha, 17% ayaa sheegay aqoonta kala duwan.




Waxaa lagu sheegay YouGov mid ka badan 4000 dadka yar oo ka badan ee UK sanadka 2013, 75% ma aha hadalka afka dalka ah si ay u wanaagsan tahay inay u sheegaan afka, sidaas daraaddeed afka Fransiiskii kaliya ayaa u sheegay in lacagta lacagta ay u sheegaan 15%.



Sidaas daraaddeed, qaarkood iskuulka ayaa la mid ah in lagu qoray hadalka waxyaalaha maanta ah, in kastoo ay ka mid ah waxyaalaha ugu muhiimsan ee boqortooyada 2020, ku saabsan Shiinaha ama Yaponisa.


Waxaa lagu yeedhi karaa in ay waxyaalihii dunida ah ku jiraan afarka shirka ah ay ku jiraan shuqullada muhiimka weyn ee dunida ah oo lagu baahan yahay inuu waxyaalihii ay ku qabto sharciga talada.


Waxaa lagu baahan yahay inuu sameeyo.
John Eduard ayaa ka mid ah maqashada Scotland ee iskuulka iskuulka ah oo ay ka mid ah iskuulka


Waxaa lagu sheegay in Maxkamada Laykers Luke Walton ayaa lagu sheegay in James ay ka qabto markii ugu horreeyey dambe oo ay ka horreeyey Danner Nuggets ee San Diego.


Waxaa lagu sheegay in Laykers Mike Trudeal ayaa Tweeter lagu sheegay in James ahaan lagu guboon karaa maalmood badan.







Wararka Trump ee Wiiling, Dhagaag Virginia ayaa lagu sheegay in saacad 19 saacad, wakhtiga xidid, Sabta, 29 Septembri 2018.

Trump wuxuu ka mid ah inuu arki doonto maqashada haddii maalinta hore ee ka mid ah in uu ka mid ah ciidamada ugu horreeyey ee ciidamada ciidamada ah ee sharciga ah, oo ay isku dhacay inuu ka mid ah maalinta caasimada Senaadka intii ay ka mid ah caasimada FBI.


"Waxaa u muhiimsan tahay shaqaalaha isaga in dambeeya ay u soo dhowaan doonto, oo waxaan bilaabanay wakhtiga shaqaalaha ah oo ay ku dhacay in aynu u soo dhowaan doonto," ayuu sheegay Reuters oo ku sheegay shaqaalaha Trump oo ay ka dib u sheegay in la sheegayo.
Waxaa lagu sheegay in Wesbanco Arena ee Weilling, oo lagu sheegay "Okaio iyo Pennsylvania" oo lagu shaqeeyo mid kasta oo ay tahay midhaha media ee Pittsburgh, sidii West Virginia Metro News.






Sidaas daraaddeed, kumaad tahay shaqaalaha ugu wanaagsan tahay maanta?












Waxaa lagu shaqeynay in ay ku dhacaan sidii ay u dhacaan bulshada dhexdooda iyo aqoonta lagu shaqeynay in ay ka mid tahay maalintii lagu qabto iyo in ay ka mid tahay maalintii ka wanaagsan ka mid ah Flituud iyo Molinari, oo ay ka mid tahay caasimada ah ee Yurub.









Duetka bulshada Tommy Flituud iyo Francesco Molinari ayaa bilaabay in labadii dulqaadada ka dambeeyey Tiger Woods, oo ay isku dhacay in ay ku dhacayso qaarkooda "Le Golf National" ee afartii dulqaadada.




Markii Woods iyo Patrick Rid ay ku dhacay markii ay ku dulqaadatay maqashada "foourball", waxay ku dhacaysaa dhaqaalaha Woods oo ku dhacay, iyo dadka reer Mareykanka ah, Brian Decambu, oo ay ku dhacay isku dhaqaalaha 5&4.
Woods oo labadii dulqaadka sabtida ka soo baxay, waxaa lagu muuqdaa waxyaalaha qaarkood, laakiin ilaa maanta waxaa lagu jiray 19 dulqaadka 29 iyo dulqaadka dulqaadka iyo dulqaadka dulqaadka iyo toddoba dulqaadka.
Justin Rose, waxaa lagu heli jiray noocyadii maalinta "foourball" ee lagu soo galay Henryk Stanson in "foourssum" oo lagu qabto 2&1 ee Justin Johnson iyo Brooks Copca - sidaas daraaddeed noocyadii uun iyo saddexaad dunida.







Sidaas daraaddeed, sharciga sharciga sharciga dunida Rhee Jong-Hoo ayaa sheegay in sannadkii ugu dambeeyay "caadiga wanaagsan" oo ay lagu sameeyey, sidaa darteed in aynu iska dhacno sharciga iyo raqidda, iyo in aynu iska dhacno sharciga iyo in aynu iska dhacno sharciga iyo teknolojiyadiisa.
"Sidaas daraaddeed ma aan arkin caawimaadka ah ee Mareykanka," ayuu ku yidhi.

Sidaas daraaddeed Ri wuxuu u sheegay sheegayaalkii Korea Dhagaag ah in Washington ay u dhacayso si ay u dhacayso waxa uu u dhacay waxa uu u dhacay waxa uu u dhacay waxa uu u dhacay waxa uu u dhacay waxa uu u dhacay waxa uu u dhacay waxa uu u dhacay waxa uu u dhacay waxa uu u dhacay.
Ri wuxuu ku sheegay in uu lagu sheegay Qim Chen Un iyo Donald Trump in uu ugu horreeyey midkii ugu horreeyey taliyaha Somaliland iyo madaxweyne Koreya tan iyo Singapore, markii Qim uu la hadlay inuu shaqeeyo "waxa shaqeeyo shaqaalaha shaqaalaha Coreya" oo Trump wuxuu siiyey shaqaalaha shaqaalaha Koreya.






Sidaas daraaddeed, sharciga ayaa u sheegay saddexaad isla marka Kiim iyo madaxda Coreya tan iyo Muun Jee-in ayaa sheegay: "Haddii dalka ku saabsan shaqaalaha shaqaalaha ayaa ahaa Qoraxda Qorax ah, ma aha Mareykanka, in ay kaxaystay shaqaalaha shaqaalaha Coreya, ma ay ku dhacsan.
Sidaas daraaddeed, hadalka Ri ayaa ka weyn kala duwan tahay sannadkii hore markuu sheegay qofka UM-ka oo ah in lagu dambeeyo qofka qofka dalka Koreeya ee dalka Mareykanka, markii "dambeeya shar" Trump lagu yeedhi jiray Kim in "qofka dad" oo la dilay.



Haddaba ciidamada dalka Mareykanka, Mike Pompeo, ayaa wax ku sheegay Xaqdarka Dhaqaalaha ONU: "Dhaqaalaha Xaqdarka Dhaqaalaha waa inuu dhacay intii ay u dhacayso xaqdarka dhammaantood, dhammaantood iyo aad u xukuumayso."
Shaqaalaha Dadka Dadka Qaylka ayaa ka xoogaystay shaqaalaha Koreeya dalka dalka dalka 2006 si ay u jirrabo inuu ka dambeeyo shaqaalaha xaqiiqda iyo shaqaalaha xaqiiqda baalista ee Phhenyan.




Sidaas daraaddeed, Kim wuxuu u sheegay in "xaqaalaha caafimaadka" ee uu doonayo ay tahay dhaqaalaha dhaqaalaha uu Trump lagu ballanqaaday Singapore iyo inuu doonayo inuu caafimaadka uu ku dhacay Washington.
Ardayda Harwart ayaa ku saabsan ku saabsan ku saabsan nolosha.
Kooxda cusub ee University of Harvard sannadkan ayaa dhammaantood ku sheegay in ay dhammaantood dhammaantood u soo dhintaan in ay jireen in ay waxyaalihii u soo dhowaanto in ay "bhinta hore" barato caffein.
Maqaalka ayaa sheegay in sharciga dunida nool ee ugu badan ee dunida waxba waxba ma fikiro markii loogu talagalay in ay tahay shaqaalaha isku mid ah sida ay isku caawiyaan isku mid ah.
Charles Keysler, maalinta ciidamada caafimaadka caafimaadka caafimaadka ee Harvard iyo maalinta caafimaadka caafimaadka ee Brigaam iyo caafimaadka naagta, ayaa loo diyaariyey inuu u malaynayo inuu ugu horreeyey caafimaadka Mareykanka.



Cursus ee ugu horreeyey sanadkan ugu horreeyey, wuxuu ku sheegay caalamka ugu muhiimsan ka mid ah in caawimaadka wanaagsan ee iiraadka caawimaadka la'aamilka iyo la'aamilka, iyo in ay u wanaagsan tahay caawimaadka dadka.
Paul Barrayra, maalinta psyhiatric ee fakultiyada caafimaadka ee Harvard iyo maalinta caafimaadka caafimaadka ee University, wuxuu sheegay in universitaarku uu dib u soo bixiyey kooxda markii ay u muuqdeen in caafimaadka caafimaadka si weyn ee dhammaadka isku dhammaadka.
Kooxda saacadka keliya ayaa ka mid ah qof ka mid ah shaqaalaha shaqaalaha injiilka.
Waxaa lagu talagalay qorraxda sare ee hooska ah, halkaas ayaa ku talagalay caafimaadka, qofka, maratonka iyo kitaabka in lagu sheegayo si ay tallaalka caafimaadka iyo iftiinka loogu sheegayo sida ay ku talagalayso waxyaalihii gargaarka iiradaha, iyo ugu muhiimka rutiiska iiradaha.









Profesor Kaysler wuxuu ku sheegay dadka in ay ka fikirtaan haddii ay u soo qabtaan qabta iyo u soo kacaan, iyo in ay ogaataan dhaqaalaha sharfadka "sintaal" ee lagu soo qabtay ee sharkadda elektronika iyo iftiinka LED oo ay ka dhici karaan ritmada sirkaadka iyo in ay ka dhici karaan cudurka.


Kooxda Aybrowx wuxuu doonayay inuu qofkii ugu horreeyo sida kooxda ugu horreeyo markii Februari 4-1 ee St Johnston, laakiin kooxda Gary Holt ayaa ka mid ah kooxda labaad ee Gerard ee 18-aas oo uu ku dhacay siddeed qof, oo uu ku dhacay kooxdaas siddeed qof, La siddeed qof oo ku dhacay.







Waxaa lagu dambeeyey in Cigaan Jacobs ka dambeeyey faulka loo helay Capitan Craig Halket, laakiin caafimaadkiisa Alan Litgo ayaa ku dhacay buunka ka dhex taageerka.






Gerard ayaa u jawaabay inuu ku dhacay Kuliballey iyo Ryan Kent, oo isku dhacay haddana waxaa ka dhigay dhaqaalaha markii cagaarkii loo siiyey Morelos, laakiinse Kelly ayaa ka soo baxay si xoog ah oo u dhacay.


Waxaa lagu soo galay sidii Glen Middoon ee Renders oo ka soo baxay markii labadii dagaalka lagu soo baxay James, laakiin mar kale Toomson ma uu arkin wax shar ah.
Sanadka: Waxaa lagu muuqdayaa qofka Gageerka

Gayger ayaa soo bixisay xaqiiqada iyo xaqiiqada xaqiiqada radio, sidii loogu talagalay, oo ugu dambeeyay inuu u dhigo xaqiiqada, oo ay lagu yidhaahdeen, Gayger bulshada.


Rogers: Waxaa loogu yeeli karaa reer googeer oo loo isticmaali karaa inuu arkiyo minerals radioactive, sida uusan uraan..
Haddii aad dhegahaas u dhigto, waxba waxaad maqli kartaa dhawaaqyadii atomka ah oo lagu qabto xagga radioactivity ee minerals."
Evans ayaa sheegay, "Waxaa lagu xumayn doonaa hadda!"
Hans Gayger ayaa dhintay 1945, maalmood oo keliya markii maalmoodkii 63 oo uu dhashay.






Waxaa lagu muuqdaa waxyaalaha lagu ballanqaaday dadka cudurka qaar kasta oo kancaari ah.


Waxa uu sheegay Profesor Jay Berzoffski oo ku jiray Institute of Oncology ee Mareykanka ee Beetzeda, Maryland: "Dadkaas ayaa u sheegay in aannu lahayn wax badan oo lagu ballanqaaday."



Waxaysan ku dhacday.
Kenny West ayaa ku dhacay studio markii Saturday Night Live, markuu sameeyey shuqulkii aan lahayn, kaas oo uu dhacay President Donald Trump, oo uu sheegay inuu ka dhigo President 2020.
Goortuu ka buuxsamay ciidankii saddexaad ee Ghost Town la odhan jiray, inuu soo qabsaday ciidanka lagu qoray "Amerika aad ugu weyn doontaan", ayuu soo sheegay inuu ku dambeeyo demokrasyo iyo inuu ka caawiyo Trump.











Jacayl u jeclaada."


Waxaa lagu daray caasimada badan oo lagu sameeyey caasimada "I Love It", oo lagu dhagaxday sida bottle "Perie".
Waxaa loogu heli karaa ciidamada ciidamada ciidamada TPUSA, Kandes Turner, oo Twitter ku qortay: "Waxaad ku mahadnaqdeen mid ka mid ah mid ka wanaagsan: Waxaad ku mahadnaqdeen in aad ku xidhayso ciidamada."



Waxaannu ku noqonaynaa sidaas oo kale," ayuu ku yidhi.



Waxaa lagu sheegay in lagu dilo markii lagu dulmiyo cagaarka cagaarka ee Belfast.





Kit Harington ayaa la ogaaday shaqaalaha seefka ka dhacay John Snow, oo ka buuxsamay dhaqaalaha caafimaadka dhaqaalaha dhaqaalaha dhaqaalaha NVO "Girn of Carriers".

Waxaa lagu sheegay in The Sunday Times Culture, Kit uu rumaystay in "waxa lagu xun yahay" oo uu weyddiistay sida loo heli karaa ciidamada dunida ah ee wakhtiga #MeToo.














HIV/Spin: Shiinaha ayaa soo sheegay in ay 14% ugu dhacaan shaqaalaha cusub

Sida shaqaalaha caafimaadka ee dalka ayaa ka badan 820 kun dad lagu duwan yahay.
Waxaa lagu sheegay 40,000 qof cusub oo lagu sheegay markii saddexaad ee 2018.




Waxaa lagu sameeyo HIV in lagu sameeyo shaqaalaha ciidamada shaqaalaha shaqaalaha LGBT ee Shiinaha.
Sannadkii 1997, caasimada caasimadu waxay ahaayeen Shiinaha, laakiinse caasimaduda dadka ku saabsan dadka CGBT ayaa u baxay sanad weyn.


Gobolka China ayaa 2003-aaday inuu siiyo caafimaadka caafimaadka ee HIV-ka ah sida qofka caafimaadka in la helo iska dambeeyo.

Maxin Waters ayaa sheegay in sharciga sharciga Mareykanka sharciga lagu xukumo in sharciga sharciga uu sheegay saddex sharciga sharciga dalka ah oo sharciga sharciga ee Wikipedia.

Waxaa sheegay Walters in uu Twitter ku sheegay, "Waxaa been, been, iyo waxyaalaha kale oo aan lahayn."
Waxaa lagu sheegay in lagu sheegay in lagu shaqeyso sharciga guriga iyo in lagu shaqeyso sharciga sheegayaalaha Sharciga, Lindsay Graam ee Carolina tan iyo Mike Lee iyo Orin Hatch oo Yuta ah.


Gateway Pundit iyo RedState waxay u sheegay inay IP-ku taageerayso qiimaha shirkadda, waxaa lagu qoray ofisiirka Waters, oo waxay u soo bixiyeen waxyaalihii shaqaalaha shaqaalaha, sidii Hill.





"Waxaan u sheegayaa inuusan lahaa inuusan lahaa inuusan lahaa inuusan lahaa inuusan lahaa inuusan lahaa inuusan lahaa inuusan lahaa inuusan lahaa inuusan lahaa inuusan lahaa inuusan lahaa inuusan lahaa inuusan lahaa in










Waxay tahay in ay ku baahnaan ciidamada ku jiraan Brexit in film cusub kasta oo la socda Britannica, oo waxay u muhiimsan tahay in ay isku dhashay shacabka Asheen, ee ay ka soo bixiyeen Johnnie Inglis, oo ay ka bilaabay in 2003 "Johnny Inglis" oo ay ka soo noqdeen 2011 "Johnny Inglis aad u soo noqdeen".


Wuxuu aad u ahaan jiray aad u aad u ahaan jiray, in kastoo aad u ahaan jiray in lagu sheegay caasimada caasimada caasimada Cluzo, aad u aad u ahaan jiray ee Rabbi Bin iyo qaar badan ee ninka ah, oo ka soo bixiyey waxyaalaha muxuuqaalka ah Chariots of Fire ka dibkaashada ee London 2012.

Filmka ugu dambeeya Johnney Inglis ayaa lagu jiray ama laba wakhti wanaagsan.



Waxaa lagu sheegay in Mareykanka lagu horreeyo waxyaalaha weyn.
Cyberhaker ayaa hackiyey xaqiiqda super-aadmiga ah ee Britannica oo ka soo baxay, oo wuxuu soo muuqdaa aadmiga oo dhan ee sharciga ah oo ay ka dhigtay aadmiga ah ee sharciga ah - caafimaad, aadmiga weyn ee Kevin Elden.






Sidaas daraaddeed, hadalka ka mid ah kan shaqaalaha sharciga ah ayaa ka soo dhoweeyey shaqaalaha shaqaalaha texnoolojiga ah, oo sheegay inuu ka dambeeyo shaqaalaha kompyuterka ee Britaniya: Jayson Walt oo lagu shaqeeyey Jack Lacey.


Waxaa lagu sameeyo waxyaalaha badan.








"Waxaan ku dhacday in lagu sameeyo mar dambe, laakiin maalintii afar maalmood ee shaqada ah ayaa lagu qabtay in lagu sameeyo si loogu sameeyo shaqaalaha, iyo in lagu sameeyo sidii shaqaalaha shaqaalaha, iyo in lagu sameeyo sidii shaqaalaha shaqaalaha ee shaqaalaha."






Sidaas daraaddeed, isagu wuxuu ku sheegay inuu shaqaalaha ku soo bixiyo shaqaalaha shaqaalaha shaqaalaha, iyo inuu sameeyo shaqaalaha shaqaalaha shaqaalaha shaqaalaha shaqaalaha shaqaalaha shaqaalaha shaqaalaha shaqaalaha shaqaalaha shaqaalaha shaqaalaha shaqaalaha shaqaalahaalaha shaqaalaha shaqaalaha.







Waxay ku jiray aad iyo aad, iyo aad, iyo aad."




Waxaa 36 sannadood ka hor tahay.
Ma arkin wax cusub."
Maxaa tahay Festival "Global Dad" iyo ma caawin karaa in ay u dhacaan dowladda?

Hadda, sannadooda toddobaad, feesthii Ciidamada Dunida ayaa isugu soo ururin doona toban kun oo dad kasta oo ku dhacay dhaqaalaha Central Park, iyagoo aan keliya ku farxin doona xaqiiqada Janet Jackson, Cardy Bi iyo Sean Mendes, laakiinse waxay isku soo noqon doonaan ciidamada runta ee hadalka - dhibka dhibka ah ee 2030.
Sidaas daraaddeed waxaa lagu bilaabay Festival "Dhaqaalka Dunida" oo bilaabay 2012, waxaa lagu bixinaa isku dambaysinta "Dhaqaalka Dunida" oo lagu rajay inuu dhaqaalada dunida ka dhacay in ay badan yihiin dadka ay isku dambaysato.
Si aad u heli doontaa taariikhda taariikhda maalinta (kaas haddii aad u doono inaad taariikhda VIP), dadka waa in lagu sameeyo qaar kasta oo shuqullada ama "caadiga" sida qofka caadiga ah, in la diro e-mail u soo diro taliyayaasha dunida, in lagu caadigayo telefoonka ama in lagu caadigayo sida kale.



Waxaa la sheegay in shuqulladaas ay u caawiyeen madaxda dunida inay soo sheegeen shaqada iyo siyaasada oo ka badan 37 bilyan dollaarada, oo ka badan 2.25 bilyan dollaarada ah ee 2030.
Sanadka buuxsamada 2018, reerka ayaa sheegay 390 qof iyo qof oo ka mid ah shuqullooyinkiisa, oo haddana waxaa lagu baxay ama lagu isku guuleysay 10 bilyan dollar.
Waxaa lagu sheegay in lacagta ku dhacay hadda waxaa lagu siin jiray dadka ugu dhacay 649 milyan oo dunida.
Qaar ka mid ah shaqaalaha ugu muhiimsan waxay ku jiraan "Ciyaarka Cuno", ee lagu dhigay UK-ka shaqaalaha lagu dhex shaqaalaha iyo shaqaalaha, inuu "caawiyo carruurta si ay u dhici doontaan" si ay Rwanda u siin doontaa $ 35 milyan si ay u caawi doontaa shaqaalaha aan cuno dalka"
"Waxaan ka caawinayaa dalka Britaniyada, taageerayaasha, dalka dalka, iyo dadka dunida sida aad tihiin, inaannu ku soo bixinaynaa xaqnimada jacaylka ah oo aan cuni karin ciidamada ciidamada," wuxuu u sheegay Dadka Ciyaarada Dunida, Tracy Ulman, oo ka hor joogsaday ciidamada London, April 2018.
Waxaa lagu sheegay in markii ay ka badan 5,000 shuqullada ka mid ah, oo ku sheegay UK inuu u wanaagsanayo cusub hooyada iyo carruurta, dalka ayaa soo sheegay in ay lagu soo dejiyo qofka "Ciyaabka Cusub" oo uu u soo dhowaan doonaa 5 milyan naag iyo carruurta.



Janet Jackson, The Weeknd, Sean Mendes, Cardi Bi, Janel Mona waxay ahaayeen qaarkood ka mid ah shaqaalaha hadalka sannadkan ee New York, kaas oo ay ku taagan yihiin Deborah-Ley Furnes iyo Huu Jacman.

Washington haddii ay u baahan yihiin, inuu soo baxayo ciidamada badda, si ay u baahanto inuu soo dhowaanto shirkadda rusaaq ah oo ay soo dhowaanto, ku saabsan xagga Koonfureed, ayaa sharciga dalka Mareykanka Ryan Zink soo sheegay, sida Washington Examiner.
Zink wuxuu sheegay in loogu shaqeyso Russiin Suriya - xilli kasta meesha loogu sheegay gobolka sharciga ah - ay ku saabsan tahay in ay arrinta quruumaha cusub ee bulshada.


Mareykanka ayaa ku sheegay, "Waxaa loogu sheegay in jidka badda la fureeyo, oo haddii uusan lahayn in lagu shaqeeyo si ay u sheegaan in uusan u soo dhowaanin shirkadda bulshada," ayuu yidhi.




Sidaas daraaddeed, shaqaalaha shaqaalaha shaqaalaha shaqaalaha Trump, oo ka mid ah hadalka Donald Trump, waxay doonayeen inay Garmaanka ka dib u kaxaysa inuu ka dambeeyo qofka "Dhaqaalka 2" oo uu sidii Trump lagu sheegay in Berlin uu ka dhigo "Dhaqaalka".
Moscou wuxuu u sheegay qaar darteed in caadiga caadiga 11 bilyar dollaarada ku saabsan Shirkadda 2, oo labadii bilyar meelaha ah ee ku saabsan 110 bilyar cub ah, ayaa lagu sameeyo qof caadiga caadiga ah.
Kremlin wuxuu sheegay in dabka dabka ah ee Washington ayaa lagu sameeyey caasimada dabka ah oo kaliya, oo waxaa lagu sheegay caasimada caasimada ah oo aan lahayn.
"Waxaan rumaystay inaan waxyaalaha soo qabto, in bulshada aysan lahayn si ay u qabto, oo waxaa loo baahnaa in dadka u soo qabto shaqaalaha," ayaa shaqaalaha bulshada Russia Alexander Novack ka soo sheegay markii uu soo qabto bulshada bulshada Mareykanka, Rick Perry ee Moscow.

Shaqaalaha ugu horreeyey ee Garmaanka, Federated of German Industry (DBDI), ayaa looga sheegay in aysan iska soo qabto siyaasada bulshada ee Yurub iyo shaqaalaha lacagta ee Berlin iyo Moscou.
"Waxaan ku jiraa ciyaar weyn markii saddexaad lagu duwan tahay shaqaalaha bulshada," wuxuu ku yidhi Dhiter Kempf, hadalka shaqaalaha Shirkaalka Garmaanka (BDI), markii ciyaarkii markii markii hore ee Kanselilka Garmaanka Angela Merkel iyo madaxda Russia, Vladimir Putin.









Sidaas daraaddeed warqaddii sociyoolojiga ee lagu sameeyey ayaa u muuqday in qaar ka badan oo ku dhacay Warren isku mid ah uusan u malaynayn inuu 2020 lagu qabto.
Boqol iyo siddeed shirkaad ka mid ah dadka "aad u qabtaan" ee Masachuzettes waxay ku yidhaahdeen in senaadka la'aa in lagu qabto, sidii ciidamada Suffolk University Political Research Center/Boston Globe.
Saddex iyo laba shisheeyaha ayaa caawiyeen caafimaadkan.
Wararka Soociology ayaa soo muujiyay in ay ka badan tahay caawimaadka gobolka hore Deval Patrick, iyo 38 perso iyo 48 perso.
Qaar ka mid ah sharciga sare ee sharciga demokrata ee ka hadlay in ay 2020 ka mid tahay caasimada caasimada ah, waxay ka mid tahay mid ka mid ah Soomaaliyeed Joe Baden iyo senatorka Vermont Berney Sanders.

Sara Palin ayaa sheegay PTSR ee Trak Palin ee shaqada Donald Trump
Trak Palin, 26 sannadood ah, ayaa sannadood ka soo qabtay Iraq markii lagu qoray September.



Waxaa lagu xidhay maalinta maalmood ee Wasiila, Alaska, oo lagu xukumeeyey in lagu xukumeeyey magaalada iyo caddaalada guriga ah, oo lagu qabtay in lagu xukumeeyey caddaalada guriga iyo caddaalada caddaalada, sidii Daan Bennett, hadalka sharciga Policeed ee Wasiila.




Waxaa sheegay in aragtiisa " iyo wiilashii reer binu-aadmiga ah" ay isaga ka dhigeen, laakiin dadka Mareykanka ayaa ka dib ka dhigeen baryeenka uunka 20-ka iyo Yuulay.

Waxaa lagu sheegay inay caawiyaan Grace, El Salvador, Honduras iyo Guatemala, oo ay ka soo bixiyeen qaar weyn oo caasimada ah ee Mareykanka ah, sida quruumaha oo ku horreeyey ciidamada caasimada iyo caasimada guriga.
Siyayaashii cusub ee Mareykanka ku jira ciidanka ay soo noqotay dhaqaalaha sharciga sharciga 2014, oo lagu siiyey ciidanka ciidanka ku dhacay si ay u soo baxaan ciidanka guriga.


Sidaas oo kale, sharciga ayaa sheegay in siyaasiyihii ay ka dib u soo dhowaan yihiin ciidanka Mareykanka, oo ay sheegayeen in ay ka badan tahay in ay u noqotaan shirkadda ah iyo in ay "siiyo gacanta shaqaalaha u leeyahay."




Waxaa lagu dulmi jiray in lagu dulmi jiray.

"Wax kasta oo dhammu waxaa lagu qaadi jiray jidhka.
"Biixii aan lahayn oo aan lahayn."









Waxa uu sheegay Shiinaha inuu "Termoos" ku sheegay in ay ku sheegayso "Madaxweyne"
Maalintii ka mid ah, markii magaalada sharciga Shiinaha lagu sheegay afar qof oo ku saabsan afar qof oo ku saabsan shirkadda ah ee Mareykanka iyo Shiinaha, magaalada Mareykanka ee Shiinaha ayaa sheegay Beijing in uu isticmaaliyo magaalada sharciga ee Shiinaha si ay u dambeeyaan propaganda.
Maalintii dambe, madaxda Mareykanka Donald Trump ayaa sheegay shirkadda lagu bixiyey China Daily ee Des Moines Register - gaarka ugu iibsaday ee Iowa - markii China lagu sheegay inuu jeclaan lahaa qofka sheegayso shaqaalaha Mareykanka 6 Nov.
Trump ayaa sheegay in Peekh ay jecel tahay in ay ku jireen qofka qofka ah ee Mareykanka, waxay u sheegay wixii shaqaalaha Mareykanka ku sheegay Reuters inay tahay shaqaalaha cusub ee shaqaalaha Washington in ay Xinyaan ka soo qabto.


Terry Branstaad, hadalka Mareykanka ee Shiinaha, iyo markii sannadood oo hore ee ay ahaayeen gobolka Ayowa, oo ah dadka ugu weyn ee shirkadda shirkadda ee Shiinaha, wuxuu sheegay Beijing inuu shaqaalaha Mareykanka, shaqaalaha iyo shaqaalaha.
China, Branstaad ayaa soo qoray Comments Off on Des Moines Register, oo wuxuu ku yidhi, "Waxaan hadda ka labaad tahay in lagu soo bixiyo waxa ay ku soo bixisaan waxa ay ku saabsan shaqaalaha shaqaalaha ku saabsan tahay waxa aynu nahay."

"Sidaas daraaddeed, shaqaalaha magaalada ku dhacay ku dhex dhexdeeda, Peking, waxaad heli doontaa hadalka ay ku dhacaan, oo ma arki doontaa waxyaalihii xaqiiqada ah oo dadka Xinyaaniya ay ku jiraan xaqiiqada shaqaalaha shaqaalaha ee Xinyaaniya, markaasay ku fikirtaan in media ay ku horeen shaqaalaha shaqaalaha ee Xinyaashada.


Waayo, dadka badan oo reerka madaxweynaha ugu horreeyey ayaa ka hor joogsaday iyo caafimaad ka soo saaray Madaxweynaha ugu horreeyey Bret Cavanayo in qaar lagu shaqeyso caafimaadka caafimaadka, ayaa caafimaadka loogu sheegay in lagu sameeyo caafimaadka caafimaadka ugu horreeyo.

Waxyaalahan ma uusan ku soo noqon karin," wuxuu lagu sheegay Grant Racher, maalintii siyaasad ah ee siyaasad Maxuwel ee Universitete ee Siracuse, hortiisa The Hill ee malaa'igta lagu shaqeeyey sabtida.



"Demokraatiis iyo xukuumadda ayaa la diiday," ayaa lagu sheegay Stu Rottenberg, hadalka sharciga siyaasiyihii aan lahayn.


Haddaba markii sharciga sharciga dabka ah oo Ford lagu sheegay in ay isku shuqullada dhibaatooyinka ciidamada ku saabsan Sharciga Sayidka Uuska ah, sharciga ayaa sheegay in lagu dambeeyo haddii sharciga sharciga lagu sheegayo in ay isku shuqullada lagu xukumo.
"Waxay ku noqdeen shaqaalaha weyn ee shaqaalaha Repubka ah," ay ku sheegay Michael Steele, sayidka shaqaalaha shaqaalaha repubka ah ee shaqaalaha repubka ah, bilowgii maalinta hore, sidii NBC News.
"Waxaa ma aha hadalka kooxda keliya, hadalka ugu dambaysay, ama hadalka Cavanayos lagu dambaystay. Waxaa lagu talagalay sida dadka Repubka ah ay isaga u sameeyaan, iyo sida ay isaga u sameeyaan," Gay Sesil, kan caafimaadka Priorities USA, ayaa sheegay.

Wararka socologica cusub ee YouGov ayaa u muuqdayaa in 41 percent ka mid ah oo u jawaabay ama in lagu rumaysan yahay sharciga Ford, 35 percentna waxay yidhaahdeen in lagu rumaysan yahay ama in lagu rumaysan yahay Cavanayo.




Dunida Wide Web waxaa lagu qaaday inuu soo bixiyo Internet cusub inuu googel iyo Facebook u qabto.
Waxaa u bilaabay midka caasimada World Wide Web Tim Burnners-Lee, oo ah inuu ku dambeeyo Facebook, Amazon iyo Google.
Dhageyso ugu dambeeyay in Inrupt, waxaa lagu dhigay shaqaalaha ee shaqaalaha ee kooda furay ee Burns-Lee Solid.
Solid wuxuu u siiyey dadka isticmaalidda inay doortaan meeshii ay taageerahay iyo dadka ay taageerahay in ay taageerahay taageeraha qaar.
Waxaa lagu sheegay in shaqaalaha Fast Company Bernners-Lee ay u sheegay in dowladda Inrupt ay tahay "dowladda dunida".

"Waxaa tahay wakhtigii ciidamada."

Waxaa lagu jiraa qofka, qofka shuqullada, qofka, kitaabka muxuuska, iyo qofka kale ee sharciga ah iyo sharciga ah.
Waa sida Google Drive, Microsoft Outlook, Slack, iyo Spotify, oo kasta oo ka mid ah webigaha, iyo saacaddaas oo dhammu waa isku mid ah.
Waxaa ka mid ah in dataadaadaadaadaadaadaadaadaadaadaadaadaadaadaadaadaadaadaadaadaadaadaadaadaadaadaadaadaadaadaadaadaadaadaadaadaadaadaadaadaadaadaadaadaadaadaadaadaadaadaadaadaadaadaadaadaadaadaadaadaadaadaadaadaadaadaadaadaadaadaadaadaadaadaadaadaadaadaadaadaadaadaadaadaada

Inrupt, sidii sharciga John Bruce u sheegay, waxay tahay sharciga in la siiyo qofka, qofka, iyo xigmadda ah in la caawiyo Solid in la helo dhammaan.
Maanta shaqaalaha ayaa ka mid ah Burns-Lee, Bruce, platforma dhammaantood ee loo iibsaday IBM, qaar ka mid ah dadka lagu sameeyey, waxay u soo bixiyeen shaqaalaha lagu sameeyey, iyo qof dadka lagu sameeyey.
Waxaa lagu sameeyey maalintii safarka teknolojiyada dunida, waxaa lagu abuuraa apps iyadoo lagu sameeyey in lagu isticmaalo xidhanka ku saabsan webka Inrupt.


Saaxiibka Medium ee sabtida Bernors-Lee ayaa soo qoray in misiilka Inrupt waa inay siiyaan xoogga taageerasha iyo ecosystem si uu u caawiyo caafimaadka caafimaadka iyo qiimaha reer cusub ee la dhisay Solid.
Sanadka 1994, Burns-Lee ayaa dhibtay Internet markuu abuuray World Wide Web Consortium ee Institute of Technology in Masachuzette.
Burns-Lee oo ay bilaabeen bilowga ugu dambeeyaan, waxay ku sameeyaan waxyaalihii ku saabsan neytraalka reerka.
In kastoo ay bilaabeen Inrupt, Burns-Lee wuxuu ku jiraa mid ka shaqada iyo madaxda World Wide Web Consortium, Web Foundation iyo Open Data Institute.
"Anigu waxaan ku fiirsan tahay waxyaalihii cusub ee Internet," ayuu sheegay Burns-Lee.


Boqol-ku-maalinta Bernard Van ayaa dhacay taariikhda 29 Septembre 1918 markii ay isku dhacay Bellenglise iyo Lehaucourt.



Sida London Gazette ay 29 Septembre 1918, Kowpitan Van ayaa batalyaalihii ku soo dejiyey Canal de Saint-Quentin "ku dul qabta badan, oo ay ku dul qabtahay artilier iyo kartida."



Waxaa isaga iyo walaalkiis, Dr. James Van, ka soo bixiyey inuu ku xidhay baabbi'idda, oo ay ku xidhay "Brentwood Imperial Youth Band" oo ku xidhay.






Faen ayaa Twitter ka sheegay in uu ku soo dejiyo carruurta ciidanka ah sidii "caadan kasta oo caadan" oo uu ku soo dejiyo.
"Dowladda ayaa sheegay in saacaddii 6 saacaddii aan lahayn, sidaas daraaddeed waxyaalihii lagu badbaadi jiray sidii loogu sheegay carruurta," ayuu Dave Schwartz, sayidka ugu horreeyey ee sharciga ah iyo sharciga Bellator, ku jawaabay waxyaalihii lagu sheegay.
"Peppa aqoonta", ee.



Sidaas daraaddeed waxaannu u shaqaynaa.





Waxaa tahay xaqiiqada aan lahayn."



Waxaa u sheegay in looga dhigay ee ugu horreeyey Desert Island Discs Radio 4, Lauren Lawrence ayaa la hadlay inuu siiyo "dacwada" dadka kale.





Madaxweyne Laba-Olympinka ah ayaa shaqaalaha shaqaalaha LGBTI ayaa isticmaali jiray in ay shaqaalaha sare ku dhacay Shirkadda British ee Australia si uu u sheegay in ay dal badan u sheegeen in ay caafimaadka caafimaadka caafimaadka.







Waxaan ku dhacay middooyinka xoolimpiyadda ah, Robbie."







Desert Island Discs ayaa soo bixiyey BBC Radio 4 maalmood saacaddii 11:15 saacaddii, saacaddii sare ee UK.

Waxaa jiray dadka Mareykanka ah Phil Michaelson inuu soo bixiyo maalinta maalmood markii uu ku qabto markii 47-da oo uu ku dhacay "Rayder Cup", laakiin inuu ku soo noqon doono shaqadiisa hore haddii uusan doonayn inuu soo bixiyo maalinta uu ku dhacay.


Magaalada 48 sannadood oo ku jiray inuusan mid ka mid ah mid ka mid ah qofka ugu dambaysan, ma uusan ka mid ah mid ka mid ah qofka aad u dhigay "Le Golf National", meeshii cusub oo aan lahayn oo aan lahayn oo aan lahayn ayaa ka mid ah loogu xukumay inuu ka mid ah qofka aad u dhigay.









Mickeyson ayaa ka wanaagsan karaa record Nick Faldo in ay ka badan tahay Raider Cup, oo lagu gargaarsaday maalintii ka soo baxay.

Mickeyson wuxuu lahaa 18 qof, 20 qof iyo toddoba qof oo lagu sameeyey, laakiin Furrick wuxuu sheegay in uu ku jiray waxyaalaha qaar kale oo uusan lahayn qofka.





Daa'uudka ayaa isku dhacay muuqaalka Vallderrama sanadkii 1997 markii sharciga Kapitaan Seve Balisteros ku horreeyey shan qof dadka Mareykanka, laakiin xaqiiqada dhammaantood ayaa dhacay inuu dhacdo 141<0xE2><0x81><0x84>2-131<0xE2><0x81><0x84>2.


Haddaba maalintii aad u diyaarsan doontaan.
















Maxaa yeelay, Maxamed Maxamed Maxamed Maxamed Maxamed Maxamed Maxamed Maxamed Maxamed Maxamed Maxamed Maxamed Maxamed Maxamed Maxamed Maxamed Maxamed Maxamed Maxamed Maxamed Maxamed Maxamed Maxamed Maxamed Maxamed Maxamed Maxamed Maxamed Maxamed Maxamed Maxamed Maxamed Maxamed Maxamed Maxamed Maxamed Maxamed Maxamed Maxamed Maxamed Maxamed Maxamed Maxamed Maxamed Maxamed Maxamed Maxamed





Aftaarda doonnida oo ah Baden-Wuerttemberg, oo ay ku amreen in 2007, waxay ku sameeyaan afarda doonnida oo ah Bremen-ka-ka-ka-ka-ka-ka-ka-ka-ka-ka-ka-ka-ka-ka-ka-ka-ka-ka-ka-ka-ka-ka-ka-ka-ka-ka-ka-ka-ka-ka-ka-ka-ka-ka-ka-ka-ka-ka-ka-ka-ka-ka-ka-ka-ka-ka-
Waxay ku garanayaan in ay lagu leeyahay shirkadda xoogga ah, qofka shirkadda ah iyo shirkadda ah, iyo qaar ka mid ah teknolohii sheekhda ah, sida radarka ah, infrared, iyo shirkadda ah.

Sidaas daraaddeed, maqashadeenka mar kale ayaa sheegay in doonnida ciidamada oo ay la sheegeen inay Garmaanka ku siin doonaan xoog inuu ka hor joogto badda - markii ay u soo dhowaan doonaan, ayaa Die Zeit ku sheegay.
Waxaa lagu sameeyey F125 intii ay sannadkii hore ku soo dhoweeyeen markii Garmaanaydii ay ka dib u dibtay in lacagta la'aanta la'aanta la'aanta, oo ay ku soo noqdeen doonnida la'aanta Blohm & Voss ee Hamburg.





Sidaa darteed caafimaadka ah, qiimaha qoyska oo dhammu, oo ah inuu barato qoyska, wuuna noqon doonaa cibaadada.

Waxaa u muhiimsan tahay waxyaalihii ugu dambaystay in ay u dhacayso waxyaalihii ugu dambaystay in ciidammada dalka Garmaanka ay isku soo dhacayso.

































Madaxweynaha Portugal iyo Juventus ayaa lagu xukumeeyey in ay caafimaadka Mareykanka Katherine Mayorga ku dhacay sare ee hotelka ku jiray Las Vegas in 2009.

Videoka Instagram oo ku soo jeediyey 142 milyan qaarkood, qaar saacad ka dib markii ay isku dambeeyaan dabka Ronaldo oo ah 33 sannadood oo lagu jiray, ayaa lagu sheegay in lagu sheegay "baran la'aanta".
"Ma aha, ma aha, ma aha, ma aha.


Waxaa ah dhammaadka.



Waxa uu sheegay, Christian Shertz, oo uu sheegay in caafimaadka fududka uu u sheegay inuu "waxa ay u qabto caafimaadka sharciga ah, oo ah mid ka mid ah caafimaadka ugu weyn ee sharciga hore ee sannadoodka ugu dambeeya."
Waxaa la sheegay in hadalkaas lagu sameeyey June 2009, waxaa lagu sameeyey dalka Palms Hotel and Casino ee Las Vegas.
Markii ay isku raacday habeenkii, Ronaldo iyo Mayorga waxay u tagtay gobolka qofka ah, halkaas oo lagu sheegay inuu isku raacday anaalka, sidii lagu sheegay ciidamada dareenka Clarke ee Nevada.
Mayorga wuxuu sheegay in Ronaldo markuu dhacay dhacay, wuxuuna sheegay inuu "wiil wanaagsan" ee "99 per cent" oo uusan "per cent keliya" lahaa.





UK "waxa uu ka farxay weligiis" haddii uu ka dhacay sharcigiisa ugu dambaystay in uu ka dhigo carruurta markii Brexit, ayaa sheegay ciidamada shirka Greg Clarke.
Wuxuu u sheegay in "waxa lagu xumayn" in Toyota UK lagu sheegay BBC in haddii UK ay ka tageen EU la'aan shaqaalaha, markaas waxaa lagu dhacay in uu u dhacayso shaqaalaha sare ee Burnaston, oo ku xidhay Derbi.


Shuqullada Burnaston - meeshii Auris iyo Avensis lagu sameeyey - waxaa lagu sameeyey 150,000 shirkada sannadkii hore, 90% ka mid ah waxaa lagu sameeyey dalka kale ee Yurub.
"Waxaan u sheegayaa in haddii UK ay ka baxeen EU markii markii markii markii markii, shaqaalaha faarka waxaan ka dibnayn doonaa," Marvin Cuck, maalinta Toyota ee Burnaston ayaa yidhi.
Dadka kale oo ku sameeyey magaalada UK, oo ku jira Honda, BMW iyo Jaguar Land Rover, waxay isku soo baxay in ay ka tageen EU oo aan caasimada lahayn, iyo in ay shaqeeyaan taariikhda dalka dhexdiisa.

Dadka ugu muhiimsan ee caasimada carruurta ayaa lagu xiriiraa xiriiradda caasimada caasimada ee caasimada ee Brexit.
Xildhibaanka toobadka Toyota ayaa shaqeeya "saacad ah" saacad ah, oo qofka kasta oo ka mid ah 37-ka maalmood ka mid ah ayaa ka yimaadaa shirkadda ee Mareykanska iyo oo ay ka mid ah ee Yurub ku sameeyey carruurta.



"Waxaan baahan tahay inaan helo. Waxaan doonayaa inaan iska dhigo helo ugu wanaagsan ee aan ku sheegay inaannu ku farxinno waxyaalaha maanta, laakiinse waxaannu ku dhacaynaa inaannu helo waxyaalahaas ku helo," ayuu ku sheegay 4's Today ee BBC Radio.

Toyota ma sheegi karaan in aydnaan u dhacdo waxyaalihii uu ku dhacdo, laakiin in aydnaan u dhacdo waxyaalihii uu ku dhacdo in qofka waxyaalihii ku dhacdo waxyaalihii uu ku dhacdo waxyaalihii uu ku dhacdo waxyaalihii uu ku dhacdo waxyaalihii uu ku dhacdo.






Waxaa loogu sheegay New York Times in Roosevelt uu sheegay in ay iska dhex shaqeeyaan mid kasta oo ay ka soo bixisaan microphone inuu soo qorto hadalka Trump, iyo in ay kasta oo ay ka soo bixisaan mid kasta oo ay ka soo bixisaan mid kasta oo ay ka mid ah mid kasta oo ay ka mid ah mid kasta oo ay ka mid ah.
Rosenstein ayaa sheegay inuu diro.









Sanders ayaa u jawaabay in qofka caasimada shaqaalaha ah oo lagu shaqeynay ma aysan lahayn "dacwad-dacwad-da-dacwad-da-dacwad-da-dacwad-da-dacwad-da-dacwad-da-dacwad-da-dacwad-da-dacwad-da-dacwad-da-da-da-dacwad-da-dacwad-dacwad-da-dacwad-dacwad-da.





Waxaa ka mid ah qofka shaqaalaha isku mid ah.
Waxaa lagu muuqdaa maalintaas ee New York, haddii ay ka mid tahay maalintaas, iyo maalintaas, oo ay ka mid tahay maalintaas, oo ay ka mid tahay maalintaas oo ay isku soo urursadeen.



Gobolka Scotland ayaa mar dambe shaqeysay qiimaha shaqaalaha lagu dhigay ee shaqaalaha dadka Yurub ee shaqeystay shaqaalaha dadka.






Christian Abercrombie ayaa loogu dulqaaday inuu lagu dulqaaday inuu lagu dulqaaday inuu lagu dulqaaday.


"Waxaa u soo baxay inuu ku soo baxay inuu ku soo baxay inuu ku soo baxay inuu ku soo baxay," ayuu Reed ku yidhi.

Shaqaalka Tennessee Staten ayaa Chris Harris hortiisa ku sheegay WSMV ee Nashville, Tennessee in Abercrombie ay ka soo baxeen shaqaalaha ku saabsan dhaqaalka Vanderbilt.

Abercrombie, maalintii shabaab ah oo la mid ah bulshada kolliga ah, ayaa ka hor dhigay wakhtiga ugu horreeyey in Tennessee State ka dib markii lagu dejiyo Illinois.






















Maxamed Maxamed Maxamed Maxamed Maxamed Maxamed Maxamed Maxamed Maxamed Maxamed Maxamed Maxamed Maxamed Maxamed Maxamed Maxamed Maxamed Maxamed Maxamed Maxamed Maxamed Maxamed Maxamed Maxamed




Waxaan ku soo qoray maqashada B oo dhammu oo dhan, "Ross ayaa ku sheegay BBC Sportsound ee Scotland.

"Waxaan u furaynaa haddii aan ku dhacay inaan ku dhacay inaan ku dhacay inuu ku dhacay inuu ku dhacay inuu ku dhacay inuu ku dhacay inuu ku dhacay inuu ku dhacay inuu ku dhacay inuu ku















Waxaad maqli kartaa shuqullada oo dhan ee Sportsound maalintii, 30 Septembrii, Radio Scotland ee 12:00 iyo 13:00 wakhtiga sare ee UK.
Wakhtiga u dhawraanta ee beerta 5:30pm ee sabtida, waxaa lagu muuqdaa warqaddan.

Qofka baarka iyo barka ayaa lagu sheegay in ay soo dhacay dabooyinka 2.7 perso iyo Yuulay, laakiin qofka reerka ayaa soo dhacay in ay 4.8 perso, ayaa statistika ku muuqdaa.

Waxaa lagu dhacay 1.8 perso oo ku dhacay shaqaalaha shirkadda sare ee Yuulay ee Yuulay.
Bubs iyo barshada cabbi ah, waxay u sheegeen dhaqaalaha ugu wanaagsan ee hortiisa, in kastoo ay ku soo xidhaan cudurka ku dhacay.




Wakhtiga iyo taajirka waxyaalaha ugu weyn ee jacayl ama shuruuqaal ayaa dhacay waxyaalaha ugu weyn markii loogu soo iibsaday shaqaalaha shaqaalaha guriga ka hor.


Waxaa lagu soo bixiyey dhaqaalaha dabka ah oo lagu soo bixiyey cusub iyo cusub, oo lagu yeedhi jiray oo lagu fureeyey 2.7 perso ah Yuulay, oo lagu muuqdayay in lagu soo bixiyo markadii.
Coffer Peach Tracker, shaqaalaha dabooyinka ah ee shaqaalaha buunka, baryo iyo baryo ee UK, ayaa isugu soo ururay iyo isku faa'iido shaqaalaha ah ee 47 shaqaalaha shaqaalaha, oo ku saabsan lacagta iyo 9 bilyan libraad ee Britannica, iyo waxay ku timid tahay shaqaalaha.
Mid ka mid ah shan carruur ayaa loogu dulqaaday hooyadiisa profile xaqiiq ah ee xaqiiqada
Mid ka mid ah shan carruurta - qaar 11 sannadood oo kale - waxaa lahaa profil aqoon ah ee xagga reerka jacayl oo waayeelladii iyo maamuusadii ay ka dhigeen, ayaa lagu soo baxay warqaddan.
Waxaa lagu sheegay 20,000 sharciga shaqaalaha u dhacay in lagu soo dhacay in lacagta Insta.



Waxaa lagu sheegay 20,000 dadka shaqaalaha ee shaqaalaha u dhacay in lagu dhacay Insta accounts shaqaalaha ah - waxa lagu sheegay in lagu qoray Instagram.



Wararka lagu sameeyey Digital Awareness UK iyo Conference of Directors (HMC) of scools hore ayaa u sheegay in 40 perso oo carruurta 11 iyo 18 sannadood ayaa labada qof lahaa, darteed darteedna waxay aqoonsadeen in lagu qof lahaa qof lagu qof lahaa.



Doyle ayaa ku jiray shirkaalka Scotland oo ay ka badan yihiin xoogga iyo madaxda Ian Biicy oo ku soo bixisay sida furashada wanaagsan ku saabsan kuwa ku soo qabta qofka, si ay u faa'iido aad u badan tahay taariikhda dunida ugu horreeyey saddex sannadood.


Mareykanka oo ku dhacay finaallada 200 iyo 400-meer ee Olimpiadda Atlantis sannadka 1996, oo ku soo qaaday afartii madaxweyneedka dahabka Olimpiadda, iyo hadda aad u sheegaysa BBC, ayaa ka dhacay aqoonta ku socda markii la heli karay ishemical.
Wuxuu Twitter ku soo qoray: "Bhoog ka hor ayaa aan ku dhacay.



Waxaan ku mahadnaqdaa in aad u caadigayso!"


Si aad u aragto in ay taageeraan taageerka "Madaxda ugu horreeyey oo aan lahayn in lagu qabto dunida," shaqaalaha isticmaalidda teknolojiyada Elvie ayaa soo bixisay inuu soo bixiyo shaqaalaha muxuuqa-vidyo ah inuu muujiyo xoogga cusub oo taageerka cusub uu siin caruurta.

Waxay ku yidhaahdeen, "Dhib, dul, dul, dul, dul, dul, dul, dul, dul, dul, dul, dul, dul, dul, dul, dul, dul, dul, dul, dul, dul, dul, dul, dul, dul, dul, dul, dul, dul, dul, dul, dul, dul, dul, dul, dul, dul, dul, dul, dul, dul,
Sidaas daraaddeed, waxa loogu sheegay waxa shaqaalaha Facebook ee shaqaalaha shaqaalaha ee shaqaalaha ah ayaa ka dhigay shaqaalaha online.
Waxaa lagu arkay 77,000 oo boqol-u-toban taageer, videoka ayaa lagu heli jiray reer binu-aadmiga, dad badanna ayaa sheegay in ay "dacweyn" lahaa shaqaalaha lacagta.


Dadka Elvie oo lagu soo urursaday in lagu qabto (Elvie/Mother)


Haddaba qaar kale ayaa ku sheegay, "Waxaa lagu xumayn karaa waxa aan lahayn.

"Waxaan ii sheegay in waxyaalihii aad u weyn tahay.




Qaar kale ayaa sheegay: Waxaa taageerka caqli ah oo lagu qoray hooyadeenna ku xidhan (qaar badan ee shaqooyinkooda ama shaqooyinkooda) oo ku xidhan sida "craw" ah.
Waxaan ahayn waxa uu ku faa'iido ama uu ku xukun yahay waxa lagu sameeyo waxa lagu sameeyo. "



Ana Balarin, maqashada ah iyo maqashada sharciga ah ee Mother, ayaa sheegay: "Madaxda Elvie waa sidaas daraaddeed waxyaalaha caasimada ah ee loogu heli karaa inuu taageero aad u baahan yahay iyo aad u baahan yahay.






Xukuumadda Somaliland ayaa ku dhacay June markii uu sheegay in shaqaalaha qaarkood iyo dadka qaarkood qaarkood waa in la siiyo ciidanka ciidanka, sidaas daraaddeed dataas ayaa la qoray ciidanka qaarkood.











Waxaa lagu sheegay Shaqaalaha Shaqaalaha Dhaqsanka UM, Waalid al-Muaaleem, intuu gurigiisa ku soo noqday, in kastoo uu siddeed sannadood ku socday, waxaa lagu yeedhi jiray.










Dadka UM ayaa sheegay in xaqiiqada mar dambe ee Urushaa iyo Turquoska si ay u adeegaan xaqiiqada shaqaalaha shaqaalaha shaqaalaha ugu weyn oo ku dambeeyey ee Idlib waxay siiyeen in ay u dulqaadaan xaqiiqada siyaasiyiinta.





Sidaas daraaddeed, Trump wuxuu ku dhacay in uu ku dhacay warqaddan 2020, haddii - sida dadka badan oo loogu rajaynayo - madaxweyneedkiisa ma dhacdo markii markii hore aawadeed aawadeed sidii loogu dulqaadayo iyo aawadeed aawadeed aawadeed.



Fox News waxay lahaayeen 2.4 milyan oo arrimaha in ay faraxda ku jiraan, iyadoo lahaayeen 1.7 milyan oo ay afar sannadood ka horreeyeen, Nielsen, oo "The Rachel Maddow Show" MSNBC ayaa ugu horreeyey arrimaha telebiyada kabel, oo ay lahaayeen 3.5 milyan oo arrimaha ugu weyn ee waxyaalihii.

Neal Scoould, oo ku saabsan isku shaqeysinta sare oo leh "Just the Funny Parts: And a Few Hard Truths About Sneaking Into the Hollywood Boys' Club", waxaa lagu jiraa hadalka kale.


Markaasay weyddiiyeen, Maxaad tahay?

Waxay ku jiraan caayooyinka.


Haddaba, dowladda in aad tahay dadka la xisaabto ma uusan u caabin in aad arko sida qofka sharciga Bob Woodward, oo isticmaaliyay "inta sharciga ciidanka" sida qiimaha ku saabsan kitaabka "Stress"; Paul Manafort's Cocktaar Dampney Dampney Dampney Dampney Dampney $10,000, Posttom" oo ka mid ah ka mid ah.

"Waxa uu u sameeyaa inuu aad isku qabto sidii qofka xaqiiqada xaqiiqada, waa in aad u siinto wax kastaba maalin kasta," wuxuu ku yidhi Brent Montgomory, uu ka mid ah dambe ee Wheelhouse Entertainment iyo u abuurka "Pawn Stars", kaas oo ku saabsan qofka qabta iyo maalintii.






Waxaa lagu xumayn jiray in lagu shaqeyso mid kasta oo ay ka mid ah in lagu qabto magaalada hortiisa oo lagu qabto in lagu qabto.

Waxaa lagu sheegay in dhaqaalaha Pitsburgh oo dhaqaalaha ku dhacay inuu ku sheegay in dhaqaalaha dhaqaalaha dhaqaalaha Connor Lamb, oo uu ku dhacay meel kasta oo uu ku dhacay dhaqaalaha dhaqaalaha dhaqaalaha dhaqaalaha dambe.


Dhaqaalka 17-da-da-da-da-da-da-da-da-da-da-da-da-da-da-da-da-da-da-da-da-da-da-da-da-da-da-da-da-da-da-da-da-da-da-da-da-da-da-da-da-da-da-da-da-da-da-da-da-da-da-da-da-da-da-da-da-da-da-da-da-da-da-da-da-da-da-da-da-da.





Mr. Trump ayaa isku jiray qabta qalbigeed ee President Juan Carlos Varela oo ka yimid Panama markii June 2017, oo sidaas oo kalena wuxuu lahaa hotel Panama, ilaa shaqaalaha ay kaxeeyeen shaqaalaha shaqaalaha Trump ee shaqaalaha.



Waxay ku horreeyey isku shuqullada dhexda, dadkii shaqaalaha ku jira Shirka iyo Shirkadda Amerika ayaa la dibiyey qofka ugu sarreeyey tahay, oo lagu shaqeeyey dhaqaalaha dhaqaalaha iyo dhaqaalaha, oo lagu shaqeeyey in ay isku shuqullada sida sidaas oo kale sannadkii hore lagu aragtay sidaas oo kale in lagu shaqeeyey in ay u qabsato.

Waxaa lagu sheegay in uu isku qabto qofka lagu soo qabto oo lagu qabto midkii Oktobaar, sida marka ugu weyn oo sharciga lagu siiyo isku guuleysiinta, waxaa lagu sheegay dambeeyadda.












Waxaa hore ugu horreeyey dadka Mareykanka oo ka horreeyey waxyaalihii kale.

Rosenstein wuxuu ku dhacay markii gaadhinkan lagu sheegay inuu sanadkii hore uu ku sheegay inuu ku qoro ciidamada, oo uu ku sheegay inuusan ku xiriirsan tahay inuusan ku xiriirsan.
Mr Rosenstein ayaa sheegay in hadalka "Times" ma aysan ahayn.







Norman Eizen, shaqaalaha ugu horreeyey ee Institute of Brooklyns, waa madaxda "Washint iyo Shirkadda" oo lagu qoray "The Last Palace: The Turbulent Century of Europe in Five Lives and One Legendary House."

Rangers waxay ahayd reer Rapid Vienna, oo waxay ogaayaan in dhaqaalaha Austria ka dib ka dib markii ay isku dambeeyaan xaqiiqada xaqiiqada xaqiiqada ee Ispaniya ka horreeyey maalmoodkan, waxayna siin doonaan furan weyn in ay ka hor joogto Group G of Liga Yurub.



















Haddii aad u doortaa shaqaalaha qofka lacagta ah, waxaad ku qabtaa shaqaalaha lacagta lacagta ah, shaqaalaha nolosha "Nolosha" lacagta lacagta ah si aad u caawisaan in aad u qabto qofka lacagta ah ama lacagta lacagta ah - haddii aad tahay shaqaalaha lacagta.


Sidaas daraaddeed waxaad ka fikiraa fikirka waxyaalaha lacagta ah.




Martinna wuxuu yidhi, "Ma aha wax kaliya shaqaalaha lacagta, laakiinse waa wax kasta oo dhakhtarka ah," ayuu ku yidhi.
"Waxaa lagu sameeyey dhaqaalaha?








Dhulka iyo tsunami ee Indonesia




Palu waa magaalada magaalada Sulawesi, oo ku jiray dhammaadka dhibka badda ku saabsan dalka Sulawesi, oo ku jiray 379,800 dad in 2017.






Sanadkii 1938, tsunami ayaa ka badan 200 dad dilay, oo wuxuu ku baabbi'iyey boqol-boqol dunida ee Dongalla.



2004: Dhaqso xoog badan oo 26-ka-December ku soo baxay dalka Indonesia Aceh oo ku jiray Somalia ku dhex shaqeysnay cunammi, oo ku soo saaray 14 dalka iyo 226,000 dad oo ku dhex shaqeysnay Muqdisho oo dhan, oo ka badan darteedna waxay ku jiray Aceh.
2005: Soomaaliyeedka ciidamada xoog ah ayaa ku dhacay badda Somalia markii markii markii markii iyo bilowgii April.

2006: Truss oo magnitude 6.8-ka ka mid ah bulshada ugu dambeeya Indonesia, Yawa, waxaa lagu shaqeysay tsunami, oo ku dhacay badda koonfureed, oo lagu diray 700 dad.
2009: Dulqaadkii Magnitude 7.6 ayaa ku dhacay magaalada Padang, magaalada dalka Somalia.

2010: Dulqaadkii Magnitude 7.5 ayaa mid ka mid ah bulshada Mentaway iyo inuu ka mid ah cunammi oo 10-meter ah, oo la dilay toban magaalada oo la dilay 300 dad.
2016: Dulqaadka lagu qabtay in ay dulqaadka Pidi Jaya ku dhacay Aceh, oo ay ka dhigtay dhibka iyo panica, markii dadka waxay xusuustay dulqaadka dulqaadka dhimashada iyo tsunami sanadkii 2004.












Waxaa lagu xukumay inaad aabbihiis Todd Paylin ku xukumaysaan.


Gobolka Jannaar 2016 ayaa lagu xukumeeyey caasimada guriga, caasimada in lagu sheegayo caasimada guriga iyo caasimada lagu heli karaa ciidanka caasimada lagu xiriirsanayo caasimada.


Madaxweyne iyo tsunamihii Indonesiiya: Boqol oo dhintay

Dhulka 7.5 oo Magnitude ah ayaa ka dhigay tsunami iyo kun guriga lagu baabbi'iyey.

Dulqaadkii ayaa soo dhowaaday Sulawesis oo ku soo dhowaaday dhaqaalka Indonesia - Jakarta.


Shaqaalaha Somaliland waxay doonayeen xukunka dhimashada in lagu xukumo ciidamada shirkadda ee New York.
Shaqaalaha sharciga dalka New York ayaa sheegay in la dhinto Saiful Saipow, oo lagu qoray in lagu dhinto siddeed dad oo ku dhintay New York, ayaa lagu dhigay shaqaalaha shaqaalaha shaqaalaha kale ee aysan dhiman dembiyada dalka 1953.
Waxaa la sheegay in Saipow, 30 sannadood ah, wuxuu isticmaali jiray cammihii ku soo saaray Home Depot inuu sameeyo shirkii oo Oktoobka ah ku xidhay carshiga West Side ku xidhay dhaqaalaha Manhattan, oo ku soo saaray reer binu-ka-da-da-da-da-da-da-da-da-da-da-da-da-da-da-da-da-da-da-da-da-da-da-da-da-da-da-da-da-da-da-da-da-da-da-da-da-da-da-da-da-da-da-da-da-da-da-da-da-da-da-da-da-da-da-da-da-da-da-da-da-da-da-da-da-da-da-da-da-da-da-da-da-da-da-da-da-da-da-da-da-da-da-da-da-da-da-da-da-da-da-da-da-da-da-da-da-da-da-da-da-da-da-da-da-da-da-da-da-da-da-da-da-da-da-da-da-da-da-da-da-da-da-da-da-da-da-da-da-da-da-da-da-da-da-da-da-da-da-da-da-da-da-da-da-da-da-da-da-da-da-da-da-da-da-da-da-da-da-da-da-da-da-da-da-da-da-da-da-da-da-da-da-da-da-da-da-da-da-da-da-da-da-da-da-da-da-da-da-da-da-da-da-da-da-da-da-da-da-


Maalmihii toddobaad dabadeed ka dib, ciidamada xukunka Federaal ayaa Saypow u sheegay ciidamada 22 ciidamada, oo ka soo gaaray siddeed qof oo lagu qabtay qofka lagu qabtay caafimaadka Federaal oo lagu isticmaali jiray dembi lagu qabtay, iyo qofka caafimaadka iyo dibka IMPS.

"Sifulo Habibuleevich Saipow ayaa shaqeystay, ayuu dhibtay iyo ka dhibtay reeryo iyo saaxiibka Diego Enrique Angelini, Nicolas Cleves, An-Lori Decade, Darren Dreak, Ariel Early, Ernan Feluki, iyo Alexander Damien Panuco," ayaa la sheegay.

Soomaaliyeed sannadood ayaa dhacay tan iyo markii ugu dambeeyey dalka Dhagaxda New York ayaa ku baabbi'iyey dhimashada.

Markii ugu horreeyey New York ayaa dhimashada lagu sameeyey xagga sharciga Federal, ayaa 1953 - Julius iyo Ethel Rosenberg, qofka reerka ah oo lagu sameeyey markii lagu sameeyey xukummada ciidamada iyo lagu sameeyey sharciga Soomaaliya, laba sano ka hor.
Labadii Rosenberg ayaa lagu qabsaday fadhiyaalka shirkadda ah 19 June, 1953.








Waxaa lagu sheegay in Naizel Fara waa inuu ku dambeeyo hadalka Brexit.

Waxaa u sheegay madaxda ciidamada caalamka caalamka Britannica oo lagu sheegay in siyaasada ay "qabto" - sida mid ka mid ah ciidamada caalamka Teresa May oo lagu qabsaday inuu u dambeeyo caalamka EU.





















Waxay ku dhacay shaqaalaha shaqaalaha oo lagu qoray "Conservatorys for Brexit" markii ay bilaabeen shaqaalaha lagu dhacay hadalkaas ee wasaaraddaas.



"Waxaa ka mid ah wax wanaagsan ee Brexit," ayuu ku yidhi.

Senatorka Mareykanka Elizabeth Warren ayaa sheegay inuu "qaadayo mid weyn inuu kacaayo madaxda" markii ay dhaxalka markii Noombral ku dhacay.

Warren, haddana shaqaalaha madaxweynaha Donald Trump, ayaa isku diiday mid ka mid ah mid ka mid ah mid ka mid ah mid ka mid ah mid ka mid ah mid ka mid ah mid ka mid ah mid ka mid ah mid ka mid ah mid ka mid ah mid ka mid ah mid ka mid ah mid ka mid ah mid ka mid ah mid ka mid ah mid ka mid ah mid ka mid ah mid ka mid ah mid ka mid ah mid ka mid ah mid ka mid ah mid ka mid ah mid ka mid ka mid ah.






Daa'uudka Police ee Baton Rouge ayaa sheegay in Dayton Simpson, 20 sannadood, lagu qabto qofka saacaddii saacaddii 11 saacaddii bari ah.

Sims, 20 sannadood ah, ayaa lagu dilay oo la dilay aad u soo dhowaato qofka Universite Dhagaxda, intii hore hore lagu dulmiyo.




Ciidamada 66, oo ku soo dhacay Baton Rouge  Sims ayaa ka qabsaday 32 macaamiisha oo 10 ka soo baxay sida ciidamada ciidanka hore, oo waxay ka qabsatay 17.4 minute, 5.6 ciidanka iyo 2.9 macaamiisha.





Maxaa yeelay, maxaa yeelay, maxaa yeelay, maxaa yeelay, Maxaa yeelay, Maxaa yeelay, Maxaa yeelay, Maxaa yeelay, Maxaa yeelay, Maxaa yeelay, Maxaa yeelay, Maxaa yeelay, Maxaa yeelay, Maxaa yeelay, Maxaa yeelay, Maxaa yeelay,












Waxaad xusuustay jawaabkiisa... waxaad ka soo bixisay waxyaalihii - "O, ah, ah, ah, ah, ah, ah, ah, ah, ah, ah, ah, ah, ah, ah, ah, ah, ah, ah, ah, ah, ah, ah, ah, ah, ah, ah, ah,
Oo, ma aha.
Waxaan aanan ka dhigtay. "
Waxaa u soo baahnaa saacad.
Waxaannu siinnay ... Ma aannu siinnay, ma aannu siinnay," ayuu ku soo dhacay inuu siiniyey senatorka.

Waxaa sheegay The Hill, Waxaan aanan ku dulqaadayn warqaddii Ford, ma aanan ku dhex shaqeyn taariikhda, ayuu Faynstein ku sheegay.






Elit Liga: Dundy Stars 5-3 Belfast Jayants
Patrick Duiyer ayaa labada qof u sheegay Jayents Dhandy







Waxay ku dhacday bishii, Sullivan wuxuu ku soo noqday magaalada guriga saacaddii 13:10, markii Matt Marcart ka caawiyihii caafimaadka Cauun saacaddii 15:16.












Waxaa lagu sheegay hadalka Shaqaalaha Air Control, Indonesia, Johannes Syrayt, in caafimaadkan aad u badbaadi doontaa boqol nafta, ayaa ABC News Australia sheegay.






Sidaas daraaddeed ciidamada iyo shirkada ayaa caawimadda iyo shirkada.
Riza Kusuma, oo 35 sano ah, ayaa ku sheegay Sky News: "Wax kasta oo aan lahayn, waxa lagu soo dejiyey waxa aan lahayn.





Waxaad u diyaarsan tahay?" CNN ayaa lagu sheegay.

Air Niugini ayaa sheegay in nin aanay garanayn markii lagu shaqeeyey lagu yahay.
Waxaa lagu sheegay in qof kasta oo lagu qabtay lagu dulmiyo lagu dulmiyo dalka Ciise ayaa lagu sheegay in nin lagu diray markii hore lagu sheegay in 47 qof oo lagu dulmiyo iyo qof kasta oo lagu dulmiyo lagu dulmiyo lagu dulmiyo lagu dulmiyo.







Sidaas oo kale, shaqaalaha shirkaalka iyo ciidamada dalka Mareykanka ayaa sheegay in shirkaalka ayaa lagu soo dhoweeyey laguunka hore.

Waxaa lagu sheegay in aqoonta ay ku dhacay in aqoonta ay ku dhacay in aqoontaas ku dhacay.
Janis wuxuu yidhi, Waxaa wanaagsan yahay.



Waxaa lagu sheegay in labadii boqol ah 111 dad oo dhintay in ay ku dhacay jibka lagu qabsaday PNG, laakiin Air Niugini ma ay gaadhin waxba mid kasta.




Roulette ayaa sheegay inuu helo datayda meelaha qaarkood ee teleefood, oo u muuqdayaa in Tellis iyo Chambers ay la joogeen habeenkii dhimashada, inuu ku soo noqotay wixii uu hore u sheegay, ayaa The Clarion Ledger la sheegay.



Waxaa lagu sheegay in Tellis ay ku sheegay inuu aragto Chambers labadii maalmood ka hor dhimasho.

Rowlett ayaa sheegay in markii intii Chambers Tellis dhimashada lagu dhintay, waxaa lagu diiday hadalka, iyo ciyaaradda iyo sharciga ay ka soo bixiyeen telefoniisa.



Next articleWaxay ku saabsan tahay: Maxaa lagu xusuusan yahay Hip Hop?

The High Breed ee Brussels ayaa sheegay in hip-hoobka ay ka dhigeen ka soo dhacay dadka siyaasitiisa iyo sharciga ciyaaradaha jacayl.


Dadka kale oo ah Dadka?!
Aabbaha New York ayaa xukuumaysa laba qof ka dib markii la dibiyey "Rasistic"



"OOOOOOOOOOOOOOOOOOOOOOOOOOOOOOOOOOOOOOOOOOOOOOOOOOOOOOOOOOOOOOOOOOOOOOOOOOOOOOOOOOOOOOOOOOOOOOOOOOOOOOOOOOOOOOOOOOOOOOOOOOOOOOooooooooooooooo.

Markii uu ogaaday caawiyadiisa, aad u caawiyaysa "caawiyaysan" ah, ayaa Madaxweynaha Plasco-Flaxman ka dambeeyey Madaxweynaha Morris, inuu sheegay in gabadhii hore ee Afrika-Amerika ah ma uu sameeyey shuqullada wanaagsan, ayaana sheegay inuu Filibiinka ku dhacay.

Hadda Maurice wuxuu xukumeeyey qofka qofka caafimaadka looga dhiciyo, oo wuxuu doonay in ay $ 350 maalin ka mid ah in lagu shaqeeyo qofka bilowga ugu horreeyey, in kastoo aan lahayn qofka.



Waxaana ma aha rassista.
Waxaan u sheegay inaannu raxad lahayn," wuxuu u sheegay raxadiisii Joel Plasco.


Waxaad ka fikirtaan."







Waxaa sheegay in aabbihiis oo shaqeysa sida shuqullada BBC, ka hor inuu ku qoro kitaabka carruurta caan ah, inuu isku dhacay inuu ku dhacay inuu ku dhacdo kitaabka, oo uu ku sheegay inuu ku farxiyo 60-aadka dambeedka dambeedka dambeedka dambeedka, dabadeed sannad.

Waxay ku tidhaahdeen, Isagu waa nin qabow ah, oo ma uusan is-hoosaysiin.




Gabadhiisana markii ay u soo saaray, waxaa lagu qabsaday hospitalkii Louis Pasteur 2 ee Nica, halkaas dacwadii ay ku xukumeen inay noloshadiisa ka badbaadiyaan.


Waxaan sameeyey.
Waxaan ku tidhaahdaa, Taxii, Waxaan ku jeclahay.








Waxay ku tidhaahdeen, Ninna ma garan.



Waxaan ogahay inuu aad u jeclahay."


















Waxaan na qabsaday.



Waxaan ka fikirayaa inaan waxyaalihii uu doonayay - waxa lagu sheegay in lagu dulqaadayo iyo waxa lagu dulqaadayo - waxa aan lagu qabsan karaa inaan lagu qabsan karaa," ayaa Mr. Fleeck sheegay sabtida iyo inuu cabsado in kooxdaas "waxa lagu dhacay" in kastoo lagu dulqaado.









Park Bieong Sug, si ay u sheegayeen qofka shaqaalaha Qofka Koreya ah, ayaa sheegay in sannadkii hore ay jiray 1127 ciidamada, oo ay isku wareegsan sanadkii 2011 ay ahaayeen 2706.
Waxaa lagu sheegay in sharciga ugu weyn ee Koreya iyo Shiinaha, iyo kuwa ugu weyn oo lagu sheegay in ay dadka ku jiraan, waxay ahaayeen sharciga ugu muhiim ah.







Waxaa dhacay markii isku shuqullada ciidamada ee Sharciga Mareykanka Donald Trump iyo Kim Chen Un ee Singapore, halkaas oo ay isku shaqeeyeen shaqaalaha shaqaalaha shaqaalaha Koreeya oo aan ciidamada shaqaalaha.


Nancy Pelosy ayaa loogu yeedhay Bret Cavanayo oo lagu sheegay inuusan ka mid ah shaqeeyaasha ciidamada ugu horreeyey.





Sidaas daraaddeed ayuu u xukumay dadkii demokrata ee komissaad, inuu looga sheegay in uu lagu shaqeeyey "caasimada ciidamada ah iyo ciidamada lagu shaqeeyey" ee loogu shaqeeyey Liberals oo aan lahayn in Hillary Clinton ay ka dhacay dhaqaalada Presidents in 2016.













Waxaan ka cadhooday."
Haddaba markii kale ayuu ku dhacay.






Patrick Schrjoder, ciidamada demokrata ee Colorado, ayaa la shaqeeyey Gary Hart in lagu shaqeeyey inuu ahaado madaxweyne.
In 1987, markii Mr. Hart lagu qabsaday qof lagu yidhaahdo "Monkey Business", oo lagu kaxaystay qofka, Mrs. Schrder, oo aad u dhacday, ayaa ka fikirayaa inuusan ka fikirin fikirka uu isaga ka mid ah.


Waxaa lagu yidhaahdaa, Waxaa lagu yeedhi jiraa "Sneazing and toddoba judgeed."
Maxaa yeelay, markii lagu qabsaday in lagu helo lacagta iyo inuusan noqon doonin inuusan ku xidhayn qofka haddii uusan qofka qofka 2 milyan dollar ee Mareykanka.







"Waxaad u ooyaysaa?"

Dadkii ugu horreeyey dib ah oo ay ku tahay Wararka Mareykanka iyo Shiinaha, waxay ku dhacaysay in labada dunida ay ku dhacayso, waxaana ku dhacay in labada dunida ay ku dhacayso in ay Beijing u dhacayso sidii uu u dhacayso, waxay yidhaahdeen shaqaalaha.
Donald Trump, hadalka Mareykanka, ayaa lagu dulmi jiray shirkadii ugu horreeyey sannadkan, oo lagu qabtay shaqaalaha ugu muhiimsan ee shaqaalaha Shiinaha, oo ka mid ah shaqaalaha qorraxda, muhiim iyo aluumiin.
Sida ugu weyn ee taageerka lagu soo baxay maalintaas waxaa lagu soo baxay shirkadda cusub ee lagu soo baxay 200 bilyan dollar (150 bilyan dollar UK) oo lagu soo baxay qofka shaqaalaha oo dhan ee Shiinaha ka mid ah.
Haddaba Beijing wuxuu ku soo bixiyey shaqaalaha cusub ee shaqaalaha shaqaalaha shaqaalaha ee shaqaalaha Mareykanka ee 60 bilyan dollar ah.


Sidaas daraaddeed, haddii Beijing ka soo gaaray kartaa si aad u adeegayso, ciidanka dagaalka ah ee Mareykanka ayaa u caawi karaa in Xiinaynka si ay u dhacaan labada shaqaalaha.
"Waxaa loogu sheegay in qofka shaqaalaha siyaasiyiinta lagu qabto ee Washington iyo Beijing inay u abuuraan qof labada dalka ah, waxa ay ka badan yihiin mid ka mid ah mid ka mid ah mid ka mid ah mid ka mid ah mid ka mid ah mid ka mid ah mid ka mid ah mid ka mid ah mid ka mid ah mid ka mid ah mid ka mid ah mid ka mid ah mid ah mid ka mid ah," Abigay Abigail Grace.


Waxaa sheegay shaqaalaha dalka Somaliland, Waalid al-Muaaleem, in ay tahay in dhaqaalaha dalka lagu wanaagsan yahay.







Yurub ayaa qabtay "Rayder Cup" Paris
Kooxda Yurub ee 2018 ayaa ku dhacay Raider Cup, sidaas oo ah kooxda Mareykanka oo ugu horreeyey 16.5-ka 10,5-ka kooxda Le Golf National ee Paris, France.

Yurub wuxuu ku soo noqday madaxda shaqaalaha shaqaalaha, markii shaqaalaha shaqaalaha shaqaalaha Daanska, Thomas Burn, ay ku soo dhoweeyey ciidankii ugu baahan tahay 14,5 oo ay ku dhacay in ay ku dhacayso Mareykanka.


Jordan Spyt ayaa dhacay 5&4 ka mid ah qofka Yurub oo ku jiray meel ugu dambaysta ee ragsitaadka - Thorbjorn Olessen oo Danimarka.
Dawlada Dunida Dawlada Dawlada Dawlada Dawlada Dawlada Dawlada Dawlada Dawlada Dawlada Dawlada Dawlada Dawlada Dawlada Dawlada Dawlada Dawlada Dawlada Dawlada Dawlada Dawlada Dawlada Dawlada Dawlada Dawlada Dawlada Dawlada Dawlada Dawlada Dawlada Dawlada Dawladadadada Dawladadadadada Dawladadadadadadadadadadadadadadadadadadadadadadadadadadadadadadadadadadadadadadadadadadadadadadadadadadada
Sergio Garcia, oo siddeed ka mid ah mid ka mid ah in ay ka mid tahay Raider Cup, wuxuu u noqday ciidamada ay ka mid ah ciidamada ugu weyn oo ay ka mid ah ciidamada saacad kasta oo ay ka mid ah ciidamada ay ka mid ah 25,5 ciidamada.

Waxaa jiray sannadood aad u badan.






Waxaa lagu sheegay mid ka mid ah mid kasta oo ugu weyn ee wakhtiga oo dhan, ayuu qabtay 14 dunida weyn oo lagu qabtay Jack Niclaus keliya.


Maalintii maalintii hore waxaannu u dhacay shaqaalaha Yurub.
Waxaa jiray dagaal.
Haddaba Toomas oo ka soo dejiyey.
Waxay ku jiraan captain wanaagsan.




Waxaannu kaliya ku xidhay. "
Next articleWaxaa lagu soo dhacay in ay ku dhacayso xaqiiqada xaqiiqada Pinelas, Manouta iyo Sarasota
Waxaa shaqaalaha ugu dambaysta ee Komiteed kalluunka iyo xayawaanka xayawaanka Florida ka muujiyay in ay ku dhacaan shaqaalaha shaqaalaha shaqaalaha shaqaalaha taambuugga Tampa Bay.




Waxaa lagu sheegay waxyaalaha shacabka shacabka hoggaamiyaha iyo waxyaalaha waxyaalaha shacabka hoggaamiyaha Pinelas, waxyaalaha shacabka hoggaamiyaha hoggaamiyaha Hillsboro, waxyaalaha shacabka hoggaamiyaha Hoggaamiyaha Hoggaamiyaha Hoggaamiyaha Hoggaamiyaha Hoggaamiyaha Hoggaamiyaha Hoggaamiyaha Hoggaamiyaha Hoggaamiyaha Hoggaamiyaha Hoggaamiyaha Hoggaamiyaha Hoggaamiyaha Hoggaamiyaha Hoggaamiyahaamiyaha Hoggaamiyahaamiyaha Hoggaamiyaha Hoggaamiyaha Hoggaamiyaha Hoggaamiyaha Hoggaamiyahaamiyahaamiyahaamiyaha.


