






Ua faamatalaina e se faʻamatalaga o le faʻamatalaga o le faʻamatalaga o le faʻamatalaga o le faʻamatalaga, ae faamatalaina e iai se taʻitaʻiga o le suafa foʻi o le “MWP” o le faʻamatalaga o le “mopete”.






O le tulafono faʻaaogāina o le faʻaaogāina o le tulafono o le a faʻaaogāina nisi suʻesuʻega i le galuega o le Faʻapotopotoga, e faʻatasi ma tulafono e faʻaaogāina ai a latou faʻapotopotoga, ma le faʻaaogāina o le faʻaoga.

































Fai mai ia te aʻu!"








Sainsbury e faʻamasinoina le faʻamasinoga o le uiga o le uiga o le mataupu faʻamasinoga o le Uiga o le Uiga o le Uiga o le Uiga o le Uiga o le Uiga o le Taumafa
Sainsbury e faatasi i Boots, Superdrug ma Debenhams, e tatalaina o se faʻaaliga o faʻaaliga faʻaleleia i o latou fale, o le a fesoasoaniina i latou o tagata faʻatasi.


Na fai mai Sainsbury, o le a faʻatuatua le faigaluega o faigaluega faigaluega faigaluega faigaluega faigaluega e sili atu i le 3,000, ma o le uluaʻi faigaluega o faigaluega e pei o Revlon, Essie, Tweezerman ma Dr. PawPaw.
O aso nei o le mafuaʻaga o L'Oreal, Maybelline ma Burt's Bees o le a maua foʻi se isi nofoaga e pei o le faʻamatalaga i le mafuaʻaga o Boots.



O Mike Coop, le pule sili o Sainsbury, na fetalai mai o le a faʻaaogāina i latou e pei o faʻaaogāina o faʻaaogāina, ae sa taumafai le vaega o le supermarkets e taufaʻatasi ma faʻaaogāina Aldi ma Lidl, e foaʻiina atu i le toʻatele o faʻaoga.


Sainsbury na faia le mafaufau ma Boots i le amataga o se se‘itau fou, ae na faʻafuaseʻi le faʻamasinoga e uiga i le faʻaaogāina o le faʻaaogāina o le faʻaaogāina o le kamupani o le faʻaaogāina o le supermarkets.
Ua faʻaaogāina e Sainsbury le auala fou ina ua faʻatauina lona mataupu faʻatasi ma 281 faʻatasi o Celesio, o le aumaia le vaega o Lloyds Pharmacy, i le 125 miliona poundi i le tausaga e tolu na oʻo.





O le fetū o Dragons Den Peter Jones "ua faʻamaumauina" ina ua faʻamaumauina e le televisi le matalaina o Holi Willey le 11 miliona poundi e faʻatasi ma lona kamupani e faʻaaogāina i lana feagaiga fou ma Marks and Spencer ma ITV



Holi Willey na tuʻuina atu le fetū mai Dragons Den Peter Jones "o le taumafai e taumafai," ina ia faʻaaogāina mai o latou fesoasoani ma le fale fesoasoani o le faʻamatalaga i le taimi mulimuli – e faʻamafanafana i o latou lava fesoasoani faʻatasi ma Marks & Spencer ma ITV.
Faʻailoa mai le mataupu o Jones "ua faʻaaligaina" ina ua faʻailoa atu le "fafine auro" o le televiso i le faʻapotopotoga o lona faʻapotopotoga i le faʻatonuina o le tupu silisili i Marlow, Buckinghamshire, o lona feagaiga fou – e sili atu i le 1.5 miliona poundai, o le a leai se taimi e leai.







E talitonu o le faʻamasinoga o le faʻamasinoga o le "O lenei taeao", o se tasi o fetū e sili ona lelei i le mataupu o le Iutaia, e mafai ona faʻaaogāina le leoleo o le leoleoina o le kamupani ma faʻaaogāina o le faʻamasinoga, ma o le a mafai foʻi e faʻaogā i le faʻamasinoga.



O le aiga e toʻalua e alu atu i le taimi faatasi, ma o le a maua e Jones 40% o le filifiliga televisi o Boldouin.


Taʻitaʻiga faigatā e faʻaaogāina le “faʻaaogāina le Faʻafefega”

Aiseā na faia e Trump le tele o mea na faia?

‘ Ou te le‘i fa‘asalaina se mea. ’


E sili atu i masina e tolu talu ona o le faapotopotoga o Yuna i Singapore, na faamatalaina e le poloaiga o le Aʻoaʻoga o le U.S., o le Aʻoaʻoga o le Aʻoaʻoga o le Aʻoaʻoga o le Aʻoaʻoga o le Aʻoaʻoga o le Aʻoaʻoga o le Aʻoga o le Aʻoga.


















E o‘o lava i mea lelei, o le faʻaaogāina lea o le faʻaaogāina i le to‘atele o motu o Indonesia.






Faʻaalia: Daniel Steriage na ta‘ita‘iina le tasi o Liverpool i Chelsea.





"Ua ou taumafai e maua se tulaga lelei mo le faʻamauina o le tino, auā o tagata taʻitaʻi e pei o Sack e masani lava e sāʻilia faʻamatalaga i tulaga muamua, o lea na ou taumafai e maua le tele o le taimi e mafai ona maua ai le faʻamatalaga lelei i le faitoto'a," ua faamatala ai e Steering i LiverpoolFC.com.





























O tagata uma o loʻo i ai faʻamatalaga e tatau ona fesoasoani i le @MerPolCC, fesoasoani i le 101 poʻo fesoasoani i le Crimestoppers anonimuga i le 0800 555 111, le leo 247 i Setema 30.











O le tagata e fasiotia le manu fesoasoani o le Saina









































E i ai se faaaʻoaʻoga matagofie e uiga i le tele o teuteu i le nuʻu o Amerika.
Sa i ai le fesoasoani o le 20 itū o le vao i le vao o Kansas, Missouri, ma Omaha, Nebraska, ma i le vao o Saint Louis ma De Moin, Iowa.



O lo tatou faʻamatalaga o le faʻamatalaga o le faʻamatalaga o le faʻamatalaga maualuga, e faʻaalia ai le maualuga e sili atu i le vaega i le masina o Amerika i le masina i le masina o Oktoba.




O Kavanau, e lē mafai ona molimau atu i lona faamaoni, o le mea lea e lē tupu ai se mea faʻapenā.

O le kamupani na faʻaaogaina le vaʻaia o CBS, ABC, NBC, CNN, Fox News Channel ma MSNBC.



O Fox News Channel, o loʻo faʻaaogāina e aunoa ma le malosi o le faʻamasinoga o Kavanau, o le uluaʻi o le vaega uma o le 5.69 miliona tagata faʻaaogāina i le faʻalogoga o le aso uma, ua faamatalaina e Nielsen.
ABC o lona fa‘alua o le 3.26 miliona tagata na va‘aia.
O le mea lea na talanoa e Nielsen CBS e 3,1 miliona, NBC - 2,94 miliona, MSNBC - 2,89 miliona, ma CNN - 2,52 miliona.


Ina ua oʻo mai le ofisa o se poloaʻiga mafai ona faamatalaina o ia o le faʻaaloalo i le fesoasoani o Kavanau, o le faʻaaloaloga o le CNN ma CBS na faʻaaloaloina i le aso Taʻitasi o le Faʻamasinoga o le Faʻamasinoga.

A ‘ua fai atu le fafine, “O a‘u o lo‘o ‘i‘inei, o lo‘o ‘iā te oe. ”






Ina ‘ua uma ‘ona fetalai atu i Kuuns ma nisi senatoro o Feliks, na fesoasoani ai o ia.


Ua faasalaina e le Punisini o Leoleo o Leoleo o Mea i le “Faʻataʻitaʻiga Politike” ma Brexit
O le pule lea, o Teresa May, na faasalaina ai e ia tagata o lona uiga e tuʻuina atu i le avanoa o le Eropa i le "gaoioiga politoli" o le aso o le Iutaia ma le faʻafeiloaʻiga o tagata i le talanoaga o le Sunday Times.
O le pule lea o Tereza May o le a sau i le Faʻatasi o le Partia Conservative i Birmingham, lea o le 29 Setema, 2018.
I se isi faʻamatalaga, o loʻo faʻaaogāina o ia i le tulaga muamua o le faʻamatalaga, o loʻo faʻaaogāina e le faʻamatalaga o le faʻamatalaga o le faʻamatalaga o le faʻamatalaga o le faʻamatalaga o lenei faʻamatalaga, o Boris Johnson.

O le poloaiga e puapuagātia ai se tagata o loʻo faʻamatalaina e uiga i le faʻataʻitaʻitaʻiga o Wade Simpson, o le taʻavale o basketball o le 20 tausaga i LSU.






O le faamasinoga o le faʻafetai i le faʻafetai i le faʻamasinoga o le sauniga o le poloaiga o Louisiana, le poloaiga o le poloaiga o le faasalaga, le poloaiga o le Southern University ma tagata o loʻo maua ai se fesoasoani i le puapuagā.
LSU Joe Aleva o le faʻafetai o le faʻamasinoga faʻamasinoga faʻamasinoga i le "taunuʻu amiotonu" o le taimi.


I le taʻitaʻi o le taimi e gata ai, na maua e ia 5,6 taʻitaʻi ma 2,6 taʻitaʻi o le taʻitaʻi.


O le vulokano e fa‘asesēina le fa‘afefe i le ‘a‘ai o Meksiko

O le faʻamatalaga o le faʻamatalaga o le faʻamatalaga o le faʻamatalaga o le faʻamatalaga o le faʻamatalaga, na faaaogāina e Meksika i le Sapati, ina ua faʻateleina le galuega o le faʻamatalaga, ma i le 24 itūlā e gata ai, ua faamatalagaina 183 faʻamatalaga.


Na iloa e tagata o le meaalofa o le tupu o le tupu o le tupu, o le tupu o le tupu o le tupu o le 45 kilomita (72 kilomita) i sasae o le nu‘u, talu mai le mafuiʻe faʻatasi ma le magnitude 7.1 i Setema 2017, o le mafuiʻe o Mekiko.







O le faʻatoʻaga o le maualuga o loʻo manaʻomia, e ui lava i le tausaga ina ia faia le faʻamatalaga i le 1 Oktoba, ua taʻua o le faʻamatalaga e lē saʻoloto mai i Madrid, ae o le faʻamatalaga e faʻamatalaga mai i le faʻamatalaga o Catalonia.







E ui lava o le mataupu silisili, o le faigaluega lea, o le faigaluega lea, o le faigaluega lea, o le faigaluega lea, o le faigaluega lea, o le faigaluega lea, o le faigaluega lea, o le faigaluega lea, o le faigaluega lea, o le faigaluega lea.


I le Sapati, Oriol Hunkeras, o se tasi o le nai tagata taitai o Catalonia na puapuagātia i le faamasinoga muamua o le tausaga na tupu, na faamatalaina o ia o le a faʻatauina i le filifiliga i le leoleo o le Europa i le tausaga mulimuli.













O Lewingston na fa‘alēaogāina mea lelei e uiga i tagata faigaluega e lē mafai ona faia.









"Faʻaaliga" mai Livingston - Faʻaaliga
Alasdair Lamont mai le BBC Scotland i le "Tony Macaroni Arena"
O le olaga faʻaaliga ma le faʻaaliga lelei mo Livingston.










O le faʻafefega o le faʻafefega o le faʻafefega o tagata, o le faʻafefega o le leoleo ma le talia le Tureka i le UE.







O le feagaiga o loʻo latalata atu i le faʻapotopotoga o Bestwood Street ma Evelyn Street, o le ala na faʻaaogaina i Depthford, i le ituaiga o le nuʻu i sasa‘e, i le 10:15 i le taeao o le taimi o le Iutaia.

















O le galuega faigaluega faigaluega faigaluega o le faigaluega faigaluega, na fa‘amasinoina i le aso Sava ma le aso Sava i Arizona, i le nu‘u ma le sasa‘e o Nevada, i Kalifore i sasa‘e ma Uta, e aofia ai i le ‘a‘ai o Phoenix, Flagstaff, Las Vegas ma Salt Lake City.

Ua faamatalaina e le galuega faʻatoʻaga faʻatoʻaga i Phoenix lea i le Tuiter, “e naʻo lava le toʻasefulu ma le toʻatele i le tausaga o le 1950, na tuʻuina atu i le matagi o le toʻatele i le 200 kilomita mai Phoenix!!

Ua faʻaalia mai le uiga o le faʻamatalaga uma o le Faʻamatalaga o le Uiga o Uiga o Uiga o Uiga o Uiga o Uiga o Uiga o Uiga o Uiga o Uiga o Uiga o Uiga o Uiga o Uiga o Uiga o Uiga o Uiga o Uiga o Uiga o Uiga o Uiga o Uiga o Uiga o Uiga o Uiga o Uiga o Uiga o Uiga o Uiga o Uiga o Uiga o Uiga o Uiga o Uiga.











“O loʻo mafaufauina e Rosa poʻo o loʻo mafaufauina, o loʻo matuā malosi le timu i Bahia California, le sauteʻa o Sunora ma le sauteʻa o U.S.,” faamatalaina e i latou.



























E tusa ai ma le 16.700 tagata na faʻafefeteina i le 24 faʻapotopotoga o Palu.



O le faʻamatalaga o le faʻamatalaga o le faʻamatalaga ma le faʻaaogāina o le faʻamatalaga o le faʻamatalaga o le faʻamatalaga o le faʻamatalaga, o le faʻamatalaga o le faʻamatalaga o le faʻamatalaga o le faʻamatalaga o le faʻamatalaga o le faʻamatalaga o le lalo.













O le faigaluega o le ‘a‘ai lea na te toe foa‘iinaina ai le galuega o le fa‘aolataga, ma o le a tumau i le falepuipui se‘ia o‘o i Okitama.




















O tagata gaoioi o le gaoioi o le $ 26 750 i le faʻaaogaina o le faʻaaogaina o le faʻaaogaina o le bankomama i Newport i Levi






















O le 2 Oktoba 1968, na lafoaʻi ai le taua ma le filemū i le vaega, na fasiotia ai le 300 tagata, ae o le aʻoaʻoga o le aʻoaʻo atu i le vaʻaʻoaʻoga silisili a le taua ma le vaʻaʻoaʻo ma le vaʻaoaʻo i Amerika Latina.



I le taimi e mafai ona mafai ona mafai ona mafai ona mafai ona mafai ona mafai ona mafai ona mafai ona mafai ona mafai ona mafai ona mafai ona mafai ona mafai ona mafai ona mafai ona mafai ona mafai ona mafai ona mafai ona mafai ona mafai ona mafai ona mafai ona mafai ona mafai ona mafai ona mafai ona mafai ona mafai.




Lea, o lona tusi o "Superpowers of the IS: China, Silicone Valley ma le Lalolagi fou" na faʻamatalagaina i lenei masina e le Houghton Mifflin Harcourt, o le pule sili o le Sinovation Ventures, o lē na faafoaʻiina i se kamupani sili o le IS i China – Face++.
I le tausaga o le 80 i le faʻamasinoga o Carnegie Mellon Lee, sa galulue i le faʻamasinoga II, o lē na maua le tagata faʻamatalaga sili ona lelei i Amerika, ina ua mafai ona mafai ona mafai ona mafai ona mafai ona mafai ona mafai ona mafai ona mafai ona mafai ona mafai ona mafai ona mafai ona mafai ona mafai ona mafai ona mafai ona mafai ona ma le faʻa.
O Lea na tuʻuina atu e ia le faʻamatalaga o le faʻamatalaga o le faʻamatalaga faʻamatalaga, e pei o le faʻamatalaga o le faʻamatalaga o le Agenisi Faʻamatalaga Faʻamatalaga, ma na fesili atu i le taimi o le faʻamatalaga o le faʻamatalaga o le faʻamatalaga fou.


I le tausaga na talafeagai, o Facebook, Google ma isi kamupani faʻatonuga na faia se faʻamaufaʻamaufaʻailoga e galulue i le IA.



O le faʻamasinoga o le faʻamasinoga o le faʻamasinoga o le faʻamasinoga o le faʻamasinoga o le faʻamasinoga o le faʻamasinoga o le faʻamasinoga o le faʻamasinoga o le faʻamasinoga o le isi faʻamasinoga o le faʻamasinoga o le faʻamasinoga o le faʻamasinoga o le faʻamasinoga o leaamasinoga o lea.


E uiga i le NSF, i le taimi nei, e sili atu i le 100 miliona o le tausaga e faaaogāina le IA.











Ua faʻailoa mai le faʻamasinoga a le Suʻesuʻe, e leai se faʻamasinoga o le faʻamasinoga i aso 1 i le aso.
Ae peitaʻi, na o le 16% le galuega faigaluega, e tupu i le 34% i le faigaluega faigaluega mulimuli i le 2016, ae o le 66% o le faigaluega faigaluega na faigaluegaina na oʻo i le faigaluega.


I le 54 tausaga, na saunia e ia le faʻapotopotoga i le faʻapotopotoga i Skopje, ma faʻatauina e ia nofoaga i luma o faʻapotopotoga o le faʻapotopotoga o le faʻapotopotoga.





































O le Nationals e leʻi faʻamatalagaina o le taumafai o le taumafai o le Aso Sa, ae o le a faʻamatalaina o le a faʻaaogāina o le taumafai o le taumafai o le taumafai o le taumafai.

O le taumafaiga i le itū taumatau o Washington, e iai le 18-7 ma 2.53 ERA ma 300 Strikeatus i le 220 2/3 ininga i le taimi nei.












Ua e faaleleia le faʻamasinoga?
O le ā le mea?



























Chrissley Lesley o se aiga o le faʻasalalauina o Nottingham East






I le 14 minute o Grant Anderson, mulimuli atu i le faatasi sili ona lelei o Frazier Clima, na taʻitaʻiina Her i luga o le faʻaaliga, ae o le faʻaaliga i le faʻaaliga o le faʻaaliga o Rory Husse, o loʻo faʻasalalauina e taʻitaʻi i le taʻitaʻi mai Warrens, na faʻaogaina Melrose le faʻitaʻi i le faʻi.








O le tagata faʻataʻitaʻi o le 56 tausaga, o loʻo faia e Jack Jarvis i le faʻaaliga tele o le BBC, o loʻo faia foʻi o ia ma le tasi o fetū e lua faʻatasi ma lona taʻitaʻi faʻatasi ma le tele tausaga o loʻo faia e Greg Hamfil.

O ia o le pule o Adriftmorn Limited.


O tagata o le sami o lo‘o fa‘ataunu‘uina e i latou le vao o le sami i La Paz.











O le faʻamasinoga o le faʻamasinoga o le faʻamasinoga o le faʻamasinoga e ono masina ina ua faʻalogoina le faʻamasinoga mulimuli, e faʻaalia ai le faʻamasinoga “e le faigofie,” o le Faʻamasinoga o le Faʻamasinoga o le Faʻamasinoga o le Faʻamasinoga o Chile.




E leʻi mafai ona taʻitaʻi atu i le tasi le faapotopotoga diplomatika mai le 1962.

















Ua faʻaaogāina e tagata faʻaaogāina o Valentino ma Tom Brown se auala tele o lo latou faʻaaogāina o le SS19, o ē na faʻaaogāina o le faʻaaoga i le taimi o le Faʻaaoga Faʻatasi i Paris.



O Tom Brown na fa‘aalia fo‘i e ia maspa o le malama - ae o le taimi lava lea e fa‘atasi ai i Helovine.

O le tasi o le faʻafuase‘i e pei o se faʻafuase‘i e faʻaaʻoaʻoina i le faʻaaʻoaʻoina o le malamalama ma malamalama, ae o le isi e pei o se fa‘aaʻoaʻoina o le malamalama o le malamalama.






John Edward: O malamalama o le gagana e sili ona lelei mo tagata uma o le lalolagi
O aʻoaʻoga faatasi i Scotland e faʻamaualugaina le faʻamaualuga faʻamatalaga, o lea e faʻaaogāina ai i le 2018 o se isi faʻamatalaga maualuga o faʻamaualuga, e na o le faʻamaualuga o tagata eseese ma faʻapotopotoga i le faʻamatalaga o sport, faʻamatalaga, musisi ma isi faʻiga o le lalolagi.
E sili atu i le 30 000 aʻoaʻo mai Scotia uma, o aʻoaʻoga nei e faaaogāina e le Asosiona aʻoaʻoga faavavau o Scotia (SCIS), e taumafai ona tuʻuina atu le faiga lelei o o latou aʻoaʻo ma o latou mātua.







O le faamatalaga na faaaogāina mai e 74 aʻoga o le SCIS, ua faʻaalia e 72% o aʻoaʻoga na maua e A i le Saina, ma o le tasi aʻoga e maua e 72% o aʻoaʻoga a Semania, 69% o aʻoaʻoga a Fanu ma 63% o aʻoaʻoga a Sepani.

I le taimi nei, o gagana o le filifiliga saʻoloto e aʻoaʻo e maua le faʻatusaʻi e pei o faʻaaliga matematia o le faʻamasinoga, faʻamasinoga, faʻamasinoga ma matematia i luga o aʻoaʻoga faigaluega, ma i luga o i latou.
Ua faia i le 2014 e le Faʻamasinoga o le Faʻamasinoga o le Faʻamasinoga o le Suʻesuʻega o le Suʻesuʻega o le Suʻesuʻega o le Suʻesuʻega o le Suʻesuʻega o le Faʻamasinoga e faigofie ona maua ai tagata galuega, 17% na faʻaalia e le mafai.




I le suʻesuʻega a YouGov, e sili atu i le 4000 tagata tausaga o le Iutaia i le 2013, 75% e leʻi mafai ona tautala atu i le lautele, e pei ona mafai ona tautala atu i le lautele, e pei o le tasi le lautele o le lautele o loʻo mafai ona tautala atu i le taʻitaʻiga o 15%.









E tatau ona tatou faia.
John Edward o le pule o le Asosiasi o le Aʻoaʻoga Faʻatasi o Scotland





O le faʻamatalaga o Leakers, o Mike Trudeau, ua faʻaalia mai i le Tweet e mafai ona o le a taumafai e James i le taumafaiga e itiiti.







O le aso o Trump i Weiling, i le Vaega o Virginie, ua faʻamatalaina i le 19 i le taimi, i le taimi lenei, i le Sapati, 29 Setema, 2018.





E mafai ona faʻaaogāina i le taimi nei e faʻaaogāina le Wesbanco Arena i Weiling, e mafai ona faʻaaogāina tagata o "Okaio ma Pennsylvania ma faʻaaogāina le faʻamatalaga mai Pittsburgh", e uiga i le West Virginia Metro News.












































I le faapotopotoga o le lalolagi o le tausaga, na fetalai mai ai o Ri Yong-Hou, na faia e ‘auʻauna lelei o le finagalo i le tausaga na talafeagai, o se faʻaaliga o le faʻaaliga faʻatonuina ma faʻaaliga faʻatonuina, o le faʻaaliga faʻatonuina ma faʻatonuina.











Ae peitaʻi, o le lalolagi o Ri, o loʻo lagona tele i le tausaga na muaʻi, ina ua ia fai atu i le faapotopotoga uma o U.S., e lē mafai ona faʻavaeina foʻi se tasi o faʻavae i le nuʻu o Amerika, ina ua taʻua ai e Trump o Kim o le faʻavae o le tagata.



Ae peitaʻi, na fai mai ai le pule a le U.S., o Mike Pompeo i le Tusi Paia o U.N.: "E tatau ona faʻaaogāina le faʻamasinoga a le Tusi Paia o le Tusi Paia seʻia faʻaaogāina le faʻaaogāina o le faʻaaogāina i totonu."
O le Faʻafetai o le Faʻafetai e Faʻafetai ma le Faʻafetai, na faʻaaogāina le faʻafetai i Korea i Nu‘u i le 2006, i le taumafai e faʻaaogāina le faʻaaogāina o le faʻafetai nuʻu ma le faʻaaogāina o le faʻafetai i Phenian.













O Paul Barry, le faʻamasino o le psikiateria i le faʻamasinoga o le faʻamasinoga i Harvard ma le faʻamasinoga faʻamasinoga o le faʻamasinoga o le faʻamasinoga o le faʻamasinoga, ua faapea mai o le faʻamasinoga o le faʻamasinoga o le maʻi i le vaiaso.
O le aʻoga e tasi o le taimi e tupu ai se suʻesu‘e o galuega faatasi.
I le vaega o le tasi, e i ai le faaaʻoaʻoga o le fale i le faʻaaʻoaʻoina o le a auauna e faamatalaina i luga o se kafi, o le malamalama, ma tusi, e faʻaaogāina ai i latou le faaaʻoaʻoga o le malamalama o le malamalama o le malamalama.









Faʻailoa atu e le Tofotofoga Kaisler o le a faʻamatalaina tagata e faʻamatalaina pe e faʻaaogāina le faʻamalamalamaina o le moega ma le faʻamalamalamaina o le "malamalama masina", o le faʻamalamalamaina e mafai ona faʻatigāina le faʻamalamalamalamaina o le moega.










Mulimuli ane, na maua e Kegan Jacobs mai le faula le mataupu o Craig Halkett, ae o lona tausia o Alan Litgo na faʻalavelaveina le mataupu mai i luga o le taua.






Ua tali atu Gerard i le taimi o le taimi o le taimi o le taimi o le taimi o le taimi o le taimi o le taimi o le taimi o le taimi o le taimi o le taimi o le taimi o le taimi o le taimi o le taimi o le taimi o le taimi o le taimi o le taimi o le taimi o le taimi o le taimi.



O le tausaga: O le faʻaaliga o le faʻaaliga o le fa‘aaliga o le fa‘aaliga o le fa‘aaliga o le fa‘aaliga o le fa‘aaliga o le fa‘aaliga o le fa‘aaliga o le fa‘




Rogers: O lenei o le faʻaaʻoaʻo o le faʻaaʻoaʻo ma faaaogāina i le faʻaaʻoaʻoina o mea faʻaaʻoaʻo, e pei o uran..

O lea na fai atu ai o Eveses, “O le mea lea e lē mafai ai ona lelei i le taimi nei.”
O Hans Guiger na maliu i le 1945, na o se taimi nai aso i le 63 aso o le fanauina.






O le vasikina o le faʻamaoni e fa‘aalia ai mea na folafolaina mai i tagata mamaʻi o le ma‘i fa‘atasi ma le kanisa.


O le mea lea na fai mai ai le papa Jai Berzofsky mai le U.S. National Oncology Institute i Betesda, Maryland: “O le a mautinoa e mautinoa ai i tatou o le faʻaaʻoaʻoina e tele.”



E leai se mea e lelei.
O Kenny West na faʻamaumauina i le ituaiga i le taimi o le Saturday Night Live, ina ua faia e ia le faʻafetai ma le faʻafetai i le poloaiga o US Donald Trump ma fai mai o ia o le a faʻatauina o ia i le poloaiga i le 2020.












Ia taumafai i le alofa."


E to‘atele fo‘i tagata o lo‘o fa‘aaogāina le pese “I Love It”, o lo‘o fa‘aaogāina e pei o se ‘ofu “Peree”.
Uest na maua le fesoasoani o le taʻitaʻi o le TPUSA Conservative Group, o Candes Turner, na tusia i le Twitter: "I le tasi o ē e mautinoa: Faafetai iā te oe, ina ua e faʻaaogāina le lalolagi."



‘ Ua fa‘apea fo‘i i matou, ‘ona fai mai lea o ia, “o i matou fo‘i.



Faʻamatalaga e faasalaina ai le fasiotia ina ua mafai ona faʻapotopotoina le faʻafefe i le faʻafefe i Belfast





O Kit Harington e iloa le taua o le pelu faʻaaliga o John Snow i le faʻatūmuina o le faʻamalosi o le faʻamalosi o le Olofa o le nofoa faʻatasi o le Olofa o le nofoa faʻatasi.
















HIV/Spin: Faʻamatalagaina e Siina le faatupuina o 14% o galuega fou


Na o le faʻamatalaga i le faʻamatalaga e lua i le tausaga 2018, e sili atu i le 40,000 faʻamatalaga fou.




O le faʻaaogaina le HIV e ala i le faʻafeiloaʻiga faʻapitoa o se faʻafeiloaʻiga tele i le ituaiga o LGBT i Saina.





I le Sapati, sa faʻasalaina e le tagata o le Faʻamasinoga o U.S. Maxine Waters le faʻasalaina e le tagata o lana faʻamasinoga e toʻatolu o senatora o le faʻamasinoga o le tulafono o le Wikipedia.





Sa faʻailoa atu faʻatasi ma Gateway Pundit ma RedState, o le IP adresa e faʻamatalaina le fuafuaga o faʻamatalaga, o loʻo faʻaaogaina i le fale o Waters, ma sa faʻailoa atu faʻamatalaga e uiga i lana vaega, e uiga i le Hill.





“O le mea lea, e lē mafai e ia ona maua le faʻapotopotoga e tatau ai i le Faʻapotopotoga.










O le taimi lea e faʻataunuuina ai se faamatalaga i Brexit i se seʻia oʻo i ai se faamatalaga fou o le Britania, ma o le mea lea e faʻaaogāina ai le faamatalaga o le faʻamatalaga o le faasoasoani o Johnny Inglis, o lē na amataina i le 2003 ma le "Jony Inglis" ma le "Jony Inglis" i le 2011.








O le mea uma lava e fa‘amasinoina ai lea o le Ali‘i o Iutaia o lo‘o i ai feagaiga tele.
O Cyberhaker na faʻataʻitaʻiina le faʻataʻitaʻiga faʻaaliga faʻataʻitaʻitaʻi o le faʻataʻitaʻitaʻiga faʻataʻitaʻitaʻi o le faʻataʻitaʻitaʻiga faʻataʻitaʻitaʻi o le faʻataʻitaʻitaʻiga faʻataʻitaʻitaʻi o Kevin Eldon.






I le taimi o le taimi lea, o loʻo i ai le pule silisili i le faʻapotopotoga o le tagata faʻataʻitaʻitaʻiga o le silisili, e fai mai o ia e mafai ona faʻasalalauina o le faʻataʻitaʻitaʻiga o le Iutaia: le amioleaga o Jason Walt, na taumafai e Jack Lacey.


E tele o gaoioiga faigaluega.















E faapea foʻi, na ia faʻamalosia le lalolagi e faia le galuega i vaega o kamupani ma faʻaaogāina faʻaaogāina faʻaaogāina o le 10 pesi o le faʻaaogāina o le tulaga o le kamupani e mafai ona faʻaaogāina le tausaga o le 500 pounde.







O ia o le faamaoni, ma le faamaoni, ma le faamaoni.





E leai se mea fou ou te va‘aia."


O lenei, i lona fitu tausaga, e faʻapotopotoina le fesoasoani o le tagata e sefulu mai afe i le faigaluega tele i le Central Park, o ē e lē na o le a fiafia i galuega a Janet Jackson, Cardi B ma Sean Mendes, ae o le a faʻailoa atu foʻi e i latou le mea moni o le tusi.





O lenei galuega na fesoasoani atu i le lalolagi e faʻamatalaina ai mea e sili atu i le 37 biliona o le $, o le a faʻaaogāina ai le ola o le 2,25 biliona o tagata i le 2030.


O nisi o le faʻatonuga maualuga o loʻo i ai le "Malo o le Faʻaaiga", o le faʻaaogaina i le Faʻaaogaina o le Faʻaaogaina ma Faʻaaogaina, o le faʻaaogaina ma le "fesoasoani i le faʻaaogaina o la latou tamaiti" o le 35 miliona dolara o Ruanda e fesoasoaʻi.
"Ma le fesoasoani o le pule o le Iutaia, foafoaʻi, pule o nuʻu ma tagata o le lalolagi e pei o oe, tatou te mafai ona faʻavaeina le amiotonu o le faʻamaumauga o le faʻamaumauga o le faʻamaumauga o le faʻamaumauga," na fetalai mai le aposetolo o le Alii.






O Washington, e mafai ona faʻaaogāina o latou mana o le lalolagi, e mafai ona faʻavavau le ulufale atu i aoaoga o manuia o Rusia, o loʻo iai i le Saito Saito, na faʻaalia ai le pule o le U.S. o Ryan Zink, e pei ona faʻaaoga mai o Washington Examiner.









Na faʻailoa atu e Moskva e se taimi e faʻaalia ai le faʻataʻitaʻitaʻiga o le faʻataʻitaʻiga o le 11 amiliona o $ 2 i Seafa, o le a faʻaaluina le faʻataʻitaʻitaʻiga o le 110 amiliona aoaoga, o le faʻataʻitaʻiga faigaluega faigaluega.



O le faʻatonuga sili o Siamani i le ituaiga, le Fefeafeafea o le ituaiga sili o Siamani (DBDI), na valaʻauina ai le US e aua neʻi faʻapotopoto i le polokalama o le EU ma faʻaaliga faʻatasi i le vaega o Berlin ma Mosu.










Peitaʻi, o se suʻesuʻega sosiologa na faia i le Tusi, na faʻaalia ai e le toʻatele o filifilia o Warren lava e le manatu e tatau ona faʻatauina i le 2020.

O le tolu ma le tolu o le to‘alua o le to‘alua na fesoasoani atu i lenei fa‘amasinoga.
O le suʻesuʻega o le sosiologa na faʻaalia mai e sili atu le fesoasoani i le faʻamatalaga o le pule lea o Deval Patrick, i le 38% e faatasi ma le 48% e faatasi ma le 48%.


Sara Palin ua faamatalaina o le PTSR o Trak Palin o le faʻatasi mo Donald Trump
O Trak Palin, o le 26 tausaga, na uma ai le tasi tausaga i Iraku, ina ua tusia i Setema.










Ua faamatalaina ai e faapea o El Salvador, Honduras, ma Guatemala le toʻatele o tagata faigaluega o le faigaluega i Amerika, o nu‘u o ē e faigaluega faigaluega ma le faigaluega faigaluega.








O le tulafono o ē ‘ua soifua ‘ua fa‘ateleina.

“E i ai fo‘i tino i le taimi uma o le fa‘apotopotoga.










Ua faasalaina e le Aliʻi o U.S. o Siina i le "Tormos" i le "Faʻaaliga Faʻaaliga Faʻaaliga"
I le tasi aso, ina ua faʻaaogāina e le mataupu faʻamatalaga i le Tusi Paia lea, o Pekin, o le poloaʻiga o le U.S. i Tusi Paia, na faasalaina ai o ia e faaaogāina le mataupu o le Tusi Paia e faʻaaogāina le poloaʻiga o le tusi paia.
O le aso Saʻo, na fetalai mai ai le pule o le US President Donald Trump i le China Daily i le Des Moines Register - le leoleo sili ona faʻatauina i le Aiwava - ina ua faasalaina lea o China i le taumafaiga o le filifilia o le US i le 6 Novema.



O Terry Branstade, le poloaʻiga o Amerika i Siina ma le pule lea o Iowa, o le pule tele o mea faigaluega mo Siina, na fai mai o Pekin e faʻamaumau ai tagata o Amerika, faigaluega ma faigaluega.
O lenei, o loʻo tusia e Brandade i le faʻamatalaga o le taua o Des Moines Register, "o lenei, e faʻalua ai lenei faʻamatalaga e ala i le faʻamatalaga o faʻamatalaga o le faʻamatalaga i lo tatou lava faʻamatalaga."










“O le faaaʻoaʻoga ma le faʻaaʻoaʻoga a le demokratia,” o le faamatalaga lea o Stu Rottenberg, le faamatalaga poloaʻiga e lē o le faʻaaʻoaʻoina.


E oʻo lava i le taimi e faʻamatalaina ai le molimau pule a Ford, o loo faamatalaina e ia o lana faamatalaga i le faataunuuina i le Faamasinoga Maualuga, e mafai ona faʻaalia ai le faamatalaina pe afai e faʻamatalaina le faamatalaina o le faamatalaina.

“O lenei, e lē na o le faʻatonuga o le faʻatonuga, le faʻatonuga, po o le faʻatonuga o Kavanano i le faʻatonuga. O le faʻatonuga o le faʻatonuga o le faaaogāina o lenei mea ma le faʻaaogāina o ia,” ua faamatalaina e Gaius Cecil, le faʻatonuga e fesoasoi ai.






O le faʻaaogaina o le World Wide Web o loʻo manaʻomia e faʻaaogaina le initaneti fou e faatasi ma Google ma Facebook

O le fuafuaga uma o le faʻamasinoga i le faʻamasinoga, o Inrupt, o le kamupani o loʻo faia le faʻamasinoga o le faʻamasinoga o le faʻamasinoga o Barners-Lee Solid.

O le faʻamatalaga o le Fast Company Bernners-Lee, o le manatu o Inrupt o le “puleaga o le lalolagi”.

“O le taimi lenei o le taimi faʻamatalaga.”

O ia e iai tala, tala galuega, taimi, lauiloa musika, ma isi tala faigaluega faigaluega ma faigaluega faigaluega.
E pei o Google Drive, Microsoft Outlook, Slack ma Spotify, o loo i ai i le tasi le polokalama, ma i le taimi e tatau ona i ai i latou uma i le taimi e tasi.
O le mea e tasi i le faʻaaogaina i le faʻaaogaina o faataʻitaʻitaʻiga o le faʻaaogaina o ai le faʻaaogaina o le faataʻitaʻiga e aofia ai.

O le manatu o Inrupt, e uiga i le faʻamatalaga faʻamatalaga o John Bruce, o le kamupani o le faʻamatalaga o faʻamatalaga, faʻamatalaga ma mautinoa lelei e fesoasoani ai le Solid e aofia ai i tagata uma.
O lenei, o le kamupani o le faʻataʻitaʻiga o Burns-Lee, Bruce, se faʻataʻitaʻiga faʻatauina mai IBM, nisi faʻataʻitaʻiga, na faia le galuega i le faʻataʻitaʻiga, ma se setaʻi o tagata faʻataʻitaʻiga.
I lenei aso, e mafai ona faia e tagata faʻaaoga o le lalolagi o faʻaaogāina o latou lava faʻaaogāina ma le faʻaaogāina i le faʻaaogāina o le faʻaaogaina o le faʻaaogaina o le faʻaaogaina o le faʻaaogaina o le Inrupt.


I le faʻamatalaga i le Medium i le Sapati, na tusia e Burner-Lee o le pule o Inrupt e tuʻuina atu le malo mo le faʻatau ma le ecosystem, e fesoasoani i le lalolagi o le faʻamaoni ma le aofaʻi o le auala fou, na tuina mai i le faʻatonuina o le Solid.
I le 1994, o Bernners-Lee na faʻaaogaina le faʻataʻitaʻiga i le faʻataʻitaʻiga o le World Wide Web Consortium i le Masachusett Technical Institute.

E ui lava o le a amataina Inrupt, o le a tumau o Burns-Lee le faigaluega o le World Wide Web Consortium, le Web Foundation ma le Open Data Institute.
“O aʻu o le mafaufau tele i lenei taimi fou i le initene,” na toe faʻaopoopoina e Bernners-Lee.


Na maua le taui o le taui i Setema 29, 1918 i le faatasi o Bellenglise ma Lehaucourt.



Ua fetalai mai i London Gazette i Setema 29, 1918, na taʻitaʻi le taʻitaʻi o Van i le Canal de Saint-Quentin “i le maʻi maʻi, ma o le maʻi maʻi o le taʻitaʻi ma le maʻi.”

Na fasiotia le leoleoina o Van i le 4 Otoma 1918 o se masina e muamua ai le tauga.

O ia ma lona uso, o Dr. James Van, na faia e i latou le vaega i le taimi o loʻo i ai le vaega o le "Brentwood Imperial Youth Band".







"O le pule e faʻamasinoina e leai se mea e tatau ai lenei faʻaaliga i le itūlā o le itūlā, o lea na liliuina ai le polokalama ma le faʻaaliga o le tamaiti," ua fetalai mai Dave Schwartz, le pule sili ona o le faʻamatalaga ma le faʻamatalaga a Bellator, i se fesili e uiga e uiga ai.




‘ Ae peita‘i ‘ua tatou faia lenei mea.





O se tulaga leaga lenei."









O le malamalama olimpi e toʻalua o le malamalama o le malamalama o le LGBTI, ma faaaogāina lona malamalama i le malamalama o le malamalama o le malamalama o le malamalama o le malamalama o le malamalama o le malamalama o le malamalama o le malamalama o le malamalama.







O loʻu auro olimpika o Robi."







Desert Island Discs e faʻaaogaina i le BBC Radio 4 i le aso Saʻo i le 11:15 i le taimi o le taimi faatasi.

























‘ Ia ‘outou sauni ‘ina ‘ia ‘outou sauni i le taeao.


























O le F125 o loʻo faʻaaogāina le vaega leaga i le tausaga na talanoa ai, ina ua faʻatonuina le vaega o le Semania e faʻaaogāina ma toe foʻiina atu i le vaega faʻaaogāina Blohm & Voss i Hamburg.







O fesoasoani o frégata fou, o loʻo faia meaalofa e tele i le malamalama o le malamalama o le malamalama lea o le malamalama o le malamalama o le malamalama lea o le malamalama o le malamalama o le malamalama o le malamalama o le malamalama o le malamalama o Semani.

































Ua faasalaina le tagata faatasi i Potukalia ma Juventus i le faatasi o Catherine Maiorga o le Amerika i le fale o le fale o le fale i Las Vegas i le 2009.

I le peiseaʻiga o le Instagram, e tautala atu i lana 142 miliona taʻitaʻi, i le taimi na faamatalaina ai le faʻamatalaga o Ronaldo o le 33 tausaga, na faʻamatalaina le faamatalaina e pei o le “le tala pepelo.”
“E leai, e leai, e leai, e leai.


O le mea lea o lona uiga.












"O le a mafaufau lea o le Iutaia e faʻafefefe e faʻavavau," ua fai mai le faʻamatalaga o Greg Clarke, o le faʻamatalaga o le faʻamatalaga o le lalolagi i le faʻamatalaga o loʻo mavae atu o loʻo mavae atu i le faʻamatalaga o loʻo mavae.
Na ia toe faʻaopoopoina o ia o le “faʻamaulalo” o le Toyota UK na fai atu i le BBC, pe afai o le Iutaia e tuʻua le UE e leai se taʻitaʻiga, o le a tuʻuina atu le faʻatauina i lo latou faʻatoʻaga i Burnston, e latalata i Derbe.


I le faʻatoʻaga i Burnston, o le mea na faia e Auris ma Avensis, na faia i le tausaga talu ai le 150,000 tausaga, o le 90% o i latou na faaaogāina mai i isi atunuu o le Auniaga Eropa.




























Ua tali atu o Sanders, e leai se faʻaaliga faʻamatalaga e uiga i le “faʻaaliga faʻaaliga” o tagata faʻamatalaga, e ui lava na fetalai atu o ia, “E le mafai ona ou fai atu e lē mafai ona latou faʻaaliga faʻaaliga.”





O fesoasoani o le fa‘amasinoga o le fa‘amasinoga o le fa‘amasinoga.














“Na alu atu o ia i luga o le tulaga o le tulaga, ma ‘ua fa‘apea fo‘i ‘ona nofo ai lea o ia i lea mea,” sa fai atu o Ride.

O le tagata faigaluega o Tennessee State na faamatalaina i luma o Chris Harris mai WSMV i Nashville, Tennessee, o Ambercrombie na ō mai le faigaluega i le faigaluega o Vanderbilt.





























Na ou tusia se taʻavale mo le tino B, ma o le mea lea o loʻo mafai ai," na fetalai mai ai Ros i le BBC Sportsound o Scotland.

















E mafai ona e faʻalogo i le faʻaaliga uma o Sportsound i le Aso, Setema 30, i le faʻaaliga o Radio Scotland i le vaega o le 12:00 ma le 13:00 o le taimi o le taimi faataunuu.
O le taimi lelei mo le ipu 5:30pm i le Sapati, faaalia le suʻesuʻega

Ua faʻaaogāina foʻi e faʻaaogāina le faʻaaogāina o le faʻaaogāina i le 2,7% i Iuli, ae o le faʻaaogāina o le faʻaaogāina i le 4,8% i le faʻaaogāina o le faʻaaogāina.







O le taimi ma le faʻaaogāina o manaʻomia o aso o le faʻatasi poʻo o le faʻaaogāina o le faʻaaogāina o mea e sili ona lelei pe a oʻo i le faʻatasi o le faʻaaogāina o le faʻaaogāina o le faʻaaogaina o le fale.



Coffer Peach Tracker, o le faʻamatalaga o faʻamatalaga i le faʻamatalaga o faʻamatalaga, faʻamatalaga ma le faʻamatalaga o le faʻamatalaga o le 47 vaega faʻamatalaga, o le faʻamatalaga e sili atu i le 9 miliona poa o le Iuniterane, ma o le faʻamaoni o le faʻamatalaga.


O se suʻesuʻega na faia i le 20 000 aʻoaʻo o le aʻoaʻoga faʻatasi, na faʻaalia ai le maumauina o itulau pepelo o Insta



Suʻesuʻega i le 20 000 aʻoaʻo o le aʻoga faʻaalia ai le tulafono i aso pepelo o Insta - le faamatalaga i le fale fesoasoani o Instagram.



O se suʻesuʻega na faia e Digital Awareness UK ma le Faʻatasi o Faʻautaʻiga Faʻautaʻiga (HMC) o aʻoaʻoga e lē mafai ona iloa e 40 pesi o tamaiti o i le 11 ma 18 tausaga e lua o i latou o loʻo manatu e uiga i latou i la latou faʻamatalaga.



O Doyle o le atleti lelei o Scotland ma le tele o le faʻaaogaina ma le polokalama o Ian Biddy ua faamatalaina lenei tausaga e sili ona lelei mo i latou o ē e taʻitaʻi i le faʻatasi, e faaaogāina lona mauaʻoga i le lalolagi i le tausaga uma i le sefulu taʻitasi.


O le tagata Amerika, na maua le 200 ma 400 metere o le tala olimpi i Atlanta i le 1996, na tuʻuina atu i lona tausaga e toʻafa o le auro olimpi, ma o ia o le faʻamatalaga i le BBC, na maua ai le mafaufau e savali ina ia maua le faʻamatalaga i le taimi na maua ai le talafeagaiga.
Na tusia e ia i le Twitter: “Ua o‘o i le masina na o‘o i le taimi na o‘o i ai, na o‘o i ai iā te aʻu.



Faʻafetai i le faʻamalosi o le talaʻi!"


Ina ia iloa le faʻaaogāina o le faʻaaogāina o le faʻaaogāina o le faʻaaogāina o le faʻaaogāina o le faʻaaogāina o le faʻaaogāina o le faʻaaogāina o le faʻaaogāina o le faʻaaogāina o le faʻaaogā.









‘ Ua toe fa‘aopoopo atu nisi, “E leai se fa‘aaogāina. ”

“O lo‘u manatu, o lo‘u manatu e silisili.









Ana Balarin, o le tagata faigaluega ma le faʻamatalaga faigaluega, na faapea mai ai: “O le Elvie Pump o se mea faigaluega faigaluega, e tatau ona ia faia le faʻamalosi ma le faʻaaogāina.





























Ua faapea mai o le faʻamasinoga o le U.U., o le faʻamasinoga na tupu i le faʻamasinoga o le faʻamasinoga o le faʻamasinoga o le faʻamasinoga o le faʻamasinoga o le faʻamasinoga o le faʻamasinoga o le faʻamasinoga o le poloaiga.
O le fesoasoani o Rusia ma Turikia na faʻamaumauina ai le faʻafesoasoaʻiga tele e faʻaaogāina e Suria i le vaega e tolu miliona tagata o loʻo nonofo ai.




O lenei faʻamaoniga, o le a maua e Trump le filifiliga mulimuli i le tausaga 2020, pe afai - e pei o le toʻatele o tagata Liberali e faʻamoemoe ai - e lē mafai ona mafai ona mafai ona mafai ona mafai ona mafai ona mafai ona mafai ona mafai ona mafai ona mafai ona mafai.



Fox News e iai i le faʻamatalaga i le 2.4 miliona tagata talaʻi i le taimi o le taimi, e tupu i le 1.7 miliona tausaga talu ai, e tusa ma Nielsen, ae o Rachel Maddow Show o le MSNBC o loʻo i luga o le faʻamatalaga televisi, ma i le 3.5 miliona tagata talaʻi i le taimi o le aso tele.

O Nel Skovl, o se tagata e faʻaaogaina i le faʻaaogaina o le faʻaaogaina ma le faʻaaogaina o le “Jus the Funny Parts: And a Little Hard Truths About Sneaking Into the Hollywood Boys Club”, o se isi faʻaaogaina o le faʻaaogaina.


‘ Ona fesili atu lea o ia, “O le ā le mea?

O le mea e fiafia ai i le faigaluega.


Ae peitaʻi, o le manaʻomia o oe o le tagata faʻamatalaina e leai o le faʻataʻitaʻiga o le itūlā e ono e vaʻaia e pei o se auala o faʻamatalaina o Bob Woodward, o lē e faaaogāina “malama maualuga maualuga” o lona tusi “Malamalama”; Paul Manoforte e Faʻoʻoʻoʻoʻoʻoʻoʻoʻoʻoʻoʻoʻoʻoʻoʻoʻoʻoʻoʻoʻoʻoʻoʻoʻoʻoʻoʻoʻoʻoʻoʻoʻoʻoʻoʻoʻoʻoʻoʻoʻoʻoʻoʻoʻoʻoʻoʻoʻoʻoʻoʻoʻoʻoʻoʻoʻoʻoʻoʻoʻoʻoʻoʻoʻoʻoʻoʻoʻoʻoʻoʻoʻoʻoʻoʻoʻoʻoʻoʻoʻoʻoʻoʻoʻoʻoʻoʻoʻoʻoʻoʻoʻoʻoʻoʻoʻoʻoʻoʻoʻoʻoʻoʻoʻoʻoʻoʻoʻoʻoʻoʻoʻoʻoʻoʻoʻoʻoʻoʻoʻoʻoʻoʻoʻoʻoʻoʻoʻoʻoʻoʻoʻoʻoʻoʻoʻoʻoʻoʻoʻoʻoʻoʻoʻoʻoʻoʻoʻoʻoʻoʻoʻoʻoʻoʻoʻoʻoʻoʻoʻoʻoʻoʻoʻoʻoʻʻoʻoʻoʻʻoʻoʻoʻʻoʻoʻoʻʻoʻoʻoʻʻoʻoʻoʻoʻoʻoʻoʻoʻ













O le taʻitaʻiga i le 17-tautaʻi fou na faʻataʻitaʻiina le fesoasoani i le vaega o faʻamasinoga faʻamasinoga sili o le mataupu, le Faʻamasinoga Faʻamasinoga Demokratika (DCCC) ma le Faʻamasinoga Faʻamasinoga Faʻamasinoga (NRCC).





O loʻo i ai foʻi le faʻapotopotoga o le Aliʻi Trump i le Iutai 2017 ma le faʻapotopotoga o le auala i Panama, seʻia lafoaʻiina le auala o le faʻamasinoga mai le Trump Organization.



I le maualuga o faapotopotoga i totonu, na tuʻuina atu e tagata faigaluega mai Amerika i luga o le tulafono maualuga, o le faigaluega o le faigaluega lelei ma le faigaluega o le faapotopotoga faigaluega i le tausaga talu ai, o le taumafai e faʻamaumauina ai le faigaluega o tagata.

























O Norman Eizen, o le taʻitaʻi sili o le Brokings Institute, o le pule o le "Tagata Faʻataʻitaʻiga ma le Faʻataʻitaʻiga i Washington", ma o le tusi o le "The Last Palace: The Turbulent Century of Europe in Five Lives and One Legendary House."





















O lau filifiliga pe a e filifilia le faʻaaogā faʻaaogā, e mafai ona iai se faʻaaogā faʻaaogā faʻaaogā, se faʻaaogā faʻaaogā faʻaaogā faʻaaogā faʻaaogā faʻaaogā faʻaaogā faʻaaaogā.








“O le ā le maʻi?








Malamalama ma tsunami i Inonesia




O Palu o le leoleo o le poloaiga o Sulawesi, o loʻo i le ituaiga o le vaitafe o le vaitafe o le vaitafe o le motu o Sulawesi, ma le nuu o le 379 800 tagata i le 2017.














2009: le mafuiʻe faʻatasi ma le magnitude 7,6 na fesoasoani i le aai o Padang, le nofoaga o Sumatra i Sapati.





















O le mea lea o le lalolagi ma le lalolagi i Inonesia: e selau tagata na oti

O le mafui‘e o le magnitu 7,5 na fa‘alavelaveina ai le tsunami ma fa‘aumatia ai le fale e sefulu afe.




E leʻi fiafia le faʻamasinoga o le faʻamasinoga o le faʻamasinoga o le faʻamasinoga o le faʻamasinoga i New York






"Saifulo Habiliaevit Saipu na faia se fa‘asesē, na fa‘alēaogāina ma fa‘alēaogāina o le aiga ma uō o Diego Enrique Angelini, Nicolas Cleves, An-Lori Decade, Darren Drake, Ariel Early, Ernan Feluki, ma Alexander Damiano Panuko," ua faamatalaina le tala.

Ua mavae le sefulu tasi le tausaga talu ona saʻilia le faʻasalaga o le oti i Nu‘u-Yorki i le lalolagi o Nuʻu-Yorki.


O Rosenberg e toʻalua na faʻatauina i le fale faʻaaliga i le 19 Iunie 19, 1953.






































Ua faamatalaina e le Senator Elizabeth Warren o le a "faʻamatalaina e ia le faʻamatalaga o le faʻamatalaga o le poloaiga" ina ua mavae le Noemae.

O Warren, o le tagata faigaluega faigaluega a le Presiden Donald Trump, o le a faʻamatalaga i le filifili i le Novemberi i le faigaluega faigaluega a le poloaʻiga a le Suʻesuʻe, Jeff Deil, o lē na faatasi i le faigaluega a le Trump i Masachusetts i le 2016.






O le pule a le pule o Baton Rouge na faamatalaina le pule o Daton Simpson, o le 20 tausaga, i le faapotopotoga o le faʻamasinoga i le itūlā o le 11 i le taimi i le masina.

O Simms, 20 tausaga, na fasiotia ma fasiotia i le nofoaga o le faʻapotopotoga o le nuʻu o le nuʻu, i le taeao o le aso o le Sa.




O le tauleʻaleʻa o le 6′6′′, na matua i Batton Rouge – Sims na aʻoaʻo atu i 32 taumafaiga ma 10 taumafaiga e pei o le faʻataʻitaʻitaʻi o le taumafaiga muamua, ma na faʻamatalaga i le 17,4 minute, 5,6 taumafaiga ma 2,9 taumafaiga o le taumafai.





O loʻu aso 21 na tupu, na aumaia e Max Verstopen i luga o le malamalama o le malamalama, ma o lo‘o fitu i le faigaluega o le malamalama muamua.













O lea, e leai.
Ou te leʻi faʻaaogāina. "
O le mea lea, fa‘atali se taimi.


“E leʻi ou faʻaaogāina foʻi le talanoaga a Ford, e leʻi faʻaaogāina foʻi le talanoaga a ia,” ua faamatalaina e Fainaine i le faʻamasinoga o le faʻamatalaga o The Hill.






Elit League: Dundy Stars 5-3 Belfast Jains
O Patrick Duier, ua faamatalaina e ia mea e toʻalua e uiga i Jaiants i Dandy



























O le a maua ai le fesoasoani ma le fesoasoani o le aʻoaʻoga ma le aʻoaʻoga.
O Risa Kusuma, o lona tinā o 35 tausaga, na fetalai atu i le Sky News: “O se miniti uma o loʻo taʻitaʻiina ai se tino e sili atu i le tino.





Ua faapea mai le CNN, “O oe ua sauni?

O le faʻapotopotoga o le aveese i Micronesia: O lenei, o Air Niugini ua faamatalaina o se tagata e lē iloa i le faʻapotopotoga o le aveeseese i le Lagunia








O le aea, o le aea, o le aea, o le aea, o le aea, o le aea, o le aea, o le aea, o le aea, o le aea, o le aea, o le aea, o le aea, o le aea, o le aea, o le aea?

O Bill Janes, o se tagata e tasi i le aveesea, na fai mai o ia o le aveesea o le aveesea o loʻo latalata lava.
“O le mea lea e lelei lava,” fai mai Janes.








Na faamatalaina e Roulette e ia na maua faamatalaga e uiga i le taimi o loʻo i ai tele telefolo, e faʻaalia ai o Teles ma Chambers i le po o lana oti, e toe faʻaaogāina ona faʻamatalaga muamua, ua faamatalaina e The Clarion Ledger.



O se isi faigaluega e lē mafai ai ona faapea o ia na iloa ai o ia o Chambers i aso e lua muamua ona oti.

Na fetalai mai o Rulett, ina ua mavae le taimi na maliu ai o Chambers Teles, na faʻaaogāina e ia talanoaga, talanoaga ma faʻamatalaga o lona telefono.



Faʻaaliga: O le a le mea e mafai ai ona faʻaaliga i le malamalama o le Hip Hop?




O se isi o le isi o le masina?!




O le mea lea na tusia ai le fafine e Faʻafeiloaʻi atu i lana avā, o le AI, o le Faʻafeiloaʻi, o le AI, o le AI, o le AI, o le AI, o le AI, o le AI, o le AI, o le AI, o le AI, o le AI, o le AI.







E lē o ia o se tagata faigaluega.



‘ Ia ‘outou manatu.”







Na ia faailoa atu e lona tamā, o lē na faia le galuega o le BBC, ina ua faaaogāina e ia le tusi o le tusi o le tamaititi o le taʻitaʻi o le taʻitaʻi, o le a mafai ona faʻaalia le tusi, ma faaaogāina e ia le 60 tausaga o le faʻamatalaga o le tusi.

‘ Ona fetalai atu lea o ia, “‘ Ua fa‘amalosi o ia, e leai se tagata e to‘atele. ”







‘ Ua ‘ ou faia fo‘i le mea na ‘ ou faia.
‘ Ua ‘ou fai atu ‘iā te ia: “La‘u pele e, ‘ou te alofa tele ‘iā te oe.








‘ Ona tali atu lea o ia, “‘ Ou te lē iloa e se isi. ”



Na ou iloa le tele o lona alofa iā te ia."


















‘ Ua fa‘aumatia i matou e ia.













Ua faapea mai o Park Bieong Sug, na faʻamatalaga atu iā te i latou e uiga i le leoleo o le Suʻesuʻega o le Suʻesuʻega o le Suʻesuʻega, na faapea mai o le 1127 tagata leaga i le tausaga na muaʻi, ma i le 2011 o le 2706 tagata leaga.








O le mea lea na tupu ina ua mavae le faapotopotoga faʻatasi o le poloaʻiga o le U.S. Donald Trump ma Kim Chen Un i Singapore, o lea na latou fesoasoani ai i le taimi e faia le galuega i le itūlau o Korea e leai ni fuafuaga atomi.






















O aʻu o le ita."







I le taimi lea, o Patricia Schröder, o se faapotopotoga Demokratika mai Colorado, sa galulue faʻatasi ma Gary Hart i lona faʻaaliga o le puletino.



Na ta‘ua e se isi o le fafine, “O le fafine e toʻafitu ma le fafine e toʻafitu.”
Auā e leʻi mafai ona mafai ona faʻapotopotoina o ia i le malaga, ma faapea o ia e leai se mea e maua ai le malaga pe afai e le mafai ona faʻapotopotoina o le malaga o le 2 miliona o le US dollars.





“O se isi e mafai ona manatu o Kleenex o loʻu fa‘amaoni o le kamupani.




O Donald Trump, o le pule a Amerika, na taumafai le uluaʻi faʻamatalaina i le tausaga lenei, na faʻaaogāina i latou ma le aʻoaʻoga faʻapitoa o le faʻaaogāina o Siina, e aofia ai ma le malamalama o le la, le paʻu ma le aloumiumi.
O le faʻaaliga tele o le faʻaaliga na tupu i lenei aso ma le faʻaaliga fou o le faʻaaliga faʻaaliga o 200 aliga o Iutaia (150 aliga o Iutaia) ma le faʻaaliga faʻaaliga faʻaaliga o le taumafaiga lelei o mea uma na tupu mai Iutaia mai Siina.



Ae peitaʻi, e faʻapea o faʻamasinoga, pe afai o Pekin e taʻu atu i lona malama, e mafai ona fesoasoani i le tauga faigaluega faʻatasi ma USA i le faigaluega tele o Siina i le faigaluega o le faigaluega o le faigaluega o le faigaluega o le faigaluega.












Ua maua e le auala o le auala o le auala o le auala o le auala o le auala o le auala o le auala o le auala o le auala o le auala o le auala o le auala o le auala o le auala o le auala o le auala o le auala o le auala o le auala o le auala o le auala o le auala o le auala o le auala o le auala o le auala o le auala o le auala o le auala o le auala o le auala o le auala o le auala o le.




O le tagata Amerika o Iordan Spiet na faʻalavelave i le 5&4 o le tagata taumafai o le auala o le Auropa, o loʻo i ai i le nofoaga sili i le auala o le auala o le auala o le auala o le auala o le auala o le auala o le auala o le auala o le auala o le auala o le auala o le auala.

O Sergio Garcia, o le tagata Spaniani, o lē e toʻalua o faʻaaogaina i le Ryder Cup, na faia se tagata Europa e sili ona maua i le tausaga uma, ma o le tausaga lea na faʻaaogāina lona aiga i le 25,5 tausaga.

O le tausaga faigatā.










Sa i ai le tau‘a.






Na matou taumafai foʻi e faamaulaloina. "






I le vaiaso na mavae, na malamalama i le faʻaaliga maualuga i luga o Pinelas, faʻaaliga maualuga i luga o le faʻaaliga o Hillsboro, faʻaaliga maualuga i luga o Manoa, faʻaaliga maualuga i luga o le faʻaaliga i luga o le faʻaaaliga, faʻaaoga i luga o Sare


