डेटट्रेया शहर म्यूसिफिक कंपनी के विद्यार्थियों ने "डटगार्ड" के लिए अपने कल्पनाशक्ति को निर्माण करने के द्वारा अपनी कल्पना प्रकट की।
प्रशंसित सैंडा मेडपाल्वार और विद्यार्थियों ने मिट्टी से धूम्रपान बनाया ।
राजश ग्वेर, एमएपीए टीचर संगति के राष्ट्रपति, इस पुरस्कार को प्रस्तुत करने के द्वारा स्कूल का आदर करता है।
रामशे साटपॆट ने ऊंट की जाँच की ।
विद्यार्थियों की तरह, नीकील कावल, डाशान गेदेकर, साहल मेश्रम ने फोर्ट की इमारत बनाने में हिस्सा लिया ।
नरेंडर बाराई, ज़िला अर्त टीचर की संगति के राष्ट्रपति, शकहार वैनकर, एक नौकर, अजगा गजान मेहर के एक सदस्य ने विद्यार्थियों को मार्गदर्शन दिया.
नागरसेवाक, रेटा मुले ने अच्छी तरह से लोगों से संदेश पेश किया.
रोहटाक. अखिल बहारिया जंजादी महिला समिती और DYFI ने साथ मिलकर सरकारों, धोखे और लुचपन के खिलाफ एक मुल्क अभियान शुरू किया.
इस राज्य के पूरे हस्ताक्षर अभियान के माध्यम से, 10 लैक्ट (1 करोड़) राज्य के पार आवेदनियों को इकट्ठा किया जाएगा और गवर्नर को सौंप दिया जाएगा.
नई बस खड़ा होने पर शुक्रवार में हस्ताक्षर अभियान शुरू हो गया.
इस अवसर पर, एसएफआई राज्य राज्य के सचिव मैनोज कुमार, समिति के एक प्रांतीय सैक्ट्री, युवा कंप्यूटर विनोद डेशवाल, सुमुट, सुमुती, राजशाही, राजशास, सैम, वीरेश, वीर, वीर्य, सॉजी, सैंग, और एजी, वहाँ मौजूद थे.
मलेया गाँव में एक बहुत ही दुःखद घटना हुई, जो शहर के किनारे रहती है ।
कोमल ने सिर्फ दो महीने पहले शादी कर ली थी।
एक पुलिस जाँच में पता चला कि कोमोल अपनी आर्थिक स्थिति के बारे में चिन्ता कर रहा था और इसलिए उसने यह कदम उठाया ।
विवरण के अनुसार, कोमल की मृत्यु की विवरण केवल प्रकाश में आया जब कॉम्ल का एक भाई अपने घर की तीसरे मंजिल में जा रहा था कुछ साफ करने के लिए.
उस लड़की को फैंसी से फूंकते हुए देखा और तुरंत उसके बारे में जान लिया.
कोमल को तुरंत मल्टी विशेषता सरकार अस्पताल, सेक्टर-16 के लिए ले लिया गया, जहाँ उसे आना पड़ा.
कोमल का पति कुलविंडर बेरोज़गार है.
जब वह आत्महत्या कर रही थी, तो उसके बायीं हाथ में कोमल ने उसे लिखा कि वह खुद अपनी आज़ादी के लिए आत्महत्या कर रही थी, जैसे कि उसके जीवन में उसके लिए मुश्‍किलें थीं ।
मिल गया विवरण के अनुसार, कोमल के पिता ने कुछ साल पहले कुछ समय पहले पार किया था, उसकी माँ मानसिक बीमार है और उसके भाई एक सरकारी स्कूल में अध्ययन कर रहे हैं.
उस समय, पुलिस ने सैक्टर-16 में अस्पताल के अस्पताल में शरीर रखा है.
केवल एक पोस्ट-मॉरेट के बाद ही पुलिस मरने का वास्तविक कारण जानने के लिए समर्थ हो जाएगा.
श्री लंका चयनकों ने टीम के 16 सदस्यों को चुना है जो सीमित श्रृंखला श्रृंखला श्रृंखला के लिए, जो न्यूजीलैंड के 10वां ओर से आता है.
चुनावियों में केवल एक नया चेहरा शामिल किया गया है, 24 साल का असान प्रियानानाया, जबकि वे दो साल के बाद भी दिमुथ कारात्रिथन वापस टीम को भी कहा जाता है ।
श्री लंकान टीम तीन (एक दिन इंटरनैशनल) और दो और 10वां से 21 नवंबर के बीच के खिलाफ खेलेगा.
पहला और दूसरा दिन हामबनटोटा में खेला जाएगा, जबकि तीसरा दिन डमबुला में खेला जाएगा.
T-20 दोनों जोड़े पैलेकल में खेले जायेंगे.
यह एक जानी - पहचानी सच्चाई है कि ये दिन शहर में चोरी की शुरूआत हो रही है ।
यह पिछले कुछ दिनों में सातवाँ घटना है ।
सभी नए नए और वैध ड्राइविंग लाइसेंस (डीएल) तैयार हैं जहाँ फोटो सितंबर 30 से लेकर सितंबर तक जमा किए जाते हैं, अगले हफ्ते में दिया जाएगा.
यह नोट डीटीए ऑफिस डिवायस डिवेंटर में रखा गया है.
यह स्पष्ट है कि DTO ऑफिस स्वयं स्वीकार कर रहा है कि डीएलएस को एक महीने के बाद ले जाया जा रहा है, जबकि सेवा कार्य सूचित करता है कि मरे हुए सात दिन हैं.
इसका मतलब है कि DTO ऑफिस के सात दिन के अंदर डीएल को एप्लीकेंट के लिए समाप्त किया जाना है.
अगर हम भूमि पर वास्तविकता के बारे में बात करते हैं, तो स्थिति भी बदतर है ।
ऐसे बहुत - से लोग हैं जिनको DL के 1 महीने के बाद भी नहीं दिया गया है ।
इनमें से तीन महीने के लिए कार्यालय के चारों ओर जाकर बसने की संख्या बेहद अनोखी है ।
आप इस बारे में एक विचार कर सकते हैं कि कैसी बुरी स्थिति ऑफिस में है कि DOTA Anuth Larg के पास डिल गैग को रिलेटर के बारे में कोई जानकारी नहीं है ।
वह दावा करता है कि डीएल्स दिये हुओं के अंदर दिए जा रहे हैं.
जब उसने पूछा कि इस बात को क्यों देखा गया है, तो उसने जवाब दिया कि उसके पास इस बारे में कोई जानकारी नहीं है ।
फेडरल रेवर्ड द्वारा बनाया गया निर्णय अमेरिकन इकॉनॉम के साथ उसके राहत पैकेज ने विदेशी निवेशों के बीच जोश पैदा किया है, जिसमें गुरुवार में इतिहास बनाने के लिए घर - मालिक बाजारों की मदद की है।
बम्बा स्टॉक एक्सेंज, संशोधित, 130.50 पन्‍ना पर, 21164.54 को पहुँचने के लिए और राष्ट्रीय स्कॉक एक्सचेंज 47. 45 को 6299 बिन्दुओं पर इशारा करता है ।
उपभोक्‍त वस्तुओं, बैंक, धातु, तेल, स्वाभाविक गैस और शक्‍ति के भागों ने बाजार को उठाने में मदद दी है ।
इन तीसों कंप्यूटरों में से सिर्फ नौ कम्प्यूटरों ने एक खोखड़ा था जबकि बाकी लोगों को लाभ हुआ ।
एनवायरनमेंट सुरक्षा बोर्ड द्वारा इस तथ्य को प्रकट किया गया था ।
डेवाली के दौरान पिछले साल की जाँच करने के बाद, यह जाँच किया गया कि शोर प्रदूषण 100 डेसीबेल्स का एक स्तर तक पहुँच गया ।
एक साधारण दिन में यह ५५ डेसीबॆल्स होता है ।
हर साल श्‍वेत प्रदूषण का स्तर आग - धूम्रपान या ऊँचे डीजे संगीत की आवाज़ के कारण बढ़ता है ।
सरकारी लोगों द्वारा निषेध किए गए प्रतिबंधों के बाद भी, उच्च डेसीबेलों को खुले - खुले रूप से बेचने और खरीदने में लगे हुए हैं ।
ऊपरी गतिविधियों का प्रबंधन और निष्पक्षता स्थानीय एस. डी.एम की ज़िम्मेदारी है, लेकिन जब भी ज़रूरत पड़ती है, तब भी वे इस ज़िम्मेदारी से दूर रहते हैं ।
आख़िरकार दिवालिया के दौरान, ट्रैफिक पुलिस स्टेशन के पास शोर प्रदूषण को माप लिया गया था ।
नवंबर 10वाली के 10वें हिस्से में इस जाँच के पहले किया गया था ।
कम से कम शोर स्तर 72.5 डेसीबेल्स और अधिकतम 83.6 डेसीबेल्स.
उसी तरह, नवंबर 2013 के 13वालाई के दौरान, अधिकतम आवाज स्तर 87 था ।
ऊँची प्रदूषण के करीब १००.३ डेसीबेल्स के दौरान रिकॉर्ड किया गया और कम से कम - से - कम 72.1 डेसीबेल्स था ।
एक साधारण दिन पर रिकॉर्ड किया गया श्‍वेत प्रदूषण का अधिकतम स्तर 65 डेसीबेल्स था, जबकि कम से कम ५५ डेसीबेल्स पाया गया ।
अफसोस की बात है, लोग बढ़ते शोर प्रदूषण के स्तर की परवाह नहीं करते हैं और उच्च डेसीबेल्कल्रेक्टर खरीदते रहते हैं।
जैग्रेन पत्रकार, आग्रा: गुरूवार में एक घातक दिन था जब कई घातक दुर्घटनाएँ थीं ।
कलाल कादिया, तजगाग्ग्ग एक पुलिस जैप एक ट्रक में टकरा लगाया गया था । इंस्पेक्टर आरपीस गीव को मार डाला गया.
गुरूवार की रात, नग्ला दवाहन डुकी के गाँव में, एक ट्रक ने उस गाँव पर हरियोम को मारा जब वह मार्ग पार कर रहा था ।
उसके क्रोधित गाँवों की वजह से फैदाबाद सड़क को रोका गया.
पुलिस इस दृश्‍य में पहुँचे और दो घंटे का ट्रैफिक जैम को साफ कर दिया.
मौर्य में मरे हुए शरीर को रखने के बाद, बर्मारी पुलिस स्टेशन में और बाम्राऊरी पुलिस स्टेशन में वापस आ रहे थे ।
टोरा पुलिस स्टेशन के पास, सायकल के केंद्रीय राक्षस पर मारा गया और दोनों घायल हो गए ।
रात में दो बमराली काटारा चूकू और रजिस्टर पाल सैंडी यावा ने दुपकी के द्वारा घायलों को ले लिया.
कलाल कीदिया के पास एक ट्रक ड्राइवर था, जो उनके आगे था, अचानक टूटा हुआ था ।
वीपिंग जैप ट्रक के पीछे टकरा लगाया गया ।
जैप के सामने का भाग खराब हो गया था ।
रीजस्टर पालिंग, जो सामने बैठा था, चूकू को तुरंत मार डाला गया.
ইয়াकबु और कॉन्स्टल आर्विनड, राविंद्र और राम नारेश रोगी थे ।
सरकारी अधिकारी उस स्थान पर पहुँचे और ज़ुबानी लोगों को एसएन अत्युत्तम इकाई में कबूल किया ।
इंस्पेक्टर टजगज हरी मोहान ने रिपोर्ट की कि एक मामला ट्रक ड्राइवर के खिलाफ किया गया है.
शुक्रवार पर पुलिस लाइनों पर इंस्पेक्टर के शरीर पर पूरा सम्मान दिया गया
इस परिवार ने अंत्येष्टि के लिए मुख्यपुरी के शरीर को ले लिया ।
इंस्पेक्टर इस दुर्घटना में मारे गए, रजिस्टर पाल सिंग के परिवार, काटारा जिल्हा में मुख्य पुलिस स्टेशन में रहता है.
प्राथमिक, वह एताह में मायान से आया था.
उसके परिवार में दो बेटे और तीन बेटियाँ हैं ।
उसे नहेरू नागर हरापार्ट से बसारालिया काटारा तक भेज दिया गया ।
लेकिन, गुरूवार में बिज़नेस बिज़नेस पूरी तरह बंद कर दिया गया था.
यहाँ तक कि बैंक और कार्यालयों के काम पर भी असर हुआ ।
पूरे शहर में पानी की कमी की वजह से की गयी थी ।
मोबाइल सेवाएँ और दूसरे काम पर भी असर हुआ ।
इसके अलावा, मंगलवार सुबह एक गुम्मट टूट गया जब डोडवाडी के पास जंगल के पेड़ में एक पेड़ गिर गया ।
Udmurpur से 132 केवी लकीर पूरी तरह से टूट गया.
एचएपीएस अधिकारी और लाठी उस शक्‍ति को दोबारा तैयार करने के लिए कड़ी मेहनत कर रहे थे ।
एनएचपीसी, आर्विनड बैट के जनरल प्रबंधक ने रिपोर्ट की कि बारिश के बावजूद शक्‍ति लाइन की मरम्मत की है ।
यह शक्‍तिशाली प्रबंध ७.३० पीएम द्वारा पुनर्विचार किया गया था ।
सोना और सिक्कों की माँग की जाती है कि वे दूषित और कमज़ोर आर्थिक स्थिति के कारण गिर जाएँ और यह उसकी आकर्षकता कम कर दी गयी है ।
दिल्ली में, 10 ग्रामों में सोने की क़ीमत थी. यह 32,485 R.
हरेश्श सोनी, सभी भारत के अध्यक्ष, और यहूदी फेडरेशन ने कहा, "यहां तक कि दुर्बल आर्थिक स्थिति और सोने की माँग अस्थिर हो गई है।"
मेहूल चोस्की और गिनजाली समूह के अध्यक्ष और एमडी ने कहा कि सोने का बिक्री 25 प्रतिशत से कम हो गया है ।
क्रेडिटों का रवैया बदल गया है ।
हम इस साल के 25 प्रतिशत तक घूमने की उम्मीद कर रहे हैं ।
पिछले साल सोने की क़ीमतों की तुलना इस साल खत्म हो गई है, लेकिन ग्राहकों ने अभी भी यह चाँदी खरीदना पसंद किया है ।
पीएसएस का मुख्य सभाएँ निरर्थक रूप से आयोजित करती हैं ।
रामप्रासाद यादीवा, बेंगाबाद से पीएस ने सबक बनाया है, और पैनकबर्ग राज्य अफसरों ने अपनी ज़िम्मेदारियों के मुखिया को हटा दिया है और यह कार्य सचिव के विरुद्ध किया गया है ।
उसने कहा कि जुलाई के 4वाँ पर उसने सैकड़ों और मुखिया के बारे में शिकायत की है और उसके परिणामस्वरूप मुखिया उसे निलंबित कर दिया है ।
उसने पांकोश राजपालियों के मुखिया मुखिया द्वारा किए गए अमल का सबूत दिया है.
उसने कहा कि सा. यु.
इस सभा के बारे में जो 3 जुलाई पर आयोजित किया गया था, उसे पाँकल समिति के अफसर को नहीं दिया गया था, इसलिए वे सभा में हाज़िर नहीं हो सकते थे ।
उसने दावा किया कि हर सदस्य को सभा के एक सारांश भेजने के लिए, लेकिन ऐसा नहीं किया गया है ।
जुलाई ३९ की सभा में, मुखिया ने फैसला किया, अपने स्वयं के कार्यालय में, १३वां फ़ैक्टरी फ़ैक्टरी अंडी खर्च करने के लिए ।
जबकि इस मामले में जाँच की माँग करने के लिए उसने कहा कि १३वीं फ़ैक्टरी का खर्च रोका जा रहा है ।
हमारे जैग्रेन पत्रकार, जामु: जब पृथ्वी पर बुराई और दुष्ट लोगों को सताया जाता है तब परमेश्‍वर को दुष्ट लोगों को नाश करने के लिए रोकने की ज़रूरत है ।
मातारा के लोगों को कानसा के अत्याचार से मुक्‍त करने के लिए, प्रभु क्रीशना पैदा हुआ ।
महानना नाउमासा (गौमामा) से) कीश की कहानी की कहानी की कहानी ललील बैगवात के दौरान, लैममहाव्वा के दौरान, और शांति की अभिलाषा के साथ.
उसने कहा कि प्रभु क्रीशना ने लोगों के दोषों को अपने बालक में भयंकर राक्षसों को मारकर मार डाला ।
मशहूर ने कहा कि आपको अपने दिमाग में जाने और परमेश्‍वर के लिए अपना मन लगाने नहीं देना चाहिए ।
परमेश्‍वर का स्मरण सिर्फ इंसानों के दुःखों को ठुकराता है ।
उन्होंने कहा कि यह पाकिस्तान की कमजोरता की भावना है, जब भारत की तुलना में, कि उन्हें शक्‍ति है कि वे फिर से गलत मार्ग को बदलने के लिए।
उन्हें यह समझना चाहिए कि हर तरह के ऐसे काम से वे निष्पाप लोगों को मार रहे हैं जो किनारे के दोनों किनारों पर रहते हैं ।
इस से पहले सैकड़ों सैकड़ों हावनों को भेंट चढ़ाया जा रहा है जो सीमित देश में शांति की इच्छा के लिए आयोजित की जा रही है ।
सैकड़ों सैकड़ों हावन और सशर्मामाथा का रासपान ले जा रहे हैं ।
ललील सतवरी, चीन सिंग ने कहा कि एक लैंगर भी इस जगह जानेवालों के लिए आयोजित किया गया है।
कथा को पूरा किया जाएगा और हवन के लिए आख़री भेंट शनिवार के लिए बनाया जाएगा.
ऑफिस पत्रकार, रुपमनगर: रूओप-नगर सतर्क इकाई के खिलाफ लोगों के बारे में जानकारी फैलाने का लक्ष्य एक स्थानीय खल्हा स्कूल में एक सेमिनरी पर रखा गया है.
आम जनता विद्यार्थियों और शिक्षकों के साथ भी इसमें हिस्सा लेती थी ।
रॉप-नगर जागतेदार के DSP के DSP ने कहा, बॉलवर सिंग ने कहा, अगर सामान्य जनता भ्रष्टाचार के खिलाफ जागते थे तो एक भ्रष्ट समाज बनाया जा सकता है.
जबकि लोगों को बढ़ावा देने के लिए बल्वर सिंग ने कहा कि अगर किसी भी काम के लिए किसी सरकारी या सदस्य ने किसी भी काम की माँग की, तो एक शिकायत जागते विभाग को भेजी जा सकती है ।
इस विभाग ने अफसरों या कर्मचारी सदस्यों को निडरता से और व्यवस्था की पूरी हद तक सज़ा दी ।
सुक्का सिंग, सासा नांग, अमारजेत सैंग बुलेर और विविलसन्स इंस्पेक्टर पाल सिंग ने इस सैकड़ों को सम्बोधित किया ।
उन्होंने कहा कि वर्तमान समय में भ्रष्टाचार एक बड़ी समस्या थी ।
समाज के हर सदस्य को इस पर पूरा नियंत्रण रखने के लिए आगे आने की ज़रूरत थी, क्योंकि अब भ्रष्टाचार की जड़ें इतनी गहरी हैं कि सरकार ही इसे खोलकर बंद कर सकती हैं ।
इस कारण सामान्य जनता आगे आना पड़ा है ।
इस कार्यक्रम के आयोजक द्वारा विद्यार्थियों और शिक्षकों के बीच उपहार और सुगंध बाँटे गए ।
बाबा रांग्गेट चकुर ने कहा कि डिवालि खुशी और खुशी का पर्व है ।
आयोडिया के लोगों ने अपनी बंधुआई से लौटने के लिए दिमागों की लहरें निकाली थीं ।
इस पर्व का परंपरा उस समय शुरू हुआ ।
उसने विद्यार्थियों से बिनती की कि श्री राम की जीवन से प्रेरित हो।
बाल क्रूशना टुकूर, रामशेंद थकूर, उमगाता गॉटम और रामेश त्रूर भी इस घटना में मौजूद थे।
अक्टूबर 31वीं सदी के अक्टूबर में हेलोहेन को सारे संसार में मनाया गया था ।
बहुत से पश्‍चिमी देशों का मानना है कि अपने पूर्वजों के प्राणों को खुश रखना बहुत ज़रूरी है, क्योंकि अगर ये लोग अफसोस होते हैं, तो वे नुकसान पहुँचा सकते हैं.
तो वे आज याद करते हैं।
वे एक अनोखी पोशाक पहनते हैं ।
यह केवल नहीं है, लेकिन कई जगहों में लोग हैलोहेन पार्टी आयोजित करते हैं, जहाँ लोग बहुत भयभीत और अजीब रंगों में आते हैं।
एक ही हैलोन पार्टी में एक बहुत - सी अजीब चेहरे देख सकता है.
इन में से कुछ वास्तव में भयभीत हैं, जबकि दूसरे बहुत मजाक कर रहे हैं ।
डेराडून सड़क में आबादी की दुकान में आग ने बहुत ही उलझन पैदा कर दी है ।
यह आग समय पर नियंत्रण में लायी गयी थी ।
डेरादुन सड़क पर, दूरगा मंदिर के पास, उमश सिंग ने अपने होटल के बाहर आबादी की दुकान बनायी थी ।
लगभग 8: 30 में एक रॉकट अचानक आतिशबाज़ी के आक्रमण पर उतरा.
कुछ समय के अंदर आतिशबाज़ी के ऊपर आग लगायी गयी और पूरी दुकान आतिशबाज़ी के विस्फोट के बीच आग में भस्म हो गयी ।
उस वक्‍त क्रिस्चर्स दुकान में थे ।
इस दुकान के मालिक ने आग को बुझाकर आग को बुझाने की कोशिश की ।
इस बीच, आग गरद भी आ गया ।
कोई भी दुर्घटना में घायल नहीं हुआ था.
आतिशबाज़ी की दुकान में आग ने स्थानीय लोगों के बीच काफी गर्मी पैदा की ।
इस आग का अफसर डैनी राम, ने कहा कि समय पर आग नियंत्रण में लायी गयी ।
बाजार में दुकानों के दुकानों के बाद, सभी आवश्‍यक सुरक्षा सावधानी बरतने के लिए प्रोत्साहित किया गया है ।
दक्षिण भारत के सिनेमा के अलावा, उसकी फिल्में सिनेमा और मलेशिया के सिनेम हॉल में भी बड़ी प्रभावित करती हैं ।
"Avni Mode" का नाम है.
अबीनी गूज्रात के गाँठनगर जिल्हा से है.
अबीनी बचपन से काम करने में दिलचस्पी रखता था, लेकिन कॉलेज जब तक वह अपने काम के कौशलों को ब्रश नहीं कर सकता था.
इस के कारण, अपने कॉलेज स्क्रिप्ट लेखक ने भी उसे एक बार भी कहा था, काम के बारे में, जबकि आप एक आक्रमण के बारे में भी नहीं समझ रहे हैं।
वह अपने स्कूल और कॉलेज की भीड़ में खो गयी थी, लेकिन अब वह तमिल फिल्म फिल्म अभियान में गुजराती बना रही है ।
लेकिन, देश मालिक के आने पर, यह प्रकट किया गया कि लड़की उसके रिश्‍तेदार है ।
परिवार के सदस्य बाजार में गए इसलिए वे उस लड़की को घर छोड़कर दरवाज़े में बंद कर दिया ।
उस लड़की को एक कम्पासलर और पुलिस की उपस्थिति में अपने परिवार के पास सौंपा गया है ।
Sushil Viskama के रिश्तेदार, सोनी डेवी की 14 साल की बेटी, अपने घर से आया.
सोनी के पति मर चुका है.
Sushil की पत्नी Anjali शुक्रवार में बाजार में गया, और महिला को घर पर बंद कर दिया.
यहाँ, लड़की रोना शुरू किया.
देश के लोग एक स्थान पर दौड़े जाते हैं ।
घर के चारों ओर लोगों ने तुरंत पुलिस को इस मामले की रिपोर्ट दी ।
कैल्लोर एन्पो सैव आ गया.
उस वक्‍त आनाली भी आयी थी ।
उसने कहा कि यह लड़की उसके रिश्तेदार था.
उसके परिवार की स्थिति इतनी अच्छी नहीं है, हम उसे देख रहे हैं.
उसकी माँ, सूनिटा डेवी एक.
उसका पिता मैनू विशवाकर मर गया है.
सोनी, उस लड़की की माँ और उसका चाचा प्रेवल शर्मीमा से फोन करने के लिए कहा गया था.
उसकी माँ और चाचा शाम आए ।
उसकी माँ ने कहा कि उन्होंने अपनी बेटी को उसके रिश्‍ते में भेजा था, सूश व्वाकरमा और उसकी पत्नी अनजाली ।
सभापति और पुलिस की उपस्थिति में, सोनी डेवी ने अपनी बेटी को अपने रिश्तेदार के स्थान से ले लिया।
अनाली ने कहा, "हम उस लड़की को हमारे साथ नहीं रख सकते हैं."
अगर कोई गलती हो जाती, तो हम असहाय हो जाते ।
टैक्सी ड्राइवर को आंदोलन में घायल किया गया था ।
उसे सिंडरनगर गृहस्थ अस्पताल में स्वीकार किया गया है.
उसके दोनों पैर टूट गए हैं.
पुलिस ने टैक्सी ड्राइवर पर इलेक्ट्रॉनिक किया है और एक जाँच शुरू कर दी है.
Sunnnorngory गृह अस्पताल में एक पोस्ट-मोटेम के बाद, शरीर को रिश्‍तेदारों के हाथ सौंप दिया गया.
जब टैक्सी सिंडरनगर में पहुँची, तब अचानक ड्राइवर ने अचानक डूब दिया ।
इस वजह से टैक्सी की गति के कारण किक्केलिप्टस वृक्ष के साथ टकरी हुई थी जो सड़क के किनारे पर था ।
गैंगे डेविया और ड्राइवर, चांद्रा किरान को सैमल (मानली) के एक निवासी (मैनली) के बेटे से बदतर किया गया ।
एक पेड़ के साथ एक गाड़ी की आवाज़ सुनने पर, निकट - दूर के निवासियों के सामने आ गया और तुरंत पुलिस को पता चला.
पुलिस गैंगा और चंद्रा किरान को कुछ मुश्‍किलों के साथ कार से हटाकर सूंडनगर गृह अस्पताल में ले गए ।
गैना डेवी को डॉक्टरों द्वारा मरा दिया गया ।
गंगा मुंबई में अपनी बहन से मिलने जा रहा था ।
इस मामले को सब-इंडेक्टर सुरेंद्र कुमार द्वारा नियंत्रित किया जा रहा है.
D.S.P. कुल्बुशान वार्मा ने इस दुर्घटना की पुष्टि की.
एटीसीपी सिटी में, ADCP शहर IIII Amracsing Pawar, ACP पश्चिम दिल्ग्गसिंग, एम.H.
लेकिन पुलिस को किसी भी नकली फोन या मोबाइल फोन नहीं मिला ।
तीन घंटे के बाद पुलिस खाली हाथ लौटा.
तीन सीटों के लिए आशावादीों की घोषणा की जा रही है।
कैंट, उत्तर-सेंट्रल, पूर्व, पातान-माजाउली और बार्गी सम्मेलन सीटों को पार्टी द्वारा जारी सूची में घोषित किया गया है.
बर्टिया जैनता पार्टी ने गुरुवार में 147 सम्मेलन सीटों के लिए अपने प्रस्तावों की घोषणा की है ।
सूची में सिर्फ उन नामों के बारे में सोचा गया है जो पहले से बताए गए थे ।
BJP की सूची के प्रति प्रतिरक्षा रोहनी के रूप में, कंपन से, उत्तर से शराद-सेंट, अनानल सोनाकर, पातान माहौल से अजगी वीशनी और प्रस्तावसिंग में शामिल किया गया है।
बीJP द्वारा तैयारी की सूची में उत्तर- सेंटर और बारगी सम्मेलन के अलावा चुनी गई प्रत्याशियों को भी शामिल किया गया था, जहाँ भाषणों को कुछ समय के लिए बदलने के लिए कहा गया था.
बस पूर्व सम्मेलन के लिए, दूसरे सीटों से एमएल के आस - पास बैठे हैं।
सिर्फ आंकल सोनकर ही पूर्वी सम्मेलन का एक भूतपूर्व सदस्य था, जो पूर्व आंतरराष्ट्रीय संमेलन के लिए था ।
इस घोषणा के बाद, कर्मचारियों ने अपने इलाके में स्मारक मनाया ।
सम्मेलन के बाकी प्रत्याशाओं के बारे में फैसला सिर्फ दिवाली के बाद ही किया जाएगा ।
सोर्सों के अनुसार, सम्मेलन सीटों में कुछ विरोध या समस्याएँ हो सकती हैं ।
शुक्रवार में 276 पार्टी कर्मचारियों को दिल्ली में जाने की माँग के साथ, सम्मेलन के लिए एक स्थानीय प्रत्याशक के लिए एक टिकट देने की माँग के साथ.
इन सभी पार्टी कर्मचारी राष्ट्रपति राजनाथ सिंग से मिलेंगे, संगठन के सचिव रामल, भूतपूर्व राष्ट्रपति नीटिन गादकर, अनाथ कुमार, एम. पी. पी. और राष्ट्रीय बच्ची के राष्ट्रपति, अनार टुकूर के अध्यक्ष से मिलेंगे.
लेकिन, अफसरों ने कचरे में किसी भी चट्टान को ढूँढ़ने के बारे में कुछ भी नहीं कहा है ।
शोबन सैरकर कहा गया है कि चट्टान पाया गया है और जल्द ही SSI अफसरों को खज़ाना के बारे में सच्चाई मिल जाएगी ।
शोबन सैकर ने कई बार मिडिया से बात करने के दौरान अपने गुस्से को खो दिया और उसकी बातों को भी बदल दिया ।
एक बार उसने कहा कि अगर यह कार्य सेना के हाथ में लाया जाता, तो सच्चाई पहले से ही जानी जाती ।
उसी समय उसने कहा, और सब लोगों को चकित किया, कि जब तक उसे खड़ी की हुई जगह पर बुलाया जाए, तब तक सोने नहीं मिलेगा ।
जब उसने अपनी टिप्पणीओं के बारे में पूछा कि वह नाराज़ हो गया और सरकार और एसएसआई पर दोष लगाने लगा ।
हमने खिलौनाक खड़ी की एक जीविका की माँग की थी ।
लेकिन, उसने इस बात से सहमत नहीं किया कि एसएसआइओन टीम सही जगह पर खड़ी कर रहा है, जैसा कि उसने बताया था ।
इस बीच, एक दिन के विश्राम के बाद SSI टीम आज फिर से खरीदना शुरू कर दिया है लेकिन आगे बढ़ने के लिए भी नहीं कर सकता.
एक ज़िला ज़िला, विजेता शानकर डुबेनी ने कहा कि आज एसएसआई टीम अब तक इस इलाके की साफ - सफाई कर रही है, 480 मीटर ।
यदि Tata कार्यकर्ता यूनियन टीटा स्टील क्रेडिट्स के लिए कोई स्थायी समाधान नहीं दे सकता है, तब सेक्रेटरी को एक तत्काल समायोजन के लिए एक तारीख निश्चित करनी पड़ेगी.
यदि एक ग्रेड संशोधन का निर्णय समय ले रहा है, तब इन कर्मचारियों को कुछ अंतरिम मात्रा के साथ प्रदान करने के लिए प्रयास किए जाएँगे ।
इन दोनों माँगों के साथ, दस संयुक्‍त सदस्य जनवरी सेक्रेटरी बी. के.
जब वह बात कर रहा था, तब डिना ने बताया कि शुक्रवार के दिन इस विस्तार के विषय पर व्यवस्थापन और संघ के बीच चर्चा नहीं की जा सकती ।
एक ऑफ़िस बीयर सभा शनिवार पर रखी जाती, जिस पर इस अंक पर चर्चा की जाएगी ।
जो लोग जनवरी से मिलने के लिए जा रहे थे, वे गूलाम मोनीनीदाद, मंजिलसिंग, सारोजिंग, महहेन्ड्रा सिंग, दहरादादहैया, लाल बौरहदादहैया, रावी शानदार पंडर, मौंडपा और गाइरीश थे.
इस शहर में था लेकिन यूनियन अफसरों से मिल नहीं सका ।
इस अंक पर शायद सोमवार पर चर्चा की जाएगी ।
सभी समिति के सदस्य, साथ ही कर्मचारियों से मिलते थे और उन्हें अपनी समस्याओं के बारे में बताते थे ।
इसके अलावा, ब्रिटेन के ब्रोशर ने ब्रिटेन के ब्रिटेन के ब्रिटेन के ब्रोशर के बारे में भी लिखा था ।
दीवाली का पर्व आज शुरू हुआ ।
डैनटरस या छोटा डिवालि शुक्रवार है.
और दिवाली घर की सजावट भी सुन्दर है ।
घरों या घरों के आँगनों में खूबसूरत खूबसूरत घर बना रहे हैं ।
इस अवसर पर हमने गुजराते से कुछ चित्र चुने हैं ।
इन खूबसूरत गड़बड़ों को बनाने के लिए आप अपने घर को भी खूबसूरत बना सकते हैं ।
इन अफसरों को पहले से ही जेल्ट सेक्रेटरी की ग्रेजुएट और उनके मौजूदा नामों को जोड़े गए सचिव स्तर तक बढ़ाया गया था ।
नैंगल ज़िला से गहरी ब्राज़ील और अन्य लोगों ने फ़ीस में बढ़ने के विरुद्ध उच्च अदालत में एक प्रोत्साहक फ़ाइल छापा था ।
नवम्बर के 12वें महीने के लिए जवाब की तारीख को ठुकरा दिया गया है ।
यह माना जाना चाहिए कि सिर्फ पिछले महीने ही बी. बी. बी. बी. बी. बी. बी. बी. बी. बी. बी. बी. बी.
इसके कारण, माता - पिता उच्च अदालत के पास आते थे ।
दो साल पहले, जब फ़ीस बढ़ गयी, तब माता - पिता ने इस के खिलाफ सड़कों पर इलज़ाम लगाया और सिर्फ़ फेस कम करने के बाद ।
माता - पिताओं को गुस्से में डालने की ज़रूरत थी ।
माता - पिताओं को नई अवधि के सिर्फ 5 महीनों के बाद ही फ़ीस की अचानक पुनरावृत्ति से चकित किया जाता है ।
सभाओं के बाद, माता - पिताओं ने उस स्कूल के लिए जो कदम उठाए थे, उसके खिलाफ दिखाया ।
इसके बावजूद, स्कूल ने कोई जवाब नहीं दिया और आखिरकार माता - पिता को उच्च कोर्ट में जाने की ज़रूरत थी ।
माता - पिताओं ने कहा कि रुपए का बार - बार संशोधन सही नहीं है ।
यह केवल बच्चों की शिक्षा को प्रभावित नहीं करता, लेकिन माता - पिता के व्यापार पर भी प्रभाव डालता है.
प्रधान ने कहा कि विकासशील काम को सरकारी काम में पारदर्शीता से निपटने के लिए किया जाना चाहिए ।
उन्होंने कहा कि योजनाओं के संक्रमण में कोई अनिवार्यता नहीं सहमत होगी ।
ब्लॉक ऑफ़िस ऑफिस को बिलों की सूची प्रदान करने के लिए निर्देशित किया गया था, ग्रीन क्रीम योजना के तहत श्रीविवरी किसानों की सूची, और इस योजना के तहत जानकारी का विस्तृत पैक.
सभा में यह आदेश दिया गया था कि पादरी शिक्षक बनाने के काम में हिस्सा नहीं लेते ।
बेईओ को इस तरह के स्कूलों की सूची दी गयी ।
इस सभा में हाज़िर होने के नाते, जिन लोगों ने स्वास्थ्य विभाग की कमी में सभा में हाज़िर होने के लिए आयी थी और सीडीपीओ को सभा के हॉल में बैठने की अनुमति नहीं दी ।
यह उस घर का फैसला था जिसका विभागीय प्रतिनिधि सिर्फ़ कूरम को पूरा करने के लिए सभा में उपस्थित थे और पूरी जानकारी के लिए तैयार नहीं थे ।
इस सभा में ऐसे कई विभाग भी शामिल थे जिनमें पीने के लिए पानी, साफ - सफाई और स्वास्थ्य शामिल थे ।
इस संस्कृति के प्रतिनिधि, प्रिविन चूदुरी ने कहा कि ग्रीन क्रांति के लिए पैसे प्रदान करना चाहिए ताकि कि कि किसान आगे बढ़ सकते हैं.
उन्होंने कॉपरेक्टर विभाग के कार्यों के उच्च स्तर जांच पर ज़ोर दिया.
यह हिटलर की ऑटोबीग्रही में लिखा गया है "मेन कम्पफ़" कि झूठ का आकार भरोसा करने का मुख्य कारण है.
लोग अपने मस्तिष्कों की मूल सरलता की वजह से छोटे - छोटे झूठ को आसानी से स्वीकार करते हैं ।
हताश कांग्रेस के अगुव डेवेंट बारूवा ने "इंडारा भारत है" इस नौका का प्रयोग किया.
लेकिन ऐतिहासिक तथ्य अलग हैं ।
राष्ट्र निर्माण का एक शानदार इतिहास है ।
भारत के लोगों ने देश के लोगों को अपने सक्रिय प्रयासों से प्रसिद्ध किया है ।
फिल्मों और संस्कृति, विद्युत कपिल, बुद्ध, महवियारा और शानकर ऐसे पूर्वज हैं ।
चंद्राउटा माउरा, आशका आदि की मिसालें प्राचीन राष्ट्रीय एकता के बारे में हैं ।
ऐसे लोगों की लंबी सूची है जो विदेशी हथियारों और शासकों के खिलाफ लड़ते हैं ।
वाइवकंडा, दिनांड, टिलैक, गांधी, गोत्रा, पुल, लैपान चंद्रा, अम्दाद, और बगातात्‌स सैंग, चंद शहद शहद की लंबी सूची बनाता है, लेकिन कॉन्ग्गस ने नहेरू - गांधी परिवार के लिए राष्ट्र निर्माण करने का श्रेय दिया है ।
सबसे बड़ा झूठ यह है कि अधिक प्रभावकारी है ।
58 केंद्रीय योजनाओं से 16 में राजवी गांधी का नाम उन पर है.
दूसरे योजनाओं, पुरस्कारों, हवाई अड्डे और संस्थाओं की सूची नहेरू परिवार के नाम से जुड़ी है ।
अब तैयारी की जा रही है सार्वजनिक वितरण तंत्र के लिए भी.
ऐसे प्रतीककारी पुरुषों के नाम सताए गए हैं ।
नामांकित सड़कें, विश्वविद्यालय या हवाई हवाई हवाई अड्डे का स्वागत है, लेकिन राष्ट्रीय राजधानी के आंतरराष्ट्रीय हवाई हवाई अड्डे के ग्रामीणों के नाम से जाना स्वीकार्य नहीं है.
सार्वजनिक वितरण तंत्र पहले से ही विकृति में लाया गया है.
कौन कांग्रेस को इस योजना के नाम से वोट माँगने से रोक रहा है?
लेकिन नहेरु परिवार के बाहर देखने में समस्या क्या है, जब नामांकन करने की बात आती है?
बहुत - से झगड़ों को प्रधान मंमहान सिंग और मुख्य विरोधी पार्टी प्रशासक, नारेन्ड्रा मादी के बीच बदल दिया गया, जो Sarder Patel की महानता के बारे में था ।
पाटीएल एक महान राष्ट्र बनाने वाला है.
उसने 562 में एक जाति में शामिल किया ।
पेटीएल हरेक के लिए है, वह भारत के सारे भाग से प्यार करता है, लेकिन कॉन्ग्रेस ने उसे अपना धन बनाया है.
सार्वजनिक वितरण तंत्र को पाटेल के बाद भी नाम दिया जा सकता है.
यह किसी भी तरह के पैटेल की अहमियत पर प्रभाव नहीं डालेगा ।
कांगस एक लंबे समय के लिए सामर्थ्य में रहा है.
कंग्रेज़ द्वारा ही योजनाओं का पोलीटिकीकरण किया गया था.
कांगस एक समय था, टिलक, गोखल, गांधी, राजैंड्रा प्रसाद, नहेर, पैटेल और मादन मल्वी के अधीन आ गया है। 1950 से, यह एक परिवार के नियंत्रण के अधीन आ गया है।
पार्टी और परिवार का मतलब है ।
परिवार और देश का उद्‌घोषण करने के लिए 'इंडारा भारत है' नाजायज़ किया गया है.
योजनाओं का नाम लेना भी परिवार का मामला बन गया है ।
सरकारी योजनाओं से चलाया जा रहा है, देश के कर्सर से.
राष्ट्र का परिचयक को कांग्रेस में किसी एकल परिवार की संपत्ति नहीं है.
हर पार्टी के उदाहरण पर चलते हुए हर पार्टी ने अपने प्रतीकों को बनाया ।
क्षेत्रीय पार्टियों ने राजनीतिओं के नामों में योजना चलायी जो वे चाहते हैं.
सभी के पास प्रतीक है, लेकिन पार्टी प्रतीकों की सूची बढ़ती जा रही है.
वर्तमान में, हर छोटी या बड़ी पार्टी के पास अपना प्रतीक है.
सरकारी योजनाएँ अमरीका में राजनीतिक अगुवाईओं के नामों में नहीं चली जा रही हैं ।
भारत में उनका न्यायिक न्यायिक है ।
इन योजनाओं के लिए केंद्र योजनाएँ नहेरु परिवार के नामों में योजनाएँ चलाने के द्वारा, सभी योजनाओं का श्रेय लेनी पड़ती हैं ।
महात्मा गांधी, पाटेल, उपहाश चंद्रा बॉज़ या बैगस सिंग का पहचान नहीं किया जा सकता है कांग्रेस की पहचान के साथ.
कांगस अपनी विरासत से दूर गया है.
केवल राहुल-शाया से प्रचार या संदेशों को कांग्रेस के लिए काम करने लगता है.
वास्तव में दूसरे पार्टियों का नाम भी उसी तरह है, लेकिन वे प्रत्येक योजना के लिए एक परिवार के नाम से नहीं लगाते.
सोशल कौशल की योजनाओं की प्रोत्साहकता निषेध कर सकती है ।
Uttarl प्रसार में वितरित लैपटॉप के चित्र उन पर है.
निःसंदेह, वोटर्स अधिकांश विजय पार्टी को पार्टी बनाने के अधिकार देता है।
सरकार अपनी ज़िम्मेदारियों की योजना बनाती है और स्थापित करती है, लेकिन कर्ज़ देनेवालों और वोटर्स निश्‍चित रूप से सरकार को सरकार के नाम नहीं देते जैसे वे चाहते हैं.
वोटर्स सरकारी राजनीति से शासन की अपेक्षा करते हैं ।
एक संयुक्‍त अपराध का दुरुपयोग है.
किसी तरह का नाम रखा जाना आवश्यक है.
राजनीतिक अगुवाई सभी के लिए हल नहीं हैं.
भारत मल्टीफायरों से भरा है.
ऊँची शिक्षा / खोज संघटनों के नामों को भारतीय वैज्ञानिकों के बाद नाम दिया जाना चाहिए ।
एक तत्त्वविज्ञानी का नाम या एक विशिष्ट लेखक का नाम, साहित्य, तत्त्वज्ञान या कला स्टार्टमेंट के लिए मूल्यांकन किया जाएगा.
राजनीति में इतिहास की कमी है.
इस देश के नाम पर भी एक लंबा वाद - विवाद था ।
Seth गोविनादस, कमलैपटी ट्रैपथी 'बैराट' आगे भेज दिया.
ब्रिटन का नाम 38 वोट और भारत को मिला 51.
मूल प्रश्‍न है: योजनाओं के नाम पर गंभीर विचार क्यों नहीं किया गया है?
राजनीति हमेशा इस में क्यों शामिल है?
एक अविवाहित परिवार को ऐसी अहमियत क्यों दी जाती है?
क्यों न सामान्य सार्वजनिक नामों की सूची बनाइए?
संस्कृति के समिति और पार्ट्‌लेक्चर के समिति एक सूची बनाने के लिए भी इस्तेमाल किए जा सकते हैं ।
योजनाओं का नाम लेने के लिए राष्ट्र और राज्य स्तर दोनों पर घोर बेजान क्यों है?
इस बेवकूफी के कारण, युवा पीढ़ी हमारे स्वतंत्र योद्धाओं के नाम भूल जा रही है.
सबसे अलग - अलग नौकरियाँ हैं ।
कुछ लोग टीवी और ज़्यादातर राजनीतिक भेदभाव के खिलाफ हैं ।
नाम लेना एक पहचानी व्यायाम है.
"जैनसाकुटा" में "रीगवडा के नाम पर नाम रखा गया है, ज्ञान की शुरूआत कहा जाता है।
योजनाओं को अच्छी तरह नाम देना ईश्‍वरप्रेरित हो सकता है ।
सामान्य ज्ञान पुस्तकों से बड़े - बड़े लोगों के नाम याद करते हैं, लेकिन सरकारी योजनाएँ, सड़कों, या खास जगहों का नाम देते हैं, जबकि व्यक्‍तित्व के व्यक्‍तित्वों की भावनाओं को पुनरुत्थित करने के लिए आसानी से इस्तेमाल किया जाता है ।
गांधी नागर, पाटेल एयरपोर्ट, अमॅडबेडपर्याम या वावलकनांडपुरम की तरह नाम एक ऐतिहासिक श्‍वास जोड़ते हैं ।
हाल के सर्वेक्षण में केवल तीन महीने पहले, यह दिखाया गया कि देश के आधा गाँव और शहर राम के नाम से जुड़े हुए हैं।
इस देश, संस्कृति, संस्कृति और इतिहास का नाम लेने के लिए अधिक जागते रहने की ज़रूरत है ।
उनके नाम विशिष्ट अभिव्यक्‍तियों का प्रतिनिधि बनते हैं और निकट आते हैं ।
दैनंदा, वाइवकंडा और गांधी के नाम सामाजिक सुधार, विदिक तत्त्वज्ञान और गैर-व्यवस्थित,
कांग्रेस के दोस्तों को एक ही परिवार से नाम ढूँढ़ने के लिए अपनी आदत पर काबू पाने के लिए कहा जाता है ।
भारतीय इतिहास में कई नाम हैं जो सोने की चमक के साथ हैं ।
मोटार वीकल एकैंड क्लैमस क्लेम त्रिबूनल ने आदेश दिया है कि R.50.67 लाखों को महाराष्ट्र के भूतपूर्व मंत्री, श्रीकत्ता जिकर, जो 2004 में एक सड़क दुर्घटना में मार डाला गया था.
इस परिवार ने 25.82 कोटियाँ माँगी थीं ।
परिवार ने कहा था कि महाराष्ट्र राज्य मार्ग ट्रांसपोर्ट निगम [MSRTC] बस ड्राइवर की अत्यावश्यकता की वजह से जून 2004 में जिचकर की मौत हो गई थी।
साथ ही एमएसआरटीसी ने कहा कि त्रिबिनल को भुगतान देने के लिए एमएसटीसी ने कहा कि बीमा कंपनी जैचकर के रूप में कुछ भी नहीं देनी चाहिए.
Shriram Dhawd, जिchker के मित्र के परिवार के परिवार के परिवार के परिवार के परिवार का परिवार भी मिल जाएगा 2160 लाक.
वह उसी दुर्घटना में भी मर गया ।
इससे लगभग ७० प्रतिशत इस मात्रा में (R.15.12 लैक्स्स) को एमआरटीसी द्वारा भुगतान दिया जाएगा.
जिचकर की कार का ड्राइवर भी बेजान पाया गया और इसलिए शेष 30 प्रतिशत (R.48.48 लाख्स) भूतपूर्व मंत्री के परिवार को भुगतान दिया जाएगा.
इस समय उन्होंने पार्टी समर्थकों और सदस्यों के संयुक्‍त कार्यों के बारे में चर्चा की ।
गॉज़मॉमौन समिति समिति समिति, तिलक गर्मूंग ने कहा कि गोग्मुमो हेड ने स्थित कर्मचारी संगठन, स्थल संघटना और बौद्ध संगठन के स्थायी सदस्यों और टीबिटी सदस्यों को अलग - अलग समस्याओं के बारे में चर्चा करने के लिए मिला ।
टिंक सिटी के लोग इस समय के अंधेरे में दवाली का स्मरण कर सकते हैं ।
जिन लोगों ने अपनी बिजली बिजली बिजली बिल नहीं कमाया है, वे दरवाज़े के अंदर.
डिसकने के बाद 15 दिन के बाद किया जा रहा है.
उपविकाओं की संख्या में से सैकड़ों कनेक्शन कैनट और बेबस उपसर्ग से जुड़े हुए हैं ।
इस वजह से, ग्राहकों की भीड़ बिजली के कार्यवाही में बढ़ती जा रही है ।
खेतों को परेशान कर दिया जाता है ।
एक समस्या है कि बिजली निगम भाग को स्वीकार नहीं कर रहा है।
कॉपोरेशन 80 से 90% रुपये स्वीकार कर रहा है, भाग दाम के रूप में.
उपनिवृत्त संख्या में एक ऑफिस में एसडीओ ने एक नोट्‌स भी कहा है कि "हमें एक भाग देने के लिए माँगने के द्वारा हमें शर्मिंदा न करना."
अम्बाला ऑपरेशन वृत्त के अनुसार, पावर कॉर्पोरेशन ने उपभोक्ताओं के बारे में करुणामय सोचने से रोका है।
अब उन्हें अपने आनेवाले बिल भरने की ज़रूरत होगी, अन्यथा, निगम अपनी बिजली को १५ दिन के बाद काट डालेगा ।
अम्बाला वृत्त र.102 को उत्तर हायना पावर वितरण रिपोरेशन का लक्ष्य मिला है.
एक्जीक्यूटेबल इंजिन तथा सभी उपविष्कारों को लक्ष्य को पूरा करने के लिए आदेश दिया गया है.
31 अक्टूबर, इस लक्ष्य के लिए मृत लाइन था और यह नहीं मिल सकता था.
शुक्रवार में सरकार ने 10 ग्राम तक सोने के प्रति 440 डॉलर की अदालत को कम कर दिया और प्रति किलोग्राम में $738 $38 रुपये का अभिदान बढ़ाया है।
यह बदलाव इन दोनों बहुमूल्य धातुओं में अंतर्राष्ट्रीय फ्लूक कीमत पर ध्यान देने के बाद किया गया है ।
धातुओं के मूल्य पर क्रिसमस का प्रयोग किया गया है ।
दो दिन पहले सोने पर कॉम्पेशन की अदालत $42 $42 रुपए 10 ग्राम में बढ़ गई, जबकि चाँदी की क़ीमत प्रति $699 रुपए पर लगातार रखी गई थी ।
आम तौर पर, बहुमूल्य धातुओं की क़ीमत हर रात पर जाँच की जाती है, लेकिन अंतर्राष्ट्रीय व्यापार के व्यापार में मूत्रियलिटी के कारण ये मूल्य बदल दिए गए हैं ।
इस मामले में सरकारी कथन के अनुसार, मध्य इजाज़त और क्रिसमस बोर्ड ने एक सूचना अदा की है ।
टोन के लिए $333,933 रुपए, $3,8,840 डॉलर कम कर दिए गए हैं ।
आम तौर पर, ऊँचे तेल, रबीडी खजूर के तेल और दूसरे भी बढ़ गए ।
जब यात्राओं को टिकटों के बिना उद्धृत किया जाता है, तो यात्राओं की गिनती ३,९९,००० तक बढ़ जाती है ।
और इस वजह से यात्राओं की गिनती एक महीने में ३,९,००० तक बढ़ती जा रही है ।
रेलवे प्रशासक विश्‍वास करते हैं कि बिना टिकट के यात्राएँ अब पकड़ने के बारे में चिन्ता कर रहे हैं और अब वे एक टिकट के साथ यात्रा कर रहे हैं ।
टेरन जेन के सीपीआरओ ने कहा कि अँग्रेज़ के अखबार में ९,५०,००० यात्री और ८८,३३,००० यात्री पिछले साल अक्टूबर के महीने में चल रहे हैं ।
इस साल ऑक्टोबर में इस साल से शुरू होनेवाली यात्रीओं के खिलाफ अभियान की वजह से, संयुक्‍त संस्थान में 1,1,000 यात्री और 28,000 यात्री बढ़ गए हैं ।
इस साल अक्टूबर के महीने में लैक 86,000 यात्री और 88,13,000 यात्री इस साल का दौरा कर रहे हैं ।
उसने कहा कि रेलवे प्रशासक ने दरवाज़े पर टिकट जाँचने और रेलवे स्टेशनों से बाहर निकलने के लिए शुरू किया है ।
यह अप्रत्याशित यात्रीओं की संख्या को कम कर दिया है.
ऊँची अदालत ने रैमम रामश को अदालत से निकाला कि अदालत के द्वारा अपनी शक्‍तिओं की बहुतायत ख़तरा है ।
बपतिस्मे के दिन, अदालत ने एक सरकार के बारे में कहा कि गृह - सेवकों को अपने राजनैतिक मालिकों से बोलने की आज्ञा नहीं माननी चाहिए ।
शुक्रवार याईमेम ने कहा कि अदालत को अपनी शक्‍तिओं से ज़्यादा करने और सरकार की नौकरी लेने के लिए सही नहीं है ।
केरला में कनानूर में रखा गया एक "पूट" ने कहा कि यह एक निर्णय नहीं है.
यह सर्वोच्च न्यायालय से एक मौखिक आदेश है.
इस उद्देश्‍य के लिए मध्य सरकार की सिविल सेवा स्थापित बिल्डर पहले ही जगह में है.
ऐसे कई फैसले होंगे ।
उन्होंने कहा, "यह एक ख़तरनाक गतिविधि है रिटायर अफ्रीकी और सामाजिक कर्मचारियों द्वारा प्रबल।
उन्होंने कहा, महान अदालत पर हमला करने के लिए सबसे महान आंगन चाहता है और देश में एक खुला पर्यावरण चाहता है, लेकिन जब यह आता है कि न्यायियों को सब कुछ अलग रखा जाता है।
अफसरों के खिलाफ एक दृढ़ खड़े खड़े होकर, जो प्रधान अदालत के राजनीतिक राजनीतिक अधिकारों के प्रति अपमान के विरोध में ऊपरम आंगन के प्रति अनुरोध करने के लिए कहा, उसने कहा कि रफ़्तार अधिकारी बड़ी संख्या में सार्वजनिक दिलचस्पी दिखा रहे हैं, हालाँकि वे जब वे कार्यालय में थे, तब भी वे राजनीतिक शासकों की सेवा कर रहे हैं।
अब, उनकी रिटायरिंग के बाद, उन्होंने अचानक यह निर्णय लिया है कि सभी राजनीति पागल हैं।
कन्यूर देश का पहला ज़िला है, जिस में अब कोई परिवार नहीं है।
केंद्रीय विकास मंत्री यायरम रामश ने घोषित किया है कि हर गरीब परिवार को कम - से - कम 3 सेंट होना चाहिए. (पॉरेक्स. 120 वर्ग मीटर) देश बनाने के लिए.
यह एक ऐतिहासिक कदम है.
उसने कहा कि कैर्रा के राज्य में देश के वितरण से एक सबक सीखने की कोशिश की ।
उसने कहा कि ऐसे फैसले राजनीतिक और मज़बूत फैसले करने के लिए ज़रूरी हैं ।
सात साल पहले, सर्वोच्च न्यायालय ने पुलिस सुधार के लिए एक आदेश दिया ।
यह आज्ञा उसी प्रकार की थी ।
खुद से पूछिए कि क्या इन आदेशों का पालन किया गया है?
अपराधी मोहनपुर - ईवा मार्ग पर खड़ा था, जो बोडगा-बारार पुल पर जाता है.
पुलिस स्टेशन ऑफिस कानहाई सिंग ने कहा कि ट्रक चोरों ने ट्रक ड्राइवर, सैनया यादीवा, और साफ - साफ उन्हें जंगल में रख दिया था ।
गुरुवार में ट्रकों की चोटियाँ निकाली गयीं ।
जब पुल ने पुल को बैडगाआ पुल में पहुँचा, तो चोरों ने चोरों के ट्रक में चलाना शुरू कर दिया.
पुलिस ने ट्रक के साथ दो चोरों को पकड़ लिया ।
डैनिश पेशवान गाँव से, बोदहाया जिल्हा जिल्हा का एक भाग, और दहनवा से प्रॉमड ने पुलिस को और पूछने के लिए नियुक्‍त किया ।
पुलिस प्रधान ने कहा कि ये अपराधी एक बड़ी दल हैं ।
प्रिमोड इस दल का मास्टर है.
प्रिमोड ने दूसरे अपराधियों के बारे में जानकारी दी ।
प्रधान सांजा कुमार के साथ, पोनेथ काहैप, डीनी हाथ नाथ नाथ, पोनम शर्मा, सूराता, और दूसरे शिक्षकों ने उन विद्यार्थियों को अपनी कामयाबी के लिए धन्यवाद दिया।
इस डिवालाई के अलग - अलग प्रकार के ब्लैक्रैक्टर्स के नाम से, बाजार में, उन पर अपने पसंदीदा राजनीतिवादियों के नाम से उपलब्ध हैं.
यदि आप सोनिया, मोदी और राएल गाढ़ी के नाम के साथ आग बैंकर्स को खरीदना नहीं चाहते हैं, चिंता मत करो. नितार ब्रिज ग्रैंडर भी बाजार में उपलब्ध हैं.
यदि आप अभी भी संतुष्ट नहीं हैं और आप इन नामों के बारे में राक्षस रखते हैं, तो बाज़ार में उपलब्ध अन्य विकल्प भी हैं ।
इस बार जब आप बाजार में अपने बच्चों के लिए आग का भस्मक खरीदने के लिए जा रहे हैं, तो तुम वापस वापस नहीं लौटोगे.
यदि आप बिहार के प्रधान मंत्री नितश कुमार के नाम के साथ आग ख़रीदना नहीं चाहते हैं, तो आप निश्चिक रूप से [1] भूतपूर्व मुखी कूद, मूदी के नाम से ज़मीन खरीदेंगे.
यदि आप अपने बच्चों के लिए किसी भी उल्टे खरीदना नहीं चाहते हैं, उन पर किसी राजनीति के नाम के साथ, फिर चिंता न करने के लिए. रामविस पासवान विकल्प आप के लिए उपलब्ध है. हाँ, रामविंस भ्रमण भ्रमणियों बाजार में भी उपलब्ध है.
Llooo यादव अब पत्ते के लिए सज़ा दी जा रही है, आप सब के लिए चिंता की जरूरत नहीं है. अगर आप उसके साथ मन लगाना चाहते हैं तो चिंता मत करो, आप अपने घर में लेलो यावा के साथ खा सकते हैं!
इस समारोह में भूतपूर्व प्रधान मंत्री इंडारा गाद्देन को दिया गया.
यह जानकारी स्कूल के मुख्य नाफे सिंग द्वारा दी गयी थी ।
उन्होंने कहा कि टीचर और प्रोफेसरों ने इंद्रा गांधी की तस्वीर पर फूल रखे थे ।
एक निबंध प्रतियोगिता विषय पर संगठित किया गया था - पेराती पथ हरीआना.
Manju लेशमी ने पहली इनाम जीया और शिल्पा का दूसरा इनाम जीत लिया।
इस सम्मेलन के राष्ट्रपति, ब्राईज मोहन गूपटा ने अपने विचारों को सादर पाटेल और इंड्रा द्वारा दिए गए बलिदानों के साथ बाँटा ।
ऊरमिला मालिक, गेटा गॉपटा, राजबीर सिंग और अमिट गूपटा को जूरी के सदस्यों के तौर पर सम्मानित किया गया ।
मुख्यतः, विषय - हारीना की चैंगाटी के बारे में जानकारी दी गयी ।
उसके मरे हुए शरीर को डोरे के पास पाया गया ।
मरे हुए नौजवान को हार्श गहलाट के रूप में पहचाना गया है ।
उस जवान के शरीर में दो बंदूकों का घाव हुआ था ।
पुलिस ने अस्पताल में एक पोस्ट-मोटरट के लिए शरीर भेजा है और खोज शुरू कर दी है.
एक गुरुवार के आस - पास पुलिस को यह जानकारी मिली कि रोशान बाग के इलाके में एक नौजवान को घायल कर दिया गया था ।
जब पुलिस उस स्थान पर पहुँचे, तो वे उसे मर गए.
उस वक्‍त उसे हारीश नाम के एक निवासी के तौर पर पहचाना जाता था ।
उस जवान को कमरे में गोली मार दी गयी थी और दो गोलीओं के साथ कपड़ा लगाया गया था ।
हरीश ने अपनी दसवीं कक्षा में अध्ययन छोड़ दिया ।
उस वक्‍त वह बेरोज़गार था और बुरी आदतों में पड़ गया ।
पिछले बार लोगों ने उसे देखा कि वह एक आदमी के साथ था.
पुलिस इस आदमी को ढूँढ़ने की कोशिश कर रहे हैं, और यह जानने की कोशिश कर रहे हैं कि युवा गुरुवार में कहाँ था और उसके साथ उसकी मृत्यु से पहले ।
जैगरन संचार केंद्र, राजरोरी: गुरुवार में विभिन्‍न विभागों के निष्पक्ष सरकारी अधिकारियों की खोज की जाती थी ।
कोट्राका के कार्यालय में खोज के दौरान, कर्मचारियों को काम से दूर पाया गया ।
वहाँ काम करनेवाले एक कर्मचारियों में से एक निलंबित किया गया था, जबकि अस्पतालों को एक विशेष नोट के साथ जारी किया गया था.
ज़िला कंप्यूटर ने सरकारी कर्मचारियों की देखभाल करने के लिए कई टीम बनायी हैं ।
उसके आदेशों से एक आश्‍चर्यजनक खोज गुरुवार और अन्य विभागीय अधिकारी द्वारा चलाया गया था ।
कोट्राका टेसिलडार, इरान अहमद मिर भी मुख्यालय में रहनेवाली सरकारी कार्यालयों को देखकर आश्‍चर्य हुआ ।
वहाँ, और कर्मचारियों के साथ - साथ, अनेक उच्च अधिकारियों को ज़िम्मेदारी से मुक्‍त पाया गया ।
उसने अस्पताल अधिकारियों की एक टिप्पणियाँ लिखीं और ज़िला कंप्यूटर फैकीर चंद बंगाट को भेजा ।
जब कोट्राका टेसिलडार पी. ए. ए.
इनमें से कोई भी कर्मचारी मौजूद नहीं थे ।
कोट्राका अस्पताल में, डॉक्टरों से अलग, १४ अन्य कर्मचारियों को अस्पताल में मिल गया ।
बी.M.O भी दूर था.
इसके अलावा, दो अस्थायी कर्मचारीों से अलग, बी. डी.
C.D.P.O ऑफिस एक कम निकाय अधिकारी द्वारा नियंत्रित किया जा रहा था.
ऑफ़िस रजिस्टर में कर्मचारियों ने अगले दो दिन के लिए खुद को चिह्नित किया था ।
इसके अलावा, सी. ए. डी. पी. पी.
एक कम - से - कम अधिकारी हाकिम को नियंत्रित कर रहा था, जबकि दूसरे अधिकारियों को खोया गया था ।
टेहसिलाडार ने इन सभी निर्वासित कर्मचारियों की एक सूची तैयार की और इसे ज़िला कम्प्यूशनर में भेजा ।
इस बीच, मुखिया शिक्षा अधिकारी चूदुरी लाल हूसिन ने बालजेलन झोन में कई स्कूलों को एक आश्‍चर्यजनक भेंट दी ।
निसान शाम को वो आदमी है जो कुथा स्कूल में दोपहर के भोजन के रक्षक है और उसे ठीक से नहीं करने के लिए निलंबित किया गया है, जबकि श्रीअब्बड माजेद और शिक्षिक सरीर मध्य स्कूल, जेवरी स्कूल, सी.आर. पी. सी. पी. सी.
डाइट प्रीप शर्मा ने वहाँ दोपहर के भोजन की जाँच करने के लिए स्कूलों की एक आश्‍चर्यजनक जाँच की ।
नैमंडी झोन में, मुख्यतः दोपहर के भोजन में कुछ लूपों को मिला और इसलिए प्रिप शर्मा ने अफसर से खाना और सिर मशहूर को दो दिन के अंदर सुधारने के लिए पूछा ।
पहले अफ्रीका, राजराम पंडी, जो अपने वादे के विषय में जाना जाता था, और गुरुवार की शाम एक दिल पर हमला करने के बाद दूर हो जाता था ।
राज्राम पिंडी की मौत के बाद, अखीलश सरकार का कैबिबियन विस्तार दे दिया गया है.
सोर्सों के अनुसार, राज्राम पेन्डी को मंत्री के पोस्ट से हटाने के बाद लगातार तनाव था ।
इस कार्यक्रम के प्रति प्रति, अखीलश यादीव चौथी बार अपने कैबेरेबिन को फिर से बदलने जा रहा था.
राजराम पंडी को पता चला कि वह कैबेरिया में नहीं है, जो शुक्रवार को वापस ले जाया जाना था ।
मुखिया मंत्री अकलीश यादीवा से मिलने के बाद, वह अपने राज बवॉन का घर जा रहा था और जब वह वहाँ पहुँचा, तो वह उड़ने लगा और बेहोश हो गया ।
उसके कर्मचारियों ने कहा कि उसे मध्यरात्री के गृहस्थ अस्पताल में ले जाया गया, लेकिन वह मार्ग पर मर गया ।
अखीलश यादव की सरकार, राज्राम पंडी खाडी और ग्रामीण उद्योग मंत्री था और एमएल था प्रोटैपगाह के विशंगनगनगनज से तीन बार.
वह 15 अप्रैल के 15वाँ अप्रैल के कैबिन से हटा दिया गया, क्योंकि उसने स्त्रियों के बारे में कहा था ।
एक कार्यक्रम में, जब सुल्तनपूर D.M. 'मुझे बहुत सम्भालना है कि मैं इस क्षेत्र का एक दूसरे समय के लिए सेवक बन गया हूँ।
मैं हमेशा एक सुंदर डी.एम के साथ काम करने का मौका मिलता है.
जब मैं भूतपूर्व D.M. Cominuhan Ratan को देखा, मुझे लगता था कि उससे और भी सुंदर महिला नहीं हो सकती, लेकिन नई डी. डी. डी.
उसकी आवाज़ का सुझाव बेहतर है।"
राजराम पांडी ने भी यह भी कहा, "प्रैपगर में सड़कें हेमालीनी के गालों की तरह चमक रही हैं, और अब केवल चेहरे के चेहरे जा रहे हैं."
इस कथन की वजह से एक बड़ा फौजी बन गया ।
चैनडीगर: एक हाथ पर, पांजाब सरकार ने पनजाब की खास बिल पार कर दी है, जो एनआरआई पंजाबी लोगों की सुरक्षा के लिए, जबकि दूसरे हाथ में अस्पताल पंजाबी में ताजा समस्याएँ होती हैं।
कनाडाई सरकार ने NR के बारे में सवाल किया है, जो उनके धन - दौलत के बारे में है और उन्हें पांजाब या भारत से मिल गया है ।
एक खास इकाई के ज़रिए, फेडरल सरकार ने कनाडा में पेनननर्डों से पूछा कि वे दूसरे देशों में अपने धन - दौलत से कम कर रहे हैं ।
यह सरकार ऐसे लोगों के बारे में और जानकारी प्राप्त कर रही है जो कनाडा में रहनेवाले सभी आर्थिक लाभ प्राप्त कर रहे हैं ।
कनाडा के कानून के मुताबिक, कनाडा के नागरिकत्व को प्राप्त करने के बाद, विदेश से प्राप्त आहार को अपनी पूरी आदत में जोड़ा जाना चाहिए, लेकिन लोग ऐसा नहीं कर रहे हैं ।
कनाडा की नागरिकता प्राप्त करने के बाद भी, पांजाब से हज़ारों लोगों ने अपनी आदत और पैनॆट फ़ैसलों से आमदनी नहीं की है ।
इससे वे कनाडा में जितना पैसा कमाया जाता है, उस पर वे अपनी आदतों को बताने के लिए कनाडा में विदेशियों को लगाने के लिए लगातार आमंत्रित कर सकते हैं ।
सेनियरों के क्लब के सम्वासन के एक प्रतिनिधि एम के साथ एक एम के साथ मिला, पर्राम गिल और इस मामले में उनके लाभों के लिए सुरक्षा माँगा।
पाराम गिल कहता है कि उसे दी गई जानकारी के रूप में, यदि कोई किसी दूसरे व्यक्ति को इस समस्या के बारे में रीवु कनाडा के बारे में कोई शिकायत करता है तो उसकी आदत की जाँच की जा सकती है, लेकिन उसके पास जाँच के बारे में कोई कंकरी जानकारी नहीं है.
यह डेलिगेशन एमपीपी वीक डहीलोन के साथ भी मिल गया था और जल्द ही वे एमपीएस और एमपीपीएस के साथ मिलेंगे.
पोंजाब सरकार ने पुनजाब बिल और कृषि - कृषि देश (आनमेंट बिल) और नरमार्ग की सुरक्षा के लिए दसजाब सुरक्षा के लिए पांजाब बिल पार की ।
एनआरआई के साथ - साथ हर्मी के कर्मचारियों के साथ, उनके देश के लिए सुरक्षा प्रदान की जा रही है ।
इस बिल के अनुसार एक एनआरआई पंजाबी अपने देश और घर-घर को एक निश्चित बिंदु पर कर सकते हैं.
वे उन्हें वापस ले जा सकते हैं जब उन्हें निश्चित नोट्‌स देने के द्वारा ज़रूरत पड़ती है ।
दस लोग नहीं रहेंगे और कोई और विकल्प उपलब्ध नहीं होगा ।
NRR मुझे एसडीएम के अधिकार का सबूत देना होगा और उन्हें अपने माँगों के बारे में बताना होगा.
इस कानून से इज़्ज़त के पहले पाँच सालों के लिए राहत मिलती है ।
लगभग १.५ कोटी लोग पांजाब के लोगों से आते हैं, जबकि उनकी संपत्ति अभी भी पोजाब में है ।
वे पांजाब सरकार से अपनी संपत्ति की सुरक्षा की माँग करते रहते हैं।
सोना, चान्दी और सामान आज के दिन लोकप्रिय रूप से खरीद रहे हैं ।
इस ऊँची बिक्री के कारण पहले से ही उनके दुकानों को सजाया गया है ।
ग्राहकों को आकर्षित करने के लिए, दुकानदारों ने दुकान के अंदर और बाहर की तरह - तरह के सामान दिखाए हैं ।
फिर भी, बाजार में उच्च मूल्य का प्रभाव स्पष्ट रूप से देखा जा सकता है ।
हिंदू धार्मिक पुस्तक के अनुसार, दहनतरस पर्व के दौरान धातुओं को खरीदना एक खास महत्त्व है ।
लोग न तो सोने और चान्दी के छोटे टुकड़ों को खरीदते हैं, परन्तु पीतल और चान्दी के पात्रों के रूप में भी खरीदते हैं ।
किचन यूटेनसील काली डेस और मादन लाल ने कहा कि इस बार कीमत बहुत अहम है ।
इनमें से एक है, जिसमें आम तौर पर आम तौर पर काम करना पड़ता है ।
उन्होंने कहा कि पिछले साल, सन १२० और आर.१४० के बीच स्टील का मूल्य था, लेकिन इस साल आर.
उसी तरह, पीतल की क़ीमत के अलावा, पीतल की क़ीमत भी ज़्यादा महँगी हुई है ।
विकास, जो पोजा और अन्य पीतल वस्तुओं के लिए इस्तेमाल किया गया है, उन्होंने कहा कि जैसे पीतल अधिक महत्वपूर्ण हो गया है, पीतल से बनी चीजें भी अधिक महँगी हो गई हैं।
कंप्यूटर बाजार में अधिक छोटे वस्तुओं को खरीद रहे हैं.
उंटीनल बिक्री, राजश ने कहा कि इस बाजार में ऊंटेनल दुकानों की अधिकतम संख्या है।
इस बाजार से दूषित क्रिसमस के लोग, जो इस बाजार से सामान खरीद रहे हैं, लेकिन लोग कम चीज़ें खरीद रहे हैं जितनी कि चीजें ज़्यादा महँगी हो रही हैं ।
वे विश्‍वास करते हैं कि पर्व के कारण टाटों में ज़्यादा महँगी हो रही है और वे बाद में हल्की हो जाएँगे ।
शुक्रवार, पूरे दिन डहनटरस के मौके पर शॉपिंग करने के लिए खुशी की बात है ।
एक स्ट्रोलॉग्‌सॉपटी के अनुसार, सूर्योदय ६.४१ शुक्रवार, नवंबर का पहला दिन होगा ।
इसके बाद, ९.५० में, एक वाइडरीटी याग है, लेकिन अधिकांश लोग इसे नज़रअंदाज़ करते हैं ।
जो लोग इस बारे में सोचते हैं, वे इस समय शॉपिंग से दूर रह सकते हैं और जो लोग इस यॉग को नज़रअंदाज़ नहीं कर सकते हैं, वे शॉपिंग में जा सकते हैं ।
उसने कहा कि आज लोगों को सोना, चाँदी और धातु की दूसरी चीज़ें खरीदनी पड़ती हैं, जैसे कि उनकी आर्थिक क्षमता है ।
समिति के सदस्यों ने लोगों से कहा है कि वे आग - मस्तिष्कों का इस्तेमाल न करें ।
बेडवाला से शुरू हुआ, हारीपूर केलिस गेट पर, जहाँ बच्चे लोगों को इस पर्यावरण को बचाने के लिए पुकारते थे ।
कमेटी के सदस्यों ने हरेक से कहा कि वे मकड़ी की दीवारों को उजागर कर दें, आग - फूलने के बजाय, और लोगों से भी पूछें कि पॉलिथनी बैगों के इस्तेमाल से बचने के लिए ।
जुलाई में शुरू हुए 90 प्रतिशत सरकारी अधिकारियों को यूटी अधिकारी मिलेंगे ।
सितंबर 8% डी. ए.
इस प्रशासक के बाद यूटी चैनडीगर के कर्मचारियों को बहुत खुशी हुई ।
और कुछ लोगों के बीच, यूटी कामगारों और कर्मचारी संघ के राष्ट्रपति - पापल सेक्रेट डॉट डॉट जोशसी, यू.
इस फैसले के बाद कर्मचारी 10% डी.ए. जुलाई में शुरू होगा.
इस मौके पर काम के अगुवों ने कहा है कि बच्चे वॉल्फेयर कक्षा के कर्मचारियों को भी ९० प्रतिशत डी.ए.
BJP के प्रशासक और Gugratry के प्रधान मंत्री, नारेरा मोदी के लिए 6 नए राज्य मंत्री भी शामिल हैं।
अर्धे दस लोगों को हरा हरा प्रकाश मिला, जिनमें भारी वज़न विथल रादादिया का बेटा भी शामिल है। जयश सॉराट्रा से आता है और हाल ही में बीजेपीस से मिल गया है, कंग्रेस छोड़ने के बाद।
भूतपूर्व भूतपूर्व प्रशासक, नाहरी आम्न, जिन्होंने सम्मेलन चुनाव के सामने कांग्रेस छोड़ दिया और बीजेपी में शामिल होने के लिए नियुक्‍त किया गया, प्रशासक का डिप्शनरी अध्यक्ष के तौर पर नियुक्‍त किया गया है।
यह सेवा प्रसार को लोक साबा चुनाव के लिए मोदी के तैयारी के रूप में देखा जा रहा है.
वह अपने राजनैतिक हितों को बढ़ाने के लिए बहुत कुछ यात्रा कर रहा है ।
पांच राज्यों का दौरा करने के बाद, वह अधिक झगड़ालू संगति, यात्रा और सभाओं का आयोजन करेगा ।
इस तरह वह गुजराता को एक गढ़ में बदलना चाहता है.
