Le triomphe des populistes de droite en Autriche, a un total de 29 %
D'après les premiers résultats préliminaires des élections du parlement préliminaire en Autriche, un affaibliment perceptible des deux partis de la grande coalition actuelle et un accroissement significatif pour les partis populistes de droite.
Le Parti populaire autrichien (ÖVP), où la position de la tête actuelle, Wilhelm Molter, est gravement jetée, a subi des pertes particulièrement importantes.
Par contre, le chef de campagne de l'Alliance pour l'avenir de l'Autriche (BZÖ), le gouverneur carinthien Jörg Haider, prépare un retour triomf à la politique nationale.
Selon les résultats préliminaires, le Parti social-démocratique (SPÖ) reste le plus fort dans le pays avec 29,8 % des voix, cependant, il a perdu 5,5 % des votes depuis les dernières élections en 2006.
ÖVP, qui, avec ses 25,6 % perd près de neuf pour cent des votes, s'est aggravé encore pire.
C'est le pire résultat des deux grands partis de l'histoire autrichienne après la guerre, et en particulier pour le Parti populaire, qui a exhorté les premières élections, c'est littéralement un résultat catastrophique.
Au début du mois de juillet, lorsque ÖVP a quitté la coalition, le Parti populaire a toujours eu un rôle important sur SPÖ dans les sondages.
Les électeurs, cependant, semblent les punir de laisser le gouvernement flounder.
Dans les premières réactions aux résultats, il y avait déjà des spéculations sur la possibilité de démission du chef du parti et le vice-chancellor actuel Wilhelm Molter.
Les observateurs prévoient que cela pourrait avoir lieu dès la réunion extraordinaire du leadership du parti lundi.
Un tel développement simplifierait certainement le voyage vers le recours de plus en plus probable des résultats électoraux, c'est-à-dire le renouvellement de la grande coalition de SPÖ et ÖVP.
Étant donné le renforcement des deux partis populistes de droite - le Parti de la liberté (FPÖ) a obtenu un 18 pour cent préliminaire et BZÖ onze pour cent des votes - cependant, en même temps, les social-démocrates ont exprimé la crainte d'une répétition de l'année 1999, lorsque le Parti populaire convenait avec les populistes (FPÖ était encore uni à ce moment, il s'est écarté de BZÖ en 2005) sur un gouvernement commun, qui a finalement provoqué des sanctions de l'Union européenne.
Haider, qui a déjà annoncé qu'il est prêt à collaborer avec toute partie et suppose qu'il retournera à Vienne à la politique nationale, est évidemment bancaire sur ce développement.
Le Parti vert est également entrer dans le Parlement, mais a subi une légère perte et est tombé de troisième à cinquième place parmi les partis politiques autrichiens.
Évidemment, aucune des autres parties n'a dépassé la marque de quatre pour cent et s'est rendue dans le Parlement.
Schwarzenberg: Les relations avec l'Inde pourraient s'aggraver
Selon le ministre des Affaires étrangères, Karel Schwarzenberg, s'il ne sera pas possible de résoudre le problème des scientifiques tchèques chargés en Inde de la collecte illégale d'espèces, un certain aggravation des relations tchèque-indiennes pourrait avoir lieu.
Le ministre a fait cette déclaration à New York à la suite de la réunion d'aujourd'hui avec son homologue indien, Pranab Mukherjee.
« S'il n'est pas résolu, alors oui, alors un certain aggravament aura lieu », il affirme à la suite de la réunion initiée du côté tchèque.
À la suite des négociations, Mukherjee a déclaré qu'il était difficile pour le pouvoir exécutif d'intervenir en matière judiciaire.
Néanmoins, il a dit que, dans le cas de Petr Švácha, qui a été délivré des accusations et sanctionné avec une amende, le gouvernement central peut négocier avec le gouvernement local de Darjeeling, sous la juridiction dont la question appartient.
« Son problème pourrait être résolu », a déclaré le ministre.
Selon Mukherjee, il serait le mieux pour Emil Kučera, condamné à trois ans de prison, pour faire appel aux autorités supérieures.
Il peut ensuite demander d'être libéré sous caution et attendre le verdict en dehors de la prison, il a expliqué.
Schwarzenberg a confirmé que son partenaire avait également dit cela au cours des négociations.
« Il recommande d'appeler une cour supérieure, puis il serait possible de le pardonner », a déclaré le chef de la diplomatie tchèque.
Le seul moyen que la partie tchèque peut s'impliquer dans l'ensemble de la question est de fournir aux personnes condamnées un « soutien juridique compétitif », a déclaré le ministre indien.
En même temps, il a dit que le côté indien leur fournit déjà des aides de ce type.
« C'est dans notre plus grand intérêt de maintenir les meilleures relations avec l'Inde, qui ont une tradition de longue date.
Les Indiens reconnaissent également ceci", a déclaré Schwarzenberg.
En même temps, comme il l'a dit à l'agence de presse tchèque, il a souligné devant son partenaire que la République tchèque possède une grande importance sur le problème des entomologistes tchèques.
« Nous considérons vraiment que l'arrestation et la charge de ces scientifiques tchèques sont une grave erreur », a-t-il déclaré.
Le ministre a évité de répondre à la question de savoir s'il avait reçu une promesse de la partie indienne pour poursuivre la question.
Il a simplement déclaré « J'ai déjà reçu quelques promesses ».
Bataille de référenciers tchèques pour le sol océanique
Il passe vers la carte murale électronique qui représente l'Australie et les zones de mer environnants.
Cependant, il n'est pas intéressé au continent, mais dans un petit point perdu dans le bleu de l'océan.
« Cette île, et avec elle le sol océan qui l'entoure, appartient à l'Australie.
En même temps, la région est aussi grande que le continent lui-même », affirme l'avocat italien Luigi Santosuosso, qui appartient à l'équipe de trente membres des employés de la Division des Nations Unies pour les affaires maritimes et du droit de la mer.
Son chef, le directeur de division, avocat tchèque Václav Mikulka, suit ce qu'il dit et ajoute parfois quelque chose.
Zest et enthousiasme pour le travail sont dominants ici.
Le sol océan abrite un monde aussi peu connu riche en ressources naturelles.
Il est possible de trouver du pétrole, des minéraux et d'autres minéraux, mais aussi, jusqu'à présent, des organismes vivants inconnus qui détiennent la clé, par exemple, au développement d'un remède pour le cancer.
Un plancher plus grand que le continent
Aujourd'hui, les pays côtiers ont commencé à concourir avec véhité le nouveau territoire sous-marin.
C'est-à-dire, selon un accord de l'ONU qu'ils utilisent les droits sur lesquels ils ont convenu en 1982 à Montego Bay (Jamaïque).
C'est principalement la zone de l'appelée plateau continental, qui atteint souvent jusqu'à plusieurs centaines de kilomètres de la côte du pays donné.
Selon l'accord, ce pays a le droit exclusif à toutes les ressources du plateau continental.
"Le plateau continental est simplement considéré comme la partie du sol océanique qui est la poursuite naturelle du continent sous la mer et son sous-strat.
Il a atteint au-delà du bord de la mer côtière, souvent même au-delà du bord des deux cents milles nautiques de la zone économique dite exclusive", explique Mikulka.
La demande que le pays donné présente à la Commission des limites du plateau continental doit être appuyée par des documents scientifiques et techniques fondés sur de nombreuses enquêtes et mesures coûteuses.
C'est le résultat de nombreuses années de travaux préparatoires.
L'un de nos rôles est de fournir à la commission une assistance technique juridique et spécialisée.
La commission a examiné jusqu ' à présent cinq demandes de Russie, du Brésil, de l ' Australie, de l ' Irlande et de la Nouvelle-Zélande.
Seuls les trois derniers pays ont réussi jusqu'à présent », ajoute Mikulka.
Récemment, l'Australie, qui a été la première à élargir son domaine sous-marin, a été enregistrée dans le monde entier.
Mais la Nouvelle-Zélande a aussi gagné - la zone du sol océanique que la commission lui a conçue est d'environ 1,6 millions de kilomètres carrés, c'est-à-dire environ six fois plus grande que la taille du pays lui-même.
Les deux pays ont investi des millions de dollars dans l'enquête.
Les bénéfices qui vont découler de l'utilisation du sol de l'océan à l'avenir seront, ils espèrent, inestimables.
D ' autres pays soumettrant progressivement leurs demandes.
Ils ont jusqu'à dix ans à partir du moment où ils ont ratifié l'"Accord de la baie de Montego" pour le faire.
Lorsque le plateau continental se termine, la zone du sol océanique déclaré par l'accord comme le « patrimoine commun de l'humanité » commence.
Ici aucun pays n'a plus de position exclusive.
Les droits mineurs dans ce domaine sont accordés par l'accord établi par l'institution internationale.
« Mais le plancher océanique n'est pas Klondike », dit le directeur Mikulka exagerément, ajoutant que ses « zones individuelles sont légalement clairement délimitées et leur régime est ancré dans les contrats ».
Checs dans le Pacifique
Une partie du sol océanique appartient actuellement à la République tchèque.
Elle la partage avec d'autres pays de l'ancien Bloc de l'Est comme une partie de l'organisation commune "Interocéanmetal".
En accord, cette organisation, comme les investisseurs de plusieurs petits autres pays, a obtenu le statut de « investisseur de pionière » en 1991.
Il est autorisé à mier dans la zone ClarionClipperton dans l'océan Pacifique, qui se trouve entre le Mexique, Hawaii et Kiribati.
La zone étudiée par l'investisseur est légèrement plus grande que l'ancienne Tchécoslovaquie.
L'étage océanique est ruguré, c'est une sorte de modèle sous l'eau des montagnes Tatra.
« Il est possible de mier là sur une superficie globale de 75 000 kilomètres carrés.
La région est une localité riche pour la collection de concrétions poly-métales contenant nickel, cuivre, cobalt et manganèse », affirme un autre avocat, Pakshi Rajan de l'Inde.
L'avocat macédonien de la division, Rober Sandev, apporte une telle concrétion à démontrer.
Il semble une petite pomme de terre ou, avec un peu de fantaisie, le shem mythique, qui, selon la légende, a apporté le Golem à la vie.
Forces spéciales allemandes présentes au sauvetage de l'hostage
Pour résoudre la crise des otages, le gouvernement égyptien a demandé l'aide de l'Allemagne - qui a envoyé dans les experts.
Lorsque les forces spéciales étaient prêtes, leurs services n'étaient pas nécessaires à la fin.
Plusieurs détails sont de surfac sur les circonstances entourant la libération des onze touristes européens enlevés en Égypte.
Selon les ministères fédéraux allemands de la Défense et de l'Intérieur, les forces spéciales allemandes ont participé indirectement à la mission de sauvetage.
Des spécialistes des Forces armées fédérales (Bundeswehr) et des membres de la police fédérale allemande (Bpol) et de ses unités spéciales du GSG 9 et de la Garde aérienne étaient présents au secours, des parlers des ministères ont déclaré lundi soir, ainsi que des membres du Bureau fédéral de la police pénale (BKA) et des experts logistiques de l'Agence de secours technique (THW).
Cependant, les forces allemandes n'étaient pas tenues, parce que les capteurs abandonnaient leurs otages et s'enfuiraient quand elles étaient conscientes que les otages allaient être libérés par la force.
Le gouvernement égyptien a accepté l'aide offerte par l'Allemagne pour compter sur les forces allemandes comme sauvegarde pendant l'opération.
`Luckily, il n'a pas été venu à cela', un porte-parole du ministère fédéral allemand de l'Intérieur a déclaré.
Le groupe de voyage constitué de cinq Allemands, cinq italiens, une femme roumaine et leurs huit compagnons égyptiens ont été embosqués et enlevés le 19 septembre dans le sud de l'Égypte.
Après leur enlèvement dans une région du désert dans le sud de l ' Égypte, les otages avaient été transportés dans la région frontalière entre l ' Égypte, la Libye, le Soudan et le Tchad.
Jusqu'à présent, l'identité des capteurs reste inconnue, comme les détails sur le sauvetage ou sur les possibles rançons.
Les anciens otages sont arrivés en toute sécurité au Caire, entre-temps.
Le ministre allemand des Affaires étrangères, Steinmeier, a déclaré qu'ils avaient été confiés aux soins de l'ambassade allemande.
Il n'a pas commenté les détails du sauvetage.
À Berlin, aucune information immédiate sur leur retour en Allemagne n'a été donnée.
Selon le journal allemand `Bild', les cinq touristes et les forces spéciales sont à bord d'un Airbus de la Force aérienne allemande, qui est dit arrivé en Allemagne le mardi.
La Chambre des représentants des États-Unis réjecte Bailout
Le paquet de remboursement de 700 milliards de dollars pour les marchés financiers a étroitement échoué à passer dans la première des deux chambres du Congrès américain.
Les Dow Jones ont pris un nez-dive.
Avec un vote de 227 à 206 contre, la Chambre des représentants des États-Unis a rejeté le paquet de cautionnement du gouvernement pour les marchés financiers.
Toutes les appels du président George W. Bush et des responsables de ces deux parties, malgré cela, aucune majorité n'a été atteinte pour le programme destiné à contenir le chaos sur les marchés financiers.
Dans une campagne dramatique, les partisans ont fait des tentatives désespérées pour convaincre les critiques du plan de 700 milliards de dollars.
Barney Frank, l'un des principaux négociateurs démocratiques, avait appelé des représentants à l'approbation, même s'il s'agissait d'un plan impopulaire.
Il est difficile d'obtenir l'approbation politique pour la prévention de quelque chose qui n'est pas encore arrivé, il a concédé.
Alors que le vote était encore en cours, le Dow Jones a vu une baisse de plus de six pour cent, soit 600 points.
Il a été causé par les inquiétudes des investisseurs pour que le cautionnement du gouvernement ne puisse manquer.
Elle s'est récupérée peu avant la fin du vote, seulement pour prendre un autre nez-dive lorsque le rejet a été rendu public.
Les experts s'attendent maintenant à de nouvelles turbulences lourdes sur les marchés financiers internationaux.
Pour que le plan soit mis en œuvre, l'approbation de la Chambre des représentants et du Sénat est nécessaire.
Agences de Voyage Rapport Augmentation des réservations
C'est un bon hiver pour les agences allemandes de voyage, évidemment :
Un sondage indique que le chiffre d'affaires des réservations pour les mois à venir a augmenté de façon significative contre l'année précédente - pour la saison hivernale de 30 %, même.
Malgré les perspectives d'une économie faible, l'appétit des Allemands pour les voyageurs reste insopportable, un sondage affirme.
Pour les réservations pendant la saison d'hiver, les agences de voyage ont vu une augmentation du chiffre d'affaires de 31 % contre la même période de l'année précédente, l'Association allemande des voyages (DRV) a signalé à Berlin le lundi.
Selon la société de recherche sur le marché GfK, il y a eu aussi une augmentation des réservations au cours des mois d'automne.
Les agences de voyage ont vu une augmentation du chiffre d'affaires d'environ un onze pour cent pour octobre contre 2007, le DRV a déclaré.
Les résultats sont basés sur les chiffres de GfK, qui traite les données de réservation de 1200 agences de voyage allemandes tous les mois et les utilise pour faire des projections pour le marché dans son ensemble.
Les réservations de voyage sont incluses au mois d'août 2008.
En raison d'un dollar faible, en particulier des voyages aux États-Unis étaient en demande, le DRV a déclaré.
Dans ce domaine, les réservations avaient augmenté d'environ un tiers, dit-il.
C'est ainsi qu'elle a signalé que l'Espagne, la Turquie et la Grèce étaient populaires parmi les Allemands et les régions domestiques.
Tous les voyages inclus ont été particulièrement demandés, a déclaré le Président Klaus Laepple.
Compte tenu de l'augmentation des prix de l'énergie et de l'alimentation, leur coût était « plus calcable pour les clients que pour les vacances organisées individuellement », a déclaré Laepple.
Les consommateurs pourraient économiser de l'argent par des rabais à l'oiseau précoce ou par des rabais tout à l'inclusion, entre autres, a déclaré Laepple.
Parce que les mois d'été avaient été très bien réservés, il y aurait aussi une autre augmentation du chiffre d'affaires par rapport à l'année précédente, il a déclaré - même si un autre sondage signale que le nombre d'Alemands voyageurs s'est défondré par rapport à l'année précédente.
Ma première fois à l'Octoberfest
Spring-break- et après-ski-syle-chappets en mode répétition, bière à partir d'un-litre mugs et célébrités dans le designer Dirndln.
Un Wiesn Debut.
Techniquement, Susanne Kronzucker et moi n'avons pas beaucoup en commun.
Elle est blonde, un hôte de télévision et porte un Dirndl adapté.
J'ai des cheveux foncés, je suis étudiant, et ma robe est de seconde main.
Mais il y a une chose qui nous connecte : Nous avons été à la Wiesn pendant presque trois minutes, et déjà les photographes se déroulent autour de nous et se dégagent, remplissent leurs cartes de mémoire - très flattering, et c'est ma première visite au Wiesn, pour boot.
C'est ainsi que vous faites des amis.
Le bon marché de Dirndl semble faire son travail.
Pour un touriste de Wiesn habituellement basé au nord de l'équateur "Weisswurst", ce sentiment confortable portant des garbes bavarés traditionnels avait laissé beaucoup à désirer à ce jour.
Mais une fois arrivée à Theresienwiese, ce n'est pas aussi mauvais que tout ça.
Presque tout le monde porte Dirndl ou Lederhosn; personne n'a l'air dégoûtée ou embarrassée - c'est tout à fait normal.
Seul mon profil Dirndl a fait des regards bizarres au vendeur du chocolat-banana.
Une femme de Munich m'a attiré à mon attention que j'avais lié l'aperçu de la mauvaise façon: «Disponible à gauche, vierge au milieu, commise à droite, veuve derrière.»
J'ai peur, j'ai tiré mon aperçu derrière à gauche.
Elle dit, et rit.
D'autres sont moins préoccupés par des techniques de flirt subtiles et portent des chapeauts simples de sensation qui disent "Too beau pour se vestir" et, sans conduire, montrer les gens leurs nus derrière.
Le jeune homme avec l'attitude exhibitionniste est appelé Bob, est de l'Angleterre, et c'est sa première fois au Oktoberfest, aussi.
Il le trouve `gorgeous' avec un `ooooooo' .
Il me dit ce droit après avoir se débarrassé du 'Maß' qu'il avait précédemment.
Juste à côté de l'un de ces fireplugs que tout le monde faute pour les déchets de déchets.
Bob est donc l'un de ceux infame `Wildbiesler.'
D'autres ne sont pas assez heureux de perdre l'alcool de cette façon.
Aller à huit heures de nuit, des paramédicaux sont entourés de l'emplacement, assistant aux pauvres bingers.
Les médicaments apparaissent toujours en paquets - il y a toujours quatre à la fois, portant un étirer couvert de la tente à la tente.
Elle fonctionne comme avec la plupart des visiteurs de Wiesn : Quand il est vide, ils se déroulent, et quand il est plein, ils reviennent.
Tu ne vois pas qui est à l'intérieur des cercueils du BAC.
C'est ceux qui ne peuvent plus prendre, l'un des paramédicaux crie quand je lui ai demandé, disparaissant dans la foule.
victime d'accident nommée par la police
Une femme piétonne de 63 ans qui est morte à l'hôpital après avoir été touchée par un véhicule à Essex a été nommée.
Carole Paulson, de Chelmsford Road à Brentwood, a été impliquée dans l'accident le vendredi après-midi sur Shenfield Road dans la ville.
Elle a été emportée à l'hôpital de Queen, Romford, mais plus tard est morte.
Après l'accident, un homme de 51 ans a été arrêté pour soupçon de conduire sans descureux.
Il a depuis été libéré sous caution de la police.
L'élargissement des horizons diplomatiques de la Turquie
Bien avant que la Turquie ait cherché à rejoindre l'Union européenne, les puissances européennes étaient désireuses de pénétrer profondément dans l'arrière-fond de la Turquie.
Sur le côté est du Bòsphore, peut-être que seulement 20 pas dans l'Asie, se trouve l'une des plus belles reliquies de cette ambition impériale échouée.
La station de chemin de fer Hydarpasha a été conçue par deux architectes allemands Otto Ritter et Helmut Conu dans le style néo-rénaissance.
C'est au moins ce que les guides vous disent.
Le bâtiment est situé à l'extrémité des plateformes avec une tour à chacun de ses coins devant chercher tout le monde comme quelques villes allemandes provinciales.
La pierre est sale.
Tout l'édifice est légèrement décroissant.
Mais une fois à l'intérieur du bureau des billets, il n'y a aucun doute de la grandeur de l'entreprise dont c'était la passerelle la plus occidentale.
La station a été ouverte en août 1908 par un consortium allemand, l'Anatolia-Baghdad Corporation.
L'Allemagne, venue tard au jeu impérial, vise à réaliser ses ambitions de domination du Moyen-Orient par l'entremise de ce chemin de fer à Damas, Bagdad, et au-delà de ce qu'est aujourd'hui l'Arabie saoudite.
Mais les ambitions impériales de l'Allemagne ont été fondées pendant la Première Guerre mondiale.
Ses voies ferroviaires ont été attaquées par Lawrence d'Arabie et ses irréguliers arabes.
L'isolement relatif de sa région environnante, engendré par les frontières congelées de la guerre froide, a disparu
Les forces britanniques et les forces de domination se sont déroulées de l'Égypte et ont pousse les Turcs et leurs alliés allemands à sortir de Palestine et de Syrie.
Et il y avait des mauvaises nouvelles pour la station Hyderpasha aussi.
En 1917, un train de munitions a exploité la destruction de son toit élaboré.
Les sources turques disent que c'était le sabotage.
Depuis, il s'est lentement moulé, en grande partie parcouru par l'histoire.
Mais aujourd'hui, cette porte ferroviaire vers l'Anatolia et tous les points à l'est, sert - symboliquement au moins - pour mettre en évidence l'élargissement des horizons diplomatiques de la Turquie.
Le parti gouverneur de la justice et du développement - l'AKP - a créé toute une nouvelle politique étrangère pour le pays.
L'isolement relatif de sa région environnante, engendré par les frontières congelées de la guerre froide, a disparu.
Maintenant, il y a une nouvelle politique d'engagement.
Remarquablement, le gouvernement turc a de bonnes relations avec Israël et la Syrie, avec les factions palestiniennes du Hamas et Fatah, avec l'Iraq et l'Iran et bien sûr avec l'Union européenne et les États-Unis.
Pour évaluer les paramètres de cette nouvelle politique étrangère, j'ai embarqué le sommeil de nuit à la capitale turque Ankara, pour visiter l'un des principaux experts de la politique étrangère de l'AKP, le député turc Suat Kiniklioglu.
Le matin suivant - une dizaine d'heures et demi plus tard - après une course de chasse sur les traces qui ont produit les anciennes cadéances mondiales du célèbre documentaire The Night Mail, j'arrivais dans la capitale turque - proposée comme une nouvelle ville pour une nouvelle intention de l'état laïque de tourner son retour sur le passé ottoman.
Mais l'AKP avec ses racines islamistes bien connues représente un changement de paradigme dans le consensus turc.
Il a provoqué des soupçons en Occident, surtout à Washington.
Un taxi m'a amené au siège de l'AKP, une structure ultramoderne de pierre et d'acier - constituée de but - dans une banlieue en développement, entourée de centres commerciaux demi-constructions et de patisseries où les gestionnaires intermédiaires dans des costumes d'affaires - tant des hommes que des femmes - se sont réunis pour faire des accords au début du matin.
Suat Kiniklioglu aurait pu être un politique du centre-droit de presque tout autre parti politique en Europe.
Suit, cravate, je suis sûr qu'il faisait même l'emballage d'une Blackberry.
« L'objectif de la politique étrangère du parti est maintenant de réintégrer la Turquie dans son quartier immédiat.
La guerre froide était une anomalie », m'a dit-il.
La Turquie avait été coupée de son arrière-pays.
Aujourd'hui, il devait regarder vers l'est et vers l'ouest en même temps.
Ce n'était pas un cas de l'un ou de l'autre.
Ça devait faire les deux.
"Mais certainement à un moment", j'ai demandé, "Turquie pourrait être forcée à choisir?"
"Turkey, dit-il, ne voulait pas faire face à ce choix."
Il a ensuite souligné que presque tout le monde avec lequel j'ai parlé ici a presque récit par rote: les liens de la Turquie non seulement au Moyen-Orient, mais au Caucase, et autour de la mer Noire, sont autant au profit de l'Europe et des États-Unis qu'ils sont en Turquie.
Avec la Turquie à bord, le message semble être, l'Europe dans son ensemble peut métaphoriquement monter ces lignes ferroviaires vers l'est vers l'Asie et le Moyen-Orient.
De retour à la station Hydarpasha, après une autre soirée en grande partie sans sommeil, j'ai pensé à ces deux messieurs allemands Herr Ritter et Herr Conu qui avaient regardé cet édifice qui avait été construit il y a 100 ans.
Ils auraient été surpris de constater que les ambitions du Moyen-Orient européen pourraient, dans une grande partie, être dans les mains de la Turquie.
Et comme j'attendais au terminal pour que le ferry me ramene à travers le Bòsphore, j'ai rappelé qu'en ces jours la Turquie avait toujours été appelée « l'homme malade d'Europe ».
Alors, au moins, il ne semble pas avoir beaucoup de doute quant à quel continent devrait prétendre à ce pays fascinant.
Lives se souvenait : Vernon Handley et William Woodruff
Mark Brown écrit : Comme le directeur musical de Guildford de 1962, Vernon "Tod" Handley (obituaire, 11 septembre) a eu la charge de l'Orchestre Philharmonique de Guildford et de Choir.
Dans le cadre de son schéma de musique pour le quartier, l'année prochaine, il a fondé son merveilleux chœur de jeunesse, Proteus.
Il devait être pour moins de 21 ans, mais au moment où le Proteus a chanté sa finale en 1979, plusieurs d'entre nous étaient à la fin des années 20 - nous avons juste refusé d'abandonner le chœur.
Le nom "Proteus" (l'échangeur de forme mythologique) représentait la volonté et la capacité du chœur de s'attaquer à quel que soit la musique, que ce soit madrigal ou messiaen, qu'il soit non accompagné ou avec l'orchestre complet.
La versatilité musicale produite par un tel chœur jeunesse était souvent étonnante, toujours excitante, et c'était tout à cause de l'inspiration de cet homme et de l'enthousiasme pour la musique qui reste absolument constante au cours des années.
Combien de fois nous ont été dit par Tod de "laisser la musique parler pour lui-même".
Il dirait : « Le compositeur sait ce qu'il veut.
C'est tout là dans la musique.
Alors chante-le ! "
Sa technique de baston était absolument claire et précise, bien que jamais dictatoriale, ni flori.
Quelle que soit la norme musicale, il l'a toujours élevée.
John Frayn Turner écrit :
Si un conducteur aurait dû être chevalieré, c'était Vernon Handley.
Je le connais bien au cours des deux décennies qu'il a mené le Guildford Philharmonic de 1962 à 1982.
Au cours des 40 dernières années, j'ai examiné plus de 100 de ses concerts et je peux honnêtement dire que je n'ai jamais été déçu par un seul - et beaucoup de fois inspiré par eux.
Tod Handley avait cette rare combinaison de grandeur et de modestie personnelle.
Il a haï les conducteurs qui, dans ses paroles, seuls « a échappé un ou deux chevaux de guerre bien connus dans le monde entier ».
Il sera raté par tant d'entre nous.
William Woodruff
Le professeur John Beckett écrit :
Votre nécrologie de William Woodruff (Sept 25) déclare qu'en 1946 il reprend l'histoire économique à Oxford et en 1950 devient un Fellow de recherche Houblon-Norman... tout en étudiant simultanément pour un BSc, un MA et un PhD.
Cela suit de la note de l'auteur de Woodruff dans Beyond Nab End, mais il n'est pas correct.
De 1946 à 1953, il est professeur d'histoire économique à l'Université de Nottingham, lors de laquelle il a achevé une thèse de doctorat sur l'industrie du caoutchouc britannique, supervisée par le professeur J. D. Chambers, et par la suite publiée en 1958 comme The British Rubber Industry.
Il a dépensé 1950-51 aux États-Unis sur une bourse de Houblon-Norman, et l'été 1952 aux universités d'Illinois, Harvard et New York.
En 1953, il quitte Nottingham de façon permanente pour l'Illinois.
Pourquoi Woodruff a choisi de briller sur cette partie de sa carrière est inconnue.
J. Vincent Resino à la Faculté de Philologie
"Je recommande l'exposition de José Vicente Resino "Flamenco y vida", parce que ses photographies noires et blanches, prises en style documentaire, sont extraordinaires.
Les photos m'ont attiré l'attention à cause de leur simplicité et leur puissance qui transmet, traitent toujours les sujets avec une attention particulière.
Une exposition qui procède à un sentiment profond.
Resino est en mesure de capter des moments magiques."
Deuxième agression pour le super-venant de Honda
Le prochain novembre Honda lancera la commercialisation de la deuxième génération de modèles Jazz.
Si le modèle précédent était déjà caractérisé par une haute habitabilité, ce nouveau minivan possède un espace plus vaste dans l'intérieur.
En outre, il est équipé d'une mécanique fine qui augmente le confort de conduite et permet d'économiser le carburant.
Évolution au lieu de la révolution.
C'est la deuxième génération de Honda Jazz.
Alors que l'esthétiquement le nouveau Jazz ressemble au modèle précédent, les changements apportés au minivan sont nombreux.
Parmi d'autres, il vaut la peine de souligner son design innovant, sa nouvelle plateforme, une taille plus grande et une mécanique assez nouvelle.
De toute façon, avant de passer à l'analyse du nouveau modèle, peut être utile pour souligner que ce nouveau Jazz ne vient que six ans après l'entrée de la première génération.
Par conséquent, une première observation devrait considérer que Honda a renouvelé ce modèle plus rapidement que les autres entreprises habituellement.
Même si le modèle Jazz est moins connu en Europe que dans d'autres marchés, il reste un phénomène en termes de vente.
C'est le cas du Japon, où Jazz était la voiture le plus vendue en 2002 et aussi au cours de cette année 2008.
Juste là, presque un million d'unités de Jazz ont été vendues à partir du lancement du modèle.
Le deuxième marché était le Vieux continent, avec environ demi-million d'unités vendues en six ans.
Malgré ces chiffres, Honda croit que ce nouveau Jazz augmentera encore plus ses ventes dans le segment.
Ainsi, si en 2007, la société japonaise a vendu un total de 83 000 unités de ce modèle, en 2009, elle estime qu'elle sera d'environ 100 000 voitures, ce qui prévoie une éventuelle augmentation des ventes de 17 % juste sur le marché européen.
En ce qui concerne le marché espagnol, Honda a vendu un total de 8 000 unités de Jazz depuis 2002, correspondant à 6,7 % du total des ventes pour l'entreprise en Espagne.
Avec l'arrivée de la nouvelle génération, le responsable de l'entreprise en Espagne s'attend à vendre environ 4.000 unités de Jazz dans un délai d'un an.
L'arrivée de la nouvelle Honda Jazz permettra probablement, en réduisant dans une large mesure la baisse des ventes en Espagne.
En fait, les personnes chargées de la marque s'attendent à arriver à la fin de l'année avec un total de 22 000 unités vendues, c'est-à-dire 4.000 unités moins qu'en 2007, avec une diminution de 16 %.
Malgré l'augmentation des ventes, Honda a également augmenté sa part de marché en Espagne, atteignant 1,8 % par rapport à l'année dernière 1,6 %.
Parallèlement, l'entreprise japonaise s'attend à atteindre 2 % en 2010.
Pour atteindre cela, Honda est convaincue d'un autre nouveau modèle.
C'est Insight, une voiture compacte hybride à cinq portes, de 4,37 mètres de longueur. L'entreprise japonaise espère vendre environ 200 000 unités de ce modèle dans le monde entier, dans un délai d'un an.
Selon les estimations des marchés et des fabricants japonais, la 50 % de la vente d'Insight viendra des États-Unis, tandis que les 50 % restants seront de l'Ancien continent et du Japon.
Le lancement commercial d'Insight est prévu pour le début de l'année prochaine, peu après la présentation du modèle à l'intérieur de l'entreprise en janvier à Valenza.
Comparé à la première génération, le nouveau Jazz a augmenté dans toute sa totalité.
Il atteint maintenant 3,90 mètres de longueur (cinq centimètres de plus), 1,69 mètres de largeur (deux centimètres de plus) et son interaxle 2,50 mètres, avec une augmentation de cinq centimètres.
Sa hauteur de 1,52 mètres, toujours, reste inchangée.
Avec la taille, son intérieur habitable a augmenté dans l'espace.
Cet avantage tient, d'abord à partir de la nouvelle plateforme, et d'abord à partir de l'introduction du réservoir de carburant dans un emplacement central, une solution déjà adoptée dans le Jazz précédent.
En outre, la capacité du tronc - un double volume de fond - augmente à 399 litres, une capacité de 19 litres plus grande en ce qui concerne la première génération.
À noter, c'est les mesures de Honda Jazz 1.4, tandis que la capacité du tronc du modèle 1.2 n'est que de 379 litres.
D'autres améliorations - en plus d'éléments externes, telles que l'arrière-levée ou la possibilité de monter le verre panoramique - concernent l'amélioration de l'accès aux sièges en arrière.
Les portes qui permettent l'accès aux sièges en arrière, ouvrir maintenant avec un angle de 80 degrés, comparé à 67 degrés dans le premier modèle.
En outre, tous les moteurs sont assez nouveaux dans cette deuxième génération de voitures.
Au moment de la commercialisation, ce petit modèle viendra avec un moteur d'essence de 1,2 ou 1,4 litres.
Les deux systèmes mécaniques incluront la technologie i-VTEC qui permet une consommation de carburant plus faible, produit moins d'émissions de dioxyde de carbone, optimise les raffinements mécaniques et, en même temps, maintene un moteur de torque élevé dans toutes ses phases.
La version de 1,2 litres atteint une puissance de 90 hp à 6000 rpm avec une torque maximale de 114 Nm à 4900 rpm.
La propulsion - qui dans les Jazzs précédents a atteint les 78 hp - a juste besoin de 5,3 litres de carburant et produit environ 125 grammes d'émissions de CO2 équivalentes.
Comparé à la propulsion antérieure, qui dans le modèle de première génération utilisé 83 hp, le nouveau peut profiter de 100 hp.
Le Jazz 1,4 avec 100 hp atteint une combinaison de 5,4 litres de carburant et 128 grammes de CO2 émis.
Un 'bee-car' pour éviter les collisions
Dans le développement des technologies pour la prévention des accidents, Nissan a été inspiré cette fois, par la nature, et surtout par les abeilles.
La compagnie japonaise a créé un robot qui, imitant le vol des abeilles, peut éviter des accidents.
C'est le moteur de robots de voiture bio-mimétique, ou BR23C, la première étape pour les technologies de projet pour la prévention des collisions.
Les ingénieurs du Centre technique avancé du Nissan Motor Co. ont développé ce petit robot en collaboration avec le Centre pour la recherche scientifique et la technologie de l'Université prestigieuse de Tokyo au Japon.
Selon Kazuhiro Doi, directeur général des relations publiques pour la technologie, la recherche et le développement de la gestion des marques, la BR23C est une expansion du Shield de sécurité des quatre zones produites par Nissan.
Ce robot vise à améliorer la capacité de prévenir les collisions dans les véhicules produits par l'entreprise.
Pendant le vol, chaque abeille crée son propre espace personnel oval qui est très similaire au Shield of Security développé par Nissan.
Mais l'élément le plus important est constitué par les yeux composés de l'abeille, qui peuvent voir dans toutes les directions avec un angle supplémentaire de 300 degrés, permettant à l'insecte de voler sans interruption dans son espace personnel.
Pour recréer ces caractéristiques visuelles, les ingénieurs ont développé ce qu'ils définissent un laser locator (Laser Range Finder).
Ce mécanisme détecte les obstacles à moins de 2 mètres et un rayon jusqu'à 180 degrés devant la BR23C, calcule la distance vers l'objet et envoie un signal au microprocéseur à bord qui permet immédiatement de prévenir la collision.
"Quand détecte un obstacle, le petit robot imite les mouvements de l'abeille et change immédiatement la direction en tournant les roues à un angle droit ou plus large pour éviter la collision.
La différence la plus évidente avec tout système existant est son action évasive qui résulte d'être totalement instinctive.
« S'il n'était pas ainsi, le robot ne serait pas capable de réagir suffisamment rapidement pour éviter les obstacles » explique Toshiyuki Andoh, directeur du Laboratoire de Mobilité et ingénieur en chef de ce projet.
Contrairement à une abeille, le robot ne peut pas détourner vers le haut ou vers le bas, ou même diagonal. Il ne peut se déplacer que dans deux dimensions et dans la direction ses roues peuvent se tourner vers. Évidemment, il ne peut pas courir des directions infinies et des façons comme les abeilles.
Pour cette raison, Nissan a utilisé une fonction de rotation en plus des fonctions d'accélération et de décélération, pour permettre au petit robot d'éviter les collisions.
« Cet appareil n'a besoin que de traiter de nouvelles informations chaque quelques secondes, et d'agir à partir de ces données.
Il n'exige pas d'entreposer aucune information ou d'utiliser la logique intuitive des manœuvres préalables. Pour cette raison, il peut aller sans interruption fournie seulement par quelques dizaines de KB de mémoire.
Cela peut surprendre, mais nous ne parlons pas de gigabytes ou de mémoire. »
C'est le premier pas vers le développement de nouvelles technologies pour la prévention des collisions, une technologie Nissan espère être introduite dans les voitures comme caractéristique standard dans un délai de dix ans.
Le robot utilise des batteries lithium-polymer, plus légères et plus durables que la typologie lithium-ion.
Une application supplémentaire dans un avenir potentiel pourrait être l'intégration de cette technologie avec le navigateur satellite GPS pour amener le conducteur à une destination spécifique, évitant les obstacles sur le chemin.
Désormais avant de demander un prêt
Nous devons reconnaître que le ministère du Trésor des États-Unis, qui possède des capitales assez bonnes pour agir, ne manque certainement pas de talent.
Devoir faire face à la crise et empêcher les Américains de se tromper avec des prêts de déchets par les banques sous des doutes d'insolvabilité, a créé un jeu amusant et éducatif pour les utilisateurs d'Internet. Voici "Bad Credit Hotel".
En d'autres termes, l'hôtel des mauvais crédits... ou des problèmes.
L'aspect foncé de cet hôtel et, en particulier, de ses réceptionnaires vise à pousser les gens à penser non seulement une fois, mais même deux fois ou trois fois avant de demander un prêt.
Et surtout, penser assez soigneusement sur la demande. C'est probablement l'objectif principal du jeu.
Certes, ce système fournit plusieurs informations utiles, mais offre plutôt quelques détails.
C'est beaucoup plus une page web pour les adolescents qu'un site pour le grand public.
Que se passe-t-il si vous terminez le jeu ?
Un rêve apparaît à l'intérieur de l'hôtel.
C'est encore quelque chose, parce qu'il s'agit d'acheter une maison... mieux pour la quitter.
Morgan Stanley a ouvert sa capitale à MUFG
Morgan Stanley a annoncé son entrée à la ronde de table de Mitsubishi UFJ Financial Group (MUFG), la première banque du Japon, qui dépensera neuf milliards de dollars pour obtenir 21 % de son capital, nouvelles reçues par une forte baisse des prix de part.
Une semaine après avoir développé un accord provisoire, les deux banques ont expliqué que le MUFG achèterait 9,9 % des actions de Morgan Stanley à un prix de 25,25 dollars, totalisant trois milliards de dollars.
Le prix de vente est inférieur à 19 % de la valeur des titres le 31 août.
Le MUFG investira six milliards de dollars supplémentaires dans l'acquisition de titres convertibles fournissant un rendement garanti de 10 % et avec un prix de conversion de 31,25 dollars.
Morgan Stanley a affirmé que l'opération globale serait fondée sur un prix unitaire moyen de 29 dollars, soit 28 % au-dessus de son prix actuel.
Cependant, les actions de Morgan Stanley ont perdu 6,79% à 23,07 dollars environ 17:00 GMT.
« Cette alliance stratégique constitue une occasion importante pour accélérer la transition de Morgan Stanley au statut de la banque de détention », a déclaré John Mack, le Directeur général du groupe américain.
Morgan Stanley a adopté ce nouveau statut la semaine dernière, qui devrait lui permettre de diversifier ses activités mais il doit passer par l'autorité de la Réserve fédérale.
Son alliance avec MUFG confirme également que la crise financière actuelle oblige les plus grands noms de Wall Street à adopter une attitude beaucoup plus prudente que avant.
Les modalités présentées lundi montrent que l'accord a été modifié ces derniers jours : le lundi précédent, Morgan vient d'annoncer qu'il vendrait jusqu'à 20 % de ses actions aux Japonais pour environ 8,5 milliards de dollars.
« Il y a une semaine, explique Toshihide Mizuno, directeur exécutif du MUFG à Tokyo », nous avons pensé que la participation serait entièrement composée d'actions ordinaires.
Mais compte tenu de l'état actuel de l'économie et du marché, nous espérons minimiser les risques et protéger nos dos."
Sur la base du prix moyen pondéré MUFG sera payé pour ses titres Morgan Stanley 7% sous leur valeur de livre.
Et la transaction entraînera une dilution d'environ 20 % de revenus par action.
L'accord prévoit que MUFG peut convertir chaque année la moitié de ses titres préférés en actions ordinaires si elles ont négocié plus de 50 % au-dessus du prix de conversion, soit environ 47 $ pour une période donnée.
Morgan Stanley garantit que le capital fourni par MUFG lui permettra de saisir les possibilités d'investissement, de renforcer son bilan et d'accroître sa liquidité.
un porte-parole du groupe a cependant refusé de donner des détails sur les projets stratégiques des deux nouveaux alliés.
Après l'investissement du MUFG, Morgan Stanley prévoie un rapport de capital Tier Un d'environ 15%, l'un des meilleurs dans l'industrie.
Morgan a déclaré avoir « significativement » réduit son bilan depuis la fin d'août.
Les dernières semaines ont été difficiles pour le groupe, qui a vu la moitié de ses prix de part s'écarter tandis que les coûts d'assurance contre le risque de défaillance sur sa dette s'écoulent.
Ce coût s'est réduit le lundi mais est resté à un nouveau niveau élevé, à environ 12 %.
La semaine dernière, Goldman Sachs, la seule autre grande banque d'investissement survivant sur Wall Street après la faillite de Bear Stearns et Lehman Brothers et Merrill Lynch, a annoncé qu'elle avait augmenté 15 milliards de dollars, en partie de Berkshire Hathaway, le groupe de Warren Buffett.
Rafael Correa à Quito le lundi.
Reconstruire autour de la République du socialisme du XXIe siècle.
C'est le projet conjoint du Vénézuel Hugo Chávez, Evo Morales de Bolivie et de l'équateur Rafael Correa.
Ce dimanche, comme ses homologues et ses amis, il est le troisième à voter un projet de nouvelle constitution.
La mission a accompli depuis 64 % des électeurs a voté « oui » au référendum, selon les résultats officiels basés sur 80 % des votes.
Sur la base de ces résultats, le "non" a obtenu 28%, 7% des votes n'étaient pas valides, et 0,7% étaient des votes vides.
Pour que le projet de Constitution soit adopté, il devrait obtenir la moitié des votes plus un.
Dimanche, deux sondages menés en dehors des bureaux de scrutin et une organisation non gouvernementale ont annoncé une grande victoire pour les « oui » de l'intervalle entre 63 % et 70 %.
Rafael Correa avait réclamé pendant la nuit du dimanche au lundi la victoire de son projet de constitution.
La "Constitution a triomflé si écrasantement", il a assuré, félicitant les équatoriens du siège du gouvernement à Guayaquil, à 280 km au sud-ouest de Quito.
Évidemment, Rafael Correa a été félicité par Chávez et Morales mais aussi par son homologue chilien Michelle Bachelet.
Le sondage, qui a été mené pacifiquement sous l'examen de l'Organisation des États américains (OEA), couvert par son texte 444 points qui consolident le « nouveau socialisme » préconisé par le président.
Le projet de constitution consacre le pouvoir de l'État sur l'économie, en lui réservant la « planification du développement » d'un pays vivant principalement de l'extraction du pétrole par les entreprises étrangères et l'argent étranger qu'elles envoient à leurs émigrants.
Le projet, élu par Correa en 2006, donne également des plus grands pouvoirs au Chef d ' État, qui peut atteindre deux mandats consécutifs de quatre ans et sera en mesure de dissoudre l ' Assemblée.
Correa a déjà annoncé qu'il utiliserait ce pouvoir pour demander un nouveau mandat en février 2009.
La Constitution consolide également le principe des services de santé et de l ' éducation gratuites que le président a commencé à établir dans ce pays de 13,9 millions d ' habitants, où 50 % de la population vivent au-dessous du seuil de pauvreté.
Elle prévoit également l'interdiction de la présence de troupes étrangères, qui mettra fin à l'accord entre Quito et Washington pour l'utilisation de l'Équateur comme base de lancement pour les opérations antidrogues américaines.
Les 19 otages ont été libérés au Tchad
Un commando égyptien a lancé un agression contre les séquestrateurs des onze touristes et leurs huit escortes capturées il y a dix jours.
Ils sont au Caire.
Les onze touristes européens et leurs huit escortes égyptiennes tenues en captivité pendant dix jours dans le désert ont été retournés le lundi après-midi sans harcèlement à la capitale égyptienne.
Le matin, ils ont été libérés par un commando égyptien au Tchad.
Apparemment adaptés, les otages sont arrivés vers 1530 heures à bord d'un avion spécial à la base militaire d'Al-Maza, attaché à l'aéroport international du Caire.
Ils ont été immédiatement transférés, sans pouvoir parler à la presse, par l'hélicoptère à l'hôpital de Maadi, une banlieue résidentielle du Caire, pour subir des examens.
Ils sont en "bonne santé", et "pas de rançons" aux capteurs", a déclaré le ministre égyptien du Tourisme, Zoheir Garanna, sur le tarmac.
Capturé le 19 septembre lors d'un safari dans un 4x4 au pied du mont Ouanat aux frontières avec l'Égypte, le Soudan et la Libye, ce groupe d'otages avait été jeté autour d'un couvert à l'autre par 35 séquestrateurs inconnus.
Il comprend 11 touristes - cinq italiens, cinq allemands et un roumain - et aussi huit égyptiens : deux guides, quatre pilotes, une garde frontalière et le directeur de l'agence Aegyptous, organisateur du safari.
Un officier de sécurité égyptien a dit que 30 membres des forces spéciales, transportés à bord de deux hélicoptères, avaient lancé l'assaut pendant la nuit juste avant l'aube.
« Un échange d'incendies a été achevé, et la moitié des enlèveurs ont été tués, l'autre moitié a fui », a déclaré le fonctionnaire qui a demandé l'anonimité.
Il a dit que 150 membres des forces spéciales égyptiennes ont été envoyés au Soudan dans son ensemble, où ils ont reçu le soutien des commandos allemands et italiens.
Le chef du corps diplomatique italien Franco Frattini à Belgrade où il est actuellement, a mentionné le rôle joué par les agents secrets italiens et les éléments des forces spéciales.
« Nous devons reconnaître que nous avons obtenu ce résultat grâce au professionnalisme et à l'efficacité de nos hommes des services secrets, des forces spéciales », a-t-il déclaré, sans plus de détails.
Il a aussi refusé de payer une rançon.
L ' heure précédente, l ' armée soudanaise avait affirmé avoir intercepté un véhicule de patrouille 4x4 dont les capteurs, tuant six, y compris la tête tchadienne, et arrêtant deux.
L'armée a affirmé qu'ils étaient liés à un groupe rebelle au Darfour, le Mouvement-Unité de libération du Soudan (SLA-U), quelque chose que ce mouvement a immédiatement refusé.
Lettres - La majorité silencieuse de la culture
Un débat sur le financement de la culture a fait les titres et a appuyé cette campagne électorale.
Bien.
Mais un secteur de notre vie culturelle reste toujours oublié.
Qui sera-t-il venu dénoncer la misère qui est accordée aux petits musées, archives, sites historiques archéologiques ou nationaux qui sont faim de financement?
Quel politique ose rappeler au gouvernement fédéral qu'il néglige ses monuments et ses bâtiments patrimoniaux?
Au Québec, au Canada, nous n'avons pas de lois réelles qui préservent efficacement notre patrimoine?
Savez-vous que le gouvernement français consacre trois millions et demi d'Euro juste pour la restauration du château de Chinon dans la vallée de la Loire?
Nos voisins américains ont écrit dans la Constitution de leur pays que la protection du patrimoine fait partie de la culture américaine et que ce patrimoine doit être protégé par tous les citoyens, tous les élus et tous les ministères gouvernementaux, et cela, en coopération.
Au Québec, la Fédération des sociétés de l'histoire du Québec, au moins 40 000 bénévoles regroupés dans 211 agences pour l'histoire, le patrimoine, les archives et la généalogie s'intéressent à la recherche de l'histoire, à la préservation, à peu de fonds, à des piles d'archives privés et à la conservation des restes archéologiques.
Ils sont souvent les goûts de notre patrimoine, qui protestent avec l'énergie du désespoir lorsque les développeurs et les constructeurs lancent leurs bulldozers contre nos anciens bâtiments et nos cimetières oubliés.
Quand sera-t-il un forum pour l'histoire et le patrimoine?
Fortis Bank partiellement nationalisé par les gouvernements du Benelux
Les États de Benelux aident Fortis, la banque belge-neerlandaise - qui est le premier institut financier européen en difficulté en raison de l'effet de suivi de la crise des prêts américains - par un achat d'État partiel. Les trois pays ont convenu d'injecter 11,2 milliards d'euros dans la société bancaire et d'assurance ayant des intérêts hongrois.
À la fin de cette semaine, les gouvernements belges, luxembourgeois et néerlandais ont consulté cette question au plus haut niveau, impliquant le président de la Banque centrale européenne et le commissaire à la concurrence de la Commission européenne.
Dans la zone euro, Fortis est la première banque touchée par la crise financière internationale qui se rapproche des vagues dans les 12 derniers mois. Ainsi, d'un certain point de vue, les décisions prises peuvent être considérées comme précédentes.
En vertu de la décision prise le dimanche soir, chaque gouvernement prendra un rôle de 49 % dans les banques de Fortis dans leurs pays respectifs.
La banque vendra certainement une partie de ses actions, en particulier les activités d'assurance, qu'elle achètera de l'ABN Amro néerlandais l'année dernière.
Les actions de Fortis ont commencé à plonger profondément la semaine dernière, puis dans la deuxième partie de la semaine des signes d'une crise grave apparaît à l'entreprise.
Les analystes conviennent que la banque - avec ses 85 000 employés - est trop grande pour être autorisée à faire faillite.
Les actions de la banque ont diminué de 12 % le vendredi, ce qui est le niveau le plus faible de 14 ans.
La valeur des actions a été baissée de deux tiers depuis janvier.
Considérant les prix actuels des stocks, la valeur totale du capital de marché du groupe est d'environ 14 milliards d'euros. Cependant, les directeurs de l'entreprise disent que ceci ne reflète pas la réalité.
La direction blame les incertitudes à l'étranger - qui sont liées à l'acceptation du paquet américain de 700 milliards USD - pour la chute des actions de Fortis.
Les stocks ont montré une légère hausse le lundi.
Filip Dierckx a été nommé le vendredi le nouveau directeur général de la banque.
L ' institut financier demande également des acheteurs privés, mais aucune offre de fond n ' a été faite jusqu ' à présent.
Le gouvernement belge a déclaré plus tôt que les investisseurs n'avaient aucune raison de s'inquiéter, ils ne perdraient pas leur argent.
Aucune panique n'a émergé jusqu'à présent parmi les clients de la banque; aucune course bancaire n'a eu lieu.
Fortis a un établissement bancaire propre en Hongrie et a également acheté des sociétés de laising.
Fox dans l'hénhouse
Les entreprises américaines d'assurance-vie et de santé refusent souvent de vendre des assurances à certains citoyens, en raison de leurs données d'achat de drogues.
Les experts en matière de protection des données ont peur que le marché des données devienne incontrolable.
« Il existe un programme de protection des données qui exige la permission de la personne concernée pour utiliser les données de prescription sur les médicaments.
Il devrait être indépendant, sinon le renard veillera à l'hén-house", The Washington Post cite Richard Dick, développeur du programme applicable pour le suivi des prescriptions sur les médicaments.
Les compagnies d'assurance décident sur la taxe d'assurance et le montant à payer en cas de dommages selon la condition de santé du client candidat, et s'ils le considèrent trop risqueux, ils ne fournissent pas d'assurance.
Les clients appliqués avaient été envoyés pour effectuer un examen médical, et le contrat n'a été conclu à la lumière que des résultats d'examen.
Dick a développé une méthode beaucoup plus coûteuse il y a dix ans : sur la base du numéro d'identification du client le type de médicaments achetés par le client au cours des 18 derniers mois peut être facilement détecté, de sorte que le programme peut tirer les conséquences par ses propres concernant les maladies que le demandeur souffre ainsi que leur état de santé.
Par exemple, le cas d'acheter régulièrement des doses grosses de médicaments réduisant du cholestérol se réfère pratiquement au fait que le client a un niveau de graisse sanguine inégalablement élevé, en raison de laquelle cette personne serait immédiatement mise à une catégorie de risque plus élevé.
Le programme possède diverses versions dans le commerce, dont certains définissent même le facteur de risque, ce qui n'a donc rien d'autre à faire que les papiers, bien que de plus petites difficultés surviennent.
Un des inconvénients est le fait que certains médicaments peuvent être utilisés à plusieurs fins, par exemple une formule médicale consiste à traiter la migraine, les ondes de chaleur ou même la dépression.
Ce dernier est un facteur significatif d'accroissement des risques selon l'avis des assureurs des entreprises, tandis que les autres deux ne sont pas.
Il existe des entreprises spécifiques qui traitent de l'obtention et du traitement des données, et elles demandent l'autorisation du patient avant d'acquérir les informations nécessaires des pharmacies.
Ils sont déjà tenus de le faire, bien que leurs précédents échecs n'ont pas été pénalisés.
Certaines entreprises traitent même les résultats des examens de laboratoire et connectent ceux à la consommation de médicaments, ce qui peut fournir des informations plus précises sur la santé des patients.
De plus en plus, les entreprises ont accès aux données et, parallèlement, le contrôle de leur utilisation devient de plus en plus difficile.
Il existe un acte spécifique sur la protection des données sur les soins de santé, mais son champ d'application ne comprend que les prestataires de soins de santé et les compagnies d'assurance.
Le projet de loi sur la fourniture d'un pouvoir d'inspection aux autorités sur les sociétés qui traitent de la disposition des données a été soumis au Congrès.
Dick Richard se rend compte qu'il n'est pas suffisant : c'est pourquoi il a développé son programme, ce qui restreint maintenant le transfert de données en ce qui concerne l'exigence d'un consentement exprimé de la personne concernée.
Il s'agit toutefois d'une autre question que le demandeur ne peut vraiment refuser le consentement, autrement que les compagnies d'assurance ne concluront pas un contrat avec eux.
Donc, les gallines, à un certain degré, continueront à dépendre de la bénévolence du renard.
Menu mondial de Marseille
Union européenne et Inde Doubles Commerce
Comme l'Union européenne et l'Inde sont des principaux partenaires commerciaux entre eux, l'ordre du jour du neuvième sommet a également été dominé par cette question en plus des autres problèmes, principalement mondiaux.
Aujourd'hui, un Sommet de la France-Inde se tiendra aussi particulièrement sur la coopération de l'énergie nucléaire.
Bien que l'Union européenne reconnaisse que l'Inde est une puissance mondiale démocratique émergente, qui devrait être accordée plus de choses dans les affaires internationales, les États membres n'ont pas pu venir à un accord encore s'il convient d'appuyer l'adhésion permanente de New Delhi au Conseil de sécurité des Nations Unies ou non.
Ainsi, cette question n'a pas été forcée au neuvième sommet, organisée hier à Marseille.
Le président français Nicolas Sarkozy en tant que président rotatif de l'Union, le président du comité José Manuel Barroso et le chef de la politique étrangère Javier Solana se sont félicités du premier ministre indien Manmohan Singh et ont accepté de doubler, c'est-à-dire l'augmentation de plus de 100 milliards d'euros, le flux commercial en 5 ans.
Depuis l'échange de biens élevés de 25 à 55 milliards entre 2000 et 2007, ce n'est pas un objectif trop ambitieux.
Par conséquent, 26 conventions d ' aviation civile bilatérale existantes avec l ' Inde ont été harmonisées légalement, ce qui signifie que le trafic aérien peut aller à l ' avenir.
L'Inde vise à signer l'accord de libre-échange avec l'Union jusqu'à la fin de 2009.
Sarkozy a promis d'accélérer l'harmonisation.
L'objectif est de trouver l'équilibre alors que l'Inde est le premier partenaire commercial de l'UE, en même temps New Delhi n'a que la neuvième place de la liste des partenaires de l'UE.
Le sommet s ' est concentré sur les questions mondiales :
En ce qui concerne la situation en Afghanistan et au Pakistan, ainsi que le terrorisme, ce dernier a été condamné sous toutes les formes par les deux parties et convoqué la Conférence des Nations Unies.
L'achèvement du cycle de commerce de Doha a également été accéléré, bien que les deux parties soient responsables du fiasco jusqu'à présent.
L'UE a confirmé de maintenir son programme énergétique et climatique, ce qui signifie avoir l'intention de réduire les émissions de polluants atmosphériques d'au moins 20 % jusqu'en 2020.
L'Inde a accepté ainsi que l'objectif d'atteindre un accord mondial lors de la conférence sur le climat qui est dû à l'année prochaine et de réduire les émissions de gaz à effet de serre de 50 % jusqu'en 2050.
Un autre objectif était d ' empêcher la croissance des prix des aliments et d ' appeler une conférence internationale chargée d ' examiner la crise financière a été appuyé.
Le Premier ministre indien va à une réunion bilatérale dans la capitale française aujourd'hui, où il entend parvenir à un accord sur l'utilisation pacifique de l'énergie nucléaire.
Paris s'attend à ce que les entreprises françaises soient octroyées des contrats pour construire des réacteurs nucléaires en Inde dans une valeur de 20 milliards d'euros.
Selon les informations de l'agence d'information, l'accord serait en vigueur pendant 15 ans.
Plus de trois cents éditeurs italiens à Francfort
Une forte présence d'éditeurs italiens à la saison internationale du livre à Francfort.
Plus de trois cents seront les rédacteurs italiens présents au soixantième anniversaire de Buchmesse, l'événement international le plus important pour l'échange de droits d'auteur.
La saison internationale du livre à Francfort attend cette occasion plus de sept mille exposants de 101 pays différents qui occuperont le terrain de 171 790 mètres carré avec plus de 403 mille titres sur affichage, et la Turquie sera l'hôte d'honneur.
Francesco Maria Giro, sous-secrétaire du patrimoine culturel et des activités, représentera le gouvernement italien lors de la cérémonie d'inauguration du pavillon italien : en fait l'Italie sera présente comme institution avec un stand italien – 264 mètres au carré de l'espace d'exposition.
À l'issue de la conférence de presse de la Salle Struktur du Pavillon 5.0 de la Buchmesse : c'est l'occasion où des chiffres, des tendances et une vue sur le statut de l'industrie de l'édition italienne seront présentés.
Selon les données, il y a une importance progressivement diminuante des livres par les auteurs étrangers en production italienne, et en particulier pour les adultes et les enfants.
Trouvé l'avion de Steve Fossett le millionnaire disparaît il y a un an
Le naufrage de l'avion de Steve Fossett, le millionnaire qui a disparu le 3 septembre 2007 en volant sur le désert du Nevada, a été trouvé.
L'étape a été trouvée sur un plateau à 3000 mètres d'altitude, dans la zone Sierra Nevada de Mammoth Lakes, à la frontière entre la Californie et le Nevada.
Cependant, à l'intérieur de l'avion, il n'y avait pas de restes humains.
Le shérif du comté de Madera, John Anderson, a déploré les doutes restants : « L'avion a été situé, nous avons envoyé une équipe, et maintenant nous avons confirmé que c'est celui sur lequel Steve Follett a volé le jour où il a disparu » a déclaré dans une conférence de presse.
Ensuite, le shérif a souligné qu'aucun reste humain n'a été trouvé ni sur l'avion, ni dans la région environnante.
Le millionnaire, âgé de 63 ans, a été renoncé pour des morts en février.
Le Bureau américain de la sécurité des transports (NTSB) a signalé que quelques heures après que l'évacuation a été découpée une équipe d'enquête, qui a ensuite identifié l'aéronef: c'est la Bellanca 8KCAB, qui a disparu depuis le 3 septembre 2007, lorsque Fossett a décolté de Yerington au Nevada pour un vol de trois heures.
Hier, toujours en Californie, pas loin de la frontière avec le Nevada, certains effets personnels appartenant à Fossett ont été trouvés par un couple près de leur maison à Mammoth Lakes.
Ces articles sont deux documents au nom de Fossett, tous deux émis par l'Aviation fédérale de l'Illinois, un certain nombre d'argent et un transpirateur.
La recherche de Fossett a été annulée un mois après qu'il avait disparu.
Le millionnaire s'était rendu un lieu dans l'histoire grâce à une série de dossiers mondiaux.
En 2002, à sa sixième tentative, il est devenu le premier homme à compléter le tour du monde dans un ballon d'air chaud : un vol solaire de deux semaines.
Trois ans plus tard, il a fait le voyage du monde en avion sans atterrissage.
Parmi ses nombreux dossiers, il y a également un vol à 15.445 mètres, au-dessus des Andes, mais avec un co-pilote.
Glk, la publicité qui ne vous attend pas
Un SUV qui est en dehors des normes avec une conception originale définie par des lignes décisives, des surfaces amples et des coins de coupe propres.
En bref, c'est GLK, le plus récent addition aux véhicules "compact" hors route du fabricant étoile, avec lequel Mercedes-Benz a tenté de laisser respirer l'air frais dans ce secteur.
C'est parce que ses caractéristiques sont hors des normes traditionnelles, le message qui accompagne le lancement du SUV GLK sera aussi inattendu et inconventionnel, il sera disponible dans les salles d'affichage Mercedes-Benz à partir du 17 octobre prochain.
La campagne de publicité qui accompagnera le début du nouveau véhicule mettra en place une nouvelle méthode de communication qui comprend aussi une campagne futuriste de panneaux 3D, utilisée pour la première fois en Italie par une marque de voiture.
Un projet de grands panneaus, mis en mouvement en trois phases différentes, qui dominera la rue commerciale la plus centrale milanese, Corso Como, jusqu'au 15 novembre.
La première phase de ce nouveau type de communication commencera par une présentation de la voiture en vision stéréoscopique, et grâce aux lunettes spéciales distribuées dans le quartier de Corso Como il sera possible de voir le nouveau SUV en vraie taille et en format 3D.
En fait, regardant l'image on obtient la sensation que la voiture protruit de l'affiche.
Par la suite, grâce à l'utilisation de la technologie innovante Ellumina 8 tous les détails de la nouvelle GLK seront éclairés à divers moments, puis recomposés comme une seule image.
Sans aucun doute, Mercedes, par l'intermédiaire de cette publicité, essaie d'introduire quelque chose de nouveau dans le domaine conventionnel de la publicité automobile.
Est-ce qu'il réussira avec cette formule pour provoquer l'intérêt des futurs acheteurs? Nous verrons.
Voici qui sont les hooligans italiens
du Tri-Veneto, susceptible d'être interdit de participer aux fixes sportives (Daspo).
Mais qui sont ces 150-200 personnes dont l'Italie est aujourd'hui honteuse? Ils font partie du groupe "Ultras Italia" qui depuis des années soutient l'équipe nationale de football et jusqu'à présent, la vérité est connue, n'a jamais créé de grands problèmes.
Elle n'a pas jamais choqué avec des fans opposés.
L'extraction du groupe est une aile droite.
Les promoteurs sont de Tri-Veneto.
De Verona, Padova, Trieste et Udine.
Ils ont été rejoints par certains petits groupes (en réalité, très peu de membres) de Campagnia et de Puglia.
Ils ont des drapeaux tricolors avec la ville d'origine des militants sur eux: le samedi, ils ont été enlevés pour ne pas les identifier.
Ils prennent leurs idées des fans anglais.
En Bulgarie, ils ont trouvé des partisans qui étaient des vrais nazis, le groupe Levski.
La FIGC avait mis à la disposition des fans italiens 144 billets pour le match : tous personnels, donc facilement vérifiables.
Et le Ministère de l'Intérieur à Viminale les avait effectivement vérifiés tous: parmi ces groupes allant à Sofia aucun n'a été interdit, aucun n'a été interdit de fréquenter un stade.
Quatre partisans italiens, qui avaient des crimes liés au stade antérieur, ont en fait été refusés des billets et ont continué de se dégager.
Maintenant, le Ministère de l'intérieur attend de pouvoir lire les dossiers officiels, qui devraient arriver de la police bulgare avant de prendre des mesures : dans ce cas, il est possible d'interdire au moins cinq ans les partisans qui ont été arrêtés ou ceux qui ont été identifiés pendant les perturbations.
Une interdiction internationale qui interdit non seulement la présence de stades en Italie mais aussi dans toute l'Europe.
Nos hooligans, en bref, n'entreraient pas dans un autre stade.
Heureusement.
Mais maintenant il y a peur d'émulation: c'est que d'autres se joindent à ce peu plus de cent cinquante.
«Nous devons immédiatement éliminer cette conflagration et ne légitimer pas ceux qui se comportent de cette façon », affirmez ceux du Ministère de Viminale.
Donc, « les yeux largement ouverts particulièrement parce qu'il y a l'équipe nationale jouant mercredi à Lecce ».
En Puglia, il y a en fait un petit noyau des supporters d'Ultras Italia.
Demain, l'Observatoire se réunit, le mardi, le CASMS qui peut compter sur une section de l'AISE, c'est-à-dire le service secret, qui traite exactement les problèmes dans les stades.
"Le chor Duce-Duce et le bras étendu pendant l'hymne Mameli ? En Bulgarie, ce n'est pas un crime...".
Ce sont les pensées (exprimées avec une grande déception) de Domenico Mazzilli, qui, il y a quelques semaines, est le directeur de l'Observatoire du Viminale (il a obtenu le poste qui a été détenu initialement par Francesco Tagliente et puis par Felice Ferlizzi).
Auparavant, Mazzilli était chef de l'administration de la police à Trieste où il y a un noyau de partisans d'Ultras Italia, fondé en 2002.
C'est vrai, dit Mazzilli, qu'en Bulgarie, il n'est pas un crime de chanter des hymnes au Duce, mais certainement le comportement de ces 150-200 fans a été désagréable.
"Je ne suis pas un sociologue - ajoute le n.1 de l'Observatoire – le crime doit être imputé dans le pays où l'incident se produit.
Jusqu'à présent, ce groupe est resté dans les lignes, nous verrons ce qui s'est passé et nous l'évaluerons pour une référence future.
Mais parlons-nous aussi de l'éclat à l'hymne Mameli : c'est pas aussi un crime en Bulgarie, mais, si je suis autorisé à dire, ce n'est pas de bonnes façons ...".
