Il trionfo dei populisti di destra in Austria, ha un totale del 29 per cento
Secondo i primi risultati preliminari delle prime elezioni del Parlamento in Austria hanno portato a un impercettibile indebolimento di entrambi i partiti nell'attuale grande coalizione e ad un aumento significativo per i partiti populisti di destra.
Il Partito popolare austriaco (ÖVP), dove la posizione dell'attuale capo, Wilhelm Molter, è stata gravemente aggravata, ha sofferto particolarmente grandi perdite.
Inversamente, il leader della campagna dell'Alleanza per il futuro dell'Austria (BZÖ), il governatore carinthiano Jörg Haider, sta preparando un ritorno trionfante alla politica nazionale.
Secondo i risultati preliminari, il Partito Socialdemocratico (SPÖ) rimane il più forte nel paese con il 29,8 per cento dei voti, tuttavia, ha perso il 5,5 per cento dei voti fin dalle ultime elezioni del 2006.
ÖVP, che con il 25,6% perde quasi il nove per cento dei voti, ha ancora peggiorato.
Questi sono i peggiori risultati di entrambi i grandi partiti della storia austriaca dopo la guerra, in particolare per il Partito popolare, che ha esortato le prime elezioni, è letteralmente un risultato catastrofico.
All'inizio di luglio, quando ÖVP ha lasciato la coalizione, il Partito Popolare ha ancora avuto una importante guida su SPÖ nelle inchieste.
I votatori, tuttavia, sembrano punirli per aver lasciato il governo flounder.
Nelle prime reazioni ai risultati, ci sono già state speculazioni sulle possibili dimissioni del capo del partito e dell'attuale vice-cancellore Wilhelm Molter.
Gli osservatori prevedono che ciò potrebbe avvenire prima della riunione straordinaria della leadership del partito lunedì.
Un tale sviluppo semplificherebbe certamente il viaggio verso il ricorso sempre più probabile dai risultati delle elezioni, ossia il rinnovo della grande coalizione di SPÖ e ÖVP.
Dato il rafforzamento di entrambi i partiti populisti di destra - il Partito della Libertà (FPÖ) ha ottenuto un 18 per cento preliminare e BZÖ undici per cento dei voti - tuttavia, allo stesso tempo, i socialdemocratici hanno espresso paura di una ripetizione dell'anno 1999, quando il Partito popolare ha concordato con i populisti (FPÖ è ancora unito in quel momento, si è rotto dal BZÖ nel 2005) su un governo comune, che ha finalmente provocato sanzioni dall'Unione europea.
Haider, che ha già annunciato che è pronto a lavorare insieme a qualsiasi partito e presume che tornerà a Vienna in politica nazionale, è evidentemente bancario su questo sviluppo.
Il Partito verde è entrato anche nel parlamento, ma ha subito una leggera perdita e è caduto dal terzo al quinto posto tra i partiti politici austriaci.
Evidentemente nessuna delle altre parti ha superato il 4 per cento e è entrata nel parlamento.
Schwarzenberg: Le relazioni con l'India potrebbero peggiorare
Secondo il ministro degli Esteri, Karel Schwarzenberg, se non sarà possibile risolvere il problema degli scienziati cechi incaricati in India con la raccolta illegale di scopi, potrebbe avvenire un certo peggioramento delle relazioni ceco-indiane.
Il ministro ha fatto questa dichiarazione a New York dopo l'incontro di oggi con la sua controparte indiana, Pranab Mukherjee.
"Se non si risolve, allora sì, allora si svolgerebbe un certo peggioramento", afferma dopo l'incontro iniziato dal lato ceco.
Dopo i negoziati, Mukherjee ha affermato che era difficile che il ramo esecutivo intervenga in materia giudiziaria.
Nondimeno, ha detto che nel caso di Petr Švácha, che è stato cancellato delle accuse e penalizzato con un'ammenda, il governo centrale può negoziare con il governo locale a Darjeeling, sotto la giurisdizione della quale appartiene la questione.
"Il suo problema potrebbe essere risolto", ha detto il ministro.
Secondo Mukherjee, sarebbe meglio per Emil Kučera, condannato a tre anni di prigione, per ricorso alle autorità superiori.
Egli può quindi chiedere di essere rilasciato sulla cauzione e aspettare il verditto fuori della prigione, ha spiegato.
Schwarzenberg ha confermato che il suo partner aveva detto questo anche durante i negoziati.
"Egli raccomanda di ricorrere ad un tribunale superiore, allora sarebbe possibile perdonarlo", ha detto il capo della diplomazia ceca.
L'unico modo in cui il lato ceco può essere coinvolto in tutta la materia è quello di fornire alle persone condannate "supporto giuridico competente", ha detto il ministro indiano.
Allo stesso tempo, ha detto che il lato indiano sta già fornindo loro aiuti di questo tipo.
"È nel nostro interesse più grande mantenere le migliori relazioni con l'India, che hanno una lunga tradizione.
L'Indiano riconosce anche questo", ha detto Schwarzenberg.
Allo stesso tempo, come ha detto all'agenzia della stampa ceca, ha sottolineato di fronte al suo partner che la Repubblica ceca ha posto grande importanza sul problema degli entomologi cechi.
"Consideriamo veramente l'arresto e la carica di questi scienziati cechi come un grave errore", ha dichiarato.
Il ministro ha evitato di rispondere alla domanda di se aveva ricevuto una promessa dal lato indiano per perseguire la questione.
Ha detto semplicemente "Ho già ricevuto alcune promesse".
Battaglia di arbitri cechi per il piano oceanico
Passa verso la mappa della parete elettronica che raffigura l'Australia e le zone del mare circostante.
Tuttavia, non si interessa al continente, ma in un piccolo punto perduto nel blu dell'oceano.
"Questa isola, e con esso il pavimento oceanico che lo circonda, appartiene all'Australia.
Allo stesso tempo, la zona è così grande come il continente stesso", dice l'avvocato italiano Luigi Santosuosso, che appartiene al trentamembro di dipendenti della Divisione delle Nazioni Unite per gli affari oceanici e il diritto del mare.
Il suo capo, il direttore di divisione, l'avvocato ceco Václav Mikulka, segue ciò che dice e aggiunge occasionalmente qualcosa.
Zest e entusiasmo per il lavoro sono dominanti qui.
Il pavimento oceanico ospita un mondo così poco conosciuto ricco di risorse naturali.
È possibile trovare olio, minerali, e altri minerali, ma anche così sconosciuti organismi viventi che tengono la chiave, ad esempio, allo sviluppo di una cura per il cancro.
Un piano più grande del continente
I paesi costieri oggi hanno iniziato a competere con vehemenza per il nuovo territorio sottomarino.
Secondo un accordo delle Nazioni Unite utilizzano i diritti sui quali hanno concordato nel 1982 a Montego Bay, in Giamaica.
Questa è principalmente la zona del cosiddetto scaffale continentale, che spesso raggiunge fino a diversi centinaia di chilometri dalla costa del paese dato.
Secondo l'accordo, il paese ha il diritto esclusivo a tutte le risorse del plateau continentale.
"Presa semplicemente, la piastra continentale è considerata la parte del pavimento oceanico che è la continuazione naturale del continente sotto il mare e il suo sottostrato.
Ha raggiunto oltre il bordo del mare costiero, spesso anche oltre il bordo delle duecento miglia nautiche della cosiddetta zona economica esclusiva", spiega Mikulka.
La richiesta che il paese in esame presenta alla Commissione sui limiti del plateau continentale deve essere sostenuta da documentazioni scientifiche e tecniche basate su numerose indagini e misure costose.
È il risultato di molti anni di lavori preparatori.
"Uno dei nostri ruoli è quello di fornire assistenza tecnica legale e specializzata alla commissione.
La commissione ha discusso fino ad ora cinque richieste, provenienti dalla Russia, dal Brasile, dall'Australia, dall'Irlanda e dalla Nuova Zelanda.
Solo gli ultimi tre di quei paesi hanno avuto successo finora", aggiunge Mikulka.
Recentemente il successo dell'Australia, che è stato il primo ad espandere il suo dominio sottomarino, è stato registrato in tutto il mondo.
Ma la Nuova Zelanda ha acquisito anche - la zona del pavimento oceanico che la commissione la ha concessa è di circa 1,6 milioni di chilometri quadrati, ossia circa sei volte più grande della dimensione del paese stesso.
Entrambi i paesi hanno investito milioni di dollari nel sondaggio.
Il profitto che permetterà l'utilizzazione del pavimento oceanico in futuro sarà, spero, inestimabile.
Altri paesi presentano anche gradualmente le loro richieste.
Fino a dieci anni dal momento in cui hanno ratificato l' "accordo sulla baia di Montego" per farlo.
Dove si conclude la piastra continentale, inizia la zona del pavimento oceanico dichiarata dall'accordo come "patrimonio comune dell'umanità".
Qui nessun paese non ha più alcuna posizione esclusiva.
I diritti minerari in questo settore sono concessi attraverso l'accordo istituito dall'istituzione internazionale.
"Ma il pavimento oceanico non è Klondike", il regista Mikulka dice esagerosamente, aggiungendo che le sue "aree individuali sono legalmente chiaramente delimitate e il loro regime è ancorato in contratti".
Cechi nel Pacifico
Parte del pavimento oceanico appartiene attualmente alla Repubblica ceca.
Lo condivide con altri paesi dell'ex Bloc Orientale come parte dell'organizzazione comune "Interoceanmetal".
In accordo, questa organizzazione, come gli investitori di diversi paesi piccoli, ha acquisito nel 1991 lo status di cosiddetto "investitore pioniere".
E 'autorizzato alla mia nella zona ClarionClipperton nell'Oceano Pacifico, che si trova tra il Messico, Hawaii e Kiribati.
La zona investigata dall'investitore è leggermente più grande dell'ex Cecoslovacchia.
Il pavimento oceanico è rugged, è una sorta di modello sottomarino delle montagne Tatra.
"È possibile minare lì su una superficie complessiva di 75.000 chilometri quadrati.
L'area è una località ricca per la raccolta di concrezioni polimetali contenenti nichel, rame, cobalto e manganese", dice un altro avvocato, Pakshi Rajan dall'India.
L'avvocato macedone della divisione, Rober Sandev, porta una tale concrezione per dimostrare.
Sembra una piccola patata o, con un po' di fantasia, il mitico schema, che, secondo la leggenda, ha portato in vita il Golem.
Forze Speciali Tedesche Presente presso il salvataggio
Nel risolvere la crisi degli ostaggi, il governo egiziano aveva chiesto aiuto dalla Germania - che ha inviato negli esperti.
Quando è arrivato il push, le forze speciali erano pronte, ma i loro servizi non erano necessari alla fine.
Più e più dettagli sono il surface sulle circostanze che circondano la liberazione degli undici turisti europei rapiti in Egitto.
Secondo i Ministeri Federali Tedeschi della Difesa e dell'Interno, le forze speciali tedesche hanno partecipato indirettamente alla missione di salvataggio.
Specialisti delle Forze Armate Federali (Bundeswehr) e membri della Polizia Federale Tedesca (Bpol) e delle sue unità speciali GSG 9 e Guardia Aerea erano presenti al salvataggio, parlanti dei ministeri hanno detto lunedì notte, nonché membri dell'Ufficio Federale di Polizia Criminale (BKA) e esperti logistici dell'Agenzia del Soccorso Tecnico (THW).
Tuttavia, le forze tedesche non erano necessarie, perché i captori abbandonavano i loro ostaggi e fuggirono quando si sapevano che gli ostaggi stavano per essere liberati dalla forza.
Il governo egiziano aveva accettato l'aiuto offerto dalla Germania per affidarsi alle forze tedesche come backup durante l'operazione.
"Luckily, non è arrivato a quello", ha detto un portavoce del Ministero Federale Tedesco dell'Interno.
Il gruppo di viaggio composto da cinque tedeschi, cinque italiani, una donna rumena e i loro otto compagni egiziani erano stati asboscati e rapiti il 19 settembre nel sud dell'Egitto.
Dopo il loro rapimento in una regione desertica nel sud dell'Egitto, gli ostaggi erano stati portati indietro nella regione di confine tra Egitto, Libia, Sudan e Ciad.
Finora l'identità dei captori rimane sconosciuta, come fanno i dettagli sul salvataggio o sui possibili riscatti.
Gli ex ostaggi sono arrivati in modo sicuro e suonato al Cairo, nel frattempo.
Il ministro degli affari esteri tedesco Steinmeier ha dichiarato di essere affidato alla cura dell'ambasciata tedesca.
Non ha commentato i dettagli del salvataggio.
A Berlino non sono state fornite informazioni immediate sul loro ritorno in Germania.
Secondo il giornale tedesco `Bild', i cinque turisti e le forze speciali sono a bordo di un Airbus della Forza Aerea tedesca, che si dice che arriva in Germania martedì.
U.S. House of Representants Rejects Bailout
Il pacchetto di pagamento di 700 miliardi di dollari per i mercati finanziari si è limitato a passare nella prima delle due camere del Congresso degli Stati Uniti.
Il Dow Jones ha preso un naso-divo.
Con una votazione da 227 a 206 contro, la Camera dei rappresentanti degli Stati Uniti ha respinto il pacchetto di salvataggio del governo per i mercati finanziari.
Tutti gli appelli del presidente George W. Bush e i principali funzionari di entrambe le parti, non sono stati raggiunti alcuna maggioranza per il programma che doveva contenere il caos sui mercati finanziari.
In una campagna drammatica, i sostenitori avevano tentato disperatamente di convincere i critici dei 700 miliardi di dollari.
Barney Frank, uno dei principali negoziatori democratici, aveva chiesto ai rappresentanti l'approvazione, anche se era un piano impopulare.
"E' difficile ottenere l'approvazione politica per la prevenzione di qualcosa che non è ancora successo", ha concesso.
Mentre la votazione era ancora in corso, il Dow Jones ha visto una goccia di più del sei per cento, o 600 punti.
E' stato causato dalle preoccupazioni degli investitori che il salvataggio del governo potrebbe fallire.
Si è ricoperto poco prima della fine della votazione, solo per prendere un altro naso-divo quando il rifiuto è stato reso pubblico.
Gli esperti si aspettano ora ulteriori pesanti turbolenze sui mercati finanziari internazionali.
Per l'attuazione del piano, è necessaria l'approvazione della Camera dei rappresentanti e del Senato.
Agenzie di viaggio Rapporto Aumento delle prenotazioni
Sarà un buon inverno per le agenzie di viaggio tedesche, evidentemente:
Un sondaggio afferma che il fatturato delle prenotazioni per i prossimi mesi è aumentato notevolmente rispetto all'anno precedente - per la stagione invernale del 30 per cento, persino.
Nonostante le prospettive di un'economia debole, l'appetito dei tedeschi per i viaggiatori rimane insopportato, dice un sondaggio.
Per le prenotazioni durante la stagione invernale, le agenzie di viaggio hanno visto un aumento del fatturato del 31 per cento rispetto allo stesso periodo dell'anno precedente, la German Travel Association (DRV) ha riportato a Berlino il lunedì.
Secondo la società di ricerca di mercato GfK, si è verificato un aumento delle prenotazioni nel corso dei mesi autunni.
Le agenzie di viaggio avevano visto un aumento del fatturato di circa un undici per cento per ottobre contro il 2007, il DRV ha detto.
I risultati si basano sulle cifre di GfK, che processa i dati di prenotazione di 1200 agenzie di viaggio tedesche ogni mese e le utilizza per realizzare proiezioni per il mercato nel suo complesso.
Sono incluse le prenotazioni di viaggio effettuate entro agosto 2008.
A causa di un dollaro debole, soprattutto i viaggi negli Stati Uniti erano in domanda, ha detto il DRV.
In questa zona, le prenotazioni avevano aumentato di circa un terzo, ha detto.
Ciò, a parte, ha sottolineato che la Spagna, la Turchia e la Grecia erano popolari tra tedeschi e regioni domestiche.
I viaggi all-inclusive sono stati particolarmente richiesti, ha detto il presidente Klaus Laepple DRV.
Alla luce dell'aumento dei prezzi energetici e alimentari, il loro costo era "più calcolabile per i clienti rispetto a quello delle vacanze organizzate individualmente", ha detto Laepple.
I consumatori potrebbero risparmiare soldi attraverso sconti precoci o all-inclusive, tra l'altro, ha detto Laepple.
Poiché i mesi estivi erano stati molto ben prenotati, inoltre, ci sarebbe stato un altro aumento del fatturato rispetto all'anno precedente, ha detto - anche se un'altra indagine riporta che il numero di tedeschi viaggianti si è affondato rispetto all'anno precedente.
La mia prima volta al Oktoberfest
Primavera-break- e après-ski-style hits in modalità ripetitiva, birra da un-litro mugs e celebrità nel designer Dirndln.
Un Wiesn Debut.
Tecnicamente, Susanne Kronzucker e io non abbiamo molto in comune.
E' bionda, un host televisivo e indossa una Dirndl su misura.
Ho i capelli scuri, sono uno studente, e il mio vestito è di seconda mano.
Ma c'è una cosa che ci collega: Siamo stati al Wiesn per appena tre minuti, e già i fotografi stanno affollando intorno a noi e snapshooting, riempire le loro carte di memoria - molto appiattito, ed è la mia prima visita al Wiesn, per boot.
E' così che fai amici.
L'improvviso Dirndl sembra fare il suo lavoro.
Per un turista Wiesn di solito basato a nord dell'equatore "Weisswurst", che confortevole sentimento indossando il tradizionale garb bavarese aveva lasciato molto da desiderare fino ad oggi.
Ma una volta arrivato a Theresienwiese, non è così male quanto tutto.
Quasi tutti stanno indossando Dirndl o Lederhosn; nessuno sembra disgustato o imbarazzato - è tutto assolutamente normale.
Solo il mio apron di Dirndl ha tirato strani sguardi al venditore di cioccolato-banana.
Una donna di Monaco mi ha portato all'attenzione che avevo legato l'appron il modo sbagliato: "Disponibile a sinistra, vergine nel mezzo, impegnata a destra, veduta dietro".
Fortemente, tiro il mio portafoglio da dietro a sinistra.
Sembra giusto, dice e ride.
Altri sono meno preoccupati per le tecniche di flirt suttile e indossano semplici cappelli di feltro che dicono "Ubrio ubriaco per essere vestito" e, senza indurre, mostrano le persone dietro le loro nude.
Il giovane con l'atteggiamento espositivo si chiama Bob, è dall'Inghilterra, ed è la sua prima volta anche all'Octoberfest.
Lo trova `gorgeous', con un `ooooooo' lungo stretto.
Mi sta dicendo questo giusto dopo aver rimesso se stesso del 'Maß' che aveva precedentemente.
Proprio a fianco di uno di quei fuochi che tutti sbagliano per le discaricate di rifiuti.
Quindi Bob è uno di quelli infame `Wildbiesler.'
Altri non sono abbastanza fortunati a perdere l'alcol in questa moda.
Andando alle ore 8 della notte, le partite di paramedici stanno assaggiando la posizione, frequentando i poveri bingers.
I medici appaiono sempre in pacchetti - ci sono sempre quattro al tempo, portando un trattino coperto da tenda in tenda.
Funziona come con la maggior parte dei visitatori di Wiesn: quando è vuoto, si dirige fuori, e quando è pieno, ritornano.
Non vedi chi e' dentro le ceracole del BAC.
"E' quello che non può più prendere", uno dei paramedici gridò quando gliel'ho chiesto, scomparendo nella folla.
vittima di incidente nominata dalla polizia
Un pedonale di 63 anni che è morto in ospedale dopo essere stato colpito da un veicolo a Essex è stato nominato.
Carole Paulson, di Chelmsford Road a Brentwood, è stata coinvolta nell'incidente venerdì pomeriggio sulla Shenfield Road in città.
È stata portata all'ospedale di Queen, Romford, ma poi è morta.
Dopo l'incidente un uomo di 51 anni è stato arrestato a sospetto di guida inquieta.
Da allora è stato rilasciato con cauzione della polizia.
L'ampliamento degli orizzonti diplomatici della Turchia
Molto prima che la Turchia cercasse di aderire all'Unione europea, le potenze europee erano ansiose di penetrare in profondità nell'entroterra della Turchia.
Sul lato orientale del Bòsforo, forse solo 20 passi in Asia, si trova una delle migliori reliquie di questa fallita ambizione imperiale.
La stazione ferroviaria di Hydarpasha è stata progettata da due architetti tedeschi Otto Ritter e Helmut Conu nello stile neo-renaissance.
Quello e' almeno quello che ti dicono i direttori.
L'edificio si affaccia all'estremità delle piattaforme con una torre a ciascuno dei suoi angoli frontali che cercano tutto il mondo come alcuni municipio tedesco provinciale.
La pietra è sporca.
Tutto l'edificio è leggermente decadente.
Ma una volta all'interno dell'ufficio dei biglietti avvolti, non c'è dubbio la grandezza dell'impresa di cui questo era il gateway più occidentale.
La stazione è stata inaugurata nell'agosto del 1908 da un consorzio tedesco, l'Anatolia-Baghdad Corporation.
La Germania, un lato arrivato al gioco imperiale, intendeva realizzare le sue ambizioni per dominare il Medio Oriente attraverso questa ferrovia che correva a Damasco, Baghdad, e oltre a ciò che oggi è l'Arabia Saudita.
Ma le ambizioni imperiali della Germania hanno fondato durante la Prima Guerra Mondiale.
Le sue tracce ferroviarie sono state attaccate da Lawrence d'Arabia e dalle sue irregolari arabe.
L'isolamento relativo dalla regione circostante, generato dai confini congelati della guerra fredda, è andato
Le forze britanniche e di dominio avanzarono fuori dall'Egitto e spinsero i turchi e i loro alleati tedeschi fuori dalla Palestina e dalla Siria.
E anche per la stazione di Hyderpasha c'era una cattiva notizia.
Nel 1917 un treno di munizioni ha soffiato distruggendo il suo elaborato tetto.
Le fonti turche dicono che era sabotaggio.
Da allora si è lentamente stampato via, in gran parte impeccato dalla storia.
Ma oggi, questa porta ferroviaria per l'Anatolia e tutti i punti all'est, serve - simbolicamente almeno - per sottolineare l'ampliamento degli orizzonti diplomatici della Turchia.
Il partito governativo della giustizia e dello sviluppo - l'AKP - ha creato una nuova politica estera per il paese.
L'isolamento relativo dalla regione circostante, generato dai confini congelati della guerra fredda, è andato.
Ora c'è una nuova politica di impegno.
Il governo turco ha notevolmente buone relazioni con Israele e Siria, con le fazioni palestinesi di Hamas e Fatah, con l'Iraq e l'Iran e naturalmente con l'Unione europea e gli Stati Uniti.
Per valutare i parametri di questa nuova politica estera, ho imbarcato il sonno notturno alla capitale turca Ankara, per visitare uno dei principali esperti della politica estera dell'AKP, il deputato turco Suat Kiniklioglu.
La prossima mattina - circa dieci ore e mezzo dopo - dopo un giro di gioielli lungo i binari che ha prodotto le vecchie cadenze del famoso documentario The Night Mail, sono arrivato nella capitale turca - ho proposto come una nuova città per un nuovo obiettivo di stato secolare per girare il suo retro sul passato ottomano.
Ma l'AKP con le sue noti radici islamiste rappresenta un cambiamento di paradigma nel consenso turco.
Ha provocato un po' di sospetto in Occidente, soprattutto a Washington.
Un taxi mi ha portato alla sede dell'AKP, una struttura in pietra e in acciaio ultramoderna - costruita a scopo - in un suburbano in via di sviluppo, circondato da centri commerciali a metà costruzione e potenza-patisseri dove i medi manager in costumi commerciali - sia uomini che donne - si sono riuniti per fare offerte di prima mattina.
Suat Kiniklioglu potrebbe essere un politico di centrodestra da quasi qualsiasi altro partito politico in Europa.
Fatto, cravatta, sono sicuro che stava persino confezionando un Blackberry.
"L'obiettivo della politica estera del partito è ora di riintegrare la Turchia nel proprio quartiere immediato.
La guerra fredda era una anomalia", mi ha detto.
La Turchia era stata tagliata dall’entroterra.
Oggi doveva guardare verso est e verso ovest allo stesso tempo.
Non era un caso di uno o l'altro.
Doveva fare entrambi.
"Ma certamente in qualche momento", ho chiesto, "Turchia potrebbe essere costretto a scegliere?"
"Turkey", ha detto, "non voleva affrontare quella scelta".
Ha poi sottolineato un punto che quasi tutti i che ho parlato qui hanno recitato quasi dal rote: i legami della Turchia non solo con il Medio Oriente, ma con il Caucaso, e intorno al Mar Nero, sono tanto al beneficio dell'Europa e degli Stati Uniti quanto con la Turchia.
Con la Turchia a bordo, il messaggio sembra essere, l'Europa nel suo complesso può metaforicamente guidare quelle linee ferroviarie verso est verso Asia e Medio Oriente.
Tornato alla stazione di Hydarpasha, dopo un'altra notte in gran parte senza sonno, ho pensato a quei due signori tedeschi Herr Ritter e Herr Conu che avevano visto che questo edificio era stato costruito 100 anni fa.
Come sarebbe stato sorpreso di scoprire che le ambizioni del Medio Oriente europeo potrebbero, in gran parte, essere nelle mani della Turchia.
E come ho aspettato al terminale per che il traghetto mi riprendesse attraverso il Bosforo, ho ricordato che in quei giorni la Turchia era sempre stata chiamata "l'uomo malato d'Europa".
Almeno, non sembrava essere molto dubbio su quale continente dovrebbe affermare questo affascinante paese.
Lives ricordato: Vernon Handley e William Woodruff
Mark Brown scrive: Come il direttore musicale di Guildford dal 1962, Vernon "Tod" Handley (obituario, 11 settembre) aveva l'accusa dell'Orchestra Filarmonica di Guildford e del Coro.
Come parte del suo schema musicale per il borgo, nel prossimo anno ha fondato il suo meraviglioso coro giovanile, Proteus.
Si doveva essere per sotto-21 anni, ma quando il Proteo ha cantato la sua finale nel 1979, molti di noi sono stati alla fine degli anni venti - ci siamo appena rifiutati di rinunciare al coro.
Il nome "Proteus" (il cambiatore di forme mitologiche) rappresentava la disponibilità e la capacità del coro di affrontare qualsiasi musica è stata presentata, sia madrigale che messiaen, sia non accompagnata o con l'orchestra completa.
La versatilità musicale prodotta da un simile coro giovanile era spesso stupenda, sempre emozionante, ed era tutto dovuto all'ispirazione di quell'uomo e all'entusiasmo per la musica che rimase assolutamente costante durante gli anni.
Quante volte ci hanno detto Tod di "lasciare la musica parlare per sé".
Direbbe: "Il compositore sa cosa vuole.
E' tutto lì nella musica.
Quindi cantatelo!"
La sua tecnica di bastone era assolutamente chiara e precisa, anche se mai dittatoriale, né fiorita.
Qualunque sia lo standard musicale, lo alza sempre più.
John Frayn Turner scrive:
Se un conduttore doveva essere stato cavaliere, era Vernon Handley.
Lo conoscevo bene durante i due decenni che ha condotto la Filarmonica di Guildford dal 1962 al 1982.
Negli ultimi 40 anni ho esaminato più di 100 dei suoi concerti e posso dire onestamente che non sono mai stata delusa da una sola - e molte volte ispirata da loro.
Tod Handley aveva quella rara combinazione di grandezza più la modestia personale.
Egli odiava i conduttori che, nelle sue parole, semplicemente "hawked uno o due cavalli di guerra ben noti in tutto il mondo".
Sarà perso da tanti di noi.
William Woodruff
Il professor John Beckett scrive:
Il suo obituario di William Woodruff (Sett. 25) afferma che "nel 1946 ha ripresa la storia economica a Oxford e nel 1950 è diventato un Houblon-Norman Research Fellow... mentre simultaneamente studiava per un BSc, un MA e un PhD".
Questo segue dalla nota dell'autore di Woodruff in Beyond Nab End, ma non è corretto.
Dal 1946 al 1953 è stato docente di storia economica all'Università di Nottingham, durante il quale ha completato una tesi di dottorato sull'industria gommaria britannica, controllata dal professor J. D. Chambers, e successivamente pubblicata nel 1958 come The British Rubber Industry.
Ha speso nel 1950-51 negli Stati Uniti in una comunione di Houblon-Norman e l'estate del 1952 nelle università di Illinois, Harvard e New York.
Nel 1953 lascia Nottingham permanentemente per Illinois.
Perché Woodruff ha scelto di brillare su questa parte della sua carriera è sconosciuta.
J. Vincent Resino presso la Facoltà di Filologia
"Consiglio la mostra di José Vicente Resino "Flamenco y vida", perché le sue fotografie nere e bianche, prese in stile documentario, sono straordinarie.
Le foto hanno attirato la mia attenzione a causa della loro semplicità e potenza che trasmettono, trattando sempre i soggetti con particolare attenzione.
Un'esposizione che effettua un profondo sentimento.
Resino è in grado di catturare momenti magici."
Secondo assalto per la super-vendita Honda
Il prossimo novembre Honda lancerà la commercializzazione della seconda generazione del modello Jazz.
Se il modello precedente era già caratterizzato da elevata abitabilità, questo nuovo minivan ha uno spazio più ampio all'interno.
Inoltre, è dotato di una meccanica fine che aumenta il comfort di guida e permette di salvare il carburante.
Evoluzione invece della rivoluzione.
Questa è la seconda generazione di Honda Jazz.
Mentre esteticamente il nuovo Jazz sembra il modello precedente, i cambiamenti portati al minivan sono numerosi.
Tra gli altri, vale la pena indicare il suo design innovativo, la nuova piattaforma, la dimensione più grande e la meccanica abbastanza nuova.
Comunque, prima di andare avanti ad analizzare il nuovo modello, può essere utile per sottolineare che questo nuovo Jazz viene solo sei anni dopo l'entrata della prima generazione.
Pertanto, una prima osservazione dovrebbe considerare che Honda ha rinnovato questo modello più rapidamente rispetto alle altre aziende di solito.
Anche se il modello Jazz è meno conosciuto in Europa che in altri mercati, rimane un fenomeno in termini di vendite.
Questo è il caso del Giappone, dove Jazz era la macchina più venduta nel 2002 e anche durante questo 2008.
Proprio lì, quasi un milione di unità di Jazz sono state vendute dal lancio del modello.
Il secondo mercato è stato il Vecchio Continente, con circa mezzo milione di unità vendute in sei anni.
Nonostante questi numeri, Honda crede che questo nuovo Jazz aumenterà ancora più le sue vendite nel segmento.
Quindi, se nel 2007 l'azienda giapponese ha venduto un totale di 83.000 unità di questo modello, nel 2009 si stima che sarà di circa 100.000 auto, che prevede un possibile aumento delle vendite del 17% proprio sul mercato europeo.
Per quanto riguarda il mercato spagnolo, Honda ha venduto un totale di 8.000 unità di Jazz dal 2002, corrispondente al 6,7% del totale delle vendite per l'azienda in Spagna.
Con l'arrivo della nuova generazione, il responsabile dell'azienda in Spagna si aspetta di vendere circa 2.000 unità di Jazz entro un anno.
L'arrivo della nuova Honda Jazz probabilmente renderà possibile, riducendo in larga misura l'abbassamento delle vendite in Spagna.
Infatti, le persone in carica per il marchio si aspettano di arrivare alla fine dell'anno con un totale di 22.000 unità vendute, pari a 4.000 unità meno del 2007, con una diminuzione del 16%.
Nonostante l'aumento delle vendite, Honda ha anche aumentato la sua quota di mercato in Spagna, raggiungendo l'1,8% rispetto all'ultimo anno 1,6%.
Allo stesso tempo, l'azienda giapponese si aspetta di raggiungere il 2% nel 2010.
Per raggiungere questo, Honda è fiducioso in un altro nuovo modello.
Questa è Insight, una vettura ibrida a cinque porte, di lunghezza 4,37 metri. L'azienda giapponese spera di vendere circa 200.000 unità di questo modello in tutto il mondo, entro un anno.
Secondo le stime dei mercati e dei produttori giapponesi, il 50% della vendita di Insight verrà dagli Stati Uniti, mentre il 50% rimanente verrà dal vecchio continente e dal Giappone.
Il lancio commerciale di Insight è previsto per l'inizio dell'anno prossimo, poco dopo la presentazione del modello all'interno dell'azienda a gennaio di Valenza.
Rispetto alla prima generazione, il nuovo Jazz è cresciuto in tutta la sua totalità.
Si raggiunge ora 3,90 metri di lunghezza (cinco centimetri di più), 1,69 metri di larghezza (due centimetri di più) e il suo interaxle 2,50 metri, con un incremento di cinque centimetri.
La sua altezza di 1.52 metri, ancora, è rimasta inalterata.
Insieme alla dimensione, il suo interno abitabile è aumentato nello spazio.
Questo vantaggio deriva, innanzitutto dalla nuova piattaforma, e in secondo luogo dall'introduzione del serbatoio di carburante in una posizione centrale, una soluzione già adottata nel Jazz precedente.
Inoltre, la capacità del tronco - un doppio volume inferiore - aumenta a 399 litri, una capacità di 19 litri più grande rispetto alla prima generazione.
Da notare, queste sono le misure della Honda Jazz 1.4, mentre la capacità del tronco del modello 1.2 è di solo 379 litri.
Altri miglioramenti - oltre ad elementi esterni, come il retro guidato o la possibilità di montare il vetro panoramico - riguardano il miglioramento dell'accesso ai posti posteriori.
Porta che consente l'accesso ai sedili posteriori, aperto ora con un angolo di 80 gradi, rispetto a 67 gradi nel primo modello.
Inoltre, tutti i motori sono abbastanza nuovi in questa seconda generazione di auto.
Al momento della commercializzazione, questo piccolo modello verrà con motori a benzina di 1,2 o 1,4 litri.
Entrambi i sistemi meccanici includono la tecnologia i-VTEC che consente un consumo inferiore di carburante, produce meno emissioni di anidride di carbonio, ottimizza i raffinati meccanici e, contemporaneamente, mantiene motore di torce elevato in tutte le sue fasi.
La versione di 1,2 litri raggiunge una potenza di 90 hp a 6000 rpm con un torque massimo di 114 Nm. a 4900 rpm.
La propulsione - che nel Jazz precedente ha raggiunto i 78 hp - ha solo bisogno di 5,3 litri di carburante e produce circa 125 grammi di emissioni di CO2.
Rispetto alla propulsione precedente, che nel modello di prima generazione utilizzato 83 hp, il nuovo può sfruttare 100 hp.
I 1,4 Jazz con 100 hp raggiungono una combinazione di 5,4 litri di carburante e 128 grammi di CO2.
Un 'abe-car' per evitare collisioni
Nello sviluppo delle tecnologie per la prevenzione degli incidenti, Nissan si è ispirato questa volta, dalla natura, e soprattutto dalle api.
L'azienda giapponese ha creato un robot che, imitando il volo delle api, può evitare incidenti.
Questo è il Bio-mimetic Car Robot Drive, o BR23C, il primo passo per le tecnologie di progetto per la prevenzione delle collisioni.
Gli ingegneri del Centro Tecnico Advanced di Nissan Motor Co. hanno sviluppato questo piccolo robot in collaborazione con il Centro di Ricerca Scientifica e Tecnologia della prestigiosa Università di Tokyo in Giappone.
Secondo Kazuhiro Doi, direttore generale delle relazioni pubbliche per la tecnologia, la ricerca e lo sviluppo della gestione dei marchi, il BR23C è un'espansione dello Scudo di sicurezza delle quattro aree prodotte da Nissan.
Questo robot è destinato a migliorare la capacità di prevenire le collisioni nei veicoli prodotti dalla società.
Durante il volo, ogni abeglia crea il proprio ovale spazio personale che è molto simile allo Scudo di Sicurezza sviluppato da Nissan.
Ma l'elemento più importante è costituito dagli occhi composti dell'abeglia, che possono vedere in tutte le direzioni con un angolo extra di 300 gradi, permettendo all'insetto di volare senza interruzione all'interno del suo spazio personale.
Per ricreare queste caratteristiche visive, gli ingegneri hanno sviluppato ciò che hanno definito un laser locator (Laser Range Finder).
Questo meccanismo rileva ostacoli entro 2 metri e un raggio fino a 180 gradi di fronte al BR23C, calcola la distanza all'oggetto e invia un segnale al microprocessore a bordo che permette immediatamente di prevenire la collisione.
"Quando rileva un ostacolo, il piccolo robot imita i movimenti dell'abeglia e cambia la direzione immediatamente girando le ruote a un angolo destro o più ampio per evitare la collisione.
La differenza più evidente con qualsiasi sistema esistente è la sua azione evasiva che risulta essere totalmente istintiva.
"Se non fosse così, il robot non sarebbe in grado di reagire rapidamente abbastanza per evitare ostacoli" spiega Toshiyuki Andoh, direttore del Laboratorio di Mobilità e capo ingegnere di questo progetto.
A differenza di una abeglia, il robot non può disviarsi verso l'alto o verso l'alto, o anche diagonale. Può spostarsi solo in due dimensioni e in direzione le sue ruote possono girare. Ovviamente, non può correre direzioni infinite e modi come le api.
Per questo motivo, Nissan ha usato una funzione di rotazione oltre alle funzioni di accelerazione e decelerazione, per permettere al piccolo robot di evitare collisioni.
"Questo dispositivo ha solo bisogno di processare nuove informazioni ogni pochi secondi, e di agire da questi dati.
Non richiede conservare alcuna informazione o utilizzare la logica intuitiva delle manovre precedenti. Per questo motivo può andare senza interruzione fornita solo da una decina di KB di memoria.
Questo può sorprendere, ma non parliamo di gigabytes o mega di memoria."
Questo è il primo passo verso lo sviluppo di nuove tecnologie per la prevenzione delle collisioni, una tecnologia Nissan spera di essere introdotta in auto come caratteristica standard entro dieci anni.
Il robot utilizza batterie litio-polimero, più leggere e più duratura della tipologia litio-ion.
Una ulteriore applicazione in un futuro potenziale potrebbe essere l'integrazione di questa tecnologia con il navigatore satellitare GPS per portare il conducente a una destinazione specifica, evitando ostacoli lungo il percorso.
Prima di richiedere un prestito
Dobbiamo riconoscere che il Dipartimento del Tesoro degli Stati Uniti, dotato di capitali abbastanza buoni per agire, certamente non manca di talento.
Dovendo affrontare la crisi e impedire che gli americani siano ingannati con prestiti di scarico da banche sotto dubbi di insolvenza, hanno creato un gioco divertente e educativo per gli utenti di Internet. Questo è "Bad Credit Hotel".
In altre parole, l'Hotel dei brutti crediti... o dei problemi.
L'aspetto scuro di questo hotel e, in particolare, del suo recepcionista mira a spingere le persone a pensare non solo una volta, ma anche due o tre volte prima di richiedere un prestito.
E soprattutto, pensare con attenzione a dove richiederlo. Questo è probabilmente l'obiettivo primario del gioco.
Certamente questo sistema fornisce diverse informazioni utili, ma offre piuttosto pochi dettagli.
E' molto più una pagina web per gli adolescenti di un sito per il pubblico in generale.
Che succede se completate il gioco?
Beh, una sala da sogno appare all'interno dell'hotel.
E' ancora qualcosa, perché per comprare una casa... meglio lasciarla.
Morgan Stanley ha aperto la sua capitale a MUFG
Morgan Stanley ha annunciato la sua entrata al tavolo di Mitsubishi UFJ Financial Group (MUFG), la prima banca del Giappone, che spenderà nove miliardi di dollari per ottenere il 21% della sua capitale, notizia che è stata ricevuta da una forte diminuzione dei prezzi delle quote.
Una settimana dopo aver scoperto un accordo provvisorio, le due banche hanno spiegato che il MUFG acquisterebbe il 9,9% delle quote di Morgan Stanley a un prezzo di 25,25 dollari, per un totale di tre miliardi di dollari.
Il prezzo di vendita è inferiore al 19% del valore dei titoli il 31 agosto.
Il MUFG investirà un supplemento di sei miliardi di dollari nell'acquisizione di titoli convertibili che forniscono un rendimento sicuro del 10% e con un prezzo di conversione di 31,25 dollari.
Morgan Stanley ha affermato che l'operazione globale sarebbe basata su un prezzo unitario medio di 29 dollari, o 28% al di sopra del suo prezzo attuale.
Tuttavia, Morgan Stanley ha perso 6,79% fino a 23,07 dollari intorno alle 17:00 GMT.
"Questa alleanza strategica costituisce un'importante opportunità per accelerare la transizione di Morgan Stanley allo status di rete bancaria", ha detto John Mack, il CEO del gruppo americano.
Morgan Stanley ha adottato questo nuovo status la settimana scorsa, che dovrebbe permettere di diversificare le sue attività, ma deve passare attraverso l'autorità della Riserva Federale.
La sua alleanza con il MUFG conferma inoltre che l'attuale crisi finanziaria ha costretto i più grandi nomi di Wall Street ad adottare un atteggiamento molto più prudente che prima.
Le modalità presentate lunedì mostrano che l'accordo è stato modificato negli ultimi giorni: il lunedì precedente, Morgan aveva appena annunciato che vendesse fino al 20% delle sue azioni ai giapponesi per circa 8,5 miliardi di dollari.
"Una settimana fa, ha spiegato Toshihide Mizuno, direttore esecutivo del MUFG a Tokyo", abbiamo pensato che la partecipazione sarebbe interamente composta di azioni ordinarie.
Ma dato lo stato attuale dell'economia e del mercato, speravamo di minimizzare i rischi e di proteggere le nostre spalle".
Sulla base del prezzo medio ponderato MUFG pagherà per i suoi titoli Morgan Stanley 7% al di sotto del loro valore libro.
E l'operazione comporterà una diluizione di circa il 20% di guadagni per quota.
L'accordo prevede che il MUFG possa convertire annualmente la metà dei suoi titoli preferiti in azioni ordinarie se queste hanno scambiato più del 50% rispetto al prezzo di conversione, circa 47 dollari per un determinato periodo.
Morgan Stanley assicura che il capitale fornito dal MUFG permetterà di sfruttare le opportunità di investimento, rafforzare il suo bilancio e aumentare la liquidità.
un portavoce del gruppo, tuttavia, ha rifiutato di fornire dettagli sui progetti strategici dei due nuovi alleati.
Dopo l'investimento del MUFG, Morgan Stanley prevede un rapporto capitale Tier Uno di circa il 15%, uno dei migliori nell'industria.
Morgan ha detto di avere "significativamente" ridotto il suo bilancio fin dalla fine di agosto.
Le ultime settimane sono state difficili per il gruppo, che ha visto la metà del prezzo delle quote sfuggire mentre i costi di assicurazione contro il rischio di inadempimento del suo debito si sono aggravati.
Questo costo è ridotto il lunedì ma è rimasto a un nuovo livello elevato, circa il 12%.
La settimana scorsa, Goldman Sachs, l'unica altra grande banca d'investimenti sopravvissuta di Wall Street dopo il fallimento di Bear Stearns e Lehman Brothers e Merrill Lynch acquisizione, ha annunciato che aveva sollevato 15 miliardi di dollari, in parte da Berkshire Hathaway, il gruppo di Warren Buffett.
Rafael Correa a Quito lunedì.
Ristrutturazione intorno alla Repubblica del socialismo del XXI secolo.
Questo è il progetto congiunto del venezuelano Hugo Chávez, Evo Morales della Bolivia, e dell'equatore Rafael Correa.
Questa domenica, come le controparti e gli amici, è il terzo per votare un progetto di nuova costituzione.
La missione ha compiuto dal 64% degli elettori ha votato "sì" al referendum, secondo i risultati ufficiali basati sull'80% dei voti.
Sulla base di questi risultati, il "no" ha ottenuto il 28%, il 7% dei voti non è stato valido e il 0,7% sono stati voti vuoti.
Per l'adozione del progetto di Costituzione, dovrebbe ottenere la metà dei voti più uno.
Domenica, due sondaggi condotti al di fuori delle stazioni di inchiesta e una organizzazione non governativa avevano annunciato una grande vittoria per i "sì", della gamma tra il 63% e il 70%.
Rafael Correa aveva reclamato durante la notte da domenica a lunedì la vittoria del suo progetto di costituzione.
La "Constituzione ha trionfato così absolutamente", ha assicurato, lodando gli equatoriani nella sede del governo di Guayaquil, a 280 km a sud-ovest di Quito.
Naturalmente Rafael Correa è stato congratulato da Chavez e Morales, ma anche dalla sua controparte cilena Michelle Bachelet.
L'inchiesta, che è stata condotta pacificamente sotto il controllo dell'Organizzazione degli Stati americani (OEA), è coperta dal suo testo 444 punti che consolidano il "nuovo socialismo" sostenuto dal presidente.
Il progetto di costituzione consacra il potere dello Stato sull'economia, riservandolo il "progetto di sviluppo" di un paese che vive principalmente dall'estrazione del petrolio da parte delle imprese estere e dei soldi stranieri che inviano ai loro emigranti.
Il progetto, eletto nel 2006, offre anche maggiori poteri al Capo di Stato, che può portare fino a due termini consecutivi di quattro anni e sarà in grado di dissolvere l'Assemblea.
Correa ha già annunciato che avrebbe utilizzato tale potere per cercare un nuovo mandato nel febbraio 2009.
La Costituzione consolida anche il principio dei servizi sanitari gratuiti e dell'istruzione che il presidente ha iniziato a stabilire in questo paese di 13,9 milioni di abitanti, dove il 50% della popolazione vive sotto il limite di povertà.
Esso prevede inoltre il divieto della presenza di truppe straniere, che concluderanno l'accordo tra Quito e Washington per l'utilizzo dell'Ecuador come base di lancio per le operazioni antidroghe statunitensi.
I 19 ostaggi sono stati liberati in Ciad
Una squadra di comando egiziana ha lanciato un assalto contro i rapitori degli undici turisti e i loro otto escorti catturati dieci giorni fa.
Sono al Cairo.
Gli undici turisti europei e i loro otto escorti egiziani tenuti in prigione per dieci giorni nel deserto sono stati restituiti il lunedì pomeriggio senza danneggiamento alla capitale egiziana.
La mattina furono liberati da un comando egiziano in Ciad.
A quanto pare, gli ostaggi arrivarono circa 1530 ore a bordo di un aereo speciale alla base militare di Al-Maza, collegato all'aeroporto internazionale del Cairo.
Sono stati subito trasferiti, senza poter parlare alla stampa, via elicottero all'ospedale di Maadi, un borgo residenziale del Cairo, per sottoporsi ad esami.
Sono in "buona salute", e "non è stato pagato" ai captori", ha dichiarato il ministro egiziano per il turismo, Zoheir Garanna, sul tarmaco.
Capturato il 19 settembre durante un safari in un 4x4 ai piedi del monte Ouanat alle frontiere con l'Egitto, il Sudan e la Libia, questo gruppo di ostaggi era stato gettato intorno da un nascondiglio all'altro da 35 rapitori sconosciuti.
Esso comprende 11 turisti - cinque italiani, cinque tedeschi e un rumeno - e anche otto Egiziani: due guide, quattro piloti, una guardia di confine e il direttore dell'agenzia Aegyptous, organizzatore del safari.
Un funzionario di sicurezza egiziano ha detto che 30 membri delle forze speciali, portati a bordo di due elicotteri, avevano lanciato l'assalto durante la notte poco prima dell'alba.
"Un scambio di incendi si è svolto, e la metà dei rapitori furono uccisi, l'altra metà fuggito", ha detto il funzionario che ha chiesto l'anonimato.
Egli ha detto che 150 membri delle forze speciali egiziane "rapid response" unità sono stati inviati in Sudan nel suo complesso, dove hanno ricevuto sostegno dai comandi tedeschi e italiani.
Il capo del corpo diplomatico italiano Franco Frattini a Belgrado dove è attualmente, ha menzionato il ruolo svolto dagli agenti segreti italiani e dagli elementi delle forze speciali.
"Dobbiamo riconoscere che abbiamo raggiunto questo risultato attraverso il professionalismo e l'efficacia dei nostri uomini dai servizi segreti, dalle forze speciali", ha detto, senza ulteriori dettagli.
Egli ha rifiutato anche di pagare un riscatto.
Il giorno prima, l'esercito sudanese aveva affermato di aver intercettato un veicolo pattugliare 4x4 a bordo di cui erano i captori, uccidendo sei, compresa la testa chadiana, e arrestando due.
L'esercito ha affermato che erano legati ad un gruppo ribelle del Darfur, il Movimento di Liberazione del Sudan (SLA-U), qualcosa che questo movimento ha subito negato.
Lettere - La maggioranza silenziosa della cultura
Un dibattito sul finanziamento della cultura ha fatto i titoli e ha innalzato questa campagna elettorale.
Bene.
Ma un settore della nostra vita culturale rimane sempre dimenticato.
Chi verrà avanti per denunciare la miseria che è concessa a piccoli musei, archivi, siti storici archeologici o nazionali che stanno morendo di fame per il finanziamento?
Quale politico osa ricordare al governo federale che sta trascurando i suoi monumenti e gli edifici patrimoniali?
In Quebec, in Canada, non abbiamo leggi reali che preservano efficacemente il nostro patrimonio?
Sapete che il governo francese dedica tre milioni e mezzo di Euro solo per il restauro del castello di Chinon nella valle della Loira?
I nostri vicini americani hanno scritto nella Costituzione del loro paese che la protezione del patrimonio fa parte della cultura americana e che tale patrimonio deve essere protetto da tutti i cittadini, da tutti gli eletti e da tutti i servizi governativi, e questo, in cooperazione.
In Quebec, la Federazione delle Società della storia del Quebec, almeno 40 000 volontari raggruppati in 211 agenzie per la storia, il patrimonio, gli archivi e la genealogia sono interessati alla ricerca della storia, alla conservazione, a pochi fondi, a pile di archivi privati e alla conservazione dei resti archeologici.
Spesso sono gli orologi del nostro patrimonio, che protestano con l'energia della disperazione quando sviluppatori e costruttori lanciano i loro bulldozer contro i nostri vecchi edifici e i nostri cimiteri dimenticati.
Quando ci sarà un forum per la storia e il patrimonio?
Fortis Bank parzialmente nazionalizzata dai governi del Benelux
Gli Stati del Benelux aiutano Fortis, la banca belga-neerlandese - che è il primo istituto finanziario europeo in difficoltà a causa dell'effetto di seguito della crisi dei prestiti americani - da parte di un acquisto di Stato parziale. I tre paesi hanno accettato di iniettare 11,2 miliardi di euro nella società bancaria e assicurativa con interessi ungheresi.
Alla fine di questa settimana, il Belgio, il Lussemburgo e i governi olandesi hanno consultato su questa questione al massimo livello, coinvolgendo il Presidente della Banca centrale europea e il Commissario per la concorrenza della Commissione europea.
Nell'ambito della zona euro, Fortis è la prima banca colpita dalla crisi finanziaria internazionale che si avvicina nelle onde negli ultimi dodici mesi. Così, da un certo punto di vista, le decisioni prese possono essere considerate precedenti.
Secondo la decisione presa la domenica notte, ogni governo prenderà una partecipazione del 49 per cento alle banche Fortis nei rispettivi paesi.
La banca venderà certamente una parte delle sue parti, in particolare le attività di assicurazione, che ha acquistato dall'ABN Amro olandese l'anno scorso.
Fortis ha iniziato a sfondare profondamente la settimana scorsa, poi nella seconda parte della settimana i segni di una grave crisi sono apparsi presso l'azienda.
Gli analisti sono d'accordo che la banca - con i suoi 85 000 dipendenti - è troppo grande per poter andare in fallimento.
Le azioni della banca sono diminuite del 12% venerdì, che è il livello più basso registrato per 14 anni.
Il valore delle azioni è diminuito di due terzi a partire da gennaio.
Considerando i prezzi delle scorte attuali, l'intero capitale di mercato del gruppo è di circa 14 miliardi di euro. Tuttavia, i direttori delle imprese dicono che ciò non riflette la realtà.
La gestione accusa le incertezze all'estero - che sono legate all'accettazione del pacchetto americano di 700 miliardi di dollari - per la caduta delle azioni Fortis.
Le scorte hanno mostrato un lieve aumento lunedì.
Filip Dierckx è stato nominato il nuovo capo esecutivo della banca venerdì.
L'Istituto finanziario cercava anche acquirenti privati, ma non è stata presentata alcuna offerta sostanziale finora.
Il governo belga ha dichiarato innanzitutto che gli investitori non avevano motivo di preoccuparsi, non avrebbero perso i loro soldi.
Non è emerso il panico finora tra i clienti della banca; non si è svolto alcuna corsa bancaria.
Fortis ha un proprio stabilimento bancario in Ungheria e ha acquistato anche le società di leasing.
Fox in The Henhouse
Le compagnie americane di assicurazione per la vita e la salute rifiutano spesso di vendere assicurazioni a alcuni cittadini, a causa dei loro dati di acquisto di droga.
Gli esperti della protezione dei dati hanno paura che il mercato dei dati diventi incontrollabile.
"C'è un programma di protezione dei dati che richiede il permesso della persona interessata al fine di utilizzare i dati di prescrizione sui farmaci.
Dovrebbe essere indipendente, altrimenti la volpe guarderà la gallina", The Washington Post cita Richard Dick, sviluppatore del programma applicabile per il monitoraggio delle prescrizioni sulla droga.
Le società di assicurazione decidono sulla tassa di assicurazione e l'importo da pagare in caso di danni a seconda della condizione sanitaria del cliente applicabile, e se lo considerano troppo rischioso, non forniscono assicurazioni.
I clienti che applicano erano inviati per effettuare un esame medico e il contratto è stato concluso solo in base ai risultati di proiezione.
Dick ha sviluppato un metodo molto più economico dieci anni fa: sulla base del numero di identificazione del cliente il tipo di farmaci acquistati dal cliente negli ultimi 18 mesi può essere facilmente rilevato, così il programma può trarre le conseguenze da parte propria riguardo alle malattie che il richiedente soffri e la loro condizione sanitaria.
Ad esempio, il caso di acquistare regolarmente dosi grandi di farmaci che riducono il colesterolo si riferisce praticamente al fatto che il cliente ha un livello innegabilmente elevato di grasso nel sangue, a seguito della quale questa persona sarebbe immediatamente messa in una categoria di rischio più elevato.
Il programma ha varie versioni nel commercio, alcuni di essi definiscono anche il fattore di rischio, quindi la società assicurativa non ha altro da fare che la documentazione, sebbene siano più piccole le difficoltà.
Uno dei svantaggi è il fatto che alcuni farmaci possono essere utilizzati per diversi scopi, ad esempio alcune formule mediche sono trattare la migraina, le onde di calore o anche la depressione.
Quest'ultimo è un fattore significativo di aumento dei rischi dalla vista degli assicuratori delle imprese, mentre gli altri due non sono.
Ci sono aziende specifiche che trattano di ottenere e trattare i dati, e chiedono il permesso del paziente prima di acquisire le informazioni necessarie dalle farmacie.
Essi sono già obbligati a farlo, anche se i loro precedenti fallimenti non sono stati penalizzati.
Alcune imprese lavorano anche i risultati degli esami di laboratorio e collegano quelle ai dati di consumo di farmaci, in modo da fornire informazioni più precise sulla condizione sanitaria dei pazienti.
Più e più imprese acquisiscono l'accesso ai dati e, in parallelo, il controllo del loro uso diventa sempre più difficile.
Vi è un atto specifico sulla protezione dei dati sanitari, ma il suo campo di applicazione comprende solo i fornitori di assistenza sanitaria e le società assicurative.
Il progetto di legge relativo alla fornitura di potere di ispezione per le autorità sulle società che trattano la fornitura di dati è stato presentato al Congresso.
Dick Richard si rende conto che non basta: è per questo che ha ulteriormente sviluppato il suo programma, che limita ora il trasferimento dei dati per richiedere il consenso espresso della persona interessata.
È un'altra domanda, tuttavia, che il richiedente non può veramente rifiutare il consenso, altrimenti le società di assicurazione non concludono il contratto con loro.
Quindi le galline, in un certo grado, continueranno a dipendere dalla benevolenza della volpe.
Menù Globale di Marsiglia
L'Unione europea e l'India doppia il commercio
Poiché l'Unione europea e l'India sono partner commerciali principali, l'ordine del giorno del nono vertice è stato anche dominato da questa questione oltre ad altri problemi, soprattutto globali.
Oggi si terrà anche un Vertice France-India, in particolare sulla cooperazione dell'energia nucleare.
Anche se l'Unione europea riconosce che l'India è un potere democratico emergente del mondo, che dovrebbe essere concessa più affermato negli affari internazionali, gli Stati membri non sono stati in grado di venire ad un accordo ancora se appoggiare l'adesione permanente di Nuova Delhi al Consiglio di sicurezza delle Nazioni Unite o no.
Così questa questione non è stata costretta durante il nono vertice, organizzato ieri a Marsiglia.
Il presidente francese Nicolas Sarkozy come Presidente Rotating dell'Unione, il presidente del Comitato José Manuel Barroso e il capo della politica estera Javier Solana hanno accolto con favore il primo ministro indiano Manmohan Singh e hanno accettato di doppiare, ossia un aumento di oltre 100 miliardi di euro, il flusso commerciale in 5 anni.
Dal momento che lo scambio di merci è aumentato da 25 miliardi a 55 miliardi tra il 2000 e il 2007, questo non è un obiettivo troppo ambizioso.
Di conseguenza, 26 convenzioni bilaterali esistenti sull'aviazione civile con l'India sono state legalmente armonizzate, il che significa che il traffico aereo può alare in futuro.
L'India mira a firmare l'accordo di libero scambio con l'Unione fino alla fine del 2009.
Sarkozy ha promesso di accelerare l'armonizzazione.
L'obiettivo è quello di trovare l'equilibrio, mentre l'India è partner commerciale numero uno dell'UE, allo stesso tempo New Delhi ha solo il noveno posto sull'elenco dei partner dell'UE.
Il Vertice si è concentrato su questioni globali:
Sulla situazione in Afghanistan e in Pakistan, nonché sul terrorismo, questi ultimi sono stati condannati in ogni forma da entrambe le parti e hanno convocato la Conferenza delle Nazioni Unite.
Anche il completamento di Doha Trade Round è stato accelerato, anche se entrambe le parti sono responsabili del fiasco finora.
L'UE ha confermato di mantenere il suo programma energetico e climatico, il che significa avere l'intenzione di ridurre l'emissione di inquinanti atmosferici di almeno il 20% fino al 2020.
L'India ha concordato con questo e con l'obiettivo di raggiungere un accordo globale nella conferenza climatica che è dovuta l'anno prossimo e di ridurre le emissioni di gas a effetto serra del 50 per cento fino al 2050.
Un altro obiettivo era quello di impedire la crescita dei prezzi alimentari e di chiedere un convegno internazionale per rivedere la crisi finanziaria è stato sostenuto.
Il primo ministro indiano va oggi ad una riunione bilaterale nella capitale francese, dove intende raggiungere un accordo sull'uso pacifico dell'energia nucleare.
Parigi prevede che le imprese francesi vengano aggiudicate contratti per costruire reattori nucleari in India in un valore di 20 miliardi di euro.
Secondo le informazioni dell'agenzia di notizie, l'accordo sarebbe in vigore per 15 anni.
Più di trecento editori italiani a Francoforte
Forte presenza di editori italiani presso la Fiera Internazionale del Libro di Francoforte.
Più di trecento saranno gli editori italiani presenti al sessantesimo anniversario di Buchmesse, l'evento internazionale più importante per lo scambio di diritti d'autore.
La Fiera Internazionale del Libro a Francoforte si aspetta per questa occasione più di settemila espositori provenienti da 101 diversi paesi che occuperanno la Fiera 171 790 metri quadrati di terreno con oltre 403mila titoli in mostra, e la Turchia sarà l'ospite di onore.
Francesco Maria Giro, Sottosegretario per Patrimonio Culturale e Attività Ministero rappresenta il governo italiano alla cerimonia di inaugurazione del Padiglione italiano: infatti l'Italia sarà presente come un'istituzione con un Stand Italiano – 264 metri quadrati di spazio espositivo.
In seguito sarà la conferenza stampa presso la Room Struktur of Pavilion 5.0 della Buchmesse: questa sarà l'occasione in cui verranno presentate le cifre, le tendenze e la visione dello status dell'industria editrice italiana.
Secondo i dati, vi è una progressiva diminuzione dell'importanza dei libri da parte di autori stranieri nella produzione italiana, in particolare per adulti e bambini.
Trovato l'aeroplano di Steve Fossett il milionario scomparso un anno fa
Il naufragio dell'aereo di Steve Fossett, il milionario scomparso il 3 settembre 2007 durante il volo sul deserto del Nevada, è stato trovato.
Il naufragio è stato trovato su un altopiano a 3000 metri d'altitudine, nella zona della Sierra Nevada di Mammoth Lakes, al confine tra la California e il Nevada.
All'interno dell'aereo, però, non c'erano resti umani.
Il Sceriffo di Madera County, John Anderson, ha sganciato qualsiasi dubbio rimanente: "L'aereo è stato situato, abbiamo inviato un team, e ora abbiamo confermato che è quello su cui Steve Follett stava volando il giorno in cui scomparse" ha detto in una conferenza stampa.
In seguito, lo sceriffo ha sottolineato che nessun resto umano è stato trovato sia sull'aereo, sia nell'area circostante.
Il milionario, di 63 anni, è stato rinunciato a morte nel febbraio.
L'American National Transport Safety Bureau (NTSB) ha segnalato che alcune ore dopo che il naufragio è stato inviato un team di investigazione, che ha poi identificato l'aereo: è la Bellanca 8KCAB, scomparsa dal 3 settembre 2007, quando Fossett ha ritirato da Yerington in Nevada per un volo di tre ore.
Ieri, sempre in California, non lontano dal confine con il Nevada, alcuni effetti personali appartenenti a Fossett sono stati trovati da una coppia vicino alla loro casa a Mammoth Lakes.
Le voci sono due documenti a nome di Fossett, entrambi emessi dalla Federal Aviation Administration di Illinois, un po' di cassa e una camisola.
La ricerca di Fossett è stata richiamata un mese dopo che era scomparso.
Il milionario si era guadagnato un posto nella storia grazie a una serie di record mondiali.
Nel 2002, al sesto tentativo, divenne il primo uomo a completare il giro del mondo in un pallone di aria calda: un volo in solitaria di due settimane.
Tre anni dopo ha fatto il giro del viaggio mondiale in aereo senza sbarco.
Tra i suoi molti record, c'è anche il volo a 15.445 metri, sopra le Ande, ma con un co-piloto.
Glk, la pubblicità che non ti aspetta
Un SUV che è al di fuori delle norme con un design originale definito da linee decisive, ampie superfici e angoli puliti.
In breve, questo è GLK, l'ultima aggiunta ai veicoli "compatti" fuori strada dal produttore stellato, con cui Mercedes-Benz ha cercato di lasciare un respiro di aria fresca in questo settore.
Proprio perché le sue caratteristiche sono fuori dalle norme tradizionali, il messaggio che accompagna il lancio della GLK SUV sarà anche inaspettato e non convenzionale, sarà disponibile in Mercedes-Benz showrooms a partire dal prossimo 17 ottobre.
Così la campagna di pubblicità che accompagnerà il debutto del nuovo veicolo metterà a punto un nuovo metodo di comunicazione che include anche una campagna futuristica di cartelle 3D, utilizzate per la prima volta in Italia da un marchio auto.
Un progetto di grandi cartelle, in movimento in tre diverse fasi, che dominaranno la più centrale strada commerciale milanese, Corso Como, fino al 15 novembre.
La prima fase di questo nuovo tipo di comunicazione inizierà con una presentazione della macchina in visione stereoscopica, e grazie a occhiali speciali distribuiti nel quartiere di Corso Como sarà possibile vedere il nuovo SUV in vera dimensione e formato 3D.
Infatti, guardando l'immagine si ottiene la sensazione che l'auto protruisce fuori dal poster.
Successivamente, attraverso l'utilizzo della tecnologia innovativa Ellumina 8 tutti i dettagli del nuovo GLK saranno illuminati in vari tempi, e poi ricomposti come un'unica immagine.
Senza dubbi, Mercedes, attraverso questa pubblicità, sta cercando di introdurre qualcosa di nuovo nel campo convenzionale della pubblicità automobilistica.
Con questa formula riuscirà a provocare l'interesse dei futuri acquirenti?
Ecco chi sono gli hooligan italiani
del Tri-Veneto, che può essere vietato dai fissaggi sportivi (Daspo).
Ma chi sono quelle 150-200 persone di cui l'Italia ora è vergogna? Fano parte del gruppo "Ultras Italia" che da anni ha sostenuto la squadra nazionale di calcio e fino ad ora, la verità è nota, non ha mai creato problemi importanti.
Neppure si è mai scontrato con i fans opposti.
L'estrazione del gruppo è l'ala destra.
I promotori sono di Tri-Veneto.
Da Verona, Padova, Trieste e Udine.
Questi sono stati uniti da alcuni piccoli gruppi (in realtà, molto pochi membri) della Campagnia e della Puglia.
Hanno bandiere tricolori con la città d'origine dei militanti su di loro: sabato, questi sono stati tolti in modo da non poter essere identificati.
Si prendono le loro idee da fan inglesi.
In Bulgaria, trovarono sostenitori che erano veri nazisti, il gruppo Levski.
La FIGC aveva messo a disposizione dei fans italiani 144 biglietti per la partita: tutti personali, quindi facilmente controllabili.
E il Ministero dell'Interno a Viminale aveva infatti controllato tutti: tra quei gruppi che andavano a Sofia nessuno era vietato, nessuno era stato vietato di frequentare uno stadio.
Quattro sostenitori italiani, che avevano precedenti crimini legati allo stadio, erano stati infatti rifiutati i biglietti e non si sono potuti andare.
Ora il Ministero dell'Interno sta aspettando di essere in grado di leggere i documenti ufficiali, che dovrebbero arrivare dalla polizia bulgara prima di prendere misure: in questo caso, è possibile divietare per cinque anni almeno i sostenitori che sono stati arrestati o quelli che sono stati individuati durante i disturbi.
Un divieto internazionale che vieta non solo la partecipazione di stadi in Italia ma anche in tutta l'Europa.
I nostri hooligan, in breve, non sarebbero entrati in un altro stadio.
Fortunatamente.
Ma ora c'è paura dell'emulazione: questo è che gli altri si uniscono a quello poco più di cento cinquanta.
"Dobbiamo immediatamente mettere fuori questa conflagrazione e non legittimare quelli che si comportano in questa moda", affermare quelli del Ministero di Viminale.
Quindi, "gli occhi sono ampi soprattutto da quando c'è il team nazionale giocando mercoledì a Lecce".
In Puglia infatti c'è un piccolo nucleo dei sostenitori di Ultras Italia.
Domani l'Osservatorio si riunisce, martedì il CASMS che può contare su una sezione dell'AISE, cioè il servizio segreto, che gestisce esattamente i problemi dei stadi.
"Il coro Duce-Duce e il braccio si estendono durante l'inno Mameli? In Bulgaria non è un crimine...".
Questi sono i pensieri (espressi con grande delusione) di Domenico Mazzilli, che, a poche settimane fa, è il direttore dell'Osservatorio del Viminale (ha ottenuto il posto che inizialmente era tenuto da Francesco Tagliente e poi da Felice Ferlizzi).
In precedenza, Mazzilli era stato capo dell'amministrazione della polizia a Trieste dove c'è un nucleo di sostenitori di Ultras Italia, fondato nel 2002.
E' vero, dice Mazzilli, che in Bulgaria non è un crimine cantare inni al Duce ma certamente il comportamento di quei 150-200 fan è stato disgraziato.
"Non sono un sociologo - aggiunge il n.1 dell'Osservatorio – il crimine dovrebbe essere impugnato nel paese in cui si verifica l'incidente.
Finora questo gruppo è rimasto all'interno delle linee, ora vedremo ciò che è accaduto in realtà e lo valuteremo per il futuro riferimento.
Ma parliamo anche dell'inno del Mameli: questo non è anche un crimine in Bulgaria, ma, se mi sono permesso di dire, non è buone maniere ...".
