Il trionfo della destra populista in Austria, insieme formano il 29%
Le elezioni anticipate del parlamento austriaco hanno portato, secondo i primi risultati approssimativi, un apprezzabile indebolimento di entrambi i partiti della grande coalizione attuale e un espressivo rafforzamento del partito della destra populista.
Il Partito Popolare Austriaco (OVP) ha subito forti e speciali perdite, dove la posizione dell’attuale presidente Wilhelm Molterer è seriamente vacillata.
Al contrario, il leader dell'Alleanza per il futuro dell'Austria (BZO), il capo del governo dello stato della Carinzia, J<0xC3><0xB6>rg Haider, prepara il suo trionfale ritorno alla politica nazionale.
Secondo i risultati approssimativi, la socialdemocrazia (SP<0xC3><0x96>) rimane il partito più forte del paese con il 29,8% dei voti, perdendo il 5,5 per cento dei voti rispetto alle ultime elezioni del 2006.
Peggio ha ancora finito l’OVP che perde il 25,6%, quasi il 9% dei voti.
Sono i peggiori risultati, letteralmente catastrofici, nella storia di questi due grandi partiti austriaci dal dopoguerra e soprattutto per i popolari che hanno convocato queste elezioni anticipate.
Ancora all’inizio di luglio, quando l’OVP lasciò la coalizione, i popolari avevano un notevole vantaggio in termini di preferenza rispetto all’SPO.
È chiaro, tuttavia, che gli elettori li hanno puniti per aver lasciato il governo naufragare.
Già nelle prime reazioni ai risultati si sono fatte sentire speculazioni sulle dimissioni del presidente del partito e, fino ad oggi, vice cancelliere, Wilhelm Molterer.
Gli osservatori ritengono che già lunedì si potrebbe arrivare a questo nella riunione eccezionale della presidenza del partito.
Tale evoluzione agevolerebbe evidentemente la strada del costante e più vicino punto di partenza dei risultati elettorali, cioè del rinnovamento della grande coalizione tra SPO e OVP.
Visto che il rafforzamento di entrambi i partiti della destra populista - i liberali (FPO) hanno vinto circa il 18 per cento e il BZO, l'undici per cento dei voti - e che i socialdemocratici allo stesso tempo hanno espresso il timore che si ripetesse la stessa parte dell'Unione europea del 1999 quando i popolari hanno negoziato con i populisti (allora FPO era un'unità di governo, ma nel 2005 è stato
Per questa evoluzione scommette chiaramente Haider che ha già annunciato che è pronto a collaborare con qualsiasi partito e che già assume il suo ritorno a Vienna, alla politica nazionale.
Anche il Partito Verde è riuscito a raggiungere il parlamento anche se ha perso leggermente e è sceso dal terzo al quinto posto tra i partiti politici austriaci.
Nessun altro partito ha chiaramente superato il limite del 4% e quindi non fa parte del parlamento.
Schwarzenberg: i rapporti con l'India possono raffreddarsi
Se non si riesce a risolvere il problema degli scienziati cechi che sono stati accusati in India di raccogliere illegalmente scarafaggi, si potrebbe arrivare a un raffreddamento delle relazioni ceco-indiana, secondo il ministro degli Esteri Karel Schwarzenberg.
Lo ha detto il ministro a New York, dopo l’incontro di oggi con il suo omologo indiano, Pranab Mukherjee.
"Se questo non si risolvesse allora sì, allora sì che si arriverà sicuramente a questo raffreddamento", ha constatato dopo la riunione che è stata organizzata su iniziativa ceca.
Mukherjee ha detto, dopo l'incontro, che nelle questioni legali difficilmente può intromettersi l'esecutivo.
Tuttavia, ha dichiarato che nel caso di Petr <0xC5><0xA0>vácha, che è stato esonerato dall'accusa e punito con una multa, il governo può negoziare con il governo locale di Darjiling nella cui giurisdizione ricade la questione.
"Il loro problema potrebbe essere risolto", ha detto il ministro.
Per Emil Ku<0xC4><0x8D>era, condannato a tre anni di carcere, sarebbe meglio, secondo Mukherjee, che facesse appello alle più alte istanze.
Poi può chiedere l’esenzione dalla causa e attendere in libertà la sentenza, ha spiegato.
Schwarzenberg ha confermato che il suo collega si è espresso negli stessi termini durante l'incontro.
"Consiglia di appellarsi all'Alta Corte e poi sarebbe possibile il perdono", ha detto il capo della diplomazia ceca.
L'unico modo in cui la parte ceca può entrare nella questione è quello di ottenere al condannato un "sostegno legale competente", ha dichiarato il ministro indiano.
Inoltre, ha detto che questo tipo di sostegno è già ottenuto dalla parte indiana.
"Abbiamo il massimo interesse a mantenere con l'India le migliori relazioni, che hanno una lunga tradizione.
Anche gli indiani lo riconoscono", ha commentato Schwarzenberg.
D'altra parte, come ha detto la <0xC4><0x8C>TK, ha insistito sul fatto che la Repubblica ceca considera il problema degli entomologi cechi di grande importanza.
"Consideriamo davvero un tremendo errore imprigionare e condannare questi scienziati cechi", ha annunciato.
Il ministro ha eluso la risposta alla domanda se ha ricevuto dalla parte indiana la promessa di occuparsi della questione.
"Ho ricevuto molte promesse", ha solo constatato.
Un ceco arbitra una lotta sul fondo del mare
Mi avvicino a una mappa elettronica della parete, su cui è raffigurata l'Australia circondata dal mare.
Non gli interessa, tuttavia, il continente ma un piccolo punto perso nell'oceano blu.
"L'isola appartiene all'Australia e accanto ad essa anche il fondo marino che la circonda.
La regione è, allo stesso tempo, grande quanto un solo continente”, afferma l’avvocato italiano Luigi Santosuosso, che fa parte del team di trenta membri che lavorano nella Divisione Onu per gli affari del diritto degli oceani e del mare.
Il suo capo, direttore della Divisione, l'avvocato ceco Václav Mikulka, segue la mostra e, a volte, la completa.
Governa questo entusiasmo e l'entusiasmo del lavoro.
Il fondo marino nasconde ancora oggi un mondo poco conosciuto, ricco di fonti naturali.
Si possono trovare petrolio e altre materie prime minerali, ma anche organismi sconosciuti fino ad oggi che di per sé portano la chiave per lo sviluppo di farmaci contro il cancro.
Il fondo è più grande della terra ferma
I paesi costieri hanno cominciato oggi a disputarsi in modo veemente i nuovi territori sotto il mare.
Secondo il Trattato delle Nazioni Unite, questi sfruttano i diritti convenuti nel 1982 a Montego Bay, in Giamaica.
Si tratta fondamentalmente del cosiddetto Bordo continentale che a volte si estende a poche centinaia di chilometri dalla costa del paese dato.
Secondo il Trattato, quest'ultimo ha diritti esclusivi su tutte le risorse del Bordo continentale.
Semplicemente, per bordo continentale si intende la parte del fondo marino e la sua superficie, che è la continuazione naturale del continente sott'acqua.
Arriva fino al limite della costa del mare, e spesso, fino al confine delle duecento miglia marine, cioè pura zona economica", spiega Mikulka.
La richiesta che il dato paese presenta alla Commissione, per la delimitazione dei confini esterni del Bordo continente, deve essere consegnata con documentazione tecnica scientifica basata su ricerche e misure.
È il risultato di una serie di anni di lavoro preparatorio.
"Uno dei nostri compiti è quello di organizzare una commissione di assistenza tecnica e legale specializzata.
La commissione ha finora esaminato cinque domande da Russia, Brasile, Australia, Irlanda e Nuova Zelanda.
Per ora, sono uscite solo quelle degli ultimi tre paesi menzionati", aggiunge Mikulka.
Non molto tempo fa, il successo dell'Australia ha avuto un impatto mondiale in quanto è stata la prima a espandere essenzialmente il suo dominio marino.
Tuttavia, lo ha fatto anche la Nuova Zelanda: la superficie del fondo marino assegnatagli dalla commissione la scorsa settimana è di 1,6 milioni di chilometri quadrati, cioè quasi sei volte la dimensione dello stato stesso.
Entrambi i paesi hanno investito milioni di dolori per il loro studio.
I profitti derivanti dall'uso del fondo marino saranno, come promesso, inestimabili.
Anche altri stati stanno presentando a poco a poco le loro richieste.
Possono farlo fino a dieci anni dal momento in cui hanno ratificato il "Trattato di Montego Bay".
Là dove finisce il Bordo continentale inizia la regione del fondo oceanico dichiarata dal Trattato come "eredità comune dell'umanità".
Già qui, nessuna nazione ha una posizione esclusiva.
Il diritto di sfruttamento in queste zone è amministrato dai trattati istituiti dalle istituzioni internazionali.
"Il fondo marino, tuttavia, non è una miniera d'oro", afferma con enfasi il direttore Mikulka aggiungendo "che le sue aree separate sono legalmente e chiaramente limitate e il suo regime definito da contratto".
I cechi nel Pacifico
E oggi, una parte del fondo marino appartiene anche alla Repubblica Ceca.
È distribuito con altri paesi dell'allora blocco orientale nell'ambito dell'organizzazione comune "Interoceanmetal".
Questo è stato ottenuto nel 1991 con un trattato come investitori come altri pochi stati, stati chiamati "l'investitore pionieristico".
Ha la facoltà di esplodere nella zona di ClarionClipperton nell'Oceano Pacifico, tra il Messico, le isole Hawaii e Kiribati.
L'area da indagare dall'investitore è un po 'più grande dell'antica Cecoslovacchia.
Il fondo laggiù è accidentato, si tratta di qualcosa di simile a una replica marina dei Tatra.
“Si può sfruttare una superficie di un’estensione totale di 75.000 chilometri quadrati.
La zona è ricca di giacimenti di calcestruzzo polimetallico contenenti nichel, rame, cobalto e manganese", aggiunge l'avvocato indiano Pakshi Rajan.
Un dipendente macedone della Divisione, Rober Sandev, ci porta un esempio di questo tipo di concretezza.
Ci ricorda una piccola patata o con un po 'di fantasia, lo Shem, che secondo la leggenda riviveva il Golem.
Durante la liberazione degli ostaggi, il comando delle forze speciali tedesche era sul posto.
Per risolvere la crisi degli ostaggi il governo egiziano aveva chiesto l’aiuto della Germania – gli esperti sono venuti.
Quando la situazione è diventata seria, il comando delle forze speciali era pronto, ma l'operazione non è stata eseguita.
Si conoscono sempre più dettagli sulle circostanze del rilascio di 11 turisti europei in Egitto.
Secondo i dati del ministero della difesa e del ministero dell'interno nell'azione di salvezza hanno partecipato in modo indiretto anche le forze speciali tedesche.
Quindi sul luogo della liberazione erano gli specialisti dell'esercito tedesco così come i funzionari del GSG 9, squadriglia aerea della polizia federale, dell'Ufficio federale per le indagini penali e gli esperti nel campo della logistica dell'istituto di beneficenza tecnico.
Come hanno riferito i portavoce dei ministeri lunedì sera, le forze tedesche non erano necessarie perché i rapitori, rendendosi conto di una liberazione violenta, hanno lasciato andare i loro prigionieri e sono fuggiti.
Il governo egiziano accettò l'aiuto della Germania per usarlo come supporto sul posto.
"Fortunatamente quel momento non è arrivato", ha detto un portavoce del ministero federale dell'Interno.
Il 19 settembre nel sud dell’Egitto gli assalitori avevano rapito un gruppo di viaggiatori composto da 5 tedeschi, 5 italiani, una rumena e i loro 8 accompagnatori egiziani.
Dopo il sequestro nella regione desertica del sud dell’Egitto, gli ostaggi sono stati deportati da un lato all’altro nella zona di confine tra Egitto, Libia, Sudan e Ciad.
L’identità dei dirottatori è rimasta sconosciuta fino alla fine, così come i dettagli del rilascio o possibili pagamenti di riscatto.
Nel frattempo le persone salvate e salvate sono arrivate al Cairo.
Steinmeier ha detto che gli ostaggi liberati erano sotto la tutela dell'ambasciata tedesca.
Non ha detto una parola sui dettagli della liberazione.
All'inizio a Berlino non c'erano informazioni sul loro ritorno in Germania.
Secondo il quotidiano "Bild", 5 turisti e le forze speciali devono tornare su Airbus dalle forze aeree tedesche e arrivare in Germania martedì.
La Camera dei Rappresentanti degli Stati Uniti non approva il pacchetto di salvezza
La prima camera del Congresso degli Stati Uniti ha lasciato fallire con scarso un grande pacchetto di salvataggio di 700 miliardi di dollari per i mercati finanziari.
Il Dow Jones è sceso drasticamente.
La Camera dei Rappresentanti degli Stati Uniti ha respinto con 227 voti contro 206 il pacchetto del governo per la salvezza dei mercati finanziari.
Nonostante tutti gli appelli del presidente George W. Bush ed ex politici di entrambi i partiti non ha raggiunto una maggioranza per il programma con cui dovrebbe essere limitato il disordine nei mercati finanziari.
Con una drammatica azione i difensori disperati avevano ancora cercato di convincere i critici ad accettare il grande pacchetto da 700 miliardi di dollari.
Barney Frank, il leader dei negoziati democratici, aveva chiesto ai deputati di votare, anche se il piano non è così popolare.
“È difficile ottenere l’approvazione politica per evitare qualcosa che non è ancora successo”, ha ammesso.
Già durante la votazione il Dow Jones è sceso a oltre il 6% o a 600 punti.
La causa di ciò erano le preoccupazioni degli investitori che il pacchetto di salvataggio statale potesse fallire.
Si è riposato alla fine del voto e dopo che il fallimento è stato reso pubblico, è caduto di nuovo.
Gli esperti prevedono altre gravi turbolenze sui mercati finanziari internazionali.
Per far entrare il programma in vigore è necessario avere l’approvazione sia della Camera dei Rappresentanti che del Senato.
Gli organizzatori registrano l'aumento del numero di prenotazioni
Sembra essere un buon inverno per gli organizzatori di viaggi tedeschi:
Secondo uno studio, il volume delle vendite delle prenotazioni di viaggi per i prossimi mesi è aumentato rispetto all'anno scorso - anche la stagione invernale di oltre il 30 per cento.
Secondo uno studio, nonostante la congiuntura indebolita, il desiderio dei tedeschi di viaggiare rimane come prima.
Come riportato lunedì dalla Germany Travel Association (DVR) a Berlino, con le prenotazioni di viaggi per la stagione invernale le agenzie di viaggio hanno registrato un volume di vendite che è del 31% in più rispetto allo stesso periodo dello scorso anno.
Secondo la ricerca dell’istituto di ricerca dei mercati GfK, le riserve per i mesi autunnali erano già aumentate in numero.
Così il volume delle vendite delle agenzie di viaggio in ottobre era quasi undici per cento in più rispetto al 2007, ha riferito il DVR.
La base dei risultati sono le cifre di GfK che sono le informazioni analizzate sulle prenotazioni in 1200 agenzie di viaggio e calcolate approssimativamente per l'intero mercato.
I dati raccolti sono le prenotazioni di viaggi effettuate fino alla fine di agosto 2008.
A causa del corso indebolito del dollaro, soprattutto i viaggi negli Stati Uniti sono molto richiesti, ha riferito il DRV.
In questo caso il numero di prenotazioni è aumentato di quasi un terzo.
Le destinazioni preferite dai tedeschi non sono solo la Spagna, la Turchia e la Grecia, ma anche le regioni della Germania.
Soprattutto i viaggi organizzati sono molto preferiti, spiega Klaus Laepple, presidente del DRV.
In considerazione del fatto che i prezzi dell'energia e dell'alimentazione aumentano, in questo caso le spese di viaggio sono "meglio calcolabili per il cliente che durante un viaggio individuale".
Tra le altre cose, i consumatori possono risparmiare denaro con sconti di prenotazione anticipata o con offerte All-Inclusive, ha spiegato Laepple.
Anche nei mesi estivi i viaggi erano ben riservati, tanto che il volume delle vendite rispetto all’anno scorso è nuovamente aumentato – anche se secondo un altro studio il numero dei tedeschi che facevano un viaggio, rispetto all’anno scorso, è diminuito.
Il mio primo Oktoberfest
I successi delle feste sotto il cielo aperto nel Balneario senza fine, la birra in barattoli da un litro e le persone famose vestite in costumi tradizionali bavaresi di designer.
Un debutto in una tenda.
Io e Susanne Kronzucker non abbiamo molto in comune.
Lei è bionda, la moderatrice in televisione e indossa un abito tradizionale bavarese su misura.
Ho i capelli scuri, sono uno studente e il mio vestito è già indossato.
Ma c'è una cosa che ci unisce: siamo appena in tenda, i fotografi si sono già precipitati verso di noi e hanno riempito le loro schede di memoria con le foto - è molto lusinghiero soprattutto perché sono la prima volta all'Oktoberfest.
E' cosi' che si diventa amici.
Il costume tradizionale bavarese a buon mercato sembra svolgere la sua funzione.
In realtà come turista all'Oktoberfest proveniente dal nord della Germania la mia sensazione di benessere con un abiti tradizionali bavaresi fino ad oggi era ancora limitata.
Ma dopo essere arrivati al Prado di Teresa tutto non è per tanto.
Quasi tutti indossano i tradizionali abiti bavaresi o pantaloni in pelle; nessuno sembra essere prestare attenzione o sentirsi sgradevole - tutto è assolutamente normale.
Solo il mio grembiule riceve strani sguardi accanto a uno stand di banane nel cioccolato.
Una muniquese attira la mia attenzione sul mio grembiule che avevo vestito in modo sbagliato: "la parte sinistra è nubile, la metà è vergine, nella parte destra è fidanzata, dietro è vedova".
Oddio, ora mi aggrappo da dietro a sinistra.
"Va bene", dice ridendo.
Gli altri non si preoccupano di molti dei metodi sottili per flirtare e indossano cappelli dove è scritto "To drink to get dressed!" e mostrano, senza chiedere loro, il loro culo nudo.
Un giovane ragazzo che si comporta in modo esibizionista si chiama Bob, è dall'Inghilterra ed è anche per la prima volta all'Oktoberfest.
A lui sembra "gorgeous", che pronuncia con una "o" molto lunga.
Me lo racconta dopo aver messo accanto il suo bicchiere da un litro di birra che ha finito di bere.
L'ha messo proprio accanto all'estremità antincendio, la maggior parte pensa che sia un cestino.
Quindi Bob è una delle persone famose che sanno bere molto.
Gli altri non sono molto fortunati e non possono consumare così tanto alcol.
Verso le otto di sera i gruppi di sanitari corrono per il luogo della festa e devono preoccuparsi dei poveri ubriaconi.
I sanitari appaiono ogni volta in gruppo - all'improvviso sono sempre quattro persone che portano i marciapiedi coperti da una tenda all'altra.
Funziona come la maggior parte dei visitatori: arrivano sobri, tornano ubriachi.
Non si vede chi soffre i gradi di alcolemia ed è sul marciapiede.
"Sono quelli che "non possono più", mi ha dato la risposta un sanitario rispondendo alla mia domanda ed è scomparso nel tumulto.
Vittima dell'incidente identificata dalla polizia
È stata identificata la pedonale di 63 anni che è morta in ospedale dopo essere stata investita da un veicolo nella contea di Essex.
Carole Paulson, di Chelmsford Road, nella città di Brentwood, è stata coinvolta nell'incidente avvenuto a Shenfield Road venerdì pomeriggio.
La donna è stata portata al Queen's Hospital di Romford, ma in seguito è morta.
Dopo l’incidente, un uomo di 51 anni è stato arrestato con il sospetto di guida negligente.
Da allora è stato rilasciato su cauzione.
La Turchia amplia i suoi orizzonti diplomatici
Molto prima che la Turchia diventasse membro dell’Unione europea, le potenze europee avevano il desiderio di penetrare all’interno di questo paese.
Nella parte orientale del Bosforo, forse a soli 20 passi dall'Asia, si trova una delle reliquie più interessanti della disastrosa ambizione imperiale.
La stazione ferroviaria di Hydarpasha è stata progettata da due architetti tedeschi, Otto Ritter e Helmut Conu, in stile neorinascimentale.
Almeno questo è quello che dicono le guide.
L'edificio è rifinito alla fine delle piattaforme e porta di fronte due torri, una per ogni angolo, assomigliando a tutti un tipico municipio tedesco.
La pietra è sporca.
L'edificio nel suo complesso è un po' decadente.
Ma una volta superata la biglietteria a volta, non c'è dubbio di quale fosse la grandezza dell'azienda che questa era la porta più occidentale.
La stazione fu inaugurata nell'agosto del 1908 dal consorzio tedesco Anatolia-Bagdad Corporation.
La Germania, un “latecomer” nel gioco imperiale, aveva l’ambizione di dominare il Medio Oriente attraverso questa ferrovia che si curava fino a Damasco, Baghdad, e oltre in quella che oggi è l’Arabia Saudita.
Tuttavia, le ambizioni di questa Germania imperiale fallirono durante la prima guerra mondiale.
Le sue ferrovie furono attaccate da Lawrence d'Arabia e dai suoi arabi irregolari.
A causa del relativo isolamento delle regioni circostanti, generato dai confini congelati della guerra fredda, cadde sotto zero.
Quando le forze britanniche avanzarono in Egitto, spinsero i turchi e i loro alleati tedeschi fuori dalla Palestina e dalla Siria.
La notizia è stata negativa anche per la stazione di Hyderpasha.
Nel 1917 un treno di munizioni esplose distruggendo il suo elaborato tetto.
Le fonti turche hanno detto che si è trattato di un sabotaggio.
Da allora la stazione è andata decadendo ed è rimasta al di fuori della storia.
Ma oggi questa ferrovia, porta d'ingresso in Anatolia e in tutti i centri orientali, serve - almeno simbolicamente - a sottolineare la volontà della Turchia di allargare i suoi orizzonti diplomatici.
Il Partito per la Giustizia e lo Sviluppo che è al governo - l'AKP - ha pianificato una nuova politica estera per il paese.
Il relativo isolamento delle regioni circostanti, generato dai confini congelati della guerra fredda, è scomparso.
Ora c'è una nuova politica di collaborazione.
Il governo turco intrattiene ottimi rapporti con Israele e la Siria, con entrambe le fazioni palestinesi di Hamas e Fatah, con l'Iraq e l'Iran e, naturalmente, con l'Unione europea e gli Stati Uniti.
Per valutare i parametri di questa nuova politica estera, sono salito su un letto a castello e sono andato nella capitale turca Ankara per visitare uno dei leader dell'AKP, esperto in politica estera, il primo ministro turco Suat Kiniklioglu.
La mattina seguente - circa dieci ore e mezza dopo - dopo un viaggio scosso, che ha prodotto le cadenze del mondo antico nel famoso documentario The Night Mail, sono arrivato nella capitale turca - città nuova, pensata per governare un nuovo stato secolare, lontano dal passato ottomano.
Tuttavia, l’AKP, con le sue chiare radici islamiste, rappresenta un cambiamento paradigmatico nel consenso turco.
Ha suscitato qualche sospetto in Occidente e, in particolare, a Washington.
Un taxi mi porta alla sede dell'AKP, una struttura ultramoderna in pietra e acciaio - costruita ad hoc - in un sobborgo in via di sviluppo, circondato da centri commerciali medio-costruiti e "pasticcerie di potere" dove manager della classe media in abito da lavoro - uomini e donne - si riuniscono la mattina presto per concordare / fare affari.
Suat Kiniklioglu potrebbe essere un politico di centro-destra di quasi tutti i partiti in Europa.
Ho vestito, cravatta, sono sicuro che ha ancora un Blackberry.
“L’obiettivo della politica estera del partito è quello di riintegrare la Turchia nel suo immediato vicinato.
La guerra fredda è stata un'anomalia", mi dice.
La Turchia è stata tagliata nei rapporti con il suo interno.
Oggi bisogna guardare contemporaneamente ad Est e ad Ovest.
Non si tratta di un caso se non verso l'uno o l'altro.
Deve fare entrambe le cose.
"Ma sicuramente a un certo punto," gli chiesi, "la Turchia potrebbe essere costretta a scegliere?"
"La Turchia", risponde, "non vuole affrontare questa scelta".
Sottolinea poi un punto che quasi tutti quelli con cui ho parlato fino a quel momento mi avevano recitato quasi a memoria: le relazioni che la Turchia ha non solo con il Medio Oriente, ma con la regione del Caucaso, e con tutto il Mar Nero, rappresentano un beneficio per l’Europa e gli Stati Uniti come per la stessa Turchia.
Il messaggio sembra essere: con la Turchia a bordo, l’Europa nel suo complesso può metaforicamente montare quelle linee ferroviarie che aprono il mondo verso l’Asia orientale e il Medio Oriente.
Ancora una volta alla stazione di Hydarpasha, dopo una seconda notte insonni, il mio pensiero torna ai due signori tedeschi, Herr Ritter e Herr Conu, che avevano assistito alla costruzione di questo edificio, 100 anni fa.
Quanto si sarebbero sorpresi di sapere che le ambizioni dell’Europa in Medio Oriente, in gran parte, sarebbero oggi nelle mani della Turchia?
E in attesa del terminal del traghetto che mi riporterà attraverso il Bosforo, ricordo che in quei giorni la Turchia veniva considerata "l'uomo malato d'Europa".
Quindi, non ci sono molti dubbi su quale sarà il continente a cui questo affascinante paese deve rivendicare.
Vita da ricordare: Vernon Handley e William Woodruff
Mark Brown scrive: quale direttore musicale di Guildford dal 1962, Vernon "Tod" Handley (quella, 11 settembre) era responsabile della Guildford Philharmonic Orchestra e del Coro.
Come parte del progetto musicale per la città, l'anno successivo fondò il suo magnifico coro giovanile, Proteus.
Si supponeva che fosse per i minori di 21 anni, ma nel momento in cui il Proteus ha cantato la sua fine nel 1979, molti di noi stavano finendo i 20 anni - ci siamo rifiutati solo di dare fino al coro.
Il nome di "Proteus" (l'essere mitologico che cambia le forme) rappresentava la volontà del coro e la capacità di eseguire qualsiasi musica che gli fosse presentata, sia madrigale che messianica, indipendentemente dal fatto che non fosse accompagnata o con un'orchestra completa.
La versatilità musicale prodotta da questo coro giovanile è stata spesso sorprendente, sempre emozionante, e tutto è stato dovuto all’ispirazione di quell’uomo e all’entusiasmo per la musica che è rimasto assolutamente costante nel corso degli anni.
Tod ci diceva spesso di "lasciare che la musica parli da sola".
Direbbe: "Il compositore sa quello che vuole.
È tutto lì, nella musica.
Così non ci resta che cantare!”
La sua bacchetta è sempre stata assolutamente chiara e precisa, anche se mai tassativa, né troppo fiorita.
Qualunque fosse lo scardo musicale, finì sempre ad un livello ancora più alto.
John Frayn Turner scrive:
Se un autista avrebbe dovuto essere un gentiluomo, questo e' Vernon Handley.
L’ho conosciuto molto bene durante i due decenni in cui ha diretto la Filarmonica di Guildford dal 1962 al 1982.
Soprattutto negli ultimi 40 anni, ho recensito più di 100 dei loro concerti e posso dire onestamente che non sono mai stato deluso da nessuno, altrimenti sono stato spesso ispirato da loro.
Tod Handley aveva quella rara combinazione di grandezza ed estrema modestia personale.
Odiava gli autisti che, nelle sue parole, semplicemente "vendevano uno o due cavalli da guerra ben noti in tutto il mondo".
Ci mancherà molto.
William Woodruff
Il professor John Beckett scrive:
nella sua sequela di William Woodruff (25 settembre) afferma che "nel 1946 ha ripreso gli studi di storia economica a Oxford e nel 1950 ha vinto una borsa di studio di ricerca di Houblon-Norman ... allo stesso tempo stava studiando per una laurea, un master e un dottorato."
Questo viene appreso in una nota dell'autore di Woodruff in Beyond Nab End, ma non è del tutto corretto.
Dal 1946 al 1953 è stato professore di storia economica presso l'Università di Nottingham, stagione durante la quale ha completato una tesi di dottorato sull'industria della gomma britannica, supervisionata dal professor J.D. Chambers, e successivamente pubblicata nel 1958 con il titolo The British Rubber Industry.
Ha trascorso gli anni tra il 1950 e il 51 negli Stati Uniti, godendo di una borsa di studio Houblon-Norman, e l'estate del 1952 presso le università di Illinois, Harvard e New York.
Nel 1953 lasciò definitivamente Nottingham per l'Illinois.
Il motivo per cui Woodruff ha scelto di trascurare questa parte della sua carriera, rimane sconosciuto.
J. Vicente Resino presso la Facoltà di Filologia
"Raccomando la mostra di José Vicente Resino "Flamenco y vida" perché le sue fotografie in bianco e nero, in stile documentario, sono fantastiche.
Mi hanno colpito per la loro semplicità e per la forza che trasmettono, trattando sempre i protagonisti con molto rispetto.
Un'esposizione che mostra molti sentimenti.
Resino sa cogliere momenti magici”.
Secondo assalto per il più venduto della Honda
Nel mese di novembre Honda inizierà la commercializzazione della seconda generazione del Jazz.
Se il suo predecessore aveva già un’ampia abitabilità, questo nuovo monovolume presenta uno spazio interno ancora più ampio.
A tutto questo si aggiungono meccaniche raffinate, che aumentano il comfort di guida e consentono di risparmiare più carburante.
Evoluzione contro rivoluzione.
Questa è la seconda generazione della Honda Jazz.
Anche se esteticamente il nuovo Jazz presenta una linea molto simile al modello che succede, i cambiamenti introdotti in questo monovolume sono numerosi.
Tra gli altri, un design innovativo, una nuova piattaforma, dimensioni maggiori e nuove meccaniche.
Tuttavia, prima di analizzare il nuovo modello, dobbiamo dire che questo nuovo Jazz arriva sei anni dopo l’introduzione sul mercato della prima generazione.
Pertanto, una prima osservazione è che Honda ha rinnovato questo modello in un periodo di tempo più breve rispetto a quello impiegato da altri produttori.
Anche se in Europa il Jazz è meno conosciuto, in altri mercati questo modello è un fenomeno di vendita.
Questo è il caso del Giappone, dove la Jazz è stata la vettura più venduta nel 2002 e anche nel 2008.
Proprio in Giappone sono state vendute circa un milione di unità del Jazz dal suo lancio.
Il secondo mercato è stato quello del Vecchio Continente, con circa mezzo milione di unità in sei anni.
Tuttavia, Honda vuole che questo nuovo Jazz permetta di aumentare le vendite all’interno del segmento.
Così, mentre nel 2007 l’azienda giapponese ha commercializzato un totale di 83.000 unità del Jazz, nel 2009 le stime puntano a 100.000 auto, il che rappresenterebbe una crescita del 17% nel mercato europeo.
Per quanto riguarda il mercato spagnolo, Honda ha venduto un totale di 8.000 unità di Jazz dal 2002, che rappresentano il 6,7% del totale delle vendite di Honda in Spagna.
Per quanto riguarda la nuova generazione, i responsabili della filiale spagnola si aspettano di vendere 2.000 unità del Jazz in un anno intero.
Proprio l’arrivo del nuovo Jazz consentirà a Honda di alleviare notevolmente il calo delle vendite in Spagna.
Infatti, i responsabili del marchio sperano di concludere l’anno con un totale di 22.000 unità vendute, pari a 4.000 in meno rispetto al 2007, un calo del 16%.
Nonostante questo aumento delle vendite, Honda ha aumentato la sua quota di mercato in Spagna, raggiungendo l’1,8%, rispetto all’1,6% dello scorso anno.
Inoltre, la società giapponese prevede di raggiungere il 2% nel 2010.
Per raggiungere questa quota Honda confida nell'arrivo di un altro nuovo modello.
Si tratta dell’Insight, un ibrido a cinque porte e dimensioni compatte – 4,37 metri di lunghezza – di cui l’azienda nipponica prevede di commercializzare circa 200.000 unità all’anno in tutto il mondo.
Secondo le stime del produttore giapponese, il 50% delle vendite di Insight sarà prodotto negli Stati Uniti, mentre la restante percentuale sarà distribuita tra il Vecchio Continente e il Giappone.
Il lancio commerciale dell’Insight è previsto per i primi mesi dell’anno, una volta che la sua presentazione in società avrà luogo nel mese di gennaio a Valencia.
Per quanto riguarda la prima generazione, il nuovo Jazz cresce in tutte le sue dimensioni.
La sua lunghezza arriva a 3,90 metri (cinque centimetri in più), la larghezza a 1,69 metri (due centimetri in più) e il passo a 2,50 metri, il che significa un aumento di cinque centimetri.
L'altezza, invece, non varia e si mantiene a 1,52 metri.
Accanto all’aumento delle dimensioni, cresce anche l’abitabilità interna.
Questo guadagno è dovuto, da un lato, all’inclusione di una nuova piattaforma e, dall’altro, all’introduzione del serbatoio del carburante in posizione centrale, una soluzione adottata anche nel precedente Jazz.
Inoltre, la capacità del bagagliaio - che dispone di un sistema a doppio fondo - arriva fino a 399 litri, 19 litri in più di capacità del bagagliaio di prima generazione.
Va notato che queste misure sono della versione con motore 1.4, poiché la capacità del bagagliaio della Honda Jazz 1.2 è di 379 litri.
Altri miglioramenti - oltre agli elementi esterni come i led posteriori o la possibilità di montare il vetro panoramico - è un miglioramento nell'accesso ai posti posteriori.
Le porte che danno accesso alla seconda fila presentano un angolo di apertura di 80 gradi, rispetto ai 67 gradi del primo Jazz.
Anche i motori di questa seconda generazione del Jazz sono nuovi.
All’inizio della sua commercializzazione, questo piccolo modello avrà due propulsori a benzina da 1,2 e 1,4 litri.
Entrambe le meccaniche incorporano la tecnologia i-VTEC che raggiunge un minor consumo, emette meno anidride carbonica, raggiunge un'eccellente raffinatezza meccanica e allo stesso tempo ottiene una coppia elevata in tutto il regime del motore.
La prima meccanica da 1,2 litri ottiene una potenza di 90 cavalli a 6.000 giri con una coppia massima di 114 Nm a 4.900 giri.
Questo propulsore - che nel precedente Jazz raggiungeva 78 cavalli - presenta un consumo di 5,3 litri ed emissioni di 125 grammi di CO2.
Per quanto riguarda il propulsore precedente, che nella generazione precedente raggiungeva 83 cavalli, ora ne ha 100.
Questo Jazz 1.4 da 100 cavalli raggiunge un consumo combinato di 5,4 litri e 128 grammi di CO2.
L’apicoltura che evita le collisioni
Per far progredire lo sviluppo di tecnologie per la prevenzione degli incidenti, Nissan si è ispirata, questa volta, alla natura, in particolare alle api.
L’azienda giapponese ha creato un robot che, prendendo come base il volo delle api, evita gli incidenti.
Questo è il Bio-mimetic Car Robot Drive, o BR23C che rappresenta il primo passo nelle tecnologie di prevenzione delle collisioni.
Gli ingegneri del Centro Tecnico Avanzato di Nissan Motor Co. hanno sviluppato questo piccolo robot in collaborazione con il Centro per la Ricerca Scientifica e Tecnologica Avanzata della prestigiosa Università di Tokyo, in Giappone.
Secondo Kazuhiro Doi, direttore generale delle pubbliche relazioni per la tecnologia e la ricerca e lo sviluppo della gestione del marchio, il BR23C si presenta come un ampliamento dello scudo di sicurezza di quattro aree di Nissan.
Questo robot intende rafforzare la capacità di prevenzione delle collisioni dei veicoli del marchio.
Durante il volo, ogni ape crea il proprio spazio personale di forma ovale che assomiglia molto allo scudo di sicurezza di Nissan.
Ma la cosa più importante sono gli occhi compositi dell'ape, in grado di vedere con un angolo di oltre 300 gradi in tutte le direzioni, consentendogli di volare senza interruzioni all'interno del proprio spazio personale.
Per ricreare questa funzione visiva, gli ingegneri hanno progettato quello che hanno chiamato un localizzatore laser (Laser Range Finder).
Questo rileva gli ostacoli che si trovano fino a due metri di distanza entro un raggio di 180 gradi davanti al BR23C, calcola la distanza fino a tale oggetto e invia un segnale a un microprocessore di bordo che, immediatamente, si traduce nella prevenzione della collisione.
"Nel momento in cui rileva un ostacolo, il piccolo robot imiterà i movimenti di un'ape e cambierà immediatamente direzione ruotando le ruote ad angolo retto o maggiore per evitare la collisione.
La più grande differenza con qualsiasi sistema esistente è che la manovra di evasione è totalmente istintiva.
Se non fosse così, il robot non sarebbe in grado di reagire abbastanza rapidamente per evitare gli ostacoli", spiega Toshiyuki Andoh, direttore del Mobility Laboratory e principale ingegnere del progetto.
A differenza di un'ape, il robot non può essere deviato verso l'alto o verso il basso, né in diagonale; può essere spostato solo in due dimensioni e nella direzione che gli permette di girare le ruote e non in infinite direzioni e modi come le api.
Per questo motivo, Nissan ha utilizzato una funzione di rotazione, oltre ad accelerazione e decelerazione, per evitare le collisioni.
“Questo dispositivo deve solo elaborare le informazioni ogni pochi secondi e agire in base a questi dati.
Non richiede la memorizzazione di informazioni o logiche intuitive da manovre precedenti, quindi può funzionare in modo continuo con solo un paio di dozzine di KB di memoria.
Questo potrebbe sorprendere, ma non stiamo parlando di giga di memoria, nemmeno di mega.”
Questo è il primo passo verso lo sviluppo di nuove tecnologie di prevenzione istantanea delle collisioni, una tecnologia che Nissan prevede di introdurre nelle auto di serie entro dieci anni.
Il robot utilizza batterie ai polimeri di litio, che sono più leggere e durano più a lungo rispetto alla varietà di ioni di litio.
Un'altra possibile applicazione futura di questa tecnologia potrebbe essere l'integrazione dell'unità con un sistema di navigazione satellitare GPS per guidare il conducente verso la sua destinazione evitando gli ostacoli sulla strada.
Trema prima di ipotecare
Bisogna riconoscere che il Dipartimento del Tesoro degli Stati Uniti, oltre ad avere molto liquido per fare iniezioni, non è privo di ingegno.
Di fronte alla crisi, e per evitare che gli americani si imbarcassero in mutui spazzatura in banche di solvibilità discutibile, hanno creato un gioco amichevole e informativo per il browser: 'Bad Credit Hotel'.
Cioè, l'hotel dei cattivi crediti... o dei guai.
L'aspetto terrificante di questo alloggio e soprattutto della sua receptionist è quello di pensare una, due e fino a tre volte se è il momento di chiedere un credito.
E, soprattutto, dove farlo, che è probabilmente il suo obiettivo.
È vero che ha informazioni utili, ma poco dettagliate.
È più una pagina per adolescenti che un sito per tutti i pubblici.
Cosa succede se il gioco viene completato?
C'è una stanza da sogno all'interno dell'hotel.
Qualcosa è qualcosa, perché di comprare una casa migliore non parliamo...
Morgan Stanley vende azioni alla giapponese MUFG
Morgan Stanley ha annunciato l'ingresso nel suo capitale di Mitsubishi UFJ Financial Group (MUFG), la prima banca giapponese, che sborserà nove miliardi di dollari per acquisire il 21% del suo capitale, una notizia che è stata accettata con un forte calo della sua quotazione in borsa.
Una settimana dopo aver scoperto un accordo provvisorio, entrambe le banche hanno spiegato che la MUFG avrebbe acquistato il 9,9% delle azioni ordinarie di Morgan Stanley al prezzo unitario di 25,25 dollari, ossia un importo di tre miliardi di dollari.
Il prezzo concordato è inferiore al 19 % del valore contabile dei titoli al 31 agosto.
MUFG investirà altri sei miliardi di dollari con l’acquisto di titoli convertibili che gli garantiranno un rendimento del 10% e un prezzo di conversione di 31,25 dollari.
Morgan Stanley ha precisato che l’operazione globale sarà effettuata sulla base di un prezzo per unità di misura di 29 dollari, ossia del 28% in più rispetto al suo tasso di cambio attuale.
L'azione Morgan Stanley ha perso il 6,79% a 23,07 dollari ciascuna alle 17:00 GMT.
“Questa alleanza strategica rappresenta un’importante opportunità per accelerare la transizione di Morgan Stanley verso lo status di holding bancaria”, ha spiegato Juan Mack, amministratore delegato del gruppo americano.
Morgan Stanley ha adottato questo nuovo statuto la scorsa settimana, che dovrebbe permettergli di diversificare le sue attività, ma lo fa passare sotto l'autorità della Federal Reserve.
La loro alleanza con MUFG conferma anche che l’attuale crisi finanziaria costringe i grandi nomi di Wall Street ad adottare un comportamento molto più prudente di prima.
Le modalità presentate lunedì scorso mostrano inoltre che l’accordo è stato modificato nei giorni scorsi: lunedì scorso Morgan aveva annunciato che avrebbe venduto fino al 20% delle sue azioni al giapponese per quasi 8,5 miliardi di dollari.
“Una settimana fa”, ha spiegato a Tokyo Toshihide Mizuno, il direttore esecutivo di MUFG, “pensavamo che la partecipazione fosse stata composta solo da azioni ordinarie.
Ma alla luce dell'attuale situazione dell'economia e del mercato, abbiamo voluto minimizzare i rischi e coprirci ".
Sulla base del prezzo medio ponderato, MUFG pagherà i suoi titoli Morgan Stanley del 7% al di sotto del loro valore contabile.
E l'operazione si tradurrà in una diluizione di circa il 20 % dell'utile per azione.
L’accordo prevede che MUFG possa convertire entro un anno la metà dei suoi titoli privilegiati in azioni ordinarie se queste vengono vendute a più del 50% al di sopra del prezzo di conversione, ossia a 47 dollari circa, in un dato periodo.
Morgan Stanley assicura che i capitali forniti da MUFG le consentiranno di cogliere opportunità di investimento, rafforzare il bilancio e aumentare la liquidità.
Una portavoce del gruppo si è rifiutata di dare chiarimenti sui progetti strategici dei due nuovi alleati.
Dopo l’investimento di MUFG, Morgan Stanley dovrebbe mostrare un rapporto di solvibilità Tier One di circa il 15%, uno dei migliori del settore.
Morgan ha precisato di aver alleviato molto il suo bilancio dalla fine di agosto.
Le ultime settimane sono state estenuanti per il gruppo, che ha visto la sua quotazione in borsa dimezzarsi mentre il costo della sicurezza contro un rischio di difetti sul suo debito decollava.
Il costo è diminuito lunedì scorso, ma è rimasto ad un livello elevato, intorno al 12%.
La scorsa settimana, Goldman Sachs, l’unica “sopravvissuta” delle grandi banche d’investimento di Wall Street dopo i fallimenti di Bear Stearns e Lehman Brothers e l’acquisto di Merrill Lynch, ha annunciato di aver raccolto 15 miliardi di dollari, in parte per Berkshire Hathaway, il gruppo di Warren Buffett.
Rafael Correa a Quito, questo lunedì.
Rifondare la repubblica attorno al socialismo del XXI secolo.
Questo è il progetto comune del venezuelano Hugo Chávez, del boliviano Evo Morales e dell’equatoriano Rafael Correa.
Questa domenica, come i suoi colleghi e amici, è il terzo a mettere ai voti un progetto per una nuova Costituzione.
Missione compiuta poiché il 64% degli elettori ha votato "sì" al referendum, secondo i risultati ufficiali che si riferivano all'80% dei voti.
Secondo questi risultati, il "no" ha ottenuto il 28%, il 7% dei voti erano nulli e lo 0,7% erano voti bianchi.
Affinché il progetto di Costituzione venisse adottato, doveva ottenere la metà dei voti più uno.
Domenica, due sondaggi effettuati all'uscita dei centri elettorali e un conteggio da parte di un'organizzazione non governativa avevano annunciato una vittoria ampia al "sì", stimandolo tra il 63% e il 70%.
Rafael Correa aveva inoltre rivendicato nella notte tra domenica e lunedì la vittoria del suo progetto di Costituzione.
La “Costituzione ha trionfato in modo schiacciante”, aveva assicurato, congratulandosi con gli ecuadoriani che guidano il governo di Guayaquil, a 280 chilometri a sud-ovest di Quito.
Così, Rafael Correa è stato congratulato con Chavez e Morales, ma anche con la sua collega cilena Micaela Bachelet.
Le elezioni, che si svolgeranno in piena calma, secondo la missione di osservazione dell’Organizzazione degli Stati Americani (OEA), si riferivano a un testo di 444 punti che consolidavano il “nuovo socialismo” difeso dal presidente.
Il progetto di Costituzione implica l’aumento del potere dello Stato sull’economia, riservandogli la “pianificazione dello sviluppo” di un paese che vive essenzialmente grazie all’estrazione di petrolio da parte di compagnie straniere e grazie a valute che inviano i suoi emigrati.
Portato avanti da Correa, eletto nel 2006, il progetto concede anche poteri rafforzati al capo dello Stato, che potrà fare fino a due mandati consecutivi di quattro anni ciascuno e avrà la possibilità di sciogliere l’Assemblea.
Correa ha già annunciato che utilizzerà questo potere e chiederà un nuovo mandato nel febbraio 2009.
La Costituzione consolida inoltre il principio della gratuità dei servizi sanitari e di istruzione che il presidente ha iniziato a instaurare in questo paese di 13,9 milioni di abitanti, in cui il 50% della popolazione vive sotto la soglia di povertà.
Prevede infine il divieto della presenza di truppe straniere, il che porrà fine all’accordo tra Quito e Washington per l’utilizzo di una base ecuadoriana come punto di partenza delle operazioni antidroga americane.
Le 19 persone sequestrate sono state liberate in Ciad
Un commando egiziano ha lanciato l’assalto contro i rapitori degli undici turisti e dei loro otto accompagnatori catturati dieci giorni fa.
Sono al Cairo.
Gli undici turisti europei e i loro otto compagni egiziani rapiti dieci giorni fa nel deserto sono arrivati illesi nella capitale egiziana dopo essere stati liberati lunedì pomeriggio.
In mattinata erano stati liberati dalle forze speciali egiziane in Ciad.
Erano tutti bellissimi all’arrivo alle 15.30 a bordo di un aereo speciale alla base militare di Al Maza, adiacente all’aeroporto internazionale del Cairo.
Alcuni elicotteri li hanno immediatamente trasportati all’ospedale di Maadi, un sobborgo residenziale del Cairo, per essere sottoposti a test medici, per cui non sono stati in grado di parlare con la stampa.
"Si trovano bene di salute" e "non è stato pagato alcun riscatto" ai sequestratori, ha dichiarato all'aeroporto il ministro del Turismo egiziano, Zoheir Garana.
Il 19 settembre questi ostaggi sono caduti in possesso di 35 rapitori sconosciuti mentre godevano di un safari fuoristrada in una zona desertica ai piedi del monte Ouanat, ai confini di Egitto, Sudan e Libia, e da allora sono passati da uno zulo all’altro.
Il gruppo era composto da undici turisti - cinque italiani, cinque tedeschi e una romena - e otto egiziani: due guide, quattro autisti, una guardia di frontiera e il direttore dell'agenzia di viaggi Aegyptous, responsabile dell'organizzazione del safari.
Un funzionario della sicurezza egiziana ha riferito che 30 membri delle forze speciali, trasportati a bordo di due elicotteri, avevano lanciato l'assalto durante la notte prima dell'alba.
"Si è verificato uno scambio di colpi, e hanno ucciso metà dei rapitori, gli altri sono fuggiti ", ha detto questo funzionario che ha mantenuto l'anonimo.
Secondo lui, 150 membri delle forze speciali egiziane dell'unità "lampo" sono stati inviati in Sudan, dove hanno avuto il supporto di comandi tedeschi e italiani.
Il ministro degli Esteri Franco Frattini ha parlato a Belgrado del ruolo svolto dagli agenti segreti e dai membri delle forze speciali italiane.
"Bisogna riconoscere che abbiamo ottenuto questo risultato grazie alla professionalità e all'efficacia dei nostri uomini dei servizi segreti, delle forze speciali", ha dichiarato senza entrare nei dettagli.
Ha anche smentito il pagamento di un riscatto.
La vigilia l'esercito sudanese ha affermato di aver intercettato durante una pattuglia un fuoristrada a bordo del quale si trovavano i sequestratori, dei quali ha ucciso sei, tra cui il capo ciadiano e ne ha arrestati due.
Ha anche affermato che erano legati a un gruppo ribelle del Darfur, il Movimento per la Liberazione del Sudan-Unità, (SLA-U), un'affermazione immediatamente smentita da questo gruppo.
Lettere - Maggioranza silenziosa della cultura
Un dibattito sul finanziamento della cultura fa i manchettes e occupa l’attuale campagna elettorale.
Meglio così.
Ma un settore della nostra vita culturale rimane sempre dimenticato.
Chi si alzerà per denunciare le miserabili somme concesse ai piccoli musei, agli archivi, agli scavi archeologici o ai siti storici nazionali che muoiono di fame?
Quale politico oserà ricordare al governo federale di trascurare i suoi monumenti e i suoi edifici patrimoniali?
Perché non abbiamo leggi vere che effettivamente preservano il nostro patrimonio come in Canada e in Quebec?
Sapevate che il governo francese spende tre milioni e mezzo di euro per restaurare solo il castello di Chinon nella valle della Loira?
Negli Stati Uniti, è scritto nella sua Costituzione che la protezione del patrimonio fa parte della cultura degli americani e che questo patrimonio deve essere protetto da tutti i cittadini, tutti gli eletti e tutti i dipartimenti governativi, e tutto questo, in concertazione.
In Quebec, nella Federazione delle società di storia del Quebec, almeno 40.000 persone benevole raggruppate in 211 società di storia, di patrimonio, di archivi e di genealogia si preoccupano di cercare nella storia, preservare con poco denaro mucchi di archivi privati e preservare vestigia archeologiche.
Sono questi che sono spesso i cani da guardia del nostro patrimonio, che protestano con energia e disperazione quando promotori e responsabili lanciano i loro bulldozer contro le nostre vecchie pietre e i nostri cimiteri dimenticati.
Per quando, un monumento per la storia e il patrimonio?
I governi dei Paesi Bassi nazionalizzano una parte della Fortis Bank.
I Paesi Bassi - essendo i primi in Europa - aiuteranno con una nazionalizzazione la banca belga-olandese Fortis che si trova in difficoltà a causa dell'effetto della crisi ipotecaria del mercato nordamericano: i tre paesi sosterrà in totale con 11,2 miliardi di euro questa istituzione finanziaria e assicurativa che ha anche attività in Ungheria.
I governi belga, lussemburghese e olandese hanno tenuto questo fine settimana consultazioni ad alto livello con il presidente della Banca centrale europea e il responsabile della concorrenza economica della Commissione europea.
La Fortis Bank è stata la prima a soffrire la crisi dell’Eurozona nel quadro della crisi finanziaria internazionale che si è verificata in diverse ondate più di un anno fa, quindi le decisioni prese rispetto alla Banca, in un certo senso, possono essere considerate come precedenti.
Secondo la decisione presa nella mattinata di domenica, i tre Stati acquisteranno circa la metà (49%) delle proprietà della Banca nella loro zona.
La Banca venderà sicuramente una parte delle sue attività, tra cui soprattutto le attività - principalmente assicurative - acquistate l'anno scorso dall'ABN Amró olandese.
Le azioni del Fortis hanno iniziato un forte calo la scorsa settimana e per la seconda metà della settimana già si vedevano importanti segni di crisi nell’istituzione.
Tuttavia, gli analisti concordano sul fatto che con i suoi 85.000 dipendenti questa banca è troppo grande per permettere la sua bancarotta.
Le azioni della società sono diminuite del 12% solo venerdì, il punto più basso degli ultimi 14 anni.
Da gennaio il valore delle azioni è diminuito di oltre due terzi.
Osservando i prezzi attuali delle azioni, il valore totale del capitale del gruppo sul mercato è di circa 14 miliardi di euro, ma secondo i dirigenti della società questo non è reale.
La direzione della Banca ha attribuito il brusco calo delle azioni Fortis alle insicurezze del mercato nordamericano in relazione all’approvazione del piano pacchetto americano da 700 miliardi di dollari.
Lunedì le azioni hanno registrato un lieve rialzo.
Venerdì, Filip Dierckx è stato nominato nuovo amministratore delegato della banca.
La Banca ha anche cercato investitori privati, ma finora nessuno ha fatto un'offerta concreta.
Il governo belga aveva già assicurato in precedenza che gli investitori non dovevano preoccuparsi, non perderanno i loro soldi.
Tra i clienti della Banca finora non si è verificato alcun panico, non hanno invaso gli uffici bancari per ritirare i loro soldi.
Fortis ha una propria filiale in Ungheria e ha anche acquistato società di leasing.
Volpe nel pollaio
Negli Stati Uniti, le compagnie di assicurazione sulla vita e sulla salute, vedendo i dati di acquisto di farmaci, spesso rifiutano di firmare un contratto di assicurazione.
Gli specialisti della politica sulla privacy temono che il mercato dei dati personali diventi incontrollabile.
"Esistono programmi di protezione dei dati personali, che all'utilizzo dei dati delle ricette in tutti i casi lo collega all'approvazione della persona data.
Lo stesso dovrebbe essere in mani indipendenti, perché altrimenti "fidiamo il pollaio alla volpe" - cita il Washington Post a Richard Dick, progettista del programma di follow-up delle prescrizioni mediche.
Le compagnie di assicurazione fanno dipendere il prezzo dell'assicurazione e l'importo del risarcimento dallo stato di salute del cliente e se ritengono che il rischio sia eccessivo, semplicemente non fanno il contratto.
Prima hanno inviato il cliente al controllo medico e hanno firmato il contratto con lui conoscendo già il risultato del controllo.
Dick dieci anni fa ha inventato una procedura molto più economica: con il numero di identificazione del cliente ottiene facilmente dalle farmacie l'elenco dei farmaci acquistati nell'ultimo anno e mezzo e il programma stesso trae la conclusione sulle malattie e sullo stato di salute del cliente.
Ad esempio, se prendi costantemente grandi dosi di pillole per abbassare il colesterolo, indica che il livello di grasso nel sangue è praticamente incurabile, quindi sei immediatamente incluso in una categoria di rischio superiore.
Numerose versioni del programma circolano, alcune stabiliscono anche un numero di rischio, quindi la compagnia di assicurazione oltre alla gestione ha poco da fare, anche se ci sono piccole difficoltà al riguardo.
Tra gli svantaggi del programma c'è ad esempio che alcuni farmaci sono multiuso, ad esempio alcune sostanze servono sia per trattare il mal di testa che per le ondate di calore e persino come antidepressivi.
Quest'ultimo è un importante fattore di aumento del rischio per le compagnie di assicurazione, mentre i primi non lo sono.
Sono state costituite società speciali per consultare ed elaborare questi dati, che prima di acquisire dalle farmacie le informazioni necessarie, chiedono l'approvazione del paziente.
Le autorità li hanno già costretti a farlo, anche se non hanno ricevuto una multa per la negligenza finora.
Alcune aziende ultimamente elaborano anche i risultati degli esami di laboratorio e, collegandoli con i dati sul consumo di farmaci, ottengono informazioni più accurate sullo stato di salute del paziente.
Sempre più aziende hanno accesso a questi dati e contemporaneamente diventa sempre più difficile controllarne l’utilizzo.
Esiste una legge esclusiva per la protezione dei dati personali sulla salute, ma si applica solo alle compagnie di assicurazione e a quelle che forniscono servizi sanitari.
È già in corso al Congresso il disegno di legge che dà diritto all’autorità di controllo delle società specializzate nel conferimento dei dati personali.
Dick Richard riconosce che questo è insufficiente: ha quindi sviluppato il suo programma, che richiederà l'approvazione specifica della persona per fornire i propri dati personali.
È un'altra questione che tale persona non può negare la sua approvazione, perché altrimenti le compagnie di assicurazione non firmeranno con lui il contratto.
Così le galline, nonostante tutto, sono esposte alla buona volontà della volpe.
Menu globale di Marsiglia
L’Ue raddoppia gli scambi commerciali con l’India
Poiché l'Unione europea e l'India sono reciprocamente partner commerciali, questo tema, oltre agli altri problemi per lo più globali, ha dominato l'ordine del giorno del nono vertice.
Oggi si terrà anche un vertice franco-indiano, per discutere principalmente della cooperazione nel settore dell'energia nucleare.
Anche se l'Unione europea riconosce che l'India è una grande potenza democratica in via di sviluppo che dovrebbe avere più voce e voto negli affari internazionali, i paesi membri non sono ancora stati in grado di raggiungere un comune denominatore sull'opportunità di sostenere Nuova Delhi come membro permanente del Consiglio di sicurezza delle Nazioni Unite.
La questione non è stata affrontata al nono vertice iniziato ieri a Marsiglia.
Il presidente francese Nicolas Sarkozy, presidente di turno dell’UE, José Manuel Barroso presidente della Commissione e Javier Solana rappresentante principale della politica estera, hanno ricevuto Manmohan Singh, primo ministro dell’India con il quale hanno raggiunto un accordo per raddoppiare in cinque anni, cioè aumentare a oltre cento miliardi di euro, il loro scambio commerciale.
Considerando che tra il 2000 e il 2007 gli scambi di merci sono aumentati da 25 a 55 miliardi, non si tratta di un obiettivo eccessivamente ambizioso.
In questo modo hanno armonizzato giuridicamente le 26 convenzioni bilaterali in materia di aviazione civile esistenti con l'India, consentendo così anche al trasporto aereo di volare in futuro.
L'India vuole firmare l'accordo di libero scambio con l'Unione europea fino alla fine del 2009.
Sarkozy ha promesso di accelerare i negoziati.
L'obiettivo è l'equilibrio, perché mentre l'UE è il primo partner commerciale dell'India, Nuova Delhi è solo al nono posto tra i partner commerciali dell'Unione.
Il vertice ha rivolto la sua attenzione alle questioni globali.
Entrambe le parti hanno condannato la situazione afghana e pakistana e il terrorismo - tutte le forme di quest'ultimo - e hanno sollecitato la convocazione di una conferenza delle Nazioni Unite.
La conclusione del round di liberalizzazione commerciale di Doha è stata inoltre sollecitata, anche se entrambe le parti hanno una grande responsabilità per il suo fallimento.
L'UE ha confermato che si aggrapperà al suo programma energetico e climatico, cioè entro il 2020 vuole ridurre le emissioni inquinanti di almeno il 20%.
Anche l'India è d'accordo su questo, così come la conferenza sul clima del prossimo anno dovrebbe raggiungere un accordo globale e ridurre la produzione di gas serra del 50% entro il 2050.
Desiderano inoltre ostacolare l’aumento dei prezzi dei prodotti alimentari e hanno sostenuto la convocazione di una conferenza internazionale per rivedere la crisi finanziaria.
Oggi il capo del governo indiano si recherà nella capitale francese, dove – in un incontro bilaterale – firmerà un accordo sull’uso pacifico dell’energia nucleare.
Parigi spera che le aziende francesi riceveranno ordini per un valore di 20 miliardi di euro per costruire reattori nucleari.
Secondo l'agenzia di stampa, l'accordo sarebbe per un periodo di 15 anni.
A Francoforte più di trecento editori italiani
Forte presenza degli editori italiani alla mostra internazionale del libro di Francoforte.
Saranno oltre trecento gli editori italiani presenti alla 60° edizione della Buchmesse, il più importante incontro internazionale per lo scambio di diritti.
La mostra internazionale del libro di Francoforte attende per questa edizione oltre 7mila espositori provenienti da 102 paesi diversi che occuperanno i 171.790 metri quadrati della mostra con oltre 403.000 titoli in mostra e con la Turchia come ospite d’onore.
Sarà il sottosegretario del Ministero dei beni e delle attività culturali Francisco Maria Giro a rappresentare il governo italiano nella cerimonia di inaugurazione del padiglione Italiano: l'Italia sarà presente istituzionalmente ed efficacemente con un punto Italia - 264 metri quadrati di spazio espositivo.
Seguirà un incontro con la stampa nella Room Structure nel padiglione 5.0 della Buchmesse: questa sarà l’occasione per presentare numeri, tendenze e prospettive sullo stato delle case editrici in Italia.
Secondo i dati, il peso dei libri di autori stranieri diminuisce progressivamente sul totale della produzione italiana, in particolare quella per adulti e adolescenti.
Trovato l'aereo di Steve Fossett il milionario scomparso un anno fa
Sono stati trovati i resti dell’aereo di Steve Fossett, il milionario scomparso il 3 settembre 2007 mentre sorvolava il deserto del Nevada.
I detriti sono stati trovati su un altopiano a 3000 metri di altitudine, nella zona della Sierra Nevada di Mammoth Lakes, al confine tra California e Nevada.
All’interno dell’aereo non c’erano resti umani.
Il commissario di Madera County, John Anderson, ha dissipato i dubbi che rimanevano: "L'aereo è stato localizzato, abbiamo inviato una squadra, e ora abbiamo la conferma che si tratta proprio di ciò su cui Steve Fossett stava volando il giorno della sua scomparsa" ha detto in una conferenza stampa.
Il commissario ha precisato che non sono stati trovati resti umani né sull’aereo né nei dintorni.
Il miliardario, 63 anni, è stato dato per morto a febbraio.
L'ufficio americano per la sicurezza dei trasporti (Ntsb) ha fatto sapere che poche ore dopo l'avvistamento dei resti, è stata inviata una squadra di ricercatori che ha identificato l'apparecchio: si tratta proprio della Bellanca 8kcab, dispersi dal 3 settembre 2007, quando Fossett decollò da Yerington in Nevada per un volo di tre ore.
Ieri, sempre in California, non lontano dal confine del Nevada, alcuni resti personali di Fossett sono stati trovati da una coppia vicino alla loro casa di Mammoth Lakes.
Si tratta di due documenti con il nome di Fossett, entrambi emessi dalla Federal Aviation Administration dell'Illinois, contanti e una felpa.
La ricerca di Fossett era stata interrotta un mese dopo la sua scomparsa.
Il miliardario aveva conquistato un posto nella storia grazie a una lunga serie di primizie.
Nel 2002, al sesto tentativo, era diventato il primo uomo a completare il giro del mondo in un pallone aerostatico: due settimane di volo solitario.
Tre anni dopo aveva fatto il giro del mondo in aereo e senza scali.
Tra i suoi record, anche quello di aver volato a 15.445 metri di altezza, sopra le Ande, ma con un copilota.
Glk, la pubblicità che non ti aspetti
Un SUV fuori dagli schemi con un design originale e ben definito con linee definite e angoli determinati.
Questo, in sintesi, Glk l'ultimo nato tra i furgoni fuoristrada "compatti" della casa della stella con cui Mercedes-Benz ha cercato di dare una finestra di novità in questo settore.
Proprio per i contenuti fuori dal tradizionale, sarà inaspettata e non convenzionale, la comunicazione che accompagnerà il lancio del suv Glk, disponibile negli showroom Mercedes-Benz dal prossimo 17 ottobre.
La campagna pubblicitaria che accompagnerà il debutto della nuova vettura lancerà una modalità di comunicazione inedita attraverso una campagna pubblicitaria in 3D, utilizzata per la prima volta in Italia da un marchio automobilistico.
Un progetto con maxi-poster, articolato in tre diverse fasi, che dominerà la via centrale dello shopping milanese, viale Como, fino al 15 novembre.
La prima fase di questo nuovo tipo di comunicazione inizierà con la presentazione della vettura in versione stereoscopica e grazie a speciali occhiali distribuiti sul viale Come sarà possibile vedere il nuovo suv in dimensioni quasi reali e in formato tridimensionale.
Guardando le immagini si avrà l’impressione che l’auto esca dal poster.
Successivamente, attraverso l’utilizzo dell’innovativa tecnologia Elumina8, la nuova Glk sarà illuminata in tempi diversi in tutti i suoi dettagli, per ricomporsi in un’unica immagine.
Senza dubbio Mercedes con questa pubblicità sta cercando di introdurre qualcosa di nuovo nello stereotipo della comunicazione automobilistica.
Con questa formula riuscirete a catturare l’interesse dei futuri acquirenti? vedremo.
Chi sono gli hooligan italiani
Al Triveneto si gioca il divieto di accesso alle manifestazioni sportive.
Ma chi sono quei 150-200 ragazzi e ragazze di cui l'Italia ora si vergogna? fanno parte del gruppo "Ultra Italia" che segue da anni la Nazionale Italiana e che finora, a dire il vero, non aveva mai creato troppi problemi.
Non si sono mai incontrati con i tifosi del rivale.
L'estrazione del gruppo è di destra.
I promotori provengono dal Triveneto.
Da Verona, Padova, Trieste e Udine.
A questi di Sofia si sono aggiunti un piccolo gruppo (poche unità, in realtà) della Campagna e della Puglia.
Hanno bandiere di tre colori dove appare la città di origine dei militanti: sabato sera sono state tirate fuori per non essere identificate.
Si ispirano ai fanatici inglesi.
In Bulgaria hanno trovato un gruppo di veri fanatici nazisti, quelli del Levski.
La Figc aveva messo a disposizione dei fan italiani 144 biglietti per la partita: tutti già con i nomi, quindi facilmente controllabili.
E il ministro dell’Interno li aveva già controllati tutti: tra quelli che erano partiti per Sofia non c’era nessuno con un Daspo (divieto di accesso ad eventi sportivi) in quel momento, nessuno che gli avesse proibito di frequentare uno stadio.
Quattro fan italiani, che avevano precedenti penali negli stadi, hanno rifiutato il biglietto e anche il viaggio.
Ora il ministero dell’Interno spera di leggere gli atti che arrivano dalla polizia bulgara per intervenire: in questo caso, è possibile dare il Daspo (divieto di accesso agli eventi sportivi) per almeno cinque anni ai fanatici che sono stati arrestati o a chi è stato identificato nei disordini.
Un Daspo (divieto di accesso agli eventi sportivi) internazionale che impedisce di frequentare non solo gli stadi italiani ma anche quelli di tutta Europa.
I nostri teppisti non metteranno più piede in uno stadio.
Per fortuna!.
Ma ora c’è il timore dell’imitazione: che a quei pochi cinquanta se ne aggiungano altri.
"Dobbiamo spegnere subito questo incendio e non legittimare chi si comporta in questo modo", sostengono dal ministero dell'Interno.
Per questo, “occhi ben aperti” soprattutto in vista della partita della Nazionale di mercoledì a Lecce”.
In Puglia c'è anche un piccolo nucleo di supporti da Ultras Italia.
Domani si riunisce l'Osservatorio, martedì il Cams che può contare anche su una sezione dell'Aise (agenzia di informazione e sicurezza esterna, cioè il servizio segreto, che si occupa proprio dei problemi negli stadi.
"I cori di Duce-Duce e il braccio sollevato durante l'inno di Mameli? In Bulgaria non è un reato ...".
Questo è il pensiero (espresso in maniera poco felice) di Domenico Mazzilli, da poche settimane direttore dell’Osservatorio del ministero dell’Interno (ha preso il posto che prima era di Francesco Tagliente e poi di Felice Ferlizzi).
Mazzilli era stato capo di Trieste della pubblica sicurezza dove c’è un nucleo di sostenitori del gruppo Ultras Italia, fondato nel 2002.
È vero, come dice Mazzilli, che in Bulgaria non è reazionario celebrare il Duce ma sì, il comportamento di quei 150-200 fan che è stato imbarazzante.
“Io non faccio il sociologo – aggiunge il n.1 dell’Osservatorio – i reati sono attribuiti nei paesi in cui avviene il fatto.
Finora questo gruppo si è comportato bene, ora vedremo cosa è successo e ne terremo conto per il futuro.
Ma parliamo anche dei fischi all’inno di Mameli: anche quelli non sono un reato, ma se lo permettono non sono neanche di educazione...».
