Sieg der populistischen Rechten in Österreich, zusammen bilden 29%
Die vorgezogenen Wahlen zum österreichischen Parlament haben nach den ersten ungefähren Ergebnissen, einer spürbaren Schwächung der beiden Parteien der heutigen großen Koalition und einer ausdrucksvollen Stärkung der populistischen rechten Partei geführt.
Starke und besondere Verluste hat die Österreichische Volkspartei (OVP) erlitten, wo die Position des derzeitigen Präsidenten Wilhelm Molterer ernsthaft erschüttert wird.
Im Gegenteil, der Führer der Allianz für die Zukunft Österreichs (BZO), der Regierungschef des Bundesstaates Kärnten, Jörg Haider, bereitet seine triumphale Rückkehr in die nationale Politik vor.
Nach den ungefähren Ergebnissen bleibt die Sozialdemokratie (SPÖ) mit 29,8 Prozent der Stimmen die stärkste Partei im Land, so dass sie im Vergleich zu den letzten Wahlen im Jahr 2006 um 5,5 Prozent an Stimmen verliert.
Schlimmer noch ist die UVP, die 25,6 Prozent verliert, fast neun Prozent der Stimmen beendet.
Das sind die schlimmsten, buchstäblich katastrophalen Ergebnisse in der Geschichte dieser beiden großen österreichischen Parteien seit der Nachkriegszeit und besonders für die Volksvertreter, die diese vorgezogenen Wahlen einberufen haben.
Noch Anfang Juli, als die UVP die Koalition verließ, hatten die Volksvertreter in Bezug auf die Präferenz gegenüber der SPO einen erheblichen Vorteil.
Es ist jedoch klar, dass die Wähler sie bestraften, weil sie die Regierung seufzten ließen.
Schon in den ersten Reaktionen auf die Ergebnisse gab es Spekulationen über den Rücktritt des Parteivorsitzenden und bis heute Vizekanzler Wilhelm Molterer.
Die Beobachter sind der Ansicht, daß dies bereits am Montag bei der außerordentlichen Sitzung des Parteivorsitzes erreicht werden könnte.
Eine solche Entwicklung würde natürlich den Weg für einen konstanten und näheren Ausgangspunkt für die Wahlergebnisse erleichtern, d. h. für die Erneuerung der großen Koalition zwischen SPO und OVP.
Angesichts der Tatsache, dass die Stärkung der beiden Parteien der populistischen Rechten - die Liberalen (FPO) etwa 18 Prozent und die BZO 11 Prozent der Stimmen gewonnen haben - und dass die Sozialdemokraten gleichzeitig ihre Befürchtungen zum Ausdruck brachten, dass das gleiche Jahr 1999 wiederholt werden sollte, als die Volksvertreter mit den Populisten verhandelten (damals war FPO eine Einheit, aber 2005 wurde sie von BZO zerstückelt) für eine Koalitionsregierung, die zu einer Sanktion durch die Europäische Union führte.
Für diese Entwicklung setzt Haider eindeutig, der bereits angekündigt hat, dass er bereit ist, mit jeder Partei zusammenzuarbeiten, und dass er bereits seine Rückkehr nach Wien in die nationale Politik übernimmt.
Auch die Grüne Partei hat es geschafft, das Parlament zu erreichen, obwohl sie etwas verloren hat und von der dritten auf die fünfte Stelle unter den österreichischen politischen Parteien gefallen ist.
Keine andere Partei hat die Grenze von vier Prozent eindeutig überschritten und ist daher nicht Teil des Parlaments.
Schwarzenberg: Die Beziehungen zu Indien können abkühlen
Wenn es nicht gelingt, das Problem der tschechischen Wissenschaftler zu lösen, die in Indien wegen rechtswidriger Abholung von Käfern angeklagt wurden, könnte es zu einer Abkühlung der Beziehungen zwischen der Tschechischen Republik und Indien kommen, so der Außenminister Karel Schwarzenberg.
So äußerte sich der Minister in New York nach dem heutigen Treffen mit seinem indischen Amtskollegen Pranab Mukherjee.
"Wenn dies dann nicht gelöst würde, dann würde es sicher zu einer solchen Abkühlung kommen," stellte er nach dem Treffen, das auf tschechischer Initiative stattfand, fest.
Mukherjee sagte nach dem Treffen, dass die Exekutive kaum in rechtliche Angelegenheiten hineingezogen werden könne.
Er erklärte jedoch, dass die Regierung im Fall von Petr Švácha, der von der Anklage befreit und mit einer Geldstrafe bestraft wurde, mit der lokalen Regierung von Darjiling verhandeln könne, deren Zuständigkeit die Angelegenheit betreffe.
"Ihr Problem könnte gelöst werden," sagte der Minister.
Für Emil Kučera, der zu drei Jahren Haft verurteilt wurde, wäre es nach Mukherjee am besten, sich an die höchsten Instanzen zu wenden.
Dann können Sie beantragen, die Sache zu befreien und warten auf das Urteil, erklärte er.
Schwarzenberg bestätigte, dass sein Kollege sich während des Treffens zu den gleichen Bedingungen äußerte.
"Er rät, sich an das Oberste Gericht zu wenden, und dann wäre eine Begnadigung möglich," sagte der Leiter der tschechischen Diplomatie.
Der einzige Weg, wie die tschechische Seite in die Sache eindringen kann, besteht darin, dem Verurteilten eine "zuständige juristische Unterstützung" zu verschaffen, sagte der indische Minister.
Auf der anderen Seite sagte er, dass eine solche Unterstützung bereits durch den indischen Teil erreicht wird.
"Wir haben das größte Interesse daran, mit Indien die besten Beziehungen zu pflegen, die eine lange Tradition haben.
Die Indianer erkennen das auch," sagte Schwarzenberg.
Wie die ČTK sagte, bestand sie vor ihrem Kollegen darauf, dass die Tschechische Republik das Problem der tschechischen Entomologen von großer Bedeutung betrachtet.
"Wir halten es wirklich für einen großen Fehler, diese tschechischen Wissenschaftler einzusperren und zu verurteilen," sagte er.
Der Minister lehnte die Antwort auf die Frage ab, ob er von der indischen Seite das Versprechen erhalten habe, sich mit der Angelegenheit zu befassen.
"Ich habe genug Versprechungen bekommen," stellte er nur fest.
Ein Tschechien kämpft auf dem Meeresboden
Ich nähere mich einer elektronischen Wandkarte, auf der Australien von Meer umgeben dargestellt wird.
Sie interessiert sich jedoch nicht für den Kontinent, sondern für einen kleinen verlorenen Punkt im blauen Ozean.
"Die Insel gehört Australien und neben ihr auch der Meeresgrund, der sie umgibt.
Die Region ist gleichzeitig so groß wie ein Kontinent," sagt der italienische Anwalt Luigi Santosuosso, der dem 30-köpfigen Team angehört, das in der Abteilung für Meeres- und Meeresrecht der Vereinten Nationen tätig ist.
Sein Chef, Abteilungsleiter, tschechischer Anwalt Václav Mikulka, folgt der Ausstellung und manchmal auch der vollständigen Ausstellung.
Es regiert diese Schönheit und Begeisterung der Arbeit.
Der Meeresboden verbirgt bis heute eine unbekannte Welt, reich an natürlichen Quellen.
Öl und andere mineralische Rohstoffe können gefunden werden, aber auch unbekannte Organismen, die an sich den Schlüssel für die Entwicklung von Arzneimitteln gegen Krebs tragen.
Der Boden ist größer als das Festland.
Die Länder mit der Küste haben heute begonnen, die neuen Gebiete unter dem Meer heftig zu streiten.
Gemäß dem UN-Vertrag nutzen sie die im Jahre 1982 in Montego Bay in Jamaika vereinbarten Rechte.
Es handelt sich im wesentlichen um den sogenannten Kontinentalrand, der sich manchmal auf einige hundert Kilometer von der Küste des Landes erstreckt.
Dieser hat nach dem Vertrag ausschließliche Rechte auf allen Ressourcen des kontinentalen Rands.
"Der Festlandsrand ist nur der Teil des Meeresbodens und seine Oberfläche, die natürliche Fortsetzung des Kontinents unter Wasser ist.
Sie reicht bis an die Meeresküste und oft bis an die Grenze von 200 Seemeilen, das heißt reiner Wirtschaftszone," erklärt Mikulka.
Der Antrag, den das betreffende Land an die Kommission zur Abgrenzung der äußeren Grenzen des Festlandes richtet, muss mit wissenschaftlichen Unterlagen übermittelt werden, die auf Forschung und Maßnahmen beruhen.
Es ist das Ergebnis einer Reihe von Jahren der Vorbereitung der Arbeiten.
"Eine unserer Aufgaben ist es, eine technische und rechtliche Sonderhilfekommission zu organisieren.
Der Ausschuss hat bis heute fünf Anträge aus Russland, Brasilien, Australien, Irland und Neuseeland bearbeitet.
Nur in den letzten drei Ländern sind bisher Fortschritte erzielt worden," fügt Mikulka hinzu.
Vor nicht allzu langer Zeit hatte Australiens Erfolg weltweite Auswirkungen, da es die erste war, die seine Meeresherrschaft im Wesentlichen erweitert hat.
Aber auch Neuseeland hat es geschafft - die Meeresgrundfläche, die ihm die Kommission letzte Woche gewährt hat, beträgt 1,6 Millionen Quadratkilometer, das ist fast sechsmal so groß wie die Größe des Staates selbst.
Beide Länder investierten Millionen von Schmerzen für ihr Studium.
Der Gewinn, der sich aus der Nutzung des Meeresbodens ergeben wird, wird, wie sie versprechen, unschätzbar sein.
Auch andere Staaten stellen ihre Anträge nach und nach vor.
Sie können dies bis zu zehn Jahren ab dem Zeitpunkt der Ratifizierung des "Vertrags von Montego Bay" tun.
Dort, wo der Kontinentalrand endet, beginnt die Region des Meeresgrundes, die durch Vertrag als "gemeinsame Erbschaft der Menschheit" bezeichnet wird.
Schon hier hat keine Nation eine exklusive Position.
Das Ausbeutungsrecht in diesen Gebieten wird von den Verträgen, die von internationalen Institutionen geschaffen wurden, verwaltet.
"Der Meeresboden ist jedoch keine Goldmine," sagt Direktor Mikulka mit Nachdruck, indem er hinzufügt, "dass seine getrennten Gebiete legal und deutlich eingeschränkt sind und seine vertraglich festgelegte Regelung."
Die Tschechen im Pazifik
Und heute gehört auch ein Teil des Meeresbodens der Tschechischen Republik.
Es wird mit anderen Ländern des damaligen Ostblocks innerhalb der gemeinsamen Organisation "Interoceanmetal" verteilt.
Er hat es 1991 mit einem Vertrag als Investoren geschafft, ebenso wie wenige andere Staaten, die sogenannten "Pionierinvestoren."
Er kann im Bereich ClarionClipperton im Pazifischen Ozean zwischen Mexiko, den Hawaii-Inseln und Kiribati explodieren.
Das Gebiet, das vom Investor zu untersuchen ist, ist etwas größer als die ehemalige Tschechoslowakei.
Der Hintergrund dort ist chaotisch, es ist so etwas wie eine Meeresreplik der Tatra.
"Eine Fläche von insgesamt 75.000 Quadratkilometern kann ausgebeutet werden.
Das Gebiet ist reich an polymetallischen Deponien, die Nickel, Kupfer, Kobalt und Mangan enthalten," fügt der indische Anwalt Pakshi Rajan hinzu.
Ein mazedonischer Angestellter der Division, Rober Sandev, bringt uns eine Probe dieser Art von Konkretisierung.
Er erinnert uns an eine kleine Kartoffel oder ein bisschen Fantasie, den Shem, der nach der Legende den Golem überlebte.
Während der Freilassung der Geiseln war das deutsche Spezialkommando am Tatort.
Um die Geiselkrise zu lösen, hatte die ägyptische Regierung Deutschland um Hilfe gebeten - Experten kamen.
Als die Situation ernst wurde, war das Spezialkommando bereit, aber die Operation wurde nicht durchgeführt.
Über die Umstände der Freilassung von 11 europäischen Touristen in Ägypten werden immer mehr Details bekannt.
Nach Angaben des Verteidigungsministeriums und des Innenministeriums nahmen auch die deutschen Sonderkräfte indirekt an der Rettung teil.
Daher waren am Ort der Freilassung die deutschen Armee-Spezialisten sowie GSG-Beamten 9, Bundespolizei-Flugzeuge vom Bundesamt für Kriminalermittlung auch Experten im Logistikbereich der technischen Wohltätigkeitseinrichtung.
Wie die Sprecher der Ministerien am Montagabend berichteten, brauchten die deutschen Truppen nicht, weil Entführer, die eine gewaltsame Befreiung bemerkten, ihre Gefangenen gehen ließen und entkamen.
Die ägyptische Regierung akzeptierte die Hilfe Deutschlands, um sie als Unterstützung vor Ort zu nutzen.
"Glücklicherweise ist dieser Zeitpunkt nicht gekommen ," sagte ein Sprecher des Bundesministeriums des Innern.
Am 19. September hatten die Angreifer im Süden Ägyptens eine Gruppe von Reisenden entführt, die aus fünf Deutschen, fünf Italienern, einer Rumänin und acht ägyptischen Begleitern bestand.
Nach der Entführung in der Wüstenregion Südägypten wurden die Geiseln auf der einen Seite im Grenzgebiet zwischen Ägypten, Libyen, Sudan und Tschad deportiert.
Die Identität der Entführer wurde bis zum Ende sowie die Einzelheiten der Freilassung oder mögliche Rettungszahlungen unbekannt.
In der Zwischenzeit kamen die geretteten und geretteten Menschen nach Kairo.
Steinmeier sagte, dass die befreiten Geiseln unter der Aufsicht der deutschen Botschaft waren.
Er hat kein Wort über die Einzelheiten der Befreiung gesagt.
Zu Beginn in Berlin gab es keine Informationen über ihre Rückkehr nach Deutschland.
Laut der Zeitung "Bild" müssen fünf Touristen und Spezialeinheiten am Dienstag in Airbus von den deutschen Luftstreitkräften zurück nach Deutschland kommen.
Das Repräsentantenhaus der Vereinigten Staaten billigt das Rettungspaket nicht
Die erste Kammer des US-Kongresses ließ ein großes Rettungspaket von 700 Milliarden Dollar für die Finanzmärkte mit knappem Erfolg versagen.
Dow Jones fiel sehr drastisch.
Das Repräsentantenhaus der Vereinigten Staaten lehnte mit 227 gegen 206 Stimmen das Regierungspaket zur Rettung der Finanzmärkte ab.
Trotz aller Appelle von Präsident George W. Bush und ehemaligen Politikern beider Parteien kam es nicht zu einer Mehrheit für das Programm, mit dem die Unordnung auf den Finanzmärkten begrenzt werden sollte.
Mit einer dramatischen Aktion hatten verzweifelte Verteidiger immer noch versucht, Kritiker zu überzeugen, das große Paket von 700 Milliarden Dollar anzunehmen.
Barney Frank, der Führer der demokratischen Verhandlungen, hatte die Abgeordneten gebeten, eine Abstimmung durchzuführen, obwohl der Plan nicht so populär ist.
"Es ist schwierig, politische Zustimmung zu erhalten, um etwas zu vermeiden, was noch gar nicht geschehen ist," räumte er ein.
Bereits während der Abstimmung fiel Dow Jones auf mehr als 6 Prozent oder 600 Punkte.
Die Ursache dafür waren die Sorgen der Investoren, dass das staatliche Rettungspaket scheitern könnte.
Er ruhte am Ende der Abstimmung und nachdem das Scheitern öffentlich gemacht wurde, fiel er erneut.
Die Experten haben auf den internationalen Finanzmärkten weitere schwere Turbulenzen zu verzeichnen.
Um das Programm in Kraft zu setzen, müssen sowohl das Repräsentantenhaus als auch der Senat die Zustimmung erhalten.
Die Organisatoren registrieren die Zunahme der Anzahl der Buchungen
Es scheint ein guter Winter für deutsche Reiseorganisatoren zu sein:
Laut einer Studie stieg das Umsatzvolumen der Reisebuchungen für die kommenden Monate im Vergleich zum letzten Jahr - sogar die Wintersaison um mehr als 30 Prozent.
Laut einer Studie bleibt der Wunsch der Deutschen, trotz der geschwächten Konjunktur zu reisen, wie vorher.
Wie der Deutsche Reiseverband (DVR) am Montag in Berlin berichtete, mit Reisebuchungen für die Wintersaison haben Reisebüros ein Umsatzvolumen registriert, das 31 Prozent mehr im Vergleich zum gleichen Zeitraum des letzten Jahres ist.
Nach Angaben des GfK-Marktforschungsinstituts waren die Reserven für die Herbstmonate bereits gestiegen.
So war das Umsatzvolumen der Reisebüros im Oktober fast elf Prozent mehr als 2007, berichtete die DVR.
Grundlage für die Ergebnisse sind GfK-Zahlen, die Informationen über Buchungen in 1200 Reisebüros analysiert und rund für den gesamten Markt berechnet sind.
Bei den gesammelten Daten handelt es sich um Reisebuchungen bis Ende August 2008.
Aufgrund des geschwächten Dollarkurses sind die Reisen in die Vereinigten Staaten von großer Nachfrage, berichtete der DRV.
In diesem Fall stieg die Anzahl der Buchungen auf fast ein Drittel.
Die bevorzugten Zielorte der Deutschen sind nicht nur Spanien, die Türkei und Griechenland, sondern auch die Regionen Deutschlands.
Vor allem organisierte Reisen sind sehr beliebt, erklärt Klaus Laepple, der Präsident der DRV.
Angesichts der Tatsache, dass die Energie- und Lebensmittelpreise steigen, sind in diesem Fall die Reisekosten "für den Kunden besser kalkulierbar als während einer individuellen Reise."
Unter anderem können Verbraucher Geld sparen mit Frühbucherrabatten oder mit All-Inclusive-Angeboten, erklärte Laepple.
Auch in den Sommermonaten waren die Reisen gut reserviert, so dass der Umsatz im Vergleich zum letzten Jahr wieder gestiegen ist - obwohl nach einer anderen Studie die Zahl der Deutschen, die eine Reise durchführten, im Vergleich zum letzten Jahr sank.
Mein erster Oktoberfest
Die Hits der Feste unter dem offenen Himmel im endlosen Kurort, das Bier in ein Liter Krüge und die berühmten Menschen in traditionellen bayerischen Anzügen von Designern gekleidet.
Ein Debüt in einem Zelt.
Susanne Kronzucker und ich haben nicht viel gemeinsam.
Sie ist blond, die Moderatorin im Fernsehen und trägt einen maßgeschneiderten traditionellen bayerischen Anzug.
Ich habe dunkle Haare, ich bin Student und mein Kleid ist schon getragen.
Aber es gibt eine Sache, die uns verbindet: Wir sind gerade im Zelt, die Fotografen sind bereits auf uns zu und füllten ihre Speicherkarten mit Fotos - es ist sehr glatt, vor allem, weil ich zum ersten Mal in Oktoberfest bin.
So macht man sich Freunde.
Die billige traditionelle bayerische Kostüme scheinen ihre Funktion zu erfüllen.
Eigentlich als Tourist im Oktoberfest aus Norddeutschland war mein Wohlgefühl mit einem traditionellen bayerischen Kostüm bis heute noch begrenzt.
Aber nachdem wir Teresas Prado erreicht haben, ist alles nicht so schlimm.
Fast jeder trägt traditionelle bayerische Kostüme oder Lederhosen; kein scheint zu hören oder unangenehm zu fühlen - alles ist absolut normal.
Nur meine Schürze bekommt seltsame Blicke neben einem Bananenstand in der Schokolade.
Eine wunderbare Frau lenkte meine Aufmerksamkeit auf meine Schürze, die ich falsch angezogen hatte: "Die linke Seite ist ledig, die Hälfte ist die Jungfrau, auf der rechten Seite ist sie verlobt, hinter ihr ist sie Witwe."
Oh Gott, jetzt drücke ich mich von hinten nach links.
"Okay," sagt er lachend.
Die anderen kümmern sich nicht um viele subtile Methoden, um zu flirten und tragen Mützen, wo geschrieben steht "To drink to get dressed!" und zeigen, ohne zu fragen, ihren Arsch Knoten.
Ein junger Mann, der sich exhibitionistisch verhält, heißt Bob, kommt aus England und ist auch zum ersten Mal im Oktoberfest.
Er sieht aus wie "Gorgeous," was er mit einem sehr langen "oder" ausdrückt.
Er erzählt es mir, nachdem er sein Glas mit einem Liter Bier, das er gerade getrunken hat, neben sich gelegt hat.
Er stand direkt neben dem Feuermund, die meisten halten das für einen Mülleimer.
Dann ist Bob eine der berühmten Leute, die viel trinken können.
Die anderen haben nicht viel Glück und können nicht so viel Alkohol trinken.
Um acht Uhr abends rennen die Sanitäter durch den Partyplatz und müssen sich um arme Betrunkene sorgen.
Die Toiletten erscheinen jedes Mal in Gruppen - plötzlich sind es immer vier Menschen, die die überdachten Straßen von einem Zelt in das andere bringen.
Das funktioniert wie bei den meisten Besuchern: Sie kommen nüchtern, sie kommen betrunken zurück.
Man sieht nicht, wer unter Alkoholikern leidet und auf den Straßen ist.
"Sie sind diejenigen, die "nicht mehr können," gab mir die Antwort ein Sanitäter beantwortet meine Frage und verschwand in Tumult.
Von der Polizei identifiziertes Unfallopfer
Die 63-jährige Fußgängerin, die im Krankenhaus starb, wurde identifiziert, nachdem sie von einem Fahrzeug in der Grafschaft Essex getroffen wurde.
Carole Paulson von der Chelmsford Road in Brentwood wurde am Freitagnachmittag in den Unfall in der Shenfield Road verwickelt.
Die Frau wurde ins Queen's Hospital in Romford gebracht, aber später starb sie.
Nach dem Unfall wurde ein 51-jähriger Mann unter Verdacht auf nachlässiges Fahren verhaftet.
Seitdem wurde er auf Kaution entlassen.
Die Türkei erweitert ihre diplomatischen Horizonte
Lange bevor die Türkei Mitglied der Europäischen Union wurde, neigten die europäischen Mächte zu dem Wunsch, in dieses Land einzudringen.
Im östlichen Teil des Bosporus, vielleicht nur 20 Schritte nach innen Asien, befindet sich eines der interessantesten Relikte des katastrophalen kaiserlichen Ehrgeizes.
Der Hydarpasha Bahnhof wurde von zwei deutschen Architekten Otto Ritter und Helmut Conu im neo-renaissance-Stil entworfen.
Zumindest sagen die Führer das.
Das Gebäude steht am Ende der Plattformen und trägt zwei Türme, eine für jede Ecke, und sieht aus wie ein typisches deutsches Rathaus.
Der Stein ist schmutzig.
Das Gebäude in seinem Komplex ist etwas dekadent.
Aber sobald der Tresorschrank überstanden ist, gibt es keinen Zweifel daran, was die Größe des Unternehmens war, dass dies die westlichste Tür war.
Die Station wurde im August 1908 vom deutschen Konsortium Anatolien-Bagdad Corporation eröffnet.
Deutschland, ein "latecomer" im kaiserlichen Spiel, hatte den Ehrgeiz, den Nahen Osten durch diese Eisenbahn zu beherrschen, die nach Damaskus, Bagdad, und darüber hinaus in dem, was heute Saudi-Arabien ist geheilt wurde.
Doch die Ambitionen dieses imperialen Deutschland scheiterten während des Ersten Weltkrieges.
Seine Schienen wurden von Lawrence aus Arabien und seinen irregulären Arabern angegriffen.
Aufgrund der relativen Isolierung der umliegenden Regionen, die durch die gefrorenen Grenzen des Kalten Krieges entstanden ist, fiel sie unter
britische Herrschaft und als die Kräfte in Ägypten vorrückten, zwangen sie die Türken und ihre deutschen Verbündeten außerhalb Palästinas und Syriens.
Die Nachrichten waren auch schlecht für Hyderpasha Station.
Im Jahre 1917 explodierte ein Munitionszug, der sein ausgeklügeltes Dach zerstörte.
Die türkischen Quellen kommentierten, dass es sich um eine Sabotage handelte.
Seitdem ging die Station ab und blieb am Rande der Geschichte.
Aber heute dient diese Eisenbahn, ein Tor zu Anatolien und allen östlichen Zentren, zumindest symbolisch dazu, den Willen der Türkei zu unterstreichen, ihre diplomatischen Horizonte zu erweitern.
Die Partei für Gerechtigkeit und Entwicklung, die der Regierung angehört - die AKP - hat eine neue Außenpolitik für das Land geplant.
Die relative Isolierung der umliegenden Regionen, die durch die gefrorenen Grenzen des Kalten Krieges entstanden ist, ist verschwunden.
Jetzt gibt es eine neue Partnerschaftspolitik.
Die türkische Regierung unterhält ausgezeichnete Beziehungen zu Israel und Syrien, zu beiden palästinensischen Parteien der Hamas und der Fatah, zum Irak und zum Iran und natürlich zur Europäischen Union und zu den Vereinigten Staaten.
Um die Parameter dieser neuen Außenpolitik zu bewerten, ging ich auf ein Bett und ging in die türkische Hauptstadt Ankara, um einen der außenpolitischen Führer der AKP, den türkischen Premierminister Suat Kiniklioglu, zu besuchen.
Am nächsten Morgen - etwa zehneinhalb Stunden später - kam ich nach einer Reise der Schocks, was die Hürden der alten Welt in der berühmten Dokumentarfilm The Night Mail verursachte, in die türkische Hauptstadt - eine neue Stadt, gedacht, um einen neuen säkularen Staat zu regieren, weit weg von der osmanischen Vergangenheit.
Die AKP mit ihren klaren islamistischen Wurzeln stellt jedoch einen Paradigmenwechsel im türkischen Konsens dar.
Es gibt einen gewissen Verdacht im Westen und vor allem in Washington.
Ein Taxi bringt mich zum Sitz der AKP, einer ultramodernen Struktur aus Stein und Stahl - gebaut ad hoc - in einem sich entwickelnden Vorort, umgeben von durchschnittlichen Einkaufszentren und "Machtpastellereien," wo Manager der Mittelklasse in Geschäftsanzügen - Männer und Frauen - sich am frühen Morgen treffen, um sich zu einigen und Geschäfte zu machen.
Suat Kiniklioglu könnte ein Mitte-Rechts Politiker fast jeder Partei in Europa sein.
Anzug, Krawatte, ich bin sicher, er hat noch einen Blackberry.
"Das Ziel der Außenpolitik der Partei besteht darin, die Türkei wieder in ihre unmittelbare Nachbarschaft zu integrieren.
Der Kalte Krieg war eine Anomalie."
Die Türkei wurde in den Beziehungen zu ihrem Inneren unterbrochen.
Heute müssen Sie gleichzeitig nach Osten und Westen schauen.
Es geht nicht um einen Fall, wenn es nicht um den einen oder anderen geht.
Sie müssen beides tun.
"Aber sicher irgendwann," frage ich Sie, "Die Türkei könnte gezwungen sein, wählen?"
"Die Türkei," antwortete er, "sie will diese Wahl nicht beleidigen."
Er unterstreicht einen Punkt, mit dem mich fast alle, mit denen ich bis dahin gesprochen habe, fast auswendig zitiert haben: Die Beziehungen, die die Türkei nicht nur mit dem Nahen Osten, sondern auch mit der Kaukasusregion und mit dem gesamten Schwarzen Meer unterhält, sind für Europa und die Vereinigten Staaten wie für die Türkei selbst von Vorteil.
Die Botschaft scheint zu sein: Mit der Türkei an Bord kann Europa in seinem Komplex metaphorisch jene Eisenbahnstrecken bauen, die die Welt nach Ostasien und dem Nahen Osten öffnen.
Wieder zur Hydarpasha-Station, nach einer zweiten Nacht ohne Schlaf, kehrt mein Gedanke zu den beiden deutschen Herren Herrn Ritter und Herrn Conu zurück, die vor 100 Jahren am Bau dieses Gebäudes teilgenommen hatten.
Wie überrascht wären sie gewesen, wenn sie gewusst hätten, dass die Ambitionen Europas im Nahen Osten heute größtenteils in den Händen der Türkei liegen würden?
Und in Erwartung der Fähre, die mich durch den Bosporus zurückbringt, erinnere ich mich, dass die Türkei damals als "der kranke Mann in Europa" galt.
Es besteht also kein Zweifel daran, welcher Kontinent dieses faszinierende Land fordern sollte.
Leben der Erinnerung: Vernon Handley und William Woodruff
Mark Brown schreibt: Welcher Musikdirektor von Guildford seit 1962, Vernon "Tod" Handley (Schela, 11. September) war verantwortlich für das Philharmonische Orchester von Guildford und Chor.
Als Teil des Musikprojekts für die Stadt gründete er im folgenden Jahr seinen wunderschönen Jugendchor, Proteus.
Es sollte für Kinder unter 21 Jahren sein, aber zu dem Zeitpunkt, als der Proteus 1979 sein Ende sang, waren einige von uns 20 Jahre alt - wir wollten uns nur weigern, bis zum Chor zu gehen.
Der Name "Proteus" (der mythologische Wandel der Formen) stellte den Willen des Chores und die Fähigkeit dar, jede Musik auszuführen, die ihm präsentiert wird, ob sadrig oder Messiaen, unabhängig davon, ob er unbegleitet oder mit komplettem Orchester.
Die musikalische Vielseitigkeit, die durch diesen Jugendchor entsteht, war oft überraschend, immer aufregend, und alles war wegen der Inspiration dieses Mannes und der Begeisterung für die Musik, die im Laufe der Jahre absolut konstant blieb.
Tod hat uns oft gesagt, "die Musik für sich sprechen zu lassen."
Er würde sagen: "Der Komponist weiß, was er will.
Es ist alles da, in der Musik.
So muss man nur singen!"
Sein Zauberstab war immer absolut klar und präzise, wenn auch nie steuerbar, auch nicht zu blühend.
Irgendjemand außerhalb des Musicals endete immer auf einem noch höheren Niveau.
John Frayn Turner schreibt:
Wenn ein Fahrer hätte Ritter sein sollen, das ist Vernon Handley.
Ich kannte ihn sehr gut in den zwei Jahrzehnten, in denen er die Guildford Philharmonie von 1962 bis 1982 leitete.
Besonders in den letzten 40 Jahren habe ich mehr als 100 seiner Konzerte durchgesehen und kann ehrlich sagen, dass ich nie von keinem enttäuscht worden bin - sonst habe ich oft von ihnen inspiriert worden.
Tod Handley hatte diese seltene Kombination aus Größe und extremer persönlicher Bescheidenheit.
Er hasste die Fahrer, die in ihren Worten einfach "ein oder zwei sehr bekannte Kriegspferde auf der ganzen Welt verkauften."
Es wird uns sehr fehlen.
William Woodruff
Professor John Beckett schreibt:
In seiner Séquela von William Woodruff (25. September) behauptest du, dass "1946 die Wirtschaftsgeschichtestudien in Oxford wieder aufgenommen wurden und 1950 ein Forschungsstipendium von Hooblon-Norman gewann... gleichzeitig studierte er für einen Bachelor-Abschluss, einen Master-Abschluss und einen Doktortitel."
Dies wird in einer Notiz des Autors von Woodruff in Beyond Nab End gelernt, aber es ist nicht ganz richtig.
Von 1946 bis 1953 war er Professor für Wirtschaftsgeschichte an der Universität Nottingham, während der er eine Doktorarbeit über die britische Gummiindustrie, unter der Aufsicht von Professor J.D. Chambers, und dann im Jahr 1958 veröffentlicht mit dem Titel The British Rubber Industry.
Er verbrachte die Jahre zwischen 1950 und 51 in den Vereinigten Staaten, genießen ein Stipendium von Houblon-Norman, und im Sommer 1952 an den Universitäten in Illinois, Harvard und New York.
Im Jahre 1953 ließ Nottingham definitiv für Illinois.
Der Grund, warum Woodruff sich entschieden hat, diesen Teil seiner Karriere zu ignorieren, ist unbekannt.
J. Vicente Resino an der Fakultät für Philologie
"Ich empfehle die Ausstellung von José Vicente Resino "Flamenco und Leben" weil seine schwarzen und weißen Fotografien, Dokumentarfilm-Stil, sind fantastisch.
Sie haben mich wegen ihrer Einfachheit und Kraft, die sie vermitteln, immer darauf aufmerksam gemacht, die Protagonisten mit viel Respekt zu behandeln.
Eine Ausstellung, die viel Gefühl zeigt.
Resino kann magische Momente erfassen."
Zweiter Angriff auf Hondas Super-Shopping
Im November wird Honda mit der Vermarktung der zweiten Generation des Jazz beginnen.
Wenn Ihr Vorgänger bereits über eine große Bewohnbarkeit verfügte, hat dieses neue Monovolumen einen noch größeren Innenraum.
Hinzu kommen raffinierte Mechaniker, die den Fahrkomfort erhöhen und mehr Kraftstoff sparen.
Evolution gegenüber Revolution.
So ist die zweite Generation des Honda Jazz.
Obwohl ästhetisch der neue Jazz eine Linie sehr ähnlich dem Modell, das passiert, die Änderungen an diesem Monovolumen sind zahlreich.
Dazu gehören ein innovatives Design, eine neue Plattform, größere Abmessungen und neue Mechaniker.
Vor der Analyse des neuen Modells muss jedoch darauf hingewiesen werden, dass dieser neue Jazz sechs Jahre nach der Einführung der ersten Generation auf den Markt kommt.
Eine erste Bemerkung ist daher, dass Honda dieses Modell in kürzerer Zeit erneuert hat als das von anderen Herstellern verwendete Modell.
Obwohl Jazz in Europa weniger bekannt ist, ist dieses Modell auf anderen Märkten ein Verkaufsphänomen.
Dies ist der Fall in Japan, wo Jazz 2002 und auch 2008 das meistverkaufte Auto war.
Gerade in Japan wurden seit dem Start etwa eine Million Jazzeinheiten verkauft.
Der zweite Markt ist der des Alten Kontinents gewesen, mit ungefähr einer halben Million Einheiten in sechs Jahren.
Honda will jedoch, dass dieser neue Jazz den Umsatz innerhalb des Segments steigern kann.
Während die japanische Firma 2007 insgesamt 83.000 Jazz-Einheiten vermarktete, deuten die Schätzungen 2009 auf 100.000 Autos hin, was zu einem Wachstum von 17% auf dem europäischen Markt führen würde.
Was den spanischen Markt betrifft, so hat Honda seit 2002 insgesamt 8.000 Jazz-Einheiten vermarktet, was 6,7% der Gesamtverkäufe von Honda in Spanien entspricht.
Was die neue Generation betrifft, so erwarten die Verantwortlichen der spanischen Tochtergesellschaft, 2000 Jazzeinheiten in einem vollen Jahr zu verkaufen.
Gerade die Ankunft des neuen Jazz wird es Honda ermöglichen, den Rückgang der Verkäufe in Spanien weitgehend zu lindern.
Tatsächlich erwarten die Markeninhaber, dass das Jahr mit insgesamt 22.000 auf dem Markt befindlichen Einheiten endet, was 4.000 weniger als 2007, einem Rückgang um 16% entspricht.
Trotz dieses Anstiegs der Verkäufe hat Honda seinen Marktanteil in Spanien auf 1,8% gegenüber 1,6% im vergangenen Jahr erhöht.
Auch die japanische Firma hofft, bis 2010 2% erreichen zu können.
Um diese Honda Quote zu erreichen, vertraut auf die Ankunft eines neuen Modells.
Es handelt sich um das Insight, ein fünftüriger Hybrid und kompakte Größe - 4,37 Meter lang -, von dem die japanische Firma jährlich rund 200.000 Stück auf der ganzen Welt vermarkten will.
Auf den Märkten und nach Schätzungen des japanischen Herstellers werden 50% der Verkäufe des Insight in den USA getätigt, während der verbleibende Prozentsatz auf den alten Kontinent und Japan aufgeteilt wird.
Die Kommerzialisierung des Insight ist für die ersten Monate des Jahres vorgesehen, sobald es im Januar in Valencia als Gesellschaft präsentiert wird.
Was die erste Generation betrifft, so wächst der neue Jazz in allen Bereichen.
Die Länge beträgt bis zu 3,90 Meter (fünf Zentimeter mehr), die Breite bis zu 1,69 Meter (zwei Zentimeter mehr) und der Abstand zwischen den Achsen bis zu 2,50 Metern, was einer Zunahme von fünf Zentimetern entspricht.
Die Höhe dagegen variiert nicht und bleibt bei 1,52 Metern.
Neben der Zunahme der Dimensionen wächst auch die innere Bewohnbarkeit.
Dieser Gewinn ist einerseits auf die Aufnahme einer neuen Plattform und andererseits auf die Einführung des Kraftstoffbehälters in zentraler Position zurückzuführen, eine Lösung, die auch im früheren Jazz angenommen wurde.
Außerdem beträgt die Kapazität des Kofferraums - mit einem Doppelbodensystem - 399 Liter, 19 Liter mehr Kapazität des Koffers der ersten Generation.
Es sei darauf hingewiesen, dass diese Maßnahmen von der Version mit dem Motor 1.4 stammen, da die Kapazität des Kofferraums des Honda Jazz 1.2 379 Liter beträgt.
Weitere Verbesserungen - neben Außenelementen wie hinteren Leds oder der Möglichkeit, das Panoramaglas zu montieren - sind eine Verbesserung des Zugangs zu den Rücksitzen.
Und es ist, dass die Türen, die Zugang zur zweiten Reihe geben, einen Öffnungswinkel von 80 Grad haben, gegenüber 67 Grad des ersten Jazz.
Es sind auch neue Motoren in dieser zweiten Generation des Jazz.
Zu Beginn der Vermarktung wird dieses kleine Modell mit zwei 1,2- und 1,4-Liter-Benzin-Antrieben ausgestattet sein.
Beide Mechaniker integrieren die i-VTEC-Technologie, die einen geringeren Verbrauch erzielt, weniger Kohlendioxid ausstrahlt, eine hervorragende mechanische Verfeinerung erreicht und gleichzeitig ein hohes Drehmoment in der gesamten Motordrehzahl erreicht.
Die erste 1,2-Liter-Maschine hat eine Leistung von 90 PS bis 6.000 Umdrehungen mit einem maximalen Drehmoment von 114 Nm. bei 4900 Drehungen.
Dieser Antrieb, der in Jazz 78 Pferde erreichte, hat 5,3 Liter und 125 Gramm CO2-Emissionen.
Was den früheren Antrieb betrifft, der in der vorigen Generation 83 Pferde erreichte, so hat er jetzt 100 Pferde.
Dieses Jazz 1.4 von 100 Pferden erreicht einen kombinierten Verbrauch von 5,4 Litern und 128 Gramm CO2.
Das "Bienenauto," das Kollisionen verhindert
Um Fortschritte bei der Entwicklung von Technologien zur Unfallverhütung zu erzielen, hat sich Nissan diesmal von der Natur, insbesondere von Bienen, inspiriert.
Die japanische Firma hat einen Roboter entwickelt, der auf der Grundlage des Bienenflugs Unfälle verhindert.
Dies ist die Bio-mimetic Car Robot Drive oder BR23C, die den ersten Schritt in der Kollisionsverhütung Technologien.
Die Ingenieure des Advanced Technical Center von Nissan Motor Co. haben diesen kleinen Roboter in Zusammenarbeit mit dem Advanced Science and Technology Research Centre der renommierten Universität Tokio in Japan entwickelt.
Laut Kazuhiro Doi, Generaldirektor für Public Relations für Technologie und Forschung und Entwicklung im Bereich Markenverwaltung, stellt sich die BR23C als Erweiterung des Sicherheitsschilds um vier Nissan-Bereiche vor.
Dieser Roboter beabsichtigt, die Fähigkeit zur Verhinderung von Kollisionen von Markenfahrzeugen zu stärken.
Während Ihres Fluges schafft jede Biene ihren eigenen, oval geformten persönlichen Raum, der dem Nissan-Sicherheitsschild sehr ähnlich ist.
Aber das Wichtigste sind die zusammengesetzten Augen der Biene, die in der Lage sind, mit einem Winkel von mehr als 300 Grad in alle Richtungen zu sehen, so dass Sie ohne Unterbrechung innerhalb Ihres eigenen persönlichen Raumes fliegen können.
Um diese visuelle Funktion neu zu erstellen, entwarfen Ingenieure einen Laser-Lokator (Laser Range Finder).
Er erkennt Hindernisse, die sich innerhalb eines Umkreises von 180 Grad vor dem BR23C bis zu zwei Meter entfernt befinden, berechnet die Entfernung zu diesem Objekt und sendet ein Signal an einen Bordchip, der sofort zur Kollisionsverhütung führt.
"Wenn der kleine Roboter ein Hindernis erkennt, wird er die Bewegungen einer Biene nachahmen und sofort die Richtung wechseln, indem er seine Räder in einem geraden oder größeren Winkel dreht, um einen Zusammenstoß zu vermeiden.
Der größte Unterschied zu einem existierenden System besteht darin, dass das Ausweichmanöver völlig instinktiv ist.
Wenn dies nicht der Fall wäre, wäre der Roboter nicht in der Lage, schnell genug zu reagieren, um Hindernisse zu vermeiden," erklärt Toshiyauki Andoh, Leiter des Mobilitätslabors und Hauptingenieur dieses Projekts.
Im Gegensatz zu einer Biene kann der Roboter nicht nach oben oder unten oder diagonal verschoben werden; er kann nur in zwei Dimensionen und in die Richtung bewegt werden, die es ihm ermöglichen, seine Räder zu drehen und nicht in unendliche Richtungen und Weisen wie Bienen.
Aus diesem Grund hat Nissan eine Rotationsfunktion sowie Beschleunigung und Verzögerung eingesetzt, um den kleinen Roboter vor Kollisionen zu bewahren.
"Dieses Gerät muss nur alle paar Sekunden Informationen verarbeiten und nach diesen Daten handeln.
Es ist nicht erforderlich, Informationen oder intuitive Logik von früheren Manövern zu speichern, so dass es kontinuierlich mit nur ein paar Dutzend KB Speicher arbeiten kann.
Das mag überraschen, aber wir reden hier nicht über Gedächtnisgigas, nicht einmal über Megas."
Dies ist der erste Schritt zur Entwicklung neuer Technologien zur sofortigen Kollisionsverhütung, einer Technologie, die Nissan Vaticin in Serienautos in zehn Jahren eingeführt wird.
Der Roboter verwendet Lithiumpolymer-Batterien, die leichter und länger als die Vielfalt der Lithium-Ionen sind.
Eine weitere mögliche künftige Anwendung dieser Technologie könnte die Integration der Einheit mit einem GPS-Satellitennavigationssystem sein, um den Fahrer zu seinem Ziel zu führen und Hindernisse auf dem Weg zu vermeiden.
Tiemble vor der Hypothek
Man muss zugeben, dass das US-Finanzministerium nicht nur viel Flüssigkeit für Injektionen hat, sondern auch nicht ohne Einfallsreichtum ist.
Angesichts der Krise und um zu verhindern, dass die Amerikaner auf fragwürdigen Kredithypotheken in zahlungsfähigen Banken an Bord gehen, haben sie ein liebevolles und informatives Browser-Spiel geschaffen: 'Bad Credit Hotel'.
Ich meine das "Hotel der schlechten Credits" oder Ärger.
Das gruselige Aussehen dieser Unterkunft und vor allem Ihre Rezeptionistin ist zu denken, ein, zwei und sogar drei Mal, wenn es Zeit ist, um einen Kredit zu verlangen.
Und vor allem, wo Sie es tun, was wahrscheinlich Ihr Ziel ist.
Er hat zwar nützliche, aber wenig detaillierte Informationen.
Es ist mehr eine Teenager-Seite als eine Website für alle Öffentlichkeit.
Was passiert, wenn das Spiel beendet wird?
Da ist ein Traumzimmer im Hotel.
Irgendwas ist etwas, denn wenn wir ein besseres Haus kaufen, reden wir nicht...
Morgan Stanley verkauft Beteiligung an Japanisch MUFG
Morgan Stanley kündigte den Eintritt in sein Kapital der Mitsubishi UFJ Financial Group (MUFG), der ersten japanischen Bank, an, die neun Milliarden Dollar auszahlen wird, um 21% ihres Kapitals zu erwerben, eine Nachricht, die mit einem starken Rückgang ihres Börsenkurses angenommen wurde.
Eine Woche nachdem beide Banken eine vorläufige Vereinbarung getroffen hatten, erklärten sie, dass MUFG 9,9% der normalen Morgan Stanley Aktien zum Preis pro Einheit von 25,25 Dollar kaufen würde, also 3 Milliarden Dollar.
Der vereinbarte Preis beträgt weniger als 19% des Buchwerts der Wertpapiere zum 31. August.
MUFG wird sechs Milliarden Dollar zusätzlich mit dem Kauf von konvertierbaren Wertpapieren investieren, was eine Rendite von 10% und einen Umwandlungspreis von 31,25 Dollar garantiert.
Morgan Stanley hat präzisiert, dass die gesamte Operation auf der Grundlage eines Preises pro Maßeinheit von 29 Dollar durchgeführt wird, d. h. 28% über seiner aktuellen Änderung.
Die Aktion Morgan Stanley verlor jedoch 6,79% zu 23,07 Dollar jeweils um 17:00 GMT.
" Diese strategische Allianz ist eine wichtige Gelegenheit, Morgan Stanleys Übergang zum Bankholding-Status zu beschleunigen ," erklärte Juan Mack, Generaldirektor der amerikanischen Gruppe.
Morgan Stanley hat dieses neue Statut letzte Woche angenommen, was es ihm ermöglichen sollte, seine Aktivitäten zu diversifizieren, aber er macht es unter der Federal Reserve.
Seine Allianz mit MUFG bestätigt auch, dass die aktuelle Finanzkrise die größten Namen der Wall Street zu einem viel vorsichtigeren Verhalten als zuvor zwingt.
Die am vergangenen Montag vorgelegten Modalitäten zeigen außerdem, dass das Abkommen in den letzten Tagen geändert wurde: Am vergangenen Montag hatte Morgan angekündigt, dass es bis zu 20% seiner Anteile an Japaner für fast 8,5 Milliarden Dollar verkaufen würde.
" Vor einer Woche erklärte der Geschäftsführer von MUFG in Tokio Toshihide Mizuno ," wir dachten, daß die Beteiligung nur aus gewöhnlichen Aktien bestand.
Aber angesichts der gegenwärtigen Lage in Wirtschaft und Markt haben wir uns bemüht, die Risiken zu minimieren und uns zu decken. "
Auf der Grundlage des gewichteten Durchschnittspreises zahlt MUFG seine Titel Morgan Stanley um 7% unter seinem Buchwert.
Und die Operation wird durch eine Verdünnung von etwa 20% des Nutzens pro Aktion übersetzt.
Die Vereinbarung sieht vor, dass MUFG innerhalb eines Jahres die Hälfte seiner bevorzugten Wertpapiere in Stammaktien umwandeln kann, wenn sie während eines bestimmten Zeitraums mehr als 50% über dem Umwandlungspreis, d. h. 47 Dollar oder weniger, verkauft werden.
Morgan Stanley versichert, dass die von MUFG bereitgestellten Gelder es ihm ermöglichen werden, Investitionsmöglichkeiten zu ergreifen, seine Bilanz zu stärken und seine Liquidität zu erhöhen.
Eine Sprecherin der Gruppe weigerte sich jedoch, die strategischen Projekte der beiden neuen Verbündeten zu erläutern.
Nach der Investition von MUFG sollte Morgan Stanley eine Tier One Solvabilitätsquote von etwa 15%, einer der besten in der Branche, aufweisen.
Morgan erklärte, dass er seine Bilanz seit Ende August sehr erleichtert habe.
Die letzten Wochen waren für die Gruppe ermüdend, die ihren Börsenkurs halbiert sah, während die Sicherheitskosten gegen ein Risiko von Mängeln auf ihre Schulden abfielen.
Diese Kosten gingen am vergangenen Montag zurück, lagen aber auf einem hohen Niveau von rund 12%.
Letzte Woche gab Goldman Sachs, der einzige "Überlebende" der großen Investmentbanken an der Wall Street nach den Konkursen von Bear Stearns und Lehman Brothers und dem Kauf von Merrill Lynch bekannt, 15 Milliarden Dollar zum Teil für Berkshire Hathaway, Warren Buffetts Gruppe, angehoben zu haben.
Rafael Correa in Quito, diesen Montag.
Die Republik um den Sozialismus des 21. Jahrhunderts neu zu beleben.
Dies ist das gemeinsame Projekt des Venezolanischen Hugo Chávez, des Bolivienners Evo Morales und des Äquatorianischen Rafael Correa.
An diesem Sonntag, zum Beispiel von seinen Kollegen und Freunden, hat er als Dritter über einen Entwurf für eine neue Verfassung abgestimmt.
Mission erfüllt, da 64% der Wähler nach offiziellen Ergebnissen, die 80% der Wahlen betrafen, "Ja" zum Referendum stimmten.
Diesen Ergebnissen zufolge betrug das "Nein" 28%, 7% der Stimmen waren nichtig und 0,7% waren leer.
Damit der Verfassungsentwurf angenommen werden konnte, musste er die Hälfte plus eins der Wahlen erhalten.
Am Sonntag hatten zwei Umfragen bei der Abreise aus den Wahlzentren und eine Zählung eines Teils einer Nichtregierungsorganisation einen umfassenden Sieg über das "Ja" angekündigt, der zwischen 63% und 70% lag.
Rafael Correa hatte auch in der Nacht von Sonntag bis Montag den Sieg seines Verfassungsentwurfs gefordert.
Die "Verfassung triumphierte auf überwältigende Weise," hatte sie versichert und den Äquatorianern, die die Regierung von Guayaquil anführten, 280 Kilometer südwestlich von Quito gratuliert.
So wurde Rafael Correa von Chávez und Morales, aber auch von seinem chilenischen Kollegen Michaela Bachelet gratuliert.
Die Wahlen, die gemäß der Beobachtungsmission der Organisation der amerikanischen Staaten (OAS) in völliger Ruhe stattfinden werden, bezogen sich auf einen 444 Punkte umfassenden Text, der den vom Präsidenten verteidigten "neuen Sozialismus" stärkte.
Der Verfassungsentwurf beinhaltet die Stärkung der Staatsgewalt über die Wirtschaft, wobei ihm die "Entwicklungsplanung" eines Landes vorbehalten bleibt, das im wesentlichen durch die Ölförderung durch ausländische Unternehmen und durch Devisen, die ihre Auswanderer ausliefern, lebt.
Unter der Leitung von Correa, der 2006 gewählt wurde, verleiht das Projekt auch dem Staatsoberhaupt verstärkte Befugnisse, die bis zu zwei aufeinanderfolgende vierjährige Mandate umfassen können und die Möglichkeit haben, die Versammlung aufzulösen.
Correa hat bereits angekündigt, dass sie diese Macht nutzen und im Februar 2009 eine neue Amtszeit anstreben würde.
Darüber hinaus stärkt die Verfassung den Grundsatz der Unentgeltlichkeit der Gesundheits- und Bildungsdienste, den der Präsident in diesem Land mit 13,9 Millionen Einwohnern eingeführt hat, in dem 50% der Bevölkerung unter der Armutsgrenze leben.
Er sieht endlich die Unterbindung der Präsenz ausländischer Truppen vor, die das Abkommen zwischen Quito und Washington über die Verwendung einer ecuadorianischen Basis als Ausgangspunkt für die amerikanischen Drogeneinsätze beenden wird.
Die 19 Entführten wurden im Tschad freigelassen.
Ein ägyptisches Kommando startete den Angriff auf die Entführer der elf Touristen und ihrer acht Begleiter, die vor zehn Tagen gefangen genommen wurden.
Sie sind in Kairo.
Die elf europäischen Touristen und ihre acht ägyptischen Begleiter, die vor zehn Tagen in der Wüste entführt wurden, kamen unversehrt in der ägyptischen Hauptstadt an, nachdem sie am Montagnachmittag freigelassen worden waren.
Am Morgen wurden sie von den ägyptischen Sondereinheiten im Tschad freigelassen.
Sie alle sahen gut aus bei ihrer Ankunft um 15:30 Uhr an Bord eines speziellen Flugzeugs an der Militärbasis von Al Maza, neben dem internationalen Flughafen von Kairo.
Sie wurden sofort von Hubschraubern in ein Krankenhaus in Maadi, einem Vorort in Kairo, transportiert, um ärztlichen Untersuchungen unterzogen zu werden, so dass sie nicht mit der Presse sprechen konnten.
"Sie sind gesund," sagte der ägyptische Tourismusminister Zoheir Garana am Flughafen, "keine Rettung" an die Entführer gezahlt worden.
Am 19. September fielen diese Geiseln in die Hände von 35 unbekannten Entführern, während sie in einem Wüstengebiet am Fuße des Berges Ouanat am Rande Ägyptens, Sudans und Libyens safari waren und seitdem von einem Zulo zum anderen übergingen.
Die Gruppe bestand aus elf Touristen - fünf Italienern, fünf Deutschen und einer Rumänen - und acht Ägyptern: zwei Führer, vier Fahrer, ein Grenzschutzbeamter und der Leiter des Reisebüros Aegyptous, verantwortlich für die Organisation der Safari.
Ein ägyptischer Sicherheitsbeamter berichtete, daß 30 Spezialeinheiten, die an Bord von zwei Hubschraubern transportiert wurden, den Angriff über Nacht vor der Morgendämmerung gestartet hatten.
" Ein Schusswechsel geschah, und die Hälfte der Entführer wurde getötet, die anderen sind geflohen ," sagte der verantwortliche Mann, der das Anonymitätsmittel aufbewahrte.
Laut ihm wurden 150 Mitglieder der ägyptischen Sondereinheit der "Relampago"-Einheit in den Sudan entsandt, wo sie von deutschen und italienischen Kommandos unterstützt wurden.
Der italienische Außenminister Franco Frattini erwähnte in Belgrad die Rolle der Geheimagenten und der italienischen Sondereinheiten.
"Wir müssen anerkennen, dass wir dieses Ergebnis dank des Professionalismus und der Wirksamkeit unserer Männer der Geheimdienste, der Sonderkräfte erreicht haben," erklärte er, ohne ins Detail zu gehen.
Außerdem leugnete er die Zahlung eines Lösegeldes.
Am Vorabend behauptete die sudanesische Armee, während einer Patrouille einen SUV abgefangen zu haben, auf dem sich die Entführer befanden, von denen sechs getötet wurden, darunter der chadianische Boss und zwei verhaftet wurden.
Er behauptete ferner, dass sie mit einer Rebellengruppe in Darfur, der Bewegung für die Befreiung Sudans/Einheit (SLA-U), verbunden seien, eine Behauptung, die von dieser Gruppe sofort widerlegt wurde.
Buchstaben - Stille Mehrheit der Kultur
Eine Debatte über die Finanzierung der Kultur fait les manchettes und nimmt den aktuellen Wahlkampf ein.
Besser so.
Aber ein Teil unseres kulturellen Lebens bleibt immer vergessen.
Wer wird sich erheben, um die erbärmlichen Summen anzuprangern, die kleinen Museen, Archiven, archäologischen Ausgrabungen oder verhungernden historischen Stätten gewährt werden?
Welcher Politiker wird es wagen, die Bundesregierung daran zu erinnern, ihre Denkmäler und ihre Gebäude zu vernachlässigen?
Warum haben wir keine wirklichen Gesetze, die unser Erbe wie in Kanada und in Quebec bewahren?
Wussten Sie, dass die französische Regierung dreieinhalb Millionen Euro für die Wiederherstellung des Schlosses von Chinon im Loire-Tal ausgibt?
In den Vereinigten Staaten steht in ihrer Verfassung, dass der Schutz des Kulturerbes Teil der Kultur der Amerikaner ist und dass dieses Erbe von allen Bürgern, allen gewählten und allen Regierungsstellen und all dem in Abstimmung geschützt werden muss.
In Quebec, in der Föderation der Geschichtsgesellschaften von Quebec, sind mindestens 40 000 wohltätige Personen, die in 211 Gesellschaften der Geschichte, des Erbes, der Archive und der Genealogie zusammengeschlossen sind, darum besorgt, in der Geschichte zu suchen, mit wenig Geld von privaten Archiven zu bewahren und archäologische Überreste zu bewahren.
Diese sind oft die Hüterhunde unseres Erbes, die mit Energie und Verzweiflung protestieren, wenn Förderer und Verantwortliche ihre Bulldozer gegen unsere alten Steine und vergessenen Friedhöfe werfen.
Wann ein Denkmal für Geschichte und Erbe?
Die niederländische Regierung verstaatlicht einen Teil der Fortis Bank.
Die Niederlande - die ersten in Europa - werden mit einer Verstaatlichung der belgischen und niederländischen Bank Fortis, die aufgrund der Hypothek auf dem US-Markt in Schwierigkeiten geraten ist, helfen: Die drei Länder werden dieses Finanz- und Versicherungsinstitut, das auch in Ungarn tätig ist, mit insgesamt 11,2 Milliarden Euro unterstützen.
Am Wochenende führten die Regierungen Belgiens, Luxemburgs und der Niederlande Konsultationen auf höchster Ebene mit dem Präsidenten der Europäischen Zentralbank und dem für die wirtschaftliche Kompetenz der Europäischen Kommission Verantwortlichen.
Die Fortis Bank ist die erste, die im Rahmen der internationalen Finanzkrise, die sich vor mehr als einem Jahr in mehreren Wellen abspielte, die Krise der Eurozone erlitt, weshalb Entscheidungen über die Bank in gewissem Sinne als Präzedenzfall angesehen werden können.
Gemäß der Entscheidung, die am Sonntagmorgen getroffen wurde, werden die drei Staaten etwa die Hälfte (49 Prozent) des Eigentums an der Bank in ihrer Region erwerben.
Die Bank wird mit Sicherheit einen Teil ihrer Geschäfte verkaufen, darunter vor allem die im vergangenen Jahr von ABN Amró erworbenen Tätigkeiten - vor allem Versicherungstätigkeiten.
Die Aktionen der Fortis haben letzte Woche einen starken Rückgang ausgelöst, und für die zweite Hälfte der Woche waren bereits wichtige Anzeichen einer Krise in der Institution zu sehen.
Die Analysten stimmen jedoch darin überein, dass diese Bank mit ihren 85.000 Mitarbeitern zu groß ist, um sie zum Scheitern zu bringen.
Die Aktien des Unternehmens gingen nur am Freitag um 12 Prozent zurück, wobei dies in den letzten 14 Jahren der niedrigste Punkt war.
Seit Januar ist der Wert der Aktien um mehr als zwei Drittel gesunken.
Unter Berücksichtigung der aktuellen Aktienpreise liegt der Gesamtwert des Konzernkapitals auf dem Markt bei etwa 14 Milliarden Euro, aber nach Angaben der Geschäftsführer des Unternehmens ist dies nicht real.
Die Leitung der Bank hat den plötzlichen Rückgang der Fortis-Aktien auf die Unsicherheiten des US-Marktes im Zusammenhang mit der Genehmigung des amerikanischen Paketplans von 700 Milliarden Dollar aufgezwungen.
Am Montag haben die Aktionen bereits einen leichten Anstieg gezeigt.
Am Freitag wurde Filip Dieckx zum neuen Generaldirektor der Bank ernannt.
Die Bank hat auch nach Privatinvestoren gesucht, aber bisher hat niemand ein konkretes Angebot gegeben.
Die belgische Regierung hatte bereits früher versichert, dass die Investoren sich keine Sorgen machen müssen, sie werden ihr Geld nicht verlieren.
Unter den Kunden der Bank gab es bisher keine Panik, sie drangen nicht in die Bankämter ein, um ihr Geld zurückzuziehen.
Das Fortis hat seine eigene Niederlassung in Ungarn und hat auch Leasing-Unternehmen gekauft.
Fuchs im Hühnerstall
In den Vereinigten Staaten leugnen Lebensversicherung und Krankenversicherung, wenn sie die Daten des Kaufs von Arzneimitteln sehen, häufig einen Versicherungsvertrag zu unterzeichnen.
Die Datenschutzexperten befürchten, dass der Markt für personenbezogene Daten unkontrollierbar wird.
"Es gibt Programme zum Schutz personenbezogener Daten, die die Verwendung von Rezeptdaten in allen Fällen mit der Zustimmung der angegebenen Person verbindet.
Das gleiche sollte in unabhängigen Händen sein, denn sonst "vertrauen wir dem Fuchs den Hühnerstall" - zitiert die Washington Post Richard Dick, Designer des Medizinrezept-Tracking-Programms.
Versicherungsgesellschaften lassen den Versicherungspreis und den Entschädigungsbetrag vom Gesundheitszustand des Kunden abhängig und wenn sie glauben, dass das Risiko zu hoch ist, machen sie einfach nicht den Vertrag.
Früher wurde der Kunde zur ärztlichen Überwachung geschickt und unterschrieben mit ihm den Vertrag, in dem bereits das Ergebnis der Kontrolle bekannt war.
Vor zehn Jahren erfand Dick ein viel billigeres Verfahren: mit der Kundenidentifikationsnummer erhält er leicht von den Apotheken die Liste der Medikamente, die in den letzten anderthalb Jahren gekauft wurden, und das Programm selbst zieht die Schlussfolgerung über die Krankheiten und den Gesundheitszustand des Kunden.
Zum Beispiel, wenn Sie systematisch große Dosen von Tabletten zur Senkung des Cholesterinspiegels nehmen, weist darauf hin, dass der Fettspiegel im Blut praktisch unheilbar hoch ist, so dass Sie sofort in eine höhere Risikokategorie aufgenommen werden.
Es gibt zahlreiche Versionen des Programms, einige stellen sogar eine Risikozahl fest, so dass das Versicherungsunternehmen neben der Verwaltung kaum etwas zu tun hat, obwohl es in dieser Hinsicht kleine Schwierigkeiten gibt.
Zu den Nachteilen des Programms gehören zum Beispiel, dass einige Medikamente Multi-Use sind, zum Beispiel bestimmte Substanzen dienen sowohl zur Behandlung von Kopfschmerzen als auch für Hitzewellen und sogar als Antidepressiva.
Letzteres ist ein wichtiger Risikozuwachsfaktor für Versicherungsunternehmen, während die ersten nicht.
Es wurden spezielle Unternehmen gegründet, um diese Daten zu konsultieren und zu verarbeiten, die vor dem Erwerb der erforderlichen Informationen durch Apotheken die Zustimmung des Patienten verlangen.
Die Behörden zwingen sie bereits dazu, obwohl sie bisher keine Geldbuße wegen Fahrlässigkeit erhalten haben.
Einige Unternehmen haben in letzter Zeit auch die Ergebnisse der Laboruntersuchungen erstellt und sie mit den Daten zum Arzneimittelkonsum verknüpft, erhalten genauere Informationen über den Gesundheitszustand des Patienten.
Immer mehr Unternehmen haben Zugriff auf diese Daten und gleichzeitig wird es immer schwieriger, ihre Verwendung zu kontrollieren.
Es gibt ein ausschließliches Gesetz zum Schutz personenbezogener Gesundheitsdaten, aber es gilt nur für Versicherungsunternehmen und solche, die Gesundheitsdienstleistungen erbringen.
Vor dem Kongress steht bereits der Gesetzesentwurf, der das Recht auf Kontrolle der spezialisierten Unternehmen für die Bereitstellung personenbezogener Daten bietet.
Dick Richard erkennt an, dass dies unzureichend ist: er hat daher sein Programm entwickelt, das die spezifische Zustimmung der Person für die Bereitstellung seiner eigenen personenbezogenen Daten erfordert.
Dies ist eine weitere Frage, die diese Person nicht verweigern kann, denn sonst werden die Versicherungsgesellschaften den Vertrag nicht mit ihm unterzeichnen.
Die Hühner sind also dennoch dem guten Willen des Fuchses ausgesetzt.
Weltmenü von Marseille
Die Europäische Union verdoppelt ihren Handel mit Indien
Da die Europäische Union und Indien gegenseitige Handelspartner sind, hat dieses Thema neben den anderen größten globalen Problemen auch die Tagesordnung des neunten Gipfeltreffens gemeistert.
Heute wird auch ein französisch-indischer Gipfel stattfinden, der sich hauptsächlich mit der Zusammenarbeit in der Kernenergie befasst.
Die Europäische Union erkennt zwar an, dass Indien eine große demokratische Entwicklungsmacht ist, die in internationalen Angelegenheiten mehr Stimme und Stimme haben sollte, aber die Mitgliedstaaten konnten noch nicht zu einem gemeinsamen Nenner gelangen, ob sie Neu Delhi als ständiges Mitglied des UN-Sicherheitsrates unterstützen sollten.
Diese Frage wurde auf dem gestrigen neunten Gipfel in Marseille nicht behandelt.
Der französische Präsident Nicolas Sarkozy, der amtierende Präsident der EU, José Manuel Barroso, Präsident der Kommission und Javier Solana, der wichtigste Vertreter der Außenpolitik, empfingen Manmohan Singh, den indischen Premierminister, mit dem sie sich in fünf Jahren auf eine Verdoppelung geeinigt hatten, d.h. auf mehr als 100 Milliarden Euro, ihren Handelsaustausch.
Angesichts der Tatsache, dass der Warenaustausch zwischen 2000 und 2007 von 25 Milliarden auf 55 Milliarden gestiegen ist, ist dies kein zu ehrgeiziges Ziel.
Auf diese Weise haben sie die 26 bestehenden bilateralen Abkommen über die Zivilluftfahrt mit Indien rechtlich harmonisiert, so dass auch der Luftverkehr in Zukunft fliegen kann.
Indien will bis Ende 2009 den Freihandelsvertrag mit der Union unterzeichnen.
Sarkozy versprach, die Verhandlungen zu beschleunigen.
Das Ziel ist das Gleichgewicht, denn während die EU Indiens erster Handelspartner ist, steht Neu Delhi nur an neunter Stelle unter den Handelspartnern der Union.
Der Gipfel widmete sich den globalen Fragen.
Beide Seiten verurteilten die afghanische und pakistanische Lage sowie den Terrorismus - alle Formen des Terrorismus - und drängten auf die Einberufung einer UN-Konferenz.
Auch der Abschluss der Doha-Runde zur Handelsliberalisierung wurde verstärkt, obwohl beide Seiten eine große Verantwortung für ihr Scheitern tragen.
Die EU hat bestätigt, dass sie an ihrem Energie- und Klimaprogramm festhalten wird, d.h. bis 2020 will sie die Schadstoffemissionen um mindestens 20 Prozent senken.
Indien ist ebenfalls damit einverstanden, ebenso wie auf der Klimakonferenz im nächsten Jahr eine globale Einigung erzielt werden sollte und die Produktion von Treibhausgasen bis 2050 um 50% reduziert werden sollte.
Darüber hinaus möchten sie den Anstieg der Lebensmittelpreise behindern und die Einberufung einer internationalen Konferenz zur Überprüfung der Finanzkrise unterstützen.
Heute wird Indiens Regierungschef in die französische Hauptstadt reisen, wo er auf einem bilateralen Treffen ein Abkommen über die friedliche Nutzung der Kernenergie unterzeichnen wird.
Paris hofft, dass die französischen Unternehmen Aufträge in Höhe von 20 Milliarden Euro für den Bau von Atomreaktoren erhalten werden.
Nach Nachrichtenagentur Informationen würde die Vereinbarung für einen Zeitraum von 15 Jahren.
In Frankfurt über 300 italienische Verleger
Starke Präsenz der italienischen Verleger bei der internationalen Ausstellung des Frankfurter Buches.
Mehr als 300 italienische Verleger werden bei der 60° Ausgabe der Buchmesse anwesend sein, dem wichtigsten internationalen Treffen für den Austausch von Rechten.
Die internationale Ausstellung des Frankfurter Buches erwartet für diese Ausgabe mehr als 7mila Aussteller aus 102 verschiedenen Ländern, die die 171.790 Quadratmeter der Ausstellung mit mehr als 403.000 Titeln in Ausstellung und mit der Türkei als Ehrengast besetzen werden.
Es wird der Staatssekretär von dem Ministerium von den Waren und den kulturellen Tätigkeiten Francisco Maria Giro sein, die italienische Regierung in der Zeremonie von der Einweihung von dem italienischen Pavillon zu repräsentieren: Italien wird institutionell und tatsächlich mit einem Punkt Italien anwesend sein - 264 Quadratmeter von dem Ausstellungsraum.
In Halle 5.0 der Buchmesse wird ein Treffen mit dem Bild in der Room Struktur stattfinden: dies wird die Gelegenheit sein, Zahlen, Trends und Prognosen über den Zustand der Verlage in Italien zu präsentieren.
Den Daten zufolge sinkt das Gewicht der Bücher ausländischer Autoren allmählich auf die gesamte italienische Produktion, insbesondere für Erwachsene und Jugendliche.
Steve Fossetts Flugzeug gefunden, der Millionär, der vor einem Jahr verschwunden ist.
Die Überreste von Steve Fossetts Flugzeug wurden gefunden, der am 3. September 2007 verschwundene Millionär, als er über der Wüste des Nevada flog.
Die Trümmer wurden auf einer Höhe von 3000 Metern in der Gegend der Nevada-Säge von Mammoth Lakes auf der Grenze zwischen Kalifornien und Nevada gefunden.
Im Flugzeug gab es keine menschlichen Überreste.
Der Kommissar von Holz County, John Anderson, hat die noch verbleibenden Zweifel ausgeräumt: "Das Flugzeug wurde lokalisiert, wir haben ein Geschwader geschickt, und jetzt haben wir die Bestätigung, dass es sich um das handelt, worüber Steve Fossett am Tag seines Verschwindens geflogen ist," sagte er auf einer Vorlesung.
Der Kommissar hat klargestellt, dass keine menschlichen Überreste im Flugzeug oder in der Umgebung gefunden wurden.
Der Milliardär, 63 Jahre alt, wurde im Februar für tot erklärt.
Das amerikanische Büro für Verkehrssicherheit (Ntsb) hat bekannt gegeben, dass einige Stunden nach der Sichtung der Überreste eine Gruppe von Forschern geschickt wurde, die das Gerät identifiziert hat: Es handelt sich um die Bellanca 8kcab, die seit dem 3. September 2007 verstreut ist, als Fossett Yerington für einen dreistündigen Flug in Nevada abflog.
Gestern, immer in Kalifornien, nicht weit von der Nevada Grenze, wurden einige persönliche Überreste von Fossett von einem Paar in der Nähe seines Hauses gefunden Mammoth Lakes.
Es handelt sich um zwei Dokumente mit dem Namen Fossett, die beide von der Federal Aviation Administration of Illinois ausgestellt wurden, Bargeld und ein Sweatshirt.
Fossetts Suche wurde einen Monat nach seinem Verschwinden unterbrochen.
Der Millionär hatte einen Posten in der Geschichte dank einer langen Reihe von Erstlingen erobert.
Im Jahr 2002 war die sechste Versuchung zum ersten Mann geworden, der die Welt um einen Ballon drehte: zwei einsame Flugwochen.
Drei Jahre später hatte ich die Welt im Flugzeug und ohne Zwischenlandung umgedreht.
Unter seinen Rekorden, auch das, weil er auf 15.445 Meter hoch geflogen ist, über den Anden, aber mit einem Kopiloten.
Glk, die Werbung, die du nicht erwartest.
Ein SUV außerhalb der Schemata mit einem originellen und gut etablierten Design mit definierten Linien und bestimmten Winkeln.
Das ist in der Synthese der letzte Glk, der unter den "kompakten" Geländewagen des Sternhauses geboren wurde, mit dem Mercedes-Benz versucht hat, ein neues Fenster in diesem Sektor zu geben.
Eigenartig für den Inhalt aussergewöhnlich, wird es unerwartet und unkonventionell sein, die Kommunikation, die den Start des SUV Glk begleitet, in den Ausstellungsräumen Mercedes-Benz seit dem kommenden 17. Oktober verfügbar.
Die Werbekampagne, die das Debüt des neuen Autos begleitete, startete eine neue Kommunikationsform durch eine 3D-Werbungskampagne, die erstmals in Italien von einer Automarke benutzt wurde.
Ein Projekt mit Maxi-Postern in drei verschiedenen Phasen, die die zentrale Straße des Mailänder Shopping, Como Avenue, bis zum 15. November dominierte.
Die erste Phase dieser neuen Art der Kommunikation wird mit der Präsentation des Autos in stereoskopischer Version und dank einer speziellen Brille auf der Allee verteilt beginnen Wie Sie das neue suv in fast realen Dimensionen und in dreidimensionalem Format sehen können.
Wenn man sich das Bild ansieht, wird es den Eindruck haben, dass das Auto aus dem Poster rauskommt.
Durch den Einsatz der innovativen Elumina-Technologie8 wird das neue Glk in verschiedenen Zeiten in all seinen Details erleuchtet, um sich in einem einzigen Bild zu vereinen.
Zweifellos versucht Mercedes mit dieser Werbung, etwas Neues in das Stereotyp der Autokommunikation einzuführen.
Werden Sie mit dieser Formel das Interesse der zukünftigen Käufer erfassen können?
ist klar, wer die italienischen Hooligan sind
Im Triveneto wird der Zugang zu Sportveranstaltungen verboten.
Aber wer sind diese 150-200 Mädchen und Jungen, von denen sich Italien jetzt schämt? Sie sind Teil der Gruppe "Ultras Italia," die seit Jahren die italienische Nationalregierung verfolgt und die bisher, um die Wahrheit zu sagen, noch nie zu viele Probleme verursacht hatte.
Und sie hatten noch nie die Fans des Rivalen getroffen.
Die Gruppe ist auf der rechten Seite.
Die Förderer kommen aus dem Triveneto.
Verona, Padova, Triest und Udine.
Zu denen von Sofia wurde eine kleine Gruppe (in Wirklichkeit wenige Einheiten) der Kampagne und von Apulien hinzugefügt.
Sie haben dreifarbige Fahnen, in denen die Heimatstadt der Aktivisten erscheint: Samstagabend sind sie herausgezogen worden, damit sie nicht identifiziert werden.
Sie inspirieren die englischen Fanatiker.
In Bulgarien haben sie eine Gruppe wahrer Nazifanatiker gefunden, die von Levski.
Die Figc hatte den italienischen Fanatikern 144 Spielkarten zur Verfügung gestellt: alle bereits mit Namen, so dass leicht zu kontrollieren.
Und der Innenminister hatte sie bereits alle kontrolliert: Unter dem, was sie nach Sofia gekommen waren, gab es zu diesem Zeitpunkt keines mit einem Daspo (Verbot des Zugangs zu Sportveranstaltungen) und keiner, der ihr verboten hatte, ein Stadion zu besuchen.
Vier italienische Fanatiker, die in Stadien vorbestraft waren, haben das Ticket und auch die Reise abgelehnt.
Jetzt erwartet das Innenministerium, die Handlungen der bulgarischen Polizei zu lesen, um Maßnahmen zu ergreifen: In diesem Fall ist es möglich, das Daspo (Verbot des Zugangs zu Sportveranstaltungen) für mindestens fünf Jahre den Fanatikern zu geben, die verhaftet wurden oder die in den Unordnungen identifiziert wurden.
Ein internationales Daspo (Verbot des Zugangs zu Sportveranstaltungen), das verhindert, dass nicht nur die italienischen Stadien, sondern auch die Stadien in ganz Europa besucht werden.
Unsere Hooligans werden nicht mehr in ein Stadion treten.
Zum Glück!
Aber nun ist da die Furcht vor Nachahmung: daß den wenigen fünfzig noch andere hinzugefügt werden.
"Wir müssen dieses Feuer sofort ausschalten und nicht legitimieren, wer sich in dieser Weise verhält," behaupten sie vom Innenministerium.
Deshalb "gut geöffnete Augen" vor allem im Hinblick auf die Partei der National Mittwoch in Lecce."
In Apulien gibt es auch einen kleinen Kern von BHs aus Ultras Italien.
Morgen trifft sich das Observatorium, am Dienstag das Cams, das auch einen Abschnitt der Aise (Informations-und externe Sicherheit, dh Geheimdienst, die sich für die Probleme in den Stadien.
"Die Chöre von Duce-Duce und der Arm während der Hymne von Mameli? In Bulgarien ist non eine Realität "...
Dies ist der Gedanke (expresso in unglückseliger Weise) von Domenico Mazzilli, seit einigen Wochen der Direktor des Observatoriums des Innenministeriums (hat die Stelle, die früher war Francesco Tagliente und nach Felice Ferlizzi).
Mazzilli war Leiter von Trieste von der öffentlichen Sicherheit gewesen, wo es einen Kern von den Trägern von der Gruppe Ultras Italien gibt, gegründet in 2002.
Es stimmt, wie Mazzilli sagt, dass es in Bulgarien nicht wirklich ist, das Duce zu feiern, aber ja, das Verhalten der 150-200 Fanatiker, die beschämend gewesen sind.
"Ich mache nicht den Soziologen - fügt n.1 des Observatoriums hinzu - werden die Reaten in den Ländern zugeschrieben, in denen die Tatsache geschieht.
Bis jetzt hatte sich diese Gruppe gut verhalten, jetzt werden wir sehen, was geschehen ist, und wir werden dies für die Zukunft berücksichtigen.
Aber lassen Sie uns auch über die Pfeifen auf die Hymne von Mameli sprechen: auch diese sind keine Realität, aber wenn sie erlauben, sind sie auch nicht lehrreich.....
