Rechte Populisten triumfen in Österreich, haben insgesamt 29 Prozent
Nach den ersten ersten Ergebnisse der frühen Parlamentswahlen in Österreich haben beide Parteien in der gegenwärtigen großen Koalition eine perceptive Schwachung und eine große Fortschritte für die rechten Populistparteien.
Die Österreichische Volkspartei (ÖVP), wo die Position des aktuellen Kopfs Wilhelm Molterer schwer geschlossen wird, hat besonders große Verluste geliegt.
Der Kampagneführer der Alliance für die Zukunft der Österreichs (BZÖ), Carinthian Gouverneur Jörg Haider, vorbereitet einen triomforenden Rückkehr in den nationalen Politik.
Die Sozialdemokratische Partei (SPÖ) bleibt jedoch die stärkste im Land mit 29.8 Prozent der Stimmen 5,5 Prozent der Stimmen seit den letzten Wahlen 2006 verloren.
ÖVP, das mit seinen 25,6 Prozent fast neun Prozent der Stimmen verliert, hat noch schlechter.
Diese sind die schlimmsten Ergebnisse beide großen Parteien in österreichischen Nachkriegsgeschichte und insbesondere für die Volkparty, die die frühen Wahlen aufrufen, ist es buchstabelich ein katastrofisches Ergebnis.
Am Anfang Juli, als ÖVP die Koalition verlassen hatte, hatte die Volksparty noch eine große Führung auf SPÖ in den Untersuchungen.
Votern bestraften sie jedoch scheint, dass die Regierungsflouder gelassen hat.
In den ersten Reaktionen auf die Ergebnisse gibt es bereits spekulationen über die mögliche Abnahme des Party-Kopfs und aktuellen Vice-Changeller Wilhelm Molterer.
Beobachter erwarten, dass dies am Montag so früh an der außergewöhnlichen Sitzung der Parteienführung stattfinden könnte.
Eine solche Entwicklung würde sicherlich die Reise auf die wahrscheinlichste Anwendung von den Wahlgebnisse vereinfachen, das ist, die Vernieuerung der großen Koalition von SPÖ und ÖVP.
Nach der Verstärkung beide rechten Populistparteien - die Freiheitsparty (FPÖ) ergänzte 18 Prozent und BZÖ 11 Prozent der Stimmen - jedoch ausgedrückt die Sozialdemokraten für eine Wiederholung des Jahres 1999, als die Volkspartei mit den Populisten vereinbarte (FPÖ immer noch vereinigte, wurde es 2005 von BZÖ) über eine gemeinsame Regierung, die schließlich Sanktionen der Europäischen Union entwickelt.
Haider, der bereits bekannt hat, dass er bereit ist, zusammen mit jedem Partei zu arbeiten und verlässt, er wird in Wien zurückzukehren in den nationalen Politik, ist offensichtlich auf diese Entwicklung bankiert.
Die Grüne Partei kam auch in das Parlament, aber ein leichtes Verlust und fällt von dritten bis fünften Ort zwischen österreichischen politischen Parteien.
Offensichtlich hat keine anderen Parteien die vier Prozent Marke überschließt und ins Parlament ging.
Schwarzenberg: Beziehungen mit Indien könnte schlechtern
Nach Auslandsminister Karel Schwarzenberg wird es nicht möglich, das Problem der tschechischen Wissenschaftler in Indien mit der illegalen Sammlung von Käufern zu lösen, konnte eine bestimmte Verstörung der tschechischen und indianischen Beziehungen stattfinden.
Der Minister hat dieser Erklärung in New York nach der heute Treffen mit seinen indischen Kollegen, Pranab Mukherjee, gebracht.
"Wenn es nicht löst, dann würde es eine bestimmte Verschlechterung stattfinden", sagt er nach der Tschechischen Initiativen Sitzung.
Nach der Verhandlungen sagte Mukherjee, dass es für die Ausführungsbranche schwierig ist, in der Rechtsvorschriften zu intervenieren.
Er sagte jedoch, dass in der Fall von Petr Švácha, der von den Abschlüssen ausgeschlossen wurde und mit einem Fein gestraft wurde, die zentrale Regierung kann mit der lokalen Regierung in Darjeeling verhandlungen, unter der Justizität der Sache gehört.
"Sein Problem könnte lösen", sagte der Minister.
Gemäß Mukherjee wäre es für Emil Kučera, der zu drei Jahren in Gefängnis verurteilt hat, an höheren Behörden beschäftigt.
Er kann dann beantragen, auf der Beschäftigung zu veröffentlichten und warten auf den Urteil außerhalb des Gefängnisses, erklärt er.
Schwarzenberg bestätigt, dass sein Partner auch das während der Verhandlungen gesagt hatte.
"Er empfehlt zu einem höheren Gericht, dann wäre es möglich, ihn zu vergeben", sagte der Leiter der tschechischen Diplomatie.
Die einzige Weise, die tschechische Seite in der gesamten Sache beteiligen kann, ist, die verurteilten Personen "kompetent gesetzliche Unterstützung" zu versorgen, sagte der indischen Minister.
Gleichzeitig sagte er, dass die indische Seite bereits ihnen dieser Art Hilfe bietet.
"Es ist in unserem größten Interesse, die besten Beziehungen mit Indien zu behalten, die eine langjährige Tradition haben.
Die Indianen erkennen dies auch", sagte Schwarzenberg.
Gleichzeitig, wie er die Tschechische Presseagentur erklärte, betonte er vor seinem Partner, dass die Tschechische Republik große Bedeutung auf das Problem der tschechischen Entomologischen.
"Wir erklären wir wirklich, dass diese tschechischen Wissenschaftler ein schwerer Fehler zu sein", erklärte er.
Der Minister vermeidte die Frage zu beantworten, ob er eine Versprechung von der indischen Seite erhalten hatte, um die Sache zu folgen.
Er sagte nur "Ich habe bereits ein paar Versprechen erhalten".
Tschechische Referenzbekämpfung für die Meere
Er schritt nach der elektronischen Wandkarte, die Australien und die umgebenden Meergebieten darstellen.
Er ist jedoch nicht für das Kontinent interessiert, sondern in einem kleinen Punkt im blauen Ozean verloren.
"Diese Insel, und mit ihm gehört das Meerboden um ihn, Australien.
Gleichzeitig ist das Gebiet so groß wie das Kontinent selbst", sagt der italienische Anwalt Luigi Santosuosso, der zum dreißitigen Mitgliedsgruppe der Mitarbeiter der Division der UN für Ozean-Angelegenheiten und dem Meerrecht gehört.
Sein Boss, der Division-Regisseur, Tschechische Anwalt Václav Mikulka, folgt, was er sagt und manchmal etwas hinzufügt.
Zest und Enthousiasmus für Arbeit sind hier dominiert.
Die Ozean Boden beschlossen eine bisher wenige bekannte Welt reich in natürlichen Ressourcen.
Es ist möglich, Öl, Orsen und andere Minerale zu finden, aber auch bisher unbekannten lebenden Organismen, die die Schlüssel beispielsweise zur Entwicklung einer Heiligkeit für Krebs behalten.
Ein Stock größer als das Kontinent
Heute haben die Küstenländer für das neue Unterwassergebiet begann.
Das ist, nach einer Vereinbarung der Vereinbarung, die die Rechte vereinbarten 1982 in Montego Bay, Jamaika.
Dies ist hauptsächlich das Bereich des sogenannten kontinentalen Rafts, der häufig bis zu mehrere hundert Kilometer von der Küste des gegebenen Landes erreicht.
Nach dem Abkommen hat dieses Land das exklusive Recht auf allen Ressourcen des kontinentalen Pfleges.
"Die Kontinentalhäfte wird einfach als Teil des Meerbodens angesehen, das die natürliche Fortschritte des Kontinents unter dem Meer und seinen Substratum ist.
Es erreicht über den Rand des Kustenmeers, oft über den Rand der zweihunderten Nautischen Miles der sogenannten exklusiven Wirtschaftszone", erklärt Mikulka.
Die Anfrage des gegebenen Landes müssen die Kommission für die Grenzen der Kontinental Shelf durch wissenschaftliche und technische Dokumentation unterstützt werden, die auf viele kostenlose Untersuchungen und Messungen aufgeführt werden.
Es ist das Ergebnis von vielen Jahren von Vorbereitungsarbeiten.
"Eine der unseren Rollen ist, die Kommission gesetzlich und spezialisierten technischen Hilfe zu bieten.
Die Kommission hat bisher fünf Anfragen aus Russland, Brasilien, Australien, Irland und Neuseeland diskutiert.
Nur die letzten drei dieser Länder sind bisher erfolgreich", hinzufügt Mikulka.
Zuletzt wurde das Erfolg Australien, der erste, sein Unterwasserdomäne ausgeteilt war, weltweit registriert.
Aber Neuseeland erworben sowohl - das Gebiet des Ozeanbodens, das die Kommission es anzugeben hat, ist etwa 1,6 Millionen Quadratkilometer, das ist, etwa sechs Mal größer als die Größe des Landes selbst.
Beide Länder investierte Millionen von Dollars in die Untersuchung.
Der Gewinn, die von der Nutzung des Ozean Bodens in der Zukunft erfolgt, wird, sie hoffen, kostenlose.
Außerdem werden andere Länder ihre Anforderungen schrittweise vorgeschlagen.
Sie haben bis zehn Jahre von dem Moment, als sie das "Montego Bay Abkommen" ratifiziert haben.
Wenn die Kontinentalhäfte endet, beginnt der Bereich des Ozean Bodens, der durch das Abkommen als "gemeinsame Erbe der Menschheit" erklärt.
Hier hat kein Land mehr eine exklusive Position.
Die Rechte in diesem Bereich werden durch den von der internationalen Institution festgelegten Abkommen gewährt.
"Aber das Ozeanboden ist kein Klondike", sagt Regisseur Mikulka übertretend und hinzufügt, dass seine "individuelle Gebieten gesetzlich begrenzt sind und ihre Regime an Vertrags ankert ist."
Tschech im Pazifik
Teil des Meerbodens gehört derzeit zu der Tschechischen Republik.
Es teilt es mit anderen Ländern aus dem ehemaligen Ost-Bloc als Teil der gemeinsamen Organisation "Interoceanmetal".
Diese Organisation hat 1991, wie die Investoren von mehrere kleinen anderen Ländern, den Status der sogenannten "Pionering Investor" erworben.
Es ist gestattet, in der Zone ClarionClipperton im Pazifik-Ozean zu mien, die zwischen Mexiko, Hawaii und Kiribati liegt.
Der von der Investoren untersuchte Gebiet ist leicht größer als der ehemaligen Tsjechoslowakien.
Der Meerboden ist robust, es ist eine Art von Unterwassermodell der Tatra Berge.
"Es ist dort möglich, mir auf einem gesamten Bereich von 75.000 Quadrat Kilometern zu kommen.
Das Gebiet ist eine reiche Organisation für die Sammlung von Polymetalkonkretionen, die Nickel, Kupfer, Kobalt und Manganische enthält", sagt ein anderes Anwalts, Pakshi Rajan aus Indien.
Der mazedonische Anwalt aus der Abteilung, Rober Sandev, bringt eine solche Konkretion, um zu demonstrieren.
Es scheint wie ein kleiner Kartoffel oder, mit einem wenig von Fantasie, die mittische Schem, die nach Legenden den Golem zum Leben gebracht hat.
Deutsche Spezialkräfte an Hostage Retten
Die egyptische Regierung hatte Hilfe von Deutschland aufgefordert, die in den Experten gesandt hatte.
Als die Druck zum Schove kamen, waren die besonderen Kräfte bereit, aber ihre Dienstleistungen wurden am Ende nicht erforderlich.
Mehr und mehr Details sorfen sich über die Umstände um die Befreiung der elf europäischen Touristen in Ägypten erbrochen.
Gemäß den deutschen Bundesministerien der Verteidigung und des Interiors teilte deutschen Spezialkräfte indirekt an der Rettmission teil.
Specialisten der Bundeswehr (Bundeswehr) und Mitglieder der deutschen Bundespolizei (Bpol) und seine GSG 9 und Air Guard-Besondere Einheiten vorhanden an der Retten, sprachten die Ministerien Montagnacht, sowie Mitglieder des Bundespolizei (BKA) und Logistik-Experten der Agentur der Technischen Leistung (THW).
Die deutschen Kräfte wurden jedoch nicht erforderlich, weil die Gefängnisse ihre Gäser verlassen und flohten, als sie bewusst wurden, dass die Gäuser in Kraft befreit werden sollten.
Die egyptische Regierung hatte die von Deutschland angebotenen Hilfe angenommen, auf die deutschen Kräfte als Backup zu vertrauen während der Betrieb.
"Luckly, es war nicht zu diesem gekommen", sagte ein Geschichte des Bundesministeriums des Innenlands.
Die Reisegruppe, die aus fünf Deutschen, fünf Italienen, eine rumänische Frau und ihre acht ägypterischen Begleiter wurden am 19. September im Süden des Ägypten aufgeschlossen und erlaubt.
Nach ihrem Entnahmen in einer Wüste Region im Süden des Ägypten wurden die Gäser in der Grenzregion zwischen Ägypten, Libyen, Sudan und Chad zurückgeführt.
Bisher bleibt die Identität der Geführer unbekannt, wie Details über die Retten oder mögliche Erlösungen.
Die ehemaligen Gäser sind sicher und selbst in Kairo gekommen.
Deutsche Auslandsminister Steinmeier sagte, dass sie den Pflege der deutschen Botschaft vertrauen wurden.
Er kommentierte nicht über die Details der Rettungsretten.
In Berlin wurde keine unmittelbare Informationen über ihre Rückkehr in Deutschland gegeben.
Gemäß deutschen Zeitschrift „Bild“ sind die fünf Touristen und die speziellen Kräfte, ein Airbus der deutschen Luftkraft zu besitzen, die am Dienstag in Deutschland anzukommen.
USA-Vertreterhaus weigert Bailout
Die 700 Milliarden Dollar-Bailhout-Paket für die Finanzmärkte schnell nicht in den ersten der zwei Kamer des USA-Kongresses übergehen.
Die Dow Jones hatte eine Nase-Dive.
Mit Abstimmung von 227 bis 206 gegenüber verweigerte das USA-Vertreterhaus des Regierungspakets für den Finanzmärkten.
Alle Appelle von Präsident George W. Bush und führende Beamte der beiden Parteien wurden ganz trotzdem keinen Mehrheit für das Programm erreicht, das die Kaos auf den Finanzmarkten enthalten sollte.
In einer dramatischen Kampagne hatten die Unterstützer versuchen, die Kritiker des 700 Milliarden Dollarplans zu überzeugen.
Barney Frank, eines der Hauptdemokratischen Verhandlungsvertretern, hatte Vertreter zur Genehmigung anrufen, obwohl es ein unpopulares Plan war.
"Es ist schwer, politische Genehmigung zu erhalten, für die Prevention von etwas, das noch nicht passiert hat", er erklärt.
Während die Abstimmung noch unterweg war, sah die Dow Jones eine Drop von mehr als sechs Prozent oder 600 Punkten.
Es wurde von Investoren Sorgen verursagt, dass die Regierungsbefehl fehlen könnte.
Es erhielte kurz vor dem Ende der Abstimmung, nur, wenn die Verwertung öffentlich gemacht wurde, weitere Nasedive zu nennen.
Experten erwarten jetzt weitere schweren Turbulenzen in den internationalen Finanzmärkten.
Damit die Plan im Einführung erforderlich ist, wird die Genehmigung sowohl des Vertreterhaus als auch des Senats erforderlich.
Reiseagenturen Bericht Erhöhung der Buchungen
Es wird ein gutes Winter für deutsche Reiseagenturen sein, offensichtlich:
Eine Untersuchung sagt, dass die Umsatz der Buchungen für die kommenden Monate wesentlich gegen das vorherigen Jahr erhöht hat - für die Wintersaisone um so viel als 30 Prozent, sogar.
Trotz Perspektiven einer schwachen Wirtschaft bleibt die Appetit der Deutschen für Reise nicht geschlossen, sagt eine Untersuchung.
Für die Buchungen während der Wintersaison sah Reiseagenturen eine Erhöhung des Umsatzs von 31 Prozent gegen die gleiche Zeit des vorherigen Jahres berichtete die Deutsche Travel Association (DRV) am Montag in Berlin.
Nach Marktforschungsfirma GfK hat auch in den Herbstmonaten eine Erhöhung der Buchungen gegeben.
Reiseagenturen hatten für Oktober gegenüber 2007 eine Erhöhung der Umsatz von etwa 11 Prozent gesehen.
Die Ergebnisse basieren auf die Zahlen von GfK, die die Buchungsdaten von 1200 deutschen Reiseagenturen jeden Monat verarbeitet und verwenden sie, um Projektionen für den Markt als gesamt zu machen.
Inbegriffen sind Reisebuchungen gemacht bis August 2008.
Aufgrund eines schwachen Dollars, insbesondere Reise nach den Vereinigten Staaten, sagte der DRV.
In diesem Bereich wurden die Buchungen um etwa eines Drittes erhöht, sagt es.
Dies zeigte es damit, dass Spanien, Türkei und Griechenland beliebt ist unter Deutschen sowie inlandsgebieten.
Alle inklusive Reisen wurden besonders nachgesucht, sagte der DRV-Präsident Klaus Laepple.
Aufgrund der Erhöhung der Energie- und Lebensmittelpreise war ihre Kosten „mehr für Kunden kalkulierbar als der individuell organisierten Urlaub“, sagte Laepple.
Die Verbraucher könnte Geld durch früh-Vögel oder alleinklusive Rabatte, unter anderem, sagt Laepple.
Weil die Sommermonate sehr gut gebucht wurden, wäre es auch eine weitere Erhöhung des Umsatzs gegen das vorherigen Jahr, sagte er - obwohl eine weitere Untersuchung berichtet hat, dass die Anzahl der Reisendeutschen im Vergleich mit dem vorherigen Jahr schwanken.
Meine erste Mal am Oktoberfest
Frühlingbreak- und Après-ski-Style-Style in Wiederholungsmodus, Bier aus einer Litre-Käufe und Beliebte im Designer Dirndln.
Ein Wiesn Debut.
Technisches Haben Susanne Kronzucker und ich nicht viel gemeinsam.
Sie ist Blond, ein TV-Gesellschaft und tragen einen Schrittgemachten Dirndl.
Ich habe dunkler Haar, bin Schüler, und mein Kleid ist zweiten Hand.
Aber es gibt eine Sache, die uns verbindet: Wir haben seit kaum drei Minuten am Wiesn gewesen, und bereits die Fotografen rund um uns und snappschooten, ihre Speicherkarten ausfüllen - sehr fühlen, und es ist mein erste Besuch an die Wiesn, zu Booten.
So machen Sie Freunde.
Das billige Dirndl scheint seine Arbeit tun.
Für ein Wiesn-Tourist, die normalerweise Norden des Weisswurst-Equators basiert, hatte die Komfie-Führung, die traditionelle Bayerische Kleidung mit traditionellem Kleidung gelassen hatte, viel zu gewünscht werden.
Aber einmal an Theresienwiese kam, ist es nicht so schlecht wie das.
Fast alle tragen Dirndl oder Lederhossn; niemand erscheint abschweißt oder schmeckt - es ist alles ganz normal.
Nur mein Dirndl-Forf gezogenen Blick auf dem Schokoladen-Banana-Anbieter.
Eine Münchenfrau hatte auf meinem Aufmerksamkeit gebracht, daß ich den Fällen falsch verbindet hatte: `Verfügbar links, Jungmen in der Mitte, rechts, weide hinter.'
Ich habe meine Fälle von hinter nach links aufgeführt.
"Sehen Sie über recht," sagt sie, und lachen.
Andere sind weniger beurteilt mit subtilen Flirt-Techniken und tragen einfach fühlte Hatten, die sagen: "Too dronken, um kleid zu sein" und, ohne Bedruck, Menschen zeigen ihre nackte hinter.
Der junge Mann mit der Ausstellung ist Bob genannt, ist aus England, und es ist auch sein ersten Mal auf dem Oktoberfest.
Er findet es `gründe,' mit einem langen gestreckten `ooooo'.
Er erzählt mir das, nachdem er sich von den `Maß' vorher verloren hatte.
Neben einer der Feuerplöchen, die jeder Fehler für Abfallspiegeln.
Also ist Bob eines der unfamischen 'Wildbiesler'.
Andere sind nicht ganz glücklich genug, den Alkohol in diesem Mode zu verlieren.
Nacht um acht Uhr gehen, Stunden von Paramédiken schwanzen die Lage, die an den armen Bingers beteiligt sind.
Die Medikanten erscheinen immer in Packungen - es gibt immer vier zu einem Zeit, die einen gedeckten Stecker vom Zelt bis zum Zelt übertragen.
Es funktioniert wie mit den meisten Wiesn-Besuchern: Wenn es leer ist, kommen sie aus, und wenn es voll ist, kommen sie zurück.
Sie sehen nicht, wer ist innerhalb der BAC-Kosten.
"Es ist diejenigen, die nicht mehr nennen können," schrieben eines der Paramediken, als ich ihn davon fragte und in der Möglichkeit verdrückt.
Unfallsopfer, die von Polizei benannt wurden
Eine 63-jährige Frau, die nach einem Fahrzeug in Essex gestorben wurde, ist benannt.
Carole Paulson, von Chelmsford Road in Brentwood, war am Freitag Nachmittag am Shenfield Road in der Stadt am Unfall beteiligt.
Sie wurde in Queen's Hospital, Romford, aber später starb.
Nach dem Unfall wurde ein 51-jähriges Mann auf Verdachtung von unbefriedenen Fahren gehaften.
Seitdem wurde er auf der Polizeibetrieb veröffentlicht.
Die Erweiterung der diplomatischen Horizonten der Türkei
Lang bevor die Türkei die Europäische Union zusammenzunehmen, waren die europäischen Befugnisse in die Tiefe der Türkei.
Auf der östlichen Seite des Bosphorus, vielleicht nur 20 Schritte in Asien, steht eine der besten Relichien dieser fehlerten Imperial-Ambition.
Hydarpasha Bahnhof wurde von zwei deutschen Architekten Otto Ritter und Helmut Conu im Neo-Renaissance-Stil entwickelt.
Das ist mindestens das, was die Leiterbuchen dir sagen.
Das Gebäude sitzt das Ende der Plattformen mit einem Torm an jedem der vornden Ecke, die nach ganzen Welt suchen, wie ein provinzisches deutschen Stadthall.
Der Stein ist schmuck.
Das gesamte Gebäude wird leicht verletzt.
Aber einmal innerhalb des geschlossenen Ticketbüros gibt es keine Zweifel die Größenheit des Unternehmens, von dem das westlichste Gateway war.
Die Station wurde im August 1908 von einem deutschen Konsortium, der Anatolia-Baghdad Corporation geöffnet.
Deutschland, ein Zeitkomer des Imperialspiels, bedeutet, seine Ambitionen zu erfahren, die Mittlerosten zu dominieren durch dieser Bahnhof nach Damaskus, Bagdad, und über das, was heute Saudi-Arabien ist.
Aber Deutschlands Imperial-Ambitionen wurde während des ersten Weltkriegs gegründert.
Seine Eisenbahnstück wurde von Lawrence von Arabia und seinen arabischen Unregelmäßigen angefangen.
Die relative Isolierung aus seiner umgebunglichen Region, die durch die verfrorenen Grenzen des Kaltenkriegs, entwickelt wurde, ist weg
Britische und Regierungskräfte entwickelt aus Ägypten und drückten die Turks und ihre deutschen Vereinigten aus Palestina und Syrien.
Und es gab auch schlecht Nachrichten für Hyderpasha-Station.
Im Jahr 1917 hat ein Munitions-Train seinen ausgezeichneten Dach zerstören.
Türkische Quellen sagen, es war Sabote.
Seit dann hat sie langsam geschützt, weiterhin durch die Geschichte abgeweitet.
Aber heute dient dieser Bahnhorizonte nach Anatolia und alle Punkte ostlich - mindestens symbolisch -, um die diplomatischen Horizonten der Türkei zu erweitern.
Die Regierungsparty Justiz und Entwicklung - der AKP - hat eine ganz neue Auslandspolitik für das Land geschäft.
Die relative Isolierung aus seiner umgebunglichen Region, die durch die gefrorenen Grenzen des Kaltenkriegs, entwickelt wurde.
Jetzt gibt es eine neue Engagementpolitik.
Die türkische Regierung hat gut Beziehungen mit Israel und Syrien, mit den palästinensischen Fraktionen von Hamas und Fatah, mit Irak und Iran und natürlich mit der Europäischen Union und den Vereinigten Staaten.
Um die Parameter dieser neuen Auslandspolitik zu vermeiden, ich habe den Nachtschlafter in den türkischen Hauptstadt Ankara aufgebaut, um eines der führenden Auslandspolitischen Experten des AKP, Türkischen MP Suat Kiniklioglu zu besuchen.
Am nächsten Morgen - etwa zehn und halb Stunden später - nach einer gleichfahrt, die die alten Weltkadennen des berühmten Dokumentators The Night Mail produzierte, kam ich in die türkische Hauptstadt - vorgeschlagen als neues Stadt für eine neue sekulare Stadtwicklung, um seine Rückgang auf die Ottoman Vergangenheit zu drehen.
Aber der AKP mit seinem bekannten Islamischen Wurzeln darstellt eine Paradigmveränderung im türkischen Konsens.
Es hat einige Vermutzung in der West, insbesondere in Washington, gebracht.
Ein Taxi hatte mich zum Hauptschnitt des AKP, eine ultramoderne Stein und Stahlstruktur - zugebaut - in einem Entwicklungsvorflächen, umgeben von halbkonstruierten Einkaufszentren und Power-Patisserien, wo mittler Managern in Geschäftsmitteln - sowohl Männer als auch Frauen - erfahren haben, um frühen Morgenangebote zu machen.
Suat Kiniklioglu könnte ein Mittelrechts Politiker aus fast jeder anderen politischen Partei in Europa sein.
Ich bin sicher, dass er sogar ein Blackberry verpackte.
"Der Ziel der Auslandspolitik der Partei ist jetzt, Türkei in seinen unmittelbaren Nachbarschaft zu erneut integrieren.
Die Kalte Krieg war eine Anomalie", sagte er mir.
Die Türkei wurde von seinem Hinterland abgeschnitten.
Heute musste sie gleichzeitig ostlich und westlich sehen.
Es war keine Fall von einem oder dem anderen.
Es musste beide tun.
Aber ich fragte: "Turkey könnte zu wählen?"
"Turkey", sagte er, "würde nicht diese Wahl gegenüberzusehen."
Er betonte dann einen Punkt, dass fast alle, die ich hier gesagt habe, fast durch Rote reseert hat: Die Verbindungen der Türkei nicht nur mit dem Mittelosten, sondern auf dem Kaukas und um das Schwarzsee, so viel zum Vorteil von Europa und den Vereinigten Staaten, wie sie in Türkei sind.
Mit der Türkei am Bord scheint die Nachricht, dass Europa als ganz gesamt die Schienenlinien ostlich nach Asien und mittleren Osten metaforisch fahren kann.
Zurück in Hydarpasha-Station, nach einem weiteren großen Schlaflos Nacht, dachte ich dachte daran, dass die zwei deutschen Herren Herr Ritter und Herr Conu, die dieses Gebäude vor 100 Jahren gebaut wurden.
Wie überraschen wäre sie, daß Europas Mittler-Ost-Ambitionen jetzt in den Türkei-Händen sein können.
Und während ich am Terminal warte, um mich über das Bosphorus zurückzunehmen, erinnerte ich, dass in diesen Tagen Türkei immer "der Krankte Mann von Europa" genannt wurde.
Dann scheint es mindestens nicht viel Zweifel zu sein, in welchem Kontinent auf dieses faszinierten Land beschäftigt sollte.
Leben erinnert: Vernon Handley und William Woodroff
Mark Brown schreibt: Wie Guildfords musikalischer Regisseur ab 1962 hatte Vernon "Tod" Handley (Obituary, September 11) der Guildford Philharmonic Orchestra und Choir.
Als Teil seiner Musikschema für das Borough, im nächsten Jahr gründete er sein wunderschönes Jugendchor, Proteus.
Es sollte für Unter-21 sein, aber bis zum Zeit, als der Proteus seine Finale 1979 gesangete, waren mehrere von uns in unseren Späten 20er Jahren - wir weigerte, das Chor zu geben.
Der Name "Proteus" (der Mythologische Form-Änderer) vertreten die Regelschaft und die Fähigkeit des Chors, welche Musik an ihm vorgestellt wurde, ob Madrigal oder Messiaen, sowohl nicht accompaniert oder mit vollem Orchester zu behandeln.
Die musikality, die von einem solchen Jugend Chor produziert war, war oft erstaunlich, immer spannend, und es war alles wegen der Inspiration des ein Mannes und der Enthousiasmus für die Musik, die in den Jahren absolut konstante bleiben.
Wie oft uns von Tod erzählt wurde, "lassen die Musik für sich sprechen".
Er würde sagen: "Der Komponist weiß, was er will.
Es ist alles in der Musik.
Also sang es!"
Seine Baton-Technik war absolut klar und genau, obwohl nie diktatoriell, noch florid.
Was auch die Musikstandard, hat er es immer noch höhere.
John Frayn Turner schreibt:
Wenn jeder Leiter geführt werden sollte, war es Vernon Handley.
Ich kenne ihn gut während den zwei Jahrzehnten, er führte die Guildford Philharmonic von 1962 bis 1982.
In den letzten 40-D-Jahren habe ich mehr als 100 seiner Konzerte überprüft und ich kann ehrlich sagen, dass ich nie mit einer einzigen - und vielen Mal von ihnen inspiriert habe.
Tod Handley hatte die selten Kombination der Größenheit und persönliche Bestädigkeit.
Er hatte Leiter, die in seinen Worten einfach "eine oder zwei bekannte Kriegspferde rund um die Welt hatten".
Er wird von so vielen von uns vermissen.
William Woodroff
Professor John Beckett schreibt:
Ihr Geschichte von William Woodruff (Sept 25) erklärt, dass "in 1946 er wirtschaftliche Geschichte in Oxford weiterhergestellt wurde und 1950 ein Houblon-Norman Forschungsfellow... während er gleichzeitig für einen BSc, einem MA und einem PhD studiert wurde."
Dies folgt aus der Autor von Woodruff in Beyond Nab End, aber es ist nicht richtig.
Von 1946 bis 1953 war er in der Wirtschaftsgeschichte an der Universität Nottingham, in denen er eine PhD-Tesis über die britische Gummindustrie, die von Professor J. D. Chambers überwacht hat und 1958 als The British Rubber Industrie veröffentlicht hat.
1950-51 in den USA verbrachte er auf eine Houblon-Norman-Steunship und am Sommer 1952 an den Universitäten von Illinois, Harvard und New York.
1953 verlassen er Nottingham für Illinois.
Warum Woodroff gewählt, dieses Teil seiner Karriere zu glänzen, ist unbekannt.
J. Vincent Resino an der Fakultät der Philologie
"Ich empfehle die Ausstellung von José Vicente Resino "Flamenco y vida", weil seine schwarzen und weißen Fotos, die im Dokumentar-Stil getroffen sind, sind außergewöhnlich.
Die Fotos zeichnen meine Aufmerksamkeit wegen ihrer Einfachheit und Kraft, die übermitteln, immer mit besonderem Aufmerksamkeit behandelten die Themen.
Eine Ausstellung, die tiefe Gefühl führt.
Resino kann magische Momente erfahren."
Zweiten Angriff für Hondas Super-Selling
Nach dem nächsten November Honda wird die Marketing der zweiten Jazz-Modell-Erzeugung starten.
Wenn das vorherigen Modell bereits durch hohe Navigability gekennzeichnet wurde, hat dieses neuen Minivan ein Innenraum ein breiteres Raum.
Darüber hinaus ist es mit einem feinen Mechanik ausgestattet, die die Fahrkomfort und die Erlaubnisse, Kraftstoff zu retten.
Evolution statt Revolution.
Das ist Honda Jazz's zweite Generation.
Während es estetisch das neue Jazz wie das vorherigen Modell aussehen, sind die Veränderungen zum Minivan zahlreiche.
Unter anderen ist es wert seine innovative Design, neue Plattform, größere Größe und neue Mechanik.
Jedoch, bevor das neue Modell zu analysieren, kann es nützlich sein, dass diese neue Jazz nur sechs Jahre nach der Eintrag der ersten Generation kommen.
Daher sollte eine erste Beobachtung betrachten, dass Honda dieses Modell schneller erneuert hat als die anderen Unternehmen normalerweise.
Selbst wenn das Jazz-Modell in Europa weniger bekannt ist als in anderen Märkten, bleibt es ein Phänomen in Bezug auf Verkauf.
Dies ist der Fall von Japan, wo Jazz im Jahren 2002 der besten Wagen war und auch in diesem Jahren 2008.
Einfach dort wurden fast eine Millionen Jazz-Einheiten von der Launzierung des Modelles verkauft.
Der zweite Markt war das Alte Kontinent, mit etwa eine Hälfte Millionen Einheiten in sechs Jahren verkauft.
Trotz diesen Zahlen glauben Honda, dass diese neue Jazz seine Verkaufsverkauf im Segment noch mehr erhöht.
Wenn das Japanische Unternehmen im Jahre 2007 insgesamt 83.000 Einheiten dieses Modells verkauft, schätzt es im Jahre 2009 etwa 100.000 Autos. Dies vorhergestellt eine mögliche Verkauf von 17 % nur im europäischen Markt.
Im Zusammenhang mit dem spanischen Markt hat Honda seit 2002 insgesamt 8.000 Einheiten von Jazz verkauft, entsprechend 6,7 % der gesamten Verkauf für das Unternehmen in Spanien.
Mit der neuen Generation kommt, erwartet der verantwortliche für das Unternehmen in Spanien innerhalb eines Jahres rund 2.000 Einheiten von Jazz verkaufen.
Die Ankunft des neuen Honda Jazz wird es wahrscheinlich möglich machen, durch die Verringerung des Verkaufs in Spanien in großem Umfang zu reduzieren.
Tatsächlich erwarten die Anspruchspersonen für die Marke, die bis zum Ende des Jahres mit insgesamt von 22 000 Einheiten verkauft werden, die 4,000 Einheiten weniger als 2007 mit einer Verringerung von 16 %.
Trotz der Erhöhung des Verkaufs hat Honda auch sein Marktanteil in Spanien erhöht, um den 1,8% zu erreichen, im Vergleich zum letzten Jahr 1,6%.
Zum gleichzeitig erwartet der japanische Unternehmen die 2% im Jahre 2010 zu erreichen.
Um dies zu erreichen, ist Honda versicherbar in einem weiteren neuen Modell.
Das ist Insight, ein hybrid-fünf-Tür-kompaktes Auto, 4.37 Meter lang. Der japanische Unternehmen hofft innerhalb eines Jahres etwa 200.000 Einheiten dieses Modells zu verkaufen.
Gemäß den Märkten und den Japanischen Herstellern wird die 50% des Insightverkaufs aus den Vereinigten Staaten kommen, während die restlichen 50% von dem Alten Kontinent und Japan sein werden.
Der Handelsstart von Insight wird für das Anfang des nächsten Jahres geplant, kurz nach der Präsentation des Modells innerhalb des Unternehmens im Januar in Valenza.
Im Vergleich zu der ersten Generation hat der neuen Jazz in ganzen Gesamt gewachsen.
Es erreicht jetzt 3,90 Meter Länge (fünf Centimeter mehr), 1,69 Meter Breite (zwei Zentimeter mehr) und seine Interaksle 2,50 Meter mit einer Erhöhung von fünf Centimetern.
Seine 1,52 Meter Höhe, noch nicht veränderte.
Zusammen mit der Größe erhöhte sich sein gewöhnliches Interior im Raum.
Dieses Vorteil steht zuerst aus der neuen Plattform und zweitens von der Einführung des Kraftstofftanks in einer zentralen Standort, eine Lösung bereits im vorherigen Jazz angenommen.
Außerdem steigt die Kapazität des Bauern - ein Doppelbots Volumen - bis zu 399 Liter, eine 19 Liter größere Kapazität auf die erste Generation.
Diese ist die Maßnahmen des Honda Jazz 1.4, während die Kapazität des Bauern im Modell 1.2 ist nur 379 Liter.
Weitere Verbesserungen - neben externen Elementen, wie z.B. die Rückführte oder die Möglichkeit, das Panorama-Glas zu bewegen - betreffen die verbesserte Zugang zu Rücksitzen.
Türen, die Zugang zu Rücksitze ermöglichen, jetzt mit einem Winkel von 80 Grad öffnen, im Vergleich mit 67 Grad im ersten Modell.
Außerdem sind alle Motoren in dieser zweiten Generation von Autos ganz neu.
Zum Zeit der Marketing wird dieses kleinen Modell mit einem Benzinmotoren von 1,2 oder 1,4 Litern kommen.
Beide mechanische Systeme beinhalten die i-VTEC-Technologie, die ein weniger Kraftstoffverbrauch ermöglicht, weniger Kohlendioxid-Emissionen produziert, optimieren die mechanischen Reinigungen und gleichzeitig in allen Phasen hohe Momentmotor behalten.
Die 1,2 Liter-Version erreicht eine Macht von 90 HP bei 6000 Rpm mit einem maximalmoment von 114 Nm. um 4900 Rpm.
Die Fortschritte, die in der vorherigen Jazz die 78 Hp erreicht hat, braucht nur 5.3 Liter Kraftstoff und produziert rund 125 Gram CO2-Emissionen.
Im Vergleich mit der vorherigen Fortschritt, der im ersten Generationsmodell 83 Hp verwendet wird, kann der neue von 100 Hp nutzen.
Das 1.4 Jazz mit 100 Hp erreicht eine Kombination von 5,4 Litern von Kraftstoff und 128 Gram CO2.
Ein 'Bee-Auto', um Kollisionen zu vermeiden
Bei der Entwicklung der Technologien für die Prevention von Unfällen wurde Nissan dieses Mal, durch Natur und inspiriert.
Das japanische Unternehmen hat ein Robot erschaffen, der die Fluggesellschaft der Büe, Unfalls vermeiden kann.
Das ist das Bio-mimetic Car Robot Drive, oder BR23C, das erste Schritt zur Projektechnologien für die Prevention von Kollisionen.
Die Ingenieure des Erweitertes Technisches Zentrums Nisan Motor Co. haben dieses kleinen Robots in Zusammenarbeit mit dem Centre für Wissenschaftliche Forschung und Technologie der prestizierten Universität Tokio in Japan entwickelt.
Nach Kazuhiro Doi, allgemeine Regisseur der öffentlichen Beziehungen für die Technologie, Forschung und Entwicklung von Brand Management, ist der BR23C eine Ausbau des Sicherheitsschildes der vier Gebieten von Nissan produziert.
Dieses Robot ist vorgeschlagen, die Fähigkeit zu verbessern, Kollisionen in den von dem Unternehmen produzierten Fahrzeugen zu verhindern.
Während des Flugs schafft jede Bie seine eigenen oval-persönlichen Raum, die sehr ähnlich ist zum Schielen der Sicherheit von Nissan entwickelt ist.
Aber das wichtigste Element ist von den gesamten Augen der Bie vorgestellt, die in allen Richtungen mit einer extra 300 Grad Winkel sehen können, um das Insekt ohne Unterbrechung innerhalb seiner persönlichen Raum zu fliegen.
Um diese visuelle Funktionen zu neuern, entwickelt Ingenieure, was sie einen Laser Locator definiert (Laser Range Finder).
Dieses Mechanismus erkennen Hindernisse innerhalb von 2 Metern und ein Radius bis zu 180 Grad vor dem BR23C berechnet die Abstand zum Objekt und sendet einen Signal an den Mikroprozessor auf Bord, die die Kollision sofort ermöglicht.
"Wenn ein Hindernis erkennen, ermittelt der kleine Robot die Bewegungen der Bie und verändern die Richtung sofort durch die Räder rechts oder breiten Winkel, um die Kollision zu vermeiden.
Der offenbarste Unterschied mit jedem bestehendem System ist seine Evasive Maßnahmen, die vollständig instinktiv zu sein.
"Wenn es nicht so wäre, wäre der Robot nicht schnell genug zu reagieren, um Hindernisse zu vermeiden" erklärt Toshiyuki Andoh, direktor des Laboratoriums der Mobilität und der Chef-Ingenieur dieses Projekts.
Im Gegensatz einer Bie kann der Robot nicht oben oder unten abwegen, oder sogar diagonal. Es kann nur in zwei Dimensionen bewegen und in der Richtung können seine Rads umgekehrt werden. Offensichtlich kann es nicht unendliche Richtung und Wege wie Bieten tun.
Darüber hinaus hat Nissan eine Rotationsfunktion neben die Beschleunigung und Decelerierungsfunktionen verwendet, um den kleinen Robot Kollisionen zu vermeiden.
"Dieses Gerät muss nur neue Informationen jeden wenig Sekunden verarbeiten und aus diesen Daten behandelt werden.
Es benötigt keine Informationen speichern oder die intuitive Logika der vorherigen Manover verwenden. Darüber hinaus kann es nur durch ein paar Dutzent KB Speicher ohne Unterbrechung gegeben werden.
Das kann überrascht werden, aber wir sprechen nicht von Gigabytes oder Mega von Gedächtnis."
Dies ist das erste Schritt zur Entwicklung neuer Technologien für die Förderung der Kollisionen, wird innerhalb von zehn Jahren eine Technologie Nissan-Hoffnung in Autos als Standard-Faktivität eingeführt.
Der Robot verwendet Lithium-Polymer-Batterien, die leichter und langsamer sind als die Lithium-Ion-Typologie.
Eine zusätzliche Anwendung in einer potenziellen Zukunft könnte die Integration dieser Technologie mit dem GPS-Satelliten Navigator sein, um den Fahrer in einen bestimmten Ziel zu bringen und Hindernisse auf dem Weg zu vermeiden.
Schwimmen Sie vor dem Antrag für einen Kredit
Wir müssen erkannten, dass das Department des Vereinigten Staaten, die sehr guten Kapitalen besitzen, sicherlich keine Talenten fehlt.
Da die Krise gegenüberzusehen und die Amerikaner verhindern, die Banken unter Zweifel der Insolvenz mit Verlösungsleistungen zu tragen, erschaffen sich ein Spaß und Bildungsspiel für Internet-Butzer. Das ist "Bad Credit Hotel".
Mit anderen Worten, das "Hotel der schlechten Krediten"... oder der Probleme.
Das Dunkel-Aspekt dieses Hotels und insbesondere seines Rezeptionistens bezielt die Menschen, nicht nur einmal, sondern zweimal oder dreimal vor dem Antrag für einen Kredit zu denken.
Und vor allem, darüber hinaus zu denken, wo es antragt. Das ist wahrscheinlich das Spiel primäre Ziel.
Dieses System bietet sicherlich mehrere nützliche Informationen, aber bietet wenige Details.
Es ist viel mehr eine Webseite für Teenager als eine Website für die allgemeine Öffentlichkeit.
Was passiert, wenn Sie das Spiel abgeschlossen haben?
Nun, ein Traumzimmer erscheint innerhalb des Hotels.
Es ist immer noch etwas, weil es zu kaufen ein Haus... besser, es zu verlassen.
Morgan Stanley hat seine Hauptstadt auf MUFG geöffnet
Morgan Stanley hat seine Eintritt auf die Tischrunde Mitsubishi UFJ Financial Group (MUFG), die erste Bank Japans, die neun Milliarden Dollar verbringen wird, um 21 % seiner Hauptstadt zu erhalten, Nachrichten, die durch eine scherfte Anteilpreise erhalten wurden.
Eine Woche nach einer vorläufigen Vereinbarung haben die beiden Banken erklärt, dass MUFG 9,9% von Morgan Stanley an einem Preis von 25,25 Dollar gekauft würde, insgesamt drei Milliarden Dollar.
Der Verkaufspreis ist weniger als 19 % des Wertwertes der Wertpapier am 31. August.
MUFG investiert einen zusätzlichen sechs Milliarden Dollar in der Erwerb von konvertiblen Titeln, die einen gesicherten Ergebnis von 10% und mit einem Umrechnungspreis von 31,25 Dollar verfügen.
Morgan Stanley bekräftigt, dass die gesamte Betrieb auf einem durchschnittlichen Einheitspreis von 29 Dollar oder 28% über seinen aktuellen Preis basieren würde.
Jedoch verloren Morgan Stanley 6,79% auf 23.07 Dollar rund 17:00 GMT.
"Diese strategische Alliance ist eine wichtige Gelegenheit, die Übergang von Morgan Stanley zu den Status der Holding Bank zu beschleunigen", sagte John Mack, der CEO der amerikanischen Gruppe.
Morgan Stanley hat dieses neuen Status vergangenen Woche angenommen, das es ermöglicht, ihre Aktivitäten diversifizieren sollte, aber sie muss durch die Behörde des Bundesreserves durchgeführt werden.
Seine Alliance mit MUFG bekräftigt auch, dass die aktuelle Finanzkrise die größten Namen auf Wall Street eine viel vorsichtigere Ausstellung anzunehmen als vorher.
Die am Montag vorgelegten Modalitäten zeigt, dass die Abkommen in den letzten Tagen geändert wurde: der vorherigen Montag hatte Morgan gerade erklärt, dass sie auf 20% ihrer Aktien an den Japanen für etwa 8,5 Milliarden $ verkaufen würde.
"Vor eine Woche, erklärt Toshihide Mizuno, Executive Director des MUFG in Tokio", dachte wir, dass die Teilnahme vollständig aus gewöhnlichen Aktien bestand sein würde.
Aber nach dem aktuellen Zustand der Wirtschaft und der Markt hoffen wir, die Risiken zu minimieren und unsere Rückschutz zu schützen."
Basierend auf dem gewichtten Durchschnittspreis MUFG wird für seine Morgan Stanley Wertpapier 7% unter ihrem Buchwert zahlen.
Und die Transaktion führt eine Verdünnung von rund 20% Ergebnisse pro Anteil.
Der Abkommen steht vor, dass MUFG jährlich die Hälfte ihrer bevorzugten Wertpapieren in gewöhnlichen Aktien konvertiert kann, wenn diese mehr als 50% über den Umrechnungspreis gehandelt werden, etwa 47 $ für eine gewährte Zeit.
Morgan Stanley sichergestellt, dass die von MUFG vereinbarte Kapital ermöglicht, Investitionsmöglichkeiten zu beschäftigen, seine Balance verstärken und ihre Liquidität zu erhöhen.
Ein Sprecher für die Gruppe weigerte jedoch, Details zu den strategischen Projekten der beiden neuen Vereinten zu geben.
Nach der Investition von MUFG prognosiert Morgan Stanley einen Kapitalverhältnis Tier One von ca. 15%, einer der besten in der Industrie.
Morgan sagte, seit dem Ende August seit "schiedlich" sein Balance verringert zu haben.
Die letzten Wochen sind für die Gruppe schwierig, die die Hälfte seiner Anteilpreis schmelzt, während die Versicherungskosten gegen den Schuldgefahrten Risiko auf seine Schuld gestoßen.
Diese Kosten verringerte am Montag, aber bleibte auf einem neuen hohen Niveau rund 12%.
Letzte Woche, Goldman Sachs, die einzige andere überlebende große Investitionsbank auf Wall Street nach der Konkurs von Bear Stearns und Lehman Brothers und Merrill Lynch bekannt hatte es 15 Milliarden $, teilweise von Berkshire Hathaway, die Gruppe von Warren Buffett.
Rafael Correa in Quito am Montag.
Um die Republik des zwanzigsten Jahrhunderts Sozialismus zu erbauen.
Das ist das Gemeinsame Projekt der Venezuela Hugo Chávez, Evo Morales von Bolivien und der Ekuadorischen Rafael Correa.
Dieser Sonntag, wie seine Kollegen und Freunde, ist es der dritte, ein Entwurf für eine neue Verfassung zu stehen.
Seit 64 Prozent der Wähler "ja" an Referendum gestimmte Mission gemäß offiziellen Ergebnisse auf 80% der Stimmen.
Auf diesen Ergebnisse erhalten die "nein" 28%, 7% der Stimmen waren ungültig und 0,7% waren leer Stimmen.
Damit das Entwurf der Verfassung angenommen wird, sollte es die Hälfte der Stimmen zzgl. 1 erhalten.
Sonntag hatten zwei Überprüfungen außerhalb der Untersuchungsstationen und eine nicht-statliche Organisation eine große Sieg für die "ja", des Bereichs zwischen 63% und 70% bekannt.
Rafael Correa hatte während der Nacht von Sonntag bis Montag die Sieg seiner Entwurf seiner Verfassung behauptet.
Die "Konstitution hat so überwührlich triumphiert", versicherte er, die Ekuadoren im Regierungshaushalt in Guayaquil, 280 km südlichen von Quito.
Natürlich wurde Rafael Correa von Chavez und Morales gratulisiert, aber auch von seinem chilenischen Kollegen Michelle Bachelet.
Die Untersuchung, die unter der Überprüfung der Organisation der amerikanischen Staaten (OAS) erfolgte, in seinem Text 444 Punkte, die das "neue Sozialismus" von der Präsident verteilt wurde, konsolidiert.
Das Entwurf der Verfassung stellt die Macht des Staats über die Wirtschaft, indem sie die "Entwicklungsplanung" eines Landes, die hauptsächlich von der Ausstrahlung von Öl von ausländischen Unternehmen und dem ausländischen Geld, die sie an ihren Emigrants senden.
Buoyed von Correa, 2006 gewählt, bietet das Projekt auch größere Befugnisse an den Staatsleiter, die bis zu zwei nachfolgenden Bedingungen von vier Jahren aufführen können und die Versammlung auflösen können.
Correa hat bereits bekannt, dass er diese Macht nutzen würde, um ein neues Mandat im Februar 2009 zu suchen.
Die Verfassung konsolidiert auch das Prinzip der freien Gesundheitsdienstleistungen und Bildung, die der Präsident in diesem Land 13,9 Millionen Einwohner begonnen hat, wo 50% der Bevölkerung unter der Armutslinie lebt.
Es wird auch vorgesehen, dass die Anwendung von ausländischen Truppen verboten werden, die das Abkommen zwischen Quito und Washington für die Verwendung von Ecuador als Startbasis für die USA-Antidrog-Operationen abgeschlossen wird.
Die 19 Gäser wurden in Chad veröffentlicht
Ein ägypterisches Kommando-Komando-Kommando hat ein Angriff gegen die Entnahmen der elf Touristen und ihre acht Sports gefangen vor zehn Tagen.
Sie sind in Kairo.
Die elf europäischen Touristen und ihre acht ägypterischen Beschäftigungen seit zehn Tagen in der Wüste wurden am Montag Nachmittag nicht schädlich an der ägypterischen Hauptstadt zurückgekehrt.
Im Morgen wurden sie von einem ägyptischen Kommando in Chad veröffentlicht.
Erscheinlich finden sich die Gäser rund 1530 Stunden auf einem besonderen Flugzeug an der militärischen Basis Al-Maza, die an den internationalen Flughafen Kairo angeschlossen wurden.
Sie wurden sofort übertragen, ohne die Presse zu sprechen, über Helikopter zum Krankenhaus in Maadi, einem Wohnzimmer Kairo, um Prüfungen zu untersuchen.
Sie sind in "guten Gesundheit", und "keine Erlösung wurde zu den Gefangenen" erklärt der ägyptischen Tourismusminister, Zoheir Garanna, auf dem Tarmac.
Am 19. September wurde dieser Gruppe von Gäsern in einem Safari in einem 4x4 am Füß des Mounts Ouanat im Grenzen mit Ägypten, Sudan und Libyen gefangen.
Es enthält 11 Touristen - fünf Italien, fünf Deutschen und rumänischen - und auch acht Ägypten: zwei Führer, vier Fahrer, Grenzschutz und der Leiter der Agentur Aegyptous, Organisation der Safari.
Ein ägypterisches Sicherheitsbeamten sagte, dass 30 Mitglieder der Besonderen Kräfte, die auf zwei Helikoptern gebracht haben, in der Nacht gerade vor dem Morgen den Angriff gestartet hatten.
"Eine Feuerwechsel erfolgte, und die Hälfte der Entwickler wurden getötet, der andere Halbflüchtlichkeit", sagte der Beamter, der Anonymität anfragt.
Er sagte, dass 150 Mitglieder der ägyptenischen Spezialkräfte "rapid Reaktion"-Einheit als ganz in Sudan gesandt wurden, wo sie von deutschen und italienischen Kommandoen unterstützt wurden.
Der Leiter des italienischen Diplomatischen Korps Franco Frattini in Belgrad, wo er derzeit ist, erwähnt die Rolle der italienischen Geheimnisse und Elemente der Besondere Kräfte.
"Wir müssen erkennen, dass wir dieses Ergebnis durch die Professionalismus und Wirksamkeit unserer Männer aus den geheimlichen Dienstleistungen, aus den besonderen Kräften erreicht haben", sagte er, ohne weitere Details.
Er verweigerte auch eine Erlösung zu zahlen.
Der Tag vorher hatte die Sudanische Armee behauptet, ein 4x4 Patrolfahrzeuge auf dem Bord abgeschlossen hatte, von denen die Gefangenen waren, sechs, einschließlich das Chadische Kopf, und zwei erhalten.
Die Armee bezeichnete, dass sie mit einer Rebelgruppe in Darfur, der Befreiung-Unity (SLA-U), etwas, das dieser Bewegung sofort verweigert hat.
Schreiben - Die stille Mehrheit der Kultur
Eine Debatte über die Finanzierung der Kultur hat die Schriftsteller gemacht und hat diese Wahlkampagne abgeschlossen.
Gut.
Aber eine Sektor unseres kulturellen Lebens bleibt immer vergessen.
Wer wird vorkommen, die Ernst zu verdenken, die an kleinen Museen, Archiven, archeologischen oder nationalen historischen Seiten gewährt werden, die für die Finanzierung hungern sind?
Welche Politiker muss die Bundesregierung erinnern, dass sie seine Denkmäler und Erbegebäude vernehmt?
In Quebec, in Kanada, haben wir keine echte Gesetze, die wirklich unsere Erbe bewahren?
Hast du wissen, dass die französische Regierung drei und halb Millionen Euro nur für die Wiederherstellung des Schlosses Chinon im Loire Valley?
Unsere amerikanische Nachbarn haben in der Verfassung ihres Landes geschrieben, dass die Erbeschutz Teil der amerikanischen Kultur ist und dass solche Erbe von allen Bürgern, alle ausgewählten und alle Regierungsdepartementen geschützt werden müssen und dies in Zusammenarbeit.
In Quebec, die Föderation von Soziéties der Geschichte Quebec, in 211 Agenturen für Geschichte, Erbe, Archive und Genealogie gegründet wurden mindestens 40 000 Freiwillige, die die Forschung der Geschichte, die wenige Mittel haben, Privatarchive und die Bewahrung der archeologischen Resten.
Sie sind oft die Uhrdogs unseres Erbsts, die mit der Energie der Verwachung protesten, wenn Entwickler und Konstruktoren ihre Bulldozer gegen unseren alten Gebäuden und unseren vergessenen Cemeterien starten.
Wann wird ein Forum für Geschichte und Erbe geben?
Fortis Bank teilweise nationalisiert von Benelux Regierungen
Benelux-Staten helfen Fortis, die Belgien-Dutch-Bank - das erste europäische Finanzinstitut in Schwierigkeiten wegen der folgenden Auswirkungen der amerikanischen Kreditkrise - durch eine teilweise Staatenbuchung. Die drei Länder haben einverstanden, 11,2 Milliarden EUR in das Bank- und Versicherungsgesellschaft mit ungarischen Interessen zu injizieren.
Ende dieses Woches konsultierte die belgische, der Luxemburg und die niederländische Regierungen auf diesem Frage auf höchsten Ebene, mit dem Präsident der Europäischen Zentralbank und dem Wettbewerbskommissär der Europäischen Kommission.
Innerhalb der Eurozone ist Fortis die erste Bank, die die internationale Finanzkrise in den letzten 12 Monaten in Wellen nahmen, getroffen werden.
Nach der am Sonntagsnacht gemachten Entscheidung wird jede Regierung 49 Prozent in Fortis Banken in ihren jeweiligen Ländern ein Angebot erhalten.
Die Bank wird sicherlich einige Teil ihrer Anteils verkaufen, insbesondere die Versicherungsaktivitäten, die sie von dem niederländischen ABN Amro gekauft hat.
Fortis-Aktien begann letzte Woche tief zu schlagen, dann erscheint im zweiten Teil der Woche Zeichen einer ernsthafte Krise an der Unternehmen.
Analysten vereinbart, dass die Bank - mit seinen 85 000 Mitarbeitern - zu groß ist, um Bauten zu gehen zu können.
Die Anteile der Bank fällt am Freitag um 12%, das für 14 Jahre der Rekord-Niveau ist.
Der Wert der Aktien wurde seit Januar um zwei Dritte geschlossen.
Die gesamte Marktkapitalwerte der Gruppe liegt insgesamt rund 14 Milliarden EUR. Die Unternehmensführer sagen jedoch, dass das nicht Realität reflektiert.
Die Management beschäftigt die Unsicherheiten, die sich mit dem amerikanischen Paket von 700 Milliarden USD verbunden sind, für die Fälle von Fortis-Aktien.
Die Bestanden zeigten am Montag eine leichte Steigerung.
Filip Dierckx wurde am Freitag den neuen Chef-Offizier der Bank ernannt.
Das Finanzinstitut sucht auch private Käufer, aber bisher ist keine materielle Angebot gemacht.
Die belgische Regierung erklärte früher, dass die Investoren keine Grund für Sorge haben, sie ihre Geld nicht verlieren würden.
Bisher hat keine Paniken unter den Kunden der Bank erscheint; keine Bankkurse hat stattgeführt.
Fortis hat eine eigenen Bankenrichtung in Ungarn und hat auch Leasing Unternehmen ausgekauft.
Fox in The Henhouse
Die amerikanischen Lebens- und Gesundheitsversicherungsunternehmen weigert oft, Versicherungen an einigen Bürger zu verkaufen, wegen ihrer Drogenkaufsdaten zu verkaufen.
Datenschutz-Experten sind Angst, dass das Datenmarkt unkontrollbar wird.
"Es gibt ein Datenschutzprogramm, das die Erlaubnis der betroffenen Person erfordert, um die Drogenreceptdaten zu verwenden.
Es sollte unabhängig sein, andernfalls wird der Fuß das Hen-House bewahren", die Washington Post zitiert Richard Dick, Entwickler des Programms, die für die Narkotikarezepte gelten.
Versicherungs Unternehmen entscheiden über die Versicherungsgebühre und den Betrag, die bei Schäden bezahlt werden soll, abhängig von der Gesundheitsbedingung des Anwendungskundens entscheiden, und wenn sie es zu risikovoll betrachtet, versichern sie nicht.
Die Anwendungskunden, um eine medizinische Überprüfung zu versandten, und das Vertrag wurde nur im Licht der Screening-Ergebnisse geschlossen.
Vor zehn Jahren entwickelte Dick eine viel billiger Methode: auf der Basis der Identifikationsnummer des Kundens kann die Art von den Kunden in den letzten 18 Monaten gekauft werden, so kann das Programm die Konsequenzen über die Krankheiten, die der Antragsteller sowie ihre Gesundheitsbedingung zu erfüllen.
Zum Beispiel beispielsweise, die Regelmäßig große Dose von Kolesterol-Reduzierende Drogen zu kaufen, praktisch auf die Tatsache, dass der Kunden unbetreffend hohe Blutfettniveau hat, damit diese Person sofort in einer höheren Risikokategorie gesetzt werden würde.
Das Programm verfügt über verschiedenen Versionen im Handel, einige von ihnen definiert sogar den Risikofaktor, so hat das Versicherungsfirma nichts anderes, sondern die Papierpapier, obwohl kleinere Schwierigkeiten auftreten.
Eine der Nächsten ist die Tatsache, dass einige Drogen für mehrere Zwecke verwendet werden können, zum Beispiel einige medizinische Formel sind, Migraine, Wärmewellen oder sogar Depression behandeln.
Die letzte ist ein bedeutendes Risikostärkenfaktor aus der Sicht der Geschäftsversicherung, während die anderen beiden nicht sind.
Es gibt spezifische Unternehmen, die mit Erhalt und Verarbeitung von Daten erhalten, und sie bitten von den Patienten erlaubt, bevor die erforderlichen Informationen aus den Pharmaten erhalten.
Sie sind bereits verpflichtet, das zu tun, obwohl ihre vorherigen Verfahren nicht gestraft wurden.
Einige Unternehmen verarbeiten selbst die Ergebnisse der Laborprüfungen und verbinden diesen zu Drogenverbrauchdaten. So können sie über die Gesundheitsbedingung der Patienten genauer Informationen bieten.
Mehr und mehr Unternehmen erhalten Zugang zu die Daten und in parallel wird die Kontrolle ihrer Nutzung immer schwierig.
Es gibt ein spezifisches Akt zur Gesundheitsschutz-Datenschutz, aber seine Umfang enthält nur Gesundheitsanbieter und Versicherungsgesellschaften.
Der Rechtsvorschrift über die Inspektionsmaßnahmen für die Behörden über Unternehmen, die mit Datenbestimmungen betreffen, wurde im Kongress vorgegelegt.
Dick Richard bewusst, dass es nicht genug ist: darum hat er sein Programm weiter entwickelt, das jetzt Datenübertragung beschränkt würde, um die ausgedrückte Zustimmung der betroffenen Person zu erfordern.
Es ist jedoch weitere Frage, dass der Antragsteller nicht wirklich einwilligen kann, andernfalls die Versicherungsgesellschaften nicht mit ihnen Vertrag schließen.
Also werden Henen, in einem bestimmten Grad, weiterhin von der Gläubigkeit der Flechse abhängt.
Global Marseille Menü
Europäische Union und Indien Doppelhandel
Da die Europäische Union und Indien von den Handelspartnern einander führen, wurde die Tagesordnung des neunen Gipfels auch von diesem Problemen neben anderen, vor allem globalen Problemen dominiert.
Heute wird auch ein Topmit Frankreich-India insbesondere über die Atomkraft-Kooperation gehalten.
Obwohl die Europäische Union erkennt, dass Indien eine erwartete demokratische Weltmacht ist, die in internationalen Angelegenheiten mehr gewährt werden sollte, haben die Mitgliedstaaten nicht zu einem Abkommen konnte, ob das permanente Mitgliedschaft von New Delhi im Sicherheitsrat der UN unterstützt werden oder nicht.
Daher wurde diese Sache während des neunen Gipfels nicht gezwungen, gestern in Marseille organisiert.
Französischer Präsident Nicolas Sarkozy als Rotating Präsident der Union, Präsident José Manuel Barroso und Auslandspolitische Chef Javier Solana begrüßte Indian Premierminister Manmohan Singh und vereinbarte sich, um mehr als 100 Milliarden Euro zu erhöhen, das Handelsflüssigkeit in 5 Jahren.
Da die Austausch von Waren von 25 Milliarden bis 55 Milliarden zwischen 2000 bis 2007 aufgebaut ist, ist das nicht ein überewichtiges Ziel.
Daher sind 26 bestehenden bilateralen Zivilluftkonventionen mit Indien gesetzlich harmonisiert, daß die Luftverkehr in Zukunft flügeln kann.
Indien wird das freie Handelsvereinbarung mit der Union bis Ende 2009 unterzeichnet.
Sarkozy versprochen, harmonisieren zu beschleunigen.
Das Ziel ist, die Gleichgewicht zu finden, während Indien Nummer eines Handelspartners der EU ist, gleichzeitig hat New Delhi nur der neunen Ort auf der Liste der EU-Partner.
Das Gipfel konzentriert auf globale Fragen:
Bei der Situation in Afghanistan und Pakistan sowie über Terrorismus. Dies wurde in jedem Form von beiden Parteien verurteilt und die Konferenz der Vereinigten Vereinbarungen aufgefordert.
Die Abschluss von Doha Handelsronde wurde auch ausgeschlossen, obwohl beide Parteien bisher verantwortlich sind.
Die EU bestätigt, seine Energie- und Klimaprogramm zu behalten, die Bewusstsetzung, die Emissionen von Luftschränkungen mit mindestens 20 Prozent bis 2020 zu beschnitten.
Indien vereinbarte damit sowie mit dem Ziel, eine globale Abkommen auf der Klimakonferenz zu erreichen, die nächsten Jahr gelangt ist und die Treibhausgasemissionen bis 2050 zu verringern.
Ein weiterer Ziel war, die Wachstum der Lebensmittelpreise zu verhindern und eine Ausforderung einer internationalen Konferenz zur Überprüfung der Finanzkrise zu unterstützen.
Der indische Premierminister geht heute auf eine bilaterale Sitzung in der französischen Hauptstadt, wo er einen Vereinbarung über die friedliche Nutzung der Atomkraft bevorzugt.
Paris erwartet, dass französische Unternehmen Vertragsverhältnisse in Indien in einem Wert von 20 Milliarden Euro aufbauen können.
Nach Nachrichten-Agenturinformationen würde der Abkommen seit 15 Jahren in Kraft sein.
Über dreihunderte italienische Editoren in Frankfurt
Stärke Präsenz italienisches Editors im International Buch Fair in Frankfurt.
Mehr als dreihundert werden die italienischen Editoren im sechsjährigen Jahrhundert von Buchmesse, der wichtigste internationale Veranstaltung für die Austausch von Copyrights.
Die Internationale Buchfahrt im Frankfurt erwartet für diese Anlage über sieben Tausende Aussteller aus 101 verschiedenen Ländern, die 171 790 Meter von Boden mit mehr als 403 Tausende Titeln auf der Anzeige erhalten werden, und die Türkei wird der Gäste der Ehren sein.
Francesco Maria Giro, der Untersekretariat für Kulturerbe und Aktivitäten Ministerium wird die italienische Regierung bei der Italienischen Pavilion vertreten: Italien wird in der Tatsache als Institution mit einer italienischen Stand – 264 m2 auf außerhalb des Ausstellungsraums vorgesehen.
Die Pressekonferenz an der Zimmer Struktur von Pavilion 5.0 der Buchmesse wird folgendes sein: dies wird die Anlegung, die Zahlen, Trends und die Ansicht des Status der italienischen Veröffentlichen Industrie vorgesehen werden.
Nach die Daten gibt es eine höhere Bedeutung der Bücher von ausländischen Autoren in der italienischen Produktion, insbesondere für Erwachsene und Kinder.
Das Flugzeug von Steve Fossett gefunden, der Millionaire vor einem Jahr verschiedet
Die Flugzeug von Steve Fossett, der Millionär, der am 3. September 2007 verschiedet, während sie über die Nevada-Wüste, wurde gefunden.
Die Rachage wurde auf einem Plateau von 3000 Metern Höhe, im Bereich Sierra Nevada von Mammoth Seen, an der Grenze zwischen Kalifornien und Nevada gefunden.
Innerhalb des Flugzeugs gab es jedoch keine menschliche Resten.
Der Madera County Sheriff, John Anderson, hat alle restlichen Zweifel ausgelöst: "Das Flugzeug ist befindet, wir haben einen Team geschickt, und wir haben jetzt bestätigt, dass es ist, auf dem Steve Follett, der er verdrückt, fliegt", sagte er in einer Pressekonferenz.
Nachdem erzählte der Sheriff, dass keine Menschlimmern entweder auf dem Flugzeug, noch im Umgebungsgebiet gefunden wurde.
Der Millionär, 63 Jahre alt, wurde im Februar für Tod gegeben.
Das amerikanische National Transport Safety Bureau (NTSB) hat bereits berichtet, dass einige Stunden nachdem der Wrack ein Untersuchungsteam geschickt wurde, das dann die Flugzeuge identifiziert hat: es ist die Bellanca 8KCAB, die seit dem 3. September 2007 fehlt, als Fossett seit drei Stunden aus Yerington abgerufen hat.
Gestern, immer in Kalifornien, nicht weit vom Grenz mit Nevada, wurden einige persönliche Effekte von Fossett gefunden in Mammoth Sees.
Die Artikel sind zwei Dokumente im Namen von Fossett, sowohl von der Bundesflugverwaltung von Illinois ausgestellte, einige Geld und ein Sweetshirt.
Die Suche nach Fossett wurde ein Monat nachdem er verdrückt hatte.
Der Millionär hatte sich einen Ort in der Geschichte gewonnen dank einer Reihe der Weltregistre.
Im Jahr 2002, bei seinem sechsten Versuch, wurde er den ersten Mann, der die Runde der Weltreise in einem warmen Luftballon abgeschlossen hat: ein zwei Wochen Soloflug.
Drei Jahre später hatte er die Runde der Weltreise durch Flugzeug ohne Land.
Unter seinen vielen Rekords liegt es auch bei 15.445 Metern, über den Andes, aber mit einem Co-Pilot.
Glk, die Werbung, die Sie nicht wartet
Ein SUV, der außerhalb der Normen mit einem ursprünglichen Design mit entscheidenden Linien, umfassenden Oberflächen und sauber Schnittstecken definiert ist.
Kurz ist das GLK, die neuesten Zusatz zu den "Kompakt" aus dem Sternen Hersteller, mit dem Mercedes-Benz versucht hat, eine Atem von frischen Luft in dieser Sektor zu lassen.
Richtig, weil seine Funktionen aus den traditionellen Normen sind, wird die Nachricht, die das Launzierung des GLK SUV begleitet, auch unverwartet und unkonventionell sein, wird es in Mercedes-Benz Showrooms als vom nächsten 17. Oktober verfügbar sein.
Also wird die Republikkampagne, die das Debüt des neuen Fahrzeugs begleitet wird, eine neue Kommunikationsmethode abgeschlossen, die auch eine futurische Kampagne von 3D-Bildboards, die erstmals in Italien durch eine Automarke verwendet werden.
Ein Projekt von großen Blickboards, die in drei verschiedenen Phasen bewegt, die bis zum 15. November die mittlersten Mailänischen Einkaufsstraße, Corso Como, dominiert wird.
Die erste Phase dieses neuen Kommunikationsarts beginnt mit einer Präsentation des Autos in stereoskopisch Vision, und dank besondere Gläser, die im Nachbarschaft Corso Como verteilt werden, wird es möglich, das neue SUV in echte Größe und 3D-Format zu sehen.
Tatsächlich, das Bild ansehen wird man die Gefühl erhalten, dass der Auto aus dem Poster ausgeführt wird.
Danach wird die Verwendung der innovativen Technologie Elumina 8 alle Details des neuen GLK in verschiedenen Zeiten belichten und dann als einzelne Bild wiedergegeben werden.
Ohne Zweifel versucht Mercedes, durch dieser Anzeige, etwas neues in das konventionelle Bereich der Automobilpublikität einzulegen.
Werde es mit diesem Formel erfolgreich, um die Interesse zukünftiger Käufer zu provozieren? Wir werden sehen.
Hier sind die italienischen Hooliganen
der Tri-Veneto, die zu verboten werden soll, zu Teilnahme der Sportfisture (Daspo).
Aber wer sind die 150-200 Menschen, von denen Italien jetzt schämmt? Sie sind Teil der Gruppe "Ultras Italia", die seit Jahren den nationalen Fußballteam unterstützt und bis jetzt ist die Wahrheit bekannt, nie große Probleme erstellt.
Es hat niemals mit gegenüberliegenden Fans geschlossen.
Die Extraktion der Gruppe ist rechtsflügel.
Die Promotoren sind aus Tri-Veneto.
Von Verona, Padua, Trieste und Udine.
Diese wurden von einigen kleinen Gruppen (in Realität, sehr wenige Mitglieder) von Campagnia und Puglia verbunden.
Sie haben trifarben Flaggen mit der Ursprungsstadt der Militenten auf ihnen: am Samstag wurden diese abgeschlossen, damit sie nicht identifiziert werden konnte.
Sie nennen ihre Ideen von englischen Fans.
In Bulgarien fand sie Unterstützer, die echte Nazis waren, die Levski-Gruppe.
Die FIGC hatte die Verfügung der italienischen Fans 144 Flugtickets für den Match: alle persönlichen, daher leicht überprüftbar.
Und das Ministerium des Innenministeriums in Viminale hatte tatsächlich sie alle überprüft: unter den Gruppen, die nach Sofia gehen, keiner war verboten, ein Stadion zu häufig zu verboten.
Vier italienische Unterstützer, die vorherige Stadionverbrechen verbunden hatten, waren tatsächlich weigerte Tickets und weitergehalten.
Jetzt wartet das Ministerium des Innenraums, die offiziellen Rekords zu lesen, die bevor die Bulgarische Polizei Schritte erreichen sollten: in diesem Fall ist es möglich, mindestens fünf Jahre die Unterstützern zu verboten, die während der Störungen erhalten wurden oder diejenigen, die identifizierten.
Ein internationales Verbindung, das nicht nur Stadionen in Italien verbindet, sondern auch in ganzen Europa.
Unsere Hooliganen würden nicht ein anderes Stadion eingetragen.
Glücklich.
Aber jetzt gibt es Angst für Emulation: das ist, dass andere zu diesem wenig mehr als hundert und fünfzehn.
"Wir müssen sofort diese Konflagration ausgeführt und nicht legitisieren diejenigen, die in diesem Mode verhalten", bestätigen diejenigen im Ministerium in Viminale.
Also "Augen breite öffnen besonders, da es am Mittwoch am Nationale Team in Lecce spielen".
In Puglia gibt es tatsächlich ein kleiner Kern von Ultras Italia Unterstützern.
Morgen trifft der Observatory am Dienstag das CASMS, die auf einem Abschnitt der AISE beschäftigt kann, das ist die geheimliche Service, die genau die Probleme in Stadionen behandelt.
"Der Kor Duce-Duce und der Arm während des Mameli-Hemens ausgestreckt? In Bulgarien ist es kein Verbrechen..."
Diese sind die Gedanken (mit großer Entwicklung) von Domenico Mazzilli, der vor einigen Wochen der Observatory of the Viminale ist (er erreichte den Post, der von Francesco Tagliente erhalten wurde und dann von Felice Ferlizzi).
Zuvor war Mazzilli Leiter der Polizeiverwaltung in Trieste, wo es ein Kern von Unterstützern von Ultras Italia gegründet gibt.
Es ist wahr, sagt Mazzilli, dass es in Bulgarien keine Verbrechen ist, die Himmen an die Duce zu schanken, sondern sicherlich das Verhalten dieser 150-200 Fans schädlich ist.
"Ich bin keine Soziologie - hinzufügt die n.1 des Observators – das Verbrechen sollte im Land, wo das Ereignis aufgeführt wird.
Bis jetzt bleibt diese Gruppe innerhalb der Linien, wir werden jetzt sehen, was tatsächlich passiert ist und wir werden es für zukünftige Referenz bewertet.
Aber lassen wir auch über die Whistling mit dem Mameli anthem reden: das ist auch kein Verbrechen in Bulgarien, aber, wenn ich sagen ist, es ist keine guten Mannen ...."
