डेटाट्रेया नगर के विद्यार्थियों के विद्वानों ने "दूटगार" को "दुटगार" बनाने के द्वारा अपना मनोवृत्ती ताकत प्रदर्शित किया।
प्राचीन सैंडिया मेडप्लेलीवार से प्रोत्साहन के साथ शिक्षकों और विद्यार्थियों को मिट्टी से बढ़ाया गया ।
स्कूल को दान देने के द्वारा स्कूल का अध्ययन करने के लिए राजेश गेव्र ने स्कूल का आदर किया ।
रामेश सैटपुट फ़ॉर्ट की जाँच की गयी ।
निकील केवल, डर्शान गेडेकार की तरह विद्यार्थी, साहिल मेशराम ने फोर्ट बनाने में हिस्सा किया ।
नरेंडर बराई, रिक्ट्री के आयत शिक्षकों के संगठन का प्रधान, शेखर वैनस्कार, एक कैसियर, अजय गुनडामर, गैजनान मेहर का सदस्य विद्यार्थियों को मार्गदर्शन देता है.
नगरसेवाक, रेता मुले ने अच्छे स्त्री से संदेश प्रस्तुत किया.
रोहाक. अकिल बर्तीया जानवादी महलीला सामीटी और डीएफी सम्मिलित कामों, धोखे और रोकने के विरोध में एक स्थिति की मजबूत प्रारंभ किया गया.
इस पूरी स्थिति के हस्ताक्षर कार्यक्रम के द्वारा, 10 लाख (1 लाख) सेनाटरस स्थिति के द्वारा गौर किया जाएगा और गौरवार को देगा.
नया बस स्थिति पर हस्ताक्षर कार्यक्रम शुरू हुआ ।
इस मौसम में, एफी स्टेट सेक्रेटर मनोज कमर, एनजू, युवा संगठन विनोड डेशवाल, सुमीट, एनजू, रकेश कुमारी, जीत, सोनू, राजेश कुमार, सांजेटा, मेना, वीना मालीक, सन्जेटा, हवा सिंग और अजिट उपस्थित थे ।
मलोया गाँव में एक बहुत दुःखी घटना हुई, जिसका नगर के बाहरे पर रहा है, जहाँ एक नयी शादी स्त्री ने खुद को आत्म - आत्मा लेकर आत्मा किया ।
कोमाल केवल दो महीने पहले शादी कर रहा था.
एक पोलिस जाँच पाया कि कोमाल अपने आर्थिक स्थिति के बारे में चिंता कर रहा था और इसलिए वह इस पद ले गयी ।
वर्णन के अनुसार, कोमाल की मृत्यु के विवरण सिर्फ प्रकाशित हुई जब कमाल के टोकिन के एक घर के तीसरे ढाँढे जाने के लिए कुछ शुद्ध करने के लिए चला गया.
उसने देखा कि उस लड़की की ओर से पड़ी हुई शरीर को रोकने लगा और तुरन्त उसकी ओर से बताया।
कमाल तत्काल में मल्टी-स्पेसिटी सरकार अस्पिस्टल, सेक्टर-16 में लिया गया, जहाँ उसे आने पर मृत्यु की जाती थी.
कोमाल के पति कालविंडर अव्यवस्थित है.
अपनी ज़िंदगी में कठिन मुश्‍किलों की ज़रूरत थी ।
प्राप्त विवरण के अनुसार, कोमाल का पिता कुछ साल पहले गुज़र चुका था, उसकी माँ मानसिक बीमार है और उसकी भाई एक सरकार स्कूल में अध्ययन कर रहा है.
अब तक, पोलिस ने अस्पताल के मॉर्टुआर में सेक्टर-16 में शरीर रखा है ।
केवल एक पश्चात के बाद पोलिस मृत्यु का वास्तविक कारण पता चल सकता है.
श्री लांका चयनकर्ताओं ने टाइम के 16 सदस्यों को चुना है, जो नवम्बर की 10वीं से, न्यूजीलैंड के विरुद्ध हो जाएगा.
चयनकर्ताओं में बस एक नया मुख शामिल है, 24 साल का अशान प्रिय्याना, जबकि वे दो साल के बाद डिमूथ कारनाराथन को टाइम में वापस कहा जाता है ।
श्री लंका टीम तीन ODI (एक दिन अंतर्राष्ट्रीय) मैच्स बजाएगा और दूसरे टी-20 को 10 से 21 नवम्बर के विरुद्ध टाइवी के साथ मिलाएगा.
पहले और दूसरे दिन हम्बान्टोटा में बजाए जाएँगे, जबकि तीसरे दिन डम्बुला में मिलेगा.
दोनों टी- 20 मिलान पलेकेल में खेले जाएँगे.
यह एक जानता है कि इन दिनों शहर में चोरी बढ़ रही है ।
पिछले कुछ दिनों में यह सातवें घटना है ।
सभी पुनर्वृत्ति और वैध ड्राइव लाइसेंस (डीएल) तैयार हैं जहाँ तस्वीर पूरा किया जाता है सितंबर 30 के तक तक, अगले हफ्ते के द्वारा बाकी को प्रदान किया जाएगा ।
इस सूचना को डीटीओ कार्यालय कंटर पर रखा गया है.
यह स्पष्ट है कि डीटीओ कार्यालय स्वतः स्वीकारता है कि डीएएल एक महीने के बाद दे रहा है, जबकि सेवा कार्य निर्दिष्ट करता है कि समय सात दिन है.
यह मतलब है कि सात दिन अनुप्रयोग के दौरान डीटीओ कार्यालय को समाप्त डीएल को डाल देना चाहिए.
अगर हम धरती पर सच्चाई के बारे में बात करते हैं तो हालात भी बुरी है ।
एक महीने के बाद भी डीएल के लिये अनेक स्वीकारक हैं ।
लेकिन ज़्यादातर अध्ययन करनेवालों की संख्या, जो दूसरे से तीन महीने के लिए ऑफिस के चारों ओर चला जा रही है ।
आप एक समझ पा सकते हैं कि इस स्थिति का कार्यालय में कितना बुरा है कि डीटो एनील गार्ग के बारे में कोई सूचना नहीं है.
वह कहता है कि डीएल दिए गए अवधि के दौरान है.
जब उसने पूछा कि यह सूचना क्यों दिखाया गया है, तो उसने जवाब दिया कि उसे इसके बारे में कोई भी जानकारी नहीं मिली ।
फ़ेडरल रॉबर की फैसला ने अमेरिकन इंसानी को उसकी संरक्षण पैकेज के साथ सहायता की जारी रखने के लिए फैसला किया है, जिसने विदेशी विस्तारकों के बीच उत्सुकता बनाया है, जिससे ज़रूरी वर्षवर्ग में घर के शामिल बाजार को इतिहास बनाने में मदद की है ।
बॉम्बे स्टाक एंचजेक्स, सींसेक्स, 130.50 पाइंटों को 21,164,52 पिंटों को पहुँचने के लिए छोड़ दिया गया और राष्ट्रीय स्टाक एंचजेन्स 47,45 को 6299,15 बिन्दुओं के लिए बढ़ाया गया ।
लेकिन इसके अलावा, ज़्यादातर ज़्यादातर ज़्यादातर ज़िम्मेदार हैं ।
शेन्सेक्स में शामिल होनेवाले तीस कंपनी से सिर्फ नौ ने एक नुकसान रद्द किया, जबकि उनके बारे में फायदा हुए थे ।
इस सच्चाई को वातावरण सुरक्षा बोर्ड के इस्तेमाल के बाद प्रकट किया गया ।
पिछले साल के विभिन्‍न स्थानों में, दीवाली के दौरान, जाँच की जाती थी ।
एक सामान्य दिन यह सामान्यतः 55 डेसीबल है ।
हर साल अगर अगर डॉक्राकर्स या लंबे डीजी संगीत के आवाज के कारण धूरती स्तर बढ़ती है ।
इसके बाद भी, सरकार के लोगों की नियंत्रणों के बाद भी उच्च डेसीबल क्राकर्स खिंच कर रहे हैं ।
ऊपर के कार्यों का प्रबंधन और रोकना स्थानीय एस. ए.ए. एम. के ज़िम्मेदारी है, लेकिन वे इस ज़िम्मेदारी से भी रोकते हैं जब भी ज़रूरत हो ।
डायवाली के दौरान ट्रैफिक पोलिस स्टेशन के निकट आवाज़ की ज़िंदगी दीवाली के दौरान आवाज़ की गयी थी ।
नवम्बर की 10वीं सदस्यों में दीवाली के पहले यह जाँच किया गया ।
न्यूनतम ध्वनि स्तर 72.5 डेसीबेल और अधिकतम 83.6 डेसीबेल की है.
उसी तरह, नवम्बर 2013 की 13वीं दौरान, दीवाली के दौरान, अधिकतम ध्वनि लेबल 87.7 डेसीबेल और न्यूनतम 80 डेसीबेल थे ।
डिवाली के दौरान अक्लम 100,3 डिसिबलों को लिखा गया और न्यूनतम 72,1 डेसीबेल थे ।
एक सामान्य दिन लिखे गए ध्वनि की अधिकतम स्तर 65 डेसीबल थे, जबकि न्यूनतम 55 डेसीबल हो गए थे ।
दुर्भाग्य, लोगों को बढ़ाया गया ध्वनि की स्तर के बारे में चेतावनी नहीं है और उच्च डेसीबल आग क्राकर्स खरीदते रहते हैं.
जैग्रान रिपोर्टर, अग्रा: फ़ैथहाबाद के रास्ते को शुक्रवार में एक मृत्युदिर दिन था जब कई मृत्युवाद घटनाओं में थी ।
कैल केदिया के पास, एक पोलिस जैप एक ट्रॉक के साथ दूर रहा था ।
बहुवारी रात, नग्ला डेवनस दाऊकी के गावा में, एक ट्रॉक ने गाड़ी हरीयोम को पकड़ा था जब वह रथ पर चल रहा था ।
उसकी मृत्यु के कारण क्रोध के गिरोहों ने फैथहाबाद रास्ते को बंद किया ।
पोलिस ने ज़िंदगी पर आया और दो घंटे लांबी ट्रैफिक जाम् को साफ कर दिया।
मर्टुआर में मृत्यु शरीर को रखने के बाद, बामरालि के कैटारा पोलिस स्टेशन को एक साइकल पर लौट रहा था ।
टोरा पोलिस स्टेशन के पास, साइकल ने मध्य रॉबेट में डाल लिया और दोनों ने कमाई थी ।
रात के दूसरे घड़ी में, बम्रालि कैतारा चुकी के पार्ज में और रिजिस्टर पाल सिंग यादाव के द्वारा जैप द्वारा दाऊकी के द्वारा लिया जा रहा था.
ट्रॉक ड्राइवर काल केडिया में जाने के दौरान, जो उनसे पहले था, अचानक ब्रेकों को लागू किया गया ।
ट्रॉक के पीछे के साथ जाइप गिरती हुई थी ।
जिप का आगे हिस्सा बहुत खराब हुआ ।
चुकी चार्ज रेजिस्टर पाल सिंग, जो आगे बैठ रहा था, तत्काल मारे गए।
ड्राइवर याकूब और आर्विंड, राविन्द्र और राम नरेश ने दुःखी थी ।
ऑफिसियलों ने इस जगह पर आया और उन्होंने दुःखी लोगों को एन इंटरेंटिंग इकाईट में पहुँचा दिया ।
इंस्पेक्टर टैजन्जे हारी मोहान ने रिपोर्ट किया कि ट्रॉक ड्राइवर के विरुद्ध एक कैस डाल दिया गया है ।
शुक्रवार पर पोलिस लाइन पर इंस्पेक्टर के शरीर को पूरा आदर दिए गए
परिवार ने शरीर मैनपुरी में ले लिया ।
रेजिस्टर पाल सिंग के परिवार, कैटारा ज़िलापुरी के मुख्य पोलिस स्टेशन में रहता है।
मुश्‍किल में, वह ईटाह में मलावान से आया ।
उसके परिवार में दो बेटे और तीन बेटे हैं ।
उसे तीन दिन पहले बम्रालि के कैटारा में नहू नगर हारीपार्वाट से भेजा गया ।
लेकिन, शुक्रवार पर शक्ति-निश्चित व्यवसाय पूरी तरह रोक दिया गया था.
बैंकों और कार्यालयों के काम भी प्रभावित हुआ ।
पूरी नगर में पानी की कमी थी ।
मोबाइल सेवाओं और अन्य काम भी प्रभावित हुआ ।
इसके अलावा, मंगलवार सवार में एक गाढ़ी थी जब डोदा के सूगवाडि के पास का जंगल में एक वृक्ष उस पर गिर गया ।
उदामपूर से 132 केवी पंक्ति पूरी तरह डाटा गया.
न्यूएस एनपीएस अधिवेशनियों और कदमों ने शक्‍ति प्रदान को पुनर्प्राप्त करने के लिए कठिन काम किया था ।
अर्विन्ड बैट का जनरल प्रबंधक ने रिपोर्ट किया कि बरसाने के बावजूद ताकत पंक्ति को पुनःस्थापित कर रहा था ।
उस शक्‍ति - प्रदान को ७.30 से पुनरुत्थान किया गया ।
सोने के बारे में और मांजों की माँग लेने की माँग इंसान और कमज़ोर आध्यात्मिक स्थिति के कारण नीचे चला गया और यह उसकी ताकत कम हुई है ।
डैल्ली में सोने के लिए 31,400 आर्स.
हरेश सोनी, सभी भारत के गेम्स और यहूदी फ़ोर्डरेशन का अध्ययन कहता है, "जो कमज़ोर आध्यात्मिक स्थिति के लिये और सुनने की आवश्‍यकता थी।"
गिटानजली समूह के अध्ययन और मिड महूल चोक्सि ने कहा कि सोने का विकल्प 25 प्रतिशत तक नीचे नीचे हुआ था ।
खरीदारों की मदद बदल चुकी है ।
हम इस साल 25 प्रतिशत तक चलने की आशा कर रहे हैं.
पिछले साल की तुलना इस वर्ष में सोने की दरअसल नीचे चला गया है, लेकिन स्कैनर अभी भी इस डैन्टेरास के चांदी लेने की पसंद करते थे ।
पीएस के मुख्य सभाओं को स्वाभाविक रूप से संगठित करता है ।
रामप्रासाद यादाव, बन्गाबाद के पीएस, ने स्पर्श किया और पंखियात राज अधिकारी ने पूछा कि उसकी ज़िम्मेदारी के प्रमुख को छोड़ देता है और यह क्रिया सेक्रेटर के विरुद्ध लिया जाता है ।
उसने कहा कि जुलाई के 4 में उसने सैक्टर और प्रधान के बारे में हिम्मत की और नतीजे के कारण शीफ ने उसे रोक दिया ।
उसने पंखैयाट राज अधिवेशनियों को अपराधियों का साबित किया है ।
उसने कहा कि पीस्स के सामान्य बैठक 7 दिन की सूचना के साथ बुलाया गया, लेकिन १२ मई में कार्यालित बैठक की सूचना 8 मई में भेजा गया, जो एक दिन से पहले बैठक पहले पहुँचा गया ।
३ जुलाइस में पिसएस बैठक के बारे में जानकारी, जो पांचहायैट स्तर कमीटरी के अधिवेशन को नहीं दिया गया, इसलिए वे बैठक में नहीं आ सकते ।
उसने कहा कि हर सदस्य को बैठक मिनटों के सारांश भेजने की आवश्यकता है लेकिन यह नहीं किया जाता ।
जुलै 3वां सभा में, शीफ ने अपने निजी कार्यालय में 13वीं फैसला कमिशन फान्स फैसला करने के लिए फैसला किया ।
इस मामले के बारे में एक जाँच की माँग कीजिए, उसने माँग दिया है कि 13वीं फैन्स कमिशन फैन्ड का फैसला बंद किया जाता है ।
हमारी जैग्रान रिपोर्टर, जाम्मू: जब पृथ्वी पर बुराई आती है और दुष्ट लोगों को अपराधियों को ज़िंदा करना चाहिए, तो परमेश्‍वर दुष्टों को नाश करने के लिए ज़रूरत है ।
माथुरा के लोगों को कंसा के दुष्टताओं से छुटकारा करने के लिए, प्रभु क्रिशना जन्म हुआ ।
महांटा नांड किशोर (गौ मानासा से) ने प्रभु के क्रिशना की कथा लोगों को बताया कि लैलेयल सावावारी के दौरान शारीद बहागवात सप्ताह के दौरान इनदो-पकिस्तानी सीमा में इनदो सीमा पर शामिल होने के लिए शान्ति की इच्छा है।
उसने कहा कि प्रभु क्रिशना ने अपने बच्चों में भयानक कदमों को मारने के द्वारा लोगों की कमज़ोरों को ठहराया ।
महांटा ने कहा कि आपको अपनी मन में डालने और परमेश्‍वर के लिये अपने मन को बढ़ावा देना चाहिए ।
परमेश्‍वर की याद के सिर्फ मनुष्यों के दुःखों को ठीक कर रहा है ।
उसने कहा कि यह पाकिस्तान की भावना है, जब भारत के तुलना है, तो उन्हें गलत मार्ग को फिर और फिर खिलाने के लिए बढ़ावा देता है ।
उन्हें समझना चाहिए कि वे हर ऐसे काम के साथ सीमा के दोनों बाजू में रहनेवाले अपराधियों को दुःख दे रहे हैं ।
इसके पश्‍चात, कैथा के सैनिक पिलिप्लिमों से पहले हिवान को बलिदान दी गयी, जो सीमा पर शांति की इच्छा के लिए संगठित किया जा रहा है ।
हवान और श्रीमाद्‌काथा के रास्पैन को लेने के लिए सौंदर पिलिप्टियों को मिल रहा है ।
लेलेल सातवारी के नैब सारपन्च, चैन सिंग ने कहा कि एक लांगर भी इस स्थान के पास आनेवालों के लिए संगठन किया गया है ।
कैथा पूरा होगा और हवान के आखिरी बलिदान शनिवार के दिन किया जाएगा.
ऑफिस रिपोर्टर, रूपनगार: रोप-नागार की निरीक्षण इकाई ने एक स्थानीय कल्सा स्कूल में एक समीमीरार किया ।
सामान्य सार्वजनिक भी इसमें विद्यार्थियों और शिक्षकों के साथ भी हिस्सा हुआ ।
रोप-नागार निरीक्षण बोरस के डीस्पी, बाल्वेर सिंग ने कहा, यदि सामान्य सार्वजनिक भ्रष्टता के विरुद्ध सावधान होता है तो एक भ्रष्टता मुक्त समाज बनाया जा सकता है.
जबकि लोग बल्वेर सिंग को प्रोत्साहन देते हैं, तो अगर किसी अधिसूचक या सदस्य को किसी काम के लिए कमज़ोर के लिए माँगने के लिए, तो सच्चाई के विभाग को भेजा जा सकता है ।
लेकिन इस ज़िम्मेदारी में ज़ाहिर होगा कि अध्ययनियों या सदस्यों को ध्यान से भयंकर और व्यवस्था की पूरी तरह से सज़ा देते हैं ।
सूकका सिंग, सार्सा नन्गाल, अमार्जेट सिंग बुल्लार और विगिलान्स इंपेक्टर पाल सिंग ने समीमीनार के बारे में बताया ।
उन्होंने कहा कि अभी समय में भ्रष्टता एक बड़ी समस्या के तौर पर आया था ।
सम्मान के हर सदस्य को इस पर पूरा नियंत्रण करने के लिए आगे आना था, क्योंकि अब भ्रष्टता के पास इतना गहरा है कि यह अब एक ही सरकार इसे उतारने और उसे बंद करने के लिए संभव नहीं है ।
इस कारण से सामान्य सार्वजनिक आगे आने की है.
इस प्रोग्राम के संगठकों के द्वारा स्कूलों और प्रशिक्षकों के बीच उदाहरण और सुंदरों को वितरित किया गया ।
संगठनक कमीटरी प्रधानता, बाबा रान्जिट सिंच थाकुर ने कहा कि डिवाली एक खुशी और खुशी का पहचान है ।
अयूडह्या के लोगों ने दीपों के लिये रामा को स्वागत करने के लिये प्रभु रामा को स्वागत कर दिया था ।
उस समय इस सप्ताह का अनुवाद शुरू हुआ ।
उसने विद्यार्थियों को प्रभु श्री रामा की ज़िंदगी से प्रेरित किया ।
बाल केरूशना थाकूर, रामशखेन्द्रा थाकुर, उमादूटा गौटाम और रामश थकूर इस घटना में भी उपस्थित थे ।
३१ अक्टूबर में हल्लोवेन को सारे संसार में सजदा किया गया ।
अनेक पश्चिमी देशों को मानते हैं कि अपने पिताओं के प्राणों को खुश रखना बहुत महत्त्वपूर्ण है क्योंकि यदि इन प्राणों को क्लेश हो जाते हैं, तो वे घाटा उठा सकते हैं।
इसलिए, वे आज सजदा करते हैं.
हल्लोवेन पार्टियों में उन्हें बहुत अनैतिक कपड़े पहुँचने के लिए देखा जा सकता है ।
यह नहीं सिर्फ, लेकिन अनेक स्थानों में लोग हल्लोवेन पार्ट्स को संगठित करते हैं, जहाँ लोग बहुत - से भयंकर और अंधकार कपड़े में आते हैं ।
एक हल्लोवेन पार्टी में एक व्यक्‍ति बहुत - से अचानक चेहरे देख सकता है ।
इनमें से कुछ लोग सचमुच भयंकर हैं, जबकि दूसरों को बहुत हँसी हैं ।
डेहराडन रास्ते में एक आग का एक आग बढ़ाया गया है ।
आखिरकार, समय पर आग का नियंत्रण के नीचे लाया गया ।
डूरगा मंदिर के पास, डहराडन रास्ते पर, उमेश सिंह ने अपने होटल के बाहर एक फूटरवर्क शोप बनाया था ।
सदस्य 8:30 में एक राकैट अचानक फूटर कंटर पर आया ।
लेकिन इसके बावजूद, अगर आग में हुआ, तो सभी शोप को झुकाया जाता था, तब उसकी ज़िंदगी ज़िंदगी की ज़िंदगी में थी ।
क्लेताओं को उस समय भोग में था.
अग्नी स्पर्श और ऊँचाई के प्रयोग से अग्नी को छोड़ने की कोशिश की ।
इस बारे में, आग बर्गैड भी आया ।
इस विपत्ति में कोई भी न हो गया ।
लेकिन, अग्नी के ज़माने में ज़िंदगी की ज़िंदगी थी ।
डैनी राम, अग्नी ब्रिगाद अधिपति, कहता है कि अग्नी का समय के दौरान नियंत्रण के नीचे लाया गया था ।
इस घटना के बाद, बाजार में गोपकों को सभी ज़रूरत सुरक्षा सुरक्षा लेने के लिए कठिन माँग दिया गया है ।
दक्षिण भारत के सिनाम के बग़ैर, उसकी फिल्मों ने सिंगापुर और मलेशिया में सीनाम हलों में भी बड़ी प्रभाव पहुँचती है ।
खिलाड़ी का नाम "अवनी मोडि है।"
अवनी गुज्रात के गान्दिनागार क्षेत्र से है.
अवनी बच्चों से काम करने के लिए दिलचस्पी था, लेकिन तक वह कॉलेज के तौर पर अपना कार्यकर्ता बर्श नहीं कर सकता।
इसके कारण, उसका कॉलेज स्क्रिप्ट लिखनेवाला एक बार भी उसे बताया था, "जैसे आप ए ऑक्टिंग में भी नहीं समझते।"
उसे अपने स्कूल और कॉलेज के भीड़ में गोया था, लेकिन अब वह गुजरात तामिल फिल्म इंसानाइज़ी में बहुत प्रचारित बना रहा है ।
लेकिन, घर के आने के बाद, यह ज़ाहिर हुआ कि वह लड़की उसकी रिश्‍ता है ।
परिवार के सदस्य बर्क में जाते थे, इसलिए उन्होंने लड़की को घर में छोड़कर दरवाज़े को बंद कर दिया ।
उस लड़की को एक कॉन्सलर और पोलिस के सामने परिवार को दे दिया गया है ।
सुशिल विशवार्मा का रिश्ते, सूनी डेवी की 14 साल की बेटी, गिरीदीह से अपने घर में आया।
सोनी का पति मर गया है.
सुशिल की पत्नी एनजैली शुक्रवार में बाजार में चला गया, और उस लड़की को घर में लॉक कर रहा है.
यहाँ, लड़की रोने लगी।
समुदाय के लोगों ने उस स्थान पर चलने लगा ।
घर के आसपास के लोग इस मामले को तत्काल पोलिस को रिपोर्ट करते थे ।
कॉन्सलॉर एनाप साव आया ।
अनजली भी उस समय आया था ।
उसने कहा कि यह लड़की उसकी रिश्‍ता है.
क्योंकि उसका परिवार का स्थिति इतना अच्छा नहीं है, हम उसे चेतावनी कर रहे हैं.
उसकी माँ, सूनीता डेवी, जो सूनी है, और उसकी परिवार गिरीदी में बलेटान्ड गाँव में रहते हैं ।
उसका पिता मान्टू विशवार्मा मर गया है.
सोनी, लड़की की माँ और उसके अंक प्रवेएन लाल शरमा के द्वारा फोन जारिया में आने के लिए पूछा गया.
उसकी माँ और अंक शाम में आ गयी ।
उसकी माँ ने कहा कि उन्होंने अपने बेटी को अपने रिश्‍ताओं के पास, सुशिल विशवाकरमा और उसके पत्नी एनजली को भेजा ।
कॉन्सलर और पोलिस के साम्हने, सोनी डेवी ने अपने बेटी को अपने रिश्ते के स्थान से ले लिया।
एनजली ने कहा, "हम हमारे साथ लड़की को नहीं रख सकते।"
अगर कोई गलत होगा तो हमारे पास कभी - कभी नहीं हो सकते ।
टैक्सि ड्राइवर ने इंसानों में दुःखी थी ।
उसे संदरनागार सीदी अस्पताल में स्वीकार किया गया है ।
उसकी दोनों पाँव टुकड़े हुए हैं.
पोलिस ने टैक्सि ड्राइवर को ड्राइवर के साथ डाल दिया है और एक इंतज़ार शुरू किया है.
सन्दर्नागार सीदी अस्पताल में एक मर्थम के बाद, शरीर को रिश्तियों को दे दिया गया।
सन्दरनागार में टेक्सि सैट्रोकैडि पहुँचा गया, ड्राइवर ने अचानक ड्राइवर को छोड़ा ।
इसके कारण स्पीडिंग टैक्सि एक इऊकालिपटस ट्री के पेड़ के साथ गिरे हुए, जो रथ के किनारे पर था।
ड्राइवर और ड्राइवर, सूहश के पुत्र किरन, साइआल (मनाली) के एक रहनेवाले सैआल (मनाली) के रहनेवाले चैन्ड्रा कैरन ने बुरा रास्ता किया ।
एक कार का ध्वनि सुनने के बाद एक वृक्ष के साथ बंद कर रहा है, दूसरे रहनेवालों ने इस दृश्य पर आया और तत्काल पोलिस को समझाया।
पोलिस ने गैंगा और चैन्ड्रा किरन को कार से कुछ कठिनता से हटा दिया और उन्हें संदरनागार सीदी अस्पताल में ले लिया ।
गंगा डेवी ने डॉक्टरों के द्वारा मृत्यु की ।
गंगा मुम्बाई में अपने बहन से मिलने जा रहा था, इसलिए वह चैन्डिगार को उस दुश्‍मन के बाद एक फ्लॉट पकड़ने के लिए जा रहा था ।
इस केस को सु- इंस्पेक्टर सूरेंडरा कमर द्वारा हालत किया जा रहा है.
डी.एस. पी. कुलबूशन वर्मा ने इस विपत्ति को पुष्ट किया ।
एडसीपी नगर II अम्रेक सिंग पावार, एसीपी पश्‍चिम डिलबग सिंग, एम.ए.ओ इकबाल सिंग और एक सौ से भी ज़्यादा पुलिस अधिकारी उपस्थित थे ।
यह खोज तीन घंटे कैदी में रही थी, लेकिन पोलिस ने किसी नॉर्कॉटिक या मोबाइल फोन को नहीं पाया ।
तीन घंटे के बाद पोलिस खाली हाथ लौट गया.
तीन सीटों के लिए अभिषिक्‍तों की जानकारी पोस्ट किया गया है.
कैंट, उत्तर-सेंट्रल, पूर्व, पातान-मैहुली और बार्गि अंग्रेज़ी साइट्स से पहुँचाया गया है जो पार्टि के द्वारा निर्यात हुआ सूची में है.
बर्थीया जानाटा पार्टिया ने शुक्रवार में 147 अमेरिका के बैठकों के लिए अपने प्रचारकों को प्रचार किया है ।
इस सूची केवल उन नामों के लिए है जो पहले के बारे में समझ दी गयी थी ।
जैसे BJP के द्वारा प्राप्त सूची, इशवार्डस रोहानी, उत्तर-सेंटर से शाराद जाइन, पूर्व से अनखल सनकर, पैतान- मजहुलि और बार्जि से प्राथिबा सिंग में से अजै वीशनोई शामिल किया गया है.
BJP द्वारा तैयार किया गया सूची में उत्तर सेंटर और बार्जि संमेलन के सिवाय चयनित हुए थे, जहाँ भाषाओं को बदलने के लिए लंबे समय तक चला गया.
पूर्व अंग्रेज़ी सीट के सिवा, दूसरे सीटों में से प्रार्थना करनेवालों को उनके स्वयं के बैठनेवाले बैठ रहे हैं.
सिर्फ अंकल सोनकर पहले ही पूर्वी सम्मेलन का एक सदस्य था ।
लेकिन स्वागत करनेवालों के इस अभिव्यक्‍ति के बाद, कामकर्ताओं ने अपने क्षेत्रों में सजदा किया ।
सम्मेलन के बारे में अभिषिक्‍त लोगों के बारे में फैसला सिर्फ डायवाली के बाद किया जाएगा ।
स्रोतों के मुताबिक, सम्मेलन के बैठकों के लिये किसी विरोध या समस्याओं के कारण है, नए स्वागतों को अंतिम रूप से ठहरा सकते हैं ।
सन्‌ 276 पार्टी कामकर्ता शुक्रवार में दली पर जायेंगे और एक स्थानीय अभिषिक्‍त को एक टिकेट देने के लिए जवाब देंगे ।
इन सभी पार्टी कामकर्स राष्ट्रीय प्रधानिक राजनाथ सिंग, संगठन सेक्टर राम्लाल, पूर्वी प्रधान नितीन गडकरी, अनान्थ कुमार, एम.प. और राष्ट्रीय जवान पंख का प्रधानता, अनूराग थाकुर.
लेकिन, अध्ययनकों ने कपड़े में कोई पत्थर पाने के बारे में कुछ भी नहीं कहा है ।
शोबन सार्कर कहता है कि पत्थर पाया जाता है और जब तक कि एससी अधिवेशनियों को धन के बारे में सच्चाई पता चलता है ।
स्कॉबन सार्कर ने कई बार माध्यम के साथ बात की और उसकी बातों को भी बदल दिया ।
एक बार उसने कहा कि अगर सैनिक सेना ने यह ऑपरेशन किया तो सच्चाई पहले ही जानता ।
उसी वक्त उस ने कहा, और हर एक को कहने से चिंता हुआ, कि जब तक कि उसे पकड़ने के स्थान पर बुलाया जाएगा, तब तक सोने को नहीं पाया जाएगा।
जब उसने अपने टिप्पणी के विभिन्‍नताओं के बारे में पूछा, तो उसने सरकार और एससी को दोष देने लगा, उसे बताया कि वहाँ प्रवेश करने से क्या किया जा रहा है ।
हमने ज़िंदगी की ज़िंदगी की ज़िंदगी की थी ।
लेकिन, उसने समझ लिया कि सीएसी टीम ठीक स्थान पर चल रहा है, जैसे उसने दिखाया था ।
अब तक, एक दिन विराम के बाद, एससी टीम आज फिर चिपकाना शुरू हुआ है लेकिन एक सेंटीमीटर भी प्रगति नहीं कर सकता है.
आध्यात्मिक रिक्लेटर, विजय शानकार डूबे, ने कहा कि आज एससी टीम अब तक 4,80 मैटर, पूरा दिन शुद्ध कर रहा था ।
यदि ताटा कारकर्स यूनियन ताता स्टील स्टेल स्टेल स्टोर्ट्‌स के लिए कोई स्थिर हल नहीं दे सकता, तो जनरल सेक्रेटर एक जल्दी रिवेशन बैठक के लिए एक तिथि निर्धारित करना चाहिए.
अगर एक ग्रेड संशोधन पर फैसला समय ले रहा है, तो इन कामकर्ताओं को कुछ अवस्थित मात्रा देने के लिए प्रयास किया जाना चाहिए ।
इन दोनों माँगों के बारे में, दस सदस्यों को जैनल सैक्टर बी.के.
डिंडा के बारे में बताया गया था कि शुक्रवार पर इस विस्तारण का विषय प्रबंधन और संयुक्‍त के बीच चर्चा नहीं किया जा सकता ।
शनिवार के दिन एक ऑफिस बीरर बैठक किया जाएगा, जिसमें इस विषय पर चर्चा की जाती थी ।
जैनल सेक्रेटर से मिलने के लिए जानेवाले लोगों में गूलाम मोनूडिन, मैंजिट सिंग, सारोज पंडी, महेंड्रा सिंग, दार्मेंड्रा उपादहाय, लल बहादूर उपादहाय, रावी शांकर पंंडी, मननेश्शवार पैंडी और गिरीश था ।
लेकिन यूनियन अध्ययनियों को मिला नहीं सकता ।
शायद यह सवाल अब सोमवार पर चर्चा की जाती है ।
सभी कमीटरी सदस्यों और कामकर्ताओं ने ऑफिस डॉलरों से मिला और उन्हें उनकी समस्याओं के बारे में बताया ।
इसके बावजूद, काम करनेवालों के बीच कुछ अलग - अलग - अलग - अलग - अलग - अलग - अलग - अलग - अलग - अलग - अलग - अलग - अलग - अलग - अलग - अलग - अलग - अलग - अलग - अलग - अलग हो गया ।
डिवाली ने आकाशों का सप्ताह आज शुरू किया ।
दान्टेरास या छोटा डिवाली शुक्रवार में है.
डायवाली घर की ज़िंदगी, सुंदर लोनोलिस भी एक आशा है ।
लेकिन, घरों के पीछे आगे या घरों के अंकों में सुंदर कॉनलिस घरों को ज़्यादा सुंदर बना रहे हैं ।
हमने इस मौसम में गूजरात से कुछ तसवीर चुना है.
इन सुंदर लोनोलिस बनाने से आप भी अपने घर को सुंदर बना सकते हैं ।
इन अध्ययनियों को पहले से जंगल सेक्रेटर के क्लाड में प्रोग्राम किया गया था और उनके मौजूदा संकेतों को संयुक्‍त सेक्रेटर स्तरों में उन्हें उत्पन्‍न किया गया था ।
डाइराज चवाला कहता है कि उच्च कोट्ठा बी.बी.बी.
सूचना के जवाब का तिथि नवम्बर का 12 के लिए निर्धारित है.
बाइबल के बाद दो सालों के बाद, बी.बी.ब. विद्यार्थियों के लिए बढ़ाया गया था ।
इसके कारण, माता - पिता उच्च कोट के पास आए ।
दूसरे साल पहले, जब माता - पिता बढ़ गयी थी, तब वे सड़कों पर विरोध करते थे और सिर्फ इसके बाद किसी थोड़ी छोड़ी थी ।
माता - पिता को क्रोध किया गया था जब वे एक बार फिर बढ़ गए थे ।
माता - पिता ने नए शब्द के सिर्फ 5 महीने के बाद, फैसलाओं की ज़िंदगी का अचानक संशोधन के द्वारा चकित किया है ।
सभाओं के बाद, माता - पिता ने स्कूल की कदमों के विरुद्ध दिखाया ।
इसके बावजूद, इस स्कूल का प्रतिक्रिया नहीं हुआ और आखिरकार माता - पिताओं को उच्च कोर्ट में जाना पड़ा ।
माता - पिता ने कहा कि अकसर फैसलाओं का संशोधन न्यायी नहीं है ।
यह नहीं सिर्फ बच्चों की शिक्षा पर प्रभावित करता है, बल्कि माता - पिता के व्यवसायों को भी प्रभावित करता है.
प्रधान ने कहा कि सरकार के काम में पारदर्शिता के अनुसार विकास काम करना चाहिए ।
उसने कहा कि योजनाओं को पूरा करने के लिए कोई अन्याय नहीं होगा ।
पहले से ब्रॉक संयुक्ति अधिसूचक ने सभी पैंचहायाटों को प्रदान किए गए बैल्स की सूची, ग्रीन विरोध योजना के अधीन श्रीविदियन कारकों की सूची, और इस योजना के अधीन प्राप्त किए गए मात्रा की एक विस्तृत जानकारी का पैकेज.
इस बैठक में इस आदेश को दिया गया था कि पैरामी शिक्षक निर्माण करने के काम में नहीं सहभाग होंगे ।
बीएओ को पूछा गया था कि ब्लॉक में निर्माण के अधीन स्कूलों की सूची देना ।
सभा में बैठने की अनुमति नहीं की गयी ।
इस घर का फैसला हुआ कि विभागीय प्रतिनिधिओं ने सिर्फ क्वोरम को पूरा करने के लिए सभा में हाज़िर किया था और पूरी जानकारी से तैयार नहीं थे ।
इस बैठक में अनेक विभागों को, पीने के पानी, शुद्धता और स्वास्थ्य के लिए शामिल किया गया ।
इस बैठक में, प्रोफ. प्राव्हिन चौदहरी ने कहा, कि संगठन विभाग हिरन विरोध के लाभदायकों के लिए फैसला देना चाहिए ताकि वे देशक आगे चल सकते हैं ।
उन्होंने सामान्य विभाग के क्रियाओं के बारे में उच्च स्तर परीक्षण को ज़ोर दिया।
"माइन कैम्प्फ" में यह लिखी है कि झूठ का आकार भरोसा के मुख्य कारण है.
लोगों ने अपने मुँह की आरंभिक सामान्यता के कारण बड़ा झूठ स्वीकारा है ।
इंडिरा भारत है डेवैंट बुरूह के दौरान इंद्रिया का इस्तेमाल किया गया।
लेकिन इतिहास सच्चाई अलग हैं ।
राष्ट्र के निर्माण का एक महान इतिहास है ।
भारत के लोगों ने देश को उनके सक्रिय प्रयासों के साथ पहचान दिया है ।
फिल्लोसोफिय और संस्कृति, वैदिक सैग्स कापिल, बूदा, महाविरा और शानकारा इतनी प्रमुख पूर्ववृत्तियों हैं ।
जैसे चन्डरागुप्टा मौराया, आशोका, आदि, प्राचीन राष्ट्रीय एकता के उदाहरण हैं ।
इसके बावजूद, अन्य हथियारों और शासकों के साथ लड़नेवाले आदमी के लिए एक लंबे सूची है ।
विविकनान्डा, डायनांड, तीलाक, गान्दी, सूहश, पातल, लॉहिया, बिपिन चांड्रा, अम्बेदकर, और बहागात सिंग, चांड्रा शैखर अजाड के अमरत मशखूरों की एक लंबा सूची करती है, लेकिन कंंग्रेस सिर्फ नह्रू - गैन्दि परिवार के लिए राष्ट्र बनाने के लिए क्रेडिट दे रहा है ।
बड़ा झूठ ज़्यादा प्रभावशाली है ।
58 के केंद्रीय योजना 16 में राजिव गैन्दी का नाम उन्हों पर है.
अन्य योजनाओं, दान, हवाओं और संस्थाओं की सूची उनके सामने नह्रू परिवार के नाम के साथ लंबे समय है ।
अब सार्वजनिक वितरण तंत्र के नाम के तौर पर तैयार किया जा रहा है, जैसे कि इंडिरा गैन्दी के बाद पीडीएस योजना के नाम के लिए तैयार किया जा रहा है ।
ऐसे प्रतीक पुरुषों का नाम आश्‍चर्यक है ।
उनके पश्चात सड़कों, व्यवसायटिस या हवाओं के बाद स्वागत हो जाता है, लेकिन राष्ट्रीय राजधानी के अंतर्राष्ट्रीय विरोधी के ग्राफिक घर योजना का नाम किसी परिस्थिति में स्वीकार नहीं है.
सार्वजनिक वितरण तंत्र पहले से ही विरोध में आया गया है.
कौन इस योजना के नाम में आवाज़ों के लिए पूछने से कंंग्रेस को रोक रहा है?
लेकिन नहू परिवार के बच्चों को देखने में क्या समस्या है?
अनेक विरोधकों के बीच प्रधान मिन्सर मन्मोहान सिंग और मुख्य विरोध पार्टी प्रमुख विरोधक, नारेंड्रा मोडि, सार्डर पैटेल की महानता के बारे में बदलाव किया गया ।
पैटल एक बड़ा राष्ट्र बनानेवाला है.
उसने 562 देश में एक राष्ट्र में शामिल किया ।
पैटल हर एक का है, उसे पूरा भारत द्वारा प्यार करता है, लेकिन कंग्रेस ने उसे अपने मालिक बनाया है.
सार्वजनिक वितरण तंत्र पैटेल के अनुसार भी नाम किया जा सकता है ।
यह किसी तरह पाटेल की महत्त्व पर नहीं प्रभावित करेगा ।
कंग्रेस बहुत समय तक सामर्थ्य में है.
योजनाओं की पोलिसिटिसिंग कोंग्रेस स्वयं के द्वारा किया गया.
एक बार कंन्सर्स एक डोमैक्ट्रिक पार्टी था, जैसे तीलाक, गोकैल, गान्दी, सुहश, राजेंड्रा प्रसाद, नहू, पातल और मैदान मॉहान मल्विया. 1950 से यह एक परिवार के नियंत्रण के अधीन आ गया है.
पार्टि और परिवार सीनमियान हो गयी है ।
परिवार और देश का प्रचार करने के लिए 'इंडिरा भारत है' सिखाया गया है.
योजनाओं का नाम घर के बारे में भी हो गया है ।
राष्ट्र योजनाओं को जुड़े हुए देश के रक्तों से चलाया जा रहा है.
राष्ट्र का एक्सक्यूर कंंग्रेस में किसी परिवार का गुण नहीं है.
हर पार्टी कोन्स के उदाहरण के अनुसार अपने स्वयं प्रतीक बनाया गया ।
क्षेत्रीय पार्टियों ने राजकियों के नामों में जैसे वे चाहते हैं योजना चलाया ।
प्रत्येक को प्रतीक है, लेकिन पार्टी प्रतीकों की सूची बढ़ रही थी ।
अभी, हर छोटे या बड़े पार्टी के लिए अपना प्रतीक है.
अमेरिका में राजकीय नेताओं के नामों में सरकारी योजना नहीं चल रही है ।
भारत में उन्होंने सीधा ठीक किया है.
लेकिन लेकिन, लेकिन ज़्यादा - से - ज़्यादा ज़रूरत है ।
महाटमा गैन्दि, पैतल, सूहश चांड्रा बोस या बहात सिंग के नामों में योजना कोंग्रेस के पहचान के साथ पहचान नहीं किया जा सकता है.
कंग्रेस उसकी विरासत से दूर रहा है.
सिर्फ रहूल-सोनिया से संदेश प्रचार करना या प्रचार करने के लिए कंंग्रेस के लिए काम करना चाहता है.
निश्चय ही दूसरे भाषाओं को अपने योजनाओं का भी नाम देते हैं, लेकिन वे हर योजना के लिए एक परिवार का नाम नहीं रखते.
सामाजिक सुरक्षित योजनाओं की पॉलिसिटिक्सिटिपन करना ठीक है ।
लैपटॉप उटर् ब्रेडेश में वितरित स्पी प्रधान के तस्वीर है.
निश्‍चय ही, चयनकर्ताओं को ज़्यादातर जीनेवालों को नीति बनाने के हक्क देते हैं ।
सरकार अपने योजनाओं का योजना और पूरा करने के बारे में संबंधित है, लेकिन योग्यवादियों और चलनेवालों को निश्‍चित ही सरकार को योजनाओं का नाम नहीं देते जैसे वे चाहते हैं ।
स्वास्थ्यों को राजकीय नहीं है, सरकार से प्रभुत्व की आशा करता है, और स्वास्थ्यवानों को सरकार के सरकार से पारदर्शी इस्तेमाल की आशा करता है ।
लेकिन यहाँ तैयार होने के लिए ज़्यादातर ज़्यादातर ज़िंदगी है ।
कुछ प्रकार का नाम नाम विकसित होना चाहिए.
राजकीय नेतर हर चीज़ का हल नहीं हैं ।
भारत बहुतों से भरा है.
उच्च शिक्षण / विशिष्ट संस्थानों के इंटूट्स के नामों को स्पष्ट इंडिया के विज्ञानियों के नाम के लिए नाम देना चाहिए ।
एक फिल्सोफ का नाम या एक विशिष्ट लेखक का नाम साहित्यों, फिल्सिफिस या कर्त इंटाइट्स के लिए कदर किया जाएगा.
राजनीति में इतिहास का कमी है ।
देश के नाम के बारे में भी एक लंबे विवाद भी हुआ ।
सीथ गोविंडास, कमालापाती ट्रिपैथी 'बराट' को अग्रेषित किया गया।
बरात का नाम 38 आवाज़ मिला और भारत 51 मिला ।
मूलभूत सवाल यह है: योजना का नाम क्यों नहीं दिए गंभीर विचार है?
इसमें हमेशा राजनीति क्यों शामिल है?
एक एक परिवार को ऐसा महत्त्व क्यों दिया जाता है?
क्यों न हो सकते हैं कि सामान्य सार्वजनिक नामों की सूची?
पर्लामिट और नियमन क़िमिट्स को सूची बनाने के लिए भी इस्तेमाल किया जा सकता है ।
राष्ट्रीय और स्थिति स्तरों के दोनों योजना नाम में क्यों बड़ा अलगता है?
इस अलग - अलगता के कारण, युवा पिता हमारे स्वतंत्रता के लड़कों के नाम भूल रहे हैं ।
भिन्नों के विभिन्न प्रकार हैं.
कुछ लोगों को टीवी द्वारा निर्माण किया जाता है और ज़्यादातर राजकीय पवित्रता के बारे में फैसला कर रहा है ।
नाम का एक स्वागत प्रयोग है.
रिगवैदा के "जैनसुकटा" में नाम ज्ञान का शुरूआत कहा गया है.
योजनाओं को अच्छी तरह नाज़िल करने से प्रेरित किया जा सकता है ।
सामान्य ज्ञान पुस्तकों से बड़े लोगों के नाम का स्मरण करना एक काम है, लेकिन सरकार योजनाओं का नाम, सड़कों या महत्त्वपूर्ण स्थानों का नाम इतिहास की समझ को पुनर्प्राप्त करने के लिए सबसे आसान औज़ार है ।
गैन्डि नगार, पैटेल एप्लेपोरम, अम्बेडकर्पुराम या विविकनांडापुराम के जैसे एक इतिहासविप्रेशन जोड़ते हैं ।
एक हाल में दो तक तीन महीने पहले चला गया एक सर्वेशन में, यह दिखाया गया कि देश के गावाओं और नगरों के अर्धा रामा के नाम से संयुक्त है ।
देश, अवधि, संस्कृति, स्वर्गीयता और इतिहास के नाम के लिए अतिरिक्‍त जागति की ज़रूरत है ।
उनके नाम खास अभिव्यक्‍त वर्णनों और पहुँचों का प्रतिनिधि बनते हैं ।
डायनान्डा, विविकनंडा और गान्दी के नाम सामाजिक सुधार, वैदिक पवित्र शैतान सच्चाई और गैर-विलोलन्स के साथ सिनाम हैं
कंंग्रेस के मित्रों को एक ही परिवार से नाम खोजने के लिए उन्हें बचाने के लिए माँग दिया जाता है ।
भारत इतिहास में अनेक नाम हैं जो एक सोने की चमत्कार है ।
मॉटर ट्रोकॉर्ड अंकिल्स डॉक्टर ने आज्ञा दी है कि रेस.50.67 लाखों को दान देना चाहिए कि महाराश्ट्रा के पहले सेवक के परिवार, श्रीकैंट जिकर्, जो 2004 में एक राज अंजाम में मारे गए ।
परिवार ने रिस के 25.82 क्रोरों को माँग दिया था ।
परिवार ने कहा कि महाराशट्र स्टेट्रा रॉड ट्रांसपोर्ट कॉर्पोर्टोर्स [MSRTC] बस ड्राइवर का अलगता हुआ जुन 2004 की 2वीं सन्‌ जिक्कर का मृत्यु हुआ ।
इसके साथ मिस्रॉटसी को लिखने के लिए विद्यार्थी ने कहा कि बीमारी कंपनी को कुछ भी नहीं देना चाहिए जैसे कि कार जिक्कार के स्वयं के लिये है ।
श्रीराम दावाद का परिवार, जिक्कार के मित्र के परिवार, रिस 21.60 लाख का भी समर्थन मिलेगा.
वह भी एक ही अंजाम में मर गया ।
इसके बाहर, मात्रा के सदस्य 70 प्रतिशत (Rs.15.12 लाक्स) में MSRTC द्वारा पाएगा ।
जिक्कार के कार का ड्राइवर को भी अलगता से अपराध पाया गया और इसलिए 30 प्रतिशत (आर. 6.48 लाक्स) पहले सेवक के परिवार का पालन करेगा.
इस वक्‍त उन्होंने पार्टी के सहायकों और सदस्यों के सम्बन्ध के कामों पर चर्चा की ।
गोजुमो संगठनक कमीटरी अध्ययन, टिलाक गुरूंग ने कहा कि गोजुमो हेड ने अस्थायी कार्यालय संगठन से मिला, स्थिर कार्यालय संगठन और ब्रुटिया और तीबेटियन सदस्यों को शुक्रवार में विभिन्‍न विषयों पर चर्चा करने के लिए ।
ट्रीन सिटी के लोग इस समय में अंधकारी दीवाली को सजदा कर सकते हैं ।
जिन लोगों ने नियमित तिथि में अपने एलेक्टर बिल नहीं दिया है।
डिस्कनेक्शन नियत तिथि के पश्चात 15 दिन पूरा किया जा रहा है.
कैन्ट और बैबलील उपस्थिति में से सौंसे कनेक्शनों को संख्या 1 और दो कनेक्शन डिस्कनेक्टेड किया गया है.
इसके कारण, विकसित उपयुक्‍त करनेवालों की भीड़ एलेक्ट्रिक्टर कार्यालयों में बढ़ रही है ।
क्योंकि स्वागत करनेवालों को दुःखी हो गयी है.
समस्याओं में से एक है कि पावर कॉर्पोर्टन पार्टी-अपन स्वीकार नहीं कर रहा है.
कॉर्पोर्टोन 80 से 90% बाइल की भुगता स्वीकार कर रहा है, भाग-अपने भुगता के रूप में.
एक ऑफिस में एसडीओ ने एक सूचना दिखायी है कि "हमारे पार्टी-अपन-अपन-पुरण के माँगने के द्वारा हमें लाज नहीं करना चाहिए।"
अम्बाला का प्रक्रिया वर्ग के SE के अनुसार, पावर कॉर्पोर्टोन ने उपयोक्ताओं के बारे में दयालु सोचने से बंद किया है ।
अब उन्हें अपने आनेवाले बिलों को नियुक्‍त तिथि के अंदर देना ज़रूरी होगा, अगर कॉम्पोर्टिया ने 15 दिन के बाद अपने एलेक्टरी काट दिया जाएगा.
अम्बाला वर्ग आर्स.102 क्रोर को उत्तर हारीना पावर वितरण कॉपरेशन से लक्ष्य प्राप्त किया गया है.
एक्जीक्यूट्यूटर इंजिनर और सभी उपडिवेंशन के एसडीओ को लक्ष्य पूरा करने के लिए आदेश दिया गया है.
31 अक्टूबर इस लक्ष्य के लिए वक्‍त का समय था और यह पूरा नहीं किया जा सका ।
शुक्रवार में सरकार ने सोने पर आयात व्यवस्था को 10 ग्राम ४४० डॉलर से डाल दिया और चांदी पर आयात की व्यवस्था को प्रत्येक किलोग्राम से 738 डॉलर बढ़ाया है ।
इस परिवर्तन को दोनों अमूल्य मण्डलों में आंतरराष्ट्रीय परिवर्तन पर गौर करने के बाद किया गया है ।
लेकिन, अमरीका की मौतों की मिसाल पर ज़्यादा ज़िंदगी की गयी है ।
दो दिन पहले सोने पर आयात की व्यवस्था को 10 ग्राम तक डॉल४२ डॉलर बढ़ाया गया, जबकि चाँदी की समुद्र के पीछे $699 तक स्थिर रहा था ।
सामान्यतः मूल्य मण्डलों की मूल्य हर फ़ॉर्ट रात की जाँच की जाती है, लेकिन अनजानतर व्यापार के मार्क की व्यवहारता के कारण इन मानों को बदल दिया गया है ।
इस विषय में अधिष्ठाली भाषा के अनुसार, मध्य विकसित और आदमी बोर्ड ने अधिसूचना प्रकाशित किया है ।
टोन के टॉन तक ३,933 डॉलर टॉन के दूसरे टॉन के दूसरे अन्य मैदारों के बजाय, पितड़ी स्पर्स का मुलम, जो कल तक ३,३३३,००० डॉलर तक घटित हुआ है ।
जैसे सॉय बी बैन तेल, आरब्ड खांम तेल और दूसरों को भी बढ़ाया गया ।
जब टिकेट शुरू होने के बिना जानेवालों पर ट्रॅकडन लगा, तब परिवारों की गिनती ३९,००० से बढ़ती थी ।
इसलिए एक महीने में ३९,००,००,००,००,००,००,००,००,००,००,००,००,००,००,००,००,००,००,००,००,००,००,०,००,००,००,००,००,००,००,००,००,००,००,००,००,००,००,००,०००,०००,०००,००,०००,०००,००,००,००,००,००,००,००,०,००,००,००,०,०,०,००,०,००,०,०,००,०,०,०,०,०,०,०,०,०,०,०,०,०,०,०,०,०,०,०,०,०,2,2,2,2,2,2,2,2,2,2,2,2,2,2,2,2,2,2,2,2,2,2,2,2,2,2,2,2,2,2,
रेलाइन प्रबंधन विश्‍वास करता है कि अब टिकेट बिना जानेवालों को पकड़ने के लिए चिंता कर रहा है और अब वे एक टिकेट के साथ चल रहे हैं ।
टारून जाइन के सीपीरो कहता है कि अक्टूबर के महीने में 9 लाख 75 हजार जानेवालों को ८८ लाख १३ हज़ार भाग में पिछले वर्ष में चला गया ।
अक्टोबर में इस वर्ष से शुरू हुआ, लेकिन टिकेटों के विरोध के विरोध में ११,००,००,००,००,००,००,००,००,००,००,००,०,०,०,०,०,०,०,०,०,०,०,०,०,०,०,०,००,०,०,०,०,०,०,०,०,०,०,०,०,०,०,०,०,०,०,०,०,०,०,०,०,०,००,०,०,००,०,०,०,००,०,०,००,०,०००, ओर, लेकिन ।
८६ हजार युद्धों ने अक्टूबर के महीने में ८८ लाख ४१ हजार सभाओं में चलने के लिए इस वर्ष को अक्टूबर के महीने में चलाया है ।
उसने कहा कि रेल्वे प्रशासन ने रेल्वे स्टेशन के प्रवेश और निकलने पर टिकेट जाँच शुरू किया है, ट्रेनों के अंदर और एक विभाग से कदम के लिए टिकेट जांच किया था ।
इसने अपना अनुमतिय परिवारों की संख्या को छोटा दिया है.
उत्तम कोट के द्वारा ग्राम विकासक सेवक यायराम रामेश ने कहा कि उनके शक्‍ति को बढ़ावा देने का व्यवहार खतरनाक है ।
बहुवारी के बारे में, नौकरी ने एक निर्णय में कहा कि राजनीति के दासों को अपने राजकीय प्रधानों के वचनों पर भाषण नहीं करना चाहिए ।
शुक्रवार जायराम ने कहा कि न्यायों के लिए अपने शक्‍ति से बढ़कर और अधिकारी और सरकार के काम को अपने हाथ में लेना सही नहीं है ।
कैराला में कैनुर में रखा गया एक "प्रेस मेट" में जायराम ने कहा कि यह एक फैसला नहीं है.
यह प्रमुख नौकरी से एक शब्द आदेश है.
इस उद्देश्‍य के लिए मध्य सरकार के सिविल सेवा स्थापन बोर्ड पहले से ही है.
लेकिन, अलग - अलग - अलग - अलग - अलग - अलग - अलग - अलग - अलग - अलग - अलग - अलग - अलग - अलग - अलग - अलग - अलग - अलग - अलग होगा ।
उसने कहा, "यह एक खतरनाक आशा है रिट्रीटर सेवकों और सामाजिक कामकर्ताओं की प्रोत्साहित है।"
उसने उत्तम न्याय को हल्का करने के लिए कहा, "ऊंचे अधिवेशन चाहता है कि देश में एक खुला वातावरण, लेकिन जब न्यायियों को नियुक्त करने के लिए सब कुछ अलग रखा जाता है।"
उन्होंने अध्ययनियों के विरुद्ध मज़बूत ठहराया, जिन्होंने प्रमुख अधिवेशन के विरोध के लिए प्रार्थना की, जो ब्यूरोक्रेटी के राजकीय प्रधानियों के विरोध के विरोध के विरुद्ध उत्तम ठहराया, उसने कहा कि रिट्रेशनल अधिकारी सार्वजनिक चिन्हों में बड़े संख्या हैं, हालाँकि उन्होंने राजकीय प्रधानों को बहुत अच्छा सेवा की जब वे अधिवेशन में होते थे ।
अब, उन्होंने रिट्रेशन के बाद उन्होंने अचानक फैसला लिया है कि सभी राजनीतिियों को पागल हैं ।
कन्नूर देश में पहली ज़िंदगी है, जिसमें कोई परिवार अब नहीं है ।
मध्य ग्राम विकासक सेवक जायराम रामेश ने ज़ाहिर किया है कि हर गरीब परिवार को घर बनाने के लिए कम से कम 3 सेट होना चाहिए ।
यह एक इतिहासिक चरण है.
उसने सभी राष्ट्रों को कैराला के राष्ट्र में देश वितरण से एक सबक सीखने के लिए बुलाया ।
उसने कहा कि ऐसे फैसलाओं को राजकीय इच्छा और मज़बूत फैसला करने की ज़रूरत है ।
सात साल पहले, प्रमुख कोट्टी ने पोलिस सुधार के बारे में एक आदेश दी ।
उसी तरह की तरह थी ।
स्वयं से पूछिए कि क्या स्थिति में ये आज्ञाओं का अनुसरण किया गया है?
दोषी मॉहानपुर - इटवा रास्ते पर खड़ा रहा था, जो बोडह्गाया-बक्रार ब्रुज पर चले जाता है।
ट्रॉक चोरों ने ट्रॉक ड्राइवर, सैंजय यादाव, और शुद्ध करनेवाले, और उन्हें जंगल में रखा था ।
ट्रॉकों के ट्रैकों के ट्रैक्स के ट्रैकों को पूरा किया गया ।
जब पोलिस बकरार-बोडगिया को पहुँचा तो चोरों को चोरी ट्रॉक में दूर करना शुरू हुआ।
पोलिस ने दो चोरों को ट्रॉकों के साथ ले लिया ।
क्यूल्हुरा गाँव से डायनिश पास्वान, बोडह्गाया देश के हिस्सा, और दादहन्नावा के प्रामोड ने अतिरिक्‍त प्रश्‍न के लिए पोलिस को डालने लगा ।
पोलिस प्रधान ने कहा कि इन अपराधियों का एक बड़ा समूह है.
प्रामोड इस गर्द का मैस्टमीड है.
प्रामोड ने दूसरे अपराधियों के बारे में जानकारी दिखायी ।
प्रधान सैंजिया कुमार, प्यूनेथ कैश्हाप, दीनानाथ, कुलदूब कुमार, पोनाम शरम, सूनिटा और मिरीडुला शरमा और दूसरे शिक्षकों के साथ शादीदारों को उनके परिणामों के बारे में आश्‍चर्यवाद देते थे ।
इस डिवाली अलग प्रकार का अग्नीकर्करों के नाम से, बाजार में, आपके पसंदीदा राजनीयियों के नाम से उपलब्ध हैं.
अगर आप अगर फायरकर्सों को सोनिया, मॉडि और राहुल गैन्दि के नाम से नहीं खिंचना चाहते हैं, चिंता मत करो। नाइटिश ब्रैंकर्स बर्कर्स बाजार में भी उपलब्ध है.
अगर आप अभी भी समाधान नहीं हैं और आपको इन नामों के बारे में अन्य विकल्प हैं जो बाजार में उपलब्ध हैं ।
इस बार जब आप अपने बच्चों के लिए फायरकर्स खरीदने के लिए बाजार में जाते हैं, तुम खाली हाथ वापस नहीं आओगे.
अगर आप बाहर के मुख्य सेवक नतीश कुमार के नाम से अगर अगर आप अगर नहीं करना चाहते हैं तो तुम उनके ऊपर धरती के रूप में [S1] पहले अधिपत्ति चीफ, सुशिल मोडि के नाम के साथ भूमि खिंच देंगे.
अगर आप अपने बच्चों के लिए किसी भी राजकीय के नाम के साथ क्रीकर्स नहीं लेना चाहते हैं, फिर चिंता नहीं करना. रामविलास पास्वान विकल्प आपके लिए उपलब्ध है. हाँ, रामविलास पास्वान फायराक्राकर्स बाजार में भी उपलब्ध है.
हालाँकि लालो यादाव अब भोजन के लिए सज़ा दिया जा रहा है, तो आपको कभी भी चिंता नहीं करनी चाहिए। यदि आप उसके साथ सजदा करना चाहते हैं तो चिंता मत करो, तो आप अपने घर में दीवाली के साथ डुवाले को आनन्दित कर सकते हैं!
ट्रिबुट्स को पूर्वी प्रधान मिशनरी इंडिरा गैन्दि को अध्ययन में दे दिया गया था ।
इस सूचना को स्कूल के मुख्य नाफी सिंग द्वारा दिया गया ।
उसने कहा कि शिक्षकों और प्रोफेसरों ने इंडिरा गैन्दी के एक तस्वीर पर फूल रखा ।
इस टॉपिक पर एक विषय संगठित हुआ - प्रागाटी की पथ पार हारीना ।
मैंजू लैक्शमी पहली बलिदान दी गयी और शील्पा ने दूसरी बलिदान दी ।
ब्रिज मॉहान गूपटा ने सर्डर पैटेल और इंडिरा के बलिदानों के बारे में अपनी सोचों को बाँधा ।
उरमीला मालीक, जिता गूपता, राजबिर सिंग और एमीट गूपटा को जूरी सदस्यों के रूप में आदरित किया गया था ।
मुख्य विषय के बारे में जानकारी - हारीयाना की पीरागाटी ।
उसकी मृत शरीर को ड्राइन डोल के पास मिली ।
मृत जवान को हारीश गहलात के तौर पर पहचान दिया गया है ।
उस जवान के शरीर में दो स्पर्ट घोड़े पायी गयी ।
पोलिस ने अस्पताल में एक पश्चात मर्तम के लिए शरीर भेजा है और जाँच शुरू किया है.
रोशान बाग़ के ज़मीन में एक जवान ड्राइन के पास ज़मीन के पास बुरा हुआ था ।
जब पोलिस ने उस स्थान पर पहुँचा तो उन्होंने उसे मृत्यु मिला ।
फिर उसे दार्मपुरा रिक्‍त के रहनेवाले हारिश के तौर पर पहचान दिया गया ।
उस जवान पुरुष को दो बुलों के साथ टुकड़ा दी गयी थी ।
हरीश ने अपने दसवी ग्रेड अध्ययनों को मध्यवधि छोड़ दिया ।
लेकिन उसने बुरा आदतों में डाल दिया ।
आखिरी बार लोगों ने उसे देखा कि वह एक आदमी के साथ था.
पोलिस इस पुरुष को खोजने की कोशिश कर रहे हैं, और यह भी जानने की कोशिश कर रहा है कि वह जवान कौन है और किसके साथ उसकी मृत्यु से पहले ।
जैग्रान संवाद के केंद्र, राजोरी: शुभवाहेर में विविध विभागों के अनैतिक सरकारी अधिकारीों को उन्हें नाब करने के लिए एक आश्‍चर्यक खोज किया गया ।
कॉट्रान्का में पी.ए डिप्टैंट में खोज के दौरान, कार्यालय तालाबंद पाया गया और काम करनेवालों को काम से अलग था ।
वहाँ काम करनेवालों में से एक कामकर्ता स्थगित हुआ, जबकि गिरनेवालों को एक शो-क्यू-सूचना के साथ प्रकाशित किया गया था.
ड्रिक्टिकल कमिसरी ने सरकार के कामकों को देखने के लिए बहुत - से टीम बनाया है ।
उसकी आज्ञाओं पर टेहसिल्दार और दूसरे अधिवेशनों ने शुक्रवार में एक आश्‍चर्यक खोज किया ।
कॉट्रांका टेसिल्दार, इस्रार अहमद मिर ने मुख्यालय में सरकार कार्यालयों को भी आश्‍चर्यक भेज दिया ।
अफिसियों और कामकर्ताओं में, बहुत - से उच्च अधिकारी ज़िम्मेदारों को ज़िम्मेदारी से नाश होने लगे थे ।
उसने विनाश अध्ययनियों की नोट दी और रिक्‍त कमिसर फैकर चांड बैगट को सूची भेजा ।
कॉट्रांका टेसिल्दार ने पी. ए. ए. डिप्टैंट्स में पहुँचा, उसने इसे तालाबंद मिला ।
कुछ कामकों में से कोई नहीं आ रहा ।
डॉक्टरों के बजाय, कोट्रांका अस्पताल में, 14 अन्य कामकर्ताओं को अफसोस मिली ।
यहाँ तक कि बी. एम.
इसके अलावा, बी.डी.ओ ऑफिस में, दो अस्थायी कामकों के बजाय, बी.डी.ओ अपने कामकर्ता के साथ ही उपस्थित नहीं थे ।
सी.डी.पी.ओ कार्यालय एक कम रेंडिंग अधिष्ठी द्वारा नियंत्रित किया जा रहा था.
ऑफिस रजिस्टर में अगले दो दिनों के लिए कामकर्ताओं ने अपने आप को प्रस्तुत किया था ।
अलग - अलग - अलग - अलग - अलग - अलग - अलग - अलग - अलग - अलग - अलग - अलग - अलग - अलग - अलग टी.
एक कम रेंडिंग अधिष्ठी हॉर्टिवॉल्युलिटी ऑफिस को हाज़िर कर रहा था, जबकि दूसरे अधिवेशनियों को गुम था ।
टेहसिल्दार ने इन सभी अभिषिक्‍त कामकों की सूची तैयार किया और उसे रिक्ट्री कमस्सर को भेजा ।
इस बारे में, मुख्य शिक्षण अध्ययन चुडहरी लल हसाइन ने बल्जरालान ज़ोन में अनेक स्कूलों को आश्‍चर्यकारी मिला ।
वॉली मॉमम्माद काथा स्कूल में मध्यमधून खाना के लिए अध्ययन करनेवाला व्यक्‍ति है और इस काम को ठीक नहीं करने के लिए स्थिर किया जाता है, जबकि श्री अबदुल मजेद और शिक्षक स्यूरीय मिडल स्कूल, जैव्ड अलाम, सी.आर.प सैंकरी हाइ स्कूल और अजय कमर, सी.आर.प बल्जरालान माइडल स्कूल में, सभी प्रो-अंग्रेक्षा के साथ प्रकाशित किया गया है.
डियट प्रेडिप शार्मा ने थानामान्डि ज़ोन में स्कूलों की आश्‍चर्यकारी जाँच की ।
टैनामान्डि ज़ोन में, मुख्य ने दौरान खाना में कुछ लॉपोल पाया और इसलिए स्त्री प्रेडिप शरमा ने खाने के लिए अधिवेशनी से पूछा और हेड मैस्टर को दो दिनों के दौरान इन कमज़ोरों को सुधारने के लिए पूछा ।
पिछले सेवक, राजराम पैंडी, जिसने अपने विरोधी भाषाओं के लिए जानता था, उसे एक हृदय हुक्म के बाद हुआ हुआ हुआ हुआ हुआ हुआ ।
राजराम पैंडी के मृत्यु के बाद, अक्हिलेश सरकार का कैबेट विस्तारण अलग हुआ है.
स्रोतों के मुताबिक, राजराम पैंडी ने प्रचारक के पोस्ट से हटाकर निरन्तर दबाव के अधीन थी ।
जैसे प्रोग्राम के अनुसार, अकिलेश याडाव अपने कैबेट को चौथा बार फेर डालने लगा था ।
राजराम पैंडी ने पता लगा कि उसे कैबेट में फिर शामिल नहीं किया था जिसे शुक्रवार को चलाया जाना चाहिए ।
लेकिन उसने अपने राज बहावान कॉलिनिया के घर पर चलाया और जल्द ही वह वहाँ पहुँचा गया, उसने पहुँच शुरू हुआ और उसे जानने लगा ।
लेकिन वह रात्री पर मर गया ।
अकिलेश यादाव के सरकार में, राजराम पैंडी कैडि और ग्राफिक प्रधान से मंडली था और प्राटापगार के विशवानाथगैन तीन बार एमला था।
उसने स्त्रियों के बारे में अधिवेशनियों के बारे में ज़िंदगी की ।
एक प्रोग्राम में, जबकि सुल्टानपर डी.म. के सुंदरता की स्तुति करते हैं, उसने कहा, "मैं बहुत खुशी हूँ कि मैं इस क्षेत्र के लिए एक दूसरे बार से सेवक बन गया हूँ।
मैं हमेशा एक सुंदर डी.म. के साथ काम करने का मौका मिलता है.
जब मैंने पहले डी.म. कैमिनी चुहान रातान को देखा, मुझे लगा कि उससे अधिक सुंदर स्त्री नहीं हो सकता, लेकिन नया डी.
उसकी शब्द की टोन भी बेहतर है।"
राजराम पैंडी यह भी कहा था प्राटापगार में, "रास्ते हेमा मालिनी के कंपों की तरह प्रकाश कर रहे हैं और अब केवल चेहरा हो रहा है।"
इस वर्णन का एक बड़ा भाषा हुआ ।
चैन्डिगार: एक बाजू में पुन्जैब सरकार ने नरी पंजेबी के सुरक्षित गुणों के लिए पुन्जैब में विशेष बिल दाखिल किया है, जबकि दूसरे हाथ में पंजेबिया नया समस्या हैं ।
कैन्डियन सरकार ने अपने गुणों से परिणाम और उन्होंने पंशियन के रूप में प्राप्त किया है, इंसान पौंजैब या भारत से.
एक विशेष इकाई के द्वारा, फेडरल सरकार ने कनाडा में पंसेन डॉलरों से पूछा कि वे दूसरे देशों में अपने गुणों से लाए हैं ।
सरकार ने इन तरहों की चिंताओं और जानकारी प्राप्त किया है जिन्होंने विदेश से आया है जो कनाडा में सभी आर्थिक लाभ पाए हैं ।
कैनाडियन नियम के मुताबिक, कैनाडियन नागरिकता पाने के बाद, वे विदेश से मिले हुए रक्‍तों को उनके कुल परिणाम में जोड़ना चाहिए, लेकिन लोग इसे नहीं कर रहे हैं ।
कैनाडियन नागरिकता पाने के बाद भी, पूनजाब के हजार लोगों ने अपने गुणों और पंसेन लाभों से, इंसान पूंजैब में, उनके कैनाडिक परिणाम टॉक्स का वापस नहीं किया है ।
लेकिन वे कैनाड के लिखे हुए रक्‍तों के लिये जैसे - जैसे - जैसे - जैसे - जैसे - जैसे - जैसे - जैसे - जैसे - जैसे - जैसे - जैसे - जैसे - जैसे - जैसे - जैसे - जैसे - जैसे - जैसे - जैसे - जैसे - जैसे - जैसे - जैसे - जैसे - जैसे - जैसे - जैसे - जैसे - जैसे - जैसे - जैसे - जैसे - जैसे - जैसे - जैसे - जैसे उन्होंने किया है, उन्हें कैनडा में उन्हें - जैसे - जुड़ा है, उन्हें उन्हें - जैसे - जैसे - जैसे - जितना है ।
सीनयरस के क्लोब के एक डेलिगेशन पुंजैब, पाराम जिल से एक पीएप से मिला और इस विषय में उन्हें फायदा करने के लिए सुरक्षा माँग दिया गया।
पैराम जिल् कहता है, जैसे उसे दिया गया जानकारी, यदि कोई इनवें कैनाडा के बारे में किसी अन्य व्यक्‍ति के विषय के विषय में हिंसा करे तो उसका परिणाम जाँच किया जा सकता है लेकिन उसे जाँच के बारे में कोई सच्चा जानकारी नहीं है.
इस डेलिगेशन ने पीपी विक डिलोन से पहले भी मिला और जल्द ही वे अन्य पीएप्प्स और MPP के साथ भी मिलेगा.
पुन्जैब सरकार ने पुनजैब टेनंसी बिल और अंक देश (अव्यवस्था बिल्ल) और न्यूरिस के सुरक्षा के देश की सुरक्षा के लिए पुन्जाब की सुरक्षा दी ।
न्यूरी, आर्मेड सैनिकों के साथ, अपने देश के लिए सुरक्षा दे रहा है ।
इस बिल के अनुसार एक NRI पंजाबीआ अपने देश और घर-शोप को एक स्थिर बिन्दु में दी जा सकता है.
वे ठीक सूचना देने के द्वारा जब ज़रूरत है तो उन्हें वापस मिल सकते हैं ।
टनैंट्स नहीं रहेगा और कोई अन्य विकल्प उपलब्ध नहीं होगा.
NRI को एसडीएम के मालिक का प्रमाणन देना चाहिए और उन्हें उनके जरूरतों को बताना चाहिए ।
इस व्यवस्था को लैसे के पहले पंच सालों के लिए सफलता देता है ।
अलग - अलग देशों में रहनेवाले पुन्जाब से 1,5 क्रोर लोगों से आता है, जबकि उनके माल अभी भी पुन्जाब में है ।
उन्होंने पूनजैब सरकार से अपने माल की सुरक्षा की माँग कर रहे हैं.
सोने, चाँदी और औज़ार आज जानकारी खरीदार हैं ।
इस वक्‍त के कारण ऊटेन्सिल विकर्ताओं ने पहले से ही अपने विद्यार्थियों को अच्छी तरह दिखायी है ।
क्लेताओं को लेने के लिए, शोपकर्स के अंदर और बच्चों के विभिन्‍न उपकरणों को दिखायी है ।
लेकिन, उच्च मूलत के प्रभाव बाजार में स्पष्ट दिखा सकता है ।
हिन्दू धार्मिक पुस्तक के मुताबिक, डॉन्टेरास सप्ताह के दौरान मैटल चीज़ों को खरीदने का एक खास महत्त्व है ।
लोग सिर्फ सोने और चान्दी के थोड़े टुकड़े लेते हैं, बल्कि उनकी क्षमता के जैसा पितनी और चाँदी लेने के लिए भी लिखते हैं ।
कैली दास और मडान लॉल ने कहा कि इस बार मूल बढ़ना महत्त्वपूर्ण है ।
टैसल और पितड़ी की मौलत बढ़ती है क्योंकि बड़ी बड़ी चीज़ भी बढ़ गयी है ।
उन्होंने कहा कि पिछले वर्ष के 140 किलोग्राम के बीच स्टील साधनों की मूल्य रिस.120 और Rs.140 के बीच था, लेकिन इस वर्ष में यह Rs.150 तक आर्स.200 को बढ़ाया गया है ।
इसी तरह, पितड़ी की मौलत के अतिरिक्‍त, झुंडी ऊटेन्सिल भी बड़ी महत्त्वपूर्ण हो गयी है ।
वीका, जो शब्ज़ी-मेंडि में पूजिया और दूसरे पितळी चीज़ों के लिए प्रयुक्त वस्तुओं को बेचते हैं, कहते हैं कि पितड़ी के रूप में ज़्यादा मौल्यवान हो गया है, तब पितड़े से बनाए गए चीज़ भी भी बढ़िया है।
क्लाताओं को बाजार में अधिक छोटा वस्तु खरीद रहा है.
ऊटेन्सिल विकर्ता, रजेश ने कहा कि इस मार्क का अधिकतम संख्या उटेन्सिल स्टोप्स है.
लेकिन लोगों को कम चीज़ें खरीद रहा है जैसे कि चीज़ें ज़्यादा महत्त्वपूर्ण हो रही हैं.
वे विश्‍वास करते हैं कि सप्ताह की वजह से ज़्यादा ज़्यादा ज़्यादा ज़्यादा ज़्यादातर हैं और वे बाद में ज़्यादातर होंगे ।
पूरे शुक्रवार दिन दान्टेरास के मौसम में छोड़ने के लिए खुशखबरी है ।
अस्ट्रोलोगर वक्स्पाटी के मुताबिक, सूर्य सूर्य 6.41 तक नवम्बर के पहले की शुक्रवार होगी ।
इसके बाद, 9.50 साल तक, एक वैद्रिटी जॉग है, लेकिन अधिकतर लोग इसे अनदेखा करते हैं.
इस योग को समझनेवाले लोग इस समय में छपाई से बचा सकते हैं और जो इस योग को नज़रअंदाज़ करते हैं, वे शोपिंग जा सकते हैं ।
उसने कहा कि आज लोग गोल्ड, सिल्वर और अन्य मैटल चीज़ों को लिखना चाहिए, जैसे कि उनके आर्थिक क्षमता की अनुमति देती है ।
कमिट के सदस्यों ने लोगों को आग्रहकर्सों का इस्तेमाल नहीं करने के लिए आग्रह किया है ।
बादवाला से हारीपुर केल्सि गेट तक शुरू हुआ, जहाँ बच्चों ने वातावरण को बचाने के लिए लोगों को आग्रह किया ।
कमिट के सदस्यों ने प्रत्येक को मिट्टी दीपाओं को पहुँचने के बजाय, अगर अगर आकाशों को प्रकाशित करने के बजाय, और लोगों को भी पोलिथेन बॉग्स का इस्तेमाल करने से बचाना चाहिए ।
जुलाइ से शुरू होनेवाले यूआई अध्ययनियों के 90 प्रतिशत डी.ए.
सप्टेंबर में डी.ए. ए.आ. के बीच 80% तक उठाया गया, 72% से आवश्‍यकता के साथ 8% डी.ए.
इस व्यवस्थापित फैसला के बाद उत्पन्‍न चैन्डिगार के कामकर्ताओं ने बहुत खुश हुई ।
दूसरे में, यू. एलक्ट्रेक्टर और कामकर्ता यूनियन- मन्मोहान सिंग, जनरल सैक्टर - गोपाल डूट योशि, यू पावर-कारक यूनियन का प्रधान - राम सारोप, व्यवसाय प्रधानता विजयी सिंग, एलेक्ट्रिक्टर यूनियंट प्रधान - जासबिर सिंग, और काम करनेवाले मैन्मोहन सिंग ने इस फैसला को स्वीकार किया.
इस फैसला के बाद, कामकर्ता जुलाइ में डे.ए. के 10% प्राप्त होंगे ।
इस अवसर में काम करनेवाले ने बच्चों के व्यवस्था के कामकर्ताओं को भी 9% के बजाय 90% देना चाहिए ।
पीएम और गुजरात के मुख्य सेवक, नारेंड्रा मोडि के लिए BJP के मैडिटर ने 6 नया राष्ट्र सेवकों को अपने कैबेट में शामिल किया है.
जयश सॉराशट्रा से आता है और हाल ही में बीज्‌पी में मिल गया है, कंंग्रेस छोड़ने के बाद.
पहले सेवक मुख्य सेवक, नरहरी अमीन, जिसने संमेलन चयनों के पहले कंग्रेस छोड़ा और बीजेप में शामिल हुआ, योजना कमिनिया का अध्ययन प्रधान के तौर पर नियुक्‍त किया गया है ।
लोक साबहा चयनों के लिए मॉडि की तैयारी के रूप में यह सेवकाई विस्तारण देखा जा रहा है.
वह अपने राजकीय कामों को प्रोत्साहित करने के लिए बहुत - से चल रहा है ।
पंच स्थितियों का एक ट्रायर करने के बाद, वह ज़्यादा ज़िम्मेदार सम्बन्धों, प्रवासों और सभाओं का संगठन करेगा ।
इस तरह वह ग्यूजरात को एक अमल पहुँचनेवाला ठहराना चाहता है ।
