A jobboldali populisták diadalja Ausztriában, összesen 29%
Az Ausztriában a korai parlamenti választások első előzetes eredményei szerint mindkét fél észrevehetően gyengült a jelenlegi nagy koalícióban, és jelentősen növelte a jobboldali néppártokat.
Az osztrák Néppárt (ÖVP), ahol a jelenlegi vezető, Wilhelm Molter pozícióját súlyosan átverik, különösen nagy veszteségeket szenvedett.
Ezzel ellenkezőleg, az Ausztria jövőjéért felelős szövetség kampányvezetője (BZÖ), Jörg Haider karinthiai kormányzó, győztes visszatérést készít a nemzeti politikába.
Az előzetes eredmények szerint a Social Democratic Party (SPÖ) továbbra is a legerősebb az országban, a szavazatok 29,8 százalékával, de az utolsó választások óta a szavazatok 5,5 százalékát vesztette el.
ÖVP, amely 25,6 százalékkal veszíti a szavazatok közel kilenc százalékát, még rosszabb.
Ezek a legnagyobb eredmények mind a nagy pártok a háború utáni történelmében, és különösen a Néppártban, akik arra buzdítottak a korai választásokat, szó szerint katasztrofális eredmény.
Július elején, amikor ÖVP elhagyta a koalíciót, a Néppártnak még mindig jelentős nyoma volt a SPÖ-re a közvéleményben.
A szavazók azonban nyilvánvalóan megbüntették őket azért, mert hagyták, hogy a kormány elbukjon.
Az eredményekre adott első reakcióban már voltak spekulációk a pártfej és a jelenlegi Wilhelm Molterer alelnök lemondásáról.
A megfigyelők előre látják, hogy ez már hétfőn, a pártvezető rendkívüli ülésén is megtörténhet.
Egy ilyen fejlesztés minden bizonnyal egyszerűbbé tenné a választási eredmények, azaz a SPÖ és ÖVP nagy koalíciójának megújítását.
Tekintettel mindkét jobboldali populista pártok megerősítésére - a Szabadság Párt (FPÖ) előzetesen 18 százalékot és BZÖ 11 százalékot szerzett a szavazatok közül - ugyanakkor a szociáldemokraták féltek az 1999-es év ismétlődésétől, amikor a néppárt egyetértett a populistakkal (FPÖ még mindig egyesült 2005-ben a BZÖ-től) egy közös kormányon, amely végül az Európai Unióból szankciókat okozott.
Haider, aki már bejelentette, hogy kész együttműködni bármely párttal, és feltételezi, hogy vissza fog térni Bécsbe a nemzeti politikába, nyilvánvalóan ezzel a fejlődéssel foglalkozik.
A Zöld Párt is bejutott a Parlamentbe, de kis veszteséget szenvedett, és harmadikról ötödik helyre esett az osztrák politikai pártok között.
Nyilvánvalóan egyik fél sem lépte túl a négy százalékot, és bejutott a parlamentbe.
Schwarzenberg: Az Indiával fennálló kapcsolatok rosszabbak lehetnek
Karel Schwarzenberg külügyminiszter szerint, ha nem lehet megoldani a cseh tudósok problémáját, akiket Indiában a bogarak illegális begyűjtésével vádolnak, akkor a cseh és indiai kapcsolatok bizonyos súlyosbodását is megtörténhet.
A miniszter ezt a nyilatkozatot New Yorkban tette, miután ma találkozott az indiai társa, Pranab Mukherjee-vel.
"Ha nem oldják meg, akkor igen, akkor egy bizonyos romlás történik," mondja, a cseh oldalról indított találkozót követően.
A tárgyalásokat követően Mukherjee azt mondta, hogy a végrehajtó fiókhivatal nehéz beavatkozni az igazságügybe.
Ennek ellenére azt mondta, hogy Petr Švácha esetében, aki kiszámolta a vádakat és bírsággal büntette, a központi kormány tárgyalhat a Darjeelingi önkormányzatgal, az ügy hatáskörébe tartozik.
"Az ő problémája megoldható," mondta a miniszter.
Mukherjee szerint az lenne a legjobb, ha Emil Kučera három év börtönbüntetésre ítélt volna, hogy fellebbezze a felsőbbrendű hatóságokat.
Akkor kérheti, hogy engedjék ki az óvadékot, és várjon a börtönön kívüli ítéletre, elmagyarázta.
Schwarzenberg megerősítette, hogy partnere ezt a tárgyalások során is mondta.
"Azt ajánlja, hogy felvegye a magasabb bíróságot, akkor lehetséges lenne megbocsátani" – mondta a cseh diplomácia vezetője.
Az egyetlen módja annak, hogy a cseh oldal részt vehessen az egész kérdésben, az, hogy az elítélt egyéneknek "kompetens jogi támogatást" nyújtson, mondta az indiai miniszter.
Ugyanakkor azt mondta, hogy az indiai oldal is nyújt nekik ilyen típusú segítséget.
"A legnagyobb érdekünkben áll fenntartani a legjobb kapcsolatokat Indiával, amelyeknek hosszú távú hagyománya van.
Az indiánok is elismerik ezt," mondta Schwarzenberg.
Ugyanakkor, ahogy a cseh sajtóügynökségnek is elmondta, a társa előtt hangsúlyozta, hogy a Cseh Köztársaság nagy jelentőséget tulajdonított a cseh entomológusok problémájára.
"Tényleg úgy gondoljuk, hogy a cseh tudósok letartóztatása és felvázolása súlyos hiba," jelentette ki.
A miniszter nem válaszolt a kérdésre, hogy megkapta-e az indiai oldalról tett ígéretet, hogy folytatja az ügyet.
Kifejezette, hogy "Itt már elég sok ígéretet kaptam".
A cseh bírók harca óceáni padlón
Ausztráliát és a környező tengeri területeket ábrázoló elektronikus fali térkép felé lép.
De nem érdekli a kontinens, hanem egy kis pont elveszett a kék az óceán.
"Ez a sziget, és a körülötte lévő óceáni padló Ausztráliához tartozik.
Ugyanakkor a terület olyan nagy, mint maga a kontinens" – mondja Luigi Santosso olasz ügyvéd, aki az ENSZ Ocean Affairs és a Tengerjogi Hadosztály alkalmazottainak harminctagjának tagja.
A főnöke, az igazgatója, a cseh ügyvéd, Václav Mikulka, követi, amit mond, és időnként hozzáad valamit.
Itt domináns a munka lelkesedése és a lelkesedése.
Az óceán padlója egy eddig nem ismert, természeti erőforrásokban gazdag világ rejtőzik.
Lehetséges megtalálni az olajat, ércet és más ásványi anyagokat, de az eddig ismeretlen élő szervezeteket is, amelyek megtartják a kulcsot, például a rák gyógymód kialakulásához.
Egy nagyobb emelet, mint a kontinens
A part menti országok ma megkezdték a versenyt az új víz alatti területen.
Az ENSZ-megállapodás szerint a Jamaicában 1982-ben megállapodott jogokat használják fel.
Ez elsősorban az úgynevezett kontinentális polc területe, amely gyakran több száz km-re van az adott ország partjától.
A megállapodás szerint ez az ország kizárólagos joggal rendelkezik a kontinentális polc valamennyi forrásához.
"Egyszerűen, a kontinentális polc a része az óceán padló, amely a természetes folytatása a kontinens alatt a tenger és annak postatum.
A part mentén túl, gyakran az úgynevezett exkluzív gazdasági övezet kétszáz tengeri mérföldjének szélén túlra jutott" – magyarázza Mikulka.
Az adott országnak a kontinentális lejárat határain vonatkozó kérelmet számos költséges felmérésen és mérésen alapuló tudományos és műszaki dokumentációnak kell alávetni.
Ez az előkészítő munka sok évének eredménye.
"Az egyik feladatunk, hogy jogi és szakosodott technikai segítséget nyújtsunk a bizottságnak.
A bizottság eddig öt kérést vitatott meg Oroszországtól, Brazíliától, Ausztráliától, Írországtól és Új-Zélandtól.
Eddig csak az utolsó három ország sikeres volt, Mikulka hozzátette.
Nemrégiben Ausztráliában, amely volt az első, aki a víz alatti területét kibővítette, az egész világon regisztrált.
De az Új-Zéland is elérte az óceáni padló területét, amelyet a bizottság elismert, körülbelül 1,6 millió négyzetkilométer, azaz körülbelül hatszor nagyobb, mint maga az ország mérete.
Mindkét ország millió dollárt fektetett a felmérésbe.
A jövőben az óceáni padló hasznosításából származó nyereség, reménykednek, megfizethetetlen lesz.
Más országok is fokozatosan benyújtják kéréseiket.
Tíz év múlva ratifikálták a Montego Bay-i megállapodást.
Ahol a kontinentális polc véget ér, a megállapodás által bejelentett óceáni padló területe az emberiség közös örökségeként kezdődik.
Itt egy ország már nincs exkluzív pozíciója.
Ezen a területen a bányászati jogok nyújtása a nemzetközi intézmény által megállapított megállapodáson keresztül történik.
"De az óceán padlója nem Klondike", Mikulka igazgató azt mondja túlzásban, hozzátéve, hogy "személyes területei jogilag egyértelműen elhatárolódnak, és rezsimük a szerződésekbe van rögzítve."
csehek a Csendes-óceánban
Az óceán padlójának egy része jelenleg a Cseh Köztársasághoz tartozik.
Megosztja más országokkal a korábbi Kelet-Bloc-tól, mint a "Interoceptaintal" közös szervezet részeként.
Egyetértve, ez a szervezet, mint több kisebb ország befektetője, 1991-ben az úgynevezett "mentő befektető" státuszát kapta.
Engedélyt kap a ClarionClipperton zónában a Csendes-óceánon, amely Mexikó, Hawaii és Kiribati között helyezkedik el.
A befektető által vizsgált terület kissé nagyobb, mint a korábbi csehszlovákia.
Az óceáni padló erős, ez egyfajta víz alatti modell a Tatra-hegyek.
"Olyan lehet, hogy az egész 70 000 négyzetkilométeres területen bányászhatok.
A terület gazdag hely a nikkelt, rézt, kobaltot és mangánt tartalmazó polimetánkoncessziók gyűjteményéhez" – mondja egy másik ügyvéd, Pakshi Rajan Indiából.
A macedón ügyvéd a hadosztályból, Rober Sandev, egy ilyen elítélést hoz, hogy kimutassa.
Úgy néz ki, mint egy kis krumpli, vagy egy kis fantáziával, a mítosz sem, ami a legenda szerint életre hozta a Golemot.
Német különleges erők jelen a panzió megmentésekor
A túszválság megoldása során az egyiptomi kormány segítséget kért Németországtól - amely a szakértőket küldte.
Amikor lökött, a különleges erők készen álltak, de végül nem volt szükség a szolgálatukra.
Egyre több részletet találnak az Egyiptomban elrabolt tizenegy európai turista felszabadításának körülményeiről.
A német szövetségi Védelmi Minisztérium és a belügyminisztérium szerint a német különleges erők közvetve részt vettek a megmentési küldetésben.
A szövetségi fegyveres erők specialistái (Bundeswehr) és a német szövetségi rendőrség (Bpol) tagjai, valamint a GG 9 és a légi őrség különleges egységei jelen voltak a megmentésnél, a minisztériumok képviselői azt mondták, hétfő este, valamint a Technikai Védelmi Hivatal (THW) szövetségi bűnügyi rendőrségének tagjai.
A német erőkre azonban nem volt szükség, mert a rablók elhagyták túszaikat, és elmenekültek, amikor rájöttek, hogy a túszokat erővel szabadítják ki.
Az egyiptomi kormány elfogadta a német által felajánlott segítséget, hogy a művelet során erősítésként a német erőkre támaszkodjanak.
"Luckily, nem erre jutott," mondta a német belügyminisztérium egyik szóvivője.
Az utazási csoportot öt németből, öt olaszból, egy román nőből és nyolc egyiptomi társaikból állták meg és elrabolták Egyiptom déli részén szeptember 19-én.
Miután elrabolták egy sivatagot Egyiptom déli részén, a túszokat elvitték Égyiptom, Líbia, Szudán és Tád határvidékén.
A mai napig a fogva tartók személyazonossága ismeretlen marad, ahogy a mentésről vagy a lehetséges váltságdíjakról szóló részletekről is.
A korábbi túszok biztonságban és jól megérkeztek Kairóba.
Steinmeier német külügyminiszter azt mondta, hogy a német nagykövetség gondozására bízták őket.
Nem kommentálta a megmentés részleteit.
Berlinben nem adtak közvetlen információt a Németországba való visszatérésükről.
"Bild" című német újság szerint az öt turista és a különleges erők a német légierő légibuszára szállnak, amely kedden érkezik Németországba.
U.S. Képviselők Háza Visszautasítja Bailout
A 700 milliárd dolláros kiutasítási csomag a pénzügyi piacokra aligha sikerült az Egyesült Államok kongresszusának első kamarájában.
A Dow Jones orrdúlt volt.
A 227-206 ellen szavazva az Egyesült Államok Képviselőháza elutasította a kormány pénzügyi piacokra vonatkozó kiutasítási csomagját.
George W. Bush elnök és mindkét fél vezető tisztviselői minden fellebbezése nem érhető el a pénzügyi piacokon a káoszra szánt program többsége.
Egy drámai kampány során a támogatók kétségbeesetten próbálták meggyőzni a 700 milliárd dolláros terv kritikusait.
Barney Frank, az egyik legnagyobb demokráciai tárgyaló, felkérte a képviselőket jóváhagyásra, még akkor is, ha ez egy népszerűtlen terv volt.
"Nem könnyű politikai jóváhagyást kapni azért, hogy megakadályozzam, ami még nem történt meg," vallotta.
Míg a szavazás még folyamatban volt, a Dow Jones több mint hat százalékot látott, vagy 600 pontot.
A befektetők aggódása miatt, hogy a kormányzati óvadék elbukhat.
Röviddel a szavazás vége előtt felépült, csak azért, hogy még egy orrdús legyen, amikor nyilvánosságra hozták a visszautasítást.
A szakértők a nemzetközi pénzügyi piacokon további súlyos turbulenciákat várnak.
A végrehajtandó terv megvalósításához mind a Képviselőház, mind a Szenátus jóváhagyására van szükség.
Utazási irodák jelentése Növekedés a foglalásokban
Jó tél lesz a német utazási irodáknak, nyilvánvalóan:
Egy felmérés szerint az elkövetkező hónapokra vonatkozó foglalások forgalma jelentősen nőtt az előző évhez képest - a téli szezonban akár 30 százalékkal is.
A gyenge gazdaság kilátásai ellenére, a németek utazási étvágya nem sújtott, egy felmérés szerint.
A téli szezonban a foglalások során az utazási irodák 31 százalékos növekedést tapasztaltak az előző év azonos időszakával szemben, hétfőn a német Utazási Egyesület (DRV) jelentette be Berlinben.
A piackutató cég GfK szerint az őszi hónapokban is megnőtt a foglalások száma.
Az utazási irodák 2007 októberében körülbelül 11 százalékkal nőtt a forgalm, a DRV azt mondta.
Az eredmények a GfK adatain alapulnak, amelyek havonta 1200 német utazási iroda foglalási adatait dolgozzák fel, és a piac egészére vonatkozó előrejelzéseket használják fel.
Ide tartozik az utazási foglalások 2008 augusztusig.
Egy gyenge dollár miatt, különösen az Egyesült Államokba irányuló utazások követelték, a DRV azt mondta.
Ebben a területen a foglalások körülbelül egyharmadmal nőttek, azt mondta.
Emellett Spanyolországot, Törökországot és Görögországot a németek, valamint a hazai régiók között népszerűvé tették.
Klaus Laepple DRV elnök mondta, hogy mindenféle utazást kerestek.
A növekvő energia- és élelmiszerárak fényében az ügyfelek költsége "gyorsabb volt, mint az egyéni szervezett nyaralások" – mondta Laepple.
A fogyasztók pénzt takaríthatnak meg a korai vagy mindenféle kedvezményen keresztül, többek között Laupple mondta.
Mivel a nyári hónapok nagyon jól megfogalmazottak voltak, a forgalom az előző évhez képest újabb növekedése is megnövekedett volna, azt mondta - noha egy másik felmérés azt jelenti, hogy az utazó németek száma az előző évhez képest elsüllyedt.
Az első alkalom az Oktober Fesztiválon
Spring-break- és après-ski-style találat ismételt módban, sör egy liter bögréből és hírességek a tervező Dirndln.
Egy Wiesn Debut.
Gyakorlatilag Susanne Kronzuckerrel nincs sok közösünk.
Szőke, tévés házigazdája, és egy szabott Dirndl-t visel.
Sötét hajam van, diák vagyok, és a ruhám másodkezű.
De van egy dolog, ami összeköti minket: alig három perce vagyunk a Wiesnben, és máris a fotósok itt vannak körülöttünk, és lecsapnak, feltöltik a memóriakártyájukat - nagyon hízelgő, és ez az első látogatásom a Wiesnben, hogy cipeljem.
Így szerzel barátokat.
Az olcsó Dirndl a munkáját végzi.
Egy Wiesn turista számára általában a "Weisswurst equator" északra, ez a kényelmes érzés viselt hagyományos bajor garb hagyott sok kívánt maradt.
De egyszer megérkezett Theresienwiese-be, nem is olyan rossz.
Majdnem mindenki visel Dirndl vagy Lederhosn; senki nem tűnik undorító vagy kínos - minden teljesen normális.
Csak a Dirndl apron furcsán nézegette a csokibanána eladót.
És egy Müncheni asszony felhívta a figyelmemet, hogy rossz módon kötöztem meg az aprót: "A bal oldali, középső szűz, jobbra elköteleztetett, özvegyen özvegyen állt."
Furtív módon hátulról balra húzom a lábam.
"Rendkívül igaza van," mondja, és nevet.
Mások kevésbé aggódnak a finom flört technikák miatt, és egyszerű érzés sapkákat viselnek, amelyek azt mondják: "Too részeg, hogy öltözzön", és, impulzus nélkül, mutassák az embereknek meztelenül mögöttük.
A kiállító hozzáállással rendelkező fiatalember Bob Angliából származik, és ez az első alkalom az Oktoberfestményen is.
"Igazságosnak találja," egy hosszútűrött "oooo"-tal.
Ezt mondja nekem, miután megszabadította magát az "Maß" volt korábban.
Az egyik tűzoltócső mellett, amit mindenki a szemétdombokért követ el.
Szóval Bob az egyik olyan hírhedt "Wildbiesler."
Mások nem elég szerencsések ahhoz, hogy így elveszítsék az alkoholt.
8 órakor, a mentősök sokasága elfojtja a helyszínt, és a szegény bingerekhez fordul.
Az orvosok mindig a csomagokban jelennek meg - mindig négyen vannak egyszerre, és egy fedett hosszat hordanak a sátortól a sátorig.
Úgy működik, mint a legtöbb Wiesn látogatóval: Ha üres, kifelé mennek, és amikor tele van, visszajönnek.
Nem látod, ki van a BAC koporsóban.
"Azok, akik nem bírnak többé," kiabált az egyik mentősök, mikor megkérdeztem róla, eltűnik a tömegben.
A rendőrség által nevezett baleset áldozata
Egy 63 éves gyalogos nőt, aki a kórházban halt meg, miután egy járművel elütötték Essexben.
Carole Paulson, a Chelmsford Road of Brentwood, részt vett a balesetben péntek délután Shenfield Roadon a városban.
Elvitték a Queen's Kórházba, Romfordba, de később meghalt.
A baleset után egy 51 éves férfit letartóztattak a gondatlan vezetés gyanúja miatt.
Azóta kiengedték a rendőrségi óvadékra.
Törökország egyre nagyobb diplomáciai perspektíva
Már jóval azelőtt, hogy Törökország megpróbált csatlakozni az Európai Unióhoz, az európai hatalmak lelkesen behatoltak Törökország földjére.
A Bosphorus keleti oldalán, talán csak 20 lépést tett Ázsiába, az egyik legkiválóbb ereklye ennek a kudarcot vallott birodalmi ambíciónak.
A Hydarpasha vasútállomást két német építész, Otto Ritter és Helmut Conu tervezték a neo-renaissance stílusban.
Legalábbis ezt mondják az útmutatókönyvek.
Az épület lefoglalja a platformok végét egy torony minden első sarkán keresi az egész világot, mint valami tartományi német városház.
A kő mocskos.
Az egész épület kissé romlik.
De egyszer a páncélházban, nem kétséges annak a vállalkozásnak a nagylelkűsége, amelynek a legnyugatibb kapuja volt.
Az állomást 1908 augusztusában nyitotta meg egy német konzorcium, az Anatolia-Baghdad Corporation.
Németország, a birodalmi játék kései része, célja, hogy megvalósítsa a Közel-Keleten uralkodó törekvéseit a Damaskus, Bagdad, és azon túl, hogy mi a mai Szaúd-Arábia.
De Németország imperial ambíciói az első világháború alatt alapítottak.
Arab Lawrence megtámadta a vasútvonalait és az arab szabálytalanságait.
A környező régióból való relatív elszigeteltség, melyet a hidegháború fagyott határai okoznak, eltűnt.
A brit és uralkodó erők fejlődtek Egyiptomból, és kilökték a törökeket és a német szövetségeseiket Palesztinából és Szíriából.
És rossz hírem volt Hyderpasha állomásról is.
1917-ben egy lőszervonat felrobbant, ami tönkretette a kidolgozott tetőjét.
A török források szerint szabotázs volt.
Azóta lassan elfedődött, nagyrészt a történelem által áthaladt.
De ma, ez a vasúti kapu a Anatoliába és minden keletre, legalább szimbolikusan - szolgál, hogy kiemelje Törökország bővülő diplomáciai horizontját.
Az uralkodó igazságügyi és Fejlesztési Párt - az AKP - egy teljesen új külpolitikát alakított ki az ország számára.
A környező régióból való relatív elszigeteltség, melyet a hidegháború fagyott határai okoznak, eltűnt.
Most van egy új elkötelezettségpolitika.
Fontos, hogy a török kormánynak jó kapcsolatai vannak Izrael és Szíriával, a Hamas és Fatah palesztin frakcióival, Irakgal és Iránnal, természetesen az Európai Unióval és az Egyesült Államokkal.
Az új külpolitika paramétereinek méréséhez az Ankara török fővárosba mentem az éjszakára, hogy meglátogatjam az AKP egyik vezető külpolitikai szakértőjét, a török képviselőjét, Suat Kinikilioglu-t.
Másnap reggel - kb. 10 és fél órával később - egy olyan pályás utat követően, amely a híres The Night Mail dokumentumfilm régi világi pályáját hozta létre, új városként javasoltam, hogy hátat fordítsunk az Ottománnak.
De az AKP ismert iszlám gyökereivel paradigmaváltást jelent a török konszenzusban.
Ez gyanút keltett a Nyugaton, főleg Washingtonban.
Egy taxi vitt el az AKP főhadiszállásába, egy ultramodern kő- és acélszerkezetbe - egy fejlődő külvárosba, amely félépületű bevásárlóközpontok és energiapatizánok veszik körül, ahol középvezetők üzleti öltönyökkel - mind a férfiak, mind a nők - találkoztak, hogy a reggeli ajánlatokat készítsenek.
Suat Kiniklioglu közép- és jobb politikus lehetett volna a közel bármely más európai politikai párttól.
Öltöny, nyakkendő, biztos vagyok benne, hogy még egy Blackberry-t is csomagolt.
"A párt külpolitikájának célja, hogy Törökországot azonnali szomszédságába integrálja.
A hidegháború egy anomália volt," mondta nekem.
Törökországot kivágták a földről.
Ma keletről és nyugatra kellett néznie egyszerre.
Ez nem egy eset volt, vagy egy másik.
Mindkettőnek mennie kellett.
"De biztosan valamikor," kérdeztem, "Türki talán kénytelen lenne választani?"
"Török", azt mondta, "nem akartam szembeszállni ezzel a választással."
Ezt követően hangsúlyozta, hogy majdnem mindenki, akivel itt beszéltem, rothadt: Törökország kapcsolatai nemcsak a Közel-Kelethez, hanem a kaukázusihoz és a Fekete-tengerhez hasonlóan szolgálnak Európának és az Egyesült Államoknak, mint Törökországnak.
Mivel Törökország a fedélzeten van, úgy tűnik, hogy ez az üzenet Európa egésze metaforálisan tud vezetni azokkal a vasútvonalakkal kelet felé Ázsia és a Közel-Kelet felé.
Visszatérve a Hydarpasha állomásra, egy újabb, nagyrészt álmtalan éjszakát követően, arra a két német úriemberre gondoltam, Herr Ritterre és Herr Conura, akik végignézték, ahogy ezt az építkezést 100 évvel ezelőtt építették.
Mennyire meglepődtek volna arról, hogy Európa közel-keleti ambíciói most Törökország kezében lehetnek.
És ahogy vártam a terminálban, hogy a komp visszavigyen a Bosphoruson, arra emlékeztettem, hogy Törökországot azokban a napokban mindig "európai beteg embernek" nevezték.
Legalábbis nem tűnt kétségesnek, hogy melyik kontinensnek kell alávetnie ezt a lenyűgöző országot.
Élek emlékeztek: Vernon Handley és William Woodruf
Mark Brown így írja: Guildford zenei rendezője 1962-ben Vernon "Tod" Handy (obitary, Sept 11) volt felelős a Guildford Filharmonikus Zenekarért és a kórusért.
A köztársasági zenei tervének részeként a következő évben a Proteus csodálatos ifjúsági kórusát alapította.
A 2000-es évek alatt kellett volna lennie, de mire a Proteus 1979-es döntőjét énekelte, néhányan közülünk 20-as évek végén - nem adtuk fel a kórust.
A "Proteus" (a mitológiai alakváltozó) neve képviselte a kórus készségét és képességét, hogy megbirkózzon a zenével, akár madrigal vagy Messiaen, akár nélkülözhetetlen, akár teljes zenekarral.
Az ilyen ifjúsági kórus által termelt zenei sokszínűség gyakran meglepő, mindig izgalmas volt, és mindez annak az embernek az inspirációja és a zene iránti lelkesedése volt, amely az évek során teljesen állandó maradt.
Milyen gyakran mondta Tod, hogy "hagyd a zenét beszélni saját maga".
Azt mondaná: "A zeneszerző tudja, mit akar.
Minden benne van a zeneben.
Akkor énekeld el!"
A baton technika teljesen világos és pontos volt, bár soha nem diktatikus, és nem florid.
Bármi is a zenei szabvány, mindig magasabbra emelte.
John Frayn Turner a következőket írja:
Ha bármilyen karmestert lovagolhattak volna, az Vernon Handley volt.
A két évtized alatt jól ismertem, amikor 1962-től 1982-ig vezette a Guildford Filharmonikust.
Az elmúlt 40 év során több mint 100 koncertjét vizsgáltam, és őszintén elmondhatom, hogy soha nem voltam csalódott egyetlen - és sokszor inspiráltuk őket.
Tod Handy-nak ez a ritka kombinációja a nagyság és a személyes szerénység volt.
Utálta a karmestereket, akik szavai szerint csak "egy-két ismert háborús lovat ütöttek a világ körül".
Annyian hiányozni fog.
William Woodruff
John Beckett professzor a következőket írja:
William Woodruff (Sept 25) felsorolása szerint "19 1946-ban újrakezdte a gazdasági történelmet Oxfordban, és 1950-ben Houblon-Norman kutatótárs lett... miközben egyidejűen tanul a BSc, egy MA és egy PhD"-re.
Ez a Woodruff szerzőjének a Nab End-ben található jegyzetéből következik, de ez nem helyes.
1946-tól 1953-ig a Nottinghami Egyetem gazdasági történetének oktatója volt, amely során befejezte a brit gumiipar doktori tananyagát, amelyet J. D. Chambers professzor felügyelt, majd 1958-ban megjelent, mint The Brit Gum Industry.
1950-51-et töltött az Egyesült Államokban egy Houblon-Norman-közösségen, és 1952 nyarán Illinois, Harvard és New York egyetemén.
1953-ban a Nottinghamet végleg Illinoisnak hagyta el.
Woodruff miért úgy döntött, hogy átfényképezi pályafutása ezen részét, ismeretlen.
Vincent Resino a Filológia Karán
"Kívánom José Vicente Resino "Flamenco y vida" kiállítását, mert a fekete-fehér fotói, dokumentum stílusban készültek, rendkívüliek.
A képek felhívták a figyelmemet az egyszerűségük és az átvitelük miatt, és mindig különös figyelmet fordítottak az alanyoknak.
Egy kiállítás, ami mély érzést mutat.
Resino képes varázslatos pillanatokat lefogni."
Második támadás Honda szupersegélyéért
A Honda jövő novemberében elindítja a második Jazz modellgeneráció marketingjét.
Ha az előző modell már jellemezte a magas lakhatóság, ez az új minibusz van egy belső szélesebb tér.
Ezen kívül, felszerelt egy finom mechanika, amely növeli a vezetési kényelmet és engedélyt menteni üzemanyagot.
Evolúció a forradalom helyett.
Ez Honda Jazz második generációja.
Míg esztétikailag az új Jazz úgy néz ki, mint az előző modell, a kisbuszba hozott változások számtalan.
Többek között érdemes kiemelni innovatív designját, új platformját, nagyobb méretét és szép új szerelőket.
Mindenesetre, mielőtt az új modell elemzésére lépünk, hasznos lehet rámutatni, hogy ez az új Jazz csak hat évvel az első generáció bejegyzése után jön.
Ezért egy első megfigyelésnek meg kell fontolnia, hogy Honda ezt a modellt gyorsabban újította meg, mint általában a többi vállalat.
Még akkor is, ha Európában a Jazz modell kevésbé ismert, mint más piacokon, ez továbbra is jelenség marad az értékesítés tekintetében.
Ez a helyzet Japánban, ahol a Jazz 2002-ben volt a legmegfelelőbb autó, és 2008-ban is.
Éppen ott, majdnem egymillió egység Jazz eladta a modell kiindulásából.
A második piac az Ókontinens volt, kb. félmillió egység a hat év alatt értékesített.
Ezeknek a számoknak ellenére Honda úgy gondolja, hogy ez az új Jazz még nagyobb mértékben növeli értékesítését a szegmensben.
Tehát, ha 2007-ben a japán vállalat e modellből összesen 83 000 egységet értékesített, 2009-ben a becslések szerint mintegy 100 000 autó lesz, ami csak az európai piacon 17%-os értékesítést irányoz elő.
A spanyol piac tekintetében a Honda 2002 óta összesen 8000 jazzegységet értékesített, ami a spanyolországi vállalat teljes értékesítésének 6,7 %-át teszi ki.
Az új generáció közeledtével a spanyolországi vállalat felelőse egy éven belül körülbelül 2,000 egységnyi Jazzot fog eladni.
Az új Honda Jazz érkezése valószínűleg lehetővé teszi a spanyolországi értékesítések nagymértékben történő csökkentésével.
Sőt, a márkaért felelős személyek azt várják, hogy az év végéig 22 000 egység eladott, azaz 4,000 egység kevesebb, mint 2007-ben, 16%-kal csökkentve.
Az értékesítés növekedése ellenére a Honda növelte Spanyolországban a piaci részesedését is, elérve az 1,8%-ot az elmúlt évi 1,6%-kal.
Ugyanakkor a japán vállalat 2010-ben 2%-ra számít.
Ennek elérése érdekében Honda egy másik új modellben bízik.
Ez az Insight, egy hibrid 5 ajtós kompakt autó, 4,37 méter hosszú. A japán cég világszerte körülbelül 200 000 egységet kíván eladni a modellből, egy éven belül.
A piacok és a japán gyártók becslései szerint az Insight értékesítésének 50%-a az Egyesült Államokból származik, míg a fennmaradó 50%-a mind az Ókontinent, mind Japánból származik.
Az Insight kereskedelmi indítását jövő évre tervezik, röviddel azután, hogy a vállalaton belül januárban megjelenik Valenza.
Az első generációhoz képest az új Jazz teljes egészében nőtt.
Most 3,90 méter hosszúságú (öt centiméter több), 1,69 méter szélességű (két centiméter több) és 2,50 méteres interaxle, 5 centiméteres emeléssel.
1,52 méter magassága még mindig változatlan maradt.
A méretűvel együtt lakható belső tére az űrben nőtt.
Ez az előny elsősorban az új platformtól ered, másodszor pedig az üzemanyag tartály központi helyére történő bevezetésétől, egy, az előző Jazzban már elfogadott megoldás.
Továbbá a csomagtartó kapacitása - kettős alsó térfogat - 399 literre emelkedik, ami 19 liter nagyobb kapacitást mutat az első generációra nézve.
Megjegyzendő, hogy ezek a Honda Jazz 1.4 intézkedései, míg a csomagtartó 1,2-es modell kapacitása csak 379 liter.
Más fejlesztések - a külső elemeken kívül, mint például a hátsó vezetők vagy a panorámaüveg felépítésének lehetősége - a hátsó ülésekhez való jobb hozzáférést érintik.
Az ajtók, amelyek lehetővé teszik a hátsó ülésekhez való hozzáférést, 80 fokos szöggel nyitják meg az első modell 67 fokát.
Ezen kívül minden motor elég új ebben a második generációs autók.
A marketing idején ez a kis modell 1,2 vagy 1,4 literes benzinmotorral fog járni.
Mindkét mechanikai rendszer magában foglalja az i-VTEC technológiát, amely alacsonyabb üzemanyag-fogyasztást engedélyez, kevesebb szén-dioxid-kibocsátást termel, optimalizálja a mechanikai finomításokat, és ugyanakkor a nagy nyomatékú motort minden szakaszában fenntartja.
Az 1.2 literes változat eléri a 90 hp teljesítményt 6000 rpm-nél, a legnagyobb nyomaték 114 Nm-nél 4900 rpm-nél.
A meghajtásnak - amely az előző Jazzban elérte a 78 hp-t – csak 5,3 liter üzemanyagra van szüksége, és mintegy 125 gramm szén-dioxid-kibocsátást termel.
Az előző meghajtáshoz képest, amely az első generációs modellben 83 hp-t használt, az új 100 hp-t használhat.
A 100 hp-es 1.4-es jazz 5,4 liter üzemanyagot és 128 gramm szén-dioxidot kombinál.
Egy "bee-car", hogy elkerülje az ütközéseket
A balesetek megelőzésére szolgáló technológiák fejlesztése során Nissan ezúttal természetileg és különösen méhek inspirálta.
A japán cég egy robotot hozott létre, amely a méhek repülését utánozza, elkerülheti a baleseteket.
Ez a Bio-mimetikus Autó Robot Drive, vagy a BR23C, az első lépés az ütközések megelőzésére szolgáló projektekhez.
A Nissan Motor Co Fejlesztett Műszaki Központ mérnökei ezt a kis robotot dolgozták ki a Japánban a híres Tokiói Egyetem Tudományos Kutatási és Technológiai Központjával együttműködve.
Kazuhiro Doi, a Márkagazdálkodási, Kutatási és Fejlesztési Közkapcsolatok Főigazgatója szerint a BR23C a Nissan által termelt négy terület biztonsági pajzsának bővítése.
Ennek a robotnak a célja, hogy javítsa a vállalat által gyártott járművekben bekövetkezett ütközések megelőzésének képességét.
A repülés során minden méh saját ovális egyéni teret teremt, amely nagyon hasonló a Nissan által kifejlesztett biztonsági pajzshoz.
De a legfontosabb elem a méh vegyület szemei alkotják, amely minden irányba látható egy extra 300 fokos szögben, lehetővé téve a rovar számára, hogy repüljön, anélkül, hogy megszakadna a személyes térben.
A vizuális jellemzők újraindításához a mérnökök kifejlesztették, amit egy lézer locator (Laser Range Fine Fine Finder) definícióját.
Ez a mechanizmus 2 méteren belül észleli az akadályokat, és a BR23C előtt 180 fokig terjedő sugar, kiszámítja a távolságot az objektumtól, és jelt küld a fedélzeten lévő mikroprocesszornak, amely azonnal lehetővé teszi az ütközés megelőzését.
"Amikor egy akadályt észlel, a kis robot utánozza a méh mozgásait és az irányt azonnal úgy változtatja meg, hogy a kerekeket jobb vagy szélesebb szögben forgatja, hogy elkerüljék az ütközést.
A legnyilvánvalóbb különbség bármely meglévő rendszer, annak kitérő hatása, amely eredményeként teljesen ösztönös.
"Ha nem így lenne, a robot nem tudna elég gyorsan reagálni az akadályok elkerülése érdekében" – magyarázza Toshiyuki Andoh, a projekt Mobilitási Laboratóriumának igazgatója.
Egy méhtől eltérően a robot nem tud eltérni a felfelé vagy lefelé, vagy akár diagonálisan is. Csak két dimenzióban mozoghat, és a kerekei irányába fordulhatnak. Nyilvánvalóan nem futhat végtelen irányok és módok, mint a méhek.
Emiatt a Nissan a gyorsulási és lassulási funkciók mellett rotációs funkciót használt, hogy a kis robot elkerülhesse az ütközéseket.
"Ez az eszköz csak néhány másodpercen belül kezeli az új információkat, és ezekből az adatokból működik.
Nem szükséges semmilyen információt tárolni, vagy a korábbi mandátumok intuitív logikáját használni, ezért csak néhány tucat KB által biztosított megszakítás nélkül mehet.
Ez meglepő lehet, de mi nem gigabytesekről vagy mega memóriákról beszélünk."
Ez az első lépés az ütközések megelőzésére szolgáló új technológiák kifejlesztése terén, a 10 éven belül az autókban a Nissan reményeket vezetik be.
A robot lítium-polimer elemeket használ, amelyek könnyebbek és tartósabbak, mint a lítium-ion tipológiája.
A lehetséges jövőben további alkalmazást jelenthet e technológia integrációja a GPS műholdas navigátorral, hogy a járművezetőt egy meghatározott célállomásra vigyék, elkerülve az ösvényen járó akadályokat.
Kölcsönkérés előtti rezgés előtt
El kell ismernünk, hogy az Egyesült Államok Pénzügyminisztériuma, amely elég jó tőkével rendelkezik ahhoz, hogy cselekedjen, minden bizonnyal nem hiányzik a tehetség.
Mivel szembe kell nézni a válság, és megakadályozni, hogy az amerikaiak csalják szemetes hitelek bankok kétségei a fizetésképtelenség, hozta létre egy szórakoztató és oktatási játék az internet felhasználók. Ez a "Bad Credit Hotel".
Más szóval, a "Hotel of the rossz kredit"... vagy a problémák.
A hotel és különösen a fogadó aspektusa arra törekszik, hogy az emberek nem csak egyszer, hanem kétszer vagy még háromszor gondolkodjanak, mielőtt kölcsönt kérnének.
És mindenekelőtt arra gondolni, hogy hol jelentkezik, valószínűleg ez az elsődleges cél.
Természetesen ez a rendszer számos hasznos információt nyújt, de elég kevés részletet.
Sokkal több a tizenévesek számára, mint a nyilvánosság számára.
Mi lesz, ha befejezed a játékot?
Nos, egy álomszoba jelenik meg a hotelben.
Ez még mindig valami, mert a ház vásárlásáról... jobb, ha elhagyod.
Morgan Stanley kinyitotta fővárosát a MUFG-nek.
Morgan Stanley bejelentette belépését a Mitsubishi UFJ Financial Group (MUFG) asztali körébe, Japán első bankjába, amely kilenc milliárd dollárt fog költeni, hogy 21%-át kapja meg a részvényár-csökkenés.
Egy héttel az ideiglenes megállapodás megkötése után a két bank kifejtette, hogy a MUFG 9,9%-át a Morgan Stanley részesedése 25,25 dollár, összesen 3 milliárd dollár.
Az értékesítési ár az értékpapírok értékének kevesebb mint 19%-a augusztus 31-én.
A MUFG többlethat milliárd dollárt fog befektetni a 10%-os biztosított hozamot biztosító konverziós címek beszerzésébe, és 31,25 dolláros átváltási árral.
Morgan Stanley megerősítette, hogy az összes művelet 29 dollár átlagos egységáron alapul, vagy 28%-kal magasabb a jelenlegi áron.
Morgan Stanley-nek azonban 6,79%-kal kevesebb, mint 23,07 dollárja van: 17:00 GMT.
"Ez a stratégiai szövetség fontos lehetőséget jelent Morgan Stanley átállásának felgyorsítására a banki státuszra" – mondta John Mack, az amerikai csoport vezérigazgatója.
Morgan Stanley a múlt héten elfogadta ezt az új státuszt, ami lehetővé teszi a tevékenységének diverzifikálását, de át kell jutnia a Szövetségi Rezervátum hatáskörén.
Az MUFG-vel való szövetsége is megerősíti, hogy a jelenlegi pénzügyi válság arra kényszerítette a legnagyobb nevet a Wall Streeten, hogy sokkal óvatosabb magatartást fogadjon el, mint korábban.
A hétfőn bemutatott szabályok azt mutatják, hogy a megállapodást a közelmúltban módosították: az előző hétfőn Morgan bejelentette, hogy a japánok részvényeinek 20%-át mintegy 8,5 milliárd dollárért fogja eladni.
"Egy héttel ezelőtt Toshihide Mizuno, az MUFG igazgatója Tokióban," gondoltuk, hogy a részvétel teljes mértékben közönséges részekből áll.
De figyelembe véve a gazdaság és a piac jelenlegi állapotát, reméltük, hogy minimalizáljuk a kockázatokat, és megvédjük a hátunkat."
A MUFG súlyozott átlagára alapján Morgan Stanley értékpapírjai 7% alatti könyv szerinti érték.
A tranzakció pedig a részesedés 20%-át fogja hígítani.
A megállapodás előírja, hogy az MUFG évente az előnyben részesített értékpapírok felét rendes részvényekké alakíthatja, ha ezek az átváltási ár több mint 50%-kal magasabbak, egy adott időszakban mintegy 47 dollárral.
Morgan Stanley biztosította, hogy az MUFG által biztosított tőke lehetővé teszi a befektetési lehetőségek megragadását, a mérleg megerősítését és a likviditás növelését.
a csoport szóvivője azonban megtagadta a részleteket a két új szövetséges stratégiai projektjéről.
A MUFG beruházása után Morgan Stanley a mintegy 15%-os tőkearányt előrejelzi, amely az ipar egyik legjobbja.
Morgan azt mondta, "jelentősen" csökkentette a mérlegét augusztus végéig.
A legutóbbi hetek nehézek voltak a csoport számára, amely a részvényára fele megolvadt, míg a biztosítási költségek az adósságát érintő fizetésképtelenség kockázata ellenében megnőtt.
Ez a költség hétfőn csökkent, de 12% körüli, új magas szinten maradt.
Múlt héten Goldman Sachs, az egyetlen túlélő nagy befektetési bank a Wall Street után Bear Stearns és Lehman Brothers és Merrill Lynch megszerzése bejelentette, hogy 15 milliárd dollárt emelt fel, részben Berkshire Hathaway, a csoport Warren Buffett.
Rafael Correa a Tipo-ban hétfőn.
A XXI. századi szocializmus újjáépítése a Köztársaság körül.
Ez a Venezuelai Hugo Chávez, az Evo Morales Bolívia és az Ecuadori Rafael Correa közös projektje.
Vasárnap, mint a társai és barátai, a harmadik, hogy szavazzon egy új alkotmánytervezetre.
A választottak 64%-a a népszavazásra igennel szavazott, a szavazatok 80%-án alapuló hivatalos eredmények szerint.
Az eredmények alapján a "nem" 28%, a szavazatok 7%-a érvénytelen volt, és 0,7% volt üres szavazat.
Az alkotmánytervezet elfogadása érdekében a szavazatok felét meg kell kapnia.
Vasárnap két szavazóállomáson kívüli szavazat és egy nem kormányzati szervezet nagy győzelmet jelentett be a 63% és 70% között lévő "igen" tartományból.
Rafael Correa azt állította, hogy vasárnapról hétfőre az alkotmánytervezetének a győzelme volt.
Az "egyezmény győzelmet nyert olyan nagyra," biztosította, dicsérve az Ecuador főhadiszállás a Guantánaiában, 280 km-re délnyugatra a Quito.
Természetesen Rafael Correa-t Chavez és Morales gratulálta, de chilei partnere, Michelle Bachelet is.
Az amerikai államok Szervezetének (OAS) felügyelete alatt békésen lefolytatott, 444 pontra kiterjedő, az elnök által támogatott "új szocializmust” erősítő felmérés.
Az alkotmánytervezet az államnak a gazdaság feletti hatalmát a külföldi vállalatok olajkitermeléséből és a bevándorlókhoz küldött külföldi pénzből álló ország "fejlesztési tervezéséből" őrzi.
A projekt 2006-ban megválasztott Correa Buoyed nagyobb hatásköröket is biztosít az államfőnek, amely két egymást követő négyéves feltételig bírhat, és képes lesz feloldani a Közgyűlést.
Correa már bejelentette, hogy 2009 februárjában új mandátum megszerzésére fogja használni ezt a hatalmat.
Az Alkotmány továbbá megerősíti a szabad egészségügyi szolgáltatások és oktatás elvét, amelyet az elnök elkezdett létrehozni ebben az országban 13,9 millió lakos, ahol a lakosság 50%-a a szegénységi határ alatt él.
Azt is előírja, hogy a külföldi csapatok jelenléte tiltja, amely megszünteti a Quito és Washington közötti megállapodást az Ecuador felhasználásáról az Egyesült Államok kábítószerellenes műveleteiben.
A 19 túszt elengedtek Tádban.
Egy egyiptomi kommandós csapat támadást indított a tizenegy turista rablói ellen, és a nyolc kísérőjük tíz nappal ezelőtt.
Kairóban vannak.
A tizenegy európai turistát és nyolc egyiptomi kísérőjüket tíz napig fogságban tartották a sivatagban, hétfő délután kártalanítva tértek vissza az egyiptomi fővárosba.
Reggel egy egyiptomi kommandós szabadon engedte őket Chadban.
Úgy tűnik, hogy a túszok 1530 óra körül érkeztek egy különleges gépre az al-Maza katonai bázisán, a nemzetközi Kairói repülőtérhez csatolva.
Azonnal átvitték őket, anélkül, hogy beszélnének a sajtóval, helikopterrel a Maadi-i kórházba, egy Kairói lakóvárosba, hogy vizsgálatokat végezzenek.
Ők "jó egészségükben" vannak, és "nem fizettek váltságdíjat" a rablóknak, kijelentette az egyiptomi turizmusért felelős minisztert, Zoheir Garanna-t, a tarmacra.
Szeptember 19-én egy 4x4-es szafari alatt, Egyiptomgal, Szudánnal és Líbiával határon az Ouanat hegy lábánál e túszcsoportot egy bujkából a másikba dobta 35 emberrablók.
11 turista - öt olasz, öt német és egy román -, és nyolc egyiptomi: két útmutató, négy vezető, határőr és az ügynökség igazgatója Aihous, szervező a szafari.
Egy egyiptomi biztonsági tisztviselő azt mondta, hogy a különleges erők 30 tagja, két helikopteren vitték el a támadást az éjszaka alatt, közvetlenül hajnal előtt.
"Egy tűzcsere következett, és a fél rablót megölték, a másik fele megszökött" – mondta a hivatalos, aki anonimitást kért.
Azt mondta, hogy az egyiptomi különleges erők 150 tagját "hard válasz" egy egész Szudánba küldték, ahol a német és olasz parancsnokok támogatásban részesültek.
Franco Frattini olasz diplomáciai testületének vezetője Belgrádban, ahol jelenleg van, említette a különleges erők olasz titkos ügynökeinek és elemeinek szerepét.
"El kell ismernünk, hogy ezt az eredményt a titkos szolgálatokból származó férfiak szakmai és hatékonysága révén, a különleges erőktől," mondta, további részletek nélkül.
És megtagadta a váltságdíj fizetését is.
Az előző napon a szudáni hadsereg azt állította, hogy elfogott egy 4x4 járőrt, amelynek fedélzetén a rablói voltak, akik hatot gyilkoltak, beleértve a csádi fejet is, és letartóztattak kettőt.
A hadsereg azt állította, hogy egy Darfuri lázadó csoporthoz, a Szudáni Felszabadító Mozgalom-Unityhoz kapcsolódnak, amit ez a mozgalom azonnal elutasított.
Levél - A kultúra csendes többsége
A kultúra finanszírozásáról szóló vita a főcímek lettek, és összevonta ezt a választási kampányt.
Jó.
De a kulturális életünk egyik szektora mindig elfelejtett.
Ki fog előállni a kis múzeumok, archívumok, régészi vagy nemzeti történelmi helyszínek nyomorúságának elítélésére?
Melyik politikus mer emlékeztetni a szövetségi kormányt, hogy elhanyagolja az emlékműveit és az örökség épületeit?
Quebecben, Kanadában, nincsenek valódi törvényeink, amelyek hatékonyan megőriznék örökségünket?
Tudtad, hogy a francia kormány három és fél millió eurót szentel a Loire-völgyben lévő Chinon kastély helyreállítására?
Amerikai szomszédaink országuk alkotmányában írták, hogy az örökség védelme az amerikai kultúra része, és az ilyen örökséget minden polgárnak, az összes megválasztottnak és az összes kormányosztálynak meg kell védenie, és ezt együttműködésben.
Québecben a Québec történelmének szövetsége, legalább 40 000 önkéntest csoportosítottak a történelem, az örökség, az archívum és a posztfigurák ügynökségeibe a történelem kutatása, kevés pénzzel, magánarchívumok halmával és az arheológiai maradványok megőrzése érdekében.
Gyakran a mi örökségünk órái, akik a kétségbeesés energiájával tiltakoztak, amikor a fejlesztők és a konstruktorok a régi épületeink ellen indítják a buldózereket, és elfeledkeztünk.
Mikor lesz fórum a történelem és az örökség számára?
Fortis bank, részben Benelux-kormányzatok által honosított
A Benelux államok segítik Fortis-t, a belga-Dutch bankot, amely az amerikai kölcsönzési válság utólagos hatása miatti első európai pénzügyi intézmény, egy részleges állami felvásárlással. A három ország megállapodott abban, hogy 11,2 milliárd EUR-t fecskendezze be a magyar érdekű bank- és biztosítótársaságba.
E hét végén a belga, a luxemburgi és a holland kormányok a legmagasabb szinten konzultáltak ezzel a kérdéssel, és bevonták az Európai Központi Bank elnökét és az Európai Bizottság versenyügyi biztosát.
Az euróövezeten belül a Fortis az első olyan bank, amely az elmúlt tizenkét hónapban hullámokban közeledik a nemzetközi pénzügyi válsághoz, ezért bizonyos szempontból a döntéseket precedensnek lehet tekinteni.
A vasárnap este hozott határozat értelmében minden kormány 49 százalékos részesedést fog kapni a Fortis bankokban az adott országban.
A bank minden bizonnyal eladja a részesedéseinek egy részét, különösen a biztosítási tevékenységeket, amelyeket tavaly a holland ABN Amrotól vásárolt.
A Fortis részvényei a múlt héten kezdtek mélyre esni, majd a hét második részében egy súlyos válság jelei jelentek meg a cégnél.
Az elemzések szerint a bank - 85 000 alkalmazottjával - túl nagy ahhoz, hogy csődbe kerüljön.
A bank részvényei pénteken 12%-kal csökkentek, ami 14 évig a rekord legalacsonyabb szint.
A részvények értékét január óta kétharmada csökkentette.
Tekintettel a jelenlegi részvényárakra, a csoport teljes piaci tőkeértéke körülbelül 14 milliárd euró. A vállalati igazgatók azonban azt mondják, hogy ez nem tükrözi a valóságot.
Az irányítás a tengerentúli bizonytalanságot okolja, ami a 700 milliárd dolláros amerikai csomag elfogadásával kapcsolatos, Fortis részvényeinek csökkenésével kapcsolatosan.
A készletek hétfőn kissé emelkedtek.
Filip Dierckxet pénteken nevezték ki a bank új vezető tisztjének.
A pénzügyi intézmény magán vevőket is keres, de eddig nem nyújtottak érdemi ajánlatot.
A belga kormány korábban kijelentette, hogy a befektetőknek nincs okuk aggódni, nem veszítik el a pénzüket.
Eddig nem merült fel pánik a bank ügyfelei között; nem történt banki sietség.
A Fortis Magyarországon saját banki létesítménysel rendelkezik, és a bérleti társaságokat is megvásárolta.
Fox a tyúkházban
Az amerikai élet- és egészségbiztosítási vállalatok gyakran nem hajlandók bizonyos polgároknak biztosítást adni a kábítószer-vásárlási adataik miatt.
Az adatvédelmi szakértők attól tartanak, hogy az adatpiac irányíthatatlanná válik.
"On egy adatvédelmi program, amely megköveteli az érintett személy engedélyét a gyógyszerre vonatkozó adatok használatához.
Függetlennek kell lennie, különben a róka őrzi a tyúkházat", a The Washington Post idézések Richard Dick, a gyógyszerre vonatkozó program fejlesztője.
A biztosító társaságok döntenek a biztosítási díjról és a kártérítés esetén fizetendő összegről, a kérelmező ügyfél egészségi állapotától függően, és ha túl kockázatosnak tartják, nem nyújtanak biztosítást.
Az alkalmazott ügyfelek orvosi vizsgálatot végeztek, és a szerződést csak a szűrési eredmények fényében kötötték meg.
Dick 10 évvel ezelőtt sokkal olcsóbb módszert fejlesztett ki: az ügyfél azonosítószáma alapján az ügyfél által az elmúlt 18 hónapban megvásárolt drogtípus könnyen felderíthető, így a program saját maga tudja lerajzolni a következményeket a betegségekkel kapcsolatban, amelyeket a kérelmező szenved, valamint az egészségi állapotuk.
Például akkor, ha rendszeresen vásárol nagy adag koleszterincsökkentő gyógyszerek gyakorlatilag utal arra, hogy a vevő nem kezelhetően magas vérzsírszintet, amelynek eredményeként ez a személy azonnal egy magasabb kockázati kategóriába kerülne.
A program különböző változatokkal rendelkezik a kereskedelemben, némelyikük még a kockázati tényezőt is meghatározza, így a biztosítótársaságnak nincs más dolga, csak a papírmunka, bár kisebb nehézségek merülnek fel.
Az egyik hátrány az a tény, hogy egyes gyógyszerek használhatók több célra, például egy orvosi képlet a migrén, hőhullámok vagy akár depresszió kezelésére.
Az utóbbi jelentős kockázatnövekedést jelent a vállalkozási biztosítók szemszögéből, míg a másik kettő nem.
Vannak bizonyos vállalatok, amelyek az adatok beszerzésével és feldolgozásával foglalkoznak, és engedélyt kérnek a betegtől, mielőtt megkapják a szükséges információkat a gyógyszertáraktól.
Ezt már most is meg kell tenniük, bár az előző hibáikat nem büntették meg.
Egyes vállalatok még a laboratóriumi vizsgálatok eredményeit is kezelik, és a kábítószer-fogyasztási adatokkal kapcsolják össze. Így pontosabb információkat tudnak nyújtani a betegek egészségi állapotáról.
Egyre több vállalat hozzáfér az adatokhoz, és ezzel párhuzamosan egyre nehezebbé válik a felhasználásuk ellenőrzése.
Az egészségügyi adatok védelméről van külön jogi aktus, de alkalmazási köre csak az egészségügyi ellátást nyújtókra és a biztosítókra vonatkozik.
Az adatszolgáltatással foglalkozó vállalatok esetében a hatóságok ellenőrzési hatáskörének biztosításáról szóló törvényt benyújtották a Kongresszusnak.
Dick Richard rájön, hogy ez nem elég: ezért fejlesztette tovább programját, amely most korlátozná az adatátvitelt az érintett személy kifejezett hozzájárulásának igénye tekintetében.
Egy másik kérdés azonban, hogy a kérelmező nem tagadhatja meg igazán a hozzájárulást, különben a biztosítótársaságok nem kötnek szerződést velük.
Tehát a tyúkok bizonyos mértékben továbbra is függnek a róka jóindulatától.
Globális Marseille menü
Az Európai Unió és India kettős kereskedelem
Mivel az Európai Unió és Indiá vezető kereskedelmi partnerei egymásnak, a kilencedik csúcstalálkozó napirendjét más, főként globális problémák mellett is uralta a kérdés.
Ma Franciaország–India csúcstalálkozót is tartanak, különösen az atomerőmű együttműködésével kapcsolatban.
Bár az Európai Unió felismeri, hogy Indiá feltörekvő demokratikus világhatalom, amelyet többet kell adni a nemzetközi ügyekben, a tagállamok még nem tudtak megállapodásra jutni, hogy támogassák-e az Új Delhi állandó tagságát az ENSZ Biztonsági Tanácsában vagy sem.
Ezért ezt az ügyet a tegnap Marseille-ben szervezett kilencedik csúcstalálkozó alatt nem kényszerítették.
A francia elnök Nicolas Sarkozy, mint az Unió elnöke, José Manuel Barroso elnök és Javier Solana külpolitikai elnök üdvözölte Manmohan Singh indiai miniszterelnököt, és egyetértett abban, hogy az 5 év alatt több mint 100 milliárd euróra emelkedik a kereskedelem áramlása.
Mivel 2000 és 2007 között 25 milliárdról 55 milliárdra emelt áruk cseréje nem túlságosan ambiciózus célkitűzés.
Ennek megfelelően az Indiával meglévő 26 kétoldalú polgári légiközlekedési egyezményt jogilag harmonizálták, ami azt jelenti, hogy a légi közlekedés a jövőben szárnyalhat.
India célja, hogy 2009 végéig aláírja az Unióval kötött szabadkereskedelmi megállapodást.
Sarkozy megígérte, hogy felgyorsítja a harmonizációt.
A cél az, hogy megtaláljuk az egyensúlyt, míg India az EU egyik kereskedelmi partnere, ugyanakkor New Delhi-nak csak a kilencedik helye van az uniós partnerek listáján.
A csúcstalálkozó a globális kérdésekre összpontosított:
Afganisztánban és Pakisztánban, valamint a terrorizmussal kapcsolatban mindkét fél minden formájában elítélte őket, és az ENSZ-konferenciát összehívta.
A Doha kereskedelmi kör befejezését is felgyorsították, bár eddig mindkét fél felelős a fiaskóért.
Az EU megerősítette energia- és éghajlat-programjának fenntartását, ami azt a szándékot jelenti, hogy 2020-ig legalább 20 százalékkal csökkentse a levegőszennyező anyagok kibocsátását.
India ezzel egyetért, valamint azzal a céllal, hogy a jövő évi jövõ éghajlat-konferencián globális megállapodásra jusson, és 2050-ig 50 százalékkal csökkentse az üvegházhatást okozó gázok kibocsátását.
Egy másik cél az élelmiszerárak növekedésének megelőzése, valamint a pénzügyi válság felülvizsgálatára irányuló nemzetközi konferenciára irányuló felhívás támogatása volt.
Az indiai miniszterelnök ma kétoldalú találkozóra megy a francia fővárosban, ahol megállapodásra akar jutni az atomenergia békés használatáról.
Párizs elvárja, hogy a francia vállalatok 20 milliárd euró értékű szerződést kapjanak az Indiában a nukleáris reaktorok építésére.
A hírügynökség tájékoztatása szerint a megállapodás 15 évig hatályban lenne.
Frankfurtban több mint háromszáz olasz szerkesztő
Az olasz szerkesztők erős jelenléte Frankfurtban a Nemzetközi Könyvvásáron.
Több mint háromszáz olasz szerkesztő lesz a Buchmesse hatnegyedik évfordulóján, a szerzői jogcsere legfontosabb nemzetközi eseménye.
A Frankfurt-i Nemzetközi Könyvvásár erre az alkalomra több mint hétezer kiállítót vár 101 különböző országból, akik a Mess 171 790 méter négyzetméternyi földet fognak elfoglalni több mint 403 ezer címmel, és Törökország a megtiszteltetés vendége lesz.
Francesco Maria Giro, a Kulturális Örökség és Tevékenységi Minisztérium államtitkára képviseli az olasz kormányt az olasz pavilon beindítási ünnepségén: Olaszország is jelen lesz egy olasz standban 264 méter négyzetméteres intézményként.
A következő sajtótájékoztatót tartják a Buchmesse Pavilion 5.0-i Szoba Strukturán: ez lesz az alkalom, amikor a számadatokat, tendenciákat és az olasz kiadóipar állapotát mutatja be.
Az adatok szerint a külföldi írók által az olasz termelésben fokozatosan csökkenő jelentősége van, különösen a felnőttek és a gyermekek számára.
Megtaláltuk Steve Fossett repülőgépét, a milliomos egy éve eltűnt.
Steve Fossett repülőgépének roncsát, a 2007. szeptember 3-án eltűnt milliomost, a Nevada-sivatag felett repülve megtalálták.
A roncs a 3000 méter magasan, a Sierra Nevada területén Mammoth Lakes, a határon Kalifornia és Nevada.
A repülőgépen belül azonban nem voltak emberi maradványok.
A Madera megyei seriff, John Anderson, elválasztott minden további kételyet: "A repülőgép található, küldtünk egy csapatot, és most megerősítettük, hogy ez az, amelyen Steve Follet repült azon a napon, amikor eltűnt" mondta egy sajtótájékoztatón.
Ezt követően a seriff rámutatott, hogy sem a gépen, sem a környező területen nem találtak maradványokat.
A 63 éves milliomost februárban lemondták a halálról.
Az Amerikai Nemzeti Közlekedésbiztonsági Iroda (NTSB) bejelentette, hogy néhány órával a roncs kiszúrása után egy nyomozó csapatot találtak, amely azonosította a repülőgépet: a Bellanca 8KCAB, amely 2007 szeptember 3-a óta eltűnt, amikor Fossett három órás járatra indult Yeringtonból Nevadában.
Tegnap, mindig Kaliforniában, nem messze a határtól Nevadával, Fossetthez tartozó néhány személyes tárgyat egy pár talált a házuk közelében Mammoth Lakes.
A tételek két dokumentum a Fossett nevében, mind a Szövetségi Repülési Administration of Illinois, egy kis készpénz, és egy pulcsi.
A Fossett keresését egy hónappal az eltűnése után lefújták.
A milliomos szerzett magának egy helyet a történelemben egy sor világfeljegyzésnek köszönhetően.
2002-ben, a hatodik kísérletekor, ő lett az első, aki befejezte a világkirándulást egy forró léggömbben: egy két hetes szólórepülésben.
Három évvel később a világbajnokság körül lépett repülővel leszállás nélkül.
Számos feljegyzése között 15 445 méteren, az Andok felett, de társpilótával is repül.
Glk, a reklám, amely nem vár rád
Egy SUV, amely a normákon kívül van, a döntő vonalak, a bőséges felületek és a tiszta vágott sarkok által meghatározott eredeti tervezéssel rendelkezik.
Röviden, ez GLK, a legújabb kiegészítése a "kompact" off-road járművek a csillagképű gyártó, amellyel Mercedes-Benz megpróbálta egy lélegzetet friss levegő ebben az ágazatban.
A GLK SUV bevezetését kísérő üzenet is váratlan és nem hagyományos, ezért a Mercedes-Benz műsortermekben október 17-től kezdődően elérhető lesz.
Így az új jármű debütálását kísérő reklámkampány egy új kommunikációs módszert indít el, amely magában foglalja a 3D-s táblák futuristáját is, amelyet Olaszországban először egy autó márkája használt.
A három különböző fázisban indított nagy táblákról készült projekt, amely a legközpontibb Milánói bevásárló utcát, Corso Como-t fogja uralni november 15-ig.
Az új kommunikációs típus első szakasza a sztereoszkóp látomású autó bemutatásával kezdődik, és a Corso Como szomszédságában elhelyezett különleges szemüvegnek köszönhetően az új SUV-t valódi méretben és 3D-formátumban láthatjuk majd.
Sőt, ha megnézzük a képet, az az érzés, hogy az autó kikerül a plakátból.
Ezt követően az új GLK valamennyi részletét az innovatív technológia 8 segítségével különböző időkben megvilágítják, majd egyetlen képként újra összeállítják.
Kétségkívül Mercedes ezen a reklámon keresztül valami újat próbál bevinni az autós reklám hagyományos területére.
Sikerülni fog ezzel a képlettel, hogy provokálja a jövőbeni vevők érdeklődését?
Itt vannak az olasz huligánok.
a Tri-Veneto-ból, amely tiltható a sportfelszerelésben való részvételtől (Daspo).
De kik azok a 150-200 ember, akik közül Olaszország most szégyelli? Ők a csoport "Ultras Italia", akik évek óta támogatják a nemzeti futballcsapat, és mindeddig, az igazat meg kell ismerni, még soha nem teremtett komoly problémákat.
És még soha nem ütközött az ellentétes rajongókkal.
A csoport kivonása jobb szárnya.
A promóciósok Tri-Venetóból származnak.
Verona-ból, Paduából, Trieste-ből és Udine-ból.
Ezeket néhány kis csoport (valóságban nagyon kevés tag) csatlakoztatta Campagniából és Pugliából.
Háromszínű zászlójuk van a militánsok származási városával: szombaton ezeket levonták, így nem tudták azonosítani.
Az angol rajongóktól veszik fel az ötleteiket.
Bulgáriában olyan támogatókat találtak, akik igazi nácik voltak, a Levski csoport.
A FIGC az olasz rajongók rendelkezésére bocsátotta 144 jegyet a mérkőzésre: minden személyes, így könnyen ellenőrizhető.
A Viminale-i belügyminisztérium pedig mindet ellenőrizte: ezek közül a csoportok közül, akik Sofiába mennek, egyiket sem tiltották meg, senki sem tiltotta meg, hogy gyakori legyen a stadion.
Négy olasz támogatót, akiknek korábbi stadionokkal kapcsolatos bűnei voltak, visszautasították a jegyeket, és megmaradtak a forgalomtól.
Most a belügyminisztérium vár arra, hogy elolvassa a hivatalos feljegyzéseket, amelyeket a bolgár rendőrségtől kell érkeznie, mielőtt lépéseket tesz: ebben az esetben legalább öt évig be lehet tiltani a letartóztatott támogatókat vagy a zavarok idején azonosítottakat.
Egy nemzetközi tilalom, amely nemcsak Olaszországban, hanem egész Európában tiltja a stadionok részvételét.
A huligáink röviden nem léptek be egy másik stadionba.
Szerencsére.
De most van félelem az emulációtól, hogy mások is csatlakozzanak ehhez a kevés százötvennél is.
"Természetesen ki kell állítanunk ezt az összeesküvést és nem legitimálnunk azokat, akik ilyen módon viselkednek" – állítja a minisztériumot Viminale-ben.
Tehát, "különösen nyitva vannak a szemek, mivel szerdán a Nemzeti Csapat játszik a Lecce-ben".
Pugliában van egy kis Ultras Italia támogatóinak magja.
Holnap a Megfigyelő, kedden, a CASMS, amely számíthat egy része az AISE, azaz a titkos szolgáltatás, amely pontosan kezeli a problémák a stadionok.
"A kórus Duce-Duce és a karja kinyújtott a mameli himnusz alatt?" Bulgáriában ez nem bűn..."
Ezek a gondolatok (kifejezett nagy csalódás) Domenico Mazzilli, aki néhány héttel ezelőtt, az igazgatója a Viminale (elõször a poszt volt a Francesco Tagliente, majd Felice Ferlizzi).
Az előző részek tartalmából Mazzilli a rendőrség vezetője volt Trieste-ben, ahol 2002-ben alapított Ultras Italia támogatóinak nukleusza van.
Igaz, Mazzilli szerint Bulgáriában nem bűn csillogó himnusz a Duce-nak, de ezeknek a 150-200 rajongóknak a viselkedése gyalázatos volt.
"Nem vagyok szociológus - hozzáadja a n.1 a Megfigyelő - a bűncselekményt kell tulajdonítani abban az országban, ahol az incidens történik.
Mostanáig ez a csoport a sorokon belül maradt, most pedig meglátjuk, mi történt valójában, és értékelni fogjuk a jövőbeni hivatkozást.
De beszéljünk a mameli himnuszról is: ez nem is bűn Bulgáriaban, de ha megengedem, hogy elmondjuk, ez nem jó szokások ...".
