Pravý populistický triumf v Rakousku, mají celkem 29 %
Podle prvních předběžných výsledků prvních parlamentních voleb v Austrálii přineslo v současné velké koalici pochopitelné oslabení obou stran a významné posílení pro pravé populistické strany.
Austrálská lidová strana (ÖVP), kde poloha současné hlavy Wilhelm Molterer, je vážná, trpěla obzvlášť velké ztráty.
Naopak, vůdce kampaně Aliance pro budoucnost Rakouska (BZÖ), Carinthian Guvernér Jörg Haider, připravuje triumfální návrat k národní politice.
Podle předběžných výsledků zůstává Sociální demokratická strana (SPÖ) nejsilnější v zemi s 29,8 procentem hlasování, avšak od posledních voleb v roce 2006 ztratila 5,5 % hlasů.
ÖVP, který s 25,6 procentem ztrácí téměř devět procent hlasů, je ještě horší.
To jsou nejhorší výsledky obou velkých stran v austrálské poválečné historii, a zejména pro Lidskou stranu, která naléhala na dřívější volby, je to doslova katastrofální výsledek.
Počátkem července, když ÖVP opustil koalici, lidská strana stále měla významný průkaz na SPÖ ve studiích.
Hlasy je však zřejmě potrestaly za to, že nechaly vládu pálit.
V prvních reakcích na výsledky již existovaly spekulace o možném opuštění hlavy strany a současného zástupce kancléře Wilhelma Moltera.
Pozorovatelé předpokládají, že se to může stát tak brzy, jak na mimořádném setkání vedení strany v pondělí.
Takový vývoj by určitě zjednodušil cestu k nejpravděpodobnějšímu návratu z výsledků voleb, což je obnova velké koalice SPÖ a ÖVP.
S ohledem na posílení pravých populistických stran - Svobodná strana (FPÖ) získala předběžný 18 % a BZÖ jedenáct procent hlasů - avšak současně Sociální demokraté vyjadřovali strach z opakování roku 1999, když se Lidská strana v té době stále shodla s populisty (FPÖ byla sjednocena, rozešla se od BZÖ v roce 2005) na společenskou vládu, která nakonec vyvolala sankce z Evropské unie.
Haider, který již oznámil, že je připraven pracovat spolu s každou stranou a předpokládá, že se vrátí do Vídeň do národní politiky, je očividně bankovní na tomto vývoji.
Zelená strana se také dostala do Parlamentu, ale utrpěla malé ztráty a spadla ze třetího až pátého místa mezi austrijskými politickými stranami.
Zjevně žádná z ostatních stran nepřekročila čtyři procentní známky a vstoupila do Parlamentu.
Schwarzenberg: Vztahy s Indií by mohly zhoršit
Podle ministra zahraničí Karela Schwarzenberga, pokud nebude možné vyřešit problém českých vědců obviněných v Indii ilegálním sbíráním beetlů, mohlo by se stát určité zhoršení českých a indických vztahů.
Ministr udělal toto prohlášení v New Yorku po dnešním setkání s jeho indickým kolegou Pranab Mukherjee.
"Pokud to není vyřešeno, pak ano, došlo by k nějakému zhoršení," řekl po schůzce, která byla zahájena z české strany.
Po jednáních Mukherjee řekl, že pro výkonnou odbočku je obtížné zasahovat do soudních záležitostí.
Nicméně řekl, že v případě Petra Švače, který byl vyloučen z obvinění a potrestán trestem, může centrální vláda vyjednávat s místní vládou v Darjeelingu, pod jurisdikcí, o kterém tato záležitost patří.
"Jeho problém by mohl být vyřešen," řekl ministr.
Podle Mukherjee by bylo nejlepší pro Emila Kučeru, který byl odsouzen do tří let ve vězení, navštívit vyšší orgány.
Pak může požádat, aby byl propuštěn na kauci a čekal na rozsudek mimo vězení, vysvětlil.
Schwarzenberg potvrdil, že jeho partner to také řekl během jednání.
"Doporučuje přivolání k vyššímu soudu, pak by bylo možné mu odpustit," řekl český vůdce diplomace.
Jediný způsob, jak česká strana může být začleněna do celého tématu, je poskytnout odsouzeným osobám "kompetentní právní podporu", řekl indický ministr.
Současně řekl, že indiánská strana je již poskytuje s pomocí tohoto typu.
"Je to v našem největším zájmu, abychom zachovali nejlepší vztahy s Indií, které mají dlouhodobou tradici.
Indiáni to také přiznávají," řekl Schwarzenberg.
Zároveň, jak řekl české tiskové agenturě, zdůraznil před svým partnerem, že Česká republika věnuje velký význam problému českých entomologů.
"Vážně se domníváme, že zatčení a obvinění těchto českých vědců je hlubokou chybou," prohlásil.
Ministr se vyhýbal odpovědí na otázku, zda dostal z indické strany slib, že to bude řídit.
Řekl jen: "Mám už několik slibů."
České rejstříky bitva o oceánové podlaží
Postupuje k elektronické zdi, která zobrazuje Austrálii a okolní mořské oblasti.
Nezajímá se však o kontinent, ale v malém bodě ztracený v modrém oceánu.
"Tenhle ostrov, a s ním oceánská podlaha kolem něj, patří Austrálii.
Zároveň je oblast tak velká jako samotný kontinent," říká italský právník Luigi Santosuosso, který patří do třiceti členů týmu zaměstnanců Divize Oceánu OSN a Zákonu moře.
Jeho šéf, ředitel divize, český právník Václav Mikulka, následuje to, co říká a občas něco přidává.
Zest a nadšení na práci jsou zde dominantní.
Oceánská podlaha ukrývá tak málo známého světa bohatého na přírodní zdroje.
Je možné najít olej, rýže a další minerály, ale také neznámé živé organismy, které drží klíč, například k vývoji léčby rakoviny.
Podlaha větší než kontinent
Pobřežní země dnes začaly veletrhně konkurovat na nové podvodní území.
To je podle dohody OSN využívají práva, na která se dohodli v roce 1982 v Montego Bayu v Jamajce.
To je hlavně oblast takzvané kontinentální polohy, která často dosahuje až několik set kilometrů od pobřeží dané země.
Podle dohody má tato země výlučné právo na všechny zdroje kontinentálního pouta.
"Je jednoduché, že kontinentální polštář se považuje za část oceánského podlahy, která je přirozenou kontinuací kontinentu pod mořem a jeho substratem.
Dosahuje za hranice pobřežního moře, často i za hranicemi dvou set nautických kilometrů takzvané exkluzivní ekonomické zóny," vysvětluje Mikulka.
Žádost dotčené země předkládá Komisi o mezích kontinentálního politu musí být podpořena vědeckou a technickou dokumentací založenou na mnoha výdajích a měřeních.
Je to výsledkem mnoha let přípravné práce.
"Jednou z našich úloh je poskytnout Komisi právní a specializované technické pomoci.
Dosud Komise o pěti žádostech diskutovala z Ruska, Brazílie, Austrálie, Irska a Nového Zélandu.
Pouze poslední tři z těchto zemí byly dosud úspěšné," dodává Mikulka.
Nedávno byl úspěch Austrálie, který byl první, kdo rozšířil svou podvodnou domenu, zaregistrován na celém světě.
Ale Nový Zéland získal také - oblast oceánového podlahy, kterou Komise uzavřela, je asi 1,6 milionu čtverečních kilometrů, což je asi šestkrát větší než velikost země sama.
Obě země investovaly miliony dolarů do průzkumu.
Výnos, který bude vycházet z použití oceánového podlahy v budoucnu, budou doufat, bezcenné.
Ostatní země také postupně předloží své žádosti.
Mají do deseti let od chvíle, kdy ratifikovali "Montego Bay Agreement".
Když kontinentální polička skončí, zahájí se oblast oceánského podlahy, která je prohlášena dohodou jako "obvyklé dědictví lidstva".
Tady už žádná země nemá žádné výlučné postavení.
Důlní práva v této oblasti se poskytují prostřednictvím dohody založené mezinárodní institucí.
"Ale oceánská podlaha není Klondike," řekl ředitel Mikulka přehnaně, přičemž dodal, že jeho "oddělené oblasti jsou právním způsobem rozděleny a jejich režim je uspořádán ve smlouvách."
Česky v Tichomoří
Část oceánového podlahy nyní patří České republice.
Sdílí to s jinými zeměmi z bývalého východního bloku jako součást společné organizace "Mezinárodní Mezinárodní".
Tato organizace, podobně jako investoři několika malých zemí, v roce 1991 získala status takzvaného „pionářského investora“.
Je povoleno minu v zóně ClarionClipperton v Tichém oceánu, která leží mezi Mexikem, Havajem a Kiribati.
Oblast, kterou vyšetřuje investor, je mírně větší než bývalá českoslovecká.
Oceánská podlaha je řízená, je to druh podvodní model Tatra Mountains.
"Může se tam dostat do celkové oblasti 75 000 čtverečních kilometrů.
Oblast je bohatou místností pro sbírání polymetalových betonů obsahujících nikel, mědi, kobalt a manganese," říká další právník Pakshi Rajan z Indie.
Macedoňanský právník z divize Robert Sandev přinesl jednu z těchto konkretů k demonstraci.
Vypadá to jako malé brambory nebo, s malou fantazií, mytický režim, který podle legendy přivedl Golem k životu.
Německé speciální jednotky Přítomná na záchraně hostitelů
V řešení krize rukojmí egyptská vláda požádala o pomoc z Německa, kterou poslali odborníkům.
Když přišlo tlačení, byly speciální síly připravené, ale jejich služby nakonec nebyly potřebné.
Více a více detailů se nachází v okolí osvobození jedenácti evropských turistů, kteří byli uneseni v Egyptě.
Podle německých federálních ministrů obrany a vnitřních sil se německé speciální jednotky nepřímo účastnily mise záchrany.
Zvláštní odborníci federálních ozbrojených sil (Bundeswehr) a členové německé federální policie (Bpol) a jejích zvláštních jednotek GSG 9 a letecké hlídky byli na záchraně, řekli pondělí večer zástupci ministrů, jakož i členové federálního policejního úřadu (BKA) a odborníci na logistiku agentury pro technickou pomoc (THW).
Německá vojska však nebyla požadována, protože zajatci opustili své rukojmí a utekli, když si uvědomili, že rukojmí budou osvobozeni sílou.
Egyptská vláda přijala pomoc, kterou nabídla Německo, aby spoléhala na německé síly jako posily během operace.
"Lucky, to nepřišlo," řekl řečník německého federálního ministerstva vnitra.
Cestovní skupina, která se skládá z pěti německých, pěti italských, rumunských žen a jejich osm egyptských společníků, byla 19. září unesena a unesena na jihu Egypta.
Po jejich únosu v poušťové oblasti na jihu Egypta byly rukojmí odvedeny zpět a ven v hraničním regionu mezi Egyptem, Libyí, Sudanem a Chadem.
Dodnes je totožnost chytačů neznámá, stejně jako podrobnosti o záchraně nebo možné výkupné.
Bývalí rukojmí přijeli do Kairu bezpečně a slušně.
Německý ministr zahraničí Steinmeier řekl, že byli pověřeni péči německé velvyslance.
Nepřipomněl si podrobnosti o záchraně.
V Berlíně nebyly poskytnuty žádné okamžité informace o jejich návratu do Německa.
Podle německých novin `Bild' je pět turistů a zvláštních sil na palubě Airbus německé letecké vojny, která se v úterý řídí přijet do Německa.
U.S. House of Representatives odmítá Bailout
V první dvou komnatách Kongresu Spojených států se v úzké míře neprošel balíček dolaru 700 miliard dolarů pro finanční trhy.
Dow Jones si vzal nos.
S hlasováním 227 až 206 proti Spojených států americký dům zástupců odmítl balíček vlády pro finanční trhy.
Všechny stížnosti prezidenta Georgea W. Busha a vedoucích úředníků obou stran bez ohledu na to, že většina nebyla dosažena pro program, který by měl obsahovat chaos na finančních trzích.
V dramatické kampaně se podporovatelé snažili zoufale přesvědčit kritiky o hodnotách plánu 700 miliard dolarů.
Barney Frank, jeden z hlavních demokratických vyjednávatelů, vyzval zástupce na schválení, i když to byl neoblíbený plán.
"Je těžké získat politické schválení pro předcházení něčemu, co se ještě nestalo," přistoupil.
Zatímco hlasování bylo stále na cestě, Dow Jones viděl více než šest procent, nebo 600 bodů.
Bylo to způsobeno obavami investorů, že vládní kauci by se možná nezdařilo.
Vrátila se krátce před koncem hlasování, jen proto, aby přijala další nosní div, když byl odmítnut.
Experti nyní očekávají další těžké turbulence na mezinárodních finančních trzích.
Pro provedení plánu je třeba schvalovat i Parlament zástupců a senát.
Cestovní agentury Nahlásit Zvýšení rezervace
Bude to dobrá zima pro německé cestovní agentury, samozřejmě:
Výzkum uvádí, že návrat rezervací na následující měsíce se výrazně zvýšil v rozporu s předchozím rokem - na zimní sezónu o 30 procent, dokonce i.
Navzdory vyhlídkám slabého hospodářství, německý chuť k cestování zůstává neškodná, říká průzkum.
Pro rezervace v zimní sezóně cestovní agentury viděly v pondělí Německé cestovní asociace (DRV).
Podle výzkumné společnosti GfK v podzimních měsících také došlo k zvýšení rezervace.
Cestovní agentury viděly zvýšení otáčení přibližně jedenáct procent pro říjen 2007, uvedla DRV.
Výsledky jsou založeny na číslech GfK, které zpracovávají údaje o rezervaci 1200 německých cestovních agentur každý měsíc a používají je k vytváření projekcí na trhu jako celek.
Zahrnuje se cestovní rezervace provedená v srpnu 2008.
Vzhledem k slabým dolarům, zejména cestování do Spojených států, řekl DRV.
V této oblasti se rezervace zvýšila o přibližně jednu třetinu, říká se.
Na druhé straně zdůraznil, že Španělsko, Turecko a Řecko jsou populární mezi Němci a domácími regiony.
Všeobecné výlety byly zvláště požádány, řekl prezident DRV Klaus Laepple.
Vzhledem k zvýšení cen energie a potravin, jejich náklady byly pro zákazníky "počítavější než pro jednotlivé organizované dovolené," řekl Laepple.
Spotřebitelé by mohli ušetřit peníze z dřívějšího ptáka nebo všeobecně zahrnuje slevy, mezi ostatními, řekl Laepple.
Vzhledem k tomu, že letní měsíce byly velmi dobře zveřejněny, také by došlo k dalšímu zvýšení návratu proti předchozímu roce, řekl - i když další průzkumní zprávy o tom, že počet cestujících Němců se srovnává s předchozím rokem.
Můj první čas v oktoberfestu
Spring-break- a après-ski-style hits v opakovaném režimu, pivo z jednolitrových mugů a slavnosti v Dirndln designer.
A Wesn Debut.
Technicky, Susanne Kronzucker a já nemáme moc společného.
Je blondýna, televizní hostitel a nosí Dirndl.
Mám tmavé vlasy, jsem student, a moje šaty jsou druhá ruka.
Ale je tu jedna věc, která nás spojuje: jsme v Wiesnu téměř tři minuty, a už fotografové se kolem nás hromadí a střílí, naplňují své paměťové karty - velmi pochlebující, a to je moje první návštěva na Wiesnu, aby se zabývali.
Takhle se přátelíš.
Vypadá to, že ten levný Dirndl dělá svou práci.
Pro turista z Wiesna obvykle založený na severu `Weisswurst equatoru', že příjemný pocit, který nosí tradiční bavarijské garby, opustil hodně, aby se dodnes přál.
Ale když jsem přijel do Theresienwese, není to tak špatné.
Skoro všichni nosí Dirndla nebo Lederhosna, nikdo nevypadá odporně nebo znechuceně - je to úplně normální.
Jen můj Dirndl apron vykreslil divné pohledy v prodejci čokolády a banánů.
Munichová žena přinesla mou pozornost, že jsem svázala na přední stranu nesprávnou cestou: "Dostupná nalevo, panna uprostřed, vykonaná vpravo, vdova za sebou."
A navíc, táhnu si odzadu nalevo.
"Podívá se doprava," říká, a směje se.
Ostatní se méně zajímají o subtle flirtování techniky a nosí jednoduché pocity klobouků, které říkají "Je příliš opilý, aby se oblékl" a, bez požádání, ukázat lidem jejich nahé za sebou.
Mladý muž s exhibicionistickým postojem se jmenuje Bob, je z Anglie, a je to jeho poprvé v oktoberfestu.
Najde to "horší", s dlouhým oooo.
Říká mi to hned po tom, co se odvezl z "Maß", co měl předtím.
Přímo vedle jednoho z těch ohňostrojů, které se všichni mýlí na odpadky.
Takže Bob je jeden z těch neznámých Wildbieslerů.
Ostatní nejsou dost šťastní, aby ztratili alkohol v této modě.
V osm hodin v noci, odhady ošetřovatelů zahřeje místo, navštěvují chudáky.
Lékaři se vždy objevují v balení - vždy jsou čtyři za čas, nosí pokrytý šňůr od stanu do stanu.
Funguje to jako většina návštěvníků Wiesn: Když je prázdné, vyjdou ven, a když je plné, vrátí se.
Nevidíš, kdo je uvnitř kovů.
"To jsou ti, kteří už nemohou," křičela jedna z záchranářů, když jsem se ho zeptala, že zmizí v davu.
Nehoda pojmenovaná policií
63-letá žena, která zemřela v nemocnici poté, co byla zasažena vozidlem v Essexu, byla jmenována.
Carole Paulsonová z Chelmsford Road v Brentwoodu byla zapletena do nehody v pátek odpoledne na Shenfield Road ve městě.
Byla odvedena do Queenovy nemocnice, Romford, ale později zemřela.
Po nehodě byl 51-letý muž zatčen podezřením, že řídil nedbale.
Od té doby byl propuštěn na policejní kauci.
Turecko rozšiřuje diplomatické horizonty
Dlouho před tím, než se Turecko snažilo připojit k Evropské unii, evropské moci chtěly proniknout hluboko do tureckého hinterlandu.
Na východní straně Bosforu, možná jen 20 kroků do Asie, stojí jedna z nejkrásnějších relikvi této císařské ambice.
Hydarpasha železniční stanice byla navržena dvě německé architektury Otto Ritter a Helmut Conu ve stylu neo-renaissance.
Alespoň ti to říkají průvodci.
Budovy sedí na konci plošiny s věží na každém ze svých předních rohů hledá celý svět jako nějaký provinciální německý sál.
Ten kámen je špinavý.
Celá edice se trochu zhroutila.
Ale jednou uvnitř vstupenční kanceláře, není pochyb o tom, že je to největší západní brána.
Stát byl otevřen v srpnu 1908 německým konzortiumem, společnost Anatolia-Bagdad.
Německo, pozdě přicházející na císařskou hru, má v úmyslu uvědomit své ambice dominovat Blízkým východem tím, že tento železník běží do Damasku, Baghdadu a mimo to, co je dnes Saúdská Arábie.
Ale německé císařské ambice založené během první světové války.
Jeho železniční stopy napadli Lawrence z Arabie a jeho arabští nesrovnalosti.
Relativní izolace z okolního regionu, která byla zavedena zmrzlými hranicemi studené války, zmizela.
Britské a dominační síly vyspěly z Egypta a vytlačily Turky a jejich německé spojence z Palestiny a Sýrie.
A pro stanici Hyderpasha byly špatné zprávy.
V roce 1917 vybuchl muniční vlak, který zničil svou vyvinulou střechu.
Turecké zdroje říkají, že to byla sabotáž.
Od té doby se pomalu rozmlátila, a většinou se dějiny zabývala.
Ale dnes, tato železniční brána do Anatolii a všechny východní body slouží - alespoň symbolicky - k zdůraznění rozšiřujících diplomatických obzorů Turecka.
Správní strana spravedlnosti a rozvoje - AKP - vytvořila celou novou zahraniční politiku pro tuto zemi.
Relativní izolace z jeho okolního regionu, která byla zavedena zmrzlými hranicemi studené války, zmizela.
Nyní je tu nová politika zasnoubení.
Zvláštní je, že turecká vláda má dobré vztahy s Izraelem a Sýrií, s palestinskými frakcemi Hamas a Fatah, s Irákem a Íránem a samozřejmě s Evropskou unií a Spojených státy.
Abych přehlédl parametry této nové zahraniční politiky, navštívil jsem nočního spánku do tureckého hlavního města Ankara, aby navštívil jednoho z hlavních odborníků zahraniční politiky AKP, tureckého MP Suat Kiniklioglu.
Následující ráno - asi deset a půl hodiny později - po projížďce po silnicích, které vyráběly staré světové kodence slavného dokumentáře The Night Mail, jsem přijel do tureckého hlavního města - navrhl, že bude novým městem pro nový světový stát, který má v úmyslu obrátit své záda na Ottomanskou minulost.
Ale AKP se svými známými islámskými kořeny představuje paradigmovou změnu v tureckém konsenzusu.
Na Západě požádala o podezření, zejména ve Washingtonu.
Taxi mě odvedl do AKP velitelství, ultramoderní kámen a ocelová struktura - cíl-budování - v rozvojovém předměstí, obklíčené napůl postavenými nákupními centrami a energetickými paticemi, kde se střední manažéři v obchodních oblekech - jak muži, tak ženy - setkali na ranní obchody.
Suat Kiniklioglu by mohl být politikem středověkého práva z téměř jakékoli jiné politické strany v Evropě.
Oblečení, kravatu, jsem si jistá, že dokonce balil Blackberry.
"Cílem zahraniční politiky strany je nyní znovu začlenit Turecko do jejího sousedství.
Studená válka byla anomálie," řekl mi.
Turecko bylo odříznuto ze své hinterlandu.
Dnes muselo vypadat východně a západně ve stejnou dobu.
Nebyl to případ jednoho nebo druhého.
Muselo to být obojí.
"Ale jistě v určitém okamžiku," zeptal jsem se, "mohl by se Turecko rozhodnout?"
"Turkey," řekl, "nechtěl jsem se čelit této volbě."
Potom zdůraznil, že téměř všichni, s nimiž jsem mluvila, citovali téměř tím, že turecké vazby nejen na Blízký východ, ale i na Caucass a kolem Černého moře jsou prospěchem Evropy a Spojených států stejně jako oni pro Turecko.
S Tureckem na palubě se zdá, že zpráva o Evropě jako celek může metaforicky jezdit ty železniční linky východně do Asie a Blízkého východu.
Vrátil jsem se na stanici Hydarpasha, po dalším velkém nespavosti noci, jsem si myslel na ty dva německé pánové, Herr Ritter a Herr Conu, kteří se dívali na tento výstavbu před 100 lety.
Jak by byli překvapeni, když by zjistili, že evropská ambice na Blízkém východě by nyní, ve velké míře, mohla být v rukách Turecka.
A když jsem čekal na terminál, aby mě trajekt odvezl zpět přes Bosfor, připomněl jsem si, že v těchto dnech se Turecko vždy nazývalo "nemocným mužem Evropy".
Přinejmenším se zdálo, že není mnoho pochyb o tom, na který kontinent by se měl hájit této fascinující zemi.
Životy si pamatují: Vernon Handley a William Woodruff
Mark Brown napsal: Jako guildfordův hudební ředitel z roku 1962, Vernon "Tod" Handley (obytuárna, Sept 11) byl velitelem Gildford Philharmonic Orchestra a Choir.
Jako součást jeho hudebního režimu, v příštím roce založil svůj nádherný mladý chór, Proteus.
Mělo to být pro ne-21, ale až do doby, kdy Proteus zpíval svůj závěr v roce 1979, někteří z nás byli v našich dobách 20 - právě jsme odmítli vzdát se choru.
Název "Proteus" (mitologický tvar) představoval ochotu choira a schopnost řešit jakákoliv hudba byla předložena, ať už madrigální nebo Mesiášen, ať už je doprovázen nebo plný orchestr.
Hudební versabilita, kterou vyráběl takový mladík, byla často překvapující, vždy vzrušující, a to všechno bylo kvůli inspiraci tohoto jednoho muže a nadšení pro hudbu, která zůstala naprosto konstantní během let.
Jak často nám Todd řekl, aby "nechte hudbu mluvit pro sebe".
Řekl by: "Skladatel ví, co chce.
Je to všechno v hudbě.
Tak zpívej!"
Jeho technika batonu byla naprosto jasná a přesná, ačkoli nikdy diktátorská ani floridová.
Ať je hudební standard cokoliv, vždy ho zvýšil ještě vyšší.
John Frayn Turner napsal:
Pokud měl být rytíř rytíř, byl to Vernon Handley.
Znal jsem ho dobře během dvou desetiletí, kdy vedl Gildford Philharmonic od roku 1962 do roku 1982.
Během posledních 40 let jsem přezkoumal více než 100 jeho koncertů a mohu upřímně říct, že jsem se nikdy nezklamal s jednou - a mnohokrát jsem byl inspirován.
Todd Handley měl tu vzácnou kombinaci velikosti plus osobní skromnost.
Nenáviděl řidiče, kteří v jeho slovech jednoduše "pojel jeden nebo dva známé válečné koně po celém světě".
Bude mu chybět tolik z nás.
William Woodruff
Profesor John Beckett napsal:
Váš obytuál Williama Woodruffa (sept 25) říká, že "v roce 1946 obnovil ekonomickou historii v Oxfordu a v roce 1950 se stal Houblonem-Normanským výzkumem Soudruhem... zatímco současně studoval pro BSc, MA a PhD".
To pochází od Woodruffova poznámky v Beyond Nab End, ale není to správné.
V letech 1946 až 1953 byl přednášník v ekonomické historii na univerzitě v Nottinghamu, v kterém dokončil PhD tezu na britském gumovém průmyslu, dohlížel profesor J. D. Chambers, a pak zveřejnil v roce 1958 jako Britský Rubber Industries.
Strávil 1950-51 ve Spojených státech na Houblon-Normanské kolegia, a léto roku 1952 na univerzitách Illinois, Harvard a New York.
V roce 1953 opustil Nottingham trvale pro Illinois.
Proč se Woodruff rozhodl, že na této části své kariéry bude neznámý.
J. Vincent Resino na Fakultě Filologie
"Doporučuji vystavení José Vicente Resino "Flamenco y vida", protože jeho černé a bílé fotografie, které byly přijaty v dokumentárním stylu, jsou mimořádné.
Fotografie mi přitahovala pozornost kvůli jejich jednoduchosti a moci, které přenášejí, vždy zacházejí s předměty s zvláštní pozorností.
Vystavení, které vytváří hluboký pocit.
Resino může chytit kouzelné momenty."
Druhý útok na Hondu superprodej
Příští listopad Honda spustí marketing druhé generace modelů Jazz.
Pokud byl předchozí model již charakterizován vysokou běžností, tento nový minivan má rozšířený vnitřní prostor.
Kromě toho je vybaven hezkým mechanismem, který zvýší pohodlí řízení a umožňuje ušetřit palivo.
Evoluce místo revoluce.
Tohle je Honda Jazzova druhá generace.
Ačkoli nový Jazz vypadá esteticky jako předchozí model, změny provedené v minivanu jsou četné.
Mezi ostatními, stojí za zdůraznění svého inovativního designu, nové platformy, větší velikost a docela nové stroje.
V každém případě, než se posunete na analýzu nového modelu, může být užitečné uvést, že tento nový Jazz přijde jen šest let po vstupu první generace.
První pozorování by proto mělo považovat za to, že Honda tento model obnovila rychleji než ostatní společnosti obvykle.
I když je model Jazz méně známý v Evropě, než na jiných trzích, zůstává to fenomén ve smyslu prodeje.
Toto je případ Japonska, kde Jazz byl v roce 2002 nejlepším prodejním autem a také v roce 2008.
Právě tam, téměř milion jednotek Jazzů bylo prodáno z startu modelu.
Druhým trhem byl Starý Kontinent, s asi půl milionu jednotek prodáných za šest let.
Navzdory těmto číslům Honda věří, že tento nový Jazz zvýší ještě více jeho prodeje v segmentu.
Takže pokud v roce 2007 japonská společnost prodala celkem 83 000 jednotek tohoto modelu, v roce 2009 odhaduje, že bude asi 100 000 aut, což předpokládá možné zvýšení prodeje o 17 % pouze na evropském trhu.
Co se týče španělského trhu, Honda od roku 2002 prodala celkem 8000 jednotek Jazz, což odpovídá 6,7 % celkové prodeje společnosti ve Španělsku.
Přichází nová generace, a odpovědný za společnost ve Španělsku očekává, že do jednoho roku prodá asi 2 000 jednotek Jazzu.
Příjezd nového Honda Jazz bude pravděpodobně možný tím, že sníží prodej ve Španělsku do velké míry.
Ve skutečnosti lidé, kteří jsou ve vedení značky, očekávají, že dosáhnou konce roku s celkovým prodejem 22 000 jednotek, což je 4,000 jednotek méně než v roce 2007, s snížením o 16 %.
Navzdory zvýšení prodeje Honda také zvýšil svůj podíl na trhu ve Španělsku, dosahující 1,8 % ve srovnání s posledním rokem 1,6 %.
Zároveň japonská společnost očekává, že v roce 2010 dosáhne 2 %.
Abychom to dosáhli, Honda je důvěryhodná v další nový model své.
Toto je Insight, hybridní 5-dveřové kompakt auto, 4,37 metrů dlouhé. Japonská společnost doufá, že prodá asi 200 000 jednotek tohoto modelu po celém světě, do jednoho roku.
Podle trhů a japonských výrobců 50 % prodeje Insightu pochází ze Spojených států, zatímco zbývajících 50 % bude z Starého kontinentu a Japonska.
Komerční zahájení Insight je naplánováno na začátku příštího roku, krátce po prezentaci modelu uvnitř společnosti v lednu ve Valenze.
V porovnání s první generací, nový Jazz vyrostl v celé své celé.
Nyní dosahuje 3,90 metrů délky (5 centimetrů), 1,69 metrů šířky (dvě centimetry více) a jeho interaxu 2,50 metrů, s zvýšením pěti centimetrů.
Jeho výška 1,52 metrů stále zůstala nezměněná.
Společně s velikostí, jeho obvyklé vnitřní středisko se zvýšilo ve vesmíru.
Tato výhoda vytváří, především z nové platformy, a druhá od zavedení tanku paliva na centrálním místě, řešení již přijaté v předchozím Jazzu.
Kromě toho kapacita kufru - dvojnásobek dolního objemu - roste na 399 litrů, 19 litrů větší kapacitu respektovat první generaci.
Abychom si všimli, toto jsou opatření Honda Jazz 1.4, zatímco kapacita kufru v modelu 1.2 je pouze 379 litrů.
Další zlepšení - kromě vnějších prvků, jako je zadní strana nebo možnost montovat panoramické sklo - se týká zlepšeného přístupu k zadním sedadlům.
Dveře, které umožňují přístup k zadním sedadlům, jsou nyní otevřeny s úhelem 80 stupňů, srovnáním 67 stupňů v prvním modelu.
Kromě toho, všechny motory jsou v této druhé generaci automobilů docela nové.
V době marketingu se tento malý model objeví s ropnými motory 1,2 nebo 1,4 litry.
Oba mechanické systémy zahrnují i-VTEC technologii, která umožňuje nižší spotřebu paliva, vyrábí méně emise uhličitého kyslíku, optimalizuje mechanické refinancování a současně udržuje v všech jeho fázích vysoký motor spotřeby.
Verze 1,2 litru dosáhne výkonu 90 hp při 6000 rpm s maximálním bodem 114 Nm. na 4900 rpm.
Propulze - která v předchozím jazzu dosáhla 78 hp – potřebuje jen 5,3 litry paliva a vyrábí přibližně 125 gramů ekvivalentů emisí CO2.
V porovnání s předchozím pulsem, který v modelu první generace použit 83 hp, může nový využít 100 hp.
1.4 Jazz s 100 hp dosahuje kombinace 5,4 litry paliva a 128 gramů CO2 vypuštěného.
Včela, která se vyhýbá kolizím.
V rozvoji technologií pro předcházení nehodám se Nissan tentokrát inspiroval přírodou, a zejména včely.
Japonská společnost vytvořila robota, který může napodobovat let včely, vyhnout se nehodám.
Toto je Bio-mimetické auto Robot Drive, nebo BR23C, první krok k projektovým technologiím pro prevenci kolizí.
Inženýři Pokročilého technického centra Nissan Motor Co. vyvinuli tento malý robot v spolupráci s Centrem pro vědecké výzkumy a technologie prestižního univerzity v Tokyo v Japonsku.
Podle Kazuhira Doi, generálního ředitele veřejných vztahů k technologii, výzkumu a vývoji řízení Brand, je BR23C rozšíření ochrany čtyř oblastí, které vyrábí Nissan.
Tento robot je určen k zlepšení schopnosti zabránit konfliktům v vozidlech vyráběných společností.
Během letu každý včela vytváří svůj vlastní oválný osobní prostor, který je velmi podobný ochraně bezpečnosti, které vyvinul Nissan.
Ale nejdůležitějším prvkem je včela spojující oči, které mohou vidět ve všech směrech s dalším 300 stupňovým úhlem, umožňujícím hmyzu létat bez přerušení v jeho osobním prostoru.
Aby se tyto vizuální funkce obnovily, inženýři vyvinuli to, co definovali laserový lokátor (Laser Range Finder).
Tento mechanismus odhaluje překážky v rámci 2 metrů a radius až 180 stupňů před BR23C, vypočítá vzdálenost objektu a posílá signál mikroprocesoru na palubě, který okamžitě umožňuje zabránit kolizi.
"Když objeví překážku, malý robot napodobuje včely pohyby a mění směr okamžitě tím, že otočí kola na pravý nebo širší úhel, aby se zabránilo kolizii.
Nejzřejmějším rozdílem s jakýmkoli stávajícím systémem je jeho únavná akce, která vede k tomu, že bude zcela instinktivní.
"Kdyby to nebylo tak, robot by nemohl reagovat dost rychle, aby se vyhnul překážkám," vysvětluje Toshiyuki Andoh, ředitel laboratoře mobility a hlavního inženýra tohoto projektu.
Na rozdíl od včely, robot nemůže odletět nahoru nebo dolů, nebo dokonce diagonálně. Může se pohybovat pouze v dvou dimenzích a ve směru jeho kola mohou obrátit. Zřejmě nemůže řídit nekonečné směry a způsoby, jako včely dělají.
Z tohoto důvodu Nissan použil funkci rotace kromě funkcí urychlení a zpoždění, aby umožnil malému robotovi vyhnout se kolizi.
"Tato zařízení musí zpracovat pouze nové informace každých několik vteřin a jednat z těchto údajů.
Není třeba ukládat žádné informace nebo používat intuitivní logiku předchozích modelů. Z tohoto důvodu může jít bez přerušení poskytované pouze několika desítky KB paměti.
To může být překvapení, ale my nemluvíme o gigabytech nebo mega paměti."
Toto je první krok k rozvoji nových technologií pro předcházení konfliktům, a do deseti let bude zavedena technologie Nissan.
Robot používá lithium-polymerové baterie, které jsou lehčí a déle než typologie lithium-ionu.
Dodatečná aplikace v potenciální budoucnosti by mohla být integrace této technologie s GPS satelitním navigatorem, který by řidiče přivedl do konkrétního cíle, a vyhnout se překážkám po cestě.
Před podáním půjčky
Musíme uznat, že Departament pokladů Spojených států, který vlastní docela dobré kapitály, není rozhodně nedostatek talentu.
Abychom se čelili krizi a zabránili Američanům, aby podváděli s odpadními půjčkami bankami pod podezřením na nesolvenci, vytvořili zábavnou a vzdělávací hru pro uživatele internetu. Toto je "Zlý úvěrový hotel".
Jinými slovy, "Hotel špatných kreditů" nebo problémy.
Hloubka tohoto hotelu a zejména jejího recepčního cíle je přinutit lidi přemýšlet nejen jednou, ale i dvakrát nebo dokonce třikrát předtím, než se požádá o půjčku.
A především, přemýšlet docela pečlivě o tom, kde se na ni vztahuje. To je pravděpodobně hlavní cíl hry.
Tento systém jistě poskytuje několik užitečných informací, ale nabízí poměrně málo detailů.
Je to mnohem více webová stránka pro dospívající než webová stránka pro veřejnost.
Co se stane, když dokončíte hru?
No, v hotelu se objeví pokoj snů.
Pořád je to něco, protože koupit dům... radši to nech být.
Morgan Stanley otevřel svůj kapitál MUFG.
Morgan Stanley oznámil svůj vstup do stolu kolem Mitsubishi UFJ Finanční skupiny (MUFG), první japonská banka, která utratila devět miliard dolarů, aby získala 21 % svého kapitálu, zprávy, které byly obdrženy ostrým schodkem podílových cen.
Týden po vyloučení dočasné dohody dvě banky vysvětlily, že by MUFG koupil 9,9 % podílů Morgana Stanleyho za cenu 25,25 dolarů a celkově tři miliardy dolarů.
Prodejní cena je méně než 19 % hodnoty cenných papírů 31. srpna.
MUFG investuje dalších šest miliard dolarů do získání převodných titulů zajišťujících zabezpečené výnosy o 10 % a s cenou převodu 3,25 dolarů.
Morgan Stanley potvrdil, že celková operace bude založena na průměrné jednotce za 29 dolarů, nebo 28 % nad svou aktuální cenou.
Morgan Stanley však ztratil 6,79% na 23,07 dolarů kolem 17:00 GMT.
"Tato strategická aliance je důležitou příležitostí urychlit přechod Morgana Stanleyho do stavu holdingové banky," řekl John Mack, ředitel americké skupiny.
Morgan Stanley přijal tento nový status minulý týden, který by mu měl umožnit rozšířit své činnosti, ale musí projít autoritou Federální rezervy.
Její aliance s MUFG rovněž potvrzuje, že současná finanční krize přiměla největší jména na Wall Street přijmout mnohem opatrnější postoj než předtím.
Mody předložené v pondělí ukázaly, že dohoda byla v posledních dnech změněna: v minulém pondělí Morgan právě oznámila, že bude prodávat do 20 % jejích podílů japoncům za přibližně 8,5 miliardy dolarů.
"Před týdnem, vysvětlil Toshihide Mizuno, výkonný ředitel MUFG v Tokyu," jsme si mysleli, že účast bude plně komponována z běžných akcií.
Ale vzhledem k současnému stavu ekonomiky a trhu jsme doufali, že snížíme rizika a chráníme naše záda."
Na základě vážené průměrné ceny MUFG zaplatí své Morgan Stanley cenné papíry 7% pod jejich knihovnou hodnotou.
A transakce dovede k rozdělení asi 20% zisku za podíl.
Dohoda předpokládá, že MUFG může ročně převést polovinu svých preferovaných cenných papírů na běžné akcie, pokud tyto obchodovaly s více než 50 % nad cenou převodu, přibližně 47 dolarů na danou dobu.
Morgan Stanley zajišťuje, že kapitál poskytnutý MUFG umožní mu získat investice, posílit si rovnováhu a zvýšit likviditu.
mluvčí pro tuto skupinu však odmítl poskytnout podrobnosti o strategických projektech dvou nových spojenců.
Po investici MUFG Morgan Stanley předpovídá kapitálový poměr Tier 1 z 15 %, jeden z nejlepších v průmyslu.
Morgan říkal, že "důležitě" snížil rovnováhu od konce srpna.
V posledních týdnech bylo pro tuto skupinu obtížné, která viděla polovinu její podílové ceny, zatímco náklady na pojišťovnu proti riziku výchozího dluhu klesly.
Tento náklad se v pondělí snížil, ale zůstal na nové vysoké úrovni, asi 12%.
Minulý týden, Goldman Sachs, jediný přežívající hlavní investiční banka na Wall Street po bankrotu medvědů Stearnsů a Lehmanových bratrů a Merrill Lynchových nákupů, oznámil, že zvýšil 15 miliard dolarů, částečně z Berkshire Hathaway, skupiny Warren Buffett.
Rafael Correa v Quito v pondělí.
Rekonstrukce kolem republiky dvacátého století socialismu.
Toto je společný projekt Venezuelenské Hugo Chávez, Evo Morales z Bolívie a ekvádorské Rafael Correa.
Tento neděle, jako jeho kolegové a přátelé, je třetí, že se hlasuje o návrhu nové ústavy.
Mise byla dosažena od 64 % voličů, kteří hlasovali "ano" na referendum, podle oficiálních výsledků založených na 80 % hlasů.
Na základě těchto výsledků se "ne" dostalo 28 %, 7% hlasů bylo neplatné a 0,7 % bylo prázdné.
Pro návrh ústavy by měla být přijata polovina hlasů plus jedna.
V neděli dva průzkumy provedené mimo zpravodajskou stanici a jedna nevládní organizace oznámila velké vítězství pro "ano" rozpětí mezi 63% a 70%.
Rafael Correa během noci od neděle do pondělí vyhrál výhru svého návrhu ústavy.
"Konstytuce byla tak přehnaná," ujistil, že zahájí ekvádory ve vládním ústředí v Guayaquilu, 280 km na jihozápad od Quito.
Rafael Correa byl samozřejmě gratulován Chavezem a Moralesem, ale také jeho čilecký kolega Michelle Bachelet.
Výzkum, který byl prováděn mírně pod kontrolou Organizace amerických států (OAS), pokrytý jeho textem 444 bodů, které konsolidují "nový socialismus" zastupovaný prezidentem.
Projekt ústavy zajišťuje moc státu nad hospodářstvím tím, že zarezervuje "plánování rozvoje" země, která žije hlavně z extrahování ropy zahraničních společností a zahraničních peněz, které posílá jejich emigrantům.
Korea, která byla vybrána v roce 2006, také poskytuje vedoucímu státu větší pravomoce, která může dospět k dvou pokračujícím podmínkám čtyř let a bude schopna rozloučit Sjezd.
Correa již oznámila, že použije tuto moc k hledání nového mandátu v únoru 2009.
V ústavě se také konsoliduje zásada volných zdravotních služeb a vzdělávání, které v této zemi začal prezident stanovit 13,9 milionu obyvatel, kde 50 % obyvatel žije pod chudobou.
Předpokládá také zakázání přítomnosti zahraničních vojáků, které ukončí dohodu mezi Quito a Washingtonem o používání Ecuadoru jako základu pro zahájení amerických protidrogových operací.
19 rukojmí bylo uvolněno v Chadu
Egypťanská velitelská jednotka zahájila útok na únosce jedenácti turistů a jejich osm doprovodců zajatých před deseti dny.
Jsou v Kairu.
Jedenáct evropských turistů a jejich osm egyptských eskortů byli deset dní v poušti v pondělí odpoledne neškodněni egyptskému kapitálu.
Ráno byli propuštěni egyptským velitelem v Chadu.
Zdá se, že rukojmí přijeli asi 1530 hodin na palubu speciálním letadlem na vojenské základně al-Mazy, připojené k mezinárodnímu letišti Cairo.
Byly ihned převedeny, aniž by mohli mluvit s tiskem, pomocí helikoptéry do nemocnice v Maadi, bydliště v Cairu, aby podstoupily průzkumy.
Jsou v "dobrém zdraví" a "nezaplaceno výkupné" chytačům", prohlásil egyptský ministr za turisty Zoheir Garanna na tarmáku.
Zajato 19. září během safari v 4x4 na noze Mount Ouanat na hranicích s Egyptem, Sudanem a Libyí, byla tato skupina rukojmí vyhozena z jednoho úkrytu do druhého s 35 neznámými únosci.
Zahrnuje 11 turistů - pět italských, pět německých a rumunských - a také osm egyptů: dva průvodce, čtyři řidiče, hlídač a ředitel agentury Aegyptus, organizátor safari.
Egypťanský bezpečnostní úředník řekl, že 30 členů speciálních sil, které byly na palubě dvou vrtulníků, zahájilo útok v noci před úsvitem.
"Požární výměna byla zabita a polovina únosců byla zabita, druhá polovina utekla," řekl úředník, který požádal o anonymitu.
Řekl, že 150 členů egyptských speciálních sil bylo posláno do Sudánu jako celek, kde získalo podporu od německých a italských velitelů.
Hlava italských diplomatických korpusů Franco Frattini v Belgrade, kde je v současné době, zmínila roli italských tajných agentů a prvků speciálních sil.
"Musíme uznat, že jsme tento výsledek dosáhli díky profesionalismu a účinnosti našich mužů z tajných služeb, z speciálních sil," řekl, bez dalších podrobnosti.
Také odmítl zaplatit výkupné.
Za den před tím Sudánské armády tvrdily, že převzala na palubě 4x4 hlídkového vozidla, z něhož byli chyceni chytatelé, zabíjeli šest, včetně Chadijské hlavy, a zatkli dva.
Armáda tvrdila, že jsou spojeny s rebelskou skupinou v Darfuru, Súdánské svobodné sdružení (SLA-U), něčím, co tento pohyb okamžitě zamítl.
Dopisy - Tichá většina kultury
Rozprava o financování kultury vyvolala tituly a zvýšila tuto volební kampaň.
Dobře.
Ale jeden sektor našeho kulturního života je vždy zapomenutý.
Kdo bude odmítat neštěstí, které je poskytnuto malým muzeům, archivům, archeologickým nebo národním historickým místům, které hladovějí za financování?
Který politický odváží připomenout federální vládě, že zanedbává své vzpomínky a dědičné budovy?
V Quebecu, v Kanadě, nemáme žádné skutečné zákony, které účinně udržují naše dědictví?
Věděli jste, že francouzská vláda zasvěcuje tři a půl milionu eur jen pro obnovu hradu v Loire Valley?
Naše americké sousedy napsaly v ústavě své země, že dědictví je součástí americké kultury a že takové dědictví musí chránit všichni občané, všichni vyvolení a všechny vládní oddělení, a to v spolupráci.
V Quebec Federace společností Quebec dějin, nejméně 40 000 dobrovolníků, které se shromažďují v 211 agenturách pro historii, dědictví, archivu a geneologii, se zajímají o výzkum historie, s uchováváním, s malou částí fondů, hromadou soukromých archivů a o zachování archeologických zbytků.
Často jsou to strážci našeho dědictví, kteří protestují s energií zoufalství, když vývojáři a konstruktoři zahájí své bulldozery proti našim starým budovám a našim zapomenutym hřbitovům.
Kdy bude fór pro historii a dědictví?
Fortis banka částečně nationalizovaná vládami Benelux
Benelux podporuje Fortis, banku Belgie a Dutch, která je první evropský finanční instituce v potížích kvůli následnému účinku americké půjčovské krize - částečným nákupem státu. Tři země souhlasily s tím, že do bankovní a pojišťovní společnosti vložily 11,2 miliardy EUR.
Na konci tohoto týdne se Belgie, Lucembursko a nizozemské vlády konzultovaly o této záležitosti na nejvyšší úrovni, včetně předsedy Evropské centrální banky a hospodářského komisaře Evropské komise.
V rámci eurozóny je Fortis první banka, kterou zasáhla mezinárodní finanční krize, která se v posledních 12 měsících přibližuje k vlnám.
V souladu s rozhodnutím přijatým v neděli v noci se každá vláda zaútočí na 49 % v bankách Fortis v jejich příslušných zemích.
Banka jistě prodá část svých zájmů, zejména pojišťovny, které nakupovala v loňském roce v Nizozemsku ABN Amro.
Částky Fortis začaly hluboce běhat minulý týden, pak v druhé části týdne známky vážné krize, která se objevila v této společnosti.
Analytici souhlasí s tím, že banka - s jejími 85 000 zaměstnanci - je příliš velká, aby mohla bankrotovat.
Akce banky klesly o 12 % v pátek, což je nejnižší úroveň záznamu pro 14 let.
Od ledna byla hodnota akcií snížena o dvě třetiny.
Vzhledem k současným nákladním cenám, celá tržní kapitálová hodnota skupiny je přibližně 14 miliard EUR. Režiséři společnosti však tvrdí, že to nereálně odráží realitu.
Správa viní nejisté zahraničí - které jsou spojeny s přijímáním amerického balíčku 700 miliard USD - za klesající podíly Fortis.
Akce ukázaly v pondělí malý vzrůst.
Filip Dierckx byl jmenován novým výkonným důstojníkem banky v pátek.
Finanční instituce také hledala soukromé kupce, ale zatím žádná základní nabídka nebyla.
Belgická vláda dříve prohlásila, že investoři nemají důvod se bát, že by neztratili své peníze.
Zatím se mezi zákazníky banky nevyskytla žádná panika; žádný bankovní spěch se nevzdal.
Fortis má vlastní bankovní zařízení v Maďarsku a také koupil pronájemce společností.
Fox v Henhouse
Americké pojišťovny a pojišťovny často odmítají prodávat pojištění některým občanům kvůli jejich údajům o nákupu drog.
Experti na ochranu údajů se bojí, že trh údajů se stává nekontrolovatelným.
"Je tu program ochrany údajů, který vyžaduje povolení dotčené osoby k použití údajů o předpisu drog.
Mělo by to být nezávislé, jinak bude fox hlídat hen-house", cituje Washington Post Richard Dick, vývojář programu pro sledování receptů na drogy.
Pojišťovny se rozhodnou o pojišťovně a o částce, která bude zaplacena v případě poškození podle zdravotního stavu uplatňujícího zákazníka, a pokud považují za příliš nebezpečné, neposkytují pojištění.
Použitelné zákazníky byly poslány k provedení lékařského vyšetření a smlouva byla uzavřena pouze ve světle výsledků zkoušky.
Dick vyvinul mnohem levnější metodu před deseti lety: na základě identifikačního čísla zákazníka typ drog, který nakupoval zákazník v posledních 18 měsících, může být snadno odhalen, takže program může vykreslit následky sám o nemocech, které žadatel trpí a jejich zdravotní stav.
Například případ pravidelného nakupování velkých dávek cholesterolu snižujících léky prakticky odkazuje na skutečnost, že zákazník má nevyléčitelně vysokou hladinu tuku krve, v důsledku čeho by byla tato osoba okamžitě uváděna do vyšší kategorie rizik.
Program má různé verze v obchodě, některé z nich dokonce definují rizikový faktor, takže pojišťovna nemá nic jiného, než papírování, i když vznikají menší obtíže.
Jedním z problémů je skutečnost, že některé léky mohou být použity pro několik účelů, například některé léčby migrainu, tepelné vlny nebo dokonce deprese.
Druhý je významným faktorem zvýšení rizik z hlediska podnikatelských pojišťovn, zatímco ostatní dva nejsou.
Existují speciální společnosti, které se zabývají získáváním a zpracováním údajů, a požadují od pacienta povolení před získáním potřebných informací z léků.
Jsou již povinni to udělat, i když jejich předchozí chyby nebyly potrestány.
Některé společnosti dokonce zpracovávají výsledky laboratořních zkoušek a připojují je k údajům o spotřebě drog. Tím mohou poskytnout přesnější informace o stavu pacienta.
Více a více společností získává přístup k datám a rovnoběžně se stává těžší kontrola jejich použití.
Existuje zvláštní akt o ochraně zdravotní péče, ale jeho oblast zahrnuje pouze pojišťovny a pojišťovny.
Účetní závěrka o poskytování kontrolních pravomocí pro orgány nad společnostmi, které se zabývají datovými ustanoveními, byla předložena Kongresovi.
Dick Richard si uvědomuje, že to není dostatečné: proto vyvinul svůj program dále, což by nyní omezilo převod dat v souvislosti s požadavkem na vyjádřenou souhlasnost dotčené osoby.
Je to však další otázka, že žadatel nemůže skutečně odmítnout souhlas, jinak s nimi pojišťovny neskončí smlouvu.
Takže kukuřice, do jisté míry, bude stále záviset na dobrovolnosti lišky.
Global Marseille Menu
Evropská unie a Indie Doubles trade
Vzhledem k tomu, že Evropská unie a Indie vedly k vzájemným obchodním partnerům, agenda devátého summitu byla také dominována tímto problémem kromě jiných, zejména globálních problémů.
Dnes bude soustředěn francouzský-indický summit, zejména o jaderné spolupráci s energií.
I když Evropská unie uznává, že Indie je vznikajícím demokratickým světovým mocí, které by mělo být poskytnuto více jak v mezinárodních záležitostech, členské státy však nedokázaly dosáhnout dohody, zda podporovat trvalé členství nového Delhi v Radě bezpečnosti OSN nebo ne.
Včera v Marseille nebyl tento případ donucen na devátém summitě.
Francouzský prezident Nicolas Sarkozy jako rotační předseda Unie, předseda výboru José Manuel Barroso a vedoucí zahraniční politiky Javier Solana přivítal indický premiér Manmohan Singh a souhlasil s dvojnásobným zvýšením na více než 100 miliard EUR, obchodní tok za 5 let.
Vzhledem k tomu, že výměna zboží se zvýšila z 25 miliard do 55 miliard mezi 2000 a 2007, není to příliš ambiciózní cíl.
V důsledku toho bylo s Indií legálně harmonizováno 26 dvoustranných konvencí o civilním letectví, což znamená, že letecká doprava může v budoucnu křičet.
Indie má v úmyslu podepsat dohodu o volném obchodu s Unií do konce roku 2009.
Sarkozy slíbil, že urychlí harmonizaci.
Cílem je najít rovnováhu, zatímco Indie je číselným obchodním partnerem EU, současně má Nový Delhi pouze deváté místo na seznamu partnerů EU.
Výsost soustředěna na globální otázky:
O situaci v Afghánistánu a Pákistánu, jakož i o terorismu, která byla odsouzena v každé formě obou stran a zvolala Konferenci OSN.
Dokončení Doha obchodního kola bylo také urychleno, i když obě strany jsou dosud zodpovědní za fiasko.
EU potvrdila udržování svého programu energie a klimatu, což znamená, že má v úmyslu snížit emise znečišťovatelů vzduchu o nejméně 20 % do roku 2020.
Indie s tím souhlasila a s cílem dosáhnout globální dohody na klímové konferenci, která bude příští rok a snížit emise skleníkových plynů o 50 % až 2050.
Dalším cílem bylo zabránit růstu cen potravin a podpořit požadavek na mezinárodní konferenci pro přezkoumání finanční krize.
Indický předseda bude dnes na dvoustranné setkání ve francouzském hlavním městě, kde má v úmyslu dosáhnout dohody o mírovém využívání jaderné síly.
Paříž očekává, že francouzské společnosti budou přiděleny smlouvy o stavbě jaderných reaktorů v Indii ve výši 20 miliard EUR.
Podle informací agentury pro noviny by tato dohoda byla v platnost 15 let.
Přes 300 italských editorů v Frankfurtu
Silná přítomnost italských redaktorů na Mezinárodní knihovně ve Frankfurtu.
Více než 300 bude italskými editory na šedesáté výročí Buchmesse, nejdůležitější mezinárodní událost pro výměnu autorských práv.
Mezinárodní knihový veletrh v Frankfurtu očekává v této příležitosti více než sedm tisíc výstavců z 101 různých zemí, kteří okupují 171 790 metrů Fair squared země s více než 403 000 titulů na zobrazení, a Turecko bude hostem cti.
Francesco Maria Giro, podsvědčíka pro kulturní dědictví a aktivity, bude zastupovat italskou vládu na obřadu inaugurace italského pavilionu: Itálie bude ve skutečnosti přítomna jako instituce s italským státem – 264 metrů čtverečním prostorem pro výstavu.
Následující bude tisková konference v Pokoji Struktura Pavilion 5.0 Buchmesse: toto bude příležitost, kdy budou představovány figureky, trendy a pohled na stav italského publikačního průmyslu.
Podle údajů je pro dospělé a děti postupně zmenšující význam knih zahraničních autorů v italské výrobě, a zejména pro dospělé a děti.
Našel jsem letadlo Steve Fossett, milionář zmizel před rokem.
Byl nalezen rozpad letadla Steve Fossett, milionář, který zmizel 3. září 2007 při letu přes poušť Nevada.
Zlomek byl nalezen na výšce 3000 metrů, v oblasti Sierra Nevada, na hranici mezi Kalifornií a Nevadou.
Uvnitř letadla však nebyly žádné lidské ostatky.
Šéf okresu Madera, John Anderson, vyloučil všechny zbývající pochybnosti: "Aeroplan byl nalezen, poslali jsme tým, a nyní máme potvrzení, že na něm Steve Follett letěl v den, kdy zmizel," řekl na tiskové konferenci.
Šerif později upozornil, že v letadle ani v okolí nebyly nalezeny žádné lidské ostatky.
Milionář, 63 let starý, byl v únoru oddán za mrtvého.
Americká Národní úřad pro bezpečnost dopravy (NTSB) uvedla, že několik hodin poté, co byl poslán vyšetřovací tým, který pak identifikoval letadlo: to je Bellanca 8KCAB, které chybělo od 3. září 2007, když Fossett odešel z Jeringtonu v Nevadě na tři hodiny letu.
Včera, vždy v Kalifornii, nedaleko hranice s Nevadou, byly nalezeny některé osobní účinky, které patří Fossettovi v blízkosti jejich domu v Mammoth Lakes.
Jsou to dva dokumenty jménem Fossett, vydané Federací letectví Illinois, nějaké peníze a poet tričko.
Hledání Fossetta bylo odvoláno měsíc poté, co zmizel.
Milionář si v dějinách získal místo díky řadě světových záznamů.
V roce 2002, při jeho šesté pokusu, se stal prvním mužem, který dokončil celosvětovou cestu v horkém vzduchovém balonu: dvoutýdenní sólo let.
Po třech letech bez přistání proběhl celosvětovou cestu letadlem.
Mezi jeho mnohými záznamy je také létající na 15 445 metrů nad Andy, ale s ko-pilotem.
Glek, reklama, která tě neočekává
SUV, který je mimo normy s původním designem definovaným rozhodujícími čárami, obrovskými povrchem a čistými úhly.
Krátce řečeno, toto je GLK, nejnovější doplňek "compact" off-road vozidel ze hvězdného výrobce, se kterým se Mercedes-Benz snažil pustit do tohoto sektoru dech čerstvého vzduchu.
Vzhledem k tomu, že jeho funkce jsou mimo tradiční normy, zpráva, která doprovází zahájení GLK SUV, bude také nečekaná a neobvyklá, bude dostupná v Mercedes-Benzových showch od příštího 17. října.
Takže kampaň publikace, která doprovází debut nového vozidla, vytvoří novou komunikační metodu, která zahrnuje také futuristickou kampaň 3D billboardů, používanou poprvé v Itálii značkou auta.
Projekt velkých billboardů, který je v pohybu ve třech různých fázích, který bude dominovat nejstřednější Milanské nákupní ulici Corso Como do 15. listopadu.
První fáze tohoto nového typu komunikace začne s prezentací auta ve stereoskopické vizi, a díky zvláštním brýlím distribuovaným v sousedství Corso Como bude možné vidět nový SUV ve skutečné velikosti a 3D formátu.
Vlastně, když se podíváte na obraz, dostanete senzaci, že auto z plakátu ztěžuje.
Později, pomocí inovativní technologie Elumina 8 budou všechny podrobnosti nového GLK osvětleny v různých případech, a pak budou znovu složeny jako jeden obraz.
Bezpochyby, Mercedes, prostřednictvím této reklamy se snaží zavést něco nového do konvenčního pole automobilní publikace.
Zvládne to s touto formulou provokovat zájem budoucích kupců? Uvidíme.
Tady jsou italští hooliganové.
z Tri-Veneto, odpovědný za zakázání účasti sportovních zařízení (Daspo).
Ale kdo jsou ti 150-200 lidí, z nichž je Itálie teď stydlivá? Jsou součástí skupiny Ultras Italia, která léta podporuje národní fotbalový tým a doteď, pravda, nikdy nevyvolala velké problémy.
Ani se to nikdy nezhroutilo s odpornými fanoušky.
Extrakce skupiny je pravé křídlo.
Propagaci jsou z Tri-Veneto.
Z Verony, Paduy, Triste a Udine.
Tyto byly připojeny některými malými skupinami (v realitě, velmi málo členů) z Kampagnie a Puglie.
Mají na nich třibarevné vlajky s městem původu militantů: v sobotu byly odvedeny, aby nebyly identifikovány.
Vzali si nápady od angličtiny fanoušků.
V Bulharsku našli podporovatele, kteří byli opravdoví nacisté, Levská skupina.
FIGC umožnil italským fanouškům vydat 144 lístek na zápas: všechny osobní, proto snadno kontrolovat.
A ministerstvo zahraničí v Viminále je ve skutečnosti zkontrolovalo všechny: mezi těmito skupinami, kteří jdou do Sofie, nebyly zakázány žádné, nikdo nebyl zakázán na časté stadium.
Čtyři italští podporovatelé, kteří měli předchozí zločiny spojené se stadionem, byli ve skutečnosti odmítnuti lístky a udrželi se před odjezdem.
Ministerstvo zahraničí nyní čeká, až bude moci číst oficiální záznamy, které by měly dojít z Bulharské policie před přijetím kroků: v tomto případě je možné zakázat alespoň pět let podporovatelům, kteří byli zatčeni nebo těm, kteří byli identifikováni během potíží.
Mezinárodní vyhnanství, které zakazuje účast nejen na fázích v Itálii, ale také v celé Evropě.
Naši hooligáni by nevstoupili do dalšího stadiu.
Naštěstí.
Ale nyní je strach z emulace: to je, že se k tomu přidružují i jiní více než sto a padesát.
"Musíme okamžitě tuto komplikaci vyloučit a nelegitimizovat ty, kteří se chují v této módě," uvádí ministerstvo v Viminale.
Takže, "oči otevřené zvláště od doby, kdy je národní tým, který hraje ve středu v Lecce."
V Puglii je ve skutečnosti malé jádro podporovatelů Ultras Italie.
Zítra se Pozorovatele setkává v úterý CASMS, který může počítat na části AISE, což je tajná služba, která přesně řeší problémy na stadiích.
V Bulharsku to není zločin.
To jsou myšlenky (vyjádřené s velkým zklamáním) Domenico Mazzilli, který před několika týdny je ředitelem Pozorovatele Viminale (dosáhl postu, který byl zahájen Francesco Tagliente a pak Felice Ferlizzi).
Předchozí Mazzilli byl předsedou policejní administrativy v Trieste, kde byla založena v roce 2002 jaderná jaderka podporovatelů Ultras Italia.
Je to pravda, říká Mazzilli, že v Bulharsku není zločinem házet hymny Dukům, ale rozhodně je zneuctivující chování těchto 150-200 fanoušků.
"Nejsem sociolog - dodává n.1 pozorovatele – by měl být zločin zasažen v zemi, kde se to stane.
Doteď tato skupina zůstává v řadách, a teď uvidíme, co se vlastně stalo a budeme ji hodnotit pro budoucí odkaz.
Ale pojďme si také promluvit o píšťání na Mamelin antém: to není také zločin v Bulharsku, ale pokud mi to dovolí říct, není to dobré chování ...."
