Bu dünyanın en kokulu balıkları mı?
Norveç'in beş milyon insanı sadece Avrupa'da değil, dünyada yaşamak için en yüksek standartlarından hoşlanıyor.
Ülkenin başarısının sırrı yerel iştahlara bağlı olabilir mi?
Bir seçenek peynir.
Onları kirli bir yığın arasına koyun, ıslak futbol kedisi.
Bir haftalığına kal.
Şimdi burnunun burnunun kokusu var, Norveçli süpürgelerden biri.
Oslo'dan üç saat uzaklıkta Fegernes'in küçük kasabasındayım.
Kar var, muhteşem manzara ve bu hediye havada takılıyor.
Rakfisk bir yıla kadar balık kokusunu nasıl kokduğuna bağlı olarak suda tuz ve yırtılmıştır.
Karanlık ve hava soğuk olduğunda, Norveçliler burada Ferganes'te bu yemeklere sadık bir festivalde.
Havard Halvarsen, yerel yangın saldırıcı, ve festivalde "Rakskik General" demiş.
Etrafımızdaki tüm insanlar balıkların küçük küplerini yiyor ve biraz içki çalıyor.
Havard, "Kuquavit gibi insanlar rakfisk'ten daha çok.
İçki kokuyu öldürebilir.
Birkaç parça deneyiyorum.
Burnunun altından geçemezsen, otobüslü yolculuktan farklı değil.
Rakfisk, Norveç'te çok farklı, yoksulluk döneminde, fırsatlı zamanlarda su ve tuz fırtınalarıyla dolu balık.
Sonra kışın derinlerinde ve gerçekten çağrılı olduğunda alkol yutulduğuna şüphe yok.
Sadece bir nesil önce, binlerce Norveçliler, ülkelerini iş yerinde bırakmaya zorlandılar. Genellikle ABD'ye.
Şimdi nüfuslar hızla genişleiyor - %13'den daha çok göçmenler, çok iş, yüksek ücret ve kapsamlı bir bakım sistemidir.
İsveçliler, eski rakipler ve uzun zaman önce Norveç'ten çok daha zengin değiller.
Rakfisk, Norveç'in geçmişte koku kokuyorsa önemli bir şey olduğunu gösteriyor.
Alabileceğin daha pahalı tabaklar arasında.
Ama her şey pahalı pahalı, küçük bir bardak ya da sandviç seni sterlin (14$) çalıyor.
Norveç, genelde küresel haber merkezine çıkmıyor ve çoğunlukla böyle görünüyor.
Buradaki insanlar hâlâ Anders Breivik adına, doğru ırkçı, silahı, 77 erkek, kadın ve çocukları öldüren ırkçı isimlerden bahsetmekten nefret ediyorlar.
Bunun yerine ateşler " 22 Temmuz'daki olay" olarak adlandırılır.
Norveççeler, onların barış ve sevimli ülkelerinde, bu kadar acımasız ve cinayete sahip olduklarına inanmak çok zor.
1970'lerin başlangıçlarından beri dünyanın en büyük yağ ve gaz endüstrisindeki büyüme Norveç'in bugünkü malzemesinin geride kalıyor.
"Ama petrol bu kadar iyi olmamızın tek nedeni değil," dedi. Anna garsonumuz, röntgen rakfikleri ve uzun sarışınlı saçları ve mantarlı mavi mavi gözleriyle.
Biz, ne kadar mantıklı bir insanız.
Onun İngilizcesi, buradaki çoğu insan gibi kusursuz.
Pek küstah değiliz, sergilemeyi sevmiyoruz.
Norveç, petrol zenginliğini çok dikkatli hale getirmiş. Ama endüstriden küçük bir para, gelecek nesillerin yararı için özel bir fon tasarlanmıştır.
Başkalarının paralarını toplamaları gerektiği yıllarda, küresel finans kazasına kadar Norveç'in çantalarını sıkıntılı tuttu.
Anna, "Kışın kayabildiğimizde ve yazda yürüyüşe çıktığımız sürece mutluyuz." diyor.
"Ve rakfisk ye," demeden gülüyor.
Karda duruyorum ve bir şeyler yiyecektim. Yeterince rakfisk var.
Şimdi bir Elkburger kesinlikle farklı bir şey ve tadına bakmayı tercih ediyor.
Ama akşamlar, kokulu balıklardan daha fazlası.
Otelde kaldığım otele bir kaç tane rafiksk ev sahibi olmayı seçenlerden biridir. Ya da belki de en zor balıklar.
Rakfisk'in etrafındaki bir kravat kravatında canlı bir televizyon bağlantısı var.
Eurovision şarkı yarışması gibi.
"Tor-Juergen'in oradaki en iyi balıkların nesi var?"
İşte bizim puanımız, Havard.
Alkış, gülüş var.
Bir adam sandalyeden düşmüş olabilir, belki de kıvılcıkla dövüşmüştür.
Ya da belki de o balıkların kıvılcıklarıdır.
Meksika'nın Enrique Pena Nieto yüzleri zor başlıyor.
Meksika'ya gelen Başkan Enrique Pena Nito ofise hazırladığı gibi, BBC'nin Willl Grant'ı, onun karşısındaki sorunlara ve nüfusunun garip beklentilerine bakıyor.
Meksika City'deki Traffic şu anda çok kötüdür.
Mükemmel bir şehri, çelik bir yüzüğü Pazartesi günü bir kaç anahtar yolları kesip, yollara karaolara yol açtığından beri inşa edildi.
Ama ama amacı, röportajcıların işe gitmesini engellemek değildi ama protestocıların parlamentoya ulaşmasını engellemekti.
Cumartesi günü, Meksika'nın yeni Başkan Enrique Pena Nito başkanlığı Başkanı Peneto'yu alıp ülkenin koşuşturmasını sağlayacak.
Karmaşık bir göreve dönüşüyor.
Meksika, Felipe Callon'un diplomsal yönetimi altında iyi bir ekonomik başarılar yapıldı. Ama ülke, ilaç savaşının altındadır.
"Benim hükümetim Meksikalılara şiddeti azaltmak için büyük bir bağlılıktır" dedi.
Bu hedefe ulaşmamıza izin verecek yeni bir güvenlik stratejisini önereceğim.
ABD başkanıyla omuzları sürmeden önce, Bay Pena Nito'nun ev eyaletinin valisi, Meksika devleti.
Yeni lider hakkındaki düşünceler, yeni lider hakkındaki fikirleri eski kıyafetine bölünmüştür.
Dürüst bir adam.
Mesela del Bravo'da, örneğin, örneğin Los Angeles'ta hoşlanıyor.
Bariyerde ve altyapı altyapısında turizmi arttırmakla onu övgülendirdiler.
Bay Pena Nieto'nun yeni motoruyla gidebileceğiniz bir kasabaya ulaşmak için, onun değiştirdiği yollarda büyük bir düzeltme var.
Plaques aynı zamanda modern spor merkezinin dışında takılır ve iklim değişimi hakkında etkileyici etkileyici bir müze.
"Onu gerçek ve sürekli değiştirmek için arıyoruz" diyen dost ve siyasi müttefik Gabriel Olevernaniz, Bay Pena Nito'nun partisi olan bir kongresman.
Özellikle güvenlik ve ekonomik durumlarda ülkemizin bu kadar kötü ihtiyaçları olan ilginç ve gerçek bir değişiklik umuyoruz.
Güçsüz bir 81 yıldan sonra, PERee Fox tarafından 2000 yılında yerlendi.
Kongreman Olvera, Los Piins'in başkanının sarayında 12 yıldan sonra Enrique Pene Nito'yla ilgili partide çok şey beklediğini itiraf ediyor.
Ve yeni başkanının mantıksız bir madde olarak muhasebesini reddediyor.
O çok açık bir adam. Ülkenin mükemmel bir rüyasıyla yapılmış.
O mükemmel bir eyaletçi ve nasıl dinleyeceğini bilen biri.
Ama devletin diğer tarafında, birçok kişinin eski valilerinin izlenimi yok.
Nezhaalcooll'da, ayrıca Ciudad Neza'yı tanımlayan, Delle Bravo'nun kobbüt sokaklarıyla alakalıdır.
Motor uçuşları altında uçmuş, Meksika City'nin bir yuvasında bir çeşit yerleşiyor.
Ve belediyedeki sorunlar da gritty ve şehir.
Bu yıl önce askerler, uyuşturucu çetelerinde işletmelerine yardım etmek için çağrıda bulundu ve kadınlara karşı şiddet daha da ağırdır.
Büyük bir toprak dolu alanda, öldürülmüş yüzlerce kadının cesedi son iki yılda tek başına terk edildi.
Mr. Pena Nieto, ünlü şiddetli bir şehirde, masum kadınların cinayetinden daha büyük bir ünlü bir yer.
Bay Pena Nieto'nun eleştiricileri, en iyisi, ofisindeyken fecilik sorununu tam olarak yazmayı başaramadı.
En kötüsü, onun gözlerini kör çevirmesini suçluyorlar.
Anlamsız bir evde, Irinea Budendia'nın gözyaşlarıyla savaşmak için gözyaşlarını geri çekiyorken, Mariana Luna'nın fotoğraflarını gösteriyor.
Olayların resmi versiyonuna göre Mariana 2010 yılında intihar etti.
Ama ailesi onun ortağı tarafından öldürüldüğüne inanıyor.
"O eve geldiğimde cesedi yıkanmış gibi göründü." diyen Sena Buendia hatırladı.
Dövüldüğü işaretler vardı, ve Floror Mordis'in çoktan içeri girmiş.
Annesi hikayeyi anlattığında Mariana'nın resmi duvarlardan aşağıya baktığında, bir de tek bir kelime: Adalet.
Ancak ailenin reddedildiği aynen böyledir.
Eyalet yetkilileri bana eski bir dedikodum gibi davrandılar.
İstedikleri şey, söylediklerini kabul edip kapanıyor.
"Ama bu çok motosiklet ve eksiklik olduğunda doğru olamaz." dedi.
Başkan Pena Nito'nun Cumartesi günü paçayı alırken, büyük bir sorumlulukla uğraşıyor.
Son altı yılda Meksika'da şiddetli cinayetten on binlerce aile etkilendi ve yeni başkan onları ofisinde öncelik yapmaya söz verdi.
"Umarım o da bir başkandır." dedi. "Doğru, üyesi Olvera'da Delle Bravo'da.
Ama bu, kurbanların Ciudad Neza'daki ailelerinin en korkusu.
Bradley Manning, savcılar karşılıktan şikayet etmediler.
Savcılar Bradley Manning'in hapishanede taciz edilme iddiasını karşılamaya çalışıyorlar.
Kulaklar Manning'in, Virginia'da, Quantico'daki askeri brigrig'e bağlı.
Savunma olayı Manning'in hapishanesinin sert olduğu yönünde bırakmak istiyor.
Ordu, binlerce gizli belgeleri çalmakta suçlanıyor.
Savcılar, ABD'deki gizli maddelerin en büyük sızıntısında görevli Bradley Mannning'i kurmaya çalıştılar. ABD'de tutuklandığı şiddete şikayet ettiği için şikayet eden bir çok fırsatı kaçırdı.
Ft'te, Margade, Maryland'ın savcısı Majden Fein'de Manning'in dokuz aylık Quantico'da, Virginia'da subaylık tedavisi hakkında birbiriyle görüşme kayıtları olduğunu belirtti.
Manning'in savunma hareketi üzerindeki savunma hareketinde, hapishanesinin kovulduğu ve cezalandırılmış olması için yeterince azabı aldıktan sonra bir gün sonra Mannning gözaltında intihar etmeyi düşündüğünü ifade ettikten sonra bir gün oldu.
Haziran 2010'da tutuklanan istihbarat analisti, Irak'ta hizmet ederken binlerce gizli belgeleri çalmakta suçlanıyor.
Sonra WikiLeaks tarafından yayınlandı.
WikiLeaks, Manning'in bilgi kaynağı olduğunu hiç kanıtlamadı.
Cuma günü Fein, Quantico's Brig'de Quantiko'nun kutsalında, 2010'dan 2011 yılına kadar yapılmış büyük bir hapishane statüsü altında bulunduğu anında Mann'la buluşan formlarını araştırdı.
Memurlar Manning'e sorular sorar ve yanıtlarını yazar.
Fein Cuma günü hakkında sorduğunda Mannning muhafızları tarafından tedavi edildiğini ve tedavi edilmesiyle tedavi edildiğini kabul etti.
Memurlar Mannning'den onun tedavisi hakkında doğrudan sorsa bile, bu formlardan bir şikayetten şikayet edilmemiş.
Manning, sorunları açıklayabildiğini ve ziyaretçi memurların bu konularda konuşmalarını sağlayacağını söyledi. Ama sorunları kaydedmediler.
Mannging, "Hayır sorunları yok" dedi. "Doğrusu tartıştıktan sonra, bu, benim bir şey getirmediğim anlamına gelmezdi."
Yargıç, Ordu, Denise Lind, 2011 yılının Ocak 2011 yılında bir kurulun tedavisine neden şikayet etmediğini sordu.
Manning, o toplantı sırasında isteğinin, "hayır yaralanması" sınıfını azaltması gerektiğini söyledi.
Asker, onu bu sınırsız duruma koyduklarını söyledi. İntihar saatinin altındaki bir adım -- onun koruması ve diğerlerinin güvenliği için.
Mannging, "İyi olduğumu bilmek istedim ve POI statüsü'nden kurtulmak istedim.
Manning Perşembe Perşembe günü Irak'ta tutuklandığı ve Kuveyt'e taşınması hakkında tanıklık etti. Orada, 2010'da Virginia'da deniz Quantico'ya transfer edilmeden yaklaşık iki ay önce tutuldu.
Kuveyt'te intihar etmeyi düşündüğünü ve bir keresinde ısınma nedeniyle oraya gittiğini söyledi.
Ona ne olduğunu ya da dışarıda neler olduğunu bilmesine izin verilmediğini söyledi.
Manning Perşembe Perşembe günü, "Benim dünyam Camp Arafajon'a, o kafes için psikiyatliyor." dedi.
O kafeste öleceğimi sanıyordum.
Bir keresinde Quantico'da Manning, en azından 21 saattir, en azından 23 saatten fazla saat geçirdiğini söyledi.
Manning sadece bir yatağa, battaniyeye, kıyafetlere ve gözlüklerine izin verildiğini söyledi.
Hareket etmeye çalıştığını söyledi, çünkü o gün yatarken ya da yatarken kurallara karşıydı.
Manning, her zaman hücresinin dışındaki ışıkla yattığını söyledi.
Savunmacılar onun yüzünü gecenin üzerine taktığında göremeseydi, onu uyandıracaklarını söyledi.
Manning'in avukatı 2011 yılının Ocak ayında Manning'in tedavisine resmi bir karşılık verdi.
Manning 2011 yılının Nisan ayında, Kansas'ta Fort Lennworth'deki asker hapishanesine taşındı.
Cuma günü, Yargıç Mannning'e perşembe günü bir gece Quantico hücresinde çıplak bir gece uyumaya zorlandıktan sonra, sabah başının önünde ve diğer mahkumlar arasında çıplak durmaya zorlandı.
Manning, kafası sırasında battaniyesini gizleme fırsatına sahip olmadığını iddia etti.
Yargıç Cuma günü sorguya çekilerek Manning, onu koruyabilecek bir battaniyeye bırakmasını söyledi ama kimsenin onu bırakmasını emretmediğini söyledi.
Manng Perşembe günü, kendine tehlikeli olmadığını göstermek için önceki gece çıplak uyumaya zorlandığını ifade etti.
Manning, subay'e kuyruklarını ya da kendisine zarar verebildiğini söyledi. Ama bunu yapmamış olmamıştı.
O gece, Manning tanıklık etti. Kafası ve gözlükleri hücresinden çıkarıldı.
Avukatları, yargıçlarının, hapishanede tutuklanarak deneyimini en azından azaltacağını umuyorlar. Yargıçları ertesi yıl başlamakta beklenen mahkemede mahkemede mahkemede mahkum edilmeli.
Savunma, Manning'in küçük suçlamalara karşı suçlamalarını ve diğer suçlamalarla savaşmasını planladığını söyledi.
Duymak, bu hafta sona ermek üzere, savcılar, koşul koşullarının gerçeği olduğunu tartışmak istiyorlardı.
Pentagon, Manning'in Quantico'daki tüm statü liderlik kurallarıyla müdahale edilmesini sağladı.
Manning'e karşı sayılar, düşmana yardım etmek için internette yanlış olarak yayınlanmak ve ulusal savunma bilgilerini yayımlamak ve kayıtların hırsızlığını bildirmektedir.
Eğer her şeyde mahkum edilse, bir yaşam cezasıyla yüzleşebilir.
Meksikalı kimlik krizim
Birçok kişinin Meksika'dan ayrılmak için zorunlu olduğunu söylüyor.
Meksikalılar bıraktıkları suçluyorlar; zor zamanlarda Meksikalıları hatırlatıyorlar.
Navarrette, Meksikalı-Amerikalıların iki dünya arasında yakalandığını söylüyor.
Meksika City'ye giden son bir seyahatde, zar zor yolculuğumdan geçiyordum ve yıkıldığım zaman küllenmişim bölgeye geldim.
Biri "Mexicans" ("Mixans"), diğeri "Eesecanros" ("Eeterosters))"
Oraya bir kaç saniye kaldım. Nereye gideceğimden emin değildim.
Merkez Kaliforniya'da büyürken tüm hayatım boyunca "Mexican" diye çağırıldım.
Boston'daki arkadaşlarım da kendilerini "Irish" ya da New York'taki arkadaşlarım kendilerini "İllian" olarak adlandırıyorlar.
Daha sonra "Mexanca-Amerikan"la ilgilendim.
Ama bu Meksika'ydı.
Ve büyükbabamın ülkesinde kısa ya da hücreye gerek yoktu.
Sadece bir Amerikalıydım.
İspanyolca konuşuyorum, ikisini de o dildeki bir röportajı bitirecek kadar iyiyim.
Ama bir yerlinin sözcülüğü yok ve Amerikan aksanımı sallayamam.
Birleşik Devletler pasaportumu aldım ve Mattchiros'un hattını aldım.
Bu hafta Meksika başkan Yardımcısı Erique Pena Nieto'yu Başkan Obama ile tanışmak için Beyaz Saray'a ziyaret ettiğinde düşündüm.
Her zamanki gibi bu iki ülkenin liderleri, imparatorluk, uyuşturucu ve ticaretle karşılaşırlar.
Pena Nieto, Meksika ekonomisinin büyümesini ayrıca konuşmak istiyordu. Meksikalılar artık Amerika Birleşik Devletleri'nde kalmak üzere Meksika'da kalmak üzere olduğu gibi.
Birleşik Devletler ve Kanada ile ortak olmak istiyor ve Kuzey Amerika'da bir Avrupa Birliği'nin ticaretini yapmak istiyor.
Ve Pena Nito, uyuşturucu kartellerine karşı savaşını devam etmek için yemin etti.
Meksika'da, Birleşik Devletler'in ilişkisi karmaşık ve sert duygularla dolu.
Amerikalıların çoğu 1848 yılında, Amerika Birleşik Devletleri Meksika'ya mücadele edip tüfeğin ortasındaki bölgeyi imzalamak için liderlerini zorlamış olabilir.
Ama yüzyıllar boyunca düşünen Meksikalılar için hatırlatmalar her yerdedir.
Bir ABD yetkilisinin Meksika'nın en az sinirli bir şey söylediği an, duymaya başlarsın -- Meksika basınında ve uluslar arasında, Amerikalıların komşularının egemenliğini nasıl etkilediğini şikayet eder.
Ve Montezuma'nın çocukları savaşa devam ediyorlar.
Ve yine de, Meksika için gerçekten zor olan ilişkiler Birleşik Devletler'de 35 milyondan fazla Meksikalı Amerikalı ile birliktedir.
Zor duygular hakkında konuşmak ister misin?
Bir sürü var.
Meksika kazandı ve kaybedenler, ülkenin fırsatlarını ve diğerlerini sağlayan insanlar.
Los Antonio, Las Antonio ve San Antonio gibi şehirlerde yaşayacak bir çok kişinin yaşama nedeninin tek nedeni, ailemizde bir insan, belki de ana baba ya da madenizin Meksika'da kapanma fırsatı vardı.
Ve çoğu zaman o kişi karanlık bir deri, küçük eğitim, zavallı bir köyden.
Biz onların çocuklarıyız ve onlara sadıkız.
Meksika değil.
Ve şimdi Amerikan rüyasını yaşasak bile iyi okullara gidip iyi iş çıkarsak bile, Amerikan rüyasının yaşadığımız Amerikan rüyası olduğunu ve Meksikalı değil.
Kimliğimiz bazen tükenmiş olabilir ama sadakatimiz açık.
Birleşik Devletler'e.
Ayrıca, lider sınıfındaki seçenek Meksikalıların çoğu bizi sevmediğini biliyoruz.
Duygular birbirine bağlı.
Bizi utanç verici bir yenmenin hatırlatması olarak görüyorlar ve bize Meksika'nın yetersiz olduğu kadar aşağı bakıyorlar.
İspanyolcamız yeterince iyi olmayacak, Meksika'ya olan ilişkimiz yeterince güçlü olmayacak.
Bizim varlığımız, onu gördükleri gibi başarısızlıkla ilgili.
Eğer ailelerimiz Meksika'da başarısız olmasaydı, gitmezlerdi.
Ve şimdi ipek perdesinin arkasında, Birleşik Devletler'de iyi yaşayarak hayatta kalıp kaybeden ruhları bulamazdık.
Karım Guadalajara'da doğmuş ve çocuk olarak Birleşik Devletler'e yasal olarak geldi. Meksikalılar ve Meksikalı Amerikalılar arasında bir çatışma olduğunu hatırlattı.
ABD vatandaşıyken kendini iki ülkenin bir parçası olarak görüyor.
Bu arada, pek çok Meksikalı-Amerikalılar kendilerini de bir parça gibi hissetmiyorlar.
Meksika grubu, Los Tigress del Bruce Springsteen'i dinlemeye bayılıyoruz.
İki dünyanın en iyisini alıyorsun, ama sen de köklüsün.
Meksika'da Amerikalılar olarak gördük.
Ve Birleşik Devletler'de Meksikalı olarak görüşüyoruz.
Şimdi, yolculuk sırasında öğrendiğim kadarıyla ilişkiyi daha da zorlamak için, zeki liderler ve bazı zekiler Diaspora ile yeniden görüşmek istiyor.
Meksikalı-Amerikalılar, Meksika'da "Ambassascular" olarak çalışmak istiyorlar. Birleşik Devletler'de ilgisini temsil ediyorlar.
Amerikalılara bu büyük bir ülkenin Meksika'yla ilişkilerini güçlendirmek için ziyaret ve baskı liderlerini ziyaret etmesi gerektiğini söylerdik.
Evet.
Bu olmayacak.
Çok fazla duygu.
Ve gelir eksikliği, bozgunluk ve uyuşturucu şiddetiyle, çoğumuz büyük bir ülke olduğundan emin değiliz.
Korkarım tek başınasın, amigos.
Bu adil.
Meksikalılar en azından bir yüz buçuk yıl önce Meksika'ya nasıl tedavi ettiği için ABD'yi affetmeye hazır değillerse, bazı Meksikalılar hala aile üyelerinin yakın zamandan daha çok tedavi edildiği gerçeği kabul etmek zorunda kalırlar.
Hmmm.
Belki düşündüğümden daha çok "Mexan" olabiliriz.
Eski savaşlar, yeni Orta Doğu
İsrail ile Hamas arasındaki ateş henüz barış için olası bir temel olabilirdi.
Orta Doğu'da Arap ve Yahudiler arasında sonsuz bir barış olabilir mi?
Kan dökülmenin başka bir umudu boş olduğunu gösteriyor.
Her zamanki gibi başarısız deliller yüzünden, binaların sayısı çürümüştür; 140'dan fazla, Palestinalılar, altı siviller ve İsraillilerin çoğu öldürüldü. İlk defa Gaza'dan İsgəndər Aviv'e, İsrail'in kutsal merkezlerine ve Yeruşalim şehrine ulaştı.
Ama İsrailliler ve Filistinliler eski çatışmalarında sıkışıp dursalar da Orta Doğu'nun etrafında hepsi değişiyor.
Arap bahar havaya parçaları attı. Filistinliler ve İsrailliler bölgesel çatışmalarda yakalanıyorlar.
Belki de bu onların kanaması daha öncekinden daha iyi olacak.
Ancak ölümcül arkadaşlarını kırabileceğini düşünmek için bazı sebepler vardır.
Kaybolmayan ve kazanmayan bir savaş.
İlk bakışta, iyimserlik şu an yargılamak için çok zor görünüyor.
Kasım 21. Kasım'da ateş kabul edilse bile, bu haftaki savaşı her iki tarafta da havkları güçlendirdi.
Hamas'ın liderleri, 2007 yılından beri Gaza'ya yöneten İslamcı hareketi, Gazza'nın İsrail'i geriye götürmesini iddia edecekler.
Gaza'nın en kötü ve kalabalık köşelerinden birinde Gaza'nın liderlerini öldürmelerine rağmen İsrailliler Hamas'ı yok edemediler.
Gerçekten Hamas Batı Bankası'nda, şu anda Fatta'da kıymetli rakipleri olan Fatilya'da, daha lisanslı Filistin grubuyla koşuyor.
Ayrıca Hamas'ın liderleri zamanın onların tarafında olduğunu düşünebilirler.
Arap dünyasının karşısında İslamcılar klinikler kazandılar. Hamas güçlü ve zengin dostlar yarattı.
Türkiye, bir zamanlar İsrail'in en yakın Müslüman müttefikleri olan bölgesel bir güç, Hamas'ın sebebini aldı; bu yüzden Körfezin en zengin ve en etkili olan Katar'a sahiptir.
Jubilante Hamsas halkı, İslamlı bir taciri İsrail'in kuzeyinde Livan'dan, Livan'dan gelen Hizbullah Parti partisi, Suriye'nin, İslamcılar'ın daha da artan bir üsyancısı Bashars Aslaad'ı, ve Jordan'ın ardından ele geçirdiği yerlerde İslamlı bir mücadeledir.
İsrail'in güneyinde, Muhammed Morisi'nin Mısır’da, Arap ülkelerinin en geniş ve en önemli bölgesindeki Müslüman kardeşliğinin yükselişi, bölgenin dengesini değiştirdi.
2011 yılına kadar Mısır'ı 30 yıldır eziyet eden Hosni Mubarak, Hamas'a az vakit vardı.
Farklı olarak, kardeşlik Hamas'ın kuzeni ve liderlerinin popüler görüşü daha geniştir.
Gelecekteki diplomat Hamas, İsrail ve Amerika'nın bile kapanamayan bir oyuncu olarak ortaya çıkabilir.
Bu arada, İsrail'in zorbacıları ters sonuçları çekecek.
Askeri şartlarda Hamas kutusuna geri koyuldu.
İsrail'in Demir Dome anti-sisle sistemi değerini ve Hamas'ın füzelerinin çoğunu yok etti.
İsrailliler biraz daha sessiz uyuyacak.
Diplomatik şartlarda, Amerika'nın dayanıklı olduğu gibidir; Avrupa ülkelerinin çoğu da Hamas'ı, şiddetin en son rahimine başlaması için suçladı.
İsrail, özellikle de Binya Netyanahu'nın altında, barış sürecini çokça görmezden gelen başbakan.
Gaza'dan bu yana, 2004 yılından beri Gaza'da 30 kişilik roket öldürülse de, İsrail, Batı Bankası'na ısırıkları olan Keşke Banka'nın ana parçası, Filistin devleti ve uluslararası yasalara rağmen uzatılan Yahudi yurtları korumaktadır.
Likud Partisi, 22 Ocak 22 Ocak ayında Avigor Lieberman'ın koşuşturulması altında daha fazla havkişle birleşti.
Filistinlileri neden onlara kendi eyaletlerini vererek iktidar ettiler?
Batı Bankası'nı gerçekten koştukları ise, onlar da Gazza'da yaptığı gibi, kovmayacaklar mıydı?
Onları o duvarın arkasında tutun ve başlarını yükselterlerse onlara vurulsun.
Belki zor satıcılar kazanacak, ama Arap bahar hesaplarını değiştirebilir.
İslamcılar Mısır’da ve başka bir yerlerde İsrail'e aşkın olsalar da öncelikleri evde sıkıntılar olacak.
İsrail'in savunma bütçesi, dört Arap komşularından daha büyüktür.
Yerel süper güçlerle başlamak yeni Arap hükümetlerinin ekonomilerini düzeltmelerine yardımcı olacaktır.
Bay Moramati'nin Barack Obama'yla çalıştığını ve sadece bir şeyin başlangıcını işaretleyebileceğini söyledi.
İsrailliler de uzun süreye bakmalı.
Arap dünyasının geri kalanı daha demokratikleşti, Filistinlileri kendileri için hedefleme hakkından uzaklaştırmak, bu hafta İsrailin patladığı bölgelerde bir gün patlamış olan bir otobüs oluşturuyor.
Reresyon zaten Yahudi devletinde demokrasi altında ve bunu Arap nüfusu patlattığı gibi ele geçiriyor.
Gaza'ya karşı bir görevler, her birkaç yılda Hamas'ı yıkıp büyüyen bir diplomatik bir diplomatlaşacak.
İki tarafın da kütleciler tarafından birbirine ihtiyaç duyuyor.
Cevab, her iki tarafta zeki insanlar tarafından, ve bu gazetede, iki eyalet, güvenlik için yırtılmış, iki eyalet.
Umut kısa kısa sürede küçük bir tane.
Şu anda, Türkiye ve Katar'la birlikte Gazza'ya akışlarını durdurmak üzere olan Mısır, 1967'deki sınırlara dayanan Yahudi devlet fikrini kabul etmek ve Yeruşalim ile paylaşılan bir üyelik fikrini kabul etmek için en iyi yerden daha iyidir.
Arap yabancıları da Hamas ve Fatah'ı bir araya getirmeliler.
Bu, BM'deki imtiyaz devletinden daha çok Filistinli bir eyalet yaratmaktadır.
Bay Obama'nın da İsrail'e masaya ulaşmasında bir parçası var.
İlk teriminde, barış için kendi planını göz ardı etti.
Beyaz Saray'da, içeri girmekten hoşlanmıyor.
Bu çok kısa bir düşünce.
Amerika'nın yumuşak Orta Doğu'da önemli bir ilgisi var.
Bu İsrail ile Filistinliler arasında barış yeri demektir.
Sikgarette yasaları Avustralya'da güçe giriyor
Sigara uyarıları ve hastalıkları, tüm tütün markalarıyla aynı.
Avustralya'nın sigara ve tütün tütündeki ilk kanunları, marka zeytun yeşil zeytin parçalarıyla, hastalıkları ve çocukların tütünleri ve çiçekleri tüketerek hastalık çektiğini gösteren marka ve zemin zeytin parçalarıyla yerleşti.
Sağlık uyarıları ve resimler, cumartesi arasındaki sürüler arasındaki tek farkı, marka isimleri ve bunların hepsi aynı küçük yazı tipte yazılır.
Dünyanın tütün çamaşırı için en güçlü rejim.
Avustralya'nın federal hükümeti, gençleri tüttürme alışkanlığından uzaklaştırmak amacının hedef olduğunu söylüyor.
Eğer insanlar 26 yaşına kadar sigara içmeye başlamazsa %99'u asla alamazlar.
"Çok erken yaşlarından beri çocukların tütün şirketinin markasına satmaya çalıştığını anladığını anlayabilirsiniz." diyerek, federal sağlık bakanı Tanya Pibrikek, örneğin gösterdiği araştırmalar, örneğin bir prenseslik fikriyle bir parçaya bağlı olan çocukların bir tacıyla bağlantısı olduğunu söyledi.
Avustralya'da dünyanın en düşük sigara hızlarından biri var ve değişiklikler uluslararası kâra uğruna ulaştırılacak. Diğer ülkeler de aynı adımları değerlendirmektedir.
Tütün endüstrisi kanunlara karşı sert davrandı.
Tobacco firmaları, kara pazar ticareti, daha ucuz, daha mümkün sigaralara yol açacaklarını söylediler.
İngiliz Amerikan Tobacco Avustralya'nın Scottt McIntyre'nin ciddi sonuçları olacağını söyledi.
Çin ve İndonezya'dan gelen bu ürünler Avustralya sokaklarında satılacak.
Diğerleri ise, kanunlar işlerini arttırıyor diyor.
Sandra Ha, Zico'nun küçük bir aile fakültesi Pty Ltt'i, küçük bir aile işi, sigara maskesi için talep talep ettiğini söyledi. İngiliz Amerikalı Tobocco, Britanya'nın İmparatorluk Tobco, Prich, ve Japonya'nın Avustralya'daki yasalarına karşı çıkması için iki ay önce hiç bir şeyden vurulmadığını söyledi.
Ha Zico'nun 6000'e sattığını ve yeni bir striptiz beklediğini söyledi.
Bu bizim için iyi bir iş.
Potansiyel uzmanlar, planın hedeflediği sosyal medyanın popüler olduğunu söylüyorlar.
Avustralya yasaları televizyon reklamını yasakladıktan sonra ve spor spor sponsorları ve satıcıların çoğu sigarayı manzaradan saklamalarını istediklerinden sonra, tütün pazarları internete taşındı.
Avustralya, yerel şirketler ve siteler tarafından internet reklamını yasakladı, ancak bölge dışı siteleri sınırlamıyor.
"Eğer bir tütün pazarçısıysanız ve bu küçük pencerede sadece ürünlerinizi desteklemek için kaldınız, internette sizin için çok önemli bir yerdir." dedi, Sydney Üniversitesi'nde bir kamu sağlık araştırmacısı Becky Freeman.
Freeman'ın, YouTube, Twitter ve Facebook gibi sosyal medya sitelerinde markalar üzerindeki markaları incelediğini belirtti.
Sormak zorundayız ki, Marlboro sigarayı gerçekten seven özel bir vatandaş ve video yapmak için başlarına gelenler mi? Yoksa pazarlık şirketi mi var?
İngiliz Amerikan Tobacco, endüstrisinin pazarlama yerine yeni kurallarla ilgilendiğini söyledi.
Endüstri, Ukrayna, Honduras ve Dominic Cumhuriyeti, yeni kuralları çözmek için, Dünya Ticaret Kuvvetleri'ne karşılık vermek için, Dünya Ticareti'nin haksızlıkla ticarete uğradığı ülkelerin hiçbirinin Avustralya'yla ticaret yapılmasına rağmen, ülkelerin hiçbiri ücretsiz olduğunu iddia etmektedir.
Bir WTO hükümeti, muhtemelen 1.203'dedir.
Pliberseek, hükümetin deniz üyelerinde benzer yasaları değerlendiren diğer ülkelerle ilgili tartışmalar geçirdiğini söyledi.
Kanada 2001 yılında fotoğraf uyarılarını göstermek zorunda kalan ilk ülkeydi.
Brezilya, Türkiye ve Ukrayna da dahil 40'dan fazla ülkeyi uzatıyorlar.
Zeki yasalar İngiltere, New Zelanda, Güney Afrika ve Hindistan'da uzmandır.
Avustralya'da bir çok sigara içiyor.
Resimler beni etkilemez.
Sadece onları görmezden geldim.
Victor El Hage, ağzının bir fotoğrafıyla bir sürü aldığını söyledi.
Dürüst olmak gerekirse durmamın tek bir nedeni var ve bu benim küçük kızım.
Sidney'deki Packnnist Kralını yöneten James Yu, üniforma maddesinin şişelerini düzeltmek için daha zor olduğunu söyledi.
Yu'nun söylediği gibi, "Bana bir teslimat yüklemek için bir saat sürerdi, şimdi dört saat alır."
"Hükümet onları tamamen yasaklamalıydı ve sonra gideriz, dükkânları kapatırız," dedi.
Her zamanki takımda, Bedred'de kötü bir şey değil.
Şükran Günü'nde beklenmedik bir havaalanında beş saat geçirdim uçağımız mekanik sorunlar yaşayınca ve başka bir uçağa gelmesini beklemek için.
Bu yüzden sıkıcı konuyu düşünmek için çok vaktim vardı.
Sana yalan söylemeyeceğim.
Bir havaalanında, bir uçuş bekleyen yarım gün, kitapların, dergilerin ve iPhonelerin dikkat çekiciliğiyle bile.
Ama daha da büyüyen bazı akademisyenler ve çocuk geliştirme uzmanları sıkıştırıcılıktan çıkıyorlar.
Bize ve çocuklarımıza sıkılıyorlar, derler ki.
Beynin ilginç tangentlere devam etmesine güç veriyor, belki de yaratıcılığı doğurmaktadır.
Çoğumuz neredeyse bir ekrana ya da bir başkasına sıkıcının faydalarını tecrübe etmiyoruz.
Yani sıkıştıralım mı?
Evet.
Ve hayır.
Ama geri döneceğim.
Öncelikle, birçok insan gibi, bu sıkılmanın son zamanlarda daha çok eğlenme zamanıyla nispeten olduğunu düşündüm.
Demek ki, bir Yunan ve Roma tarihi profesör Peter Hoohey, Kanada'daki Kalgari Üniversitesi'nde, "Allie Live Tarih" (Yale Üniversitesi, 2011).
"Boreddom gerçekten çok uzun bir geçmişi var." dedi.
I. yüzyıldaki Pompey'in duvarlarında sıkıcı bir Latince grafiti var.
Sıkıcılığı nasıl tanımlayacağımızın sorusu da var.
Problemler, birçok farklı şekilde açıklanıp, John D. Doğuwood'un, Orton Universitesi'deki psikoloji profesörü olan bir psikoloji profesörü olduğunu söyledi.
Araştırma yayınına bakıp 100 kişinin önündeki fikiri açtıktan sonra Profesör Eastwood ve meslektaşlarının "hepsik" tecrübesi olarak tanımlanan bir deneyim olarak sıkıldı.
Duygusuzluktan sıkıntılı olan o kişinin nişanlanmadığı ama olmak istediği anlamına geliyor.
Duygusal olarak bir şey yapmaya isteğin olmadığını söyledi.
Sıkıcının çekirdek tecrübesi, dedi ki, "Dünya sürecinin tecrübesi, bir hava ve zaman yavaş geçiyor."
Boredom depresyona benziyor.
Ama Profesör, Doğuwood, bu konuyu ortak ya da dünya olarak görmeye meyilli olan insanlar, sorunu kendileri gibi görüyorlar.
Bazen sadece odaklanmamız zor olduğunda sıkıldığımızı düşünüyoruz.
Öğrenmelerinde "Unngaed Ardın: Dağıt: Daima Boredrom", Eylül ayında Psikologik Bilim hakkındaki gazeteciler ve meslektaşları, bir kişinin dergi okumasındaki bir dergiyi dinleyen bir kişinin kağıdına katılan bir deneye işaret ettiler.
Bazı gruplar gelecek odada sessiz ve yaygın bir televizyon programını duymuşlar, diğerleri de bu konuyu az bir seviyede duymuşlardı, böylece üçüncü grub sesi hiç duymuyordu.
Aşağı seviyeli televizyonu duyanlar, diğer iki gruptan daha sıkıcıymışlar. Ama neden bu zorlukla uğraşıyorlardı ve bu zorlukların nedenini anlamaya başladılar.
Zor bir göreve odaklanmaya çalıştığınızda, dikkat çekiminin sıkıştırılması, Mark J. Fenske'in Enternown Üniversitesi'nde Geuelph'in yazarının bir profesörü ve çalışma profesörü olduğunu söyledi.
Diğer yandan, "Bamak satırında kötü bir diplomalar arayıp müzikleri dikkatinizi dağıtmanıza yardım edebilir."
Hatta şimdi biliyoruz ki, sık sık sık sık sık sık sık sık sık sık sık sık sık sık sık sık sık sık sıkıştırıcı bir tablosu olarak gördük. İnsanlar daha fiziksel alarmı tutarak savaşabilir.
Profesör Fenseke, "Fidget'a izin verilen çocukların hala oturmaya zorlananlardan daha fazla bilgiyi ve daha fazlasını saklamaları gerektiğini gösteriyor." dedi.
Uçuş gecirimi, sinirli bir filmde hepimiz sıkıldık.
Ama bazı kişiler diğerlerinden daha sıkılmış olabilir.
Bunu düzeltmek için araştırmacılar 1980'lerde "Bodred Proness Tracy"'i geliştirdiler.
Değerde, "Ben yapacak çok şeyim karışık ve monoton." ve "Her şeyi yapmak için vaktim yok."
Böyle şekiller kullanarak, araştırmacılar, erkeklerin kızlardan daha sık sık sık sık sık sık sıkıldığını fark ettiler ve Batı Florida Üniversitesi'nde psikoloji profesörü Steph Vodanoviç'in, özellikle daha çok ihtiyaç duyduğunda ve çeşitli bir dış teşkilatına ihtiyaç duyulduğunu söylediler.
Ama genelde, gençler çok sıkıntılı.
1991 yılında Reed Larson, Illinois Üniversitesi'nde insan ve toplum geliştirme profesörü olan bir profesör, neredeyse 400 yaşındaki yaşlarındaki aileleri ve 7 güne sekiz kez araştırıyordu.
Gençlerin % 32'si okulda sıkıldıklarını ve ev ödevi yapmadıklarını söyledi. Yüzde 23 kişi okulda olmadığında sıkıldıklarını söyledi.
Diğer yandan, ebeveynlerin %3'i sıkıldıklarını söyledi.
Profesör Larson, 21 yıl sonra sıkıcı yüzdekinin daha yüksek ya da daha aşağı olduğunu bilmediğini söyledi.
Ama o, "Adaletin sıkıntılı bir dönem olduğunu" söyledi, çünkü çocuklar ve gençler ne yapmak istediklerini kontrol edemezler.
O zaman benim orijinal soruma geri dön: Sıkıldın mı?
Bazen hayır, çünkü bu insanların saçma fiziksel risklere, kumarbazlıklara ve maddede rekabetlere yol açabilir.
Diğer yandan, birçok filosof ve yazar, sıkıcı ve yaratıcılık arasındaki bağlantıyı tartışarak, 30 yıldan fazla çalışmaya başlayan Profesör Vodanovich'in dediği gibi.
Gary Marcus N.Y.'de psikoloji profesörü Gary Marcus dedi.
Ama beyin her zaman yapması gereken en uygun şeyleri bilmiyor.
Sıkıldıysan ve o enerjiyi gitar çalıp pişirmek için kullanırsan, seni mutlu eder.
Ama televizyon izlerseniz, sizi kısa sürede mutlu edebilir, ama uzun sürede değil.
Eğer çocuğun sıkıldıysa ve ona bir iPad versen artık sıkılmayabilir ama kendini nasıl eğlendirmeyi ya da kendini kontrol etmeyi öğrenemedi Profesör Fenske.
"Ve bir durumdan diğerine özgüvenli hareketler" dedi.
Çocuğun kendisini eğlendirmeyi öğrenmiyor ama başka alanlarda daha kendine hakim olur.
Sıkıcı kutlamak istemeyiz.
Biz de çok kritik olmalıyız.
Amacımız sürekli etkinlik ve teknoloji konuşmasından kendimizi rahat hissetmeli.
Profesör Eastwood kabul etti.
"Biz daha sıkılmamız gerektiği sürece, sıkıştırıyoruz, ama sıkıcı ve anlamlı bir şeyle bağlantılı olmak için huzursuz bir arzudur." dedi.
İnsanların gerçekten aradıkları şey, kendisi demişti ki, zamanın tadını çıkarmak için bir yol.
"Her zaman tedavi edildiğimiz bir ortamda," dedi, "Suç ses kapandığında çeneni kaldırmak için yollar bulmak zordur."
Colorado'da New Marijuana Kanunu için Play kitabı yok
19 yaşındaki Anthony Oozco, Güney Colorado'daki bir üniversite öğrenci ve futbol oyuncusu, bu devletin yakında yasal olarak yasal olan bir suçlu suçlamalara karşı karşılık veriyor.
Bay Orozco, Eylül'de bir gün, Kansas sınırının yakınlarındaki Lamar'da bir kaç arkadaşın ve bir kaç arkadaşın dolaştığını söyledi.
Polis memuru marihuanayı arabada bulduktan sonra, Bay Orozco, ekonomik ve uyuşturucu parafenal suçlamalar çağrısında bulundu.
"Biz suçlular gibi davranıyoruz" dedi Bay Orozco.
Ama o bir mi?
Colorado'nun zevk kullanılması için küçük marihuana ücreti yasal kılan haftalarda, yüzlerce küçük uyuşturucu olaylarındaki cevabı yerden daha az değerlendirmektedir.
Yüzlerce yanlış restoran marihuana davaları burada ve Washington Eyaletinde çoktan düşüyor.
Polis Departmaları, 21 yıl ve yasalar gelişecek haftalarda yasal olarak yasal olarak yasal bir şekilde yasaklanacak küçük elemanlar için önem vermeyi bırakmışlar.
Ama Colorado'daki daha muhafazakar bölgelerde savunmacılar var marihuana davaları ile baskı yapmaya söz verdiler ve hala ele veriyorlar.
Aynı zamanda, Denver bankalarından Batı dağlarındaki birkaç şehir yeni, genel kolleksiyon dükkanı yurtlarında açığa çıkmak için oylamaktadır.
"Bu şey o kadar çabuk gelişiyor ki sonra neler olacağını bilmiyorum." diyen Daniel J. Oates, Denver'in doğusundaki polis Şefi, Aurora'da.
Washington Eyaletinde regulatorlar da kafalarını çiziyor.
Ve üretim, üretim, üretim, dağıtım ve satış sistemini nasıl kuracağımıza dair rehberlik arıyorlar.
Colorado'ya, daha iyi ya da daha kötüyse, ilk önce tıbbi kullanmak ve şu anda eğlenmek için Colorado'nun önüne geçtiğini söylüyorlar.
"Tetado'nun daha fazla pazarı var, bu yüzden iyi bir rehber olacaklar" dedi.
Ama bir yer veya sistem yok, Bay Smith kabul etti, ne işe yarayabilir diye önermekten başka bir şey yapabilir.
"Bizin takip etmemiz için gerçek bir örnek yok." dedi.
Washington'ın yasası, "I-502" denen, Dec'e etki veriyor ve 6'da da devletler sisteminin henüz mövcud olmayacağı bir yıl kalacak, ama yasal mülk olacak.
Ve o dönemde, devletin eyaletin lisansını dengelemek için lisans lisanslarını nasıl dengeleyebileceğimiz bir sorular var ki, bir okulda, parkta, ya da çocuk bakım merkezinde.
"Kuriye bölgelerinde, özellikle Seattle'in metholel bölgelerindeki merkez bölgelerindeki bir lider lisans lisans üyesi olmaktan daha zor olmayacak." dedi.
Aurora'daki 21 Aurora'daki şehrin memurlarına bir e-posta gönderdi. Şehir avukatının 21 yıl ya da daha yaşlı kimse için küçük marihuana ihlali iptal edilmeyeceğini bildirdi ve polis, bu suçluları hemen suçlayacakları engelleyeceğini bildirdi.
Şef Otes, polislerin şehir kodlarını kullanacağını ve hala uyuşturucu trafikçileri ve satıcıları peşinde olduklarını söyledi.
Kuzey Colorado'nun Weld County'de, Bölge avukatı Ken Buck, çok sert bir görüş temsil ediyor.
Oylamadan sonra ofisinin üyesinin rehberlik vakalarını sürmeye devam edeceğini söyledi. Çoğunlukla, kullanıcıları tedaviye basmak için bir yol olarak.
Şu anda, 119 kişi iki gram ya da daha az marihuanalı suçlamalarla karşı karşı karşı karşıya.
Bay Buck bir açıklamada şöyle dedi: “Bizim ofisimiz, suç işledikleri zamanlar suçlulukları yargılama sorumluluğuna sahiptir."
Bu cevap Mesa County gibi bölgelerde bile karmaşık oldu. Oylamacılar marihuana girişimini reddediyorlar.
Grand Jankhonks'taki polis, ilçenin en büyük şehri, artık küçük para için yetişkinleri yatırmıyor.
Bölge'nin bölge avukatı Pete Vaezinger, bu kararı destekledi, ama aynı zamanda bütün beklenti vakaları da iptal etmeye karar verdi.
"Ben yasayı değiştirene kadar zorlamaya devam ettiğimi düşünmüyorum." dedi.
Colorado oylamacıların 55'si, Colorado seçmenlerin %5'ini desteklemiş olsa da, hükümetin etrafında istikrarlı marihuana getiren ve yasal sistem hiç basit olmayacaktı.
Ve devletin karşı karşılaştırma reaksiyonları, devletin büyük yeşil deneyi hakkında yerel yeteneğin derin bir ambulasyonu açtı.
Bölge avukatıyla ilgili "Bu kültür bir engeldir" dedi, Denn Mcallister, Denhariva mahkûmlarını temsil eden bir avukat ve Ulusal Kanunlar reformunun Avukatları için yerli bir elçisidir.
"Bu yasal olduğunu kabul etmiyorlardı" dedi.
İlk devlet, alkol gibi küçük miktarlarla marihuana idare etmek için, Colorado ve Washington uyuşturucu yasal sınavları olmaya hazır.
Yasal satışların yeni bir sınırı savunmaları ve devlet yetkilileri de, hala federal hükümetin satış ve tiyatrilinin federal suçlar olarak davranmasını beklemektedirler.
Yasal olarak adalet Bakanlığı'nın peşinde olmasını umuyor.
Federal hükümet, Colorado, Washington ve diğer 16 devletin tıbbi hastalarının tutuklamalarına rağmen, federal hükümetin çoğunlukla marihuana işbirliğine izin verdi.
Uyuşturucu ajanları uyuşturucu torbalarının küçük bir çantayı ele geçirmesine izin veremediği sürece, yeni kanunlara göre, Kevin Sabbet, Obama yönetiminde eski uyuşturucu politikacısı olan bir uyuşturucu danışmanına izin vermeleri için kapıları yıkacaklar.
Colorado'da bir kaç şehir federal yetkililerin hareket etmesini beklemiyor.
Seçme gününden önceye kadar, yerel hükümetler yeni marihuana dükkânlarında bir yıla kadar kamorariumları kabul ettiler.
Geçen hafta Montrose'un batı şehri altı aylık yasaklandı ve gelecek hafta geçecekti.
Bir City Konsey üyesi Bob Nicholson, "Birinin liderliğini ve büyük bir federal sorunumuzun olduğu bir yere koymak istemiyoruz." dedi.
Toplumumuz bu düzeltmeye karşı oy verdi.
Halkın devlet oylarının neye oy verildiğine bakıyoruz.
Çok fazla soru var.
Tory olduğum için Oxford'dan kovuldum.
Bu sadece bugünün üniversite öğrencileri için saldırıya uğrayan bir şey değil.
Oxford Üniversitesi'nde bir yer kazanmayı hayal etmediğim bir zaman hatırlamıyorum.
Babam ve yabancı kardeşim hayal ettiğim şeyin en büyük koltuğu, modern şaraplı şaraplı Yunan simposium, özgürlük ve erdemlilik üniversitesiydi.
Yine de, iki hafta içinde Worcester College'de, tarihi okumak için torbalarımı topladım, hayatımın ilk skandalını açtım.
Babam kırıldı ve ağladı.
Arkadaşlar çıldırmış.
Eğlence günlüğü, benimki odada seks yapan standartlara uğradığım için istifa ettiğimi söyledi.
Bir yazar Ne Wilson, ciptik mugs içmeye zorlandığım için ayrıldığımı açıkladı.
Gerçeğin gerçeği daha azdı.
Kaçtım.
Evet, koştum, çünkü sistemalle gürültü ve korkutuculuğum vardı.
Özel bir okuldan geldiğim gerçeği de benim için değil.
Sadece bir nedenden dolayı ezilmiştim ve bu beşikte. Babam Woodrowatt'in sonları olan Margaretcher'in en yüksek danışmansıydı ve ben de savunmacıydım.
Bunu neden şimdi getireyim diye sorabilirsin.
Son raporlara göre, yeni bir nesil aynı eziyete sahip öğrencilerin acı çektiğini öneriyor.
Geçen hafta Oxford'da Tory'nin öğrencilerine karşı olan nefreti arttırıp, bir grup geyler gibi korunmalarını istediler.
Corpus Christi Kolej'ın ortak odasının (JCR) üyeleri, siyasi görüşleri yüzünden çok sık çabalaşmış ve kendi başlarına saldırınmışlar.
Üniversitedeki eşit fırsat komitesinin kendi fikirlerini rahatsız hale getirmesini sağlamak için bir posta oluşturmak istiyorlar.
Son zamanlarda BBC 2 belgesi, Wonderland: Young, Bright ve öğrenci siyasetleri, tuhaf toplar ve neo-Naziler olarak tanınan bir öğrencinin sağındaki politikada yardımı olmadı.
Oxford Üniversitesi ABD'nin eski Başkanı Joe Cooke (OCUA), Rollls-Roce'de seyahat eden bir gümüş ve gümüş elbiseli kokusuyla gezindi.
Diğer üniversitelerde, savunma öğrencileri yüksek ücret ücretin ilk ücreti için "scapegs" olarak tedavi edildiklerini söylüyorlar.
Luke Black, 20 kişi, Thetingham Üniversitesi Birliği'nin yöneticisi Pazar günü bir gazetede "Bütün üniversitelerinde soylu bir popüler" olduğunu söyledi.
İnsanlar bizimle buluşmadan Bullingdon Kulübü gibi olduğumuzu sanıyor."
Şamuel Roberts, 21. Corpus Christi'de bir tarih öğrencisi, böyle bir iklim "güvenli" olduğunu söylüyor. 19 Başkanı Stephanie Cherl'ın OUA'yı seçmesinin, merkezin sağ tarafında olan bir üyesinin üyelerinin üyelerinin üyelerine karşı bir pozisyonuntu olduğunu söylüyor.
"Bu, üyelerin üyelerinin cemaatlerindeki entegrem atmosferine de tehdit ediyor." dedi.
Oxford'da ilk haftamda bir azınlıktaydım.
1986'da, 18 yaşındaki bir utangaçlıktan utangaç bir çocuktum.
Muhafız Partisinin nefreti en çok fibralindeydi.
Bir yıl önce, üniversite Margaret Butcher'ın eski öğrencilerin bir üniversite üniversitesini reddetmek için oy verdi.
Atmosfer, bir Stalinist'i korkuyla ürkütürdü.
Birlikte yeni öğrencilerle sosyal sosyal bir haftada, gelecek olan solucanwood'un tadını aldım.
Ben sadece Tory'nin teşhis altındaki rehberliğini kabul etmediğini bulmak istedim, ama zevkle bir parça aldım.
Madenlerin politikası, mükemmelleşme ve hükümetin Güney Afrika'ya karşı savunmalara karşı savunmalara yönelik müdahaleler getirildi.
İlk defa 18.000 Fransız yorumları İngilizce çeviriyordum ve sonrakiler için hazırlıklı değildim.
"Miss Wyatt," dedi, Harry Pitt, "Lütfen ilk paragrafı çevirin."
Bunun üzerine böbürlendim.
Pitt, keki gibi küçük bir adam.
"Sucheritler Fransız'ı öğrenmeyi reddediyor mu yoksa aptal mı?" diye sordu.
Diğer kampanya kıvıltı.
Gözlerimin arkasından gözyaşları ağladı.
"Sadece fransız zamanında bazı temel dersleri almanızı öneririm. Eğer çok meşgul değilsen,"
Odama bir diskonsoitt virüsü ile gittim.
O akşam üniversitede kendim oturduğumda, omzumda bir ışığı hissettim.
Kendini OCUA'nın üyesi olarak tanıtan ikinci yıllık bir İngilizce öğrenciydi.
"Senin kim olduğunu biliyorum" dedi.
Korkarım öyle.
Tory'nin olduğundan şüphelenen herkes.
Benim için yeterince kötü ama babanın Margaret Otcher'a yakın olduğunu biliyorlar, o yüzden senin için daha kötü olacak.
Çoğu Tory tazeciler çalışıyormuş gibi davranıyorlar.
Daha sonra yerel bir pubda, talep etmeye çalıştım.
Bayan Sacher'ın söylediği her şeye katılmadığımı ısrar ettim.
Bu hile başarısız oldu.
"Eton'a bir faşist domuzunun kızısın." dedi.
Delirdin.
Diğer öğrenciler iptal ettiler.
Ben sapıktım, kirliydim.
"Tories nasıl seks yapıyor?" diye sordu.
Birbirlerini dövdüler, değil mi?
Doğuştan önce, homoseksüel bir yasadan önce hissetmiş olmuştum.
Oxford'da normal bir hayata yol açabilir miyim?
Sadece karanlıktan sonra mantıklı insanlarla buluşmak zorunda mıyım?
İşçiye dönüp doğal hücrelerimi durdurmak zorunda mıyım?
Benden üç yıl önce yırtıcı bir arazi olarak uzadı.
Tory'nin tek açık olması, üniversiteme dayanan modern Tarih Profesördü.
Yalnızca savunmacı olmaktan değil, Bucher'ın ve konuşması yazarlarından biri olan yabancı politika danışmanlarından nefret ediyordu.
Hiç orada değildi.
Evi provisial ve ufaklık olarak iğrenç gösterdi ve tarihin manzarasına dayanması için.
1997 yılında Ankara'da Ankara Üniversitesi'nde bir profesyonellik yaptı.
"Burada mutlu olmayacaksın," dedi.
Oxford'dan Londra'daki ailemle yola çıkmaya başladım. Daha açık merkezli arkadaşlarımla ve ailemle sığınmaya başladım.
Babama Oxford'dan nefret ettiğimi ve nedenini söyledim.
Çok kötüydü.
Orada Fortes'teyken tüm siyasi görüşler kabul edildi.
"Ama bu dünyadaki en iyi yer," dedi.
Hayallerim arasında değil, bunu yapmazlar.
Komünist arkadaşlarım bile her zaman tedavi edilebilirdi.
Gözleri bulutlara başladı.
Bir şans ver.
Eminim bu sadece bir çiğnek.
Gidersen kalbimi kırar.
Londra'ya sürekli seyahatlerim güçlendi, duygusal direngim daha da kötüye gitti.
Aynı zamanda bir erkek arkadaşım Tory de baskıya uğramış ve dinini reddetmiş.
Sonraki hafta bir öğretmenlik sırasında, başka bir tarihin tam ciddiliğini önermediği zaman ben de aynısını yapmaya karar verdim.
Aşırı utançla uğraşarak, "Ailem tarafından yumuşak" olduğunu kabul ettim ve onları "kötü aptallar" diye çağırdım.
Belir kısaydı.
Oxford kariyerimin tabutuna sürüklenen babamdı.
O sırada her hafta Murdoch basıncındaki iki sütun yazdı.
Kapım kilitliydi.
İçeride korkuyordum ve beş dakika sonra pes ettim.
Gittiklerinde bir bavul topladım ve Londra'ya ilk treni yakaladım.
Asla geri dönmedim.
Bana pezevenk deyebilirsin.
Ama 18 yaşındaki bir çocuk, eğitim kurumunda böyle korkutucu ve vitriol olmamalı.
Daha çok trajik olan Oxford, sadece 14 Torya Başbakanı yapan Oxford'du. Bu gün de, bu gün için de hasta bir itibarın ve düşünce özgürlüğünün arkasında saklanıyor.
Trabzon'da boğulmuş iki insan
Trabzon'daki Yomra ilçesinde, Yomra'nın ağır yağmur kaynağıyla ilgili İkisu derisi.
Tasdelen köyünde iki kadın kayboldu.
Kadınlardan birinin cesedi selde boğulmuş.
Yomra'nın dağlıklarında saat 15:00'de bir ipucu vardı.
Ikisu deresi yıkıldığında, Yolun yaklaşık 200 metresi İkisu'yla Savan'a bağlanan bir bölümü suya daldı.
Köyde yaşayanlardan biri, İbrahim Karsley, yol açılışında çalışmanın, yetkililerin uyarılmasına rağmen başlamadığını söyledi.
Her ağır yağmurdan sonra da aynı şeyi hissediyoruz.
Biz yetkilileri tehdit ettik, ama bu kadar uzakta kimse gelmedi.
Yerel sakinler mutsuz.
Her yıl bu zorluklara katlanıyoruz.
Ağaçlar dereyi kapattığında su yoluna ulaşır." dedi.
Bir tanesi çok iyiydi.
Yomra'nın başkanı İbrahim Sağruğlu, bölgedeki ağır yağmurdan sonra yıkımlı kadınların cesedini bulduktan sonra suya boğduktan sonra, diğer kişiyi aramaya devam etti.
Sağuruğlu, Tabadelen köyünde iki kadının dün bölgedeki üflen yağmurları yüzünden suya yıkadığını hatırlattı.
Sağyuğlu, aramanın gecenin geç saatine kadar yapıldığını ve sabah erkenden başladığını söyledi: "Mühemel şirketinin ve işbirliğine sağ olun, memleket kuruluşumuzun bir cesedi bulundu, diğeri için aranıyor." dedi.
Saguyroğlu da ekledi ki yağmurun etkisi azaldı, hava daha da güneşleşti ve kayıp kişiyi arayıp kapalı yollar üzerinde çalışmanın kolay oluşması.
Kayıp kadınları arayıp, Tasdelen köyünün şimdi trafik için açık olduğunu söyledi.
"İşte kıyafetli olacaktı."
Yomra'nın bölgesindeki Tasdelen'in sakinleri, yırtıcı yırtıcı yıkımlar ve topraklar nedeniyle kendilerini kaybetmeye ve zarara uğratmaya çalışıyorlar.
Tasdelen'in sakini Dierna, yağmuru üç saat boyunca devam etti ve "Bu bir felaket değil, doğal bir felaket değil" dedi.
Tabala, birçoğu üflenmiş yağmur sırasında bir sürü insan evlerini fıçı toplamaktan korktuğunu söyledi.
Böyle bir felaket oldu.
Gelin ve kayın annesi tufan sırasında deli toplanıyorlardı.
Evlerine gidecek bir yerlerde sıkışmışlar." dedi.
Tabara, köydeki elektrik ve suların ortadan kaldığını da ekledi.
Hasan Selim, hayatının 60 yılında hiç böyle yağmur yağdığını görmediğini ve "Eğer yağmur bir saat daha sürerse, her şey yıkılırdı." dedi.
Dogga Üniversitesi başarılılık ödüllendirir
Dogga Üniversitesi öğrencilere OYP notlarına göre 100'e kadar burs veriyor.
Eğitimin önemini vurgulamak için, Türkiye'de yeni eğitim modelleri ve eğitime yaklaşan yeni eğitim modelleri olan Doggaa College, bursu, Doga Anatolian Lisesi'nde 40 yıllık başarılı öğrencilere yardım etmektedir.
Öğretmenler üniversitedeki sınıf eğitimine başlayıp, lisede lisede t-MBA mezuniyeti okullarıyla birlikte lisede mezun olduğu sürece mezuniyeti üniversitesi programıyla başlayacaklar.
Dogga Üniversitesi son üç yıl boyunca en yüksek SBS okulunun ortalamasında başarılı oldu ve bursların eğitimi desteklemekle birlikte öğrencilere tatmin etmekle mücadele etti.
Burçlar 4 yıl boyunca Doğaya Anatolian Lisesi'nde t-MBA eğitim modelini uygulamak için geçerlidir ve öğrencilerin sayılarına göre %5'den yüzde yüzde yüzde yüzde yüze kadar.
Dogga Üniversitesi, OYP'nin 491 ve üstlerindeki yüzde 80, 490, 490,4,480, 480 ve 480 öğrencilerin %50'i burs sunuyor.
Dogga Üniversitesi, 32YP'den 450'e kadar OYP'le öğrencilere yardım etmek ve müzakerenin başarısını desteklemek için bursları %5'den %40'a yaklaştırır.
Türkiye'nin en başarılı öğrencileri t-MMBA'yı takip etmesini reddediyor.
SBS'in birçok okuldan burs modelini seçen en başarılı öğrencileri, Türkiye'ye ve Dogga College'nin yenilikli ve bilimlendirici yaklaşıklarına sunulan t-MBA eğitim modelini seçiyor.
Öğrenciler üniversiteye başlayıp iş lideri mezuniyetini tamamlayarak, hala lise mezuniyet mezuniyeti mezuniyeti mezuniyeti programını Doğga Anatolian Lisesi tarafından önerildi.
Öğretmenler, üniversite mezuniyet seviyesine mezuniyet üniversitesi programlarını getiren t-MBA eğitim modelini takip ediyorlar. Öğrenciler, öğrenci konseyi, t-MMBA uygulamaları, yabancı diller, uluslararası teoriler, genellikle üniversite ve eğitimli birikaları ile birlikte okunuyorlar.
Dogga'nın burs fırsatları da Oxford kampüsün peşinde kampüsler için...
2'den 75'e yaklaşık %75'e kadar Dogta Kolej'ın kampüsü, Oxford'un eğitim modelini takip eden Oxford SBS'in ilk yılında bir Türkiye Şampiyonunun başarısını gösteren bir başarıyla tanımlanması için kullanılabilir.
Dogga Üniversitesi öğrencilere OYP'nin 481 ve 490'la 50,000 burs arasında %41'le 60, 60,000 burs ve 45,000 burs arasında bulunduruyor.
"İnsanların yatırımı Türkiye'nin geleceğinde yatırımdır."
Doğa Üniversitesi Uğur Gazenker'in öğrencilerinin her zaman gurur duydukları burs ve tırnaklara bakarsak, "Doğğa, sadece akademiklerde değil, her hayatta başarılı olan nesilleri yetiştirmeye çalışıyor." dedi.
Bu hedefle birlikte, öğrencilerimizi, tüm başarılarını kabul edip, akademika spor ve sanattan müzik ve sanatlara yönelterek daha iyi başarılara yöneltiyoruz.
Akademikler olarak, öğrenciler için başarı bölgesinin farklı olduğunu biliyoruz.
Önemli olan, onları bularak ve güçlerini güçlendirmeye teşvik ederler.
Öğrencilerimizin eğitimindeki yatırımların Türkiye'nin gelecekte yatırım yapılması ve başardıkları her başarıyla ödül olduğunun farkında bulunuyoruz." dedi.
Kazanmak her zaman iyidir.
"Bu üç noktayı kazanmak kolay olmadı ama kazanmak zevklidir." dedi.
Galatasaray'ın asistan yardımcısı ümit Davala, Gaziantsepspor'dan bir zaferle başlamak çok zevkli olduğunu söyledi.
Davala, yeni sezondan önce iki striptiz kazandıklarını ve genelde rahat bir futbol oyununu oynadıklarını söyledi ve şöyle dedi: "Her zaman iyi hissediyorlar.
Gazitansepspor etkili bir ekiptir. Ama ama ama hedefleri taktıktan sonra her şey bizim için kolay olduğunu söyledi.
Sıcaklıktan gelen arabalar EASY'de değil.
Oyuncular ve oyuncular birbirlerini kaçırdıklarını ve sona üç noktayı verdiler, "Burssaspor'u terk etmek için zor bir eşleşmemiz var." dedi.
Eşleşmeler kolay kazanılmaz.
"Gazitansepsor eşleşmesi bunun kanıtıdır." dedi.
Kabul edilmiştir ve nasıl emeklilik alıyorsunuz?
Şu andan itibaren profesyonel hayat ve sosyal güvenlik sorunlarınızla ilgili sorunları çözmeye çalışacağım ve merak ettiğiniz şeyler hakkında konuşmaya ve seninle olan deneyimlerimi paylaşmaya çalışacağım.
Sevgili okuyucular, sizler sosyal güvenlik ve profesyonel yaşam hakkında yüzlerce haberle karşılaşıyorsunuz.
Şu andan itibarlı, güvenilir ve güvenilir bir haber vereceğim.
Birincisi, kamuda büyük etkisi olan felsefelere bir bakmak istiyorum.
Bir seri makale şeklinde bu dossier ile uğraşacağız.
Makedonlarımızda belli olan tüm soruların cevaplarını bulabilirsiniz.
Allipek@hriy.com.com.org.com'da cevaplar bulamadığın soruları size özel ilgilendirebilirsiniz.
Sana ne kadar yakında cevap vermek için bütün çabaları toplayacağım.
Emeklilik nedeni ne?
SGK yasasının verdiği yasalara göre, SSK veya Bağ-Kur ile mücadele edenlerin en az 60'ı kaybetmeleri ve hayatlarını güçlendirme yeteneğini sağlamak ve sigortayı önümüzdeki ücretle karşılaştırmaları için erken emeksel ücret alması anlamına gelir.
Yukarıda bilinmeyen genel hizmetçiler, meslektaşlarını kaybederlerse, görevlerini yerine getiremeyecek kadar erken emeklilikte bulunabilirler.
Kimler etkisiz sayılır?
Diyarbakir'den yazıyorum, adım Mehmet Gültekin ve 5.40 gün sigortası için 920 günüm var. Askeri hizmetimin tam olarak 1,460 gün sigortam ödemesi için.
Ayrıca real hastalığım da var.
Teşhis tedavisi alıyorum.
Şu anda çalışıyorum.
Emekliliği almaya hakkım var mı?
Mehmet, öncelikle, lütfen yakında iyileş.
Soruşturmanızda belirttiğiniz koşullar arasında, ilk başladığınız zaman göstermemişsinizdir.
Ama nasıl bir emeklilik emekliliği hak edebileceğini söyleyeyim.
Öncelikle, yasalara göre 10 yıllık görevli olmanız ve 1 800 gün için sigorta öngörüsü ödemeniz gerekiyor.
Ayrıca SGK Sağlık Konseyi tarafından teşvik edildiğinde, en azından iş kazasında veya işbirliği hastalığına neden olan çalışma yeteneğinin % 60'ı kaybettiğini düşünüyorsunuz.
Ancak % 60'lık siparişle tanıştırıyorsunuz, ama 1 800 günlük önceki ücreti tamamlamadığın için emekli olmaya hakkınız yok.
Tabii ki ne kadardır çalıştığını bilmiyoruz.
10 yıl ve 1 800 günlük premium ödemesini tamamladığın gün SGK'e uygulayacaksan emeklilik verilecektir.
Emeklilik emekliliğine yeteneğin şartları
10 yıllık kriterlerle görüşmeden ve 1 800 günlük emeklilik ücreti için emeklilik gerektiren bir kişi emekli olabilir mi?
- 1 800 günlük premium ödemesini tamamlamalısın.
Tek bir istisna var: Başkasının bakımı ve bakımı gerektirmeleri gerektiğine karar verildi. Diğer koşullarla karşılaştıkları sürece 10 yıllık emeklilik emri olmadan emekliliklere sahip olabilirler.
Makaledeki sürekli önem veren hastalıklar veya koşullar hakkında konuşacağız.
İşe başlamadan önce etkisiz olanların durumu
Ben Ahmet Güller.
İşe başlamadan önce SGK yasasındaki bütün kurallarla tanışmama hakkım olmadığını söylediler.
Ben haksızlıkla tedavi edildim.
Bu haksızlık değil mi?
Nasıl emekli olabilirim?
Ahmet, yasanın bütün tələblerinden birisi, SSK ve Bağ-Kur'la birlikte göreve başlamadan önceki herhangi bir hastalıklarla uğraştığını yazmışsındır.
Bu rüzgârla karşılaşmadığından beri ücretsiz emeklilik size verilemez.
Ancak eski bir emekli emeklilik almak için tüm koşullarla tanıştığınızda emekli olabilirsiniz.
- 3980 günüm var ve 16 yıldır saklıyım.
SGK, çalışmaya başlamadan önce departmanımın başladığını teşhis etti.
Emekli olabileceğimi söylediler.
Bu durumda ne yapabilirim?
Emekli olamayacak mıyım?
Bana bir yolunu gösterebilir misin?
- Evet, doğru duydun.
Emeklilik yüzünden emekli olamazsın.
Ama SGK yasalında sizin için de emekli bir seçenek var.
Başka bir deyişle, 2008 Ekim'den ve Ekim 2008'den sonra iki durum var.
Bu tarihden önce çalışmaya başlayınca SGK'in çalışmaya başlamanıza izin vermeniz gerekirse en az 15 yıllık idare edilme durumuyla, en az 15 yılda sigortama için sigortaya ödemeniz ve 3 600 gün boyunca sigortamı ödemeniz gerekebilir.
Bu nedenle, en yakın SGKate'le iletişim kurmanızı ve emeklilik için başvurmanızı öneriyoruz.
Ama 2008 Ekim'den sonra çalışmaya başlayacaksan, en az on beş yılda emekli olabileceğin durumda eski emekli emekli olabilirsiniz ve en azından 3 960 gün, yaşta ve sigortada yaşam sigortasına ödenebilirsiniz.
Çalışmak için çalışmayı bırakmak zorunda mıyım?
Şu anda, şoför olarak çalışıyorum.
Hastaneye gittiğimde kanser teşhis ettim.
Emeklilik sağlıkları için emekli olmak istiyorum.
Bu durumda işi bırakmak zorunda mıyım?
İş bırakmadan emeklilik için başvurabilir miyim?
Emeklilik verilene kadar çalışmak istemiyorum.
- Doğru duydun.
Emeklilik isteğinizi kabul etmek için çalışmayı bırakmalısınız.
Ancak emeklilik için başvurmadan önce SGK kanunlarına göre etkisiz olabileceğiniz teşhis edilmelisiniz.
Ancak eğer emekli değilseniz diğer şartlarla emekli olun.
Emeklilik teşhis edilmeden önce emeklilik için başvuru yapmanın bir anlamı yok. Ama işsiz olma riski var.
Bunun için, 1 800 gününüz yeter.
SGK'e başvurunuzu teşhis etmek için başvurunuzu teslim ettiğinizde, SGK seni yetkili bir hastaneye yönlendirecek.
Sağlık konseyine (SGK'e) uyarıldığında, bu konuyu kendi sağlık meclisi tarafından değerlendirir ve eğer kanserin yüzde 60'dan fazla çalışma yeteneğini kaybettiğine karar verirlerse, bu sizin emekli uygulamanızın nedenidir.
Ancak emeklilik verilmek için sigorta şirketine 10 yıllık ödeme ödemesi gerekir ve eğer bu dönemi tamamlarsan emekli olacaksın.
Başka bir deyişle, çalışanlar için ve SGK sağlık Konseyi'nin etkilenmeleri kararı olmadan uygulamaları akılsızlıkla yapabileceğimizi söyleyebiliriz.
Ancak tüm koşullarla tanışırlarsa, aynı zamanda SGK'den emekli durumun ve emekliliğin teşhisini isteyebilirler.
Bu, emeklilik için biraz önceki randevuya iade edilmeniz için yardımcı olabilir.
Bağ-Kur borçlu bir emeklilik müsaade eder mi?
Bağ-Kur tarafından teşhis edildim.
Tüm koşullarla tanıştım.
Ancak borçlu olduğumdan beri emekli olamamı söylediler.
Ne yapmalıyım?
- Sevgili okuyucu,
Bunu sana söyleyen doğru.
Diğer şartların ne olduğunu yazmadın ama eğer bu koşullarla karşılaştığını düşünüyorsan, 4/bmyum borcunu ödemelisin.
Ama sana özel tavsiye verebilirim.
Emeklilik verildiğine göre, borcunu bankalarla ya da benzer kurumlarla karşılaştırarak ödemeni öneririm.
Önceki emeklilikler, ne kadar ödeyeceğiniz ve borcunuzu ödeyebileceğiniz kadar ödeyeceksiniz.
Bu kurumlar emekliliğinizden ödeme kuruluşunu dolduracaktan beri kredi almak kolay olacak.
Emeklilik emekliliği ödemenin nedeni nedir?
SSK, Bağ-Kur ve Retrament Funds'a katıldım.
Emekliliğim ve emeklilik kuruluma ne zaman izin vereceğim?
Sevgili okuyucu, eğer birden fazla statüyle çalışmışsanız, SG-K, ya da vatandaşlık hizmetçisi olarak son sigorta statüsüne sunacaksınız. Diğer kelimeler de SGK' tarafından yargılandığında, eğer son pozisyonunuz SGK'den ayrılırsa ve tüm koşullarla karşılaşacaksınız.
Hastaneler SGK'de geçerli olduğunu rapor ediyor.
Nasıl başvuracağım?
Sağlık raporu alabileceğim hastanelerden hangisi?
Sağlık Konseyi raporlarına göre, provisial sosyal güvenlik müdürlerine ya da sosyal güvenlik merkezine başvurmak yeterli.
SGK, senden sağlık Bakanlığı, Üniversitesi ve hastanesi ile ilişkili bir eğitim ve araştırma hastanesini ziyaret etmenizi isteyecektir.
Ancak bu hastaneler yaşadığınız bölgede bulunmazsa, sağlık Bakanlığı tarafından yapılan bir hastaneye gönderilebilirsiniz.
Özel bir hastaneye gönderilebilir miyim?
- Mümkün olabilir ama şartlar işe yarar.
Eski yasalara göre, sadece devlet hastanesindeki hastaneler, acil durum riskleriyle tedavisi olan hastaneler için, ama 1 Eylül 2013'den gelen yeni kurallara göre, hastanenin SGK ile tedavisi olan hastane riskleri, acil tedavisi olan hastane riskleri bulunmaktadır.
Ameliyatlı bir operasyon için neler gerekir?
Savcılık durumunu teşvik etmek için 1 800 günlük premyumu ödemek yeterlidir.
Hastane masrafları SGK tarafından ödeniyor.
Ayrıca 10 yıllık sigorta süresi gerekmiyor.
Emekli bir emeklilik ücreti karşısında, eğer kişinin umursaması gerekirse, 10 yıllık üyelik raporu olmadan 1 800 gün yeterli olacak ve emeklilik sağlık raporuyla emeklilik raporuna verilecektir.
Bu nedenle, kişinin ilk defa onun ya da zayıflığını teşhis etmesini istediği zaman, SGK, sağlık bakımına ihtiyaç duyduğu bir kasada 1 800 günlüğünün tek hedefini kontrol ediyor.
Narhigle operasyonu
Polis Narhigle kafeslerinde yapılan yasaları kontrol etmeye başladı.
Birçok dükkanlar ve inşaatlar hafta sonu sınavları bittikten sonra nargöle satmayı durdurmak zorunda kaldılar.
Polis İstanbul'daki nargöle kafelerindeki operasyonları organize etmeye başladı.
Nargle satışları, Beşiktaş'ta bir operasyon işlettikten sonra lidersiz kuruldu.
Neredeyse tüm nargle kafeleri baskınlar tarafından etkilenmişken, cezaları nargle satmaya devam eden kafelere verilecektir.
Shops ve satışlar kapalı olacak.
Eğlenceliler.
Tobacco ve Alkol Pazarı (TAPDK) (TAPDK), "Telformation of Conformation of Production Cumhuriyeti" (TAPDK) tarafından yayınlandı. Narungle Toblacco Profesyonel Shoac Shock simps ve bu model üyelikleri işletmek için anlaşmayı kurmak ve gerekli talepleri oluşturmaktadır.
Bilgilendirme, okullardan en azından 200 metre uzaklaştırmak için beş aylık bir süre verilmesi yayınlandı.
Ayrıca, kamu yerlerinde kamu yerlerinde sıçmak da yasaktır.
İlk baskılar dükkânlara aykırı ve uyarılar dün Beşiktap'te başlar.
Çoğu lider lidersiz satışları bırakmam gerekiyordu. Bu da Bebek'deki Al Sulgrave'daki en popüler kıyafeti olan Al Sulgram'ın en popüler kafeleri de dahildir.
İyiler 3000 TL'den başlıyor.
Polis, lidersiz bu kuruluşlar rahigle satmaya devam ederse 3000 TT'den başlayacak.
Mağazalar üç kez kapalı ve mühürlenecek.
Görünüşe göre, İstanbul'da geçerli bir restoran lisansı olan sadece beş dükkan ve kuruluyor.
Tehditler şişelere şişeliydi.
TAPDK, 27 Temmuz'da yayınlanan uyarılara uyarılan uyarılara uyarmak için, sağlık uyarıları şişe formuna göre şişenin formuyla çerçeve şişesine göre, "göle" hologramını şişe şişesine koymak zorunluydu.
Bu şişenin şişe parçasından başlama cihazına uyarmaktadır.
Sağlık uyarıları mavi, kırmızı, sarı ve siyah olarak yayınlanmıştır.
Şu anda, böyle uyarıcılar bir sürü kafeye yerleşiyor.
Polis aileler için kritik bir uyarı gönderildi.
Güvenlik Müdürü, "mummer kampları" ve "student kampları" olarak adlandırılan olaylar hakkında uyarıcıdır.
İhtiyacın 17 şehirde toplandığı Anti-Terroration Direktörü'nden gelen ekipler, görünüşe göre GKP, MKP, PKP, ve bazı yasal gruplar da dahil olan örneğin yeni bir planı buldular.
Güvenlik güçleri, "summmer kampı" adı altında kamp kuran terör örgütlerini ve gençler için "student kampını" ele geçirmeleri ve ailelerini bu kamplara göndermemelerini uyarmıştır.
Anti-Terör polis birimleri, örgütlerin farklı vilayətlerde 41 kamp planladığını ve ailelerle birlikte çocukları bu kamplara göndermelerini istediklerini söylediler.
350 aile çocuklarını kamplara göndermeden engellendi.
Anti-Terr polisi, özellikle DHKP, MKP ve TKKKKP'in gençleri yasal kenti kullanarak örgütlerini kullanmak ve aileleri teşvik edilecek olaylarla ilişkilendirmek için teşvik ettiler.
350 aile polis tarafından verdiği öğütlere uymuş ve çocuklarını kamplara göndermemeye karar verdi.
Polis uyarılarından sonra, 41 kamp planlanan 14 kişi iptal edildi.
İhtiyacın azalmasına rağmen örgütler 20 kamp kurdu.
Güvenlik kuvvetleri iki kampın hala ilerlemesi ve beş başkasının gelmesi için planlanmış olduğunu belirtti.
Güvenlik General Müdürü, tüm devletlerdeki uyumlu güvenlik örgütlerine uyarı mektupları da gönderdi.
Gençler tuzağa düşüyorlar.
İmir, Kocakili, Balkkayele, Nihrede, Burte, Burtna, Bartney, Artina ve Hatta'da 20 terör kampının kurulduğunu fark ettiler.
Güvenlik raporlarına göre, kamplara katılanların çoğu son zamanlarda Üniversiteye katılan öğrencilerdi.
Yasadışı organizasyonlar, gençleri kamplarda yayılan propagandayla yakalamaktadır.
Kamplarda, organizasyona olan sadakatini artırmak için yeni ekipler eğitilir.
Bu kamplarda, "summer kamplarının" maskesi altında, "summer kampları" gibi sorular üzerinde, ayrıca teşkilat eğitimi ile ilgili sorular kullanıldı.
İleti yarım yüzyıl sonra bildirildi.
50 yıl önce Atlantic Okyanusunda bir şişeye atılan bir mesaj, Dennis Komsa adında New Jersey'deki bir çocuk tarafından bulundu.
Cam şişe, geçen yıl ABD'de kuşkulu Sandy'yi vurduktan sonra bir evde enkazda bulundu.
Mesaj okundu: "Kendiye, lütfen aşağıdaki sorulara cevap verin ve sonraki adrese gönderin.
Bu Dennis Komsa (12) bilimsel bir çalışma."
Mesaj şişenin nerede ve nasıl buldukları hakkında cevap vermesini istedi.
Şişede zarf ve ufak bir değişiklik vardı.
Şişe 16 Ağustos 1963 yılında New Jersey kıyısındaki okyanusa atılan ve yakın zamanda sahibine döndü.
1963 yılında 12 yaşında olan Komsa, o şişeyi görmeye şaşırdığını ve "Ben onu bulabileceğini düşünerek suya attım." dedi.
Ses frekansları aşık olmanı sağlayabilir.
Türkiye'nin ilk ses mühendislerinden biri Süden Pamir'in ses frekansları ile ne yapabileceğini söylediğinde çok şaşırdım.
Ses ya da mühendislik teknolojileri anlattığında, her biri müzikle ilgili ses sistemlerini derhal düşündüğünü düşünüyorum.
Ama ses teknolojileri terörizmini engelleyecek, ses frekans noktasıyla mükemmel cinayeti işletecek, sana aşık olmak isteyen kimseyi bir şey itiraf etmeye ya da sana dünyanın ritimiyle uyuşturucu yardım edebileceğini biliyor muydun?
Billive Üniversitesi'nden Süden Pamir, İngiltere Üniversitesi'nden bir ses mühendisliğini aldı ve Efendisi Ortak Üniversitesi'nde ses teknolojisini tamamladı.
Gatasaray, Beryoğlu, müzik teknolojileri, elektronik teknikleri, müzik teknikleri, müzik teknikleri, müzik teknikleri, müzik teknikleri, müzik teknikleri, müzik teknikleri ve kayıtlama tekniklerini öğreten ses mühendisleri şimdi kullanıyor.
Terörizmle ilgili bir altsal mesaj
"Doğru teknoloji nedir?" ilk sorumdu.
"Bütün dünyadaki bazı alanlara uygulanabilecek bir teknoloji.
Beynimiz elektrik akımlarının yardımıyla her şeyi görüyor.
Ses frekansları aynı zamanda elektrikli bir türdür; bu enerji.
Bu enerjiyi kullanarak, insanların anlayışını değiştirebilirsiniz ya da emrinizin kontrolü altında hareket edebilirsiniz." cevabı aldım.
Ses teknolojisinin önemli alt alt kütlelerinden biri alt düzeltme iletidir.
Bir mesajı müziğin ya da şarkının frekansında, bilinçle tanımlanmayan insan anlayışının sınırlarını, ama bilinçle tanımlanmıyor.
Örneğin, bir terörist saldırısı tehdit edildiğinde, müzik, Pamir'e göre bu bölgede yayınlanabilir.
Eğer yayın şarkısında, "bu saldırıyı taşıma" gibi bir mesaj farklı bir frekansda verilirse terörist bu mesajı seçici algılamayla kaydı.
Ne duyduğunu anlayamıyor, ama bilinçalgınlığı onu görüyor ve içten bir ses: "Bunu yapma" demiş gibi hissediyor.
O, bunu Allah'tan bir haber gibi görebilir.
Ancak bu tip altliminal mesajı, Türkiye ve dünyada kamu güvenlik riski oluşturduğundan beri kontrol ediliyor.
Süden Pamir sadece bir kez İstanbul Teknik Üniversitesi'nde olan bir konferans sırasında bir mesaj hazırladı.
"Ben öğrencileri konferans sırasında müzik dinlemesini sağladım.
Muziğin bazı frekanslarında suya yalvaran bir ses vardı.
Sınıfımın sonunda öğrencilere susamalarını sordum.
Şaşırtıcı olarak, hepsi çok susamış." dedi.
Pamir'e göre, alt liminal iletiler yasadışı olarak kullanılmaktadır ve şöyle diyor: "Bizin ülkemizde bazı radyo kanalları bu şekilde yapmıştır ama ayrıntılar bilinmez.
Almanya'daki Black Ses Radyosu, radikal İslamistlerin kullandığı frekanslar tarafından kullanılan bir kanal var.
Denizaltılı olarak çok şiddetli ve dinsel mesajlar çağrılıp uyuşturucuyu kullanmaya teşvik ediyor.
Alman ve Türk polisleri bunun farkındadır ama suçluların değişmesini engelleyemezler." diyor.
Bu tehlikeli mesajlar müzik dünyasında da kullanılmaktadır.
Özellikle de ağır metal gruplarının şarkılarında...
Bir iddiası, kulelere çarpan uçaklarda teröristler yoktu; saldırılar pilotun bilinçli aklına doğrudan gönderilen emri tarafından yapıldı.
Konfidant Tablosu
Ses teknolojileri de suç için kullanılabilir.
Bu bilim, özellikle Amerika'da banka soygunları sırasında kullanılır.
Örneğin, polis soygunla iletişime geçtiğinde, ses mühendisleri, bankadaki kişinin telefonun sesinden nerede olduğunu belirleyebilir.
Metal, tahta, plastik ya da diğer yüzeyler farklı olduğunda bir sesle oluşturulur.
Sesin doğasına göre, odanın büyüklüğünü ve onun içinde olduğunu ve kaç tane köşe olduğunu belirleyebiliriz.
Bu şekilde, suçluların sesi kararlı olabilir. Bir çeşit nesneler var ve o odanın büyüklüğü ve şekili vardır.
Bunu yapmak için bir bilgisayar programı var ve Pamir bu programla bir opera binası için çizildi. "Ben binada mükemmel bir ses sistemine ulaşmak için 175 sesli sesin yerini değerlendirdim.
Bu pahalı bir teknoloji değil ve 4000-000 dolar.
Ses frekansları mimarhanede ve iç tasarımda kullanılır.
Pamir bu konuda çok şey yapıyor.
Örneğin, iş adamları bir toplantıda bulunduğu bir restoranda, toplantı masasından uzaklaşmayı engellemek için bir mekanizma kurulabilir.
Sadece masadakiler masada söylenenleri duyabiliyor.
İki adım uzakta biri masada söylenen bir şey duyamaz.
Bu mekanizmaların genel general prensipi şu: "Eğer sesi yok etmek istiyorsanız, aynı frekansda başka bir sesle karşılaşmanız gerekir ve kendi moleküler yapısının tersine, ve onun ateşe çevirerek mevcut sesi iptal etmeye çalışın.
Böyle bir sistem olmasaydı bir uçağa asla binemezdi.
Bunun nedeni, uçağın motorlarının sesi sürdürülmek için çok yüksek.
Uçakta, bu sesler kendilerini iptal etmek için birbirleriyle çatışmaktadır.
Bu sisteminle evindeki seslerin açık olmasına rağmen huzurlu bir çevre yaratabilirsiniz."
Mısırlı Pyramids sesi mi yaptı?
Pamir tarafından yapılan diğer ilginç işler daha var. Türkiye'nin ilk ses mühendislerinden biri.
Örneğin, Ayavaly'deki açık havalı disko'nun dışındaki müzik sesini duymasına engel olan bir mekanizma geliştirdi.
Ses sınırdan daha fazla gidemez, başka bir ses frekansıyla çatışıyor ve iptal oluyor.
İsterse, bir odanın içinde tanımlanan bir çizginin ötesinde bile iptal edilebilir.
Pamir bir okul sporunda spor ve konserler için de uygundur.
İkili kullanıyor.
Basketbol oynarken, ama bir konser sırasında yansıma gerekir.
Teknolojiler sadece açık ortak konserlerde duyulabilecek ses kalitesini sağlamak için olasılıklı teknolojilerdir.
"Biz, gereksiz sesleri iptal ediyoruz ve insan anlayışını düzeltiren ve müzik anlayışını daha kolaylaştıran frekansları kullanıyoruz.
MTV bu konuda çok gelişmiş.
Açık konserler yaptılar ve sesler sahadaki stüdyo kayıtları gibiydi." diye açıkladı.
Tubitak da böyle bir deney yaptı.
Ses bölgesinde alüminlik iki plakayı birbirine ayırın.
Mısırlı Pyramids'in sesle yapıldığını iddia eden bilim adamlar var.
Taşların bir yere taşınabileceğini düşünüyorlar.
"Seni suçlu amaçlar için kolay kullanabilir mi?" diye sordum.
Diğerleri de okuyabildiğinden beri New York Üniversitesi'nde çalışmaları okuduğumda çok korkmuştum.
Sonuç şu ki, araştırmalar laboratuardan daha öte sınanmış olsa bile, bunun iyi imanla yapılmaması gerekirse, muhtemelen kötü sonuçlara yol açabilir." diye cevap verir.
"Arkadaşlar Arapça etkilidir."
Süden Pamir, bu gürültülerin insanları etkileyebileceğini ve şöyle açıkladığını söylüyor: "Bütün kulakların beynine aktarıldığı seslerdir.
Aslında insanlar sadece odaklandıklarını duyuyorlar ama diğer sesler de beynine aktarıyor ve yoruluyor.
Bu yüzden beyin temizlenmeli, toprağın üstünde yürüyüp doğal bölgelerde gezinmenin yardımı vardır.
Benim fikrimde, mekanizmalar gürültü içmek için okullarda kurulmalı.
Bu şekilde, öğrenciler öğretmenin sesine odaklanabilirler ve uzun zamandır konsantresini saklayabilirler."
Pamir, ses frekanslarının özelliklerine dayanan dualar, Arapça okunduğu zaman daha etkili olduğunu ve Arapçanın çok zengin bir ses frankları olduğunu gösteriyor ve bu kelimelerin bir araya geldiğinde, birbirlerine olumlu etkiler yaratmanın bir yolu olduğunu gösteriyor.
"Ama dualar yüksek sesle okunmalı, Yasin'in ayetini okuduğumda çiçek gibi titredim." diyor.
Frekansla aşk olarak tanımlıyorlar
Birinin ses frekanslarıyla aşık olmanın mümkün olup olmadığını soruyorum.
Pamir, aşkta düşen frekansları tarif ediyor, ya da birinin duygularını etkileyen frekansları şöyle diyor: "İşte konuşmak istediğin kişinin aşık olduğu zaman kullanmak istediğin frekansları bulmalısın.
Bu frekansdan daha yüksek frekans kullanarak onu etkileyebilirsiniz.
Örneğin, bir kişinin stajyer frekanslarının 300 HB olduğunu düşünelim.
Birlikteyken ya da duygularını etkilemek için müzik çalmak istiyorsun.
Tek rakamların gücüni azaltıp, oynadığın müzikdeki iki katlı frekanslı frekansları arttırırsan, o zaman kişi daha etkilenir.
Böylece, ya da onun önündeki kişiye aşık olabilir."
Pamir dünyanın siyasetçileri için özel ses sistemleri hakkında konuşuyor, ve siyasetçiler onların konuşmalarını etkileyici olarak ele geçirirken, bir politikacı, güçlü ve iş sanatçı olarak görülebilir.
Pamir'e sordum: "Bu anda Japonya'da insanlar, kıyamet gününde Michael'ın kıyamet günü patlatacağına inanıyorlar.
Örneğin, örneğin, insan nefessinden yapılmış gibi, muhteşem bir aletdir."
Altın fiyatlar yükselecek.
Kanada'daki Goldwissky, Kanada'daki Gold Analisti, Hıristiyanlar, Hükümetlerin ödeme değerini azaltmaya çalıştığını belirtti ve bu yüzden altın fiyatlar, "Gold güvenli bir paraya sahip olacak." dedi.
Geçen haftaki en üniversiteli malzemenin en talep talepleri, ve Hrushwkyski'nin son hafta ilk yarımda ücretini arttıran fiyatlara göre AA ajans ile Hindistan'da yatırımcılık tasarruf eden ve Hindistan'ın fiyatlarının alt fiyatları üzerinde altın fiyatlar fiyatıstıklı fiyatlar karşısında göründüğünü bildiren ve "Kina'da altın artması ve bu fiyatın artması için büyük bir rol oynanıyor." dedi.
Hindistan'ın geleneksel olarak altın satıcısı Hrushwsky, "Benim ki Hrushwsky, hükümetin altın itaatları sınırlandırarak hesapları yönetmekle uğraştığına inanıyorum. Ama bu daha fazla destek almıyor.
İnsanlar bu tuzakta bir yol bulacak," dedi.
Hrushwkyski, uzun süre içinde altın yatırımcılara altın yatırımcılık yapmayı ve değerlendirmelerini bildirmelerini tavsiye etti: "Gold güvenli bir malzeme olarak hizmet edecek.
Bazen birçok Batı Hükümetlerinin yüksek borç seviyesi, üyelik seviyesine tanımlanabilir.
Hükümetler borçlarını azaltmaya çalışıyorlar.
Bu yüzden altın fiyatlar şimdiki seviyenin üstünde yükselecek.
"Unca terimde altın pazar risklerini azaltmayı başarılı kılıyor."
Dünya Gold Konseyi'nin general yatırım müdürü Marcus Grub, altın basit, şeffaf ve güvenli bir organizasyon olduğunu belirtti ve finans pazarları daha da karmaşık ve pazarlıklı bir şekilde artıyor.
O dedi ki, küçük bir sürü altın eksikliği, genellikle pazarındaki belirsizliği daha da iyileştirmişlerdir.
Grubb, son 10 yılda altın yatırımının yükselişini göstererek şöyle dedi: "Grol, çeşitli organizasyonlarda küresel yatırımların %1'ini temsil ediyor.
Pazar fırsatları hala altındaki yatırımların artması için çok önemlidir.
Bu çeyreklikte, altın boğa ve paralar üzerindeki güçlü başkentte, daha önceki yıla göre 78'den oluşan, yatırımcıların ilgisinin korunduğunu gösteriyor." dedi.
Ekonomi büyümesini desteklemek için, Hindistan ulusal altın maddesini arttırmalı."
Grub, Hindistan ve Çin'deki en büyük altın pazarlarındaki sorulara cevap verdi. İkinci çeyrekte altın fiyatları mücevherler, altın boğalar ve paralar için talep talep etti ve bu Asya alıcılarının yatırım iştahısını arttırdı.
Grub'un, üstte hatırlanmış dönemde, altın mücevheri için istek 54'te ve Hindistan'da % 51'te arttı.
Grubb, Çin tüketicilerin, fiyatın yükselişi olduğunda altın alıp satmanın avantajına yararlı olduğunu açıkladı ve şöyle dedi: "Çin, Çin yılın ikinci yarısında sessiz kaldı.
April'da beklenmedik altın fiyatlarından sonra, istek ve mücevher ezmeleri hemen satıldı."
Grubb, Hükümetin altın itaatlar üzerinde yasaklanan sınırların dışında, Hintler Merkez Bankası, rupe'nin ve yabancı para seviyesini engellemek için uzmanlarını desteklemek için tedbirler sağladı ve şöyle dedi: “Algınlık seviyesini, altın seviyeyi, altın seviyeyi engellemek ve bu nedenle zorluklara dayanmaktadır.
Dünya Gold Konsey, Hindistan'ın politikalarıyla sıraya giren altınlar maktik bir yatırım olarak kabul edilecektir.
Ayrıca uzun süreli politika hedefleri ve ekonomik büyümeleri sağlamak için ulusal altın maddelerini arttırması gerekir.
Global Gold Trends
Dünya Gold Konsey'in haberine göre, bu yılın ikinci çeyrekinde küresel altın talepler hakkındaki rapora göre, küresel altın talep 8656.3 ton, küresel altın boğa ve para satışlarda 508 ton.
Yılın ikinci çeyrekte ülkelerin mücevherleri için değerli bir artış görünce, Çin'de aynı dönemle aynı dönemde, mücevher talepten %5'te, Türkiye'de ve Orta Doğu'da %35'te arttı.
Bu dönemde tüketiciler Çin'deki tüketiciler, fiyatın artmasını beklemeye devam ettiler ve geçen yılın aynı çeyrekte 87 satışları ile yüzde 276 ton ile karşılaştırıldı ve 276 tonya ulaştı.
Hindistan'da, Hükümetin ilk çeyrekte altın imparatorluklarını engellemek için vergileri yükseltmesine rağmen, tüketiciler, önceki yılla karşılaştırılmış 71%'den arttı ve 310 tonya ulaştı.
Siyah Deniz filmi: Hill'in gençleri
Filmin müdürü Trabzon'dan bir doktor.
Filmdeki aktörler şirin, kıçlı, gülümseyen, Ciceklindüzi köyün sakinleridir. Filmin vurulduğu yerde.
Aşk özgür
Film sadece 400.000 TL bütçesi ile vuruldu ve senaryo yoktu.
Sinemaya büyük bir aşk olan İsmemet Etradyn'in lideri ile bugün büyük ekrana vurarak, "Gerçek Sealan Hikayesini izlemek" amacıyla "Hill'in üyesi" oldu.
1980 yılındaki filmin ilk açısından, Cicekklidüzez'in köyünde Akcabat'ın yakınında vuruldu ve filmin kendisi gibi zevkli bir oyuncu filmi çekti.
Basın, Forum AVM Cinematif tiyatrounda tutulan baş açığa ilgisini gösterdi.
Gala gecesinde oldukça kalabalık gördüğümde, halk dansları ve Black Sea Folk şarkıları ile muhteşem bir gece gösterdi.
Prezident Deputy, Muhammet Balta, Trabzanda Başkanı, Dr. Orhan Fevizi Gurukologu, Corçöküs, Erovinal, İslamın Müdürü, Meclisi, Yahtaliye, Doğumuz, Meslektör, Merkez Akarcak, Afukla, yerel üyelik üyelikleri ve üyelik üyeliklerine katılan üyeleri de dahil olmak üzere bir kaç meslektöre katıldı.
Bu film Dr. İsmet Erayd'in, Altut Küçük'ün tarafından yazılmış ve sinematik sinematik rotasıyla yönetilmişti.
1980 yılında "Hill'in" filmi 61 basıncıyla, Kara Deniz lehinin ilk kez anlaşılmasını sağlamak için Türk altıncısı var.
Yıldız tepede parlıyor!
Filmin önde gelen aktörlerinden biri, Ayt Karasanoğlu, sadece 18 yaşında.
Trazbon'da yaşayan Ayt'ın en iyi davranışlarını izlersin.
Oyuncular'daki amatörler'de drama sahnelerini idare etmekle ilgili bir tarihi olan aktör.
Sona kadar alkışlanan Karasaoğlu, seyircilerin "güzel ve büyük performanslarına göre bir oyuncu olacaktır" demeleriyle aynı tip Karasoğlu.
Komedy ve Drama tekerlekli
13 Eylül 1980'de Traspubton'da bulunan Ciceklindüziz köyündeki olayları anlatan filmin konusu şu ki:
"Roto'nun önde gelen karakterinin babası Almanya'da çalışıyor.
Kış sezonu sırasında okula gidecek ve yaz sezonunda bir çoban olarak, eğitimini tamamladıktan sonra bir doktor olmayı hayal ediyordu.
Ama çalıştığın zaman çalışmak kolay değil.
Zülkeyya'ya olan sevgisi köydeki en zengin ailenin kızı olan Zülkeyha'ya, sadece her şeyi daha da zorlaştırıyor.
Zülleyeya'ya sevgisi hakkında yıllarca arkadaşlarından aldığı öğütle ilgili söyleyerek, Zülkieya'nın babası Sabri'nin şeklinde bulaşmak için çok zor bir engel buldu.
Sabri Aga kızı için farklı planları var.
Bu arada, “göylü köyden gelenler bir araya gelip eşya çalıyorlar, ve bu tepedeki köylerden savaşı neredeyse itiraf ediyorlardı ”.
Kısa bir filmden uzunluğuna kadar...
Gala'da, filmin ekran yazarı ve yönetmeni Dr. Ismet Eraydyn, filmi çok sıkı bütçeyle yaptıklarını söylediler:
"Bizin amacı, başladığımız zaman kısa bir film çekmekti.
Ama sosyal medyada çektiğimiz ilk sahneler uzun bir film yapmaya ve bunu yapmaya cesaret ettiğimizi hissettiriyor.
İstanbul'da bir dağıtım şirketine yaklaştığımızda, popüler aktörlerimiz olup olmadığını sordular.
Popüler aktörlerimiz olmadığını söyledim ama Black Denizi'den 86 aktörümüz var." dedim.
Filmler ve televizyon gösterisi bu kadar çok fazla zayıf kaliteli diyaletler ve Black Denizi halkı yanlış şekilde tasarlanmışlardı.
Daha sonraki filmde kara denizinden 86 kişi göreceksin.
Kara deniz filmini çekmeye çalıştım.
Keşke başkalarının benden önce bir film çekebilmesini isterdim. Bu durumda biz de yeminsiz bir komedi filmi izleyebilirdik.
Eğer Kara Sea'dan gelenler yanlış olarak gösterilmeseydi filmi vurmak zorunda kalmazdım.
İlk kez Türk filminde Türk altyazılarını kullandık.
Bu da ilk.
Kara Deniz lehinin daha iyi anlaşılması için yaptık.
İngiliz diyaloğu için filme onu Kara Deniz lehine çevirdik.
Kameraya odaklanan kişi o filmi vurduğunda aktör olmuştu.
"Hill'in sanatları ilk filmimiz.
Hatalar ve hatalar olabilir dedi.
Siyah deniz filmlerinde taze nefes çeken bu sıcak kalpli filmi kaçırma.
Parfümünü seçtiğinde dikkatli ol
Eğer kişisel bakımdan çok endişeliysen ve elindeki parfüm şişeyle dolaşırsan dikkatini çekmelisin.
Kullandığın parfüm deri hastalığı neden olabilir.
Denizatolog Dr. Funda Ataman'ın Pokikimoterma Hastanesi hakkında konuşmuştuk. Bu, kadınların erkeklerden daha yaygın olduğu ve kosmetik makaleler tarafından yapılabilir.
Civat'ın Pokilodererma, boynunun ve kıyafetinin arkasında gördükleri, Dr. Acaman açıkladı ve şöyle dedi: "Bu, ışığın ışıltısına bağlı olan insanların önümüzdeki ışıltıya bağlı kalıntılıdır.
Kahverengi ve kırmızı izler gibi ortaya çıkıyor.
Deri inceleşiyor, damarlanmış ve saç kökü daha açık.
Nabızın boyaması lazer tedavisi ve güneş ışığından korunması tek bir tedavi seçeneğidir.
Başka bir seçenek de retinoik asit içeren krema kullanılıyor.
Bu kremalar uzun zamandır kullanılmalı.
Kırmızılık, kuruyor ve tükenmek yan etkiler ya da alerji tepkiler.
Bu durumda tedaviye devam etmeye devam etmeliyiz.
Cinvat'ın Pokioderman'ın ana babaları genç yaşlarında korunması ve tedavi edilmeleri hakkında bilgi vermek zorundadır." dedi.
Sigara tüketiminin büyük azalması
Bu yıl Türkiye'de ilk altı ayda sigara içen sigara sayısı, geçen yılda aynı dönemle yüzde 10 yüzde 10 yüzde düştü ve 41 milyar 779 milyona düştü.
Bu yıl Türkiye'de ilk altı ayda sigara içen sigara sayısı, geçen yılın yüzde 10 yüzde 10'u azalttı ve 41 milyar 779 milyon dolarlık 190560'a düştü.
Tobacco ve Alkol Dairesi (TAPDK) Global Yetkili Tobacco Araştırmaları (GASTS) tarafından yapılan bilgilere göre Türkiye'de tütün ürünlerini kullanan ve araştırmacılar için kaynaklı bir veritabanı oluşturan yetişkinlerin statüsi hakkında bilgi almaya çalıştı.
Örgütün sonuçlarına göre, Türkiye'de 15 yılda ve 16 milyon kişiden 312 kişinin üzerinde (16 milyon) tütün ürünlerini her gün ya da zaman kullanıyordu. 2012 yılında bu numara 27,14 milyon kişi ve tütün frekanslarının yüzde 13.4 yüzde yüzde yüzde yüze düştü.
Erkeklerin yüzde 41.5 yüzdesi, kadınların %131'ü tütün kullanıyor
Erkeklerin tütün ürünlerinin kullanılması % 47.9'dan 41.5 ve kadınların yüzde 15.2 yüzde 13.1'den düştü.
Soruşturmaya göre, 10 kişi tütün ürünü kullanan 6 kişi sigarayı bırakmayı düşünüyor.
Bir ay içinde bırakmayı düşünenlerin %12.9'u ve bunu yapan kişilerin yüzde 2,4'ü 35.
Öğrenciler bölümündeki değerlendirme bölümü şöyle ifade edildi:
Tütün ürünlerinin tüketme ürünlerinin sonuçlarına göre, tütün kontrol yasaları ve Ulusal Tobacco Kontrol programı ve Türkiye'deki İş planı başarılı şekilde uygulandığını gösteriyor.
Bu şekilde, tütün ürünlerinin tüketici ürünlerinin sayısı 2008'den 2012'e kadar 2 200 milyon milyon insan azaldı ve bu frekansların yüzde 4.1'e düştü.
Dünya Sağlık Kuruluşu’nun 2013 yılında, Türkiye'de, tütün kontrolü sırasında yüksek başarılı bir derecede başarılı oldu ve tüm kriterlerle tanışmak için ilk ve tek ülke oldu.
Raporda, diğer ülkelere Türkiye'nin örneğini takip etmek istendi."
Domuz alanlarda sigara içmek yasaklığı devam etmektedir.
Bu yıl ilk 6 ayda sigara içen sigaraların sayısı, geçen yılın yüzde 10 yüzde 10'a azaldı ve 41 milyar 779 milyon milyon dolara düştü.
2012'deki aynı dönemde 46 milyar milyar milyarda 325 milyon 40 bin birim.
Walls şimdi dokunma ekranları.
Ubi I Etkileşimli, Microsoft'ın "Kinteric" teknolojisini kullanan çok ilginç bir ürün başlattı.
Windows'de Kinter'ı kullanan projeleri desteklemek için, Microsoft'un Keinter start programındaki 11 yeni şirketi de dahil.
Yazılım devi, ücretli şirketleri, iş konusu ve organizeleri olan şirketlere destek oluyor.
Ubi I Etkileşimli en ilginç yazılım temsilcilerinden birisini KinterTrack'ın yarattığı en ilginç yazılım temsilcisinden çıkardı.
Demoda sıradan bir projeksiyon, Windows için Kinter'i kullandı ve duvarın direksiyonu dev bir ekrana dönüştü.
Windows web sitesindeki Kinter'in yeni bir mesajına göre, teknolojiyi test eden birkaç şirket var.
Yazılım, özel beta test süresi sırasında 50'den fazla kurum tarafından test edildi ve şimdi Ubi'den bütün kullanıcılar için satışta.
Ubi web sitesinde fiyatları tarayabilirsiniz.
Fiyat 45'lik ekran için 149 dolar olacak.
20 noktaya dokunabilecek 100 kişilik bir ekran 1.49 dolara mal olacak.
Ubi'nin yazılımları ve Kinter'in bedel fiyatına dahil oluyor ama müdürü ayrıca satın almak zorundasınız.
Android'den başka bir yenilik
Google tarafından alınan bu patent daha da sadeleşecek ve dosyaları alacak.
Şu ana kadar, Android, model operasyonu sistemlerinin ve Google'un yeni bir diyalog teknolojisi için bir patent ödül almıştır.
Bu fonksiyon NFC ve Bluetooth gibi kablosuz teknolojileri destekler ve aslında Android Beam ve Apple Air dağını'ndan pek farklı değil.
Google'un son yenilikleri bu özellikleri, tek paylaşmak yerine kullanıcıların gruplarına veri göndermelerine izin vererek ve çekici ve rahatlık ve rahatlatıcılık sağlamakta olan kullanıcılara yol açıyor.
Bu yeni gelişmenin Android'in yeni versiyonların bir parçası olduğuna neredeyse eminim.
Burası Türkiye'nin yerel telefonu.
Turkellcell, smartistlerin iş bölümüne girdi.
Sponslar fabrikası Türkiye ve telefonlar Çin ile ortaklıkta üretilecek.
Buna T40 denir.
Turkcell Türkiye'nin yerel telefonuyla tanıştı.
TCELC Türkiye'de tasarlanmış T40 cep telefonu başlatıyor ve Türkiye'de Çin ile birlikte Türkiye'de işbirliği yapılacak.
Turkellcell CEO, CEO Felyayya Cilliv, ABD cips üreticisi Qualzem ile işbirliği yapacaklarını söyledi.
Ciliv, Türk üreticileriyle tanıştıklarını ve "T40 üretiminin müziği Çin'dedir ve üretimi 2013 yılına kadar Türkiye'de başlayacak." diye ekledi.
Bu çok sakin olacak.
Cilviv, telefonu fiyatta çalıştıracaklarını söyledi. Son fiyatın satışlar başlamadan yakında duyurulacağını söyledi.
Ciliv, T40'da pazarda pazarda pazarda patlama yapacak ve veri kullanımı ve artımlarını sağlamaktansa, bu şekilde daha fazla kazanç kazanç kazançlar kazandırmaktansa iyileşeceklerini söyledi.
2010 yılında Turkrew tarafından başlatıldığından beri, Cilviv, bu satışların yabancı ticareti 500 milyon TL ile azalttığını belirtti.
GÖRÜK İÇİN KİŞİKİKİKİ BİRİŞİKİKİKİKİ BİRİŞİKİKİKİ BİRİŞİKİKLERİ
Turkellcell CEO World Rayya Ciliv, T40'ın sesi yok edilecek, yüksek-defli ses, ses ve düzeltici bir kullanıcı arayüzüne sahip olacağını söyledi.
Ciliv, T40'ın fiyatının yayınlamadan önce bildirileceğini söyledi, ama bunun yeterli olacağını belirtti.
Herkes 5 BILLE DOLLARI İNSANLARI
Toplantıda bilgi ve İletişim Tehnologiyasının Başkanı Tayfun Acar'ın yerel üretimini desteklediklerini söyledi: "57'nin Türkiye'ye gelen telefonların %57'si cep telefonların cep telefonları.
Ortalama telefon fiyatı bu ilişkinin artışının sonucu olarak 300 dolara ulaştı.
15 milyon birimden itibaren, her yıl 5 milyar dolara değer telefonlar veriyoruz ve endişem bu miktar artmaya devam edecek.
T40, Aroid operatörü sistemini kullanacak ve Qualcom-core sektörü ve 1 GB RAM.
Hepsi şappiyona gidiyor!
Normal ikinci okulda öğrenciler imam şapkalı okulun öğrencileri oldu.
Eğitim Bakanlığı, 4+4+4 Eğitim sisteminin ardından Türkiye'deki bütün anaokulları, temel okulları, orta okulları ve imamipli şapkın okullarını değiştirdi.
Eğitim yılından bir yıl sonra, Ameliyat, yeni "yaygınlık" ile ilgili okullarda büyük birokul okullar çevirdi ve bu okullar, Devletler’in imzaladığı bir skandal olarak görüldü.
Skandaks dönüşüm, imampip okullarına dönüşen ve Konya'nın Ekip okullarındaki kayıtları yenilemeye başlayan, okullardaki bütün öğrencilere ilgisi olabilir.
Normal bir lise.
Seker anaokulu, 4+4+44 sistemden sonra, geçen yılın başlangıcında bir liseye dönüştü.
Okulda, 3 ve 4 not öğrenci, sistemin gerektiği kadar başka bir okula gidecek ve 6, 7 ve 8 lisede okulun 8 notlarını birlikte okuyordu.
Bir yıl boyunca normal bir ortak okul olarak çalıştıktan sonra, 2012-2013 akademiik yılının sonunda imam şappiyon okuluna dönüştü.
Emmam şappiyona dönüştükten sonra okul 5 sınıf öğrencisini ilk defa "ampip öğrencileri" olarak kabul etti.
Ancak geçen yılki normal ortak okulda 5 sınıfta kayıtlı olan öğrenciler, bu yıl 6 sınıftaki öğrenciler, imam şapka fakültesi okulunun öğrencileri olarak otomatik olarak tekrar tekrar tanınmışlar.
"Eğer sevmezsen, başka bir okula git"
Durumun farkında olan ebeveynler şikayet etmek için okuluna gittiler.
Ancak okul yönetimi, Dewincial Ulusal Üniversite Müdürü'nden alınan talimatlara göre, "Onlar çocuklarını imam şappiyonda devam etmesini istemeyenler başka bir lisede kayıt kurabilir." dedi.
Konya ilinin Ulusal Üniversite Müdürü tarafından yapılan duyuru, ilginç ifadeler vardı.
Dedi ki, "Konya Valiliği tarafından öğrencilerin sayısını ve okulları hesaba ve okullara götürerek, bu noktada Konya'daki 1520 okul imampaipe dönüştü."
Okullar okul kodlarıyla hizmet sistemine giriyor.
Ama okul bir şappiyona dönüştüğünde, eski okul kodu sistemden siliniyor.
Yeni bir okul kodu görevlendirilmeli ve öğrenciler yeniden gözden geçirilmeli.
Öğrenciler ve okulların değişik kodlarıyla okul öğretmenlerini ve öğretmenlerini suçlamadıkları için, bu okullar öğrencileri yeni okul kodu kullanarak imampapip okuluna aktardı.
Ebeveynler, isterlerse çocukları başka bir okula taşıyabilir.
İstanbul'da lüks bir operasyon
Sekiz yutlar 160 milyon Türk lira yakalandı.
Sekiz adet ekipleri tarafından bir yabancı ülkeden başkasına satıldıktan sonra, bu da Türk Özel bölgesine girmemeliydi ve İstanbul'da yakalandı.
Gizemli ve Ticaret Bakanlığı tarafından yazılmış bir ifadeye göre, Stanstanbistan Özellikleri ve İstanbul'un Bölgesel Bakanlığı ve İstanbul’un Deniz güvenliği ve İstanbul'ın Özellik yetkililiği, Türkiye'de yaşayan, Türkiye'de yaşayan Sehirbazı'nın üyeliği ve İstanbul’da bulunan Güney Deniz güvenlik Müdürüteciliği ve İstanbulasyon ve İstanbul’in Müdürü müdürüsüdürü müdürüsüdürü'ne kuruldu.
Özel güvenlik ekipleri tarafından test edildikten sonra, EE.E.A.'nin onları Türkiye'de satma amacıyla yut aldığını anlaşıldı.
Sekiz yutlar, bir hizmet gemisi ve yabancı bir ülkenin başkasına satılmış radar sistemleri ve jeneratörler, Türkiye Özel bölgesine girmeleri için yakalandı.
Özel yetkililer tarafından alınan iktidarın tam değeri 160 milyon Türk liras'ta verildi.
Bir Metrobus sokağa vurdu!
Zincilikuu'da sokak geçtiğinde...
Söğütülcherme'den ayrılan bir Metrobum, Avuçlar Yavuzan Dulgun'a karşı çıkmak için birden Zincliykukuu'nun etrafında birden geçti.
Bay Dulgun etkisi yüzünden toprağa yıkıldı.
Yavuzkan Dulgun, Bezmalem Üniversitesi Üniversitesi Üniversitesi'ne bir ambulans getirildi.
Sonrasında hastanede tedavi edilen Bay Dulgun'un hayatının tehlikede olmadığını keşfetti.
Bu arada memurlar ambulansunun sahneye geç geldiğini söylediler.
Polis kazaya bir soruşturmaya başladı.
Prokuror hizmetine "Olsun" dedi.
Aile Bakanlığı tarafından yapılan bir talep reddedildi.
SEYMAOUYY / VATAN
Mahkemede Abbas Şahin'in karısını öldüren, 24 yaşında, boşanmak için devasa talep etti.
Kurbanın annesi, Ayşi, İkiz ve kız kardeşi Hediye İkiz, 5.000 Mahkemedeki Mahkemedeki Mahkemesi'nde yapılan duruşmaların ilk görüşmesine katıldı.
Sahin'i savunmak için 4 sayfayı mahkemede savunmak istedi.
Savunmasında Bay Sahin şöyle dedi: "Karım yeni bir başlangıç yapmama yardım etmemi istedi.
Tanıştığımızda ev kiralamasını istedik ama evin nerede olduğunu bilmemi istemedi.
Kontrolü kaybettim ve yanımda olduğum silahı çıkardım.
O zaman karım direksiyonda duruyordu.
Araba yan yana gittiğinde silah kaçtı.
Karım koluma düştü.
Sonra onu bir poliklinik'e götürdüm.
"Üzgünüm." dedi.
Eğer bunu kabul edersek, her davada müdahale ederler.
"Kızım evlendiğinde 14 yaşındaydı," dedi.
"Kızımla evlendikleri sürece şiddetle uğraştı," dedi ve kurbanın kız kardeşi Hediye İkz'in kız kardeşini iki kez kaçırdığını söyledi.
Anne ve kız kardeşinden şikayet alan bir avukat, kadınlar ve Sosyal Wellong'in mahkemede katılma iznini isteyen bir avukat.
Mahkemenin mahkemedeki mahkemeye dair fikrini bildiren mahkûm Taryak Dursun Bendez'in "A'nın hizmeti, ihtiyaç duyulduğu durumda tüm idareye, suçluluk ve suçluluk, suçluluk ve aileye yönelik yetkililik, kadınlara ve aile üyelerine karşı olan zorbalık davası, zorbalık davası davası, hatta cinayet ve cinayet ve cinayete karşılık davası davasında bulunmaktadır.
Mahkeme savcısının isteğini kabul etti.
Bugüne kadar kabul edildi.
Kadınlar ve Sosyal Valderili'nde, karısı Melek Karalan'ı öldüren bir adamın ve ailesinin yargılamada müdahale etmesine izin verilmesini istemişti.
Mahkeme, hizmetin adaletli olmasını ve ona verdiğini değerlendirdi.
Kadın ve Sosyal Wellong'ın hizmeti karısı Esin Günşi adında bir öğretmen Esin Genşi adında mahkemede bulunuyor.
Geçen Ekim ayında Ekim'de, Kadın ve Sosyal Welfat'ın Bakanı Fatma Şahin, S.Ç. ve 6 akrabanın karısını boşanmak istediği için karısını öldürmek için ölüme mahkum etmesini yalvardı.
Mahkeme kararı verdi.
Van'da, Kadın ve Sosyal Wellowe'nin Adaleti Kere Çakan'ın Mahkemesi'nde bulunuyor.
