I popolisti di destra trionfano in Austria, hanno un totale del 29 per cento
Secondo i primi risultati preliminari delle prime elezioni del parlamento in Austria hanno portato ad un indebolimento percepibile di entrambi i partiti della coalizione attuale e un aumento significativo per i partiti populisti di destra.
Il Partito popolare austriaco (ÖVP), dove la posizione dell'attuale capo, Wilhelm Molterer, è stato gravemente arrabbiato, ha sofferto grandi perdite.
Al contrario, il leader della campagna dell'Alleanza per il futuro dell'Austria (BZÖ), il governatore carinthian Jörg Haider, sta preparando un trionfante ritorno alla politica nazionale.
Secondo i risultati preliminari, il Partito Socialdemocratico (SPÖ) rimane il più forte del paese con il 29,8 per cento dei voti, tuttavia, ha perso il 5,5 per cento dei voti dalle ultime elezioni del 2006.
ÖVP, che con il 25,6 per cento perde quasi il 9 per cento dei voti, ha peggiorato.
Questi sono i risultati peggiori di entrambi i grandi partiti della storia austriaca dopo la guerra, e in particolare per il Partito popolare, che ha esortato le prime elezioni, è letteralmente un risultato catastrofico.
All'inizio di luglio, quando ÖVP ha lasciato la coalizione, il Partito popolare ha ancora avuto un ruolo significativo su SPÖ nelle urne.
I voti, tuttavia, sembrano punirli per aver lasciato il governo disattivare.
Nei primi reazioni ai risultati, vi sono già state speculazioni sulle possibili dimissioni del capo del partito e dell'attuale vice-canallore Wilhelm Molterer.
Gli osservatori prevedono che questo potrebbe avvenire prima dell'incontro straordinario della leadership del partito il lunedì.
Un tale sviluppo semplificarebbe certamente il viaggio verso il ricorso sempre più probabile dai risultati elettorali, cioè il rinnovamento della grande coalizione di SPÖ e ÖVP.
Dato il rafforzamento di entrambi i partiti populisti di destra - il Partito della Libertà (FPÖ) ha ottenuto un preliminare 18 per cento e l'undici per cento dei voti - tuttavia, allo stesso tempo, i socialdemocratici hanno espresso la paura di una ripetizione dell'anno 1999, quando il Partito popolare ha concordato con i populisti (FPÖ era ancora unito in quel momento, si è allontanato da BZÖ nel 2005) su un governo comune, che eventualmente ha provocato sanzioni dall'Unione europea.
Haider, che ha già annunciato che è pronto a lavorare insieme a qualsiasi partito e presume che ritornerà a Vienna in politica nazionale, è evidentemente bancario su questo sviluppo.
Il Partito Verde è entrato anche nel parlamento, ma ha subito una leggera perdita e è caduto dal terzo al quinto posto tra i partiti politici austriaci.
Evidentemente nessuno degli altri partiti superò il marchio del quattro per cento ed è entrato nel parlamento.
Schwarzenberg: Le relazioni con l'India potrebbero peggiorare
Secondo il ministro degli Esteri, Karel Schwarzenberg, se non sarà possibile risolvere il problema dei scienziati cechi accusati in India con la collezione illegale di scatole, si potrebbe svolgere un certo peggioramento delle relazioni ceco-indiane.
Il ministro ha fatto questa dichiarazione a New York dopo l'incontro di oggi con la sua controparte indiana, Pranab Mukherjee.
"Se non è risolto, allora sì, allora si svolgerebbe un certo peggioramento", afferma dopo l'incontro avviato dalla parte ceca.
In seguito ai negoziati, Mukherjee ha affermato che era difficile che il succursale esecutivo intervenesse in materia giudiziaria.
Tuttavia, ha detto che nel caso di Petr Švácha, che è stato ripulito delle accuse e penalizzato con una multa, il governo centrale può negoziare con il governo locale a Darjeeling, sotto la giurisdizione di cui la questione appartiene.
"Il suo problema potrebbe essere risolto", ha detto il ministro.
Secondo Mukherjee, sarebbe meglio per Emil Kučera, condannato a tre anni di prigione, fare appello alle autorità superiori.
Può quindi chiedere di essere rilasciato sulla cauzione e aspettare il verditto fuori della prigione, ha spiegato.
Schwarzenberg ha confermato che il suo partner lo aveva anche detto durante i negoziati.
"Ricommanda di attrarre un tribunale superiore, allora sarebbe possibile perdonarlo", ha detto il capo della diplomazia ceca.
L'unico modo in cui la parte ceca può essere coinvolta nell'intera materia è fornire agli individui condannati un "supporto giuridico competente", ha dichiarato il ministro indiano.
Allo stesso tempo, ha detto che il lato indiano li sta già fornindo aiuto di questo tipo.
"È nel nostro maggior interesse mantenere le migliori relazioni con l'India, che hanno una tradizione di lunga durata.
Anche gli indiani lo riconoscono", ha detto Schwarzenberg.
Allo stesso tempo, come ha detto all'agenzia Ceca di stampa, ha sottolineato davanti al suo partner che la Repubblica ceca ha dato grande importanza al problema degli entomologi cechi.
"Consideriamo veramente l'arresto e la carica di questi scienziati cechi come un grave errore", ha dichiarato.
Il ministro evitò di rispondere alla questione di se aveva ricevuto una promessa dal lato indiano per perseguire la questione.
Ha dichiarato semplicemente "ho già ricevuto poche promesse".
Battaglia degli arbitri ceci per il pavimento oceanico
Si passa verso la mappa della parete elettronica che raffigura l'Australia e le zone del mare circostante.
Tuttavia, non è interessato al continente, ma in un piccolo punto perduto nel blu dell'oceano.
"Questa isola, e con esso il piano oceanico che lo circonda, appartiene all'Australia.
Allo stesso tempo, la zona è così grande come il continente stesso", dice l'avvocato italiano Luigi Santosuosso, che appartiene al team di trenta membri dei dipendenti della Divisione delle Nazioni Unite per gli affari oceanici e il Diritto del Mare.
Il suo capo, il direttore di divisione, avvocato ceco Václav Mikulka, segue ciò che dice e aggiunge occasionalmente qualcosa.
Zest e l'entusiasmo per il lavoro sono dominanti qui.
Il pavimento oceanico ospita un mondo così poco conosciuto ricco di risorse naturali.
È possibile trovare olio, minerali e altri minerali, ma finora anche organismi viventi sconosciuti che sostengono la chiave, ad esempio, allo sviluppo di una cura per il cancro.
Un piano più grande del continente
I paesi costieri oggi hanno cominciato a concorrere in modo atteso per il nuovo territorio sottomarino.
Si tratta, secondo un accordo dell'ONU che utilizzano i diritti in cui hanno concordato nel 1982 a Montego Bay, in Giamaica.
Questa è principalmente la zona del cosiddetto scaffale continentale, che spesso raggiunge fino a diversi centinaia di chilometri dalla costa del paese dato.
Secondo l'accordo, tale paese ha il diritto esclusivo a tutte le risorse del piano continentale.
"Prendendo semplicemente, il trapianto continentale è considerato come la parte del pavimento oceanico che è la continuazione naturale del continente sotto il mare e il suo substrato.
Si è raggiunto oltre il bordo del mare costiero, spesso anche oltre il bordo delle duecento miglia nautiche della cosiddetta zona economica esclusiva", spiega Mikulka.
La richiesta che il paese dato presenta alla Commissione sui limiti del calfo continentale deve essere sostenuta dalla documentazione scientifica e tecnica basata su numerosi sondaggi e misure costose.
È il risultato di molti anni di lavori preparatori.
"Uno dei nostri ruoli è quello di fornire la commissione un'assistenza tecnica giuridica e specializzata.
La commissione ha discusso finora cinque richieste, dalla Russia, dal Brasile, dall'Australia, dall'Irlanda e dalla Nuova Zelanda.
Solo gli ultimi tre di questi paesi hanno avuto successo finora", aggiunge Mikulka.
Recentemente il successo dell'Australia, che fu il primo a ampliare il suo dominio sottomarino, è stato registrato in tutto il mondo.
Ma la Nuova Zelanda ha guadagnato anche l'area del pavimento oceanico che la commissione ha concessa è di circa 1,6 milioni di chilometri quadrati, vale a dire circa sei volte più grande della dimensione del paese stesso.
Entrambi i paesi hanno investito milioni di dollari in indagini.
L'utilizzazione del pavimento oceanico in futuro sarà, essi sperano, inestimabile.
Altri paesi presenteranno anche gradualmente le loro richieste.
Hanno fino a dieci anni dal momento in cui hanno ratificato l'accordo sulla baia del Montego.
Quando termina il trapianto continentale, inizia la zona del piano oceanico dichiarata dall'accordo come "eredità comune dell'umanità".
Qui non ha più nessun paese una posizione esclusiva.
I diritti minerari in questo settore sono concessi attraverso l'accordo istituito dall'istituzione internazionale.
"Ma il piano oceanico non è Klondike", il direttore Mikulka dice esageratamente, aggiungendo che le sue " zone individuali sono legalmente chiaramente delimitate e il loro regime è ancorato nei contratti."
Cechi nel Pacifico
Parte del piano oceanico appartiene attualmente alla Repubblica ceca.
Lo condivide con altri paesi dell'ex Blocco Orientale come parte dell'organizzazione comune "Interoceanmetal".
In accordo, questa organizzazione, come gli investitori di vari piccoli altri paesi, ha ottenuto lo status di cosiddetto "investitore dipionatura" nel 1991.
È autorizzato a minare nella zona ClarionClipperton nell'Oceano Pacifico, che si trova tra Messico, Hawaii e Kiribati.
L'area indagata dall'investitore è leggermente più grande rispetto all'ex Cecoslovacchia.
Il pavimento oceanico che c'è è incollato, è una sorta di modello sottomarino dei monti Tatra.
"È possibile minare lì su una superficie complessiva di 75.000 chilometri quadrati.
La zona è una ricca località per la raccolta di concrezioni polimetali contenenti nickel, rame, cobalto e manganese", dice un altro avvocato, Pakshi Rajan dall'India.
L'avvocato macedone della divisione, Rober Sandev, porta una tale concrezione per dimostrare.
Sembra una patata piccola o, con un po' di fantasia, il mitico shem, che, secondo la leggenda, ha portato alla vita il Golem.
Forze Speciali Tedesche Presente all'Hostage Rescue
Nel risolvere la crisi degli ostaggi, il governo egiziano aveva chiesto aiuto dalla Germania - che ha inviato negli esperti.
Quando la spinta è venuta a sfondare, le forze speciali sono state pronte, ma i loro servizi non sono stati richiesti alla fine.
Più e più dettagli sono sorfaccianti sulle circostanze che circondano la liberazione degli undici turisti europei rapiti in Egitto.
Secondo i Ministeri Federali Tedeschi della Difesa e dell'Interno, le forze speciali tedesche hanno partecipato indirettamente alla missione di salvataggio.
Gli specialisti delle Forze Armate Federali (Bundeswehr) e dei membri della Polizia Federale Tedesca (Bpol) e delle sue unità speciali GSG 9 e della Guardia Aerea erano presenti al salvataggio, i parlisti dei ministeri hanno detto lunedì sera, nonché i membri dell'Ufficio federale di polizia penale (BKA) e gli esperti logistici dell'Agenzia di Soccorso Tecnico (THW).
Le forze tedesche non erano tuttavia necessarie, dicono, perché i captori abbandonarono i loro ostaggi e fuggirono quando si rendevano consapevoli che gli ostaggi stavano per essere liberati dalla forza.
Il governo egiziano aveva accettato l'aiuto offerto dalla Germania per affidarsi alle forze tedesche come backup durante l'operazione.
Per fortuna, non è arrivato a questo, ha detto un portavoce del Ministero Federale Tedesco dell'Interno.
Il gruppo di viaggio composto da cinque tedeschi, cinque italiani, una donna rumena e i loro otto compagni egiziani erano stati assaporati e rapiti il 19 settembre nel sud dell'Egitto.
Dopo il loro rapimento in una regione desertica nel sud dell'Egitto, gli ostaggi erano stati portati indietro e fuori nella regione di confine tra Egitto, Libia, Sudan e Ciad.
Finora, l'identità dei captori rimane sconosciuta, come fare i dettagli sul salvataggio o sui possibili riscatti.
Gli antichi ostaggi sono arrivati in modo sicuro e suono al Cairo, intanto.
Il ministro tedesco degli Esteri Steinmeier ha detto che sono stati affidati alla cura dell'ambasciata tedesca.
Non ha commentato i dettagli del salvataggio.
A Berlino non è stata data alcuna informazione immediata sul loro ritorno in Germania.
Secondo il giornale tedesco `Bild', i cinque turisti e le forze speciali sono a bordo di un Airbus della Forza Aerea tedesca, che si dice di arrivare in Germania il martedì.
La Camera dei rappresentanti degli Stati Uniti rigetta Bailout
Il pacchetto di cauzione di 700 miliardi di dollari per i mercati finanziari non è riuscito a passare strettamente nella prima delle due camere del Congresso degli Stati Uniti.
Il Dow Jones ha preso un nascosto.
Con una votazione di 227 a 206 contro, la Camera dei rappresentanti degli Stati Uniti ha respinto il pacchetto di cauzione del governo per i mercati finanziari.
Tutti gli appelli del Presidente George W. Bush e dei principali funzionari di entrambe le parti non sono stati raggiunti, tuttavia, nessuna maggioranza per il programma che era destinato a contenere il caos nei mercati finanziari.
In una drammatica campagna, i sostenitori avevano fatto tentativi disperati di convincere i critici dei meriti del piano di 700 miliardi di dollari.
Barney Frank, uno dei principali negozianti democratici, aveva chiesto ai rappresentanti di approvare, anche se era un piano impopulare.
"E' difficile ottenere l'approvazione politica per la prevenzione di qualcosa che non è ancora accaduto", ha concessuto.
Mentre la votazione era ancora in corso, il Dow Jones ha visto una caduta di più del sei per cento, o 600 punti.
E' stata causata dalle preoccupazioni degli investitori che il cancello del governo potrebbe fallire.
Si è recuperato poco prima della fine della votazione, solo per prendere un altro nascosto quando il rifiuto è stato reso pubblico.
Gli esperti attendono ora ulteriori gravi turbolenze nei mercati finanziari internazionali.
Per l'attuazione del piano, è richiesto l'approvazione della Camera dei rappresentanti e del Senato.
Agenzie di viaggio Relazione Aumento delle prenotazioni
Sarà un buon inverno per le agenzie di viaggio tedesche, evidentemente:
Un sondaggio dice che il fatturato delle prenotazioni per i prossimi mesi ha aumentato significativamente contro l'anno precedente - per la stagione invernale fino al 30 per cento, anche.
Nonostante le prospettive di un'economia debole, l'appetito tedesco per il viaggio rimane insoddisfatto, dice un'indagine.
Per le prenotazioni durante la stagione invernale, le agenzie di viaggio hanno visto un aumento del fatturato del 31 per cento rispetto allo stesso periodo dell'anno precedente, l'Associazione tedesca di viaggio (DRV) ha riportato a Berlino lunedì.
Secondo GfK, l'azienda di ricerca del mercato ha registrato un aumento delle prenotazioni durante i mesi d'autunno.
Le agenzie di viaggio avevano visto un aumento del fatturato di circa l'undici per cento per ottobre contro il 2007, ha affermato il DRV.
I risultati si basano sulle cifre di GfK, che processano i dati della prenotazione di 1200 agenzie di viaggio tedeschi ogni mese e li utilizzano per realizzare proiezioni per il mercato nel suo complesso.
Sono incluse le prenotazioni di viaggio effettuate entro agosto 2008.
A causa di un debole dollaro, in particolare i viaggi verso gli Stati Uniti erano in domanda, ha detto il DRV.
In questa zona, le prenotazioni erano aumentate di circa un terzo, ha detto.
A parte questo, ha evidenziato la Spagna, la Turchia e la Grecia come essere popolare tra tedeschi e regioni domestiche.
Il presidente Klaus Laepple ha dichiarato, in particolare, un percorso inclusivo.
Alla luce dell'aumento dei prezzi energetici e alimentari, il loro costo era "più calculabile per i clienti rispetto a quello delle vacanze organizzate individualmente", ha detto Laepple.
I consumatori potrebbero risparmiare denaro attraverso sconti precoci o all'inclusiva, tra l'altro, ha detto Laepple.
Poiché i mesi estivi erano stati molto ben prenotati, e anche ci sarebbe un altro aumento del fatturato contro l'anno precedente, ha detto - anche se un'altra indagine riporta che il numero di tedeschi viaggianti si sfondò rispetto all'anno precedente.
La mia prima volta all'Oktoberfest
In modo ripetitivo i colpi in stile primavera-break- e après-ski, birra da mugs uni-litre e celebrità nel designer Dirndln.
Un Wiesn Debut.
Tecnicamente, Susanne Kronzucker e io non abbiamo molto in comune.
E' bionda, un'ospite televisiva e indossa una Dindl fatta da sartore.
Ho i capelli scuri, sono uno studente, e il mio vestito è di seconda mano.
Ma c'è una cosa che ci collega: siamo stati al Wiesn da soli tre minuti, e già i fotografi ci stanno muovendo intorno a noi e sbloccando via, riempiendo le loro carte di memoria - molto flaticante, e è la mia prima visita al Wiesn, per avviare.
Ecco come fai amici.
Il baratto Dirndl sembra fare il suo lavoro.
Per un turista Wiesn solitamente basato a nord dell'equatore weisswurst, che comfy sensazione indossare la tradizionale garba bavaresa aveva lasciato molto da desiderare fino a oggi.
Ma una volta arrivato a Theresienwiese, non e' cosi' male.
Quasi tutti indossano Dirndl o Lederhosn; nessuno sembra disgustoso o imbarazzato - è tutto normale.
Solo il mio apron Dirndl ha disegnato uno sguardo strano al venditore di cioccolato-banana.
Una donna di Monaco ha portato alla mia attenzione che avevo legato l'apron il modo sbagliato: "Disponibile a sinistra, vergine in mezzo, impegnata a destra, vedova dietro".
Furtivamente, ho tirato il mio apron da dietro a sinistra.
"Aspetta giusto", dice, e ride.
Altri sono meno preoccupati con tecniche di flirtizzazione sottile e indossano semplici cappelli di sensazione che dicono "Too ubriaco per vestirsi" e, senza promuovere, mostrare alle persone la loro nuda dietro.
Il giovane con l'atteggiamento espositivo si chiama Bob, è dall'Inghilterra, ed è la sua prima volta anche all'Oktoberfest.
Lo ritrova `gorgeous', con un `ooooooo' di lunga intensità.
Mi sta dicendo questo subito dopo aversi liberato del "Maß" che aveva precedentemente.
Proprio accanto a uno di quei fuochi che tutti sbagliano per i rifiuti.
Quindi Bob è uno di quelli infame `Wildbiesler'.
Altri non sono abbastanza fortunati a perdere l'alcol in questa moda.
Andando alle otto di notte, i punteggi di paramedici stanno ingannando la posizione, frequentando i poveri bingers.
I medici appaiono sempre in pacchetti - ci sono sempre quattro al tempo, portando un stregone coperto da tenda a tenda.
Funziona come con la maggior parte dei visitatori Wiesn: Quando è vuoto, si esce, e quando è pieno, ritornano.
Non vedi chi e' all'interno dei sicritti del BAC.
"E' quello che non può prendere più", gridò uno dei paramedici quando gli ho chiesto, scomparendo nella folla.
Vittime dell'incidente chiamate dalla polizia
Un pedonale di 63 anni che è morto in ospedale dopo essere stato colpito da un veicolo a Essex è stato nominato.
Carole Paulson, di Chelmsford Road di Brentwood, è stato coinvolto nell'incidente il venerdì pomeriggio sulla Shenfield Road nella città.
È stata portata all'ospedale di Queen, Romford, ma poi è morta.
Dopo l'incidente un uomo di 51 anni è stato arrestato su sospetto di guida senza cura.
Da allora è stato rilasciato sulla cauzione della polizia.
La Turchia sta ampliando gli orizzonti diplomatici
Molto prima che la Turchia cercasse di unirsi all'Unione europea, le competenze europee erano volentieri a penetrare profondamente nell'entroterra della Turchia.
Sul lato orientale del Bosforo, forse solo 20 passi in Asia, si trova una delle più belle reliquie di questa fallita ambizione imperiale.
La stazione ferroviaria Hydarpasha è stata progettata da due architetti tedeschi Otto Ritter e Helmut Conu nel stile neo-renaissance.
Questo almeno è quello che i libri guida ti dicono.
L'edificio si assiste alla fine delle piattaforme con una torre a ciascuno dei suoi angoli anteriori che cercano tutto il mondo come qualche aula provinciale tedesca.
La pietra è sporca.
Tutto l'edificio è leggermente decadente.
Ma una volta all'interno dell'ufficio di biglietto avvolto, non c'è dubbio della grandezza dell'impresa di cui questo era il portale più occidentale.
La stazione è stata aperta nel mese di agosto 1908 da un consorzio tedesco, la Anatolia-Baghdad Corporation.
La Germania, un tardo al gioco imperiale, intendeva realizzare le sue ambizioni di dominare il Medio Oriente tramite questa ferrovia che correva a Damasco, a Baghdad, e oltre in quello che oggi è l'Arabia Saudita.
Ma le ambizioni imperiali della Germania hanno fondato durante la Prima guerra mondiale.
Le sue tracce ferroviarie sono state attaccate da Lawrence of Arabia e dai suoi irregolari arabi.
L'isolamento relativo dalla sua regione circostante, immagazzinata dai confini congelati della guerra fredda, è andata
Le forze britanniche e dominiche avanzarono dall'Egitto e spinse i turchi e i loro alleati tedeschi fuori dalla Palestina e dalla Siria.
E c'erano cattive notizie anche per la stazione di Hyderpasha.
Nel 1917 un treno di munizioni ha distrutto il suo tetto elaborato.
Le fonti turche dicono che era sabotaggio.
Da allora si è allontanato lentamente, in gran parte disattivato dalla storia.
Ma oggi, questo portale ferroviario verso l'Anatolia e tutti i punti est, serve - simbolicamente almeno - per evidenziare gli orizzonti diplomatici allarghi della Turchia.
Il partito governante della giustizia e dello sviluppo - l'AKP - ha elaborato una nuova politica estera per il paese.
L'isolamento relativo dalla sua regione circostante, immagazzinata dai confini congelati della guerra fredda, è andata.
Ora c'è una nuova politica di impegno.
Rimarcabilmente il governo turco ha buone relazioni con Israele e Siria, con le fazioni palestinesi di Hamas e Fatah, con l'Iraq e l'Iran e naturalmente con l'Unione europea e gli Stati Uniti.
Per valutare i parametri di questa nuova politica estera, ho imbarcato il sonno notturno alla capitale turca Ankara, per visitare uno dei principali esperti di politica estera dell'AKP, il deputato turco Suat Kiniklioglu.
La mattina seguente - circa dieci ore e mezza dopo - dopo un giro giolting lungo tracce che hanno prodotto le vecchie cadenze mondiali del famoso documentario The Night Mail, sono arrivato nella capitale turca - ho proposto come una nuova città per una nuova intenzione di stato secolare di tornare indietro sul passato ottomano.
Ma l'AKP con le sue note radici islamiste rappresenta un cambiamento di paradigma nel consenso turco.
Ha provocato qualche sospetto in Occidente, in particolare a Washington.
Un taxi mi ha portato alla sede dell'AKP, una struttura ultramoderna in pietra e acciaio - scopo- costruito - in un suburbio in sviluppo, circondato da centri shopping semi-construiti e pastisserie di potere dove i medi manager in costumi commerciali - sia uomini che donne - si sono riuniti per fare offerte di prima mattina.
Suat Kiniklioglu potrebbe essere un politico centro-destra di quasi qualsiasi altro partito politico in Europa.
Abito, cravatta, sono sicuro che stava per imbattire un Blackberry.
"L'obiettivo della politica estera del partito è ora di reinserire la Turchia nel suo quartiere immediato.
La guerra fredda era una anomalia", mi ha detto.
La Turchia era stata tagliata dall'entroterra.
Oggi doveva guardare verso est e verso ovest allo stesso tempo.
Non era un caso di uno o dell'altro.
Doveva fare entrambi.
"Ma certo in qualche momento," mi chiedo, "Turchia potrebbe essere costretta a scegliere?"
"Turchia," ha detto, "non voleva far fronte a quella scelta."
Egli ha quindi sottolineato un punto che quasi tutti io ho parlato qui ha recitato quasi da rote: i legami della Turchia non solo con il Medio Oriente, ma con il Caucaso, e intorno al Mar Nero, sono tanto a vantaggio dell'Europa e degli Stati Uniti come in Turchia.
Con la Turchia a bordo, il messaggio sembra essere, l'Europa nel suo insieme può andare metaforicamente su quelle linee ferroviarie verso l'est verso l'Asia e il Medio Oriente.
Ritorno alla stazione di Hydarpasha, dopo un'altra notte in gran parte senza sonno, ho pensato a quei due signori tedeschi Herr Ritter e Herr Conu che avevano guardato che questo edificio fosse stato costruito 100 anni fa.
Che sorpresa avrebbero dovuto constatare che le ambizioni dell'Europa nel Medio Oriente potrebbero, in gran parte, essere nelle mani della Turchia.
E come ho aspettato al terminale per il traghetto per riprendermi attraverso il Bosforo, ho ricordato che in quei giorni la Turchia era sempre stata chiamata "il malato d'Europa".
Poi, almeno, non sembrava essere molto dubbio per quanto riguarda il continente debba chiedere a questo affascinante paese.
Lives ricordato: Vernon Handley e William Woodruff
Mark Brown scrive: Come direttore musicale di Guildford dal 1962, Vernon "Tod" Handley (obituario, sett 11) aveva il carico dell'Orchestra Filarmonica di Guildford e Choir.
Come parte del suo programma musicale per il borgo, nel prossimo anno fonda il suo meraviglioso coro giovanile, Proteus.
Dovrebbe essere per meno di 21 anni, ma quando il Proteus ha cantato il suo finale nel 1979, parecchi di noi eravamo alla fine degli anni 20 - abbiamo appena rifiutato di rinunciare al coro.
Il nome "Proteus" (il cambiatore di forma mitologica) rappresentava la volontà e la capacità del coro di affrontare qualsiasi musica che fosse stata presentata, sia madrigal o Messiaen, sia non accompagnata o con orchestra piena.
La versatilità musicale prodotta da un tale coro giovanile era spesso stupendo, sempre emozionante, ed era tutto dovuto all'ispirazione di quell'uomo e all'entusiasmo per la musica che rimase assolutamente costante nel corso degli anni.
Quanto spesso ci hanno detto Tod di "lasciare la musica parlare per sé".
Direbbe: "Il compositore sa cosa vuole.
E' tutto lì nella musica.
Quindi cantalo!"
La sua tecnica di bastone era assolutamente chiara e precisa, anche se mai dittatoriale, né fiorita.
Qualunque sia il standard musicale, lo ha sempre alzato ancora più alto.
John Frayn Turner scrive:
Se qualsiasi conduttore avrebbe dovuto essere cavaliere era Vernon Handley.
Lo conoscevo bene durante i due decenni che ha condotto la Filarmonica Guildford dal 1962 al 1982.
Negli ultimi 40 anni, ho rivisto più di 100 dei suoi concerti e posso dire onestamente che non sono mai stato deluso con una sola - e molte volte ispirato da loro.
Tod Handley aveva quella rara combinazione di grandezza e modestia personale.
Odiava i conduttori che, nelle sue parole, semplicemente "hanno fatto uno o due cavalli di guerra ben conosciuti in tutto il mondo".
Sarà mancato da tanti di noi.
William Woodruff
Il professore John Beckett scrive:
Il tuo obituario di William Woodruff (Sept 25) afferma che "nel 1946 ha ripreso la storia economica a Oxford e nel 1950 è diventato un Fellow di ricerca Houblon-Norman... mentre studia simultaneamente per un BSc, un MA e un PhD".
Questo segue dalla nota dell'autore di Woodruff in Beyond Nab End, ma non è corretto.
Dal 1946 al 1953 è docente di storia economica presso l'Università di Nottingham, durante la quale ha completato una tesi di dottorato sull'industria della gomma britannica, controllata dal professore J. D. Chambers, e pubblicata successivamente nel 1958 come The British Rubber Industry.
Ha trascorso il 1950-51 negli Stati Uniti in una comunione Houblon-Norman, e l'estate del 1952 nelle università di Illinois, Harvard e New York.
Nel 1953 ha lasciato Nottingham permanentemente per l'Illinois.
Perché Woodruff ha scelto di glossare questa parte della sua carriera è sconosciuto.
J. Vincent Resino alla Facoltà di Filologia
"Consiglio la mostra di José Vicente Resino "Flamenco y vida", perché le sue fotografie nere e bianche, prese in stile documentario, sono straordinarie.
Le foto mi hanno attirato l'attenzione a causa della loro semplicità e potenza che trasmettono, trattando sempre i soggetti con particolare attenzione.
Una mostra che compie un profondo sentimento.
Resino è in grado di catturare momenti magici."
Secondo assalto per la super-vendita di Honda
Il prossimo novembre Honda lancerà la commercializzazione della seconda generazione del modello Jazz.
Se il modello precedente era già caratterizzato da un'alta abitabilità, questo nuovo minivan ha uno spazio più ampio interno.
Inoltre, è dotato di una meccanica fine che aumenta il comfort di guida e permette di risparmiare carburante.
Evoluzione invece della rivoluzione.
Questa è la seconda generazione di Honda Jazz.
Mentre esteticamente il nuovo Jazz sembra il modello precedente, i cambiamenti portati al minivan sono numerosi.
Tra gli altri, vale la pena indicare il suo design innovativo, la nuova piattaforma, la dimensione più grande e la meccanica piuttosto nuova.
Comunque, prima di proseguire per analizzare il nuovo modello, può essere utile per sottolineare che questo nuovo Jazz arriva solo sei anni dopo l'entrata della prima generazione.
Pertanto, una prima osservazione dovrebbe considerare che Honda ha rinnovato questo modello più rapidamente rispetto alle altre società di solito.
Anche se il modello Jazz è meno conosciuto in Europa che in altri mercati, resta un fenomeno in termini di vendite.
Questo è il caso del Giappone, dove Jazz è stato l'auto più venduta nel 2002 e anche durante questo 2008.
Proprio lì, quasi un milione di unità di Jazz sono state vendute dal lancio del modello.
Il secondo mercato è stato l'Antico Continente, con circa mezzo milione di unità vendute in sei anni.
Nonostante questi numeri, Honda crede che questo nuovo Jazz aumenterà ancora più le sue vendite nel segmento.
Quindi, se nel 2007 l'azienda giapponese ha venduto un totale di 83.000 unità di questo modello, nel 2009 si stima che saranno circa 100.000 auto, che prevedono un possibile aumento delle vendite del 17% solo nel mercato europeo.
Per quanto riguarda il mercato spagnolo, Honda ha venduto un totale di 8.000 unità di Jazz dal 2002, corrispondente al 6,7% delle vendite totali per l'azienda in Spagna.
Con l'arrivo della nuova generazione, il responsabile dell'azienda in Spagna si aspetta di vendere circa 2.000 unità di Jazz entro un anno.
L'arrivo del nuovo Honda Jazz probabilmente lo renderà possibile, riducendo in larga misura l'abbassamento delle vendite in Spagna.
Infatti, le persone incaricate del marchio si aspettano di arrivare alla fine dell'anno con un totale di 22.000 unità vendute, cioè 4.000 unità inferiori al 2007, con una diminuzione del 16%.
Nonostante l'aumento delle vendite, Honda ha anche incrementato la sua quota di mercato in Spagna, raggiungendo il 1,8%, rispetto all'ultimo anno 1,6%.
Allo stesso tempo, l'azienda giapponese si aspetta di raggiungere il 2% nel 2010.
Per raggiungere questo, Honda è confidente in un altro nuovo modello del suo.
Questo è Insight, un'auto compatta ibrida di cinque porte, di 4.37 metri di lunghezza. L'azienda giapponese spera di vendere circa 200.000 unità di questo modello in tutto il mondo, entro un anno.
Secondo i mercati e le stime dei fabbricanti giapponesi, il 50% della vendita di Insight provenirà dagli Stati Uniti, mentre il 50% rimanente sarà dall'Antico Continente e dal Giappone.
Il lancio commerciale di Insight è previsto per i primi anni successivi, poco dopo la presentazione del modello all'interno dell'azienda di gennaio a Valenza.
Confrontato alla prima generazione, il nuovo Jazz è cresciuto in tutta la sua totalità.
Si raggiunge ora 3,90 metri di lunghezza (cienque centimetri di più), 1,69 metri di larghezza (due centimetri di più) e il suo interasso 2,50 metri, con un incremento di cinque centimetri.
La sua altezza di 1.52 metri, ancora, rimase invariata.
Insieme alla dimensione, il suo interno abitabile è aumentato nello spazio.
Questo vantaggio sorge, prima di tutto dalla nuova piattaforma, e secondo dall'introduzione del serbatoio di carburante in una posizione centrale, una soluzione già adottata nel precedente Jazz.
Inoltre, la capacità del tronco - un doppio volume inferiore - sorge a 399 litri, una capacità di 19 litri più grande rispetto alla prima generazione.
Da notare, queste sono le misure di Honda Jazz 1.4, mentre la capacità del tronco nel modello 1.2 è di solo 379 litri.
Altri miglioramenti - oltre agli elementi esterni, come la parte posteriore ha portato o la possibilità di montare il vetro panoramico - riguardano il miglioramento dell'accesso ai sedili posteriori.
Porta che permette l'accesso ai sedili posteriori, aperti ora con un angolo di 80 gradi, rispetto a 67 gradi nel primo modello.
Inoltre, tutti i motori sono abbastanza nuovi in questa seconda generazione di auto.
Al momento della commercializzazione, questo piccolo modello avrà un motore di benzina di 1,2 o 1,4 litri.
Entrambi i sistemi meccanici includono la tecnologia i-VTEC che permette un consumo inferiore di carburante, produce meno emissioni di anidride carbonica, ottimizza le raffinazioni meccaniche e, allo stesso tempo, mantiene motore di torca elevato in tutte le sue fasi.
La versione 1.2 litro raggiunge una potenza di 90 hp a 6000 rpm con una torca massima di 114 Nm. a 4900 rpm.
La propulsione - che nel precedente Jazz ha raggiunto il 78 hp - ha solo bisogno di 5,3 litri di carburante e produce circa 125 grammi di emissioni di CO2.
Confrontato alla propulsione precedente, che nel modello di prima generazione usato 83 hp, il nuovo può sfruttare 100 hp.
I 1.4 Jazz con 100 hp raggiungono una combinazione di 5,4 litri di carburante e 128 grammi di CO2.
Un 'abe-car' per evitare collisioni
Nello sviluppo delle tecnologie per la prevenzione degli incidenti, Nissan si è ispirato questa volta, dalla natura, e soprattutto dalle api.
L'azienda giapponese ha creato un robot che, imitando il volo delle api, può evitare incidenti.
Questo è il Bio-mimetic Car Robot Drive, o BR23C, il primo passo per progettare tecnologie per la prevenzione delle collisioni.
Gli ingegneri del Centro Tecnico Avanzato di Nissan Motor Co. hanno sviluppato questo piccolo robot in collaborazione con il Centro di Ricerca e Tecnologia Scientifica della prestigiosa Università di Tokyo in Giappone.
Secondo Kazuhiro Doi, direttore generale delle Relazioni Pubbliche per la Tecnologia, la Ricerca e lo Sviluppo di Brand Management, il BR23C è un espansione del Scudo di sicurezza delle quattro aree prodotte da Nissan.
Questo robot è destinato a migliorare la capacità di prevenire le collisioni nei veicoli prodotti dalla società.
Durante il volo, ogni abella crea il proprio spazio personale ovale molto simile al Scudo di Sicurezza sviluppato da Nissan.
Ma l'elemento più importante è costituito dagli occhi composti dell'abella, che possono vedere in tutte le direzioni con un angolo extra di 300 gradi, permettendo all'insetto di volare senza interruzione all'interno del suo spazio personale.
Per ricreare queste caratteristiche visive, gli ingegneri hanno sviluppato quello che definirono un locatore laser (Laser Range Finder).
Questo meccanismo rileva gli ostacoli entro 2 metri e un raggio fino a 180 gradi davanti al BR23C, calcola la distanza all'oggetto e invia un segnale al microprocessore a bordo che consente immediatamente la prevenzione della collisione.
"Quando rileva un ostacolo, il piccolo robot imita i movimenti dell'abella e cambia subito la direzione girando le ruote in un angolo destro o più ampio per evitare la collisione.
La differenza più evidente con qualsiasi sistema esistente è la sua azione evasiva che risulta totalmente istintiva.
"Se non fosse così, il robot non sarebbe in grado di reagire abbastanza rapidamente per evitare ostacoli" spiega Toshiyuki Andoh, direttore del Laboratorio di Mobilità e ingegnere principale di questo progetto.
A differenza di un'abella, il robot non può deviarsi verso l'alto o verso il basso, o anche diagonalemente. Può passare solo in due dimensioni e in direzione le sue ruote possono girare. Ovviamente, non può correre infinite direzioni e modi come le abeglie.
Per questo motivo Nissan ha usato una funzione di rotazione oltre alle funzioni di accelerazione e decelerazione, per consentire al piccolo robot di evitare collisioni.
"Questo dispositivo deve solo trattare nuove informazioni ogni pochi secondi, e agire da questi dati.
Non è necessario memorizzare alcuna informazione o usare la logica intuitiva delle manivre precedenti. Per questo motivo può andare senza interruzione fornita solo da qualche dozzina di KB di memoria.
Questo può sorprendere, ma non stiamo parlando di gigabytes o mega di memoria."
Questo è il primo passo verso lo sviluppo di nuove tecnologie per la prevenzione delle collisioni, una tecnologia Nissan spera di essere introdotta in auto come funzionalità standard entro dieci anni.
Il robot utilizza batterie di litio-polimero, più leggere e più resistente della tipologia di litio-ione.
Un'ulteriore applicazione in un futuro potenziale potrebbe essere l'integrazione di questa tecnologia con il navigatore satellitare GPS per portare il conducente a una destinazione specifica, evitando ostacoli lungo il percorso.
Fare spruzzo prima di richiedere un prestito
Dobbiamo riconoscere che il Dipartimento del Tesoro degli Stati Uniti, dotato di capitali piuttosto buone per agire, certamente non manca di talento.
Dobbiamo affrontare la crisi e evitare che gli americani siano traditi con prestiti di spazzatura da banche sotto dubbio di insolvenza, ha creato un gioco divertente e didattico per gli utenti di Internet.
In altre parole, il "Hotel dei cattivi crediti"... o dei problemi.
L'aspetto scuro di questo hotel e, in particolare, del suo recepcionista mira a spingere le persone a pensare non solo una volta, ma due o anche tre volte prima di chiedere un prestito.
E soprattutto, pensare molto attentamente a dove chiederlo. Questo è probabilmente l'obiettivo primario del gioco.
Certamente questo sistema fornisce diverse informazioni utili, ma offre piuttosto pochi dettagli.
E' molto più una pagina web per gli adolescenti di un sito per il pubblico in generale.
Cosa succede se completi il gioco?
Beh, una camera da sogno appare all'interno dell'hotel.
E' ancora qualcosa, perché per comprare una casa... meglio lasciarla.
Morgan Stanley ha aperto la sua capitale a MUFG
Morgan Stanley ha annunciato la sua entrata alla tavola di Mitsubishi UFJ Financial Group (MUFG), la prima banca del Giappone, che trascorrerà nove miliardi di dollari per ottenere il 21% del suo capitale, notizie che sono state ricevute da una forte caduta dei prezzi delle quote.
Una settimana dopo aver rivelato un accordo provvisorio, le due banche hanno spiegato che MUFG avrebbe acquistato il 9,9% delle azioni di Morgan Stanley a un prezzo di 25,25 dollari, totale di tre miliardi di dollari.
Il prezzo di vendita è inferiore al 19% del valore dei titoli il 31 agosto.
MUFG investirà un importo supplementare di sei miliardi di dollari nell'acquisizione di titoli convertibili che forniscono un rendimento garantito del 10% e con un prezzo di conversione di 31,25 dollari.
Morgan Stanley ha affermato che l'operazione globale sarebbe basata su un prezzo unitario medio di 29 dollari, o il 28% sopra il suo prezzo attuale.
Tuttavia, le azioni di Morgan Stanley hanno perso il 6,79% fino a 23,07 dollari intorno alle 17:00 GMT.
"Questa alleanza strategica costituisce un'occasione importante per accelerare la transizione di Morgan Stanley allo status di azienda bancaria", ha affermato John Mack, CEO del gruppo americano.
Morgan Stanley ha adottato questo nuovo status la settimana scorsa, che dovrebbe consentire di diversificare le sue attività, ma deve passare attraverso l'autorità della riserva federale.
La sua alleanza con MUFG conferma inoltre che l'attuale crisi finanziaria ha costretto i più grandi nomi di Wall Street ad adottare un atteggiamento molto più prudente che prima.
Le modalità presentate il lunedì dimostrano che l'accordo è stato modificato negli ultimi giorni: il lunedì precedente, Morgan aveva appena annunciato di vendere fino al 20% delle sue azioni ai giapponesi per circa 8,5 miliardi di dollari.
"Una settimana fa, ha spiegato Toshihide Mizuno, direttore esecutivo di MUFG a Tokyo", abbiamo pensato che la partecipazione sarebbe interamente composta da azioni ordinarie.
Ma dato l'attuale stato dell'economia e del mercato, speravamo di ridurre al minimo i rischi e di proteggere le nostre spalle".
Sulla base del prezzo medio ponderato MUFG pagherà per i suoi titoli Morgan Stanley il 7% sotto il loro valore del libro.
E l'operazione si tradurrà in una diluizione di circa il 20% dei guadagni per quota.
L'accordo prevede che il MUFG può convertire ogni anno la metà dei suoi titoli preferiti in azioni ordinarie se questi hanno scambiato più del 50% sopra il prezzo di conversione, circa 47 dollari per un determinato periodo.
Morgan Stanley assicura che il capitale fornito dal MUFG lo permetterà di prendere opportunità di investimento, rafforzare il suo bilancio e aumentare la sua liquidità.
un portavoce del gruppo, tuttavia, ha rifiutato di dare dettagli sui progetti strategici dei due nuovi alleati.
Dopo l'investimento di MUFG, Morgan Stanley prevede un rapporto di capitale Tier Uno di circa il 15%, uno dei migliori dell'industria.
Morgan ha detto di avere "significatamente" ridotto il suo bilanciamento a partire dalla fine di agosto.
Le ultime settimane sono state difficili per il gruppo, che ha visto che la metà del suo prezzo di quota si scioglieva mentre i costi assicurativi contro il rischio di default sul suo debito sono allineati.
Questo costo ha ridotto lunedì ma è rimasto a un nuovo livello elevato, intorno al 12%.
La settimana scorsa, Goldman Sachs, l'unico altro importante banco d'investimento sopravvissuto su Wall Street dopo il fallimento di Bear Stearns e Lehman Brothers e Merrill Lynch acquisizione, ha annunciato che aveva aumentato 15 miliardi di dollari, in parte da Berkshire Hathaway, il gruppo di Warren Buffett.
Rafael Correa a Quito lunedì.
Ricostruire intorno alla Repubblica del Socialismo del XXI secolo.
Questo è il progetto comune del Venezuelano Hugo Chávez, Evo Morales della Bolivia e dell'equatore Rafael Correa.
Questa domenica, come le controparti e gli amici, è il terzo a votare un progetto di nuova costituzione.
La missione compiuta dal 64% degli elettori ha votato "sì" al referendum, secondo i risultati ufficiali basati sull'80% dei voti.
Sulla base di questi risultati, il "no" ha ottenuto il 28%, il 7% dei voti era invalido e il 0,7% erano voti in bianco.
Per l'adozione del progetto di Costituzione, essa dovrebbe ottenere la metà dei voti più uno.
Domenica, due sondaggi condotti al di fuori delle stazioni di votazione e una organizzazione non governativa avevano annunciato una grande vittoria per il "sì", dell'intervallo tra il 63% e il 70%.
Rafael Correa aveva affermato durante la notte da domenica a lunedì la vittoria del suo progetto di costituzione.
La "Constituzione ha trionfato così affascinante", ha assicurato, elogiando gli ecuatoiani nella sede del governo a Guayaquil, a 280 km a sud-ovest di Quito.
Come ovviamente, Rafael Correa è stato congratulato da Chávez e Morales ma anche dalla sua controparte cilena Michelle Bachelet.
L'inchiesta, condotta pacificamente sotto l'esame dell'Organizzazione degli Stati Uniti (OEA), riguardante il testo 444 punti che consolidano il "novo socialismo" sostenuto dal presidente.
Il progetto di costituzione istituisce il potere dello Stato sull'economia, riservandole la "pianificazione dello sviluppo" di un paese che vive principalmente dall'estrazione del petrolio da parte di società estere e dei denari stranieri che inviano ai loro emigrati.
Il progetto ha inoltre fornito maggiori competenze al capo di Stato, che può portare a due condizioni consecutive di quattro anni e sarà in grado di dissolvere l'Assemblea.
Correa ha già annunciato di utilizzare tale potere per cercare un nuovo mandato nel febbraio 2009.
La Costituzione consolida inoltre il principio dei servizi di libera salute e dell'istruzione che il presidente ha iniziato a fondare in questo paese 13,9 milioni di abitanti, dove il 50% della popolazione vive sotto la linea di povertà.
Prevede inoltre il divieto della presenza di truppe straniere, che chiuderà l'accordo tra Quito e Washington per l'utilizzo dell'Ecuador come base di lancio per le operazioni antidroga degli Stati Uniti.
I 19 ostaggi sono stati rilasciati in Ciad
Una squadra di comando egiziana ha lanciato un assalto contro i rapitori degli undici turisti e le loro otto scorte catturate dieci giorni fa.
Sono al Cairo.
Gli undici turisti europei e le loro otto scorte egiziane tenute prigioniere per dieci giorni nel deserto sono stati tornati lunedì pomeriggio senza far fronte alla capitale egiziana.
La mattina furono liberati da un comando egiziano in Ciad.
A quanto pare, gli ostaggi sono arrivati intorno a 1530 ore a bordo di un aereo speciale alla base militare di al-Maza, attaccato all'aeroporto internazionale del Cairo.
Sono stati immediatamente trasferiti, senza poter parlare alla stampa, tramite elicottero all'ospedale di Maadi, un borgo residenziale del Cairo, per subire esami.
Sono in "buona salute", e "senza riscatto è stato pagato" ai capitori", ha dichiarato il Ministro Egiziano del Turismo, Zoheir Garanna, sul tarmac.
Capturato il 19 settembre durante un safari in un 4x4 ai piedi del monte Ouanat ai confini con l'Egitto, il Sudan e la Libia, questo gruppo di ostaggi era stato gettato da un nascosto a un altro da 35 sequestri sconosciuti.
Comprende 11 turisti - cinque italiani, cinque tedeschi e un rumeno - e anche otto egiziani: due guide, quattro piloti, una guardia frontaliera e il direttore dell'agenzia Aegyptous, organizzatore del safari.
Un funzionario di sicurezza egiziano ha detto che 30 membri delle forze speciali, portati a bordo di due elicotteri, avevano lanciato l'assalto durante la notte appena prima dell'alba.
"Uno scambio di incendio ha seguito, e la metà dei sequestri sono stati uccisi, l'altra metà fuggito", ha detto il funzionario che ha chiesto anonimità.
Ha detto che 150 membri delle forze speciali egiziane "riposta brutta" unità sono stati inviati in tutto il Sudan, dove hanno ricevuto sostegno dai comandi tedeschi e italiani.
Il capo del corpo diplomatico italiano Franco Frattini a Belgrado, dove è attualmente, ha menzionato il ruolo svolto da agenti segreti italiani e elementi delle forze speciali.
"Dobbiamo riconoscere che abbiamo raggiunto questo risultato attraverso il professionalismo e l'efficacia dei nostri uomini dei servizi segreti, dalle forze speciali", ha detto, senza ulteriori dettagli.
Ha anche negato di pagare un riscatto.
Il giorno prima, l'esercito sudanese aveva affermato di aver intercettato un veicolo di patruglia 4x4 a bordo di cui erano i captori, uccidendo sei, compresa la testa Chadian, e arrestando due.
L'esercito ha affermato che erano legati a un gruppo ribelle del Darfur, il Movimento di Liberazione del Sudan-Unità (SLA-U), qualcosa che questo movimento ha subito negato.
Lettere - La maggioranza silenziosa della cultura
Un dibattito sul finanziamento della cultura ha fatto i titoli e ha impegnato questa campagna elettorale.
Bene.
Ma un settore della nostra vita culturale rimane sempre dimenticato.
Chi verrà avanti per denunciare la miseria che viene concessa a piccoli musei, archivi, siti storici archeologici o nazionali che stanno morendo di fame per finanziare?
Quale politico osa ricordare al governo federale che sta trascurando i suoi monumenti e edifici patrimoniali?
A Quebec, in Canada, non abbiamo leggi reali che conservino efficacemente il nostro patrimonio?
Sappiate che il governo francese dedica tre milioni e mezzo di euro solo per il restauro del castello di Chinon nella Valle della Loira?
I nostri vicini americani hanno scritto nella Costituzione del loro paese che la protezione del patrimonio fa parte della cultura americana e che tale patrimonio deve essere protetto da tutti i cittadini, da tutti gli eletti e da tutti i servizi governativi, e questo, in cooperazione.
A Quebec, la Federazione delle Società del Quebec, almeno 40 000 volontari raggruppati in 211 agenzie per la storia, il patrimonio, gli archivi e la genealogia si occupano di ricercare la storia, conservare, avere pochi fondi, pila di archivi privati e conservare resti archeologici.
Spesso sono gli orologi del nostro patrimonio, che protestano con l'energia della disperazione quando gli sviluppatori e i costruttori lanciano i loro bulldozer contro i nostri vecchi edifici e i nostri cimiteri dimenticati.
Quando ci sarà un forum per la storia e il patrimonio?
Fortis banca parzialmente nazionalizzata dai governi di Benelux
Gli Stati del Benelux aiutano Fortis, la banca belga-neerlandese - che è il primo istituto finanziario europeo in difficoltà a causa dell'effetto di seguito della crisi di prestito americana - da un acquisto parziale dello Stato. I tre paesi hanno accettato di iniettare 11,2 miliardi di euro nella società bancaria e assicurativa che ha interessi ungherese.
Alla fine di questa settimana, il Belgio, il Lussemburgo e i governi olandesi hanno consultato la questione al massimo, che coinvolge il Presidente della Banca centrale europea e il Commissario della Commissione europea per la concorrenza.
All'interno della zona euro, Fortis è la prima banca colpita dalla crisi finanziaria internazionale che si avvicina nelle onde negli ultimi dodici mesi; quindi, da un certo punto di vista, le decisioni prese possono essere considerate precedenti.
Sotto la decisione presa la domenica sera, ogni governo prenderà un 49 per cento di gioco nelle banche di Fortis nei rispettivi paesi.
La banca venderà certamente qualche parte dei suoi stack, soprattutto le attività di assicurazione, che ha acquistato l'anno scorso dall'ABN Amro olandese.
Fortis actions ha iniziato ad infondere profondamente la settimana scorsa, poi nella seconda parte dei segni settimanali di una grave crisi apparsa all'azienda.
Gli analisti sono d'accordo che la banca - con i suoi 85 000 dipendenti - è troppo grande per poter andare a fallire.
Le azioni della banca sono diminuite del 12% il venerdì, che è il livello record più basso per 14 anni.
Il valore delle azioni è sceso di due terzi da gennaio.
In considerazione dei prezzi degli stock attuali, l'intero valore del capitale del mercato del gruppo è di circa 14 miliardi di euro. Tuttavia, gli amministratori di società dicono che questo non riflette la realtà.
La gestione incolpe le incertezze all'oltremare - che sono legate ad accettare il pacchetto americano di 700 miliardi di dollari - per la caduta delle azioni Fortis.
Le scorte hanno mostrato un leggero aumento di lunedì.
Filip Dierckx è stato nominato il nuovo dirigente esecutivo della banca venerdì.
L'istituto finanziario cercava anche acquirenti privati, ma finora non è stata fatta alcuna offerta sostanziale.
Il governo belga ha dichiarato prima che gli investitori non avevano alcun motivo di preoccuparsi, non perderanno i soldi.
Nessun panico è emerso finora tra i clienti della banca; nessuna corsa bancaria è stata effettuata.
Fortis ha un impianto bancario in Ungheria e ha acquistato anche aziende di leasing.
Fox in The Henhouse
Le compagnie americane di vita e di assicurazione sanitaria spesso rifiutano di vendere assicurazione a alcuni cittadini, a causa dei loro dati di acquisto di droghe.
Gli esperti della protezione dei dati temono che il mercato dei dati diventi incontrollabile.
"C'è un programma di protezione dei dati che richiede il permesso della persona interessata per utilizzare i dati di prescrizione medica.
Dovrebbe essere indipendente, altrimenti la volpe vi proteggerà la casa di galline", The Washington Post cita Richard Dick, sviluppatore del programma applicabile per il monitoraggio delle prescrizioni sulla droga.
Le compagnie di assicurazione decidono sulla tariffa di assicurazione e l'importo da pagare in caso di danni a seconda della condizione sanitaria dell'applicazione del cliente e, se lo considerano troppo rischioso, non forniscono assicurazione.
I clienti applicabili utilizzavano un esame medico eseguito e il contratto è stato concluso solo in base ai risultati della proiezione.
Dick ha sviluppato un metodo molto più economico dieci anni fa: sulla base del numero di identificazione del cliente il tipo di droghe acquistate dal cliente negli ultimi 18 mesi può essere facilmente rilevato, quindi il programma può trarre le conseguenze da parte propria per quanto riguarda le malattie che il richiedente soffre e la loro condizione sanitaria.
Ad esempio, il caso di acquistare regolarmente grandi dosi di farmaci che riducono il colesterolo si riferisce praticamente al fatto che il cliente ha un livello di grasso di sangue irregolarmente elevato, a causa della quale questa persona sarebbe immediatamente posta a una categoria di rischio più elevata.
Il programma ha diverse versioni in commercio, alcune di queste definiscono anche il fattore di rischio, perciò l'azienda assicurativa non ha altro da fare, ma la carta, anche se si presentano piccole difficoltà.
Uno dei svantaggi è il fatto che alcuni farmaci possono essere utilizzati per diversi scopi, ad esempio alcune formule mediche sono di trattare la migrana, le onde di calore o anche la depressione.
Quest'ultimo è un fattore significativo di aumento del rischio dal punto di vista degli assicuratori di attività, mentre gli altri due non sono.
Ci sono aziende specifiche che trattano di ottenere e trasformare i dati, e chiedono il permesso dal paziente prima di acquisire le informazioni necessarie dalle farmacie.
Essi sono già obbligati a farlo, anche se i loro precedenti fallimenti non sono stati penalizzati.
Alcune aziende trasformano anche i risultati degli esami di laboratorio e collegano quelli ai dati del consumo di farmaci, e così possono fornire informazioni più precise sulla condizione sanitaria dei pazienti.
Sempre più imprese hanno accesso ai dati e, in parallelo, il controllo del loro uso diventa sempre più difficile.
Vi è un atto specifico sulla protezione dei dati sanitari, ma il suo campo di applicazione comprende solo i prestatori di servizi sanitari e le imprese assicurative.
Il progetto di legge relativo alla fornitura del potere di ispezione per le autorità relative alle imprese che trattano delle forniture di dati è stato sottoposto al Congresso.
Dick Richard si rende conto che non basta: è per questo che ha ulteriormente sviluppato il suo programma, che ora restringerà il trasferimento dei dati per richiedere il consenso espresso della persona interessata.
Tuttavia, è un'altra domanda che il richiedente non può davvero rifiutare il consenso, altrimenti le imprese assicurative non concludono contratto con loro.
Perciò le galline, fino a un certo grado, continueranno a dipendere dalla benevolenza della volpe.
Menu di Marsiglia Globale
L'Unione europea e l'India doppiano il commercio
Poiché l'Unione europea e l'India sono partner commerciali diretti reciprocamente, l'ordine del giorno del nono vertice è stato dominato anche da questa questione, oltre ad altri problemi, principalmente globali.
Oggi si terrà anche un Vertice France-India, in particolare sulla cooperazione con l'energia nucleare.
Anche se l'Unione europea riconosce che l'India è una potenza mondiale democratica emergente, che dovrebbe essere concessa più in materia internazionale, gli Stati membri non hanno potuto venire ad un accordo ancora se sostenere l'adesione permanente di New Delhi al Consiglio di sicurezza delle Nazioni Unite o meno.
Così questa questione non è stata forzata durante il novesimo vertice, organizzata a Marsiglia ieri.
Il presidente francese Nicolas Sarkozy come Presidente rotativo dell'Unione, il presidente del Comitato José Manuel Barroso e il capo della politica estera Javier Solana hanno accolto con favore il primo ministro indiano Manmohan Singh e ha accettato di doppiare, cioè di aumentare a più di 100 miliardi di euro, il flusso commerciale in 5 anni.
Dal momento che lo scambio di merci è aumentato da 25 miliardi a 55 miliardi tra il 2000 e il 2007, questo non è un obiettivo troppo ambizioso.
Di conseguenza, sono state legalmente armonizzate 26 convenzioni bilaterali dell'aviazione civile con l'India, significando che il traffico aereo può agire in futuro.
L'India mira a firmare l'accordo di libero scambio con l'Unione fino alla fine del 2009.
Sarkozy ha promesso di accelerare l'armonizzazione.
L'obiettivo è trovare l'equilibrio mentre l'India è un partner commerciale dell'UE, allo stesso tempo New Delhi ha solo il nono posto sull'elenco dei partner dell'UE.
Il vertice si è concentrato sulle questioni globali:
Sulla situazione in Afghanistan e in Pakistan e sul terrorismo è stato condannato in ogni forma sia da parti che da convocare la Conferenza delle Nazioni Unite.
Il completamento del Doha Trade Round è stato anche espresso, anche se entrambe le parti sono responsabili del fiasco finora.
L'UE ha confermato di mantenere il suo programma energetico e climatico, vale a dire avere l'intenzione di ridurre le emissioni di inquinanti aerei di almeno il 20% fino al 2020.
L'India è d'accordo con questo, così come con l'obiettivo di raggiungere un accordo globale nella conferenza climatica che si deve l'anno prossimo e di ridurre l'emissione di gas a effetto serra del 50 per cento fino al 2050.
Un altro obiettivo è quello di impedire la crescita dei prezzi alimentari e un appello per una conferenza internazionale per riesaminare la crisi finanziaria è stato sostenuto.
Il Primo Ministro indiano va oggi ad una riunione bilaterale nella capitale francese, dove intende venire ad un accordo sull'uso pacifico della potenza nucleare.
Paris prevede che le imprese francesi siano aggiudicate a contratti per costruire reattori nucleari in India in un valore di 20 miliardi di euro.
Secondo le informazioni dell'agenzia di notizie, l'accordo sarebbe in vigore per 15 anni.
Più di trecento editori italiani a Francoforte
Forte presenza di editori italiani alla Fiera Internazionale del Libro di Francoforte.
Più di trecento saranno gli editori italiani presenti al sessantasimo anniversario di Buchmesse, l'evento internazionale più importante per lo scambio di diritti d'autore.
La Fiera Internazionale del Libro di Francoforte si aspetta per questa occasione più di settemila espositori provenienti da 101 paesi diversi che occuperanno la Fiera di 171 790 metri quadrati di terreno con oltre 403 mila titoli in esposizione, e la Turchia sarà l'ospite di onore.
Francesco Maria Giro, il Sottosegretario per il Patrimonio Culturale e il Ministero delle Attività rappresenta il governo italiano alla cerimonia di inaugurazione del Padiglione italiano: infatti l'Italia sarà presente come un'istituzione con uno Stand italiano a 264 metri quadrato di spazio espositivo.
In seguito sarà la conferenza stampa presso la Camera Struktur del Padiglione 5.0 della Buchmesse: questa sarà l'occasione in cui saranno presentate figure, tendenze e una visione dello status dell'industria editrice italiana.
Secondo i dati, è progressivamente diminuita l'importanza dei libri da parte di autori stranieri nella produzione italiana, in particolare in quello per adulti e bambini.
Trovato l'aereoplano di Steve Fossett il milionario scomparso un anno fa
È stato trovato il naufragio dell'avione di Steve Fossett, il milionario scomparso il 3 settembre 2007 mentre volava sul deserto del Nevada.
Il naufragio è stato trovato su un altipiano a 3000 metri di altitudine, nella zona Sierra Nevada dei Laghi Mammoth, al confine tra California e Nevada.
All'interno dell'aereo, tuttavia, non c'erano resti umani.
Il sceriffo della contea Madera, John Anderson, ha dispiegato ogni dubbio rimanente: "L'aereoplano è stato situato, abbiamo inviato un team, e ora abbiamo confermato che è quello su cui Steve Follett stava volando il giorno scomparso" ha detto in una conferenza stampa.
In seguito, lo sceriffo ha sottolineato che nessun resto umano è stato trovato sul piano, né nella zona circostante.
Il milionario, di 63 anni, è stato rinunciato a morire in febbraio.
L'American National Transport Safety Bureau (NTSB) ha segnalato che alcune ore dopo il naufragio è stato individuato un team investigatore, che ha poi identificato l'aereo: è il Bellanca 8KCAB, che manca dal 3 settembre 2007, quando Fossett si è ritirato da Yerington in Nevada per un volo di tre ore.
Ieri, sempre in California, non lontano dal confine con Nevada, alcuni effetti personali appartenenti a Fossett sono stati trovati da una coppia vicino alla loro casa a Mammoth Lakes.
Gli articoli sono due documenti in nome di Fossett, entrambi rilasciati dalla Federal Aviation Administration di Illinois, alcuni contanti e una sudorshit.
La ricerca di Fossett è stata chiamata un mese dopo aver scomparso.
Il milionario si era guadagnato un posto nella storia grazie ad una serie di record mondiali.
Nel 2002, al suo sesto tentativo, divenne il primo uomo a completare il viaggio del mondo in un ballone d'aria calda: un volo solo di due settimane.
Tre anni dopo ha fatto il giro del mondo via aereo senza atterraggio.
Tra i suoi molti record, c'è anche volante a 15.445 metri, sopra i Andes, ma con un copilotto.
Glk, la pubblicità che non ti aspetta
Un SUV che è al di fuori delle norme con un disegno originale definito da linee determinanti, ampie superfici e angoli puliti tagliati.
In breve, questo è GLK, l'ultima aggiunta ai veicoli "compatto" fuori strada dal produttore stellato, con il quale Mercedes-Benz ha cercato di lasciare in questo settore un respiro di aria fresca.
Giusto perché le sue caratteristiche sono fuori dalle norme tradizionali, il messaggio che accompagna il lancio del SUV GLK sarà anche inaspettato e non convenzionale, sarà disponibile in camere di spettacoli Mercedes-Benz a partire dal prossimo 17 ottobre.
Quindi la campagna di pubblicità che accompagnerà il debutto del nuovo veicolo scenderà un nuovo metodo di comunicazione che include anche una campagna futuristica di cartelle 3D, utilizzata per la prima volta in Italia da un marchio auto.
Un progetto di grandi cartelle, messo in movimento in tre fasi diverse, che dominarà la strada commerciale milanese più centrale, Corso Como, fino al 15 novembre.
La prima fase di questo nuovo tipo di comunicazione si inizierà con una presentazione dell'auto in visione estereoscopica, e grazie a occhiali speciali distribuiti nel quartiere di Corso Como sarà possibile vedere il nuovo SUV in vero formato e 3D.
In effetti, guardando l'immagine si ottiene la sensazione che l'auto protrude fuori dal poster.
Successivamente, attraverso l'uso della tecnologia innovativa Ellumina 8 tutti i dettagli della nuova GLK saranno illuminati in varie occasioni, e poi ricomposti come un'immagine unica.
Senza alcun dubbio, Mercedes, attraverso questa pubblicità, sta cercando di introdurre qualcosa di nuovo nel campo convenzionale della pubblicità automobilistica.
Sarà riuscito con questa formula a provocare l'interesse dei futuri acquirenti?
Ecco chi gli italiani hooligans sono
del Tri-Veneto, in grado di essere vietato di assistere alle fissazioni sportive (Daspo).
Ma chi sono quelle 150-200 persone di cui l'Italia è ora vergognata? Fano parte del gruppo "Ultras Italia" che da anni ha sostenuto il team di calcio nazionale e finora, si conosce la verità, non ha mai creato grandi problemi.
Nemmeno ha mai sconvolto con gli avversari.
L'estrazione del gruppo è l'ala giusta.
I promotori sono di Tri-Veneto.
Da Verona, Padova, Trieste e Udine.
Questi sono stati uniti da alcuni piccoli gruppi (in realtà, molto pochi membri) di Campagnia e Puglia.
Hanno bandiere tricolore con la città d'origine dei militanti su di loro: sabato, queste sono state tolte in modo da non poter essere identificate.
Prendono le loro idee da fan inglese.
In Bulgaria, hanno trovato sostenitori che erano veri nazisti, il gruppo Levski.
La FIGC aveva messo a disposizione dei biglietti dei fans italiani 144 per la partita: tutto personale, quindi facilmente controllabile.
E il Ministero dell'interno di Viminale aveva infatti controllato tutti: tra quei gruppi che vanno a Sofia nessuno è stato vietato, nessuno era stato vietato di frequentare un stadio.
Quattro sostenitori italiani, che avevano precedenti crimini legati allo stadio, erano infatti stati rifiutati i biglietti e tenuti da andare.
Ora il Ministero dell'interno sta aspettando di poter leggere i documenti ufficiali, che dovrebbero arrivare dalla polizia bulgara prima di prendere le misure: in questo caso è possibile vietare per cinque anni almeno i sostenitori che sono stati arrestati o quelli che sono stati identificati durante i disturbi.
Un bando internazionale che vieta la presenza non solo di stadi in Italia ma anche di tutta l'Europa.
I nostri hooligan, in breve, non entraranno in un altro stadio.
Fortunatamente.
Ma ora c'è paura dell'emulazione: cioè gli altri si uniscono a quello poco più di cento cinquanta.
"Dobbiamo immediatamente esprimere questa conflagrazione e non legittimare quelli che si comportano in questa moda", affermare quelli al Ministero di Viminale.
Quindi, "occhio aperto soprattutto dal momento che c'è la squadra nazionale giocando mercoledì a Lecce".
In Puglia infatti c'è un piccolo nucleo di sostenitori di Ultras Italia.
Domani l'Osservatorio si incontra, martedì, il CASMS che può contare su una sezione dell'AISE, cioè il servizio segreto, che si occupa esattamente dei problemi degli stadi.
"Il coro Duce-Duce e il braccio si estendono durante l'inno Mameli? In Bulgaria non è un crimine..."
Questi sono i pensieri (espresso con grande delusione) di Domenico Mazzilli, che, a partire da qualche settimana fa, è il direttore dell'Osservatorio del Viminale (che ha raggiunto il posto inizialmente tenuto da Francesco Tagliente e poi da Felice Ferlizzi).
In precedenza, Mazzilli era stato capo dell'amministrazione della polizia a Trieste dove c'è un nucleo di sostenitori di Ultras Italia, fondato nel 2002.
E' vero, dice Mazzilli, che in Bulgaria non è un delitto cantare inni al Duce ma certamente il comportamento di quei 150-200 fans è stato disgraziato.
"Non sono un sociologo - aggiunge il n.1 dell'Osservatorio - il crimine dovrebbe essere impugnato nel paese in cui si verifica l'incidente.
Fino a quando questo gruppo è rimasto nelle linee, ora vedremo ciò che è successo effettivamente e lo valutaremo per il futuro riferimento.
Ma parliamo anche dell'inno del Mameli: non è anche un crimine in Bulgaria, ma, se sono permesso di dire, non sono buone maniere...".
