El triunfo de los poblantes derechos en Austria tiene un total de 29%
Según los primeros resultados preliminarios de las elecciones anteriores del Parlamento en Austria han llevado a cabo un abuso perceptable de ambas partes en la actual mayor coalición y un gran costo para las partes populares de derecho.
La Parte de la gente austriana (PEVP), donde la posición de la cabeza actual, Wilhelm Moltiger, se ha de ser gravemente alegre, ha sufrido especialmente grandes perdas.
Por consiguiente, el líder de la campaña de la Asociación para la Fuerza de Austria (BZÖ), Gobierno Carinthian Jörg Haider, está preparando un triunfo de regreso a las políticas nacionales.
De conformidad con los resultados preliminares, la Parte Democrática Social (SPE) permanece el más fuerte en el país con el 29.8% de votos, sin embargo, el 5.5% de votos han perdido desde las últimas elecciones en 2006.
OVP, que, con su 25.6%, perde aproximadamente el nueve por ciento de votos, ha tenido que ser peor.
Estos son los peores resultados de ambos grandes partes en la historia de post-guard Austria, y especialmente para la Parte de la gente, que ha provocado las elecciones anteriores, es literalmente un resultado catastrofático.
En el principio de julio, cuando la OVP dejó la coalición, la Parte de la Población todavía tenía un gran líder sobre la SPÖ en las pollas.
Sin embargo, los votadores, aparentemente, les pusieron por poner los flujos del Gobierno.
En las primeras reacciones a los resultados, ya existen especulaciones sobre la posible resignación de la cabeza de la partida y actual vice-cancellor Wilhelm Moltrer.
Observatorios antecipientes de que esto podría tomarse como antes como en la reunión extraordinaria de la Ley de la Parte en el lunes.
Esa evolución, por supuesto, simplificaría el viaje a la mayoría de los resultados de la elección, es la renovación de la gran coalición de SPÖ y OPP.
Con el fin de fortalecer ambas partes populares de derechos, la Parte de Libertad (FPÖ) ganó un 18% preliminar y el 11% de los votos, sin embargo, los Democratas Sociales expresaron miedo de una repetición del año 1999, cuando la Parte de la Población aconsejó a los pueblos (FPÖ todavía se unió en ese momento, se retiró de la BZÖ en 2005) en un Gobierno común, que, en su caso, provocó sanciones de la Unión Europea.
Haider, quien ya ha anunciado que está preparado para trabajar juntos con cualquier partido y presupuesto, volverá a Vienna a las políticas nacionales, es evidentemente bancar en este desarrollo.
La Parte Verde también ha entrado en el Parlamento, pero ha sufrido una pérdida grave y ha caído de tercero a quinto lugar entre las partes políticas austrianas.
Obviamente, nadie de las demás partes ha superado las marcas de cuatro por ciento y ha entrado en el Parlamento.
Schwarzenberg: Las relaciones con India podrían preocuparse
De conformidad con el Ministerio Externo Karel Schwarzenberg, si no se puede resolver el problema de los científicos tchècnicos aprobados en la India con la colección ilegal de beetles, podrían tener lugar a una determinada amenaza de las relaciones checas-indias.
El Ministro hizo esta declaración en Nueva York después de la reunión de hoy con su contraparte indiano, Pranab Mukherjee.
"Si no se soluciona, entonces sí, entonces, una amenaza habría dejado un lugar", señala la reunión que se inicia desde el lado técnico.
Según las negociaciones, Mukherjee dijo que era difícil intervenir en asuntos judiciales.
Sin embargo, dijo que en el caso de Petro Švácha, quien fue claro de las cargas y penalizado con bondad, el Gobierno central puede negociar con el Gobierno local de Darjeeling, bajo la jurisdicción de la cuestión.
"El problema podría ser resolvido", dijo el Ministro.
Según Mukherjee, sería mejor para Emil Kučara, condenado a tres años en la cárcel, a pedir a las autoridades más altas.
Entonces puede pedir que se libere en el baño y espera el verdicto fuera del jail, explicó.
Schwarzenberg confirmó que su socio también había dicho esto durante las negociaciones.
"Recomenda a pedir a un tribunal más alto, entonces sería posible perdonar", dijo la cabeza de la diplomacia checa.
La única manera que el lado técnico pueda participar en todo el asunto es proporcionar a las personas sentenciadas con "apoyo jurídico competente", dijo el ministro indiano.
En la misma ocasión, dijo que el lado indiano ya les ofrece con ayuda de este tipo.
"Es en nuestro mayor interés para mantener las mejores relaciones con la India, que tienen una tradición a largo plazo.
Los indios también reconocen esto", dijo Schwarzenberg.
Al mismo tiempo, como dijo a la Agencia de Press Checa, expresó ante su socio que la República Checa pone una gran importancia sobre el problema de los entológicos checos.
"Nosotros consideramos realmente la detención y la carga de estos cientistas técnicos a ser un error grave", declaró.
El ministro no respondió a la pregunta de si recibió una promesa del lado indiano para perseguir la cuestión.
Solo dijo: "Yo ya he recibido muchas promesas".
Checo refiere la batalla para la flota del océano
Pasa hacia el mapa de paredes electrónicas que demostra Australia y las zonas marítimas alrededor.
Sin embargo, no está interesado en el continente, sino en un pequeño punto perdido en el azul del océano.
"Esta isla, y con ella la flota del océano alrededor de ella, es Australia.
Al mismo tiempo, la zona es tan grande como el continente, dice el abogado italiano Luigi Santosuosso, que es el equipo de trabajadores de la División de las Naciones Unidas para los asuntos oceanos y la Ley del Mar.
Su jefe, el director de división, abogado de la República Checa Vaclav Mikulka, seguirá lo que dice y ha añadido una cosa ocurrentemente.
El sexto y entusiasmo para el trabajo están dominantes aquí.
El flujo del océano es tan poco conocido mundo rico en recursos naturales.
Es posible encontrar aceite, oros y otros minerales, pero también es así que los organismos vivos que mantengan la clave, por ejemplo, para el desarrollo de una salud para el cáncer.
Un flujo mayor que el continente
Hoy, los países coastal han comenzado a competir consecuencia en el nuevo territorio de aguas.
Eso es, de conformidad con un acuerdo de las Naciones Unidas, que utilizan los derechos sobre el que se aprobaron en 1982 en Montego Bay, Jamaica.
Esta es principalmente la zona del selo continental tan llamado, que a menudo alcanza varios cien kilómetros de la costa del país.
De conformidad con el Acuerdo, el país tiene el derecho exclusivo a todos los recursos del sello continental.
"Simplemente, el salón continental se considera que es parte de la flota del mar que es la continuación natural del continente bajo el mar y su substrato.
Ha llegado a la frontera del mar coastal, a menudo, a pesar del borde de las dos centavos de miles de nauticales de la zona económica exclusiva", explicó Mikulka.
La solicitud del país indicado presenta a la Comisión sobre los límites del Shelf Continental debe apoyarse por la documentación científica y técnica basada en muchas investigaciones y medidas costosas.
Es el resultado de muchos años de trabajo preparatorio.
"Uno de nuestros papeles es proporcionar la Comisión con asistencia técnica jurídica y especializada.
Por consiguiente, la Comisión ha discutido cinco solicitudes desde Rusia, Brasil, Australia, Irlanda y Nueva Zelanda.
Solo los últimos tres de estos países han tenido éxito tan lejos", añade Mikulka.
Recientemente, el éxito de Australia, que era el primero para ampliar su dominio de agua subcoherente, fue registrado en el mundo.
Sin embargo, Nueva Zelanda también ganó - la zona de la flota del océano que la Comisión concedida a ella es aproximadamente 1.6 millones de kilómetros cuadrados, que es, aproximadamente seis veces mayor que el tamaño del país.
Ambos países investieron millones de dólares en la supervisión.
El beneficio que se beneficiará de la utilización de la flota del océano en el futuro será, ellos esperarán, sin precio.
Otros países presentarán gradualmente sus solicitudes.
Tienen diez años desde el momento en que ratificaron el "Acordo Montego Bay" para hacerlo.
En el fin del mes continental, la zona de la flota del mar declarada por el acuerdo como se inicia la "herencia común de los niños humanos".
Aquí no hay ningún país exclusivo.
El acuerdo establecido por la institución internacional se concede a los derechos mismísimas en este área.
"Pero la floor del océano no es Klondike", dice el director Mikulka exageramente, añadiendo que sus "especies individuales están jurídicamente eliminadas y que su régimen esté en contratos".
Checo en el Pacífico
La parte de la flota del mar está actualmente en la República Checa.
Parte con otros países del antiguo Bloc Oriental como parte de la organización común "Interocéanmetal".
Por un acuerdo, esta organización, como los inversionistas de varios países pequeños, ganaron el estado de la denominada "investidor de pionera" en 1991.
Se autoriza a mí en la zona ClarionClipperton en el Océano Pacífico, que se encuentra entre México, Hawaii y Kiribati.
La zona investigada por el inversor es claramente mayor que la antigua Czechoslovakia.
La flota del océano está rodeada, es un tipo de modelo de agua de las montañas Tatra.
"Es posible que mi tienda sea en una zona total de 75.000 kilómetros cuadrados.
La zona es una ubicación rico para la colección de concreciones polímetros que contengan nicle, copper, cobalto y mannesis", dice otro abogado, Pakshi Rajan de India.
El abogado macedonio de la división, Rober Sandev, trae una concreción así para demostrar.
Parece un poeta pequeño o, con un poco de fantasía, la sema mitica, que, de acuerdo con la leyenda, el Golem trajo a la vida.
Fuerza Especial Alemania Presentante en Reserva de Hospital
En resolver la crisis de hostage, el Gobierno egipcio ha pedido ayuda de Alemania, que envió a los expertos.
Cuando llegó el golpe, las fuerzas especiales estaban listos, pero sus servicios no se requieren en el final.
Más y más detalles se superan sobre las circunstancias en torno a la liberación de los 11 turistas europeos abdominados en Egipto.
Según los Ministros Federales Alemania de Defensa y del Interior, las fuerzas especiales alemán no se han participado directamente en la misión de rescate.
Los especialistas de las Fuerzas Armadas Federales (Bundeswehr) y los miembros de la Policía Federal Alemania (Bpol) y sus unidades especiales de GSG 9 y de la Guardia del Aeropuerto aéreo estaban presentes en el rescate, los ministros de los Ministros de la Luna de Lunes, así como los miembros de la Oficina Federal de Policía Penal (BKA) y los expertos logísticos de la Agencia de Relief Técnico (THW).
Sin embargo, las fuerzas alemanas no se requieren, dicen, porque los captores abandonaron sus hostias y huyeron cuando se conocían que las hostaciones estaban libres por fuerza.
El Gobierno egipcio había aceptado la ayuda ofrecida por Alemania a renunciar a las fuerzas alemán como seguridad durante la operación.
"Por supuesto, no ha llegado a eso", dijo un hablante del Ministerio Federal Alemania del Interior.
El grupo de viajes constituido de cinco alemán, cinco italianos, una mujer romana y sus ocho compañías egipcios habían sido embarazadas y acompañados el 19 de septiembre en el sur de Egipto.
Después de su destrucción en una región de desierto en el sur de Egipto, los hostiles fueron llevados a cabo en la región frontera entre Egipto, Libya, Sudán y Chad.
A la fecha, la identidad de los captores permanece desconocida, como hacen detalles sobre el rescate o sobre los posibles gastos.
Los antiguos hostages han llegado a la seguridad y el sonido en Cairo, mientras que.
El Ministerio Exteriores Steinmeier dijo que se han asegurado de que la embajada alemán se estableció.
No hizo comentarios sobre los detalles del rescate.
En Berlín no se ha dado información inmediata sobre su regreso a Alemania.
Según el reporte alemán «Image», los cinco turistas y las fuerzas especiales están a bordo de un aeropuerto de la Forza Alemania, que se ha dicho que llegara en Alemania el domingo.
U.S. House de representantes rechazados Bailout
El paquete de 700 millones de dólares de bailout para los mercados financieros ha fallado en el primer de los dos cuartos del Congreso EE.UU.
El Dow Jones tomó una nave.
Con una votación de 227 a 206, la Casa de Representantes de Estados Unidos rechazó el paquete bailout del Gobierno para los mercados financieros.
Todas las solicitudes por el Presidente George W. Bush y los funcionarios de ambas partes, no se han alcanzado la mayoría del programa que se debe contener los caos en los mercados financieros.
En una campaña dramatica, los sostenidores han intentado despertar los críticos del plan de 700 millones de dólares.
Barney Frank, uno de los principales negociadores democráticos, había llamado a representantes de aprobación, aunque era un plan inpopular.
"Es difícil recibir aprobación política para la prevención de algo que todavía no ha pasado", aprobó.
Mientras la votación todavía estaba bajo la dirección, el Dow Jones vio un golpe de más de 6% o 600 puntos.
Se ha causado por los preocupantes de los inversiones que el Gobierno podría haber fallado.
Se reafirmó brevemente antes del final de la votación, sólo para tomar otro núcleo-división cuando la rejeción fue publicada.
Los expertos esperan ahora más turbulencias en los mercados financieros internacionales.
Para la aplicación del plan, se requiere la aprobación de la Casa de Representantes y el Senado.
Informe de las agencias de viaje Increíble en libros
Será un buen viento para las agencias de viaje alemán, por supuesto:
Una investigación dice que el turno de los libros para los próximos meses ha aumentado significativamente el año anterior - para la sesión del viento, por lo tanto, el 30%.
A pesar de los prospectos de una economía difícil, el apetito alemán para el viaje permanece incorrectamente, una investigación dice.
Para los libros durante el período de venta, las agencias de viaje han visto un aumento de 31% en el mismo período del año anterior, la Asociación Alemania de viajes (DRV) informada en Berlín el lunes.
Según la firma de investigación del mercado, se ha producido un aumento en los libros durante los últimos meses.
Las agencias de viaje han visto un aumento de aproximadamente el 11% para el verse de octubre de 2007, el DDR ha dicho.
Los resultados se basan en las figuras de GfK, que procesan los datos de libro de las agencias de viaje alemán cada mes y los utiliza para realizar proyectos para el mercado como total.
Incluidos son libros de viaje realizados en agosto de 2008.
A pesar de un dólar lejos, especialmente los viajes a los Estados Unidos estaban en la solicitud, el DRV dijo.
En esta zona, los libros han aumentado por aproximadamente un tercero, lo ha dicho.
Además, se señaló en España, Turquía y Grecia como popular entre los alemanes, así como las regiones domésticas.
El Presidente Klaus Laepple dijo, en particular, los viajes inclusivos fueron buscados.
En la luz de los precios energéticos y alimentos, su coste era más calculable para los clientes que de vacaciones organizadas individualmente", dijo Lapeple.
Los consumidores podían salvar dinero a través de los diputados anteriores o totalmente incluidos, entre otros, el Laepple dijo.
Dado que los meses de sueño habían sido muy bien publicados, así como, habría otro aumento en la versión del año anterior, dijo - aunque otro informe de investigación, que el número de los alemánes de viaje se compara con el año anterior.
Mi Primer Hora en la Febrera de octubre
En el modo de repetición, la bebida de mugs y celebritas en el diseñador Dirndln.
Y a Wesn Debut.
Técnicamente, Susanne Kronzucker y yo no tengo mucho común.
Ella es blond, un teléfono de televisión y trae una dulce-made Dirndl.
Tengo cabello oscuro, soy un estudiante, y mi vestido es segunda mano.
Pero hay una cosa que nos conecta: hemos estado en Wiesn por sólo tres minutos, y ya los fotografíadores están encima de nosotros y se han llenado, llenando sus tarjetas de memoria - muy frecuente, y es mi primera visita al Wiesn, para lanzar.
Así es como haces amigos.
El cheapo Dirndl parece estar haciendo su trabajo.
Para un turista de Wiesn normalmente basado en el norte del ecuador de Weisswurst, que se sentía confundido por el ganado tradicional Bavarian dejó mucho de ser deseado a la fecha.
Pero cuando llegó a Theresienwiese, no es tan mala como todo eso.
Casi todos están acostumbrando a Dirndl o Lederhosn; nadie parece desgraciado o embarazoado - es totalmente normal.
Sólo mi aprobación de Dirndl volvió en el vendedor de chocolate-banana.
Una mujer Munich trajo a mi atención que he tenido el apodo la manera equivocada: 'Avacilable a la izquierda, virgen en medio, comisionada a la derecha, ampliada atrás.'
Furtivamente, golpeé mi aprón de atrás a la izquierda.
"Looks sobre la verdad", dice, y se lamenta.
Otros están menos preocupados con las tecnologías sostenibles y se sienten simples que dicen "Todo beber para estar vestido" y, sin promptar, muestran a los pueblos su nacimiento de atrás.
El joven con la actitud exhibitiva llamado Bob, es de Inglaterra, y es su primera vez en el octubre, así como.
Encuentra "gorgeous", con una `oooooo' lejos.
Me dice esto, después de que se arrepiente de la "Maß", tenía anteriormente.
Derecho a uno de estos golpes de fuego que todo el mundo equivoca para los destrucción.
Así que Bob es uno de estos infamáticos "Wildbysler".
Otros no son muy felices para perder el alcohol en esta fascinación.
A las ocho horas de la noche, los puntos de paramédicos están aburrindo la ubicación, acercándose a los pobres bingers.
Los medicamentos siempre aparecen en paquetes - siempre hay cuatro en un momento, llevando un estrés coberto de la tenda a la tienda.
Trabaja como con la mayoría de visitantes de Wiesn: Cuando está vacío, salgan, y cuando está lleno, regresan.
No ves quién está dentro de los cafés de BAC.
"Es aquellos que no pueden tomar más", uno de los paramédicos clamó cuando le pregunté acerca de él, desapareciendo en la multitud.
La víctima adecuada denominada por la policía
Una mujer de 63 años de edad que murió en el hospital después de haber caído por un vehículo en Essex fue llamada.
Carole Paulson, de Chelmsford Road en Brentwood, se involucró en el accidente en la tarde de la tarde en la calle Shenfield en la ciudad.
Ella fue llevada al hospital de Queen, Romford, pero después murió.
Después del accidente, un hombre de 51 años fue arrestado en la suspensión de un viaje sin cuidado.
Ha sido resuelto en el baile de policía.
Áreas diplomáticas de Turquía
Antes de que Turquía estuviera buscando a la Unión Europea, los poderes europeos eran mayores de penetrate profundamente en la frontera de Turquía.
En el lado oriental del Bosphor, quizás sólo 20 pasos en Asia, hay una de las mejores relicciones de esta ambición imperial falsa.
Hydarpasha fue designado por dos arquitectos alemán Otto Ritter y Helmut Conu en el estilo neo-renaissante.
Eso, al menos, es lo que los guidistas te dicen.
El edificio se senta astrona el final de las plataformas con una torre en cada uno de sus corneras frentes buscando todo el mundo como un salón provincial alemán.
La piedra es delicada.
Todo el edificio está decepcionado.
Pero una vez dentro de la oficina de tickets vacíos, no hay duda de que la mayoría de la empresa de la que es la puerta occidental.
La estación fue abierta en agosto de 1908 por un consorcio alemán, la Corporación Anatolia-Baghdad.
Alemania, un trastorno al juego imperial, intentó realizar sus ambiciones para dominar el Oriente Medio por medio de este viaje de río a Damasco, Baghdad, y más cerca de lo que hoy es Arabia Saudita.
Pero las ambiciones imperiales de Alemania se basaron en la Guerra Mundial.
Sus trazos de salida fueron ataques por Lawrence de Arabia y sus irregulares árabes.
La isolación relativa de la región alrededor, entornada por las fronteras frescas de la Guerra Flecha, ha desaparecido.
Las fuerzas británicas y dominios avanzaron de Egipto y pusieron los turcos y sus asociaciones alemanas de Palestina y Siria.
Y también había malas noticias para la estación Hyderpasha.
En 1917, un tren de ammunición se encendió en destrucción de su ropa elaborada.
Las fuentes turcas dicen que era sabotage.
Desde entonces, se ha dejado lejos, amplificado por la historia.
Pero hoy, esta puerta de viaje a Anatolia y todos los puntos orientales, sirve al menos - para aliviar las horizontas diplomáticas de Turquía.
La Parte de Justicia y Desarrollo del Gobierno - el PKP ha promovido una nueva política extranjera para el país.
La isolación relativa de su región alrededor, entornada por las fronteras frescas de la Guerra Colea, ha desaparecido.
Ahora hay una nueva política de compromiso.
Recordando que el Gobierno turco tiene buenas relaciones con Israel y Siria, con las facciones palestinas de Hamas y Fatah, con el Iraq y el Irán y, por supuesto, con la Unión Europea y los Estados Unidos.
Para ganar los parámetros de esta nueva política extranjera, subí a la noche a la capital turca Ankara, visitando uno de los expertos de política extranjera de la ACP, MP Suat Kiniklioglu.
La mañana siguiente - unas diez y medias horas después - después de un viaje a largo plazo que produjo las antiguas cajas del mundo de la famosa documentación La Nueva Email, llegué a la capital turca - proponido como una nueva ciudad para un nuevo intento de estado secular en torno al pasado Ottoman.
Pero el ACP con sus raízes islámicas conocidos conocidos es un paso paradigico en el consenso turco.
Ha propuesto alguna suspensión en el Oeste, más notablemente en Washington.
Un taxi me tomó a los cuartos de cabeza de la ACP, una piedra ultramoderna y una estructura de estrella - en un edificio de destino - en una suburba en desarrollo, alrededor de los centros de explotación y las patas de potencia donde los gestores medios de negocios - ambos hombres y mujeres - se reunieron a hacer negocios de mañana.
Suat Kiniklioglu podría haber sido un político central de derechos medios de casi cualquier otro partido político en Europa.
De acuerdo, aquí, estoy seguro de que incluso estaba packando una Blackberry.
"El objetivo de la política exterior de la partida es reintegrar Turquía en su propiedad inmediata.
La Guerra Cold era un anónimo", me dijo.
Turquía ha sido expulsada de su país.
Hoy tenía que mirar los orientes y los oestes en el mismo tiempo.
No fue un caso de uno o otro.
Debía hacerlo ambos.
"Pero por cierto", pregunté: "¿Turkey podría ser forzado a elegir?"
"Turkey", dijo, "no quería tener que ver esa elección."
Por lo tanto, en el punto de vista de que casi todos los que he hablado aquí ha recitado casi por ruta: no sólo al Oriente Medio, sino al Caucaso, y alrededor del Mar Negro, son tantos para el beneficio de Europa y los Estados Unidos como ellos en Turquía.
Con Turquía en la mesa, parece que el mensaje parece ser, Europa como todo puede metafóricamente dirigir estas líneas de raíces hacia el oriente hacia Asia y el Oriente Medio.
Volvía a la estación Hydarpasha, después de otra gran noche sin dormir, pensé de estos dos señores alemanes, Sr. Ritter y el Sr. Conu, que habían observado este edificio hace 100 años.
¿Cómo sorprendería que se hallaría que las ambiciones del Medio Oriente de Europa pueden ahora, en una gran parte, estar en las manos de Turquía.
Y mientras esperaba en el terminal para la ferría para llevarme alrededor del Bosphorus, recuerdo que en aquellos días Turquía siempre había sido llamado "el hombre enfermo de Europa".
Entonces, al menos, no se parecía tan duro que el continente debía declarar a este país fascinante.
Vivas recuerden: Vernon Handley y William Woodruff
Mark Brown escribió: Como el director musical de Guildford desde 1962, Vernon "Tod" Handley (normalmente, septiembre 11) había cargado de la Guildford Philharmonic Orchestra y el Choir.
Como parte de su estilo de música para el golpe, en el próximo año fundó su maravilloso joven, Proteus.
Se supone que fuera de sub-21, pero por el tiempo el Proteus sangra su final en 1979, varios de nosotros estaban en nuestros 20 últimos - simplemente rechazamos la elección.
El nombre "Proteus" (el cambiador mithológico) representa la voluntad y la capacidad de la escolar para abordar cualquier música que se presentó a él, o madrigal o mexicano, o no compañero o con órquestra completa.
La versalidad musical producida por un joven escolar fue a menudo atónizando, siempre excitando, y todo fue debido a la inspiración de ese hombre y el entusiasmo para la música que permaneció absolutamente constantemente durante los años.
¿Cuánto frecuente se nos dijeron de muerte a "la música habla para sí mismo".
Diría: "El compañero sabe lo que quiere.
Está todo ahí en la música.
¡Así que canta esto!
Su tecnología de baton fue absolutamente clara y clara, aunque nunca ha sido dictaria ni florida.
Todo lo que es normal musical, siempre lo resucitaba hasta más alto.
John Frayn Turner escribió:
Si alguno de los conductores debía haber tenido en cuenta que era Vernon Handley.
Lo conozco bien durante los dos décadas que llevaba a Guildford Philharmonic desde 1962 a 1982.
Durante los últimos 40 años, he revisado más de 100 de sus concertos y puedo sinceramente decir que nunca he sido desaparitado con un solo - y muchas veces inspiradas por ellos.
Todd Handley tenía esa rara combinación de la magnitud más modestia personal.
Odiaba los conductores que, en sus palabras, simplemente "hacían uno o dos caballos de guerra bien conocidos alrededor del mundo".
Se perderá por muchos de nosotros.
William Woodruff
El profesor John Beckett escribió:
Su obtuvo de William Woodruff (Septo 25) dice que "en 1946 resumió la historia económica en Oxford y en 1950 fue una investigación Houble-Norman Fellow... mientras estudiando simultáneamente para un BSc, un MA y un FD".
Esto seguirá de la nota del autor de Woodruff en Beyond Nab Fin, pero no es correcto.
Desde 1946 a 1953 fue un lector en la historia económica de la Universidad de Nottingham, durante el tiempo en que cumplió una teoría de PhD sobre la industria de rubber británico, supervisada por el profesor J. D. Chambers, y después publicado en 1958 como la Industria británico Rubber.
En 1950-51, en los EE.UU. en una compañía de Houble-Norman, y el sueño de 1952 en las universidades de Illinois, Harvard y Nueva York.
En 1953 abandonó a Nottingham permanentemente para Illinois.
¿Por qué Woodruff escogió a glucosas sobre esta parte de su carrera es desconocido.
J. Vincent Resino en la facultad de la filosofía
"Recomendé la exposición de José Vicente Resino "Flamenco y vida", porque sus fotos negras y blancas, tomadas en estilo documentario, son extraordinarias.
Las fotografías miró mi atención por su simplicidad y poder que transmitía, siempre tratando los asuntos con especial atención.
Una exposición que realiza un sentimiento profundo.
Resino es capaz de capturar momentos magníficos."
Segundo asesinato para la supersecuencia de Honda
El próximo Honda se iniciará el mercado de la segunda generación de modelos de Jazz.
Si el modelo anterior ya ha sido caracterizado por alta vivienda, este nuevo minivan tiene un espacio de anchura interior.
Además, se equivale con buenas mecanías que aumentan la comfort y permite salvar fuente.
Evolution en lugar de la revolución.
Esta es la segunda generación de Honda Jazz.
Aunque aestéticamente el nuevo Jazz parece el modelo anterior, los cambios llevados a la minivan son numerosos.
En otras cosas, es valioso examinar su diseño innovativo, la nueva plataforma, el tamaño más grande y las buenas nuevas técnicas.
Sin embargo, antes de moverse a analizar el nuevo modelo, puede ser útil para señalar que este nuevo Jazz sólo viene seis años después de la entrada de la primera generación.
Por consiguiente, una primera observación debe considerarse que Honda ha renovado este modelo más rápido que las otras empresas normalmente.
Aunque el modelo de Jazz es menos conocido en Europa que en otros mercados, sigue siendo un fenomeno en términos de ventas.
Este es el caso del Japón, donde Jazz era el auto mejor en 2002 y también durante el año 2008.
Justo allí, casi un millón de unidades de Jazz fueron vendidas desde el inicio del modelo.
El segundo mercado era el antiguo Continente, con aproximadamente la mitad de un millón de unidades vendidas en seis años.
A pesar de estos números, Honda cree que este nuevo Jazz aumentará su venta en el segmento.
Por lo tanto, si en 2007 la empresa japonesa vendió un total de 83.000 unidades de este modelo, en 2009 se estimará que serán aproximadamente 100.000 automóviles, que propone un aumento posible en las ventas del 17% sólo en el mercado europeo.
En cuanto al mercado español, Honda ha vendido un total de 8.000 unidades de Jazz desde 2002, correspondiente al 6.7% de las ventas totales para la empresa en España.
Con la venida de la nueva generación, el responsable de la empresa en España esperaba vender alrededor de 2.000 unidades de Jazz durante un año.
La venida del nuevo Honda Jazz, probablemente, lo hará posible, reduciendo la reducción de las ventas en España a un gran extremo.
De hecho, las personas encargadas de la marca esperan llegar al final del año con un total de 22.000 unidades vendidas, que son 4.000 unidades menos que en 2007, con un decreto del 16%.
A pesar del aumento de las ventas, Honda también ha aumentado su participación en el mercado en España, alcanzando el 1.8%, comparada al 1.6% del año pasado.
Al mismo tiempo, la empresa japonesa espera alcanzar el 2% en 2010.
Para lograrlo, Honda es confiante en otro nuevo modelo de suyo.
Este es Insight, un coche hibrid 5 pordos compact, 4.37 metros de largo. La empresa japonesa espera vender aproximadamente 200.000 unidades de este modelo mundial, dentro de un año.
Según las estimaciones de los mercados y de los fabricantes japoneses, el 50% de la venta de Insectos viene de los Estados Unidos, mientras que el 50% restante será de ambos el Continente antiguo y el Japón.
El inicio comercial de Insight se plantea para el año anterior, pronto después de la presentación del modelo dentro de la empresa en enero de Valencia.
En comparación con la primera generación, el nuevo Jazz ha crecido en toda su integridad.
Ahora alcanza 3,90 metros de longitud (5 centímetros más), 1,69 metros de anchura (dos centímetros más) y su interaxle 2,50 metros, con un aumento de 5 centímetros.
Su altura de 1,52 metros, siguen sin cambio.
Asimismo, con el tamaño, su interior habitable ha aumentado en el espacio.
Estos votos avanzados, primero de todo el mundo de la nueva plataforma, y segundo de la introducción del banco de fuente en una ubicación central, han adoptado una solución aprobada en la anterior Jazz.
Además, la capacidad de la trampa - un volumen doble debajo - aumenta a 399 litros, una capacidad más grande de 19 litros respecto a la primera generación.
Para notar, estas son las medidas de Honda Jazz 1.4, mientras que la capacidad de la trampa en el modelo 1.2 es sólo 379 litros.
Otros mejores - además a los elementos externos, tales como la entrega o la posibilidad de montar la glass panorámica - preocupar el acceso mejorado a las sesiones.
Las puertas que permiten acceder a las sesiones de vuelta, abre ahora con un ángulo de 80 grados, comparada con 67 grados en el primer modelo.
Además, todos los motores son muy nuevos en esta segunda generación de vehículos.
En el momento de la comercialización, este modelo pequeño llegará con motores de 1.2 o 1.4 litros de petróleo.
Ambos sistemas mecánicos incluirán la tecnología i-VTEC que permita un consumo de fuente inferior, producirá menos emisiones de dióxido carbono, optimiza las refinerías mecánicos y, al mismo tiempo, mantendrá un motor elevado de turque en todas sus fases.
La versión 1.2 litros alcanza una potencia de 90 hp a 6000 rpm con una toca máxima de 114 Nm. a 4900 rpm.
La propulsión - que en Jazz anteriormente alcanzó el 78 hp - sólo necesita 5.3 litros de fuente y producirá alrededor de 125 gramos de emisións de CO2.
Se compara a la propulsión anterior, que en el modelo de primera generación utilizado por 83 hp, el nuevo puede tomar un aumento de 100 hp.
El 1.4 Jazz con 100 hp recibe una combinación de 5.4 litros de fuel y 128 gramos de CO2 emitidos.
La "bee-car" para evitar colaboraciones
En el desarrollo de las tecnologías para la prevención de accidentes, Nissan ha inspirado esta vez por naturaleza y especialmente por animales.
La empresa japonesa ha creado un robot que, imitando el vuelo de animales, puede evitar accidentes.
Este es el Drive Robot Car Bio-mimetic, o BR23C, el primer paso a las tecnologías de proyecto para la prevención de las coaliciones.
Los ingenieros del Centro Tecnológico avanzado de Nissan Motor Co. han desarrollado este pequeño robot en cooperación con el Centro de Investigación científica y tecnología de la Universidad Prestigioso de Tokyo en Japón.
Según Kazuhiro Doi, director general de Relaciones Públicas para la tecnología, la investigación y el desarrollo de la gestión de la sangre, el BR23C es una ampliación de la escala de seguridad de las cuatro áreas producidas por Nissan.
Este robot está intentando mejorar la capacidad de prevenir coaliciones en los vehículos producidos por la empresa.
Durante el vuelo, cada cerveza crea su propio espacio personal de olivo que es muy similar al Shield de Seguridad desarrollado por Nissan.
Pero el elemento más importante es constituido por los ojos comprometidos de la bea, que puede ver en todas las direcciones con un ángulo adicional de 300 grados, permitiendo que el insecte vola con ninguna interrupción dentro de su espacio personal.
Para recrear estas características visuales, los ingenieros desarrollaron lo que definiron un localizador laser (Laser Range Finder).
Este mecanismo detecta obstáculos dentro de 2 metros y un radio hacia 180 grados frente al BR23C, calcula la distancia al objeto y envía un señal al microprocesador en el panel que permita inmediatamente prevenir la colección.
"Cuando detecta un obstáculo, el pequeño robot implica los movimientos de la bella y cambia inmediatamente la dirección en movimiento de las rodillas a un ángulo derecho o mayor para evitar la colección.
La diferencia más evidente con cualquier sistema existente es su acción equilibrio que resulta totalmente instintivamente.
"Si no fuera así, el robot no podía reaccionar suficientemente rápidamente para evitar obstacles", explica Toshiyuki Andoh, director del laboratorio de Mobilidad y principal ingeniero de este proyecto.
A diferencia de una bebida, el robot no puede desviar de arriba o abajo, ni hasta diagonalmente. Sólo puede moverse en dos dimensións y en la dirección sus cuellos pueden convertirse. Obviamente, no puede ejecutar directrices y caminos como animales.
Por esta razón, Nissan ha usado una función de rotación además a las funciones de aceleración y de aceleración, para permitir a los pequeños robots que puedan evitar colaboraciones.
"Este dispositivo sólo tiene que procesar nuevas información cada par de segundos y actuar de estos datos.
No necesita almacenar ninguna información o utilizar la lógica intuitiva de los mantenidores anteriores. Por esta razón se puede ir sin interrupción suministrada sólo por un poco de doble KB de memoria.
Esto puede sorprenderse, pero no estamos hablando de gigabytes o Mega de memoria."
Este es el primer paso para desarrollar nuevas tecnologías para la prevención de las coaliciones, una tecnología de Nissan se introducirá en coches como características estándar durante diez años.
El robot utiliza las baterías de litio-polymer, que son más brillantes y más durables que la tipogología de ion de litio.
Una aplicación adicional en un futuro potencial podría ser la integración de esta tecnología con el navegador satélite GPS para llevar al conductor a un destino específico, evitar obstacles en el camino.
Respirar antes de aplicar un golpe
Tenemos que reconocer que el Departamento de Treasuría de los Estados Unidos, que posee bastante buenas capitales para actuar, no falta de talento.
Teniendo que enfrentar la crisis y prevenir a los estadounidenses a ser cazados con los bancos bajo dudas de insolvencia, creó un juego divertido y educativo para los usuarios de Internet. Este es el "Hotel de Credit".
En otras palabras, el "Hotel de los malos créditos"... o de los problemas.
El aspecto de golmo de este hotel y, en particular, de su receptor destina a la gente a querer pensar no sólo una vez, sino dos veces o tres veces antes de aplicar a un salón.
Y sobre todo, para pensar muy cuidadosamente en dónde se aplica. Es probable que es el objetivo privado del juego.
Por supuesto, este sistema proporciona varias informacións útiles, pero ofrece más detalles.
Es mucho más una página web para las tiendas que un sitio para el público general.
¿Qué pasa si terminas el juego?
Bueno, una habitación de sueño aparece dentro del hotel.
Todavía hay algo, porque en comprar una casa... mejor dejarlo.
Morgan Stanley abrió su capital a MUFG
Morgan Stanley ha anunciado su entrada en el marco de la mesa del Grupo Financial de Mitsubishi UFJ (MUFG), el primer banco de Japón, que hará 9 millones de dólares para obtener el 21% de su capital, las noticias que se han recibido por un paso larga en los precios de participación.
Una semana después de que no se hayan revelado un acuerdo provisional, los dos bancos han explicado que el MUFG compraría el 9.9% de Morgan Stanley en un precio de 25.25 dólares, totalmente 3 millones de dólares.
El precio de venta es menos del 19% del valor de la seguridad el 31 de agosto.
El MUFG investirá un total de seis millones de dólares adicionales en la compra de títulos convertibles que provee un aumento seguro del 10% y con un precio de conversión de 31,25 dólares.
Morgan Stanley afirmó que la operación general se basaría en un precio medio de 29 dólares, o el 28% superior al precio actual.
Sin embargo, Morgan Stanley perdió 6.79% a 23.07 dólares alrededor de 17.00 GMT.
"Esta asociación estratégica constituye una oportunidad importante de acelerar la transición de Morgan Stanley al estado del banco de mantenimiento", dijo John Mack, el CEO del grupo americano.
Morgan Stanley ha adoptado este nuevo estado en la semana pasada, que debería permitir que se distingue sus actividades, pero debe pasar por la autoridad de la Reserva Federal.
Su asociación con MUFG confirma también que la crisis financiera actual ha fortalecido los nombres más grandes en la calle de Wall Street para adoptar una actitud más prudente que antes.
Las modalidades presentadas en el lunes muestran que el acuerdo ha sido modificado en los últimos días: el mes anterior, Morgan ha anunciado que se vendería al 20% de sus partes al japonés por unos 8.5 millones de dólares.
"Una semana pasada, explicó Toshide Mizuno, director ejecutivo de MUFG en Tokyo", pensamos que la participación se componía totalmente de las partes ordinarias.
Sin embargo, debido al estado actual de la economía y del mercado, esperabamos reducir los riesgos y proteger nuestros traseros."
Basado en el precio medio pesado, el MUFG pagará a sus garantías de Morgan Stanley del 7% bajo su valor de libro.
Y la transacción resultará en una dilución de aproximadamente el 20% de ejercicios por parte.
El Acuerdo propone que el MUFG pueda convertir anualmente la mitad de sus garantías preferidas en las partes ordinarias si se trató más del 50% superior al precio de la conversión, aproximadamente 47 dólares por un período indicado.
Morgan Stanley garantiza que el capital proporcionado por el MUFG le permitirá ajustar las oportunidades de inversión, fortalecer su hoja de balance y aumentar su liquidez.
Sin embargo, se rechazó de dar detalles sobre los proyectos estratégicos de las dos nuevas asociaciones.
Después de la inversión de MUFG, Morgan Stanley predique una proporción capital de la Tierra Uno de aproximadamente el 15%, uno de los mejores en la industria.
Morgan dijo que tiene "significantemente" redució su hoja de balance desde el final de agosto.
Las últimas semanas han sido difíciles para el grupo, que vio la mitad de su precio de compartición se ha retirado mientras los costes de seguros contra el riesgo de los predeterminados de su debida.
Este coste ha reducido el lunes, pero permaneció en un nuevo nivel alto, aproximadamente el 12%.
La semana pasada, Goldman Sachs, el único más importante banco de inversiones en Wall Street después de la explotación de los bancos de Bear Stearns y los hermanos Lehman y Merrill Lynch, anunciaba que había aumentado 15 millones de dólares, parte de Berkshire Hathaway, el grupo de Warren Buffett.
Rafael Correa en Quito el lunes.
Reconstruyendo alrededor de la República del socialismo del siglo XXI.
Este es el proyecto conjunto del Hugo Chávez Venezuelano, Evo Morales de Bolivia y la Correa Ecuadora.
Este sábado, como sus compañeros y amigos, es el tercero para poner un proyecto de voto para una nueva constitución.
La misión ha cumplido desde el 64% de los votos votó "Sí" a referendum, según los resultados oficiales basados en el 80% de las votas.
Basándose en estos resultados, el "no" tenía 28%, el 7% de las votas eran incorrectas, y el 0,7% eran votos blancos.
Para el proyecto de la Constitución, debe tener la mitad de los votos más uno.
El sábado, dos pollos llevados fuera de las estacións polares y una organización no gubernamental hayan anunciado una gran victoria para el «Sí» del ámbito entre el 63 y el 70%.
Rafael Correa había declarado la victoria de su proyecto de constitución durante la noche desde el sábado hasta el lunes.
La "Constitución ha triunfado tan sobreviviamente", afirmó, comenzó a comenzar a los ecuadoros en los capitánes del Gobierno en Guayaquil, 280 km del sureste de Quito.
Por supuesto, Rafael Correa fue congratulado por Chavez y Morales, pero también por su contraparte Chile Bachelet.
El pollo, que se realizó en paz bajo el curso de la Organización de Estados Unidos (OAS), cubierto en su texto 444 puntos que consolida el "nuevo socialismo" abogado por el Presidente.
El proyecto de constitución afirma el poder del Estado sobre la economía, reservando la "planificación de desarrollo" de un país que vive principalmente de la extracción de aceite por empresas extranjeras y el dinero extranjero que envían a sus emigrantes.
Por Correa, elegido en 2006, el proyecto ofrece también mayores poderes al Capítulo de Estado, que pueden llevar a cabo dos términos consecutivos de cuatro años y será capaz de resolver la Asamblea.
Correa ya ha anunciado que utilizaría ese poder para buscar un nuevo mandato en febrero de 2009.
La Constitución también consolida el principio de servicios y educación libres de salud que el Presidente ha comenzado a establecer en este país 13,9 millones de habitantes, donde el 50% de la población vive bajo la línea de pobreza.
También propone la prohibición de la presencia de tropas extranjeras, que concluirá el acuerdo entre Quito y Washington para utilizar Ecuador como base de lanzamiento para operaciones antidroga americanas.
Los 19 hogares fueron liberados en Chad
Un ejército egipcio comenzó un ataque contra los cónyuges de los 11 turistas y sus ocho escudos capturados hace diez días.
Están en Cairo.
Los 11 turistas europeos y sus ocho escudos egipcios han tenido cautivos por diez días en el desierto se han vuelto el mes tarde a la capital egipcio.
El día de la mañana fueron liberados por un mandamiento egipcio en Chad.
Obviamente, los hostages llegaron aproximadamente 1530 horas a un aeropuerto especial en la base militar de Al-Maza, asociados al aeropuerto internacional de Cairo.
Se transmitieron inmediatamente, sin poder hablar con la presión, mediante el helicóptero al hospital en Maadi, una suburba residente de Cairo, para subrayar examinaciones.
Están en "la salud buena", y "no ha sido pagado" a los captores", declara el Ministro egipcio para el Tourismo, Zoheir Garanna, en el Tarmac.
Capturado el 19 de septiembre en una safari en un 4x4 en el pie de la montaña Ouanat en las fronteras con Egipto, Sudán y Libia, este grupo de hostajes había sido golpeado desde un oculto a 35 chicos desconocidos.
Incluye 11 turistas - cinco italianos, cinco alemánes y un romano - y también ocho egipcios: dos guiones, cuatro conductores, un guardia frontera y el director de la Agencia egipcio, organizador del safari.
Un oficial de seguridad egipcio dijo que 30 miembros de las fuerzas especiales, llevados a cabo dos helicópteros, habían comenzado el ataque durante la noche antes de la tarde.
"Un exchange de fuego fue perseguido, y la mitad de los chicos fueron asesinados, la otra mitad huyó", dijo el oficial que pidió anónimo.
Dijo que 150 miembros de las fuerzas especiales egipciosas han sido enviados a Sudán como total, donde recibieron apoyo de los órdenes alemán y italiano.
El jefe de los cuerpos diplomáticos italianos Franco Frattini en Belgrado donde ahora está, señaló el papel jugado por agentes secretos italianos y elementos de las fuerzas especiales.
"Debemos reconocer que hemos alcanzado este resultado mediante el profesionalismo y la eficacia de nuestros hombres de los servicios secretos, de las fuerzas especiales", dijo, sin más detalles.
También negó pagar un pago.
El día antes, el ejército sudán había declarado que había interceptado un vehículo patrol de 4x4 en la mesa de los que eran los captores, matar seis, incluyendo la cabeza Chadán y arrestar dos.
El ejército afirmó que se habían enlazado a un grupo rebelde en Darfur, la Unidad de Movimiento de Liberación Sudan (SLA-U), algo que este movimiento ha rechazado inmediatamente.
Cartas - La mayoría de la cultura silenciosa
Un debate sobre la financiación de la cultura ha hecho las líneas de cabeza y ha desempeñado esta campaña electoral.
Bien.
Pero un sector de nuestra vida cultural permanece siempre olvidado.
¿Quién avanzará a denunciar la amenaza que se da a los pequeños museos, los arquitectos, los sitios arqueológicos o nacionales que están encargados de financiar?
¿Cuáles donantes políticos deben recordar al Gobierno federal que se nega sus monumentos y edificios de herencia?
En Quebec, en Canadá, ¿no tenemos derechos reales que guardan efectivamente nuestra herencia?
¿Sabía que el Gobierno franceso paga tres y medio millones de euros para la restauración del campamento de Chino en el Valle Loire?
Nuestros vecinos americanos han escrito en la Constitución de su país que la protección de la herencia es parte de la cultura americana y que esta herencia debe ser protegida por todos los ciudadanos, todos los departamentos elegidos y todos los departamentos del Gobierno, y esto en cooperación.
En Quebec, la Federación de las Sociedades de la historia de Quebec, al menos 40 000 voluntarios agrupados en 211 agencias para la historia, la herencia, los archivos y la genealogía se preocupan con la rearquitectura de la historia, con la conservación, algunos fondos, pilas de archivos privados, y conservando los restos arquitecológicos.
Muchas veces son los observadores de nuestra herencia, que protestan con la energía de despacho cuando los desarrolladores y los constructores lanzan sus bolsadores contra nuestros antiguos edificios y nuestros cemeteras olvidados.
¿Cuándo habrá un foro para la historia y la herencia?
Banco Fortis por parte nacionalizado por los gobiernos de Benelux
Benelux está ayudando a Fortis, el Banco belga-Dutch - que es el primer instituto financiero europeo en problemas debido al impacto de la crítica de la lengua americana - por una compañía de Estado partial. Los tres países han de acuerdo a incitar 11.2 millones de euros a la empresa bancaria y a la seguridad que tienen intereses húngaros.
Al final de esta semana, el Bélgica, el Luxemburgo y los gobiernos alemán consultaron sobre este tema en el nivel más alto, incluyendo el Presidente del Banco Central Europeo y el Comisario de Competencia de la Comisión Europea.
En la zona de euro, Fortis es el primer banco de la crisis financiera internacional en los últimos 12 meses, así como, desde un punto de vista, las decisiones realizadas pueden ser consideradas anteriormente.
Según la decisión adoptada en la noche del domingo, cada Gobierno tomará un 49% en los bancos de Fortis en sus países respectivos.
De hecho, el banco venderá algunas de sus pasos, en particular las actividades de seguro, que se compraron desde el ABN alemán en el año pasado.
Las partes Fortis comenzaron a llenar profundamente la semana pasada, y luego en la segunda parte de los signos de la semana de una grave crisis apareceron en la empresa.
Los análisis están convencidos de que el banco, con sus 85.000 empleados, es demasiado grande que se permita a los bancos.
Las partes del banco cayó al 12% en el domingo, que es el nivel de registro menor de 14 años.
El valor de las partículas se ha tomado por dos terceros desde enero.
Considerando los precios actuales de almacenamiento, el valor total de capital del mercado del grupo es alrededor de 14 millones de euros. Sin embargo, los directores de empresas dicen que esto no refleja la realidad.
La gestión viola las incertidumbres sobre el mar - que se relacionan a aceptar el paquete americano de 700 millones de millones de USD - para el fallo de las partes Fortis.
Los almacéns demostró una ligera resucitación en el lunes.
Felipe Dierckx fue designado al nuevo oficial ejecutivo del banco el domingo.
La institución financiera también estaba buscando compras privados, pero no se ha realizado tanto.
El Gobierno belga declaró antes que los inversionistas no tenían razón para preocuparse, no perderían su dinero.
Ningún banco ha emitido tan lejos entre los clientes del banco; no ha tomado ningún lugar de banco.
Fortis tiene su propio establecimiento bancario en Hungría y también compró empresas de lanzamiento.
Fox en el Henhouse
La vida estadounidense y la seguridad sanitaria frecuentemente rechazaran la venta de seguros a algunos ciudadanos, debido a sus datos de compra de drogas.
Los expertos de protección de datos tienen miedo de que el mercado de datos sea incontrolable.
"Es un programa de protección de datos que requiere el permiso de la persona afectada para utilizar los datos de prescripción de la droga.
Debe ser indispensable, sin embargo, el foco se guardará en la casa de la mano", el Washington Post quota Richard Dick, el desarrollador del programa aplicable para las prescripciones de drogas.
Las empresas de seguros decidirán sobre la fe de seguro y el importe a pagar en caso de enfermedades dependiendo de la situación sanitaria del cliente de aplicación, y si consideran demasiado riesgo, no prestan seguros.
Los clientes de aplicación que se envían para tener un examen médico realizado, y el contrato se concluyó en la luz de los resultados de pantalla.
Dick ha desarrollado muchos métodos más agradables hace diez años: en base al número de identificación del cliente, el tipo de drogas comprado por el cliente en los últimos 18 meses puede ser fácil de detectarse, así como el programa puede desempeñar las consecuencias por sus propios enfermedades en relación con las enfermedades del solicitante y su condición de salud.
Por ejemplo, el caso de la compra regularmente grandes dosis de drogas de reducción de cholesterol es prácticamente referido al hecho de que el cliente tiene un nivel de sangre increíble, como resultado de la que esta persona se pone inmediatamente a una categoría más elevada de riesgo.
El programa tiene varias versiones en el comercio, algunos de ellos incluso definin el factor de riesgo, así que la empresa de seguros no tiene nada más que hacer, sino el trabajo de papel, aunque las dificultades más pequeñas.
Uno de los desafíos es el hecho de que algunas drogas pueden utilizarse para varios objetivos, por ejemplo, algunas fórmulas médicas son para tratar la migración, las vacas calientes o hasta la depresión.
El último es un factor significativo de aumentar el riesgo de la vista de los seguros de negocios, mientras que los demás dos no son.
Hay empresas específicas que se tratan de obtener y procesar datos, y solicitan permisos del paciente antes de obtener la información necesaria de las farmacéuticas.
Ya están obligados a hacerlo, aunque sus errores anteriores no han sido penalizados.
Algunas empresas incluyen los resultados de la examen laboral y los conectan a los datos de consumo de drogas, así como pueden proporcionar más información sobre la salud de los pacientes.
Más y más empresas tienen acceso a los datos y, en paralelo, el control de su uso es muy difícil.
Hay un acto específico sobre la protección de los datos de la salud, pero su ámbito incluye sólo los proveedores de atención sanitaria y las empresas de seguros.
Se ha presentado a los Congresos el marco de la inspección de las autoridades sobre las empresas que participan con la disposición de datos.
Dick Richard reconoce que no es suficiente: es por eso que ha desarrollado su programa, que ahora limitaría la transferencia de datos en relación con la necesidad de la consensión expresada de la persona afectada.
Sin embargo, es otra cuestión que el solicitante no puede rechazar la competencia, sin embargo, las empresas de seguro no concluirán contratos con ellos.
Por lo tanto, a un determinado grado, siguen dependiendo del beneficio del foco.
Menú global de Marseille
Comercio doble de la Unión Europea y de la India
Como la Unión Europea y la India llevan a los socios comerciales de unos a otros, el programa del noveno sumo fue también dominado por este tema, además a otros, principalmente mundial, problemas.
Hoy se celebrará una suma de Francia-India, especialmente sobre la cooperación de energía nuclear.
Aunque la Unión Europea reconoce que la India es una fuerza mundial democrática emergente, que debe ser concedida más en asuntos internacionales, los Estados miembros no han sido capaces de llegar a un acuerdo si no apoya la permanencia de Nueva Delhi en el Consejo de Seguridad de las Naciones Unidas o no.
Así que este asunto no fue fortalecido durante el noveno sumo, organizado en Marseille ayer.
El Presidente franco Nicolas Sarkozy como presidente de rotación de la Unión, el Presidente del Presidente José Manuel Barroso y la Política Exteriores Jefe Javier Solana congratulaba el Primer Ministro Indiano Manmohan Singh y consiguió a doble, por ejemplo, a más de 100 millones de euros, el flujo comercial en cinco años.
Desde el intercambio de productos elevados de 25 millones a 55 millones entre 2000 y 2007, esto no es un objetivo muy ambicioso.
De conformidad con ello, 26 convenciones de aviación civil existentes bilaterales con la India han sido armonizadas jurídicamente, que significa que el tráfico aeropuerto puede golpear en el futuro.
La India está destinada a firmar el acuerdo comercial libre con la Unión hasta el final de 2009.
Sarkozy prometió acelerar la armonización.
El objetivo es encontrar el equilibrio mientras la India es el número de uno de los socios comerciales de la UE, al mismo tiempo Nueva Delhi sólo tiene el nueve lugar en la lista de los asociados de la UE.
La suma concentrada en las cuestiones globales:
En la situación en Afganistán y en Pakistán, así como en el terrorismo, el último fue condenado por ambas partes y la Conferencia de las Naciones Unidas.
También fue expedido la completación de la Ronda Comercial de Doha, aunque ambas partes son responsables de la fiscó tan lejos.
La UE confirmó que mantendría su programa de energía y climático, significa tener la intención de eliminar la emisión de contaminantes aéreos por al menos el 20% hasta el 2020.
La India aconsejó a esto y al objetivo de alcanzar un acuerdo global en la conferencia climática del próximo año y reducir la emisión de gases verde por 50% hasta el 2050.
Otro objetivo era evitar el crecimiento de los precios alimenticios y una llamada a una conferencia internacional para revisar la crisis financiera.
El Primer Ministro Indiano va a una reunión bilateral en el capital franceso, en la que pretende llegar a un acuerdo sobre el uso de la energía nuclear.
París espera que las empresas francesas sean apropiadas para construir reactores nucleares en India en un valor de 20 millones de euros.
Según la información de la Agencia de Nueva Agenda, el Acuerdo estará en vigor durante 15 años.
Más de 300 editores italianos en Frankfurt
La presencia de los editores italianos en el libro Internacional de Frankfurt.
Más de trescentos serán los editores italianos presentes en el sexto aniversario de Buchmesse, el más importante evento internacional para el intercambio de los derechos de derechos.
El Libro Internacional en Frankfurt espera esta ocasión por siete mil exiliadores de 101 países diferentes que ocuparán el 171 790 metros cuadrados de tierra con más de 403.000 titulares de vista, y Turquía será el invitado de honor.
Francesco Maria Giro, el subsecretario para la herencia cultural y el Ministerio de Actividades, representará el Gobierno italiano en la ceremonia de inauguración de la Pavilión italiana: en realidad Italia se presentará como institución con una estación italiana - 264 metros cuadrados de espacio de exhibición.
Será la conferencia de presión en la estructura de la Sala de Pavilón 5.0 del Buchmesse: esto será la ocasión en que se presentarán figuras, tendencias y una vista del estado de la industria de publicación italiana.
Según los datos, hay una importancia progresiva de los libros por los autores extranjeros en la producción italiana, y en particular para los adultos y los niños.
Encontró el aeropuerto de Steve Fossett, el millones de personas desapareció hace un año.
El aeropuerto del aeropuerto de Steve Fossett, el millones de personas que desaparecieron en el 3 de septiembre de 2007 mientras volaban sobre el desierto de Nevada.
Se encontró en una plataforma a 3.000 metros de altura, en la zona de Sierra Nevada de Lakes de Mamoth, en la frontera entre California y Nevada.
Sin embargo, dentro del aeropuerto, no hay que ser humano.
El Sheriff Madera, John Anderson, ha disminuido cualquier duda restante: "El aeropuerto ha sido localizado, hemos enviado un equipo, y ahora tenemos la confirmación de que es el que Steve Follett volaba el día que desapareció", dijo en una conferencia de presión.
Después, el jefe señaló que no habían sido encontrados restos humanos ni en el avión ni en la zona alrededor.
El millónario, 63 años, fue dado a los muertos en febrero.
La Oficina de Seguridad Nacional de Transportes Americana (NTSB) ha informado que algunos horas después de que se haya enviado un equipo de investigación, que entonces ha identificado el aeropuerto: es Bellanca 8KCAB, que se ha perdido desde el 3 de septiembre de 2007, cuando Fossett se retiró de Yerington en Nevada por tres horas.
Ayer, siempre en California, no lejos de la frontera con Nevada, algunos efectos personales relacionados con Fossett fueron encontrados por un par de personas cerca de su casa en Lakes Mammoth.
Los elementos son dos documentos en el nombre de Fossett, enunciados por la Administración de Aviación Federal de Illinois, algunos cash y un sueño.
La búsqueda de Fossett fue llamada un mes después de haber desaparecido.
El millón de personas se ganó un lugar en la historia gracias a una serie de registros mundiales.
En 2002, en su sexto intento, se hizo el primer hombre para completar el viaje mundial en un balón de aire caliente: un avión solo dos semanas.
Tres años después, hizo el viaje mundial sin aterrizar.
Entre sus numerosos registros, hay también un vuelo a 15,445 metros, superior a los Andes, pero con un piloto co-pilot.
Glk, la advertencia que no te espera
Un SUV que está fuera de las normas con un diseño original definido por líneas decisivas, superficies amplias y corneras limpias.
En breve, esto es GLK, el último adición a los vehículos "compact" del fabricante estrellado, con el que Mercedes-Benz ha intentado dejar en un aire fresco en este sector.
Debido a que sus características están fuera de las normas tradicionales, el mensaje que acompañará al comienzo del GLK SUV también será inesperado y no convencional, se dispone en las habitaciones de Mercedes-Benz como desde el próximo 17 de octubre.
Por consiguiente, la campaña de publicidad que acompañará el depósito del nuevo vehículo establecerá un nuevo método de comunicación que incluye también una campaña futurista de plataformas de 3D, utilizada para la primera vez en Italia por una marca de vehículos.
Un proyecto de grandes pantalones, establecido en tres fases diferentes, que dominará la calle más central del Milano, Corso Como, hasta el 15 de noviembre.
La primera fase de este nuevo tipo de comunicación comienzará con una presentación del vehículo en la visión stereoscopica, y gracias a las glases especiales distribuidas en la cerca de Corso Como será posible ver el nuevo SUV en el tamaño verdadero y en formato 3D.
De hecho, mirando la imagen uno tendrá la sensación de que el coche propaga del poster.
En segundo lugar, mediante el uso de la tecnología innovadora Elumina 8, todos los detalles del nuevo GLK serán luminosos en varias ocasiones, y luego se recomponen como una única imagen.
Sin duda, Mercedes, mediante esta publicación, está tratando de introducir algo nuevo en el campo convencional de la publicidad automóvil.
¿Hará sucedido con esta fórmula para promover el interés de las compras futuras?
Aquí es quienes son los hooliganos italianos
de la Tri-Veneto, que puede ser prohibido de participar de las fichas de esportes (Daspo).
Pero ¿quiénes son estas 150-200 personas de quienes Italia ahora se ha asombrado? Se han formado parte del grupo "Ultras Italia" que ha sido apoyado por años al equipo nacional de football y hasta ahora, la verdad se ha conocido, nunca ha creado grandes problemas.
Ni siquiera lo ha golpeado con la oposición de fans.
La extracción del grupo es correcta.
Los promotores son de Tri-Veneto.
De Verona, Padua, Trieste y Udine.
Estos han sido asociados por algunos pequeños grupos (en realidad, muy pocos miembros) de Campagne y Puglia.
Tienen banderas tricolouras con la ciudad de origen de los militaristas sobre ellos: el sábado se han tomado para que no se puedan identificar.
Se levantan sus ideas de los fans inglés.
En Bulgaria encontraron apoyadores que eran verdaderos Nazis, el grupo Levski.
El FIGC había colocado en el dispositivo de los fans italianos 144 piezas para el conjunto: todo personal, por lo tanto, fácilmente comprobable.
Y el Ministerio del Interior en Viminale los comprobó a todos: entre aquellos grupos iban a Sofia, nadie se había prohibido a frecuencia de una estación.
Cuatro sostenidores italianos, que tenían los crimen relacionados con el antiguo estudio, se han rechazado de pies y se han mantenido en marcha.
Ahora el Ministerio del Interior espera que pueda leer los registros oficiales, que deben llegar de la policía Bulgaria antes de tomar pasos: en esta ocasión, es posible combatir por cinco años al menos los sostenidores que han sido arrestados o quienes han sido identificados durante las distorsiones.
Un banquete internacional que prohibi la participación de no solos estudios en Italia, sino también en toda Europa.
Nuestros hooliganos, en breve, no entrarían en otra estación.
Felicidades.
Pero ahora hay miedo de la emulación: eso es que los demás juntan a ese poco más de un ciento y cincuenta.
"Nosotros tenemos que desplazar esta conflagración inmediatamente y no legitimizar a los que mantengan en esta fase", afirma los en el Ministerio de Viminale.
Por lo tanto, "los ojos amplamente abiertos desde que hay el equipo nacional jugando en el domingo en Lecce".
En Puglia, en realidad, hay un pequeño nucleo de apoyos de Ultras Italia.
Mañana las reuniones de observación, el domingo del CASMS que puede contar en una sección de la AISE, que es el servicio secreto, que trata exactamente de los problemas en las estacións.
"El enfermo Duce-Duce y el brazo salieron durante el anillo Mameli?
Estos son los pensamientos (expressados con gran desaparición) de Domenico Mazzilli, que, hace pocos semanas, es el director de la Observatorio del Viminale (ha alcanzado la postura que fue realizada inicialmente por Francesco Tagliente y luego Felice Ferlizzi).
Anteriormente, Mazzilli había sido el jefe de la administración de la policía en Trieste donde hay un nucleo de apoyadores de Ultras Italia, basado en 2002.
Es cierto, dice Mazzilli, que en Bulgaria no es un crimen para cantar himnas a la Duca, pero, por supuesto, el comportamiento de estos 150-200 fans ha sido desgraciado.
"No soy un sociologo - añade el n.1 de la Observatorio - se debe imputar el crimen en el país en el que se ocurre el incidente.
Finalmente, este grupo permanece dentro de las líneas, ahora veremos lo que realmente ha pasado y lo evaluaremos para la futura referencia.
Pero también debemos hablar de la conspiración con el anatema Mameli: eso no es también un crimen en Bulgaria, pero, si estoy permitido decir, no es bueno ...."
