Bevölkerung der Bevölkerung in Österreich, um 29 Prozent zu bekommen
Die älteren Kollision hat zwei Parteien getroffen und eine wichtige Stärkung der rechten Volksparteien, die nach den ersten vorherigen Ergebnissen des Australischen Parlaments vorgesehenen Auswahlen erfolgen.
In den Österreichen Neparpart (ÖVP), wo derzeitige Präsident Wilhelm Moltiger bestätigt hat, besonders eine starke Verlust.
In diesem Zusammenhang ist der Präsident der Vereinigten Staatsanwalt (BZÖ), der Staatsanwalt Karinthien, Jörg Haider, ein gewinnendes Rückkehr zur nationalen Politik.
Aufgrund der vorherigen Ergebnisse wird das Land der Sozialdemokratischen Part (SPE) mit 29,8 % der Stimmen stattgefunden, wobei die letzten 2006 letzten Wahlen 5,5 Prozent der Stimmen verloren haben.
Es ist noch schlimmer als der EVP, der 25,6 Prozent der Stimmen bei neun Prozent verliert.
Diese beiden großen Parteien nach der älteren Kriegsgeschichte haben vorher die größten Ergebnisse, und außerdem die vorhergetragenen Wahlen als Nepart, die in den Worten Nepar gehören, sind die katastrophische Ergebnisse.
Am Anfang Juli war der EVP-Koalition eine wichtige Voraussetzung für die Bevölkerung vor dem SPE-Speidingsforschung.
Allerdings wurden die Wahlnehmer sichtbar verhindert, weil sie die Regierung verlassen haben.
In den ersten Reaktionen, die auf die Ergebnisse angeboten wurden, wurden spekulationen von Wilhelm Moltiger Parteien und derzeitigen Erklärung gesprochen.
Die Beamten glauben, dass es bereits eine Woche in der äußeren Sitzung der Partei stattfinden kann.
Diese Entwicklung könnte wahrscheinlich aus den Ergebnissen der Wahl wahrscheinlich vereinfacht werden, wobei die Veröffentlichung der SPÖ und der AUP-Größe vereinfacht werden.
Bei der Beschäftigung der beiden Bevölkerungsbevölkerungsparteien - die Australische Freiheitsparteien (FPÖ) haben 18 Prozent der Stimmen und der EZB den zehn Prozent der Stimmen erstellt - aber die Sozialdemocraten haben dieselben Angst über die Wiederherstellung des Jahres 1999, als die gemeinsame Regierung mit den Volksparteien (für die FÖ im Jahre 2005 noch eine Vereinbarung von BZZ), die auch über die Europäische Union vorgesehen wurde.
Haider, der bereits erwähnt hat, dass er mit jedem Parteien zusammenarbeitet, und ich denke, dass er wieder in die nationalen Politik zurückkehren kann, ist es offenbar, diese Lösung zu berücksichtigen.
Die Grüner Party, die jedoch von einer verliebten Bevölkerung und zwischen den politischen Parteien aus der dritten Stelle auf den fünften Rest zurückgekehrt wurde.
Die anderen Parteien kamen nicht über die vierhunderte Grenze und kamen nicht in das Parlament.
Schwarzenberg: Die Indien-Beziehungen
Falls Sie nicht erfolgreich die Probleme der Cheche-Industrie für die unrechtmäßige Vereinbarung nicht erfolgen könnten, könnte Karel Schwarzenberg in den chinesischen Verhältnissen bestimmte Verknüpfungen durchgeführt werden.
Der Minister berichtete das heute nach der Besuch mit einem indischen Partner von Pranab Mukherz in New York.
"Wenn das nicht lösen würde, dann würde ein bestimmtes Vertrauen erfolgen", stellte sie nach der Besuchsbeobachtung, an dem sie von der Ausbildung gezogen wurde.
Nach der Untersuchung erzählte er, dass die Durchführungsbefugnis schwer in den Gerichtsbedingungen entwickelt werden kann.
Außerdem bemerkte er, dass sich die zentrale Regierung bei Peter Swacha bei der Verurteilung von Gewalt erhoben und verurteilt hat, mit dem die Rechtsvorschriften bedarf.
"Das Problem könnte lösen", sagte der Minister.
Die drei Jahre im Gefängnis gerichtete Emil Kuča, wie Mukherdzsi, wäre das Beste, dass er zu einem höheren Gericht führen würde.
Sie könnte eine freie Stellungnahme anfordern und das Gericht frei erwarten, erklären.
Schwarzenberg bestätigte, dass seine Partner so ähnlich in der Verhandlung ausgeschlossen hat.
"Der höchste Gerichtsverpflichtung empfiehlt, dann wäre es möglich, ihn zu retten", sagte der Chech Diplomation Hauptmann.
Der einzige Weg, wie sie in die gesamte Sache in die Hälfte führen können, die "kompetenzrechtsunterstützung" verurteilt wurde, hat den Indienminister erwähnt.
Sie sagte, dass die Indien-Freut für sie schon so hilft.
"Wir interessieren mit Indien die besten Beziehungen mit vielen Jahren.
Die Indien kennen das auch", sagte Schwarzenberg.
Außerdem, wie die ITK gesagt hat, erwähnte sein Partner, dass die Tschechische Republik eine große Bedeutung des Problems der Tschechischen Enthomologien besitzt.
"Wenn wir in der Tat eine schwere Bewusstseinung dieser Wissenschaftler unter Beobachtung und Bedrohung halten", erklärte er.
Auf diese Frage hat der Minister eine Verheißung, ob die Indische Hälfte für die Beschäftigung des Vertrags eine Antwort aufgenommen hat.
"Aber ich habe viel Versprechen empfangen", sagte er.
Richter Czech in der Kriegskrieg für das Meer
Hier ist die Flasche elektronische Karte, in der australische und äußere Seegebiete sichtbar sind.
Aber die Erde ist nicht interessiert, sondern eine Abweichung in den Ozeanen.
"Die Insel ist in Australien und mit ihm ist die besondere Meeresfläche.
In der Region ist es, wie Sie das Kontinent sind", sagt Luigi Santosuosso, ein Italienischer Rechtsvorricht, der in den Ozeanen der ENSZ-Division und im See-Mitgliedstaaten betrifft.
Der Hauptmann Vaclav Mikulka ist der Richter der Divisionsführer, der die Erklärung, die manchmal erfüllt.
Es ist ein riesiges Vermögen und eine Bewusstsein.
In der natürlichen Ressourcen des Meeres versteckt sich die köstliche Welt.
Hier können gemeinsame Steine, Gemüse und andere sämtliche Stoffe, aber auch noch nicht bekannte Lebensorganismen, die zum Beispiel die Schlüssel für die Entwicklung der Arzneimittel gegen Kranken bezeichnet werden können.
Meeresförmige als See
In unseren Tagen werden die Partei-Staaten für neue Gebiete unter dem Meer gesorgt.
Die ENSZ-Konferenz erfüllt dieselben Rechte, von denen die Jahreszeit Montgo Bay im Jahr 1982 stattfindet.
Zunächst ist das kontinentliche Grundlage, das oft von den Teilen des Landes oder von hundert Kilometern bewegt.
Dieser Land hat nach dem Abkommen einzigartiges Recht für alle Ressourcen des Kontinents.
"Wenn wir die Kontinentenbank in der Meeresfläche und unter dem schwarzen Schwarze haben, die die natürliche Vergangenheit des Landes unter dem Meer.
Die Partei ist in den Seegrenzen, häufig zweihundert Meeresfläche des Meeres, nur auf dem Gebiet des Wirtschaftsraums überschritten", erklärt Mikulka.
Die Anfrage, die das angegebene Land den Ausschuss für die Ausschussausschuss der Kontinentenfonds angeboten hat, muss in vielen komplexen Forschungsuntersuchungen und mittelfristigen wissenschaftlichen technischen Dokumenten erfüllen.
Dies ist die Ergebnisse der jährlichen Vorschläge.
"Unser Auftrag ist für die Unterstützung der Ausschuss rechtlicher und wirtschaftlicher Technik.
Die Kommission hat bisher fünf Anträge behandelt, Russland, Brasilien, Australien, Irland und Neusee.
Es gibt nur die letzten drei Länder, die sich mit dem Erfolg befinden", bietet Mikulka.
In der letzten Welt wurde australische Erfolg erfolgreich, die das Land unter dem Meer erhöht hat.
Aber in Neu-Zeeland ist auch die von der Kommission verurteilte Zollgebiete rund 1,6 Mio. Kilometer, oder sechsmal größer als im Landegebiet.
In der Untersuchung wurden zwei Länder mehr als Milliarden Dollar finanziert.
Die Nutzung der Zukunft des Meeres wird nach ihren Hoffnungen unerwünscht.
In anderen Ländern werden ihre Anträge weiterhin beeinflussen.
Das könnte in zehn Jahren von der Entschließung der "Montego Bay-Vereinbarung" laufen.
Da das Kontinentsfonds endgültig ist, beginnt das Gebiet der "Gemeinsamen Erbe der Mitgliedschaft" des Vertrags.
Hier ist keine einfache Situation für ein einziges Land.
In diesem Bereich wird die internationale Einrichtung, die durch das Vereinbarungsverfahren erstellt wurde, gerechtfertigt.
"Das Meer ist jedoch nicht Klondike", sagte der Leiter Mikulka, dass "die ähnliche Regionen offenkundig beobachtet und in dem Vertrag getroffen wurden."
Zentrale Ozeanen
Das Meer ist ein Teil der Manipulation der Tschechischen Republik.
Diese westliche Blocks werden in den Rahmen der gemeinsamen "Interoseanmeten"-Organisation unterteilt.
Diese Organisation hat im Rahmen des Vereinbarungens 1991 den Staatsstaat "Investitionen" in einigen anderen Ländern gleichzeitig getroffen.
Er wurde in der ClarionClipperton-Zonie zwischen Mexiko, Hawaii und Kiribati gegründet.
Die durch den Investitor überprüften Gebiete sind mit einer früheren Tschechischen Slowakei.
Das Meer ist hier, das ist eine Kopie von dem Tatsaschen unter dem Meer.
"Dies ist in diesem Bereich 75 000 Quadratkilometer ausgestattet.
Die reiche Polymetalysische Gefühle, die das Gebiet nikkel, Rasse, Cobalto und Manan enthält, erinnert sich an ein anderes Recht, der Hindu Pakshi Rajan.
Rober Sandev, seine Divisionsarbeiter Macedon, zeigt ein weiteres Beispiel.
Sie erinnert sich an einen Burg oder ein kleines Fantasie, der Golehem mit den Prüfungen, die zum Leben befinden.
Die Deutschlands waren spezielle Kraften zur Verfügung gestellt
Die ägyptischen Regierung bat eine Hilfe von Deutschland, um eine Lösung zu lösen.
Als die Situation wahrscheinlich verändert wurde, wurden die speziellen Einheiten bereitgestellt, aber sie wurden jedoch nicht auf ihre Einladung getroffen.
Die Erlösung von 12 europäischen Turistan in Ägypten wird in den Tagen mehr Informationen erreicht.
In der Verkehrsaktion wurden die Deutschlands spezielle Stärke direkt nach den Daten des Honservices und des Ministeriums.
Außer der Deutschland-Hadseg-Hadschuhe war die Flughafen von GSG 9, die Deutschlands Polizei und der Vereinigten Staatsangehörigen der Vereinigten Staaten und der Deutschlands-Musikdienste auch logistische Experten der Rettung.
Am Wochenende letzten Wochen wurde die Deutschen nicht erforderlich, da die Verkäufer ihre Gefangenen verlassen haben, und dann verließen sie, wenn sie die Zeichen der mächtigen Überwachung erfassten.
Die ägyptischen Regierung hat die von Deutschland angebotene Beihilfe angeboten, als Stärke der Unterstützung einzuführen.
"Er ist nicht glücklich", erklärte er den Vorsitzenden des Vereinigten Staatsministeriums.
Die Verkäufer wurden von fünf Deutschland, fünf Italien, einer römischen Frau und acht Ägyptischen Prüfungsgruppen am 19. September auf dem Südteil Ägypten zerbrochen.
Nach einer menschlichen Erschöpfung in der Zölle des Südmächtigen Ägyptens, Libyen, Sudan und Chad wurden sie hier hingezogen.
Die Verkehrsparteien sind immer unrein, nur die Details der Rettung der Säufer oder der vorgeschlagenen Änderungsanträge.
Im Gebäude kam Kairoba.
Steinmeier berichtete, dass die freien Tränen unter der Deutschen Folgebewahrung stehen.
Die Informationen über die freiwilligen Zulassung wurden nicht eröffnet.
In Berlin gab es keine Informationen, wenn sie in Deutschland zurückkehren.
Nach dem "Bild" Zeitplan sind die fünf Turisten und die spezielle Kraften in den Deutschen Legi-Haderers auf dem Flughafen Airbus in Deutschland gefördert.
Das Amerikanische Bilderhaus verweigert die Fahrzeuge.
Die Untersuchung des Vereinigten Staatenkongress hat 700 Milliarden Dollar für Geldmarkt gezeigt.
Und Dow Jones ist besser.
Die Vereinigte Staatsangehörige 227 hat die Regierungsgruppe für die Finanzmärkte nicht tatsächlich gegen 206 abgelehnt.
George W. Bush hat nicht mehr als die Anrufe der amerikanischen Präsidenten und die beiden politischen Parteien getroffen, mit denen sie sich an den Finanzmärkten verlangen wollten.
Die Unterstützungsanforderungen wurden versucht, in einer dramaischen Aktion die kritischen Bedürfnisse von 700 Milliarden Dollar zu bewältigen.
Barney Frank, der Demokratische Partei, hat die Vertreter unterstützen lassen, obwohl der Plan noch unvollständig ist.
"Es ist schwer, politische Unterstützung zu erreichen, um etwas zu erreichen, was noch nicht nachfolgt."
Dow Jones war noch mehr als 6 Prozent oder 600 Punkte.
Die Einfuhrnehmer hatten dasselbe Angesicht, dass die Staatsangehörigen der Verkehrsverkäufe eingesetzt wurden.
Der Index wurde kurz vor dem Abschluss der Abstimmung erwähnt, nachdem er nach der Veröffentlichung von Kudark wiederholt.
Die Experten zählen weitere schwere Turbulenzen auf den internationalen Finanzmärkten.
Um das Programm in Kraft zu bringen, braucht es auch die Annahme des Schreibers und des Senatiums.
Die Rechtsvorschriften registrieren weitere Beschäftigungen.
Es verheißen den Deutschen Reisesystemen.
In einem Studienstudium stellte sich die Anstrengungen für die nächsten Monate im letzten Jahr mehr als 30 Prozent an.
Die Deutschlandsfreiheit, die sich gegen die Konjunktur befinden, hat sich nach der Studie nicht verlassen.
In Berlin wurden in der Deutschlands-Utaza-Vereinigten Staaten in Berlin in den letzten Wochen der Vereinigten Staaten am 31. Prozent des Verkehrsverkehrsverkehrs (DRV).
Die GfK-Mitgliedstaaten prüfen die Zahl der älteren Monate höher.
Im Oktober 2007 wurde die Reisebüros 11 Prozent fortgesetzt, die DRV übermittelt.
Diese Ergebnisse basieren auf den GfK-Daten, die die Daten für die Verkehrsbeschäftigung von 1200 Deutschlands Reisebüro bewerten, und die gesamte Markt entspricht.
Die Institution hat bis zum Ende August 2008 die Straßen berücksichtigt.
Die Drogen-Dollar-Programme wurden insbesondere nach Drogen in den Vereinigten Staaten gesucht - übermittelt.
Hier hat seine Beschäftigung mit einem Drittländer gezeigt.
Die Deutschlands besonderes angenehme Straßenziele sind Spanien, Türkei und Griechenland und Haushaltsjahre.
Sie suchten die Organisierten Straßen - sagte Klaus Laepple, Präsident des DRV.
Für die zuständigen Energie- und Lebensmittelkosten sind die Kosten für die georganisierten Straßen "eine bessere Bewertung für die Straßen als für die privaten Verkehrswege."
Sie stellte ihm Laepple ein Geld mit Vorbereitungen, oder mit all inclusive Anbietern.
Es war auch sehr gut, die Arbeitszeiten in den letzten Monaten zu betrachten, also kann sich eine weitere Fortschritte für das vorherige Jahr bemühen, obwohl ein anderes Studium nach dem letzten Jahr weniger in den Turistanunternehmen verbunden ist.
Der erste Oktoberfest
Ballermanns Lügner, Literal-Klammern und Dämonen, die ohne Pause wiederholen.
Debugging in Wesnen.
Suzanne Kronzucker und ich sind nicht viel gleicheinander.
Er ist ein köstliches, TV-Technischer, und er hat mit einer Menge gesprochen.
Meine Haare sind dunkel, ich bin Diaklan, und ich habe meine Kleider in der Tür.
Aber eine Sache ist in uns verbunden: Wir sind fast drei Minuten in Weissen, die Fotos und ihre Gedächtniskarten erfüllen und alle unsere erste Besuch in Weissen.
Das können wir für Freunde schaffen.
Es scheint, dass der Haar läuft.
Von dem Weißen Kolbaum wurde als Wiesn-Turista als grenzüberschreitung der Bevölkerung in den Norden gebildet.
Aber wenn es auf der Theresienwiss kam, ist es nicht mehr so schlecht.
Jeder nimmt ein Gefängnis oder ein Gefängnis; niemand sieht sich in der Nähe oder in der Nähe - alles ist in Ordnung.
Es ist nur mein schlimmstes Gefängnis.
Eine Münchenschwester ruft meine Aufmerksamkeit an, dass ich die Verbindlichkeit falsch verbunden habe: "Du bist frei, du bist mittlerweile gebunden, draußen auf die rechte Seite, hinter der Witwe."
In dem Geheimnis habe ich die Masine nach links gebracht.
"Das ist gut", sagt er, und sein Name.
Andere spielen weniger Geschmacks um die schönen Flörttechniken, und sie bringen ein einfaches Geschmack mit "Ich bin zu teil, um mich zu schützen", und sie stellen ihre unbedingten Nachbarn unbedingt an.
Der Exhibitionist nennt Bob, und er wurde auch im Oktoberfest besucht.
Was sehr fantastisch findet, so lange das "aaaaaaa".
Dann erzählt er mir, dass er von seinem vorhergeborenen Gehalt freigelassen wurde.
In der Nähe eines Feuers, der jeder schaut.
Also, Bob ist eine der Nachrichten, die "Mitglieder" steckt.
Andere sind nicht so glücklich, dass sie so aus dem Alkohol erfreuen.
Vor acht Stunden laufen die Verkäufer bis zum Ende der Lage und besorgen die Armee.
Die Patienten sind immer im Team - einzelnen vier Zypern-Storm auf einen scharfen Schützen.
Dies funktioniert wie in den meisten Fallen von Wiesn: Bewertung leer, verzweifelt.
Wenn jemand in den Alkoholkosten unter dem Ponyva steckt, sieht er nicht.
"Dies sind die, die vollständig bereit sind", schrie mir eine Chance für meine Frage und dann in der Markt.
Die Polizei hat ihr Angebot angenommen.
Die Polizei nannte die 63-jährige Frau, die in einem Fahrzeug Essex geschlagen hat und starb im Krankenhaus.
Die Brentwood-Krankenhaus, Chelmsford Road, kam am Abend mit Carole Paulson in der Stadt von Shenfield Roadon.
Die Romfordi Queen's Hospital wurde ins Krankenhaus gesendet, aber später starb er.
Nach dem Fall wurde ein 51-jähriger Mann mit einem unerwünschten Leitung gefangen.
Sie wurden seit der Aufmerksamkeit verlassen.
Deutschlands Diplomatik
Vor dem Zweck der Türkei, die die Europäische Union zu verbessern hätte, haben die europäischen Befugnisse von der Wunsch, die sich in die Tatsache zu nehmen.
Auf der östlichen Seite des Bosporos, vielleicht 20 Schritte aus der europäischen Grenze, ist eine der betroffenen nationalen Kontinents der größten Relevian.
Die Hydarpasha-Studie bauen zwei Deutschlands, Otto Ritter und Helmut Conu, in Neoranesischen Stil geplant.
Das schreibt mindestens die Straßenbuche.
Das Gebäude umfasst das Ende der Peronen, ein Toron auf alle anderen Fremden und sieht aus wie ein Deutschlandshaus.
Der Stein ist köstlich.
Das ganze Gebäude ist ein kleines Gebäude.
Allerdings war die höchste Tür offenbar, in dem die höchste Tür insgesamt war.
Die Station ist der Deutsch Konsorzium, der Anatolia-Baghdad Corporation im August 1908 geöffnet hat.
Deutschland, die "eine Zukunft" von Damaskus Bagdadon durch die Emissionen, die heute zu Saudi-Arabien führen wollen, mit Hilfe zu erreichen, um die Beschäftigung der Nachbarschaft zu erreichen.
Deutschlands Veränderungen wurden unter dem I. Weltkrieg zusammengezogen.
Die Lawrence und die arabischen Parteien unterstützen sich in der Lawrence.
Die zentrale Abweichung der Regionen, die die Grenzen des Küstenkriegs betroffen wurden, verliert.
Die britische Armee zog aus Ägypten aus und zerriß ihre Trübsal und Deutsche Bundesverträge aus Palestinien und Syrien.
Die Hyderpasha-State war nicht besser.
Im Jahr 1917 zerbrochen sie einen Stärkungswagen und vernichten die geistige Gebäude, die das Gebäude arbeitet.
Die Sabotage-Aktion wurde nach den Quellen der Rettung erfolgt.
Seitdem war er langsam und war gut über die Geschichte.
Außerdem ist heute, als die Tür der Anatolien und der ganzen westlichen Region - in mindestens symbolischen Bedeutung - als Diplomatik der Türkei.
Die Verwaltungs- und Verwaltungsparteien der Regierung haben eine vollständige neue Auslandspolitik für das Land gearbeitet.
Die zentrale Abweichung der Regionen, die die Grenzen des Küstenkriegs betroffen wurden, verliert.
Die neuen Politik ist die Vereinbarung.
Er bemerkte, dass die öffentliche Regierung mit Israel und Syrien, Hamas und Fatah-Palästinensische Gruppen, Irak, Iran und natürlich mit der Europäischen Union und den Vereinigten Staaten verbessert hat.
Ich wollte die Parameter der neuen externen Politik erhöhen, so habe ich mich in die Hauptstadt der Strafverkäufe in Ankara auf die Nacht in Ankara gezogen, um einen der AKP-Mitglioglut-Außenpolitik zu besuchen, den Rat des Staatsparlaments Suat Kiniklioglut zu besuchen.
Am nächsten Morgen, nach der Dunkelheit von zehn und halb Stunden, die in der Zeit ein offenkundiges Dokumentfilm über die alte Welt, auch das Ritmus The Night Mail - kam ich in die Hauptstadt der Turks. Die neue Stadt stellt die neue Stadt zum neuen, weltweiten Symbol, das die Rückkehr vor dem Haus verwandelt.
Allerdings stellt die AKP-Vergleichsveränderung in der Tätigkeitskonsens.
Dies ist ein bestimmtes Gespräch im Westen, insbesondere in Washington.
Ich ging mit einem AKP-Währungsraum, ein ultramodern, Stein und Käse, erzählte, in diesem Ziel gegründet - in einem entwickelten Währungsraum, in einem ähnlichen Währungszentrum und Kaffee. Das sind die letzten Tagen der unbeherrschten Gemeinsamen Männer und Frauen, die bereits frühen Morgen zu bekommen.
Suat Kiniklioglu hätte in jeder anderen europäischen Länder einen besseren Mittelpolitischen Einrichtungspolitik eingeführt.
Er hat sich gekleidet, gekleidet und ich bin sicher, dass noch ein Blackberry noch bei ihm war.
"Die Partei ist ein Auslandspolitischer Zweck, um die neuen Einführung der Türkei in die direkten Umgebung zu helfen.
Der Hidgekrieg hat die Regierung verurteilt."
Die Türkei hat sich von der Vereinigten Staaten gezeigt.
Heute musste er gegen Morgen und westlich umkehren.
Er konnte nicht von den beiden ausgewählt werden.
Sie mussten beide in der Richtung öffnen.
Ich fragte:
"Turkia wollte nie vor der Antwort bringen."
Dann stimmte er, was fast jeder, mit dem ich hier geredet habe, wiederholt: Die Türkei ist nicht nur mit dem Nachbarn, sondern auch die Verhältnisse mit den Kauksischen und den Schwarzen Meeren, die sich Europa und die Vereinigten Staaten befinden, als sich die Türkei befinden.
Wie sie möchten, dass - mit der Türkei - mit der ganzen Europa in der Ostsee in Asien und in der Nähe der Nähe in die Nähe stehen kann.
Als ich wieder im Hydarpasha-Stadt war, da ich nach einer neuen und letzten Nacht in der Nähe des Nachts überlebte, dachte ich, Herr Ritter und Mr. Conura, die zwei Deutsche Herren, die vor 100 Jahren die Gebäude dieser gemeinsamen Gebäude durchgeführt haben.
Es wäre wunderschön, wenn sie wissen, dass die neben der östlichen Emissionen Europas jetzt in der Türkei sind.
Und sobald ich in der Küste wartete, um Bosporuss zurückzuführen, kam ich, dass die Türkei als "Europäische Krankheit" genannt wurde.
In derselben Zeit war es mindestens keine Frage, zu welchem Landesherrschaft für dieses gemeinsamen Land geboten wird.
Erinnerungen: Vernon Handley und William Woodruff
Mark Brown schrieb: Seit 1962 als Guildfords Musikführer Vernon "Tod" Handley (Nerolog, Sep. 11).
Auf der Grundlage der Musikplanung für die Stadtstadt hat sie im nächsten Jahr eine wunderbare Jugendliche Krankheit, Proteus gegründet.
Sie könnten nur 21 Jahre unter dem Lied halten, aber als Proteus im Jahr 1979 seinen Final war - viele von uns schon im Ende unseres 20-jährigen Jahres - wir waren einfach nicht von dem Krankenhaus verändert.
Der Name "Proteus" (Methologische Umwandlungsname) war mit der Erklärung und die Macht, mit jedem Krankenhaus zu bewegen, was sie vorher tun - Madrid oder ein Messias oder ohne Prüfung oder großer Prüfung.
Eine junge Kranke Musikfreundschaft war oft in der Krankheit und war immer überraschend, und wir dankten den Menschen, deren inspiriert war, unsere Seele in den Jahren unverändert war.
Wie oft hat Tod zu uns gesagt, "Lassen wir seine Musik von dir reden."
Er sagte immer: "Der Musiker weiß, was er will.
Es ist alles in der Küche.
Also singen Sie aus!"
Die Karmester-Technologie war immer vollständig verständlich und genau, aber niemals Diktatorial oder überschritten.
Jeder mit der Musikfarbe war, hat er immer auf ihn gebracht.
John Frayn Turner schrieb:
Wenn er jemals ein Mann lebte, der einen Wagen hatte, war Vernon Handley.
Ich kennte mich gut in den zweijährigen Jahren, in dem er von 1962 bis 1982 von Guildfordi Philharmonics geführt hat.
In den letzten vierzig Jahren schrieb ich die Kritik von mehr als 100 Konzerten, aber niemals, keine Schwierigkeiten, und oft mit ihnen.
Todd Handley war zusammen mit der Majestät und der Schönheit, die sehr ernst ist.
Er hat die Führer, die mit seinen Worten lebten, nur "die beiden, die gut bekannt sind, wurden bis zum Ende der Welt getroffen."
Viele von uns verlieren.
William Woodruff
Professor John Beckett schrieb:
Ihren William Woodruff (25. September) berichtet: "In 1946 hat die Wirtschaftsstrategien in Oxford fortgesetzt, und in 1950 wurde die Houble-Norman-Institution fortgesetzt, während die Grunddiplome, die Meisterdiplome und die PhD-Adresse fortgesetzt wurde."
Dies ist Woodruff aus den Autoren des Handels "Beyond Nab End" der Beyond Nab End.
zwischen 1946 und 1953 wurde der Wirtschaftsverfahren in der Nottinghami-Universität abgeschlossen, und auch unter der Leitung des Professors J. D. Chambers wurde die PhD-Distriktion über den britischen Gumipar abgeschlossen, der nach 1958 die Adresse "Die britischen Gumiipar" veröffentlicht wurde.
In 1950 bis 51 wurde in den USA mit einem Houble-Norman-Stadt gehalten, und im Jahr 1952 in den Ilnois, New York und Harvard-Universitäten.
Im Jahr 1953 verließ er die Nottinghame und Ellinois.
Ich kann nicht wissen, warum Woodruff das Zeitraum für die Erdbeben gebaut hat.
J. Vicente Resino im Wissenschaftsmarkt
"J. Vicente Resino "Flamenco und Live Life" ist ein Antrag dafür, dass Schwarz-Weiß-, Dokumentar-Stil-Foto-Präsentationen.
Die Einheit und die Kraft, die sich in den Bildern befinden, haben sich die Aufmerksamkeit für Leute, die auf Bildern arbeiten.
Dieses Gespräch funktioniert für die Gefühle.
Resino ist für die Bevölkerung der vernünftigen Momenten."
Zweitens Verkaufsrekord in London
Im November beginnt Honda die zweite Generation von Jazz.
Ja, es war bereits zu groß, um die Straßen zu erreichen, aber die Einführung des neuen Modells zu erreichen.
Jeder, der sich mit der finanziellen Mechanismus vereinbart, wird die Leitung stärker führen und die Erhöhung der Wirtschaftsbeschäftigung erhöht.
Evolution der Revolution.
So sieht es aus, wie die zweite Generation Honda Jazz erscheint.
Obwohl er in der neuen Jazz-Ansicht sehr gleich war, wurden viele internen Veränderungen erfolgreich.
In diesem Zusammenhang sind beispielsweise in der innovativen Disease, der neuen Wagen, der größten Dimensionen und der neuen Mechanik.
Aber bevor wir die neue Modellbekanntmachung umgehen, müssen wir sagen, dass die neue Jazz sechs Jahre nach dem ersten Generationsmarkt bezeichnet wird.
Daher können wir zuerst hinterlassen, dass die Vorlage als andere Hersteller während der kurzfristigsten Zeit der Honda erreicht wurde.
In Europa hat Jazz weniger bekannt, aber die Verkaufsrekords auf anderen Märkten.
Sowohl Japan als auch im Jahr 2002 als auch im Jahr 2008 war Jazz die beste Autofahrzeuge.
Zum Beispiel wurde in Japan eine Million Dollar von Jazz gezahlt.
Der zweite Markt war älteren Kontinenten, die bei sechs Jahren ungefähr eine halbe Million verkauft wurde.
Obwohl Honda mit dem neuen Jazz weiterhin möchte, dass ich mich in der Region erhöht habe.
Während der Japans Unternehmen 83.000 Jazz im Jahr 2007 veröffentlicht wurde, scheint die Verkaufsverkauf von 100.000 Autos für 2009 zu verkaufen, um 17% auf dem europäischen Markt zu erreichen.
Seit dem Spanienmarkt 2002 hat die Honda 8.000 von Jazzt geschätzt, die Honda die gesamte Spanien um 6,7 % erhöht.
Bei der neuen Generation werden die Leiter der spanischen Tochtergesellschaft im Jahr von 2000 verkauften Beispiele berechnet.
Außerdem wird der neue Jazz-Ankunft in großer Bedeutung die Rückkehr der Spanien Honda erhöhen.
Dasselbe Beispiel der Vertreter des Unternehmens stimmt bis zum Ende dieses Jahr, das weniger als 4000 der 2007-Daten betrifft, das 16% verringert.
In Anbetracht der Verkaufsbedingungen erhöht Honda die Beteiligung des Spanienmarktes, die sich gegen 1,6 % in Höhe von 1,8 % erhöht hat.
In 2010 möchte ich nur die gleiche Erhöhung von 2% erhöhen.
Die Honda erwartet, dass es mit einem neuen Modell eingeführt wird.
Das wäre ein Insight, ein kompakt und kompaktes Geschmack - 4370 mm lang - Hybrid, von dem die Japanische Firma im Jahr 200.000 Dollar in der Welt verursacht wird.
Der Japans Hersteller stellte 50% der Vereinigten Staaten die Vereinigten Staaten auf, bis die Vereinigten Staaten zwischen den alten Kontinenten und Japan verteilt wurden.
Die Insight-Industrie ist nach dem Amtsblatt für den Jahresjahr in den ersten Monaten vorgesehen.
Die erste Generation wurde von der neuen Jazz in allen Bereichen verwirrt.
Die Länge von 3900 mm (fünf Zentimeter lang), die Breite 1690 mm (bei zwei Zentimeter breit) und die Wasserabhängigkeit von 5 Zentimetern erwachsen ist, beträgt 2500 mm.
Seine Höhe wird 1520 mm unverändert.
In der Nähe der Größen wurde auch die Straßenstraße weit verteilt.
Die höchste innerstaatliche Bereiche sind die neuen Waffenserie, andererseits die zentrale Warenbedingungen - können wir die Lösung des vorherigen Jazz kennen.
Außerdem erwachsene die vollständige Katastrophe, die in der heutigen Zeit 399 Buchstaben erwähnt wurde, um die erste Generation in 19 Buchstaben zu verhindern.
Während die vorhandenen Größen auf den Typ 1,4 des Motors betreffen, sind die gleichen Werte von 1,2 Honda Jazz 379 Buchstaben.
Einige außergewöhnliche Änderungen können beispielsweise nach dem Rückenlicht oder dem ausgewählten Panorama-Werkzeug und die Nachseite vereinfacht werden.
Außerdem wurden die Türen für die Rückseite auf 80 Grad aufgeführt, in Bezug auf die erste Ausgabe von Jazz 67 Grad.
Die zweiten Generationsmotoren sind auch neu.
Zunächst kann dieses kleine Modell mit zwei, 1,2 und 1,4 Buchstaben veröffentlicht werden.
In der I-VTEC-Technologie wird die Bedeutung von beiden Ressourcen in den vorherigen Modellen und kleiner Sendioxyd-Ausgaben und außergewöhnliche Mechanismen gezeigt, sofern der Motor eine erhöhte Erfüllung in allen Fällen erhöht.
Die Erfüllung der 1,2 Buchstabe Ressourcen ist eine Übersetzung von 6000, und die maximale Druckdruck 114 Nm 4900.
Dies ist das Motor, das im vorherigen Jazz 78 Pferd war - 5,3 Litern Verbrauch und 125 Gramm der CO2-Ausgaben.
Der andere Motor, der von der vorherigen Generation 83 Laufwerke erzeugt wurde, ist jetzt 100 Laufwerk.
Die 100-Löse, 1-4-Jazz-Verbraucher verbraucht durchschnittlich 5,4 Litern, und die Emission von 128 Gramm CO2.
"Werkzeuger" für die Bekämpfung
Zur Entwicklung der ähnlichen Technologien, die von Nissan aus der Natur erfüllt werden, ist genau das Gehirn, das aus der Welt der Bäume erfüllt wurde.
Die Japanische Firma hat einen Roboter geplant, der nach dem Abschluß der Bäume die Bäume zerstreut.
Vielleicht wird Bio-mimetic Car Robot Drive oder BR23C die erste Schritte für die Entwicklung von Technologien, die die Bekämpfung erreichen.
In der Zusammenarbeit mit dem Wissenschafts- und Technologischen Forschungszentrum der Nissan Motor Co. Fejlett Musikzentrum wurde in Japan diesen kleinen Roboter gebaut.
Kazuhhiro Doi, der Technologie- und Forschungs-Mitgliedstaatsangehöriger, betrifft, dass die BR23C weitere Ausweitung des Sicherheitsmarktes Nisans für vier Ebenen.
Der Roboter stellt die Bekämpfung der Beschäftigungsfähigkeit ihrer Unternehmensprodukte voll.
In der Flughafen wird jede Milch Ihrer persönlichen Bevölkerung vereinfacht, die sehr wie die Sicherheitsmarkt von Nissan ähnlich ist.
Daher ist es viel wichtiger, dass die Rolle der gemeinsamen Auge in jeder Richtung mehr als 300 Schritte sichtbar ist, und die Folge kann in seinem eigenen eigenen Bereich unverzüglich fliegen.
Um die Funktion des gemeinsamen Auges zu kopieren, planten die Messer einen sogenannten Laser Range Finder (Laser Range Finder).
Vor BR23C wird in einem 180 Grad oder in einer 2 Meterweite bezeichnet, die Abstände erkennt, und sendet ein Signal an die Fähigkeits-Mikroprozess, die sofort durch die Beschäftigungsbeschäftigung tätig ist.
"Wenn die Erkenntnis des Abfalls passiert, wird der kleine robot sofort nach den Bewegungen des Milchs durch die Bewegung von Kerneln in kleinen oder größeren Winkeln verändert, um die Bekämpfung zu verwirklichen.
Der System ist am meisten unterschiedlich von den verfügbaren Arzneimitteln, die in diesem Fall vollständig automatisch erreicht werden.
Wenn es nicht so wäre, kann der robot nicht zu schnell reagieren, um die Katastrophe zu verhindern" - erzählt Toshiyuki Andoh, der Mobilitats Laboratorium-Mitglied und des Projektes.
Auseinanderfolge von den Bäumen kann nicht nach oben oder nach unten orientiert werden, und es kann nur in zwei Dimensionen bewegen und nur in der Richtung der Umkehrbarkeit der Kreise oder in der unendlichen Richtung und in der Weise, wie bei den Bäumen geschieht.
Deshalb hat Nissan im Roboter auch eine Rotationsfunktion angewendet, um die Anstrengungen zu verhindern.
"Dies Struktur muss in einigen Sekunden die Daten arbeitet und auf diese Reaktion reagieren.
Es ist nicht notwendig, die Daten zu speichern, noch die logische logische Logik, die auf vorherige Handwerke basiert, so kann man nur mit einigen KB-Gedächtnismaterialien funktionieren.
Vielleicht klingt das überrascht, aber nicht wirklich Gigabyte, aber wir reden noch nicht über große Gedächtnis.
Dies ist der erste Schritt für die Entwicklung der Technologien, die auf der Grundlage der Nissan-Ausgaben dienstbar sind, die innerhalb von zehn Jahren in die Sozialverkehrfahrzeuge eingeführt werden können.
Die Roboter-Litium-Polymer-Akumulatoren, die leichter und beherrschend sind als die Leitium-One-Veränderung.
Zusätzliche Anwendungsmöglichkeiten können die Einheit mit dem GPS-Nuvigationssystem erzeugt werden, um das Auto mit der Vergangenheit der auf der Straße vorzunehmenden Anforderungen zu erreichen.
Ich befürchte den Absturz
Wir müssen herausfinden, dass die Vereinigte Staaten der Vereinigten Staaten zu viel investiert werden können, und sie haben keine Verkündigung.
Da die Krise in den Kriminellen sind, und dass die Amerikanischen nicht in den Verkehrsmitteln der Zahlungsmöglichkeiten veröffentlicht werden, haben sie ein ähnliches und informiertes Netzspiel des "Bad Credit Hotels" erstellt.
Das ist das "Ross Glaube Hotel" oder das Galibat.
Die Bewegung und insbesondere die Rezeption-Boscomor-Abbreakung erwähnt, denken wir noch einmal, zweimal, sogar dreimal, ob es jetzt die Zeit der Kreditaufnahme ist.
Und vor allem, wo wir den Glauben brauchen, ist es wahrscheinlich ein Ziel.
Die zuständigen Informationen sind wirklich nützlich, aber weniger Details.
Es ist mehr für Kämpfer, als die Großmutter sagt.
Aber was würde passieren, wenn wir das Spiel erreichen?
Es wird zum Beispiel in dem Hotel sein Schlafzimmer zeigen.
Es ist eigentlich etwas, weil wir über die Wohnungsstation schlafen können.
Morgan Stanley öffnet seinen Kopf für MUFG
Morgan Stanley berichtete, dass in der Hauptstadt der Mitsubishi UFJ-Financial Group (MUFG) die größte Japanische Bank 9 Milliarden Dollar für 21 % des Unternehmens, nachdem Morgan Stanley die Verpflichtung der Verkaufsverkaufsverkaufsverletzung in der Tatsache erreicht wurde.
Eine Woche nach dem vorherigen Abkommen wurde zwei Banken erwähnt, dass MUFG 9,9 % der Morgan Stanley-Gebäude von 25,25 Dollar verkauft hat, um $3 Milliarden Dollar zu verkaufen.
Der angenommene Ware wird über 19 % des Wertes des Buches 31 August verbleibt.
Die MUFG-Währung von mehr als 6 Milliarden Dollar für die Verkauf von Wertpapieren, die für 10 % der Wirtschaft gewährleistet werden, und die Veränderungsbetrage sind 31,25 Dollar.
Morgan Stanley erwähnt, dass bei der Durchführung der globalen Transaktion eine Durchschnittsverletzung von 29 Dollar verursachen wird, die mit 28 % höher ist als derzeitige Verkehr.
Aber Morgan Stanley hat sich um 17 Stunden um 6,79 % zurückgezogen, und das ist 23,07 Dollar geschlossen.
"Dies ist eine große Möglichkeit für Morgan Stanley, die Transparenz der Bankholding-Unterstützung zu erleichtern", berichtet John Mack, der amerikanische Unternehmensmanager.
Morgan Stanley hat die letzte Woche den neuen Staatsangehörigen gelassen, durch den sie ihre Aktivitäten unterstützen können, sobald sie unter Kontrolle der Federal Reserve unterstützen.
Der MUFG-Abkommen erneut bestätigt, dass derzeitige Finanzkriterium noch größere Aufmerksamkeit von Unternehmen, die in Wall Street bezeichnet werden.
Die in den letzten Wochen veränderten Vertragsbedingungen sind in den letzten Tagen in der Woche geändert: Morgan hat nur so viele Beschäftigungsbedingungen bemerkenswert, dass 20 % der Teilnehmer um 8,5 Milliarden Dollar für die Japanische Firma gezahlt haben.
"Wir haben vor ein Wochen vorgesehen, dass die Partei in der gesamten Teilnahme in der Lage sein wird", erklärte Toshide Mizuno, der MUFG-Agentführer in Tokio.
"Durch den aktuellen Markt- und Wirtschafts-Staaten hätten wir jedoch die möglichen Risiken minimieren und verhindern."
Die ernsthafte Mittel für MUFG zahlt 7% mehr für Morgan Stanley-Veranstaltungen.
Im Schluss der Transaktion bringen Sie mich um 20 % um einen Teil des Teils zu verringern.
Aufgrund des Abkommens kann MUFG nach einem Jahr die Vorteile der wichtigsten Teile überschreiten, wenn die letzten Verkehrsprozess in einem bestimmten Zeitraum mehr als 50 % der Übergangsverfahren überschreitet, um um 47 Dollar zu setzen.
Morgan Stanley sichert, dass er mit Hilfe der MUFG-Fähigkeiten der finanziellen Geräte benutzt, die Investierungsmöglichkeiten, die Verbesserung und Erhöhung von Live-Ressourcen verstärkt werden kann.
Der Vertreter der Gruppe sollte jedoch nicht genaue Informationen über zwei neuen Vertragsstrategien geben.
Nach der Einführung von MUFG erwartet Morgan Stanley die Zahlungskatastrophe gemäß Tier I, die sich in seinem eigenen Sektor besser befindet.
Morgan erwähnte so, dass sie seit dem Ende August nach "bestimmt" fortgesetzt wurde.
Die letzten Wochen haben eine große Prüfung für die Gruppe gemeldet, da die Verwirklichung der Teilnehmer auf die Höhe der Versicherungsbeschäftigung der Nahrungsrisiko in den Himmeln verwirklicht wurde.
Dieser Kosten wurde in der Woche gemeinsam gemeinsam gemeinsam gemacht, aber er blieb noch um 12% hoch.
Von den großen Investitionsbanken blieb ein weiteres "Stadt" von Bear Stearns und Lehman Brothers und Merrill Lynch. Das ist Goldman Sachs, der letzte Woche zu 15 Milliarden Dollar berichtet hat: Das ist eine Teil von der Berkshire Hathaway, Warren Buffett-Team.
Rafael Correa letzte Woche, Quito
Die Gesellschaft erneut in dem Geist des Sozialismus des XXI. Jahrhunderts.
Das ist ein gemeinsames Plan für den festen Hugo Chavez, den Bolivien Evo Morales und den Ecuadoren Rafael Corre.
Nach seinem Vorsitzenden und ihren Freunden wurde Correa die Vorstellungen des neuen Zusammenhalts erwähnt.
Er hat erfolgreich erfüllt, da die Aussprache 64 % der Bevölkerung nach den öffentlichen Ergebnissen, die die Stimmen auf 80 % erreicht haben.
In diesem Zusammenhang war der Namen der Bewohner 28% ungültig, während die Stimmen 7% unvollständig über 0,7% der Stimmen unvollständig ausgedrückt wurden.
Für die Annahme der Betriebsmittel brauchte 50 % + 1 Stimmen.
Die Bewertung, die durch eine Zivilorganisation ausgeführt wurden, wurde am Tag des Tags von 63 % und 70 % der Bewertung der "Ja" Stimmen bewiesen.
Rafael Correa hat bereits über die Weihnachtensbekämpfung des Wirtschaftsgebnisses gesprochen.
"Das Unternehmen hat die Erwachsene gewonnen", berichtete er, und in Guayaquil, von Quito, von 280 Kilometer gegen Südwest, sagte er danke für die Ecuadoren in der Regierung.
Wie die Bekanntmachung Rafael Correa Chávez, Morales und der Chile Präsident Michelle Bachelet gefreut hat.
Nach dem Bericht der Veranstaltungsmission der USA (OAS) hat die Stimme in den ruhigen Flughafen getroffen, und der Hauptthema war 444 Punkte, die durch den Präsident verteidigte "neuen Sozialismus" einbezogen wurde.
Die geplante Behörde stellt den Staat die Wirtschaftsbehörde für einen Land, der auf Grundlage der von den ausländischen Unternehmen veröffentlichten Ölbeschränkungen und von den Auslandsunternehmen veröffentlichten Devisen jährt.
Der in 2006 gewählte Correa gewählte Struktur bestätigt auch die Befugnis der Staatsangehörigen, der eine Mandat für die Zeit nach oben zwei anderen führen kann, und er hat gerecht, die Veröffentlichung des Landes zu erreichen.
Correa hat bereits erwähnt, dass er mit dieser Möglichkeit leben will, und im Februar 2009 erneut um den Staatsführer zu vereinbaren.
Der Präsident hat bereits die Einführung in einem Land, in dem 13,9 Millionen Wohnstätten besitzt und die Bevölkerung unter dem Lieminium lebt.
Die Behörde verhindert die Bekanntmachung der Auslandsgruppen in der Länder, die das Abkommen von Quito und Washington zur Verwendung der amerikanischen Drogenhandelsmaßnahmen zur Verfügung stehen kann.
19 Tonnen in Chad wurden gerettet
Die Ägypter schlug auf den menschlichen Lagern, die über zehn Tagen die Tourismus und die acht Prüfungen verheißen hatten.
Die Säufer halten jetzt in Kairo.
Die zehn europäischen Turistien und acht Ägyptischen Prüfungen wurden zehn Tage in der Zivilhäuser getroffen, wo sie am Wochentag in die Ägyptischen Hauptstadt unverzüglich übertragen wurden.
Die Tränen wurden im Südwesten ein ägyptischer Commander in Cada ausgelöst.
In einem guten Staat wurden nach Mittwoch vier umfassend am Flughafen auf die Basis der Al-Maza-Stadt, die direkt mit dem internationalen Flughafen verbunden ist.
Die Tränen wurden aufgebrochen, den Kämpfer zu eröffnen, und bald übermittelten sie in Madian, in einem Krankenhaus von Kairo, in dem sie untersucht wurden.
Die Säufer "Prostitutionen" und die menschlichen Kunden haben "nicht Veränderungen verkauft" auf dem Flughafen Zoheir Garanna ägyptischer ägyptischen Forschungsminister.
Am 19. September wurde die Säufer in der Grenze Ägypten, Sudan und Libanon auf dem Berg Ouanat gefangen, wo die Safarin von Erdbeben geteilt wurde. Nachdem die Gruppe von einem 35 unbekennten Bäumen auf den anderen zerbrochen wurde.
Im Gruppe waren 11 Turistien (Fünf italienischen Männer, fünf Deutschen Männer und eine römische Frau) und acht Ägypter: zwei Fremdenführer, vier Verkäufer, ein Grenzmann und ein Safariter, der ägyptischer Straßenführer.
Nach einer Erklärung der ägyptischen Sicherheitsführer wurde ein 30-Mitgliedstaatsangehöriger zwei Helikoptern auf den Standort, in dem sie direkt vor dem Flughafen bewegt wurden.
"Wir waren unter den Teams ein Feuerkrieg, die auf den Menschen getötet wurden, die anderen sind weggegangen."
Er sagte weiter, dass sie 150 Hauptteile aus der ägyptienischen Villan aus der Großbritannien zu Sudán schickten, wo die Deutschen und den Italienischen Befehlen ausgesandt wurden.
Franko Frattini, der Italienische diplomatische Leiter in Belgien, hat die Gruppe der geheimen Agenten und der speziellen Italienischen Aktionsgruppen gesprochen.
"Wir müssen wissen, dass das Ergebnis unserer Vertrauensdienste und unsere Aktionsgruppen ohne eine professionelle und wirksame Durchführung nicht erreicht hätten", berichtete er, ohne weitere Informationen zu informieren.
Außerdem bestätigte er, dass sie für die Tränen eine Bezahlung bezahlt hätten.
Am letzten Tag erzählte der Schweden Krieger, dass bei der Verkehr einen Reiter, an dem die menschlichen Arbeitnehmer gefördert wurden. Sechs von ihnen wurden getötet (einschließlich der Familienführer), und beide wurden verhaftet.
Die Militär-Ausrichtung stellte sich auf eine Darfuri-Stadt-Südani-Rechnerschaft (SLA-U), die sofort die betroffene Organisation gefällt hat.
Buchstabe - Kultur "Mittigkeit"
Die Zeitungen und die tatsächlichen Wahlkampen sind in der gegenwärtigen Zeitpunkt der Kulturfinanzierung.
Wir können das nur freuen.
Aber unsere kulturelle Lebensweise werden weiterhin vergessen.
Wer wird die Stimme erwähnen, um zu erklären, welche berühmte Zahlen der kleinen Museen, Lehrer, älteren Anstrengungen und nationalen Geschichten zu erreichen?
Welche politische Markt erinnern sich an die Bundesregierung, dass sie nicht mit den Tätigkeiten und die Kulturbeherrschung teilnehmen wird?
Oder sind sie in Quebec noch in Kanada keine Gesetze, die wirksam unsere kulturelle Erbe bewahren?
Wussten Sie, dass die französische Regierung nur in der Loire-Währung von Chinon auf die Restauration von drei und halb Millionen Euro übersetzt hat?
Und die amerikanische Vereinigten Staaten erwähnt, dass die kulturelle Erbe die Verteidigung der Amerikanischen Kultur beteiligt, und diese Erbringung für alle Staaten, für alle gewählten Vertreter und für alle Regierungsbehörden sollte gemeinsam Schutz tragen.
Die Vertragsparteien von Quebec (Federation des Unternehmens d'historien du Quebec) ist in der Rahmen 211 der Geschichte, die mit kulturellen Erbringung, der Erbringung und der Genealogie betroffen ist, über 40 000 selbst in der Forschung des Geschichtenstudiums, sowie bei der Bewahrung von großen Selbstbegriffen und Archeologien.
Diese Organisationen bewahren unsere Erbringung, und die letzte Stärke, die sich auf unseren alten Gebäuden und unseren Vergessenen befinden, bewegen, wenn die Entwickler und Entschließungsanbieter zu unseren älteren Gebäuden und unseren Vergessenen zu richten.
Wann wird jemand für die Verteidigung des historischen und kulturellen Erbteils rufen?
Ein Teil der Fortis Bank der Benelux-Regierungen
Die Benelux-Staaten hilft bei der Auswirkung der amerikanischen Verkehrskrise - als erste europäische - in Belgienbank, Fortison: die drei Länder unterstützt die finanzielle und sichere Einrichtung von 11,2 Milliarden Euro für Hungarien.
Die Belgien, Luxemburg und die Niederländische Regierung wurden am Ende der sieben Wochen in den höchsten Höhen der Verantwortung der Europäischen Zentralbank und der Europäischen Kommission eingeführt.
Die Fortis Bank ist der erste große Kriminalität im Rahmen der internationalen Verbraucherkrise im Bereich der Bank, dadurch die Entscheidungen, die in einem bestimmten Hinblick auf die Bank getroffen wurden, voraussichtlich wertvoll sind.
Im Sinne der Geburtstagsbeschluß des Abends wird alle drei in der Nähe (in 49 Prozent) der Bank die Eigenschaft der bestehenden Besitzung erzielt.
Die Bank verkauft sicherlich eine Teile seiner Interessen, die vor allem von der Niederlande von ABN Amro - vor allem die Versicherungsmaßnahmen vorgesehen wurde.
Die Fortis-Komponenten begann vor der letzten Woche in der Verbreitung von Schwerpunkten, die in der zweiten sieben ernsthaften Kriminalitäten bereits in der Institution erwiesen wurden.
Allerdings sind die Präferenzen vereinbart, dass sie mit 85 000 Hauptbeschäftigung der Bank sehr großen Beschäftigung erreicht, um dich zu verlassen.
Ihre Unternehmenspapiere waren nur mit 12 Prozent gefährdet, um 14 Jahre alt.
Seit Januar wurde die Bedeutung der Teilnehmer mehr als zwei Drittel verringert.
Die gegenwärtigen Beteiligungen der Gruppe sind um 14 Milliarden EUR, aber das ist nicht tatsächlich.
Außerdem hat die Firma 700 Milliarden Dollar für die Annahme der amerikanischen Verkehrsbescheinigungen für die Verbreitung der Fortis-Verbindungen getroffen.
Im Wochenende haben die Papiere zu viel getroffen.
In der Phänomen-Film Dierckx wurde ein neues Manager für das Bankleben genannt.
Die Finanzinstitution hat sich auch nach Verkäufern gesucht, aber niemand hat mit der Interessenanforderung noch nicht erwähnt.
Die belgische Regierung hat schon vorher erwähnt, dass die Einfuhrnehmer nicht unverzüglich sind und ihr Geld nicht verlieren müssen.
Die Bank-Clients wurden noch nicht von Panik gezogen, und die Kinder wurden nicht verurteilt.
In Ungarn befindet sich die Fortis-Süchtigen Söhne, und er hat auch die Leistungsbeschäftigungen erfasst.
Rohstoffe und Tiefen
In Amerika werden die Lebens- und Gesundheitsbevölkerung von Menschen häufig auf der Grundlage der Arzneimittelinformationen bestätigt, um den Berichterstatter sicherzustellen.
Die Datenschutzbehörden halten darauf hin, dass die Daten nicht auf den Markt kontrolliert werden können.
"Es ist ein Datenschutzprogramm, das die Verwendung der Arzneimittelinformationen in allen Fällen zur Beteiligung der betroffenen Person verbessert.
Es muss unabhängig sein, sonst vertrauen wir den Schmuck an die Küche." Richard Dickt, der Programmentwickler für die Nachfrage der Arzneimittelinformationen in Washington Post.
Die Versicherungsgesellschaften sind von der Gesundheitsbehörde des betreffenden Klienten abhängig von der Zahl der Versicherungs- und Kriminalitäten, und wenn die Risiko zu groß gerichtet ist, werden sie nicht sichergestellt.
Es wurde zu einem alten Arzneimittel übermittelt, und das Vertrag wurde nur bei der Erkenntnis des Ergebnisses der Prüfung verbunden.
Dick hat seit zehn Jahren eine bessere Verfahren gefunden: von den Arzneimitteln, die auf der Grundlage der Identifizierung des Klienten geschaffen haben, ist leicht, welche Arzneimittel in den vergangenen Jahren gekauft haben, und des Programms stellt sich fest, wie er in der Krankheit schmerzlich und wie die Gesundheitsbevölkerung ist.
Zum Beispiel, wenn Sie normalerweise eine höhere Dosis-Kolesterin-Störung nehmen, ist es der Weg, die höhere Risiko-Kategorien zu bewegen, unverzüglich unverzüglich hoch zu bewegen.
Außerdem sind mehrere Änderungen des Programms, einige der Risikonummern festgelegt, so dass der Versicherungsgeräte außerhalb unseres Papiers stattfindet, obwohl die kleinen Schwierigkeiten aufgenommen werden.
Einige Arzneimittel dürfen auch für mehrere Ziele verwendet werden, z. B. in Migrations- oder Höchststoffen, aber auch gegen Depressionen.
Die letzten Versicherungsanforderungen betrifft die wichtigen Risikofaktoren, die nicht früher sind.
Für die Ermittlung und Verarbeitung der Daten wurden verschiedene Unternehmen entwickelt, und sie werden vor der Ermittlung der notwendigen Informationen von Arzneimitteln gefordert, die Patienten beizutragen.
Die Behörden sind jetzt bereits verbunden, obwohl sie nicht um ihre zeitliche Vernichtung verurteilt wurden.
In einigen Unternehmen werden die Ergebnisse der Laboratorien durchgeführt und zusammen mit den Arzneimitteluntersuchungen verbunden, so können sie eine genauere Bildung für die Gesundheitsstatt der Patienten arbeiten.
Mehrere Unternehmen werden zu den Daten hinzugefügt, und die Verwendung dieser Verwendung wird schwerer sein.
Es gibt eine spezielle Gesundheitsschutzvorschriften, aber die Wirkung ist nur für Gesundheitsdienste und Versicherungsdienste.
Vor dem Kongress ist ein Rechtsvorschlag, das die Behörden über die Datendienstunternehmen auch überprüft.
Dick Richard sagt, dass das nicht genug ist: daher hat er das Programm fortgesetzt, das die Daten übermittelt würde, um die Übertragung der zuständigen Ausgaben zu verbessern.
Eine weitere Frage, dass die betroffene Betroffene Unterstützung nicht mit dem Vertrag verbunden werden kann, es sei denn, die Versicherungsanträge dürfen nicht mit ihm verbunden werden.
Daher sind die Tauben allerdings nur für die Rosa-Aufnahme.
Globale Marseille-Stadt
Das Handel der Europäischen Union und der Indien
Da die Europäische Union und Indien die Verkehrspartner im Rahmen des letzten Quartals dieses Thema auch bei den letzten globalen Problemen geführt haben.
Die französischen Indien werden heute auch von der Atomenergie-Kooperation führen.
Die Europäische Union erkennt dieselbe Bedeutung, dass Indien eine höhere Demokratie, die in den internationalen Angelegenheiten erhöht werden sollte, aber die Mitgliedstaaten konnten noch nicht gemeinsamen Namen erreichen, unterstützen, ob die neuen Mitglieder im Sicherheitsrat der ENS nicht mehr unterstützen könnten.
Diese Frage wurde nicht gestern in Marseille geplant, und es ist noch in der Küste-Stadt.
Der Präsident Nicolas Sarkozy Frankreich, als erste Präsident der Union, oder der Präsident des Rates von Joseph Manuel Barroso und der Präsident Javier Solana, akzeptierte Manmohan Singh, mit denen man die Indischen Ministerin Manmohan Singh teilte, dass sie fünf Jahre lang zweimal begrüßen, höhere hundert Milliarden Euro in den Handelshandel.
Im Hinblick auf, daß zwischen 2000 und 2007 25 Milliarden von 55 Milliarden aufgeführt wurde, ist es nicht zu überschreitend ambitionelle Ziele.
In diesem Hinblick auf die gerechte Bedeutung haben die nämlich zehn Zivilflughafen im Hinblick auf die EU-Vereinbarung gemeinsam gemeinsame Luftfahrt, die auch in der Zukunft entwickelt werden kann.
In Indien möchte bis zum Ende 2009 die freie Handelsabkommen mit der Union signieren.
Sarkozy hat es verheißen, dass sie die Vereinbarung erhöhen.
Der Ziel ist es, in der EU-Indien im ersten Handelspartner zu berücksichtigen, dass sich der Newdelhi nur in der Reihe der EU-Komponenten befindet.
Die Küche hat die Gesamtbewusstseinheit für die weltweiten Angelegenheiten festgelegt.
Die Afghanistan- und Pakistan-Staaten und den Terrorismus wurden letztlich in allen ihren Formen verurteilt und die Konferenz der ENSZ-Konferenz verfolgt.
Außerdem wurden die Verkehrsüberschreitung der Dohai verstärkt, obwohl beide in der älteren Wettbewerbsfähigkeit großer Teile haben.
Die EU hat bestätigt, dass sie bei der Erzeugung von Energie- und Klimaprogrammen verringert werden möchten, obwohl sie mindestens 20 Prozent der Verringerung von Arzneimitteln bis 2020 verringert werden möchten.
In Indien ist auch miteinander zusammengefasst, sofern die globale Initiative der Klimakonferenz für die künftige Klimakonferenz zu vereinbaren und die Produktion von Gas-Währungsmöglichkeiten mit 50 Prozent bis 2050 zu verringern.
Ich möchte auch die Ermittlung von Lebensmitteln erleichtern und die Anforderung der internationalen Bedingungen zur Überwachung der finanziellen Kriterien unterstützen.
Der Indische Regierungsführer geht heute in den Französischen Hauptstadt, wo die beiden Seiten für die Verwendung der Atomenergie Friedensverbrauch vorbereitet werden.
In Paris vertrauen sie, dass die Indien-Atomreaktoren in der Französischen Unternehmen in 20 Milliarden Euro zu bauen.
Der Abkommen wird 15 Jahre nach den Besuchsbehörden berücksichtigt.
Mehr als 300 Italien-Bibliothek in Frankfurt
Die Italienischen Ausgaben in Frankfurti Internationale Büchern werden sich mit einer starken Landwirtschaft vorstellen.
Mehr als 3hundert italienischer Ausgaben werden auf der Begegnung der künftigen internationalen Rechtsvorschriften auf dem Verkaufshaus 60. Buchmesse erscheint.
Derzeitige Frankfurti-Gemeinschaftshaushalt von 101 Ländern erwartet 7,000 Ausgaben auf dem Gebiet 171,790 Quadratmeter, wo mehr als 403 000 Buche erreicht werden.
In der Öffentlichkeit der Italienischen Regierung Francesco Maria Giro, der Staatspartner des Ministeriums der kulturellen Java und Tätigkeiten: Italien ist dasselbe, das einzigartige Italienische Point ausgerichtet wird, um 264 Quadratmeter Ausfuhrgebiete zu erreichen.
Die Frühstück-Ausgabe von Buchessse 5.0 Buchessse 5.0 wird nach dem Verkaufsbericht „Room Structure“ eröffnet, wo auch die Daten, Trends und Bescheinigungen für die Situation der Italienischen Buchung eröffnet werden.
Die Daten erwähnten, dass die Italienische Ausgabenmarkt weiterhin die Ausgaben der ausländischen Autoren, insbesondere auf Erwachsene und Jugendliche Ausgaben.
Sie haben einen Milliarden Flughafen von Steve Fossett gefunden.
Sie fanden die Restaurants des Milliarden Steve Fossetts, der am 3. September 2007 auf dem Namenseits scheint.
Sie wurden in einer 3000 Meter hohen Hochstücke auf dem Gebiet der Kalifornien und Nevada auf dem Berg Sierra Nevada auf dem Gebiet von Mammoth Lakes.
Menschen sind im Flughafen nicht gefunden.
John Anderson, der Sergeant Madera, verteilte alle noch vorhandenen Beschäftigungen: "Wir schickten einen Team aus, und jetzt können wir sicher sein, dass das Wort über den Maschine, den Steve Fossett am Tag des Flughafens verlieren wird." - er erklärte einen Flughafenbericht.
Der Sergeant bestätigte weiter, dass sie nicht in den Flughafen noch in den Umgebungsbereichen gefunden wurden.
Im Februar wurde 63 Milliarden von Jahren eröffnet.
Die amerikanische Vereinigte Staatsanwalt (NTSB) berichtete, dass in einigen Stunden nach der Verteidigung des Rankens eine Untersuchungsausschuss, die den Maschine identifiziert wurde, und festlegte, dass es wirklich von Bellanca 8kcab, der am 3. September 2007 aufgenommen wurde, am Tag, da Fossett von einem Namen Erington ein drei Stunden Flughafen kamen.
Gestern gab es auch in Kalifornien, nicht lang von den Namensgrenzen, ein paar in der Nähe des Mammoth Lakes, ein paar Personen von Fossett.
Zwei, Fähigkeiten, die die Überwachung von Illinois-Vertragsverkehrsverkehrsverkehrsbehörde ausgerichtet haben, ein paar Vorbereitungen und ein Polyver.
Nach der Verlust eines Monats wurde die Suche nach dem Verlust gesucht.
Die Milliarden Knochen, die sie in die Geschichte schrieb.
Im Jahr 2002, zum sechsten Versuch, erschien er zuerst einen Flughafen um die Erde: zwei Wochen einsamer Flughafen.
Drei Jahre später hat er die Erde durch einen Flughafen getroffen, ohne Vernichtung.
Es gibt noch einen Flughafen von Andok, 15,445 Meter hoch, das mit einem zweiten Piloten durchgeführt wurde.
GLK, mehrere Beschäftigungen
Ein unverzüglich, gleichzeitig gründlich und festgesetzter Hobbiter, mit großen Umständen und mit zerstreuten Schäden.
Dies ist die letzte "Kompakte Hersteller" Mercedes-Benz, die den Deutschen Autofahrer versucht, einen frischen Flughafen auf den Markt zu bringen.
Der SUV GLK-Einführer wird auch vom 17. Oktober im Einklang mit dem SUV GLK-Industrie, der in den Mercedes-Benz-Anzeichen befinden kann.
Die gleiche Reklamierung der neuen Fahrzeuge ist mit einem älteren nicht bekannten Medienkommunikationswerkzeug, unter anderem durch 3-D-Platz, die in Italien noch nicht verwendet wurde.
Die Zeitraum-Aktion, die von drei Schritten stattfindet, wird bis zum 15. November der zentralen Einführungsstraße Milano, der Corso Comot .
Der erste Fass der neuen Medien-Kommunikation beginnt mit der Einführung eines Autos, in dem der neue SUV, Corso Como mit speziellen Augen in der Umgebung, fast in tatsächlichen Dimensionen und in dreidimensionalen Formen offenbart werden.
Das Bild wird sein Gefühl, als ob das Auto aus der Platte steckt.
Nachdem der innovative Elumina8-Technologie in der neuen GLK-Technologie erscheint, kann die neue GLK-Detail mit jedem Einzelheiten sehen, um dann eine einheitliche Bild zu schaffen.
Es ist unwichtig, dass Mercedes mit dieser Promotion etwas Neues versucht, in das Auto-Sterreotyp-Reklame-Filter einzuführen.
Ist das sicher, dass Sie die Interessen der Verkäufer erreichen?
Wir zeigen uns, wer die Italienischen Flutballhuglianen sind.
Die Trivenetischen Jugendlichen, sie sind wahrscheinlich von den Flügeln.
Aber wer ist das 150-200 Junge und Mädchen, die jetzt in Italien gesund sind? Die Mitglieder der Gruppe "Ultras Italien" genannten Gruppe, die seit Jahren die Wahl nachfolgt, und die, nach der Wahrheit, hat noch nicht sehr große Probleme getroffen.
Sie haben nie mit ihren Widerspruchern gebunden.
Die Gruppe hat recht.
Die Oberflächen kommen aus Trivento.
Es ist von Veron, Padda, Triest und Udine.
In Sofia wurden kleiner Normengruppen aus Campanien und Puglien (wie nur einige Einheiten) angebunden.
Die Italienischen Bäume, in denen die Vereinigten Staaten verurteilt wurden, wurden sie im Samstag gezogen, damit sie nicht identifiziert werden.
Sie folgen den Beispiel der Englisch-Spuren.
In Bulgarien schauten sie mit einem wahren Nazi-Shirt-Shirt-Shirt, mit den Levski-Durchdrucken.
Die Italienische Fußball-Vereinigte Staat 144 wurde für die Verfügung gestellt, dass die Italien-Sturmbehörden bezeichnet wurden. Diese Bezeichnungen waren so leichter, die Skurk-Teams zu überprüfen.
Der Ministerin der Intelligenz wurde auch überprüft: Es war kein Verfahren zwischen den Herstellern in Sofia, mit denen es sich um den Verfahren handelte, der keiner von der Stabilisierung abgebrochen hätte.
Von vier Italien-Spuren, die einen Prinzip für die Labdauer haben, wurden die Bezeichnung und die Verbreitung veröffentlicht.
Im Moment erwartet der Ministerin die Veröffentlichungen, die von der Slophischen Polizei aufgeführt werden, nachdem sie die erforderlichen Maßnahmen erhielten: die Verurteile, die während der Verbreitung gehalten oder identifiziert sind, können auch fünf Jahre ausgenommen werden.
Dies ist eine internationale Ausnahme, die nicht nur in Italien, sondern in allen Stationen Europas betrifft.
Also können unsere Flüssigkeiten nicht in die Flüssigkeit einschlagen.
Glückwunsch.
Aber wir müssen auch aufmerksam sein, dass die Nachfolger der Huglynen finden, oder dass sie auf die hundertfünfzig Oberflächen stehen, auch andere beeinflussen.
"Wir müssen dieses Feuer sofort zerstreuen, und es ist nicht leicht, jemand zu retten, der so funktioniert.", berichtet der Ministerin des Beschäftigungsministeriums.
Es ist also besser, wenn wir unsere Augen offen halten, besonders weil wir am Tag der erschöpften Beschäftigung in der Lippen.
In Puglien funktioniert ein kleiner Unterstützung von Italien.
Morgen wird der Beamtendienst sitzt, und der Vorsitzende des Ausschusses für die Sicherheit der Sports, die auch für die Einzelheiten des Binnensicherheitsdienstes berücksichtigt werden kann, für die Geheimdienste, die mit der Sturk-Aushaltung behandelt werden.
"Duce-Duce-Scand und steckende Hand unter den Italienischen Hemnes, nicht ein Verbrechen in Bulgarien."
Dieses Gedanke wurde in einer unerlässlichen Weise ausgeschlossen, Domenico Mazzilli, die ein paar Wochen zum Leben des Beauftragtenministeriums bezeichnet wurde (die Poste Francesco Tagliente, bevor Felice Ferlizzi betroffen wurde).
Mazzilli war vorher der Polizeikapital Trieszt, in der Stadt, in der seit 2002 eine Unterstützung der Ultras Italien-Gruppe funktioniert.
Das, was Mazzilli wahr ist, ist nicht in Bulgarien zu leben, sondern von dem, was die Behandlung von 150-200 Schrecken zu tun war, war noch schwierig.
Ich bin nicht soziologisch, er hat ihm die erste Person des Verwaltungsdienstes gemacht, aber die Verbrechen müssen in seinem Land gerichtet werden.
Wir müssen uns überprüfen, was passiert ist, und wie wichtig es ist, weiterzuführen.
Aber lassen wir uns ein wenig darüber reden über die Italienische Hinsichtsbewegung: es ist keine Sünde, aber wenn ich so frei sagen kann, kann ich nicht die Gunst genannt werden."
