Pravými populačními triumphy v Austrálii jsou celkem 29 procent
V souladu s prvními výsledky předchozího parlamentu v Austráliovy vybraných výsledků přivedly zřejmě rozumné znečištění obou stran v současném velkém koalitě a významné výsledky pro právní populační strany.
Party Austrájského lidu (POVP), kde stavení současného hlavy, Wilhelm Moltger, je vážně zraněn, zvláštně vyšší ztráty.
Konverzace, ředitel asociace pro Future Austria (BZÖ), Karinthian vláda Jörg Haider, připravuje triumfátní návrat na národní politiky.
V souladu s výsledky preliminární výsledky sociální demokratická strana (SPE) se však zůstává nejvyšší v zemi s 29,8 % hlasováním, ale ztratil 5,5 % hlasů od posledních voleb v roce 2006.
OVP, který s jeho 25.6 procent ztrácí přibližně devět procent hlasů, dosáhl dokonce horší.
Toto jsou nejhorší výsledky obě velké strany v historii Austrálie, a zejména pro lidská strana, která vyvolila předchozí volby, je veřejně katastrofickým výsledkem.
Na začátku července, když OVP odešel koalici, lidská strana ještě měla významnou řízení na SPÖ v polách.
Svobodníci však, zřejmě, zřejmě, že je vyhýbali, aby vládní hlubiny poskytli.
V prvních reakcích na výsledky již byly spekulace o možném rejstříku hlavy a aktuální vice-cancellor Wilhelm Moltrer.
Předpokládá, že by to mohlo být získáno dříve jako na zvláštní shromáždění soudního vůdce v měsíci.
Takový rozvoj by určitě jednoduchým způsobem prodloužil cestu k nejvíce pravděpodobnějším výsledkům vybraných výsledků, což je renovace velké koalice SPÖ a OPP.
Vzhledem k posílení obou právních populačních stran - Svobodní strana (FPÖ) zahrnovala 18 procent a BZÖ 11 procent hlasů - ale v té době sociální demokracie vyjádřilo strach o opakování v roce 1999, když se strana lidská strana připojila k lidem (FPÖ byla v té době připojena od BZÖ v roce 2005) na společné vládě, které v případné době provozovaly svaty od Evropské unie.
Haider, který již oznámil, že je připraven k pracování spolu s každou stranou a žádnou součást, bude vrátit do Vienny do národní politiky, je jasně bankovat na této rozvoji.
Zelená strana se také dodal do parlamentu, ale poškořila sníženou ztrátu a upadla od třetího až pětého místa mezi východními politickými stranami.
Zřejmě žádný z ostatních stran překročil čtyři procentní značky a došlo do Parlamentu.
Schwarzenberg: Společenství s Indií mohlo být obavy
V souladu s příchozím ministerem Karel Schwarzenbergem, pokud není možné vyřešit problém Čeckých vědeckých vědec, který v Indii přijal nezákonnou sbírku betelů, mohlo by být určeno určité znečištění Čeckých Indických vztazích.
Ministr udělal toto vysvětlení v New Yorku po dnešní shromáždění s jeho Indiánským konferencím, Pranab Mukherjee.
"Když není řešení, tak ano, pak nějaký zloděj bude mít místo," vyjádřel za sezení, začátek České strany.
Podle rozhovorů Mukherjee řekla, že bylo těžké provádět úřední závěr, aby se zaměstnavat v soudních záležitostech.
Říkal však, že v případě Petra Švácha, která byla vyčištěna z nákladů a peněz, může střední vláda obchodovat s místním vládou v Darjeelingu, pod soudním soudním soudem, o čem se to týká.
"Tohle problém může být řešení," řekl minister.
V souladu s Mukherjee by bylo lepší pro Emil Kučara, souhlasil na tři roky v vězení, aby zavolal vysoké orgány.
A pak může požádat, aby byl vysvobozen na balíčku a čekal na řetězec venku, vysvětlil.
Schwarzenberg potvrdil, že jeho partner taky řekl v současnosti.
"On doporučuje, aby zavolal vysoce soudu, pak by to mohlo promluvit," řekl hlava České diplomace.
Jediný způsob, jak Česká strana může být zaměstnanana v celém záležitosti, je poskytovat související osoby s "správním podporou", řekl indiánský minister.
V stejné době řekl, že Indická strana je také poskytuje s pomocí tohoto typu.
"Je to v našem největším zájmu, aby zachránil nejlepší vztah s Indií, který má dlouhý tradici.
Indiáni to také poznají," řekl Schwarzenberg.
V té době, jak řekl Českým tisksovým agenturům, zaznamenal před svým partnerem, že Česká republika položila velkou zájmu o problémech českých entomologistů.
"Opravdu si přemýšlíme o zatčení a načtení těchto České vědeckých vědců, že jsou hrozné chyby," vysvětlil.
Ministr odmítl odpovědět otázku, zda přijal slib z Indického strany, aby se navštívil věc.
Vyprávěl jen "Já už jsem dostala pár slibů."
České referenční válka pro moře
Stačí na elektronické mapu stůlů, které vykreslí Austrálie a okolní moře.
Není však zajímavé v kontinentu, ale v malém bodě ztratil v modrém oceánu.
"Tohle ostrov, a s tím je oceán okolí, je to Austrálie.
Podle té doby, oblast je tak velká jako kontinentní," říká italský právník Luigi Santosuosso, který patří k týmu třidceti členů zaměstnanců Spojených států pro moře a Zákon moře.
Jeho šéf, ředitel oddělení, Český právník Vaclav Mikulka, následuje, co říká a příležitost přidá něco.
Šestý a enthusiasmus pro práci jsou tady vládní.
Oceánské plody jsou tak daleko známým světem bohatým v přírodních zdrojích.
Je možné najít olej, ostrov a jiné mineraly, ale také tak daleko neznámé živé organismy, které drží klíče, např. k rozvoju zdraví pro kreslení.
Vlhkost větší než kontinent
Coastalské země dnes začaly hodně souhlasit pro nový podvodový ředitel.
V souladu s Smlouvou UN používají právy, na které se v roce 1982 shodují v Montego Bay, Jamaika.
Toto je základní oblast kontinentu, která často dochází k několika set kilometrů od území tohoto země.
V souladu s dohodou má tuto země výjimní právo na všechny zdroje kontinentu.
"Prostě, kontinentální šest je zjištěno, že je část oceánu, která je přírodní pokračování kontinentu pod mořem a jeho substratum.
Došlo k blízko hranici koastalské moře, často i přes okolí dvou set neutických kilometrů výjimečného hospodářského oblasti," Mikulka vysvětluje.
Požadavek uvedené země předá Komisi o limitech kontinentalního shelfu musí být podporován vědeckým a technickým dokumentacím na základě mnoha kosztních názorů a opatření.
Je to výsledkem mnoho let připravovacího práce.
"Jeden z našich rolů je provádět komise s právním a zvláštním technickou pomoc.
Komise tak dlouho rozhovorovala pět požadavků z Ruska, Brazílie, Austrálie, Irsko a Nové Zelandie.
Pouze poslední tři ze těchto zemí byly tak dlouho úspěšné," Mikulka dodává.
V nedávné době Austrálie, která byla poprvé rozšíření jeho podvodní doménu, byla zaznamenána ve světě.
Nicméně New Zealand také vyhrál - oblast oceánu, kterou Komise přijala k němu, je oběma 1,6 milionů čtverců kilometrů, což je krátce šestkrát větší než velikost země.
Obě země investice milionů dolarů do průzkumu.
Ostatní užitek, který bude používat moře v budoucnosti, budou, budou mít naděje, bez ceny.
Ostatní zemí také uvádí úplně jejich požadavky.
Máme až deset let od času, kdy řeknou "Montego Bay" dohodu.
Pokud kontinentální polovina skončí, oblast oceánu vyjádřeného dohodou, jak se začne "úžasné dědictví lidského syna".
Tady není žádná země má žádné výjimní pozici.
Množství práv v tomto oblasti se podává prostřednictvím dohody stanovené mezinárodními institucemi.
"Ale oceánní plocha není Klondike", ředitel Mikulka zřejmě říká, že jeho "zvláštní oblasti jsou právně zrušeny, a jejich řízení se v souladu smluvami."
České v Tichánském ostrově
Současná část oceánu je v současnosti České republiky.
Sdílejí se s jinými zeměmi z starého východního bloku jako část společného organizace "Interoceanmetal".
V souladu s tímto organizací, jako investory z několika malých zemí, vyhráli stavem takto nazvaného "pioniální investice" v roce 1991.
Je to povoleno na moji v oblasti ClarionClipperton v Tichickém oceánu, která se líbí mezi Mexiko, Hawaii a Kiribati.
Obsah, který investor vyšetřil, je jasně větší než starý Čechoslovakia.
Oceánský ploch je růže, je to typ podvodního modelu Tatra Mountains.
"Je možné, aby mi tam bylo na celém oblasti 75 000 čtvercových kilometrů.
Oblast je bohatým místem pro shromáždění poly-metalových konkrétů obsahující nikkel, koper, kobalt a manneses," říká další právník, Pakshi Rajan z Indie.
Macedoňský právník od oddělení, Rober Sandev, přinese takovou konkreci.
Vypadá to jako malý potato nebo, s trochu fantazi, mytický semen, který, podle léčby, přivedl Golem do života.
Německo zvláštní síly předložený na hospodářské rezervaci
V řešení krize, Egyptská vláda požádala pomoc od Německa, která poslala do expertů.
Když přišlo k snížení, zvláštní síly byly připraveny, ale jejich služby nebyly vyžadovány v konci.
Více a více detailů se týkají o okolnostech, které se týkají svobodu deseti evropských turistiků, kteří byli v Egyptě.
Podle Německých Federálních Ministerstva ochrany a vnitřního úřadu Německých zvláštních zvláštní síly nesprávně přijali v záchranném úkolu.
Zvláštníci Federálních Zbraně (Bundeswehr) a členy Německého Federálního Police (Bpol) a jeho zvláštní jednotky GSG 9 a letiště byly na základě závazku, promluvili ministrů dnes večer, a členové federální politiky (BKA) a logistické experty agentury technického rekreatu (THW).
Německá síla však nebyla vyžadována, protože kapitáni opustili své hosty a utekli, když se zjistili, že hostaje by měly být svobodní.
Egyptská vláda přijala podporu, kterou Německo poskytovala, aby dodržovala Německé síly jako záloha během operace.
"Přesně to nepřišlo," řekl mluvce Německého Federálního Ministerstva vnitřního.
Spojení cestující se z pět Německých, pět italských, římské ženy a jejich osm Egyptských společností byli rozmnoženy a přivedeni v roce 19. září.
Po jejich odvodu v poušti v Jižní Egyptě, vojáky byly obnoveny a vyneseny v okolí Egypta, Libya, Sudan a Chad.
V důsledku toho, identita kapitálů zůstane neznámá, jako dělají detaily o zacházení nebo o možných nákladech.
Starověké hostage přišly bezpečnostní a zvuk v Kairo, v současnosti.
Německo Externí minister Steinmeier řekl, že jsou zajištěni za účelem Německého emisí.
Nezapomínal o detaily záchrany.
V Berlíně nebyla nedávná informace o jejich vrácení do Německa.
Podle Německého publikace „Obrázdně“, pět turistů a zvláštní síly jsou navrhovat letiště Německého letiště, která je řízena přijít v Německu v půlnoci.
U.S. House reprezentátorů odmítání Bailout
700 miliard dolarů bailout balíček finančních trhů nesmírně pokračovalo v prvních dvou pokojích Spojených států.
Dow Jonesová vzala novinu.
S hlasem od 227 až 206, Spojené státní dům reprezentovatelů odmítl balíčku vlády pro finanční trh.
Všechny návštěvy předseda George W. Bush a vůdcové úředníci obě strany nebyly přijaté pro program, který měl obsahovat kazos na finančních trhech.
V dramatickém kampaně podporaři se snažili přesvědčit kritiky 700 miliónů dolarů plánů.
Barney Frank, jedna z největších demokratických obchodníků, zavolala na reprezentátory pro schválení, i když byl nepopopulární plán.
"Je těžké dostat politickou schopnost pro předpokládat něco, co ještě nebylo," dovolil.
Jakmile hlasování byla ještě pod ní, Dow Jones viděl dlouhé než šest procent, nebo 600 bodů.
Bylo to důvodem investorů, že vláda by mohla zbavit.
Krátce před koncem hlasu se odmítla jen, když se odmítla odmítnutí.
Odborníci nyní čekají více hluboké turbulenci na mezinárodních finančních trhů.
Pro prováděcí plán je vyžadováno schválení obou předsedajících a senátů.
Zvýšit v knihách
Bude to dobrý vítr pro Německé cesty, jasně:
Zvláštní výzkum říká, že obrácení knih pro příštích měsíců zvýšil významně předchozí rok - pro vítrové sezony asi 30 procent.
Ačkoli prospekty těžké hospodářství, Německo aptite na cestování zůstane nesmrtelný, řekne žádná výzkum.
Pro knihovny v současném okamžiku postupní agentury viděli vzrost v roce 31 procent stejný období předchozího roku, Německo dopravní asociace (DRV) informována v Berlině o půlnoci.
V souladu s výzkumním podnikovým výzkumními podniky GfK bylo také zvýšeno v knihovnických knihách.
Prováděcí agentury viděli vzrost v období přibližně 11 procent pro října 2007, DRV řekla.
Výsledky jsou založeny na obrázky GfK, které provádí záznamní údaje 1200 Německých cestujících agenturů každý měsíc a používá je prováděcí pro trh jako celkový.
Včetně cestujících knihovnů provedené v souladu s srpna 2008.
Vzhledem k malým dolarům, zejména do Spojených států, DRV řekla.
V tomto oblasti knihovny byly přibližně jedna třetí, řekla.
V tomto ohledu se zdůrazňovala Španělsko, Turecko a Řecko jako populární mezi Německy a domácí regiony.
Všechny doplňující trendy byly zvláštní hledání, prezident Klaus Laepple řekl:
V světle zvýšené energie a potraviny, jejich výdaje bylo ‚ více počítané pro klienty než to z jednotlivých organizovaných vakací ‘, řekl Lapeple.
Spotřebiteli by mohli zachránit peníze přes předchozích období nebo všeobecné rozhovory, mezi ostatními, řekl Lapeple.
Poněvadž bylo velmi dobře napsáno měsíce, a tak by mělo být další zvýšeno v přechodu v předchozím roce, řekl - i když další výzkumní zprávy odpovídají, že počet dopravních Německých sank se rovná předchozím rokem.
Můj první čas v říjní fázi
Služba a po-ski-stylové chytky v opětovném režimu, pivo z jednotlivých mugů a celebrity v designeru Dirndln.
A Wassn Debut.
Techniky, Susanne Kronzucker a já nemám spoustu společného.
Je blondýna, televizní hostitele, a nabízí hrdina Dirndl.
Mám tmavé hlavy, jsem student, a moje oblečení je druhá ruka.
Ale je jedna věc, která nám připojuje: jsme v Wiesně jen tři minuty, a fotbalci už se růstají kolem nás a odstraňují, naplňují své paměti - velmi vlhké, a to je moje první návštěva do Wiesna, aby se stáhli.
Takhle děláte přátele.
Cheapo Dirndl vypadá, že dělá svou práci.
Vždycky vězní turist založil se na severu řetězce řetězce, který cítil, že se líbí tradiční Bavariánský hrdina hodně, aby se chtěla dávat.
Ale když se dostal do Theresienwiese, není to tak špatné.
Pravděpodobně všichni dělají Dirndl nebo Lederhosn; nikdo vypadá hrozně nebo zlodějně - je to celkem normální.
Jenom můj Dirndl apoštol vytvořil zvláštní štěstí na prodej chocolate-banana.
Muničská žena přivedla ke mně pozornost, kterouž jsem měl nazývati zlého způsobu: "Před levou, děvečku v prostředku, děvečku na pravé straně, rozšířené za ním."
Většina, jsem si zpátky od levého dole.
Říká, že se líbí.
Jiní jsou mnohem zajímavé s podnětými technologií a jednoduchým pocitem, že říká: "Tolik pití, aby se oblečené" a bez potíže, ukazuje lidi své dědičky zase.
Mladý muž s exhibičním pohledem se jmenuje Bob, je z Anglii, a je to jeho prvníkrát v oktoberfest, taky.
Nalezl to hrozné, s dlouhým stromem oooo.
Říká mi toto správné, když se líbil z "Maß" předtím.
Přímo vedle jednoho z těchto ohnivých plynů, které všichni chybí pro ztrátu.
Takže Bob je jedním z těch nesmrtelných "Wildbysler".
Jiní nemají moc štěstí, aby ztratili alkohol v tomto fašu.
Když jde o osm hodin v noci, výsledky paramediků se šíří místa, přichází k chudým bingerům.
Lékaři vždycky se zdá - jsou vždy v jednom době čtyři, přivádějí skryté stretchery z téhle stěny do téhle stěnu.
Pracuje jako s většinou Victoria, když je prázdná, hlaví a když je plná, přijdou zpátky.
Nevidíš, kdo je u BAC.
"Je to ti, kdo nemohou držet více," jeden z paramedičů zkřikl, když jsem ho o tom zeptal, ztratil v zástupu.
Oběť, jménem policie
63 letní pedestrián, který zemřel v nemocnici, poté, co byl upadl vozidlem v Essexu, byl nazván.
Carole Paulson, z Chelmsford Street v Brentwoodu, byla zaměstnanana na nehodě v sobotu v Shenfield Street v městě.
Byla pojmenována do nemocnice, Romforda, ale později zemřela.
Po případu 51 let byl zatčen na překvapení bezpečnostní řízení.
Odkud byl vysvobozen na policii.
Turecká rozšířená diplomatická horizonta
Dlouho předtím, než Turecka hledala připojit Evropské unie, Evropská síla byla vyšší, aby penetratra byla hluboká do zahrady Turecky.
Na západní straně Bosphoru, možná jen 20 kroků v Asie, stává jedním z nejkrásnějších náležitostí tohoto falešného imperiálního ambicí.
Hydarpasha je vytvořena dvě německé architecty Otto Ritter a Helmut Conu v stylu neo-renaissance.
Alespoň to, co ti řekne guidebooky.
Budovce se posaduje konec platformy s torrem na každém z jeho předchozích hranicích, kteří hledají celý svět jako nějaké provincialní Německo město.
Kamena je hrozná.
Celá stavba je hluboko zkrácená.
Ale jednou v úředním úředním úředníku není pochybně pochybná, že toto bylo západní dveře.
Stanice byla otevřena v srpnu 1908 německou konsortium, Anatolie-Baghdad Corporation.
Německo, později k imperiálnímu hru, se snažil zjistit, že jeho ambicí budou vládnout Střední východem prostřednictvím tohoto řetězce v Damašku, Baghdadu a blízko toho, co dnes je Saudi Arabie.
Ale imperiální ambice Německa byla založena během světové války I.
Její řetězky byly zabity Lawrence Arabské a jeho arabské nereregulníci.
Relativní izolace z jejího okolní oblasti, zahrnuto žluté hraničním válce, odešlo
Britská a domácnostní síly vycházeli z Egypta a koupili Turky a jejich Německé univerzity z Palestininy a Syrii.
A taky byly špatné zprávy pro Hyderpasha stanice.
V roce 1917 byl ammuniční řetězec zničen zničení jeho vytvářené řetězec.
Turcké zdroje říkají, že to bylo sabotage.
Od té doby se to snažně odmítl, hodně překročila historii.
Ale dnes, tato řetězecní dveře na Anatolii a všechny východní body, slouží - alespoň symbolně - vyvýšit šířku diplomatického horizontů Turky.
Sdílení vlády a rozvoje – AKP - zavedl celou novým návštěvním politiku pro země.
Relativní izolace z jejích okolních regionů, zahrnovaných ze snížených hraničních války, odešlo.
Teď je nová politika zaměstnanců.
Turecká vláda má dobrý vztah s Izraelem a Syrií, s palestínskými účinky Hammas a Fatahem, Irak a Iránem a samozřejmě s Evropským Uniem a Spojenými státy.
Aby vyhrát parametry tohoto nového návštěvního politiky, položil jsem noc do Turckého kapitálu Ankara, aby se navštívil jednu z návštěvných politických expertů, Turecká MP Suat Kiniklioglu.
Následující ráno - pár deset a půl hodin později - později po loupežném cestě, které vytvořily staré světové padání svědkové dokumentačního poštovníka The Night Mail, přišla jsem do Turecské kapitálu - předložena jako nový město pro nový setkářský stát, aby se navrátila zpět na předchozím Ottoman.
Ale AKP s jeho dobře známým islamistským kořenům reprezentuje paradigma v Turecké konsensu.
Použil na západní podpoře, nejvíce v Washingtonu.
Taxi mě vzal do hlavních čtvrtů AKP, ultramoderní kameny a strukturu - cíl-built - v rozvoji podurb, okolnuto polokonstrukčními středními středními středními ředitelům v obchodní stavbě - obě muži a ženy - se snaží udělat dříve ráno.
Suat Kiniklioglu by mohl být centrální politický od téměř nějaké jiné politické strany v Evropě.
Jsem si jistý, že i on sbíral Blackberry.
"Celka zejména stranní politiky je nyní na reintegraci Turecka do jeho nedávné blízkosti.
Volná válka byla anomaly, "řekl mi.
Turecka byla odstraněna z jejího zahrady.
Dnes by se mělo podívat na východy a západy v stejné době.
Nebylo to případ jednoho nebo druhého.
Měla by to udělat obě.
"Ale jistě," zeptal jsem se, "Turky by mohlo být moci vybrat?"
"Turky," řekl, "nechtěl jsem se na to vybrat."
Potom vytrval bod, který skoro každý, kdo jsem mluvil s tímto místem, byl skoro odepřen po cestě: Turecky nejen do Středního východu, ale do Caucasu a vůkol Černého moře, jsou tak mnoho užitečných Evropských a Spojených států, jak jsou v Tursku.
S Tureckou na stole, zdá se, že se zpráva zdá, že Evropa jako celková může metaphorizovat tyto řetězky na východ do Asie a Středního východu.
Vrátil jsem se do stanice Hydarpasha, po druhém velké nespatné noci, a myslel jsem si o těch dvou Německých pánů, pane Ritter a pan Conu, kteří se na toto budově stavili před 100 lety.
Jak překvapení by měli najít, že střední východní Evropy mohou nyní, na velké části, být v Tureckách.
A když jsem čekal na terminál, aby mě zpátky do Bosphoru, připomínal jsem, že v těch dnech Turecká byla vždycky nazývána "Nemocný muž v Evropě".
Pak alespoň nebylo zřejmě pochybné, jaký kontinent by měl vyjádřit tuto fascinující zemi.
Vzpomíná se: Vernon Handley a William Woodruff
Mark Brown psáno: Jako muzikální ředitel Guildford z roku 1962, Vernon "Tod" Handley (normálně, 11. září) měla práva Guildforda Philharmonicka Orchestra a Choir.
Jako součástí jeho hudební schéma pro zranění, v následujícím roce naložil jeho skvělý mladý žádost, Proteus.
Bylo to nutné být pod 21, ale v době, kdy Proteus zpívá jeho konec v roce 1979, většina z nás byla v našich 20 letech - jen jsme odmítli vybrat.
Jméno "Proteus" (mithologická změna) reprezentovala volbu a možnost vybrat, jakýkoliv hudba byla předložena k tomu, zda je madrigal nebo Mesiáš, je-li nespojena nebo s plným orchestram.
Hudba, která vytvořila takovou mladou volbu, byla často překvapení, vždycky vyzkoušená, a to bylo všechno v důsledku inspirace toho muže a enthusiasmus pro hudbu, která zůstala absolutně konstanta po celé roky.
Jak často jsme Říkali smrti, abychom si pro sebe promluvili hudba.
Říká: "Komponent ví, co chce.
Všechno je tam v hudbě.
Tak to písněte!"
Jeho batonové technologie byla absolutně jasně jasná a jasná, ale nikdy nebyla diktaturální, ani blondýna.
Všechno, co je hudební standard, vždycky zvýšil to i vyšší.
John Frayn Turner napsal:
Pokud by měl někdo řídit, byl to Vernon Handley.
Věděl jsem ho dobře během dvou desetiletí, že uvedl Guildford Philharmoniku od 1962 až 1982.
V minulých 40 letech jsem se přezkoumala více než 100 jeho koncertů a věrně řeknu, že jsem nikdy s jednotlivým - a mnohokrát je inspirováno.
Smrt Handley měla to zvláštní kombinace velbloudy a osobní modest.
Nenáviděl říditele, které v jeho slově jen "stěhoval jeden nebo dvě známé války vůkol světa".
Bude ztratit tak mnoho z nás.
William Woodruff
Profesor John Beckett napsal:
Váš občan William Woodruff (Sept 25) uvádí, že "v roce 1946 vyhlásil hospodářskou historii v Oxfordu a v roce 1950 se stalo Houble-Normanské výzkumu Fellowu, zatímco podobně studuje BSc, MA a PhD".
To se děje z poznámky autora Woodruffa v Beyond Nab Fine, ale není to správné.
Od roku 1946 až 1953 byl lektor v hospodářské historii na univerzitě Nottingham, v němž dokončil fyzické tesaře na britském rubberském průmyslu, přesvědčen Profesor J. D. Chambers, a následně publikován v roce 1958 jako britský Rubber Industrie.
Získal 1950-51 v USA na Houble-Normanské spolupráci a soud roku 1952 na univerzitě Illinois, Harvard a New York.
V roce 1953 opustil Notinghama trvalo pro Illinois.
Proč Woodruff vybral hlavu na tomto části jeho kariéru je neznámý.
J. Vincent Resino v funkci filozofií
"Už jsem doporučil vyjádření José Vicente Resino "Flamenco y life", protože jeho černé a bílé fotografie, které jsou v dokumentárním stylu, jsou zvláštní.
Fotografy mi povzbuzovaly z jejich jednoduše a síla, která přenesla, vždycky léčují tyto podmínky s zvláštními pozornostmi.
Vyjádření, která působí hluboké pocity.
Resino je možné chytit magické momenty."
Druhý útok pro hondovy super-soubory
Další listopadní Honda bude spustit trh druhý Jazz model.
Pokud předchozí model byl již znamenován vysokou blízkost, tento nový ministán má vnitřní šířku.
Navíc je vytvořeno s dobrými mechanickými mechanicky, které zvýší řízení a umožňují zachránit hubu.
Evolution místo revoluce.
Tohle je druhá generace Honda Jazza.
Jelikož nový Jazz vypadá jako předchozí model, změny přinesly do mininovanu jsou mnoha.
V jiných je hodnoceno, že se zdůrazňuje jeho inovační návrh, nové platformy, větší velikost a docela nových mechanických mechanických.
Vždycky, před tím, než se pohybuje k analyzování nového modelu, může být užitečné ukázat, že tento nový Jazz přichází pouze šest let po vstupu první generace.
První poznámka by proto měla uvažovat, že Honda znova znova tento model rychlejší než ostatní společnosti.
I když je Jazz model menší známý v Evropě než v jiných trhech, zůstane fenomeno v oblasti prodeje.
Tohle je případ Japonska, kde Jazz byl nejlepší auto v roce 2002 a v roce 2008.
Jen tam, přibližně miliony Jazzových jednotců byly prodány od začátku modelu.
Druhý trh byl starý kontinent, s půl milionem jednotek prodávaných v šest letech.
Ačkoli tyto čísla, Honda věří, že tento nový Jazz zvýší i více prodeje v segmentu.
Pokud tedy v roce 2007 japonská společnost prodávala celkem 83 000 jednotků tohoto modelu, v roce 2009 se stanoví, že bude obvykle 10 000 vozidlů. Toto předpokládá možnost prodej 17% pouze v Evropském trhu.
V souladu s španělským trhem Honda prodal celkem 8 000 jednotků Jazz od roku 2002, odpovídající se 6.7% celkového prodeje společnosti v Španělsku.
S přicházejícím novým generacím, odpovědný pro společnost v Španělsku očekává, že prodává kolem 2 000 jednotlivců Jazz za rok.
Přicházející nového Honda Jazz je pravděpodobně možno, snížení prodeje v Španělsku do velké výše.
Vlastně osoby, které jsou zaměstnány na trh čekají, aby do konce roku s celkem 22 000 jednotlivců prodány, jsou 4 000 jednotlivců menší než v roce 2007, s mírným 16 %.
Ačkoli v prodeji, Honda také zvýšila svůj trhu v Španělsku, přibližně 1,8%, srovnávací se v posledním roce 1.6%.
V té době japonská společnost čeká, že dosáhne 2% v roce 2010.
Aby to dokončilo, Honda je zajištěná v jiném novým modelu.
Toto je Insight, hybrid pět dveří kompaktní auto, 4,37 metrů na dlouhý čas. Japonská společnost doufá, že prodeje více než 20 000 jednotliv z tohoto modelu ve světě, v roce.
V souladu s hodnocením trhů a japonských výrobců, 50% prodeje Insightu přijde z Spojených států, zatímco zůstane 50% z obou starých kontinentů a Japonska.
Spotřebitelské spuštění Insight je plánováno na předchozí rok, rychle po presentaci modelu uvnitř společnosti v ledna v Valencia.
Podobně s prvním generacím, nová Jazz vyrostla v celém jejím celém.
Teď dostane 3,90 metrů délku (při pět centimetrů více), 1,69 metrů širokost (dvě centimetrů více) a její interakce 2,50 metrů, s vyšším pěti centimetrů.
Je to 1,52 metrů vysoký, stále, zůstal neměnný.
Vzhledem k velikosti, jeho bydlící vnitřní plochy se zvýšil v mezerách.
Tato významná výsledek, první z nové platformy, a druhý od dovozu koupelného tanku v centrálním místě, řešení již přijata v předchozím Jazz.
Navíc, schopnost trnů - dvojnásobní úroveň - zvyšuje do 399 litrů, 19 litrů větší kapacity v souladu s prvním generacím.
Toto jsou opatření Honda Jazz 1.4, zatímco v modelu 1.2 je pouze 379 litrů.
Další zlepšení - doplňující zevnitřní prvky, například rezervační řízení nebo možnost připojit panoramické hlavy - se zvláštní přístup k návratu.
Dry, které umožňují přístup k zpětném místě, otevřít nyní s úhelem 80 stupňů, srovnávací se 67 stupňů v prvním modelu.
Navíc všechny motory jsou velmi nové v tomto druhém generaci vozidla.
V době trhu přijde tento malý model s petrolovými motory 1.2 nebo 1.4 litrů.
Obě mechanické systémy budou včetně i-VTEC technologie, která umožňuje využívání nižšího potravin, produkuje menší karbonové dioxidové emisí, optimizuje mechanické rekreace a v té době zachovává vysoké stroje tuku.
Verze 1.2 litrů dostává sílu 90 hp na 6000 rpm s maximálním tlakem 114 nm. na 4900 rpm.
Propulsion - který v předchozím Jazz dosahoval 78 hp – jen potřebuje 5.3 litrů hmotnosti a vytvoří kolem 125 gramů výsledků CO2.
Porovnání s předchozím propulzicím, které v prvním generačním modelu použije 83 hp, nový člověk může přijmout význam 100 hp.
1.4 Jazz s 100 hp došlo k kombinaci z 5. 4 litrů hmotnosti a 128 gramů CO2.
"bee-car" k odstranění kollisionů
V rozvoju technologií pro prevenci případů Nissan tuto dobu inspiroval přírodní, a zejména zvířata.
Japonská společnost vytvořila robota, která, považující letět zvířata, může odmítnout případy.
Toto je Bio-mimetic Car Robot Drive, nebo BR23C, první krok pro projekty technologie pro prevenci kollisionů.
Industriálci rozšířené technické centrum Nissan Motor Co. vytvořili tento malý robot v spolupráci s Centrum pro vědecký výzkum a technologie Prestigiální univerzity Tokyo v Japonsku.
Podle Kazuhiro Doi, generální ředitel veřejných vztahů pro technologie, výzkum a vývoj řízení středního řízení, BR23C je rozšíření bezpečnosti z čtyři oblastí vytvořených Nissanem.
Tato robota je považována zlepšit možnost předcházet kolesiony v vozidlech vytvořených společnosti.
V průběhu letadla každý z nich vytvoří vlastní osobní prostoru, který je velmi podobný k řetězce bezpečnosti vytvořené Nissanem.
Ale nejdůležitější položka je vystavena z kompletních očí bí, která může vidět ve všech směrích s dalším 300 stupňů, který umožňuje insec letět s žádnou přerušením v jeho osobním prostoru.
Pro rekreace těchto vizuálních funkcí stroje vytvořili, co definovali laser lokátor (Laser Range Finder).
Tento mechanismus zjistí obsahy vnitř 2 metrů a radius nahoru až 180 stupňů před BR23C, vypočítá vzdálenost k objektu a odesílá signál mikroprocesoru na tabulce, který okamžitě umožňuje prevenci kollizice.
"Když zjistí nepřítomnost, malý robot si představuje pohyby a směr se hned změní, vrací se hned na pravou nebo šířkou úhelu, aby odmítla kollizici.
Nejvíce zvláštní rozdíl s každou existujícím systémem je jeho rovnovávnou akci, která se zvláštní instintní.
"Kdyby to nebylo tak, robot by nemohl reagovat rychle k odstranění obstaky," vysvětluje Toshiyuki Andoh, ředitel laboratoře mobility a hlavní engineer tohoto projektu.
Podobně jako zvířata, robot nemůže odstranit nahoru nebo dolů, nebo dokonce i diagonalně. Může se přestěhovat pouze v dvou velikostech a v směru jeho hranice mohou se obrátit. Zřejmě, že nemůže fungovat bezpečnostní směr a cesty jako zvířata.
Proto Nissan používal funkci rotace v dodatku k zkratce a odsazování funkcí, aby malé roboty mohly odmítnout kolekci.
"Toto zařízení je jen potřeba vytvořit nové informace každý pár sekund, a z těchto údajů.
Nepotřebuje se uložit žádné informace nebo použít intuiční logicky předchozích správců. Proto se může odejít bez přerušení doplňované pouze několik deset kilometrů kB paměti.
To by mohlo být překvapení, ale nemluvíme o gigabytkách nebo méně paměti."
Toto je první krok pro vytvoření nových technologií pro prevenci kollisionů, technologie Nissanová naděje bude vložena do autobusu jako standardní funkce za deset let.
Robota používá lithium-polymerové baterie, které jsou světlejší a trvalější než typologii lithium-ionu.
Dodatečné aplikace v potenciální budoucnosti by mohla být integrace této technologie s GPS satelity prohlížečem, aby řídit řízení do určitého cíle, prohlédnout závazky po cestě.
Vyčistit před použitím pro léčbu
Musíme zjistit, že Department Služby Spojených států, který má velmi dobré kapitály, aby činili, jistě nedostatek talentu.
Aby se cítili krizi a předpokládat Američanům, aby se chystili s hraničními vězeními banky pod závazky insolvence, vytvořili zábavu a vzdělávanou hru pro uživatele internetu. Toto je "Bad Credit Hotel".
V jiných slovech, "Hotel zlého kreditů" nebo o problémech.
Gloom aspectu tohoto hotelu a zejména jeho recepční cíl provádět lidi, aby si mysleli, že ne jen jednou, ale dvakrát nebo třikrát před tím, než se používá pro léčbu.
A přes vše, uvažovat velmi pozorně o tom, kde se na to líbí, to je pravděpodobně hru prvotní cíl.
Jistě, že tento systém poskytuje několik užitečných informací, ale poskytuje více detailů.
Je to mnohem víc webové stránky pro tvory než místa pro obecné veřejnosti.
Co se děje, když dokončíte hru?
No, snímač vypadá uvnitř hotelu.
Je to ještě něco, protože koupit dům, lepší ho nechat.
Morgan Stanley otevřel své kapitály na MUFG
Morgan Stanley oznámil, že jeho vstup do tabulky okolí Mitsubishi UFJ Finanční skupiny (MUFG), první banka Japonska, který zasáhne devět miliónů dolarů, aby dostali 21% jeho kapitálu, zprávy, které byly dosaženo snížením v cenach.
Po týdnu po odstranění prováděcího dohody, dva banky vysvětlili, že MUFG by koupil 9.9% Morgana Stanleya sdílení na cenu 25,25 dolarů, celkující tři miliardy dolarů.
Cena prodeje je menší než 19% hodnoty bezpečnosti dne 31. srpna.
MUFG investuje další šest miliard dolarů v období přeměnných titulků, které vyskytují bezpečnostní úroveň 10% a s převodním cenam 31,25 dolarů.
Morgan Stanley ukázal, že celková operace bude založena na průměrné jednotlivé cena 29 dolarů nebo 28% nad jeho současnou cenu.
Morgan Stanley však ztratil 6.79% do 23.07 dolarů o 17.00 GMT.
"Tato strategická smlouva se stanoví důležitou možnost zlepšit přechod Morgan Stanley do stavu banky," řekl John Mack, CEO americká skupina.
Morgan Stanley přijal tento nový stav v minulém týdnu, který by měla povolit rozdělit své činnosti, ale měla by se poskytnout prostřednictvím orgánu federálního rezervace.
Jeho spolupráce s MUFG potvrzuje také, že současný finanční krize zvýšil největší jména na Wall Street, aby přijal mnohem pozornějším pohledem než předtím.
Možnosti uvedené v měsíci ukazují, že dohoda byla změněna v posledních dnech: předchozího měsíce Morganově oznámil, že bude prodáno do 20 % jeho účtů do japonského pro $8,5 miliard.
Před týdnem vysvětlil Toshide Mizuno, úřední ředitel MUFG v Tokyo," My jsme si mysleli, že účastníka by měla být celkem součástí pravidelných účtů.
Ale v současném stavu hospodářství a trhu jsme se doufali, že jsme zmenšili rizika a ochranili našich základů."
Na základě střední cena MUFG zaplatí za bezpečnost Morgan Stanley 7% pod jejich základním hodnotou.
A transakce bude výsledkem rozdělení o 20% účastníků po části.
Dohoda předpokládá, že MUFG může ročně převést půl jeho preferované bezpečnosti do období, pokud se tito obchodovali více než 50 % nad cenem převodu, přibližně 47 dolarů za zadaný období.
Morgan Stanley zajistí, že kapitál, který MUFG poskytuje, umožní zaměřit na možnosti investičních investic, zvýšit základní stránku a zvýšit jeho likvidity.
Společenství pro skupinu však neodmítla drobné informace o strategických projektech těchto dvou nových asociacích.
Po investici MUFG, Morgan Stanley předpokládá kapitálovou úroveň kapitálové úroveň jednoho z 15 %, jedna z nejlepších v průmyslu.
Morgan řekl, že má "znamenatelně" snížil své balance stránky od konce srpna.
V minulých týdnů bylo těžké pro skupinu, která viděla polovinu účtu účastníku, zatímco závazné náklady proti riziku výchozího výdaju.
Tato kostka byla zmenšována v měsíci, ale zůstala na novém vysokém úrovni, přibližně 12%.
V minulých týdnů, Goldman Sachs, jediný další největší investiční bankovní banka na Wall Street po bankovnictví Bear Stearns a Lehman Brothers a Merrill Lynch přijímání, oznámil, že to vzrostlo 15 miliard dolarů, částečně z Berkshire Hathaway, skupina Warren Buffett.
Rafael Correa v Quito v Půlnoci.
Znovu obnovuje republiku sociálního století.
Toto je společný projekt Venezuelského Hugo Chavezu, Evo Morales z Bolivy a Ecuadorského Rafael Correa.
Tento sobotu, jako jeho spolupráce a přátelé, je třetí, aby hlasoval projekt pro novou konstituci.
Od 64 procent hlasovatelů vyvolali referendum, podle úředních výsledků na základě 80 procent hlasů.
Na základě těchto výsledků, "no" měl 28%, 7% hlasování bylo neplatné, a 0,7% byly bílé hlasy.
Pro návrh konstituce by měla být přijata polovina hlasování plus jedna.
Dnešní den, dvě kousky vykonaly ven z polské stanice a jedna nevládná organizace oznámila velkou vítězství pro "tak" rozsah mezi 63 % a 70%.
Rafael Correa vyjádřil v noci od sobotu až do půlnoci vítězství jeho projektu konstituce.
Konstituce tak překvapeně vytrvala, zajistila, že Ecuadorů v vládních čtvrtek v Guayaquil, 280 km jihozápadního západu Kito.
Samozřejmě, Rafael Correa byla požehnána Chavezem a Moralesem, ale také jeho číleanský kontinent Michelle Bachelet.
Popel, který byl řízen pokojně pod kontrolou Organizace amerických států (OAS), zahrnil v jejím textu 444 bodů, které konsolidují "nový socialismus" předseda.
Projekt konstituce zahrnuje moci státu na hospodářství a zachovává jej „plánování rozvoje“ ze země, která žije zejména z vývozu oleje ze stranních společností a zejména peněz, kterým poslají jejich emitátorům.
Korea, vybrané v roce 2006, vybírá projekt také větší moci hlavy státu, který může přivést do dvou následujících podmínek čtyři roky a vyřešit sjezdu.
Correa již oznámila, že bude používat tuto možnost pro hledání nového mandatu v února 2009.
Konstituce také konsoliduje zásady svobody zdravotnické služby a vzdělávání, které předseda začala stanovit v této zemi 13,9 milionů obyvatel, kde 50% populace žije pod bohatstvím.
Je také předpokládána zakázaní přítomnosti cizích trojúrů, která bude skončit dohodu mezi Quito a Washingtonem pro použití Ecuadoru jako základní základ pro operace antidružství Spojených států.
19 hostitelů byly vysvobozeny v Chad
Egiptský příkaz týmu zahájil útočiště proti osmnácti turistům a jejich osm školí před deset dny.
Jsou v Kairo.
11 Evropských turistů a jejich osm Egyptských skortů zachovaly za deset dnů v poušti se vrátily v den den po půlnoci na Egyptské kapitálu.
V ráno byli vysvobozeni Egyptským přikázáním v Chad.
Vypadá to, že hostageři přišly na 1530 hodin na zvláštní letadlo na vojenském základu Al-Maza, připojili se ke mezinárodním letiště Cairo.
Byly hned přeneseny, bez možnosti mluvit s tlakem, prostřednictvím helikopteru do nemocnice v Maadi, občanské suburb Cairo, aby podívaly výzkum.
Jsou v "dobrá zdraví", a "nebylo zaplaceno kapitánům", vyjádřil Egyptský minister pro Turismus, Zoheir Garanna, na tarmacu.
V roce 19. září bylo založeno v safari v 4x4 na noze hory Ouanat na hranici s Egyptem, Sudanem a Libím, tento skupinu hostačů byl zabit od jednoho skrytého do 35 neznámých dětí.
Obsahuje 11 turistů - pět italských, pět Německých a římských - a osm egyptských: dva vedení, čtyři řídící, ochrana a ředitel agenturu Egyptského, organizace safari.
Egyptská bezpečnost věnovala, že 30 členů zvláštní síly, které přivedly na dvou helikopterů, začaly zahájeny v noci před dnem.
"Oheň vyměnil, a polovina těch, kdo byli zabiti, druhá polovina utekla," řekl úřad, který žádal anonymity.
Říkal, že 150 členů zvláštní síly egyptské „radové odpověď“ byly poslány do Sudana jako celé, kde dostali podporu od Německých a Italských příkazů.
Hlavní hlavy italských diplomatických těl Franco Frattini v Belgradu, kde je dnes, označila roli, která hrála italských tajných agentů a prvků zvláštních síly.
"Musíme zjistit, že jsme dostali tento výsledek prostřednictvím profesionalismu a efektivnosti našich mužů z tajných služeb, ze zvláštních síly," řekl, bez dalších detailů.
Také odmítl zaplatit náklady.
Dne předtím, Sudanská vojska vyjádřila, že zrušili 4x4 patrolní vozidlo na stůl, které byli kapitáni, zabíjejí šest, včetně Chadánského hlavy a zatčeno dva.
Armáda vyprávěla, že byly spojeny k rebelským skupinám v Darfuru, Soudanské svobodné svobody (SLA-U), něco, co se tento pohyb hned odmítl.
Lettery - Tichý většina kultury
Debat o finančních kulturách vytvořily hlavní řetězec a zhoršoval tento vybraný kampaň.
Dobře.
Ale jeden sektor našeho kulturního života je vždy zapomněn.
Kdo přijde k odmítnutí zločinu, která je dána k malým muzeum, archivům, archeologickým nebo národním historickým místům, které jsou za financování?
Které politické dary připomínají federální vládu, že je odmítnuté jeho monumenty a dědictví?
V Quebec, v Kanadě, nemáme skutečné právy, které účinně zachovávat naše dědictví?
Věděli jste, že francouzská vláda platí tři a půl miliony euro jen pro rezervaci města Čína v Loire Valley?
Naše Američané blízkosti napsali v Konstituci jejich země, že ochrana dědictví je součástí americké kultury a že takto dědictví musí být ochrana všech občanů, všech vybraných a všech vládních odborů, a to v spolupracování.
V Quebec je Federace Společenství Kébeckových příběhů, alespoň 40 000 volitelů, kteří se skupinou ve 211 agentech pro historii, dědictví, archivy a genealogie, ohledně rezervace historii, s ochranou, mají několika fondů, palce soukromých archivů a ochranu archeologických rezervací.
Často jsou našich dědičných dědictvích, kteří protestují s energií ztrátu, když vytvořili vývojáři a stavebníci zahájejí jejich kouzelníky proti našim starým budovům a našich zapomněných cemetrů.
Kdy bude pro historii a dědictví?
Fortis banka součástí národní vlády Benelux
Benelux pomáhá Fortis, Belgická banka, která je první Evropská finanční instituce v problémech z důvodu následujícího kryzysu amerických lehkových krize - z částky státu. Třech zemích se dohodly do dostat 11.2 miliardy EUR do banky a bezpečnostní společnosti, které mají veškeré zájmy z Maďarska.
Na konci této týdny Belgie, Luksemburg a Německé vlády vyžadovali o tomto problému na nejvyšší úrovni, v souladu s prezidentem Evropské centrální banky a komisarem Komise Evropské komise.
V eurozóně Fortis je první banka zabita mezinárodním finančním krizim, který se přibližuje v posledních 12 měsících.
V souladu s rozhodnutím stanoveným v sobotní noci, každý vláda bude vzít 49 procent v bankách Fortis v jejich příslušných zemích.
Bank bude určitě prodávat nějakou část jejích kroků, zejména bezpečnostní činnosti, která je zakoupena z Německa Amro v posledním roce.
Fortisové účastníci začali v minulém týdnu hluboce půjčovat, a pak v druhém části týdnů značky vážného krize se objevilo v společnosti.
Analystři shodují, že banka s jeho 85 000 zaměstnanců je příliš velká, aby bylo dovoleno jít do bankovky.
Sdílení banky padlo 12% v středu, což je nejmenší úroveň za 14 let.
Hodnocení účtů byly od října dva třetích.
Vzhledem k aktuálních cenach, celé kapitálové kapitálové hodnoty skupiny je obvykle 14 miliardy EUR.
Správa zločiní nebezpečnosti, které jsou spojeny k přijímání amerických balíček USD 700 miliardů - pro upadnutí účtů Fortis.
Položky ukázaly šílené vzkříšení v sobotu.
Philip Dieerckx byl navrhl nový kapitán úřední úřad banky v sobotu.
Finanční instituce také hledala soukromý kupci, ale nebyla tak daleko žádná substanční nabídka.
Belgická vláda předtím vyprávěla, že investory neměli důvod, proč se bojí, nemusí ztratit peníze.
Žádný bankovní žádná banka je tak daleko mezi klienty banky; žádná banková ruška nezahrnuje.
Fortis má vlastní bankovní stanovisko v Maďarsku a koupil také vývozní společnosti.
Fox v Henhouse
Američanská života a zdravotní bezpečnostní společnosti často odmítají prodat bezpečnost některým občanům, kvůli jejich údajům k zakupování drog.
Údaje ochranných expertů se bojí, že se trh údajů neovládá.
"Je to program ochrany data, který vyžaduje povolení osoby, které se týkají, aby používaly lékařské informace.
To by mělo být nezávislé, jinak fox bude zachránit domácího domu," Washington Post cituje Richard Dick, vývojář programu pro léčbu lékařských předpisů.
Bezpečnostní společnosti rozhodnou o bezpečnostní účtu a množství, které se zaplatí v případě zneužívání, které jsou v souladu s zdravotním stanoviskem klienta, a pokud se týkají, že je příliš riziko, neprodávají bezpečnost.
Používání klientů, které jsou vyslány, aby měly lékařské výzkumy provedeny, a dohoda byla dokončena pouze v světle výsledků obrazovky.
Dick vytvořil hodně šíleného metody před deset lety: na základě identifikačního počtu klienta typu drog, které je zakupeno klientem v posledních 18 měsících, může být snadné zjistit, a proto program může vytvořit výsledky jeho vlastních nemoců, pokud jde o nemocech a jejich zdravotní podmínky.
Například, případ kupování pravidelně velké dávky cholesterol-redukčních drog prakticky oznamuje, že klient má nezávisle vysoké úroveň krevní úroveň, jakému výsledku by tento člověk hned měl být založen na vyšší riziko.
Program má různé verze v obchodu, někteří z nich dokonce definují riziko faktoru, takto bezpečnostní společnost nemá nic jiného, ale papírová práce, je-li v tom nejmenších problémů.
Jedna z nedostatků je fakt, že někteří drogy mohou být použity pro různé účely, např. nějaké lékařské formuláře jsou léčby migrainy, hmotnosti nebo dokonce i depresi.
Poslední je významný riziko zvýšené od pohledu obchodních zajištění, zatímco ostatní dva nejsou.
Existují zvláštní společnosti, kteří získají a používají data, a žádají o povolení pacienta předtím, než získat potřebné informace z přípravku.
Jsou již právo to udělat, i když jejich předchozí chyby nebyly peněz.
Někteří společnosti postupují dokonce i výsledky laboratoře a připojují tyto údaje k léčbě drogy. Toto způsob, jak je možné poskytovat další informace o zdravotní situaci pacientů.
Více a více společností dosáhají přístup k datám a v paralelně kontrola jejich používání je velmi těžká.
Existuje zvláštní akce na ochranu informací o zdravotním ochranu, ale její oblast obsahuje pouze poskytovatelům zdravotnictví a zajištění společností.
V souvislosti s poskytováním inspekčních orgánů na společnostech, které se týkají poskytnutím dat, byla předložena do kongresu.
Dick Richard zjišťuje, že není dostatečné: proto vytvořil své programy, které by nyní zahrnovalo přenos dat v souladu s požadavkem vyjádřeného koncentratu zaměstnanců.
Je však další otázka, že účastník nemůže skutečně odmítnout dohodu, jinak zajištění společnosti nebudou skončit smlouvu s nimi.
Proto, na určité úrovni, budou pokračovat závisí na dobrovolnosti fóxu.
Celková nabídka Marseille
Evropská unie a Indie dvojité obchody
Jako Evropská unie a Indie provozují obchodní partnery mezi druhými, založena na devatenáctou současnou současnost byla také vládnována tímto problémem včetně ostatních, zejména globálních, problémů.
Dneska Francie-Indické součásti se bude držet také, zejména o spolupracování nukleární energie.
Jelikož Evropská unie zjišťuje, že Indie je úzkostná demokratický světová síla, která by měla být vyjádřena více v mezinárodních věcech, členské státy nemohli přijít do dohody, zda se podporovat trvalé členství Nové Delhi v Úřadu bezpečnosti nebo ne.
Proto nebylo toto záležitost po dobu devatenáctého současného, organizace včera v Marseille.
Francouzský prezident Nicolas Sarkozy jako řešení předseda Unie, předsedající předseda José Manuel Barroso a zejména politika Javier Solana požehnal Indicky Prime Ministerstvo Manmohan Singh a souhlasil dvojitě více než 100 miliard euro, obchodní let.
Vzhledem k tomu, že od 25 miliardy do 55 miliard mezi 2000 a 2007 se zvyšuje významná cíl.
V souladu s 26 existujících dvojitá civilní letecké dohody s Indií byly právně harmonizované, a to znamená, že leteckou traficu může v budoucnu plavat.
Indie žádá podpis svobody obchodu s Unie až do konce roku 2009.
Sarkozy slíbilo, že se zlepšit harmonizace.
Cílem je najít balance, zatímco Indie je čísla jedna obchodní partnerka EU, a v té době New Delhi má pouze devaté místo na seznamu partnerů EU.
Související se na globální otázky:
Na situaci v Afghánistánu a Paquistánu a na terorismu, v každém formě byla vyhlásena obě strany a konferenční konferenci Spojených států.
Doplňování Doha Trade Round byla také odeslána, i když obě strany jsou zodpovědná za fázko tak daleko.
EU potvrdil, aby zachovával svůj program energie a klimatu, což znamená, že by měla závažnost vytáhnout vzduch poškozené emisí na nejméně 20 % až 2020.
Indie dohodl k tomu a k cíle, aby dostal globální dohodu na konferenci klimatu, která je na následující rok a zmenšit vývoz zeleného gasu 50 % až do 2050.
Další cíl byl předcházet růst potravin a zavolání mezinárodního konferenčního konferenčního konferencí, aby přezkoumat finanční krize byla podporována.
Indický Prime Minister se dnes týká dvojilateralního sezení v francouzském kapitálu, kde by měl přijít do dohody o pokojné použití nukleární síly.
Paříž očekává, že francouzské společnosti budou zasáhnuty smlouvy na vybudování nukleárních reaktorů v Indii v hodnotě 20 miliard euro.
V souladu s informacími agentury by dohoda měla za 15 let.
Více 300 italských editorů v Frankfurt
Strong presence italských editorů na Internárodní knize Fair v Frankfurt.
Více než tři sta budou italské editory na šestnáctém ročním léta Buchmesse, nejdůležitější mezinárodní události pro vyměnění práv.
Mezinárodní kniha na Frankfurt čeká na tento příležitost více než sedm tisíc exhibitorů z 101 různých zemí, kteří zaměstnají Fair 171 790 metrů čtverců s více než 403 tisíci titulků, a Turecka bude hostem chvály.
Francesco Maria Giro, subsecretarium pro kulturní dědictví a činnosti bude představovat italská vláda na inaugurační ceremony Italského Pavilionu: Itálie bude mít jako instituce s italským státem – 264 metrů čtvrtým výsledkem.
Následující konferenci bude konferenci na místní strukturu Pavilion 5.0 Buchmesse: to bude příležitost, kdy se stanoví obrázky, trendy a pohled stanovisko italského veřejného průmyslu.
V souladu s údajemi jsou pokračující důležitost knih zahraniční autory v italském produkci, a zejména pro dospělé a děti.
Nalezl letiště Steve Fossett milionář před rokem
Je nalezena hrozba letadla Steve Fossett, milionář, který ztratil na třetí října 2007, když letěl na poušti Nevada.
Nalezeno na plavidle na 3000 metrů vysokosti, v oblasti Sierra Nevada Mamoth Lakes, na hranici mezi Kalifornii a Nevadou.
Avšak ve vzduchu nebylo žádné člověka.
Slečno Madera, John Anderson, vyhlásil všechny ostatní důvěry: "Letiště bylo na místě, poslali jsme tým, a nyní máme potvrdit, že je to ten, na kterém Steve Fulllett letěl v den, kdy ztratil," řekl v tlakové konferenci.
Později šéf ukázal, že žádná lidská ostatka nebyla nalezena ani na letiště ani v okolí.
Miliónář, 63 let, byl za mrtvý v února.
Americké národní přepravní bezpečnostní úřad (NTSB) informoval, že po několika hodinách po době, kdy byl poslán výzkumní skupina, která potom identifikovala letadla: je Bellanka 8KCAB, která byla ztráta od třetího září 2007, když Fossett odjela od Yeringtonu v Nevadu za tři hodiny.
Včera v Kalifornii, vždycky daleko od fronty s Nevadou, někteří osobní účinky, které patří k Fossettu, byly nalezeny pár blízko jejich domu v Mamoth Lakes.
Položky jsou dvě dokumenty ve jménu Fossett, obě vydané Federální letecké správce Illinois, nějaké košy a kouzelníky.
Hledání Fossett byl zavolán měsíc poté, co ztratil.
Miliónáře si vyhrál v historii, díky řadě světových záznamů.
V roce 2002, v jeho šestou pokusu se stalo prvním mužem, aby zakončil světovou cestu v hlubokém balónu: dva týdny soli letěte.
Tři roky později vydělal světovou cestu bez letiště.
Podle jeho mnoha záznamů je také letadlo na 15,445 metrů, přes Andes, ale s ko-pilotem.
Glk, kámoš, který tě nečeká.
SUV, který je vně pravidla s původním designem definováno rozhodnutím linií, široké pohledy a čisté kořeny.
V krátkém případě je to GLK, poslední dodatek "kompaktní" vozidla z hvězdného výrobce, s nimiž Mercedes-Benz se snažil nechat v tomto sektoru dostat do hvězdného vzduchu.
Přímo proto, že jeho funkce jsou z tradičních normů, zpráva, která se týká spuštění GLK SUV, bude také neočekávaná a neočekávaná, bude k dispozici v Mercedes-Benz věstníkach od roku 17. října.
Proto veřejné kampaně, která bude připojena k účtu nového vozidla, bude vytvořit nový metodu komunikační metody, která také obsahuje budoucnostní kampaň 3D stromů, použité na první době v Itálii za vozidlo.
Projekt velkých stromů, který se stanoví v třech různých fázích, který bude vládnout nejcentrální Milanské středisko, Corso Como, až do 15. listopadu.
První fáze tohoto nového typu komunikačního typu bude zahájena s prezentacím vozidla v stereoskopické vizitě a díky zvláštními plavidly rozdělené v blízkosti Corso Jak je možné vidět nový SUV v pravém velikosti a 3D.
Vlastně, když se podívá na obrázek, bude mít pocit, že auto provozuje z poštovníku.
Podle používání inovačních technologií Elumina 8 všechny detaily nového GLK se zobrazí v různých dobách a pak se obnoví jako jediný obrázek.
Bez pochyby, Mercedes, prostřednictvím tohoto zvěstování, se snaží zavést něco nového do konvenčního pole automobilního veřejnosti.
Bude to s tímto formulářem učinit zájmu budoucných kupců?
Tady jsou italští hooligani.
Tri-Veneto, které by mohly být zničeny od týkajících sportových fíktů (Daspo).
Ale kdo jsou ty 150-200 lidí, z nichž Itálie je nyní zabrána? Vytvořili část skupiny "Ultras Itálie", které za roky podporují národní fotballový tým a dokud se nyní známo, že pravda nikdy nesmí vytvořit základní problémy.
Nikdy to nikdy neřekl s opozováním fanů.
Rozšíření skupiny je správně žádá.
Propagátory jsou z Tri-Veneto.
Od Verona, Padua, Trieste a Udine.
Tito byly připojeny některé malé skupiny (vlastně, velmi malé členy) z Campagne a Puglie.
Máme tricolourní vlajky s městem původu vojáků na nich: v sobotu byly vytvořeny, aby nebyli označeni.
Vytáhnou své myšlenky z angličtin.
V Bulharsku našli podpory, kteří byli skutečným Nazim, skupinou Levski.
FIGC uložil na řízení italského fanu 144 písničů pro odpovídající: všechny osobní, tak snadno ověřitelné.
A ministr vnitřního v Viminale je skutečně ověřil: mezi těmi skupinami, kteří šli do Sofii, nebyli žádná zakázána, aby se často stadili.
Čtyři italské podporníci, kteří měli předchozí kriminální kriminály, byli opravdu odmítnuty ticky a drželi od cesty.
Nyní ministr vnitřního očekává, že by mohl číst úřední záznamy, které by měly přijít z Bulharska policie před krokem: v tomto případu je možné bojovat za pět let, alespoň podpory, které byly zatčeny nebo ti, kdo byli identifikováni během zboží.
Mezinárodní banky, která zakáže přibližovat nejen v Itálii, ale také v celé Evropě.
Naše hooliganci, v krátkém případě, nebudou vstupovat do jiného stadiumu.
Hodně štěstí.
Ale nyní je to strach emulace: to je to, že jiní připojují k tomuto malému než sto a padesáti.
"Musíme tuto konfliktu hned vytáhnout a nemusíme právit těm, kdo drží v tomto fašionu," potvrzuje tyto ministri v Viminale.
Takže, "Většina otevřít, zejména od té doby, kdy je národní tým hraje na večeři v Lecce."
V Puglii je vlastně malý nukleární podpora Ultras Itálie.
Zítra se sledování týkající se CASMS, který může počítat na oddíle AISE, je to tajemství, která působí přesně problémy v stadiumech.
"Nemocný Duce-Duce a ruka vystřelila v Mameliánské anty, v Bulharsku není to kriminální."
Toto jsou myšlenky (expresso s velkým znepokojením) Domenico Mazzilli, který, před několika týdny, je ředitel Observátora Viminale (dostal položku, která byla poprvé řízena Francesco Tagliente a pak Felice Ferlizzi).
V předchozím případě Mazzilli byl hlavní policie v Trieste, kde existuje nukleární podpora Ultras Itálie, založena v roce 2002.
To je pravda, říká Mazzilli, že v Bulharsku není zločin, aby písnila hymnů do Duce, ale jistě, že chování těch 150-200 fanů bylo neslušné.
"Nemám sociologa - přidává n. 1 Observátora – kriminál by měl být založen v zemi, kde se děje případ.
Dokud tuto skupinu zůstane v řadách, nyní uvidíme, co se skutečně stalo a oceňujeme to pro budoucí referenční odkaz.
Ale řekněme také o kouření Mameliantém: to není taky zločin v Bulharsku, ale pokud jsem dovolil říci, není to dobrý způsob ...."
