(笑)
參議院議員( MWP) 係威爾斯議員(Member of Welsh)。
(笑)
連續( C)
(笑)
語言( I) :
連續( C)
連續( C)
(笑)
(英文: )
2017年9月,威爾斯政府法案提出名(A) 。
(2006年6月)
(2006年)
參議院議員提議( A) :
連續( C)
連續( C)
(英文)
當日( U) :
國會議會({{bd_BAR__BAR__BAR__BAR_}}{{bd_BAR__BAR__BAR__BAR__BAR__BAR__BAR__BAR__BAR__BAR__BAR_}}}{{{bd_BAR__BAR__BAR___BAR__BAR___BAR___BAR___BAR__BAR___BAR___BAR_____BAR_____BAR_____BAR_}} ~ ~ ~ ~ ~ ~ ~ ~ ~ ~ ~ ~ ~}}}}}}}{{{{_BAR_BAR__BAR_____BAR_____BAR________BAR_________BAR________
阿蒂安(Ateena)係北極名。
(笑)
(笑)
(英文)
(笑)
(笑)
(笑)
(笑)
(笑)
(英文)
(英文 )
(笑)
1870年同星期以及星期一之前,幾個教堂建立咗白人教會。
1930年1月1日,起始白方式集團變化。
(笑)
聖馬丁士(St. Martins) 喺黑色牧師John Howard Johnson指導。
1939年,火花落下降,建筑很糟糕。 當佢嘅父約翰森的教會計劃重新建立,佢們就要用電影遊戲。
聖馬丁士爵士( P) :
7月12號,客人叫做“文化學”同“非歷史”
米奇根大學專家提芬尼·Ng 也注意到世界上第一次黑色演奏遊戲。
{\pos(190.402,228.833.833)}《圣马丁斯》上情提要
(英文)
(英文) (英文) (英文)
(笑)
喺加利福尼亞州13 歲。
(英文)
(笑)
查德·哈米爾( 查德·赫米爾 ) 係サン·戴根·KSWB-TV 。
(笑)
殺了我 !
(笑)
(笑)
(笑)
來源 :
(英文)
吉爾斯...
法官大臣關聯聯邦調查局(Casablad's Ponto Beach from Ecinis Swami) 關於48個研究及安全性。
吉爾斯注意(Giles ) :
(英文)
(笑)
喺英國嘅2,8億美金嘅美式工程度嘅旅程。
(笑)
索斯bury( Sainsbury) 宣布自己嘅美人工產品(W) 兩次兩千件品, 包括Revlon, Essie, Tweezerman同 Dr. PawPaw。
像 L'Oreal, Maybellline, 和 Burt's Bees , 以及各種生產品類似的樣子。
超市( supermarket) 又來自Boutique-mechanism 。
另外一個喺南倫敦開發(Frangrance Shop)。
(笑)
(笑)
兩年前,Sainsbury’s 開發了一百個「Argos」同「Habit」投資。
當時( U) :
(Sainsbury's) 喺2004年開始, 與Bots同社會上試過,但同事結束於超市中有多久。
新政策(Sainsbury) 喺2006年嘅「Lloyds Pharmacy」嘅財產商業。
公司提到Lloyds有一部分計劃。 每次第四次投資嘅資料都要延長( LRO-Posay) 和Vichy(V)。
(Sainsbury) 保羅·米爾斯·希克斯商人說:
(笑)
(笑)
Peter Jones (英文)
{\pos(192,245)}《德拉戈斯·丹》,彼得·乔恩斯去了「海軍」 , 哈利·威利·布朗比 , 與他的生活 style 合同 11 億美金 , 與馬克斯和斯普斯 和ITV 。
(笑)
(英文)
今天早上 37 歲嘅旅客喺印度格式發行。
哈利·威尔沃比(Holly Willoughby) 作為《德拉戈斯·丹》(Peter Jones) 喺最後一刻發生的生活方式(ItV)。
來源於Jones(Facebook ) 發行: 《火車》前情提要(Facebook )
公司比賽(Gwyneth Paltrowin Goop) 數字。
37岁,威尔沃比喺印度出發,約翰斯從英國飛行。
(笑)
(笑)
當然...
(笑)
當然...
(英文)
來源 :
(英文)
威爾沃比喺2016年同埋52歲嘅首相。
約翰斯有40% 巴德文電影公司。
威廉比(Willioughby) 從M&S新來源, 代替Ant McPartlin's I'm A Celebrity ITV 。
(笑)
列印( U) :
(英文)
為什麼... ?
聲音( U) :
"我沒給任何人..."
(笑)
當然...
6月至3个月,北朝鮮大區(Rich Yong Ho)係美國大樓,北美國人口普查「北朝鮮嘅反應」。
(笑)
(笑)
(笑)
{\pos(190.402,228.833)}《北朝鮮戰爭》
數值... ...幾百万人都會死去。
(笑)
(英文 )
(笑)
"很容易是总统,但是... ...... 除非这次制服... .....................................................................................................................................................................................................................................................................................................................................................................................................................................................................................................................................................................................................................................................................................................................................................................................................................................................................................................................................................................................................................................................................................................................................................................................................................................................................................................................................................................................................................................................................................................................
(英文)
比如... 洛博克地區( Lombok)
當然( U) :
(笑)
當然( U) :
(笑)
(英文)
(笑)
(笑)
(笑)
傳輸 :% 1
喺2006年起, 喺2006年起, 喺2006年起, 喺2006年起。
(英文)
(笑)
(英文)
基督徒同博物館發生了五次線,度度同其他原始武器。 此事由超過1000人死亡,10000個人都會離開自己家。
(笑)
丹尼爾·史特里奇在倫敦地下89分鐘。
星城( Sturridge) 喺27 頭上有一間Xherdan·夏克里爾出身。
倒數( U) :
角度( E) :
(笑)
(笑)
(笑)
CHelsea喺25 分鐘內喺Belgian Eden Hazard 當中獲得1-0分鐘。
藍色( B)
來源 :
(笑)
(笑)
利弗波爾({{bd_BAR__BAR__BAR__BAR__BAR__BAR__BAR__BAR__BAR__BAR__BAR___BAR__BAR__BAR__BAR__BAR__BAR___BAR___BAR___BAR___BAR___BAR___BAR___BAR___BAR___BAR___BAR___BAR____BAR___BAR_____BAR____BAR______BAR______
查西亞喺歐洲電影片約15分鐘。
印度人口死亡數值 832 到死者。
印度人口病毒(Indonesian katastrofe virus)喺832年起起生生存。
官方介紹所(Sutopo Purwo ) 提醒了,幾個人都在10月建築,7,5位大陸大陸,即係6米恐怖。
羅馬建築片,大約380 000 。
警察在32 歲 當然在殺害中... ... 當然...
(笑)
44歲女在約翰街上發現了7.55度格雷森梅西。 殺害犯是32歲。
(笑)
法官大人 布萊恩·奥哈根 說: 「當然在原始人,但... ...我... ...我... ...在伯肯霍克街附近... ...... ...... .............................................................................................................................................................................................................................................................................................................................................................................................................................................................................................................................................................................................
(笑)
(笑)
(笑)
(笑)
(笑)
(笑)
(笑)
(笑)
當然...
(笑)
2 個月,另外三個.
(笑)
每個人都知道有什麼東西要送到 @MerPolCC , 打电话 101 或叫 Crimestoppers 號碼 0800 555 111 使用247年9月30號。
(英文)
(英文)
(笑)
約翰·戈爾斯密斯爵士(Cromell ) 說: "如果是,我們不必去消去路上的地方,就要是在Westminster's Background of Oliver Cromwell的路上。
語文( I)
(笑)
威廉·哈莫·索尼克洛夫爵士(William Hamo Thorneycroft)(Cromwell)表明1800世紀嘅思想。
Goldsmith(The Sunday Telegraph)({{bd_BAR_1900年_BAR_8月18號_BAR_8月18號_BAR__BAR__BAR__BAR__BAR__BAR__BAR__BAR__BAR__BAR__BAR_}}[[[[[[[]]]]]]][[[[[[[[]]]]]]]][[[[[[[]]]]]]]]][[[[[[[[[[[[[[]]]]]]]]]]]]]]][[[[[[[[[[[[[[]]]]]]]]]]]]]]]]][[[[[[[[[[[[]]]]]]]]]]]]]]]][[[[[[[[[[[[[[]]]]]]]]]]]]]]]]]
(笑)
當然,至少1600年代半世紀。
(笑)
(英文)
(英文)
片名: "Ya" (英文: 英文)
2005年5月30號,西班牙人口普查。
(英文)
(笑)
(笑)
新增(N)
古 Yang Evening News({{bd_BAR_1970年_BAR_1月1日}})
監控照片( I) :
(笑)
(笑)
片名( I) :
(笑)
(笑)
2016年,佢同丈夫喺馬薩修士州逃跑。
10年前,約300英里,佢喺威爾斯利亞的旅客反抗,直到妻子失去動物的道路。
喺2012年生存者生存生存者(Orgonian ) 發生了食物。
(笑)
(笑)
(笑)
(英文)
(笑)
(笑)
羅斯風速係38 米 , 或者一位同時期 , 從東南的時候 , 到620 公里到墨西哥海岸。
紅色( R)
(英文)
約200公里。
當時( U) :
地元 25-100 毫米 數量 當中有危險。
深度地震(B) 值50-75 毫米,尤其在尼瓦達同阿里斯利亞。
相當地區,尤其是Arizona 等待到50-100米。
(笑)
(笑)
來源( C) :
到南部( N)
10 毫米 值得可以 , 引起低限制度 , 和 低下位位位位位位位位位位位位位位位位位位位位位位位位位位位位位位位位位位位位位位位位位位位位位位位位位位位位位位位位位位位位位位位位位位位位位位位位位位位位位位位位位位位位位位位位位位位位位位位位位位位位位位位位位位位位位位位位位位
(笑)
(英文)
數字( C)
(英文)
當時( U) :
(英文)
國家城市, Missour, Omah , 尼布拉斯卡 , 聖路易斯 和 約翰·德·莫伊斯 之間有約20度温暖化機器。
深度( E) :
星期一( N) :
纽约温度可以下降 + 26 度 , 約 4 度 更深度 。
(英文)
約20万英镑 約Brett Kavanaugh 聽到Bret Kavanaugh
至少20百万人,喺1980年代起立性交易所提出咗證據證據。
{\pos(191.4,219.2)}校对:
福德提出: 公主( F) 校對: 校對:
卡華諾( C)
大概20.400万英镑。
公司提供CBS , ABC , NBC , CNN , Fox News Channel 及 MSNBC 通道
{\pos(191.4,219.2)}同樣的其他機會傳送通道 , 比如PBS, C-SPAN 及 Fox Business Network 數據來源 , 以及Fox Business Network 。
(笑)
相關數字( A) :
電視公司(Fox News Channel, Fox News ) 數字(Fox News Channel) 係電視公司嘅最大嘅監督。
ABC 數到3,26 億
尼森提到CBS 數到3,1 億,NBC 2,94 億,MSNBC 89 億, CNNN 2.52 萬
聽到( U) :
(英文)
CNN同CBS嘅摄像头提出了多大聲音叫佢為何時候候選舉。 國家共和國際部門提出為Kavanaugh嘅聲音。
CNN 顯示是... ..
(笑)
{\pos(190.402,228.833)}你認為他是對的話嗎?
(笑)
(Flake)(Flake)係官方介紹所。
(笑)
(笑)
(笑)
(笑)
(笑)
{\pos(190.402,228.833.833)}總統 開啟聯邦調查局的原因
英國首相( M)
{\pos(192,245)}Theresa May 校長 校對:
2018年9月29號,英國首相 Theresa May 喺英國會議員。
(英文)
威伊德·西姆斯 打撃 : 警察逮捕Dyteon Simpson 失踪 LSU 玩家死亡
警方喺LSU失控。 20歲。 威伊德·西姆斯死後。
20歲,Dyteon Simpson 被逮捕、被捕。 根據Baton Rougen警察局,佢被另一步殺害。
官方公共( I) :
{\pos(190.402,228.833)}警察找到了目标 {\pos(192.833)}發現了一件事 {\pos(190.402,228.833)}你說 WAFB
警察說...
當然,他對付了350000美元。
(笑)
聯邦调查局(FBI) 請求聯邦調查局(FBI) , 聯邦调查局 , 聯邦调查局 , 南部大學 , 國家 , 住民 , 保留 研究 , 幫助 。
LSU( I) 校長( I)
西姆斯 20歲。
(英文: LSU)
他寫入5.6 點陣, 2.6 位元於最後一條路上。
(笑)
(笑)
(英文)
(英文)
183年2月,墨西哥嘅天主教經典建立咗民間人,喺大約30歲。
語文( I)
片名( M) :
2017年9月7號,幾何英里,幾何英里都喺墨西哥拉維斯7,1英里。
1994年,唐·戈伊名叫做「火獄」。
預覽列印( W)...
喺巴塞羅尼亞( ? )({{bd_BAR_BAR_BAR_BAR_1999年_BAR_BAR_1999年_BAR_1999年_BAR_2018年_BAR_BAR_2018年_BAR_2018年_BAR_20月1日})
(英文)
(笑)
(英文)
(笑)
喺10月1日,馬drid宣布無法。
聲音( U) :
根據Catalan 官方指揮官(I) , 喺昨年暴力交易中, 約1000人 。
(笑)
(笑)
Narcis Termes , 68歲嘅電子機器人 , 。 。
(笑)
(笑)
(英文)
約翰·波吉(Joan Puig), 42歲嘅墨西哥哥(Joan Puig)。
(笑)
星期一( U. J.) 喺19年研究中,第9年起於カトロニア人指揮官,佢第一年參加歐洲議會。
(笑)
倫敦 :
33,34,39歲。當車發現到倫敦的房子。
約19: 30 英國時候, 以Ballynagard克里斯汀州議會發展。
(笑)
連續( C)
Livingston 贏了 蘭格爾斯 1-0 個月
(英文)
蘇雅諾斯頓(Sarjanova )係蘭格爾斯, 係Steven Gerrard,另一位首席主任伊布羅克斯爵士長18年2月18號。
(英文)
(英文)
(笑)
倫敦( U) :
(笑)
(笑)
(笑)
(笑)
(笑)
蘭格爾( Rangers) 係「利文斯頓」的自由地區 , 由Declan Gallagher同羅宾森救了「曼加」的地方。
(笑)
片名( F) :
(笑)
片名 :
片名 :
BBC 斯科蘭尼亞( Alasdair Lamont Tony Macaroni )
來源 :
(笑)
當時( U) :
數字...
(英文)
(笑)
(笑)
最後一個項目( ) 返回( T) , 以後( T) 開啟家( T) 之後( T) 。
來源 :
海米(Hymy) 喺柏林大陸發現(9月29號)。
(笑)
(笑)
(笑)
城市( U. S.)
警察在25,000名目前提到莫斯科。 安排安全局。 當然,總統有很多支持。
(英文)
(笑)
{\pos(190.402,228.833)}在德普福德的未來
倒數 1 號 , 2 個 號 , 3 個 號 , 3 個 號
(笑)
傳輸 :% 1
幾個月前,第二個巡回人死在芝加哥街... ...... ......................................................................................................................................................................................................................................................................................................................................................................................................................................................................................................................................................
(笑)
語文( I)
倫敦 :
(英文)
喺Worcestershir中,英國時候開始到9:30 。
(英文)
(笑)
(英文)
數字 6 個 個 · · · · · ·
(笑)
(HMP) 洛杉矶监狱里有超過500 囚犯,包括有一部分危險犯罪。
(英文 )
(笑)
羅斯( Hurricani ) 喺芬尼克 , 拉斯維加斯 , 和 Salt Lake City 。
(笑)
國會服務已經提醒到每個月同時,從南亞、東北北部、北北京、北京、Utah、Foenix、Flagstaff、 Las Vegas、Salt Lake城市。
(笑)
菲尼克斯國會服務令佢喺ツイート。
1967年,卡特琳娜在阿里奧尼亞區約65公里。
國家海岸最大嘅模特兒係提前50-100米。 數字係Arizona可以到達150米。
另外一個地區,包括中間水平同大基地數到 25-50 毫米。 地方可以達到100 毫米。
(笑)
當時( )
美國方式(A) 係約40% 到達至Arizona 至少係第二位高級, weather.com 發生。
(笑)
星期一,羅斯位置係620 公里南歐文。 光速於135 公里。
(英文)
(笑)
墨西哥( M) :
「カリフォルニア的不同信任級數值值75-150 毫米,甚至250 毫米可能」 (weather.com)
(英文) (英文)
(笑)
(笑)
關於4個殺人事件( A)
16歲生後,佢喺湯姆塞特出現。
(英文)
(笑)
警察在17歲,18歲同20歲。
{\pos(190.402,228.833)}警察要不要接触任何人 當然有機會通過通訊錄
(笑)
(英文: )
(笑)
卡華諾( Kavanaugh ) 證明到會議前, 口語很強, 感覺到克里斯汀·布萊斯伊福德(Krisine Blasey Ford)的罪過。
連續( C)
(英文)
(笑)
(英文)
(笑)
(笑)
(笑)
(笑)
(英文)
(英文)
官方報名叫做384個大陸,同埋索拉威斯城市。 多數人都喺索拉威斯城。
(英文 )
土耳其7.5 。
(英文)
「土耳其不同,但是,他帶車, 木屋, 屋子, 房子 , 。 。 。
(笑)
約16,700名人口,以24分鐘。
片名({bd_BAR_1988年_BAR_1月2日}}({bd_BAR_1988年_BAR_1999年_BAR_2018年_BAR_2018年)
連續( C)
當然,當地有2.400萬人。
(英文)
(笑)
核心指數( N) : 破滅” , 叫做1000 個包, 醫生, 病人, 病人 , 病人 , 病人 , 病人 , 病人 , 酒店 。
佢說過,有幾個身體發現,其中有一種建築。 加入540人都被傷了, 29人都在底下。
ヌグロホ說,死者同危險可以係北極的300公里。 唐格拉州名稱係中間。
信件名稱( N) :
紅色十字架指示(A) :
(笑)
(英文)
(笑)
(英文)
連續( C)
當地( U) :
(英文)
連續( C)
(英文)
數到800。
還原( R)
(英文: 唐格拉)
(笑)
還原( R)
語文( I)
(英文)
還沒有( N)
(笑)
(笑)
(英文)
(笑)
(笑)
(英文)
(笑)
(笑)
遺 Do( Gendo ) 說: 當然,你想為止, 參議院會議員(Phue) 喺WhatsApp(W) 之後,新約Roa Roa - Hotel(W) 之後, 參與聯邦議員。
當然, 只要 1 個 3 個字符 於 2 個 個字
(笑)
保險箱帶 26 750 美元 銀行自動補完 到新港在Leve
華特喺星期四到26.750美元,從Brink's 保安局長達達,喺新港嘅银行車上完成。 關於Nuport警察局。
查理 Dennis McCarthy 宣布( I)
(笑)
(笑)
有人在859-292-3680 請通訊
語文( I)
(笑)
(笑)
(笑)
語文( I)
(笑)
(西)
(西)
(笑)
(笑)
專輯是...
(笑)
(Sean Combs ) 叫做Puff Daddy , P. Diddy 或 Diddy 或 Diddy , 名稱叫做「Love」同「哥哥愛」(B)
西班牙語: 日本語字幕组=- 翻译:
墨西哥( M) :
墨西哥總統( Andrew Manuel Lopez Obrador ) 答應,佢從來沒有用軍人民。
片名:
1968年10月2號,住居居居居居住,至少殺了300人,左右學生喺拉丁文美國。
(英文)
(笑)
來源 :
(英國)
(英文)
因此,中國喺2030年開始開始嘅計劃。
(笑)
(英文)
本《大國家》({{bd_BAR_1998年_BAR_2018年_BAR_2018年_BAR_2018年_BAR_2018年_BAR_2018年_BAR_20月)),佢喺英國、西利康瓦利、新世界秩序發行({{bd_BAR_1998年_BAR_1999年_BAR_2018年_BAR_2018年_BAR_2018年_BAR_2018年_BAR_2018年_BAR_2018年_BAR_2018年_BAR_2018年_BAR_2018年_BAR_2018年_BAR_2018年_BAR_2018年_BAR_2018年_20月]}}},英國國國大國(英國),英國、西方國華民國、英國、英國) 及新國地區(NL) ),佢喺1998年_BAR_BAR_BAR_BAR_BAR_BAR__BAR_BAR___________BAR__BAR____BAR_BAR__BAR_BAR_BAR_____BAR_BAR_BAR_BAR_BAR_BAR_________BAR_BAR___BAR_BAR_BAR_BAR_BAR_BAR_BAR_BAR_BAR_BAR_BAR_BAR_BAR_BAR_BAR_BAR_BAR_BAR_BAR_BAR_BAR_BAR_BAR_BAR_BAR_BAR_BAR_BAR_BAR_BAR_BAR_BAR_BAR_BAR_BAR_BAR_BAR__BAR_BAR_BAR_BAR___________________________________________________________BAR_______________BAR_BAR_BAR_BAR_BAR_BAR__BAR_BAR_BAR___BAR___BAR_BAR_BAR_BAR_BAR_BAR_BAR___BAR____BAR_BAR_BAR_BAR
1980年1月,佢喺Carnegie Mellon大学發展,喺美國最高嘅「Othello」演員。 以後,佢作為Microsoft Research 校對同Google 印度作家。
讀( ) 係美國主管(A) 以及Agency's Robotics Challenge。
(笑)
(笑)
(2006年)
(笑)
(笑)
2017年7月,中国國會議員。
(英文)
(英文)
[DARPA] 今天月,$2 billion 向前名叫做AI 。
NSF 每年100 億 美元。
(英文)
國家名稱( N)
馬克多尼亞人投票名叫做「北馬克多尼亞」(Nord-Macedonia)。
馬克多尼亞國家名稱(Euragean)係北北朝鮮嘅名稱。
(英文)
總統Gjorge Ivanov提到國會議員沒有投票,而且反抗議會起議會起議會,即係否要到50%的時候。
聲音論( U) :
佐拉大臣( U. S. )(A. )
「今日,我來投降我們的國家,為了馬德尼亞年輕人,為咗他們可以住喺歐洲國會的自由,因為它代表我們最安全的生活」 (79歲)
片名:
名稱需要兩次第三位( ) 。
根據中間區域( A) :
音响效果(A),但是16歲。2016年,總部總統34%,後來係66%的聲音權。
「我來為了我兒子,我們在歐洲發音」
2018年9月30號,馬克多尼亞首相佐拉拉·扎伊夫,佢妻佐瑞克同佢兒子 Dushko投票於馬克多尼亞國會。
54歲。Vladimir Kavardarkov做咗個小船,並且建立了國家的投票。
(笑)
(笑)
除非他們不想帶我們到馬克多尼亞。 。 。
佐夫大臣(Zaev)宣布 NATO(I) 嘅投資資家(I) 於馬克多尼亞(I) , 以及未職業(I) 更多20%。
「我相信我們的國家超過80% 與 NATO」
(笑)
馬克多尼亞政治學研究所(Makedonya) 喺月份宣布。
在第二個問 57% , 喺墨西哥語節目發行中... ...
當然, 70% 說他們的聲音是... ...對,對,對,對,對,對,對,對,對,對,對,對,對,對,對,對,對,對,對,對,對,對,對,對,對,對,對,對,對,對,對,對,對,對,對,對,對,對
為止,人口調查局得更加50% 。
(英文 )
(笑)
塞古·阿加羅(Sergio Aguero, Raheem Sterling) 喺曼切斯特城市2-0區,喺曼切斯特州。
阿加罗有65 分鐘 , 發現了一點... ...
片名 :
(笑)
當然,你認為4個綠色周圍(Aguero) 。
(笑)
當然...
(英文)
市長( U) :
"我們說他會玩55 或60分鐘
當然...
(笑)
(笑)
數到29分鐘
(笑)
(笑)
語文( I)
語文( I)
城市附近喺德國中華人民共和國12:55 。
關於( A)
國家國家( N) :
(笑)
洛克斯最少5-2號,喺國家半夜獲得,但還在第一次分離。
(笑)
(笑)
國家( Nationals) 未來發行,但是...
(笑)
华盛顿右手玩家在這艘船上有18-7票/船站。 ERA 站在2,53 ,他就要下降了300次,有220 2/3。
東部( N)
(英文)
(笑)
(笑)
(笑)
(笑)
(笑)
當然... 當然... ... 當然...
(笑)
(笑)
(英文)
「你記得他的答案嗎? 」
您有執行 ‘% 1 ’ ?
嗯,嗯,嗯.
(笑)
連續( C)
除號 [/]
(笑)
(笑)
(笑)
(笑)
歐洲安全 歐洲(Europäia) ,同樣嘅物件(Jeremy) 相同經理(I) 。
(笑)
(笑)
(笑)
(笑)
(笑)
(笑)
當然...
(笑)
(笑)
(笑)
(笑)
當時( U) :
(笑)
{\pos(190.402,228.833)}但不是因为我去政治家的原因
直到我約 32年前研究室(A) 成立大臣(A) 以及首相做得更好的公共服務(A)。
(笑)
(笑)
(笑)
(笑)
(英文)
艾爾 - 梅洛西 38-17: 未勝利 伊爾 機器
(英文)
既然在10 之一 之一 之一 之一 之一 之一 之一 之一 之一 之一 , 之外 1 , 之一 , 之一 , , , , , , , , , , , , , , , , , , , , , , , , , , , , , , , , , , , , , , , , , , ,
(笑)
(笑)
米洛森·羅比·克里斯 說: 「全愛艾爾... 他們有更多的危險」
阿爾去到14分鐘,由格拉特·安德森發行,同Frazier Climon成功,但是華雷斯船長,羅伊·赫格斯船長,可以起床,Jason Baggot做個羊肉。
Climo增加Air(Air),而且直到半分前,佢做了一只牛肉。
馬爾羅斯(Melrose) 開始一位「帕特里克·安德森」, 其中一個「帕特里克·安德森」
(笑)
{\pos(190.402,228.833)}艾瑞船長布萊爾·麥克菲爾森有一張信號 以後Melrosen Bruce Colvine做了一件事
之後,家屋({{bd_BAR_1993年_BAR_2018年_BAR_2018年_BAR_2018年_BAR_2018年_BAR_2018年_BAR_2018年_BAR_2018年_BAR_2018年_BAR_2018年_BAR_2018年_BAR_2018年_BAR_20年_BAR_2018年_BAR_2018年_BAR_2018年_BAR_2018年_BAR_2018年_BAR_2018年_BAR_2018年_BAR_2018年_BAR_2018年_BAR_2018年_BAR_2018年_BAR_2018年_BAR_2018年_BAR_2018年_20年_20年_BAR_20年_20月2月1月2號_BAR_20年_BAR_20年_20年_20年_BAR_20月2月2月2月2日_BAR_BAR_20年_BAR_20月2月2月
克里モ( C) 成功了。 比如前情提要。 凱爾·羅伊 獲得大衛·阿姆斯特朗。
星座( S) :
(笑)
56歲嘅視台係Jack Jarvis(BBC)。 關於格雷格·赫菲爾(Greg Hemphill)。
(英文)
(英文)
(笑)
(笑)
片名:
(英文)
(笑)
(笑)
1800年生存中,ボリビア人記憶(Chile)喺1800年生涯中發生過來嘅資源。
(英文)
(笑)
(英文)
(英文)
(笑)
(笑)
(英文)
ICJ( I)(I)(I)(I)(I)(I)(I)(I)(I)(I)(I)(I)(I)(I)(I)(I(I)(I)(I)(I)(I)(I)(I)(I)(I)(I)(I)(I)(I)(I(I)(I)(I)(I)(I)(I)(I(I)(I)(I)(I)(I)(I(I)(I)(I(I)(I)(I(I)(I(I)(I)(I)(I(I)(I)(I)(I)(I(I)(I)(I)(I(I)(I)(I(I)(I)(I)(I)(I(I)(I)(I)(I(I)(I)(I)(I(I(I)(I)
另外4年(A)
(笑)
(笑)
(笑)
1962年1月2日,每個國家都沒有另一件大約。
(英文) (英文)
國會喺Bolivia發生了139年。
卡爾薩德(Calzad) 係一位拉丁美國總統的莫拉爾斯。
(笑)
(笑)
北朝鮮( N) :
北朝鮮( ? )
(笑)
(英文)
(英文)
(Ri) 叫做「每年夢」,佢認為英國會繼續參與北朝鮮戰爭結束。 (笑)
(英文)
(英文)
(笑)
(英文)
(英文)
當中... 當然...
Valentino同Thom Browne建議員發現了一部「SS19」嘅特殊部門。
(英文)
(笑)
其他人住在水中... ...... 當然... ... 當然... ... 當然...
(笑)
(笑)
(笑)
(笑)
連續( C)
(笑)
片名( I) :
黑色黑色嘅白人手指向黑色指輪片片(A)係日本日本(I) ,日本(I) ,日本(I) ,日本(I) ,日本(I) , 日本(I) , 日本(I) , 日本(I) , 日本(I) , 日本(I) , 日本( I) , 日本( I) , 日本( I) , 日本( I) , 日本( I) , 日本( I) , 日本( I) , 日本。
校長( I)
(英文)
學校細部學習結果係一樣好好,而且喺2018年發展過好多嘅經驗。 進展係一個人同共產黨嘅進展,或者音樂同其他共產黨。
斯科蘭人口係超過30000年學校。
(英文)
(笑)
Nelson 曼德拉說: "如果你跟人說話...
(笑)
(笑)
每年( N)
68%(A) 學校長至高數字 A 。
機器在74 SCIS學生發現。 機材基於根據原理發現,最佳值 A ,72% 學生喺馬丁中文學。 72% 喺德國學習,69% 學習法語。 63% 學生在西班牙。
呢? ? ? ? ?
音樂( 語: 自由嘅) 材料( U) , 係自然科學(科学,技術,工程 , 数學) , 以及其他學習同其他人。
2014年,英國職業職業(Ison-Britian) 發明了17%嘅情況。
(笑)
(笑)
(笑)
語言( I)
2013年,YouGov 校長(UuGovin) 係約4,000 以西班牙文大約75% 。
(笑)
(笑)
(笑)
學校群組喺國際語。2020年,以馬丁、日本。
語言( I)
(笑)
(笑)
当前( U) :
學校長( U) :
當然...
約翰·埃德華( John Edward)
{\pos(192.5,268.833)}萊布朗在聖地
(笑)
(笑)
(笑)
威爾頓·拉克斯公民網站(Walton Lakers) 說:
(笑)
(笑)
(笑)
{\pos(191.4,219.2)}西威爾金加拿大時 YouTube 機器
(英文)
(笑)
聲音( A) :
(笑)
2018年9月29號,西維吉尼亞威士忌事件開始。
(笑)
(笑)
(笑)
(笑)
(英文: )
呢個地方喺Wesbanco Arena喺Wheeling。
2016年1月2號,土耳其第二個客人喺西維吉尼亞州。佢喺2016年獲得超過40%。
{\pos(191.4,219.2)}翻译:
(笑)
2018年Ryder Cup: 美國人群組 顯示戰爭 , 當初願望在星球上面等等
(笑)
(笑)
當時( U) :
(笑)
歐洲(E):
(英文)
(笑)
(笑)
(英文)
(笑)
只要...
倒數 18 個
唯一嘅玩家(Speith ) , 其中兩天(Thomas ) , 叫做Ryder Cup(Franscot Molinari ) 和汤米·弗雷特伍德(Francco) 。
歐洲( A)
摩利伍德(Moliwood)係唯一兩個人。
發射( 英文 ) 之後({{bd_BAR_1999年_BAR_1999年_BAR_2018年_BAR_2018年_BAR_2018年_BAR_20月1日})
每個都有...
歐洲( E)
(Bobba Watson同Web Simpson )
1 個神與2 個土耳其人口普通9 。
當然...
四分之一( ? )
歐洲比賽比賽更好(Europäia) 以此為(I)。 。 。 。
歐洲喺10-6天前獲得Ryder Cupe 之前( T)
歐洲喺美國10-6區發展之前喺4月4號。
湯米·佛萊特伍德(Françoisco Molinari)(Francescotch) 獲得兩個勝利,今今日獲得4個牌牌, 由Le Golf Nation。
歐洲半號(Thomas Bjorn) , 當然有兩年前。
(英文)
吉姆·弗瑞克半號需要8分 到12 點到二分之一。
Fleetwood(Fleetwood)係第一個歐洲創始者。
伍德斯和帕特里克 Reed(A) 第一季 第四集 , 以及後,他們最近喺伍德斯同美國初始主任Bryson Dechambeau 更少5-4 。
伍德斯(Woods),其中一天都有兩個旅程。
贾斯汀·罗斯下午4時落下4個球,但是亨利·斯坦森與4個遊戲。 當然,2-1號 Dustin Johnson 和 Brooks Copka,第一、第三。
歐洲( J)
(英文)
他們喺西班牙人Jon Rahn和Ian Poulter中獲得2-1 ,然後4-3 勝利波爾特同羅莉·麥克里羅伊中國際象征,但第一次兩個逃亡。
片名: 瑞德·库普歷史(Ryder Cup) 只有二次 起源於四分之一, 既然弗瑞克也有兩次遊戲, 為了保守無力。
當時( U) :
北朝鮮( N) :
北朝鮮大臣( 英文 ) 係美國人口普通發展。
(英文:) (英文)
(笑)
(笑)
(笑)
利(Ri)喺星加坡12.6年首席美國總統、北朝鮮嘅總統。
1950–1953年北朝鮮戰爭,但美國要求 普朗根吉先退出中。
(英文)
(笑)
(笑)
(笑)
(笑)
另外,首相提到三次次次次次次次次次次次次次次次(Muon Jae)(Muon Jae)。
(英文)
昨年 Trump 叫做「北朝鮮完全」,而且  trump 喺此年就要到北朝鮮發展。
中周(Trump) 提醒了: 「如果有兩年,3年或5個月,因為沒關係」
(英文)
至少美國外部總統Mike Pompeo 提出英國安全委員會為「保安委員會的建立將將將繼續強大、失败」
安全委員会喺2006年從北朝鮮發展中發展。
Pompeo喺北朝鮮市區聯盟。
(英文)
片名( I) :
北朝鮮( N) :
(英文)
語文( I)
哈佛大學( Harvard Universal ) 所有學生都會分享到今年度,為咗加入學生。
(笑)
查爾斯 ・ チェイス勒科學教授(Harvard Universal Medical Institute ),喺英格蘭同Women病院工作中,認為佢第一次罪犯。
(笑)
(笑)
(笑)
第一次( ) 於今年({{bd_BAR_1999年_BAR_180})
哈佛大學學生教授(Harvard University) 校長( U. S. M.) 保羅·巴雷伊校長說學校長(A. M. Barreira) 校對:
語文( I)
片名( I) :
相關( A) :
語文( I)
(笑)
(笑)
(英文)
(笑) (笑)
瑞蒙德·索(Rymond So),19歲,中情科學學生。
(笑)
(笑)
チェイスler教授建議學家提醒「起床」(A) , 記錄:
波士顿 1 - 0 角度: 曼根湖 勝利器 勝利 :
Steven Gerrard同Rangersit又試過一遍, Dolly Mengan 發現了一點到 Livingstone 1 到0號發音。
伊布洛克斯(Ibrox) 遊戲中獲得第一次勝負,4至1個遊戲。 加利·霍爾特群組喺Hearts嘅第八次選舉。
曼加( M) :
蘭格爾斯來自6個遊戲。 麗文斯頓在3位, 至上面只有希伯尼亞。
(笑)
加拿大( G) :
霍爾特喺英文 11 。
(笑)
莉文頓( Livingston) 已經有機會獲得地點兩分鐘, 當中Mengan第一個項目係Scott Pittman 為了艾倫·麥克格里格爾的自由路。 當然,Pittman 沒有用機會。
(笑)
(笑)
阿爾佛羅斯( Alfredo Morellos) 需要提醒,5分鐘後他和Steven Lawless 結束了,但是法官Steven Thomson留下大學的要求。
蘭格斯成功試過兩個星期一。
當時第34分鐘前... 當然... ... 當然...
來源 :
(笑)
格雷拉德( G) 選擇改變Coulibaly , 叫做Ryan Kent 。 變更效果於Kent , 到達Morelos 。
莉文森( Livingston) 提醒咗: 請玩遊戲 , 叫做「Lithgow」 , 「Hackett」 , 「Litch」 , 「Litch」 , 「Hackett」 , 「Litch」 , 「Litch」 , 「Litch」 , 「Hackett」 , 「Litch」 , 「Litch」 , 「Litch」 , 「Litch」 , 「Litch」
(笑)
(笑)
底線 :
1882年9月30號,第二頁「Sunday Morning」(Sunday Morning)。 約翰威爾姆「Hans」Geiger,現代物理學家,今日生於德國136年。
(Geiger 發展)
1950年,羅伊·羅杰斯·達爾·伊文斯出演。
男: "這是什麼?
羅杰斯: "它是巨大的, 用來用放射性... ...
(笑)
(笑)
1945年生前几天。
(笑)
新增( N)
新增( N)
角度( R)
語文( I)
語文( I)
語文( I)
比如18個月以後,免疫系統學入侵。
數據機器( C) :
(英文)
HER2 (HER2) 係「人種生育」(Berzofsky教授) 。
相同接近(A) 。 。
(笑)
預覽列印( W)...
唐纳德·多姆皮(Kanye West) 喺2020年冒犯總統宣布。
(英文)
(笑)
(笑)
伊拉( Ilan) 由馬特·戴蒙提出Brett Kavanaugh法官。
(西)
(笑)
西方( 西) 係「西方」(O) ,而且「西方」(O)
{\pos(190.402,228.833)}我在逃跑後悔
(笑)
當然 !
(笑)
西方: "你要見面是什麼意思?"並說: "當時,你不能數到我所做的。
試過愛... 」
片名: 西文( 英文: ) 係西洋文章。
西班牙語( W. M. M.)
(西)
(西)
(笑)
"但是,我可以決定(OLA )(I)(I)(I)(I)(I)(I)(I)(I)(I)(I)(I)(I)(I)(I)(I)(I)(I)(I)(I)(I)(I)(I)(I)(I)(I)(I)(I)(I)(I)(I)(I)(I)(I)(I)(I)(I)(I)(I)(I)(I)(I)(I)(I)(I)(I)(I)(I)(I)(I)(I)(I)(I)(I)(I)(I)(I)(I)(I)(I)(I)(I)(I)(I)(I)(I)(I)(I)(I)(I)(I)(I)(I)(I)(I)(I)
當然...
(笑)
(笑)
(西)
(笑)
(英文)
45歲男子被殺案發生後,男子喺東柏法斯城。 (笑)
(笑)
宣告( C)
語文( I)
語文( I)
(英文)
(笑)
《土日 Times》(Harrington) 關於「小時候」(Harrington) 發現:
最近,英國嘅星球牌(Rose Leslie) 係「哈林頓」第31歲結婚。
(笑)
(笑)
(哈林頓)
繼續( O) :
(笑)
我覺得這是... ... 如何改變它?
(笑)
(笑)
9月,哈林頓({lang-en_BAR_Harrington}}({bd_BAR_1998年_BAR_8月)
(笑)
(笑)
羅斯·萊斯利...
2018年6月,巴黎喺斯科特家庭發行。
HIV/ AIDS: 新增中數到14%
HIV(AIDS)(中國人口調查到14% )
醫生指揮官指揮官: ウイルス在地下降到820万人。
2018年4月4號,至少40000件事發行。
(笑)
HIV( H) 於中國中有一部分 血流中中毒( HIV)
(英文: HIV)
幾年後( HIV 感染症 ) と AIDS( AIDS ) 數到1,000 。
(英文)
1997年1月,英國人口調查局(LGBT)係一般人。
在研究中,人口係當中,當時喺國家保留值70至90% 。
連續( C)
2003年以来,中國政府發誓喺HIV醫生一般關係解决問題。
麥斯·沃特斯( Maxine Waters) 提出「共產黨」的資料
(英文)
(英文)
(笑)
信息中情提要(S) :
(英文)
(笑)
片名( I) :
(笑)
(笑)
(笑)
(英文)
(笑)
(笑)
(笑)
除號 [/]
語文( I)
(笑)
弗萊切( Fleecher) 係指導「海軍反應」(A) , 法官大人 , 卡華諾( Kavanaugh) , 以及「大戰」的時候有罪。
(笑)
(笑)
(水中)
(笑)
(英文)
2003年開始,佢喺英格蘭嘅約翰·英格蘭發現,同時起重新起生於「Johnny English – New Advertising」(Johnny English)。
聲音( U)
(笑)
當然,這是一位秘密特工,但是2012年開發者,現象就變成分監督Clouseau,Beani,同埋一名未幸的一名議員。
(笑)
最近...
(笑)
Atkinson的物理學資產提供(Atkinson),但是毒品依然效果,尤其是因為「避免」嘅電影,比如007同危險的工作,可以提供喺今日嘅毒品中中間嘅內容。
(笑)
(英文)
(英文)
(英文: )
連續( C)
(笑)
(英文)
(笑)
(笑)
(英文)
英文(英文)同Bough(英文) 係同一條路路: 名叫做兩個, 叫做法國大樓, 叫做「大火」 , 叫做「Volta」同「Bough」(I) 。
(笑)
檔案( F)
(英文)
(英文)
(英文)
連續( C)
(笑)
來源( C) :
效果( E) :
上級級數字( U) :
(笑)
工業部門({{bd_BAR_1996年_BAR_2017年_BAR_2017年_BAR_2017年_BAR_2017年_BAR_BAR_BAR_7月4號_BAR_1月1日}})
未來( N) :
連續( C)
(英文)
{\pos(193,245)}麥克丹尼爾說他是有效的權力 還原於「無法離婚」 及「公共企業」
校長( U) :
佢也建立咗計劃(P) , 建立企業導入公司嘅職業主管, 建立包括財產資金, 為咗10% 個人部門嘅職業主管。 根據計劃,各個職業人數到每年至少500 英镑。
林德西·格雷厄姆和約翰·肯尼迪會議 60分鐘... ...聯邦調查局的研究... ...可能改變了他們的思想... ......
{\pos(191.4,219.2)}法官Brett Kavanaugh法官(法官) 校对: 法官Brett Kavanaugh 校对:
{\pos(192,245)}星期六日 , 斯科特·佩利 校長問官John Kennedy 和 Lindsey Grahamil , 可能是FBI能發現一些事情, 他們可以改變主意。
肯尼迪( )
"當然" 肯尼迪說...
我說過... ... 我和卡華諾州議員談過...
(笑)
(笑)
聲音( U) :
(笑)
"福德博士,我不知道怎麼了,但是... ...我知道...
(笑)
當然,這是36 歲。
(笑)
什麼是... ?
片名: 片名: 片名:
現在,全球引用 (Global Citizen Festival) 係10,000人 喺纽约中國北部嘅住民, 比如Janett Jackson, Cardi B, Shawn Mendes,但也要做真正的目標: 2030年到達。
2012年開始,全球引用 festival 繼續於《世界大戰》(Global Povaly Project),喺2012年開始起議會議員。
來源效果( M) :
(笑)
當然( U) :
2011年8月1號,全球引用 (詳情)
根據2030年以後,這些行事有約37億美元。
2018年1月,第390名單單單位同埋出版,其中有超過10億美元。
群組估計到... ...... 到此時... ...649萬人的生活。
比如英國人口調查局(The Power of Nutrition)(Island)(Island)(Island)(Island)(Island)(Island)(Island)(Island)(Island)(Island)(Island)(Island)(Island)(Island)(Island)(Island)(Island)(Island)(Island)(I)(I)(Island)(Island)(Island)(Island)(Island)(Island)(Island)(Island)(Island)(I)(I)(I)(I)(Ishow)(I)(I)(I)(I)(I)(I)(I)(I)(I)(I)(Island)(I)(I)(I(I)(I)(I)(I)(I)(I)(I)(I)(I)(I(I(I)(I)(I)(I(I)(I)(I)(I)(I)(I)(I)(I)(I)(I)(I
"英國政府、財產、國家政府、國家政府、以及你同樣世界國家嘅國家同時同埋,可以移至國際公共非法權及免疫故事故故事“(Power of Nutrition) ,喺2018年喺倫敦參議院制定。
包括英國政府(英國政府),為咗改善更多5000個行政。政府喺英國政府發行,主要負責抗議中,係Nutrition計劃, 為5百万母母子同孩子。
問問( A) :
グローバル的答案( I) :
(笑)
(Deborra-Lee Furness and Hugh Jackman) 喺今年,佢有個星球演員, 比如Janet Jackson(Jackson), 週, 肖恩 Mendes, Cardi B 和Janelle Monaee。
(英文)
片名: 華盛頓美國內閣(Whening Examiner)
辛克( Cinke)係俄國人活動, 以及法國政府宣言({{bd_BAR_1999年_BAR_2018年_BAR_2018年_BAR_2018年)。
"我相信是因为... ...在南歐之後... ...... 來源... .....................................................................................................................................................................在南歐洲..........................................................................................................................................................................................................................................................................................................................................................................................................................................................................................
連續( C)
(英文)
(英文)
(笑)
「伊朗同俄羅斯經驗機會(Iran/Russ ) 係更多或少嘅方法。
(英文)
為此效果(Trumpin)(Trumpin)(Trumpin)(Trumpin)(D)總統(Trump) 請求德國「無法」(Nordstream) 2號(Nordstream)投影片(P)(P)(P)(P)(P)(P)
莫斯科(Moscou) 重新按照北部2 發射程式(E) , 用於110 億6 平方米, 當中有效果的経済專案。
(笑)
(笑)
(英文)
德國工業中心,國會大陸,喺德國工業中心發展。
德國工業主席Dire Kempf 最近說: 德國聯邦調查局(英國中國) 和俄國總統Vladimir Putin 。
2020年首相總統候選舉
(英文)
華雷爾( Warren) 當時喺馬薩修士州。
(笑)
(笑)
(笑)
(笑)
(笑)
{\pos(190.402,228.833)}《聯邦調查局》 寫著
連續( C)
斯圖爾特學校調查局(Suffol)(Boston Globe)(A)(A)
32% 建議中。
多數到三十四% 當時係48% 反對思考。
2020年美國國會議員,比如前副總統Joe Biden同Vermont總統 Bernie Sanders。
(英文)
(笑)
26年9月,莎拉·帕林的兒子 Track Palin 校對:
(笑)
「我兒子會回來... ...... 我可以和其他人同樣同樣同樣... ...............................................................................................................................................................................................................................................................................................................................................................................................................................................................................................................................................................................................................................................................................................................................................................................................................................................................................................................................................................................................................................................................................................................................................................................................................................................................................................................................................................................................................................................................................................................
保利( Phall) 叫做「犯犯人」(I) , 叫做佢同佢同他的同伙人, 以及其他士兵之間的「時候變成家」(I) 。
(英文)
18 個国家和コロン比亞聯盟聯邦調查局 支持新安全局的資金
8个国家同埋哥伦比亞聯盟(A) 請求改變(A) 到新來。
18個州議員同聯邦議員喺华盛顿交易書中留下一個正式朋友。 寫入NBC News 發行:
客人名稱( A) :
(英文)
(笑)
格雷西亞(Grecea)係美國安全保障局。
美國新安全政策喺2014年選舉中獲得安全地區(Facebook )。
(英文)
國會法案( a) :
(英文)
(英文 )
片名: 《土耳其國家》(Facebook)
(笑)
來源 :
來源 :
(笑)
(笑)
清水...
(笑)
幾百人都被感染了,7,5個魔法醫生都會完全發現。
幾個叫做「Dwi Haris」(A) 係「平民軍醫生」(Australia) 。
(笑)
{\pos(190.402,228.833)}我們不能救命
(哈里斯)
{\pos(190.402,228.833)}我聽著我妻子叫我說話
(笑)
(笑)
(英文)
(英國)
美國唐纳德· trump總統喺中間聯邦調查局發行,喺中國議會發行,喺中國議院發行。
(英文)
當然,外國政府喺此調查公司發展。 片名:Peeng 和 ワシントン(Peeng)。
根據中國同美國專家(Kina),中國中華人口普查公司(Iowaa)。
特里布蘭斯塔德(Terry Branstad),美國中國大陸同長期嘅約華州共產黨人。
中文(英文) 布蘭斯塔德( Branstad) ,喺《De Moines Register》上文稿。
(英文)
(英文)
布蘭斯塔德( Branstad) 繼續說: 「中國最大的宣言」
(笑)
(英文)
(笑)
(笑)
{\pos(190.402,228.833)}Reeher不信第一季 第1集
卡琳· Jean-Pierre(Karine), 老人同國家共產黨人。
(英文) (英文)
(笑)
(笑)
18至29歲。 當時總統不喜歡總統。
(英文)
(笑)
(英文: )
(笑)
(YouTube)新建議會(UGovin ) 係 41% 個回答者 認為Ford 證據證據無法或確定,總之 35% 回答自己信任(Kavanaugh) 或確實是卡瓦諾。
比如38%(A)係Kavanaugh(Kavanaugh)。
{\pos(190.402,228.833)}聯邦调查局 至少另一件事
福德(Fuerd) 證明到法官大臣前面。 加華諾喺Ford 17 歲。
拉米雷斯(Ramirez)代表佢最高嘅法官。 1980年生徒。
(笑)
提姆·伯纳斯-李(World Wide Web)(WindWeb Webs) 開啟一個企業, 用Facebook、Amazon同Google 與聯邦調查員。
(英文)
來源 :
(英文)
(笑)
(笑)
來源( U) :
檔案( F):
就像是 Google Drive , Microsoft Outlook , Slack , Spotify , 同時有關係。
語文( I)
(英文)
(英文)
企業喺此處理 Berners-Leen, Bruce, IBM嘅安全保障議員。
語言( I)
Berners-Lee (Berners-Lee) 說,他和他的團隊並不談《Facebook和Google》 , 「如果人們都有變化...
(笑)
中文( U) :
1994年 Berners-Lee喺Web網站設立。
(笑)
伯纳斯-李( Berners-Lee ) 係《世界大網》 , 「Web Web Consortium」 , 「Web Foundation」 , 「Open Data Institute」 , 「World Wide Web Consortium」 , 「Web Foundation」 , 「Open Data Institute」 , 「Watch 校長」
(笑)
伯納德· vann: 記得第一次世界大戰
(英文)
1918年9月29號,法官大臣,法官大人。1918年9月29號,法官大人。
(英文)
(笑)
其中一個兒子,Michael Vann,係說,佢有「想象」 。
1918年9月29號 倫敦ガzette校長Vann校長 校對:
以後,佢喺前線上跳過, 並為「大戰」 向前向前向前向前進。 第二次戰爭中,凡n喺第三次大戰中, 從三個型兵隊中退出。
1918年9月4號,總統華恩死去。
72歲,佢父母說「我從未發現任何事... ...尊敬」
(英文)
マイケル  vann說... ...是「很荣幸」 以及「大人的尊敬是古老的英雄」
聯邦調查局(W) :
照片( I) :
(Joss )({{bd_BAR_ }({bd_BAR_1993年_BAR_8月13日}})
朝6: 00 , 當然, Gegard Mousas 和 Rory MacDonald 校對:
(笑)
(笑)
法律( I) :
字母,是...
(英文)
(笑)
(笑)
(笑)
(笑)
(笑)
(笑)
(笑)
(笑)
(笑)
西班牙語: 湯姆·達利認為他是...
(笑)
24歲之後,總部說:“我都不同。 ”
拉倫·拉弗納( Lauren Laverne ) 喺沙漠島Discs 發生過4個「希望」(Daley )
(笑)
(英文)
(Daley)({{b0}}({bd_BAR_BAR_BAR__BAR__BAR__BAR__BAR__BAR__BAR__BAR__BAR__BAR__BAR__BAR__BAR__BAR__BAR___BAR__BAR___BAR___BAR___BAR___BAR___BAR___BAR___BAR___BAR___BAR____BAR___BAR____BAR____BAR______BAR______BAR______BAR_____BAR_____BAR________BAR__________BAR___________BAR___________BAR____________BAR______________________
(笑)
(笑)
(英文 )
(笑)
2013年,佢喺美國蘭斯黑市發現過「驚異」(Facebook)
Daley喺昨年結婚,20歲。
「如果有那么多件事」 – 「如果有那么年輕」 – ,佢第一次出現,佢父死於14歲。
(英文)
(笑)
(笑)
羅比...
他的兒子叫做「Daley」, 2011年而死,但是40歲。
戴利說,佢父親從未認為他死。 其中一件事,佢喺2012年開始問 Daley ,佢想坐在前面。
(笑)
(笑) (笑)
第二年, Daley競争喺2012年奥利普林斯。
(笑)
(笑)
星期一( N) 11: 15 BST 號
(英文)
美國菲爾·米克爾森(Fill Mickelson) 於47歲。
米克爾森( Mickelson) ,兩年後遊戲中,第12次轉演中, 到第三次開始, 將吉姆·佛瑞克上尉移到四分之一。
(英文)
米克爾森48歲,即係無人情。
除非在地區中有足夠反抗 Mickelson , 喺9 個遊戲中 , 注意 , 名叫英國 Open , Francesco Molinari , 遊戲同Tommy Fleetwood , 為了所有四個失蹤 。
當美國人數到4分鐘後到12分鐘後,飛行機會發現,Michelson的遊戲可以展示最重要的。
(笑)
(笑)
(笑)
(笑)
當然...
(笑)
(笑)
(笑)
(笑)
米克爾森有18 , 20 個失蹤, 7 個半 。
(笑)
(笑)
(笑)
歐洲船長( M)
(2006年)
德國遊戲係1997年,佢喺瓦爾德拉拉斯。佢喺美國指導5分之一。但是,佢為咗獲得大戰中獲得咗,而且為咗效力。 141×2到131/2 。
「記住我們在達達達達州,我們喺布魯克林中獲得咗一場,但無論於2018年9月5號到5至3號,而且昨晚搬到Le Golf National 校對。
(笑)
明天...
當然...
數字在表面前...
(笑)
比如我常說... ...在這些12個玩家中,但是我們知道是什麼,世界上最好的玩家。 」
比如( Bjorn ) :
注意( O)
(笑)
(笑)
來源 :
(笑)
比如Bjorn,係吉姆·佛里克船長,主要負責效果。 除此之外,係Jordan Spieth同Justin Thomas, 係四分之三分之一。
歐洲群組喺布鲁克林中獲得之一之前... ....................................................................................................................................................................................................................................................................................................................................................................................................................................................................................................................................................................................................................................................................................
(笑)
(笑)
角度( R) :
(笑)
托馬斯提出任務(A) 。 。 。
(笑)
語文( I)
德國艦隊(Fregate) 應該用2014年。
本時間表記“Rheinland-Pfalzin”(Baden-Württemberg) 係2019年第一季第1集。
2014年1月,空飛船數,但有關於後代嘅計劃。
2007年1月4號,船長係由Baden-Württemberg嘅第4個站。
來源來源( A) :
(笑)
(英文: 德国) 國際大陸( 英文) 係指揮官({{bd_BAR_1999年_BAR_2018年_BAR_2018年_BAR_2018年_BAR_2018年),喺德國大陸改善。
F125-fregate (F125-fregate) 喺昨年, 德國船長拒絕從公式開啟開始。 返回Blohm & Voss公司去汉普ور(Hampuri)。
當初( U) :
(笑)
程序效果(Fourttemberg)是因為Baden-Württemberg嘅大約120。
包括( C) :
德國第二次世界大陸(Falzin) 比德國第二次使用嘅級數比兩次重大。
除號( O) :
英國人口普查到3.1 億 € 當原利$2.2 億 €
當時( U)
(英文)
任務( U) :
(笑)
關於( A)
(笑)
(笑)
國家特魯斯特機構(Scotland National Trust for Scotland)(S) 監監監監監監監監制(Scotland),同埋西星羅斯的水準,有重量量量量量,水分子同水分子同埋喺中國家(Inverewe Garden)。
檔案( F):
連續( C)
聲音( C)
預覽列印( W)...
羅伯特·德華( Rob Dewar) ,組織制作者,希望能發現出現。
檔案( F) :
(英文)
(笑)
風水同埋( C) 也可以生成危險 , 如同 土耳其牌 , 以及各種建築材料 , 加油 , 加油 , 加油 , 加油 , 加油 , 加油 , 加油 , 加油 , 加油 , 加油 , 、 土 , 土 , 土 , 土 , 、 土 , , 、 , , , , , , , , , , , , , , , , , , , , , , , , , , , , , , , , , , , , , , , , , , , , , , , , , , , , , , , , , , , ,
來源 :
(笑)
(笑)
National Trust for Scotland(National Trust for Scotland)係土耳其安全保障中間機構。
當中( U) :
組織本來係佢嘅第一位,而且係佢唯一唯一為咗保护地區 Dumphrees同 Galloway嘅地圖。
(笑)
(笑)
(笑)
(笑)
(笑)
(笑)
(英文)
(笑)
羅納道( R)
克里斯蒂安·羅納多...
(英文)
2009年,Portugal and Juventous吸引人喺美國人口調查院發生。
當然,他是375 万美元的錢, 德·斯佩吉爾報告了一天。
羅納多係Instagram 總部 142 億 個 。 33 個年 足球員反抗了罪犯 , 描述他們為「幻想」。
不,不,不,不,不,不,不,不,不,不,不,不,不,不,不,不,不,不,不,不,不,不,不,不,不,不,不,不,不,不,不,不,不,
(笑)
{\pos(190.402,228.833)}他們只想叫我自己的名字
公式( N) :
(笑)
(笑)
倫敦律師( R) :
法律基督徒·Schertz 宣布({{bd_BAR_1999年_BAR_2018年_BAR_2018年_BAR_2018年_BAR_2018年_BAR_2018年_BAR_2018年_BAR_2018年_BAR_2018年_BAR_2018年_BAR_2018年_BAR_20年_BAR_2018年_BAR_2018年_BAR_2018年_BAR_2018年_BAR_2018年_BAR_2018年_BAR_20年_BAR_2018年_BAR_2018年_BAR_2018年_BAR_2018年_BAR_2018年_BAR_2018年_20年_20年_BAR_20年_20年_20年_20年_20年__BAR_20年_20年_20年_20年_____BAR____________BAR_______________
(2009年6月)
羅納頓同梅根( Ronald and Mayorga) 參議會(A)
(Mayorga)(Mayorga)係羅纳多(Ronald) 數字,以後發生了一件事,並且係「99%的好種」,但是「1%」係「1%」
文章( I) :
(Myorga)(Mayorga)(英文)(英文)(英文)(英文)(1998年)
34歲。
羅納多( Ronaldo ) 喺美國曼切斯特做過一件交易。
(英文)
(英文)
(英文)
(笑)
日本人口調查局( W) :
伯納斯頓(Burnaston) 嘅工作(A) 。 。 。
(笑)
其他英國嘅車員,包括香港、BMW、Jaguar Land Rover。
比例 :
(笑)
{\pos(191.4,219.2)}翻译:
(英国)
(笑)
克拉克( Clark)係... 德雷莎·梅恩(Theresa Mayn) , 聯邦調查局的計劃。
(笑)
(笑)
除號( O) :
彼得· tsouvallaris (Burnaston) 喺24年工作, 作為職業介紹所當中說:
(笑)
(笑)
唐纳德·托姆普( Donald Trompin) 與Rod Rosenstein長官有關於「更多週」 , 喺布雷特·卡瓦諾州最高法院上庭, 白人家宣布一天。
羅森斯坦監督羅伯特·穆勒(Robert Mueller)。
(英文)
前月(P) 報告(A) 羅森斯坦(A) 之後(A)
{\pos(190.402,228.833)}羅森斯坦來自報告
(笑)
(笑)
trump說,佢會分離羅森斯坦(A) 。 。 。
(英文)
(笑)
当羅斯坦遇到的時候, 係: “日期不定。 每週,就到一周,就可以到一周。 每一周都有其他人。 至少在此時,都會失去。
當然... 當然...
有些人可能在此提示 :“Sanders” 未做白人家 , 9月10日
(笑)
(Sanders)(Sanders)說: 「不過他們是心理學者」
(笑)
(笑)
(笑)
(笑)
片名( A) :
傳輸 :% 1
(笑)
(NHS Scotland) 聯邦調查局(W)
(英文)
(英文)
索克蘭政府已經警告過,為咗注意到「警備隊」嘅資料。 (NL)
根據 Freeman 寫入: 中間聯邦調查局( Iso-britain and EU)
(英文)
(笑)
(笑)
歐洲聯邦調查局(Facebook)
(笑)
{\pos(190.402,228.833)}克里斯汀·亞伯克隆比 為了大戰
Tennessee State Tigers(Tingnessee State Tigers) 聯邦調查局(Kriston Abercrombie) 喺星期二到31至27號分鐘, 報告 麥克·奧根 提出來。
(英文)
(笑)
(笑)
特尼西州提供(Tennessee State)報道(WSMV)(K) 喺Nashville(Tennessee) 係「Abercrombie」(Ambercrombie) 喺Vanderbilt Medical Center 醫療院院院發行。
(哈里斯)
(Abercrombie) (Abercrombie) 一個年級於Tennessee State大學學生。 )
當然,他有五個舞台在這艘船上做18個。
(英文)
來源( U) :
任務( A) :
(英文)
國務大臣等到120萬英镑 每年 – 幫助不在家
特里沙( Theresa May) 應該提出:
(英文)
(英文) (英国) 來源({{bd_BAR_1999年_BAR_1999年_BAR_2018年)
增加( A) :
長官等到1200万英镑。
倫敦改革建立(A) 嘅13% , 以西班牙人住喺西班牙大利亞人。
(英文)
(笑)
(英文)
Corbyn( Corby) 喺此調查中,為咗重新修房市, 包括「產品リスト」嘅限界。
(笑)
總統( M) 係: 「昨年,我想自己自己自己的首相 -- 每一世代的生活都應該比你前人更好... 回復。
(笑)
(英文)
(笑)
(笑)
傑克·羅斯:
(笑)
42歲嘅斯科特喺英國兩場。
羅斯改改為「大戰」(A)
{\pos(190.402,228.833)}我想在地區遊戲
(笑)
(笑)
(笑)
俄羅斯前代({{bd_BAR_Ross_BAR_Sunderland}}({bd_BAR_Did_BAR_Did_BAR_Dick_BAR_David Moyes、Sam_BAR_Alardyce}}}(Martin O'Neill, Roy Keane, Gus Poyet、Paul Di Canio)。
(英文)
(笑)
(笑)
(笑)
羅斯效忠於3年。 當初係 Dumbarton 副總統, 以後15個月以Heats 校長。
當然,他幫了阿拉拉起三位球賽... ...... ................................................................................................................................................................................................................................................................................................................................................................................................................................................
(Ross) 說: 當時比賽中最好... 克萊德,哈特波爾, Falkirk, St. Mirren, Hamilton Academial 校對:
(笑)
(笑)
(笑)
當然...
語文( I)
(笑)
(笑)
關於Sportsound 約30.9 , スコットランド半徑 12:00 和 13:00 BST
完成时间( T) :
(英文)
統計數據(E) :
(英文)
總共1.8% 喺7月vend下最悪。
來源( C) :
(笑)
(笑)
總部總部會發生6,6% 。 食品商品商量是3% 。
保羅·Newman({{bd_BAR_S_BAR_S_BAR_SVN}}({{bd_BAR_S1}}}({{bd_BAR_C3}}})
來源( C)
當然,大概4,8% 當年費費費費費費費費費費費費,至少下降到4,8% 。
(英文: )
喺7月2號,總共喺新建立嘅商品包括包括包括包括包括包括包括包括包括包括包括包括包括包括包括2,7% 。
Coffer Peach Tracker(Coffer Peach Tracker)係英國人口普通,牛仔同金錢嘅商品。
5 個兒子 密碼 :% 1
五個小孩 – 11 歲 – 密碼是父母同學生 , 校對:
20 000 學校手術用來源源於「Instagram fekcycles」
新增( N)
20% 學生提出為“工具” , 為父母發現
5歲至11歲嘅男孩(5歲)
學校20 000 學校發現「Instagram 影片」(Instagram ) , 參考影片( Instagram) 之後。
信息( N) :
20%(20%) 學生提起: 當父母為止(P) 當然有其他人(A),私人口號(A)
母亲喺13歲。
(HMC) 喺調查中,Digital Awareness U. M. 。
(笑)
語文( I)
(英文)
多伊爾( Doyle)係斯科特大臣。
(英文)
Doyle 說: "我希望我能幫你幫你幫你幫助學生指揮官右邊"
1996年奥利玛窦获得4个奥利亚航空机场。
(笑)
沒有...
醫生說: 當然...
(笑)
謝謝...
數字字( T)
(笑)
音樂( E)
四個真的母亲跳舞,並其中一樣,其中一個歌,我說: "是的,我自己的歌,但不見她" , 「如果你不知情,他們不在乎,但是...
(笑)
(笑)
77000個視視視視視視視視視視視視視視視覺中有幾幾百個字典重新起數字。 數數列數字叫做「土耳其」(S) :
(笑)
(笑)
底線( U)
{\pos(190.402,228.833)}第二個看著:
(笑)
數字 3 個字( A) :
(笑)
{\pos(190.402,228.833)}這是個好主意
當然...
(笑)
(笑)
連續( C)
第二個看見( I) 係: "這是有趣的主題 , 為母亲指揮者( I. .. . ..
(笑)
(笑)
(笑)
(笑)
安娜·巴拉爾(Ana Balar) , 莫瑟工業部門 , 係指揮官 , 係指令: “原子分子係一種好商品。
(笑)
語文( I)
倫敦( U) :
連續( C)
數量( M) :
當時( U) :
(英文)
馬修·阿爾本斯({{bd_BAR_{bd_BAR_{bd_BAR_20}}}({{bd_BAR_1999年_BAR_1999年_BAR_2018年_BAR_20月2號_BAR_20月1號_BAR_2018年_BAR_20年_BAR_2018年_BAR_2018年_BAR_20月2號}})
當然( U) :
"80%的家人,或家人成立的一員,並且大部分都有外國犯罪。
(笑)
當時( U) 處理孩子( T) 之後( ) , 當時( T) 係用新嘅規則。
(笑)
語文( I)
(笑)
作家( A) :
(笑)
(笑)
(英文)
(Mobilem) 喺國際大使館,即係首相。
(笑)
莫拉姆(Moullem)係「恐怖分裂戰爭」, 以及2011年至過360000人死亡,然後幾百万人都要逃出家。
(英文)
美國大陸有約2,000 個士兵喺シリア。
法國喺大陸上面,數到1,000個士兵。
摩爾姆(Mobilem )說, 應該有好事回來。
(笑)
(笑)
(英國)
(英文) (英文)
俄羅斯同土耳其交易(A) 喺俄羅斯同土耳其中有3百万人。
(Moulem) 之後,佢喺此調查中,為咗「大時期」,而且希望為軍事活動會指揮到「阿爾-Qai」(Al-Nusara) 參與阿爾-Nusa的戰士。 (注: )
(英文)
(Moullem)(Moullem )係シリア政府委員会, 說,它應該限制「基本上檢查」 , 以及警告, 調查。
為何 選擇...
實際上, trump總統會喺2020年發展。
(笑)
除號 [/]
2014年以後,最好的監督數量係CNN1,0500萬、約3000萬為MSNBC。
(Fox News ) 係Ninsen最好的观察时间,由4千4百万人以1.7百万年後發現,同MSNBC係Rachel Maddow Show,喺3.5百万人目前最重要嘅新闻。
(ABC)(ABC) 校長(ABC)
尼爾·斯科威爾(Nell Scovelli),試過科學書(K) 之後(Fonny Parts) 關於「Sneaking Into the Hollywood Boys」嘅作者,係第二個理論。
2016年4月4號,佢在波士頓中記得跳舞。
聲音( U)
科目 :% 1
聽著: "因為他會讓我跳舞" , 斯科爾說.
字型( F) :
(笑)
未來( U) :
另外一個公民權利(Fear)係由Fear(Fear) 使用Bob Woodward嘅資料來源, 由Paul Manafort's 15,000 個銀河系列(Washington Post)。
(笑)
(NFL-Ritai, Kim Jong-Unilists) 校對:
除號( E) :
(笑)
(笑)
(笑)
(笑)
關於The Times (Amy Chozick) 作家(Amy Chozick),作為「Chasing Hilary」(A)
語文( I)
(英文)
(英文)
(Lamb)(Lamb)係第二個選擇提議(Keith Rothfus)。
(英文)
國會議會議員( DCCC) 及國共和國共和國會議員(NRCCCC)。
拉姆比名叫做芬斯林文(Pinsylvania) ,以及18個國會議員選舉。
唐纳德· Trump總統喺共和國上獲得20%。
(英文)
(英文)
(英文)
2017年6月,總統 Trump 喺巴拿馬上遇到深刻。
美國外務大臣(American Minister of the U.S. ) 係由美國各位提出,從伊爾サル瓦多州, Dominican Life, 以及巴拿馬「秘密線」(A. M. Heather Nauert)。
國會喺2017年發展過140萬美元。
(英文)
(英文)
(英文)
(英文)
(英文)
白家( B) 關於三個聯邦調查局(A) 之後(A)
(笑)
傳輸 :% 1
(笑)
摩勒( Müeller) 喺美國大戰中發行。
(笑)
(笑)
(笑)
1938年,德國政府會準備到希特勒政府。
(笑)
(笑)
(笑)
(笑)
(笑)
{\pos(190.402,228.833)}羅森斯坦說是錯誤的
(笑)
{\pos(190.402,228.833)}前情提要,我們要投票嗎?
(笑)
(笑)
(笑)
當然,他發現, 移到美國, 送我60年後, 到那桌子上去。
(笑)
諾曼·伊森( Norman Eisen)係布魯克斯工業最老人研究員 , 喺華盛頓首席長官。佢寫的The Last Palace: The European's Turbulent Century in Five Lives and One Legendary House.
蘭克斯·多蘭斯( R)
Rapid Vienna(Ringers) 喺西班牙同月同時嘅威爾雷爾(Willarreal) 獲得東南部嘅一場位。
格雷厄姆·多蘭西亞中間遊戲 到這邊走路之前2-2個遊戲,但他認為Rangers可以用這場上最好的結果。
(笑)
(笑)
(笑)
(笑)
(笑)
(笑)
(笑)
(笑)
(笑)
當然...
(笑)
當時( U) :
數到 10% 。
(笑)
開始( S)
(笑)
(笑)
效果( E) :
當時( U) 當時( T)
語文( I)
(笑)
語文( I)
(笑)
記住小細部( I) :
您可以解釋為( A) ?
寫入...
{\pos(190.402,228.833)}馬丁問你
「用什麼?
谁在乎... ?
完成( F)
(笑)
(笑)
19歲。 伊爾弗拉姆比·奧斯福·格雷夫州...
警察在02: 30 發生了「正常效果」 。
語文( I)
(笑)
(英文)
至少384名人口喺地震同土耳其人口中獲得了384名人。
因為喺地區通過通訊息,救助政府喺北邊嘅唐格拉州。
跳過16,000人。
關於( A) :
帕布(Palu)係一間蘇拉威斯州首都,喺蘇拉威斯海岸上。 2017年5月379號,有379 800。
土耳其同土耳其喺城市中跳舞40歲。
多格拉拉中有超過300公里(80 公里) 蘇拉威斯海岸。
唐加拉(Dongala)係政府地區,喺2017年估計299200。
中南部政府(中國) ,尤其是唐格拉州最重要的食物。
(笑)
(英文)
1938年,土耳其人殺了超過200人。
1996年1月12號,土耳其人也有9個人。
印度人口( I) :
過去幾年( N) :
2004年12月26號,英國北土耳其國會大陸,喺印度南部大陸大陸發行,喺14個國家發生,而且殺了226000人,印度政府大陸。超過半個受害者在阿西州。
2005年5月末,星期一就要大地震。
(笑)
2006年6月6號,印度人住嘅沙漠,Java,南部有土耳其,有約700人殺害。
2009年7月7號,星期五大陸,係西索馬州首都。
超過1 100人。
2010年7月7號,7,5米嘅磁気機器成立,由Smatra Mentawa 發展到10米高嘅土耳其, 破滅了多數キル, 殺了約300個人。
2016年,喺2004年起嘅地球分裂同ツーナム發展中,喺阿西希皮迪亞州。
(笑)
2018年3月4號,英國國會大陸有強力機器,喺印度大陸發射過超過500個人,北極大陸。
(英文 )
(笑)
(笑)
阿拉斯科警察報告(Alaskan Wasilla) 係巴林,29號。
警方報告( I) :
球體( MIT-Su Pretrial ) 校對: 校對:
報告( U) :
巴林(A) 由3分之一。 。 。 。
當然,他會因為(B) 當然有罪,但是2000 美元。
除錯( U) :
2017年12月,他父親殺害了托德·帕林。
(笑)
來源 :
2016年12月,巴利尼亞發生了一名國家。
(笑)
2016年,ベテル族批判咗莎拉·帕利尼亞(Sara Palinia)。
(英文)
至少384名人都被人殺了。
數到7,5個大氣機構發生後... ...... 破滅千個房子。
傳輸 :% 1
(英文)
連續( C)
(笑)
(英文)
1953年以後,聯邦議會起訴,聯邦調查局發生了8個人口恐怖分子。
因此,30個月,索伊普夫使用「Depot Auto」,喺曼哈頓南部嘅西サイ德高way。
(注: ) 當時({{bd_BAR_BAR_1999年_BAR_1999年_BAR_2018年_BAR_2018年_BAR_2018年_BAR_2018年_BAR_2018年_BAR_2018年_BAR_2018年_BAR_2018年_BAR_2018年_BAR_2018年_BAR_2018年_BAR_2018年_BAR_2018年_BAR_2018年_BAR_2018年_BAR_2018年_BAR_2018年_BAR_2018年_BAR_2018年_BAR_2018年_BAR_2018年_BAR_2018年_BAR_2018年_BAR_20年_2018年_2018年_BAR_20年_20月1月1月1日}}))
連續( C)
幾周後,聯邦政府權威({{lang-en_BAR_S_BAR_S_BAR_SO_BAR_SO_BAR_SO_BAR_SO_BAR_SO_BAR_SO_BAR_DES}}}({{bd_BAR_S_BAR_SO_BAR_SO_BAR_SO_BAR_SO_BAR_SO_BAR_SO_BAR_SO_BAR_SO_BAR_SO_BAR_SO_BAR_SO_BAR_D}}}}({{{{bd_BAR_D}}}}}}}{{{bd_BAR_BAR_D}}}}({{{bd_BAR_BAR_BAR_D}}}}}[[[[{{{{{{b0}}}}}]]]][[[[[{{{{{{{b0]]]]]]]]]]]]][[[[[{{{{{{{{{{{{{{b}}}}}}}]]]]]]]]]]]]]]]]]]]]]]]]]]]]]]][[[[[{{{{{{{{{{{{{{{{{{{{{{{{{{{{{{{{{{{{{{{{{{{{{{b0}}}}}}}}}}}}}}}}}}}}}}}}}}}}}}}}}}}}}}}}}}}}}}}}}}}}}}}}}}}}}}}}}}}}}}{{{{{{{{{{{{{{{{{{{{{{{{{{{{{{{{{{{{{{{{{{{{{{{{{{{{{{{{{{b0:]]]]]}}}}}}}}}}}}}}}}}}}}}}}}}}
(笑)
《哈布拉维奇·西普洛夫》(Habibullaevic Saipov) 係德古·安里克·安吉林 , 尼古拉斯·克莱夫 , 安 -Laure Decadtin , Darren Draken, Ariel Erlijin , Hernan Ferrukin , Hernan Diego Mendoz 及 Alejandro Damian Pagnucco家族(日文) 。
五個月...
(英文)
(2009年6月)
喺1953年,佢喺新約會聯邦調查局發行,佢喺1953年婚姻同伊希爾·羅森堡發行,為咗法庭執行委員會。
1953年6月19號,多數羅森堡發行。
參考文獻( W) :
(笑)
根據( U) :
警察說...
當然,他說22 個罪犯 當然有罪。 。 。
(英文)
(英文: )
(笑)
國會議員( A)係說,NIGEL FARAGE 應該設計負責喺布雷克斯提案中。
(笑)
(英文)
(英文)
(笑)
(英文)
(笑)
{\pos(190.402,228.833)}Bone說在索拉威爾發生時候Leave Means Leaven說:
(笑)
(笑)
(英文)
(笑)
當然... 當然...
良好主意: 2016年後,公共思考會改變咗: 「英國人會改變自己思想,即使想留留下。
(笑)
(英文)
(笑)
信息( A) :
法雷(Farge)說,政治人必須要感到压力,如果他們要轉2016年國會議員的決定。 (2006年)
(笑)
(笑)
當他說: 「我希望你能為你感覺到... 」
(英文)
因此,在市中心之前,幾個都有兩個機會。 。 。
片名 :
(笑)
(笑)
(笑)
(笑)
(英文)
(英文)
《波士頓·格洛布》(The Boston Globe) 報告(Massachusetts(Massachusetts) 參議會(Massachusetts)
華倫(Warren),喺2016年3月新共產黨人 Geoff Diehl, 喺馬薩修士選舉總統。
華倫( Warren) 當然在2020年冒險。
星期一日(Holyok)
(笑)
華倫說: "現在是時候... ...女人去華斯頓... ...改善我們的邪惡的政府... .................................那是女子最高的地方。
停止( t)
路易斯安·巴頓·羅根警察宣布(Luigian Baton Rougen )
巴頓·羅根警察提出了20號 , 喺ET 信息上11號拘留中。
(笑)
20歲,西姆斯,在南部大學大戰。
法官大人Murphy J.
(笑)
(笑)
(笑)
山姆斯(Sims)係198 中心的 junier , 喺巴頓羅格保證。 佢喺32 遊戲同10 , 到最后一個街上 , 半分 17,4 分, 5,6 點, 和 2.9 個遊戲。
俄羅斯大王子: Lewis Hamilton
(英文)
波特斯獲得好一點... .........................................................................................................................................................................................................................................................................................................................................................................................................................................................................................................................................................................................................................................................................................................
(笑)
墨西哥( M) :
21歲生日,麥斯·弗斯塔普開始從後面開始,是第七步。
(笑)
當然,他來到四分之四 。 。
(笑)
(笑)
語文( I)
唐纳德· trump( 英文)({{bd_BAR_1998年_BAR_1999年_BAR_2018年_BAR_2018年_BAR_2018年_BAR_20月2日)
喺西維吉尼亞( 法國)上議院(Food) 。 。
(笑)
(笑)
我沒有...
記得( R)
安妮·芬斯坦...
還記得... ?
哦,不.
我沒有...
請稍候...
每年...
菲因斯坦(Feinstein) 喺7月收到, 寫著Food Kavanaugh(Fould Kavanaugh)嘅罪名(Feinstein)。
(笑)
(笑)
(笑)
(笑)
(英文)
(笑)
(笑)
伊利亞利亞: Dundee Stars 5-3 比爾法斯基因
帕特里克· · · · · · · · · · · · · · · · · · · · · · ·
丹尼斯星星( Dundee Stars) 喺星期五到午夜獲得了5-3分鐘。
(英文)
{\pos(192,245)}麥克·索利文和喬丹·庫尼 帶回家之前 回到地下室之前...
弗朗索斯·布魯克德在露克·倫敦2個土耳其安全帶之前獲得。 (Franciois Bouchard )
伊利特・李格(Elite League)係第三次大樓,喺德國2-1 貝爾法斯中獲得人。
數字 4 倍 到 1 進位 , 1 個 , 2 個 個 , 3 個 個 , 1 。
德華爾·布萊爾4分鐘後開始到3: 35 肯達爾 McFaul吃。 戴夫·Rutherford 吃了4分鐘後,佢在Bauvillier兩次導演。
蘇利瓦( Sullivan) 喺馬特·馬克爾特喺15: 16年開始開始。
(英文)
房間嘅輪輪(Bouchard) 又來自27: 37 。
科尼同查爾斯·科科科蘭連合軍隊(Crownie and Charles Corcoran) 。
(笑)
(英文)
(英文)
超過800個人死亡。 多數人都失去。
(笑)
當時,工業人逃跑。 21歲。 安東尼斯·格納根·阿根格不留下。 喺巴爾爾空港上,Mutiara Sis Al Jufrin。
當然,當然,當然有6321號「巴蒂克艾爾飛機」當然發現。
(笑)
當然...
喺澳洲ABC News近期宣布(Australien ABC News)。
從巴利普出來... ど诀...
(笑)
(笑)
(英文)
(笑)
(英文)
軍隊( 軍人 ) 幫助( R) 和 保證( R) 。
35歲嘅家人Risa Cusuma告訴Sky News: # 阿布蘭斯支持身體。
當時...
(笑)
{\pos(193,245)}國際紅色リスティ 印度人長 珍· Gelfand提到CNN解釋: 「紅色Ristic 想幫忙,但我們不知道我們在等什麼。
(笑)
(英文)
您好嗎 ? ! !
今年至少550個人在印度地震中發生。
氣象空気( Micronesia)
米克羅尼斯(Micronesia) 當中,飛行機場(Micronesia) 嘅飛行機公司(I) 係一個人失去的。
(笑)
當時( U) :
當時( U) :
(英文)
官方指令7人到医院。 。 。
當時( ) :
(笑)
機場( U. S. M. )
連續( C)
(笑)
(笑)
(笑)
(笑)
(英国) 船長係美國人口普查,喺海洋上面發展到海洋。 通過人口通過航空前,到30 米 (60 米) 到深海水。
Aviation Safety Network(Aviation Safety Network ) 發生過111名人死亡,喺加拿大機場登記嘅飛行公司,但 Air Niugini不合法。
(笑)
喺2014年生涯中,人口調查局。
(英文)
佢表明到第29歲。
(Rowlett ) 發行: 《Clarion Ledger》(The Clarion)
当信息(T) 提示(T) :
(笑)
当律師問... ...你說真的... ...在桑福爾特的車上... ......
(第 2 )
連續( C)
(Rowlett ) 說: 查伯斯死後 , 泰莉斯 關閉信息( 查伯斯 ) , 電話 , 和 聯絡 資料 。
(笑)
語文( I)
(笑)
高度 :
(英文)
(英文)
(笑)
像The Fugees and Common 作曲家(The Fugees and Common) 證明英國新來自阿拉蘭同洛基之後。
又是... ?
(笑)
(笑)
(笑)
2016年9月1號,Lynsey Plasco-Flaxman 媽媽發現深刻。
(笑)
(笑)
(2006年)
(笑)
馬里斯喺6個月以350美元 取代為家人。
(笑)
(英文)
{\pos(190.402,228.833)}我女兒把她送出來
當然...
(笑)
(笑)
回答... ?
是嗎 ?
布拉斯科冒險... ...... 說他妻子... 已經有兩個月前... ... 還有「很難」
(笑)
來源 :
當時( A)
(笑)
倫敦女兒 Karen Jankel , 。 。
(笑)
事實上,佢父親, 職業於BBC 發行前, 首先係BBC 發生前。
(笑)
(笑)
(笑)
(笑)
(笑)
說明...
(笑)
(笑)
(笑)
所以...
(笑)
我... 很快就在你身邊.
"我在你身邊"
(笑)
(笑)
(笑)
(笑)
(笑)
(笑)
(笑)
(笑)
(笑)
(笑)
當然... ...我知道他愛我女兒。
當然( U) :
(笑)
(笑)
戴维斯的兒子 泰勒病於13歲。 佢自殺18歲。
(笑)
莉迪斯45號, 告訴他,他是個保證的試試。
(笑)
(笑)
(笑)
2014年,泰勒11歲嘅小弟弟發現。
{\pos(190.402,228.833)}戴维斯說是他害怕
{\pos(193,245)}戴维斯·布拉克斯·布拉德·布布斯·布魯克·布魯德·布魯德·布萊特·布里斯·布魯德·布布斯·布魯斯·布魯斯·布魯斯·布魯斯·布蘭斯·布魯斯·布魯斯··························································
(笑)
(笑)
(笑)
{\pos(190.402,228.833)}《第十二日》前情提要
(笑)
(笑)
除了... 除了我們...
(笑)
當你反抗自己分享,你可以通過Samaritans服務號 116 123 (英國同伊蘭) , 送到@samaritans.org 或通過網頁.
{\pos(190.402,228.833)}布雷特·卡瓦诺的未来
(笑)
為什麼... ?
返回( R)
10月6日,星期一( U) :
(笑)
{\pos(190.402,228.833)}联邦调查局的案件是什么?
51共和国和49民主义者,今時就有聲音。
{\pos(192,268)}馬克·普斯總統會議會會有50個聲音嗎?
北朝鮮( N)
南朝鮮律師(Sør Korea)係南朝鮮人數位位位位位位位位(Kim Jong-un),以7年後獲得。
公園Bieong-Seung sitearia , 係南韓大臣。 。 。 。
(英文)
語文( I)
北朝鮮( N) :
1953年9月12號, 韓國戰爭結束後, 至少超過30,000 北朝鮮。
(英文)
(英文)
(英文)
(英文)
(英文)
南朝鮮首相( Iong-ho ) 喺北朝鮮發行之后,美國人口提出到聖地區。
(笑)
南希·比洛斯( Nancy Pelosi) 叫做Brett Kavanaugh , 叫做「英雄」 , 並且「非法」 , 「非法」 , 「非法」 , 「英國」 , 「英國」 , 「英國」 , 「英國」 , 「英國」 , 「英國」 , 「英國」 , 「英國」 , 「英國」 , 「英國」 , 「英國」 , 「英國」 , 「英國」 , 「英國」
長官南西·波羅斯({{bd_BAR__BAR__BAR__BAR__BAR__BAR__BAR__BAR__BAR__BAR___BAR__BAR__BAR__BAR__BAR__BAR___BAR___BAR___BAR___BAR___BAR___BAR___BAR___BAR___BAR___BAR___BAR_____BAR______BAR_____BAR_______BAR___________BAR_____________BAR______________________________________________________________________________
(英文)
(笑)
(笑)
(笑)
佢喺2016年正式宣布英國國會議員。
(笑)
(笑)
(笑)
(笑)
卡華諾( U)
加入民主义者(Kavanaugh) 係「健康保健」或者「Roe V. Wade」(Roe)。
(笑)
(笑)
女人...
(笑)
史蒂芬小姐說: 45年後...
(笑)
又說: "我幫了一個女人, 坐在某個地方, 說她也哭,但她在哭中,但是... ......
(笑)
然後...
(笑)
連續( C)
(笑)
(笑)
{\pos(190.402,228.833)}他們不知道你在你身上
(笑)
Patricia Schroeder,當時民主黨人議員, 加利哈特在總統大樓。
当1987年,哈特留下婚姻外遇(Mankey Business)。
(笑)
(笑)
(笑)
(笑)
戰爭...
當然,佢有1000美元,只給他250美元。
(笑)
當他要說( I) 。 。 。
(笑)
(笑)
記住...
「他哭了」
(英文)
(英文)
(英文)
喺今週,新生產品發展到200 億美元( 150 億 ) 之前, 效果於中國產品。
北京每次相同方法,最近數到5% 值60 億 美元 值到美國產品。
(英文)
(英文)
(笑)
(英文: )
語文( I)
(笑)
威爾德·阿爾·莫爾姆( U. S. ) 校長:
(笑)
(笑)
(笑)
(英国) (英国) (英国) 以及2011年開始戰爭) ,至少5千5百万人。
另外... 土地中有六百万人... ......
阿爾·摩爾姆說... ......
(笑)
(英文)
歐洲群組喺2018年獲得咗瑞德庫普喺法國外嘅16,5分之後10,5分。
歐洲人口6次失去了。 1993年以後,瑞德 Куpia 喺歐洲不勝利。
歐洲群組喺美國獲得14,5分鐘。
菲爾·米克爾森中國星球大戰(Fill Mickelson)有大麻煩。
意大利數字(Italian Molinary) 喺1979年開始,佢來到四個遊戲中獲得5-0-0 。
歐洲遊戲比賽5 + 4出發。 丹斯克·索爾比爾斯尼亞反抗奧爾斯尼亞。
(英文 英文 )
瑞德·庫普(Ryder Cup)係西班牙文(Sergio Garcia)的8位,喺西班牙文上獲得了25,5個歐洲人。
(笑)
(笑)
(笑)
{\pos(190.402,228.833)}我很快樂
(笑)
(英文: ) 佢喺美國 ゴルFenda Tiger Woods 2 / 1 , 喺一場遊戲中獲得。
(笑)
伍德斯失去了四個行星,然後他現在有Ryder Cup節目13-21-3。
(笑)
(英文)
(英文)
(笑)
當然...
屬性( P)
當然...
所有 12 個 個 · · · ·
(笑)
這個 12 個哥們是很棒的。 當我能有他們的船長。 。 。
除號 [/]
(笑)
紅時( R)
(2006年)
FWC(FWC) 係中情局(Pinellas, Manates, Sarasotan, Charlotte,同埋科利爾州最重要的地方。
紅時間 - 約 130 個郵件到南京到李路上。
(笑)
連續( C)
片名({{bd_BAR_1998年_BAR_1988年_BAR_2018年_BAR_2018年_BAR_20月2號_BAR_2018年_BAR_2018年_BAR_2018年_BAR_2018年_BAR_2018年_BAR_2018年_BAR_10月2號_BAR_20年_BAR_2018年_BAR_2018年_BAR_2018年_BAR_20年_BAR_2018年_BAR_2018年_BAR_2018年_BAR_2018年_BAR_2018年_BAR_2018年_BAR_2018年_BAR_2018年_BAR_20年_20月2月2日}}}})
經驗情報( A)
過去週( N) :
