(笑)
參議院議員( MWP) 係議員({{bd_BAR_BAR_1999年_BAR_2018年_BAR_2018年_BAR_2018年_BAR_2018年_BAR_2018年_BAR_2018年_BAR_2018年_BAR_2018年_BAR_2018年_BAR_20年)。
英國國會議會名稱(A) 。
(笑)
(笑)
(笑)
參議員 Plaid Cymru 註解:
根據「名稱」前,一位保守人指示:“(A)”(A) 係「開啟」(A) ,但係係指出「MWP」同「Muppet」之間有點小差
關於此 kontext , 字元“ w ” 格式 , 以英文 約翰shire 相似的“ u ” , 像字型 , 像 約 · · · · · · · · · · · · · · · · · · · · · · · · · · · · · · · · · · · · · · · · · · · ·
根據( U) :
2017年加勒斯政府法案喺加勒斯大会改名。
(6月)
國會議員( WPM) 之後({{bd_BAR_1993年_BAR_2018年_BAR_2018年_BAR_BAR_2018年_BAR_2018年_BAR_BAR_2018年_BAR_2018年_BAR_BAR_2018年_BAR_2018年_BAR_2018年_BAR_2018年_BAR_2018年_BAR_2018年_BAR_2018年))
(注: ) 參議會議員(A)係提出其他變態。 其中一個議會議員(Elin Jones),其中一個議會議員。
改革法則( I) 包含其他改變( I) , 以及共產黨( I) , 以及共產黨( I) 關於( I) , 以及( I) 關於( I) , 以及( I) 關於( I) 。
參議員會議員會會議會({{lang-en_BAR_a_BAR_a_BAR_a_BAR_a)
國家名稱( N)
每一天都會選擇, 或未改名國家為「北美國共和國」(E) 。
(英文)
(Athens) 喺北方視視界名叫做一種方式,係為咗再次反抗國國家,為咗作為歐洲同OTAN。
馬克多尼總統( Gjorge Ivanov) 提出名稱(A)
(笑)
(英文)
(笑)
(笑)
(笑)
(笑)
(笑)
{\pos(190.402,228.833)}他在教堂上面擔心這些錢 當然沒有錢 當然要為自己的指導 "而後或時會回到哪里去"
(英文)
"大多數人們在這些建議中購購入同名人會有白人" 說, "所以每個教會都要加速,因為大多數人都有無確...
每兩個教會都喺哈倫發現黑色metropolitano之前建立咗。1870年同星期一嘅Metropolitan Community教会,1870年。
30歲。
(英文)
聖馬丁(St. Martin's) 係一位黑人集團,主要導演John Howard Johnson。
1939年,火災發生了重大丹尼,同時 約翰森修復。
約翰森父父父,同埋佢喺聖馬丁教堂。 佢作為「貧民的冠軍」(St. Martin's church)
(笑)
專家(Michigan University Tiffany Ng ) 喺1918年起嘅世界第一次電影博物館。
(英文)
(英文)
建議( A)
(笑)
片名 : 13 個年後在加利福尼亞找人。
片名: 13歲嘅男孩攻擊、殺害。
襲擊在第7天前,就在安辛尼斯附近。
查德·哈米爾喺サン迪格州KSWB-TV 解釋。
(笑)
過來! !
(笑)
(笑)
(笑)
(笑)
(笑)
吉爾斯說...
政府喺48小时以后 關閉入口(Canto Beach) 從卡薩布爾布爾到斯瓦米斯。
吉爾斯注意到135種都有,但大多數是不危險。
(英文)
(Sainsbury's) 索斯·斯布魯克(Superdrugs)(Debenhams) 做得很棒嘅商品(S)
呢個大乘客只係一部分,英國美國嘅商品,有200億 GBP 發展嘅市場。
(笑)
薩斯bury( Sainsbury) 說,佢會重複您嘅美國提供,為咗3000個產品,包括Revlon、Essie、Tweezerman、PawPaw博士。
(笑)
(英文)
The Fragrance Shop(Fragrance Shop) 係「Sainsbury's」嘅兩個博物館。
(笑)
科普(Mike Coupe),Sainsbury(Sainsbury) 校長(S) 校對:
(Sainsbury's) 佢喺大多數超市發現,兩年前獲得咗兩個字段。
(笑)
(Sainsbury's) 2000年12月第一次博斯同作用,但一切都結束。
您嘅281法案,LloydsPharmacy 資料 125 億 GBP。
根據(Sinsburys),Lloyds會有一種重要紙,因此他會延長到4個瓶子。
保羅·米爾斯·希克斯 (Sainsbury's Commerce director) 註解:
(笑)
(笑)
{\pos(192,240)}彼得·約斯·福爾摩斯 {\pos(190.402,228.833)}然後,霍利威利·威利·比 將軍發生1100萬 GBP
{\pos(191.4,219.2)}《德拉戈斯·丹·彼得·琼斯》,《威尔沃比》(The Dragons' Den Peter Jones's stell),《狂狂狂》前情提要于Hally Willoughby(Whileughby),通過約1100萬GBP,通過約約會,通過約翰的生活計劃。
(笑)
(笑)
今天早晨,37 歲。
(英文)
根據各種資料,約翰斯(Jones)係「狂人」,當電視視視視視視劇中的赤星當時。
事務所比賽(Gwyneth Paltrow) 與Willion GBP 11 億人之間重新加入Willion GBP。
威廉比,37歲。
(笑)
(笑)
(笑)
沒有人能相信... ... 發生什麼事...
(笑)
(英文)
(笑)
威廉比(Willioughby),三個兒子母親, 當夫 丹·巴德文 約翰和妻子 塔拉·卡普 10歲。
威洛比根據2016年首相嘅真利,同Jones, 52歲。
兩個兩個都在參加休息(Jones ) 。 。
威廉比( Willoughby) 會是下一個M&S 選手 , 代替Ant McPartlin 以I'm in Celebrity( I)
(笑)
罪名... ... 以後我們愛上去...
(英文)
為什麼...
轉換( T) :
"我沒拒絕"
佢喺星加坡第一季第2集(日文) 以及北朝鮮降落一步。
未來( N) :
星加坡日落下三個月後,英國北朝鮮大流行,英國國會首席議員,北朝鮮國會議員。
(笑)
(笑)
(笑)
(《北朝鮮戰爭》)
(英文)
(笑)
(英文)
(笑)
"很容易做总统,但是10000人 努力進入這些人,我們有200人」
(英文)
當地地區( Lumbob) 以及其他國家嘅非政府組織(A) 。
當然,羅姆巴克人民比10% 已被移除。 國家失蹤。
(笑)
(笑)
蘇托普氏(Sotopo) 係國家逃犯介紹所。
(英文)
當時(Ahah)係土耳其之一。
(笑)
(笑)
(笑)
歐洲航空機場({{bd_BAR_1988年_BAR_2018年_BAR_1月1號}})
(Joko Widodo 總統 )
(笑)
喺國家嘅永久緊急緊張(Joko )。
超過1000個死者,然後有幾千萬個行星。 其它血管武器。
注意( O)
丹尼爾·史特里奇救了「利弗波爾」從倫敦首席利格逃亡嘅路上逃亡者。
斯塔里奇出了一步在Chelsea的港口27 米,到1 到0 到1 到0 。
開啟用( U) :
角度( E) :
飛行機開始( ) :
"我想到那位位置為了射擊... ...... ... 以及玩家如夏克里... 每次都會玩... ... 所以我試試做到最多時間... ...... ...............................................................................................................................................................................................................................................................................................................................................................................................................................................................................................................................................................................................................................................................................................................................................................................................................................................................................................................................................................................................................................................................................................................................................................................................................................................................................................................................................................................................................
(笑)
雪莉亞贏了 1 至 0 到 休息 到 25 個月25號 , 通過英國大星 Eden Hazard 。
(笑)
來源 :
(笑)
(笑)
Liverpool(Italia) 喺英國聖保羅州。
雪莉亞(Chelsea ), 喺倫敦15:00 嘅電影演奏遊戲。
印度南部的數值 832 至
地震同土耳其數量增加到832年。
大多數人居住住地震7.5地震之後,所以有食物。6尺到6米。 第二季節: Sutopo Purvo Black Agent 校對:
巴魯城市,超過380万人住民。
警察停止了32年的男孩 殺害容疑後... ...... 找到了一位老婆。
(笑)
44歲女,在7: 55年,在格雷森梅斯州,約翰街。 以後,32歲男子被逮捕 殺害的容疑。
(警察)
(笑)
(笑)
(笑)
(笑)
(笑)
(笑)
(笑)
預覽列印( W)...
(笑)
(笑)
不,不,不,不,不,不,不,不,不,不,不,不,不,不,不,不,不,不,不,不,不,不,不,不,不,不,不,不,不,不,
四點鐘,警察兩個車在外面發現另一個機場。
(笑)
每個人可以直接送到 @MerPolCC , 打給110 或通過0800 555 111 通過247年9月30號通訊息。
(英文)
(英文)
(笑)
約翰·戈爾斯密斯(John Goldsmith, 克羅姆威爾公司總統) 註解: 「現在議論中...
(英文)
(笑)
克朗威爾爵士(Cromwell)(Sir William Hamo Thorneycroft)係19世紀嘅思考中的證據,其中有多數人認為是有意義的。
Goldsmith(The Sunday Telegraph) 說: "Cromwell會認為很多,或許在19世紀最終之後更多,比如今後, 如今議會向外部壓力前, 當然有一樣。
(笑)
(笑)
(笑)
(英文)
(英文)
男名叫做「Yuan」(Auan)
2005年5月30號,一名波士長準備到中華人口入侵(Cinghai)。
(笑)
(笑)
(笑)
電影檢查令到達250 kg 當然死亡。
(笑)
安全摄像头喺4: 40 到市場上面發現。
身體... 以後一小时...
(笑)
(英文)
(笑)
(笑)
2016年,一名男子和丈夫攻擊了一位女子,並佢喺馬薩切斯城堡。佢留下一個男人。 。 。
10年前,約300 kg 加油量量量量量量量量量,直到她妻子能吓到生命。
喺2012年首先,一名曼尼托巴市长提到CBC信息,通常都不冒险,但血流情可以作為「失去」。
"他們喜歡遊戲...
他們就像孩子們... ... 很有趣...
(笑)
{\pos(190.402,228.833)}紅色海岸的剩下的風雨會帶來到南西
(英文)
(笑)
紅色有138 km/h。 星期一1號,星期五,美國東南部,以及620公里西歐ゲ尼亞,墨西哥。
紅色( R)
喺太平洋大陸上,佢喺西邊移到西岸。 俄羅斯接近下一天下午,中午到下落加州。
紅色( 約 250 毫米 ) 到墨西哥。
(笑)
雨量 25 至 100 毫米 雨林 發生了危機, 住民流, 土壌大陸 以降到沙漠中的地震。
力量(英文) 將於50至75毫米到一點,尤其是雪和亞利桑州南部。
約50至100英里,尤其是大部分Arizona。
(笑)
(英文)
風雨( B) 也可以係為(A) 之後(A) 之後(A) 風景(A)
底線( U) :
或許50 毫米 總計數字( 約 50 毫米 ) 。
連續( C)
(笑)
土耳其風雨(A)
10月,所有美國的氣候變化(Aurtic)
來源 :
(美國中心)
卡薩斯城(Missouri, Omaha, Nebraska, St. Louis and Des Moines, Iowa)之間有約20度温度。
(笑)
美國中心同東部嘅10月開始開始。 到北部至27度。
纽约城市可以到午夜27度到,代表10度超过中半。
(英文: ) 長期前期({{bd_BAR_1999年_BAR_1月1日})
約20萬美術館見到布雷特·卡瓦諾(Bret Kavanaugh)
超過20萬美金探員見到候選人證人,總部Brett Kavanaugh,同女,佢認為佢受害人性低落。 當時佢喺80年代,克里斯汀·布萊斯伊福德。
政治指示( I) 繼續(I) ,因此,總統計劃落(Arizona Jeff Flake)。
福德宣布(Food)(Food) 校長:
卡華諾( Kavanaugh) 證據:
比如尼森說,20,400萬外探員都見過這一天。
公司 companie中有半個CBS , ABC , NBC , CNN , Fox News Channel , MSNBC 。
語文( I)
(笑)
(笑)
Fox News Channel(Fox News Channel)(Fox News Channel)(Kavanaugh) 名叫做卡華諾(Kawanaugh) 嘅主要指導者。
ABC是3.26 億美金。
CBS 獲得3,1 億,NBC 2,94 , MSNBC 2,89 億 , 和 CNN 2.52 万, 尼森的資料。
關於( P)
草稿( F) :
(英文)
{\pos(190.402,228.833)}Flake一直在CNN通過電視系統通訊息
(笑)
(笑)
(笑)
弗拉克說... ... 您的辦公室... ...通信... ..........................................................................................................................................................................................................................................................................................................................................................................................................................................................................................................................................
(英文)
(Flake) 弗雷克說: 當然,我只能理解,FBI會在一周後尋找人口名稱(FBI) 。 。
(笑)
(笑)
(笑)
{\pos(191.4,219.2)}總統 Trump 發現了聯邦調查局的調查
(英文)
特里莎首席首相宣布(Theresa May) 批判咗佢嘅計劃 退出歐洲國會 與英國會會議員同做政治。
2018年9月29號,英國首相 Theresa May,係英國首相。
(英文)
華德·西姆斯殺害人: 警察逮捕了LSU隊員殺害Dyteon Simpson
警察在洛杉矶大戰中殺害Wayde Sims。
20歲。 迪蒂昂·辛普森,20歲。
{\pos(191.4,219.2)}法官大臣發行了一部相比片(Sims and Simpson)
警察回到犯罪分子中... ...... ...............................................................................................................................................................................................................................................................................................................................................................................................................................................................................................................................................................
(笑)
您的信任數到350 000 USD , 根據律師。
東巴頓赤外線公寓(East Baton Red office) 宣布前期報告。
州立州警察局,州警察, Southern University 警察, 南部市, 州政府政府, 州政府政府, 州政府政府,
LSU Joe Aleva 校對:
西姆斯有20歲。
平均1.98米,他玩過遊戲, 增加了「紅色」,佢父親 Wayne 也在洛杉矶班班的基盤遊戲。
他有5,6 点,2,6 個回來了。
星期五日,LSU Will Wade 校對:
(笑)
墨西哥( C)
(英文)
國際防止中心(National Disaster Prevention Center) warned mexicans 喺星期六到24小时以后,喺克拉特發現。
中心( C) :
圖片({{bd_BAR_S_BAR_S_BAR_SO_BAR_SO_BAR_SO_BAR_SO_BAR_SO_BAR_SO_BAR_SO_BAR_SO_BAR_SO_BAR_SO_BAR_SO_BAR_SO_BAR_SO_BAR_SO_BAR_SO_BAR_SOFF}}})
地理學家發現,喺2017年9月7號。
1994年開始,飛機名叫Don Goyo 發現。
(英文)
(2006年)
(英文)
(笑)
幾小时前,未依然群組唱「不忘記,不原諒」(It's Unionist)
(英文)
10月1號,喺此無限思想區域下落(Tensions in this independent mental region) 以及馬drid嘅不法參考。
(笑)
根據Catalan政府所以,至少1000人發生過去年,警察就要停止投票到全域選舉。
(笑)
(笑)
Narciss Termes, 68歲嘅電子學家,同其中一個喺未独立宣布之一。
(笑)
(笑)
至少獲得生存者(A),即使喺12月前自行選中。(A)
約翰·普吉(John Puig), 42歲嘅機械, 關於警方支持。
(笑)
星期六(Oriol Junqueras),其中一個新加拿大人,喺昨年正式判決之前,佢提起咗,佢會參加歐洲議會選舉。
(笑)
(倫敦)
33、34年、39年後,車發現一次,倫敦一間房子。
事故發生於19: 30 到地區。
(笑)
(笑)
曼加( M) 來自Livingstone 1 到 0 之前的勝利
(笑)
利文斯頓( Livingston) ,今年起立地圖出現, 驚驚, 格拉斯哥·蘭格爾德(Glasgow Rangers) 。
多莉·メンガ( Dolly Menga) 遊戲(F) 係一種不同,因為加利·霍爾特(Garry Holt) 團隊(Garry Holt) 可以參加海伯尼亞人。
傑拉德人({bd_BAR_Grarrad}})
(笑)
(笑)
莉文斯頓( L)
(笑)
斯科特·羅金森開路,但是他在門口前找到時, 然後 艾倫·利斯戈夫 送到飛行機來逃跑... 試試試完成Kraig Halckett的前往... , , , , , , , , , , , , , , , , , , , , , , , , , , , , , , , , , , , , , , , , , , , , , , , , , , , , , , , , , , , , , , , , , , , , , , , , , , , , , , , , , , , , , , , , , , , , , , , , , , , , , , , , , , , , , , , , , , , , , , , , , , , , , , , , , , , , , , , , , , , , , , , , , , , , , , , , , , , , , , , , , , , , , , , , , , , , , , , , , , , , , , , , , , , , , , , , , , , , , , , , , , , , , , , , , , , , , , , , , , , ,
(笑)
(笑)
(笑)
(笑)
(笑)
拉恩·麦格雷格港(Rangers Allan McGregor) 停了一段时间 Scott Pittman and Litgow 以及Livingstone的另一个合作游戏。
蘭格爾斯(Rangers) 於Livingston 嘅另一間飛行機,只要拒絕。 其中兩個罪名,1個叫做「Halkett」,「Glenn Middleton」。
來源 :
(英文)
來源 :
(笑)
(笑)
(笑)
霍克特船長(Halkett)係非常大。 當時Connor Goldson同Joe Worrell總部一定要成員。
(笑)
(笑)
(笑)
語文( I)
10月29號,土耳其同德國指揮官都喺柏林出會議。
(英文)
當時( U. S. )
(笑)
(笑)
警察提出安全原因(A) 為了避免25000名人集合前,如果有很多追跡者們都會向總統發現。
(英文)
相反(A) :
{\pos(190.402,228.833)}德普福德的信徒: 車上有一位
(笑)
事故都在10: 15 。
(笑)
事故發生於1,6公里,土星事件出現。
(英文)
街道被關閉( A) :
(英文)
(英文)
事實是在倫敦大樓上喺Worcestershire刑務所。 星期一到9: 30 到午後,地區時間,然後就停。
專家 « 巡回 » 移到目前的位置 , 當然有8個數字 。 。
(笑)
(英文: ) 根據首席服務所({{bd_BAR_1998年_BAR_1999年_BAR_2018年_BAR_2018年)
(笑)
(笑)
倫敦大陸(Long Lartin)中間有500個關係,包括有幾個危險犯罪。
(6月)
(詳情)
(英文)
(笑)
國際天氣服務已經提醒到,星期日到南亞到西邊到尼瓦達,南加州、東部、Utah,包括Phoenix, Flagstaff, Las Vegas, Salt Lake City。
(笑)
菲尼克國際天氣服務(Phoenix 國際服務 ) 係一台表演,只係「1950年由Foenix一路上有十字架。
(1967年) 卡特里娜公路 約64公里)
國家中心最近嘅模式是 50 至 100 毫米 雨林, 以及150 毫米到阿里奧尼亞大的數量到150 毫米。
其他東西沙漠,包括星城市、大コン卡,可以數到25至50米, 以及100毫米到達。
(笑)
片名:
根據美國服務(Arizona 州 ) 以及40% 以及最低限度,第二個高級, 注意 weather.com 。
至少... 紅色雨... ...在墨西哥州。
紅色一直在早上,至少137公里/h 至少大風力。今到620公里南歐ゲ尼亞,墨西哥,北方向北方向移到20公里。
(英文)
(笑)
(笑)
Weather.com 係「從低加州到北部至北方至75至150英里的雨雨中等待,有可能到250毫米」
以後,羅斯就要向北轉到墨西哥風風力。 到第11點到阿利桑那之前。 當然,亞利安亞州出口到南部。
(笑)
(英文)
襲擊中數字( N) :
十二歲男子同一位男友,16歲生後,16歲男孩被殺害。
叔叔在中午4: 00 到地區地下室發現。
傳輸 :% 1
17歲、18年2歲、20歲男孩,下一天喺拉德斯托克區被逮捕。
(笑)
trump 說... 卡華諾說...
(笑)
trump (Trump) 說: 卡華諾喺民主黨全名。
卡華諾(Kavanaugh)宣布(Kevanaugh)前議院(Kevin Blasey Ford)。
福特( F)
(《美國人民》)
(英文: )
(英文)
{\pos(190.402,228.833)}我們是5周最重要的選擇
(笑)
(笑)
(笑)
(CNN) 校對:
(英文)
至少384名人死,同人數人都喺土耳其海岸上獲得大地震、土耳其島。
幾百人都會參加一場聚會,喺巴魯城市上祝祭日。
土耳其7.5 。
(笑)
"土耳其的所有物" (NGO) , 加入水中, 到海上打开了 800 km/h 。
(笑)
16,700人都要逃離24個中心。
(英文: ) 氣象圖片({{bd_BAR_1999年_BAR_1999年_BAR_1999年_BAR_2018年_BAR_2018年_BAR_20月1日, 係水中有關。
(笑)
地震數量 2.400萬。
印度技術(BPT) 發展同程度發展過程(BPPT) 發言:
(笑)
(黑色)
受害者中有幾個身體 註解: 破滅建築之間被發現。 加入540個人致命,29個外星人。
(黑色)
唐格拉( C)
當然,有超過300 万人住在此。
(笑)
(2006年)
(笑)
1分鐘後,水墙在海岸上, 帶著建築同車。
連續( C)
原地震( A) :
軍隊開始來自Jakarta同其他城市(A) 。 。
城市空港( U) 之後( A)
公主Joko Widodo 校對:
英國土耳其人數字係800%。
事實上... 很難...
至少世界視力人(World Vision)喺唐格拉出身。
(笑)
(笑)
(笑)
(笑)
還沒...
歐利亞·亞利尼(Aulia Ariani) , 由印度紅色科學。
(笑)
(英文)
(笑)
星期一 , 救世主 , 解放了一位女子 , 其中兩天 , 母亲 身邊 。
(英文)
(笑)
(笑)
吉登先生解釋,後時間, 由羅羅·羅拉酒店發展中的消息發展中, 以及Palu concurrentsApp發送到一場 festival。
未來( N) :
加入( A)
我們的郵件會 $26.750 為了自動卡車嘅新港
早上午,幾個人都有26.750美元,喺纽波蘭聯邦調查局完成了自動卡片。
丹尼斯·麦卡蒂探員指示(Denis McCarthy) :
当他任務中... 另一個人... 他... ...在布魯姆斯工作後面... 偷了一支錢箱...
(笑)
859-292-3680 , 每個人都有身份。
語文( I)
(笑)
星期六( U. S.)
早期(Facebook) 41歲,佢喺西邊使用佢八個專輯(A)。
變更( M)
(笑)
(笑)
(笑)
(笑)
(笑)
專輯比我們...
(西)
(笑)
西班牙語 (JAY-Z)
墨西哥總統( AMLO)
墨西哥選舉總統Andrés Manuel López Obbrador 發誓從來沒有用軍事力。
López Obrador 答應於Tlatelolco 校對:
1968年10月2號,軍隊開火於平和宣明中,因為300人死亡,左學生移民。
López Obrador(López Obrador) , 喺年輕嘅墨西哥人提出月文章。
(笑)
(英文)
「中國每次更加活力,美國人一定要重複錢數」(Cai-Fu Lee, Investor, Professor, ) 係 Google, Microsoft,  Apple。
註解( M)
2030年初中中中國國會發展。 目的於2030年開始世界1號。
(笑)
「重複資金可以重複合合法(A)」(II),Lee 提到CNBC 喺今週發現的通過。
李({{bd_BAR_Lee}}({{bd_BAR_1998年_BAR_2018年_BAR_2018年_BAR_2018年_BAR_2018年_BAR_2018年_BAR_2018年_BAR_2018年_BAR_2018年_BAR_2018年_BAR_2018年_BAR_2018年_BAR_2018年_BAR_2018年_BAR_2018年_BAR_2018年_BAR_2018年_BAR_2018年_BAR_2018年_BAR_2018年_20月2月2號}})
1980年, Carnegie Mellon 校生在一座AI系統上工作, 由于Othello最好的分析中, 以及後, Microsoft Research發行, 以及Google中國科學總統。
李正確認為北美政府前科競争(L) 。 。 。
(笑)
(笑)
過去年(Facebook, Google, )同其他技術企業(AI) 交易。
(笑)
(笑)
2017年7月,中國國會議員提出咗佢最後世代嘅艺術智能計劃。
「中國自然科學基地(Kina Nation of Natural Science Foundation) 喺中國資源提供人類嘅資源 以及其他自然科學基金提供北美研究員。
(英文)
另外一個月,DARPA 提出了2,000 億美元投資,以後名稱 AI 開始。
自然科學基地(A. ) 。
(英文)
國家名稱( N)
星期一({{bd_BAR_1998年_BAR_2016年_BAR_2018年_BAR_2018年_BAR_20月2號_BAR_2018年_BAR_20月2號_BAR__BAR__BAR_2018年_BAR_2018年_BAR_2018年_BAR_2018年_BAR_2018年_BAR_2018年_BAR_2018年_BAR_2018年_BAR_2018年_BAR_2018年_BAR_2018年_BAR_2018年_BAR_2018年_BAR_2018年_BAR_2018年_BAR_2018年_BAR_2018年_BAR_2018年_BAR_20年_20月18年_BAR_20月_BAR_20年_20月1月2日}}}}}[[[[[]]]]]]]]][[[[[[[]]]]]]]]]]]][[[[[[[[[]]]]]]]]]]]]]]]][[[[[[[[[[[[[[[]]]]]]]]]]]]]]]]]]]][[[[[[[[[[[[[[[]]]]]]]]]]]]]]]]][[[[[[[[[[[[[[[[[[[[[[]]]]]]]]]]]]]]]]]]]]]]]]]]]]]][[[[[[[[[[[[[[[]]]]]]]]]]]]]]]]]]]]][[[[[[[[[[[[[[[[[[[[[[[[[[[[[[[[[[[[[[[[[]]]]]]]]]]]]]]]]]]]]]]]]]]]]]]]]]]]]]]]]]]]]]
(英文)
6月,兩個政府到達個新名下議院,但國家議員指揮官提交到... ....................................................................................................................................................................................................................................................................................................................................................................................................................................................................................................................................................................................................................................
總統Gjorge Ivanov 發現,佢不會參加到參考。 包括包括包括會議會,如果有50% 到達,就會有效。
論理( E) :
zoran Zaev首相提出名稱(Zoran Zaev)(A)
「我來投票為國會將來,因為馬德尼亞年輕人可以喺歐洲國會自由生活,因為我們都有更安全的生活」(Olivera Georgievska,79年)喺Skopje。
當然,議員(A)會議員(A)會發現,為咗做決定。
為咗改名( A) :
國會選舉委員會報告( A) :
2016年9月6號,總部只係16%,相比34%。
「我來投票於我兒子,我們的位置在歐洲」(日文: 62歲)宣布(Gjose Tanevski)(Skopje)。
2018年9月30號,首席大臣佐拉恩・扎伊夫、佐瑞克妻子、達什科同佢女兒投票。
在Skopje議會前,Vladimir Kavardarkov, 54歲嘅Vladimir Kavardarkov。
(笑)
(笑)
(笑)
首相Zaev提示(OTAN ) :(OTAN) 入侵率(OTAN) ,你需要喺墨西哥尼亞更多嘅投資。 數量超過20%。
「我認為大多數人會投票,因為大部分超過80% 為 EU同OTAN」(Zaev)提到Zaev(Zaev)。
(笑)
星期一({{bd_BAR_1993年_BAR_2016年_BAR_2016年_BAR_2016年_BAR_2016年_BAR_2018年_BAR_2018年_BAR_2018年_BAR_2018年_BAR_2018年_BAR_2018年_BAR_2018年_BAR_2018年_BAR_2018年_BAR_2018年_BAR_2018年_BAR_2018年_BAR_2018年_BAR_2018年_BAR_2018年_BAR_2018年_BAR_2018年_BAR_2018年_BAR_2018年_BAR_2018年_BAR_2018年_20月2月2日}}}}}}}({{{{bd_BAR_BAR_BAR_BAR_2018年_BAR_20}}}}}}({{{{{_BAR_BAR_BAR_BAR_BAR_BAR_BAR_BAR_
(笑)
其中70% 宣言是「是」
因為指數值值50% 應該是1% 。
(英文)
看影片(S) : 曼切斯特城爵士(Sergio Aguero) , 叫做「Brighton」
長官Aguro 和 Raheem Sterling 喺曼切斯特城勝利中退休(Manchester City City City ) 到2至0年,喺曼切斯特州議會上議院議員(Manchester)上周六。
艾格洛在 65分鐘, 似乎很簡單。
來源 :
(笑)
以 4 個星期一 , 以 4 個月 。
(笑)
(笑)
(英文)
片名:
「第55分到60分鐘。
發生( U)
(笑)
(笑)
發生了 29 分鐘。
(笑)
(笑)
(笑)
(笑)
城市喺1955年7月18號,喺德國城市出演。
語文( I)
(笑)
(笑)
羅基亞人當時喺9月5號到2號,但仍然要獲得第一章。
(笑)
為何要我... ?
國家議員依然要提醒一天,但係由此而已。 。 。
夏瑟夫(Sherzer),開 34號開啟。
华盛顿右手列車有18-7號記錄 , 喺220 2/3 嘅 ERA 2.53 與300 除掉這時期。
轉換( T)
總統指揮官指揮官(Facebook Kavanaugh)。
(笑)
(笑)
(笑)
轉換( T) :
(笑)
(笑)
(笑)
(笑)
trump 提醒(T) ,民主党委員会 , 係民主主義部門Diane Feinstein 。
「記得答案嗎 ?
您要執行 ‘% 1 ’ ?
呃,嗯, 什麼?
不,不,不,不,不,不,不,不,不,不,不,不,不,不,不,不,不,不,不,不,不,不,不,不,不,不,不,不,不,不,不,不,不,不,不,不,不,不,不,不,不,不,不,不,不,不,不,不,不,不,不,不,不,不,不,不,不,不,不,不,不,不,不,不,不,不,不,不,不,不,不,不,不,不,不,不,不,不,不,不,不,
工作黨( P) :
(笑)
(笑)
(笑)
(笑)
(笑)
歐洲安全局(Europäisch) 經業政治重要。
參議院( Nightingham)會議(A) 提醒到「我們選擇會會成為包括同產品」(A)
(笑)
(笑)
(笑)
之後,傑瑞米來自首次開始。 因為你曾經認為我會分享一個政治的視力。 。 。
(笑)
(笑)
(笑)
(笑)
(笑)
(注: ) 昨週,傑瑞米·柯文宣布({{bd_BAR__BAR__BAR__BAR__BAR__BAR__BAR___BAR__BAR__BAR__BAR__BAR__BAR___BAR___BAR___BAR___BAR___BAR___BAR___BAR___BAR___BAR___BAR___BAR_____BAR___
事實是... ...... ...我們不是那個人類的遊戲... ...... ..........................................................................................................................................................................................................................................................................................................................................................................................................................................
{\pos(190.402,228.833)}最近兩年我都有很多建議
(笑)
自從我在實驗室入侵 32年前,在我學校時, 由Thatcher政府改變。 。 。 。
(笑)
(笑)
(英文)
事實上,我要傳送信息... .................................................................................................................................................................................................................................................................................................................................................................................................................................................................................................................................................................................................................................我..............................................................................................................................................................................................................................................................................................................................................................................................................................................................................................................................................................................................................................................................................................................................................................................................................................................................................
克里斯·Leslie , 諾丁ham 東
38 - 17 個月: 伊爾·伊爾·布拉特首長官
(笑)
艾爾( Air) , 10 個隊伍 , 第一位在級表上。
{\pos(190.402,228.833)}最终,地區團隊 為了保守大臣 以及他所知最好的機會 ,彼得· · · ·······················································································································································································
(笑)
羅比·克里斯特 (Robin Crisis) 提醒:
格蘭特·安德森14分鐘,由Frazier Climo轉告。
克里斯(Klima) 延伸到神聖的前進,而且,只在半分中,佢提醒到, 變成一名指數 17-5 , 為了休息。
(笑)
以後,遊戲消失於長期的時期,因此 羅里亞·克納特病了。
(笑)
{\pos(192,245)}但是,地元機器人反應。
克里モ(K) 叫做「大衛·阿姆斯特朗」(Kyle Rowe)
星星( S)
(Food Kieran ) 斯蒂爾遊戲部隊(Food Kieran ) , 似乎有一位客人部門。
作家(A) 56年(A) ,Jarvis(Jarvis) 關於BBC的人員。
(英文)
{\pos(191.4,219.2)}校長:
演員拒絕尊敬(The Scottish Sun)。
「海洋是我們」(A)
(笑)
紅色( C)
片名: 海洋是右邊。
復原( U):% 1
波利比亞(A) 之後(A)
10月1號,bolivia希望是最深的。
「波利比亞有動機,一種單位靈魂,而且,不必說... ......
大多數人都在國家大表面上見到 TiJ解釋,希望是由Bolivia宣布。
伊娃·莫拉爾斯(Evo Morales, 英文)(Bolivia )係英國國立總統。
(笑)
(笑)
(英文)
提 J( I) 解釋( I)
(笑)
(笑)
(笑)
(笑)
1962年以後,兩個國家都沒有隔離大使館。
艾德里格斯首相(Eduardo Rodríguez Veltze), 波利維亞首席主席。
第二天星期天, Bolivia會有“一段超級機會開始新約Xile”,同一個機會為“延長至139年分之一。
卡爾薩德拉(Calzadilla) 係「莫拉爾斯」(Murales) , 以及「Latina」中國最近的總統(America), 以海洋論(Australia) 作為政治成長(Australia)」。
「波利比亞永遠會拒絕您的權力」, 加入「太平洋」
(笑)
(北朝鮮)
(笑)
(笑)
(英文)
(英文)
(笑)
(华盛顿)
(英文)
(笑)
(英文)
(英文)
除非你要增大... ......
華倫提尼(Valentino)同Thom Browne設計者喺巴黎模式發展。
(笑)
片名: 瓦倫提尼尼 , , , , , , , , , , , , , , , , , , , , , , , , , , , , , , , , , , , , , , , , , , , , , , , , , , , , , , , , , , , , , , , , , , , , , , , , , , , ,
(笑)
(笑)
(笑)
(笑)
(笑)
(笑)
巨大大的大小都會從瑞漢娜到艾米莉拉塔克斯基。
國際網路下面嘅崇拝标签(A) 另一位大型建立(A) 。
《黑色海岸》,《黑色海岸》,《黑色海岸》,《黑色海岸》,《黑色海岸》,《黑色海岸》(The Riviera SS19 of Jacquemus in Paris mode week)
名稱Luke Armitage({lang-en_BAR_Luke Armitage})係FEMAIL說: "希望人們看到大型同地板板上邊邊邊邊邊邊邊有大。 當然,設計者有大影響,但是指大大小指數會會再見。
約翰·埃德華:
斯科科學無独立嘅選擇喺2018年繼續發展。
斯科科學會議員(SCIS)係30,000學生。
(笑)
(笑)
納爾森說: “如果你能說話到一個人... ..
除非語言( U):
(笑)
(笑)
68% 學生在外國語言中獲得A 上位(A)
信息(SCIS 74 學生 ) 提出: 72% 學生有更高。 德國學生72% , 69% 法語學生69% , 西班牙學生 63% 也有個A。
(笑)
當時,語言( L) 像選舉( I) 當中( I) 以及(I)同樣(I) 以STM(I)(I)(I)(I)(I)(I) 以及其他地方(I)
(2014年) 美國職業委員會同委員會發現了一件事。
(笑)
(笑)
(笑)
(英文)
根據2013年美國大約4000人口嘅 YouGov發展中,75%是無所知之外語言。 法語(France,15%)係兩位數字。
(笑)
(笑)
(笑)
有些學校更加集中喺現代語中。 其中其他人都會學到英國之後,2020年至今,以及日本語言更重要。
(笑)
(笑)
(笑)
(笑)
(笑)
當然...
約翰·埃德華( E)
星期日( L)
(笑)
勞克·沃頓校長(Luke Walton) 提出:
當然...
威爾頓說: «當然有1 至48 至少1 至少48 。
(笑)
星期一( 日本) 第一季 第6集
(笑)
語文( I)
(英文)
呢個是下週5個「土耳其」第5項,包括「Trump」同「Missippi」同「Tennessee」同「Missippi」
(英文)
(笑)
2018年9月29號,東維吉尼亞發行。
(笑)
trump(First Court ) , 布雷特·卡華諾(Brett Kavanaugh ) , 當時喺上院議員認證會開始。
(笑)
因此,總統總統計劃下5次候選(Food) 指向「尊敬自由者、同情人、共和國人、同時期,共和國人試過保護、延伸大大部分在議院、代表 kamera,第二季 第1集。
「議會控制是非常重要的,總統會喺此發展到... .............................................................................................................................................................................................................................................................................................................................................................................................................................................................................................................................................................................................................................................................................................................................................................................................................................................................................................................................................................................................................................................................................................................................................................................................................................................................................................................................................................................................................................................................................................
昨晚喺威斯班克阿倫娜發行,佢可以收集「d'Ohio同pensilvania」同埋「Pittsburgh's Communication media」(Wheeling)、西維吉尼亞Metro News。
星期六(Turmp)會在西維吉尼亞第二次次,喺2016年獲得超過40%。
{\pos(191.4,219.2)}翻译:
(笑)
2018年7月:北美各班喺星期一等候候選舉。
(笑)
(笑)
之後... 哪一點?
(笑)
當然,歐洲有一點, 4 點到前面, 12 個比賽.
美國人口普查(Speith) ,人口感到,風力會有點好好享受,有多數原因為 animation,大部分由Speith同Justin Thomas(Speath)同埋一天遊戲,兩個都有3點4分。
(笑)
(笑)
(英文)
(笑)
(笑)
18 個站
(笑)
歐洲四分之四,但是...
摩利伍德(Moliwood)係唯一一位婚姻。
來源來源效果(A) 。 。
最好...
(笑)
布巴·沃特森(Bob Watson) 和WebSimpson 結束了快速, 早上4:
(笑)
(笑)
(笑)
歐洲(Europe) 比如上班。
歐洲喺10-6 個字型
歐洲喺美國10至6年開始發展後,喺歐洲發展到一天。
湯米·佛萊特伍德(Françoisco Molinari)嘅第二次文章。
歐洲船長(Tomas Bjorn)。
(美國人口調查局)
吉姆·佛瑞克團隊需要8點到12個星期一。
佛萊特伍德(Fleetwood)係第一個歐洲議員。
伍德斯和帕特里克·里德在火球上宣布後,佢做過好多事,為了打擊伍德(Woods)、美國布里森·德查姆斯(Bryson Dechambeau)。
伍德(Woods),兩個星期一發現。
朱斯汀·罗斯,他不参加早晨四球。佢又和亨利克斯·斯坦森同四面男友相合。佢倒下2至1 與Dutstin Johnson同Brooks Kopka,第一次同第三次世界上級。
(笑)
約翰·斯皮斯,三次旅館場, Джас辛·托馬斯建立一點到兩點。
約翰·拉赫姆同伊恩·波爾特,以後獲得波爾特同羅里·麥克里·麥爾洛伊4至3分到4分到4分之3分後,然後失去第二個城堡。
(笑)
(笑)
北朝鮮說( N) :
北朝鮮首相(Facebook ) 聯邦議會(Facebook ) 聯邦議院議員。
(Ri Yong Ho) 喺北朝鮮嘅一年紀念日議會宣布。
(笑)
(笑)
里利(英文)係北朝鮮北朝鮮反抗。
利利(Ri)係一位美國北朝鮮首相同總統之間,同埋二月12號, 基金喺「韓國心理分析」中,同時, Trump向北朝鮮安全保安保證。
1950-53年,北朝鮮試過改變,但美國人提出了, 佢得消去核武器之前。
(华盛顿)
「美國人指揮官指揮官:第一次發展,至少要延長,至少... ...........................................................................................................................................................................................................................................................................................................................................................................................................................................................................................................................................................................................................................................................................................................................................................................................................................................................................................................................................................................................................................................................................................................................................................................................................................................................................................................................................................................................................................................................................
(笑)
(笑)
(笑)
{\pos(190.402,228.833)}前五個月,總統喺南美國北朝鮮之間開催3次大會, 加入5個月。
其中一件事,瑞典議會(A. M. Evil)(A. M.) 係「Rocket Man」(A.
(英文)
昨天10月11號,特蘭普說,「如果有兩年、3年或5個月」
中国同俄羅斯支持國土安全委員會應該為「Pionyang」嘅規範。
(德語)
安全委員会喺2006年從北朝鮮發展中,喺一位同時候發展。
(英文)
(英文)
佢喺7月離開Pionyang({{bd_BAR_7}}}}。
喺今月起議院中,北朝鮮發展到一位化合物中心同核複合物。 當美國做過「合同效果」。
(英文)
(笑)
(英文)
(笑)
查爾斯·塞伊斯勒(Harvard Medical School ), 喺英格汉同華院醫生嘅專家。
(笑)
(笑)
(笑)
(笑)
保羅·巴里拉(Facebook ), 醫生學校教授(Harvard Medical School ), 校長(Facebook 校長 校長 校長 校長 校長:
語文( I)
(笑)
片段( A) :
當然( A) :
{\pos(190.402,228.833)}我們知道學生的行動不會改變
(笑)
(笑)
(笑)
雷蒙德·索(Raymond So,{{bd_BAR__BAR_19年_BAR__BAR__BAR__BAR__BAR__BAR___BAR__BAR__BAR__BAR__BAR___BAR___BAR___BAR___BAR___BAR___BAR___BAR___BAR___BAR___BAR___BAR___BAR_____BAR______BAR_____BAR________BAR___________BAR______BAR______BAR_________________BAR__________________BAR__________________BAR________________
(雷蒙德)
(笑)
西斯勒教授提出學校(Facebook Czeisler) 提醒咗學生們,為時起床,同時醒來。 當然,佢們會認為「藍色光」(Blue LED) 發射電影(LED) 和光光(LED) , 可以改變關關係關於音樂問題(A)。
Livingstone 1 - 0 列車: 梅格 馬丁 結束了 格拉德人們
多莉·梅根金球(Dolly Menga) 判定Steven Gerrard(Steven Gerrard) 逃亡1-0 到Livingston的家裡,另外一個被擊中。
伊布洛克斯(Ibrox) 校對:
(英文)
蘭格斯頓( Livingston) 到第三位位位。
(笑)
傑拉德...
霍爾特,另外一位首席名稱為Hearts(Harts)。
(笑)
事實上,兩分鐘鐘鐘,當Menga第一次發現, 喺艾倫·麥格里格爾前。
(笑)
(笑)
(Alfredo Morelos) 當然,他和Steven Lawless 發現了,但史蒂芬·トムソン校長 ignored the Colombia reclamations.
蘭格爾人只指導兩位首相,但是伊布羅克斯首相 利姆·ケ利利利 之後首都都沒有問題,而首相係Ovie Ejaria。
至少第34分之一, 當中沒有人能否拒絕他們只為自己的努力。 。 。
(笑)
斯科特 阿菲尔德... ... 當德克蘭·加拉格爾...
(Gerrard) (Gerrard) 於於Ryan Kent改變了Coulibaly, 變態直後,因為外國人喺Morelos 發行了一步, 即使 凱利指揮官在封鎖中。
(笑)
(英文)
(笑)
almanc: Geiger 數字
1882年9月30日,136歲,以及數到...
(Geiger 發展)
1950年中,羅伊·羅杰斯同戴爾·埃文斯嘅文章,有幾個不錯嘅物理學家。
主人: "這是什麼?"
羅杰: "是金屬器, 用來找放射性 mineral, 比如Uran.
(笑)
Evans: "我確定你現在在開玩笑!"
1945年生後 63歲。
(笑)
(笑)
(笑)
語文( I)
方式( M) :
(笑)
證據( C) :
片名( I) :
方式( M) immune cell 解開病患者( HER2) , 改變到研究室,為咗「看到」 , 可能會有多種癌症( HER2) , 以後再加入它們。
(英文)
紅色( HER2 ) 係「能量增大」,包括媽媽、歐瓦利、土耳其、彩色、教授、Berzofsky。
類似嘅焦点係... ...... 除外患者的免疫細胞... ............................................................................................................................................................................................................................................................................................................................................................................................................................................................................................................................................................................................................................................................
(英文)
完成( F)
肯尼・ウエスト寫入《土耳其夜生活》(Kanye West) 於2020年選舉。
(英文)
(笑)
(笑)
SNL 程序開始(SNL) 由馬特·戴蒙出演。
當然,克里斯·洛克校長...
(笑)
(西)
(笑)
說...
來了...
(笑)
西: "你想見到下面嗎?" 當然,他說: "超人的計劃是什麼, 因為他們不會告訴他, 該怎麼辦." "你想進去嗎?"
試過...
註解( M) :
(西)
(西)
西班牙語: 「其中一個有勇敢的靈魂:
(笑)
(笑)
自由 !
(笑)
(注: )
(笑)
校友( I) 首相( I) , 斯諾普·多格( I) , 首相( I) , 叫做「Snoop Lion」(I) , 叫做「王子」(I) , 名稱為「王子」(I)
謀殺( A)
45歲。 當然,當時在贝爾法斯東部有一位男孩被謀殺。
{\pos(190.402,228.833)}警察說 事故在巴利卡摩爾
(笑)
檔案( F):
星球( K)
哈林頓( Kit Harington) 名稱是「約翰 Snow」(Jon Snow)
當然,人口係31歲。 。 。
片名: The Sunday Times Culture 校長:
凱特(Kit),佢最近嫁給了「王子遊戲」(Rose Leslie), 31歲。
(笑)
(笑)
(笑)
說:
(笑)
(笑)
(笑)
(笑)
從11月以後,Kitt 喺山姆西班牙嘅真正的工作休息。 。 。
(笑)
(笑)
羅斯作為伊格里特(Rose)(Ygritte)(A) ,代表Kitt(Jon Snow),艾米的 gewoan fantasy series.
2018年6月,夫妻喺斯科西亞聯邦家人結束。
HIV/ 土耳其: 中国報告到14%的新事件增加
中国喺HIV同附近住住住民中有14% 增加。
國家有約82万人。 健康分析官。
2018年2月2日,只有40,000新事件。
(笑)
(英文)
(笑)
每年都有,但是,中國有病人數量增加100,000人。
(英文)
1997年,同性愛喺中國分離,但是LGBT嘅分離是普通。
當國家保留值(A) 。 。
(笑)
2003年以来,中國政府發生了生病毒介紹所。
Maxine Waters 拒絕, 職業是共和黨的信息 , 「危險」 和 « conspiration theorys »
美國最大水士代表(A. M. Maxine Waters)宣布(A. M. ) 法律學校長(A. M. ) 校對:
洛杉矶民主义者( ? ) :
(笑)
信息( M) :
信息發現(Facebook ) 。
傳輸 :% 1
(注: ) 加特威·邦及紅斯塔特(Gateway Pundit) 校對:
(笑)
(笑)
(笑)
(水星宣言)
(笑)
(笑)
(笑)
除號 [/]
請問( A)
(笑)
法雷奇( Flickr) 似乎相比Water reag(A) , 法官大人 , 法官大人 。
歐巴羅(Omar Navarro),共和國會候選舉(A) 。
(笑)
(英文)
(笑)
(英文)
佢曾經在英國焦点上尋找布雷克斯文版。佢喺2003年出生,佢又見到2011年,佢又見到Johnny English Reborn,而不是一種例外。
當時( U) :
每一件事, 約翰·英格蘭( Johnny English) 之外外外出口( I) 之外( I) 可以重新改變(I) 字義(I) 之後(I) 之後(I) 名稱係叫做什麼(I) 更多(I) 之外(I) 之外(I) 之後(I) 之後( I) 之後( I) 之後( I) 之後( I) 之後( I) 。
當然,佢喺2012年嘅奧利米比賽中發生了一點。
(注: 巴克莱卡)
{\pos(192.5,268.833)}這次第一個或兩分鐘
(笑)
(S)(S)看(S)是因为(Atkinson)物理委員会有什麼東西。
(笑)
(英文)
(英文)
(英文)
(笑)
(英文)
(英文)
(笑)
因此,巴特曼和羅布恩(Batman and Robin) 當事務所非常高興,總部會進入同時,佢在奧爾加·庫林科爾特尼克見到「fatal woman」 Ophelia Bolletova。
(英文)
英文(英文)同 Bough(英文) 開始大口氣(O)。
(笑)
一般( G)
(笑)
(英文)
(英文)
(II)(I)(I) 職業員們會為咗參加一天。 (I)
(笑)
(笑)
週週一班4天(Facebook) 數字(Trades Union Congress) 為咗效果效果(P)
(《土日时报》)
(笑)
職業黨(S) 不會第一次支持此主意。 綠黨喺2017年選舉中有四天。
未來( N) :
根據工作黨( A) :
約翰·麥克丹尼爾大臣(Facebook Minister in the shadow of John McDonald) 使用前週會議會 以及經業革命發展。
麥克頓爾( McDonald) 宣布({bd_BAR_{bd_BAR_})
(英文)
當然,他喺企業共產黨嘅計劃(Facebook) 建立內容背景(Facebook) 為咗10%(Facebook)(Facebook)(Facebook)(Facebook)(Facebook)(Facebook)(Facebook)(Facebook)(Facebook)(W)。
約翰·肯尼迪說「60分鐘」
法官大臣(FBI) 調查法官Brett Kavanaugh(FBI)
星期一({{bd_BAR_1993年_BAR_2018年_BAR_2018年_BAR_2018年_BAR_BAR_2018年_BAR_20月2日})
肯尼迪( )
肯尼迪說...
(笑)
(笑)
顯示為... 安全...
格雷厄姆( G) 像是「火」
(笑)
"福特博士,我不知道怎么了,但我知道,"布雷特拒绝" , 格雷厄姆 , 格雷厄姆 , 布莱斯 福特 。
(笑)
她是 36 歲。
我看不見...
什麼是... ?
(新約會)
喺1970年生涯中,全球城市 Festival(Global Citizen Festival) 發展千人口會見到中央公園大約一千人。 2030年之前,人類似Janet Jackson, Cardi B, Shawn Mendes。
(2012年)
參加事件( WIP ) 之後( ), 客人應該做一件事( A) 或「行事」 , 以及「行事」 , 以及「開啟」 , 送個郵件為世界指揮官, telefon , 或 其它有關性 , 起床 , 起床 , 起床 , 到 貧困 。
(英文)
(笑)
2011年以来,全球城市發行,佢同情感人口中有約1900万「行事」,有幫助發展一些目標。
2030年之前,這些行事都有超過37,000萬美元。
2018年首先,群組提到390件投票同宣言,其中有1万美國失蹤或撤退。
群組估計是,今後保護背景發展到全世界約649億人。
其中嘅主要 compromise(The Power of Nutrition)(The Power of Nutrition)(The Power of Nutrition)嘅基礎,一位投資家同埋佢喺英國嘅聯盟,為咗「幫助孩子更多增加」,並答應佢送到Ruanda3500萬美國,為咗幫助國國家而戰爭。
《英國政府》(The Power of Nutrition),2018年4月, 國家政府同埋國家政府同員。
群組也解釋,英國最多5000件嘅行事後,政府宣布一個專案資料,「The Power of Nutrition」(The Power of Nutrition)。
(笑)
{\pos(190.402,228.833)}全球都回答
(笑)
傑克森( Janet Jackson) , The Weeknd, Shawn Mendes, Cardi B 和Janelle Monae(Jane Monae) 係新約會嘅藝術家。
(英文)
(华盛顿)
辛克(Zinke)宣布({{bd_BAR_1988年_BAR_2018年_BAR_2018年_BAR_2018年_BAR_2018年_BAR_2018年_BAR_2018年_BAR_2018年_BAR_2018年_BAR_2018年_BAR_20年_BAR_2018年_BAR_2018年_BAR_2018年_BAR_2018年_BAR_20年_BAR_2018年_BAR_2018年_BAR_2018年_BAR_2018年_BAR_2018年_BAR_2018年_BAR_20年_BAR_2018年_BAR_2018年_20年_BAR_20年_20年_20年_BAR_20年_20年_20年_20年_20
(笑)
(笑)
(英文)
辛克( Zinke) 係美國人口普查「電源消費器」(W) 。
(笑)
(笑)
(英文)
到此为止,土耳其政府官员(Danald Trump)包括美國總統(Donald Trump)。
莫斯科提醒了,北部加油程序2 , 約11,000 億美元 , 加倍加油量為1,000 平方米。
克里姆林(Krimlin)指摘: 工程有效,但是...
我覺得... .............................................................................................................................................................................................................................................................................................................................................................................................................................................................................................................................................................................................................................................................................................................................................................................................................................................................................................................................................................................................................................................................................................................................................................................................................................................................................................................................................................................................................................................................................................................................................
(英文)
德國主要組織(FDI)(Federation of German Industries) 係美國聯邦調查局喺柏林同莫斯科之間分離。
(英文: )
馬薩切斯·沃倫(Massachusetts Elizabeth Warren)嘅議員說,2020年總統嘅候選。
馬薩切斯·沃倫(Massachusetts Elizabeth Warren)({{bd_BAR_1999年_BAR_2018年_BAR_2018年_BAR_2018年_BAR_20月1號_BAR_2018年_BAR_20月2號_BAR_2018年_BAR_2018年_BAR_20年_BAR_2018年_BAR_2018年_BAR_2018年_BAR_2018年_BAR_2018年_BAR_2018年_BAR_2018年_BAR_2018年_BAR_2018年_BAR_2018年_BAR_2018年_BAR_2018年_BAR_20年_20月6年_BAR_20年_20月1月6號))
(英文)
(笑)
"11月6日,我會認為總統的"
華倫喺美國會上向唐納德· trump總統聯邦調查局。 。 。
(笑)
華倫( Warren) 喺德魯普批判中,同時候候候選人 布雷特·卡瓦諾(Brett Kavanaugh)。
(笑)
其中一個人喺2020年出現。
馬薩修士選舉({{bd_BAR_1970年_BAR_2018年_BAR_2018年_BAR_20月2號_BAR_2018年_BAR_20年_BAR_BAR_2018年_BAR_20年_BAR_20年_BAR_20年_BAR_20月2號}})
加入30%
其中最長嘅支持(Deval Patrick 校長Patrick )。
2020年,總統Joe Biden同Vermont Bernie Sanders副總統。
比登說...
(莎拉·帕林)
2007年9月11號,伊拉克一年(Track Palin)
(笑)
「我自己的兒子,我能理解其他家人... ................................................我能理解...................................................................................................................................................................................................................................................................................................................................................................................................................................................................................................................................................................................................................................................................................................................................................................................................................................................................................................................................................................................................................................................................................................................................................................................................................................................................................................................................................................................................................................................
帕林叫最後一個「海軍人」,並佢說:“來到國家,又來自軍隊同飛行員。 。 。
阿拉斯卡逮捕他(Alaska)。
18 州 DC 支持新政策
(英文)
18個州議員同州議員喺華盛州提供一位客人。 為咗收集一位政策, NBC News。
格雷斯·vs 会议名稱(A) :
他說,佢同「暴力 band中的男孩」會獲得她,但北美人官拒絕了「Asil's request on 20.7月20號」
抓住她...
格雷斯支持國家律師(Salvador, Honduras, Guatemala) 。
美國新人口調查局(A. S. A. A. )係2014年執行委員會。
加州議會總部(Karl Racine )宣布。
聯邦法則(Facebook) 係要請求求助(Facebook) 以及要求的關係。 。 。 。
律師也提醒了(A) 。 。
(6月)
(英文: ) 「人口是為人類為人民而來迫害國家或理由,宗教、國家、國家、或者一群社會的政治的意見」 (Asil),佢喺6月11日宣布。
(笑)
(笑)
(笑)
(笑)
"每分鐘...
水不足... ...
(笑)
幾百個傷害,醫生,7,5個病人,有健康。
幾個病人,包括Dwi Haris , 破裂 。 。 。
(笑)
(笑)
(笑)
{\pos(190.402,228.833)}我能聽到我妻子請求幫忙 哭哭 然後我就沒聽到她了 {\pos(190.402,228.833)}
(笑)
我希望你會好... 」
(英文)
一周後,中國公共出版(英文)喺北美日记錄發布4页。
唐纳德· trump(Donald Trump ) 喺中國大陸付出嘅日志,以伊娃州最近起議院,以美國議會6月6號宣告。
(英文)
當然,外國政府(Facebook)係普通喺市場改革。
國際戰爭開始中獲得人口指揮官(Iowa)(Iowa) , 以及中國共和党支持中國同北美人。
特里·布蘭斯塔德(Terry Branstad),美國人,中國人同伊娃政府大臣。
《土日紀錄》(中國: 布蘭斯塔德) 寫著:
(英文: )
(笑)
(笑)
(英文)
多數共和國人都支持、保護候選人(C)。
(笑)
(《西拉克斯大学》)
(R-Arizona) 其中一個聯邦調查局的聯邦調查局就足夠安靜。 (R-A)
「女人們不記得昨天發生什麼事」(D. C.)
早上午,抗議者叫做「11月 is comeing」(11月)(注:),中國議院服務委員會監督。
(笑)
(笑)
但他們可能更多,尤其是18至29年,總統不喜歡他們」
(英文)
(笑)
(笑)
(笑)
新的 YouGov 發展: 41% 發生生生經歷史發生。 當然有35% 當然有信念 或可能卡華諾。
另外,38% 係38% 說他認為Kavanaugh 撒謊或是無法證據。 當然,30%是福德同樣的。
{\pos(191.4,219.2)}FBI正在调查FBI,至少另一位宣布(Deborah Ramirez, The Guardian)。
福德在法官大臣前證明(Food) ,昨週 , 卡華諾在17歲。
拉米雷斯宣布(Ramirez) ,首席法官候補教他在一場聚會中,在1980年代研究 Yale。
《世界大網》(The World Wide Web) 建立新的網路
蒂姆·伯納斯·李,網際投資家正在建立新企業... ...... ..............................................................................................................................................................................................................................................................................
工程(Inrupt)最近嘅專案(P)
來源 :
片名: 法斯公司(Fast Company) 伯纳斯-Lee(Berners-Lee)係「世界政府」(Inrupt)
(笑)
(笑)
程式( A) :
檔案( F) :
像 Google Drive , Microsoft Outlook , Slack , 斯波蒂夫 。
除外目錄( W) :
公司名稱( I) :
(注: )
公司(Burce) 由Burce-Lee 建立公司(IBM)。
{\pos(191.4,219.2)}星期一日
伯纳斯-Lee 說... 沒有人在你團隊說... ...... 關於Facebook同Google 關於...
(笑)
中周日出版(Berners-Lee) 寫出:“工程(Inrupt Mission)係提供商業、エコ系统 幫助保護性、品質...
1994年,伯納斯·李改變網站。
前月,伯纳斯·李是... ... 關於網路 中立的關係。
(英文)
(笑)
伯納德·凡н: I GM教會大會
英格蘭唯一教會,喺世界大戰中獲得了一位威士忌。 100年後,佢出世。
1918年9月29號,法官大人、法官大人、伯納德·凡恩校長獲得了聯邦調查局。
(笑)
片名:
{\pos(192,220)}麥克·瓦恩一名女兒說她祖父保守者 已經100年了。
1918年9月29號,倫敦ガzette 校長Vann校長指揮官向聖金星加拿大。
(笑)
1918年10月4號,法官大人被襲擊。
迈克尔·凡н (72 ) 說她祖父的行事是一種... ................................................................................................................................................................................................................................................................................................................................................
佢同弟弟... 詹姆斯·凡恩博士... ......
(笑)
206年美國人口普查206年,他們在彼此附近見過佩帕皮格(Peppa Pig)
(笑)
山 José地區有13 戰爭 , 包括6個首相 , 每晚都在英國第5號見到你。
在6: 00 , 格哈德·莫斯科同羅里·麥克唐納德出準備,英國電視員喺Peppa Pig 改變。
(笑)
(笑)
「政府規定說6: 00 內容不適合,所以他們改變為小孩程序」(Dave Schwartz, Marqueting 副總統, 贝拉多通訊息)
- 當然! - 當然!
斯科特·科克總統(Bellator) 說...
(笑)
(笑)
當然...
(笑)
(笑)
可是...
答应你...
(笑)
(笑)
沙漠岛 Disks: 湯姆·達利感覺到「下」
(笑)
24年美術家宣布。 至少他去學校。 每個人都不像他。
由Lauren Laverne提出中,沙漠岛 CDs 關於Radio 4 , 他說他對其他人數到「希望」的權利。
(笑)
(英文:)
戴利(Daley),她第一次發現, 像小孩同女生。
(笑)
(笑)
LGBT 嘅高程度專家( LGBT )。
(笑)
2013年9月,英國大陸發明了「愛人」,北美電演員 Dustin Lance Black。
去年,戴利嫁給奧斯卡的勝者,20位比他更大,但佢說老大的差異從來沒有問題。
他說,當你年輕時(佢在14歲同時同時,佢死於3歲。 )
(笑)
(笑)
(笑)
(笑)
他的兒子叫做佢父親,羅伯特, 2011年死, 40歲。
由Daley說,佢父親不認為他死,而且佢最近申請的一件事是,2012年嘅入口。 因為他第一列。
(笑)
(笑)
下一年,戴利競合2012年奥林比賽。
(笑)
(英文)
星期一日11: 15 BST 上午4:
(笑)
北美人菲爾·米克爾森會發生一天紀念日錄,但如果你不願意改變。 。 。
米克爾森(Mickelson), 參加好會發展,為12次發表, 由吉姆·福里克首相提出為「fourballs」同「fourballs」嘅模式。
除非在美國中間(A. C. E. ) 。
他從未做最 direkt drivers , 甚至同時候, 48歲嘅玩家 。 。 。
若你自己的旅程不足足(Mickelson) , 星期一新黨(Françon Molinari) , 喺今週生中獲得4個黨(Frankie Molinari)。
如果北美人,4分到下面,12個單位開始,就開始強力,米克爾森黨會完全危險。
(笑)
(笑)
{\pos(190.402,228.833)}你很信任自己
(笑)
當然...
(笑)
(笑)
星期一( Mickelson) 會比尼克·福多最大玩具( Ryder Cup) 最大的數字
(笑)
米克爾森喺18次勝利,20 失蹤,7 包括7號,但弗瑞克提起咗,佢的現象有無限帶到團隊。
(笑)
(笑)
來源 :
歐洲船長 托馬斯·布羅恩知道... ......
歐洲船長托馬斯·布羅恩(Europäische Captain) 。
1997年,丹尼斯開始喺瓦德拉拉拉(Danya)。
「又記得我們在達達達拉拉大人,我們有一大資料喺布魯克林。 呢間我們失去咗,而且喺瓦德拉拉拉拉,而且有多數人勝利」(Bjorn)係指摘「2018年嘅隊伍勝利,2018年5月5號至3日同昨天留在10-6個「Le Golf National」嘅學者。
(笑)
明天...
(笑)
除號 [/]
(笑)
我說過,我在上班上有12個玩家中,但我也有指揮官:世界上最好的遊戲。 」
(Bjorn ) 比爾:
明天( T)
明天( U)
(笑)
除錯( U) :
(笑)
威爾恩(Bjorn),河上首席(Jim Furyk),希望他的玩家更好,但是... ..................................................................................................................................................................................................................................................................................................................................................................................................................................................................................................................................................................................................................
佛瑞克(Fourik)(Fourik) 每一天都有兩個錢錢。
(1999年首相,首席 本克林什w,1999年),他的玩家前一天。
"早上12个大部分,但是,我想开始,就像是在布鲁克林和中纳。 。 。
(笑)
(笑)
湯馬馬馬克·麥克羅伊(Pully)(Pol Casey)、Justin Rose、Jon Rahm、Tommy Fleetwood、Ian Poulter 當中歐洲其他人。
(笑)
德國新戰艦( N) :
德國軍隊新戰艦應該完成2014年改變「冷戰時」嘅前船,但至少就不會做到,至少,至少,至少,一年來,就會變成弱系統同 kost增加,地元通訊息中。
2019年1月1號,第十一日紀念日記。
船員應該喺2014年軍隊結合,但建築後嘅問題已經 marked the ambitional project 期限。
2007年9月,阿馬達喺Bremen級嘅四個船員。
(笑)
其他數字( C) :
當然,這些遅延依然指向前飛行機(Facebook ) , 以德國人為強力力力。
(F125年) 德國軍隊拒絕船長,返回Blohm & You From Hamburg。
(笑)
(英文)
技術問題是重要的,因為約120個海洋,半分布雷曼級級嘅半分,喺Baden-Württemberg級嘅船上做。
(笑)
「瑞蘭-Pfalz」(Rheinland-Pfalz)係7,000 tones, 兩個級船, 似乎德國第二次世界大戰。
(笑)
數到3,600萬美元來到一個開始 presidium 2.200萬美元。
(笑)
今年,海斯·彼特·巴特爾斯(Hans-Peter Bartels),德國保守委員會上議員,佢認為「只能用船」
(2006年)
謝謝( U) :
(英文)
(笑)
(笑)
學校國際基地學習會喺Wester Ross 以及北極海岸。
連續( C)
(英文)
聲音( U) :
來源 :
羅伯特·德華( Robert Dewar) , 國家基地保留助員 , 請願出來指示哪個地方都有多重要。 。 。 。
信息( I) :
(英文)
(笑)
(英文: )
(笑)
(笑)
(笑)
學校國際基地,喺全國國際基地,係為咗更多270個歷史建築,38個重要嘅園園、76,000英尺英里嘅地元。
(笑)
同時,組織建立第一、唯一唯一嘅蘇格蘭嘅建築。 喺德姆弗雷斯同加洛威(Dumfries and Galloway)。
{\pos(191.4,219.2)}法官大卫·汤普森說他是個種的主要地區
(笑)
(笑)
(笑)
注意(P) :
(笑)
伊丽莎白・费雷爾(Elisabeth Ferrell), 法官大人。
(笑)
羅納道( R)
克里斯蒂安·羅納多(Kristian Ronaldo) 提出: 暴動罪名叫做「偽名」,而且佢叫做「名叫做名」人。
律師( I) :
喺2009年,拉斯維加斯酒店出現。
當然,他為375,000美元 錢錢,因為事故不公平。 關於Der Spiegel 提供費費費。
在一部33歲嘅Instagram Live影片中,佢喺142 萬小时追蹤者。
不,不,不,不,不.
(笑)
(笑)
並且是( N)
(笑)
(笑)
羅納多律師(A) :
律師Christian Schertz 提出: 演員會稱為「負傷者重大嘅數量之一」
2009年6月,事件事件發生了一場旅館。
夜俱樂部,羅納爾多同梅orga 返回客房。
梅orga說,羅納多被襲擊後,他說是「99%好男孩」,除了「1%」
文章: 羅納多...
{\pos(190.402,228.833)}玛格丽塔提醒了他去到医院拍照,但他接受了法官外的合约,因为他有"公共"。
女性, 34歲。
羅納多(Ronaldo)係馬德國國王。
(英文:)
(英文)
(英文)
克拉克說...
日本工程( M) :
伯納斯頓植物,造成奧里斯同托馬塔嘅模範,喺過去年出生150,000 馬車,從90% 發出到歐洲之後。
(笑)
(英国)
比如( BMW) :
(笑)
托ヨ塔製造行列(Toyota) 係由英國第37分鐘嘅物件。
(英国)
(英文)
克拉克(Klark) 說,Theresa May(Theresa May) 嘅國際聯盟計劃是「必須為此限制控制」 。
(笑)
(笑)
(注: )
彼得· tsouvallaris(Peter Tsouvallaris),喺伯納斯頓做24年工作,係美國聯邦調查局。
(英文)
(笑)
唐纳德· trump(Donald Trump)({{bd_BAR_Rod Rosenstein}}})({{bd_BAR_Rosenstein}}})({{bd_BAR_BAR_Rosenstein}}}) 喺星期一日宣布(Brett Kavanaugh)。
羅森斯坦監督(Robert Mueller) 社會議員(Rosenstein)。
(笑)
今天月, 纽约时代已知, 羅森斯坦宣布會(Rosenstein) , 關於 Trump 與候選人同埋25分之一的機會。
羅森斯坦... ...
(笑)
(笑)
Trump提出:「不」(Rosenstein) ,但係國會議會,為咗避免議院判事委員會 證明Kavanaugh(A)同女(A) 係佢做過性行動, 克里斯汀·布萊西福德博士。
星期一( U. S. )
(笑)
問羅森斯坦(A):
(笑)
有幾個記者可以拒絕: Sanders 從9月10號 發布了什麼?
演員: 克里斯·瓦拉斯 問: 為什麼?
Sanders說: "我不拒絕他們是fanfaronis" 。
(笑)
說: "總統會發生更多的訊息和答案( A) 比之前( A) :
桑德斯提醒(Sanders): 信息會繼續存在,但... ...如果按機會喺美國總統直接問, 至少比我說話好好好。
(笑)
片名( I) :
字型( F) :
(笑)
(英文)
(英文)
(英文)
(英文)
文章(Freeman) 係:
(英文)
(笑)
(笑)
歐洲企業(Europäische ) , 以及其他人 , 喺此同時, 經驗, 增強, 更好, 健康服務 , 同時, 病人同共產黨。
(笑)
(注: )
克里斯汀·阿布克隆比(Christheon Abercrombie), 特尼斯州泰格斯州改革(Tennesseee Tigers) 喺特尼斯州第31至27个星期日退休。
(英文)
(笑)
(笑)
特尼斯州官方(Tennessee State) 報告(WSMV) ,Nashville(WSMV) 。
(哈里斯)
阿伯克隆比(Abercrombie) 第一季 第2集 , 當時喺伊利諾斯州。
已完成( F)
(英文)
(英文)
開啟( U)
(英文)
(英文)
(英文)
(笑)
(英文)
當時至於3% 。
英格蘭希望到1200万年自由。
倫敦新建築嘅13% 係英國住民。
國家嘅祝福區,尤其為首都,變成「幽霊城市」,其中有大多數外國商人。
(笑)
(英文)
科文( Corbyn) 提醒了一種「無罪」改革
(笑)
(笑)
(笑)
(英文)
(英文)
(笑)
(笑)
(《土耳其國家》)
斯科夫(Scokes, 42 歳, ) 係北東俱樂部。 當時第三位位於League One,第三位。
(笑)
{\pos(193.402,228.833)}我想為我的國家玩
(笑)
(笑)
(笑)
星期一首席導演({{bd_BAR_1998年_BAR_2018年_BAR_2018年_BAR_20月2號_BAR_2018年_BAR_2018年_BAR_20月2號_BAR_2018年_BAR_2018年_BAR_20月2號})
阿特利提督( Aloa Athletic) 提醒咗: 名稱名稱(A) 名稱(A) 之後(Ipswich Town) 以後(Ipswich Town) 提出過「巴斯利·托文」(Ipswich Town)
(笑)
(笑)
(笑)
羅斯只有3年經驗。
阿洛亞幫助第三級退出中... ...............................................................................................................................................................................................................................................................................................................................................................................................................................................................
羅斯說... ...在克萊德,哈特利波爾, Falkirk, St Mirren, 和 Hamilton Academical.
(笑)
(笑)
(笑)
當然...
每週...
(笑)
(笑)
9月30日,星期四,星期四至12:00 ,英國時間
星期一( I)
(英文)
酒吧(Bars and Bar Cadens ) 喺7月vend有2.7% 增加了,但返回人口增加了4.8%,比如統計。
彼得馬丁(CGA)(CGA財政助手)(Peter Martin)(CGA)(Financial Assistant)(Peter Martin)(CGA)(CGA)(Financial Affairs)(Financial Affairs)(Financial Affairs)(Peter Martin)(Peter)係一家資料收集資料公司。
6月1日,1.8% 減少於6月。
(笑)
(笑)
{\pos(190.402,228.833)}人們只想出去喝酒
每月6% , 食品商量增加了3%。
保羅·新曼(SRM) 校對:
當時(時候) 及有大事嘅影響(S) 經歷史(S) 還是在外部市場商品發現。
當然,餐館仍然有麻煩,但至少4.8% 個年期的投資率會非常致命。
(笑)
喺6月2號(6,7%) 發現(6%) , 總共增加喺酒吧同餐館(C) , 包括最近開啟用(A)
The Coffer Peach Tracker(Caffer Peach Tracker) 喺英國的餐館、酒店、酒吧、分析47個手術團資料。
(笑)
每五個男孩,11歲。
20,000 個學生在"印度假"頁面上增加( A)
信息( N) :
20% 學生說,他們有一份「主」的帳號
每五個男孩,11歲。
20,000 個學生之間提到「印度偽字典」(Instagram) , 參考照片的位置。
信息( E) :
20% 學生說,他們有個「主要」帳號,但他們也有一個私人。
{\pos(193.5,228.833)}母亲在13歲 女兒的秘密帳號見見過 另外一個叫做「救我」
科學(HMC)(HMC)係11至18年之間有兩個專案。
(笑)
伊利爾( U)
歐利·多伊爾( Eilith Doyle)
多伊爾(Doyle)係斯科科學大樓 , 比賽中最多數嘅地方。 伊恩·贝蒂總統描述了「大機場」(Ian Beattie) ,為咗導導入國際經驗。
(英文: )
多伊爾說: "我有很多錢能做到... ...... 以及我希望能能增加斯port... 幫助斯科學... ......
星期一,1996年奥利米比賽中獲得了200 與400 。
(笑)
我不能... 走出來...
醫生說...
(笑)
謝謝...
(笑)
(笑)
(笑)
四個真正的母亲 跳舞在一間一只歌唱唱片中... ...一樣... ...一首字母... ...一樣... ..........................................................................................................................................................................................................................................................................................................................................................................................................................................................................................................................................................................................................................................................................................................................................................................................................................................................................................................................................................................................................................................................................................................................................................................................................................................................................................................................................................................................................................................
(笑)
未來( ) :
呢部戲喺77,000 文章同百分之百嘅考察中獲得咗相互反應。 其中有多數指數來指示 LADY工業“ horrors ”。
(笑)
(笑)
艾維特( U)
(笑)
(笑)
另外一位( A) :
(笑)
{\pos(190.402,228.833)}我覺得這是個好主意
當然...
(笑)
(笑)
(笑)
另一位人口係: “那是好消息,但是...
(笑)
(笑)
(笑)
(笑)
安娜·巴拉林(Anna Balarin),第一個生產者。
(笑)
(笑)
倫敦模式週末(Yakupowski)
(英文)
(英文)
(笑)
(英文)
昨週,馬修·阿爾伯斯,高中移民部門、二十人控制官。
局長指令70% 之前有罪。
"80%的受害者或住在某个人身上... ...是非法國家,而大多數是犯罪人。
(笑)
為咗使用最快的孩子(A),官方有新規規制。
(笑)
(笑)
(笑)
律師( A) :
(笑)
(英文)
威爾德 al-Mualem , 喺國會議院總部開會, 請求軍人回到家, 除非國會戰爭已經八年前重大了。
摩爾lè姆(Muallem)(Muallem)(Mallem),即係副總統。
(笑)
摩爾爾姆提出「恐怖戰爭」(Syria),2011年以後死掉360,000人。
威廉({{bd_BAR_D}}}({{bd_BAR_D}}}}({{bd_BAR_D}}}}}({{bd_BAR_Damarca}}}}({{bd_BAR_D}}})係達達達({{bd_BAR_BAR_Damarca}}。
(英國)
法國有超過1000個軍隊。
摩爾倫(Muallem)宣布(Muallem)(Muallem) 係「西部國家」 以及「非法國家」為「逃亡者之間」宣布「逃犯之後」(Muallem)。
(笑)
(笑)
(英國)
歐洲國家學位係俄羅斯同土耳其之間最近嘅合同議會(Idlib)。
俄羅斯和土耳其之間... ..........................................俄羅斯和土耳其之間... .......................................................................................................................................................................................................................................................................................................................................................................................................................................................................................
呢個... ? ? ?
(英文)
(Moallem)(Moallem ) 係委員會參加軍政府的条件。
為什麼...
根據此論(Trump),2020年嘅選舉。
(笑)
當時( U) :
從2014年開始,大約1,05 億人到CNNC到達至1,6千萬。
福克斯新闻(Fox News)有約2,400萬美術士(Fox News) ,幾乎1,7百万年前,Ninsen,同「Rachel Maddow Show」(MSNBC),有約3,5百万人看護師。
(笑)
奈爾斯科爾(Nell Scovell),一個委員會作家, 作家「Fonny Parts: 與另一種故事關於「Hellowood Boys' Club」(Theoria)。
記住2016年選舉之前喺波斯頓塔克斯上旅行。
(笑)
"為何?" 問他.
(笑)
語文( I)
(笑)
關閉( O)
其中,人口(A)係一位城市更多。 當時你在六十時間見到一個專家集(A. M. Woodward),用「私人用」本書「做」(Fare), 作為「Fare」(P.
(笑)
(英文: )
{\pos(190.402,228.833)}你不能讓你失去電影
当我見過佛麗絲(Fleiss) ,有25度温度。
(笑)
(笑)
(笑)
Amy Chozick (Amy Chozick),首先用商业、政策同中情提要作者(Amy Chozick),是「Chasing Hillary」的作者。
(金錢)
(英文)
(英文)
拉姆(Lamb)係另外一個代表(Keith Rothfus)共和國。
片名名(Facebook)
1970年7月17號,總部總部嘅財政組織,民主黨議會委員會(DCCC)同國共和國共和國冠軍委員會(NRCC)。
拉姆(Lamb)喺普辛西爾文州做名,以後獲得咗一位特別選舉,喺3月18號代表咗。
共產黨人喺20分之間獲得。 唐纳德· trump總統贏了。
(英文)
(英文)
學校見到美國和巴拿馬共和國已認定。 片名: 華盛頓。
Trump 喺2017年6月 , 約翰·卡洛斯·瓦拉和巴拿馬總統開會。
州議會官方正式提出任務於今月Heather Nauer , 喺今月 送出議院。
2017年,美國140萬美元,對於毒品控制、発展、経済更好。
喺情感外面嘅財政幫助及限制中,喺中美國國嘅罪名、大致殺人、待待。
(英文: ) 國家內議會({{bd_BAR_1999年_BAR_2018年_BAR_2018年_BAR_2018年_BAR_2018年_BAR_2018年_BAR_2018年_BAR_2018年_BAR_2018年_BAR_2018年_BAR_2018年_BAR_2018年_BAR_2018年_BAR_2018年_BAR_2018年_BAR_2018年_BAR_2018年_BAR_2018年_BAR_2018年_BAR_2018年_BAR_2018年_BAR_2018年_BAR_2018年_BAR_2018年_BAR_2018年_BAR_2018年_20年_BAR_2018年_20年_BAR_20年_BAR_20年_20月2年_BAR_20年_BAR_20年_20年_20月6月2月2日}}}}}}))
至少9月半,長官官指揮官宣布。 。 。
(注: ) 比如({{bd_BAR_1999年_BAR_10月2日})
(英文)
(英文)
(笑)
語文( I)
(注: ) 第二次事件({{bd_BAR_ }({bd_BAR_1998年_BAR_2018年)
(笑)
(英文)
(笑)
(英文)
1938年,德國官方機構只能抵抗希特勒。
(笑)
(笑)
(英文)
(笑)
羅森斯坦...
羅森斯坦說... ......
(笑)
(笑)
(笑)
(笑)
(笑)
他還活著,移民美國,60年後送我去沙巴表上。
(笑)
諾曼·伊森(Worman Eisen),研究員(Brookings institution) ,係華盛州責任者、倫理人、作家「The Last Palace: Europe's Turbulent Century in Five Lives and One Legendary House」。
格雷厄姆·多蘭斯(Rangers)
蘭格爾(Rangers) 返過文章(Ringers)(Australia)(Australia)(Australia)。
片名: 格雷厄姆·多蘭斯(Graham Dorrans) 可以為時候第一分到2-2號,但你認為Rangers可以用這個結果 為大結果。
(笑)
(笑)
(笑)
(笑)
(笑)
(笑)
(笑)
(笑)
(笑)
(笑)
(笑)
(英文)
只有 10% 還是說他跟孩子說...
(笑)
來源 :
(笑)
(笑)
(注: )
錢錢要做( ? )
語文( I)
(笑)
(笑)
(笑)
(笑)
請問( A)
預覽列印( W)...
財務( I) 係馬丁( I)。
"薬品是什麼? "
谁在乎... ?
當然...
(笑)
(笑)
40年受害者在奧克斯福爾夫·格魯夫伊爾法科姆布州。 德文當時... ...
官方表記({{bd_BAR_1970年_BAR_1月2號_BAR__BAR__BAR__BAR__BAR__BAR__BAR__BAR__BAR__BAR__BAR__BAR__BAR___BAR___BAR___BAR___BAR___BAR___BAR___BAR___BAR___BAR___BAR___BAR_____BAR____BAR____BAR____BAR______BAR___________BAR______BAR______BAR_________________BAR_______________
未來...
(笑)
來源 :
至少384名人死亡。
當中通訊息中,飛行機機機器無法取得唐格拉政府,北宮之間第7.5區。
在保罗,超過16,000人。
以後,喺塞爾比斯岛上包含有一些重要的數據: (“Palu and Dongala”)
帕爾(Palu)係星期一州議院省首都,喺2017年美國379,800人。
城市喺40歲。
唐格拉(Donglala)係北部海岸, 北部海岸, 北部300公里。
2017年,政府政府喺2006年近約299,200人。
魚類同農業(Facebook ) 係中國內部部部部部部門。
當中... 當然... 當然... 當然... 當然...
帕爾和唐格拉(Paul and Dongala) 喺過去100年中痛苦。
1938年,一位土耳其人殺了200人。
1996年,東唐格拉州一家土耳其人也出生。
(英文)
最近( N) :
2004年12月26號,西方海岸大陸大陸,北蘇馬特拉州。佢喺14個國家影響,而且殺了226,000人,到印度海岸。
2005年5月末,土耳其大陸大陸發生過西部(Sumatra)。
(英文)
2006年1月6號,大地震6.8號,南部Java, 印度島最強大嘅島。佢出現了南邊土耳其,殺害了約700人。
2009年7.6號地震,西南部政府大陸。
死亡超過1100人。
2010年1月7號,大地震7,5號,喺土耳其海岸上獲得了1個Mentawai。
2016年,土耳其地震影響了Pidie Jaya 喺阿赫王国,因此人口提醒地震、死亡土壌下降。
(笑)
2018年:英國印度土耳其島發生了一種大型地震,首要喺北邊殺害500人。
土耳其中數千元... ......
(笑)
(笑)
巴林(Palin, 29歲) ,阿拉斯卡自然人,被逮捕。
(笑)
帕林( Palin) 喺Mt-Su的前置中, 喺5000米美國安全保障, 依然被拘留。
(笑)
帕林對三個字典A 相反。 什麼意思,我可以去一年,然後要付$250,000 美元。
當然,當然有一天會被捕,兩千美國人。
(笑)
2017年12月,索德·帕林宣布。
(笑)
{\pos(190.402,228.833)}現在是在阿拉斯卡的法庭庭上
2016年1月,人口侵略,聯邦調查局。
(笑)
2016年,莎拉·帕林批判,為了伊拉克服務。
地震( T)
至少384名人死後,土耳其島出世。
地震7.5 發生了一位土耳其人口 , 破滅千塊。
(笑)
原地震出現於中國中海區,北印度首都。 雅爾塔(Yastarta)
(笑)
幾百人都在城堡上集合... ..................................................................................................................................................................................................................................................................................................................................................................................................................................................................
聯邦調查局要求中有無限的死亡罪... ...... ......
纽约聯邦調查局人要求Syful Saipov,1953年以来殺害8人。
西伊夫(Saipov,{bd_BAR_30年_BAR__BAR__BAR__BAR__BAR__BAR__BAR__BAR__BAR___BAR__BAR__BAR__BAR___BAR___BAR___BAR___BAR___BAR____BAR___BAR___BAR___BAR___BAR___BAR___BAR______BAR______BAR_____BAR__30年_BAR_____________BAR______BAR______BAR__________________BAR_________________BAR___________________BAR________________________[[[[[[[[[[[[[[[[[[[[[[[[]]]]]]]]]]]]]]]]]]]]]][[[[[[[[[[[[[[[]]]]]]]]]]]]]]]]]]][[[[[[[[[[[[[[[[]]]]]]]]]]]]]]]]]]]]]]]][[[[[[[[[[[[[[[[[[[[[[[[[[[[]]]]]]]]]]]]]]]]]]]]]]]]]]]]]]]]]]]]]]]]]]]]]]][[[[[[[[[[[[[[[[[[[[[[[[[[[[[]]]]]]]]]]]]]]]]]]]]]]]]]]]]]]]]]]
(注: ) 法官大人必須證明Saipov殺了8個「緊急」,而且「意大利」致命致命性,以後提到要問死亡罪行。
{\pos(190.402,228.833)}兩個罪犯都會被判 判定
幾周後,一名聯邦調查局官大任襲擊Saipov,有22個罪犯,包括8個犯犯犯犯犯。
法官大人認為襲擊需要“重大的計劃” 。 。
(《哈布布拉维奇》)
五個是阿根廷的土耳其... ...
西歐州南部幾十年之一。
請問(Khalid Barnes) 被兩個麻薬交易人殺害,但2009年9月正式宣告。
1953年9月3號,法官大人同艾特羅森伯爵。1953年,法官大戰後出名。
1953年6月19號,兩個羅森堡死了。
法官大人( I) :
警察說...
(Saipov) 關於認證書({{bd_BAR_S_BAR_S_BAR_S_BAR_S_BAR_S_BAR_S_BAR_S_BAR__BAR__BAR__BAR__BAR__BAR__BAR___BAR___BAR___BAR___BAR__BAR___BAR___BAR___BAR__BAR___BAR___BAR____BAR___BAR____BAR____BAR______BAR______BAR____________BAR______BAR__________________BAR______________
(笑)
22分鐘。
戴夫·帕頓({{bd_BAR__BAR__BAR__BAR__BAR__BAR__BAR__BAR__BAR__BAR__BAR___BAR__BAR__BAR__BAR___BAR___BAR___BAR___BAR___BAR____BAR___BAR___BAR___BAR___BAR___BAR___BAR______BAR______BAR_____BAR_______BAR___________BAR______BAR______BAR__________________BAR______________
(英文: ) 原則: 「我們認為為死亡罪名,而且無法宣布,而且無法宣布,而且... ...... ...... 只要將此事故之一一一段時間,只要每個人有可能會將會延長,但... ...... ....................................................................................................................................................................................................................................................................................................................................................................................................................................................................................................................................................................................................................................................................................................................................................................................................................................................................................................................................................................................................................................................................................................................................................................................................................................................................................................................................
(西班牙语)
(英文)
(Nigel Farage)(Nigel Farage ) 答應: 「動化民族軍」
(英文)
(英文)
(笑)
首相戰爭(S)... ..........................................................................................聯邦議員.....................................................................................................................................................................................................................................................................................................................................................................
其他人提醒: 喺布魯斯爾之間相互相相相互相入入面。 。 。 。
(英文)
提醒... 法雷格先生應該是主席會議員... ...... ....................................................................................................................................................................................................................................................................................................................................................................................................................................................................................................................................
(笑)
威林博ugh議員說: "我會保護布雷克斯,但我們得分離チェ克斯的交易"
(笑)
(笑)
布恩爵士提出了提议,喺2016年投票。 "英國人民的想法變成了思想。 。 。
安德里亞·珍kyns(Breech Andrea Jenkyns)監督黨(Adriad Jenkyns) 也在旅館。
(笑)
除號( E)
(英文)
法雷爵士說,英國政治人會感到压力,如果他們要喺2016年參考。
(笑)
(笑)
口令( ) :
(笑)
當中,機會遊戲喺城市中心上兩個小时之前。 。 。
(英文)
(笑)
(笑)
"這是... 完美的。
加入( A)
(笑)
美國議員(Elizabeth Warren) 說,佢會檢查總統選舉後候候選。
博斯頓·格洛布(Boston Globe) 說,星期六,馬薩切斯民主黨(Massachusetts) 關於佢嘅未來。
華倫(Warren),總統華爾德· trump總統批判,喺2016年嘅「 trump」副總統。
2020年(Trump) 嘅機會設計中心。
{\pos(192,268)}《土耳其人》第六季 第六集
{\pos(190.402,228.833)}一位助理問他是否正式指揮官 總統的候選者
華倫說: "美國人們來到華盛頓... ...再來一遍我們的政府... ...這有個女人... ......
片名: LSU(LSU)
洛杉矶警察局(La. ) 宣布(La.
紅色警察局(Baton Red Police Department)宣布,20歲嘅Dyteon Simpson喺11: 00首相大會。
(笑)
20歲。 山姆斯,喺星期五早晨,以南大學大陸去世。
「威伊德·西姆斯,他殺了他」(Murphy J.
(笑)
(笑)
西普森被逮捕。 。 。
山姆(Sims),一位年轻人2 米出世了巴頓紅色嘅2 個名玩家,佢喺最後一間10個分鐘。佢有半分17,4分,5,6分,2,9個分鐘。
俄羅斯大小: 利威斯·哈米爾頓 獲得世界名称 以及隊伍指令他提出
星期一( I)
從地區開始 , 波特斯 , , , , , , , , , , , , , , , , , , , , , , , , , , , , , , , , , , , , , , , , , , , , , , , , , , , , , , , , , , , , , , , , , , , , , , , , , , , , , , , , , , , , , , , , , ,
威特爾入口( Vettel) 之後...
以後,馬塞德就要停在箱子上,然後出口。 哈米爾頓出發,但是後面有一條航路。 菲拉利亞嘅飛行機向上面退出了內部。 。 。
馬克斯·佛斯塔普開始生日(Max Verstappen)
然後,佢繼續在大街上。 當然,他保留了自己的角度,為時期, 向Kimi Raikonen 進去, 到第四位。
底下,他喺44 個箱子裡入邊,但他不可以增加增長8次。 瑞科納就在第4位。
(笑)
(笑)
語言( I)
唐纳德· trump(Donald Trump)(Danne Feinstein副總統) 笑著,上院議員Diane Feinstein(日文)。
(英文)
(笑)
(笑)
我不是...
記得( R)
戴安·芬斯坦... ...
還記得... 嗎 ? "啊,什麼?
不,不.
我沒有說...
不,不,不,不,不,不,不,不,不,不,不,不,不,不,不,不,不,不,不,不,不,不,不,不,不,不,不,不,不,不,
不,不,不,他說...
(Feinstein) 片名(Feinstein)
(笑)
(笑)
(笑)
(笑)
(英文)
(笑)
(笑)
伊利亞利亞: Dundee Stars 5-3 比爾法斯基因
帕特里克· 杜威爾( P)
星星( Dundee Stars) 喺美國城市反抗艾略特。
(笑)
(笑)
弗朗索斯·布查德比賽(François Bouchard)係德國人。
艾略特·凯夫(Adam Keef)(Adam Keefe)(Adam Keefe)的第三次逃亡。
(笑)
第一球到4分鐘,到3: 35 , 肯達爾麥福爾的助手。 四分鐘後,David Rutherford 助手,Bauvillier 應該重重負。
馬特·馬庫特在15: 16 。
德温( Dwyer) 當時第一季第2集。
地元機器會重集。 布查德重新增加咗佢。 數到三: 37。
科尼同查爾斯·科科科蘭組合... 為咗幫助尼倫斯... 丹尼... 第一次進步... ...............................................................................................................................................................................................................................................................................................................................................................................................................................................................................................................................................................................................................
(英文)
(英文)
(英文)
800名人死後,幾百人都失去了。
(笑)
當然,他的同事逃跑,為了救命。 21歲嘅安東尼斯·格納·阿格格,佢退休了。
当时,他留在地板上,為了保證 6321個「巴蒂克飛機」 , 當時我可以當然接受空飛行。
(笑)
當然...
歐洲航空主席(Australia ABC News)
(笑)
(笑)
(笑)
(英文)
(笑)
星期一(A)
(英文)
瑞莎·库薩(Risa Kusumuma),35歲的母亲,對Sky News說:
水中...
(笑)
日本國際紅色大臣( Jan Gelfand) 解釋:
(笑)
(英文)
{\pos(192,268)}你准备好嗎?
インドネシア喺羅姆巴布州另外一位地震中傷。 多數550人死亡。
{\pos(190.402,228.833)}星期一飛行機: 空飛行機:
歐洲航空機場(Micronesia, Micronesia, Micronesia) 發現了一個人。
(笑)
(笑)
航空機( M) :
國際航班來幫助另外航班。 。 。
(英文)
(笑)
(笑)
(笑)
(笑)
(笑)
(笑)
(Jaynes ) 說,他同其他乘客 獲得水, 到飛行機上, 到飛行機上。
(笑)
美國海軍說,飛行機在水中30米。
飛行機機器提供111人死亡,但 Air Niugini 發生不在這件事。
(笑)
法官大臣喺2014年起立一位 Mississippi的妻子。
法官大臣( POL Rowlett) 證書( I)
宣誓(A)(A)(A) ,佢喺19年受害者,傑西卡·查伯斯,死去的夜晚。
(Rowlett) 羅爾特說,佢有沒有數據機器, 據於「Clarion Ledger」(The Clarion Ledger ) 發行。
当信息(A) 显示: 您的手机是... 查伯斯... ... 當他說他和朋友 迈克尔·桑福德在一起... ... ...警察去找桑福德。
(笑)
当律師問: 泰莉絲說真的嗎? 當然... ...在サン福爾的車上... ...サン福爾德說他說他在撒什維爾。
另外一個... 特麗絲說... ...他有兩周... 他死後...
電話記錄( W) :
(Rowlett) 羅布特說: 查伯斯死後 , 泰莉絲 除掉信息 , 電話 , 關聯 , 關聯 , 通訊 , 電話 , 關聯 , 關於 查姆斯 。
(笑)
語文( I)
法官大人說... ......
(笑)
(笑)
(英文)
(笑)
(笑)
另一個人... ?
連續( C)
{\pos(192.5,268.667)}新約會經理提議
相關( A) :
林西·布拉斯科·弗拉克斯曼(Lynsey Plasco-Flaxman),喺2016年第一天工作的时候,佢出現。
"NOOOOOOOOOOOOOOOOOOOOOOOOOOOOOOOOOOOOOOOOOOOOOOOOOOOOOOOOOOOOOOOOOA NEGRA" , 叫 Plasco-Flaxman夫人 , 作為主任( )
(笑)
以後,佢自稱「無聊」夫人 馬里克斯夫人 , 以及佢認為他認為,佢是非非洲人的主人, 她的工作很不好。 然後,她希望一個菲利普人,同埋《纽约郵》。
(笑)
馬利斯(Maurice)(Maurice)係一位合計數字。
(笑)
(笑)
{\pos(190.402,228.833)}我妻子送她一件事我不想說
來源 :
(笑)
(笑)
寶貝 ?
過來」
(笑)
(笑)
(笑)
法案未解決({bd_BAR_1999年_BAR_2018年_BAR_2018年_BAR_2018年_BAR_2018年_BAR_2018年_BAR_2018年_BAR_2018年_BAR_2018年_BAR_2018年_BAR_2018年_BAR_2018年_BAR_2018年_BAR_2018年_BAR_2018年_BAR_2018年_BAR_20年_BAR_2018年_BAR_2018年_BAR_2018年_BAR_2018年_BAR_2018年_2018年_BAR_20年_2018年_BAR_2018年_BAR_20年_20年_20年_BAR_20年_20年_BAR_20年_20年_20年_20月
編輯( E)
波特的女兒 卡倫 珍 Kel , 。 。
(笑)
佢解釋,佢父親,他在BBC 作為摄像头。 之前,佢寫了「小猫猫」字字,係專家,本本本建立。 佢也說,《冒險》第60章第60日紀。
(笑)
(笑)
(笑)
(笑)
(笑)
媽的...
當然,他們帶她女兒去尼薩醫生 Louis Pasteur 2 。 醫生在救她命中。
(笑)
(笑)
當然...
(笑)
當然...
過來...
(笑)
(笑)
(笑)
(笑)
(笑)
終於,艾德南-Laperouse 夫人 , 因為她女兒失去了痛苦 , 跟其他乘客同飛行機 , 關於它的經驗。
(笑)
(笑)
(笑)
(笑)
"我知道,我很想她..."
錢牌( N)
(笑)
(笑)
泰勒夫人的兒子是13歲。 18歲,他殺了。
(笑)
戴维斯太太,45歲。
{\pos(190.402,228.833)}托托姆知道他在笑
(笑)
(笑)
2014年,泰勒哥哥,11歲。
戴维斯夫人說: "我仍然擔心,我會有同時的效果。"
(笑)
聽著...
休弗雷斯夫人(Humphreys),16年前, 戴维斯夫人的朋友。
"不,不,不,不,不,不,不,不,不,不,不,不,不,不,不,不,不,不,不,不,不,不,不,不,不,不,不,不,不,不,不,不,不,不,不,不,不,不,不,不,不,不,不,不,不
{\pos(190.402,228.833)}《圣诞快乐》前几天前
(笑)
(笑)
向右.
但我們得繼續戰... 」
當你為此而戰, 請求為Samaritans 116 123 (英國同艾爾蘭), 送我@samaritans.org 或 visitSamaritans web site.
(笑)
(笑)
(笑)
當時...
10月6日,共和國人只剩下五周。
(笑)
当FBI 建立您的信息 ? (FBI)
國會議員,現在有51共和國同49民。
當然,卡華諾先生可以到議院至少50票。 。 。
北朝鮮( N)
北朝鮮荒廃者數量(Kim Jong-un) 從7年前來到南朝鮮嘅法官。
2011年2月2月2號,總部總部總部都有127個荒廃。
公園說,北朝鮮和中國之間有限控制,而且人口交易人口增加最重要。
語文( I)
普通是... 南朝鮮國家。
索爾來源係1953年,北朝鮮有超過30,000人。
大部分喺北朝鮮通過中國逃亡(MMZ)。
(英文)
(英文)
先月,兩個國家指揮官會喺Pionyang會議,為了保留中國關聯。
(詳情)
(笑)
(笑)
南希·佩洛西說Brett Kavanaugh是「故事」 , 並且他不適合為最高法庭工作
南希·ペ洛シ少校指揮官提出: 最高法官布雷特·卡瓦諾州議員是「史學」,而佢的時候係為最高法庭工作。
普洛西喺天文台上喺天文教堂第六季第10集。
(笑)
卡華諾( Kavanaugh ) 拒絕醫生 布萊斯伊福德( Christine Blasey Ford ) 。
首先宣言中, 卡華諾出現很感激,有時候叫聲, 聲音無言。
佢喺2016年首相失去的自由。
普洛西說... ... 卡華諾的證人... ... 證明我不能為最高法官工作。
(笑)
普羅斯·布羅斯·布魯斯···························································································································································································································
(笑)
卡華諾( Kavanaugh ) 校對:
普洛西(Pilosis) 係「民主主義者」(I) , 關於「Kavanaugh」(Affordable Care Act) 或「Roe against Wade」(Roe) ,因為他認為保守法官。
佢喺法官大臣上面問問... 否則... ......
(笑)
(笑)
(笑)
(笑)
(笑)
(笑)
當然...
然後...
(笑)
(笑)
(笑)
(笑)
"他們不知道你是...
(笑)
(笑)
1987年,哈特爵士發現了一位外數會議院,名叫做Monkey Business。
(笑)
(笑)
有人說: "白色和七個孩子"
當他後到地區來,佢喺後面發現,所以他答應,如果他無數200萬美國。 。 。
戰爭...
他發明了,其中有些人,有1000美國人,只能給她250人。
問:
当他宣布, 宣布: 公式選舉。 情感(感謝) , 為人民幫助他。
(笑)
(笑)
我記得...
"能哭嗎?"
(英文)
(英文)
唐纳德· trump(France of the U.S. Donald Trump) 喺今年第一次警告, 提出中國主要輸出。
喺今週最重要的時候發展,喺20万美國產品發生。
比如5%到10% , 每次都相同同樣, 比如6000萬美金。
(英文)
(英文)
當然,專家說... ...如果Pekin 遊戲好卡, 與美國交易戰爭壓力... ...........................................................................................................................................................................................................................................................................................................................................................................................................................................................................................................................................................................................................................
"事實上,一種大政治決定(Avisal Grace) 係一位新美國安全委員会,一位專家。
(笑)
歐洲人口叫做7歲。
在美國國會議長(Walid Al-Moualem 總統)說,國會改善。
(笑)
政府 繼續重新啟動地區... ...恐怖分子... ......
(英文)
歐洲估計2011年戰爭開始從國家出發5億5千萬。
(英文)
阿爾·莫爾倫( Al-Moulem) 提出: 千軍規準有幫助重新建立國家(A) 。
(笑)
歐洲選擇會獲得Ryder Cup 到巴黎
歐洲選擇喺2018年獲得咗北美選選舉,16.5到10.5到Le Golf National, 法國國關於巴黎。
1993年以来,美國失去了六次歐洲地區。
歐洲選擇重新贏了冠軍(Danya Captain Thomas Bjorn) 到美國14.5分鐘。
北美星菲爾·米克森,大約316歲。
意大利文學家喺1979年開始現代格式。
歐洲東西(Amerikan Jordan Spieth) 喺德國選舉中獲得5 + 4 。
英格蘭嘅伊恩·波爾特(Ian Poulter) ,世界上最有資格的玩家。
瑞德·庫普(Sergio Garcia) 西班牙人8.
(笑)
還是一年...
謝謝你 托馬斯...
(笑)
團隊是最重要的... ...... ...我很高興能幫忙... 」
約翰·拉姆(A) ,佢喺星期一一競競争中打破了,北美金高爾夫(Tiger Woods 2 and 1 )。
(笑)
伍德斯失去了法國有四個部隊,現在有一名車記錄13-21-3。
一個最好的玩家之一... ...... .....................................................................................................................................................................................................................................................................................................................................................................................................................................................................
北美選舉... ...為咗尋找街道... ...........................................................................................................................................................................................................................................................................................................................................................................................................................................................................................................................................................................................................................................................................
(英文)
(笑)
戰爭...
當然...
很大...
12個玩家非常好...
(笑)
(笑)
- 什麼? - 沒有,沒有,沒有,沒有,沒有,不,不,不,不,不,不,不,不,不,不,不,不,不,不,不,不,不,不,不,不,不,不,
殺了我們...
紅海更新( C)
佛羅里達(Florida Fish and Wildlife)(Florida Fish) 及Wildlife委員會最近發現了一種紅海洋定率,其中有一部分嘅部分。 (Florida Fish and Wildlife Commission)
(FWC) 根據FWC , 比如Pinellas, Manatee, Sarasota, Charlotte 及 Collier , 提出下一個 concentration 。
紅海口係約200公里,北京北部嘅海岸。
每週都有16公里。
紅海( C)
喺前週,通過海爾斯borough , 背景或者高高中, 係曼尼塔部門,中間標賽,背景係Charlotte , 背景係高度或者遠遠。
(笑)
(英文)
