Triumph der rechten Populisten in Österreich, zusammen 29 Prozent
Die spürbare Schwächung beider Seiten der bisherigen großen Koalition und die deutliche Stärkung der rechtsgerichteten populistischen Parteien haben die ersten Vorergebnisse der sonntags verfrühten Parlamentswahlen in Österreich gebracht.
Besonders starke Verluste erlitten die österreichische Volkspartei (ÖVP), wo die Position des gegenwärtigen Präsidenten Wilhelm Molterer ernsthaft erschüttert wird.
Im Gegenteil, der Wahlchef der Union für die Zukunft Österreichs (BZÖ), der Kärntner Jörg Haider plant eine triumphale Rückkehr in die nationale Politik.
Nach den vorläufigen Ergebnissen bleibt die stärkste Partei im Land der Sozialdemokratie (SPE) mit 29,8 % der Stimmen, verliert jedoch 5,5 % der Stimmen gegen die letzten Wahlen von 2006.
Schlimmer noch: Die ÖVP verliert mit 25,6 Prozent fast 9 Prozent der Stimmen.
Dies sind die schlimmsten Ergebnisse dieser beiden großen Parteien in der österreichischen Nachkriegsgeschichte und vor allem bei den Menschen, die die Vorwahlen ausgelöst haben, ein buchstäblich katastrophales Ergebnis.
Noch Anfang Juli, als die ÖVP aus der Koalition austrat, hatten die Menschen einen großen Vorsprung vor der SPÖ.
Doch die Wähler bestraften sie offensichtlich, weil sie die Regierung scheitern ließen.
Schon in den ersten Reaktionen auf die Ergebnisse wurden Spekulationen über den möglichen Rücktritt des Parteivorsitzenden und des amtierenden Vizekanzlers Wilhelm Molterer geäußert.
Die Beobachter sind der Ansicht, dass dies bereits am Montag bei einer außerordentlichen Sitzung des Präsidiums der Partei geschehen könnte.
Eine solche Entwicklung würde den Weg zu einem immer wahrscheinlichsten Ausgang aus dem Wahlergebnis, d. h. zur Wiederherstellung der großen Koalition SPÖ und ÖVP, erleichtern.
Angesichts der Stärkung der beiden rechtspopulistischen Parteien - der freien Parteien (FPÖ) - haben die Sozialdemokraten vorläufig 18 % und der BZÖ 11 % der Stimmen gewonnen. Gleichzeitig äußerten die Sozialdemokraten Bedenken über die Wiederholung des Jahres 1999, als die Menschen mit den Populisten verhandelten (damals war die FPÖ noch vereint, hat sie sich 2005 von der BZÖ abspaltet) an eine gemeinsame Regierung, die sogar Sanktionen durch die Europäische Union ausgelöst hatte.
Auf diese Entwicklung setzt Haider, der bereits erklärt hat, dass er bereit ist, mit jeder Partei zusammenzuarbeiten und eine Rückkehr nach Wien in die nationale Politik zu erwarten.
Die Grüne Partei kam ins Parlament, aber sie verlor leicht und fiel zwischen den österreichischen politischen Parteien vom dritten bis zum fünften Platz.
Offensichtlich hat keine der anderen Parteien die 4%-Grenze überschritten und ist nicht ins Parlament gekommen.
Schwarzenberg: Die Beziehungen zu Indien können sich abkühlen
Wenn es nicht gelungen wäre, das Problem mit tschechischen Wissenschaftlern zu lösen, die in Indien wegen illegaler Käfersammlung angeklagt wurden, hätte es nach Ansicht des tschechischen Außenministers Karl Schwarzenberg zu einer gewissen Abkühlung der tschechisch-indischen Beziehungen gekommen.
Der Minister hat das nach dem Treffen mit seinem indischen Gegenstück Pranab Mukherji in New York erklärt.
"Wenn es nicht gelöst worden wäre, dann ja, dann wäre es zu einer gewissen Abkühlung gekommen", sagte er nach einem Treffen, das auf tschechischer Initiative stattfand.
Nach der Verhandlung sagte Mukherji, die Exekutive könne sich schwer in Gerichtsverfahren einmischen.
Allerdings erklärte er, dass die Zentralregierung im Fall von Peter Švacha, der von der Anklage freigesprochen und mit einer Geldstrafe bestraft wurde, mit der örtlichen Regierung in Dardjeling verhandeln könne, deren Zuständigkeitsbereich die Sache sei.
"Sein Problem könnte gelöst werden", sagte der Minister.
Für Emil Kučera, der zu drei Jahren Gefängnis verurteilt wurde, wäre es nach Mukherji das Beste, sich zu einer höheren Instanz zu berufen.
Er kann dann die Kaution beantragen und auf das Urteil auf freiem Fuß warten, erklärte er.
Schwarzenberg bestätigte, dass sein Partner sich auch in den Verhandlungen ebenfalls geäußert hatte.
"Er empfiehlt eine Berufung vor einem höheren Gericht, dann wäre es möglich, ihn zu begnadigen", sagte der Chef der tschechischen Diplomatie.
Der einzige Weg, wie die tschechische Partei in die Sache eingreifen kann, ist, den verurteilten "kompetenten Rechtsschutz" zu gewähren, sagte der indische Minister.
Gleichzeitig sagte er, die indische Partei habe ihnen bereits solche Hilfe gewährt.
"Wir sind sehr daran interessiert, die besten Beziehungen mit Indien zu halten, die eine lange Tradition haben.
Auch die Inder erkennen dies an", sagte Schwarzenberg.
Gleichzeitig betonte die Tschechische Republik vor ihrem Partner, dass sie dem Problem der tschechischen Entomologen große Bedeutung beimisst.
"Wir halten die Verhaftungen und Anklagen dieser tschechischen Wissenschaftler wirklich für einen tiefen Irrtum", erklärte er.
Die Antwort auf die Frage, ob er von der indischen Seite das Versprechen erhalten hat, sich um die Angelegenheit zu kümmern, hat der Minister vermieden.
"Ich habe schon ziemlich viele Versprechen", sagte er nur.
Die Tscheche verurteilt den Kampf um den Meeresboden
Sie gehen zu einer elektronischen Wandkarte, auf der Australien und die angrenzenden Meeresgebiete dargestellt sind.
Aber der Kontinent interessiert ihn nicht, sondern ein kleiner Punkt, der im blauen Ozean verloren ging.
"Die Insel gehört Australien und mit ihr den angrenzenden Meeresboden.
Das Gebiet ist so groß wie der Kontinent selbst", sagt der italienische Anwalt Luigi Santosuosso, der zum 30-köpfigen Team der UN-Abteilung für Meeres- und Meeresrecht gehört.
Sein Chef, Abteilungsleiter, tschechischer Anwalt Václav Nikolka, beobachtet die Interpretation und ergänzt sie manchmal.
Hier herrscht Arbeitskraft und Begeisterung.
Der Meeresboden hat noch wenig bekannte Welt, reich an natürlichen Ressourcen.
Es gibt Öl, Erze und andere mineralische Rohstoffe, aber auch unbekannte Lebewesen, die den Schlüssel für die Entwicklung eines Heilmittels gegen Krebs haben.
Der Boden ist größer als das Festland
Die Küstenstaaten haben heute begonnen, sich um neue Meeresgebiete zu bewerben.
Nach dem UN-Übereinkommen nutzen sie ihre Rechte, die sie 1982 in Montego Bay, Jamaika, vereinbart haben.
Es handelt sich vor allem um ein Gebiet des so genannten Festlandsockels, das oft mehrere hundert Kilometer von der Küste des Landes entfernt ist.
Sie hat nach dem Übereinkommen ausschließlichen Anspruch auf alle Ressourcen des Festlandsockels.
"Vereinfacht gesagt, hinter dem Festlandsockel befindet sich der Teil des Meeresbodens und dessen Untergrund, der eine natürliche Fortsetzung des Kontinents unter dem Meer ist.
Er geht über die Küstengrenze hinaus, oft sogar über 200 Seemeilen, die sogenannte ausschließliche Wirtschaftszone", erklärt Nikolka.
Der Antrag eines Landes an die Kommission zur Abgrenzung der Außengrenzen des Festlandsockels muss durch umfassende wissenschaftliche und technische Unterlagen gestützt werden, die auf zahlreichen kostspieligen Erhebungen und Messungen beruhen.
Sie ist das Ergebnis jahrelanger Vorbereitungsarbeiten.
"Eine unserer Aufgaben besteht darin, der Kommission rechtliche und technische Hilfe zu leisten.
Die Kommission hat bisher fünf Anträge von Russland, Brasilien, Australien, Irland und Neuseeland geprüft.
Nur drei der letzten Länder haben Erfolg gehabt", fügt Nikolka hinzu.
Die weltweiten Resonanzen haben kürzlich den Erfolg Australiens zur Kenntnis genommen, der seine Unterwasser-Fähigkeiten als erste erheblich erweitert hat.
Aber auch Neuseeland - die Größe des Meeresgrundes, die ihm die Kommission letzte Woche eingeräumt hat - ist etwa 1,6 Millionen Quadratkilometer lang, etwa sechsmal so groß wie der Staat selbst.
Beide Länder haben Millionen von Dollar in die Umfrage investiert.
Der Gewinn, den sie in Zukunft aus der Nutzung des Meeresbodens ziehen werden, wird, wie versprochen, von unschätzbarem Wert sein.
Andere Staaten werden ihre Anträge nacheinander einreichen.
Sie können dies bis zu zehn Jahren, nachdem sie das "Montego Bay-Übereinkommen" ratifiziert haben, tun.
Dort, wo der Festlandsockel endet, beginnt die Region des Meeresbodens, eine Konvention, die als "gemeinsames Erbe der Menschheit" erklärt wird.
Hier hat kein Staat mehr die ausschließliche Stellung.
Das Bergbaurecht in diesem Bereich wird durch die durch das Übereinkommen geschaffene internationale Einrichtung gewährt.
"Der Meeresboden ist aber kein Klondajk", sagt Direktor Nikolka in seiner Übertreibung, dass "die einzelnen Bereiche rechtlich klar definiert und ihr Regime vertraglich verankert sind".
Tschechen im Pazifik
Ein Teil des Meeresbodens gehört heute auch der Tschechischen Republik.
Sie teilen sie mit anderen Staaten des ehemaligen Ostblocks im Rahmen der gemeinsamen Organisation "Interoceanmetal".
Sie erhielt 1991 gemäß dem Übereinkommen, wie auch die Investoren einiger anderer Staaten, den Status eines so genannten "Pionierinvestoren".
Es ist berechtigt, in der Zone Clarion Clipperton im Pazifik zwischen Mexiko, Hawaii und Kiribati zu bohren.
Das von einem Investor untersuchte Gebiet ist etwas größer als die ehemalige Tschechoslowakei.
Der Boden ist gegliedert, es ist eine Art Unterwasser-Relikt der Tatra.
"Sie können dort auf einer Fläche von insgesamt 75 000 Quadratkilometern abbauen.
Das Gebiet ist reich an polymetallischen nickel-, kupfer-, kobalt- und Mangan-haltigen Spezialitäten", so ein weiterer Anwalt des Inders Pakshi Rajan.
Der mazedonische Mitarbeiter der Abteilung Rober Sandev bringt eine solche Art von Screening.
Es erinnert an eine kleine Kartoffel oder, bei ein wenig Fantasie, an einen Mythos, der Golem nach der Legende wiederbelebt hat.
Die deutschen Spezialeinheiten waren bei der Befreiung der Geiseln
Die ägyptische Regierung hat bei der Lösung der Geiselkrise um Hilfe aus Deutschland gebeten - Experten sind angekommen.
Als sich die Situation verschlimmerte, waren die Spezialeinheiten bereit, aber es gab keinen Einsatz.
Weitere Einzelheiten über die Umstände der Befreiung von elf entführten europäischen Touristen in Ägypten werden nach und nach an die Öffentlichkeit gebracht.
Nach Angaben der Verteidigungs- und Innenministerien waren auch deutsche Sonderkräfte indirekt an der Rettungsaktion beteiligt.
Laut den Ministerien waren sowohl die Experten der Bundesarmee als auch die Mitglieder der Antiterrorpolizeigruppe GSG9, die Geschwader der Bundespolizei, das Bundeskriminalamt sowie die Logistikexperten des Technischen Hilfsdienstes (Technisches Hilfswerk) am Ort der Befreiung.
Nach einer weiteren Mitteilung der Sprecher der beiden Ministerien am Montagnachmittag war es jedoch nicht nötig, dass die deutschen Streitkräfte ihre Gefangenen freiließen und flohen, als sie die Anzeichen einer gewaltsamen Befreiung erkannten.
Die ägyptische Regierung habe die von Deutschland angebotene Hilfe als Unterstützung für die Aktion vor Ort angenommen.
"Das ist zum Glück nicht passiert", sagte einer der Sprecher des Bundesministeriums des Inneren.
Die Angreifer entführten eine Gruppe von Reisenden, bestehend aus fünf Deutschen, fünf Italienern, einer Rumänin und acht ägyptischen Führern am 19. September im Süden Ägyptens.
Nach der Entführung im Wüstengebiet im Süden Ägyptens wurden die Geiseln in den Grenzgebieten zwischen Ägypten, Libyen, Sudan und Tschad verlegt.
Die Identität der Entführer blieb bis zum letzten Moment unklar, ebenso wie die Einzelheiten der Befreiung oder der möglichen Lösegeldzahlung.
Sie sind jetzt in Kairo gerettet.
Minister Steinmeier sagte, die Befreiung der Geiseln sei in der Obhut der deutschen Botschaft.
Er hat sich nicht zu den Details der Entlassung geäußert.
In Berlin gibt es noch keine Informationen darüber, wann die Rettung nach Deutschland zurückkehren wird.
Laut der Zeitung "Bild" sollten alle fünf Touristen mit besonderen Kräften von einem der Airbussen der deutschen Luftwaffe abfliegen und am Dienstag in Deutschland ankommen.
Das amerikanische Repräsentantenhaus lehnte das Rettungspaket ab.
Die erste Kammer des US-Kongresses hat mit knapper Mehrheit ein 700 Milliarden Dollar teures Rettungspaket für die Finanzmärkte fallen lassen.
Der Dow Jones-Indicator ist durchgefallen.
Im Verhältnis von 206 zu 227 Stimmen lehnte das amerikanische Repräsentantenhaus das Rettungspaket für die Finanzmärkte ab.
Trotz aller Herausforderungen des US-Präsidenten George W. Bush und der führenden Politiker beider Seiten wurde die Mehrheit für ein Programm, das das Chaos auf den Finanzmärkten lindern sollte, nicht gefunden.
Tatsächlich versuchten die Befürworter der dramatischen Aktion verzweifelt, die Kritik am 700 Milliarden Dollar-Paket noch zu überzeugen.
Barney Frank, einer der demokratischen Verhandlungsführer, hat vor der Abstimmung des Abgeordneten um Zustimmung gebeten, auch wenn der Plan, wie er sagte, nicht populär ist.
"Es ist schwer, eine politische Anerkennung dafür zu bekommen, etwas zu vermeiden, was noch nie passiert ist", räumte er ein.
Noch während der Abstimmung fiel der Dow Jones-Index um mehr als 6 Prozent, also 600 Punkte.
Der Grund dafür waren die Bedenken der Investoren, dass das staatliche Rettungspaket scheitern könnte.
Kurz vor der Abstimmung stieg der Wert des Indexes an, um dann nach der Mitteilung über das Scheitern des Pakets wieder zu sinken.
Die Experten rechnen jetzt mit weiteren ernsten Turbulenzen auf den internationalen Finanzmärkten.
Damit das Programm in Kraft treten kann, bedarf es der Zustimmung des Repräsentantenhauses und des Senats.
Reiseagenten erfassen immer mehr Buchungen
Es sieht so aus, als ob der Winter gut für deutsche Tourismusunternehmer sein wird:
Laut einer Studie stieg der Umsatz bei Reisebuchungen für die nächsten Monate im Vergleich zum Vorjahr erheblich an - sogar über 30 Prozent für die Wintersaison.
Trotz des schwachen Wirtschaftswachstums bleibt der Wunsch der Deutschen, weiter zu reisen, unverdorben.
Bei den Wintersaisonreservaten verzeichneten die Reisebüros einen Umsatzanstieg von 31 Prozent gegenüber dem gleichen Zeitraum im vergangenen Jahr, wie die Deutsche Reiseverband (DRV) am Montag in Berlin sagte.
Nach einer Umfrage des GfK-Marktforschungsinstituts stehen bereits für die Herbstmonate höhere Buchungszahlen zur Verfügung.
Der Umsatz war somit nach Angaben der DRV für Oktober im Vergleich zu 2007 etwa 11 % höher.
Grundlage für diese Ergebnisse sind die GfK-Nummern, die monatlich Buchungsdaten von 1200 deutschen Reisebüros auswerten und auf den Gesamtmarkt einspeisen.
Dieses Ergebnis umfasste Buchungen für Touren, die bis Ende August 2008 stattfanden.
Aufgrund des schwachen Dollar-Kurses werden hauptsächlich Reisen in die USA gefordert, so DRV.
Bei diesen Reisen macht der Anstieg der Reservierungen etwa ein Drittel.
Darüber hinaus sind Spanien, die Türkei und Griechenland sowie die Binnengewässer der Deutschen besonders gefragt.
Vor allem organisierte Touren sind im Kurs, erklärte Präsident DRV Klaus Laepple.
Angesichts der steigenden Energie- und Nahrungsmittelkosten sind die Kosten "für den Kunden leichter zu berechnen als für einen individuell organisierten Urlaub".
Laepple erklärte, dass Geld Verbraucher unter anderem sparen können, indem sie Rabatte für die rechtzeitige Buchung oder Angebote all-inclusive.
Auch in den Sommermonaten sei die Anzahl der Buchungen sehr gut gewesen, so dass im Vergleich zum Vorjahr wieder ein höherer Umsatz zu verzeichnen sei - auch wenn nach einer anderen Studie die Zahl der Deutschen, die eine Reise unternommen haben, im Vergleich zum Vorjahr zurückgegangen sei.
Mein erster Oktoberfest
Ein endlos wiederholtes Bier, Bier aus Trotteln und Prominenten von bekannten Designern.
Zum ersten Mal auf einer Bierwiese.
Susanne Kronzucker und ich haben nicht viel gemeinsam.
Sie ist blond, TV-Moderatorin, und sie trägt eine maßgeschneiderte Koje.
Ich habe dunkle Haare, ich bin Studentin und mein Kleid ist aus Secondhand.
Aber eines verbindet uns: Wir sind noch nicht mal drei Minuten auf einer Bierwiese, und schon werden wir von Fotografen angegriffen, und die Speicherkarten sind schnell gefüllt - das schmeichelt mir, denn ich bin zum ersten Mal auf dem Oktoberfest.
So könnt ihr euch anfreunden.
Sieht aus, als hätte mein billiges Kreuz seinen Zweck erfüllt.
Ich bin als Touristin hier und lebe nördlich des würzigen Äquators, und so war mein Gefühl der Bequemlichkeit im Trachten eher begrenzt.
Aber gleich nach der Ankunft in Theresienwies ist alles besser, als es schien.
Fast jeder trägt Frauenkoje oder Lederhosen; niemand sieht angewidert oder peinlich beleidigt aus - alles ist völlig normal.
Die seltsamen Blicke am Bananenstand in der Schokolade pflücken nur meine Schürze.
Eine Münchnerin weist mich darauf hin, dass ich sie falsch gebunden habe: "Du bist frei, in der Mitte einer Jungfrau, rechts eingeschrieben, hinten verwitwet."
Ich drehe die Schleife von hinten nach links.
"Okay", sagt er und lacht.
Andere beschäftigen sich nicht so sehr mit subtilen Flirttechniken, und sie tragen einfache Filzhute mit der Aufschrift "To drunk to get dressed!" und treten auf die nackten Hintern der Passanten.
Ein junger Mann mit solchen Neigungen heißt Bob, er kommt aus England und kommt zum ersten Mal nach Oktoberfest.
Er sieht aus wie ein Gorgeous, mit einem verlängerten "Oho".
Das erzählt er mir, nachdem er sich um den gerade getrunkenen Mohn geweigert hat.
Direkt neben einem dieser Hydranten, von denen alle denken, dass es Mülleimer sind.
Bob ist also einer der gefürchteten "Wildbiesler", wie man es in Bayern in der Öffentlichkeit frei urinieren nennt.
Andere haben nicht das Glück, auf diese Weise den Alkohol loszuwerden.
Um 8 Uhr abends laufen sie auf dem Gelände, wo das Oktoberfest stattfindet, und es gibt viele Ärzte, die sich um die armen Trinker kümmern müssen.
Mediziner treten immer in Schwärmen auf - in vieren tragen sie eine überdachte Trage von Zelt zu Zelt.
Sie funktionieren so wie die meisten Besucher der Bierwiese: leer da, vollgestopft wieder zurück.
Wer unter der Plane dieses Sarges liegt, kann nichts sehen.
"Das ist es, was ich nicht mehr kann", ruft mich einer der Sanitäter an und verschwindet in der Menge.
Die Polizei hat den Namen des Unfallopfers veröffentlicht.
Der Name einer 63jährigen Frau wurde veröffentlicht, die im Krankenhaus starb, nachdem sie in Essex von einem Auto überfahren worden war.
Ein Unfall auf der Shenfield Road in Brentwood am Freitagnachmittag traf Carole Paulson von der Chelmsford Road.
Sie wurde ins Krankenhaus des Queen's Hospitals in Romford gebracht, aber später starb sie.
Nach dem Unfall wurde ein 51-jähriger Mann wegen Verdachts auf eine rücksichtslose Fahrt verhaftet.
Er wurde bereits auf Kaution entlassen.
Der türkische diplomatische Horizont breitet sich aus
Lange bevor sich die Türkei bemühte, der Europäischen Union beizutreten, wollten die europäischen Mächte tief in die türkischen Grenzen eindringen.
Am östlichen Ufer von Bosporus, vielleicht nur 20 Schritte in Asien, ist eines der besten Sehenswürdigkeiten dieses gescheiterten imperialen Ehrgeizes.
Der Bahnhof Hydarpascha wurde von zwei deutschen Architekten Otto Ritter und Helmut Con im Neorenaissance-Stil entworfen.
Nun, das wird Ihnen ein Reiseführer sagen.
Das Gebäude befindet sich am Ende der Bahnsteige mit einem Turm an jeder Ecke der Fassade, auf einen Blick, der nicht von einem deutschen Rathaus in der Provinz unterscheiden kann.
Der Stein ist schmutzig.
Das ganze Gebäude zerfällt langsam.
Aber wenn man in die gewölbte Kasse kommt, kann man nicht mehr an der Größe des Unternehmens zweifeln, dessen westlichstes Tor die Station war.
Im August 1908 eröffnete das deutsche Konsortium Anatoli-Bagdad eine Einrichtung.
Deutschland, das sich zu spät an der Macht des Imperiums beteiligte, hatte vor, seine Ambitionen zur Beherrschung des Nahen Ostens mit dieser Eisenbahn, die nach Damaskus, Bagdad und weiter in das Gebiet, das heute Saudi-Arabien ist, führen sollte, umzusetzen.
Aber die deutschen imperialen Ambitionen brachen während des Ersten Weltkriegs zusammen.
Ihre Gleise wurden von Lawrence aus Arabien und seinen unregelmäßigen Truppen angegriffen.
Die relative Isolation von den umliegenden Gebieten, die durch die eingefrorenen Grenzen des Kalten Krieges entstanden ist, ist vorbei.
Die britischen und kolonialen Truppen zogen aus Ägypten aus und drängten die Türken und ihre deutschen Verbündeten aus Palästina und Syrien.
Und es gab auch schlechte Nachrichten für die Station Hydarpascha.
1917 zerstörte die Explosion des Munitionszugs ihr ausgeklügeltes Dach.
Die türkischen Quellen sagen, es war Sabotage.
Seitdem zerfallen sie allmählich, und die Geschichte umgeht sie.
Doch heute dient dieses Tor nach Anatolien und weiter nach Osten - zumindest symbolisch - dazu, die sich ausdehnenden Perspektiven der türkischen Diplomatie zu unterstreichen.
Die Regierungspartei Gerechtigkeit und Entwicklung - die AKP - hat eine völlig neue Außenpolitik für das Land geschaffen.
Die relative Isolation von den umliegenden Gebieten, die durch die eingefrorenen Grenzen des Kalten Krieges entstanden ist, ist vorbei.
Jetzt wird eine neue Politik umgesetzt - die Türkei engagiert sich.
Es ist bemerkenswert, dass die türkische Regierung gute Beziehungen zu Israel und Syrien, zu den palästinensischen Fraktionen Hamas und Fatah, zum Irak und zum Iran und natürlich auch zu der Europäischen Union und den Vereinigten Staaten hat.
Um die Parameter dieser neuen Politik zu überprüfen, stieg ich in den Nachtzug in die türkische Hauptstadt Ankara, wo ich einen der führenden AKP-Experten für Außenpolitik treffen sollte, den türkischen Abgeordneten Suat Kiniclioglu.
Am nächsten Morgen - etwa zehneinhalb Stunden später - kam ich in die türkische Metropole, die als eine neue Stadt für einen säkularen Staat konzipiert wurde, der sich seiner osmanischen Vergangenheit zuwenden wollte, nach einer schleifenden Fahrt auf Gleisen, die an die alten Rhythmen des bekannten Nachtpostdokuments erinnerten.
Die AKP mit ihren bekannten islamistischen Wurzeln stellt jedoch eine Verschiebung des Paradigmen des türkischen Konsenses dar.
Sie hat im Westen Verdacht geschöpft, vor allem in Washington.
Das Taxi brachte mich zum Hauptzelt der AKP, einem ultramodernen Stein- und Metallgebäude, das absichtlich in den sich entwickelnden Vororten gebaut wurde, umgeben von halb errichteten Kaufhäusern und Machthandlern, wo sich die mittleren Manager in Geschäftsanzügen - Männer und Frauen - treffen, um frühmorgens Geschäfte zu machen.
Suat Kiniclioglu könnte ein Mitte-Rechts-Politiker von fast jeder anderen europäischen politischen Partei sein.
Jacke, Krawatte, ich bin sicher, er hatte auch Blackberry.
"Das Ziel der Außenpolitik der Parteien ist es, die Türkei in ihre Umgebung zu integrieren.
Der Kalte Krieg war eine Anomalie", sagte er zu mir.
Die Türkei wurde von ihren Grenzen abgeschnitten.
Heute muss er sowohl nach Osten als auch nach Westen schauen.
Es war keine Wahl.
Es muss beides getan haben.
"Aber es wird sicherlich einen Moment geben", fragte ich, "Wann wird die Türkei vielleicht eine Entscheidung treffen müssen?"
"Türkei", sagte er, "wollte nicht, dass eine solche Entscheidung getroffen würde."
Danach betonte er, was fast alle, mit denen ich hier gesprochen habe, fast auswendig gesagt haben: Die Beziehungen der Türkei zum Nahen Osten, aber auch zum Kaukasus und zum Schwarzen Meer sind ebenso zum Nutzen Europas und der Vereinigten Staaten wie der Türkei.
Mit der Türkei an Bord scheint Europa als Ganzes, metaphorisch gesprochen, auf diesen Gleisen nach Osten nach Asien und nach Nahem Osten zu fahren.
Zurück zur Station Hydarpascha, nach einer weiteren wachen Nacht, dachte ich an die beiden deutschen Herren Herr Ritter und Herr Cona, die dieses Gebäude vor hundert Jahren gebaut hatten.
Wie überrascht wären sie, wenn sie wüssten, dass die europäischen Ambitionen im Nahen Osten jetzt, zum großen Teil, in den Händen der Türkei liegen könnten.
Und als ich am Hafen auf die Fähre wartete, um über Bospora zurückzufahren, erinnerte ich mich, dass in jenen Tagen die Türkei "der kranke Mann Europas" genannt wurde.
So scheint es zumindest damals keinen großen Zweifel zu geben, welchen Kontinent dieses faszinierende Land haben sollte.
Ein denkwürdiges Leben: Vernon Handley und William Woodruff
Mark Brown schreibt: Als Guildford-Musikleiter seit 1962, Vernon "Tod" Handley (Nachruf, 11. September) war für Guildford philharmonischen Orchester und Chor.
Als Teil des Musikplans des Bezirks gründete er ein Jahr darauf eine hervorragende Versammlung der jungen Proteus.
Er sollte 21 Jahre alt sein, aber als Proteus 1979 zum letzten Mal sang, waren es fast 30 von uns - wir weigerten uns einfach, die Versammlung aufzugeben.
Der Name "Proteus" (mytologischer Formwandler) steht für die Bereitschaft und Fähigkeit des Chors, jede vor ihm liegende Musik zu beginnen - ob Madrigaly oder Messiaen, entweder allein oder mit dem Orchester.
Die von einer solchen jungen Versammlung geschaffene musikalische Anpassungsfähigkeit war oft erstaunlich, immer aufregend, und das alles dank der Inspiration des einzigen Mannes und der Begeisterung für Musik, die die ganze Zeit völlig unveränderlich blieb.
Wie oft hat uns Todd nur gesagt, wir sollen die Musik für uns selbst sprechen lassen.
Er sagte: "Der Komponist weiß, was er will.
Es ist alles in der Musik.
Dann singen Sie es! "
Seine Takttechnik war absolut klar und präzise, war aber weder diktatorisch noch mondän.
Wo auch immer der Musikstandard war, er hob ihn immer wieder auf.
John Frayn Turner schreibt:
Wenn ein Dirigent zum Ritter gehören sollte, dann war es Vernon Handley.
Ich kannte ihn in zwei Jahrzehnten gut, als er Guildford Filharominski von 1962 bis 1982 Dirigierte.
In den letzten 40 Jahren habe ich mehr als 100 seiner Konzerte bewertet, und ich kann ehrlich sagen, dass ich noch nie von ihnen enttäuscht war - und ich wurde oft inspiriert.
Todd Handley hatte eine tolle Kombination aus Größe und persönlicher Bescheidenheit.
Er hasste Dirigente, die, laut seinen Worten, einfach "ein oder zwei durchlöcherte Steine in die Welt gezogen haben".
Viele von uns werden ihn vermissen.
William Woodruff
Professor John Beckett schreibt:
Ihr Nachruf von William Woodruff (25. September) behauptet, dass er "im Jahre 1946 zur Wirtschaftsgeschichte in Oxford zurückkehrte und 1950 zum Forscher an der Houblon-Norman... und gleichzeitig an der BSc, MA und PhD studierte".
Das ergibt sich aus Woodruffs Notizen des Autors von Beyond Nab End, aber es ist nicht korrekt.
Von 1946 bis 1953 lehrte er die Wirtschaftsgeschichte an der Universität Nottingham und beendete dann seine Dissertation über die britische Gummiindustrie von Professor J. D. Chambers und veröffentlichte sie 1958 als Veröffentlichung der britischen Gummiindustrie.
Tatsächlich verbrachte er die Jahre 1950-51 in Amerika als Forscher an der Houblon-Norman und Sommer 1952 an der University of Illinois, Harvard und New York.
1953 verließ er Nottingham endgültig und ging nach Illinois.
Es ist nicht bekannt, warum Woodruff diesen Teil seiner Karriere hinter sich gelassen hat.
J. Vicente Resino an der Philosophischen Fakultät
"Ich empfehle die Ausstellung José Vicente Resina "Flamenco und das Leben", weil seine dokumentarischen Schwarz-Weiß-Fotos erstaunlich sind.
Sie haben mich an die Einfachheit und die starke Munition gefesselt, mit der die Zuschauer interagieren, sowie an die Rücksichtnahme und Respektlosigkeit der Fotografen.
Eine Ausstellung, die viele Gefühle zeigt.
Resino kann magische Momente erfassen."
Honda greift zum zweiten Mal mit seinem Bestseller an.
Im November beginnt Honda mit dem Verkauf der zweiten Generation des Jazz-Modells.
Wenn der Vorgänger dieses Einraumfahrzeugs bereits über einen beträchtlichen Raum verfügt, bietet er jetzt noch geräumigere Innenräume.
Dazu kommen verbesserte Motoren, die den Fahrkomfort erhöhen und mehr Kraftstoff sparen.
Evolution ist mehr eine Revolution als eine Revolution.
Das ist die zweite Generation von Honda Jazz.
Obwohl die Linien des neuen Jazz aus ästhetischer Sicht dem früheren Modell sehr ähnlich sind, gab es viele Veränderungen in diesem Einraumwagen.
Zu erwähnen sind z. B. innovatives Design, neue Plattform, größere Abmessungen und neue Motoren.
Bevor wir das neue Modell untersuchen, ist zu beachten, dass der neue Jazz sechs Jahre nach der Einführung der ersten Generation auf den Markt kommt.
Das erste, was wir bemerken, ist, dass Honda eine kürzere Zeit brauchte, um dieses Modell zu verjüngen als andere Hersteller.
Obwohl Jazz in Europa ein weniger bekanntes Modell ist, ist es auf anderen Märkten zu einem Phänomen im Verkauf geworden.
Dies ist der Fall bei Japan, dem Land, in dem Jazz 2002 und 2008 das meistverkaufte Auto war.
Gerade in Japan wurden seit der Markteinführung von Honda Jazz fast eine Million Stück verkauft.
Der zweite Markt wurde ein alter Kontinent mit etwa einer halben Million verkauften Stücken in sechs Jahren.
Honda will jedoch, dass der neue Jazz den Verkauf in seiner Kategorie erhöht.
Während dieses japanische Unternehmen im Jahr 2007 83 000 Stück Honda Jazz verkaufte, wurden 2009 schätzungsweise 100 000 Autos geschätzt, was auf dem europäischen Markt um 17 % zunehmen würde.
Für den spanischen Markt hat Honda seit 2002 insgesamt 8 000 Jazzstücke verkauft, was 6,7 % des gesamten Absatzes von Honda in Spanien entspricht.
Was die neue Generation des Jazz betrifft, so erwartet die Leitung der spanischen Zweigniederlassung 2 000 Stück pro Jahr.
Die Ankunft des neuen Jazz wird es Honda ermöglichen, den Rückgang des Verkaufs in Spanien deutlich zu verringern.
So erwartet die Automobilleitung de facto den Abschluss des Jahres mit insgesamt 22 000 verkauften Stücken, das heißt 4 000 weniger als 2007 und einen Rückgang um 16 %.
Trotz dieses Anstiegs der Verkäufe erhöhte Honda seinen Marktanteil auf dem spanischen Markt auf 1,8 % gegenüber 1,6 % des Vorjahres.
Im Jahr 2010 erwartet diese japanische Firma dann 2 %.
Um diesen Anteil zu erreichen, verlässt sich Honda auf den Erfolg seines nächsten neuen Modells.
Es ist Honda Insight, ein fünftüriger Hybrid der kompakten Größe mit einer Länge von 4,37 Metern, von dem sich die japanische Gesellschaft einen weltweiten Verkauf von etwa 200 000 Stück im Jahr verspricht.
Was die Märkte betrifft, so werden schätzungsweise 50 % des Insights in den Vereinigten Staaten verkauft, während die restlichen Prozent den alten Kontinent und Japan trennen.
Der Verkauf von Honda Insight soll in den ersten Monaten des nächsten Jahres beginnen, sobald er der Öffentlichkeit im Januar in Valencia vorgestellt wird.
Im Gegensatz zur ersten Generation vergrößerte sich bei dem neuen Jazz alles.
Seine Länge stieg auf 3,9 Meter (um 5 Zentimeter mehr), die Breite auf 1,69 Meter (um 2 Zentimeter mehr) und der Radstand auf 2,5 Meter, was eine Verlängerung um 5 Zentimeter bedeutet.
Im Gegenteil, die Höhe hat sich nicht geändert und liegt immer noch bei 1,52 Metern.
Durch die Vergrößerung der Abmessungen wurde auch der Innenraum vergrößert.
Dieser Vorteil wurde einerseits durch die Nutzung einer neuen Plattform erzielt, andererseits durch die Lagerung eines Kraftstofftanks in der Mitte des Wagens, der bereits bei der vorherigen Honda Jazz verwendet wurde.
Auch das Volumen des Gepäckraums - das über ein Doppelbodensystem verfügt - ist auf 399 Liter gestiegen, um 19 Liter höher als das Volumen des Gepäckraums der ersten Generation.
Es sei darauf hingewiesen, dass diese Abmessungen bei der Version 1.4 auftreten, da das Volumen des Gepäckraums bei Honda Jazz 1.2 379 Liter beträgt.
Eine weitere Verbesserung mit Ausnahme der äußeren Elemente - wie z. B. die LED-Hinterlichter oder die Möglichkeit, mit einem Panoramadach aus Glas ausgestattet zu werden - ist der Zugang zu den Rücksitzen einfacher.
Die Tür, die zur zweiten Sitzreihe führt, ermöglicht einen Öffnungswinkel von 80 Grad gegenüber 67 beim ersten Jazzmodell.
Bei der zweiten Generation von Honda Jazz sind auch die Motoren neu.
Zunächst wird dieses kleine Modell mit zwei Benzinmotoren von 1,2 Litern und 1,4 Litern angeboten.
Beide Motoren nutzen eine i-VTEC-Technologie, die einen geringeren Verbrauch, geringere Kohlendioxidemissionen und eine hervorragende Verbesserung des Antriebssystems mit hohem Drehmoment im vollen Drehzahlbereich ermöglicht.
Der erste Motor von 1,2 Litern hat eine Leistung von 90 PS bei 6.000 Umdrehungen mit einem maximalen Drehmoment von 114 Nm bei 4 900 Umdrehungen.
Dieser Motor - der bei der vorherigen Generation von Jazz 78 PS hatte - hat einen Verbrauch von 5,3 Litern und eine CO2-Emissionen von 125 Gramm.
Im Gegensatz zu einem früheren Motor, der 83 PS in der letzten Generation erreichte, werden es derzeit 100 sein.
Honda Jazz 1.4 mit einer Leistung von 100 Pferden hat einen kombinierten Verbrauch von 5,4 Liter und eine CO2-Emissionen von 128 Gramm.
"Diese Biene" verhindert Zusammenstöße
Nissan hat sich diesmal in der Natur, insbesondere bei Bienen, für den Fortschritt bei der Entwicklung von Katastrophenschutztechnologien eingesetzt.
Diese japanische Firma hat einen Roboter erschaffen, der Bienen als Muster für das Fliegen nimmt, um Zusammenstöße zu verhindern.
Das ist der Bio-Mimetic Car Robot Drive (BR23C), der den ersten Schritt in der Regenschutztechnologie darstellt.
Ingenieure des Nissan Motors Co. haben in Zusammenarbeit mit dem Zentrum für den Fortschritt in der wissenschaftlichen und technologischen Forschung eine renommierte japanische Universität entwickelt.
Laut Kazuhir Doie, Generaldirektor der Public Relations für Technologie, Forschung und Entwicklung der Marke, wird BR23C als Erweiterung der vier Zonen des Nissan-Sicherheitsschilds dargestellt.
Der Roboter hat die Aufgabe, die Fähigkeit zu stärken, Regenfälle bei Fahrzeugen dieser Marke zu verhindern.
Während des Fluges bildet sich jede Biene ihren eigenen ovalen Raum, der dem Schutzschild Nissan sehr ähnlich ist.
Am wichtigsten sind jedoch zusammengesetzte Bienenaugen, die in allen Richtungen in einem Winkel von mehr als 300 Grad zu sehen sind, was es der Biene ermöglicht, in ihrem persönlichen Raum ohne Unterbrechung zu fliegen.
Ingenieure haben bei der Erstellung dieser visuellen Funktion das entworfen, was sie Laser Range Finder genannt haben.
Er erfasst Hindernisse, die sich innerhalb von zwei Metern im Umkreis von 180 Grad vor BR23C befinden, berechnet die Entfernung des Objekts und sendet ein Signal an einen bordeigenen Mikroprozessor, der es sofort in eine Kollisionswarnung umwandelt.
"In dem Moment, in dem ein Hindernis festgestellt wird, ahmt der Roboter Bienenbewegungen nach und ändert sofort die Richtung, indem er die Räder in einen rechten oder noch größeren Winkel dreht, um einen Zusammenstoß zu verhindern.
Der größte Unterschied zu einem bestehenden System ist, dass alle Ausweichmanöver absolut instinktiv sind.
Wäre dies nicht der Fall, wäre der Roboter nicht in der Lage gewesen, schnell genug zu reagieren, um Hindernissen aus dem Weg zu gehen", erklärt Toshiyuki Andoh, Direktor des Mobile Laboratory und Chefingenieur des Projekts.
Im Gegensatz zu Bienen kann sich der Roboter weder nach oben noch nach unten noch diagonal bewegen; seine Bewegung beschränkt sich auf zwei Dimensionen und die Richtung, die durch die Drehung seiner Räder ermöglicht wird, aber nicht in unendlich vielen Richtungen und Möglichkeiten wie bei Bienen.
Nissan nutzte daher neben Beschleunigung und Verzögerung die Rotationsfunktion, um einen Zusammenstoß zu verhindern.
"Das Gerät muss nur alle paar Sekunden Informationen verarbeiten und entsprechend den Daten beibehalten.
Es erfordert weder die Speicherung von Informationen noch die logische Intuition aus früheren Manövern, so dass es ohne Unterbrechung mit nur zwei Dutzend kB Speicher funktionieren kann.
Es mag Sie überraschen, aber wir reden nicht über Gigos oder Mega."
Dies ist der erste Schritt bei der Entwicklung neuer Technologien zur sofortigen Vermeidung von Regen, eine Technologie, bei der Nissan in zehn Jahren die Nutzung von Serienfahrzeugen voraussagt.
Der Roboter verwendet Lithium-Polymer-Batterien, die leichter sind und länger als Lithium-Ionen halten.
Eine weitere mögliche künftige Nutzung dieser Technologie könnte darin bestehen, eine Einheit in ein GPS-Satelliten-Navigationssystem zu integrieren, das den Fahrer zum Ziel führt, um Hindernisse auf dem Weg zu vermeiden.
Genießen Sie die Angst, bevor Sie eine Hypothek aufnehmen.
Es muss anerkannt werden, dass das US-Finanzministerium nicht nur über genügend Kapital für die Abgabe von Injektionen verfügt, sondern auch über einfallsreich ist.
Angesichts der Krise, und um zu verhindern, dass Amerikaner hypothekarische Hypotheken bei Banken mit zweifelhafter Solvenz zu nehmen, hat sie im Internet ein populäres Lernspiel "Bad Credit Hotel" entwickelt.
Oder "Hotel für schlechte Kredite" oder ein verwirrtes Hotel.
Das Hotel und insbesondere seine Empfangsdame sehen düster aus, damit man sich ein, zwei oder drei Mal überlegt, ob es der richtige Zeitpunkt ist, um einen Kredit zu beantragen.
Und vor allem, wo man fragen soll, was wahrscheinlich ihre Absicht ist.
Tatsache ist, dass das Spiel nützliche Informationen enthält, wenn auch nicht sehr detailliert.
Es ist eine Website, die für die Jugend besser geeignet ist, als Platz für die gesamte Öffentlichkeit.
Und was passiert, wenn das Spiel vorbei ist?
Im Hotel erscheint ein Traumzimmer.
Zumindest etwas, denn ich möchte nicht darüber reden, ein Haus zu kaufen...
Morgan Stanley öffnet sein Kapital MUFG
Morgan Stanleys Bankhaus meldete, dass die Mitsubishi UFJ Financial Group (MUFG), die größte Bank Japans, neun Milliarden Dollar ausgibt, um 21 % seines Kapitals zu erhalten.
Eine Woche nachdem beide Banken ihre vorläufige Vereinbarung aufgedeckt hatten, erklärten sie, dass die MUFG bereit sei, 9,9 % der normalen Morgan Stanley-Aktien zu einem einheitlichen Preis von 25,25 Dollar zu kaufen, was einem Gesamtbetrag von 3 Milliarden Dollar entspricht.
Der vereinbarte Preis liegt 19 % unter dem Buchwert der Wertpapiere zum 31. August.
Die MUFG investiert weitere sechs Milliarden Dollar in den Erwerb konvertierbarer Wertpapiere, die eine Rendite von 10 % gewährleisten und deren Wechselkurs 31,25 Dollar beträgt.
Morgan Stanley erklärte, dass die gesamte Operation auf der Grundlage eines Durchschnittspreises von 29 Dollar erfolgen würde, d. h. 28 % unter seinem aktuellen Kurs.
Dennoch verloren Morgan Stanleys Aktien 6,79 % und erreichten 23,07 Dollar etwa 17.00 Greenwich-Zeit.
"Diese strategische Fusion ist eine wichtige Gelegenheit, um den Übergang von Morgan Stanley zum Status einer Bank-Holding zu beschleunigen", erklärte John Mack, Geschäftsführer dieser amerikanischen Gruppe.
Das neue Statut wurde von Morgan Stanley letzte Woche angenommen, was es ihm ermöglichen soll, seine Aktivitäten zu diversifizieren, aber gleichzeitig wird er von der Federal Reserve überwacht.
Seine Fusion mit der MUFG bestätigt auch, dass die aktuelle Finanzkrise die größten Wall Street Asse dazu zwingt, vorsichtiger zu sein als zuvor.
Die am Montag vorgestellten Bedingungen zeigen unter anderem, dass die Vereinbarung in den letzten Tagen geändert wurde: Am vergangenen Montag kündigte Morgan lediglich an, bis zu 20 % seiner Anteile an die Japaner für etwa 8,5 Milliarden Dollar zu verkaufen.
"Vor einer Woche dachten wir", erklärte Toshihide Mizuno, Geschäftsführer der MUFG, dass unsere Beteiligung ausschließlich aus Aktien besteht.
Aber angesichts der aktuellen Situation der Wirtschaft und des Marktes wollten wir die Risiken auf ein Minimum reduzieren und uns auch decken."
Auf der Grundlage des gewichteten Durchschnittspreises zahlt die MUFG für Morgan Stanleys Wertpapiere 7 % weniger als ihr Buchwert.
Und die Operation wird zu einem Rückgang des Aktiengewinns um etwa 20 % führen.
Die Vereinbarung sieht vor, dass die MUFG in einem Jahr die Hälfte ihrer Vorzugspapiere in Aktien umwandeln kann, wenn die letzteren für eine gewisse Zeit zu einem Preis um 50 % über dem Währungskurs, d. h. für rund 47 Dollar, umgetauscht werden.
Morgan Stanley versichert, dass das Kapital, das die MUFG bringt, es ihm ermöglichen wird, Investitionsmöglichkeiten zu nutzen, seine Bilanz zu stärken und sein Geld zu erhöhen.
Die Sprecher der Gruppe weigerten sich jedoch, genauere Informationen über die strategischen Projekte der beiden neuen Verbündeten zu liefern.
Nach der Investition der MUFG sollte Morgan Stanley mit einem Verhältnis der Zahlungsfähigkeit von Tier One von rund 15 % angeben, einem der besten in der Branche.
Morgan sagte, dass er seine Bilanz seit Ende August "fühlsam" reduziert hat.
Die letzten Wochen waren für die Gruppe schwierig, da ihr Börsenkurs um die Hälfte gefallen ist, während die Kosten für das Ausfallrisiko, das mit Schulden verbunden ist, drastisch gestiegen sind.
Diese Kosten stiegen am Montag gegenteilig an, blieben jedoch hoch, etwa 12 %.
Letzte Woche kündigte Goldman Sachs, die einzige weitere "Überlebende" von den großen Wall Street Investmentbanken nach dem Zusammenbruch von Bear Stearns und Lehman Brothers und dem Aufkauf von Merrill Lynch an, dass sie zum Teil von Berkshire Hathaway, Warren Buffett, 15 Milliarden Dollar abhob.
Rafael Correa am Montag in Quito.
Die Republik um den Sozialismus des XXI. Jahrhunderts neu gründen.
Das ist das gemeinsame Projekt Venezuelas, Hugo Chávez, Bolivijce Eva Morales und Ecuadors Rafael Correy.
Am vergangenen Sonntag legte der Dritte, der zum Abstimmungsverfahren ernannt wurde, nach dem Vorbild seiner Kollegen und Freunde einen Vorschlag für eine neue Verfassung vor.
Und seine Mission ist erfüllt, weil 64 % der Wähler laut offiziellen Ergebnissen, die 80 % der Stimmen abdecken, in einem Referendum "Ja" gestimmt haben.
"Nein" hat nach diesen Ergebnissen 28 % erreicht, 7 % der Stimmen waren ungültig und 0,7 % der Stimmzettel waren leer.
Um den Verfassungsentwurf zu verabschieden, musste er die Hälfte der Stimmen plus einer erhalten.
Zwei Umfragen am Osten der Wahllokale und die Berechnungen der Nichtregierungsorganisationen haben am Sonntag einen klaren Sieg "Ja" vorausgesehen, wobei sie zwischen 63 % und 70 % lagen.
Tatsächlich forderte Rafael Correa in der Nacht von Sonntag bis Montag den Sieg seines Verfassungsentwurfs.
"Die Verfassung hat die ganze Linie gewonnen", versicherte und gratulierte den Ecuadoriern am Sitz des Guubernatoriums Guayaquil, 280 km südwestlich von Quito.
Es versteht sich von selbst, dass Rafael Correa von Chávez und Morales, aber auch von seinem chilenischen Gegenstück, Michelle Bachelet, gratuliert wurde.
Die Abstimmung, die gemäß der Beobachtungsmission der Organisation der Staaten der Vereinigten Staaten (OEA) in Frieden stattfand, betraf einen Text über 444 Punkte, der den "neuen Sozialismus" hervorbrachte, der vom Präsidenten gefördert wurde.
Der Verfassungsentwurf heiligt die Macht des Staates über die Wirtschaft, indem er ihm die "Planung der Entwicklung" eines Landes vorbehält, das in erster Linie aus der Ölförderung durch ausländische Unternehmen und aus Devisen lebt, die von seinen Auswanderern versandt werden.
Der 2006 von Correou gewählte Vorschlag erweitert auch die Befugnisse des Staatsoberhaupts, das zwei aufeinander folgende vierjährige Mandate ausführen und das Parlament auflösen kann.
Correa hat bereits angekündigt, diese Befugnis zu nutzen und wird sich im Februar 2009 um ein neues Mandat bewerben.
Die Verfassung bekräftigt unter anderem das Prinzip der kostenlosen Gesundheitsversorgung und Bildung, das der Präsident in einem Land mit 13,9 Millionen Einwohnern eingeführt hat, in dem 50 % der Bevölkerung unterhalb der Armutsgrenze leben.
Schließlich sieht sie auch ein Verbot der Präsenz von ausländischen Truppen vor, wodurch die Vereinbarung zwischen Washington und Quit über den Einsatz der Basis von Ecuador als Ausgangspunkt für US-Drogenbekämpfungsmaßnahmen beendet wird.
19 Geiseln wurden im Tschad freigelassen
Die ägyptische Einheit hat elf Touristen und ihre achtköpfige Begleiter angegriffen, die vor zehn Tagen gefangen genommen wurden.
Sie sind in Kairo.
Elf europäische Touristen und ihre acht ägyptischen Führer, die zehn Tage in der Wüste gefangen gehalten wurden, wurden am Montag am Leben gehalten und gesund in die ägyptische Hauptstadt gebracht.
Am Morgen befreiten sie die ägyptischen Truppen im Tschad.
Die Geiseln kamen um 15.30 Uhr, offensichtlich in guter Form, an Bord eines Spezialflugzeugs zur Militärbasis al-Maza, nahe am internationalen Flughafen Kairo.
Sie wurden sofort ohne die Möglichkeit, sich in der Presse zu äußern, an Bord eines Hubschraubers an Bord eines Krankenhauses in Maadi, einem marginalen Wohngebiet in Kairo, verlegt, um dort ärztlichen Untersuchungen unterzogen zu werden.
"Sie sind völlig gesund", und "den Entführern wurde kein Lösegeld gezahlt", erklärte der ägyptische Minister Turizma Zohjr Garrana auf der Rollbahn des Flughafens.
Seit seiner Gefangenschaft am 19. September während einer Safari in einem Fahrzeug mit vier Rädern am Fuße des Berges Uanat, an der Grenze Ägyptens, Sudans und Libyens, wurden eine Gruppe von Geiseln von einem Versteck in einen anderen von 35 unbekannten Entführern geschleppt.
Die Gruppe umfasst 11 Touristen - fünf Italiener, fünf Deutsche und eine Rumäne - sowie acht Ägypter: zwei Führer, vier Fahrer, einen Grenzleiter der Agentur Aegyptus, Safari Organisatorin.
Ein Leiter der ägyptischen Sicherheitskräfte deutete an, daß 30 Mitglieder der Spezialeinheit, die sich an Bord zweier Hubschrauber näherten, während der Nacht kurz vor Sonnenaufgang auf dem Weg waren.
"Es gab eine Schießerei, die Hälfte der Entführer wurde getötet und die anderen sind geflohen", sagte diese Quelle, die anonym bleiben wollte.
Er deutete an, dass insgesamt 150 Mitglieder der ägyptischen Spezialeinheit "Blesk" nach Sudan geschickt wurden, wo sie von deutschen und italienischen Truppen unterstützt wurden.
Der Leiter der italienischen Diplomatie Franco Frattini aus Belgrad, wo er sich gerade befindet, erwähnte die Rolle, die die Geheimagenten und die Akten der italienischen Spezialkräfte gespielt haben.
"Wir müssen anerkennen, dass wir dieses Ergebnis dank der Professionalität und Effizienz unserer Geheimdienste erreicht haben", erklärte er ohne weitere Klarstellungen.
Er leugnete auch, daß das Lösegeld ausgezahlt worden war.
Am Vorabend erklärte die sudanesische Armee, ein Fahrzeug mit allen vier Rädern, an deren Deck sich die Entführer befanden, hätte während der Patrouille sechs von ihnen getötet und zwei verhaftet.
Die Armee behauptete, sie seien mit einer Rebellengruppe in Darfur verbunden, der Befreiungsbewegung Sudans - Einheit (SLA-U), was die Bewegung sofort ablehnte.
Briefe - Stille Mehrheit des Resorts der Kultur
Die Debatte über die Kulturfinanzierung erfüllt die Seiten der Zeitung mit Schlagzeilen und ist ein Thema der laufenden Wahlkampagne.
Umso besser.
Ein kultureller Bereich wird jedoch immer noch vernachlässigt.
Wer wird sich erheben, um die armen Summen zu verurteilen, die durch kleine Museen, Archive, archäologische Ausgrabungen und nationale, denkwürdige Stätten, die verhungern, bereitgestellt werden?
Welcher Politiker wagt es, die Bundesregierung daran zu erinnern, dass er seine Denkmäler und historischen Gebäude vernachlässigt?
Dass wir in Quebec, wie in Kanada, keine Gesetze haben, die unser kulturelles Erbe wirklich schützen?
Wussten Sie, dass die französische Regierung dreieinhalb Millionen Euro für die Restaurierung des Chinon-Schlosses im Loire-Tal einsetzt?
Bei unseren amerikanischen Nachbarn steht in der Verfassung, dass der Schutz des kulturellen Erbes Teil der amerikanischen Kultur ist und dass dieses Erbe von allen Bürgern, allen gewählten Vertretern und allen Kreisorganisationen in Zusammenarbeit geschützt werden soll.
In Quebec, der Vereinigung von Unternehmen für die Geschichte von Quebec, sind mindestens 40 000 Freiwillige in 211 Gesellschaften für Geschichte, Denkmäler, Archive und Genealogie zusammengeschlossen, um Geschichte zu verbreiten, private Archive zu erhalten und archäologische Überreste für ein paar kleine zu schützen.
Oft sind es diese Unternehmen, die unsere Sehenswürdigkeiten bewachen, die von Hoffnungslosigkeit getrieben werden, wenn Promoten und Führungskräfte ihre Bulldozer auf alte Steine und vergessene Friedhöfe auslassen.
Wann werden wir endlich Tribünen für Geschichte und Monumente haben?
Die Benelux-Regierungen des Staates Fortis Bank
Die Benelux-Staaten werden der belgisch-holländischen Fortis Bank helfen, die als erste in Europa aufgrund der sich ausbreitenden Substaatialisierung der US-Hypothekenkrise in Schwierigkeiten geraten ist: Die drei Länder werden ein Geld- und Versicherungsinstitut unterstützen, das ebenfalls eine Kapitalbeteiligung von 11,2 Mrd. EUR in Ungarn hat.
Am Wochenende haben sich die belgischen, luxemburgischen und niederländischen Regierungen mit dem Präsidenten der Europäischen Zentralbank und der europäischen Wettbewerbskommissarin darauf geeinigt.
Fortis ist die erste Bank in der Eurozone, die in der Krise der internationalen Finanzmärkte, die sich seit über einem Jahr in Wellen ausbreitet, in eine große Krise geraten ist, und die diesbezüglich getroffenen Entscheidungen könnten in gewisser Weise als Präzedenzfall betrachtet werden.
Im Sinne der am Sonntagabend geborenen Entscheidung werden alle drei Staaten fast die Hälfte (49 Prozent) des Vermögens der Bank zurückkaufen.
Die Bank wird mit absoluter Sicherheit einen Teil ihrer Kapitalbeteiligungen verkaufen, vor allem die Versicherungsaktivitäten, die sie letztes Jahr von der niederländischen Bank ABN Amro erworben hat.
Die Aktien der Fortis Bank begannen letzte Woche stark zu sinken, und in der zweiten Hälfte der Woche gab es bereits ernste Anzeichen einer Krise in der Anstalt.
Die Analysten sind sich jedoch darin einig, dass die Bank mit ihren 85 000 Mitarbeitern zu groß ist, um sie scheitern zu lassen.
Die Firmenpapiere sind nur am Freitag um 12 Prozent gefallen, auf ein Minimum von 14 Jahren.
Seit Januar ist der Wert der Aktien um mehr als zwei Drittel gesunken.
Angesichts der aktuellen Aktienpreise liegt der Gesamtmarktkapitalwert der Gruppe bei rund 14 Mrd. EUR, was nach Angaben der Unternehmensleitung unrealistisch ist.
Tatsächlich gibt das Management Fortis die Schuld für den Zusammenbruch der Aktien auf dem Überseemarkt im Zusammenhang mit der Annahme des 700-Milliarden-Dollar-Paket-Plans der USA.
Am Montag sind die Aktien etwas gestiegen.
Am Freitag wurde Filip Dierckx zum neuen Geschäftsführer der Bank ernannt.
Das Geldinstitut suchte auch nach privaten Käufern, aber mit einem ernsteren Angebot hat sich bisher noch niemand gemeldet.
Die belgische Regierung hat bereits angekündigt, dass die Investoren sich keine Sorgen machen müssen, dass sie ihr Geld nicht verlieren werden.
Es gab noch keine Panik unter den Kunden der Bank, und die Filialen wurden nicht angegriffen.
In Ungarn verfügt die Fortis Bank über eine separate Niederlassung und hat auch mehrere Leasingunternehmen erworben.
Fuchs im Hühnerstall
Lebens - und Krankenversicherungen in Amerika lehnen die Möglichkeit, einen Versicherungsvertrag mit einem Bewerber zu schließen, häufig auf der Grundlage von Daten der Menschen über den Kauf von Medikamenten ab.
Datenschutzexperten befürchten, dass der Datenmarkt unkontrollierbar wird.
"Es gibt ein Datenschutzprogramm, das die Verwendung von Daten über die Verschreibung von Arzneimitteln in jedem Fall auf die Zustimmung der betroffenen Person bindet.
Er muss in den Händen von jemandem sein, der unabhängig ist, oder wir übergeben den Hühnerstall einem Fuchs", zitiert die Washington Post Richard Dick, der Autor eines Programms zur Überwachung der Verschreibung von Medikamenten.
Die Versicherungsgesellschaften zahlen die Prämien und Beträge, die bei Versicherungsfällen gezahlt werden, die von der Gesundheit der Interessenten abhängen, und schließen, wenn das Risiko als zu groß eingestuft wird, keine Versicherung ein.
Früher schickten sie die Betroffenen zu ärztlichen Untersuchungen und schlossen den Vertrag nur, wenn sie die Ergebnisse kannten.
Vor zehn Jahren hat Dick ein viel billigeres Verfahren entwickelt: Auf der Grundlage der Identifikationsnummer des Kunden der Apotheken wird er leicht herausfinden, welche Medikamente er in den letzten anderthalb Jahren gekauft hat, was das Programm selbst über die Krankheit und den Gesundheitszustand des Patienten entscheidet.
Wenn er zum Beispiel regelmäßig große Mengen an cholesterinsenkenden Arzneimitteln kauft, wird er auf eine fast unkontrollierbare Menge an Blutfetten hingewiesen, die ihn sofort in eine Kategorie mit höherem Risiko einordnet.
Es gibt mehrere Versionen des Programms im Umlauf, einige bestimmen gleichzeitig den Risikokoeffizienten, so dass das Versicherungsunternehmen, abgesehen vom Papierkram, fast keine Arbeit mehr hat, obwohl kleine Schwierigkeiten auftreten.
Zu den Nachteilen gehört, dass einige Medikamente auch für mehrere Zwecke verwendet werden können, einige Verbindungen zum Beispiel gegen Migräne oder Hitzewallungen, aber auch gegen Depressionen wirksam sind.
Sie stellen aus Sicht der gewerblichen Versicherungsgesellschaften einen wichtigen Risikofaktor dar, während die ersten Schwierigkeiten nicht eintreten.
Zum Zwecke der Datenerfassung und -verarbeitung wurden spezielle Unternehmen gegründet, die den Patienten um Erlaubnis ersuchen, bevor sie von den Apotheken die erforderlichen Informationen erhalten.
Dazu werden sie bereits von den Behörden gezwungen, auch wenn sie nicht wegen ihrer bisherigen Fahrlässigkeit bestraft wurden.
Einige Unternehmen haben in letzter Zeit auch Laboruntersuchungen durchgeführt, die mit Daten über Arzneimittel in Verbindung stehen, die ein noch genaueres Bild der Gesundheit der Patienten vermitteln.
Immer mehr Unternehmen haben Zugang zu den Daten, und gleichzeitig wird die Kontrolle ihrer Nutzung immer schwieriger.
Es gibt ein spezielles Gesetz zum Schutz von Gesundheitsdaten, dessen Wirksamkeit jedoch nur für Anbieter von Gesundheitsdienstleistungen und Versicherungsunternehmen gilt.
Ein Gesetzentwurf, der den Behörden die Befugnis gibt, auch auf die Bereitstellung von Daten spezialisierte Unternehmen zu kontrollieren, steht vor dem Kongress.
Richard Dick räumt ein, dass dies nicht ausreicht: Daher hat er sein Programm so entwickelt, dass die Datenübermittlung an die ausdrückliche Zustimmung der betroffenen Person geknüpft ist.
Eine andere Sache ist, dass er die Erlaubnis kaum verweigern kann, sonst schließen die Versicherungsgesellschaften keinen Vertrag mit ihm.
Die Hennen sind also doch ein wenig auf den guten Willen eines Fuchses angewiesen.
Globales Marseille-Menü
Die Europäische Union und Indien werden den Umsatz verdoppeln
Da die Europäische Union und Indien ranghohe Handelspartner sind, hat dieses Thema neben anderen, hauptsächlich globalen Problemen auch die Tagesordnung des neunten Gipfels auf höchster Ebene dominiert.
Heute findet auch ein französisch-indischer Gipfel statt, auf dem es vor allem um die Zusammenarbeit im Bereich der Kernenergie geht.
Denn die Europäische Union erkennt an, dass Indien eine sich entwickelnde demokratische Macht ist, die mehr Möglichkeiten haben sollte, in internationale Angelegenheiten zu sprechen, aber es ist den Mitgliedstaaten bisher nicht gelungen, einen gemeinsamen Nenner für die Unterstützung der ständigen Mitgliedschaft von Neu-Delhi im UN-Sicherheitsrat zu finden.
Diese Frage wurde auch auf dem neunten Gipfel in Marseille gestern noch nicht weiter erörtert.
Der französische Präsident Nicolas Sarkozy begrüßte als derzeitiger EU-Präsident bzw. Präsident der Europäischen Kommission José Manuel Barroso und den Hohen Vertreter für Außenpolitik Javier Solan, den indischen Premierminister Manmohan Singh, mit dem er sich auch darauf geeinigt hat, den Umsatz innerhalb von fünf Jahren zu verdoppeln oder auf mehr als 100 Milliarden Euro zu erhöhen.
Da der Warenaustausch zwischen 2000 und 2007 von 25 Milliarden auf 55 Milliarden angestiegen ist, ist er kein zu ehrgeiziges Ziel.
26 bereits bestehende bilaterale Abkommen mit Indien über die Zivilluftfahrt wurden rechtlich miteinander in Einklang gebracht, so dass auch der Luftverkehr in Zukunft grünes Licht erhielt.
Bis Ende 2009 möchte Indien ein Freihandelsabkommen mit der Union unterzeichnen.
Sarkozy hat versprochen, dass die Verhandlungen beschleunigt werden.
Das Ziel ist es, die Bilanz auszugleichen, während die EU der erste Handelspartner Indiens ist, während Neu-Delhi unter den EU-Partnern bis zum neunten Platz steht.
Der Gipfel hat sich auch auf globale Angelegenheiten konzentriert.
Beide Seiten haben die Situation in Afghanistan und Pakistan bzw. Terrorismus in all ihren Formen verurteilt und die Einberufung einer UN-Konferenz gefordert.
Sie haben auch den Abschluss der Doha-Handelsrunde gefordert, obwohl beide einen großen Anteil an ihrem bisherigen Scheitern haben.
Die Europäische Union hat bestätigt, dass sie auf ihrem Energie- und Klimaprogramm bestehen wird, nämlich dass sie die Schadstoffemissionen bis 2020 um mindestens 20 % reduzieren möchte.
Indien stimmte dem auch zu, ebenso wie es bei der Klimakonferenz für das nächste Jahr notwendig wäre, ein globales Abkommen zu schließen und die Treibhausgasproduktion bis 2050 um 50 % zu reduzieren.
Beide Seiten möchten auch einen Anstieg der Lebensmittelpreise verhindern und die Einberufung einer internationalen Konferenz zur Analyse der Finanzkrise unterstützen.
Der indische Premierminister reist heute in die französische Hauptstadt, wo er bei einem bilateralen Treffen einen Handel über die friedliche Nutzung der Kernenergie schließen will.
Paris glaubt, dass französische Unternehmen den Auftrag erhalten werden, indische Atomreaktoren im Wert von 20 Milliarden Euro zu bauen.
Den Berichten der Agenturen zufolge sollte das Abkommen 15 Jahre lang gelten.
Mehr als 300 italienische Verleger in Frankfurt
Große Beteiligung der italienischen Verleger an der internationalen Buchmesse in Frankfurt.
Mehr als 300 italienische Verleger werden an der 60. Ausgabe Buchmesse teilnehmen, der wichtigsten internationalen Versammlung für den Austausch von Rechten.
Die internationale Buchmesse von Frankfurt erwartet auf dieser Ausgabe mehr als siebentausend Aussteller aus hundert verschiedenen Ländern, die 171,790 Quadratmeter der Messe mit mehr als vierhundert dreitausend Titeln zu sehen haben, mit der Türkei als Ehrengast.
Der stellvertretende Kulturminister Francesco Maria Giro wird die italienische Regierung bei der Antrittsfeier im italienischen Pavillon vertreten: Italien wird institutionell mit dem italienischen Zentrum (Punto Italia) – auf 264 Quadratmetern Ausstellungsfläche – teilnehmen.
Es folgt ein Pressetreffen im Room Struktur Buchmese in Halle 5.0: Es wird eine Gelegenheit sein, Zahlen, Tendenzen und Perspektiven für den Zustand des Verlags in Italien vorzustellen.
Den Daten zufolge ist die Bedeutung der Bücher ausländischer Autoren im Verhältnis zur Gesamtproduktion Italiens nach wie vor geringer geworden, vor allem aufgrund der Literatur für Kinder und Erwachsene.
Ein Flugzeug von Steve Fossetta gefunden, ein Millionär, der vor einem Jahr verschwunden ist.
Der Rest von Steve Fossett, ein Millionär, verschwand am 3. September 2007, als er die Wüste in Nevada überquerte.
Die Trümmer wurden auf einer Hochebene in einer Höhe von 3 000 Metern entdeckt, in der Region Mammoth Lakes in Sierra Nevada, an der Grenze zwischen Kalifornien und Nevada.
Aber es gab keine menschlichen Überreste im Flugzeug.
Sheriff Madera County, John Anderson, löste die Zweifel aus, die noch bestehen: "Das Flugzeug wurde gefunden, wir haben ein Team dorthin geschickt, und jetzt wissen wir, dass es genau darum ging, in welchem Steve Fossett am Tag seines Verschwindens flog", sagte er bei einer Pressekonferenz.
Der Sheriff erklärte also, dass weder im Flugzeug noch in der Umgebung menschliche Überreste gefunden wurden.
Seit Februar gilt ein 63-jähriger Millionär als tot.
Die US-Behörde für Transportsicherheit (Ntsb) berichtete, dass einige Stunden nach der Identifizierung der Trümmer ein Ermittlungsteam geschickt wurde, das das Flugzeug schließlich identifizierte: Es ist genau die Bellancu 8kcab, die seit dem 3. September 2007 vermisst wurde, als Fossett von Yerington nach Nevada auf einen dreistündigen Flug flog.
Gestern, immer noch in Kalifornien, nicht weit von der Grenze zu Nevada, wurden einige von Fossetts persönlichen Gegenständen von einem Paar in der Nähe ihrer Wohnung in Mammoth Lakes gefunden.
Es sind zwei Dokumente mit Fossetts Namen, beide veröffentlicht von der Illinois Federal Air, Bargeld und eine Jacke.
Die Suche nach Fossett wurde einen Monat nach seinem Verschwinden unterbrochen.
Der Milliardär hat einen Platz in der Geschichte durch eine lange Sammlung von Primaten gewonnen.
Im Jahr 2002, auf dem sechsten Versuch, wurde er der erste Mann, der die Weltreise in einem Luftballon beendete: zwei Wochen Alleinflug.
Drei Jahre später flog er um die Welt in einem Flugzeug ohne Landung.
Zu seinen Rekorden gehört auch ein Flug in einer Höhe von 15,445 Metern über Anden, wenn auch mit einem Kopiloten.
Glk, eine Werbung, die du nicht erwartest.
Ein ungewöhnlicher Suv mit originellem Design und genau definierten entscheidenden Linien, breite Oberflächen mit präzisen Ecken.
Das ist, kurz gesagt, der letzte geborene Glk von den "kompakten" Jeeps des Hauses des Sterns, mit dem Mercedes-Benz versucht hat, einen Vortex von Neuigkeiten in diesen Sektor zu bringen.
Dank seiner unkonventionellen Verarbeitung wird es eine unerwartete und unkonventionelle Kommunikation geben, die die Markteinführung von Suv Glk begleitet und die ab dem nächsten 17. Oktober in den Showrooms Mercedes-Benz verfügbar sein wird.
Auf diese Weise wird eine Werbekampagne, die das Debüt eines neuen Fahrzeugs begleitet, auch durch die futuristische 3D-Posterkampagne, die zum ersten Mal in Italien für die Automarke verwendet wird, eine inoffizielle Kommunikationsmethode einleiten.
Das Projekt maxi Plakate, in drei verschiedene Phasen unterteilt, wird die wichtigsten madanischen Handelsklasse, Corso Como, bis zum 15. November dominieren.
Die erste Phase dieser neuen Art von Kommunikation beginnt mit der Vorstellung eines Autos in Stereokameras und mit speziellen Brillen, die in der Nähe von Corsa Como verteilt werden, wird es möglich sein, einen neuen Suv in fast realen Dimensionen und in einem dreidimensionalen Format zu sehen.
In der Tat, wenn man sich das Bild anschaut, wird man den Eindruck haben, dass das Auto aus dem Poster kommt.
Dann, dank der Nutzung der innovativen Technologie Elumina8 wird der neue Glk in verschiedenen Momenten in allen seinen kleinen Dingen erleuchtet werden, um dann wieder in einem einzigen Bild zu komponieren.
Mit dieser Werbung versucht Mercedes zweifellos, etwas Neues in den stereotypen Bereich der Fahrzeugkommunikation einzuführen.
Wird es ihm auf diese Weise gelingen, das Interesse zukünftiger Kunden zu wecken?
Jetzt wissen wir, wer die Italiener sind.
Trivenet, sie riskieren das Daspa.
Wer sind die 150-200 Jungen und Mädchen, für die sich Italien jetzt schämt? Sie sind Teil der "Ultras Italia" Gruppe, die seit Jahren Nazionale azzurra beobachtet und die bis jetzt, um ehrlich zu sein, noch nie übermäßige Probleme gemacht hat.
Sie hat noch nie die Fans eines Gegners getroffen.
Die Ausrichtung der Gruppe ist rechts.
Die Gründer kommen aus Trivenet.
Verona, Padua, Triest e Udine.
In Sofia schlossen sich ihnen Gruppen (in der Tat wenige Gruppen) aus Campania und Puglia an.
Sie haben dreifarbige Flaggen, auf denen die Herkunftsstädte der beteiligten Städte erscheinen: Sie wurden am Samstagabend entfernt, um nicht erkannt zu werden.
Sie inspirieren die englischen Fans.
In Bulgarien fanden sie echte Nazi-Fans, Levsky.
Figc hat den italienischen Fans 144 Tickets pro Spiel zur Verfügung gestellt: alle auf den Namen, also leicht zu kontrollieren.
Und Viminale hat sie tatsächlich alle überprüft: Unter denen, die nach Sofia gegangen sind, war niemand mit dem laufenden Dasle, niemand, dem es verboten wäre, die Stadien zu besuchen.
Die vier blauen Fans, die früher aus dem Stadion ausgebrochen waren, verweigerten ihre Eintrittskarte und verbotenen das Spiel.
Nun wartet Viminale darauf, die Berichte der bulgarischen Polizei zu lesen, dann wird er Maßnahmen ergreifen: In diesem Fall ist es möglich, Daspo mindestens fünf Jahre lang Fans zu geben, die verhaftet wurden oder die während der Unruhen identifiziert wurden.
Daspo International, die nicht nur die italienischen Stadien, sondern auch in ganz Europa zu besuchen verbietet.
Unsere Rowdys gehen nicht mehr in ein Stadion.
Auf das Glück.
Doch jetzt gibt es Angst vor Emulation: Das bedeutet, dass mehr als 150 weitere zu diesen gehören werden.
"Wir müssen dieses Feuer sofort löschen und nicht die rechtfertigen, die sich so verhalten", bestätigen Viminal.
Also, "die Augen sind offen, vor allem wegen des Nationalspiels am Mittwoch in Leč".
In Puglia gibt es einen kleinen Kern der Unterstützer.
Morgen wird Osservatorio zusammenkommen, am Dienstag, Casms, der auch auf einen Teil von Aise zählen kann, ist der Secret Service, der sich gerade um die Probleme in den Stadien kümmert.
"Kampfführer und verspannte Arme während der Mamalis-Hymne?"
Das ist die Idee von Domenico Mazzilli (bedeutet auf eine sehr wenig glückliche Weise), der einige Wochen Direktor des Viminalen Osservatoriums ist (er gewann einen Platz, der früher Francesco Tagliente und dann Felice Ferlizzi war).
Mazzilli war früher Quästor in Triest, wo sich der Kern der Unterstützer Ultras Italia befindet, die 2002 gegründet wurden.
Es stimmt, wie Mazzilli sagt, dass es in Bulgarien kein Verbrechen ist, einen Führer zu feiern, aber natürlich ist das Verhalten dieser 150-200 Fans eine Schande.
"Ich bin kein Soziologe - fügt Osservatorische Eins hinzu - Verbrechen werden dem Land zugeschrieben, in dem sie geschehen sind.
Diese Gruppe hat sich bisher in Grenzen gehalten, und jetzt werden wir sehen, was passiert ist, und wir werden die Zukunft beurteilen.
Aber lassen Sie uns auch über das Pfeifen bei Mamellis Hymne sprechen: Es ist nicht einmal ein Verbrechen, aber wenn Sie erlauben, es ist unhöflich...".
