Trionfo dei populisti di destra in Austria, hanno il 29 per cento in totale
Secondo i risultati preliminari, le elezioni parlamentari anticipate in Austria hanno portato un sensibile indebolimento dei due partiti che formano l'attuale grande coalizione, nonché un noto rafforzamento dei partiti populisti.
Il Partito popolare austriaco (<0xC3><0x96>VP), dove la posizione dell'attuale presidente Wilhelm Molterer è seriamente minacciata, subì perdite particolarmente importanti.
Al contrario, il leader elettorale dell'Unione per il futuro dell'Austria (BZ<0xC3><0x96>), il governatore della Carinzia J<0xC3><0xB6>rg Haider, prepara un ritorno trionfale sulla scena politica a livello nazionale.
Secondo i risultati preliminari, i Socialisti (SP<0xC3><0x96>) rimangono, con il 29,8 per cento dei voti, la prima forza politica del paese, tuttavia, rispetto alle elezioni del 2006, hanno perso il 5,5 per cento dei voti.
L'<0xC3><0x96>VP, che con il 25,6 per cento perde quasi il nove per cento dei voti, è finita ancora peggio.
Si tratta dei peggiori risultati dei due grandi partiti del dopoguerra; soprattutto per il partito popolare, che ha innescato le elezioni anticipate, il risultato è letteralmente catastrofico.
Ancora all'inizio di luglio, quando l'<0xC3><0x96>VP lasciò la coalizione, il partito popolare aveva un notevole vantaggio sullo SP<0xC3><0x96>.
Ma gli elettori li hanno evidentemente puniti per aver lasciato crollare il governo.
Fin dalle prime reazioni di fronte ai risultati, furono pronunciate speculazioni circa la possibile dimissione del capo del partito e dell'attuale vicecancelliere Wilhelm Molterer.
Gli osservatori ritengono che questo potrebbe accadere già lunedì, in occasione del consiglio straordinario della direzione del partito.
Una simile evoluzione faciliterebbe a priori la via verso l'esito dell'elezione che rimane più probabile, vale a dire il rinnovo della grande coalizione SP<0xC3><0x96> e <0xC3><0x96>VP.
Tuttavia, visto il rafforzamento dei due partiti populisti di destra - i liberi (FP<0xC3><0x96>) avrebbero ottenuto il 18 per cento e il BZ<0xC3><0x96> l'undici per cento dei voti - i socialisti espressero allo stesso tempo il timore di una ripetizione del 1999, quando il partito popolare si mise d'accordo con i populisti (all'epoca, il FP<0xC3><0x96> era ancora unificato, fu nel 2005 che il BZ<0xC3><0x96> si separò dalle sanzioni europee.
Haider, che ha già dichiarato di essere pronto a collaborare con qualsiasi partito e di prevedere il ritorno a Vienna, sulla scena politica nazionale, puntando apparentemente su questa evoluzione.
L'ultimo partito ad avere accesso al parlamento sono stati i Verdi, ma questi hanno perso leggermente e sono scesi, tra i partiti politici austriaci, dalla terza alla quinta posizione.
Ovviamente nessun altro partito ha oltrepassato il limite del quattro per cento e non ha raggiunto il parlamento.
Schwarzenberg: Le relazioni con l'India rischiano di raffreddarsi
Se non si riuscisse a risolvere il problema relativo ai ricercatori cechi accusati, in India, accusati di raccolta illegale di scarafaggi, ne consegue, secondo il ministro degli esteri ceco Karel Schwarzenberg, un certo raffreddamento delle relazioni ceco-indiane.
Il ministro lo ha dichiarato oggi a New York, dopo aver incontrato il suo omologo indiano Pranab Mukherjee.
"Se il problema non fosse risolto, allora sì, si verificherebbe un certo raffreddamento", ha constatato dopo l'incontro, effettuato a seguito di un'iniziativa ceca.
Mukherjee disse, uscendo dai colloqui, che il potere esecutivo poteva difficilmente intervenire in casi giudiziari.
Menzionò tuttavia che nel caso di Petr <0xC5><0xA0>vácha, che fu sollevato dall'accusa e punito con una multa, il governo centrale poteva negoziare con il governo locale, quello del Darjeling, essendo il caso posto sotto la giurisdizione di quest'ultimo.
"Il suo problema potrebbe essere risolto", ha detto il ministro.
Secondo Mukherjee, la soluzione migliore per Emil Ku<0xC4><0x8D>era, condannato a tre anni di carcere, sarebbe ricorrere a un’istanza superiore.
Da allora, potrebbe chiedere il rilascio su cauzione e attendere il giudizio in libertà, ha spiegato.
Schwarzenberg confermò che il suo partner si espresse nella stessa direzione anche durante i colloqui.
"Si consiglia di appellarsi a un tribunale superiore, dopo di che potrebbe essere graziato", ha detto il capo della diplomazia ceca.
L'unico modo in cui la parte ceca può intervenire in questo caso è quello di fornire ai condannati "un supporto legale competente", ha detto il ministro indiano.
Ha anche detto che tale aiuto era già stato fornito loro anche dall'India.
"Vogliamo soprattutto mantenere con l'India le migliori relazioni, che hanno una tradizione che continua per molti anni.
Anche gli indiani lo riconoscono", disse Schwarzenberg.
Allo stesso tempo, come ha detto a <0xC4><0x8C>TK, ha sottolineato davanti al suo partner che la Repubblica ceca attribuiva molta importanza al problema delle entomologie ceche.
"Consideriamo l'incarcerazione e l'accusa di questi ricercatori cechi come un grande errore", ha detto.
Il ministro ha evitato la domanda se ha ottenuto dall'India la promessa di occuparsi del caso.
"Ho già ricevuto un numero abbastanza elevato di promesse", ha solo constatato.
Un ceco arbitra la lotta per il fondo del mare
Si avvicina a una mappa murale elettronica, su cui è raffigurata l'Australia e le zone marine adiacenti.
Ora, non si interessa del continente, ma di un piccolo punto perduto nel blu dell'oceano.
"L'isola appartiene all'Australia, così come il fondo marino adiacente.
Questa zona è grande quanto il continente stesso", dice il giurista italiano Luigi Santosuosso, che fa parte del team dei trenta membri della divisione delle Nazioni Unite per gli affari degli oceani e del diritto del mare.
Il suo capo, il direttore della divisione, il giurista ceco Václav Mikulka, segue la presentazione e la completa di tanto in tanto.
L'ardore al lavoro e l'entusiasmo caratterizzano l'atmosfera regnante.
Il fondo marino nasconde un mondo poco conosciuto finora, ricco di risorse naturali.
Si possono trovare petrolio, minerali e altre risorse minerali, ma anche organismi viventi finora sconosciuti, che possono contenere la chiave per lo sviluppo di un farmaco contro il cancro.
Un fondo più vasto della terraferma
Gli Stati costieri hanno iniziato oggi ad aspirare con veemenza ai nuovi territori sottomarini.
Secondo una convenzione dell'ONU, si servono infatti dei loro diritti, sui quali si sono accordati nel 1982 a Montego Bay in Giamaica.
Si tratta soprattutto della zona di quello che viene chiamato lo scaffale continentale, che spesso si estende per diverse centinaia di chilometri dalla costa del paese dato.
Quest’ultimo può, secondo la convenzione, pretendere in modo esclusivo a tutte le risorse dello shelf continentale.
"Per semplificare, è considerata come shelf continentale la parte del fondo marino e del suo sottosuolo, che costituisce un'estensione naturale del continente sotto il mare.
Si estende oltre i confini del mare costiero, spesso anche oltre le duecento miglia marine che rappresentano la cosiddetta yone economica esclusiva", spiega Mikulka.
La richiesta che il paese in questione presenta alla Commissione per l'istituzione delle frontiere esterne dello scaffale continentale, deve essere sostenuta da un'ampia documentazione scientifico-tecnica, basata su molte costose prospezioni e metriche.
È il risultato di anni di lavoro preparatorio.
"Uno dei nostri ruoli è quello di dotare la commissione di un aiuto giuridico e scientifico-tecnico.
Finora la commissione si è occupata di cinque richieste, quelle della Russia, del Brasile, dell'Australia, dell'Irlanda e della Nuova Zelanda.
Per il momento hanno avuto successo solo gli ultimi tre paesi menzionati", aggiunge Mikulka.
Il successo dell'Australia, che è la prima ad aver notevolmente ampliato i suoi possedimenti sottomarini, ha recentemente avuto un impatto globale.
Anche la Nuova Zelanda ha guadagnato terreno - l'estensione del fondo marino, che le è stata attribuita dalla commissione la scorsa settimana, corrisponde a 1,6 milioni di chilometri quadrati, che rappresenta l'estensione del paese moltiplicata per sei.
Entrambi i paesi hanno investito milioni di dollari in prospezioni.
Il profitto che trarranno in futuro dallo sfruttamento del fondo marino sarà, come si prevedono, inestimabile.
Progressivamente, altri paesi presenteranno, a loro volta, la loro richiesta.
Possono farlo entro dieci anni dalla ratifica della "Convenzione di Montego Bay".
Lì, dove finisce lo scaffale continentale, inizia la zona del fondo oceanico, proclamata dalla convenzione "patrimonio comune dell'umanità".
In questo caso, nessuno Stato ha più una posizione esclusiva.
Il diritto di estrazione in questa zona è attribuito da un'istituzione internazionale istituita per convenzione.
"Tuttavia, non ci sbagliamo, il fondo marino non è un Klondike", ha esagerato il direttore Mikulka, precisando che "le sue zone sono chiaramente definite e il loro regime è ancorato a un contratto".
Cechi nel Pacifico
Una parte del fondo marino appartiene oggi anche alla Repubblica ceca.
Lo condivide con altri Stati dell'ex blocco dei paesi dell'Est nell'ambito dell'organizzazione comune "Interoceanmetal".
Quest'ultima ha ottenuto nel 1991, in virtù della convenzione, come pure degli investitori di alcuni altri Stati, lo status di "investitore pionieristico".
Ha il diritto di estrazione nella zona ClarionClipperton nell'Oceano Pacifico, situata tra il Messico, le Isole Hawaii e Kiribati.
L'area prospettata dall'investitore supera leggermente la superficie dell'ex Cecoslovacchia.
Il fondo è agitato, è una sorta di replica sottomarina dei Tatra.
"È possibile estrarre su un'estensione con una superficie totale di 75.000 chilometri quadrati.
L'area rappresenta un giacimento ricco di concrezioni polimetalliche contenente nichel, rame, cobalto e manganese," dice Ind Pakshi Rajan, un altro giurista.
Rober Sandev, un dipendente macedone della divisione, porta un esempio di tale concretezza.
Ricorda una piccola patata, o, con un po' di immaginazione, il mitico shoem, che, secondo la leggenda, animava il Golem.
Le forze speciali tedesche erano sul posto per la liberazione degli ostaggi
Il governo egiziano aveva chiesto l'aiuto della Germania per risolvere la crisi degli ostaggi - gli esperti sono venuti.
Quando la situazione è diventata seria, le unità speciali erano pronte ma non sono mai passate all'azione.
Vengono rivelati sempre più dettagli sulle circostanze della liberazione di undici turisti europei rapiti in Egitto.
Secondo le indicazioni del Ministero dell'Interno e del Ministero della Difesa, anche le forze speciali tedesche hanno partecipato indirettamente all'operazione di salvataggio.
Sul luogo della liberazione si trovavano specialisti dell'esercito federale, funzionari del GSG 9, della squadriglia aerea della polizia federale e dell'ufficio federale di polizia criminale, nonché esperti di logistica del Technischen Hilfwerk.
Come ha comunicato il portavoce dei ministeri lunedì sera, le forze tedesche non sono state finalmente richieste, poiché i sequestratori hanno liberato i loro prigionieri e sono fuggiti quando hanno riconosciuto l'imminenza di una liberazione con la forza.
Il governo egiziano avrebbe accettato l'aiuto offerto dalla Germania per integrarlo sul posto come forza di appoggio.
"Fortunatamente non è successo finora", ha detto un portavoce del ministero dell'Interno federale.
Gli aggressori avevano rapito nel sud dell'Egitto il gruppo di turisti composto da cinque tedeschi, cinque italiani, un rumeno e i loro otto accompagnatori egiziani.
Dopo il loro rapimento nel deserto a sud dell'Egitto, gli ostaggi sono stati trasferiti nella zona di confine tra Egitto, Libia, Sudan e Ciad.
L'identità degli ostaggi è rimasta finora vaga, così come i dettagli della liberazione o di possibili pagamenti di riscatto.
Quelli che sono stati salvati nel frattempo sono arrivati sani e salvi al Cairo.
Steinmeier ha detto che gli ostaggi liberati erano sotto la protezione dell'ambasciata tedesca.
Non ha detto nulla sui dettagli del rilascio.
A Berlino, al momento, non sono state fornite informazioni sulla data del loro ritorno in Germania.
Secondo la rivista Bild, i cinque turisti e le forze speciali dovrebbero essere decollati a bordo di un Airbus dell'aeronautica e arrivare in Germania martedì.
La Camera dei Rappresentanti degli Stati Uniti rifiuta il piano di salvataggio
La prima camera del Congresso americano ha fatto fallire di poco il piano di salvataggio dei mercati finanziari da 700 miliardi di dollari.
Il Dow Jones è sprofondato nell’abisso.
Con 227 voti contro 206, la Camera dei Rappresentanti degli Stati Uniti ha respinto il piano di salvataggio a favore dei mercati finanziari del governo.
Nonostante tutti gli appelli del presidente degli Stati Uniti George W. Bush e dei politici a capo di entrambi i partiti, il programma che doveva contenere il caos dei mercati finanziari non ha ottenuto la maggioranza.
In una manovra drammatica, le partigiane avevano disperatamente cercato di convincere gli oppositori della fondatezza di questo piano da 700 miliardi di dollari.
Barney Frank, uno dei rappresentanti democratici durante i dibattiti, aveva invitato i deputati a votare a favore anche se il piano era impopolare.
"È difficile ottenere il riconoscimento politico per evitare qualcosa che non è ancora accaduto", ha detto.
Il Dow Jones è sceso di oltre 600 punti percentuali.
La ragione di questo è stata la preoccupazione degli investitori che il piano di salvataggio statale potrebbe capovolgere.
Ritornò poco prima della fine della votazione, per poi, dopo l'annuncio del fallimento, cadere di nuovo.
Gli esperti ora proiettano nuove gravi turbolenze sui mercati finanziari internazionali.
Affinché il programma possa entrare in vigore, è necessaria l'approvazione e della Camera dei deputati e del Senato.
Gli organizzatori segnalano un numero crescente di prenotazioni
Questo dovrebbe essere un buon inverno per le agenzie di viaggio tedesche:
Per quanto riguarda le prenotazioni per i prossimi mesi, secondo uno studio, il fatturato è aumentato significativamente rispetto all'anno precedente - per la stagione invernale, anche di oltre il 30 per cento.
Nonostante le prospettive congiunturali deboli, la sete di viaggiare dei tedeschi rimane insaziabile secondo questo studio.
Per quanto riguarda le prenotazioni per la stagione invernale, le agenzie di viaggio hanno registrato un fatturato di oltre il 31 per cento rispetto allo stesso periodo dell'anno precedente, come affidato lunedì a Berlino dalla Federazione tedesca delle agenzie di viaggio (DRV).
Secondo l'indagine del GfK Market Research Institute, i numeri crescenti delle prenotazioni dominano già i mesi autunnali.
Così la cifra delle vendite sarebbe salita a circa più 11 per cento rispetto a 2007, ha confidato la DRV.
Le fonti di questi risultati sono i dati di GfK, che analizza mensilmente i dati di prenotazione di 1200 agenzie di viaggio e fa stime per il mercato globale.
Le prenotazioni di viaggi effettuate dalla fine di agosto 2008 saranno registrate.
A causa del basso prezzo del dollaro, i viaggi verso gli Stati Uniti sarebbero particolarmente richiesti, ha dichiarato la DRV.
Lì, l'aumento delle prenotazioni ammonterebbe a circa un Terzo.
Accanto a questo, la Spagna, la Turchia e la Grecia e la nostra regione sarebbero destinazioni particolarmente ricercate dai tedeschi.
I viaggi organizzati in particolare sono molto richiesti, ha spiegato il presidente della DRV Klaus Laepple.
Tenuto conto dell'aumento dei prezzi dell'energia e dei prodotti alimentari, i costi sarebbero qui "più facilmente calcolabili per il cliente che per un viaggio organizzato individualmente".
I consumatori possono risparmiare denaro, tra le altre cose, con sconti per prenotazioni anticipate o offerte All Inclusive, ha spiegato Laepple.
Anche i mesi estivi sono stati molto ridotti, tanto che si registrerà di nuovo un aumento delle cifre delle vendite rispetto all'anno scorso - anche se secondo un altro studio il numero di tedeschi che hanno intrapreso un viaggio è diminuito rispetto all'anno precedente.
La mia prima volta alla festa della birra
I successi di Ballermann o After-Ski in continuazione, birra in botti al litro e celebrità in costumi tirolesi di designer.
Un evento alla festa della birra.
Io e Suzanne Kronzucker non abbiamo molto in comune.
È bionda, conduttrice televisiva e indossa un costume tirolese su misura.
Ho i capelli scuri, sono una studentessa e il mio vestito è usato.
Ma una cosa ci collega: appena tre minuti alla festa della birra, e già i fotografi si lanciano su di noi e riempiono la loro scheda di memoria - molto lusinghiero, e questo alla mia prima visita alla festa della birra.
E' cosi' che ci facciamo degli amici.
Il costume tirolese a buon mercato sembra raggiungere il suo obiettivo.
Come turista della festa della birra e abitante normalmente a nord dell'equatore della Wei<0xC3><0x9F>wurst, la mia sensazione di benessere nell'abito tradizionale era finora limitata.
Ma una volta in piazza Teresa, tutto è la metà meno peggio.
Ognuno o quasi indossa un abito tirolese o pantaloni di pelle; nessuno sembra ammalato o colpito dalla vergogna - è del tutto normale.
Solo il grembiule del mio costume tirolese raccoglie qualche colpo d'occhio bizzarro allo stand delle banane-chocó.
Una bavarese mi fa notare che avrei legato male il grembiule: "a sinistra vuol dire libero, a metà vergine, a destra sposata, a poppa vedova".
In modo discreto, giro la mia fibbia dalla parte posteriore a sinistra.
"E' meglio", mi dice e ride.
Altri non si danno così tanto per queste sottili tecniche di flirt e indossano semplici feltri, sui quali è scritto "Too drunk to get dressed!" e ci espone il loro retro nudo senza essere invitati.
Il giovane esibizionista si chiama Bob, arriva dall'Inghilterra e viene per la prima volta alla festa della birra.
Lo trova "gorgeous", con un "ooooooo" sdraiato.
Mi racconta tutto questo dopo essersi sollevato dalla coppa che aveva bevuto prima.
Direttamente accanto a quella bocca d'incendio che tutti pensano sia un bidone della spazzatura.
Bob è quindi uno di quei "piscioni selvaggi" infami.
Altri non hanno la fortuna di essere in grado di sbarazzarsi dell'alcol in questo modo.
Verso le otto di sera, dei soccorritori corrono nella piazza della festa e devono occuparsi dei poveri bevitori.
Gli infermieri intervengono piuttosto in branco - sempre a quattro, trascinano la barella coperta di tende in tende.
È così che funziona per la maggior parte dei visitatori della festa della birra: ci si va vuoti, se ne torna pieni.
Coloro che riposano nella bara dei ubriachi sotto il telo non sono visibili.
"Sono quelli che non possono più ingoiare nulla", mi grida uno dei soccorritori in risposta alla mia domanda e poi scompare nella mischia.
Vittima dell'incidente identificata dalla polizia
Un pedone di 63 anni, deceduto in ospedale dopo essere stato investito da un veicolo, è stato identificato.
Carole Paulson, da Chelmsford Road a Brentwood, è stata coinvolta nell'incidente di venerdì pomeriggio, in città, sulla Shenfield Road.
Fu trasportata al Queen's Hospital di Romford, dove morì in seguito.
A seguito dell'incidente, un uomo di 51 anni è stato arrestato per presunta guida pericolosa.
Da allora è stato rilasciato su cauzione.
La Turchia allarga i suoi orizzonti diplomatici.
Molto prima che la Turchia pensasse di entrare nell’Unione Europea, le potenze europee erano ansiose di entrare nel suo entroterra.
Sul lato est del Bosforo, a 20 passi forse, dall'Asia, si trova una delle reliquie più fini della sua ambizione imperiale decaduta.
La stazione di Hydarpasha è stata progettata in stile neo-rinascimentale da due architetti tedeschi, Otto Ritter e Helmut Conu.
Almeno questo è quello che ci dicono le guide.
Il monumento è disposto a cavallo in fondo alle piattaforme, provviste di torre di osservazione ad ognuna delle sue angolazioni, come alcuni municipi provinciali tedeschi.
Le pietre sono sporche.
L'intero edificio è in rovina.
Ma una volta all'interno della biglietteria a volta, non abbiamo più dubbi sulla grandezza dell'azienda, che rappresenta un passaggio verso ovest.
La stazione fu inaugurata nell'agosto 1908 da un'associazione tedesca, l'Anatolia-Baghdad Corporation.
La Germania, ritardataria al gioco dell'imperialismo, desiderava realizzare le sue ambizioni medievali di dominio grazie a questa ferrovia che arriva a Damasco, Baghdad e alla terra più conosciuta come l'Arabia Saudita.
Ma le ambizioni imperialiste tedesche sono crollate durante la prima guerra mondiale.
Le sue ferrovie furono attaccate da Lawrence d'Arabia e dai suoi irregolari arabi.
Il relativo isolamento della sua regione circostante, generato dai confini ghiacciati della Guerra Fredda, è finito.
Gli inglesi e le forze dell'impero avanzarono oltre l'Egitto e spinsero i turchi e i loro alleati tedeschi fuori dalla Palestina e dalla Siria.
Ma c'erano anche cattive notizie per la stazione di Hyderpasha.
Nel 1917, un treno carico di munizioni esplose distruggendo il suo sottile tetto.
Secondo fonti turche si tratta di un sabotaggio.
Da allora, lentamente cade in rovina, inghiottita nei meandri della storia.
Ma oggi il passaggio ferroviario verso l'Anatolia e tutti i punti orientali, almeno simbolicamente, serve a sottolineare l'ampliamento degli orizzonti diplomatici della Turchia.
Il partito di Giustizia e Sviluppo al potere, l’AKP, ha creato una nuova politica estera per il paese.
Il relativo isolamento della sua regione circostante, generato dai confini ghiacciati della Guerra Fredda
Ora è il momento di una nuova politica di impegni.
Il governo turco ha notevoli relazioni con Israele e la Siria, le frazioni palestinesi di Hamas e Fatah, l’Iran e l’Iraq, e, naturalmente, con l’Unione Europea e gli Stati Uniti.
Per giudicare i parametri di questa nuova politica estera, mi sono imbarcato su un vagone letto in direzione della capitale turca, Ankara, per visitare MP AKP turco Suat Kiniklioglu, uno degli esperti di politica estera.
La mattina seguente, dopo un viaggio di dieci ore e mezza, scosso su binari rumorosi la cui cadenza ricordava il vecchio mondo del celebre documentario The Night Mail, arrivavo finalmente, nella capitale turca – presentata come una città nuova di un nuovo stato secolare, voltando le spalle al suo passato tedesco.
Ma l’AKP, con le sue ben note radici islamiste, rappresenta un esempio di cambiamento del consenso turco.
Sospettava dell'Occidente, e in particolare di Washington.
Un taxi mi ha accompagnato al quartier generale dell'AKP, una struttura ultra moderna, appositamente costruita in pietra e acciaio, in un quartiere in via di sviluppo, circondato da centri commerciali a metà costruzione e da numerose pasticcerie in cui i middle manager in costume-cravatta - uomini e donne - si incontrano per affari mattutini.
Suat Kiniklioglu avrebbe potuto essere un politico di centrodestra proveniente da qualsiasi altro partito in Europa.
Costume, cravatta e ha anche una Black Berry.
Lo scopo di questa politica estera è di reintegrare ora la Turchia nel suo vicinato immediato.
La guerra fredda è stata un'anomalia", ha detto.
La Turchia è stata tagliata fuori dal suo retroterra.
Ora deve guardare a est e ad ovest allo stesso tempo.
Non era il caso dell’uno e dell’altro.
Doveva fare entrambe le cose.
"ma, ecco, a un certo punto, "ho chiesto se" la Turchia non dovrebbe scegliere?".
"La Turchia", ha detto, "non vuole dover scegliere tra i due".
Ha poi sottolineato un aspetto che quasi tutti quelli con cui ho potuto parlare, mi hanno recitato a memoria: la ferrovia turca non va solo verso il Medio Oriente, ma anche verso il Caucaso, e intorno al Mar Nero, è quindi, tanto un vantaggio per l'Europa e gli Stati Uniti quanto per la Turchia stessa.
Con l'integrazione della Turchia, il messaggio sembra disegnare un'Europa che viaggia metaforicamente sulle rotaie verso l'Asia e il Medio Oriente.
Di ritorno alla stazione di Hydarpasha, dopo un'altra notte senza dormire, ho ripensato a quei due tedeschi, Herr Ritter e Herr Conu, che hanno seguito la costruzione di questo edificio 100 anni fa.
Sarebbero stati sorpresi di vedere che le ambizioni europee del Medio Oriente potrebbero, in gran parte, trovarsi nelle mani della Turchia.
Mentre aspettavo al terminal, il traghetto per attraversare il Bosforo, ricordavo il periodo in cui la Turchia era stata nominata "il malato d'Europa".
Almeno, non c'è più alcun dubbio sul continente che potrebbe pretendere questo affascinante paese.
Memorie di Vernon Handley e William Woodruff.
Mark Brown scrive: Direttore musicale di Guildford dal 1962, Vermon "Tod" Handley (deceduto l'11 settembre) era a capo della Guildford Philharmonic Orchestra e Coro.
Partendo già dal suo progetto musicale per la città, l'anno successivo fondò il fantastico coro giovanile, Proteus.
Il coro doveva includere i minori di 21 anni, ma prima che Proteus potesse cantare la sua ultima canzone nel 1979, molti di noi che avevano più di 20 anni si sono rifiutati di abbandonare il coro.
La denominazione "Proteus" (che cambiava forma secondo la mitologia) rappresentava la volontà e l'abilità del coro di gestire qualsiasi tipo di musica gli fosse presentata, sia madrigale che messianica.
La versatilità musicale prodotta da un coro così giovane era spesso impressionante, sempre emozionante, e questo grazie all'ispirazione di un solo uomo, e al suo entusiasmo per la musica, che è rimasto costante nel corso degli anni.
Ricordate quanto Tod ci ripeteva di "lasciare che la musica parli per se stessa".
Avrebbe detto: "Il compositore sa quello che vuole"
Tutto è lì, nella musica.
Quindi cantate!"
La sua tecnica di bacchetta era assolutamente chiara, precisa, anche se mai dittatoriale né apparente.
Qualunque fosse lo standard musicale, lo elevava molto più in alto.
John Frayn Turner ha scritto:
Se un autista dovesse essere nominato cavaliere, sarebbe Vernon Handley.
Lo conoscevo bene durante le decadi dal 1962 al 1982, quando guidava la Guildford Philharmonic.
Negli ultimi 40 anni ho rivisto più di un centinaio di suoi concerti, e posso onestamente dire che nessuno di loro mi ha mai deluso - e qualche volta mi hanno anche ispirato.
Tod Handley possedeva così rara questa combinazione di grandezza e modestia personale.
Odiava i conducenti che, secondo lui, "si concentrano solo su alcune persone".
Mancherà a molti di noi.
William Woodruff
Il professor John Beckett scrive:
La sua obitorio di William Woodruff (morto il 25 settembre) afferma che "nel 1946 aveva ripreso gli studi in storia economica, ad Oxford, e divenne nel 1950, membro di Houblon-Norma research, mentre faceva un BSc, un MA e un PhD".
Questo è ciò che emerge dalla lettera dell'autore di Woodruff in Beyond Nab End, ma questo non è corretto.
Dal 1946 al 1953 è stato professore di storia economica all'Università di Nottingham, e contemporaneamente ha completato una tesi di dottorato sull'industria della plastica britannica, sotto la supervisione del professor J.D. Chambers; è stato poi pubblicato nel 1958 con il titolo The British Rubber Industry.
Negli anni ’50 e ’51 negli Stati Uniti, studiò al Norman Hobo e nell’estate del 1952 alle università dell’Illinois, di Harvard e di New York.
Nel 1953 lasciò Nottingham per l'Illinois.
Il motivo per cui Woodruff ha scelto di nascondere questa parte del suo passato rimane sconosciuto.
J. Vicente Resino alla Facoltà di Filosofia
"Consiglio la mostra di José Vicente Resino " il Flamenco e la vita " perché le sue fotografie in bianco e nero, uno stile documentario, sono fantastiche.
Mi hanno attirato l'attenzione per la loro semplicità e la forza che trasmettono e perché trattano sempre i protagonisti con grande rispetto.
Una mostra che trasmette molti sentimenti.
Resino è in grado di catturare momenti magici".
Seconda mossa per le super vendite di Honda
Nel mese di novembre Honda inizierà la commercializzazione della seconda generazione del modello Jazz.
Se il suo predecessore aveva già una buona abitabilità, questa nuova monovolume dispone di uno spazio interno ancora più ampio.
A ciò si aggiungono alcune meccaniche raffinate, che aumentano il comfort di guida e permettono di risparmiare più benzina.
Un’evoluzione di fronte a una rivoluzione.
Questa è la seconda generazione di Honda Jazz.
Anche se esteticamente la nuova Honda Jazz presenta una linea molto simile al modello precedente, i cambiamenti introdotti in questa monovolume sono numerosi.
Tra questi c'è un design innovativo, una nuova piattaforma, dimensioni più grandi e nuovi motori.
Tuttavia, prima di esaminare il nuovo modello, va sottolineato che questa nuova Honda Jazz arriva sei anni dopo l'immissione sul mercato della prima generazione.
In primo luogo si osserva che Honda ha rinnovato questo modello in tempi più brevi rispetto ad altri produttori.
Anche se in Europa la Honda Jazz è meno conosciuta, questo modello è un fenomeno di vendita in altri mercati.
Questo è il caso del Giappone, dove la Honda Jazz è stata l'auto più venduta nel 2002 e anche nel 2008.
Esattamente in Giappone, quasi un milione di Honda Jazz sono stati venduti dal suo lancio.
Il Vecchio Continente, con più o meno un milione di auto vendute in sei anni, si colloca al secondo posto.
Tuttavia, Honda afferma che questo nuovo Jazz le permetterà di aumentare le sue vendite in Europa.
Così, mentre nel 2007 il marchio giapponese ha commercializzato 83.000 Honda Jazz, nel 2009 pensa di vendere 100.000, il che rappresenterebbe una crescita delle vendite del 17% sul mercato europeo.
Nel mercato spagnolo, Honda ha venduto 8.000 Jazz dal 2002, che rappresentano il 6,7% delle vendite di Honda in Spagna.
I responsabili della filiale spagnola sperano di vendere 2.000 Jazz in un anno.
È proprio l’uscita del nuovo Jazz che permetterà a Honda di compensare in gran parte il calo delle vendite in Spagna.
In effetti, i responsabili del marchio sperano di concludere l'anno con una vendita di 22.000 auto, vale a dire 4.000 auto in meno rispetto al 2007, ovvero un calo delle vendite del 16%.
Grazie a questo aumento delle vendite, Honda ha aumentato la sua quota di mercato in Spagna, raggiungendo una quota di mercato dell'1,8%, contro l'1,6% dello scorso anno.
Il marchio giapponese spera anche di ottenere una quota di mercato del 2% nel 2010.
Honda spera di ottenere questa quota di mercato quando il nuovo modello uscirà.
Si tratta dell'Insight, un ibrido a cinque porte e di dimensioni compatte - 4,37 metri di lunghezza - su cui l'azienda giapponese spera di commercializzare quasi 200.000 auto all'anno in tutto il mondo.
A seconda dei mercati e secondo le stime del produttore giapponese, il 50% delle vendite dell'Insight avverrà negli Stati Uniti, mentre l'altra metà restante sarà ripartita tra il Vecchio Contenitore e il Giappone.
Il lancio commerciale dell’Insight è previsto nei primi tre mesi del prossimo anno, dopo la sua presentazione al pubblico a gennaio a Valencia.
Rispetto alla prima generazione, il nuovo Jazz aumenta le sue dimensioni.
La sua lunghezza raggiunge 3,90 metri (cinque centimetri in più), la sua larghezza 1,69 metri (due centimetri in più) e la distanza tra i suoi assi è di 2,50 metri, che rappresenta un aumento di cinque centimetri.
Al contrario, l'altezza non cambia, cioè 1,52 metri.
Le dimensioni aumentano e anche lo spazio interno.
Questo guadagno è dovuto, da un lato, all'introduzione di una nuova piattaforma e, dall'altro, all'introduzione di una riserva di benzina in una posizione centrale, una soluzione adottata anche per la Honda Jazz.
Allo stesso modo, la capacità del bagagliaio – che ha un sistema a doppio fondo – può contenere fino a 399 litri, 19 litri in più rispetto al bagagliaio di prima generazione.
Va segnalato che queste dimensioni sono quelle della versione con motore 1.4L, poiché la capacità del bagagliaio dell'Honda Jazz 1.2L è di 379 litri.
L'altra innovazione - oltre agli elementi esterni come le luci posteriori o il tetto panoramico - è il miglioramento dell'accesso ai sedili posteriori.
Le porte che danno accesso ai sedili posteriori dispongono di un angolo di apertura di 80 gradi, rispetto alle porte posteriori del primo Jazz che si aprivano con un angolo di 67 gradi.
I motori sono anche nuovi su questa seconda generazione di Jazz.
All'inizio della sua commercializzazione, questo piccolo modello sarà dotato di due propulsori a benzina da 1,2 e 1,4 litri.
Entrambi i motori sono dotati di tecnologia i-VTEC che riduce il consumo di benzina e le emissioni di CO2, rendendo il motore più potente e aumentando il regime del motore.
Il primo motore da 1,2 litri sviluppa una potenza di 90 cavalli a 6.000 giri/min e 114 Nm di coppia a 4.900 giri/min.
Questo propulsore - che sul precedente Jazz raggiungeva i 78 cavalli - presenta un consumo di benzina di 5,3 litri per 100 km ed emissioni di 125 grammi di CO2.
Rispetto al propulsore precedente, che sulla generazione precedente raggiungeva 83 cavalli, ora raggiunge i 100 cavalli.
Questa Honda Jazz 1.4L da 100 cavalli ha un consumo combinato di 5,4 litri per 100 km e emissioni di 128 grammi di CO2.
L’auto che evita le collisioni
Per far progredire lo sviluppo delle tecnologie per la prevenzione degli incidenti, Nissan si è ispirata, questa volta, alla natura, in particolare alle api.
L'azienda giapponese ha creato un robot che, imitando il volo delle api, evita incidenti.
Si chiama Bio-Mimetic Car Robot Drive, o BR23C e rappresenta i primi passi verso le tecnologie di prevenzione delle collisioni.
Gli ingegneri del Centro Tecnico Avanzato di Nissan Motor Co. hanno realizzato questo piccolo robot in collaborazione con il Centro per la Ricerca delle Scienze e delle Tecnologie Avanzate della prestigiosa Università di Tokyo, in Giappone.
Secondo Kazuhiro Doi, direttore generale delle relazioni pubbliche per la tecnologia e la ricerca e lo sviluppo della gestione del marchio, il BR23C rappresenta la crescita dello scudo di sicurezza Nissan.
Questo robot permetterà ai veicoli del marchio di prevenire le collisioni.
Durante il volo, ogni ape crea il proprio spazio personale con una forma ovale che assomiglia molto allo scudo di sicurezza Nissan.
Ma la cosa più importante sono gli occhi composti dall'ape, in grado di vedere in un angolo di oltre 300 gradi e in tutte le direzioni, che le consente di volare senza interruzioni all'interno del proprio spazio personale.
Per ricreare questa funzione visiva, gli ingegneri hanno sviluppato il cosiddetto localizzatore laser (Laser Range Finder).
Questo rileva gli ostacoli che si trovano su una distanza di due metri e in un raggio di 180 gradi, calcola la distanza fino a questo oggetto e invia un segnale al microprocessore, immediatamente, per evitare l'ostacolo.
"Nel momento in cui rileva un ostacolo, il piccolo robot imiterà i movimenti di un'ape e cambierà immediatamente direzione biforcando le sue ruote di 90 gradi o più per evitare la collisione.
La più grande differenza rispetto a qualsiasi altro sistema esistente è che la manovra di evasione è totalmente istintiva.
Se così fosse, il robot non sarebbe in grado di reagire abbastanza rapidamente per evitare gli ostacoli", spiega Toshiyuki Andoh, direttore del Laboratorio di Motion e ingegnere capo del progetto.
A differenza di un’ape, il robot non può essere deviato verso l’alto o verso il basso, né in diagonale; può muoversi solo in due dimensioni e in funzione di ciò che le sue ruote gli permettono e non in direzioni infinite come le api.
Per questo motivo, Nissan ha utilizzato una funzione di rotazione, ma anche di accelerazione e decelerazione, in modo che il piccolo robot possa evitare gli ostacoli.
"Ogni secondo questo dispositivo deve solo elaborare le informazioni e agire in base a questi dati.
Non ha bisogno di conservare le informazioni o le logiche intuitive di manovre preliminari, per questo può funzionare in continuo con solo poche dozzine di KB di memoria.
Questo può sorprendere, ma non stiamo parlando di gigabyte di memoria, né nemmeno di megabyte."
Questo rappresenta il primo passo nello sviluppo di nuove tecnologie di prevenzione istantanea delle collisioni, una tecnologia che sarà introdotta nelle auto di serie tra una decina di anni dopo Nissan.
Il robot funziona con batterie ai polimeri di litio, che sono più leggere e durano più a lungo rispetto alle batterie agli ioni di litio.
L'altra possibile applicazione di questa tecnologia in futuro potrebbe essere l'adattamento di questo dispositivo su un sistema GPS di navigazione satellitare per guidare il conducente fino alla sua destinazione evitando gli ostacoli sulla strada.
Hanno paura di essere ipotecati
Bisogna riconoscere che il Tesoro degli Stati Uniti, oltre ad avere un sacco di liquidi per fare piani, non è privo di geni.
Di fronte alla crisi, e per evitare che gli americani si imbarchino in mutui presso banche di solvibilità, hanno creato un gioco per imparare a non fallire: 'Bad Credit Hotel'.
Cioè 'l'Hotel dei crediti cattivi' ... o storie.
L'aspetto lugubre di questo alloggio e specialmente del Maestro d'Hotel ci porta a pensare più volte se è il momento giusto per richiedere un prestito.
E, soprattutto, dove farlo.
Sicuramente questo gioco fornisce informazioni utili ma poco dettagliate.
È più un gioco riservato agli adolescenti.
Cosa fare se il gioco finisce?
Dal momento che una camera da sogno appare all'interno dell'hotel.
È meglio di niente, perché è impensabile comprare una casa
Morgan Stanley apre il suo capitale a Mufg
Morgan Stanley ha annunciato l'ingresso a sua volta di Mitsubishi UFJ Financial Group (MUFG), la prima banca del Giappone, che pagherà nove miliardi di dollari per prendere il 21% del suo capitale, una notizia accolta con un forte calo della sua quotazione in Borsa.
Una settimana dopo aver svelato un accordo provvisorio, le due banche hanno spiegato che MUFG avrebbe acquistato il 9,9% delle azioni ordinarie di Morgan Stanley al prezzo unitario di 25,25 dollari, per un totale di tre miliardi di dollari.
Il prezzo prescelto è inferiore del 19% al valore contabile dei titoli al 31 agosto.
MUFG investirà altri sei miliardi di dollari nell'acquisizione di titoli convertibili con un rendimento del 10% e un prezzo di conversione di 31,25 dollari.
Morgan Stanley ha precisato che l'operazione globale si effettuerà sulla base di un prezzo unitario medio di 29 dollari, ovvero il 28% al di sopra del suo prezzo attuale.
Le azioni di Morgan Stanley hanno perso il 6,79% a 23,07 dollari verso le 17:00 GMT.
“Questa alleanza strategica rappresenta un’importante opportunità per accelerare la transizione di Morgan Stanley verso lo status di holding bancaria”, ha dichiarato John Mack, amministratore delegato del gruppo.
Morgan Stanley ha adottato questo nuovo statuto la scorsa settimana, che dovrebbe consentirle di diversificare le sue attività, ma lo fa passare sotto l'autorità della Federal Reserve.
La sua alleanza con MUFG conferma anche che l'attuale crisi finanziaria costringe i grandi nomi di Wall Street ad adottare un atteggiamento molto più prudente di prima.
I termini presentati lunedì mostrano inoltre che l'accordo è stato modificato negli ultimi giorni: lunedì scorso Morgan aveva semplicemente annunciato che avrebbe venduto fino al 20% delle sue azioni al giapponese per circa 8,5 miliardi di dollari.
"Una settimana fa", ha spiegato a Tokyo Toshihide Mizuno, direttore esecutivo di MUFG, "abbiamo pensato che la partecipazione sarebbe stata interamente composta da azioni ordinarie.
Ma alla luce dell'attuale situazione dell'economia e del mercato, abbiamo voluto ridurre al minimo i rischi e coprire noi stessi".
Sulla base del prezzo medio ponderato, MUFG pagherà i suoi titoli Morgan Stanley al 7% al di sotto del loro valore contabile.
E l'operazione si tradurrà in una diluizione di circa il 20% del profitto per azione.
L'accordo prevede che MUFG potrà convertire in un anno la metà dei suoi titoli preferenziali in azioni ordinarie se queste ultime si scambiano più del 50% al di sopra del prezzo di conversione, ossia a circa 47 dollari, in un dato periodo.
Morgan Stanley assicura che il capitale apportato da MUFG gli permetterà di cogliere opportunità di investimento, rafforzare il suo bilancio e aumentare la sua liquidità.
Un portavoce del gruppo ha tuttavia rifiutato di fornire dettagli sui progetti strategici dei due nuovi alleati.
Dopo l'investimento di MUFG, Morgan Stanley dovrebbe mostrare un rapporto di solvibilità Tier One di circa il 15%, uno dei migliori del settore.
Morgan ha detto di aver alleggerito "nettamente" il suo bilancio dalla fine di agosto.
Le ultime settimane sono state difficili per il gruppo, che ha visto la sua quotazione in borsa dimezzare mentre il costo dell'assicurazione contro il rischio di default sul suo debito stava volando.
Il costo è sceso lunedì, ma è rimasto ad un livello elevato, intorno al 12%.
La scorsa settimana, Goldman Sachs, l'unica altra "sopravvissuta" delle grandi banche di investimento di Wall Street dopo i fallimenti di Bear Stearns e Lehman Brothers e l'acquisizione di Merrill Lynch, ha annunciato di aver raccolto 15 miliardi di dollari, in parte da Berkshire Hathaway, il gruppo di Warren Buffett.
Rafael Correa a Quito questo lunedì.
Rifondare la repubblica intorno al socialismo del XXI secolo.
Questo è il progetto comune del venezuelano Hugo Chávez, del boliviano Evo Morales e dell’ecuadoriano Rafael Correa.
Questa domenica, come i suoi omologhi e amici, è il terzo che metteva ai voti un progetto di nuova Costituzione.
Missione compiuta dal momento che il 64% degli elettori ha votato "sì" al referendum, secondo i risultati ufficiali che hanno ottenuto l'80% dei voti.
Secondo questi risultati, il "no" ha ottenuto il 28%, il 7% dei voti erano nulli e lo 0,7% erano voti bianchi.
Affinché il progetto di Costituzione venisse approvato, doveva ottenere la metà dei voti più uno.
Domenica, due sondaggi effettuati all'uscita dai seggi elettorali e un conteggio di un'organizzazione non governativa avevano annunciato un'ampia vittoria del "sì", situandolo tra il 63% e il 70%.
Rafael Correa ha rivendicato nella notte tra domenica e lunedì la vittoria del suo progetto di Costituzione.
"La Costituzione ha trionfato in modo schiacciante", aveva assicurato, congratulandosi con gli ecuadoriani nella sede del governatorato di Guayaquil, a 280 chilometri a sud-ovest di Quito.
Come è ovvio, Rafael Correa è stato congratulato da Chávez e Morales, ma anche dalla sua controparte cilena Michelle Bachelet.
Le elezioni, che si sono svolte nella calma secondo la missione di osservazione dell'Organizzazione degli Stati americani (OAS), riguardavano un testo in 444 punti che consolidava il "nuovo socialismo" difeso dal presidente.
Il progetto di Costituzione consacra il potere dello Stato sull’economia, riservandogli la “pianificazione dello sviluppo” di un paese che vive essenzialmente dell’estrazione di petrolio da parte di compagnie straniere e delle valute che inviano i suoi emigrati.
Portato avanti da Correa, eletto nel 2006, il progetto conferisce anche poteri rafforzati al capo dello Stato, che potrà svolgere fino a due mandati consecutivi di quattro anni e avrà la possibilità di sciogliere l’Assemblea.
Correa ha già annunciato che userà questo potere e si candiderà per un nuovo mandato nel febbraio 2009.
La Costituzione consolida inoltre il principio di gratuità dei servizi sanitari ed educativi che il presidente ha iniziato a introdurre in questo paese di 13,9 milioni di abitanti, dove il 50% della popolazione vive sotto la soglia di povertà.
Prevede infine il divieto della presenza di truppe straniere, che metterà fine all’accordo tra Quito e Washington per l’utilizzo di una base ecuadoriana come punto di partenza delle operazioni antidroga americane.
I 19 ostaggi sono stati liberati in Ciad
Un commando egiziano ha lanciato l'assalto contro i rapitori degli undici turisti e dei loro otto accompagnatori catturati dieci giorni fa.
Sono al Cairo.
Gli undici turisti europei e gli otto accompagnatori egiziani tenuti prigionieri per dieci giorni nel deserto sono stati riportati lunedì pomeriggio sani e salvi nella capitale egiziana.
In mattinata sono stati rilasciati da un commando egiziano in Ciad.
Apparentemente in forma, gli ostaggi sono arrivati intorno alle 15.30 a bordo di un aereo speciale alla base militare di al-Maza, accostata all'aeroporto internazionale del Cairo.
Sono stati immediatamente trasferiti, senza poter parlare alla stampa, a bordo di elicotteri verso l’ospedale di Maadi, una periferia residenziale del Cairo, per sottoporsi ad esami.
Sono in “buona salute” e “nessun riscatto è stato pagato” ai rapitori, ha dichiarato sul tarmac il ministro egiziano del Turismo, Zoheir Garanna.
Catturato il 19 settembre durante un safari in 4x4 ai piedi del monte Uanat, ai confini di Egitto, Sudan e Libia, questo gruppo di ostaggi era stato travolto da un nascondiglio all’altro da 35 rapitori sconosciuti.
Comprende 11 turisti - cinque italiani, cinque tedeschi e una rumena - e otto egiziani: due guide, quattro autisti, una guardia di frontiera e il direttore dell'agenzia Aegyptous, organizzatrice del safari.
Un funzionario egiziano della sicurezza ha riferito che 30 membri delle forze speciali, trasportati a bordo di due elicotteri, avevano lanciato l’assalto nella notte poco prima dell’alba.
"C'è stato uno scambio di colpi e metà dei rapitori sono stati uccisi, gli altri sono fuggiti", ha detto il funzionario, che ha chiesto l'anonimato.
Ha detto che 150 membri delle forze speciali egiziane dell'unità "flash" sono stati inviati in totale in Sudan, dove hanno ricevuto il sostegno di commandos tedeschi e italiani.
Il capo della diplomazia italiana Franco Frattini ha menzionato da Belgrado, dove si trova, il ruolo svolto da agenti segreti ed elementi delle forze speciali italiane.
"Dobbiamo riconoscere che abbiamo raggiunto questo risultato grazie alla professionalità e all'efficacia dei nostri uomini dei servizi segreti, delle forze speciali", ha detto, senza ulteriori dettagli.
Ha anche negato il pagamento di un riscatto.
Il giorno prima, l’esercito sudanese aveva affermato di aver intercettato durante una pattuglia un veicolo 4x4 a bordo del quale si trovavano i rapitori, uccidendo in sei, tra cui il capo ciadiano, e arrestandone due.
L’esercito aveva affermato che erano legati a un gruppo ribelle del Darfur, il Movimento di Liberazione del Sudan-Unità (SLA-U), cosa che questo movimento aveva immediatamente smentito.
Lettere - La maggioranza silenziosa della cultura
Un dibattito sul finanziamento della cultura fa notizia e occupa la presente campagna elettorale.
Buon per te.
Ma un settore della nostra vita culturale rimane sempre dimenticato.
Chi si alzerà per denunciare le somme di miseria che si accordano ai piccoli musei, agli archivi, agli scavi archeologici o ai luoghi storici nazionali che muoiono di fame?
Quale politico oserà ricordare al governo federale che trascura i suoi monumenti e i suoi edifici patrimoniali?
Che in Quebec, come in Canada, non abbiamo leggi vere che preservano effettivamente il nostro patrimonio?
Sapevate che il governo francese sta spendendo tre milioni e mezzo di euro per il restauro dell'unico castello di Chinon nella Valle della Loira?
Tra i nostri vicini americani, è scritto nella Costituzione del loro paese che la protezione del patrimonio fa parte della cultura degli americani e che questo patrimonio deve essere protetto da tutti i cittadini, tutti gli eletti e tutti i dipartimenti governativi, e questo, in concertazione.
In Québec, alla Federazione delle società di storia del Québec, almeno 40.000 persone volontarie raggruppate in 211 società di storia, patrimonio, archivi e genealogia si preoccupano di scavare nella storia, preservare con tre sotto mucchi di archivi privati e preservare reperti archeologici.
Sono loro, spesso, che sono i cani da guardia del nostro patrimonio, che protestano con l'energia della disperazione quando promotori e decisori lanciano i loro bulldozer contro le nostre vecchie pietre e i nostri cimiteri dimenticati.
A quando, una tribuna per la storia e il patrimonio?
I governi del Benelux nazionalizzano una parte della banca Fortis
Gli Stati del Benelux stanno sostenendo la banca belgo-olandese, come primo istituto bancario europeo in difficoltà a causa dell'effetto palla di neve della crisi del mercato del credito negli Stati Uniti, nazionalizzandola parzialmente. I tre paesi sostengono, per una somma di 11,2 miliardi di euro, questa istituzione finanziaria e assicurativa che possiede anche interessi in Ungheria.
Questo fine settimana, i governi belga, lussemburghese e olandese si sono accordati, al più alto livello, su questo caso, facendo appello anche alla Banca centrale europea e al responsabile della concorrenza della Commissione europea.
Nella zona euro, la prima grande crisi nell'ambito della crisi finanziaria internazionale che si sta amplificando da più di un anno è per la banca Fortis. Da un certo punto di vista, le decisioni che saranno prese nel caso di questa banca serviranno da precedente.
In linea con la decisione presa nella notte di domenica, i tre stati riacquisteranno quasi la metà (fino al 49%) del capitale della banca che si trova in ciascuno dei paesi.
La banca venderà senza dubbio una parte delle sue partecipazioni, tra le quali, in primo luogo, le attività, essenzialmente assicurative, che ha acquisito l'anno scorso dall'organismo olandese ABN Amro.
La scorsa settimana, le azioni Fortis hanno iniziato una caduta vertiginosa. Nella seconda metà della settimana, sono già stati rivelati seri segni di crisi presso la banca.
Gli analisti concordano sul fatto che con i suoi 85.000 dipendenti, la banca è troppo grande per essere lasciata andare al fallimento.
Solo venerdì, le azioni della società sono scese del 12 per cento, raggiungendo il livello più basso da 14 anni fa.
Da gennaio le azioni sono scese di oltre due terzi del loro valore.
Tenendo conto del valore attuale delle azioni, il valore totale del capitale del gruppo si aggira intorno ai 14 miliardi di euro, il che, secondo i dirigenti della società, non è realistico.
La direzione della società accusa l'incertezza d'oltreoceano, in relazione all'adozione del piano di salvataggio americano da 700 miliardi di dollari, di essere all'origine del crollo delle azioni Fortis.
Lunedì, le carte hanno già beneficiato di un leggero aumento.
Venerdì, Filip Dierckx è stato nominato a capo della banca, come nuovo amministratore delegato.
L'organismo finanziario cercava anche acquirenti privati, ma non ha ancora ricevuto una proposta sul merito.
In precedenza, il governo belga ha annunciato che gli investitori non dovrebbero preoccuparsi, non avrebbero perso i loro soldi.
Nessun panico è stato avvertito nella cerchia dei clienti della banca e nessuna agenzia è stata presa d'assalto.
In Ungheria, Fortis possiede agenzie indipendenti e ha anche acquisito società di leasing.
Una volpe nel pollaio
In America, le compagnie di assicurazione sulla vita e sulla salute spesso rifiutano di firmare un contratto di assicurazione con un candidato, in base alle informazioni relative ai suoi acquisti di farmaci.
Gli esperti di protezione delle informazioni temono che il mercato dei dati diventi incontrollabile.
"Esistono programmi di protezione dei dati che vincolano l'uso delle informazioni relative alla prescrizione di medicinali, in ogni caso, al consenso dell'interessato.
Questo tipo di programma deve trovarsi in mani indipendenti, altrimenti è come affidare il pollaio a una volpe", ha ricordato Richard Dicket, il creatore del programma utilizzato per gestire le prescrizioni di farmaci, al Washington Post.
Le compagnie di assicurazione fanno dipendere il premio assicurativo e il capitale assicurato in caso di danno, dallo stato di salute del cliente che si presenta, e se ritengono che il rischio sia troppo grande, non lo assicurano nemmeno.
In passato, inviavano i candidati a un esame medico, e firmavano un contratto di assicurazione con loro solo dopo aver preso conoscenza dei risultati.
Negli ultimi dieci anni, Dick ha trovato una procedura molto più economica: da un numero di identificazione, fornisce facilmente alle farmacie i dati sugli acquisti di farmaci della persona entro diciotto mesi. Da questo, il programma stesso determina di quale malattia soffre la persona e qual è il suo stato di salute.
Ad esempio, se questa persona acquista regolarmente alte dosi di colesterolo ridotto, questo si riferisce a un livello di grasso estremamente alto nel sangue, che la mette immediatamente in una categoria di rischio più elevata.
Diverse versioni di questo programma sono in circolazione. Alcune determinano allo stesso tempo un coefficiente di rischio, quindi non c'è molto da fare per l'assicuratore a parte le scartoffie. Tuttavia, possono ancora apparire piccoli problemi.
Tra gli svantaggi di questo programma c'è il fatto che un farmaco può essere utilizzato per scopi diversi. Ad esempio, alcune miscele possono essere utilizzate contro l'emicrania o contro le vampate di calore, ma possono anche essere efficaci contro la depressione.
Quest’ultimo è considerato dagli assicuratori come un fattore di rischio aggravante, mentre gli altri no.
Le aziende si sono sviluppate nella ricerca e nell'analisi dei dati. Esse devono chiedere l'autorizzazione al paziente prima di raccogliere le informazioni necessarie dalla farmacia.
D'ora in poi, le autorità le costringono a farlo, anche se in passato non sono state punite per le loro mancanze.
Recentemente, alcune aziende hanno anche elaborato i risultati delle analisi di laboratorio e li hanno collegati ai dati sul consumo di farmaci. In questo modo, sono in grado di fornire un quadro ancora più accurato dello stato di salute dei pazienti.
Sempre più aziende hanno accesso ai dati e il controllo dell'utilizzo sta diventando sempre più difficile.
Esiste una legge separata sulla protezione dei dati medici, ma il suo campo d'azione si estende solo ai professionisti e agli assicuratori.
Una proposta di legge sull'ampliamento della cerchia di controllo delle autorità sulle società specializzate nella fornitura di dati è attualmente in corso di esame al Congresso.
Dick Richard riconosce che questo non è sufficiente ed è per questo che ha ulteriormente sviluppato il suo programma, che condizionerebbe la trasmissione dei dati al consenso esclusivo della persona interessata.
È un'altra questione se la persona interessata è veramente libera di dare il suo consenso o meno, poiché se rifiuta, le assicurazioni non firmano un contratto di assicurazione con lei.
Quindi, alla fine, le galline dipendono dalla benevolenza della volpe.
Il menù globale di Marsiglia
L'Unione europea e l'India stanno raddoppiando il loro commercio.
Poiché l'Unione europea e l'India sono partner commerciali molto importanti l'uno per l'altro, questo tema dominava anche l'ordine del giorno di questo nono vertice accanto agli altri problemi, in gran parte globali.
Oggi si terrà anche un vertice Francia-India in cui si parlerà soprattutto della cooperazione in materia di energia atomica.
L'Unione europea riconosce che l'India è una grande potenza democratica emergente a cui dovrebbe essere concesso un più ampio diritto di parola negli affari internazionali, ma i paesi membri non sono ancora riusciti a raggiungere un accordo sul loro sostegno a Nuova Delhi per la sua candidatura come membro permanente del Consiglio di sicurezza dell'ONU.
Ieri, in occasione del nono vertice di Marsiglia, non si sono soffermati troppo su questo tema.
Il presidente francese Nicolas Sarkozy, l'attuale presidente dell'Unione, il presidente della Commissione José Manuel Barroso e il capo della diplomazia Javier Solana hanno accolto il primo ministro indiano Manmohan Singh, con il quale hanno concordato che in cinque anni avrebbero raddoppiato gli scambi commerciali, il che significa un aumento di 100 miliardi di euro.
Considerando che tra il 2000 e il 2007 lo scambio di merci è passato da 25 miliardi a 55 miliardi, questo non sembra essere un obiettivo troppo ambizioso.
In questo senso, hanno armonizzato legalmente le 26 convenzioni bilaterali con l'India concernenti i voli civili, in modo che anche gli scambi aerei possano crescere in futuro.
L'India vorrebbe firmare un accordo di libero scambio con l'UE entro la fine del 2009.
Sarkozy ha promesso di accelerare i negoziati.
L'obiettivo è quello di bilanciare la situazione con l'India, da un lato, che è il principale partner commerciale dell'UE, e con Nuova Delhi, dall'altro, che occupa solo il nono posto tra i partner dell'UE.
Il vertice ha dedicato la sua attenzione agli affari globali.
La situazione afgana e pakistana è stata fortemente condannata, così come tutte le forme di terrorismo, e si è parlato dell'urgenza di tenere una conferenza delle Nazioni Unite su questo tema.
Anche il completamento del ciclo commerciale di Doha è stato sollecitato, anche se entrambi hanno una grande parte nell'attuale fallimento.
L'UE ha confermato di rimanere fedele al programma per l'energia e il clima, in particolare di voler ridurre di almeno il venti per cento le emissioni di sostanze tossiche fino al 2020.
Anche l'India era d'accordo su questo punto, così come sul fatto che si dovrebbe fare un mercato globale in occasione della conferenza sul clima prevista per il prossimo anno, e ridurre le emissioni di gas a effetto serra del cinquanta per cento entro il 2050.
Vorrebbero anche impedire l'aumento dei prezzi dei prodotti alimentari, e hanno sostenuto la convocazione di una riunione di lavoro internazionale per esaminare la crisi finanziaria.
Il capo dello Stato indiano si reca oggi nella capitale francese, dove in occasione di un incontro bilaterale si prepara a firmare un accordo sull'uso pacifico dell'energia atomica.
A Parigi, si spera che le società francesi riceveranno ordini per un valore di venti miliardi di euro per la costruzione di reattori atomici indiani.
Secondo l'agenzia di stampa, l'accordo avrebbe una durata di 15 anni.
A Francoforte più di trecento editori italiani
Forte presenza di editori italiani al Salone Internazionale del Libro di Francoforte.
Più di trecento editori italiani presenti alla 60a edizione della Buchmesse, il più importante appuntamento internazionale nello scambio dei diritti.
Il Salone Internazionale del Libro di Francoforte attende per questa edizione, più di 7 miglia espositori provenienti da 101 diversi paesi che occuperanno i 171.790 metri quadrati del Salone con oltre 403mila titoli in mostra, e la Turchia come ospite d'onore.
Sarà il Sottosegretario del Ministero dei Beni e delle Attività Culturali, Francesco Maria Giro, a rappresentare il Governo italiano, nella cerimonia di inaugurazione della Farfalla Italiana: infatti, l’Italia sarà istituzionalmente presente, con un Punto Italia- 264 metri quadrati di spazio espositivo.
Seguirà l’appuntamento con la stampa nella Room Struktur, alla farfalla 5.0 della Buchmesse: un’occasione per presentare cifre, tendenze e prospettive sulla posizione dell’edizione in Italia.
Secondo i dati, l'importanza dei libri d'autore stranieri diminuisce progressivamente rispetto alla produzione totale italiana, e in particolare, rispetto a quella per adulti e bambini.
Ritrovato l'aereo di Steve Fossett, il miliardario scomparso un anno fa
Il relitto dell'aereo di Steve Fosset, il miliardario scomparso il 3 settembre 2007 mentre volava nel deserto del Nevada, è stato ritrovato.
I detriti sono stati trovati su un altopiano a 3000 metri di altitudine, nella zona della Sierra Nevada di Mammonth Lakes, al confine tra la California e il Nevada.
All'interno dell'aereo, tuttavia, non ci sono resti umani.
Lo sceriffo della contea di Madera, John Anderson, ha rimosso i dubbi: "L'aereo è stato localizzato, abbiamo inviato una squadra, e ora abbiamo la conferma che si tratta di quello su cui Steve Fosset stava viaggiando il giorno in cui è scomparso", ha detto in una conferenza stampa.
Lo sceriffo ha quindi precisato che non sono stati trovati resti umani né sull’aereo né nei dintorni.
A febbraio, il miliardario di 63 anni è stato considerato deceduto .
L'Ufficio americano per la sicurezza dei trasporti (NTSB) ha fatto sapere che poche ore dopo il ritrovamento del relitto, una squadra di investigatori inviata sul posto, ha identificato l'aereo: si tratta del Bellanca 8kcab, scomparso il 3 settembre 2007, quando Fosset decollò da Yerington in Nevada per un volo di tre ore.
Ieri, sempre in California, non lontano dal confine del Nevada, alcuni effetti personali di Fosset sono stati ritrovati da una coppia nei pressi della loro abitazione di Mammoth Lakes.
Si tratta di due documenti con il nome di Fosset, entrambi emessi dalla Federal Aviation Administration dell'Illinois, denaro contante e un maglione.
Le ricerche di Fossett sono state interrotte un mese dopo la sua scomparsa.
Il miliardario si era guadagnato un posto nella storia grazie a una lunga serie di record.
Al sesto tentativo, era diventato nel 2002, il primo uomo a completare il giro del mondo su un pallone aerostatico: due settimane di volo in solitario.
Tre anni dopo, aveva fatto il giro del mondo in aereo e senza scalo.
Tra tutti questi record, anche quello di aver volato a 15.445 metri di altezza, sulle Ande, ma con un copilota.
Glk, la pubblicità che non ti aspetti.
Un 4x4 fuori dal comune dal design originale e ben definito, dalle linee marcate, dalle ampie superfici e dagli angoli netti.
Ecco, in sintesi, Glk, l’ultimo nato dei fuoristrada “compatti” della casa stellare, con il quale Mercedes-Benz ha cercato di dare un vento di novità in questo settore.
Proprio per i suoi contenuti fuori dagli standard, inaspettati e non convenzionali, sarà la comunicazione che accompagnerà il lancio della 4x4 Glk, disponibile negli showroom Mercedes-Benz, a partire dal prossimo 17 ottobre.
Così il battito pubblicitario che accompagnerà l’inizio della nuova vettura darà luogo a una modalità inedita di comunicazione, attraverso una campagna futuristica di display 3D, utilizzata per la prima volta in Italia da un brand automobilistico.
Un progetto di maxi display, articolato in tre diverse fasi, che dominerà il cuore dello shopping milanese, Corso Como, fino al 15 novembre.
La prima fase di questo nuovo tipo di comunicazione prevede la presentazione dell’auto in visione stereoscopica, e grazie a speciali occhiali distribuiti nei dintorni di Corso Como, sarà possibile vedere il nuovo 4x4 in dimensioni quasi reali e in formato tridimensionale.
In effetti, si avrà l'impressione che guardando l'immagine, l'auto esce dal poster.
Quindi, attraverso l’utilizzo dell’innovativa tecnologia Elimina8, il nuovo Glk sarà illuminato secondo gli spot, in tutti i suoi dettagli, per poi ricomporsi in un’unica immagine.
È evidente che con questa pubblicità Mercedes sta cercando di introdurre qualcosa di nuovo nel campo stereotipico della comunicazione automobilistica.
Riuscirà questa formula a suscitare l'interesse dei futuri acquirenti?
Ecco gli hooligan italiani.
Dal Triveneto rischiano il Daspo.
Ma chi sono quei 150-200 ragazzi e ragazze di cui l'Italia si vergogna ora? Fanno parte del gruppo "Ultras Italia" che segue la nazionale italiana da anni, e che finora non aveva mai creato grossi problemi.
Non si è mai scontrato con i tifosi avversari.
L'estrazione del gruppo è di destra.
I promotori provengono dal Triveneto.
Da Verona, Padova, Trieste e Udine.
A Sofia si sono aggiunti piccoli gruppi (poco in realtà) di Campania e Puglia.
Avevano bandiere tricolori sulle quali appariva la loro città d’origine: sabato sera sono stati tutti rapiti per non essere identificati.
Si ispirano alla tifosi inglesi.
In Bulgaria hanno trovato una tifosizia di veri nazisti, quella del Levski.
La Figc aveva messo a disposizione dei tifosi italiani 144 biglietti per la partita: tutti nominativi e quindi facilmente controllabili.
E il Viminale li aveva infatti tutti controllati: tra coloro che erano partiti per Sofia, nessuno aveva un Daspo in corso, nessuno era stato proibito di frequentare uno stadio.
Quattro tifosi italiani che avevano una storia di reato di stadio, non hanno avuto il diritto al biglietto e non potevano fare lo spostamento.
Ora il Viminale attende di leggere gli atti che arriveranno dalla polizia bulgara, e poi prenderà provvedimenti: in questo caso, i tifosi arrestati o identificati nei disordini potrebbero scontare un Daspo per almeno cinque anni.
Un Daspo internazionale che vieta di frequentare gli stadi italiani, ma anche europei.
In breve, i nostri hooligans non metteranno più piede allo stadio.
Meno male.
Ma ora è l'ora della paura-emulazione: vale a dire che altri rischiano di aggiungersi ai primi centocinquanta.
"Dobbiamo spegnere immediatamente questo incendio, e non legittimare chi si comporta così", sostiene il Viminale.
Quindi, "tenere gli occhi ben aperti soprattutto in vista della partita della nazionale di mercoledì a Lecce"
In Puglia si trova infatti un piccolo nucleo di sostenitori degli Ultras Italia.
Domani si riunisce l'Osservatorio, martedì il Casms che può contare anche su una sezione dell'Aise, cioè dei servizi segreti, che si occupano proprio dei problemi dello stadio.
"I cori Duce-Duce, e il braccio teso durante l'inno di Mameli?
Ecco l'opinione (espressa in modo davvero non gradevole) di Domenico Mazzilli, da poco direttore dell'Osservatorio del Viminale (ha preso il posto di Francesco Tagliente e poi di Felice Ferlizzi).
Mazzilli era in precedenza prefetto a Trieste dove risiede un nucleo di tifosi del gruppo Ultras Italia, fondato nel 2002.
È vero, come dice Mazzilli, che in Bulgaria noleggiare Mussolini non è un crimine, ma è certo che il comportamento di questi 150-200 tifosi è stato vergognoso.
"Non sono un sociologo - aggiunge il n°1 dell'Osservatorio - i crimini devono essere attribuiti nel Paese in cui avviene il fatto.
Finora, questo gruppo era rimasto in regola, ora vedremo cosa è successo, e valuteremo per il futuro.
Ma parliamo anche dei fischi verso l’inno di Mameli: anche questi non sono crimini, ma se mi permettete, non sono educati...”
