Trionfo della destra populista in Austria, insieme formano il 29%
Le elezioni anticipate al parlamento austriaco hanno portato, secondo i primi risultati approssimativi, un apprezzabile indebolimento di entrambi i partiti della grande coalizione attuale e un espressivo rafforzamento del partito della destra populista.
Il Partito Popolare Austriaco (OVP) ha subito forti e speciali perdite, dove la posizione dell'attuale presidente Wilhelm Molterer è seriamente oscillata.
Al contrario, il leader dell’Alleanza per il futuro dell’Austria (BZO), il capo del governo dello stato della Carinzia, J<0xC3><0xB6>rg Haider, prepara il suo trionfale ritorno alla politica nazionale.
Secondo i risultati approssimativi, la socialdemocrazia (SP<0xC3><0x96>) rimane il partito più forte del paese con il 29,8% dei voti, perdendo così il 5,5% dei voti rispetto alle ultime elezioni del 2006.
Peggio ancora ha finito l’OVP che perde il 25,6 per cento, quasi il nove per cento dei voti.
Sono i peggiori risultati, letteralmente catastrofici, nella storia di questi due grandi partiti austriaci dal dopoguerra e soprattutto per i popolari che hanno convocato queste elezioni anticipate.
Ancora all’inizio di luglio, quando l’OVP lasciò la coalizione, i popolari avevano in termini di preferenza nei confronti dell’SPO, un vantaggio considerevole.
È chiaro, tuttavia, che gli elettori li hanno puniti per aver lasciato che il governo naufragasse.
Già nelle prime reazioni ai risultati si sono fatte sentire speculazioni sulle dimissioni del presidente del partito e, fino ad oggi, del vicecancelliere, Wilhelm Molterer.
Gli osservatori ritengono che già lunedì si potrebbe arrivare a questo risultato nella riunione eccezionale della presidenza del partito.
Tale evoluzione faciliterebbe evidentemente il cammino del costante e più approssimativo punto di partenza dei risultati elettorali, cioè del rinnovamento della grande coalizione tra SPO e OVP.
Dato che il rafforzamento di entrambi i partiti della destra populista - i liberali (FPO) hanno vinto circa il 18 per cento e il BZO, l'undici per cento dei voti - e che i socialdemocratici allo stesso tempo hanno espresso il loro timore che la stessa cosa si sarebbe ripetuta nel 1999 quando i popolari hanno negoziato con i populisti (allora FPO era una parte di un governo europeo per un BZ, ma nel 2005 si è sciolso la coalizione).
Per questa evoluzione scommette chiaramente Haider che ha già annunciato di essere pronto a collaborare con qualsiasi partito e che si assume già il suo ritorno a Vienna, alla politica nazionale.
Anche il Partito Verde è riuscito a raggiungere il parlamento, anche se ha perso leggermente e è sceso dal terzo al quinto posto tra i partiti politici austriaci.
Nessun altro partito ha superato chiaramente il limite del 4% e quindi non fa parte del parlamento.
Schwarzenberg: le relazioni con l'India possono raffreddarsi
Se non si riesce a risolvere il problema degli scienziati cechi che sono stati accusati in India di raccogliere illegalmente scarabei si potrebbe arrivare a un raffreddamento delle relazioni ceco-indie, secondo il ministro degli Esteri Karel Schwarzenberg.
Così ha manifestato il ministro a New York, dopo l’incontro di oggi con il suo omologo indiano, Pranab Mukherjee.
"Se questo non si risolvesse allora sì, allora si arriverà sicuramente a questo raffreddamento", ha constatato dopo l'incontro organizzato su iniziativa ceca.
Mukherjee ha detto, dopo l'incontro, che nelle questioni giuridiche difficilmente può entrare l'esecutivo.
Tuttavia, ha affermato che nel caso di Petr <0xC5><0xA0>vácha, che è stato esente da accuse e punito con una multa, il governo può negoziare con il governo locale di Darjiling, la cui giurisdizione è la questione.
"Il suo problema potrebbe essere risolto", ha detto il ministro.
Per Emil Ku<0xC4><0x8D>era, condannato a tre anni di carcere, sarebbe meglio, secondo Mukherjee, fare appello alle più alte istanze.
Poi può chiedere l’esonero dalla causa e attendere in libertà la sentenza, ha spiegato.
Schwarzenberg ha confermato che il suo collega si è espresso negli stessi termini durante l'incontro.
"Consiglia di appellarsi alla Corte Suprema e poi sarebbe possibile la grazia", ha detto il capo della diplomazia ceca.
L'unico modo in cui la parte ceca può entrare nella questione è quello di ottenere al condannato un "sostegno legale competente", ha detto il ministro indiano.
Inoltre, ha detto che questo tipo di sostegno è già ottenuto dalla parte indiana.
"Abbiamo il più grande interesse a mantenere con l'India le migliori relazioni, che hanno una lunga tradizione.
Anche gli indiani lo riconoscono", ha commentato Schwarzenberg.
Inoltre, come ha detto la <0xC4><0x8C>TK, ha insistito sul fatto che la Repubblica ceca considera il problema degli entomologi cechi di grande importanza.
"Consideriamo davvero un tremendo errore imprigionare e condannare questi scienziati cechi", ha annunciato.
Il ministro ha eluso la risposta alla domanda se avesse ricevuto dalla parte indiana la promessa di occuparsi della questione.
"Ho ricevuto molte promesse", ha solo constatato.
Un ceco arbitra una lotta sul fondo del mare
Mi avvicino a una mappa elettronica da parete, in cui si rappresenta l'Australia circondata dal mare.
Non gli interessa, però, il continente ma un piccolo punto perduto nell’oceano blu.
"L'isola appartiene all'Australia e insieme ad essa anche il fondo marino che la circonda.
La regione è, allo stesso tempo, grande come un solo continente", dice l'avvocato italiano Luigi Santosuosso, che appartiene al team di trenta membri che lavorano nella Divisione delle Nazioni Unite per gli affari del diritto oceanico e del mare.
Il suo capo, direttore della Divisione, l’avvocato ceco Václav Mikulka, segue la mostra e, a volte, la completa.
Governa questo talento e l'entusiasmo di lavoro.
Il fondo marino nasconde fino ad oggi un mondo poco conosciuto, ricco di fonti naturali.
È possibile trovare petrolio e altre materie prime minerali, ma anche sconosciuti organismi fino ad oggi che di per sé portano la chiave per lo sviluppo di farmaci contro il cancro.
Il fondo è più grande della terraferma
I paesi costieri hanno iniziato oggi a disputarsi con veemenza i nuovi territori sottomarini.
Secondo il Trattato delle Nazioni Unite questi sfruttano i diritti che accordarono nel 1982 a Montego Bay in Giamaica.
Si tratta fondamentalmente del cosiddetto Bordo continentale che a volte si estende a poche centinaia di chilometri dalla costa del paese dato.
Questo ha, secondo il Trattato, diritti esclusivi su tutte le risorse del Bordo continentale.
"Semplicemente, per Bordo continentale si intende la parte del fondo marino e la sua superficie, che è la continuazione naturale del continente sott'acqua.
Arriva fino al limite della costa del mare, e spesso fino al confine delle duecento miglia nautiche, cioè pura zona economica", spiega Mikulka.
La richiesta che il paese interessato presenta alla Commissione, per la delimitazione dei confini esterni del Bordo continente, deve essere presentata con documentazione tecnica scientifica fondata su ricerche e misure.
È il risultato di una serie di anni di preparazione dei lavori.
"Uno dei nostri compiti è quello di organizzare una commissione di aiuto specialista tecnico e legale.
Ad oggi, la commissione ha esaminato cinque richieste provenienti da Russia, Brasile, Australia, Irlanda e Nuova Zelanda.
Per ora sono andate avanti solo quelle degli ultimi tre paesi menzionati”, aggiunge Mikulka.
Non molto tempo fa, il successo dell'Australia ha avuto un impatto globale in quanto è stato il primo ad ampliare essenzialmente il suo dominio marino.
Tuttavia, lo ha ottenuto anche la Nuova Zelanda - la superficie di fondo marino che le è stata concessa dalla commissione la scorsa settimana è di 1,6 milioni di chilometri quadrati, cioè quasi sei volte più grande della dimensione dello stato stesso.
Entrambi i paesi hanno investito milioni di dolori per il loro studio.
I profitti derivanti dall'utilizzo del fondo marino saranno, come promesso, inestimabili.
Anche altri stati stanno gradualmente presentando le loro richieste.
Possono farlo fino a dieci anni dal momento in cui hanno ratificato il "Trattato di Montego Bay".
Laddove finisce il Bordo continentale inizia la regione del fondo oceanico dichiarata dal Trattato come "eredità comune dell'umanità".
Già qui, nessuna nazione ha una posizione esclusiva.
Il diritto di sfruttamento in queste zone è amministrato dai trattati istituiti da istituzioni internazionali.
"Il fondo marino, tuttavia, non è una miniera d'oro", dice con enfasi il direttore Mikulka aggiungendo "che le sue zone separate sono legalmente e chiaramente limitate e il suo regime definito dal contratto".
I cechi nel Pacifico
E oggi, una parte del fondo marino appartiene anche alla Repubblica Ceca.
Si divide con altri paesi dell'allora blocco dell'Est all'interno dell'organizzazione comune "Interoceanmetal".
Questo è stato raggiunto nel 1991 con un trattato come investitori come pochi altri stati, chiamati "l'investitore pionieristico".
Ha la facoltà di operare nella zona di ClarionClipperton nell'Oceano Pacifico, tra il Messico, le Isole Hawaii e Kiribati.
L'area da indagare dall'investitore è un po 'più grande dell'ex Cecoslovacchia.
Il fondo laggiù è accidentato, si tratta di qualcosa come una replica marina dei Tatra.
"Si può sfruttare una superficie di un'estensione totale di 75.000 chilometri quadrati.
La zona è ricca di giacimenti di concrezione polimetalica che contengono nichel, rame, cobalto e manganese”, aggiunge l’avvocato indiano, Pakshi Rajan.
Un impiegato macedone della Divisione, Rober Sandev, ci porta un campione di quel tipo di concretezza.
Ci ricorda una piccola patata o con un po’ di fantasia, lo Shem, che secondo la leggenda riviveva il Golem.
Durante la liberazione degli ostaggi il comando delle forze speciali tedesche era sul luogo di azione
Per risolvere la crisi degli ostaggi il governo egiziano aveva chiesto l'aiuto della Germania - gli esperti sono venuti.
Quando la situazione è diventata seria, il comando delle forze speciali era pronto, ma l'operazione non è stata eseguita.
Si conoscono sempre più dettagli sulle circostanze della liberazione di 11 turisti europei in Egitto.
Secondo i dati del ministero della difesa e del ministero dell’interno nell’azione di salvezza hanno partecipato in modo indiretto anche le forze speciali tedesche.
Pertanto, sul luogo di rilascio c'erano specialisti dell'esercito tedesco così come funzionari di GSG 9, squadriglia di aerei della polizia federale, dell'Ufficio federale di indagine penale anche esperti nel campo della logistica dell'ente di beneficenza tecnico.
Come hanno riferito i portavoce dei ministeri lunedì sera, le forze tedesche non erano necessarie perché i rapitori, rendendosi conto di una liberazione violenta, lasciarono andare i loro prigionieri e fuggirono.
Il governo egiziano accettò l'aiuto della Germania per usarlo come supporto sul posto.
"Fortunatamente non è arrivato quel momento", ha detto un portavoce del Ministero Federale degli Interni.
Il 19 settembre nel sud dell’Egitto gli assalitori avevano rapito un gruppo di viaggiatori composto da 5 tedeschi, 5 italiani, una rumena e i suoi 8 accompagnatori egiziani.
Dopo il rapimento nella regione desertica dell’Egitto meridionale, gli ostaggi sono stati deportati da un lato all’altro nella zona di confine tra Egitto, Libia, Sudan e Ciad.
L’identità dei dirottatori è rimasta sconosciuta fino alla fine, così come i dettagli del rilascio o possibili pagamenti di riscatto.
Nel frattempo le persone salvate sane e salve sono arrivate al Cairo.
Steinmeier ha detto che gli ostaggi liberati erano sotto la tutela dell'ambasciata tedesca.
Non ha detto una parola sui dettagli della liberazione.
All'inizio a Berlino non c'erano informazioni sul loro ritorno in Germania.
Secondo il quotidiano "Bild", 5 turisti e le forze speciali devono tornare in Airbus dalle forze aeree tedesche e arrivare in Germania martedì.
La Camera dei Rappresentanti degli Stati Uniti non approva il pacchetto di salvataggio
La prima camera del Congresso degli Stati Uniti lascia fallire con poco un grande pacchetto di salvezza di 700 miliardi di dollari per i mercati finanziari.
Il Dow Jones è sceso drasticamente.
La Camera dei Rappresentanti degli Stati Uniti ha respinto con 227 voti contro 206 il pacchetto del governo per salvare i mercati finanziari.
Nonostante tutti gli appelli del presidente George W. Bush e gli ex politici di entrambi i partiti non ha raggiunto una maggioranza per il programma con cui dovrebbe essere limitato il disordine nei mercati finanziari.
Con una drammatica azione i disperati difensori avevano ancora cercato di convincere i critici ad accettare il grande pacchetto da 700 miliardi di dollari.
Barney Frank, il leader dei negoziati democratici, aveva chiesto ai deputati di votare anche se il piano non è così popolare.
"È difficile ottenere l'approvazione politica per evitare qualcosa che non è ancora assolutamente accaduto", ha ammesso.
Il Dow Jones è sceso a oltre il 6% o a 600 punti.
La causa di ciò erano le preoccupazioni degli investitori che il pacchetto di salvataggio statale potesse fallire.
Si è riposato alla fine del voto e dopo che il fallimento è stato reso pubblico, è caduto di nuovo.
Gli esperti contano su altre gravi turbolenze nei mercati finanziari internazionali.
Per far entrare in vigore il programma è necessario avere l’approvazione sia della Camera dei Rappresentanti che del Senato.
Gli organizzatori registrano l'aumento del numero di prenotazioni
Sembra un buon inverno per gli organizzatori di viaggi tedeschi:
Secondo uno studio, il volume delle vendite di prenotazioni di viaggi per i prossimi mesi è aumentato rispetto allo scorso anno - anche la stagione invernale di oltre il 30 per cento.
Secondo uno studio, nonostante la congiuntura indebolita il desiderio di viaggiare dei tedeschi rimane come prima.
Come riportato lunedì dalla Germania Travel Association (DVR) a Berlino, con prenotazioni di viaggi per la stagione invernale le agenzie di viaggio hanno registrato un volume delle vendite che è il 31 per cento in più rispetto allo stesso periodo dello scorso anno.
Secondo la ricerca dell'istituto di ricerca di mercato GfK, le riserve per i mesi autunnali erano già aumentate in numero.
Così il volume delle vendite delle agenzie di viaggio in ottobre era quasi l'undici per cento in più rispetto al 2007, ha riferito il DVR.
La base dei risultati sono le cifre di GfK che sono le informazioni analizzate sulle prenotazioni in 1200 agenzie di viaggio e calcolate approssimativamente per tutto il mercato.
I dati raccolti sono le prenotazioni di viaggi effettuate fino alla fine di agosto 2008.
A causa del corso indebolito del dollaro soprattutto i viaggi negli Stati Uniti sono molto richiesti, ha riferito il DRV.
In questo caso il numero di prenotazioni è aumentato di quasi un terzo.
I punti di destinazione preferiti dai tedeschi sono non solo la Spagna, la Turchia e la Grecia, ma anche le regioni della Germania.
Soprattutto i viaggi organizzati sono molto preferiti, spiega Klaus Laepple, il presidente del DRV.
Tenuto conto del fatto che i prezzi dell'energia e dell'alimentazione aumentano, in questo caso le spese di viaggio sono "meglio calcolabili per il cliente che durante un viaggio individuale".
Tra le altre cose i consumatori possono risparmiare denaro con sconti di prenotazione anticipata o con offerte All-Inclusive, ha spiegato Laepple.
Anche nei mesi estivi i viaggi erano ben prenotati, quindi il volume delle vendite rispetto all'anno scorso è aumentato di nuovo - anche se secondo un altro studio il numero di tedeschi che facevano un viaggio, confrontando l'anno scorso, è diminuito.
Il mio primo Oktoberfest
I successi delle feste sotto il cielo aperto nel Balneario senza fine, la birra in brocche da un litro e le persone famose vestite in costumi tradizionali bavaresi di designer.
Un debutto in una tenda.
Io e Susanne Kronzucker non abbiamo molto in comune.
Lei è bionda, la moderatrice in televisione e indossa un costume tradizionale bavarese su misura.
Ho i capelli scuri, sono uno studente e il mio vestito è già indossato.
Ma c'è una cosa che ci unisce: appena siamo in tenda, i fotografi si sono già precipitati verso di noi e hanno riempito le loro schede di memoria con le foto - è molto lusinghiero soprattutto perché sono la prima volta all'Oktoberfest.
E' cosi' che si fanno gli amici.
I costumi tradizionali bavaresi a buon mercato sembrano svolgere la loro funzione.
In realtà come turista all'Oktoberfest proveniente dal nord della Germania la mia sensazione di benessere con un costume tradizionale bavarese fino ad oggi era ancora limitata.
Ma dopo essere arrivati al Prado de Teresa tutto non è per tanto.
Quasi tutti indossano i tradizionali costumi bavaresi o pantaloni di pelle; nessuno sembra essere prestare attenzione o sentirsi sgradevoli - tutto è assolutamente normale.
Solo il mio grembiule riceve strani sguardi accanto a uno stand di banane nel cioccolato.
Una Monaco di Baviera attira la mia attenzione sul mio grembiule che indossava nel modo sbagliato: "la parte sinistra è single, la metà è vergine, la parte destra è compromessa, dietro è vedova".
Oh, mio Dio, ora mi stringo da dietro a sinistra.
"Va bene", dice ridendo.
Gli altri non si preoccupano di molti metodi sottili per flirtare e indossano berretti dove è scritto "To drink to get dressed!" e mostrano, senza chiedere, il loro culo nudo.
Un giovane ragazzo che si comporta in modo esibizionista si chiama Bob, viene dall'Inghilterra ed è anche per la prima volta all'Oktoberfest.
A lui sembra "gorgeous", che pronuncia con una "o" molto lunga.
Me lo racconta dopo aver messo accanto il suo bicchiere di un litro di birra che ha appena bevuto.
L'ha messo proprio accanto alla presa d'incendio, la maggior parte pensa che sia un bidone della spazzatura.
Quindi Bob è una delle persone famose che sanno bere molto.
Gli altri non sono molto fortunati e non possono consumare così tanto alcol.
Verso le otto di sera i gruppi di sanitari corrono per il luogo della festa e devono preoccuparsi dei poveri ubriachi.
I sanitari appaiono ogni volta in gruppo - improvvisamente sono sempre quattro persone che portano le passerelle coperte da una tenda all'altra.
Funziona come con la maggior parte dei visitatori: arrivano sobri, tornano ubriachi.
Non si vede chi soffre i livelli di alcol ed è in giro.
“Sono loro che “non ne possono più”, mi diede la risposta un sanitario rispondendo alla mia domanda e scomparve in tumulto.
Vittima dell'incidente identificata dalla polizia
È stata identificata la pedone di 63 anni che è morta in ospedale dopo essere stata investita da un veicolo nella contea dell’Essex.
Carole Paulson, di Chelmsford Road, nella città di Brentwood, è stata coinvolta nell’incidente avvenuto a Shenfield Road venerdì pomeriggio.
La donna è stata portata al Queen's Hospital di Romford, ma in seguito è morta.
Dopo l'incidente, un uomo di 51 anni è stato arrestato per sospetto di guida negligente.
Da allora è stato rilasciato su cauzione.
La Turchia allarga i suoi orizzonti diplomatici
Molto prima che la Turchia diventasse membro dell’Unione Europea, le potenze europee avevano il desiderio di penetrare all’interno di questo paese.
Nella parte orientale del Bosforo, forse a soli 20 passi in Asia, si trova una delle più interessanti reliquie della disastrosa ambizione imperiale.
La stazione ferroviaria di Hydarpasha è stata progettata da due architetti tedeschi, Otto Ritter e Helmut Conu, in stile neo-rinascimentale.
Almeno questo è quello che dicono le guide.
L'edificio si trova alla fine delle piattaforme e porta di fronte due torri, una per ogni angolo, che assomigliano tutte a un tipico municipio tedesco.
La pietra è sporca.
L'edificio nel suo complesso è un po 'decadente.
Ma una volta superata la biglietteria a volta, non c'è dubbio di quale fosse la grandezza dell'azienda che questa fosse la porta più occidentale.
La stazione fu inaugurata nell'agosto 1908 dal consorzio tedesco Anatolia-Bagdad Corporation.
La Germania, un "latecomer" nel gioco imperiale, aveva l'ambizione di dominare il Medio Oriente attraverso questa ferrovia che era curata fino a Damasco, Baghdad e oltre in quella che oggi è l'Arabia Saudita.
Tuttavia, le ambizioni di questa Germania imperiale fallirono durante la prima guerra mondiale.
Le sue ferrovie furono attaccate da Lawrence d'Arabia e dai suoi arabi irregolari.
A causa del relativo isolamento delle regioni circostanti, generato dalle frontiere congelate della Guerra Fredda, è caduto sotto
Quando le forze britanniche avanzarono in Egitto, spinsero i turchi e i loro alleati tedeschi fuori dalla Palestina e dalla Siria.
La notizia è stata cattiva anche per la stazione di Hyderpasha.
Nel 1917 un treno di munizioni esplose distruggendo il suo elaborato tetto.
Le fonti turche hanno detto che si è trattato di un sabotaggio.
Da allora la stazione è andata in declino ed è rimasta ai margini della storia.
Ma oggi questa ferrovia, porta d'ingresso all'Anatolia e a tutti i centri orientali, serve - almeno simbolicamente - a sottolineare la volontà della Turchia di allargare i suoi orizzonti diplomatici.
Il Partito della Giustizia e dello Sviluppo al governo - l'AKP - ha pianificato una nuova politica estera per il paese.
Il relativo isolamento delle regioni circostanti, generato dalle frontiere congelate della Guerra Fredda, è scomparso.
Ora c'è una nuova politica di collaborazione.
Il governo turco mantiene ottimi rapporti con Israele e la Siria, con entrambe le fazioni palestinesi di Hamas e Fatah, con l'Iraq e l'Iran e, naturalmente, con l'Unione europea e gli Stati Uniti.
Per valutare i parametri di questa nuova politica estera, sono salito su un letto a castello e sono andato nella capitale turca Ankara, per visitare uno dei leader dell'AKP, esperto di politica estera, il primo ministro turco Suat Kiniklioglu.
La mattina seguente - circa dieci ore e mezza dopo - dopo un viaggio di scosse, che ha prodotto le cadenze del mondo antico nel famoso documentario The Night Mail, sono arrivato nella capitale turca - città nuova, pensata per governare un nuovo stato secolare, lontano dal passato ottomano.
Tuttavia, l’AKP, con le sue chiare radici islamiste, rappresenta un cambiamento paradigmatico nel consenso turco.
Il che ha suscitato alcuni sospetti in Occidente e, in particolare, a Washington.
Un taxi mi porta alla sede dell'AKP, una struttura ultra-moderna di pietra e acciaio - costruita ad hoc - in un sobborgo in via di sviluppo, circondato da centri commerciali medio-costruiti e "pasticcerie di potere" dove manager della classe media in costume da lavoro - uomini e donne - si riuniscono al mattino presto per mettersi d'accordo/fare affari.
Suat Kiniklioglu potrebbe essere un politico di centro-destra di quasi tutti i partiti in Europa.
Indossato, cravatta, sono sicuro che abbia ancora un Blackberry.
“L’obiettivo della politica estera del partito è quello di riintegrare la Turchia nel suo vicinato immediato.
La guerra fredda è stata un'anomalia", mi dice.
La Turchia è stata tagliata nelle relazioni con il suo interno.
Oggi deve guardare allo stesso tempo a est e a ovest.
Non si tratta di un caso se non è verso l’uno o l’altro.
Deve fare entrambe le cose.
"Ma sicuramente a un certo punto," gli chiedo, "la Turchia potrebbe essere costretta a scegliere?"
"La Turchia", risponde, "non vuole affrontare questa scelta."
Sottolinea poi un punto che quasi tutti quelli con cui ho parlato fino a quel momento mi avevano recitato quasi a memoria: i rapporti che la Turchia ha non solo con il Medio Oriente, ma con la regione del Caucaso, e con tutto il Mar Nero, rappresentano un beneficio per l'Europa e gli Stati Uniti come per la stessa Turchia.
Il messaggio sembra essere: con la Turchia a bordo, l'Europa nel suo complesso può metaforicamente assemblare quelle linee ferroviarie che aprono il mondo verso l'Asia orientale e il Medio Oriente.
Di nuovo alla stazione di Hydarpasha, dopo una seconda notte senza dormire, il mio pensiero ritorna ai due signori tedeschi, Herr Ritter e Herr Conu, che avevano assistito alla costruzione di questo edificio, 100 anni fa.
Quanto vi sareste sorpresi nell’apprendere che le ambizioni dell’Europa in Medio Oriente, in gran parte, sarebbero oggi nelle mani della Turchia?
E aspettando al terminal il traghetto che mi riporterà attraverso il Bosforo, ricordo che in quei giorni la Turchia veniva considerata "l'uomo malato d'Europa".
Quindi, non ci sono molti dubbi su quale sarà il continente a cui deve rivendicare questo affascinante paese.
Vita da ricordare: Vernon Handley e William Woodruff
Mark Brown scrive: come direttore musicale di Guildford dal 1962, Vernon "Tod" Handley (scheda, 11 settembre) è stato responsabile dell'Orchestra Filarmonica di Guildford e del Coro.
Come parte del progetto musicale per la città, l'anno successivo fondò il suo magnifico coro giovanile, Proteus.
Si suppone che fosse per i minori di 21 anni, ma nel momento in cui il Proteus ha cantato la sua fine nel 1979, molti di noi stavano finendo i 20 anni - basta rifiutarsi di dare fino al coro.
Il nome "Proteus" (l'essere mitologico che cambia le forme) rappresentava la volontà del coro e la capacità di eseguire qualsiasi musica che gli veniva presentata, sia madrigale che messianica, indifferentemente se non accompagnati o con un'orchestra completa.
La versatilità musicale prodotta da questo coro di giovani è stata spesso sorprendente, sempre emozionante, e tutto è stato dovuto all’ispirazione di quell’uomo e all’entusiasmo per la musica che è rimasta assolutamente costante nel corso degli anni.
Tod ci ha spesso detto di "lasciare che la musica parli da sola".
Lui direbbe: "Il compositore sa quello che vuole.
Tutto è lì, nella musica.
Bisogna solo cantare!”.
La sua bacchetta è sempre stata assolutamente chiara e precisa, anche se mai tassativa, né troppo fiorita.
Qualunque fosse il suo stile musicale, è sempre finito ad un livello ancora più alto.
John Frayn Turner scrive:
Se c'e' un autista che dovrebbe essere un gentiluomo, questo e' Vernon Handley.
L’ho conosciuto molto bene durante i due decenni in cui ha diretto la Guildford Philharmonic dal 1962 al 1982.
Soprattutto negli ultimi 40 anni, ho rivisto più di 100 dei loro concerti e posso dire onestamente che non sono mai stato deluso da nessuno – altrimenti, molte volte sono stato ispirato da loro.
Tod Handley aveva quella rara combinazione di grandezza ed estrema modestia personale.
Odiava i conducenti che, nelle sue parole, semplicemente "vendevano uno o due cavalli da guerra molto noti in tutto il mondo".
Ci mancherà molto.
William Woodruff
Il professor John Beckett scrive:
Nel suo sequel di William Woodruff (25 settembre) affermi che "nel 1946 riprese gli studi di storia economica a Oxford e nel 1950 vinse una borsa di ricerca di Houblon-Norman... allo stesso tempo studiava per un diploma di laurea, uno di master e uno di dottorato."
Questo si impara in una nota dell'autore di Woodruff in Beyond Nab End, ma non è del tutto corretto.
Dal 1946 al 1953 fu professore di storia economica all'Università di Nottingham, stagione durante la quale completò una tesi di dottorato sull'industria della gomma britannica, supervisionata dal professor J.D. Chambers, e successivamente pubblicata nel 1958 con il titolo The British Rubber Industry.
Ha trascorso gli anni tra il 1950 e il 51 negli Stati Uniti, godendo di una borsa di studio Houblon-Norman, e l'estate del 1952 presso le università di Illinois, Harvard e New York.
Nel 1953 lasciò definitivamente Nottingham per l'Illinois.
Il motivo per cui Woodruff ha scelto di trascurare questa parte della sua carriera, rimane sconosciuto.
J. Vicente Resino in Facoltà di Filologia
Raccomando la mostra di José Vicente Resino "Flamenco e vita" perché le sue fotografie in bianco e nero, in stile documentario, sono fantastiche.
Mi hanno colpito per la loro semplicità e per la forza che trasmettono, trattando sempre i protagonisti con molto rispetto.
Una mostra che mostra molto sentimento.
Renzi è in grado di catturare momenti magici”.
Seconda rapina al supermercato Honda
Nel mese di novembre Honda inizierà la commercializzazione della seconda generazione del Jazz.
Se il suo predecessore aveva già un’ampia abitabilità, questo nuovo monovolume presenta uno spazio interno ancora più ampio.
A tutto ciò si aggiungono delle meccaniche raffinate, che aumentano il comfort di guida e permettono di risparmiare più carburante.
Evoluzione di fronte alla rivoluzione.
Questa è la seconda generazione di Honda Jazz.
Anche se esteticamente il nuovo Jazz presenta una linea molto simile al modello che succede, i cambiamenti introdotti in questo monovolume sono numerosi.
Tra gli altri, un design innovativo, una nuova piattaforma, dimensioni più grandi e nuove meccaniche.
Tuttavia, prima di analizzare il nuovo modello, si deve notare che questo nuovo Jazz arriva sei anni dopo l'introduzione sul mercato della prima generazione.
Quindi, una prima osservazione è che Honda ha rinnovato questo modello in tempi più brevi rispetto a quelli utilizzati da altri produttori.
Anche se in Europa il jazz è meno conosciuto, in altri mercati questo modello è un fenomeno di vendita.
Questo è il caso del Giappone, paese dove la Jazz è stata la vettura più commercializzata nel 2002 e anche durante questo 2008.
In Giappone sono state vendute circa un milione di unità del Jazz dal suo lancio.
Il secondo mercato è stato quello del Vecchio Continente, con circa mezzo milione di unità in sei anni.
Tuttavia, Honda intende che questo nuovo Jazz permetterà di aumentare le vendite all’interno del segmento.
Così, mentre nel 2007 l’azienda giapponese ha venduto un totale di 83.000 unità del Jazz, nel 2009 le stime puntano a 100.000 auto, il che significherebbe una crescita del 17% nel mercato europeo.
Per quanto riguarda il mercato spagnolo, Honda ha venduto un totale di 8.000 unità del Jazz dal 2002, che rappresenta il 6,7% del totale delle vendite di Honda in Spagna.
Per quanto riguarda la nuova generazione, i responsabili della filiale spagnola si aspettano di vendere 2.000 unità del Jazz in un anno intero.
Proprio l’arrivo del nuovo Jazz permetterà a Honda di alleviare in larga misura il calo delle vendite in Spagna.
Infatti, i responsabili del marchio si aspettano di concludere l’anno con un totale di 22.000 unità commercializzate, il che significa 4.000 in meno rispetto al 2007, un calo del 16%.
Nonostante questo aumento delle vendite Honda ha aumentato la sua quota di mercato in Spagna, raggiungendo l'1,8%, rispetto all'1,6% dello scorso anno.
Inoltre, la società giapponese prevede di raggiungere il 2% nel 2010.
Per raggiungere questa quota Honda spera nell'arrivo di un altro nuovo modello.
Si tratta dell’Insight, un ibrido a cinque porte e dimensioni compatte – 4,37 metri di lunghezza – di cui l’azienda giapponese si aspetta di commercializzare circa 200.000 unità all’anno in tutto il mondo.
Secondo le stime del produttore giapponese, il 50% delle vendite dell’Insight avverrà negli Stati Uniti, mentre la restante percentuale sarà ripartita tra il Vecchio Continente e il Giappone.
Il lancio commerciale dell’Insight è previsto per i primi mesi dell’anno, una volta realizzata la sua presentazione in società nel mese di gennaio a Valencia.
Per quanto riguarda la prima generazione, il nuovo Jazz cresce in tutte le sue dimensioni.
La sua lunghezza sale fino a 3,90 metri (cinque centimetri in più), la larghezza fino a 1,69 metri (due centimetri in più) e il passo fino a 2,50 metri, il che significa un aumento di cinque centimetri.
L'altezza, invece, non varia e si mantiene a 1,52 metri.
Insieme all'aumento delle dimensioni, cresce anche l'abitabilità interna.
Questo guadagno è dovuto, da un lato, all’inclusione di una nuova piattaforma e, dall’altro, all’introduzione del serbatoio del carburante in posizione centrale, una soluzione adottata anche nel precedente Jazz.
Inoltre, la capacità del bagagliaio - che dispone di un sistema a doppio fondo - sale fino a 399 litri, 19 litri in più di capacità del bagagliaio di prima generazione.
Va notato che queste misure sono della versione con il motore 1.4, poiché la capacità del bagagliaio della Honda Jazz 1.2 è di 379 litri.
Altri miglioramenti - oltre ad elementi esterni come i LED posteriori o la possibilità di montare il vetro panoramico - è un miglioramento nell'accesso ai sedili posteriori.
Le porte che danno accesso alla seconda fila hanno un angolo di apertura di 80 gradi, rispetto ai 67 gradi del primo Jazz.
Anche i motori sono nuovi in questa seconda generazione di Jazz.
All’inizio della sua commercializzazione, questo piccolo modello avrà due motori a benzina da 1,2 e 1,4 litri.
Entrambe le meccaniche incorporano la tecnologia i-VTEC che ottiene un minor consumo, emette meno anidride carbonica, ottiene un'eccellente raffinatezza meccanica e allo stesso tempo ottiene un'alta coppia in tutto il regime del motore.
La prima meccanica da 1,2 litri ottiene una potenza di 90 cavalli a 6.000 giri con una coppia massima di 114 Nm a 4.900 giri.
Questo propulsore - che nel precedente Jazz raggiungeva 78 cavalli - presenta una spesa di 5,3 litri ed emissioni di 125 grammi di CO2.
Rispetto al precedente propulsore, che nella precedente generazione raggiungeva 83 cavalli, ora ne ha 100.
Questo Jazz 1.4 da 100 cavalli raggiunge un consumo combinato di 5,4 litri e 128 grammi di CO2.
L’auto ape che evita le collisioni
Per far progredire lo sviluppo di tecnologie per la prevenzione degli incidenti, Nissan si è ispirata, questa volta, alla natura, in particolare alle api.
La compagnia giapponese ha creato un robot che, prendendo come base il volo delle api, evita gli incidenti.
Questo è il Bio-mimetic Car Robot Drive, o BR23C, che rappresenta il primo passo nelle tecnologie di prevenzione delle collisioni.
Gli ingegneri del Centro Tecnico Avanzato di Nissan Motor Co. hanno sviluppato questo piccolo robot in collaborazione con il Centro per la Ricerca Scientifica e Tecnologica Avanzata della prestigiosa Università di Tokyo, in Giappone.
Secondo Kazuhiro Doi, direttore generale delle relazioni pubbliche per la tecnologia e la ricerca e lo sviluppo di gestione del marchio, il BR23C è presentato come un ampliamento dello scudo di sicurezza in quattro aree di Nissan.
Questo robot intende rafforzare la capacità di prevenzione delle collisioni dei veicoli del marchio.
Durante il volo, ogni ape crea il proprio spazio personale con una forma ovale che assomiglia molto allo scudo di sicurezza Nissan.
Ma la cosa più importante sono gli occhi compositi dell'ape, in grado di vedere con un angolo di oltre 300 gradi in tutte le direzioni, consentendole di volare senza interruzioni all'interno del proprio spazio personale.
Per ricreare questa funzione visiva, gli ingegneri hanno progettato quello che hanno chiamato un localizzatore laser (Laser Range Finder).
Questo rileva gli ostacoli che si trovano fino a due metri di distanza entro un raggio di 180 gradi davanti al BR23C, calcola la distanza da tale oggetto e invia un segnale a un microprocessore di bordo che, immediatamente, si traduce nella prevenzione della collisione.
"Nel momento in cui rileva un ostacolo, il piccolo robot imiterà i movimenti di un'ape e cambierà immediatamente direzione ruotando le ruote ad angolo retto o superiore per evitare la collisione.
La più grande differenza con qualsiasi sistema esistente è che la manovra di evasione è completamente istintiva.
Se non fosse così, il robot non sarebbe in grado di reagire abbastanza rapidamente per evitare gli ostacoli," spiega Toshiyuki Andoh, direttore del Mobilità Lab e ingegnere capo del progetto.
A differenza di un’ape, il robot non può essere deviato verso l’alto o verso il basso, né in diagonale; può essere spostato solo in due dimensioni e nella direzione che gli permettono di ruotare le ruote e non in infinite direzioni e modi come le api.
Per questo motivo, Nissan ha utilizzato una funzione di rotazione, oltre all’accelerazione e alla decelerazione, per evitare le collisioni.
“Questo dispositivo deve solo elaborare le informazioni ogni pochi secondi e agire in base a questi dati.
Non richiede il salvataggio di informazioni o logica intuitiva da precedenti manovre, quindi può funzionare in modo continuo con solo un paio di dozzine di KB di memoria.
Questo potrebbe sorprendere, ma non stiamo parlando di giga di memoria, nemmeno di megabyte”.
Questo è il primo passo per sviluppare nuove tecnologie di prevenzione istantanea delle collisioni, una tecnologia che Nissan prevede sarà introdotta nelle auto di serie tra dieci anni.
Il robot utilizza batterie ai polimeri di litio, che sono più leggere e durano più a lungo rispetto alla varietà di ioni di litio.
Un’altra possibile applicazione futura di questa tecnologia potrebbe essere l’integrazione dell’unità con un sistema GPS di navigazione satellitare per guidare il conducente verso la sua destinazione evitando gli ostacoli lungo la strada.
Trema prima di ipotecare
Bisogna riconoscere che il Dipartimento del Tesoro degli Stati Uniti, oltre ad avere molto liquido per fare iniezioni, non è privo di ingegno.
Di fronte alla crisi, e per evitare che gli americani si imbarchino in mutui spazzatura in banche di dubbia solvibilità, hanno creato un gioco divertente e informativo per il browser: 'Bad Credit Hotel'.
Cioè, l'Hotel dei cattivi crediti... o dei guai.
L'aspetto tetro di questo alloggio e soprattutto del suo receptionist è quello di pensare una, due e anche tre volte se è il momento di chiedere un credito.
E, soprattutto, dove farlo, che è probabilmente il suo obiettivo.
È vero che ha informazioni utili, ma poco dettagliate.
È più una pagina per adolescenti che un sito per tutti i tipi di pubblico.
Cosa succede se il gioco viene completato?
Una camera da sogno si trova all'interno dell'hotel.
Qualcosa è qualcosa, perché di comprare una casa migliore non parliamo nemmeno...
Morgan Stanley vende la sua partecipazione in Mufg
Morgan Stanley ha annunciato l’ingresso nel suo capitale di Mitsubishi UFJ Financial Group (MUFG), la prima banca giapponese, che verserà nove miliardi di dollari per acquisire il 21% del suo capitale, una notizia che è stata accettata con un forte calo della sua quotazione in borsa.
Una settimana dopo aver scoperto un accordo provvisorio, le due banche hanno spiegato che MUFG avrebbe acquistato il 9,9% delle azioni ordinarie Morgan Stanley al prezzo unitario di 25,25 dollari, vale a dire un importo di tre miliardi di dollari.
Il prezzo concordato è inferiore al 19 % del valore contabile dei titoli al 31 agosto.
MUFG investirà sei miliardi di dollari in più con l’acquisto di titoli convertibili, assicurando un rendimento del 10% e un prezzo di conversione di 31,25 dollari.
Morgan Stanley ha precisato che l’operazione globale si effettuerà sulla base di un prezzo per unità di misura di 29 dollari, cioè del 28% al di sopra del suo cambio attuale.
Il titolo Morgan Stanley perdeva tuttavia il 6,79% a 23,07 dollari ciascuno alle 17:00 GMT.
"Questa alleanza strategica rappresenta un'importante opportunità per accelerare la transizione di Morgan Stanley verso lo status di holding bancaria", ha spiegato Juan Mack, amministratore delegato del gruppo americano.
Morgan Stanley ha adottato questo nuovo statuto la scorsa settimana, che dovrebbe consentirgli di diversificare le sue attività, ma lo fa passare sotto l'autorità della Federal Reserve.
La sua partnership con MUFG conferma anche che l’attuale crisi finanziaria costringe i grandi nomi di Wall Street ad adottare un comportamento molto più prudente di prima.
Le modalità presentate lunedì scorso mostrano inoltre che l’accordo è stato modificato negli ultimi giorni: lunedì scorso Morgan aveva annunciato che avrebbe venduto fino al 20% delle sue azioni al giapponese per quasi 8,5 miliardi di dollari.
“Una settimana fa – ha spiegato a Tokyo Toshihide Mizuno, direttore esecutivo di MUFG – pensavamo che la partecipazione fosse composta solo da azioni ordinarie.
Ma alla luce dell'attuale situazione dell'economia e del mercato, abbiamo voluto minimizzare i rischi e coprirci. "
Sulla base del prezzo medio ponderato, MUFG pagherà i suoi titoli Morgan Stanley del 7% al di sotto del suo valore contabile.
E l'operazione si tradurrà in una diluizione di circa il 20% del profitto per azione.
L’accordo prevede che MUFG potrà convertire entro un anno la metà dei suoi titoli preferenziali in azioni ordinarie se queste vengono vendute con più del 50% al di sopra del prezzo di conversione, ossia a 47 dollari circa, durante un dato periodo.
Morgan Stanley assicura che i capitali forniti da MUFG gli consentiranno di cogliere opportunità di investimento, rafforzare il suo bilancio e aumentare la sua liquidità.
Una portavoce del gruppo si è tuttavia rifiutata di fornire precisazioni sui progetti strategici dei due nuovi alleati.
Dopo l’investimento di MUFG, Morgan Stanley dovrebbe mostrare un rapporto di solvibilità Tier One di circa il 15%, uno dei migliori del settore.
Morgan ha precisato di aver alleviato molto il suo bilancio dalla fine di agosto.
Le ultime settimane sono state estenuanti per il gruppo, che ha visto la sua quotazione in borsa scendere della metà mentre il costo della sicurezza contro un rischio di difetti sul suo debito decollava.
Questo costo è diminuito lunedì scorso, ma è rimasto ad un livello elevato, intorno al 12%.
La scorsa settimana, Goldman Sachs, l'altra "sopravvissuta" delle grandi banche di investimento di Wall Street dopo i fallimenti di Bear Stearns e Lehman Brothers e l'acquisto di Merrill Lynch, ha annunciato di aver raccolto 15 miliardi di dollari, in parte per Berkshire Hathaway, il gruppo di Warren Buffett.
Rafael Correa a Quito questo lunedì.
Rifondare la repubblica intorno al socialismo del XXI secolo.
Questo è il progetto comune del venezuelano Hugo Chávez, del boliviano Evo Morales e dell’ecuadoriano Rafael Correa.
Questa domenica, sull’esempio dei suoi colleghi e amici, è il terzo che mette in votazione un progetto per una nuova Costituzione.
Missione compiuta poiché il 64% degli elettori ha votato “sì” al referendum, secondo i risultati ufficiali che riguardavano l’80% dei suffragi.
Secondo questi risultati, il "no" ha ottenuto il 28%, il 7% dei suffragi erano voti nulli e lo 0,7% erano voti bianchi.
Affinché il progetto di Costituzione fosse adottato, doveva ottenere la metà dei suffragi più uno.
Domenica, due sondaggi effettuati all'uscita dai centri elettorali e un conteggio da parte di un'organizzazione non governativa avevano annunciato una vittoria ampia al "sì", stimandolo tra il 63% e il 70%.
Rafael Correa aveva inoltre rivendicato nella notte tra domenica e lunedì la vittoria del suo progetto di Costituzione.
La “Costituzione ha trionfato in modo schiacciante”, aveva assicurato, congratulandosi con gli ecuadoriani che guidano il governo di Guayaquil, a 280 chilometri a sud-ovest di Quito.
Così, Rafael Correa è stato congratulato con Chavez e Morales, ma anche con la sua collega cilena Micaela Bachelet.
Le elezioni, che si svolgeranno in piena calma, secondo la missione di osservazione dell'Organizzazione degli Stati Americani (OAS), si riferivano a un testo di 444 punti che consolidavano il "nuovo socialismo" difeso dal presidente.
Il progetto di Costituzione implica l’aumento del potere dello Stato sull’economia, riservandogli la “pianificazione dello sviluppo” di un paese che vive essenzialmente grazie all’estrazione di petrolio da parte di compagnie straniere e grazie a valute che inviano i suoi emigrati.
Portato avanti da Correa, eletto nel 2006, il progetto conferisce anche poteri rafforzati al capo dello Stato, che potrà fare fino a due mandati consecutivi di quattro anni ciascuno e avrà la possibilità di sciogliere l’Assemblea.
Correa ha già annunciato che userà questo potere e pretenderà un nuovo mandato nel febbraio 2009.
La Costituzione consolida inoltre il principio della gratuità dei servizi sanitari e di istruzione che il presidente ha iniziato a instaurare in questo paese di 13,9 milioni di abitanti, in cui il 50% della popolazione vive sotto la soglia di povertà.
Prevede infine il divieto della presenza di truppe straniere, che metterà fine all’accordo tra Quito e Washington per l’utilizzo di una base ecuadoriana come punto di partenza delle operazioni antidroga americane.
Le 19 persone sequestrate sono state liberate in Ciad
Un commando egiziano ha lanciato l’assalto contro i rapitori degli undici turisti e dei loro otto accompagnatori catturati dieci giorni fa.
Sono al Cairo.
Gli undici turisti europei e gli otto accompagnatori egiziani rapiti dieci giorni fa nel deserto sono arrivati illesi nella capitale egiziana dopo essere stati liberati lunedì pomeriggio.
Al mattino erano stati liberati dalle forze speciali egiziane in Ciad.
Tutti avevano un bell’aspetto all’arrivo alle 15.30 a bordo di un aereo speciale alla base militare di Al Maza, adiacente all’aeroporto internazionale del Cairo.
Gli elicotteri li hanno immediatamente trasportati all’ospedale di Maadi, un sobborgo residenziale del Cairo, per essere sottoposti a test medici, per cui non hanno potuto parlare con la stampa.
"Sono in buona salute" e "nessun riscatto è stato pagato" ai rapitori, ha dichiarato all'aeroporto il ministro del Turismo egiziano Zoheir Garana.
Il 19 settembre questi ostaggi sono caduti in mano a 35 rapitori sconosciuti mentre godevano di un safari fuoristrada in una zona desertica ai piedi del monte Ouanat, ai confini di Egitto, Sudan e Libia, e da allora sono passati da uno zulo all’altro.
Il gruppo era composto da undici turisti - cinque italiani, cinque tedeschi e una rumena - e otto egiziani: due guide, quattro autisti, una guardia di frontiera e il direttore dell'agenzia di viaggi Aegyptous, responsabile dell'organizzazione del safari.
Un funzionario egiziano della sicurezza ha riferito che 30 membri delle forze speciali, trasportati a bordo di due elicotteri, avevano lanciato l’assalto durante la notte prima dell’alba.
"C'è stato uno scambio di colpi, e metà dei rapitori sono stati uccisi, gli altri sono fuggiti", ha detto questo funzionario che ha mantenuto l'anonimato.
Secondo lui, 150 membri delle forze speciali egiziane dell'unità "lampo" sono stati inviati in Sudan, dove hanno avuto il sostegno dei commando tedeschi e italiani.
Il ministro degli Esteri italiano Franco Frattini ha menzionato a Belgrado il ruolo svolto dagli agenti segreti e dai membri delle forze speciali italiane.
"Dobbiamo riconoscere che abbiamo ottenuto questo risultato grazie alla professionalità e all'efficacia dei nostri uomini dei servizi segreti, delle forze speciali", ha dichiarato senza entrare nei dettagli.
Ha anche smentito il pagamento di un riscatto.
La vigilia l’esercito sudanese ha affermato di aver intercettato durante una pattuglia un fuoristrada a bordo del quale si trovavano i sequestratori, di cui ha ucciso sei, tra cui il capo ciadiano e ne ha arrestati due.
Ha anche affermato che erano legati a un gruppo ribelle del Darfur, il Movimento per la Liberazione del Sudan-Unità (SLA-U), un’affermazione immediatamente smentita da questo gruppo.
Lettere - Maggioranza silenziosa della cultura
Un dibattito sul finanziamento della cultura fait les manchettes e occupa l’attuale campagna elettorale.
Meglio così.
Ma un settore della nostra vita culturale rimane sempre dimenticato.
Chi si alzerà per denunciare le somme miserabili che vengono concesse ai piccoli musei, agli archivi, agli scavi archeologici o ai siti storici nazionali che muoiono di fame?
Quale politico oserà ricordare al governo federale di trascurare i suoi monumenti e i suoi edifici patrimoniali?
Perché non abbiamo leggi vere che effettivamente preservano il nostro patrimonio come in Canada e in Quebec?
Sapevate che il governo francese dedica tre milioni e mezzo di euro per restaurare solo il castello di Chinon nella Valle della Loira?
Negli Stati Uniti, è scritto nella sua Costituzione che la protezione del patrimonio fa parte della cultura degli americani e che questo patrimonio deve essere protetto da tutti i cittadini, tutti gli eletti e tutti i dipartimenti governativi, e tutto questo, di concerto.
In Quebec, nella Federazione delle società storiche del Quebec, almeno 40.000 persone benevole raggruppate in 211 società di storia, di patrimonio, di archivi e di genealogia si preoccupano di cercare nella storia, di preservare con pochi soldi mucchi di archivi privati e di preservare reperti archeologici.
Sono questi che sono spesso i cani da guardia del nostro patrimonio, che protestano con energia e disperazione quando promotori e responsabili lanciano i loro bulldozer contro le nostre vecchie pietre e i nostri cimiteri dimenticati.
Per quando, un monumento alla storia e al patrimonio?
I governi dei Paesi Bassi nazionalizzano una parte della Fortis Bank.
Gli Stati dei Paesi Bassi - essendo i primi in Europa - aiuteranno con una nazionalizzazione la banca belga-olandese Fortis che si trova in difficoltà a causa dell'effetto della crisi ipotecaria del mercato nordamericano: i tre paesi sosterranno in totale con 11,2 miliardi di euro questa istituzione finanziaria e assicurativa che ha anche affari in Ungheria.
Questo fine settimana i governi di Belgio, Lussemburgo e Olanda hanno tenuto consultazioni a più alto livello con il presidente della Banca centrale europea e il responsabile della concorrenza economica della Commissione europea.
La Fortis Bank è stata la prima a subire la crisi della zona euro nel quadro della crisi finanziaria internazionale che si è verificata in diverse ondate più di un anno fa, quindi le decisioni adottate nei confronti della Banca, in un certo senso, possono essere considerate come precedenti.
Secondo la decisione presa domenica mattina, i tre Stati acquisteranno circa la metà (49 per cento) della proprietà della Banca nella loro zona.
La Banca venderà sicuramente una parte delle sue attività, tra cui soprattutto le attività - principalmente assicurative - acquistate l'anno scorso dall'ABN Amró olandese.
Le azioni del Fortis hanno iniziato una forte flessione la scorsa settimana e per la seconda metà della settimana si vedevano già importanti segni di crisi nell’istituzione.
Tuttavia, gli analisti concordano sul fatto che con i suoi 85 mila dipendenti questa banca è troppo grande per permettere che si rompa.
Solo venerdì le azioni della società sono diminuite del 12%, il punto più basso degli ultimi 14 anni.
Da gennaio il valore delle azioni è sceso di oltre due terzi.
Osservando i prezzi attuali delle azioni, il valore totale del capitale del gruppo sul mercato è di circa 14 miliardi di euro, ma secondo i dirigenti della società questo non è reale.
La direzione della Banca ha attribuito il brusco crollo delle azioni del Fortis alle insicurezze del mercato nordamericano in relazione all’approvazione del piano pacchetto americano da 700 miliardi di dollari.
Lunedì le azioni hanno mostrato un leggero aumento.
Venerdì, Filip Dierckx è stato nominato nuovo amministratore delegato della banca.
La Banca ha anche cercato investitori privati, ma finora nessuno ha dato un'offerta concreta.
Il governo belga aveva già assicurato in precedenza che gli investitori non avrebbero dovuto preoccuparsi, non avrebbero perso i loro soldi.
Tra i clienti della Banca finora non si è verificato alcun panico, non hanno invaso gli uffici bancari per ritirare i loro soldi.
Fortis ha una propria succursale in Ungheria e ha acquistato anche società di leasing.
Volpe nel pollaio
Negli Stati Uniti, le compagnie di assicurazione sulla vita e sulla salute, quando vedono i dati di acquisto di farmaci, spesso rifiutano di firmare un contratto di assicurazione.
Gli specialisti della politica sulla privacy temono che il mercato dei dati personali diventi incontrollabile.
"Esistono programmi di protezione dei dati personali, il quale all'utilizzo dei dati delle ricette in tutti i casi lo unisce all'approvazione della persona data.
Lo stesso dovrebbe essere in mani indipendenti, perché altrimenti "confidiamo il pollaio alla volpe" - cita il Washington Post Richard Dick, progettista del programma di follow-up delle prescrizioni mediche.
Le compagnie assicurative fanno dipendere il prezzo dell'assicurazione e l'importo del risarcimento dallo stato di salute del cliente e se ritengono che il rischio sia eccessivo, semplicemente non fanno il contratto.
Prima hanno inviato il cliente a controllo medico e hanno firmato con lui il contratto conoscendo già il risultato del controllo.
Dick dieci anni fa ha inventato una procedura molto più economica: con il numero di identificazione del cliente ottiene facilmente dalle farmacie l'elenco dei farmaci acquistati nell'ultimo anno e mezzo e il programma stesso trae la conclusione sulle malattie e sullo stato di salute del cliente.
Ad esempio, se si assumono sistematicamente grandi dosi di pillole per abbassare il colesterolo, indica che il livello di grasso nel sangue è praticamente incurabilemente alto, quindi si è immediatamente inclusi in una categoria di rischio superiore.
Numerose versioni del programma circolano, alcune stabiliscono persino un numero di rischio, quindi la compagnia di assicurazione oltre all'amministrazione ha poco da fare, anche se ci sono piccole difficoltà al riguardo.
Tra gli svantaggi del programma c'è per esempio che alcuni farmaci sono multiuso, per esempio alcune sostanze servono sia per trattare il mal di testa che per le ondate di calore e persino come antidepressivi.
Quest'ultimo è un importante fattore di aumento del rischio per le compagnie di assicurazione mentre i primi no.
Sono state costituite società speciali per consultare ed elaborare questi dati, che prima di acquisire dalle farmacie le informazioni necessarie, chiedono l'approvazione del paziente.
Le autorità li costringono già a questo, anche se non hanno ricevuto una multa per la negligenza finora.
Alcune aziende ultimamente elaborano anche i risultati degli esami di laboratorio e, unendoli ai dati di consumo dei farmaci, ottengono informazioni più precise sullo stato di salute del paziente.
Sempre più aziende hanno accesso a questi dati e contemporaneamente è sempre più difficile controllarne l'utilizzo.
Esiste una legge esclusiva per la protezione dei dati personali della salute, ma si applica solo alle compagnie di assicurazione e a quelle che forniscono servizi sanitari.
È già davanti al Congresso il disegno di legge che dà diritto all’autorità per il controllo delle società specializzate per la fornitura di dati personali.
Dick Richard riconosce che questo è insufficiente: ha quindi sviluppato il suo programma, che richiederà l'approvazione specifica della persona per fornire i propri dati personali.
È un'altra questione che tale persona non può negare la sua approvazione, perché altrimenti le compagnie di assicurazione non firmeranno con lui il contratto.
Così le galline, nonostante tutto, sono esposte alla buona volontà della volpe.
Menu globale di Marsiglia
L'Unione europea raddoppia il commercio con l'India
Poiché l'Unione europea e l'India sono reciprocamente partner commerciali, questo tema, oltre agli altri problemi in gran parte globali, ha dominato l'ordine del giorno del nono vertice.
Oggi si terrà anche un vertice franco-indiano, per trattare principalmente della cooperazione nell'energia nucleare.
Anche se l'Unione europea riconosce che l'India è una grande potenza democratica in via di sviluppo che dovrebbe avere più voce e voto negli affari internazionali, i paesi membri non sono ancora riusciti a raggiungere un comune denominatore sul fatto di sostenere Nuova Delhi come membro permanente del Consiglio di sicurezza dell'ONU.
Questa questione non è stata affrontata al nono vertice avviato ieri a Marsiglia.
Il presidente francese Nicolas Sarkozy, il presidente di turno dell'UE José Manuel Barroso presidente della Commissione e Javier Solana rappresentante principale della politica estera, hanno ricevuto Manmohan Singh, primo ministro dell'India con il quale hanno raggiunto un accordo per raddoppiare in cinque anni, cioè aumentare a più di cento miliardi di euro, il loro scambio commerciale.
Tenendo presente che tra il 2000 e il 2007 lo scambio di merci è aumentato da 25 miliardi a 55 miliardi, questo non è un obiettivo eccessivamente ambizioso.
Così hanno armonizzato giuridicamente le ventisei convenzioni bilaterali dell'aviazione civile esistenti con l'India, per cui anche il trasporto aereo potrà volare in futuro.
L’India vuole firmare l’accordo di libero scambio con l’Unione europea entro la fine del 2009.
Sarkozy ha promesso di accelerare i negoziati.
L'obiettivo è l'equilibrio, perché mentre l'UE è il primo partner commerciale dell'India, Nuova Delhi è solo al nono posto tra i partner commerciali dell'Unione.
Il vertice ha prestato attenzione alle questioni globali.
Entrambe le parti hanno condannato la situazione afgana e pakistana e il terrorismo - tutte le forme di quest'ultimo - e hanno sollecitato la convocazione di una conferenza dell'ONU.
È stata inoltre accolta con favore la conclusione del ciclo di Doha per la liberalizzazione degli scambi, anche se entrambe le parti hanno una grande responsabilità per il loro fallimento.
L'UE ha confermato che si atterrà al suo programma energetico e climatico, cioè entro il 2020 vuole ridurre le emissioni inquinanti di almeno il venti per cento.
Anche l’India è d’accordo su questo, così come la conferenza sul clima del prossimo anno dovrebbe raggiungere un accordo globale e ridurre la produzione di gas serra del 50% entro il 2050.
Desideravano inoltre ostacolare l’aumento dei prezzi dei prodotti alimentari e hanno sostenuto la convocazione di una conferenza internazionale per passare in rassegna la crisi finanziaria.
Oggi il capo del governo indiano si recherà nella capitale francese, dove - in un incontro bilaterale - firmerà un accordo sull'uso pacifico dell'energia nucleare.
Parigi è fiduciosa che le compagnie francesi riceveranno commissioni per un valore di 20 miliardi di euro per la costruzione di reattori nucleari.
Secondo l’agenzia di stampa, l’accordo sarebbe durato 15 anni.
A Francoforte più di trecento editori italiani
Forte presenza degli editori italiani alla mostra internazionale del libro di Francoforte.
Saranno oltre trecento gli editori italiani presenti alla 60° edizione della Buchmesse, il più importante incontro internazionale per lo scambio di diritti.
La mostra internazionale del libro di Francoforte attende per questa edizione più di 7.000 espositori provenienti da 102 paesi diversi che occuperanno i 171.790 metri quadrati della mostra con oltre 403.000 titoli in mostra e con la Turchia come ospite d’onore.
Sarà il sottosegretario del Ministero dei beni e delle attività culturali Francesco Maria Giro a rappresentare il governo italiano nella cerimonia di inaugurazione del padiglione italiano: l'Italia sarà istituzionalmente ed efficacemente presente con un punto Italia - 264 metri quadrati di spazio espositivo.
Seguirà un incontro con la stampa alla Room Struktur nel padiglione 5.0 della Buchmesse: questa sarà l’occasione per presentare numeri, tendenze e prospettive sullo stato delle case editrici in Italia.
Secondo i dati, il peso dei libri di autori stranieri diminuisce progressivamente sul totale della produzione italiana, e in particolare quella per adulti e adolescenti.
Trovato l'aereo di Steve Fossett, il miliardario scomparso un anno fa
Sono stati trovati i resti dell’aereo di Steve Fossett, il miliardario scomparso il 3 settembre 2007 mentre sorvolava il deserto del Nevada.
Le macerie sono state trovate su un altopiano a 3000 metri di altitudine, nella zona della Sierra Nevada di Mammoth Lakes, al confine tra California e Nevada.
All’interno dell’aereo non c’erano resti umani.
Il commissario della Contea di Madera, John Anderson, ha dissipato i dubbi: "L'aereo è stato localizzato, abbiamo inviato una squadra, e ora abbiamo la conferma che si tratta proprio di quello su cui Steve Fossett stava volando il giorno della sua scomparsa", ha detto in una conferenza stampa.
Il commissario ha precisato che non sono stati trovati resti umani né sull'aereo né nei dintorni.
Il miliardario, 63 anni, è stato dato per morto a febbraio.
L’ufficio americano per la sicurezza dei trasporti (Ntsb) ha fatto sapere che poche ore dopo l’avvistamento dei resti, è stata inviata una squadra di ricercatori che ha identificato l’apparecchio: si tratta del Bellanca 8kcab, disperso dal 3 settembre 2007, quando Fossett è decollato da Yerington in Nevada per un volo di tre ore.
Ieri, sempre in California, non lontano dal confine del Nevada, alcuni resti personali di Fossett sono stati trovati da una coppia vicino alla loro casa di Mammoth Lakes.
Si tratta di due documenti con il nome di Fossett, entrambi rilasciati dalla Federal Aviation Administration dell'Illinois, contanti e una felpa.
La ricerca di Fossett era stata interrotta un mese dopo la sua scomparsa.
Il miliardario aveva conquistato un posto nella storia grazie a una lunga serie di anteprime.
Nel 2002, al sesto tentativo, era diventato il primo uomo a completare il giro del mondo su un pallone aerostatico: due settimane di volo solitari.
Tre anni dopo aveva fatto il giro del mondo in aereo e senza scali.
Tra i suoi record, anche quello per aver volato a 15.445 metri di altezza, sulle Ande, ma con un copilota.
Glk, la pubblicità che non ti aspetti
Un SUV fuori dagli schemi con un design originale e ben definito con linee definite e angoli determinati.
È questo, in sintesi, Glk l’ultimo nato tra i furgoni fuoristrada “compatti” della casa della stella con cui Mercedes-Benz ha cercato di dare una finestra di novità in questo settore.
Proprio per i contenuti al di fuori del tradizionale, sarà inaspettato e non convenzionale, la comunicazione che accompagnerà il lancio del suv Glk, disponibile negli showroom Mercedes-Benz dal prossimo 17 ottobre.
La campagna pubblicitaria che ha accompagnato il debutto della nuova auto ha lanciato una modalità inedita di comunicazione attraverso una campagna pubblicitaria in 3D, utilizzata per la prima volta in Italia da un marchio automobilistico.
Un progetto con maxi-poster, articolato in tre diverse fasi, che dominerà la via centrale dello shopping milanese, viale Como, fino al 15 novembre.
La prima fase di questo nuovo tipo di comunicazione inizierà con la presentazione della vettura in versione stereoscopica e grazie a speciali occhiali distribuiti sul viale Come sarà possibile vedere il nuovo SUV in dimensioni quasi reali e in formato tridimensionale.
In effetti, guardando le immagini si avrà l’impressione che l’auto esce fuori dal poster.
Successivamente, attraverso l’utilizzo dell’innovativa tecnologia Elumina8, la nuova Glk sarà illuminata in tempi diversi in tutti i suoi dettagli, per ricomporsi in un’unica immagine.
Indubbiamente Mercedes con questa pubblicità sta cercando di introdurre qualcosa di nuovo nello stereotipo della comunicazione automobilistica.
Riuscirà questa formula a catturare l’interesse dei futuri acquirenti? vedremo.
Chi sono gli hooligan italiani
Al Triveneto si gioca il divieto di accesso alle manifestazioni sportive.
Ma chi sono quelle 150-200 ragazze e ragazzi di cui l'Italia ora si vergogna? Fanno parte del gruppo "Ultras Italia" che segue da anni la Nazionale Italiana e che finora, a dire il vero, non aveva mai creato troppi problemi.
E non hanno mai incontrato nemmeno i tifosi del rivale.
L'estrazione del gruppo è di destra.
I promotori vengono dal Triveneto.
Da Verona, Padova, Trieste e Udine.
A questi di Sofia si sono aggiunti un piccolo gruppo (poche unità, in realtà) della Campagna e della Puglia.
Hanno bandiere di tre colori dove appare la città di origine dei militanti: sabato sera sono state tolte per non essere identificate.
Si ispirano ai fan inglesi.
In Bulgaria hanno trovato un gruppo di veri fanatici nazisti, quelli del Levski.
La Figc aveva messo a disposizione dei tifosi italiani 144 biglietti per la partita: tutti già con i nomi, quindi facilmente controllabili.
E il ministro dell’Interno li aveva già controllati tutti: tra quello che erano partiti per Sofia non c’era nessuno con un Daspo (divieto di accesso agli eventi sportivi) in quel momento, nessuno che gli fosse stato proibito di frequentare uno stadio.
A quattro tifosi italiani, che avevano precedenti di delinquenza negli stadi, è stato rifiutato il biglietto e anche il viaggio.
Ora il ministero dell’Interno attende di leggere gli atti che arrivano dalla polizia bulgara per prendere provvedimenti: in questo caso è possibile dare il Daspo (divieto di accesso ad eventi sportivi) per almeno cinque anni ai fan che sono stati arrestati o a chi è stato identificato nei disordini.
Un Daspo (divieto di accesso agli eventi sportivi) internazionale che impedisce di frequentare non solo gli stadi italiani ma anche quelli di tutta Europa.
I nostri hooligan non metteranno più piede in uno stadio.
Per fortuna!.
Ma ora c’è la paura dell’imitazione: che a quei pochi cinquanta si aggiungano altri.
“Dobbiamo spegnere subito questo incendio e non legittimare chi si comporta in questo modo”, sostengono dal Ministero dell’Interno.
Per questo, "occhi ben aperti" soprattutto in vista della partita della Nazionale di mercoledì a Lecce".
In Puglia c'è anche un piccolo nucleo di reggiseni di Ultras Italia.
Domani si riunisce l’Osservatorio, martedì il Cams che può contare anche su una sezione dell’Aise (agenzia d’informazione e sicurezza esterna, cioè il servizio segreto, che si occupa proprio dei problemi negli stadi.
"I cori di Duce-Duce e il braccio alzato durante l'inno di Mameli? In Bulgaria non è un reato ...".
Questo è il pensiero (espresso in maniera poco felice) di Domenico Mazzilli, da poche settimane direttore dell’Osservatorio del ministero dell’Interno (ha preso il posto che prima era di Francesco Tagliente e poi di Felice Ferlizzi).
Mazzilli era stato capo della pubblica sicurezza di Trieste dove c’è un nucleo di sostenitori del gruppo Ultras Italia, fondato nel 2002.
È vero, come dice Mazzilli, che in Bulgaria non è reato celebrare il Duce ma sì, il comportamento di quei 150-200 tifosi che è stato vergognoso.
“Io non faccio il sociologo – aggiunge il n.1 dell’Osservatorio – i reati sono attribuiti nei paesi in cui avviene il fatto.
Finora questo gruppo si era comportato bene, ora vedremo cosa è successo e lo terremo in considerazione per il futuro.
Ma parliamo anche dei fischi all’inno di Mameli: anche questi non sono un reato, ma se permettono non sono nemmeno di educazione...”
