Students of the Metropolitan City City School in the Metropolis have introduced their imaginations to the myth of the "stupid" synthesis.
In encouraging the Prime Minister Medallard, the teachers and students built the Kitt  command by the teacher and students.
Rajesh Govre, president of the Manup Teachers Association, commended the school by visiting the school.
And the sand that was in the field, and the sand that was in the field, being full of seven.
And the men of the house, and the men of war, and the women of the house, and the singers, and the singers, and the judges of the house of God, joined themselves to them.
Nand Bari, president of the district college, was a member of the Conservative Union, a member of the Conservatory, a member of the Conservatory Ladder, a member of the Governing Body.
And the children of the city did offer a sweet savour.
The Akhil Indian Citizen Women's Committee and DEFI have launched an international campaign against corruption, corruption, crime, and corruption-supt.
The state signature will be signed by the governor on 10 million signatures throughout the country.
The sign campaign on Friday started on the new bus stand.
On this occasion, SFI’s political secretary Mija Kumari, a secretary-in-law of the SFI, was a member of the SFI, a member of the Communist Party, a member of the Communist Party of the Committee, a member of the Youth League, a member of the Youth League, a member of the Association, a member of the Youth League, a member of the Association, a member of the Association, a member of the Association, a member of the Association, a member of the member of the Association, and a member of a member of a member of the member of the party, a member of the party, a member of the member of the party, a member of the party, a member of the member of the party, and a member of the party of the Royal Women, and a music music music music, music, music, music, music, music, music, music, music, music, music, music, music, music, music, music, and music, music, and music, and music, and music.
And he took the young man with his wings upon his wings, and buried him in the midst of the city, in the midst of the city's border.
The gentle wedding was just two months away.
The police's initial investigation has come to the conclusion that mild economic hardship was a problem and that caused him to take this step.
According to the detail, the address of the incident of the death of a gentle man took place on Friday afternoon when his cousin sister went to sleep in the third floor of the floor.
And when she saw it, she lifted up her wings, and told it the story of the damsel.
The mildness was immediately taken to a medical hospital, where doctors declared him dead.
A gentle husband doesn't work.
Before taking this step, he wrote to his left hand, saying, "He's dying, my life is the cause of my death."
According to the description, the soft father's father has died several years ago, his mother, mental illness, and a brother reads in government school.
However, the police have kept Shaw in the hospital at sector-16.
The real causes of death will be discovered after the postmaram report.
Sri Lanka Elections have chosen 16 member Sri Lankan team for the limits of New Zealand that would be against New Zealand on November 10, 2013.
The electorals just included a 24-year-old half-year-old half-old half-year-old half-old Assan Assan has been republished into the team two years later.
Three days until 10-1 November 10-21 against the Sri Lankan team, while two T-20 matches will play.
The first one and the second day is in Bombay, while the third is playing in Kabul.
Both will be playing in the T20-20 football Palal.
It's known that stealing in these days has increased in the city.
This is the seventh event in recent times.
Reneel and Pakc drive license (DL) which has been prepared by September 30, will be available next week.
It's a note on the DTO office's department.
Clearly, the DTO office is assuming that DL is going to be a month later, while it's set on the White To Service Act seven days.
Janina has to prepare DTOO office within seven days of the application and give it to Avenue.
The situation is worse if the land is to talk right.
There are too many campaigners who haven't even been able to draw DL since 9 months.
The number of applications that have been taken for two months is unstoppable.
The worst state of the office can be calculated is that DTO Anal Gol does not have information on the digital clock.
They claim that DL is going to be a delivery within the specified time range.
Then why did he say that they had no information about this?
In order to support the American economy, the government has created a new record of high history between the efforts of the relief agency to continue to support the American economy.
The number of mines in a box box Exchange is 130.50 points to the level of 21,164.5.52, and the blue balance of the National Stock Exchange.
In the marketplace, this speed was taken by the crew of the team’s team.
Nine of the 30 companies in Sanskrit, including Sanskrit, were injured, while the rest of the people lived in Mumbai.
It comes from the fact that the environment's defense system has arrived.
The sound pollution in some places last year was up to 100 decibels.
In general days this data is 55 Dec.
The sound pollution is constantly increasing from the noise or the noise of DJ show every year.
Even after the regime’s ban, more than the standard is publicly sold and destroyed.
They have authority over the SDM of the area for their stability, but they also avoid their responsibility in time.
The environmental security system had a sound pollution measure of sound pollution during the last year.
Two separate times before the Day.
The minimum sound pollution was 72.5 and the maximum.6 were found.
Similarly, on November 13, 2012, the day of the Daydiary found the maximum 87.7 December and the minimum 80-dependable sound pollution.
The maximum 100.3 December sound pollution was detected during a Daylight, while the minimum sound pollution was 72.1 Dec.
In general days, the maximum volume pollution of 65 Dec Dec and at least 55 Dec.
On the Day, "most people don't pay attention to this and use more voices."
Jaging Communication, Fire: Death continued to fall in the power of the incident at Fahhababad Road on Thursday night.
The police entered the GP truck and lost the memory of the lions.
On Thursday night in the village of Nagla in Dukkai, Gugla, the truck passed through the street, beating the village Herimo, and killing her.
His death led to his death.
Foreseeing the opportunity, he opened up to them two hours.
After they had made provision of the law of the law of the LORD, they returned from Rephidr, and from Remash the Bozrahite, and from Remesh the Bozrahite.
And the barons were about to pass by the gate, and they were wounded by the bike driver.
About two o'clock in the night, the captain of the Buzzi Cataritar Prefecture, who was coming from the lions who were bringing the wounded to the sea with a knife.
Meanwhile, the truck driver suddenly killed a break.
Faster went into the back part of the traffic.
His next part was badly damaged.
He died at the sight of the court of the guard who sat on the throne of the lion.
And Jacob, and Zilpah, and Aravind, and Ramonesh, were wounded.
On the other hand, the officers who came to visit the injured were willing to put the injured in the SN emergency.
Inspector Reggio Harley has filed a case against the truck driver.
On Friday, the show of the Cernobba's daughter was granted a salute in the police line.
The graduation took Shaw to Manpuram for the final ceremony.
The house of the dead man of the dead man is in the midst of the lions.
He was basically the man who lived in Etta's Malanah.
There are two sons and three daughters in the family.
It happened three days ago, that the city of Horhur was taken from the corner of the wall of Hararite, from the corner of the wall.
There, the war broke out, too.
Even the banks and offices were affected.
There was no electricity in the city.
Mobile service and other activities were affected too.
It is noteworthy that at Tuesday morning the tree felled down in the forest by falling in the forest.
The 132 caviar line from the Bahamas was completely dry.
The officers of the NHPC and the servants were three days' journey forward.
The NHP, president of the NHPC, told us that the labor force was still running in the repair of the electricity, despite rain.
Seven o'clock in the evening, seven o'clock in the evening.
It was bright to go to Gold Bars and Koin's request for the killing of Mahangi and the weak Economic Sinorio.
In Delhi, Gold’s price is 1,400 grams per square inch [1,4400 grams] of silver worth that last year was 32,485 grams per gram.
Cheerman Harshness of All India and the Journal of Journalism, said, "Chamor Iknominio and Gondi have fallen into the mood of Gondi.."
Herrman and Md Mehul Tukii, the song group, said that the total price of the rule is 25%.
There's been a change in the attitude of the right ones.
We have hoped to live more than 25% of this year than last year.
Despite the prices of Gold this year last year, people are buying money on this wealth.
The prime minister is a member of the council, and he is also a member of the congregation.
A number of such charges, Las Ramsprossad, of Bangladesh, have demanded the prime minister's permission to submit to the State's successor and to act on the secretary's duties.
He said that after four years the case of the chief and the secretary of the secretary was sentenced to the prosecutor's rights, and that the chief suspended the issue.
They also have evidence of the ongoing unrest in action by the Communist State of the Republic of Georgia by the head of the state.
It happened, that after seven days of common meeting, he sent a notice to all the fifty days before the Sanhedrin, but on 12 May, he brought eight men, which was one day before the Sanhedrin.
After the meeting on July 3th, the Secretary of the Society does not permit the registration agreement to be passed by the Secretary of the Society which could not be able to participate in the official meeting.
She said, "In addition to a brief summary of the meeting work from the secretary, the members are never given any information regarding the meeting, although they should do so within ten days according to law.
The chief took the request of the thirteenth to pay the price of the work at his private office at the end of July 3th.
They have requested to stop immediately on the 13th-year-old Org's mission.
The wakeup, Jammu: God is sent to destroy the people of the earth when sin grows on earth and the people of monsters oppress the population of the demons.
God was born to free the Mathrua residents from the tortures.
In the afternoon of the riot, Mr. Naanda (sancator) started on the streets of Laila-Palala-Patak in the middle of the month of the civil war, it was reported to have been a story of God's sending to the war.
He told us that in the Balkans, God caused the misery of the people by destroying big monsters.
The prince said, "Let not the heart of this man trouble you, but in the fear of the Lord."
In the memory of God, man is set free from trouble.
He has a sense of humor toward Pakistan's India, who is constantly forcing him to follow the wrong way.
He must realize that the loss of the average people on both sides of his action is devastating.
Hundreds of Muslims in Hawah, who were being sold to work for peace on the eastern border, were offered by hundreds of Muslims.
There are hundreds of mighty men coming to re-relation the story of Haven and Mrs. Ms.
During the struggle of the Leala Civil War, the lion said that the law is also the law of the gods that come here.
The story will be finished on the Saturday, and it will be finished in Hanan.
Office reporters, money: The aim of promoting corruption is to be taken from a local school in the city of Vizalis Ek.
The teacher and the common people shared in it with the school children.
The DSP powerful lion of the city of Vizalins Boorro, if the struggle against the Amlog corruption can be created.
In urging the people, he said that if a officer or a worker asks for a loan for any work, his complaint could be made from the NGOs.
The department will appeal to the superior authorities and the employee with full seriousness and fear.
The lion called for Syndroma Sarsa Nangal, the American lion Guiller and the Insurance lion.
These people were saying corruption is a major problem in the current situation.
Each individual in society will have to come forward to the play, because the root of corruption has become so deep that it is not possible for the government to tear it out.
It's gonna have to come forward to the common man.
In the program, teachers and students were distributed from the manager committee.
Dad, president of the Committee of the Committee of the Committee, said that the Dwarves are a welcome to the happiness.
On the joy of returning from the Lord Sri Lanka, the Egyptians burned the lamps and welcomed them.
From that time on, the tradition of celebrating this festival began.
He welcomed the students that they should move from the lives of Mr. Shrira.
On this occasion, the child's black, brown, brown, and brown, and Ramesh are present.
On October 31, Halloween was celebrated around the world.
Many Western countries believe that the spirits of the fathers must be happy, because if the spirits are angry, they can bring them to oxygen.
That's why they celebrate this day.
He's seen in the Holloway parties.
In many places, it is also held that people go to parties to the terror and the strange C C in the wild.
In this way you will see a lot of strange faces at the same Halloween party.
Some of these are so frightening, while you can't be happy when you see some.
The fire broke out in a trash store that was on the runway.
Guilty that the fires of time were captured.
The lion made a store of fireworks outside of his hotel on the way to Durga temple.
About eight o'clock in the evening, suddenly a rocket jumped on the counter.
As soon as they saw the storm fire, the whole store was caught with guns and burned with stones.
At this time the clients were also at the store.
The shop owner tried to fire fire fire from the Fire Silverman and Ret.
There was also a chance.
No one's hurt in the accident.
The fire broke out among the people in the trash store.
And the captain of the guard said, The time was spent, and the fire was shut up.
In view of the incident, the market also has strong instructions to be protected from shops.
In addition to South India, the film in Singapore and Malaysia has often been smoked.
The name of the Actres is "Avenani Modi".
The lives of Anany Guerretta live in Gunnar.
As a child, Anny had an act, but until the college they couldn't store their feet in an act.
So once the college's script writer said to us, "So far away, you don't even come to an end."
In school and college, the students are playing Gugart in the missing film industry industry.
Although later after the master arrived, it was clear that a teenager was his relative.
So the merchants went out, and the young man left the house, and the door was shut.
The youth's family was called and pushed into the presence of the party and police.
The daughter of the daughter of the daughter of Soni of the Soni temple, who was born in the house of a good world worker, came from the house of Ladderah.
Sonny's husband is dead.
Here, the baby's wife, Angelie's wife, closed the house on Friday, and went to the market.
At the house, there was tears.
And the anchors.
Soon people from nearby villages gave its information to the police.
Taxes are coming.
Until then the Angel also came.
She said that the girl is her relative.
We're keeping it because his family's position is not right.
Mothers live in the village of Beladha, in the village of Ladder.
Father Montto died of global activity.
The mother of the child, Sony, and Mama's mother, called on her mobile phone.
Mother and Mom arrived in the evening.
Mother says that the daughter had been sent to a relatively well-being and his wife, Angly World worker.
The golden goddess in front of jealousy and police took the girl from here with her relatives.
Angelie said we can't keep the baby.
What would have happened if the girl did something.
The taxi driver was injured in the accident.
The driver has been loaded into a civil hospital in the beautiful city.
Her two legs are being described as Frank.
The police have begun testing the case against the taxi driver.
After spending a postmarktum in the civil hospital in the beautiful city of Mangalore, the Saturdays were published twice a afternoon.
About three o'clock in the afternoon, when Taxie reached the town of the beautiful city, the driver suddenly woke up.
It caused the tree of white trees to fall on the highway of the Ratra Taxi.
In Texas, Google temple and starry moon kissed the speech and language-sharing square square square square (Minley).
People from nearby villages came to the opportunity to hear the sound of the sound of the sound of the car tree and they pointed to the police.
The police drove the gang and the moon out of the traffic after the tightness of the moon and led the civil hospital to the beautiful city.
There the doctors announced the dead gods.
Ging was going to meet his sister, and she was on her flight after lunch for Mumbai.
All inspectors have been entrusted with all the investigations.
The DSP Collector Vera has confirmed the tragedy.
ACP City To American lion, the Ecliptic lion, the Ecliptic lion, the S.C., the S.O. Kant Ikbal, and more than 100 police officers were involved in the publishing team.
For three hours, the search went into prison, but the police didn't have enough drugs, nor had any mobile phone.
Three minutes later the police returned empty hand.
Three seats have been arrested.
The list of parties has been announced by Kent, North-Master, East, Panton-Mulley, and Birgi Assembly seats.
India's public party has announced its wishes for the 1477 polls seats on Thursday.
The list contains names already being arrested.
According to the detailed list of Bajpurs Radhakrishi, Sharad Jan, from the north to the east, Shelán to Achilles-Majjali, Ajonti-Mazuli to the name of the lion.
Most of the names listed by Bezupa were already considered to be the only ones who were previously considered to be the only ones who had been in the northern and the Caribbean for a long time.
Be aware that currently in connection with all the sites, leaving the previous statement, it is currently underlying from the terms of all seats.
Only half of the gold has been pre-school since the east.
Joys from the field workers were banned after the announcement of the parties' names were announced.
After the decision was made on the rest of the seats, the other district councils are showing the possibility of being announced on the site after the announcement.
According to sources that are being opposed to sites, or then the current investors can be thrown into a new field with a view to private equations.
At the council, the local person will be taken to the party party by about 276 activists from Botswana on Friday.
All activists will meet with the national president Rajantha, Prime Minister Ramal, former president of Mandal, former Prime Minister Nedkar, permanent Kumar and young President Sharar Sharmuk.
However, the authorities have not spoken of any rock in God's house now.
The Shochhan government said that the rock found and broke it and the SISI's authorities will know the truth of the facts.
The Shohan government spoke to the media many times and tried to turn away from what he said.
Where he once said that if this operation was operational, the truth had yet come.
And it came to pass, that, as soon as they were called, they should not enter into the place where the devils were called, till they should come.
On the ongoing debate on the issue of the issue, the government started accusing the ISI and the administration of the administration and said that what is going on is going on in the divine station that is being banned by the media.
We asked God to spread directly.
They must have believed that the ISI team was at the site where they were supposed to be.
However, after a day's rest, the ESI team of ESI started the mission today, but not even a centimeter.
The prizer Shabb said that the SISI team is still cleaning up the entire 280 metres per cent of the day.
Tattar Warrs Union should announce the date to call for requisition meeting soon if there's no permanent solution to the situation on the issue of the T.T.A.R.R.R.R.R.
If the Red Rivis is late in the deal, the workers should try to give the rest.
On Friday evening, the two rows met with a ten-year-old BK egg egg danda in the US for requisition.
During conversation, Dennis explained that there is no announcement between the administration and the Union on Fridays.
On Saturdays the office beer meeting will be considered on the subject.
Among the representatives of the Sanhedrin were slaves Moindin, lions, lions, lions, lions, leopards, lions, lions, lions, lions, lions, lions, lions, lions, lions, lions, lions, lions, lions, lions, red and red snakes, male and female slaves.
Duppy VP is present in the city, but the Ukrainian authorities couldn't communicate with the authorities.
Now the point is likely to be discussed Monday.
All the cases were met by the office beer and told about their problems.
In addition to the increase in the amount of time associated with the increase in the collection of the map, the situation is also permanent.
The light festival has begun today.
Friday's a small lamp, that's the richest.
There's also a beautiful colorful color with the house-to-sza in Delhi.
Out of the house or in the ring of the beautiful house of the beautiful house of the beautiful house.
And on this occasion we have taken some of these pictures from Guergit.
You can also build these beautiful colors of your home.
These authorities were already uploaded to the existing position in the joint secretaryship.
Awkot patience Chellah's note of the Nobel Prize for Mandela and others in Hong Kong was received from the project at the Torquet Chamber in Herot.
The date of November 12 is set for notice's attack.
It is noteworthy that two years later the BBBBBC school in the past month was attacked in the streets of NoBBBBb students.
Then the fans have opened the door of the honorable High Court.
Two years ago, supporters in opposition to the Persian increase had come down on the streets and expressed anger on the streets, which followed a little less than a few weeks later.
And this time, this time, it was again a curse to the audiences.
Five months after the new session starts, one fifth has come to terms.
In opposition to this step against the school manager, the audience continued to show for several days after meeting.
Nevertheless, in the school management ear, fans have finally knocked the door of Hakot's door.
The contributors say it's not fair to increase the coin.
It also affects the child’s education of education.
The chief said that the government needs to keep transparency in order to advance the development work.
He said there will be no exception in the process of plans.
The list of Bill E.B. prior to the list of bills available in all podcasts, the list of farmers from the green revolution plans was given as well.
At the meeting the teachers were instructed not to build the house.
The list of buildings built in the BEO was asked to be built in the capital.
The delegates who attended the meeting in the health department and the missing CDPO were not allowed to sit in the meeting.
The court decided that the circuit representatives do not know all the details of the meeting only to meet Corm.
Meanwhile, a number of departments and health departments were discussed.
In the meeting, Sanskrit delegate Pro. Pr. Pratur 4 said that the company's division would be the product of the green revolution so that the farmer would go ahead.
They strengthened the high level check of the co-communication department's work.
Hitler wrote in the autopsy 'Min Kof' that the size of lies is a major cause of trust.
People accept a bigger lies than a small lie in their mind's first easy way.
In recent years, the Congregator of the Congregat Bertu adopted the principle of "Inidura Iz India."
But the facts of history are different.
The glorious history of the nation.
The people of India are the only ones who have established the nation from their alert labor.
For the vision and culture, the ancient ancestors are such as Victims, Kapil, Buddhists, Vivan and Shakharas.
For ancient national unity, the moon is the political system of the Azerk Indians.
There's a great number of men who have broken out of foreign attacks and powers.
The long list of wild lions, such as the Indians, the Indians, the Indians, the Indians, the Indians, the Indians, the Indians, the Indians, the Indians, and the Indians, is giving all the credit for the entire nation's family.
A big lie is very effective.
16 of 58 central plans are names of the 16 chemical gurus.
The list of other plans, awards, air-odles and institutions in the Naraya family is long.
Now the public distribution system is being prepared to be added to the name of the Indian Gandhi.
The name of the Madmans motivates.
Their names are certainly welcome to the identity of the street, university, or air raisers, but the name of the international airport in the capital of the state is not appropriate in any case.
Public distribution system is already anonymous.
Who prevents the vote on the name of this scheme?
But what is the challenge of even putting even a look outside the Nile family at the time of Naomi?
Menahem the principal, Manmonah, and the chief of the captains of the army of the princes of the princes of Nerad the Nehelamite, with the might of Til, the greatness of the prince.
Talal is the great nation.
They joined 5262 states units from the nation.
Tutals are all loved India, but Congress only consider them to be their own end.
Public distribution system can also be named at the table.
This will make no difference in the importance of the football.
Congress has been in power for long.
The politics of the plans did the same.
Congregators was once a democratic group, in Tamil, Golli, Gandalay, Gandadad, Rajran Pashhur, Naur, Tutal, and Madhan. After 1950, he went into the control of a family.
Participating and family choice.
It's the 'Indira Ij India' to tell the family and the country's choice.
The name of the plan also went on home.
Government plans run from the country's taxpayers.
The kingdom of the land is not the end of a family of Congress.
Look at Kangres: every one that watcheth, every one that buildeth the house of his mighty men.
Local groups have planned plans for the capitals.
Madmans are all of them, but the list of Dalit men has grown.
The virus is every small group of men.
Government plans in the United States are not going to run government plans.
In India, they're in a dilemma.
The center claims to be a direct credit for the family's name.
The Great Gandhi, Talal, the Language Moon, or the Kings's plans are not connected with the identity of the Krags.
Congregres has been cut off from his inheritance.
The message or teaching of Rahul-sunia works in Congress.
Of course, other groups also make their plans the same, but they don't plan for the same family, like the Cogregres.
The politics of society is inconceivable.
Spat is a picture of the head of the head in the Uttar area.
Of course, democracy gives the majority of prizes the right to establish policy.
The government's plans are dealt with with the demands of the construction and counterterrorism, but the government does not allow the government to force the government to make plans.
The voter does not expect political reform from governments and has a transparent use of the Kardatha regime.
The political abuse of the regime is a harmful crime.
There's no use of names to develop.
The government is not the medicine of every apology.
India is full of multibillion - a flowering masculinity.
The name of the High Education Society/Search Organization should be named in the name of a powerful Indian scientist.
The Society's name will be very good in the name of the writer, author, or vision.
History in politics is unequivocal.
In the hearing of the assembly there was a long dispute among the people.
Steward Gondeddas, the black triangle, was emphasised on the 'India'.
India's name has 51 votes.
The basic question is, Why does the name of the scheme not have deep concern?
Why does politics prevail?
Why does one family have such authority?
Why does there not make any list of civil names available?
It can also be used to build a list.
Why is both the center and the state in the name of plans a serious conflict on both sides?
The same reign has also forgotten the names of the youth freedom forces.
Here's the great hero of Tahar.
Some TVs were built and many have been colored by political prejudices.
Naming is wisdom.
It is the start of knowledge to name the name of the seasons.
A good name for plans is also the speaker.
The book of Common Knowledge is a hard tool to remember the names of older people, but it can be a simple tool to join government plans, street or important places to teach history.
A number of names, such as Gautol Airport, Andykarpur or conscience, are added to the historical history of the city.
Now in a two-three-month survey of the country's half-tribe of the country, called the Keda Village-Neve-Vangara Ram.
The country, Kal, culture, culture, culture, and history require extra secularization.
Many names and views appear to be special.
The name of mercy, conscience, and the name of the giant: social change, revolution vision and truth, the choice of mercy.
Congregators ask friends to come out of the street to find a name in the same family.
There are many names in the history of India.
The government of motor vehicle accident has ordered Mr. Jacket's family to pay $50.67 million money in the streets in 2004.
The family was asking for 25.82 million money as a movage.
The family said it was the only reason for the loss of the driver's death on June 2, 2004.
The judge commanded MSRT to give the MSRT, and said, "No matter what the insurance company has to give, because the car was a live man."
Mr. Lechcher's friend Mr. Ram Wadden's family will also receive the price of Rs.2.6 million money.
Their sleep was in the same way.
It will give MSRTC about 70 million Rs.5 million Rs.5 million.
The soul's car is also responsible for the loss of the driver of 30 million Rash (6.4 million dollars) to the previous minister's car.
He discussed the legal activity of party activists and members.
The president of Gozmu Mkuma Kamatti explained that Gokuma was the chief of the master of Gozmu, a temporary worker, a temporary worker organization, to meet members of Bhutan and Tibetan organization.
This time those Twwon Citys may be allowed to be in darkness.
Those who don't fill the power time.
Connection will be cancelled after 15 days of specified date.
All the departments of the camp have been cut off from one, two and a half points from all stations.
That's why there's a crowd of users who cut down the power offices.
The users are upset.
One reason for the problem is that the power agency has also stopped taking part.
If the company party is taking part, users have to fill up 80 to 90 percent of Bill's bills.
In one of all the digital numbers, SDO has made a note of "Do not be ashamed" by saying "superving the party's company in his office.
The reason for the operation is that the power force has left the people's thinking on the users.
Now they're going to have to fill in two months' set date, otherwise the power connection of power will be cut off after 15 days.
The North Haraera power distribution of the Abara Sea has about 102 million lakhs.
That's why all the DNA and SDO are ordered to complete the Targit.
On October 31, it was the last date that could not be completed.
On Friday, the government reduced the import of gold's ink value by reducing $40 million and the import of 10 grams and silver prices to $78.
The price of both sweet metals has been changed in the number of-relatives.
The import of the precious metals is fixed on the surface value.
The gold import value was already added two days ago by 442 dollars, while the price of silver was fixed on 699 dollars.
Every leaf in the proper value of the metal prices is generally explained, but their barren value in the West market has been changed in their clean values.
According to a official report, the central product and the restricted board have issued a notification.
In addition to the costly metals, the steel Scots price was cut to $840, which weighed 3,933 dollars per to tomorrow.
On the other hand, fats like imported von oil, RBD pom oil, and other dry prices have increased in prices.
There were 33,000 passengers without a ticket.
In a month, while the railway administration in the train was running the test of the train, the passengers increased by 39 thousand.
The railway administration believes that the passengers are now afraid of being caught without a ticket and are sitting in the trucks.
The CPARO youth Jean of Raleve says that last October, the last year of a total of 95 million and 8 million passengers of the orphanage class had traveled.
In October this year, 11 thousand and 28 thousand passengers increased from the campaign against ticket passengers.
This year, in October, 88,000 and 81,000 passengers have traveled to the rest of the rest of the year.
He says the railway administration's entrance to the railway stations and tickets at the entrance of the railway station, inside the train, and from the staff in the other congregations.
That's why those who have been able to travel illegally.
A decision by the Supreme Court of the Supreme Court has made by Prime Minister Jim Ramesh, the Prime Minister of Islamic Cultural Development.
On Thursday, the Supreme Court said that workers should not act on political orders.
On Friday, Jairam said that it is not proper to take the officers and the government's work in their hand.
In the 'Mat The Press' program held in Kurur of Kerala, Jairam said that this is not the decision.
This is the Supreme Court's civil order.
The board is already present for all of this.
Because of the sudden knowledge of the authorities, the country will be able to hear more of this kind of decision.
He said, 'This is a dangerous movement being preached by foreign authorities and social activists in the country.'
He attacked the Supreme Court, saying, "The Supreme Court wants a democratic and open environment in the country, but when it comes to the time of the appointment, all is put on notice."
In an effort to challenge the arrest of the Supreme Court by political officials by political officials, he said that a large number of people are being admitted by the services authorities, while these officers have served very well in their lifetime.
Now after the repair, they suddenly found out that all leaders are crazy.
Canaan has become the first living in the country, where there is no land.
Central rural development Prime Minister Jim Ramesh claimed that each poor family must have at least three cents (about 120 square meters) in order to build a house.
It's historical step.
They appealed to learn from the example of the land distribution in Kerala from all states.
He needs political power and strong decisions for such decisions.
Seven years ago the Supreme Court had issued a decree for police reform.
That was something like that.
Ask yourself, ‘ Did those laws apply to the kingdoms of the world?
And Itai stood by the pool, by the way of the iniquity of the guilty.
The director Kenhea told the truck robbers that the trucks had tied the driver's crew and the Mishrasi in the woods and hid it in the woods.
On Thursday, the trucks were on fire.
And when the police came to the Mishnah, behold, there was a robbery of the spoil.
Two of the criminals were arrested with trucks.
On the day of the general village of Sanaaaa, near the village of Sanaaa, the village is arresting the police and asking for the police.
The chief said that there was a large group of criminals.
Who's Master Maand Primad.
Prudd has provided information about other criminals.
The students, including the prime minister, are republished with the Kumar Kumar, Nantha, Mahampur Kumar, Sharma Sharma, Sharmila, Shartha, Sharnatha, Sharnatha, and Shmila, as well as the teachers have praised them for the education of the students.
Yes, this time your uncle's name on the candle is a kind of kind of mark in the market.
But if you don't want to buy a piece of paper called Sonia, Modi and Raul Gandhi, there's nothing to do with you.
If you don't talk, let's have more options in the market for you.
This time you'll not come empty when you're shopping for kids in the market.
If you don't want to pick up the name of the former prime minister Nitish Kumar, you'll probably buy the ground with the name of the former prime minister Sui Modi.
If you don't want to give your children a name of any of these leaders, you don't mind if you still have Ramvis' choice of Ramvlas, who are still in Ramves's present at the G, Mr. Mart.
Do not worry if you have their fan and the lamp you want to burn with them in these days, but don’t worry about it!
In the evening, the former prime minister Idra Gandhi was granted respect.
The information was given to the prime minister of school.
He pointed out that teachers and professors offered Pope Puchul on the painting of Indira Gandhi.
The contest was arranged on the subject of green competition on the way to progress.
The first and the art took the historic place.
The Government's Department's vice-president campaign secret revealed the students from the sacrifice of Governor Tail and Indira.
Urumila Malik, the song, the king's lion, and the Amad Gupta were honored as an agent.
The prime minister gave information about the progress of Syria.
His body was found by the Nile.
The dead young man's identity has been identified as Harish Gant.
There are two shots on the young body.
Police Sheve has been able to send a hospital to postmarkum.
According to the police, on Thursday afternoon night, the police found the information that the young man had been in the injured state of Rose Garden.
When the event arrived at the station, he found that he had died.
Later, he was identified as a Muslim native Harish.
Two shots on the neck and back of the young man.
Harish's left in the middle of the 10th grade.
At this moment, he was unemployed and was with his co-operative elements.
Last time people saw Harish with a man.
The police are trying to know where he was on Thursday night and what people were in contact with.
In several departments, the Gorgan Communication Center, Rajuri: The war was published in several departments to learn the secret of government workers in Detroit.
During this time, a lock was found in the PHEA branch office in Costa Rica.
There's an employee in the office, and tell the other reason why the note has been released.
Jiila has raised a number of teams to test government officials' status.
On their instructions, the other authorities, along with the taxpayers and other authorities, printed the war in several departments.
Taslicar Corresar Irrawadda Mirr also visited several government offices at the base of Tassili.
In a number of high officials, too, have been able to get illegal access to the DOT.
They have prepared a list of non-profit workers and sent to a live trap.
The office of the PHEA, located in Tasilka Cortakak, was locked there.
There was no worker there.
There were 14 employees in Cortanta hospital, besides doctors, found non-smokers.
BMO wasn't even on TV.
In addition, two temporary workers in the BDO office were not present at the office, leaving two temporary workers in the BDO, and with the other workers.
The CDPO office's work was also playing a complex.
The arrest of workers in the office took place for the next two days.
With it the CADP office was only TSO hackers, other workers were not hacked.
All other workers were found in the gardening and the sheep departments, and all the workers were also found without the guards.
The list of all these workers has been prepared, and the tax collector has sent to a live adventure.
There were also four other major education officers, four Red Hussain, and four Red Hussain.
Middall Assembly Committees at the Medal School have been suspended for not working properly, while Abdul Majid and Sreya of the Middle School of Middal School have been described as the reason for the CPDI and High School Council's arrest.
The President Princip Sharah, who visited the government schools of Than Mandalla and checked through the schools.
During the journey, there were some food at the Middil School, which President Sharad Mishnah has directed to clean up food in the middle of the school's media headquarters and headmaster in two days.
The Prime Minister of the U.S. President of the U.S. Prime Minister Ram Panddi died late night at heart.
After the king's death, the Ministry of the Ministry of Government has been suspended.
According to news from the sources, the king lived under stress after the removal of the minister's office.
According to the first-time program, on Friday, Akliush was going to extend the fourth time to his ministers.
King Ram Pande found out that they are not being given their place in the extension of the Ministry's Friday.
After meeting Achilles, she came to her house to the palace of the king's palace, to be shaken, and to perish.
Their staff told them that they were taken to civil hospital last night, but they broke down in the way.
The king of Ram Panday Akhilesh, who has been the prime minister of the state for three times in the world-dimensional district of the state of the state of Maharashtra, had been in Khadi and Gramodog.
They were removed from the Ministry on April 15.
In one program, he praised the beauty of Sultanpur's DM, saying, "It's my pleasure to make this life minister the second time."
I have an opportunity to work with a beautiful DM here every time.
When I looked at DM Kinny Channi, she felt that they could not be a beautiful woman, but it's also beautiful to them.
It's better to talk to them.
King Ram Pandy also said in the press, "The kids will shine like the oil of Hema Mahan."
It's a special ghost with this statement.
On the other hand, the Punjab government has taken a special bill to protect the NRI Punjabis from their land-Jaidi's safety in Punjabi, there is a new earthquake in Canada.
The Canadian government is asking for the price of RRI to meet the I and pancakes from his land in Punjab or India.
The Federal government, with a special cell, found out about the arrival of Pandem from other countries in Canada.
The government is reporting and receiving information that people from other countries are taking all financial benefits in Canada.
After obtaining Canadian citizenship, the IA will also connect to other countries, while people are not doing so.
Thousands of people have not been in the Canadian Indician Inkum Techtres, despite having taken the Canadian citizen citizenship.
Many officials of Canada continue to say that the Canadian charts are constantly telling the Canadians that they should press the IE to declare foreign origins to the Canadians so that they can count on the right road to Canada.
A panel of the Association of Sciences Club met with MP's MP at the Mp's base and requested to protect its interests in this regard.
Prim Gil says that if someone does such a complaint about someone like this in Revenu Canada, it may be checked, but there is no solid information about the NIRI test.
Before long, the distribution MP's MP has also been found, and many other MPs will be received in the coming days.
The Pjab government has reached Pjab Tennis and Agriller Land and Pjab University of London to protect the land of the IRI.
The land of military personnel is also provided with security for the NRI.
According to this Bill, the NRI Pajb can give its land and the Makan-dakan for a specified time range.
When necessary, they can get them back with a fixed note.
The customers will not get a stand or no other options.
The NRI has to give the evidence of being the owner of the location and tell yourself what you need.
It will provide relief for the first five years of law Liz.
About 1.5 million people live in different countries while their land is still in Punjabi.
Those with security are often asking for their request from the Pajb government.
This day is especially expensive to gold and bets.
In the market where business stores have been stolen.
In order to attract customers, shoppers have put in and out of the restaurants.
Although the loss of Mangiya has been clearly seen in the market.
The Scriptures are an important thing to buy things of gold on the feast of riches.
People also buy steel, brass, and silver vessels, besides their ability.
The Berten Business servant and his wife said that this time there is enough food.
In prices, the price of the bureaucracy has also been reduced by steel, tabes, and brass.
He explained that last year the price of steel beans was from 120 to 150 pounds [140 kg] of money, but this time more than 150 pounds [200 kg].
Likewise, the barbeans have been captured, except the brass price.
The development that is used in the subdivision and other pants in worship in the subdivisions revealed that it has become as expensive as it is.
The customers in the market are buying little things.
The British vendor Rajesh said that the play is the most famous business store in the world.
Those coming from the remote kingdom buy the same player, but because of the betting, people are making less money.
They feel that the boats are laid in ruins because of the festival.
There's good news for the purchaser on Friday at the wealthy.
According to the astrologers, Friday is going to dawn on a November 6.4 in the morning.
Next morning at 9:50 p.m., but most don't think it.
Don't buy this sum of money in this period, and those who don't think can buy it.
He must buy gold, silver, and other metals on this day according to financial ability.
The committees appealed not to burn the people.
The train was driven from the Riley River to the Kalpani gate, where the children were summoned from the people to protect the environment.
Meanwhile, the committees asked the committees to highlight the site's location and avoid using Pallathin.
The YouTube staff will now receive 90 percent of the workers of the central government in July.
Before September 8 percent of the DA was accepted by MHA in the country by 72 percent, it has increased from 72 percent to 80 percent.
After the administration's decision, the happiness of the Utti Dagger's staff is seen.
The Federal Constitution of the U.S. Empil and Wars, the Prime Minister Manmohan of Greece, was elected as the Prime Minister of President of the U.S. Governor of Greece, Mr. Pandman, U.N., as head of the U.S. Party of Pakistan, as head of the U.S.
After this decision, workers will be given 10 percent of the DA from July to July.
On this occasion, hardworking leaders asked the employees of the Indian Child Health Council to give them 90 percent of the DA's status.
Prime Minister Narand Modi of Buzappur and Chief Minister of Guerretta included six new Kingdom ministers on Friday, on Friday, on Friday.
The sons of Jeshua, the son of Sansaneel, of the half-tribe of Red Hattil, who received the Redthas, are among the half-tribe of the people.
The former prime minister Nairrean has been appointed governor of the Kingdom Plan for the action.
The Ministry extension is being seen as the members of the Modi's Assembly.
They've been on political trips for a long time.
After the elections of five kingdoms, more than a hundred people will have a chance of going, travel, and meeting.
In such a way he wants to make the Gugart's neck complete.
