沃爾夫斯擔心的是"像玩偶一樣的"
在一些非政府組織中,有如此的不一致的說法: 他們的國籍提案必須被轉為MWP(Walees Parliament)
是因為計劃把庭審改成威爾斯的議會
政治觀光客們擔心他能邀請我們
'Twp'和'Pwp'。'
'twp'的意思是'瘋子'和'pwp'的意思是'najis'。'
Plaid的AM說,他的派對是「不開心」 并提出替代方案。
一名Wales保守派人士說他的黨員 稱之為"改名" 但他說這只是MWP跳到博尼卡的短暫跳躍
在這個內文中,在Wales的英文中稱之為「w」,
董事會的建議是 提出改名的法案上說:"關於任何所謂的議會成員的決定必須是自己的事"
沃爾夫政府2017公告 可以讓威爾斯的黨員改名
6月初,代理代理商宣布 公开谈判结果 提案得到广大支持 召集威尔士议会
關于AM名詞,Underanjaya 受到Wales或WMP議員的歡迎,但MWP的參議院卻在民議會中獲得了最大的支持。
AMM似乎提出替代性选择,但在协议中存在问题,无法实现... ...并且可以将尊敬的首席执行官Elin Jones...
法令规定,通过运作方式进行其他改革,包括关于丧失AM能力和设计政府制度的规则。
當他們談到法律的時候 ...會得到最後的投票... ...關於該說甚麼問題的投票
马其顿在全民投票中投票改名
投票人會在週日投票 將國家改名為「馬其頓北共和」
人民投票已努力完成數十年的争执, 希腊的邻国, 其领土叫做马其顿。
阿提恩斯一直說它叫北邊國家代表其領地 并多次反駁其對歐盟和北约的提議
马其顿總統Gjorge Ivanov,
然而,全民投票的支持者,包括首相佐蘭·扎伊夫, 認為改名只是加入歐盟和北约的代價
教堂在哈林區倒塌了
"我遇見的一個老人說,從歷史上來看, 在每個街角都有酒吧和教堂" "And the old man I've met say, there's a bar and church in every street," 亞當斯先生說,"Ash Mr.
"今天,他們都走了。"
他說我們失去的酒吧是可以理解的
他說"現在有不同的方式 有許多人是社交的"
酒吧不再是客廳了 居民們都會去的附近
對於教會來說,他擔心資金交易會持續很久,只要領袖希望... ...
教堂里,她說,可以被替代成 公寓和公寓裡的房子... ...由那些不愿意 維護這片社區的聖地的人居住
他說:"這棟大樓裡買套房的優點是白人的" 他說,"這會把教堂封鎖起來 因為這座公寓裡的人 大部分都變成教堂的成員"
兩座教堂都是由黑人領袖建的 在哈林市建成黑市之前
1930年,梅特霍迪茲州的傑瑪·梅托迪茲 搬來搬去
接近神聖的黑人奴隸主 奪走了那棟大樓的財產
圣馬丁被尊敬的約翰·霍華遜 黑人領先於125街經營商行
1939年火災引起了大樓的破壞 但作為牧師,Johnson為重建計劃
David Johnson 圣馬丁教堂的 男童和接班人Johnson 自豪地稱之為「貧民區」
在七月演奏這首曲子的專家稱之為另一種說法:
法官大人,密歇根大學的蒂凡尼·恩格 还说這是世界上第一個黑人音樂家狄俄尼西奧·林德的唱詩班 他18年前搬到了河畔教堂的大鐘
梅裏威瑟先生說圣馬丁先生不會代替他
最近幾個月在聖馬丁(St. Martin)所扮演的角色 成了工程師和承包商的騷擾者
維斯特區 軍事管理室 來自公共領袖在七月寫作的垃圾填埋物
有的會員說 主教區的缺乏體能
鯊魚在尋找加州的海龜時 傷害了13歲的孩子
鯊魚在13歲的星期六襲擊和傷害了一個13歲的男孩 當她在海關開幕那天 潛入加州的海灣
突擊事件发生在7點前 在恩辛塔州Beacon海岸附近
Chad Hammel告诉聖地牙哥的KSWB-TV 在周六早上半小時內 他與朋友一起潛水
漢默說,他一開始就覺得... ...他只是尖叫... ... ...他覺得抓螃蟹很好玩,但他卻說,"別忘了那個孩子尖叫,"我快被咬了!
我快被咬了!" I'm got biting!
"哈默爾說,當他得到孩子的時候,他注意到了。"
"我要叫大家下水" "水里有鲨鱼!" "加哈姆勒"
孩子們被飛往聖地牙哥的Raddy儿童醫院
鯊魚類對那些未知的攻擊负有責任
賴瑞·吉爾斯上尉跟媒體說 鯊魚在幾周前在那個區域被发现了 但已經證實了它們是非常危險的鯊魚種
Giles加重了受害人身上的创伤
官員們在卡薩布蘭德廣場 封鎖了四十八小時的沙灘 以便調查與安全
Giles說那片區域裡有135種鯊魚 但大部分都不算危險
科学bury计划 进入英国的美景市场
科學怪人把布斯,超德魯格和德班漢姆 從美術館的優雅室搶走了
作为一个努力进入UK2.8亿英镑的美景市场的一部分, 不断增长,同时卖回家园的时段和设备, 大型的美景室将在全国11栋楼进行测试,
當市場的投資出現時 市場正在找尋使用以往的架子空間 電視、微波爐和家用具
科學伯里說它會將它的美價增加到3000種產品 包括雷夫隆、伊斯茜、特威澤曼和波波博士
歐瑞爾、梅貝琳和伯特·貝斯 有很多的產品 會有更多的空間
市場也重新推出了多種布羅蒂克的日光產品 以便讓大部分素食的產品 更加符合年輕人的買家的要求
此外,法拉斯商會在今年末在南倫敦的Croydon市 試驗兩家Sainsbury市場的兩大市場
在網上購物 轉向當地購物店 每天買點吃的 意味著市場需要更努力地說服人們來
Mike Coffee, Saisbury的执行总裁Sainsbury 说这栋建筑看起来就像个垃圾邮件公司 Mike Coffee, Sainbury, says the building would look like a garbage commercial 公司对Aldi和Lidl的大型广告商标,
科學伯里把阿爾戈斯的帳篷放在了數百家商店里 以及自兩年前他買下兩條項鏈後 介紹了幾處地方
之前市區想改變 美麗和藥品的美景 結果卻失敗了
科學伯利在2000年初試驗了同Boot的事業 但合作結果卻在討論如何分工 藥店在市場的收入
在Sainsbury公司向Celesio出售281家药店之后 最新策略... ...Farmasi Lloyds的老板
據說勞埃德斯在計劃中扮演的角色 加上了四座大樓內的 包括La Roche -Posay和Vichy
Paul Mills -Hicks, SAinsbury貿易商會長說:
我們和受過訓練的朋友們一起投資 準備提供建議
我們的化名是為滿足所有需求而設計的 以及令人愉快的環境和地點... ...這意味著我們現在變成了...
Peter Jones在Holly Willoughby提了1100万英镑之后就出海了
Peter Jones,Den 电视明星Holly Willoughby制作后, 推出了1亿1千1千1百万英镑的合同 与他的日常生活业务以集中于Marks & Spencer和ITV的新合同
Willoughby沒有時間做家務和配件 從Jelma Truly。
那對夫妻的交易 和Gwyneth Patrow的代號一致
{\fn黑体\fs22\bord1\shad0\3aHBE\4aH00\fscx67\fscy66\2cHFFFFFF\3cH808080}等等 {\fn黑体\fs22\bord1\shad0\3aHBE\4aH00\fscx67\fscy66\2cHFFFFFF\3cH808080}等等 {\fn黑体\fs22\bord1\shad0\3aHBE\4aH00\fscx67\fscy66\2cHFFFFFF\3cH808080}等等
荷莉·威爾諾比已經離開了德拉科斯·丹、彼得·瓊斯的星辰 ... ... ... ...
據來源Jones說:"成功電視台的女士在星期二 在巴金漢郡 馬洛市總理事務所開會時 承認她的新價錢是一百五十萬英鎊
這筆交易與Gwyneth Ptraw的Goop的爵位相吻合 預期可以將 Willoughby的金幣翻倍一億一百萬
當Willoughby 37號 在Instagram發佈她要離開Truly時 Jones從英國飛到他的停屍房
網站上說:"現在,Truly成為Holly的首要目標。
這將會是她長期的未來 她能夠在數十年內目睹她
決定把這件事情牽扯到 真正令人震驚的人身上
沒人會相信在星期二發生的事 它離發射器太近了
馬洛辦公室有個滿滿的儲藏室 準備出售"
證明了這個Morning是英國銀行裡最受歡迎的明星之一 能夠因為大量投資的產品
這可能會是友誼的終結
Willoughby,三个孩子的母亲 Dan Baldwin 已經和Jones 和他妻子Tara Capp在一起十年了
Willoughby在2016年与Cap和Jones合作 在5月担任主席
這對夫妻在一起度假了 Jones有40%的股權在Baldwin 一家電視出版公司
Willoughby將成為M&S的代理大使 并取代Ant McPartlin作为ITV的律师
瓊斯的線人昨晚說 "我們不談他的生意"
"然后我們就相戀了" "and then we were in love"
他开玩笑说媒体会接受的批评,因为他发表了部分评论, 认为“对总统不宜,而且对朝鲜领导人是积极的”。
楚普總統怎麼這麼放棄了?
特朗普說:"新聞發布會"
"我永不放弃"
他說金在他們六月在新加坡開會後 第二次會議被Trump發現是朝北朝鲜核計劃停頓的一大步
但核子工程的停頓延後
在新加坡六月大游行后三个月多了 朝鲜外交官Ri Yong Ho告诉世界首长 周六在朝鲜大廈
另一方面,他說,美國仍然有阻力,以保持壓力
特朗普在他的演講中更有樂觀點
他說「我們和北韓的關係很好」
"我們要和北韓開戰
數百萬人會因此喪命
"我們現在有很強的關係了"
他說他努力修復和金的關係 做出正面的決定 完成了火箭測試 幫助我們釋放人質
并保持了与金的距离
"非常容易成為總統 但外面有10,000人 想要進入這個競技場" "Trump說,當著大家的面" "Trump" is easy to be the president, but "Plan's out there," "但外面有10,000 people out there," "我們將會有200個人站在那裡" "we'll have about 200 people standing there," "Trump" directly point people in front of him.
突尼西亞和暴風雨摧毀了大陸 殺死了數百人
在隆坡地震之后,比如地震 不是外國政府 告訴他們他們沒有必要
隆波克人口的10%以上都被移走了 但没有全国性的灾民伤亡,作为实现国际援助的先决条件
"在很多情况下,不幸的是,他们显然不寻求国际援助, 所以,这有点过分了, "Sumbung女士," "Wordingly, they clearly didn't ask for international help, so," "Mrs.
Manala the Children... 齐心协力... ...前往帕鲁...
蘇托波先生,國家災害局的言論官 印尼官员對帕魯的狀況作出評價 說,如果有國際機構,
據地球的震波通常發生在印尼, 國家仍無法準備好面對自然災難。
雖然在亞歷山大已經建起了海啸避難所 但在其他海域也不是一般的景觀
警示在帕勞的海啸警报被解除了 儘管警報已經擴張了,但這好像是犧牲生命
最好的時光是 在印尼的各小島間旅行
自然界使得逻辑更加复杂
一架位于隆波克的醫院 用來治療地震的人們的船正在前往帕魯的路上 但至少需要3天才能到達新的災區
總統喬科·威多(Joko Wido)在競選中, 建立了嚴重的基础设施改建,
但欠缺的資金已經侵占了約科威的管理層 因為他明年要面對重新決定的挑戰
Jokowi在印尼的Mazhab的紧张局势下受到了压力, 在那里穆斯林大部份都接受了更保守的宗教理解。
一千多人被杀 数以万计的人被赶出家门 因为基督徒和穆斯林在大街上交火
丹尼爾·斯特里奇 和切尔西對戰
丹尼爾·斯特林奇救了利物浦 在倫敦斯塔姆福德·布里奇的九十八分鐘內
斯泰里奇接著Xherdan Shaqiri的包裹 大概30碼 和Chelsea的球棒比1比0
他先踢球再踢球再踢球再踢球
實驗的高度攀升到球洞的頂端 當它轉向右網的角落
最終 球會掉進秋葵樹上 掉進網上
"他只想要进入那个位置, 得到像沙克这样的球和球, 所以我努力拖延时间, "Sturridge's just saying, "LiverpoolFC. com。
"我看到坎特來了 做了個跳蚤窩 "I saw Cante coming and twitched a twist, 毫不留情地打他一頓" "and no thought of it would be hit."
切爾西领先1比0 在貝爾吉昂星伊登·哈薩德的25分局中
入侵者藍精靈把球送回了比賽中 馬特奧·科瓦西克身上
科瓦西克提供和運送的快功率 在中間。
然后把漂亮的踢球扔进球洞里 然后把哈薩德带到了球洞里
危險的是通過防禦 通過利物浦的艾莉森·貝克
利物浦對納波利的反對者于下午3點 在意大利的聖保羅體育場
Chelsea在下午3點在倫敦與歐洲聯盟的視頻大相匹配
印度尼西亚海啸死亡人数上升到832人
印尼地震和海啸造成的死亡人数上升到832人 国家灾难局在周日早上早些时候说
在地震中7.5倍的地震中, 很多人被困在了地下 并在周五引爆20英尺高的波浪
帕鲁市有超过38万人的空地 里面装满了一栋建筑的碎片
警方逮捕了一名32岁的男性 因为涉嫌杀害一名被刺死的女人
今早在梅西塞德的伯肯黑德市 发现女性尸体后 凶案已经展开
44歲的女人在早上7點55分 在約翰街的Grayson Mows被發現 身上有刺傷 32歲的男子因涉嫌謀殺被捕
警署已經招惹了那片區域的居民 他們看到或聽到什麼 好讓大家站出來
刑侦督察布莱恩·奥哈根说 "调查仍处于早期阶段 但我恳求在伯肯黑德附近 约翰街附近的人
我也要向任何人求情 尤其是出租车司机 I'm asking anyone, too, especially a tax driver, 他也许已经录下什么视频了 who may have been recording something footage footage footage 相机和我们通话,
一名警方通話人已經證實了 死者是Birkenhead的當地居民
半夜八點,那些相信自己認識她的朋友 跑到了現場 問我她在哪裡發現的
警方說正在進行調查 他們正在向死者的繼承人報告
住在Grayson Mows的士司机刚刚试图进入他的住所 但警察说不准出院
當他知道發生的事時,他變得很焦慮
市民們被告知需要幾個小時才能回房
一名警官告知一名警官 A police officer told a man 该地区的每一个人 都被视为犯罪地点 that all of the area is considered a crime location.
一個女人在哭泣時出現在案发现场 A woman appears at the scene in crying.
他一直重复"太恐怖了"
兩點鐘方向有兩輛警車 和另一輛卡車在外面
有幾個警官站在保險櫃里 監視著公寓的街區
任何人可以直接發送訊息給@MerPolCC, 或聯繫101或已知的 Crimestoppers , 0800 555 111 log 247 。
克伦威尔教父是最新的警告
他的解體將成為像塔利班那樣的毀滅的獨特的正義 以及他信奉的什葉派信徒所做的那麼多文學和英國教義
但是克伦威尔的人們把克里克先生的建議描述為「愚蠢」 和「試圖重寫歷史」
John Goldsmith, 克伦威尔协会的主席, 说:"现在无法避免在讨论 奥利弗·克伦威尔在威斯敏斯特岛外的雕像爆炸案
英格蘭的戰爭中 有沒有被克倫威爾下令或開火
克伦威尔可能因为托马斯的祖先的所作所為 而被判了死刑
威廉·哈莫·索爾尼克羅夫爵士對克倫威爾的美麗代表 是19世紀的證據
Goldsmith先生告诉Sunday Telegraph先生, "Cromwell认为,在19世纪末,人人多于今天,
這是否是個完整的演講主題?
17世紀中期的衝突已經形成了我們國家的進步 而克倫威爾則是知名的人物
作為守護者國王的功勞 也應該得到慶祝和提醒"
野豬大屠殺中國農民至死。
一名農民在中國西洋市被豬攻擊和殺害 根據當地媒體報告
這位男子,他的家人名叫"尤恩",被發現是血流成河,血流成河... ...在吉祖州利州的利普安休州利普桑斯平市, South China Morning Post reported by Sunday.
2005年5月30日,一個豬肉農夫準備在中國的青海區 給豬注射疫苗
她被告知和她的表亲周三从云南领地 一起在市集卖15头猪
第二天 他表兄發現她死了 發現另一扇門是開著的
他說在豬圈裡 是頭大豬 嘴上流淌著血
驗尸報告顯示 豬肉550磅 已經把農民撕成兩半了
吳「他的家人」,"他說道,就像《白靈報》說的那樣
星期四早上四點四點四十來喂豬
屍體在一小時後被發現
笆炳ê ぃ妮元┪琌克
一名市场经理通知了今晚的新闻 说野豬被封锁了 阻止袭击他人 而警察在现场收集证据
{\pos(190.402,229.833)}元老和市场部下 {\pos(190.402,229.833)}正在为他的死亡进行谈判 {\pos(190.402,229.833)}
攻擊人類的豬案已經記錄在案
在2016年,野豬在馬薩诸塞州的農場襲擊了一個女人和她的丈夫... ... ...他留下他患有嚴重的傷亡
十年前,一頭650磅的豬 把一位韋爾什農夫送到拖拉機里 直到他老婆把動物趕走
{\fn黑体\fs22\bord1\shad0\3aHBE\4aH00\fscx67\fscy66\2cHFFFFFF\3cH808080}在俄勒冈的农民 {\fn黑体\fs22\bord1\shad0\3aHBE\4aH00\fscx67\fscy66\2cHFFFFFF\3cH808080}2012年被猪吃了 {\fn黑体\fs22\bord1\shad0\3aHBE\4aH00\fscx67\fscy66\2cHFFFFFF\3cH808080}Manitoba的农民告诉CBC 新闻说
他們只是在耍我 They're playing me.
他們都是尼古拉·尼普,非常想知道 他們沒有出來傷害你。
你只要付清他应得的荣誉,他说的。
羅莎的暴風雨越來越大... ...把大雨引向美國西部
據預言,當他向北墨西哥的冰水中漂浮時,塔夫安·羅莎就會變得虛弱
然而,羅莎將帶雨往北墨西哥和西南方
Rosa有85毫升的风速,1號風速,5號早上。
羅莎預期周日會北上
与此同时,在太平洋上形成的柱子... ...然后向西海岸移动... ...当罗莎周一来到巴伐利亚... ...作为热带风暴,
羅莎星期一會在墨西哥下十英寸雨
然後熱帶濕濕濕地 和強力在接下來的一天 在西方形成大雨的尖峰 相互互動
在國家,1到4英寸的雨水會造成大洪水、碎片和土壤 可能會在沙漠中崩塌
熱帶濕濕濕氣會讓雨水上升到每小時2到3個小時的地方 特別是內華達和亞利桑那州南部
距离亞利桑那州以西2到4英寸的雨水
热带雨水可能在恶劣的境地里
它被强烈推荐到沙漠里 面对热带雨水的威胁
暴風雨可能造成海水淹沒 暴風雨會引來大風和塵土
在南加州海岸会有大雨
雨水可能多于半厘米 会导致小碎片和小路流通
這雨季是這片田裡第一次下雨
有些熱帶雨水會在週一和星期一之前 從亞利桑那開始 開始接近亞利桑那
周二和周三最后一晚 雨水會蔓延到四角大楼
到10月,我看到一些微弱的温度上升到美国,当北极更冷的时候, 但热带区域仍然保持温和。
有時它會帶來劇烈的變化 短期溫度
有一個很好的例子,是通過美國中部 在星期日的溫度變化
堪薩斯市、密蘇里州、奧馬哈州、內布拉斯加州以及愛荷華州的圣路易斯與德斯莫因斯州之間 發生了20度的變化
再过几天 夏季的热度 就会试图重建并进一步发展
大部份中心和东美都市都期待看到 热浪的开始,直到10月,
纽约市星期二可以上升到80度 估计是10度超过平均水平
长期的預算顯示,在10月1日,東美平均溫度是很高的
兩千萬人目擊布萊特·卡瓦諾
兩千萬人目睹了週三發生的意外證人 布萊特·卡瓦納夫大法官 以及被告于1980年代遭到性侵犯的女性 克莉絲汀·布萊西·福特
與此同時,政界正在發展之中, 有一位聽證人在週五的最後一刻 妨礙了正常的程式程序: Arizona Sen所制定的協議。 Jeff Flake for the FBI 調查了一周的控訴案。
福特通知了参议院法官 他百分之百肯定卡瓦諾會打爆他的頭 并試圖在高中派對上脫下他的衣服
卡瓦諾的證詞顯示 百分之百不可能發生
大概有2 040万人在周五的看望日被Nielsen报到
公司以為CBS、ABC、NBC、CNN、Fox新闻频道和MSNBC 均為平均觀眾群
无数数字不能立即提供给其他网络 展示PBS、C-SPAN和FS网络的用户
和Nielsen通常都有 衡量人在办公室。
要想把注意力放在观众的视角上 就像是踢足球或者學院的獎勵
福克斯新闻频道 房东声称支持卡瓦诺的行踪 经营所有网络 平均有5.69亿观众整天在听 尼尔森说
ABC是三千二百萬觀眾的第二票
CBS有310亿,NBC有2.94亿, MSNBC有2.89亿,CNN也有2.5亿,Nielsen说
聽完後,你將得到很高的收入
Flake是周五大劇院的主角
在共和黨的辦公室後,他將向卡瓦諾投訴, 他於周五早上以CNN和CBS的攝像頭被捕,
他在CNN直播的時候,眼神很微弱
"我站在你面前,女士們說"
你覺得他對國家說的是實話嗎?
她被告知"当你有超能力,當有女人無權的時候。"
Flake說他的辦公室在電梯關閉前 發表了聲明 說,在電梯關閉前,他會多對委員會的聽證會說幾句話
電線和廣播都播放到手表上 當司法部決定將卡瓦諾推進參議院
但是弗萊克說,他只會這樣理解 聯邦調查局下週會看到指控
Flake相信她的朋友 民主党参议员Chris Coons
在柯恩斯和一些參議員的談話之後 Flake就做了決定 After Coons and some senators after that, Flake made a decision. - 接下來呢?
Flake的選票的確有權 因為共和國顯然沒有投票權 未经調查就批准卡瓦諾
特朗普总统已对卡瓦諾提出控訴
梅英式英文版的評論是"政治操縱"到"Brexit"
特蕾莎·梅部长指控他退出欧洲政治联盟 与英国的未来并危及国家利益 参加与《日刊》的记者招待会
英國總理特裡莎·梅 抵達英國伯明翰的保守黨會議 2018年9月29日
在與他同行的另一場訪問中,前國外部長Boris Johnson 宣佈他對Brexit所說的切克斯的攻擊,
警方以LSU的死亡逮捕了Dyteon Simpson
警方逮捕了一名嫌犯 涉嫌枪击Wayde Sims, 20歲的籃球手 LSU
Dyteon Simpson 20岁 被控犯有2度死亡罪
警官发布了关于Sims和辛普森之间的对抗的视频 警察说Sims and Simpson, and police said Sims lost glasses in the fight.
警方從現場重新找到了目擊鏡 并說他們找到了辛普森的DNA CBS WAFB報告
警方在詢問辛普森案之后 声称韦德是肉体上死亡的凶手
售票人已分成35萬5千 投標人報告
東部的巴吞魯日辦公室 發表了周五的初步報告 上面說死亡是脖子中槍的傷
州立警局控告逃犯 路易斯安那州警署 州警署 南方警署 以及州警署
LSU Joe Alveva 体育系主任 感謝你們執掌正義與貪婪
才20歲的西姆
在巴吞魯日長大的6比6
他平均打5.6分,去年夏天2.6分
星期五上午,LSU教練Will Wade說,那支軍隊是「狡猾」和「驚喜」 和"Wayde"死亡。
韋德說"這就是你一直擔心的"
墨西哥城的火山爆发
迪布從大火堆中解體 到墨西哥城南邊
{\fn黑体\fs22\bord1\shad0\3aHBE\4aH00\fscx67\fscy66\2cHFFFFFF\3cH808080}国土安全中心 {\fn黑体\fs22\bord1\shad0\3aHBE\4aH00\fscx67\fscy66\2cHFFFFFF\3cH808080}警告墨西哥人 {\fn黑体\fs22\bord1\shad0\3aHBE\4aH00\fscx67\fscy66\2cHFFFFFF\3cH808080}离火山远一点
這個中心監測了多項震波和地震
社交媒体上播放的這段影片顯示,前列車邊的一層玻璃窗 遮蓋了墨西哥市市郊區的灰燼
地心物理學的科學家們發現,在2017年9月,墨西哥中部地震後 東南方45公里(72公里)的火山中,高達45英里(7公里)的火山上升。
1994年起,火之山被称作"Don Goyo"
和卡薩布蘭卡合作的警察們 舉辦了獨立紀念日
6人星期六在巴塞羅那被捕,因為在示威游行後... ...與俄羅斯警察有聯繫... ...
一群戴面具的假冒警察抓著他們 扔雞蛋 扔粉末 放走粉末
然后警察用棍子打人
幾個小時後,自由的 pro -ex -speed group reflected "不,不,不,不,不,不" 面對的是...
十四人接受接受小傷的治療 包括示威、當地媒體
10月1號投票後,獨立區的永久性穩定性 已被馬德里非法收購,但加泰隆尼亞人會歡迎。
投票者選擇投票自由 盡管出境率是低的,
根據亞特蘭大軍去年近一千人受傷 警方試圖阻止選舉發生 在整個區域的投票站
昨天星期五的露營營 阻止示威支持國家警察
演示仍在继续,但不得不采取不同的方式
68年的Narcis Termes 一名与妻子进行离婚抗议的电工 声称她不再希望加泰隆尼亞的繁荣获得自由
"直到我們經歷了我們生命中最美好的時光" "Let we passed one of our best lives."
我親眼目睹我的父母因可以推論而哭泣 但現在我們被卡住
盡管在去年十二月大選中贏得大選的重大管理下 Katalan獨立黨已力盡一切努力維護今年的時刻 與名聲名昭著的領袖們
瓊·普格,一個42歲的修理工 拍下了警方支持電話的傳言
"他越來越緊張了,他說的。"
週六,奧里奧·朱奎拉斯,自去年後,在加泰羅尼亞的九位領袖中,
"以欧洲选举的候選人的身份 競爭是最好的方式 詛咒我們從西班牙政府手中 看到的民主價值和寬恕
房子被車撞後,他被拘捕了
3名男性,33岁,34岁,39岁,因同一辆车撞上了伦敦城的房子而被捕
事件发生在Ballynagard Crecent 星期四,下午7: 30
Det Insp Bob Blemmings說是門和大樓造成的破壞
A波轉播可能也曾一次向火車開過槍
襲擊中,利文斯頓把1 -0贏給了游騎兵
第一個Dolly為Livingston出價格的獎金
承認利文斯頓令人震驚的游騎兵... ...將Steven Gerard繩之以法... ...
Gary Holt在第二名Hibernanian 搭乘Hibernan的隊伍時 多莉的攻擊 證明了不同的反應
格瑞爾的軍隊將在今年的一季中 完蛋地沒有勝利 和Hearts首領們正面交鋒
之前,游騎兵已經成為了... ...在星期四歐洲聯盟的... ...Rangers become Rapid Vienna...
与此同时,利文斯頓在6場比賽中 和6場比賽中一直保持不敗的跑步 和上個月被肯尼·米勒取代的霍爾特教練
Livingston錯過了與對手對戰的機會
霍爾特的隊伍在得分前應該先到前線 參加比賽 讓游騎兵面對所有問題
史考特·罗宾森破解了魔杖 但放棄了球隊 但是Alan Lithgow只能在Craig Halkett被拖下水之后 交出它
家主人很期待讓戰士們在他們面前玩... ...他們知道...
這就是球賽的意義所在
漫游者們承認自由投球 而Livingston打開窗簾 Declan Gallagher 和Robinson加入我們
在這種情況下,游騎兵已經佔領了所有財產 但已經找到一個不能穿透的房屋防衛 和Liam Kelly的球探
珊瑚礁一直延伸到第二半 即便是Alfredo Morelos坚持要救Kelly
史考特·皮特曼被艾倫·麥格雷戈和利思高的球探 拒絕了利文斯頓比賽的球賽
克罗斯·克罗斯步入利文斯顿的盒子里 并继续清理两起刑事指控 在格伦·米德勒顿的竞选之后
Livingston的電影 - 分析
來自莫斯科的BBC BBC的阿拉戴爾·拉蒙特 來自沙灘的托尼·馬卡諾尼
對Livingston來說,你的天賦和結果都很高
對男人來說,他們很出色的 不斷地超越了這段旅程的期望
他們的球技和員工自從回到了最高階級之後 幾乎都沒變過 但是大功告成的功勞
他有很多英雄
霍克特上尉非常勇敢 英勇地防御 并让康纳·戈德森 和乔·沃瑞尔
游騎兵沒有靈感,儘管如此
和他們一樣棒 有時杰拉德還在下面 他們離標準也遠了
最后一支球有點缺點... ...他們只切斷了一隊房主的軍隊... ...而這只是對游騎兵的呼喚... ...
埃多根在哥倫布舉辦了一場盛宴
周六土耳其和德国领导人在柏林的早飯會面
今天是埃多根总统与德意志交涉的最后一天 目的是改善与北约同盟的联系
他們談起此事 包括人身權 新聞自由 以及土耳其對聯合國的貢獻
埃多根,然後去科隆,開新的巨人清真寺
這座城市是土耳其境外最大的居民之家
警察之所以這麼做 是因為安全措施 是為了阻止人們在清真寺前集結起來25,000人 但很多人想要見見他們的總統
數百個反厄爾多根情緒的鼓勵者 大部分都是庫迪人 同時也發出他們的聲音 詛咒了埃爾多根的兩種觀點 以及德國政府決定迎接他到美國
這場戰爭描述了一位被一些土耳其人所讚揚的旅遊者的喜悅... ...并被開除為他人的自白
Deptford公路撞擊事件,司机死于車禍
撞死一名在倫敦的汽車司機
事故發生在Bestwood街和Evelyn街的十字路口
車主停了下來 醫護人員也來了 但是這個人在現場死了
那次事故发生在另一輛自行車司機死亡的幾個月後,在奇爾德斯路的肇事逃逸中... ...
都市警局說警察正在調查這個人 并通知他的繼承人
路障和巴士路障被堵塞 司机被设定好去避開那片區域
朗拉登監獄:六名警官受到干擾
六名警官因高保安事故受伤 关押在一名男子的监狱里 Six officer injured injured in a man's prison distress in safety, 警局说 by the PD said.
在Worcestershire市的長拉汀區 發生的騷動 是在周日九點半左右
警官Rornado被送往处理干扰器 包括8名居民和1名机翼
警官在现场受了重傷
監獄服務員說:"受訓的監獄成員 已指派在HMPLARTEN的執行中
六名員工因為受了傷而被治療
在我們的監獄里,我們沒有容忍暴力, 而且很明顯,他們要向警方報案, 還能在酒吧裡花更長時間。"
長拉登有五百多名囚犯 包括全州最危險的几名犯人
州長於6月被一名囚犯襲擊後接受醫療
去年10月,有一名土匪被叫去坐牢 处理一些严重干扰 工作人员在泳池球受到攻击的地方
羅莎·麥肯納·菲尼克斯 拉斯維加斯 鹽湖城
亞利桑那州很少有熱帶氣息 但下週 胡利卡娜·羅莎的風力穿過沙漠
國家氣象局在星期一和星期二 向西南的亞利桑那州、內華達州和猶他州 包括菲尼克斯市、佛萊格斯塔夫市、拉斯維加斯州和薩爾特湖市
羅莎預期要在週二去鳳凰城 熬夜下雨
凤凰城的气象局在Twitter上写道: 自1950年起,"十只热带龙卷风持续暴雨,
卡特里娜(1967年) 在距AZ边境40英里處的暴風雨中
最新型的人口普查中心预测降至2至4英寸 亚利桑那州Mogollon Rim
南沙漠地區的另一個地區 包括搖滾中心和大巴可能有1到2厘米的 距離到4厘米
對於他們來說,洪水的風險... ...Rosa的雨...
雖然洪水是嚴重的擔心, 但有下雨會帶來好處,
根据A. S. S.
首先,Hurricane Rosa的路徑指向了墨西哥的巴哈半島
羅莎,有暴風雨之力 早晨有85英里的風力 在南邊的Eugenia Punta Eugenia, Mexica, 北部12英里處
和太平洋的冰川對峙
因此,他预计将在周一下午或星期一晚些时候 在墨西哥土崩瓦解
整個墨西哥州都下大雨了 可能會引起大洪水的風險
從加州的巴哈來的三到六英寸雨水 變成了西索諾拉 所以可能10英寸
羅莎會追蹤墨西哥北部的熱帶風暴... ...直到星期二早上... ...到亞利桑那州邊境...
'Rosa或碎片所期待的首要成果是 加州西北的索诺拉 和西南部沙漠'
這雨水預期會產生閃耀的閃電流... ...會危及沙漠中生命和碎片流失... ...而且山區一片崩塌
中土星Norton的攻击:
3名少年犯和一个20岁的男子因涉嫌谋杀 一名16岁的男子在萨默塞特受了伤而被捕
在諾頓的Excelsior Terrece地區,
送他去醫院,他仍然處於穩定狀態
一個17歲的男性 兩個18歲的男性 昨晚在Radstock Aven和Somerset的家中被捕
警官請求他提供手機錄像 關于未來發生的事
Trump說Kavanaugh說,不,不,不,不,不,不,不。
當時卡瓦諾法官是反對 民主黨的殘忍和極度的策略的投票人 特朗普在西維吉尼亞州惠靈市的集會上說
特朗普說卡瓦諾 受到了非常糟糕 憤怒的待遇
卡瓦諾在星期四前作證 否認克莉絲·布萊西·福特的罪名
福特也提供了他被指控的聽證會的證詞
總統在星期六說: 「美國帝國」... .........
"卡瓦諾法官是目前最成功的律師之一" "在民營服務方面有史以來最出色的法師之一" "對西維吉尼亞州的支持者說"
同時,總統指的是卡瓦諾市長 談及共和國投票對民選的重要性
"五周后 是我們一生中最重要的選擇之一" "A five weeks later, one of our most important choices."
我沒跑,但我真的跑,他說的
這就是為什麼我站在這裡 為一個了不起的候選人而戰
特朗普的目光是民主黨在任務中 「戰鬥與阻擋」
在卡瓦納州議會首期第一份程序中 預期在週五之前完成的
印尼地震中死亡的數百人 突擊事件 平均數在上升
至少有344人被炸死, 很多人在海灘上被炸成碎片,
有一百人聚集在Pallu市的海滩上,在星期五,当6米(18米)的浪潮在日落时,
海啸隨著地震7.5級
"当昨晚海啸袭击发生时 人们仍然在沙滩上活动 "Sutopo Purwo Nugroho, Indonesia BNP 在雅加达的战斗中表示:
"Tsunami不是自己来的, 他拖着车, 车, 拖车, 房子, 在地面上。 "Nugroho说,加深海浪的速度,
有些人爬樹逃離了海啸,而且安全,他說
大概有16,700人被转移到了帕魯的24所中心
灾难性局所释放的气象显示 许多建筑物和商店被摧毁 桥梁坍塌 以及水面包围的清真寺
週六,最後的暴風雨持續在海灘上
有240万居民居住的區域 有幾十多位候選人
印尼科技研究与开发机构(BPPT)在一個事實中說 地震釋放的能量比在二戰時在廣島的原子彈的威力要高200倍
那城市在狭窄和狭窄的海域的尽头 可能会增加海啸群的规模
Nugroho描繪了毀滅, 并宣稱有上千所房子, 醫院, 購物中心和旅館已經崩塌。
他說屍體被困在大樓瓦解之下 他說有540人受傷 29人仍失蹤
Nugroho說,在海邊200英里外的海岸線上, 死亡和毀滅會更加可怕。
"通訊完全斷了"Nugroho說
"至少30万人住在那里" "The less 30,000 people live there," 一个红色的城堡" a red Palat said in a reality, "增加他们的员工和志愿者" "with their staff and volunteers 正朝最黑暗的地区前进" "and headed to the darkest area."
"这是场悲剧 但情况可能更糟了" "It's a tragedy, but it could get worse," 红色十字路口" "红色十字路口" 红色十字路口" says, Red Palace said.
上週六,那間醫院的評論很出色 因為沒有通知我們 海啸已經爆發了,即使警察說,海啸發生在警告中
在社交媒体播放的业余影片中, 有一個人在樓頂上大喊著「地震」
幾分鐘之內,海浪淹沒了海浪 并將這座大樓和火車拉起來
Reuters無法證實視頻的完整性
地震和海啸引发了大量的波浪爆炸 从而切断了帕鲁周围的通讯
軍方已經從雅加達和其他城市派出了貨運機支援 但其他人仍然需要食物和其他基本需求
這座城市的航班已經重新開張 只為提供幫助 而這將被關閉到10月
總統約科·維多(Joko Wido), 安排在周日去巴魯的移居中心
印尼神社死亡率高達800人
她的情況非常糟糕。
當多普拉的世界景象安全抵達帕魯市時, 他們遭遇了災難。工人躲在他們在帕勞的辦公室前院所建的地毯下。
他說,"他們看到很多房子被毀了,"他說。
她的情況真的很糟糕 She's really really bad.
雖然援軍開始在荒謬的氛圍裡提供幫助 但有人說有潛在經驗的外國工人
按照印尼法律 收入、必需品和外籍工人的運送 只有在災區被指定為國家災區時才能進行
還沒發生呢 It's not yet.
奧莉婭·阿里尼說,「這是一場災難」 印尼紅十字會的會員
"當政府說"好,這是國家災難" 我們才剛剛得到國外的幫助,但現在沒有了狀態"
當第二晚在帕勞地震和海啸發生後, 星期五的地震和海啸發生後... ...那些失蹤的朋友和家人... ...希望他們所愛的人...
週六,有個小男孩在下水道裡發現
星期天,救援队拯救了被困在石堆之下的女人... ...与她母亲的尸体... ...
印尼潛艇教練Gendon Subandono, 印尼潛艇教練 已訓練了兩名被地震擊落的潛艇員
困在Roa Roa酒店的那些人中就是他的學生 曼達吉先生說
他說:"我有個高級的潛艇員工" "I had my own emotional staff," 他說, "我有自己的情緒" "I say, "I have my own emotional strength,"
Gedon先生告诉我 他是如何向Pallu的 滑翔的选手们 传达消息的... ...他参加了海滩节... ...
送來的訊息只有一處灰姑娘的痕跡 和兩處藍色的斑點
"我想那條信息沒有到" 他說
小偷在Newport on the Llevee 'Newport's $26.750 充公款时 偷了26.750美元
偷窃者在星期五在新港警局 发布的消息 装满了运钞的Brink员工26.750美元
布林克的員工在娛樂室清空了ATM 準備發更多的錢 Dennis McCarthy警探在一則新聞中寫了
當布林克員工忙著幹活的時候 有個男的說往他後面走 偷了一袋錢
目擊證人的目擊證人 目擊證人從現場逃了出來 但是警方沒有說明 有多少人參與其中
任何人有有關盜賊的資料 就得聯繫紐波特警官 859 -292 -3680
饒舌歌手改名為Ye
唱饶舌的歌手坎耶·威斯特把名字改成了Ye
她星期六在推特上公告她的姓名:"這人正式稱作Kanye West"
Kanye West 41岁 艺名刚出演过 他用这个名字作为他6月发行的专辑的封面标签
相反的,當他出現在... ... ...在... ...
"他取代了阿利安娜·大歌星" "He replaced the Ariana Big singer who 撤销了计划中的选票" who resolved his ballet in the plan... "情绪问题"...
坎尼·威斯特說這名字代表宗教信仰 也代表他現在的專業名號
"我相信"这个词在聖經中常常被找到 而"你"的意思是"今年初Kanye West說的
"所以,我也是,我也是,我們也是
它從Kanye變成了其中一項,對Yeah來說,它只是... 它的一項... 它的美景...
這張專輯更像我們真正的影像"
他是位有名的饒舌歌手之一 {\3cH202020}He's one of the famous singer singer 交换了名字 {\3cH202020}replaced his name.
Sean Combs 有很多名字 叫做Puff Dady P. Diddy或Diddy 但今年他宣布 他更喜欢Love和Lother Love
前坎耶·威斯特的同事 JAY -Z也可以接受
墨西哥总统 AMLO保证不使用针对平民的军事行动
安德魯斯·曼紐爾·洛佩茲·奧布拉多(Andres Manuel Lopez Obrador)宣佈不使用軍事行動,
"星期六在特拉特洛爾科廣場發佈了承諾" "永不會使用軍隊對付墨西哥人"
軍方在1968年10月2日對平民進行安全示威 導致300名平民死亡
AMLO盟誓支持年轻的墨西哥人 为那些正在学习和开放免费公立大学的人提供月补贴
他說他被炒魷魚了 還沒機會讓年輕人 參與犯罪集團
美國應該加倍人工智能資金
"Amerika 公司应该增加人工智慧的收入,因为中国在这一领域越来越活跃了。" 投资人和Kai-Fu Fu 的研究员, 为Google, Microsoft 和苹果公司工作。
此視角是在美國政府宣佈的... ...關於人工智能的宣佈... ...即使是美國本身 缺乏官方的人工智慧策略
与此同时,中国去年推出了这项计划 并计划成为2030年代的人工智能创新的头号人物
"期待人工智慧的研究成果"是好的开端,因为所有其他国家都落后于美国背后,
"如果再加倍資金 就能增加下一期美國的 人工智能成就的機率" Lee說這周與CNBC的面談中說
Lee的書是:中國、硅谷和新世界秩序 由Houghton Mifflin Harcot於本月出版的書《超級英雄》
在1980年代,他设计了一个人工智能系统,推翻了美国的奥塞洛伊玩家,他曾在卡内基梅隆大学学习时表现最好。然后,他成为微软研究和谷歌喜剧主席。
李·李·李·李·李·李·李·李·李·李·李·李·李·美国政府科技大赛的首席执行官李·哈瓦·机器人 · · · · · · · · · · · · · · · · · · · · · · · · · · · · · · · · · · ·
"在美國的調查員們 通常得努力工作 才能贏得政府的幫助" Lee說
"不是中式領袖 而是公司" Lee說
Facebook,谷歌和其他科技公司 投入了各种杰出的大学才智 研究了近年来的人工智能
李說移民政策的改變也能幫助美國 支持他的人工智能研究
"我觉得绿色卡片应该自动提供给 人工智慧的博士学位" "I think green card should be offered automated to the PhD graduation in manual智慧","他说。
中國國會在2017年7月推出了 一代人造智能發展計劃
中國政府提供資金給學術界的人們。 聯合國科學基金會和其他政府組織將資金分給美國調查員,
今年早些时候,美国国防部成立了一个智囊团, 目的是召集工商界和学术界的合作伙伴。白宫宣布,众所周知的精心所周知的众议院。
這個月,DARPA宣布 投資2億美金的投資 在一個叫做AI Nextt的起點上
NSF每年在人工智慧研究中投资超过1亿美元
与此同时,美国法律体系试图批准 国家安全代理商 ... ... ... ...
马其顿人民投票改名
马其顿人民在周日投票,以决定其名字轉為「北馬來西亞共和國」 。 這將要與希臘接上十年的對話,希臘已經阻止了馬其頓加入歐盟和北大西洋公约(北约)
希臘有其自己的領地叫做馬其頓,它說馬其頓代表著馬其頓的原住民
兩個政府已經達成協議 將名字改成六月份的提案 但國家的反對者說 這會削弱馬其頓人多數人的身份和身份
總統Gjorge Ivanov說,他不會在投票和推銷中投出票,
上面寫著:"你同意加入北约和欧盟嗎?"
支持者包括Zoran Zaev首相, 說:「新名字的接受價是為加入馬其頓的歐盟和北约的價格,
"今天我到馬其頓投赞成票 為馬其頓的年輕人投票" 因為這意味著我們更安全" Olivera Georgievska說 79 在斯科普里
儘管法律上沒有合法的權利,但國會議員們說...
這名字的轉換需要兩三倍的議會
國家的選民們說沒有報告 發生在下午1點之前發生的事
然而,在2016年執政選案中,有16%的投票率比34%的投票率高,在66%的選民投了票后
「我為了我的孩子們而來」 「我們在歐洲的家」 「Gjose Tanevski 62歲,來自斯科普里州首府的選民」
马其顿公民Zoran Zaev, 他的妻子和儿子Dushko在马其顿投了赞成票,
在斯科普里市议会面前,弗拉基米爾·卡瓦爾德科夫,54歲, 建立了一個小的舞台, 在那些受雇於公投的人的帳篷前擺好座位。
"我们想加入北约和欧盟,但我们想以骄傲 而不是通过这种方式,卡瓦达科夫说。"
"我們是貧窮的國家,但我們有尊嚴。
如果他们不想把我们看作是马其顿人 If they don't want to see us as a U. S. , 我们就能转而向中国和俄罗斯转身 成为欧洲-亚洲的组成部分 we can turn up to China and Russia into a part of Euro-Asia.
扎伊夫部長說,北约會向馬其頓提供充分的投資,
我相信大部份人會接受 超過80%的人民選擇美國和北约」 「Zaev說,
他說"是"我們的未來的決定"
一名投票人在上星期一被马其顿警方調查局公布,其中30%至43%的投票人 将在投票中按需要投票。
另一票由马其顿Telma电视台播放 57%的投票结果在周日公布
超過70%的人說他們要投赞成票
投票成功后,投票率是百分之五十
投票失敗將被看作是去年5月接管後 政府警署首個嚴重的打擊
曼彻斯特市Sergio Aguero 航向Brighton防禦线
塞爾吉奧·阿格羅和拉希奧·史特林 被派往曼徹斯特市的布萊頓國防部
Aguero在65分鐘內讓網路變得非常高興
阿根廷侵略者在交配開始時 接受了運到中部的貨
他在布莱顿的三面防线之间比赛 他还没踢进开放的田野呢 He ran between three Brighton defenses, he's not cut into the open field.
然後Aguero發現自己 被四名綠衣球員包圍著
在Brighton盒子的另外几个人被追杀之前 他拒绝了辩护
然后她拒绝左转去找Sterling
接下來的英國玩家 用他最早的一擊擊球 運回阿蓋羅 其右腳將Brighton Mathew Ryan擊中
"阿瓜羅腳趾高氣昂" 市長佩普·瓜迪拉向記者報告
"我們談起他打過55到60分鐘"
這就是發生的事 That's what happened.
我們很幸運,她那時候得分了。"
但是Sterling把"天藍"給了 首相聯賽的先進力
球在29分鐘內就要爆炸了
Aguero在Brighton地区接球
他從左翼把球投進了Leroy Sane的左翼
在Sterling上任前,先摸几下
Sky Blues正朝着球投进网络里去
威廉·霍芬海姆 于星期二下午12: 55在辛斯罕的Rhein -Neckar
Scherser想跟Rockies對戰一下
随着国家军队的退出 比赛结束 没有任何理由再强制开始
但是Scherzer非常有智慧 希望能在星期日的城堡迎戰 Rockies Colorado, but only if there's implication plays out for Rockies, 这场賭博將在NL West LA Dodgers的比賽中占有一席之地。
搖滾樂至少有5-2次全國冠軍 在週五晚上贏得全國冠軍 但還是想把第一名冠軍鎖起來
"即使我们是在玩耍,至少我们能知道 在丹佛和其他人一起玩过" "And even if we're playing, we can at least know it in Denver with the people, "在今年的顶峰上,我们至少还能和其他人一起玩" "and other team will play it at the top that I'm going to get at this year's.
我干嘛不想跟人打?"
全國人民還沒公布周日的新手們 但是他們宣佈允許Scherzer 在這種情況下發射
Scherzer,他将开始第34个, 在周四举行一次体温检查, 并在周日正常的午后投篮。
在華盛頓用右手的人是18 -7 和2 -53 ERA
特朗普在西維吉尼亞市集
總統和總統不直接談及高等法院 選了布萊特·卡瓦諾 談及了中等法院的選票中選票中選票中共產黨的價值
"我们所做的一切都将在十一月举行"
再過五周就要面對我們生命中最重要的選擇了
我不參賽,但我打得很激烈,所以我去了所有地方 為一個優秀的候選人而戰,"他說。"
Trump發聲說, "你看到了這個可怕的民主黨激進分子, 你看到了嗎? "You see this terrible Democrat radical group, you see it's happening.
他們想用任何方法奪回權力... ...即使是使用任何方法... ...你看到的是暴行和犯罪
他們不在乎他們傷害了誰 他們需要誰去爭取權力和控制權
Democrat,他声称,他正在执行一个名为“拒绝和阻止”的任务。
"四天前,你看到了" 他说,呼吁民主党“愤怒,邪恶和错误”。
他向戴安·菲恩斯坦議員的 民主黨議會議員提問 他的姓名是
"你記得他的回答嗎?"
你泄露了文件?
嗯,嗯,嗯,什么?
不,不,我在等... ... 这是一个非常糟糕的 身体语言... ...我见过的最差的。"
清潔工不再是個大教堂了
對于那些提供他們視力的人來說 根本不是獨特的
當在當地的派對上發動動動動動動力... ...我發動要嚇唬我... ...我...
順便說一下,我最近在APB行 聽說我們不歡迎您 - 這一切都是為了提供我們的觀點
我的陪審團朋友瓊·萊恩因為他支持反猶太人而 接受了幾乎相同的行為
對於我來說 異常的行動 是因為我不贊成Jeremy Corbyn
對於經濟警察、國家安全、歐洲的責任, 諷刺的是,這跟前首領Jeremy不贊成的一樣
周五的"勃魯赫·諾丁漢姆"聚會會上說 "我們想開個會"
周五晚上的GC會議 幾乎八年來我做為"垃圾填補"
今天很可惜,在很多會議和政治承諾中, 是最美好的,更平淡一些,如果它真的发生了。
更加真實的不同觀點 在白俄羅斯的派對上是不可接受的 而且每個意見都將受到同等的審判
這是在Jeremy當上領袖之后的不久, 作為他的同事,我認為,我幾乎開始想分享政治觀點... ...我開始期待...
當我在外面說,不管我說什麼 都會隨之而來 因為社交媒體的不適用,被禁足,
而且那不是我唯一的經驗 And that isn't just my experience.
的確,我知道我比同事更幸運 因為我對政治的評論更重要
我很佩服你的專業態度 以及同事們的執意... ...他們每天都會發牢騷的誓言... ...但從不放棄
政治失望的一方是... ...
上周,Jeremy Corbyn要求... ...讓狂歡黨... ...破壞文化的容忍性
事實是,我們不再是一個大教堂了 每個「不信任」或「改變投票法」的詞, 派對變得越來越窄。
两年前我一直收到很多建议 要求我保持安静 不会太粗鲁 然后我会"好的"
但這不是我進入政界的目的
自從我從32歲起就成為了學生... ...被查切爾政府... ...讓整個學校都毀了... ...我一直在努力...
我從來沒有掩蓋過政治, 包括過往的選擇。
在 Nottingham East可能没有任何人 会误解我的位置和输血部分
對於那些在星期五支持我的人,我想說,當一個國家拒絕布列克西特時... ...它會破壞我們的家園、生意和公共服務... ...我無法理解... ...我將時間和精力浪費在對布勞赫黨領袖的忠誠上
但我唯一的消息不是 Nottingham Momentum... 而是投靠我的投票者,不管是否投靠 Buruh's the only message I have, it is to my voters, whether I served for you, 我向你们保证过如果我没有被选中过,政治上的偏袒...
克里斯·萊斯利是東諾丁漢市的特務
艾爾38 -17 Melrose:
兩种慢性試驗或許能做出精疲力盡的決策 但埃爾也值得一試
他們現在在最上面的日程表上 只有十個人才輸
最终,他们的防御, 他们的胜算, 他们的胜算, 他们的胜算, 和家庭主力, 和教练Peter Murchie 感到高兴。
"我們已經試驗過了我們的遊戲" "我們仍然無法打敗" "We've been tested our game so far, and we're still unable to be defeated," 他說"所以我必須開心" and he says, "We must have to be happy,"
來自梅羅斯的羅賓·克麗絲蒂說:"向艾爾致敬,他們比我們都搶先一步"
Grant Anderson在14分鐘內進行試驗 和Frazier Climo作比較 將Ayr放在前頭 但是,對於Scotland Rory Hughes船長的黃色卡被Warrios踢出局
Climo在Ayr面前施了重刑... ...在半小時內... .
但是Melroose的第二次试验成功 和试用Patrick Anderson 与Baggot进行了对比 降低到5分
因為Ruaridh Knott嚴重受損,而Ayr從一開始就繼續從 Stafford McDowall的試驗中,
艾爾·布萊爾·麥克弗森上尉的繼任者又拿到了黃卡 又一次地,梅爾羅斯向多名玩家報復了 布魯斯·科爾文在壓力下沒完没了的反應
{\fn黑体\fs22\bord1\shad0\3aHBE\4aH00\fscx67\fscy66\2cHFFFFFF\3cH808080}但是当Struan Hutchinson {\fn黑体\fs22\bord1\shad0\3aHBE\4aH00\fscx67\fscy66\2cHFFFFFF\3cH808080}没有球的Climo {\fn黑体\fs22\bord1\shad0\3aHBE\4aH00\fscx67\fscy66\2cHFFFFFF\3cH808080}MacPherson在前线被Ayr的后部 {\fn黑体\fs22\bord1\shad0\3aHBE\4aH00\fscx67\fscy66\2cHFFFFFF\3cH808080}在没有球的情况下 {\fn黑体\fs22\bord1\shad0\3aHBE\4aH00\fscx67\fscy66\2cHFFFFFF\3cH808080}他把金牌给了我
Climo Convergence, 正如Kyle Rowe几乎又回到原点一样, after Kyle Rowe 偷走了David Armstrong的手提箱...
{\fn黑体\fs22\bord1\shad0\3aHBE\4aH00\fscx67\fscy66\2cHFFFFFF\3cH808080}Still Game's stars {\fn黑体\fs22\bord1\shad0\3aHBE\4aH00\fscx67\fscy66\2cHFFFFFF\3cH808080}Still G
斯泰爾·卡姆·福特·基蘭的明星們已經準備好 在她被任命為一家開放餐廳的總裁後 搬到醫院了
他扮演杰克·贾维斯56年大名 BBC著名作家 在那儿他写了剧本和明星 和Greg Hephill的漫画家Greg Hephil
這些人已經宣佈 第九季的演出將到來 是計劃中最後一幕了 顯然奇蘭在克雷格蘭之後的一生都計劃好了
根據官方記錄,他是Adriftmored的主管
這位演員拒絕了關於此事的評論, 儘管Scottish Sun消息來源有陰影,
玻利維亞,希望法院能重新開放太平洋的通道
拉巴斯的海軍總部長的守衛
公共大樓舉行了藍海旗
從Titiqueca湖到亞馬遜的海軍基地 裝了輛摩托 它屬於我們
"要重新找回責任"
玻利維亞遍佈地球,智利在19世紀的血腥衝突中失去平衡,
因為玻利維亞仍在等待國際法庭於10月1日做出裁決
玻利維亞有時 充滿了安寧與和平的熱情... ...當然希望有正規的決定... ...
玻利维亚人会在全国各地观看ICJ决定,希望Hague法院会支持玻利维亚的控诉 - 经过数月的对话 - 智利被授权给予玻利维亚国的领海避难所
埃沃·莫拉萊斯,真正的玻利維亞總統,長生不老... ...
他于8月下旬宣誓效忠于太平洋
但有些政客相信 法院不會做出對玻利維亞有利的決定
在荷屬安地列斯的聯合國人民軍 无权將領地捐給智利 他已經做出決定
關於ICJ的決定 在6個月後才被釋放 據說是"不復雜"
而不是為了延續玻利維亞的基礎 這四年來可能遇到點障礙
"通往海洋的通道"是玻利维亚政府现在偷走的" Zarate says. "It's the way to the marine's been stolen by Bolivia's Department now," Zarate". "萨拉特说"
莫拉萊斯的敵對讓智利蒙羞了一點同情心 他提出
玻利維亞和智利有時會繼續談,但以後很難再談
兩國從1962年起就沒變大使了
前總統Eduardo Rodríguez Veltzé, 玻利維亞在Hague的副手, 拒絕做出通常迅速的司法決策。
星期一帶去玻利維亞,「和智利建立新時代的美好機會」。
卡扎迪拉也否認莫拉萊斯 依然是拉丁美洲知名的總統之一 利用海事來提供政治幫助
"玻利維亞從未放棄過 能夠直達太平洋的權利" "Bolivia has never surrendered the right towards the Pacific season," 加上她" in adds her.
"這決定就是一個機會" "我們不得不忘掉過去"
北韓說除非他相信美國 否則不會有核武管制
北韓總理李勇浩說如果他不相信華盛頓 他國會不會先發制人
週六在大英帝國會議上發言
他要求美國實行在新加坡 競爭大賽上做出的承諾
他的建議出現是因為國務卿麥克·龐貝奧 顯然要在新加坡與北韓的金正恩一起 開始了三個多月的核外交
Rio Ri說這只是一個夢,它只是一個永恆的夢 和一個關於結束韓戰的國家的夢
华盛顿非常小心地同意... 没有平壤的外交官... ...过去也做了一件非常重要的事
兩位金和美國總統 唐納德·特朗普要舉辦第二次大庭廣眾大審
但有大量疑問 平壤似乎很認真地 發射這武器 作為保證國家安全的唯一方法
Pomeo计划下個月去平壤 安排在Kim-Trump第二場大庭廣眾大審。
巴黎的時尚秀展示了 最近的頭部設計 在去你家附近的主要道路上
如果你想要加入你的帽子收藏 或是阻擋太陽的光 那麼你不必找太遠
范倫坦丁諾和湯姆·布朗的畫家 揭示了他們舉辦的 SO19集會的各種奇異的戲劇秀
非法的帽子已經破譯了這個夏天的Instagram 以及這些圖書館的設計
瓦倫丁的精心設計 是一頂大黃水的頂帽子 遮住模特頭上的厚厚的假毛
其他的巨大接入器 包括珠宝、帽子和女孩的藏匿物 但没有被设计来让你的头热起来
Thom Browne也暴露了面具的选择 以及万圣节的好时机
很多瓦尼面具都遮住了他的嘴唇 还遮住了Hannibal Lecter
一種構成一種相似的潛水器 裝滿了斯諾克爾克爾和高脂肪的潛水裝置 另一種似乎是融化的冰淇淋
如果你一直這樣說下去的話... ...你很幸運
目擊者們預測到了 巨大的保險庫 可能正往你們附近開往主路的方向走
巨大的帽子比"炸弹"暖和 长了两英尺长的草帽 被目光照射到Emily Ratokowski
在非常不切实际的帽子后面的标记是... ...在社交媒体上贴了一张...
日光亮亮的黑匣子被烤焦了 周围布满了厚厚厚的金色卷心菜 加上了白金色的卖家
一位名人Luke Armitage告訴FEPAIL 說 "我希望能看到 盛夏的大帽子和沙袋 抵达主要的夏季
約翰·愛德華 對全球人民非常重要的語言技能
蘇格蘭的私立學校保持了學業發展的成績記錄 并持續在2018年 以及另一項精心策劃的考試結果
超過三萬名蘇格蘭學生,學校,這所學校 被蘇格蘭大學學生協會所贊助, 努力為他們的父母和學生提供最佳服務。
私立學校的目標是 準備好自己的學生們的學位 提高他們的職業水平 以及他們作為全球公民的職位
作為他們可以接受的教育區,並執行早學期的課程, 我們看到流行的語言, 以及學校的候選人。
尼爾森·曼德拉·曼德拉說 "如果你用他熟悉的語言和人說話 就會進到他的腦袋裡去"
如果你用她母親的語言跟她說話 她就會進入她的內心"
這些警示我們不能只依靠英語 試圖建立同其他國家人民建立聯繫與信任。
在今年的考试结果中,我们可以看出,语言是 联盟日程表中最高的实验对象, 最高的成绩是私立学校。
學外語的學生中,68%的學者中,有更高的A級
數據收集了74名SCIS學校學生 72%的學生在滿大人中獲得更高的A級,其中72%是德國人,69%是學法語的,63%是西班牙人也學到了A
這表明在蘇格蘭的私立學校 支持外語 作為一個非常重要的技能
現在,以語言來說,當它被稱為 STEM(科學、工程、工程、數學等)的論文... ...在私立學校和其他地方。
2014年美國勞工與技術部的研究成果 發現因為有顧慮的雇主在破產中 17%與語言弱點有關
语言技能再一次成为了一种 年轻人为他们的未来工作准备的策略
有更多的潛在工作機會 需要更多的語言 這些技能在這個世界中非常重要
不管某人的前途如何... ...如果他们学会了第二种语言... ...他们将来会拥有真正的优势...
和外國人直接溝通的方法 將會讓一個在競爭中自動掌握各種語言的人
根據2013年選票YouGov所說 超過4000個UK的成年人 75%在海外語中無法說得夠清楚了
這就是為什麼現在在語言課上做投資 對孩子們來說很重要
有多种語言 特別是國內正在建立經濟 通過尋找有意義的工作來讓孩子成為更好的人選
在苏格兰州,每所学校都用他们学的语言不同
貝布拉巴將專注於更多經典的現代語言, 而另一種人將教導英國文學至2020年前,如曼達林或日文等,對英國文學非常重要。
你的孩子在礦井裡所學到的語言 總是有很多可以從私立學校中選擇的語言... ...和專門教師的能量...
蘇格蘭的私立學校 專門提供學生學費... ...
不可否認的是,在這個全球商業環境下, 這種語言對國家的未來非常重要, 所以,在教育中應該要考慮到這一點。
真正的现代语言应该被看作是“国际通讯技能”。
私立學校將繼續提供這些選擇 學者和在蘇格蘭的年輕人的 成就與成就
你必須這麼做 You have to do this.
John Edward là Scotland 私立學校的校長
勒布朗将在圣地牙哥的 星期天,湖人第一次集合
洛杉磯湖泊首映者LeBron James即將登場
拉克教練Luke Walton宣布 James将在週末 在聖地牙哥參加冬季的比賽
但是她要玩多久?
Walton說 在Lakers的官方網站上
Lakers的愛人Mike Trudell 暗示James會在無限制的一分鐘內玩耍
詹姆斯在這個星期的早期訓練中被問到 他打算在湖人賽季前第六局比賽的計劃
"我不需要玩到這個季末 準備好我的職業生涯" 他說
西弗吉尼亚州特朗普市集,Youtube管道
唐納德·特朗普總統今晚在西維吉尼亞的惠爾林市 舉辦了一場急促的集會
這是特朗普下週計劃的五場集會的第一場比賽 包括田納西和密西西比州
特朗普同意支持中等法院的裁決 因為國會在11月的投票中失去國會的控制權
今晚在西維吉尼亞的特朗普集市幾點? 你是怎麼在網上看的?
特朗普在西維吉尼亞州West Wheeling的集市集 安排在7點
你可以直接在YouTube上看到Trump在西弗吉尼亚的集市
本周的聽證會將為候選的 Brett Kavanaugh 聯邦法庭作證
但是最重要的目標是幫助共和黨 在11月的選擇下取得時刻
因此,Trump总统在下星期的第五次集會中說,這五次集會是「自愿者與支持者」,因為共和黨試圖保護和發展他們在參議院和國會中占有的大部分」。
"如果國會議員認為他的日程非常危險... ... 這樣總統就會去我們國家... ...到我們忙忙的夏季... ...
今晚在惠靈林的威斯班科競技場舉行會場 可以從俄亥俄州和賓夕法尼亞州(俄亥俄州和賓夕法尼亞州)市(West Virginia Metro News) 帶來支持者。
週六會是上個月的第二次 Trump 去了西維吉尼亞州
特朗普想幫助西維吉尼亞共和黨的參議院 帕特里克·莫裏斯利
西蒙·海德(西蒙·海德)是西弗吉尼亞大學的政治科學家
{\pos(190.402,229.833)}美國軍方在确保希望 {\pos(190.402,228.833)}繼續獨立的比賽
在另外三場比賽之後,週六下午的球賽 可能就是雷德獎杯所需要的
搖擺動動動動力是一種運動概念 但它確實被玩家所信任
那麼,現在到底在哪裡呢? So, where does that look now?
"他們有六只眼睛 現在有四只眼睛 所以我們帶了點時間" "Jordan Speeth在他行走時說"
歐洲人當然有優勢 前面有四隻眼睛 前面有十二隻眼睛才能開口
美式足球員,就像斯皮亞特所說, 感覺他們有一點點優勢和感覺被推動了, 不只是斯皮亞特和賈斯汀·托馬斯
斯皮皮斯從一開始到綠地 變成另一個玩家的榜樣
發出大笑聲的聲音聽起來越來越大 當他繼續掙扎時 拍拍打至四眼 結果他和托馬斯在兩眼後落後
他的致命一擊擊擊中了他們在15號洞的勝利者... ...與同樣的震撼中... ...他告訴過你,他相信美國軍隊還在戰鬥
"你只要再努力一點 擔心你自己的比賽" "Spieth" says, "you just need to do harder and worry about your game," "斯派特說 "斯派特說" "Spieth says.
現在這些球員只能吃這些了
18洞洞能展示力量
兩天前,只有兩個人有比Spieth和Thomas更的眼睛... ...是Francesco Molinari 和Tommy Fleetwood... ...
兩個不同的玩家從歐洲來的有趣的角色... ...但有四分之三的愛好者... ...而且似乎不會犯錯
"Moliwood"是周六下午唯一一個 不做蠢事的夫妻 但是他們也曾在週六早上 星期五下午 和週五早上九個洞
這種時光和他們給予的能量的方式... ...就是證明他們是週日被擊落的玩家... ...而且沒有比Fleetwood或Molinarli日落後歐洲日落更受歡迎的玩家了。
它們兩個都待在一個不同的洞裡
然而,關於歐洲大軍的勝利的對話太早了
布巴·沃森和韋伯·辛普森 在今早的四名玩家 和亞歷克斯·諾倫相比 輕而易舉地完成Sergio Garcia的工作
第9個洞裡,一個洞,兩個雙倍的... ... ...一個西班牙人和瑞典人... ...
然而,在周日,没有人能幫你
四分之三的球和四分球选手都非常有意思 因為夫妻之間的互動
歐盟在今天的球賽中表現得更好 并在前一天前進步 但四次會議也展示了美軍的勇氣
歐盟在10 -6前進向最後一天的Pala Ryder
歐盟在雷德杯最后一天 舉辦了4個球賽 以及4個10 -6分的球員到了美國
兩位偉大的球員Tommy Fleetwood和Francesco Molinari 已經贏得了兩場 贏得了老虎伍茲的勝利
托馬斯·比約恩率領的歐洲小隊 試圖維護兩年前在黑茲爾汀被劫的戰利品
美軍在四位玩家的比賽中 贏得了兩場比賽 但卻無法擊退兩場
吉姆·弗瑞克的士兵在周日比賽中 需要8分的12分
Fleetwood是第一個在她和Molinari的歐洲冠軍 在她和Mollinari的最後四分之三中獲得四分之一的冠軍。 在她的表演結束後,她稱之為"Mollywood",
伍茲和帕特里克·里德在四球賽中被擊落後 他們一起打敗了伍茲和新來的美國隊員 布裡森·德查姆貝巴諾
伍茲,週六兩場激烈的比賽 揭示了大規模,但在29場比賽中,已經輸了19場 4個球賽和7個球員。
賈斯汀·羅斯 早上四球比賽時不休息的 賈斯汀·羅絲
在巴黎西南部安宁与放松的日子里 欧洲并不幸运
優勝者喬丹·斯皮亞特和賈斯汀·托馬斯 在周六為美國做理髮師
他們贏得了Jon Rahm和Ian Poulter四球比賽的勝利 然後在四場比賽中幹掉了Poulter和Rory McIlroy
雷德杯史上只有二次 一次落后四分之三的队伍去独立比赛
兩天後,週日發生了第二起襲擊, 看起來像是 他們的領域外。
北韓人說「不可能」 他們自愿無信仰地放下武器
北韓國外部長通知各國國政府 周六一舉一動,持續的禁制令 導致了他們對美國的不信任
Rio Yong Ho向世界顶尖的年度体征汇报 去年朝鲜采取了“重大行动”,例如停止核试验和导弹导弹,关闭核试验,并保证不使用核武器和核技术。
"反正,我们并没有看到任何与美国有关联的反应" 他说的
"不管相信美利堅合眾國, 我們國家的安全毫無信心" "It no trust in America, there's no confidence in our country's safety, 在這樣的情況下,我們不可能先放下武器" "and in this situation, we can't unfold a weapon first."
儘管Ri向北韓起訴了華盛頓 反對"不法"的號角,因為他沒有拒絕平壤以前那樣的義務,所以北韓才會被獎勵。
金正恩和唐纳德·特朗普于6月12日在新加坡第一次总统和北韓領袖大選上 引述的事實,當時金剛答應在特朗普提供北韓安全保障時
北韓想為1950 -53年韓戰找到終點 但美國說平壤必須先放下核武裝
华盛顿也不愿遵從建議 把国际封锁推到北韓
"A. 明确规定“先行” 并加強了限制性程度 以達到目的 甚至反對「戰爭結束」
"明白,约束我们就是他们不知道的空想"
但问题在于持续的屏障 越来越多的不相信我们。"
Rieh沒提到金和特朗普在這個星期初 舉辦的第二場大審的計劃
那部部长只提到五個月前金英和韩国领导人的三次会议,并补充说:"如果这次救贖涉及南韓,而不是美洲,那么,朝鲜半岛的核子防堵将不会发现任何迹象。"
然而,瑞安的演講跟去年的不一樣 當他告訴聯合國國大聯盟 他用北韓火箭襲擊美國大陸時
今年在剛果的國會大戰中 特朗普 威脅說要"完全摧毀"北韓" 讚美金 因為金勇敢地踏上放下武器的步伐
周三,特朗普說,他沒有時間做這些, 他說,如果這需要兩年、三年或五年...
中國和俄羅斯都認為 聯合國安全委員會必須為平壤的步伐提供獎勵
然而,美國國務卿麥克·龐貝向國安部報告說: 「安全議會行政部必須嚴格執行,不懈地執行,直到我們感到核壓完全、有效和證實」
安全会议自2006年以来一直有投票权 把北韓的防禦措施提升到北韓, 努力拓展核彈道和平壤的彈道計畫。
{\fnSIMHEI\fs22\1cHFFFFFF\3cHFF8000}庞贝见了瑞 {\fnSIMHEI\fs22\1cHFFFFFF\3cHFF8000}在大赦大會外 {\fnSIMHEI\fs22\1cHFFFFFF\3cHFF8000}他说下個月他还会去看平壤 {\fnSIMHEI\fs22\1cHFFFFFF\3cHFF8000}筹备第二次大屠殺審判
{\fnSIMHEI\fs22\1cHFFFFFF\3cHFF8000}但最后一次访问没有成功
他于7月离开平壤,说在北韓已經取得突破 數小時後他曾指控他「作為幫派份子的控告」
北韓與月月月月月的會面 承諾要揭發火箭彈的碎片和核武場 如果美國采取「適應措施」
他說Kim告訴過他 Kim在尋找的"同樣的步驟" 是Trump在新加坡的保證金
哈佛大學生已經上課休息了
今年哈佛大学的新学士 为所有学生提供了更多睡眠 以便与文化搏斗
研究生們在一所大學里發現學生 往往不懂基本的體系來保護自己
Charles Czeisler 哈佛醫學院的睡眠教授 以及百翰醫院的一名專家
在讲述了学习中睡眠不足的问题之后 他学会了如何开始学习
"在學校的末端,有個女孩來找我說 "為什麼我只被告知這些" "在我的高學年裡?"
他說沒人告訴過他睡眠的重要性 這讓我很驚訝,他對《電報》說
今年有一場表演,向學生解釋 睡眠需求,幫助學術和運動,增加他們的生活。
Paul Barreira 哈佛醫學院的心理學教授 和大學實習生都說
那一小時的時間里 涉及一些相互作用的任務
其中一部份有一张宿舍影像 学生点咖啡 窗帘 教练和书 供他们注意 咖啡因和灯光的效果
另一方面,有一名參賽者被告知 长期睡眠不足 會增加心臟病發作、麻疹、抑郁症和癌症的風險
大學地圖和互動圖示 然後讓觀眾們對日常生活的思考
"我們知道這不會改變學生的行為" "We knew it wouldn't change student's acts immediately. "
但是,我們相信他們有權知道... 就像你有權知道當你選擇抽煙時的健康效果一樣
文化在“保护整个夜晚”中骄傲,他说,加上, 现代技术和学生压力上升,
确保你的睡眠水平足够高 学生们应该“秘密武器” 以应对压力,疲倦和担心, 他说... ...
雷蒙德·索 加州一名19歲的 加州學生 研究化學與生物學 協助Czeisler教授設計了這堂課
他說這堂課已經打開了她的雙眼 鼓勵她在全校發展課程
下一步 他希望所有的考試學生 在加入競爭大賽前 都能完成同一個學習項目
Czeisler教授建议学生在睡觉前和睡觉前都考虑使用报警器, 并意识到电子显示和LED灯所带来的危险性, 会破坏你移动的马戏团的节奏,导致睡眠问题。
Livingston 1 -0 Rangers: 戈爾幹掉了Gerard的人
漫游者在Dolly的网络 把Steven Gerard 弱小的军队 和Livingston的1 -0分成1比1比1
伊布羅克斯隊在聖約翰斯通的四一一二一戰中 仍然在尋找第一場勝利 但Gary Holt在18場比賽中讓Gerard失敗了
第一次爆炸前七分爆炸 漫游者似乎完全不知所措
漫游者現在降到了第六位 Livingston爬上了第三階梯 躲在希伯妮安的后面
漫游者可能會遇到更多麻煩 畢竟卡魯姆·斯賓斯在從軍區 裝備屍體後被迫接受頭部創傷
格瑞德在打敗艾爾之后 和他的軍隊做了八次交易
霍爾特和利維11是同一隊的 上周偷過Hearts的一只眼睛的人
漫游者可能控制了比赛 但Livingston的球技比球賽還多
他們本來應該在兩分鐘內完成得分的... ...當第一次觸摸... ...讓史考特·皮特曼通過艾倫·麥格雷戈的球得分... ...但中間的球員失靈了
雅各布斯大賽後方的拳擊找到了克雷格·赫克特上尉 但戰友艾倫·利斯哥只能在球賽後投球
漫游者成功地夺回了统治权 The Rangers managed to take back the rules, 但它们只能在30分钟内存活 but it only lives in the last 30 minutes.
Alfredo Morelos觉得他应该在45分之45秒内被释放 但Steven Lawless又和Steven Thomson法官同意了
漫游者只完成了初期的两项考验 但前Ibrax球保鏢Lassana Coulibaly和Orvia ejaria的弱點
即使在34分鐘內利維開放的球賽 也可能和比賽的起點相抵触 但沒有人會否認他們的機會
漫游者又一次在Jacobs的計劃下失敗了
斯考特·阿菲爾德在德克蘭·加拉格勒 投球給斯考特·羅賓遜時 就已經很僵硬了
Gerard在休息時間把Coulibaly換成Ryan Kent 他差一點就開始了 因為那翅膀手把球給Morelos 而Kelly卻把球踢出去了
但Livingston繼續鼓勵對手們玩他們喜歡的遊戲... ...Lithgow和Halkett運送遠程運輸
荷爾特大軍本該在最後一排散開 但麥格雷戈在利思哥出賽前 能夠抵擋雅各斯
游騎兵的二位玩家 Glenn Middleton在與Jacobs取得聯繫時 再一次征募了一大批刑款 但Thomson卻沒讓他失望
阿爾馬納:蓋格工匠的創造者
而現在,我們的《和平周刊》頁面是1882年9月30日,136年以前... ...以及約翰尼斯·威廉姆·蓋格物理學家 將會在德國出生的那天
Geiger发明了一种方法来探测和量化放射性物质... 最终能探测和评估放射物 geiger's created a way to detect and 测量放射物反应... the radio accurates...
從此以後,康斯特·蓋格是流行文化的後裔 就像1950年科羅納多市的Bells of Coronado(Coronado) 由不明科學家Roy Rogers 和Dale Evans所為:
男的說,"那是什么?"
羅傑斯: 「這是蓋格的導管,用來尋找放射性礦物,如铀。
當你戴這耳機時,你確實可以聽到 原子在礦物體中的放射性作用。"
- 是啊,他現在有聲音了!
"Hans" Geiger1945年就死了 就在他63歲生日前几天
但有其父必有其女
新型癌症疫苗可以教導免疫系統 觀察惡性細胞
新型癌症疫苗可以教它免疫系统 观察坏细胞并杀死它们
疫苗教化免疫系统 以确认坏细胞作为治疗的一部分
牽扯到的辦法是從病人身上提取免疫細胞 在實驗室裡改變它
它可以看見常有的蛋白質 發生在很多癌細胞中 然後又重新注射
實驗性疫苗顯示出一個決定 導致病人患有各种癌症
一個被疫苗治療的女性 她教的是免疫系統 了解邪惡細胞
包括从病人身上提取免疫细胞 将其转化成实验室 然后将它转化成一种蛋白质... ...用于各种叫做HER2的癌症,然后再再注入细胞
傑·貝爾佐夫斯基教授,來自馬里蘭州貝塞斯達 美國癌症研究所
"HER2"引起了一些癌症, 包括乳癌、卵巢、肺、肺部、肺部, 顯然是Berzofsky教授。
跟從病人的免疫細胞中 和他們對癌細胞的射手 一樣的接近
Kanye West在Pro -Trumm搜索中, 在她服了国防情报局之后, 制作了THE MAGA帽子。
他完全沒聽懂 Il a pas peux écoute.
坎耶·威斯特在片場上表演了《夜之夜》 經過精彩的演說 唐納德·特朗普的精彩表演后
那晚他把第三首歌 和Ghosttown相提并论 他戴著"Make America Great"帽子
"我問了一個白人,他們說, "你怎麼可以支持Trump,他是一個種族主義者?"
聽著,我若是擔心種族主義, 我早就從美國搬過來了,"他說:"
斯洛德以馬特·戴蒙的標志開幕, 好莱坞明星在參議院面前 揭露克莉絲汀·布萊西·福特的性侵犯罪
盡管沒有播放 坎吉·韋斯特的紀錄片被扮演克里斯·洛克的名人上傳到了社交媒體上
不确定洛克是不是想用發信來嘲弄西部
還有,West已經向觀眾宣佈 他的帽子在舞臺後面遇到了困難
"他們在舞臺後面挑逗我"
他們說 "別戴那頂帽子到外面去" They said, "Don't go out there with that hat."
他們把我打暈了!
然後他們說,我站在一個不重要的地方,"他說,華盛頓檢查員說。"
西加上:"你想見個唔重要嘅位置嗎?"
嘗試愛情吧" Be try love."
他的建議至少請了兩次觀眾發牢騷,
威斯特被送往阿利安那大歌手 在那里 他的前男友麦克·米勒 几天前去世了
West出乎大家意料的是... ...我唱了一首愛的歌...
威斯特得到了TPUSA保守集团主席坎迪斯·特纳的支持
Karen Hunter說West只是"自我成就" 這實在是太棒了
"但我選擇不給任何人獎勵(買下他的音樂或者衣服或者贊助他的藝術品)" "I choose for no one to buy his music or support his arts" "themith." "我相信接受并分享危及我的社區的理念" "I choose to find and share the ideology that jeopardy"
他已經自由了 He's free already.
"我們也是,他也是。"
在表演之前,唱饶舌歌手在Twitter上宣布他改了名字, 自称是"Kanye West(Kanye West)"
她可不是第一個轉化他名字的藝術家 跟著Diddy的腳印 也被稱為Puff Dady、Puffy和PDDiddy
饒舌歌手史努比·道格 曾把他的名字改成史努比·里昂 并肯定是那首歌中的传奇人物普林斯(Prince)
在贝尔法斯特餐厅被刺殺案中被控犯有谋杀罪
一位45岁的男子在周五 在贝尔法斯特以东一家餐馆被捅后 被指控谋杀
發生在Ballyhack愛的案 條子說
被告于星期一出席贝尔法斯特法官的庭審
檢方會重新調查此案
黑魔王之星 Kit Harington集結了有毒物质
基特·哈林顿以英雄人物的身份在 HBO 中世纪的幻想表演中 为 Jon Snow's snow as a hero in a middnight HBO, 权力的游戏中 系列中世纪的英雄人物 his role of Thrones Game of Thrones.
但那個女演員 31歲 曾經把超級英雄的刻板刻寫下來 說他的角色在螢幕上
并质疑如何应对时代的有毒物质问题。
琪特,最近嫁给了《权力游戏》明星露丝·莱斯利 31岁
他說:"我感覺自己有點過頭了" "I feel it's kind of a bit strong now... 我們對馬基林人有什麼過節?" he said, where are we wrong with the maskulinitis?"
"當男人長大後,我們教什麼?" "除了我們現在所看到的問題之外"?"
相信電視可能因為其極端的演變能力 而造成有毒 mallinity of toxic increasing because its higher motions.
他补充:"自然和學習什麼?"
電視上和街上都學到什麼 讓孩子們覺得他們應該成為這樣的人?
我覺得現在的問題很重要 我們要怎麼改變呢?
"因为很明显,现在的年轻人有点不对劲" "'Cause there's obviously something wrong with a young man."
在那次訪問中,她也承認 她不會在夏天結束的時候 假裝她不會演戲或演戲
Sam Shepard在11月拍摄了一部 电影制作人和他哥哥 海盗
這位演員最近揭發他 以為自己會和他的妻子羅斯見面 是《鐵拳手遊戲》裡發生的最好的事
"我在這計劃中遇到我妻子,所以她給了我未來的家族,從此開始,她說:"
羅斯帶來了耶哥蕊特的性格 瓊恩·雪諾的愛
2018年6月在蘇格蘭的萊斯利家結婚
HIV/AIDs:中國報道新案增加14%
中國已經宣布中國將增加14%的人口,其中包括HIV和愛滋病。
超過820,000人被感染在這個國家, 醫療人員說。
在2018年之前,有4万件新案件被报告为新的案件
大部分新病例都是通过性传播感染的 表明了以往的改变
典型的說法是HIV在中國的某些地區 失血流過多而迅速傳染
但在這種方式下感染艾滋病毒的人數 已經降到近零了 而中國的醫療官對云南地區的聽證會說
然而,每年,中国的HIV和艾滋病感染率已经上升了10万人。
在LGBT China社區中,性交中的HIV訪問是嚴重的問題。
同性戀不再是1997年中國的犯罪了 但對LGBT的歧視已經開始了
因為國家的保守價值觀 估計70-90%的男性與男人發生性關係
大部份的傳染病都是因為性保護不足而造成的
自2003年起 中国政府已经承诺 普及六氯苯的药物作为 解决这些问题的努力的一部分
Maxine Waters拒絕透露GOP參議員的資料 上面寫著「危險的謊言」和「陰謀論」
A.S. 周六的Maxine Waters代表 指控他的一名雇员
洛杉磯的民主黨宣稱該指控已經被「超翼」和「網路」的成員散佈了
"欺骗 欺骗 欺骗 欺骗 以及更多糟糕的骗局" "Waters lied in a twitter versus.
據報告,包括南卡羅來納的Lindsey Graham 和來自猶他州的Mike Lee和Orrin Hatch
星期四,在參議院的聽證會上,有不明人士在凱匹特·卡瓦諾大法官的 性侵犯指控
在3位參議員询问卡瓦諾之后 發生了這些洩漏事件
保守的網站,如Gateway Pundit和RedState等。 它的IP地址是 和Waters的辦公室有關聯的, 並且傳達Waters的員工信息, Hill said.
"被告沒有感覺 這都是謊言和謊言" "Waters says again.
"我的... 身份、个人信息和安全 都因这一罪名而被泄露出去" "My institute - - where identity, personal information, and its security has been illegated 没有任何关系"
"本案的控罪是完全虛假的" "in this case is completely fake and form."
沃特斯事件的真相是值得邀去网上 包括前白宮報紙秘書Ari Fleischer
"Fleischer"寫下 "Fleischer"
這表示他沒有成為國會議員的特質
當有人被指控做他們沒有做的事時 他們不會生氣的 When someone's charged to do something they didn't do, they can't be angry. - 冷靜點 - 冷靜點
他們無法對抗我們
他們不能質疑被告的動機
"他們必須冷靜下來"
Fleischer說在對Waters的反應和對Kavanaugh法官的民主評論中 有位評論者在星期四的聽證會上說
Omar Navarro,一名在中途選舉中 競爭推翻Waters的共和黨候选人,
"如果消息属实" 他就会发牢骚 "It's big news if it's true," he's whispering.
事實上Waters說 他的辦公室已經宣佈了 "有關這件偽證罪的執法權和權威的權威"
他說 "我們將確保兇手暴露" 他說 "他們將對所有能摧毀或危害我的人 以及我的手下的行為負責" "We'll make sure the person will be exposed," he said, "they will be responsible for all their actions
強尼英格利希球場的戲劇 - Rowan Atkinson的騙局 - 弱小的Rowan Atkinson
現在,我們在任何一部電影裡都找到Brexit的標誌... ... ...在任何一部英國拍的電影中... ...
有什麼好笑的嗎? 我們將成為新的國家出口的好機會?
不管怎麼說,強尼·英格利什... ...他喜歡搖晃眼球,無聊的面孔...
她當然是個愚蠢的秘密特工 專注於沉醉於克魯索 一點比恩先生 和一位音樂家
也是從神秘的國際間諜Rowan Atkinson的 神秘的探險家和間諜Rowan Atkinson所得到的靈感
片子上總有那麼一兩段精彩的片子
我喜歡強尼·英格利什坐在直升機上 穿著中世紀的戰衣
阿特金森用于物理喜剧的天份正在休庭,但他的笑容非常微不足道,非常微不足道,尤其是像007這樣的電影, 使命目前不能提供喜剧作为材料。
這看起來像是童年比大人高級的杰作 而對我來說,約翰尼·英格利什的錯誤是... 不創新和專注在貝恩的電影裡
他的首要獎項是大不列顛陷入了危機
一名网络黑客黑入了英国的网络网络网络网络网络 揭露了英国特工在现场的身份 并辜负了该行动的特工 Kevin Eldon的一小部分人物
Emma Thompson提供了 Teresa May 的最好角色, 但在劇本上没有任何优點。
他的臥底顧問告訴過他 所有有活動的間諜都已經被策劃好了 他需要找人出院
也就是说约翰尼·英格利什本人 自作主张 现在身为一些杰出的学校老师 却不宜在这里成为一名杰出的特工 {\3cH202020}And that means Johnny English himself who's rude and now working for a professional school teacher here
英格蘭人被帶回了懷特霍爾 進行緊急檢查 并與他的前助手鮑夫重組 由本·米勒重新演奏
和潛艇指揮官訂婚 以及Vicki Pepperdine帶來的潛艇人物
所以,蝙蝠俠和羅賓... ...在皇家杜利的地下秘密服務中... ...他又和奧爾加·庫裡蘭科 美麗的奧菲麗亞·布列奧托娃 ...
與此同時 首相正在和數以百萬計的科技有關 他可以解決英國電腦問題:
英格利什和鮑夫開始冒險...
所有有意思的場景都呈現在最後一幕上 但因為它看起來好一點 而且有點像兒童電視節目
这是一个很简单的电影。 It's a pretty simple movie.
就像那些強尼·英格利什的電影一樣,我一直在想 英國電影界不能給Rowan Atkinson 提供一個與他的天賦相恰當的演技?
英國人民打算在一周內完成四天的工作 但卻要付我五天的薪水
胡亂黨領袖Jeremy Corbyn 考慮了一個激進的計劃 觀賞英國公民一周4天的工作 但收費5天
党派被告知想要各公司的老板 提供人工智能革命的救赎金 并给予工人额外的休假日
-但還帶同一個工資回來
網站上說,這想法與黨內經濟日程和計劃是一致的, 將國家帶給工人。
安排工作为期四天的工作,由工会委员会(工会)批准,以此作为雇员抓住机会进行经济变革。
有一個來自布勞赫黨的右翼消息來源告訴《Sunday Times》 說: "本年度末之前的初步報告"
但每周工作四天的时间里都是 适合于党派的追求 以便对工商界和整个党派战略进行经济评估和支持。”
勃魯赫黨不是第一個支持這個觀點的人 綠黨在2017年的競選競選競選賽上 承諾了四天的工作
儘管如此,這些欲望不是完全被政府所支持的
一位Buruh党的讲师说,"直到工作4天, 它不是一个基本的党派, 它没有被党考虑。"
John McDonnell上星期在博恩斯州立法院 利用他对经济革命的远见
McDonnell先生说他从"无面者"那拿权
那些暗影交易也意味着... ...目前在水上公司的股东 可能无法完全恢复... ...因为Buruh政府可以根据他们认为有罪的理由... ...
他還證實了將工人安置在公司董事會的計劃... ...并讓Dana獲得獨裁權... ...10%的權威...
林賽·格雷厄姆 John Kennedy告訴了"60" FBI是否能調查卡瓦諾
聯邦調查局對Brett Kavanaugh法官的控訴 判決將他的任期推遲至最高法院 至少一個星期
在週二的採訪中 史考特·佩利要求共和黨的John Kennedy 和Lindsey Graham
肯尼迪看上去比南卡罗莱纳州的朋友更开放
"我意思是,當然,"肯尼迪的說法
"我告訴過你我要上庭的 我說,我已經和卡瓦諾法官談過了"
事成之后我打电话给他 指控就出现了 然后说 "你到底做了什么?" I called him after this happened, that's what it came up, and said, "What did you?"
"他固执 坚韧" "He's strength,"
但是格雷厄姆的投票已經決定了
"我已經決定了 布萊特·卡瓦納的決定了" 他說"我將要受到重大指控" "I already made a decision for Brett Kavanaugh and he's gonna get he's charged a big case,"
"福特博士,我不知道发生了什么事,但是我知道 Brett突然否认了Graham,他提到了Christine Blasey Ford。
"而她所提到的所有人都无法证实" "And all she's named can't evade."
36年了
我看不到任何改變。"
是否舉辦了一個世界性的聚會, 并已經做了點什麼來減少貧窮?
週六,紐約將成為全球人民黨的幕後主人 年度音樂會的主持者
第七年,在中央公园中央公园的人民聚会上 会看到成千上万人聚集在一起 不只是看珍妮特·杰克逊、卡迪·B和肖恩·门德斯那样的表演
2012年起的斯堪薩斯州人民宴會,是世界經濟計畫的進步。 一個國際支持團體,旨在弥合貧窮,增加积极反對者的數量。
出于接受这次活动的自由票(除非您愿意支付VIP票), 国会的访问者需要准备一些工作, 或者像志愿者一样,发送电子邮件给世界领袖, 打电话或其他任何形式的电话,帮助提高他们实现目标的意识。
然而,世界人民剩下的12年里 还能取得多少成功? How far is the world people several than 12 years to achieve his goal?
是否打算舉辦一個免費的演唱會? 是為了說服民眾做點事? 或者說這是另一件"lickivivistsm"?
自2011年起,全球公民协会说,他们已经将1 900万个“推迟” 与支持者联系起来,这将推动不同目标的运动。
他們說這些行動幫助全球領袖宣佈 37億元以上的承諾和基本價值 將會改變到2030年超過225億人
到2018年初,这些团体已知道有390项承诺和宣布 有390项承诺和承诺从他们的行为中获益, 并至少10亿美元的金额已经得到报销或已获收。
這些組織也估計了 據我們所知的資金 影響了全世界的6.49亿人
某些重要的股東包括能源、投资人和海外交易商之间的共通點, 同意“帮助儿童充分发挥潜力”, 并承诺向卢旺达捐款3500万美元,以帮助消除非中等收入的食肉品, 超过戈巴尔公民接受4,700多元的食粮。
"在英國政府的支持下 捐贈者 聯邦政府 以及你這樣的全球公民們" "我們可以讓這個史無前例的社會不公正性" "Tracey Ullman 食用權大使在2018年4月在倫敦舉辦音樂會" "Asistant Tracey Ullman formation of London, a consistently Cournation of London like you, as you can make the universe issues of this universe in his history," 他說,"2018年4月,
政府已找到资助一个项目 供养能源 现已达到500万名妇女和孩子需要的能源
回答他網站上問拉辛姆的問題 他問:"你憑什麼認為我們能結束他的體溫?"
Global Citizen回應說,"這是個艱難的旅程,我們遲早會失望和絕望。
但就像以前一樣 要求公民權和反粒子heid權的行動一樣 我們將會成功 因為一旦我們合作 就會變得更強大
Janet Jackson, Weeknd, Shawn Mendes, Cardi B, Janeelle Monae 也是今年在纽约的演出中被Debore -Lee Furness 和 Hugh Jackman所排名的演员之一。
美軍可以用海軍作為封鎖措施 來阻止俄羅斯的石油出口 國家的國務卿
华盛顿可以利用他的海軍 阻止俄國人在市場出售石油 包括中東
辛克指控俄罗斯在叙利亚的出版公司... 如他所知... ...他们自己也参与了叙利亚政府的邀请... ...
我相信他們在中東 Tmur地區 是為了控制石油供給 就像他們在歐洲和歐洲以南所做的那樣 他說
根據這些官員所說 有很多方法可以解決此事
「美國有我們海軍的能力」 「確保航道是開著的」 「如果必要的話」
Zinke說,當他在"消费者能源联盟"的公證會上 演說的時候,一個團體沒有建立在美國的"石油使用者"的優點上
他也与华盛顿对俄国和伊朗的攻击相提并论, 并施加同样的压力。
他說: "從經濟角度到伊朗和俄羅斯的選票... ...是一樣的、影響和替代的石油," 他說, "當他以俄羅斯為目標時,他將它看作是無選擇的,而且經濟如此仰賴石油。"
這個事實是在崔普管理部升高氣體出口的任務中被開除的, 使得歐洲的使用者更便宜,代替俄羅斯的使用者。
因此,特朗普警官,包括美国总统唐纳德·特朗普 自投赞成票 说服德国退出第2街管道项目
莫斯科曾多次提到North Stream 2号管道项目 价值11亿美元的管道项目
克里姆林宮推翻了這個項目 是因為經濟與不公平的競爭
"我相信我們的能量不能成為武器來推動 而使用者需要自由選擇。" 俄國能源部長阿列克山德爾·諾瓦克說,在9月與美國能源部會面,里克·佩里在莫斯科。
這個美國的行動邀請了德國對這個項目的不滿 并證實了它對這個項目的承諾
德國的主要工業組織、德國工業聯盟(BDI) 要求美國不要干涉美國的能源 以及柏林和莫斯科的協議
"我遇到了一个很大的问题 第三个国家介入了我国的能源供应。" "迪特尔·坎普夫说,最近德意志工业联盟(BDI)领导人在德国总理安吉拉·默克尔(Angela Merkel)和俄国总统弗拉德米尔·普京的会面后,
伊莉莎白·沃倫要成為2020年的總統 參議員馬薩诸塞州說
Elizabeth Warren, Massachusetts参议员在周六 說她會考慮做飯前的候選人
當在馬薩诸塞州霍利奧克市的居民開口時 沃倫說他會考慮跟人比武
一位女士到華盛頓時已經到了... ...修復我們的王國... ...包括將一位女士安置在她身上... ...她說...
在11月6日之后 我會考慮當上候任總統
沃倫解釋了他對唐納德·特朗普總統的擔憂... ...當他答覆的時候...
"我擔心Donald Trump對我們的民主做了什麼"
沃倫對特朗普的批評 是因為他把Brett Kavanaugh 稱作是聯邦法庭的候選人
沃倫說 "我們需要在選舉前調查聯邦調查局"
不過 周四我們舉辦一次例會 表明沃倫認為沃倫不應在2020年參賽
在Massachusetts州的选票中 58%的选票上 说参议员不应该参选
百分之三十二支持他參賽
之前的戴瓦尔·帕特里克州长 也表示支持他参赛 38%支持他 48%的反对
民主黨成員的名字和2020年的競爭潛力相同 是前總統喬·比登 以及佛蒙特州的Bernie Sanders參議員
Biden說,他將在1月正式決定, 根據協會報告。
莎拉·佩林在特朗普市的 创伤后患有溃痛症
崔克·佩林 26年 在9月加入軍隊之后 在伊拉克待了一年
他星期一晚上因家庭暴力被捕并被起诉
"我儿子回家后 我能感覺到其他家族在面對 PTSD的問題" "The what my own son is dealing with, I can feel the other family 和那些因傷重而回家的人" "and those who come home with injured," 他說他正在為唐納德·特朗普 在俄克拉荷馬州圖爾薩的一個集會裡 he says he's in a conference for Donald Trump in Tulsa, Oklahoma.
佩林說孩子被捕的事很嚴重 他對自己的兒子和退伍軍人說
他于星期一在阿拉斯加Wasilla被捕 并被控犯有对妇女的家庭暴力罪
18個國家,華盛頓支持對新農作物的寶藏
十八個國家和哥倫比亞領地都支持反對美國的基礎 它阻止了那些從恐怖組織或家庭暴行中逃離的受害人們的贖罪
十八個州和地區的副總統在週五的華盛頓向法院交涉 是為了支持一個違反本理的乞丐 宣佈NBC新聞
在Grace v. sams案中,全名都是用美国公民自由协会 为未公开的联邦基础而编造的。
他說,他的配偶和「他的兒子很兇殘」 但是美國官員在7月20日拒絕了他的要求
她被關在德州
支持Grace的州檢察官解釋El Salvador、洪都拉斯和危地马拉,
2014年美国申请归还一项决定 移民局允许移民逃离家暴 寻求慰藉
Karl Racine, 哥伦比亚司法部院长 在周五的陈述中说 "不违反州法、联邦和国际法律"
"依法, 聯邦法律,所有訴求都必須以事實和情況來決定, 并阻止它違反原則"
檢察官們也提出這個要求 阻止外來者進入美國的經濟
檢察官Jeff会话 下令移民法官不再因6月份的暴行 和恐怖团体的暴行而向逃犯提供慰藉
...因為害怕被迫害或因為加入特定的社會團體或持有不同政治力量而離開自己的土地的人。"
根本不想解决问题 即使所有的问题都是很嚴重的... ...
工作在帕劳越陷越深 死亡人数就越大
對幸存者來說 情況越來越糟
Rissa Kusuma是個35歲的母親,
「每輛救护车都帶著一具屍體」
喝了點小酒。"
村民們似乎正安然無恙地回自己的家 找到他們在水裡的東西 試著拯救自己的能力
有一百人受伤 医院也因为地震 严重程度为7.5的地震而损坏了
包括杜威·哈里斯在内的受伤患有脊椎骨折和肩膀骨折的患者 在帕鲁军医院外面休息
他的眼泪在地震中卷土重來時流淌... ...他與妻子和女兒共用五家酒店
"无法拯救我们自己"
我被困在塌陷的牆上,我想,"Rays對Asociated Presess說,
"我听到我妻子的呼喚,請不要出聲"
我不知道 我妻子和孩子都怎么了 I don't know what happened to my wife and child.
我希望他們沒事 I hope they're okay.
大使 大使 大使 大使 大使 大使 大使
一周后,中国官方报社发表了四篇美国报纸的广告, 从而改善了美国与中国之间的贸易利益,中国大使到中国国指控中国利用美国报刊散布宣传。
去年三月,美国总统唐纳德·特朗普(Donald Trump)在《Des Moines Register》杂志中引用了中国报纸《每日报》的广告。
關於特朗普的控訴... 北京試圖介入美國的選區... ...解釋美國軍官向路透社報告...
對外國政府來說,這是一場宣傳廣告,宣傳商業,北京和華盛頓... ... ...現在在一次惡劣的貿易戰爭中... ...
中國在這場貿易戰爭的初步行動是 支持特朗普代表的共和黨 中國專家與美國的說法
泰瑞·布蘭斯塔德,美國大使到中國 以及前愛荷華州州長
中国,根据Branstat在《Des Moines Register》的报纸上 写到:
"在宣佈這些提案中,中國政府接受美國所賜的自由,
另一方面,在北京的報紙中,很少有不義之聲,你卻看不到人們對中國經濟的真正觀點的真實視念, 因為中國媒體被中國共產黨所控制,
他還加上了「中國的主要報紙」, 以免發表自己的文章,即使他沒有發表任何新聞。
共和黨已經解散了中立區的女性議員 因為卡瓦諾的故事被分析家警告了
盡管許多共和黨人支持和支持布萊特·卡瓦諾·卡瓦諾·卡瓦諾 未來的中選區內 反對性騷擾的聯邦法院
大多數共和黨在紀錄上宣稱 他們將繼續投票
這些事情是無法改變的。 "Grant Reeher說,Maxwell醫學中心的 政治科學教授, Syracuse University's article,
Reeher并不相信参议员Jeff Flake (阿利桑那州) 采取何种措施迫使FBI展开调查 足以骗过那些愤怒的选民
"女士們不會忘記昨晚發生的事... ...他們不會忘記的... ...明天和11月的...
星期五早上,精神咨詢員在展示國會大樓的景象時... ...當執政權的執政權... ...當卡瓦納夫(Kavanaugh)選擇繼續向檢察官投保... ...即使有克莉絲汀·布拉西·福特博士的證詞...
斯圖·羅森伯格(Stu Rothberg)是自由媒體網站的政治分析家
"人们都说这件事太高了" 真的
尤其對女性選民來說,這會是很高的 來自郊區和年輕的選民,18-29歲,他們不喜歡總統,而且很少投票
在針對他的性侵犯指控之前 聯邦法院認為如果執政權繼續下去 將會發生大規模的暴行
"GOP"是米切爾·斯泰拉的說法 過去一周早些时候 國家共和黨主席 米切爾·斯蒂拉 根據NBC新聞
"这不是只是投票或投票,或者如果Kavanaugh成功成为了联邦法官, 而这也是关于共和党如何抵制此事和他们的处理方式。" "Guy Cecil the Priority Priorites is a group that helped choose a Democrat member to the news.
然而,美國人民似乎分成了兩半 卻不知該相信誰是福特和卡瓦諾的證人
YouTube最新消息顯示 41%的人說他們相信或相信福特的證詞 而35%的人說他們相信或相信卡瓦諾
与此同时 38%的人声称他们认为卡瓦諾可能 也可能在证人席上撒谎
Flake的壓迫後 聯邦調查局正在調查 Ford的控訴 以及至少另外一個指控 Deborah Ramirez 新聞記者
上周,福特在卡瓦諾17歲時 在參議院的法官面前宣誓供詞
拉米雷斯也說 聯邦法院的候選人 也在福特面前揭發他的JJ 當他在1980年代在耶魯大學舉辦派對時
全球網站建立器材,啟動新的 Google 和 Facebook 網路網絡
世界網站的創始人 Tim Berners-Lee發起一家創始公司來瀏覽Facebook、Amazon和Google
這個科技創始人 Indrut
Solid 允许您选择用户将何处保存的数据 以及谁有权获取信息 。
和Fast Company的一次獨家訪談 Berners -Lee 開玩笑的 真正目的是"統治世界"
他說"我們現在必須這樣做" "we have to do this right now," 他說這家公司是關於這家公司的" he said about the corporation of this start.
"這是歷史性的一刻"
這個應用程式使用 Solid 科技, 可以讓人們建立自己的「個人資料存檔」 或「POD」
可以列出身份表、每日工作单、日历、歌曲清單和其他私人工作用品
它就像谷歌 Drive, Microsoft Outlook, Slack 和 Spotify 虚拟机一样同时提供 。
關于個人數據存量的獨特之處是 它需要使用者來查看需要資訊的類型
這個公司將它轉為"數據管理"
約翰·布魯斯的首席執行官說... ...這是為幫助人們享受 Solid而帶來的資源、程序和技能
這個公司現在由貝爾納斯 -李 布魯斯 一家 IBM買下了安全平台 This company is now existed by Berners -Lee, Bruce, a safe platform 提供, IBM 某些工程承包商
從這周起 全球科技研發團隊可以自己建立自己的應用程式 而不用在任何地方使用Inrut網站上的裝備
Berners-Lee表示,他和他的队员 与'Facebook 和 Google 毫无瓜葛' 来介绍或者不介绍改变他们商业模式
"我們不要求他們的同意"
在星期六的Medium中, Bernes-Lee写到:"它的目的是提供一种商业和生态的动力, 以便帮助保护使用Solid的 Intergries and qualimited a website that's use of Solid.
1994年,Berners-Lee在Massachusetts科技研究所 开发世界科技网站时改变了世界互联网。
最近幾個月 Berners -Lee大吵著要讓網站自由
在推出Inrupt的同时, Berners-Lee将继续作为全球网站、网络和开放数据研究所的创始人、创始人和首席执行官。
「我對新網站感到非常樂觀」,加上 Berners-Lee。
伯納德·范恩 維多利亞·克羅斯 第一次世界大戰慶祝
第一次世界大戰中 唯一接受維多利亞·克羅斯獎的 英國教會的牧師
1918年9月29日,在貝爾南格利斯和雷哈古特的襲擊中接受了這份獎項
然而,四天後,他被狙擊手殺害 并不知他是否知道 他曾授予過英國最高的榮譽
他的兩個孫子在週六在北安普頓郡的拉什登舉行遊行
他的外孙迈克尔·凡恩说,这幅画是"闪耀的象征" 因为这块石头自从他爷爷的勇敢举动后 一百年内就会打开万象窗帘
1918年9月29日,根据伦敦加兹特报,凡恩上校 率领他的营运兵团 从圣昆廷的西南
然后她用"神奇的勇气"把她拉到边境 然后又用枪指住她 然后朝三人开枪
上校在1918年10月4日被一名德國狙擊手殺害 1918年10月4日 戰爭結束前一個月
米切爾·范恩 72歲的祖父說 "我不可能重蹈覆轍"
他和他弟弟James Vann 也在那之后放了一束花
米歇爾·凡恩說,「我很榮幸能與你一樣」 加上「真正的勇氣」
觀眾們整晚都在看Bellator 206 他們卻把Pipa Pig給了他們
想象一下,你整夜都在看Bellator 206, 但不想看主播
圣何塞有13場比賽的名單 包括六場每晚在五頻道直播六場比賽
凌晨6點,當加加德·穆薩西和羅瑞·麥克唐納德 準備與我們取得聯繫時, UK的觀眾在播放《佩普佩佩奇計劃》時, 觀眾都陷入了昏迷
其中有些人很生氣 因為他們整晚都在看比賽
一位粉絲說,要向兒童卡通頻道轉播"不愉快的笑話"
"政府規定六點前的廣播 不適合參加這場比賽" "他們必須為孩子們播出" "Dave Schwartz說"
'小豬',是的'
貝拉多·斯科特·科克公司的總裁說 他們想重新安排一個頻道
"我想,当我说起广播时,我们可以做点什么" "Coker said, when I'm talking about the repeat,"
但是6: 00是星期日,我們可能無法做什麼, 直到我們週日,我們週日是他們的週日。
我們正在研究呢 We're working on it.
相信我,當廣播被轉播的時候... ...會傳出大量復印的電子郵件... ...而所有東西都聽不出來
我們正努力處理這件事 我們認為這是個技術問題
但是,不是的,這跟政府有關
我保證在未來不會發生這種事的 I promise this won't happen in the future.
我們將把比賽推到五場 而不是六場 和往常一樣 我們嘗試做一些不能為粉絲做的事
"這很不幸" "It's a bad situation."
德賽特島迪斯科 湯姆·戴利對性愛感到自卑
湯姆·戴利的奧運者說他因為自己的性欲而低落地長大了 但這是他成功的動機
她24歲的時候什么都察覺不到 直到她念完中學 感覺"不是每個人都像我"
Lauren Laverne帶回來的第四個沙漠島 第一次說話 他談到同志權利 給他們其他人"希望"
他還說"爸爸"了 他對奧運會的勝利毫不關心
陪審員們一直都在計劃中 Kris Young因病假好幾個月了
他的情感突然出現在拉佛內的第一個計劃中 戴利說 他覺得"從小到大都是" 因為"他不能以男人或女人的身份來社交接受"
他說:"今天,少了一個人的感覺和別人的感覺 和別人的感覺不同" "這正是你推動我并給了我力量來成功"
他想要證明自己是"他所說的" 所以他沒有讓任何人失望 當他們發現他性格上癮的時候
贏得奧運銅牌的獎牌 現在已經是LBGT的高檔產品
他說這句話是因為他覺得 自己很幸運 能夠不受傷害地生活下去 他想把希望交給他這樣的人
全世界的冠軍數三下 說他和一個美國電影制作人達斯丁·蘭斯·布萊克墜入愛河
戴利嫁給了奧斯卡的冠軍 他去年的年齡比他大20歲了 但他說 他們的年齡根本不存在
「當你經歷過如此多的年輕經驗」 「他14歲時,第一次參加奧運運動」 「他爸爸因患癌病去世三年」 「他說他很難找到同一個年齡的人」
-戴利和羅伯特·雷·戴利 說她現在的人生都改變了
"如果你去年問我,那只是關於 "我必須贏得金牌,"他說。
"真的,除了奧運會金牌之外"
我的奧運會金牌是羅比
他儿子名字叫羅伯特,他父親名叫羅伯特,他死於2011年 在他40歲後,腦中出現了疾病。
戴利說她爸爸不願意接受... ...她將死去的事實... ...她最後要問的是... ...他們是否已經買了去倫敦的票... ...因為她想坐在前排
"我不能說,你不可能坐在前排",他說。
"当他停止呼吸时 我仍然握着父亲的手 "I'm still holding my father's hand when he stopped breathing, "直到他停止呼吸" "No until he stops breathing... 我才意识到我爸是不死的" "and I just realized my dad's not gonna live forever."
明年Daley在2012奧運會比賽中贏得銅牌
"我知道這是我一生夢寐以求的 "I realized this is what I'd dreamed of my entire life - 來在我的國家的粉絲面前...
也是他首首首歌的灵感源泉之一 Heather Small
周六晚上11點15分,我們將在4點BBC廣播电台播出
邁克爾森可沒準備好 在周六參加雷德獎杯比賽
菲爾·米克爾森在週日會創新紀錄 當他在皮拉·雷德的比賽中 舉辦了47次新的比賽時
邁克爾森將參加這週三的比賽 以記錄12次的記錄 已經由吉姆·弗瑞克上尉主持 周六的火球和火球比賽
五大贏家 作為啦啦隊員 練習如何修正遊戲
一個不能直打球的人 即使在球賽中 48歲的球手 也不能在高爾夫球場上打球
如果這次高爾夫球場的比賽中 邁克爾森在週末的第九場比賽中 將會與英國最成功的冠軍 Francesco Molinari
如果美国玩家在12個比賽中落后4個眼球 開始是單打12場比賽 那么邁克爾森的比賽一定很重要
弗瑞克對球員很有信心,這是他唯一能說的了
"她理解她今天的角色, 并拍拍肩膀... ...并把手放在我肩膀上... ...她说,"Furyk说,"
"她自信很高"
他以前很出名,一直為這支隊伍工作... ...和這周
我大概想象不到他在兩場比賽中會出局
我想了很多,但這就是我們認為應該做的。
他跟大家一樣 想做一樣的事 He wants the same thing, like everyone.
米克尔森要打破尼克·法尔多的记录 为今晚的雷德杯
這可能是他最后一次加入雷德獎杯了 他從來就沒有跟他的私人記錄比過
Mickelson贏了18次 輸了20次 7次
"她笑又笑,又笑,又笑,又笑"
"我觉得所有年轻球员都跟他一起玩得很开心" "I think all young players have having fun with him this week," 见到她我也很开心" and I'm happy to see her.
他不只是在玩耍,而且不只是玩耍
歐洲隊長 Thomas Bjorn知道 他們的首要位置 很快就會消失
歐盟隊長湯瑪斯·比約恩,他熟悉的... 在雷德獎杯的最後一天... ...他可能失蹤...
這個丹麥音樂人第一次參加1997年的 瓦德拉瑪比賽 在那裡,賽維·巴萊特羅斯以船長的身份開賽 并以5分之高的美軍前進... ...但只有很少的14比1比13的贏家才能贏
"你不断提醒自己,在Valderama的前哨下, 我们也可以在Brookline的前哨上占上风, 但我们输了,在Valderram赢了, Bjorn在6月2018日赢了5-3比赛之后,
所以歷史會證明我和這支隊伍裡 所有的人都還沒結束
我們明天就要打完了
乖乖出去玩 別犯錯
除非眼睛被拔掉,否则一切都还没结束。
我們有一個目標,想要挑戰戰利品 我們會專注於這個目的
我告訴過你 我會把精力集中在我們隊裡12個球員身上 但我們得知道誰才是對手 -他們是世上最厲害的玩家
他手下在高爾夫球場的成就真讓人高興 比約恩又說 "我無法想像"
明天是新的一天
明天人的成就需要受到震撼 而那完全是另一回事
和朋友一起出去玩是一件好事... ...當一切順利時... ...但是當你獨自一人時... ...你將能擁有完整的高爾夫球員能力...
這是所有玩家需要收到的消息 給大家明天最好的消息
"現在把你的朋友留下,他也要盡全力"
和Bjorn的相反 Jim Furyk的對手 會希望他的球員會以自己的球員比對比 除了Jordan Spieth和Justin Thomas 他從四只眼睛中得到了三隻眼睛
弗瑞克自始至終有經驗 當他身在布魯克林的隊伍中
"我还记得每一个字" 他说,当他回答本·克伦肖1999年船长 问的问题时... "I remember every word, he said... "When he answers the question...
"明天我們還有12個項目, 但如果你們想快速開始, 就像您在醫學院看到的那樣,
時間一開始,它就會對中場活動施加壓力
我們將按照我們認為合適的方式 把玩家排到一起 我們明天要做點很棒的事
托馬斯接受了與Rory McIlroy 并與Paul Casey、Justin Rose、Jon Rahm、Tommy Fleetwood 和Ian Poulter 的反擊和反擊 ... ... ... ... ... ... ... ... ...
"我做了这些规则,因为我觉得这个规则会实现... "Bjorn说关于个人的选择" "Byrun" ...then I'm doing this rule because I think it'll compel and compel... "Bjorn"
新型德國戰艦又落後了
德國海軍應該在2014年接受他的冷戰戰戰船的冷戰船 但船明年不會準備好 因為當地媒體報告顯示,系統和成本正在崩潰
萊恩蘭 -Pfalz戰艦的發明, 位于巴登 -瓦爾特姆伯格號下的第一艘船... ...已延後到2019年頭半,
這艘戰艦本該在2014年加入海軍的 但不幸的是 這場盛大工程的災難
2007年海軍訂的四艘巴登 -沃特堡戰艦
可以理解,它含有诸如大炮、多种反航空和反航空设备 以及一些隐形特性,如雷达探测器、红色灯和机动能力等。
某些重要特性是在更久的保育期距离... ...
然而,有許多阻礙 包括這艘軍艦在內的德國軍事艦 以及德軍在內在國外的勢力
不幸的Frigat F125 去年成为新闻稿 当德国海军陆战队军官 不愿意整艘战舰返回汉堡Blohm & Voss的工厂
這是海軍第一次在送貨後 把船送回他的營地
但德國報紙稱這艘戰艦被派去戰鬥時 造成一些"實力和設備"的破壞
软件故障需要重擔 因為巴登 -沃特堡戰艦 克拉斯的戰艦 只有120個班級
這艘戰艦太重了 這會降低功效 降低海軍在未來做出任何進步的能力
德國軍隊在二戰期間使用的戰艦7000名 可信度高達兩倍的戰艦
除了对设备的损坏之外,整套工程的价格(包括对班级的训练)也成了问题。
據推斷,這個專案已經被 $3.10億美元(3.6bn)收買了 - 超過2.2億歐元的原價增加
新型冷戰船遇到的麻煩顯示 德國海軍的潛力有多低
今年初,國會防部長Hans -Peter Bartels 承認海軍的缺點是...
軍方也說情況越來越糟 因為舊戰艦被截停,沒有補給戰艦
他抱怨沒有一艘冷戰船能加入海軍
國家信托會監督梅花生命
最近在苏格兰高地進行的研究 目的是解釋為何蝙蝠會用地球的形狀捕食食物
希望這次研究能引發一個獨特的哺乳動物行為
蘇格蘭國家科學信托基金的研究將跟隨一般的蝙蝠蝙蝠蝙蝠蝙蝠 和長長的棕色蝙蝠蝙蝠蝙蝠蝙蝠
這些特殊的錄音工具會放在 房子周圍的特定位置 以追蹤全季的蝙蝠活動
NHS的員工和志願者 也會使用便携式追蹤器來進行移動
專家分析所有錄音帶的音響... ...都會確定每種蝙蝠的频率 以及它們的種類和這些蝙蝠的行為
一份生境地圖和一份報告將被設計成... ...在蝙蝠行為的表面上畫出一幅地球形圖。
羅伯·德瓦 國家衛生組織的顧問 希望這次研究能顯示出 對於蝙蝠來說最重要的栖息地 以及每一個蝙蝠的使用方式
這些資訊會幫助您查明栖息地管理的好處 比如造田野 以及如何為野生動物 和其他相關物种 耕種最好的方法
蘇格蘭的蝙蝠數量已經下降了好幾百年
蝙蝠由于建筑物和工程的危害 而受到了威胁 它阻碍了梅花的生存和栖息地
風景和燈光也是蝙蝠的風險 和蒼蠅陷阱和一些化學物 用來治療材料和貓咪攻擊
蝙蝠其實不是瞎子
因為蝙蝠在夜晚捕獵 它們的耳朵比它們的眼睛更有用
他們用一種定位定位方法 追蹤昆蟲的位置和在飛機上遇到的障礙
NTSD负责保育超过270座历史建筑 38座重要公园 76,000人在全国各地的土地
他們有十位受訓的專家 經常在監管下打探地點 有時會拯救蝙蝠
這個組織也建了一間 位于杜弗裏斯和加洛維的 蘇格蘭的一家倉庫 位于斯考特蘭10個梅花品种中的8個
大衛·湯普森說這裡是最適合蝙蝠的地方
"在Thereave, 我们有地方适合蝙蝠,"他说。
"我们有一座旧楼 许多大树和适当栖息地"
我們對蝙蝠的事還不清楚 所以我們在這工作 還有其它地方,能幫助我們理解 蝙蝠需要什麼來生存和進化
他要求在我们开始房地產维修工作之前进行检查的重要性... 因为有一种可能性... He pressed how important it is to run the check before we get into a estate conservative work...
蝙蝠是被保護的 而且是殺戮、破壞或破壞的錯誤
我是伊麗莎白·費雷爾 蝙蝠保育信托的員工
他說 "我們對蝙蝠和人類來說 仍然有很多東西需要學習" "我們不知道他們是怎麼繁衍的"
羅納多拒絕了強暴的指控 而她的律師正在準備審查德國雜誌
克里斯蒂安·羅納多指控他犯有假傳單 說他想用他的名字來宣傳自己
他的律师将主持德国杂志《斯皮格尔》的报道 发布了这些指控的报道 His lawyer will be hosting the German magazine, Der Spiegel printed to these charges.
葡萄牙和朱文斯的前球手被控強暴一名美國女人 名叫Kathryn Mayorga, 2009年在拉斯維加斯酒店的一個房間裡
然後她說她付了37萬5千美元 用來封閉受害者的口費 星期五的"斯皮格爾"報告
在Instagram Live網站上與他的同夥1.42億2百萬次交涉後
"不是的"
他們說今天的假消息是"五號巴隆獎章的獎勵"
"他们想用我的名字宣传自己"
啊, 啊, 啊, 啊, 啊, 啊, 啊, 啊, 啊, 啊, 啊, 啊, 啊, 啊, 啊,
想出名就叫我名字 这是我工作的一部分
「我是個快樂的人,一切都很好」 「那玩家說,只要微笑。 」
Ronaldo 的律師正準備起訴De Spiegel
陪审员Christian Schertz 说他们将要求赔偿"直接侵犯他的个人道德"的损失 这可能是最近几年中最严重的私人权利损失之一"
2009年6月,在拉斯維加斯Palms酒店和賭城的一家高級酒店
在一家夜店見面後 Ronaldo和Mayorga 報案說要回那家玩家的酒店
少校說,當球員倒下後,他們說,"99%"是好的,因為"1%"是"1%"
這些文件可以證實羅納多是否承認有性行為 但基本上他喜歡這樣
少校也指控他做警方报告 拍下你在医院的伤痕照片 然后同意在庭外完成,因为他有"害怕报复"
那個34歲的女人現在想取消我們之前的解決方案 因為她還是受了創性的創傷
羅納多差點就加入曼徹斯特州的皇家馬德里了 而今年夏天他已經搬進了一億元的意大利足球大賽
UK ╆簆иア畉
如果在布列克西特后國務卿說 "永遠不後悔" 失去國家領袖身份的話
他加上了"忧虑",因为Toyota UK告诉BBC 如果英国人未经解决离开欧洲联盟,
克拉克先生說我們需要解決辦法
日本的搬運工說如果沒有Brexit的解決辦法 就會造成失業的影響
在伯納斯頓開了輛Toyota Auris和Avensis車 去年裝了近150萬部車
如果英國人在5月末離開歐洲聯盟 我們將停止我們工廠的汽車售賣" "Marvin Cooke說" , 在布納斯頓的托伊塔公司總裁
包括本田、BMW、捷豹和Land Rover在内的其他UK型汽车生产商 也表示担心如果UK离开欧洲联盟而没有解决边界的利润交易方法
例如,BMW說 在布列克西特後一個月他們要關閉在牛津的小型汽車工廠
汽車生產商的主要問題是 如果布萊克西沒有解決辦法 就冒著被銷毀的風險
托伊塔的貨車收費是根據及时的供給... ...而不需要存儲的... ...
如果UK公司于2008年5月29日脱离欧洲联盟 但没有解决任何问题的话 If UK leaves the European Union without any solution in 29, 那么工业家们预测的边界可能会出故障 a big possible rogue in the border that the Industries predicted
Toyota不可能在Derbyshire工厂里 一天多地保存存货
克拉克先生说 特蕾莎·梅先生关于与欧洲联盟 进行二次联系的下一步计划 Mr. Clark said the future plan of the Secretariat Theresa May related
"我們需要一個解決方法,我們需要一個解決方法,
不仅是丰田公司 还有其他的生产商也表明 我们必须继续建立起非常成功的采购网络
Toyota不能透露其产量将持续多久, 但长期的警告会增加成本,减少工厂的溢出率,
Peter Tushavallanis 在Burnaston工作了24年 并且是这个工厂的工会成员
一位國民發言人說 "我們已為未來的我們 歐盟和未來的聯繫 制定了一個正確的計劃" "We've made a very straight plan for the future of our future and the European unit."
和Rosenstein的特朗普會面 可能又被取消了 白宮說
唐納德·特朗普与羅德·羅森斯坦檢察官的會長羅德·羅森斯坦的會面 很可能是在下周一的
Rosenstein负责调查Robert Mueller 以及俄罗斯和特朗普的助手 以及总统的司法公正
Trump是否會炒掉檢察官的副手Mueller的自由 來繼續調查是華盛頓最熱的八卦
本月初,纽约时報報報報告 Rosenstein 打算用秘密錄音工具 拍下她和Trump的對話
羅森斯坦拒絕了這份報告
但上禮拜一,她去白宮了,她說她要辭職了
和特朗普在紐約聯合國的會面
特朗普說她"不願"開除羅森斯坦 但這次會議被耽擱了 以避免她跟卡瓦諾和克裏斯汀·布拉西·福特博士 聯手起訴卡瓦諾的一位女士
周五,Trump下令FBI 调查Kavanaugh的控訴案一周,
特朗普的記者Sarah Sanders在週日的Fox新聞裡出現
當他問到羅森斯坦的會面時 他說 "塔里克可能這周還沒被定下來
等著瞧吧,我會永遠把最新消息告訴媒體的
Sanders自9月10日起从未开过白宫新闻发布会
接待員克莉絲·華萊士問為什麼
桑德斯说他没有举行很多新闻发布会 不是因为他不喜欢电视记者 试图寻求"关注" 但他说 "我不同意 因为他们真的需要关注"
然后他说媒体和特朗普之间的联系会扩大
"主席之前就答覆问题最为重要" 他说, "我们已作出计算了" "We've made the answers over the president before,"他没有提供任何证据。" "He said no evidence. "We've made any calculations."
新聞會繼續播,Sanders說, 但如果新聞界有權直接問美國總統
我們正努力讓事情變得更常發生 而且自從上周起你已經見過我們這樣了
特朗普经常在去白宫的路上回答新闻界的问题 或是在公开答辩会上或者在媒体听证会上与贵宾会面时
媒體是很少見的
這個星期在紐約,總統表示... ...為什麼他有時會在會面的會員面前 舉行自由而奇怪的事件
健康部長寫給NHS歐洲聯盟的員工 關於他們對Brexit的不滿
健康部致函所有在NHS Scotland工作的欧洲工會的员工 致谢这个国家
Jeane Freeman MSP在美國離開歐洲之前 寄了6個月的期末信
苏格兰皇家政府已經為歐洲公民團 勞動調查員的請求支付了費用
Freeman女士在信中写道:"在夏天,UK和欧洲退役聯盟的谈判仍在進行中,
但是英国政府已经提高了 面对一个没有解决办法的局面的准备工作。
我知道你們都非常擔心這個 I know it's very concerned for you.
所以我要表達我有多感激你們每個人的貢獻 而不考慮你們的國籍
与欧洲及其它国家联盟共度良宵的同事们 有着丰富的经验和技能 加强医疗服务,为病人和社区带来好处
蘇格蘭是你們所有人的家 我們要你們留在這
Chrision Abercrombie 在接受头部创伤后 主持了紧急手术
田納西州鐵拳隊艾伯克倫比 在失去31 -27的頭部頭部受了重傷後
羅德·里德教練告訴那些受傷的警員 就在第二半小時前發生的
"她走近边缘了,突然摔到那上面" "Reed says she walked near the edge there,"
教練和醫療人員 送艾伯克羅比氧氣到那裡 送他進貨 帶他去接受治療
田納西州立大學的一名員工通知 來自納什維爾的奇爾·哈里斯
哈里斯加上"目前没有关于他伤痕的任何信息" 而田纳西州则试图确定他是否受伤
艾伯克龙比,第一年的红衣检察官 在从伊利诺斯州搬过来后 和田納西州州巡回演出第一季
他周六出局前做了五次戒毒... ...本季的水平是18次
當他們買下尤克莊園時 外國的買家會得到更高的定價
海外買家會得到更高的貸款 當他們買下UK的房產時
這一步將證明Corbyn成功 吸引年輕的選民
對於那些沒有向UK支付稅的人來說, 這種立場會是合法的。
預期基金每年可以提款120萬英鎊 - 來幫助流浪漢
當他們買下尤克莊園時 外國的買家將得到更高的租金... ...這些錢將用來幫助流浪漢,
這對Jeremy Corbyn的成功 有如指掌 吸引年輕的選民們
資金會幫助政府解決一個無家可歸的人的問題
加上... 加上... 包括两年前向第二幢房子和一所房子 提供3%的高等公寓。
預期金將在每年2.2億英鎊的前提下得到收購
據估估定了倫敦有13%的房產 是那些非美國公民買的
大部分高貴地區──尤其是首都─────都變得孤獨─因為大部分國家擁有大量的外國人。
鮑裏斯·喬森提出要求 要求讓更多年輕人去買他們的第一座房子
他指控一家大型建筑公司 故意在购买土地上维持高昂的房產价格 但他没有醒来 {\3cH202020}He advised a large corporate estate continuously maintained with buying land but not wrecking it,
Corbyn先生已经宣布 一系列公寓更新提案 包括租金管制 以及无罪驱逐出境
他想要更多的權力來建立新的家園
梅太太說:"但後來我說,我會盡我所能... 恢復英國的夢想
這本來是要改善我們的爛房市場
英國人會向任何想留在這工作的人們敞開心扉的 工作與創造生命的人敞開心扉的
然而,對於那些不住在英國的人們和國外的公司 買房子 比起在這工作的英國人 這太不公平了
對太多人來說,我夢想擁有自己的家 遠遠的離家遠的夢想... ...
Jack Ross:我的首要目標是管理Scotland
桑德蘭·羅莎的老闆 他的首要任務是有一天成為蘇格蘭的經理
42歲的苏格兰人希望有一次機會... ...重新宣佈... ...在聯盟的第三階梯上...
去年夏天他帶St Mirren回了蘇格蘭總理聯盟
"我想代表國家做球員
我接到了全BC和差不多的电话 罗斯告诉BBC 苏格兰体育場
"我小時候在漢普頓和我爸一起在蘇格蘭長大 "and I grew up in Scotland in Hampden with my dad at a kid, 總是把我拉過去" "and it's always drawing me there."
如果我能在夜總會當經理 機會就快到了
羅斯接任桑德蘭的經理 包括迪克·迪卡特、多佛·莫伊斯、山姆·阿勒迪絲、馬丁·奧尼爾、羅伊·基恩、格斯·波伊特和保羅·迪卡尼奧
前任經理阿洛亞·亞特曼說 他不會因為在大型俱樂部裡 留下一個非常有名的名字而感到震驚 因為他之前拒絕了巴恩斯利和伊普斯維奇鎮的候選人
"我的成功感想是" "我能把夜總會帶回去嗎?"
因為這個俱樂部的結構和設備 應該在自由聯盟裡" 他說的
"那并不容易" "It's not easy to supply, 但我要是能把这家俱乐部重新召回 but I'll assume if I could regain this club back 国会区"
Ross在管理部門工作3年了 在Dumbaton當了助理後 成了Hearts的教練15個月
然後他幫助阿洛亞回到第三階段 ...在將聖米倫的命運降到下一季
羅斯說他現在很自在 不像在Clyde、Hartlepool、Falkik、St. Mirren和Hamilton Academical那樣
"這是唯一的選擇" 他管理Aloa的時候回想起了自己
"我知道管理方面 与我相配 而不是玩弄别人" "I know of the manager is competent against me, not to play.
听上去可能很奇怪 因为我成功过日子 享受一段美妙的时光
玩耍是挺不容易的 I play it was hard.
你們每個星期都要經歷很多事
我還在努力克服壓力和消費... ...作為球員... ...但作為我的經理人... ...更舒服
我總是想著自己來處理,現在我正在做呢, 我感覺很好,做我愛做的事, 我的成長生涯。"
你可以在週日下午12: 00到1: 00之间 在Sportsound上聽到這個完整的采訪
周六下午五點半,根據研究
今年夏天的夏季波浪 帶來了不列颠的公共群眾的好運... ...他們遇到了麻煩... ...但是有家快餐店... ...
{\fn黑体\fs22\bord1\shad0\3aHBE\4aH00\fscx67\fscy66\2cHFFFFFF\3cH808080}酒吧和酒吧团体 {\fn黑体\fs22\bord1\shad0\3aHBE\4aH00\fscx67\fscy66\2cHFFFFFF\3cH808080}7%的销售率 {\fn黑体\fs22\bord1\shad0\3aHBE\4aH00\fscx67\fscy66\2cHFFFFFF\3cH808080}但在餐馆的销售率下降了4.8% {\fnarial black\fs12\bord1\shad0\4aH00\fscx90
彼得·馬丁,來自CGA商會的Peter Martin,他收集這些數字說:"如果熱量持續下去,
6月,在餐廳中,1.8%的生意在7月暴跌
借用酒吧里的酒和酒吧 比餐厅下降的要强劲
{\fn黑体\fs22\bord1\shad0\3aHBE\4aH00\fscx67\fscy66\2cHFFFFFF\3cH808080}但是并没有那么糟 {\fn黑体\fs22\bord1\shad0\3aHBE\4aH00\fscx67\fscy66\2cHFFFFFF\3cH808080}我认为
看來大多數人只是出去喝啤酒了 {\fs13\1cHFFFFFF\b4}It seems most people just out for a beer.
月食和酒吧的售价提高了6.6%,而食品下降了3%。
Paul Newman 娱乐和食物分析师Paul Newman说:
天气和社交活动或体育活动仍然是 不断增加的销售在户外市场上的主要因素
并不意外的是 餐厅团体持续缩编 股价下降了4.8% 与今年的相比 Close of the restaurant that's been undercover, 与今年的成本压力相比 it's gonna be worse than the cost this year's pressure.
漫長的夏季天氣 發生在餐廳的控制下 而只有時機會決定 和我們一樣冷的天氣是否會帶來舒適"
酒吧和餐馆的售价增加 包括新开业的价格是 7月的2.7%
在UK,酒吧,酒吧和餐館 收集并分析了47個換位集團的數據
有一個五個小孩的社交媒體賬戶 他們藏匿在父母的賬戶裡
五個孩子中的其中一個... ...剛11歲的小孩... 有一個秘密的社交媒體賬戶... ...他們被父母和老師隱藏起來...
2万名中等教育生 揭示了"偽造"那一頁的增長
這個消息讓性行為更加危險
百分之二十的學生說 他們擁有一個主要的賬戶來給父母看
一個五歲小孩中的其中一個... 一個11歲的小孩... 打開了他們隱藏的社交媒體賬戶...
2万名中學學生的調查顯示 賬號「假」的遞增 - 來自網站分享Instagram的圖片
這個新聞會增加性行為危險性的境遇
百分之二十的學生說他們使用了一個乾淨的 私密的賬戶來給父母看 而他們擁有自己的私人帳戶
一個13歲女孩的神秘網站上有個媽媽, 她有一個13歲的女孩, 她為了"強暴我"一直騷擾人群。
大學高校的UK和高等教育院校的研究成果 得出了百分之四十的十一到十八歲的小孩
HCM主管Mike Buchanan说, "看看有多少青少年被困在网上... 父母和老师都找不到他们"
埃利希德·多伊爾會在蘇格蘭的Athletic Scotish Athletics 董事會上 成為運動員的"話題"中 "Eilydh Doyleh Doyle will be "havior" in the Scottish Athletics Action.
伊裡德·多爾被任命給 斯考特·亞特利特斯的董事會 做為執行董事
多伊爾是史考特蘭最優秀的運動員 Ian Beattie 解釋了這步棋
"在蘇格蘭,英國,以及國際運動團體" "我們是苏格兰的運動員" "會得到很大的好處" "Beattie說"
多伊爾說 "我想成為所有運動員的聲音" Doyle says, "I want to be an audience to be all sportors, 我希望自己能貢獻並幫助在斯科坦德的運動。" and I hope to immediately helping this skirt in Scotand.
這位美國運動員在1996年的奧運會中 贏得了200米和400米的金牌 在亞特蘭大的奧運會上 現在有4個奧運獎牌
她問道:「今天,我上個月被擊中。
我走不動了
醫生說只有時間 才能決定我能否恢復原狀
和以前一樣不容易啊 我得重新學會走路 今天我要練習聰明的練習!
謝謝您的支持!"
和牛相比 他的乳酪泡在了網上
一家奶昔投放公司在网上发表了很多意见 因为他们的广告 与奶妈相比
推出「安靜又可使用」這個詞的「母乳」(Ilvie),
第四個媽媽在牛棚跳起舞 唱著"是的,我弄濕了自己的奶子,但你看不到尾巴" and "if you don't realize this, it's my twisty,it's my tties."
砰砰砰地說 "砰 砰 砰 砰 砰 砰 砰 砰 砰 砰 砰 砰 砰 砰 砰 砰 砰 砰
儘管如此,這個廣告在Facebook網站上發表, 引起了網路上的爭議。
有77,000個觀點,有成百上千的評論,這段影片邀請了各種公眾的反應,
"一頭牛用牛來污染這些產品"
就像我們一樣,奶牛需要刮胡子和生孩子做牛奶 但不幸的是,奶牛生的母牛 在他們出生的幾天裡被牛生了出來
帕姆·埃爾維的奶可以秘密地塞進寄生蟲里(Elvie/Mother)
另一個人發表了意見:"這對牛和奶牛來說是一種創傷
"但如何用佢哋用佢哋嘅母乳喂養佢地?"
另外一個加上 "一個不相干的廣告"
另一方人维护了那篇文章 和一个女人承认自己找到了那首歌 "真令人毛骨悚然" The other man holds the public, with a woman claims that he found the song, "It really mean."
"我想這是個天才的主意"
我要是還喂體牛奶,我會買一個的
這讓我感覺像頭奶牛
廣告聽起來有點瘋狂 但我覺得它就像我們說的那樣
這是天才的產品 是個作家
另一個人發表了意見:"這是一份有趣的廣告,
這不是一個值得讚揚的廣告或商業評價的廣告。"
在這段影片的最後一幕中 一群女人揭示了自己 每個人在跳舞時都穿著內衣跳支舞
在這場競技場的後方... ... ...
然而,帕姆·埃爾維埃非常安靜, 沒有線條或管線, 而且可以藏到罐子裡去, 給她自由移動,抱著孩子,
Ana Balarin,媽媽的伙伴和ECD表示:"PAM Elvie是革命性的產品,
与那些用牛奶喂奶的女性共進午餐 我們想將牛奶和任何相關的挑戰 視為主要關注 展示如何娛樂和交流 以及通過新型的泡沫
這已經不是Elvie的第一次了
在倫敦分會集會的週日 兩個孩子的母親在展覽會上 舉辦了瑪塔·賈庫布斯基的演講會 并使用了產品
一百名童子軍士兵 靜默地前往德州邊境的帳篷營地
被捕的移民人数增加,即使月球边界的转移也微不足道,因为 Trump 省长所辨认的重心和重心,
按照傳統 投保人是未予赦免的移民者 他們害怕如果他們帶走了孩子 就會危及他們在國內居住的位置
風險增加,當聯邦政府宣佈... ...未來的家族贊助人和其他成年人... ...必須交出他們的指紋... ...而這些資料將與移民局分享。
上周 Matthew Albence, Imigresen 和Katstam的法警在國會前作證,
局里證實70%的犯人 之前沒有犯罪記錄
大约80%的人有担保人或家人的担保人 都非法来到这里 而其中大部分是未经许可的来往者
有了這個,我們就會繼續追查這個人,阿爾本斯說。
對於快一點的處理孩子,當局提出新規矩 要求有些人在一個月內出庭
很多人會通過視頻呼叫,而不是親自出面 要求他們的案件在移民法官面前取得合法地位
那些被認為不值得幫助的人 會被立即驅逐出境
這些孩子被關起來的時間越長 他們就越有可能陷入焦慮或困擾 這會引起暴動或企圖逃跑
支持者說 在像托尼洛這樣的大型設施中 擔心的事情更大
他們加上將兒童轉移到營地 而沒有為他們提供情感準備時間 或是向朋友道別 會造成更大的傷害
敘利亞向美國、法國和土耳其的軍方撤退
在大不列颠和巴加斯的审判中... ...一舉一動... ...
穆阿勒姆(Muulalem),他也是首相的副總裁, 他說在敘利亞地下的外國軍隊,
「他們必須立刻撤退,無條件撤退」 「他告訴了法庭」
穆阿勒姆声称叙利亚的暴力事件已结束 叙利亚有360万人自2011年以来死亡 数百万人失去了住所
他說Damsyik會繼續打這場聖戰 直到我們消滅敘利亞的領地" 和"任何外來居民"
美利堅合眾國有兩千大軍在敘利亞 訓練和訓練庫迪什和阿拉伯人對抗巴沙爾·阿薩德總統
法國人在國土上有一千多名士兵
關於逃犯問題, 毛阿萊姆說, 他們的歸來是合適的... ...而且他指控說...
"我们召唤了国际社会和人道主义组织来帮助他们" 他说 "We called the international community and human organization."
"他们将事情变成理所當然的" "they're making things supposed to be humanity's thing. 一个人性"
美利堅合眾國和歐洲聯盟已經警告過 敘利亞不會提供重建援助 直到阿薩德與反抗軍之間的政治協定
俄羅斯和土耳其政府签订了協議 在伊德裡布斯叛軍佔領的區域提供軍事空間
俄羅斯和圖爾基的爭吵 引起了敘利亞軍隊的巨大攻擊 俄羅斯支持的攻擊
穆阿勒姆說,這些約定有"實際的期限" 并希望軍事行動能激發聖戰 包括叛軍與基地組織有關聯的"基地組織"
聯合國特種部隊,米斯圖拉站長希望 能夠為新政府組織的董事會安排第一次會議 包括政府和反抗軍成員
穆阿勒姆明确了敘利亞政府在執政黨的委任書上的要求 他說,這份工作應該被限制在"現在的憲法文章"上
因為崔普贏了第二獎
依據邏輯,Trump在2020年將贏得大獎 除非自由觀察者所期望的
在非常意外的情況下,這是"總統軍事法庭最激烈的結局!"
此時此刻,沒有目擊者的蹤跡
2014年起 最初的投保者在CNN上增加了一倍以上 CNN增加了1.05亿倍 并在TimothyBC上将近3倍
福克斯新闻媒体的平均观众是24亿,加上170万,四年前,根据尼尔森, MSNBC广播, "Rachel Maddow Show ' ' ' '
"这是引起人们注意的火焰" "Neal Baer说这不是我们理解的" ABC剧作家" "Designed Survivor" "Republic of the Kabinet Secretary" "在国会区被摧毁后"的故事。
退伍作家兼作家Just the Funy Pars: 'Few Hard Truths' About Sneaking Into the Holly Boys Club' 也有其它的理论。
2016年大選前他想起了出租車
司机通知他他要投Trump票
- 為什麼?
她說"因為她讓我笑" 斯考弗爾太太告訴我的
嬉皮士們在鬧事中都有樂趣價值
真的,不像电视里那样 华府的历史道路 可以决定Roe v. Wade's future, whether folks can resonate or global economic.
不遵循進步,只是對幸運的觀眾的樂趣
然而,當你看到鮑伯·伍德沃在尋找他的書中 爭論著使用"反擊"的專家小組時, 它偏離了過去。
我再也看不到 Super Mario了
"正如他在现实生活中所做的事" "Brent Montgomery, Wheelhouse Entertainment and Pawn Stars" 和《Trump》的故事(与N. F.L.开始争斗, 赞美金正恩)
你不能錯過任何一集,不然你就會錯過
我這周去看Fleiss時,他在北部的房子外的天氣是80度
他不能留下電視,Brett Kavanaugh被指定與參議院議會的議會委員會對立, 而最高法院的未來仍然不清楚。
"我想起了我們以前做的瘋狂表演" "這是西方文明的開始" "Fleis tells me about the start of the West Modum,"
我以為那是個笑話,但事實上他們很內疚
艾米· Chozick, 《时代周刊》作者 制作了商业、政治和媒体报道
外來的錢流入中選區大會的比賽中
沒想到賓夕法尼亞17號的選票會揭發金錢流向 參議院的重新聯合會區
匹茲堡 sub-bandar District, 由民主黨代表康蘭姆(Conor Lamb)重新畫出,
朗姆與其他護士的競爭者... ...共和黨的基斯·羅斯福斯... ...目前代表了12個舊賓夕法尼亞地區... ...
賓夕法尼亞最高法院在1月份決定 曾經的政權被統治者佔領
17次比賽,剛開始的金融競爭賽... ...是民主黨國會主要黨黨黨會會會會的 ...和國家共和共和國委員會(NCREC)之間的激烈經濟競爭對手。
在賓夕法尼亞州,在Mac的優先競選中,
唐纳德·特朗普总统以20分之三赢得了那片区域
明智的政治支持者 已經給了民主黨優勢
A. S. . . .
多米尼加和巴拿马的外交官已确认是北京, 并得到华盛顿的很少的负面反应。
特朗普先生于2017年6月与巴拿马胡安·卡洛斯·瓦雷拉(Juan Carlos Varela)总统会面,在巴拿马有家旅馆,
政府部门决定重新召集萨尔瓦多、多米尼加和巴拿马的美国外交代表,因为“台湾最近决定不承认台湾人,”Heather Nauert, 政府官员说,在本月初的历史中,
但對薩爾瓦多而言,他只接受1.4億美元的預算, 包括毒品管制與經濟支持。
指出,除此之外,包括财政援助和签证限制外, 还将对中美国家造成负面的影响, 造成巨大的破坏和谋杀。
舉辦了內部會議後,北美和中美的員工參加了高級會議,專注於安全與經濟問題,
但是在9月中旬, 主管部门决定... ...他们想通过这次听证会进行... ...
Mike Pence的副总裁 将在10月中旬 主持的这次听证会上发表演讲,作为代表 首席行政官的进驻地点的信号,根据外交官的指示
第三位美國代表 默默地回薩爾瓦多、巴拿馬和多明尼加共和國
怀特·豪斯·波頓的訪問 拒絕列舉這三個美國官員所描述的爭議計劃 包括兩名已同意的外交官
他們的理解是外來分析員 和政府有密切的聯繫 以及與其談及的異常條件
歷史研究
接下來可能發生的事 特別律師Robert Mueller的報告顯示Trump有妨礙司法的可能
Mueller也會繼續調查 是否Trump 參加了俄羅斯的攻擊
如果國會長們換了手 特朗普就會面臨對立面的關注 一旦他準備好與眾議院對戰
崔普的墜落可能發生... 或者像他這樣的人在歐洲。
大西洋兩邊都有相同的選擇 它會影響到這場戰爭的持續多久
1938年,德国官员准备对希特勒进行强攻 除非西方不追随希特勒 并且支持慕尼黑的Czechoslovak
我們失敗了,我們錯過了機會 避免了接下來幾年的暴力謀殺案
歷史之旅繞著這股惡劣的惡行轉圈轉 民主的無限限度將被加速或延續
美國人民現在面對的這些惡劣點
如果特朗普解雇了羅德·羅森斯坦的副州檢察官 誰才是幕後主張米勒爾?
羅森斯坦自從報紙上報告他去年 打算錄下總統的唱片 並推斷總統不配做這份工作
Rosenstein說"時報"的描述不對
"如果联邦调查局对Brett Kavanaugh的新调查 不完整或不公平...
再說了 我們是否會投贊助 哪個特朗普會要負責任呢
如果這次考驗失敗了 民主將會經歷漫長的冬天
但我相信我們不會失敗 因為我在布拉格學到的課程
我媽是希科斯羅瓦克猶太人的後裔 被同一個俘虜的納粹團驅逐到奧斯維辛
60年后他逃了出來 搬到美國 送我去點安息日蠟燭
我怎能不乐观于我们的未来呢?"
Norman Eisen,右翼之家 Brookings Institute, 是華盛頓的負責人和埃塞卡的負責人,
格雷厄姆·多兰,来自乐观的游騎兵... ... 关于Rapie Vienna的战斗。
漫游者在星期四會主動領袖維也納 發現在今年早些时候與西班牙的比賽中
在格雷厄姆·多兰斯中部的膝盖受伤 {\3cH202020}Beg on a knees in the middle of Graham Dorans 挡住了格蕾姆·多兰斯 {\3cH202020}reathing the douches of Graham Dorans {\3cH202020}by
"Billarreal是个好地方" 31歲的玩家說
"我們在這場比賽中... ...有信念的比賽中... ...我們有信念...
我們本來可以在比賽的結束中贏得比賽的 但比這還公平
他們可能會在初中玩得更好 而我們在第二中場玩得更好
星期四晚上,又一個偉大的歐洲夜晚
希望我們有三隻眼,但比賽很難,因為他們在之前的比賽中做了一個好決定,但是,觀眾們會支持我們,我相信我們會打好球, 並且取得一些好的結果。
去年我受了重傷 以及俱樂部的影響 但現在這地方也挺有意思的
很好的中队和球队都很开心 训练也很棒
我們希望我們能盡力而為 離開去年夏天成功" We hope we can do the best, leave last summer and success."
女性由于养老金的平衡而不能入睡
盡管參賽者有他們想被保護的真實想法 但有些人已經和家人談過了
全國各地的調查中 有一半的驚慌失措... ...表示他們已經和自己的搭檔談過 談到長程轉折費了
只有10%的人在跟孩子談起過這件事
荷莉·斯尼德是全州保險公司的總裁
這是從這裡開始的開始。
跟你的夫婦和兒子說:
與你的律師和家人合作 談論如何得到監護 因為這份選擇將成為 得知成本的重要因素
把你的財務顾问也帶來吧 你的顧問也能幫你拿到錢
支付长期保育费可能包括 传统的长期长期保育保险费 一个混合现金保险公司
完成你的法律文件: 及早完成法律战争
把醫療助理調到地方去 這樣你就能邀請一個你信任的人來照顧你的健康 確保專業人士聽從你的建議 如果你不能溝通的話
考慮一下你的經濟權威證
你要選擇一個你信任的人 為你做決定 確保你付不起賬單
別忘了一點: 想像一下你老媽媽有醫療急症... 以及去醫院的路上
你能回答我一个问题吗? Can you answer a question about the medication and entry? 你能回答我的问题吗?
把這句話寫在書上,好讓你做好準備
"不光是固定的金融, 醫生是誰?" 「問馬丁吧」
"什么是解藥?"
誰來照顧狗?
精心安排计划" "Are you set."
男的被射中很多次 在伊弗拉科姆的風景裡
男的被射中很多次 身边都是风扇
死者,40歲左右,在牛津格羅夫區 Ifracombe, Devon, 當她胸部中彈,腹部和手部被擊中時
警察說發生在2: 30發生的槍擊事件 像是"隨機應變"
受害者看不到袭击者的脸
受害人的伤势不会危及生命 而警察要求证人出庭作证
地震和地震在印尼。
至少有344人在地震和海啸中丧生 于周五在印尼的帕鲁市被炸毁
沒有了通訊系統,當局無法從帕魯北部的帕魯州政府取得資訊時, 發生地震, 發生7.5級地震。
在帕魯,有16,000多人在災難發生後被撤離
蘇拉威西島的Pallu和Dongula 的主要事實如下:
蘇拉威西中部城市的首都 位于蘇拉威西島西海岸邊的海邊 居民在2017年5月379.800年
在地震和海啸中,城市正慶祝40歲生日
位于南蘇拉威西西北海岸300公里(180公里)的政府區
2017年,有299.200名居民。
捕魚和耕種將成為中華西州的經濟脊柱 特別是在東京海域
在這片土地上 尼基礦業也很重要 但只有在摩羅拉利 和蘇拉威西交手的海灘上
帕魯和唐古拉在100年內曾被稱為湯馬尼
1938年,海啸牺牲了200多人 摧毁了多恩的几百座房子
塔斯努米也于1996年攻占了南京城以西9人
印尼在太平洋火圈裡,一直處於地震中
以下是近几年來地震和海啸:
2004年:印度海域的一半人丧生226,000人。
2005年:1次地震,4月下旬,西苏门答腊在西海岸
在蘇門答蘭的尼阿斯島上 死了一百人
2006年:日本南部6.8大地震,印尼人口最多的岛屿, 海啸吹出南海岸, 造成近700人死亡
2009年:大地震7.6在西苏门答腊城附近
1100多人死亡
2010年:7.5大地震,其中1人笑得要笑, 造成海啸蔓延到10米高, 摧毁了200个村庄,牺牲了300人。
2016年: 全球大地震、地震、地震、地震、地震等事件
那次沒有海啸事件,但有一百多人因建筑物坍塌而死亡
2018: 印尼盧布島發生大地震,犧牲了500多人,特別是在島北部。
地震摧毁了成千上万的建筑物 并留下了成千上万的旅客
莎拉·佩林的助手的儿子因家庭暴力被捕
特拉克·佩林 阿拉斯加前副州長的兒子 曾任總統 莎拉·佩林 因涉嫌襲擊而被捕
Palin,29,来自阿拉斯加Wasilla, Alaska,被逮捕,涉嫌犯有家庭暴力, 扰乱家庭暴力报告,以及违抗逮捕罪,
根据警方的报告,在女同事试图报警报案时, 他从那个女人那里拿走了电话。
Palin被拘留在Mat-Su前哨基地 并以非500美元的罪名逮捕了他
他星期六在法院出庭 在那里他声称他是清白的
佩林面對三件A級小錯誤 也就是說他可能被判一年徒刑 并被扣為25萬美元
他也被控犯B级小错误 被判终身监禁 并被罚款2千元
這不是我第一次指控佩林有罪
2017年12月,她被控袭击她爸爸托德·佩林
莎拉·佩林的妈妈 Her mother, Sarah Palin, 打电话报警报警报案 calling the police to report the attack.
這案子在阿拉斯加的軍事法庭上稱之為
2016年1月,他被指控犯有家暴罪,扰乱家庭暴力的报告,以及与此事有关的宿醉武器。
佩林的女朋友指控他打他的臉
莎拉·佩林于2016年被退伍军人组织批評 在她用她儿子在伊拉克服役的后 实施了暴力行动之后 Sarah Palin was criticized by the various army forces at 2016s, after she put a violated his son to PTSD 与她儿子在伊拉克服役后所犯的虐待行为 with her actions after her service in Iraqi.
突尼西亞地震:數百人死亡
至少有384人在地震后死亡 于周五 Sulaysi Sulayi Island上被炸死
地球大地震7.5 引起海啸的震撼 摧毁了上千座房屋
電力和通訊系統也被預期的死亡數 影響到了第二天
土生土長在印度首都雅加達東北部的蘇拉威西平原外
社交媒體上播出的視頻 表明了發生這些事件的時間
有一百人聚集在海灘上 在帕勞市舉辦派對
控訴NYC的恐怖襲擊
纽约州檢察官Sayfullo Saipov被判处死刑 嫌犯于1953年被控谋杀八人
塞波夫,30號 被指控使用Home Depot 出租車 在曼哈頓西區西區的巴士道上行襲
被告人必須證明塞波夫殺害了八名受害者 以及"仁慈" 帶著嚴重的身體傷痕
兩個被告都宣判死刑 依據法院的判決
在这次袭击之后几周 联邦最高法院指控塞波夫 with 22次指控塞波夫(Sipov accupted Saipov in the 22 accuption, 包括八起因非法活动而被检察官使用在内的八起谋杀案 including eight murders in the illegal professional professional crimes,
這些襲擊需要"精細的計劃和計劃" 據被告所說 菲尼克斯·塞波夫所言
"Sayfolo Habibullaevic Saipovic Saipov 造成了伤害、痛苦、失去亲人、 Nicholas Cleves、Ann-Laure Deadt、Darren、Ariel Erlij、Hernan Ferruchi、Hernan Diego Mendoza 和Alejandro Damian Pagnúc” , 并被明确表示反对。
其中五人是阿根廷人
纽约南部地区也曾有近距离的死亡案例
被告Khalid Barnes被控杀害了兩名毒品販子 但最终在2009年9月被判处终身监禁
在1953年,对于Julius和Ethel Rosenberg的死刑判决中,
兩名羅森堡於1953年6月19日被處以死刑
烏茲別克的塞波夫市民 西波夫在這些襲擊發生後 日與月內沒有感到內疚
他向調查員證明了他對警方的所作所為很滿意
賽波夫說在電話裡看到ISIS的視頻后 他被迫伏擊
他還要求在醫院裡展示伊斯蘭國旗 跟著警察走
他被指控22项罪名有罪 22项罪名成立 {\3cH202020}He claims to be guilty for 22 for the charges.
David Patton, 一名代表塞波夫的聯邦律師 說他們在檢察官的決定中 "大發雷霆"
"我們感到的判決比接受判決 判處死刑更甚於接受一生的刑期 毫無可能
賽波夫的辯護律師要求被告不要判死刑
對於托里國會議員,NIGEL FARGE 應該為Brexit的商議負責。
Nigel Farage今天發誓要「解放人民軍」 在Toray大庭廣眾之下
Ukip 前酋长说 政治家必须 感受“欧罗斯匹克”的原料... ...因为Theresa May Particle, 建议他承担与美国的谈判责任。
彼得·布恩(國會議員)在伯明翰的會議上說 如果法拉奇是布里克斯特國務卿的話
但梅所面临的挑战是 解决那些支持 Remain Torries的专家们之间的分歧
首相大人正在努力确保Chequers的长老们 在Brexiteer Remain和EU的攻击中继续坚持不懈
梅的同僚正在和布鲁塞尔进行谈判 尽管受到了巨大的冲击 以及欧音波和拉布尔的能量 以便在她或她的包包之间做出选择
Bonee告訴了出口交易 就是說要在索里赫爾出賣Cheggers
他推荐法拉奇做贵族 并承担与布鲁塞尔进行谈判的责任
"如果他得到了這份責任,我們就已經出來了,"他說。
"我支持Brexit,但我们必须抛下Chequers。"
反對聯合國,他說:"我們不是為奴隸而戰"
我們想在自己的國家建立法律。"
Bone拒絕了這個想法:自2016年投票以來,民意投票改變了這個想法:"英國人已經改變主意,
Brexit Tory的助手Andrea Jenkyns 也參與了這場表演 告訴記者說:"我只說:首相,聽民話"
'Cheques un no popular in the public scams, 游擊隊不會投票支持的,
請把Chequers弄掉,然後繼續聽
在給梅的留言中,他加了一句:"如果他們信守諾言,總理會繼續擔任他們的職務。"
Farage說,如果他們想在2016年全民投票中做出一個決定, 就必须有質量。
"這是我們之間的信任" "這是我們人民和政治階級的信仰"
他們想背叛布瑞希特,我們來這裡 告訴他們,「我們不會允許他們逃跑」
在致力於他增添的熱情消息中:"我想你做我們政治課程, 差點背叛布蕾克西, 感受其原料。
「我們正在為那些在冥府中為我們贏得勝利的 人民軍提供安寧」 「我們將不罷休」 「直到我們讓聯合國自由」
在此期間,雷梅納在Birmingham進行集會前 從Birmingham開始
每周一班人發射後 都會散佈托里斯·坦帕·布萊克西特的海床
佩爾·拉伯·拉博·奧多尼斯在開庭時 談到他們與黨的應用有關的安全問題
「他們說,他們可以建立一個地方的IT系統, 以及加拿大的所有科技系統, 以及所有非營利的邊境,
這些都是演技
沒有什麼好東西叫Brexitt,它佔據了
沃倫想對總統的委任進行比對
參議員Elizabeth Warren說 在十一月選舉後
波士顿環球報道,馬薩诸塞州的民主黨成員 在週六在馬薩诸塞州西大廳發表他未來的計劃
沃倫 唐納德·特朗普總統 于2016年與馬薩诸塞特斯·特朗普競爭對手
2020年特朗普要出庭作證
週六下午在霍利奧克舉辦會 是第36次的會議 和使用「鎮街」的推銷員開會
一位參賽者問他是否想參選總統
沃倫說到時候了 "去華盛頓修復腐敗的王國" 這包括一位在樓梯上的女士
LSU槍擊案中逮捕Sims
在巴吞魯日,La 宣布在週六,一名嫌犯在 LSU, Wayde Sims,被槍擊中
巴吞鲁日警局宣布 逮捕戴登·辛普森 20号 于11: 03 月11日 新闻发布会
周五拍摄的录像带被屏蔽了 他们请求帮助辨认在录像里看到的人
20人在周五的南大学校附近被枪杀
"Wayde Sims 頭部受槍傷 最后死亡" Murphy J. Paul警察局長在星期六通知媒體
韦德在为他的搭档辩护 并被辛普森枪杀
辛普森在现场供述 声称身处现场 持有武器 并声称开枪射了韦德·西姆斯
辛普森未遂被捕,被关押在 东巴吞鲁日的巴黎警察局。
一個年輕人在巴吞魯日長大的六英尺六英尺高 西姆斯在32場比賽中玩過十次 過去10年初的比賽中 平均打過17.4分鐘 平均5.6分
俄國大獎:Lewis Hamilton 來到世界冠軍的邊緣...
那時候,Valtteri Bottas在Lewis Hamilton面前 扮演著重要角色 "奔驰隊在比賽中扮演著重要角色"
從起點開始 板凳已經開始 差點就打敗了Hamilton... ...在前兩回合, ...并讓Vettel攻擊他的隊友
Vettell走进了早起的胸膛 把Hamilton留在里面了
然后奔驰到下一回合 并从维特尔的后方走出来 and then Mercedes walked in on the round of the next round of Vetel, 然后在汉密尔顿的球拍后 and then Hamilton's stepped up rear
馬克思·弗斯塔佩恩從後面的格子開始 在她21歲生日後的第七個賽道
然后她把大部分比赛提前了 并且不换轮胎 以便加速戒毒 并要求Kimi Rikconen去第四位
他將進入第44回合的胸膛,但無法在Rikkonen在第四回合時 加速8回合
整個周末都為瓦爾特里安排了很好的賽車... ...以及像佛教徒一樣... ...允許我求婚
士兵們在第一及第二位都表現得很好" 漢密爾頓說
那是「吉利語」,不是「埃拉克」
唐纳德·特朗普总统在周六晚些时候 嘲弄戴安·菲恩斯坦参议员 他没有提起克莉絲·布萊斯·福特的信 指控他犯有性侵犯罪
對於西維吉尼亞的集會,總統沒有直接回答... ...關於在參議院的證詞... ...
"在參議院發生的這些事" "and things that can happen 和美妙的發生在幾天前 在參議院發生的" in the senate days, when you see anger, 當你看到憤怒 殘忍 殘忍 說謊的人的時候 "when you see the anger,
"當你看到腳印和漏斗時,他們說:"哦,我沒有。"
"我不是故意的"
記得嗎?
黛安·芬斯坦 你漏掉了嗎
記得我的答案嗎? 你泄露了文件,"哦,哦,什麼?
哦,不。
我沒有洩露出來" I didn't split it."
好,等一下
"不,我們沒有漏掉,他加了加了, 用了參議員的面部表情。"
Fenenstein去年七月發了一封關于 福特卡瓦諾夫的傳票 以及這些信件在9月被揭發 但Fenstein證實了這些洩漏是來自他辦公室的
"我并沒有掩蓋福特博士的控訴 "Fenstein told the senator of the Hill.
"他让我把它当作一种困难" "He told me to keep it so difficult." "我把它保存在他们要求的问题上" "and I saved it as hard as they asked."
但對於女性的否認,她不喜歡總統。 她對星期六的集會提出意見: "我告訴你,那是個不好的動作語言。
她可能不是这么说的 但那是我见过的最差的语法了"
指控三位女性性侵罪案的 总统提出,民主党利用指控实现其自身目的
他們為了恢復權力 不惜一切代價
你瞧 暴行 暴行 暴躁 暴躁 暴躁 暴躁
{\pos(190.402,228.833)}伊萊特·萊格 {\pos(190.402,228.833)}鄧迪·星斯
Patrick Dwyer 為巨人對鄧蒂打球
丹迪星在週五和貝爾法斯特巨人比賽中 贏得比賽5 -3週六在鄧迪耶比賽
巨人隊通過Patrick Dwyer 和Francis Beauvillier 贏得了兩次勝利
Mike Sullivan和Jordan Cownie 在Dwyer重獲巨人大賽前 接管了房子的主人的位置
Francois Bouchard在Lukas Lundvald Nielsen的两分球 保證他們能贏的前提下Dundee的眼睛
這是本季第三季的埃莉特·萊格對亞當·基夫隊的第三次失敗 他從樓下來到貝爾法斯特 星期五晚上在貝爾法斯特 擊斃鄧迪2 -1
這是今年四季的比賽 和巨人隊贏得了三場比賽
Dwyer的開幕會是在Kendall McFaull的4點35分 在Kendall McFull的幫助下 和David Rutherford 一起幫助他
馬特·馬奎德在3點16分 擔任考尼的助理
Dwyer保證巨人幫在第一場比賽中 贏得比賽 當他第一次在最後一晚 得分第二球的時候
房東們又聚在一起了 布沙爾在27點37分的球賽上
考尼和查爾斯·考爾克蘭 共同幫助尼爾森 在第二場比賽中贏得了第一場勝利
巨人隊 已輸掉四個五場比賽 Milton Keynes參加下週五的比賽
空中交通工具被破坏 以保证百倍的空中交通安全
确保有上百名乘客成功起飞后 印度尼西亚的空中交通安全局认为他是英雄
超過800人死亡,在地震之后消失的人們 是在星期五的蘇拉威西島上發生地震
強大的氣旋一直蔓延到那片區域 很多人被困在帕魯市的廢墟里
儘管她的朋友逃跑了, Anthonius Gunavan 21歲的大人物, 不肯離開她的控制塔,
他沒有推動到6321個巴蒂克航空班機... ...他可以安全起飛
當他感覺塔要塌陷的時候 他從控制塔上跳下去了
然后她死在了医院里 She died in the hospital.
印尼航空航天局的演讲人约翰尼斯 Sire, Air Navigation Indonesia, Yohannes, 说这个决定可能拯救了数百条生命 澳大利亚的ABC新闻
我們提供直升機比在卡利曼坦的拍攝還要多 以便送他去另一個城市的醫院
很遺憾我們今早在直升機到達十字路口前 弄丟了它
加上"我们心碎了心" "and our heart broke up."
与此同时,当局担心死亡人数会增加 数以千计的死亡人数... ...与反政府武装署说... ...他们可以进入...
死亡率还在上升 因为许多尸体仍处于衰退状态 而许多人却无法联络到 苏托波·普鲁沃·努格罗霍机构部长说
六米高的冲浪摧毁了帕鲁 将在周日举行大型葬礼
軍用飛船和商務船會帶兵器和補給
35歲的媽媽莉莎·庫蘇馬說 Sky News說 "每架救护车都帶屍體回來"
乾淨的水很難弄到
"小商店在任何地方被炸了"
Jan Gelfand, 印尼國際紅十字會首長Jan Gelfand, 對CNN說:"印尼紅十字會正在向倖存者提供幫助,但我們不知道會在那裡發現什麼。
這簡直是悲劇,但情況可能更糟。"
印尼總統喬科·維多,在週日抵達帕魯,并告訴國家軍方說:"我要求你白天和晚上工作,完成所有與移居相關的工作。
CNN報告
印尼原住民在隆波克的早期地震中 犧牲了550人
密克羅尼西亞飛機事故:
一架在密克羅尼西亞的太空梭上沉沒的航空公司說 一名乘客失蹤了
Niugini航空在广播里说 自周六下午起 公司就无法保证一名男子乘客的安全
航空公司声称公司正在与当地当局 医院和调查员合作 寻找那个人 Airst company said it's working with local authorities, hospital, and the investigator to find the guy. - 是谁干的?
航空公司没有回应和要求对乘客的进一步要求,如年龄和灌溉。
當地的船幫助搭乘其他乘客和船員 在飛機沉入水中時 試圖降落在丘克島空間
政府在周五說七人被送到了醫院
航班公司通知了六名乘客 星期六在醫院等候 以及所有乘客都处于稳定状态
造成严重事故和事件的原因仍然不明朗
航空公司和美航司令部说飞机降落在离跑道不远的炮塔上
有的目擊者感覺那架飛機失事了
根據美國乘客Bill Jaynes 飛機已進入低空跑道
Jaynes說:
Jaynes說,他和其他乘客 成功地從水底穿梭到沉船的緊急出口
他說空姐們在驚慌失措的環境中 尖叫著說 只是頭部受了輕微的傷
Ass海軍說,在碼頭附近的船員 也在幫助下,用一艘可以重新裝上船的船
航空安全网的数据显示 111人死于PNG
分析師們把女人的夜線活活燒了
被告在週六的談話中 休庭 被告指控他燒死一位 在2014年活的密西西比州女性
司法部分析員Paul Rowlett 提供了幾小時的證詞 作為科學分析專家
我向陪審團解釋了 他如何使用手機記錄 整理了一位29歲的被告 Quinton Telis 和19歲受害者Jessica Chambers
Rowlett说他收到Tellis 和Cambers 一起的 与他的死亡当晚 与Clarion Ledger的联系
當資料顯示他的手機和錢伯斯的手機有關時 當他和他的朋友Michael Sanford在一起時 警方就去找桑福德了
Sanford在法庭面前出庭作證 證明他那天出城了
被告Telis说的没错 那晚他在Sanford的卡车里 Sanford说他在Nashville
另一個推論是,Tellis說 她認識Cambers 就在她死前兩周
手機記錄顯示他們只認識一個星期
Rowlett说 在Chamber死后 Telis删除了 Chamber 的电话和联系信息
Hale說"她把那個女人從她生命中抹去"
准律師在周日上庭提出結論
法官說他打算下午去陪審團
嘻哈嘻哈嗎?
嘻哈的三重奏樂曲想用他們的音乐來改變這些負面的觀點 加上正面的短信
布里斯托爾的高地報道說 嘻哈已經改變了他們的原來的目的 那就是政治消息 以及社會問題
他們想重新回到起點 做一個流行的嘻哈小說家
像《富家女》和《共產主義者》 一樣的藝術家已經看到 最新在英國的革命
又一個黑人! Another black guy!
纽约的女保姆要送她出去 是因為她說的是"源頭"
纽约的保姆在接受錯的文字後 結了婚,因為她收到錯誤的短信... ...她覺得她是個"又一個"黑人"
夫妻都說他們是種族歧視者 把他們當作是"恐嚇者"
林賽·普拉斯科·弗拉克曼 母親 和兩個孩子說如果她發現新保姆吉賽爾·莫里斯
"不,KKKKKKK"寫給Plasco -Flaxman夫人
他想把這段話轉達給丈夫 相反 他已經向莫里斯傳了兩次短信
聽說他錯了,Plasco -Flaxaman... 感到不舒服的Plasco -Flaxerman已經解雇了Maurice...
Maurice付了一天工資,用Uber送回來
現在,莫里斯召集了那對夫妻的贖金 并要求在六個月內支付350美元的退款
"我想向他們展示,你看,你不應該這樣做" "她星期五告訴郵局,加"
他們對那些種族歧視的罪名做出回應 說莫里斯服務的終結行為是正常的 因為他們覺得女人在揭發她之后
"我的星辰送來了一些他不是認真的的東西"
他不是种族歧视者 He's not a racist.
我們不是種族歧視者, 「喬爾·普拉斯科的丈夫告訴郵局」
"但你要把你的孩子看管成是錯的嗎?"
新生嗎?
不可喜怒無常" No prepire."
普拉斯科說他的妻子剛生了兩個月的小孩 以及"艱難的狀態"
"你想在這種情況下安插一個" "You want to put a guy in such circumstances?"
不是什么好事,是投資商
當案件發生時 民意法院迅速詛咒這對夫妻在社交媒體上 攻擊他們的行為和理性
讀者帕丁頓擔心讀者 很難聯繫到會說話的熊
龐德之子卡倫·詹克爾 在書被接受後出生的 當時她就說:
"當我們知道帕丁頓的成就時,你真的很心煩"
他說,他爸爸是BBC攝影師... ...在寫小熊書之前...
說到帕丁頓,他把自己描述為「我們家庭中最重要的一組」, 他爸爸最後以他的成功為榮。
"嘿 安靜的人 他不喜歡大嘴巴" 他說 "He's a quiet man, he doesn't like big mouth," 他說 "Oh, he said.
"但因為帕丁頓對他來說太危險了 "But, for Paddington's way too vivid to him, 就好像你有個兒子在你心中一樣 "It's like you've got a son who achieves
我覺得他看到了帕丁頓的成功感 I feel like he saw Paddington's success like that.
雖然那只熊是他的創意和想像力 但他總能自己感謝帕丁頓"
我儿子要死了 我得用電話跟他道別
降落后,她被送往 路易斯·帕斯塔多二世的医院 Nice was sent to the Louis Pastor 2, 尼斯, Nice, 急忙忙忙忙忙忙忙忙忙忙忙忙忙忙忙忙忙忙忙忙地工作
"Nad called me with a frequency to say it's bad things, and she won't be saved," "Nad called me with a crystal" "Nad called me to say it's bad things, and she's not gonna get saved," "Nad" "Nad called me," "Nad called "Nad called me with a cue and "Lrapesus" and "Lapresus",", "Nad 納德
然後我接到納德的電話 說他兩分鐘內就會沒命 我得跟他道別
而我也這樣做了 And I did that.
我說"塔希 我愛你 寶貝" I said, "Tashi, I love you, babe.
我很快會到妳身邊
我會陪著你
醫生給他注射的藥可以慢慢的取出心臟 然後離開了系統
她早於此時逝世 這一切都將被關閉
我只是坐在那里等 知道这一切会发生 I just sat there and wait, know this is going.
我不能哭哭啼啼 因為我現在身處險境 被家人和人民圍繞著
"我不得不忍受。"
Ednan -Laperous太太,她现在正在为她失去了孩子而难过, 搭上了另一名乘客的班机。
他說"沒人知道"
"我低下了頭 眼淚在流淌"
很難形容 但在這趟旅程中 我同情納德
她需要我的愛和理解
"我知道她有多愛她"
悲傷的女人寄明信片來 避免在橋上自殺
兩個失去自己愛人的女人 努力避免別人奪走自己的生命
Sharon Davis和Kinky Humphreys 在Welsh桥上 发了一封鼓舞人心的信 并发送了一个电话号码来支持我
戴維斯的男孩 泰勒13歲的時候 精神崩潰了 十八歲就自殺了
"我不要任何人有我的感受"他说
45歲的Davis Davis 住在Lydney 據說她兒子是個有潛在的笑容
"大家都知道他们的笑容。"
他們總是說他的笑容 能讓房間充滿活力"
然而 在她死前他辞职了 因为他身处"一片漆黑"
2014年 泰勒11歲的妹妹 在他哥哥自殺後 遇見了她的弟弟 Tyler was 11 years old brother, meet her brother after his brother killed.
戴维斯說 "我擔心這會造成其它事情的影響"
戴维斯发明了卡片 "Davis created a card, "去通知那个人 "To let the guy know... 即使他是你的朋友 even if he's a friend.
"別光坐著說話"
汉弗莱太太 你和戴维斯太太认识很久了 失去Mark and her partner for 15 years after Mark's death. 不久之后
"他沒有告訴我他傷心或不安" 他說
"在圣誕前的幾天 我們看到了她的變化"
圣誕節她非常傷心 當孩子們拆禮物的時候,她沒有盯著她們看
他說那對夫妻的死對他們來說是巨大的創傷 但他們不得不過度說 "他家族中有個大洞"
它讓我們分頭找
"但我們要繼續戰斗"
如果你覺得活著很難, 你可以聯繫116 123(UK 和 Ireland ), e-mail@samaritas.org或參觀撒瑪利亞人的網站
Brett Kavanaugh的未來被FBI調查時所控制
"我想,如果我们能得到他想要的, 有限的时间调查, 极限的扫瞄, 我们可以带给统一体,
為什麼卡瓦諾和共和黨 不想讓聯邦調查局調查?
他們的不滿是時間
五周內,在11月6日之前... 如果共和黨的決定不滿意的話... ...他們就會變得虛弱... ...
George W. Bush打了一个电话给参议员, 赞美他们支持Kavanaugh, 他曾为布什工作过,
联邦调查局报告之后会发生什么? What happens after the FBI reports?
... 51 Đảng viên Cộng Hòa và 49 Đảng viên Dân Chủ sẽ bỏ phiếu.
更何況如果卡瓦納夫能從參議院的席位中獲得50票 他將准許麥克·彭斯 總統副總裁
金下属的北韩叛国者人数
朝鲜向南的叛逃者人数自七年前 依照南韩的立法,已经下降了
Park Dayong-seug, 收集南部的数据, 声称去年有1 127名逃犯 -- 2011年有2,706名逃犯。
朴先生說北韓與中國之間的邊界控制得更加嚴謹 走私犯所佔據的最高比例是主要因素
平壤不作任何民意評論
大部分朝鲜暴徒都将得到南韩的征服
漢城說,1953年韓戰結束後 朝鲜三萬多名人民 違法越過邊界
大部分越過中國,他們越過北韓的邊界 越過北韓的自由軍事基地
中國認為叛國者是非法移民,不是政治逃兵,而是被迫送他們回家
北部和南方的关系... 技术上来说,它仍然在战争中... ...已经好几个月了。
本月初,两个国家元首在平壤相聚 进行讨论
在6月的一次历史性会议之后,在新加坡的美国总统唐纳德·特朗普和金正恩举行了一次会议, 他们同意公开了解朝鲜半岛的核自由航向。
但在星期六,北韓國外部長Ri Yong-ho 指控美國有條條條項鏈 延緩了自此事件以来的商議進一步
"沒有美國的信任,我們國家的安全沒有保障, 因此,我們不會開始核爆, Ri說,在聯合國國國大會,紐約。"
南希·佩洛西稱Brett Kavanaugh's "Wesi," 在阿加的法庭上不合適
米諾蒂·南茜委員會長帕洛西(Porci Porci Porci Porci)宣布 未來的 布萊特·卡瓦諾夫法官為"小威"法官 并說,他的導演不適合在馬拉瑪·阿甘任檢察官
在德州德州的Tres tribune tribune 派对上 发表了以下的评论
"我相信如果一個女人有這種舉動, 他們會說這個女人是同性戀" "I believe if a woman acts like that, they'd say it's a wisdom," 菲律賓說她對卡瓦諾證詞的反應。" I'm telling the polician responsibilizing the Kavanaugh's evidence in front of the Senate Judge.
卡瓦諾的情緒 否認了他對克莉絲汀·布萊西·福特博士 進行性侵犯的指控
在揭開現實的時候 卡瓦諾有股暴躁症 有時會尖叫 吵著跟家人聊天
我也曾在執政黨中詛咒民主黨, 指控他「偽造和破壞」,這個自由份子在2016年總統的選舉中被殺死。
理由是,他相信卡瓦諾的證詞... ...證明他不值得為他辯護... ...因為他表示他對民主黨很重
"我感到他已解除了自己的能力" "I feel he's erased his own skilled and his actions against Clinton and Democratic family," 以及针对克林顿家族和民主党的行动"
如果被問到卡瓦諾是否在檢察官面前被控有罪 如果民主黨在國會大權大權大權在握
"我要說... ...如果他不跟國會和聯邦調查局說實話,
卡瓦納夫目前是華盛頓的法官
另一方面,作为民主党人,他担心Kavanaugh的裁决 对Moducation Academent Or Roe v. Wade, 因为他被控是保守的法庭。
卡瓦諾在審訊中避開了回答是否會改變大王的判決
"現在不是一個充滿激情的人的時候了 "Look a time for a man of emotional, 很難去上法庭的另一端" "It's not a time for a side of court," 結果我們也希望" the next to go to the court and hope we're saying, "真好玩" "How's fun,"
和女人需要展示。
這是一個正常的詞, 數月的競爭, 數年, 數百年,
"當我們生氣的時候我們哭了" "斯坦內姆跟我說了45年了"
"我不覺得這很了不起,你同意嗎?"
他喊道:"我是個在某處工作的女人 他說他在生氣時也哭了 但他發明了一個技術 如果他生氣了,他就會對人說:"你也許覺得我很難過"
我很生气" I'm angry.
然后她就走了 Then she goes.
我覺得那是個很明智的建議" And I feel like it's a clever suggestion."
哭喊聲是用來表達憤怒的 因為他們總是被誤解
最令人忘懷的記憶之一... ...在男性專屬的辦公室裡... ...我發現,我哭著看到一個老太婆...
"別讓他們看到你的哭聲" 他告訴我的
"他们不知道你在搞什麼鬼"
他們覺得你很傷心 會很高興讓你傷心" They think you're sad, and you'll be happy to make you sad."
Patricia Schroeder,曾是科羅拉多州的女性議員 曾與Gary Hart在競爭中共事過
1987年,当Hart被捕时 在一家叫做Monkey Business的船上...
"这不是明智的決定"他说了30年後,他一直笑我
又有七位參賽的候選人 他們不需要再選一個了
有人稱之為白雪公主 和"七矮人"
因為在競爭結束時發生的事... ...那個女人... ...因為想要修復水管... ...而錯過了
這場仗是徒勞的
他找到了他的支持者 他给了他一千元的赞助人 他只给了250美元
"他們覺得我得到折扣了嗎?" 他的師父
當他提到他不會發動正式的競爭時 他覺得多愁善感 感謝那些支持他的人
「你會認為我精神崩潰」 「我記得 Schroeder認為媒體對他有反應」
"你會認為Kleenex是我的公司資助人"
想起那一刻 我想起了什么?
"她哭了"?
美國中國的戰爭可能對北京有好處
美國和中國之間的貿易戰爭的開端可能令人心煩 即使戰爭還沒結束 這兩個國家之間的爭吵 可能會對北京有好處
唐纳德·特朗普 美国总统唐纳德·特朗普 于今年早些时候发布了第一次警告 包括中国出口税 包括太阳能、金属和铝板
本周最高的增長率是 以最高的利率來衡量200億美元(150億美元)的價值 效果是往中國一半的商品上征税
北京的報復率每次都一樣 最新 每年以60億美元的價格 加上5到10%的價格
中國已經下達了承諾 將對美國每項行動都付出代價 而世界第二大經濟卻毫不誇張
為了讓華盛頓退後,這意味著 臣服于美國意願, 但人民對中國總統齊振太丟臉了
專業人士說,如果北京打對牌, 美國的戰爭壓力可以從長遠上支持中國, 降低兩國之間的住處。
"如華盛頓或北京所做出的快速政治決定 能夠在任何國家引發不穩定的經濟現象 "而且似乎比之前的觀察者更危險" "Abigail Grace, 的研究成果,專注于中亞新美國安全中心,思考團隊。" "Feulow of the investigation that carried Asian for the New American Security, the thought group,
Syria's 'em for the political fugitive's reward, 外交大臣所言,是政治避难所的报应。
敘利亞說,這個國家已經準備好 贖回國內的政治避難所 并請求幫助重建被戰爭毀滅的國家
在阿格邦政權協會上, Walid al -Moualem外長說,國家情況正在好轉。
"今天國家的狀況更穩定和安全" "Sither's a situation in the country is more stable and safe," "多虧了對抗暴力的進步" "for the progress to fight violence,"
王國會繼續重建被恐怖分子摧毀的區域 以恢復正常狀態
現在的狀況是,他們將為逃避而付出代價... ...他們不得不離開的國家... ...因為暴力和單邊經濟的步伐... ...
2011年战争爆发后 叙利亚有550万公民逃了出来
在这个国家仍有六百万人需要人性援助
阿里姆·穆阿勒姆說 敘利亞雷姆將幫助重建這個破碎的國家
但他坚称这个国家不会得到 支持叛乱的国家的假释或援助
歐盟贏得了巴黎的雷德杯
歐洲隊贏了瑞德·庫普2018年 在法國國家灣外的16.5、10.5的最後一擊擊中 打敗了美軍
1993年以来,美軍在歐洲的領土上 已經有六次失敗 并沒有在歐洲贏得過雷德·庫普的勝利
托馬斯·比約恩贏得了打敗美國所需的14.5大獎學金
Phil Mickelson星卷土重來 在16個洞里 把茶杯扔進水裡
意大利高爾夫球員在每場比賽中都表現得非常好 {\fs13\1cHFFFFFF\b4}Italian golf player is extremely excellent in every round, 從1979年初的比賽開始,成為第5比0比0是第4名球員 {\fs13\1cHFFFFFF\b4\b4} became a 5
美國玩家喬丹·斯皮亞特 從歐洲隊中排出5&4號球隊 Thorbjorn Olesen from Denmark.
世界最大玩家Dustin Johnson 下到英格蘭的Ian Poulter 很可能是Ryder Cup最後一局
8名Ryder Cup,西班牙选手Sergio Garcia 全年都是欧洲冠军,最高25.5名
"我很少哭 但我不能忍受今天"
這一年很艱難 It's a hard year.
我很感謝托馬斯選擇了我,相信我
我很高興能拿回獎杯 I'm so happy I'm happy to get a獎杯回來.
這是為一支隊伍準備的 我很高興能幫上忙 "Garcia在歐洲勝利後說"Garcia說的
他把工作交给了约翰·拉姆 他曾在周日一次的比赛中击败了美国老虎伍茲2&1的传奇人物
"我感到自豪 当我打败了老虎·伍茲時 我長大了 看那男人玩耍" "Rahm says, when I grew up Tiger Woods, I grew up with a guy playing game," "他23歲的Rahm說...
伍茲在法國每場比賽都失敗了 現在有雷德·庫普的記錄
贏得了14屆第二大冠軍的杰克·尼克勞斯
整個周末美國大軍都爭吵著找車輛 除了Patrick Reed、Justin Thomas和Tony Fenau
美國艦長Jim Furyk說,"我為他們感到驕傲,他們努力工作"
今天早上,我們給歐洲小隊一些原料
我們盡力了 We did our best.
恭喜,托馬斯
他是個好船長啊 He's a good captain.
他的十二個球員都玩得很出色
我們會重新集結 我會跟美國總部 和賴德公司的委員會合作 我們會繼續前進
我愛所有12個人 自豪地成為船長 I love all 12 men and proud to be captain.
你必須舉起你的帽子.
"我們被打敗了"
最新的紅色假發:Pinellas、Manatee和Sarasota失竊案
野生動物和佛羅里達島地區動物保育署的最新報告顯示 坦帕灣某些區域的紅外環泛滥
根據FWC,Pinellas、Manatee、Sarasota、Charlotte和collier等區域的空虛發展情況 報告顯示了廢墟收支率下降。
紅外網的發展速度 從北邊的Pinellas 到南李區
在西爾斯伯魯海邊10英里處可以找到它 但在比上週少的地方
紅色信封在帕斯科區也顯示在紅色警戒上
最近的一周里,Pinellas海域发生了突擊事件, 数以百计的劫案,
呼吸系統中斷 報告說在Pinellas、Manatee、Sarasota、Lee和Collier地區
最近一周在佛羅里達西海岸沒有報道 呼吸系統不穩定
