डेटाट्रिया नगर शास्त्री के विद्यार्थी स्कूल को "दूटगारह" के द्वारा फ़िक्टिटिटिट फ़ोर्ट बनाने के द्वारा उनकी भावना शक्‍ति दिखाई देती है।
मुख्य सैंडहा मैडपालीवार से प्रोत्साहन के साथ सिखानेवाले और विद्यार्थियों ने मिट्टी से बढ़ाया ।
स्कूल को दान देने के द्वारा स्कूल को स्कूल की आदर देती है ।
रामेश सैटपूट ने फ़ॉर्ट को जाँच किया ।
निकिल् केवल, डरशान गेडेकर की तरह, साहिल मेशराम ने फोर्ट बनाने में शामिल किया ।
नरेंडर बाराई, क्षेत्र आर्ट शिक्षकों के संगठन, शेखर वानस्कर, एक कार्जिर, एजियाई गुनदार, गैजानन मेहरा के सदस्य ने स्कूलियों को मार्गदर्शन दिया ।
नगरसेवाक, रेटा Mule ने अच्छी तरह से संदेश प्राप्त किया.
रोहाक. अकिल् बर्थीया जानवादी महिला समीटी और डीआईफि जैसा काम, फलता और रोकने के विषय में एक स्थिति के विषय प्रारंभ किया गया.
इस स्थिति के रूप में हस्ताक्षर के द्वारा, 10 लाक (1 लाखों) स्थिति के ऊपर सेंतुटर को गोपित किया जायेगा और गैरवार को दिए जाएँगे.
नया बस स्थिति पर हस्ताक्षर शुरू हुआ.
इस वक्‍त, एफिस स्थिति सेक्टर मानोज कुमार, एनजू, युवा सम्बन्ध विनाड डेशवाल, सुमीट, एनजू, राकश कमरारी, गियता, सोनू, राजेश कममार, सांजीता, मेना, वेना मालिक, सांजेता, हावा सिंग और अजिट उपस्थित थे ।
मलोया गाँव में एक बहुत दुःखी घटना हुआ, जिसमें नगर के बाहरी पर रहता है, जहाँ एक नए स्त्री ने अपने आप को फान से लेने के द्वारा स्वयं स्वयं स्वयं ले लिया ।
कमल केवल दो महीने पहले शादी की थी ।
एक पोलिस की जाँच मिली कि कॉमल ने अपने परिवारिक स्थिति के बारे में चिंता की और उसने इस चरण को ले लिया ।
विवरण के अनुसार, कमल की मृत्यु के विवरण सिर्फ प्रकाशित हुआ जब कमल के भाई में से एक घर के तीसरा भूमिका में जाने के लिए किसी शुद्ध करने के लिए।
देख रहा है कि लड़की फ़ैन से बैठी हुई थोड़ी थीं और इसके बारे में दौरान उसे बताया गया.
कमल तत्काल में मल्टी- विशेषता प्रसंग अस्पिटल, सेक्टर-16 में ले गए, जहाँ आने के बारे में उसे मृत्यु की गयी थी।
कमल के पति कोलविंडर अवस्था नहीं है.
लेकिन अपनी ज़िंदगी में अपनी ज़िंदगी की कठिन मुश्‍किल थी ।
प्राप्त विवरण के अनुसार, कमल के पिता ने कुछ साल पहले गुज़र दिया था, उसकी माँ मनुष्य बीमारी है और उसकी भाई एक सरकार स्कूल में अध्ययन कर रहा है।
इसके अलावा, पोलिस ने ससेक्टर-16 में अस्पॉटल की मर्टुरी में शरीर रखा है ।
केवल एक मौत के पश्चात के बाद पोलिस मृत्यु की वास्तविक कारण को जान सकता है.
श्री लांका चयनकों ने टाइम के 16 सदस्यों को चुना है, जो न्यू जिलैंड के विरुध्द आएंगे ।
चयनकों ने बस एक नया मुख में शामिल किया है, 24 वर्ष अशहन प्रारीयाना, जबकि उन्होंने दो साल के बाद दीमूथ कारनाराथन को टाइम में लौटकर कहा है ।
श्री लांकन टीम तीन ऑडि (एक दिवस इंस्टरनैंडर) मिलेगा और दूसरे टी-20 को 10 से 21 नवम्बर के विरुद्ध किविस के साथ मिलेगा.
प्रथम और दूसरे दिन हम्बंटोटा में मिलेगा, जबकि तीसरा दिन डमबुला में बजेगा.
दोनों टी-20 मिलान पालेकले में बजाए जाएँगे.
यह एक जानकारी व्यवस्था है कि आज दिन नगर में चूर रहा है ।
यह पिछले कुछ दिनों में सात घटना है ।
सभी पुनर्वैध और वैध ड्राइव लाइसेंस (DL) तैयार हैं जहाँ सितम्बर 30 के तक तक तक तक फोटो डाल दिया जाता है, अगले सप्ताह से बाहर दी जाएगा ।
यह सूचना डीटीओ ऑफिस लिप्पणी कंटर पर रखा गया है.
यह स्पष्ट है कि डीटीओ अफ्रीका स्वयं स्वीकारता है कि DL एक महीने के बाद डॉलर छाया जा रहा है, जबकि सेवा कार्य निर्दिष्ट करता है कि समय सात दिन है.
यह मतलब है कि डीटीओ कार्यक्रम के सात दिनों के दौरान डीओ अफ़िसिस को पूरा DL को अनुप्रयोग करने के लिए देना होगा.
अगर हम धरती पर सच्चाई के बारे में बात करते हैं, तो स्थिति भी बुरी है ।
बहुत - से कई कैप्लेटर हैं जिन्हें DL के लिए 1 महीने बाद भी नहीं छोड़ा गया है ।
लेकिन दो महीने से तीन महीने के लिए ऑफिस के बीच भेजा जा रहा है ।
आपको समझ सकते हैं कि डीटी एनील गार्ग के बारे में कोई सूचना नहीं है.
वह कहता है कि डॉल डॉल दूसरे दिए गए वक्‍त में छोड़ दिया जा रहा है ।
जब पूछा कि यह सूचना क्यों दिखाया गया है तो उसने जवाब दिया कि उसे इसके बारे में कोई सूचना नहीं मिला ।
अमेरिकन इंसानों के साथ समर्थन देने के लिए फ़ैसला ने अमरीका का इस्तेमाल करने के लिए शामिल पैकेज के बीच विदेशियों के बीच आध्यात्मिकता बनाया है, जिसके बारे में वर्षगांवर्ग में इतिहास करने के लिए घर की हिस्सा बर्क की मदद की है ।
बॉम्बी स्टॉक एंचेंच, सेंसेक्स, १३,५० बिन्दुओं को 21,164,52 बिन्दु पहुँचने के लिए, और राष्ट्र स्टॉक एंचेंज 47,45 को 6299,15 बिन्दुओं के लिए बढ़ाया गया था ।
लेकिन ज़्यादातर ज़िंदगी के ज़िम्मेदारों की ज़िंदगी, बंक, मैटल, तेल, स्वाभाविक गैस और शक्‍ति को लेने की मदद मिली है ।
तीसरी कंपनी से सिर्फ नौ गिरोह को लिखी गयी, जबकि उनके बावजूद ज़्यादा फायदा हो गयी ।
इस व्यवस्था को वातावरण सुरक्षा बोर्ड के अधिवेशन के बाद प्रकाशित किया गया ।
पिछले साल के अलग स्थानों में, दीवाली के दौरान, अधिवेशन ने दिखाया कि आवाज़ की तालिका 100 डेसीबेल के स्तर पहुँचा गया ।
एक सामान्य दिन में यह सामान्य 55 डेसीबेल है ।
हर वर्ष, ड्राइकर्टरों की आवाज़ की वजह से बढ़ती है ।
सरकारी लोगों की नियमों के बाद भी उच्च डेसिबल क्राकर्स को खुशखबरी लेने के लिए लेते हैं ।
लेकिन वे इस ज़िम्मेदारी से भी जब आवश्यक है तब भी इस ज़िम्मेदारी से छोड़ते हैं ।
डायवेली के दौरान ट्रैफिक पोलिस स्टेशन के पास ट्रैफिक स्टेशन के बारे में विन्यास संरक्षण बोर्ड ने डायवेली की थी ।
नवम्बर की १० में दीवाली के पहले इस परीक्षण ने अलग समयों में दीवाली के पहले किया ।
न्यूनतम ध्वनि स्तर 72.5 डेसीबेल और अधिकतम 83.6 डेसीबेल की है ।
इस तरह, नवम्बर १३ के दौरान, नवम्बर २०१३ में, अधिकतम ध्वनि लेवल 87.7 डेसीबेल और न्यूनतम 80 डेसीबेल था ।
डिवेली के दौरान एक अधिकतम 100,3 डिकिबलों के दौरान गिनती हुई और न्यूनतम 72,1 डेसीबेल था ।
एक सामान्य दिन तक गिनती के अधिकतम स्तर 65 डेसीबेल था, जबकि न्यूनतम 55 डेसीबेल हो गया था ।
दुःस्पष्ट है, लोगों को बढ़ाया गया ध्वनि की स्तर के बारे में प्यार नहीं करता है और उच्च डेसीबेल अग्नीकर्टर को ले जा रहा है.
जैगरान रिपोर्टर्स, एग्रा: फ़ैथहबाद के रास्ते जवाब में एक मृत्यु दिन था जब कई मृत्युवादियों की थी ।
टैगनज एक पोलिस एक ट्रॉक के साथ टैप्स ले गए ।
लेकिन उसने एक ट्रैक गाँव के गाँव में हरियोम को डाला, जब वह मार्ग पर चल रहा था ।
उसकी मृत्यु के कारण क्रोधी गिरोहों ने फैथहाबाद के मार्ग को रोक दिया ।
पोलिस ने स्पेस पर आया और दो घंटे लंबा ट्रैफीक जैम को साफ कर दिया.
मॉर्टुआरी में मृत शरीर को बचाने के बाद, बाम्रालुलि के कैटारा पोलिस स्टेशन के राम राएश को एक साइकल पर लौट रहा था ।
टोरा पोलिस स्टेशन के पास, बाइकल ने मध्यम रोकने में डाले और उन दोनों ने दुःखी थी ।
रात के बीच दो घंटे, बाम्रालाइ कैतारा चुकिई के पाल सिंग यादाव के द्वारा जैप के द्वारा दाऊकी को ले रहा था.
कलाल केडिया में एक ट्रैक ड्राइवर जाने के दौरान, जो उनसे पहले रहा था, अकसर ब्रेकों को लागू किया गया ।
ट्रॉक की पीछे से गति थी ।
जाइप की आगे हिस्सा बड़ी नाश हो गयी ।
रेजिस्टर पाल सिंग, जो आगे बैठ रहा था, तब तत्काल मर गया।
ड्राइवर याकूब और आर्विनड, राविनद्रा और राम नरेश ने दुःखी थी ।
अधिवेशनियों ने इस ठिकाना में आया और स्नॉन इंटरिंग इकाईट को स्वीकार किया ।
इंस्पेक्टर टैगनज हारी मॉहान ने रिपोर्ट किया कि ट्रॉक ड्राइवर के विरोध में एक कैसे डाल दिया गया है ।
शुक्रवार पर पोलिस लाइनों पर पूरा आदर दिए गए
परिवार ने शारीरिक माइनपुरी में ले लिया ।
इंस्पेक्टर ने अफ्रीका में मार डाला, रिजिस्टर पाल सिंग के परिवार, कैटारा ड्रिक्टिस, माइनपुरी में मुख्य पोलिस स्टेशन में रहता है।
उसने मलावान से इटाह में आया ।
उसके परिवार में दो बेटे और तीन बेटियों हैं ।
उसे नहूर नगर हारीपारवाट को बमरालि के कैटारा में सिर्फ 3 दिन पहले हुए हुआ ।
लेकिन, वर्षगांठ पर पावर-विश्रेष्ठ व्यवस्था पूरी तरह रोक दिया गया था.
बंकों और कार्यालयों के काम भी प्रभावित हुआ ।
पूरे नगर में पानी की कमज़ोर थी ।
मोबाइल सेवाओं और अन्य काम भी प्रभावित हुआ ।
इसके अलावा, मंगलवार सकाळी एक गाढ़ी थी जब डॉदहा के सूगावाडि के पास एक जंगल में एक वृक्ष पर पड़ा ।
उदाम्पुर से 132 केवी पंक्ति पूरी तरह डाले गए ।
न्यूएप्स अध्ययनियों और स्त्री ने शक्‍ति - प्रदान को पुनःस्थापित करने के लिए कठिन काम किया था ।
अर्विनड बट्ट की जनरल प्रबंधक ने रिपोर्ट किया कि बरसात के बाद सामर्थ्य लाइन को रेडिल कर रहा था ।
इस शक्‍ति के ज़िम्मेदार से ७,30 से पुनर्भंडारित किया गया ।
स्वर्गदूतों के ज़रिए सोने के बारे में और कमज़ोर आध्यात्मिक स्थिति के कारण डाले गए और इसे उसकी ज़िंदगी कम की गयी है ।
डिली में, सोने 31,400 आर्स. के दौरान 10 ग्राम की वजह से बढ़ाया गया ।
सभी भारत गैम और यहूदीएलरी फ्रेन्डरेशन, हरेश सॉनी ने कहा, "दुरक्षित आध्यात्मिक स्थिति और सुनने की आवश्‍यकता थी।"
गिटैजाली समूह के अधिवेशन और मिड मेहुल चॉक्सि ने कहा कि सोने का विकसन 25 प्रतिशत नीचे जा रहा है ।
कैंटरियों की मदद बदली गयी है ।
हम इस वर्ष के 25 प्रतिशत के बारे में चलने की आशा रखते हैं.
पिछली वर्ष से सोने की क़रीम में इस वर्ष से तुलना हुआ है, लेकिन कलाकारों ने अभी भी इस डॉन्टेरास को चांदी लेने के लिए पसंद किया है ।
पीएस के मुख्य सभाओं को सच्चाई से संगठित करता है.
राप्रासाद यादाव, बेंगाबाद के पीएस के स्प्स, ने स्पैश किया और पांकायाट राज अधिवेशनियों को अपने व्यवस्थाओं के मुख्य सेवकों को रोक दिया है और यह क्रिया सेक्टर के विरुद्ध ले जाता है ।
उसने कहा कि जुलाइ के 4 में उसने सेक्टर और मुख्य के बारे में झूठे हुए और इसका परिणाम मुख्य ने उसे ठहराया था ।
उसने पांचयात राज के लिये सरकारों के लिये अपराधियों की प्रमाण दी है ।
उसने कहा कि पीएस के सामान्य बैठक 7 दिन की सूचना के साथ बुलाया गया था, लेकिन मई 12 के बैठक की सूचना 8 मई में भेजा गया था, जो बैठक के पहले एक दिन पहले पीएस पहुँचा गया ।
पीएस बैठक के बारे में जानकारी, जो 3 जुलाई में सम्बन्ध किया गया था, पांकायाट स्तर कमीटर को नहीं दिया गया, इसलिए वे बैठक में शामिल नहीं कर सकते ।
उसने कहा कि हर सदस्य को बैठक मिनटों की सारांश भेजने के लिए व्यवस्था का एक आवश्यक था, लेकिन यह नहीं किया जाता ।
सन्‌ 3 जुलै के बैठक में, शीफ ने स्वयं अपने निजी कार्यालय में फ़ैसला लेकर 13वीं फैसला कंसियन फैसला करने के लिए फैसला किया ।
इस बात के बारे में एक अधिवेशन की आवश्यकता की गयी है, फिर भी उसने आग्रह किया है कि 13वीं फानत कंसियन फैंस का फैसला बंद किया जाता है ।
हमारे जैग्रान रिपोर्टर, जाम्मु: जब पृथ्वी पर बुराई पहुँचाता है और दुष्ट लोगों को अपराध लोगों को नाश कर देता है तो परमेश्‍वर दुष्टों को नाश करने के लिए नाश करना चाहिए ।
माथुरा के लोगों को कैंसा के नाशों से छोड़ने के लिए, प्रभु क्रिशना जन्म हुआ ।
महांटा नान्त किसोर (गाउ मानासा से) ने प्रभु के क्रिशना के इन्दो-पैकीसनी सीमा के सीमा में लैलियल सातवारिया के दौरान शर्रामाद बहुवाद के सप्ताह के सप्ताह में लोगों को बताया था।
उसने कहा कि प्रभु क्रिशना ने अपने बच्चों में भयानक राष्ट्रों को मारने के द्वारा लोगों की कठिनों को रोक दिया ।
महांटा ने कहा कि आप अपने मन में प्रवेश न करना चाहिए और अपने मन को परमेश्‍वर के लिये बढ़ावा देना चाहिए ।
परमेश्‍वर के सिर्फ याद रखता है कि मनुष्यों के दुःखों को ज़्यादातर रहता है ।
उसने कहा कि यह पाकिस्तान की भावना है, जब भारत के साथ तुलना है, तो उन्हें गलत मार्ग को फिर से नीचे डालने के लिए बढ़ावा देता है ।
उन्होंने समझना चाहिए कि हर ऐसी काम के साथ वे सीमा के दो बाजू में अनजान लोगों को दुःख देते हैं ।
इस कतात के सैनिकों से पहले हवान को बलिदान देते हैं जो सीमा पर शान्ति के इच्छा के लिए ठीक हो रहा है ।
सन्‌ सैनिकों ने हवान और शर्रामाता के रस्पन को लेने के लिए भेजा है ।
लेयल सातवारी का नायब सारपंक, चिन सिंग ने कहा कि एक लैंगर ने इस जगह से आनेवाले लोगों के लिए भी संगठित किया है ।
कैता को पूरा किया जाएगा और हवान के आखिरी बलिदान शनिवार में किया जाएगा ।
ऑफिस रिपोर्टर्स, रूप्नागार: रोप-नागार स्कूल में एक स्थानीय कैल्सा स्कूल में एक समीमीनार बनाया गया ।
सामान्य सार्वजनिक ने विद्यार्थियों और शिक्षकों के साथ भी उसमें भी हिस्सा ठहराया ।
रोप-नागार चेतावनी के डीस्प, बाल्वेर सिंग ने कहा, यदि सामान्य सार्वजनिक गलत के विरोध के विषय में चेतावनी कर रहा है तो एक गंभीरक्षण मुक्त संगठन बनाया जा सकता है.
लेकिन बल्वेर सिंग ने कहा कि अगर कोई अधिवेशनल या सदस्य ने किसी काम के लिए कमज़ोर माँगता है, तो अगर कोई अधिवेशन डैब्टर को भेजा जा सकता है ।
लेकिन ज़िम्मेदारों को अध्ययन करने की ज़रूरत थी ।
सूकका सिंग, सार्सा नन्गाल, अमार्जेट सिंग बुल्लर और विगिलान्स विजेटर पाल सिंग ने समीमीनार को बताया ।
उन्होंने कहा कि अभी समय में फैसला एक बड़ी समस्या के रूप में आया था ।
हर सामान्य सदस्य को उस पर पूरा नियंत्रण करने के लिए आने की ज़रूरत है, क्योंकि अब गंभीरता अब इतनी गहरी रास्ता है कि इसे ओर रोकने के लिए एक ही सरकार का संभव नहीं है ।
इस कारण सामान्य सार्वजनिक आगे आने की ज़रूरत है ।
इस प्रोग्राम के संगठकों के द्वारा स्कूलियों और शिक्षकों के बीच स्कूल किया गया ।
आध्यात्मिक कमी की प्रधानता, बाबा रांजिट सिंग ताकूर ने कहा कि दीवाली आनन्द और खुशी का फैसला है ।
अयॉडह्या के लोगों ने लेकिन प्रभु रामा को स्वागत करने के लिये प्रभु रामा को स्वागत करने के लिए था ।
इस वक्‍त इस जन्म का अनुभव शुरू हुआ ।
उसने विद्यार्थियों को प्रभु श्रीरी रामा के जीवन से प्रेरित लेने की आज्ञा दी ।
बाल केरूशना थाकूर, रामशख्नाड्रा ताकूर, उमाडुटा गुटाम और रामश थाकूर इस घटना में भी उपस्थित थे ।
अक्टूबर 31 के अक्टूबर में हल्लोन सभी संसार के रूप में आकाश किया गया ।
अनेक पश्चिमी देशों को मानते हैं कि उनके पिता - पिताओं की आत्माों को खुशी रखना बहुत महत्त्वपूर्ण है क्योंकि यदि इन आत्माओं को क्रोध किया जाता है, तो वे दुःख कर सकते हैं।
इसलिए, वे आज सन्तान कर रहे हैं.
हाल्यूएन पार्टियों में वे बहुत अविश्‍वासिक कूटों के लिये देख सकते हैं ।
इसे सिर्फ नहीं, लेकिन अनेक स्थानों में लोग हल्लोवेन पार्टियों को संगठित करते हैं, जहाँ लोग बहुत भयंकर और अद्‌भुत कमज़ोरों में आते हैं ।
एक हल्लोवेन पार्टी में एक अनेक चिन्हों को देख सकता है ।
इनमें से कुछ लोग सच डरते हैं, जबकि दूसरों को बहुत खुश है ।
डेहराडुन रास्ते में एक अग्नी का एक अग्नी बड़ा नाश हो गयी है ।
लेकिन हमारे ज़िम्मेदारों के बारे में आग का नियंत्रण किया गया था ।
दूरगा मंदिर के पास डेहराडुन रास्ता पर, उमेश सिंग ने अपने हथलों के बाहर एक अंधेर की थोपन बनाया था ।
ज़्यादा 8:30 पि. एक रोकेट अलग - अलग - अलग - अलग होने पर आया ।
लेकिन पूरे स्कूलों के बीच झूठे हुए थी ।
क्लाएंटों ने उस समय भोग में थी.
शाप के मालिक ने अग्नी मिटानेवाले और झोंक के प्रयोग से आग को मिटाने की कोशिश की ।
इसके अलावा, आग बर्गैड भी आया ।
कोई अंजाम में कठिन नहीं हुआ।
लेकिन वहाँ थोड़ी थी ।
दानी राम ने कहा कि अग्नी का नियंत्रण करने के बाद आग ले गयी ।
इस घटना के बाद, मार्क में शापकों ने सभी ज़रूरत सुरक्षित सुरक्षाओं को लेने की ज़रूरत की है ।
दक्षिण भारत के सिनेमों के बावजूद, उसकी फिल्मों ने सिंगापुर और मलेशिया में सिनेम हॉलों में भी बड़ी प्रभाव पहुँचती है ।
"अवनी मोडि" का नाम है.
अवनी गुजरात के गैन्नागार क्षेत्र से है ।
एवनी बच्चों से काम करने के लिए चेतावनी था, लेकिन कॉलेज तक वह अपना काम कर सकता था.
इसके कारण, उसका कॉलिक स्क्रिप्ट लिखनेवाला भी एक बार उसे बताया था, "जैसे आप A समझते हैं। "
उसने अपने स्कूल और कॉलिक की भीड़ों में घोषित किया, लेकिन अब वह तामील फिल्म इंसानाइस में गुजराट का बहुत प्रचार किया है ।
लेकिन, घर के पहुँचने के बाद, यह ज़ाहिर किया गया कि वह लड़की उसकी रिश्‍ता है ।
परिवार के सदस्यों ने बच्चों में जाने के लिए उस लड़की को घर में छोड़कर दरवाज़े को बंद कर दिया ।
इस लड़की को एक कॉन्सलर और पोलिस के सामने परिवार को दे दिया गया है ।
सॉनी डेवी के 14 साल की बेटी सशिल् विशवाकर्मा की रिश्तें, गिरीदीहा से अपने घर में आया.
सोनी का पति मर गया है.
सुशिल की पत्नी एंजाली जवान के दरवाजे में पहुँच गए, और उस लड़की घर में लॉक कर रहा है।
यहाँ, लड़की रंग शुरू हुआ।
समुदायों के लोगों ने ठीक ठहराया।
घर के बीच लोगों ने अब तक पोलिस को रिपोर्ट किया ।
कॉन्सलॉर एनाप साव आया ।
अनजाली उस समय भी आया था ।
उसने कहा कि यह लड़की उसकी रिश्‍ता है.
जैसे कि उसकी परिवार का स्थिति इतना अच्छा नहीं है, हम उसे चेतावनी रख रहे हैं.
उसकी माँ, सूनिटा डेवी, सूनी, और उसकी परिवार गिर्दिडियत में ब्लेटान्ड गाँव में रहते हैं ।
उसका पिता मांटु विशवाकर्मा मर गया है ।
सॉनी, लड़की की माँ और उसकी माँ पीवेएन लाल शरमा से फोन जहारिया के पास आने के लिए पूछा गया.
उसकी माँ और आम्मी रात में आए ।
उसकी माँ ने कहा कि उन्होंने अपने बेटी को उसकी रिश्‍तें के पास भेजा ।
कॉन्सलर और पोलिस के सामने, सोनी डेवी ने अपने बेटी को अपने रिश्‍ते के स्थान से ले लिया।
अनजाली ने कहा, "हम हमारे साथ लड़की को नहीं रख सकते।"
यदि कोई गलत नहीं होगा तो हमारे पास निराश होंगे ।
टैक्स ड्राइवर ने घटना में घोषित किया ।
उसे सूनर्नागार ज़िम्मेदार अस्पूल में स्वीकार किया गया है ।
उसकी दो पाँव खड़े हुए हैं.
पोलिस ने टैक्स ड्राइवर को ड्राइवर को डाक दिया है और एक अधिसूचना शुरू किया है.
सूनर्नागार राष्ट्रीय अस्पॉटल में एक मॉर्थम के पश्‍चाताप के बाद, उस शरीर को रिश्‍ताओं को दे दिया गया.
सन्‌न्दंडनागार में चॉट्रॉकैडि पहुँचा, ड्राइवर ने अलग - अलग ड्राइवर बंद किया ।
इसके कारण गति टैक्स की गति थी कि एक ऊकालीपट्स ट्री के साथ थोड़ी हुई, जो रास्ता के सीधे पर था ।
गैंगा डेवी और ड्राइवर, साइआल (मनाली) के पुत्रा चान्द्रै (ड्राइवर) के पुत्रा कोरान ने बुराई थी ।
एक कार की ध्वनि सुनने के दौरान एक वृक्ष के साथ, निकलनेवालों ने स्त्री में आकर तत्काल पोलिस को बताया.
पोलिस ने गैंगा और चन्द्रै कुरान को नाश किया कि उस कार से कुछ मुश्‍किलों से हटाया और उनको सूनर्नागार राष्ट्रीय अस्पॉटल में ले लिया ।
गैंगा डेवी डॉक्टरों के द्वारा मृत्यु की गयी थी ।
गैंगा मुंबई में अपने बहन को मिलने के लिए जा रहा था, इसलिए वह शैन्डिगारह को उस दौरान एक पीछे पकड़ने के लिए जा रहा था ।
यह कैसे उप- इंस्पेक्टर स्यर्डरा कुमार द्वारा नियंत्रित किया जा रहा है.
डी.S.P. कुलबूशन वर्मा ने इस विपत्ति को पहचान दिया ।
लेकिन डॉक्सिपी सीटी II अम्रेक सिंग पावार, एसीपी पश्‍चिम डिलबंग सिंग, एम. ए.य. ओ यूकबाल सिंग और एक सौ से अधिक पोलिस अधियरों को उपस्थित हो सकता है ।
लेकिन पोलिस ने किसी नॉर्कॉटिक या मोबाइल फोन नहीं पाया ।
तीन घंटे के बाद पोलिस खाली हाथ लौट गया.
तीन सीटों के लिए संदर्भकों की प्रचारक पोस्ट किया गया है.
कैंट, उत्तर-सेंटरल, पूर्व, पाआतान-मैहुलि और बार्गि अंग्रेजी सूची में से कैड्ड्‌सिट्‌स से भाषण किया गया है ।
बर्थीया जानाटा पार्टिया ने वर्षगांठ में 147 अंग्रेज़ी के बैठकों के लिए उनके अभिषिक्‍तों को प्रचार किया है ।
सूची केवल उन नामों में है जो पहले के बारे में समझे गए थे ।
जैसे BJP के द्वारा प्राप्त की सूची, इशवार्डस रोहनी, उत्तर-सेंटर से शाराद जान, पूर्व में से अनाकाल सॉनकर, पाआटन-मजुलि और प्राथिबह सिंग में से शामिल किया गया है।
BJP के द्वारा तैयार किया गया सूची ने उत्तर सेंटर और बार्गि संगठन के सिवा नियुक्त विद्वानों को पहले से चुना गया था, जहाँ भाषाओं को लंबा समय तक बदलने के लिए चलाया गया था।
पूर्व सम्मेलन के सिटी के सिवा, दूसरे बैठकों से बैठे हुए बैठे हैं
सिर्फ अंकल सॉनकर पहले से पिछला सदस्य था कि पूर्वी सम्मेलन के लिए एक पहिले सदस्य था ।
लेकिन अपनी क्षेत्रों में कामगिरों को समर्पित किया जाता है ।
अंग्रेज़ी के बावजूदों के बारे में फैसला सिर्फ दीवाली के बाद किया जाएगा ।
स्रोतों के अनुसार, अंग्रेज़ी सेट्‌स जहाँ कैस्ट के कारण कुछ विरोध या समस्या हैं, नए विरोधकों को अंतिम हो सकते हैं ।
अधिवेशन के लिए एक स्थानीय विद्यार्थी को टिकीट देने के लिए एक टिक्ट देने की आवश्‍यकता के लिए 276 पार्टी कार्यकर्ता जहन्नुम में जाएँगे ।
इन सभी पार्टीकारों ने राष्ट्रीय प्रधानिक राजनाथ सिंग, संगठन सेक्टर रामलल, प्रथम प्रदेशक निटन गैदकरी, एनाथ कुमार, एम.पी और राष्ट्रीय जवान का प्रधानता, एनुराग थाकूर की प्रधानता से मिलेंगे ।
लेकिन, अध्ययनियों ने किसी पत्थर को पहुँचने के बारे में कुछ नहीं कहा है ।
शोबन सार्कर कहता है कि पत्थर पाया जाता है और जब सीसी अधिवेशनियों को टूट दिया जाता है, तब थोड़े थोड़े होंगे कि गंभीर के बारे में सच्चाई समझेंगे ।
शोबान सार्कर ने कई बार माइडिया के साथ बात की और उसकी वर्णनों को भी बदला दिया ।
जब उसने कहा कि यदि सैनिक के द्वारा यह ऑपरेशन किया जाता, तो सच्चाई पहले ही जानता था ।
तब तब उस ने कहा, और सब को कहने के द्वारा, कि जब तक कि उसे गिनती स्थिति में बुलाया जाएगा, तब तक सोने को न पाया जाएगा।
जब उसकी टिप्पणीओं के अलग - अलगियों के बारे में पूछा, तो उसने सरकार और सीसी को झूठा करना शुरू हुआ, इसके बारे में ठीक है कि क्या किया जा रहा है और यहाँ प्रवेश करने से मिडिया को रोक दिया जा रहा है ।
हमने ज़िंदगी की ज़िंदगी की ज़िंदगी की थीं ।
लेकिन, उसने समझ लिया कि स्साइ टिकोप सीधे ठीक स्थान पर चल रहा है, जैसे उसने दिखाया था ।
इसके अलावा, एक दिन विराम के बाद, एससी टीम आज फिर चूंगा शुरू हो गया है, लेकिन एक सेंटीमीटर भी प्रगति नहीं कर सकता है.
अध्ययनक ड्रिक्टर, विजाय शंकर डूबिय, ने कहा कि आज सीसी टीम ने इस क्षेत्र को शुद्ध करने के लिए पूरे दिन 4,80 मि.
यदि टैटा कारकर्स यूनियन टैटा स्टील एंजेक्टर विस्तार के लिए कोई स्थायी हल नहीं दे सकता, तब सेक्टर-जनरल एक तिथि जल्दी फायदा करना चाहिए.
अगर एक ग्रेड संशोधन के लिए फैसला समय ले रहा है, तो इन कामकों को कुछ अवधिम संख्या देने के लिए प्रयास किया जाना चाहिए ।
इन दोनों आवश्‍यकों के साथ, दस सदस्यों के बी. के.
इसके बाद, डिनडा ने कहा कि जन्मदिन में विस्तार का विषय प्रबंधन और संयुक्‍त के बीच चर्चा नहीं किया जा सकता ।
एक ऑफिस बैरररर बैठक शनिवार में लगाया जाएगा, जहाँ इस विषय पर चर्चा किया जाएगा ।
जिन लोगों में जनरल सेक्टर को मिलने के लिए गुलाम मोनुडिन, मान्जिट सिंग, सारोह पन्डिय, महेद्रा सिंग, दार्मेंड्रा उपैडहाइय, लाल बहाडुर उपद्दीय, रावी शंकर पैन्डिय, मन्नेशवार पैन्डि और गिरीश ।
कॉर्पोरिट सेवक वी.पी. नगर में था, लेकिन संयुक्‍त अधिवेशनियों को मिल नहीं सकता ।
इस सवाल को शायद सप्ताह में चर्चा किया जाएगा ।
सभी कमी सदस्य, और कामकों ने कार्यालयों को मिला और उनकी समस्याओं के बारे में उन्हें बताया ।
लेकिन अगर हमारी ज़िम्मेदारी के ज़िम्मेदारों के ज़िम्मेदारों के ज़िम्मेदारों में ज़िंदगी की जानकारी दी गयी ।
डिवेली ने आइए प्रकाशों का स्वागत शुरू किया ।
डैंटेरास या छोटे डायवाली शुक्रवार में है.
और डाइवाली घर अंशों के साथ, अच्छी कॉनोलिस भी एक ताकत है ।
घरों के आगे अच्छे हॉनोलिस या घरों के अंशों में अच्छी तरह घरों को अच्छी तरह बढ़ाते हैं ।
हमने गुजराट से कुछ तसवीर चुना है ।
इन अच्छी गोलॉलिस को बनाने से आप भी अपने घर को अच्छा बना सकते हैं ।
इन अध्ययनियों को पहले से कंपनी सेक्टर की वर्ग में प्रोत्साहित किया गया था और उनके मौजूदा नाम सम्बन्ध सेक्टर स्तरों में उत्पन्‍न किया गया था ।
डेबक वर्मा और दूसरे नन्गाल देश से दूसरे को प्रार्थना करने के लिए उच्च अधिवेशनों के बढ़ने के विषय में दी गयी थे ।
अधिसूचना के जवाब तिथि नवम्बर 12 के लिए निर्धारित है.
इसके बाद बाइबल के बाद बाइबल विद्यार्थियों के लिए पिछले महीने की थी कि बी.B.M.B.
इसके कारण, माता - पिता ने उच्च कोट के पास आया ।
दो साल पहले, जब वज़ह बढ़ा जाता था, माता - पिता ने इस रास्ते पर विरोध किया ।
माता - पिताओं को क्रोध किया गया था जब एक बार फिर फायदे बढ़ाया गया था ।
माता - पिताओं को नयी अवस्था के सिर्फ 5 महीने के बाद फेज़ों की शुरूआत से थीं ।
सभाओं के बाद, माता - पिता ने स्कूल के पास लेने के बारे में दिखाया ।
इसके बाद भी, स्कूल ने प्रतिक्रिया नहीं किया और आखिरकार माता - पिता को उच्च कोट के पास जाना चाहिए ।
माता - पिताओं ने कहा कि फेज़ों का अकसर संशोधन अच्छा नहीं है ।
यह नहीं सिर्फ बच्चों की शिक्षा को प्रभावित करता है, बल्कि माता - पिता के व्यवसायों को भी प्रभावित करता है.
प्रधान ने कहा कि सरकार के काम में पारदर्शिता के साथ काम करना चाहिए ।
उसने कहा कि योजनाओं का पूरा करने में कोई अनमोलता नहीं होगा ।
पहले ब्लॉक कॉपोरियटिक अध्ययन ने सभी पंखियाताओं को प्रदान की सूची देने की आज्ञा दी गई, ग्रीन विरोध योजना के अधीन श्रीविडहि कारकों की सूची, और इस योजना के अधीन प्राप्त किए गए संख्या के सूची की सूची की सूची.
बैठक में इस आदेश को दी गयी गयी थी कि शास्त्रों को निर्माण करने के काम में न होंगे ।
ब्लॉक में शाखाओं की सूची दी गयी थी ।
प्रेषितों को बैठकों में बैठने की अनुमति नहीं दी गयी ।
यह घर का फैसला था कि विभागीय प्राप्तकर्ता बैठक के सिर्फ कौरम को पूरा करने के लिए बैठक आए थे और पूरा सूचना के साथ लेने की ज़रूरत नहीं थी ।
इस बैठक में अनेक विभागों के साथ ज़्यादातर, पानी, शुद्धता और स्वास्थ्य के लिए ज़्यादातरों को समझ दिया गया ।
इस बैठक में पर्लामीटर प्रतिनिधि, प्रोफा. प्राविन चौडहरी ने कहा कि संगठन विभाग ग्रेन विरोधक प्राप्तकर्ताओं के लिए फैसला देना चाहिए ताकि पेड़ियों को आगे जा सकते हैं ।
उसने कॉ-कोपरेटिंग विभाग के कार्यों की उच्च स्तर की जाँच की थी.
यह हिटलर के स्वतःबायोग्राफिस में लिखा गया है कि झूठ का आकार भरोसा के लिए मुख्य कारण है.
लेकिन ज़्यादा झूठे बड़े झूठे स्वीकारते हैं ।
कंग्रेस के दौरान डेवांट बारूआह ने "इंडिरा भारत है।"
लेकिन इतिहास सच्चाई अलग हैं ।
राष्ट्र के बारे में एक महान इतिहास है ।
भारत के लोगों ने संसार को अपने सक्रिय प्रयत्नों से ज्ञान किया है ।
फ़िल्लोसोफी और संस्कृति, वैडिक सैग्स कापिल, बुदा, महाविरा और शानकारा इतनी अद्‌भुत पिता - पिता हैं ।
जैसे कैंडरागुप्टा मौराया, अशोका, आत्साका, मिसालों के लिए प्राचीन राष्ट्रीय एकता की उदाहरण हैं ।
प्रतीक पुरुषों की एक लंबे सूची है जो विदेशी हट्ठाओं और सरकारों के साथ लड़ते थे ।
विविकानान्डा, दायनान्ड, टिलाक, गान्दी, साफहाश, पातल, लॉहिया, बाइपन चन्द्र, अम्बेदर, और बीगात सिंग, चंद्र शेखर आसाद के लिए अमरिश्‍त सूची दी जाती है, लेकिन कंग्रेस सिर्फ नहुरू - गान्दी परिवार के लिए राष्ट्र को बढ़ाता है ।
बड़े झूठे ज़्यादा प्रभावी है ।
58 के केंद्र योजनाओं में से 16 में राजिव गान्दी का नाम है.
अन्य योजनाओं के सूची, अध्ययन, अलेपोर्ड और संगठनों की सूची उनसे जुड़े नहूर परिवार के नाम के साथ लंबे थीं ।
अब पब्लिक वितरण सिस्टम के नाम के लिए तैयार किया जा रहा है, जैसे - जैसे, पीडीएस योजना, इंडिरा गान्दी के बाद.
इन प्रतीक पुरुषों की नामों को अद्‌भुत हुआ है ।
लेकिन राष्ट्रीय राजधर्म के आंतरराष्ट्रीय हवारपा के राष्ट्रीय स्कैन का नाम किसी भी परिस्थिति में स्वीकार नहीं है ।
सार्वजनिक वितरण तंत्र पहले से ही विरोध में आया गया है.
इस योजना के नाम में व्यवसाय पूछने के लिए कौन रोक रहा है?
लेकिन नहूर परिवार के बारे में देखने में क्या समस्या है?
प्रमुख मिशनर मान्मोहन सिंग और प्रथम विरोध पार्टी प्रमुख प्रमुख प्रमुख प्रमुख प्राप्तकर्ता, नारेंड्रा मोडि, सार्दर पातल के बारे में बड़ी महानता के बारे में बदल दिया गया था ।
पैथल एक बड़ी राष्ट्र बनानेवाली है ।
उसने 562 में एक राष्ट्र में शामिल किया ।
लेकिन कंग्रेस ने उसे अपना मालिक बनाया है ।
सार्वजनिक वितरण तंत्र पातल के बारे में भी नाम हो सकता है ।
इसके अलावा पतल की महत्त्वपूर्णता को किसी तरह से नहीं प्रभावित करेगा ।
कंग्रेस बहुत लंबे समय के लिए शक्‍ति में है.
कंग्रेस स्वयं के द्वारा योजनाओं की पोलिटिशिशियत किया गया ।
कंग्रेस एक बार एक राष्ट्रीय पार्टी था, जिसमें टिलाक, गोकैल, गैंदी, सुहश, राजेंडा प्रासाद, नहूर, पातल और मैदान मॉहन मल्वीया के जैसे एक परिवार के नियंत्रण के अंदर आ चुका है । 1950 से एक परिवार के नियंत्रण के अंदर है।
पार्टी और परिवार के ज़िम्मेदार हो गए हैं ।
परिवार और देश को प्रचार करने के लिए "इंडिरा भारत है" तैयार किया गया है.
योजनाओं का नाम घरवालिक विषय भी हो गया है ।
सरकार योजनाओं को जुड़े हुए देश के क्षेत्रों से चल रहा है.
राष्ट्र का एक्सकैर कंग्रेस में किसी परिवार का मालिक नहीं है.
कंग्रेस के उदाहरण के अनुसार हर पार्टी अपने प्रतीकों को बनाया गया है ।
क्षेत्रीय भागों ने राजकियों के नामों में योजनाओं को जैसे वे चाहते हैं ।
प्रत्येक आइकनों में है, लेकिन पार्टी प्रतीकों की सूची बढ़ जा रहा है.
मौजूदा, हर छोटे या बड़े पार्टी अपने प्रतीक है.
अमेरिका में राजिक प्रेरितों के नामों में सरकार योजना नहीं चलते हैं ।
भारत में उनकी न्यायी कठिनता है ।
नहूर परिवार के नामों में योजनाओं को चलाने के द्वारा केंद्र में सभी योजनाओं के लिए स्कैन लेने की ज़रूरत है ।
महाथमा गान्दी, पातल, साफहश चांड्रा बोस या बहैट सिंग के नामों में योजना कोंग्रेस की पहचान के साथ पहचान नहीं जा सकता है.
कंग्रेस ने उसकी रिश्‍ते से छोड़ दिया है ।
सिर्फ राऊल-सोनिया से प्रचार करने या संदेश को कंग्रेस के लिए काम करता है.
निस्संदेह, दूसरे भाग भी अपने योजनाओं को भी नाम देते हैं, लेकिन वे हर योजना के लिए एक परिवार का नाम नहीं रखते।
संसारिक योजनाओं की पोलीटिसिटिटिट्‌स ठहराता है ।
यूटर प्राडेश में वितरित लैपट्स उन पर स्पी प्रधान का तस्वीर है.
निश्‍चय ही, चलनेवालों को ज़्यादातर पार्टी जीतने की हिम्मत देते हैं ।
सरकार अपने व्यवस्थाओं की योजना और प्रयोग करने के बारे में शामिल है, लेकिन निश्‍चय ही योग्यता और चयन करनेवालों को सचमुच सरकार की योजना नहीं देते जैसे वे चाहते हैं ।
वॉर्टरस सरकार से राजनीतिक नहीं है, और राजधर्मी के योग्य इस्तेमाल पर आशा रखते हैं ।
लेकिन अलग - अलग - अलग - अलग होने का एक अध्ययन ठहराना है ।
कुछ प्रकार नाम का प्रोटोकॉल विकास की जरूरत है.
राष्ट्रीय प्रेरितों हर चीज़ का हल नहीं है ।
भारत बहुमुखी जानकारी से भर गया है.
उच्च शिक्षा / तारीख संस्थाओं के इंट्रीट्‌स की नामों की ताकत भारत विज्ञानियों के बारे में नाम की जानी चाहिए ।
एक विद्यार्थी का नाम या एक विशिष्ट लेखक का नाम साहित्य, फिल्सिफोस या कैट इंट्सट्स के लिए कदर किया जाएगा.
राजनीति में इतिहास की भावना कमी है ।
अधिवेशन में देश को नाम देने के बारे में भी एक लंबा विषय था ।
सत गोविन्डडा, कमालापैटी ट्रिपैथी 'बरात' अग्रसारित किया गया।
ब्रार्ट नाम 38 व्यवसाय प्राप्त हुआ और भारत 51 मिला ।
मौलिक सवाल है: योजना नाम के लिए गंभीर विचार क्यों नहीं दिया गया है?
इसमें हमेशा राजसी क्यों शामिल है?
एक एक परिवार को ऐसा महत्त्वपूर्ण क्यों दिया जाता है?
सामान्य सार्वजनिक नामों की सूची क्यों नहीं बना सकते?
पर्लामीट और नियमन कॉमिट्स को सूची बनाने के लिए भी प्रयुक्‍त किया जा सकता है ।
राष्ट्र और स्थिति स्तरों में योजना नाम करने में क्यों गहरा अलग क्यों है?
इस अनमोलता के कारण, जवान पिता हमारे स्वर्गदूतों के नाम भूल रहा है ।
भिन्नों की अलग तरीके हैं.
कुछ लोग टीवी द्वारा निर्माण किया जाता है और ज़्यादातर राजिक विरोध के रूप में झूठे हैं ।
नमूना एक स्वागत प्रयोग है.
रिगवेडा का "Jnyansukta" में नाम ज्ञान का शुरू हो गया है.
योजनाओं को अच्छा नाम करना प्रेरित रूप से हो सकता है ।
सामान्य जानकारी किताबों से बड़े लोगों के नाम का नाम एक काम है, लेकिन सरकार योजनाओं का नाम, रास्ताओं या महत्त्वपूर्ण स्थानों के बाद इतिहास की भावना पुनर्विधान करने के लिए आसान औज़ार है ।
गैन्दी नगर, पैटल अधिवेशन, अम्बेडकर्पारम या विविकानांदापुराम एक इतिहासप्रेरण जोड़ता है ।
एक हाल में एक सर्वेव में सिर्फ दो से तीन महीने पहले, यह दिखाया गया कि देश के गाँवों और नगरों के अर्धे रामा के नाम से संबंधित है.
देश, समय, संस्कृति, सार्वजनिक और इतिहास नाम के लिए अतिरिक्‍त जागति की जरूरत है ।
उनके नाम खास वर्णनों और सम्बन्धों के प्रतिनिधि बनते हैं ।
डायननांडा, विविकानांडा और गैंदी के नाम संसारिक संशोधन, वैडिक फ़िल्सोश सच्चाई और बिनतीयता के साथ तैयार हैं
कंग्रेस के मित्रों को एक ही परिवार से नाम खोजने के लिए उन्हें माँगना चाहिए ।
इंडियन इतिहास में बहुत - से नाम हैं कि एक सोने का सामना है ।
मॉटर ट्रेक्टर अंकिक्ट्रियन ट्रैंट्री ट्रैंट्री का आज्ञा देता है कि रेस.50.67 लाक्स के पूर्व महाराशट्रा के मिशनर के परिवार को स्क्रिकैंट जिक्कार के परिवार को देना चाहिए, जिसने 2004 में एक राज अंधकार में मार दिया था ।
रो. 25.82 क्रोरेस की ज़रूरत दी गयी ।
परिवार ने कहा कि महाराशट्रा स्टेट्रेल रेड ट्रांपोर्ट कॉर्फोनस [MSRTC] बस ड्राइवर की अलगता का जून 2004 के द्वारा जैक्कर का मृत्यु हुआ ।
मिसर्टी के लिये स्क्रीएस को हस्ताक्षर करने के साथ क़िस्म ने कहा कि बीमारी कंपनी को कुछ भी नहीं देना चाहिए जैसे कार जिककर् का है ।
श्रीराम दावाद के परिवार, जिक्कार के मित्र के परिवार, रेस २१.60 लाख की समस्या भी प्राप्त करेगा.
वह एक ही अंजाम में भी मर गया ।
इसके बाहर, बीच 70 प्रतिशत की संख्या (Rs.15.12 लाक्स) के मुताबिक MSRTC द्वारा पालन किया जाएगा ।
जिककर के कार की ड्राइवर को अनजान से अपराध पाया गया और इसलिए 30 प्रतिशत (आर. 6.48 लैक्स) पहले सेवक के परिवार के द्वारा पाया जाएगा.
इस समय के दौरान उन्होंने पार्टी समर्थकों और सदस्यों के सम्बन्ध कार्यों पर चर्चा किया ।
गोज्युमो संगठन कमाइटी प्रधानिक, टिलाक गुरंग ने कहा कि गोज्युमो हेड ने अस्थायी कामक संगठन, स्थायी कामक संगठन और बुतिया और तीबेटियन सदस्यों को जवाब देने के लिए अलग विषयों पर चर्चा करने के लिए मिला ।
टून शहर के लोगों को इस समय में अंधकारी दीवाली में सन्तान कर सकता है ।
जिन्होंने निश्चित तिथि में अपनी ऊँचाई बाइल नहीं दिया है
डिसकनेक्शन नियत तिथि के बाद 15 दिन किया जा रहा है.
कैंट और बाइबल उपस्थिति से सौंदर कनेक्शन के संख्या एक और दोनों से डिसकनेक्ट किया गया है ।
इसके कारण, विकसित कमज़ोरों की बड़ी भीड़ इलेक्ट्रिक्स अफ्रीका में बढ़ते हैं ।
कमज़ोरों को कमज़ोर लगाया जा रहा है ।
समस्याओं में से एक है कि पावर कॉम्पोर्टिया भाग-अपलों को स्वीकार नहीं है.
कॉर्पोर्टिया 80 से 90% बैल की पूरा स्वीकार कर रहा है, भाग-पदान के रूप में.
एक अधिवेशन संख्या में एक ऑफिस ने एक सूचना पहुँच दिया है, "हम को एक भाग-पहलन देने के द्वारा हमें नाश न करो।"
अम्बाला ऑपरेशन के SE के अनुसार, पावर कॉर्फोनिया ने कमज़ोरों के बारे में दयालुता से सोचने से बंद किया है ।
अब उन्हें उन्हें नियम तिथि में अपने आगे बाइनों को देना जरूरत है, अगर कॉम्पोर्टिया ने अपने एलेक्ट्रिक्स काटकर 15 दिनों के बाद टूट दिया जाएगा ।
आम्बाला वृक्ष रेस.102 क्रोर को उत्तर हारीना पावर वितरण कॉर्फोनिया से लक्ष्य प्राप्त किया गया है.
एक्जीक्यूटर इंजनर और सभी उप-व्यवस्थाओं के SDO को लक्ष्य मिलने के लिए आदेश दिया गया है.
31 अक्टूबर इस लक्ष्य के लिए अवधि का समय था और यह पूरा नहीं किया जा सकता ।
शुक्रवार में सरकार ने सोन पर आयात व्यवस्था को 10 ग्राम तक $440 से बढ़ाया और चांदी पर आयात व्यवस्था बढ़ाया है प्रत्येक किक्लोम $738 तक ।
इस परिवर्तन ने दोनों महसूसों में हिम्मत के अंग्रेज़ियत परिवर्तन को देखने के बाद किया है ।
मौल्यवान मैटलों की मूल्य पर स्पष्ट व्यवस्था दी गयी है ।
दो दिन पहले सोने पर आयात की व्यवस्था को 10 ग्राम से बढ़ाया गया था ।
लेकिन अंतर्राष्ट्रीय व्यवस्था मार्क की मोलता के कारण इन क्षेत्रों को बदला जा चुका है ।
इसके बारे में अध्ययनिक शब्द के अनुसार, मध्यम ऑक्सिस और कॉस्ट्रेस बोर्ड ने सूचना प्राप्त किया है ।
अन्य महत्त्वपूर्ण मिट्टी के बजाय, जो गिनती तक ३,३३,३३ टोन तक था, ३,८40 टॉन से कम किया जाता है ।
आयात किया जाता है कि झूठे ऊलों की हिम्मत, जैसे बीन ओल, रिब्ड पैम ओल और दूसरों को भी बढ़ाया गया ।
जब टिकीट शुरू नहीं हुआ तो पीछे गिनती ३,००० से बढ़ाया गया ।
लेकिन ट्रेनों में एक महीने ३९,००० से ज़्यादा जाँच शुरू हुआ ।
लेकिन टाइकट के बारे में चिंता करते हैं और अब वे एक टिकीट के साथ चल रहे हैं ।
तारून जाइन की सीपीआई, कहता है कि 9 लाख 75 हजार प्रवासियों को रोकने के श्रेणी और 88 लाख 13 हजार भाषा में अक्टूबर के महीने में पिछले वर्ष में चलनेवाले 9 लाख 75 हजार पारंपरों के पास जाते हैं ।
अक्टूबर में इस वर्ष को शुरू किया गया है, लेकिन टाइकट के विरोध के विरोध में १,०,००,००,००,०००,०००,०००,०००,०००,०००,०००,०००,०००,०००,०००,०००,०००,०००,०००,०००,०००,०००,०००,०००,००००,००००,००००,००००,००००,००००,००००,००००,०००,०००,०००,००००,०००,०००,००००,००००, पेजर ।
अक्टूबर के महीने के महीने इस वर्ष में ८८ लाख 41 हजार पार कर रहे हैं ।
उसने कहा कि रेलाइन प्रधान ने रेलाइन स्टेशन के प्रवेश में जाँच शुरू किया है, ट्रेनों के अंदर और एक विभाग से टाइकट की जाँच थी ।
इसके अवस्थापित परिवारों की संख्या को कम किया गया है.
उदाहरण का अध्ययन के द्वारा फैसला कर रहा है, जाइराम रामेश ने कहा कि उनके शक्‍ति को बढ़ावा देने का प्रयत्न खतरनाक है ।
वर्षगांठ में, अध्ययन ने कहा कि राजिक सेवकों को अपने राजिक मालिकों के द्वारा शब्द आज्ञाओं पर नहीं चलना चाहिए ।
शुक्रवार जाइराम ने कहा कि अध्ययनियों और सरकारों के काम को अपने हाथ में लेने के लिए यह सही नहीं है ।
कैराला में कैनुर में "प्रेस" में, जाइराम ने कहा कि यह एक फैसला नहीं है.
यह सर्वोत्तम कोशिश से एक शब्द आदेश है.
इस उद्देश्‍य के लिए मध्यम सरकार के सिलियल सेवा स्थापन बोर्ड पहले से ही जा रहा है.
लेकिन हमारी ज़िम्मेदारों की ज़िंदगी में ज़्यादा ज़रूरत होंगे ।
उन्होंने कहा, "यह एक खतरनाक अध्ययन और सामाजिक काम करनेवालों के द्वारा प्रोत्साहन कर रहा है।"
उसने कहा, "ऊपर अध्ययन यह चाहता है कि देश में राष्ट्र और एक खुले परिवार, लेकिन जब न्यायियों को नियुक्त करने के लिए हर चीज़ को अलग रहा है।"
अधिवेशनियों के विरोध में एक बड़ी स्थिति लेनेवालों के विरुद्ध जिन्होंने प्रमुख अधिवेशनों के लिए प्रार्थना को बढ़ावा देने के लिए बढ़ावा देने लगा, उसने कहा कि रिट्रीट अध्ययनियों ने बड़े संख्या में राजिक प्रधानों को बढ़ावा देते हैं, हालाँकि उन्होंने राजिक प्रधानों को अच्छी तरह सेवा की ।
अब, उन्होंने उन्होंने फैसला किया कि सभी राजगतियों को बुरा है ।
कंनुर देश में पहली क्षेत्र है, जहाँ कोई परिवार अब नहीं है।
मध्यम क्षेत्र विकास मिशनर जाइराम रामेश ने बताया है कि हर गरीब परिवार को घर बनाने के लिए कम से कम 3 प्रतिशत होना चाहिए ।
यह एक इतिहास चरण है.
उसने सभी राष्ट्रों को कैराला के स्थिति में देश के वितरण से एक सबक सीखने के लिए बताया ।
उसने कहा कि ऐसे फैसलाओं को राजिक इच्छा और मज़बूत फैसला करने की ज़रूरत है ।
सात साल पहले, प्रमुख कोशिश ने पोलिस सुधारने के लिए एक आदेश निकाल दिया ।
ऐसा हुआ था ।
अपने आप से पूछिए कि क्या इन आज्ञाओं को स्थितिों में पीछे हुआ है?
वह अपराध मॉहानपुर पर ठहरा रहा था - इटवा रास्ता, जो बोदगाया-बाक्रार बड़े बड़े पर चलता है।
कैनहिया सिंग ने कहा कि ट्रैक चोरों ने ट्रॉक ड्राइवर, सानजाय यादाव की हाथों को बन्द किया और शुद्ध करके वे जंगल में रखते थे ।
वर्षगांठ में ट्रॉक की ट्रैक की ट्रैक्टिव जाँच दी गयी ।
जब पोलिस बकरार-बोदगैया को चोरी ट्रॉक में दूर डाल शुरू हुआ।
पोलिस ने ट्रॉक के साथ दो चोरों को ले लिया ।
क्यूलहुरा गाँव में से डिनिश पासवान, बोदगाया देश के हिस्सा, और दादहानावा से प्रामोड के लिए पोलिस ने अतिरिक्‍त प्रश्‍न करने के लिए पहुँच किया ।
पोलिस प्रधान ने कहा कि इन गुनाहों को एक बड़ा कंग है.
प्रामोड इस कैंड का मैस्टरमाइड है.
प्रामोड ने दूसरे गुनाहों के बारे में सूचना दिया।
प्रधान सैनिया कुमार, प्यूनेथ कैशहाप, डिना नथ, कुल्दिब कममार, पोनाम शरमा, सूनिटा और मिरीडुला शरमा और दूसरे शिक्षकों ने स्कूलियों को उनके परिणामों के बारे में आनन्दित किया ।
इस दीवाली अलग प्रकारों की अगुवाई राष्ट्रीयों के नाम से, मार्क में उपलब्ध है.
यदि आप अगर अगर अगर अगर सोनिया, मोडि और राहुल गान्दी के नाम से नहीं लेना चाहते हैं, चिंता मत करो। नाइटिश ब्रैकर्स भी मार्क में उपलब्ध हैं.
अगर आप अभी भी खुशी नहीं हैं और आपके लिए इन नामों के बारे में संरक्षण हैं, अन्य विकल्प हैं जो मार्क में उपलब्ध हैं.
इस बार जब आप अपने बच्चों के लिए अगर अगर लेनेवाले को खोजने के लिए जाएँगे, आप खाली हाथ नहीं आएंगे.
अगर आप बिहरा के मुख्य मिशनर नतीश कुमार के नाम से अगर अगर आप अगर नहीं करना चाहते हैं, तो तुम उन्हें सचमुच अधिवेशन के नाम [S1] के साथ ज़मीन को ले जाएँगे, सुसिल्ल मोडि.
अगर आप अपने बच्चों के लिए किसी राष्ट्रिक के नाम के साथ नहीं लेना चाहते हैं, तब चिंता न करना. रामविलास पासवान विकल्प आपके लिए उपलब्ध है. हाँ, रामविलास पासवान फायरकर्कर भी मर्क में उपलब्ध हैं.
हालाँकि लालो यदि अब पेड़ के लिये जज़ा किया जा रहा है, तो तुम्हें कभी भी चिंता नहीं करना चाहिए। अगर आप उसके साथ सन्तान करना चाहते हैं तो चिंता न करो, तो आप अपने घर में लालो यदावा के साथ दीवाली को आनन्द कर सकते हैं!
ट्रिबुट्स ने पहले प्रमुख मिशनर इंडिरा गान्दी को फायदा किया ।
इस सूचना को स्कूल प्रधान नेफ सिंग के द्वारा दिया गया ।
उसने कहा कि शिक्षकों और प्रोफेसरों ने इन्डिरा गान्दी के तस्वीर पर फूल रखा ।
इस टॉपिक पर एक टिप्पणी - ब्रागटि के पथ पेर हार्याना के बारे में संगठित हुआ ।
मांजू लाकशमि को पहले बुरी हिम्मत जीता और शालीपा दूसरी बुरी बुरी जीता था ।
ब्रिज मॉहन गुपाटा के स्टेट प्रदेशक ने सारर्डर पातल और इन्डिरा के बलिदानों के बारे में विद्यार्थियों से अपने विचारों को शामिल किया ।
उर्मीला मालिक, जिटा गुपा, राजबिर सिंग और एमीट गुपटा जुरी सदस्यों के रूप में आदर किया गया ।
मुख्य विषय के बारे में सूचना दिया - हारीयाना कि पारागैटी ।
उसकी मृत शरीर ने ड्राइन डॉक्टर के पास पाया ।
मृत जवान को हारीश गहालाट के तौर पर पहचान दिया गया है ।
उस जवाब के शरीर में दो स्पर्श डोर पाया गया ।
पोलिस ने एक मॉर्टम के पश्चात अस्पॉल में भेजा है और अधिसूचना शुरू किया है.
रोशान बाग़ के क्षेत्र में ड्राइन डॉप के पास झगड़े हुए एक युवा सूचना मिला ।
जब पोलिस पहुँचा, वे उसे मृत्यु मिले ।
इसके बाद उसे हारीश की ओर पहचान दी गयी थी ।
उस जवान को टूटकर दो बुलों के साथ डाल दिया गया था ।
हारीश ने अपने दसवा क्लाड अध्ययनों के मध्य में छोड़ दिया ।
इसके अलावा, उसने बुरा मनोवृत्ती में ठहराया ।
आखिरी बार लोगों ने उसे देखा कि वह एक मनुष्य के साथ था.
पोलिस इस पुरुष को पाने की कोशिश कर रहा है, और यह भी जानने की कोशिश कर रहा है कि यह जवान जवाब जहन्नुम में कहाँ था और उसके मृत्यु से पहले किसके साथ है ।
जैगरान संपर्क के केंद्र, राजूरी: शुक्रवार में विविध विभाजनों के अनैतिक सरकारों के अध्ययनों के लिये एक आश्‍चर्य खोज किया गया था ।
कॉट्रंक में पी. ए. ए. डैब्टर में खोज के दौरान ऑफिस को लॉक किया गया और कामकों ने काम से बाहर नहीं थी ।
वहाँ काम करनेवालों में से एक कार्रवाई को ठहराया गया, जबकि विकसितों को show-क्यों के साथ सूचना दिया गया था.
ड्रिक्टर कमज़ेर ने सरकारों को देखने के लिए बहुत - से टूम बनाया है ।
उसकी आज्ञाओं के बारे में टेहसिल्डार और दूसरे अधिवेशनों के द्वारा एक आश्‍चर्य खोज हुआ ।
कॉटरांक टेहसिल्डार, इस्रार अहमद मिर ने मुख्यस्थान में रहनेवाले सरकार कार्यालयों को भी आश्‍चर्य भेज दिया ।
अफ्रीकाओं में, और कामकों में, बहुत - से उच्च अधिकारी पायी गयी थी ।
लेकिन उसने मुश्‍किल अध्ययनियों के ज़िंदगी को सूची भेज दिया और उसे क्षेत्र कर्मनीर फ़ैकर चांड बहाट को भेजा ।
जब कॉटरांक टेहसिल्डार ने पी. ए. ए. विभाग में पहुँचा, तो उसे लॉक किया ।
क्योंकि कोई कामक नहीं हो सकता ।
डॉक्टरों से बल्कि, कोट्रांक अस्पॉटल में, दूसरे १४ मददों को बाहर नहीं मिला ।
बी.म.ओ भी बाहम रहा था।
बी. डी.O ऑफिस में, दो अस्थायी कामकों के बजाय, बी.डी.O के साथ अपने कामकर्ता के साथ नहीं उपस्थित था ।
सी.डी. पी.O कार्यालय एक कम रैंकिंग अधिवेशन के द्वारा नियंत्रित किया जा रहा था ।
ऑफिस रजिस्टर में कारकों ने अगले दो दिनों के लिए अपने आप को चिह्नित किया था ।
इसके अतिरिक्‍त, सी. ए. डी. पी. ऑफिस में सिर्फ टी.
लेकिन दूसरे अध्ययनों ने ज़्यादा अध्ययन किया ।
थीसिल्दार ने इन सभी अभिषिक्‍त कामकों की सूची तैयार किया और उसे क्षेत्र कर्मनीर को भेजा ।
इसके अलावा, मुख्य शिक्षा अध्ययन चूडहरी लल हूससायन ने बाल्जालन ज़ोन में बहुत - से स्कूलों को आश्‍चर्य भेज दिया ।
वॉलि मॉमद्द के स्कूल में मध्यवार खाना के विषय है और इस काम को ठीक नहीं करने के लिए ठहराया गया है, जबकि श्री अबुल मजेड और शिक्षक सूरिया के मध्य स्कूल, जावेड अलाम, सी. पी. सी. स्कूल और एजिया कुमार, सी.र. पी. बल्जरालान मध्य स्कूल में, सभी प्रदर्शन की सूचना के साथ प्रेषित किया गया है.
डियट प्रिंथर प्रेडिप्‌ शर्मा थानामानदी ज़ोन में स्कूलों की एक आश्‍चर्य परीक्षा दी गयी थानामनदी ज़ोन के स्कूलों को वहाँ मध्यवार खाना जाँचने के लिए ।
थानामान्डि ज़ोन में, प्रधान ने मध्यवान खाना में कुछ लूपोल पाया और इसलिए स्त्री फ्रादूब शारामा ने खाना के लिए अध्ययन करने से पूछा और सिर महान ने दो दिनों के दौरान इन कठिनों को ठीक करने के लिए पूछा ।
पहले स्त्री, राजराम पन्डिय, जो उसकी विरोध भाषाओं के लिए जानता था, उसे एक हृदय हल्क के बाद जन्मदिन गए ।
राजराम पान्डिय की मृत्यु के बाद, अचिलिश सरकार का कैबिन विस्तारण अलग किया गया है ।
स्रोतों के अनुसार, राजराम पान्डिय ने मिशनर के पोस्ट से हटाया जाने के बाद स्थायी स्थिति सेट की ।
प्रोग्राम के तौर पर, चौथा बार अपने कैबिन को फेर डालना था ।
राजराम पन्डिय को पता लगा कि उसे कैबिन में फिर से शामिल नहीं किया जाता जो जवान पर चलना चाहिए ।
लेकिन उसने अपने राज बहावान कॉल्योनिया में जाना था और वह वहाँ पहुँचने के बाद, उसने पहुँच शुरू किया और बेच्चाई थी ।
लेकिन वह मार्ग पर मर गया ।
अकिलेश यादाव के सरकार में, राजराम पान्डीई चाडि और नगरिक प्राटापगारह के विशवावानैग्ज तीन बार मैला थी।
उसे अप्रैल की 15वीं में कैबिन से हटाया गया था, इसलिए उसने स्त्रियों के बारे में अधिवेशनियों के बारे में बताया ।
एक प्रोग्राम में, जबकि साल्टानपुर डी.म. की सुंदरता की स्तुति करते हैं, उसने कहा, "मैं बहुत खुशी हूँ कि मैं इस क्षेत्र के लिये एक दूसरे बार से सेवक बन गया है।
मैं हमेशा एक अच्छी डी.म. के साथ काम करने की आशा मिलता हूँ.
जब मैंने पहले डी.म. कैमिनी चुहान राटान देखा, मैंने लगा कि उससे कोई अच्छा स्त्री नहीं हो सकता, लेकिन नया डी.म. (दैनक्समी) उससे अधिक अच्छा है ।
उसकी आवाज़ का टोन भी अच्छा है।"
राजाराम पान्डि यह भी कहा गया था, "हमा मालिनी की पंखों के जैसे प्रकाश होंगे, और अब केवल चेहरे हो रहा है।"
इस शब्द को एक बड़ी भाषा बनाया गया ।
चैन्डिगार: एक हाथ पर पुनजाब सरकार ने नरी पंजाबी के गुणों की सुरक्षा के लिए पुनजैब में विशेष बील दी गयी है, जबकि दूसरे हाथ में इमिग्रांट पंजैबिजेस में नया समस्याओं हैं ।
कैनाडिक सरकार ने नरिस के बारे में उन्होंने अपने गुणों से भेजने के बारे में प्रश्‍न किया है और उन्होंने पंन्सियन के तौर पर प्राप्त किया ।
एक विशेष इकट्ठा के द्वारा, कनाडा में फेडल सरकार ने पन्नस टेबरों से पूछा कि वे दूसरे देशों में अपनी गुणों से ज़्यादा भेज रहे हैं ।
सरकार के बारे में इन प्रकार की चिंताओं और जानकारी प्राप्त कर रहा है जिन्होंने विदेशी से आया जो कनाडा में सभी आर्थिक फायदेओं को प्राप्त कर रहे हैं ।
कनाडियन व्यवस्था के अनुसार, कैनाडियन राजधानीयता पाने के बाद, वे देश से प्राप्त हुए आनेवाले रिश्‍ता को उनके पूरे भेजने में जोड़ा जाना चाहिए, लेकिन लोग इसे नहीं कर रहे हैं ।
कनाडियन राजधानीत पाने के बाद भी, पुनजाब से हजार लोगों ने अपने गुणों और पंसेंस फायदेओं से पूंजैब में अपनी घटनाओं से नहीं दी ।
अनेक इनसेंडेटर अध्ययनियों ने कनाडियन लिखनेवाले अंजामों को अस्थायी रूप से पूछते हैं कि वे अन्य देशों में अपने आनन्दों को प्रचार कर रहे हैं, ताकि वे कैनाडा में उन्होंने लिखे हुए आने पर उचित ताकि उन्हें गणना कर सकते हैं ।
सीयनर के क्लब का एक डेलिगेट पंनजाब से एक पीएप्ट के साथ मिला और इस संबंध में उनके फायदे के लिए सुरक्षा माँग गया.
पाराम जिल कहता है कि, जैसे उसे दिया गया सूचना, यदि किसी व्यक्‍ति इनबेन्ड कनाडा के बारे में इस विषय के बारे में किसी दूसरे व्यक्‍ति के विषय के विषय में झूठी करती है, तब उसकी रिश्‍ता परीक्षण कर सकता है, लेकिन उसे अधिवेशन के बारे में कोई संस्कृति सूचना नहीं है.
यह डेलिगेट भी MPP विक डिल्लोन के साथ मिला और जल्द ही वे दूसरे एप्प्प्प्स और MPP के साथ भी मिलेंगे.
पुनजाब सरकार पंनजब टेनंसी बिल और अंग्रेज़ी देश (अम्मत बिल) और न्यूरिस के सुरक्षा के लिए देश की सुरक्षा के देश के लिये पूंजैब की सुरक्षा दी गयी ।
ईरि, एरमड शक्‍तिओं के साथ, अपने देश के लिए सुरक्षा देते हैं ।
इस बाइल के अनुसार एक NRI पंजाबी अपने देश और घर-सॉप को एक स्थिर बिन्दु में ले सकता है.
जब उन्हें स्थिर सूचना देने के द्वारा ज़रूरत हो सकते हैं, तो वे उन्हें वापस ले सकते हैं ।
ज़ेन्ट्स के लिए कोई स्थिति नहीं होगा और कोई अन्य विकल्प उपलब्ध नहीं होगा.
नैरी ने एसडीएम को स्वामी की प्रमाण की जरूरत है और उन्हें उन्हें उन्हें अपना आवश्यकता बताना चाहिए ।
इस व्यवस्था को लैसे के पहले पंच सालों के लिए सफलता देता है ।
अलग - अलग देशों में रहनेवाले 1,5 क्रोर लोगों से आता है, जबकि उनकी मालिक पुनजाब में अब भी है ।
उन्होंने पुनजाब सरकार से अपने मालिक की सुरक्षा की ज़रूरत करते हैं ।
सोने, चांदी और व्यवस्था आज भी माननेवाले खोज हैं ।
इस व्यवस्था की वजह से पहले ही अपने भोजनों को सच्चाई देते हैं ।
क्लाइंटर को लेने के लिए, शापकों के अंदर और बाहरी के अनेक व्यवस्थाओं को प्रदर्शित किया गया है ।
लेकिन, उच्च हिम्मत का प्रभाव बर्क में स्पष्ट देखा जा सकता है ।
हिंदू धार्मिक किताब के अनुसार, डॉन्टेरास फैसला के दौरान मिट्टी चीज़ों को खास मतलब है ।
लोग सिर्फ सोने और चांदी की थोड़ी टुकड़ी लेते हैं, बल्कि अपनी क्षमता के जैसे तक पंख और चांदी लिखते हैं ।
कैली डास और मदान लाल ने कहा कि इस बारे में हिम्मत उठने का महत्त्वपूर्ण है ।
ताली की पेश की बढ़ाई के कारण, टायर और पिण्डों के ज़रिए, बड़े बोझों को भी ज़्यादातर हो गयी है ।
उन्होंने कहा कि स्टील औज़ारों की दरमियान रेस.120 और रेस.140 के बीच था, लेकिन इस वर्ष में यह रेस.150 से रेस.200 को बढ़ा गया है ।
उसी तरह, प्यार की हिम्मत के अतिरिक्‍त तक, पेर ऊटेन्सिल भी ज़्यादा अच्छा हो गयी है ।
वीकास, जो पूजिया और अन्य पिण्डि के लिए प्रयुक्त वस्तुओं को सब्जि-मन्दि में बताते हैं, कहता है कि जैसे पिण्ड बढ़कर बढ़ाकर हो जाता है, तब पिण्ड से बनाया गया चीज़ भी भी बढ़कर अच्छा हो गयी है।
क्लैंट्स बर्क में अधिक छोटा वस्तु खोज रहे हैं.
राजेश ने कहा कि इस मार्क की अधिकतम संख्या का उटेन्सिल भोजन है ।
क्लैंटर, जो दूर से आते हैं, इस मार्क से चीज़ें लेते हैं, लेकिन लोग कम चीज़ों को लेते हैं, जैसे कि कुछ भी ज़्यादातर हैं ।
वे विश्‍वास करते हैं कि उन्हें जन्म के कारण ज़्यादा ज़्यादातर है और वे बाद में बेहतर होंगे ।
पूरे दिन शुक्रवार डॉन्टेरास के अवधि में छापने के लिए अच्छी तरह है ।
अस्ट्रोलोगर वाख्स्पाटी के अनुसार, सूर्य सूर्य 6,41 में जन्मदिन, नवम्बर की पहली शुक्रवार है ।
इसके बाद, ९.50 साल, एक वैड्रिटियोग है, लेकिन अधिकतर लोग इसे अनदेखा करते हैं ।
इस यूग को समझनेवाले लोग इस बारे में पहुँचने से बच सकते हैं और जो इस योग को अनदेखा करते हैं, वे शरीर जा सकते हैं ।
उसने कहा कि आज लोग गोल्ड, सिल्वर और दूसरे मैटल वस्तुओं को लेना चाहिए, जैसे उनके आर्थिक क्षमता को स्वीकार देते हैं ।
कमी सदस्यों ने इंसानों को आज्ञाकारी नहीं करने के लिए इंसानों को आग्रह किया है ।
बादवाला से हारीपुर केलसी गैट तक शुरू हुआ, जहाँ बच्चों ने लोगों को संजाल को बचाने के लिए बुलाया ।
सदस्यों ने प्रार्थना करने के बजाय सभी मिट्टी लापों को प्रकाशित कर दिया, और लोगों को पोलिथेन बगों की इस्तेमाल करने से भी पूछा ।
जुलै में शुरू होने के लिए, यूएल के अध्ययनियों के 90 प्रतिशत डी.
सितम्बर में पहले डी.A. 80% तक उठाया गया, 72% से स्वीकार्य 8% डी.A.
इस व्यवस्थान का फैसला के बाद, यू चान्दिगार के कामगरियों ने बहुत खुश थी ।
दूसरे में, यू कारकों और कामकों यूनीन-मोंमोहन सिंग, जनरल सेक्टर - गोपल डूट योशि, यू. पू. यू. पू. यु.
इस फैसला के बाद कारकों को जुलाइ में शुरू होंगे ।
इस वक्‍त काम के प्रेरितों ने कहा है कि बच्चों के ज़िम्मेदारों को भी डी.A. के बजाय 9% के लिए 90% देना चाहिए ।
BJP और गुएरात के मुख्य मिशनर, नरेंडरा मोडि के लिए के लिए बीजीप के विद्वान ने 6 नया स्थिति सेवकों को उसके कैबिन में शामिल किया है.
जैसेश स्वराश ट्रैस से आता है और हालाँकि बीजीप में शामिल हुआ है ।
लेकिन अधिवेशनों के पीछे पहले से कंग्रेस छोड़ा गया और बीजीप में शामिल हुआ, नाहरारी एमीन ने पहले अधिवेशन के मुख्य प्रधान के रूप में नियत किया है ।
मोडि की तैयार के रूप में लोक साबह चयनों के लिए यह मैदी विस्तार दिखाया जा रहा है.
वह अपने राजिक इच्छाओं को प्रोत्साहन करने के लिए बहुत - से चल रहा है ।
पंच स्टेटों की तारीफ करने के बाद, वह ज़्यादा हिंसा, प्रवास और सभाओं को संगठित करेगा ।
इस तरह वह गुआयरात को एक अनमोल भाग में लेना चाहता है ।
