I populisti di destra vincono in Austria, con il 29%
Il notevole indebolimento dei due partiti della grande coalizione e il significativo rafforzamento dei partiti populisti di destra hanno portato i primi risultati preliminari delle elezioni parlamentari anticipate in Austria domenica.
Il Partito popolare austriaco (<0xC3><0x96>VP), dove la posizione dell'attuale presidente Wilhelm Molterer è stata gravemente compromessa, ha subito una perdita particolarmente forte.
Il presidente della Federazione per il Futuro dell’Austria (BZ<0xC3><0x96>), J<0xC3><0xB6>rg Haider, capo provinciale della Carinzia, si prepara a tornare vittorioso nella politica nazionale.
Secondo i risultati preliminari, il Partito Socialdemocratico (SP<0xC3><0x96>) rimane il partito più forte del paese con il 29,8% dei voti, ma ha perso il 5,5% dei voti rispetto alle ultime elezioni del 2006.
Peggio ancora per l’<0xC3><0x96>VP, che ha perso quasi il 9% dei voti con il 25,6%.
Questi sono i peggiori risultati di entrambi i grandi partiti nella storia austriaca del dopoguerra e, in particolare, sono letteralmente disastrosi per il Partito popolare, che ha portato a elezioni anticipate.
All'inizio di luglio, quando l'<0xC3><0x96>VP ha lasciato la coalizione, il Partito popolare ha avuto un vantaggio significativo sullo SP<0xC3><0x96>, secondo i sondaggi di opinione.
Gli elettori, però, sono stati puniti per aver lasciato cadere il governo.
Già nelle prime reazioni ai risultati ci sono state speculazioni sulla possibile dimissioni del presidente del partito Wilhelm Molterer e dell'attuale vice cancelliere.
Gli osservatori ritengono che ciò potrebbe avvenire già lunedì in una riunione straordinaria della presidenza del partito.
Questo sviluppo dovrebbe facilitare la via di uscita sempre più probabile dai risultati elettorali, cioè il rinnovamento della grande coalizione SP<0xC3><0x96> e <0xC3><0x96>VP.
In vista del rafforzamento dei due partiti populisti di destra - il Partito della Libertà Austriaco (FP<0xC3><0x96>) ha ottenuto il 18% dei voti e il BZ<0xC3><0x96> l'11% dei voti - ma i socialdemocratici hanno anche espresso il timore di sanzioni da parte dell'Unione europea per il ripetersi dell'anno 1999, quando il Partito popolare era ancora unito ai populisti.
Haider, che ha già dichiarato di essere pronto a collaborare con qualsiasi partito, e suppongo che possa tornare a Vienna per la politica nazionale, si aspetta ovviamente questa soluzione.
Il Partito dei Verdi è entrato in parlamento, ma ha perso un po 'di popolarità e è sceso dal terzo al quinto posto tra i partiti politici austriaci.
Nessuno degli altri partiti ha superato il limite del 4% e non è entrato in parlamento.
Schwarzenberg: le relazioni con l’India si raffreddano
Se non si risolvesse il problema degli scienziati cechi che hanno denunciato la raccolta illegale di insetti, il ministro degli Esteri ceco Karel Schwarzenberg ritiene che potrebbe esserci un certo distacco nelle relazioni ceco-indane.
Il ministro lo ha annunciato a New York dopo l'incontro di oggi con il suo partner indiano Pranab Mukherji.
"Se non si risolvesse, sì, ci sarebbe un certo distacco", ha dichiarato dopo l'incontro, che si è svolto sotto l'impulso della Repubblica Ceca.
Dopo il processo, Mukherji ha detto che è difficile per il potere esecutivo interferire in questioni giudiziarie.
Tuttavia, ha affermato che nel caso di Petr <0xC5><0xA0>vácha, che è stato assolto e punito con una multa, il governo centrale può negoziare con il governo locale di Darjeeling, che ha giurisdizione sulla questione.
"Il suo problema potrebbe essere risolto", ha detto il ministro.
Per Emil Ku<0xC4><0x8D>era, condannato a tre anni di reclusione, Mukherji ha detto che sarebbe meglio fare appello ad un tribunale superiore.
Potrà chiedere il rilascio su cauzione e attendere liberamente la sentenza, ha spiegato.
Schwarzenberg ha confermato che il suo partner si è espresso allo stesso modo durante il processo.
"Ha proposto un appello alla Corte Suprema, sarebbe possibile scagionarlo", ha detto il capo della diplomazia ceca.
L'unico modo in cui la parte ceca può intervenire in tutto il caso è fornire al condannato "un'assistenza legale competente", ha detto il ministro indiano.
Tuttavia, ha detto che la parte indiana sta già fornendo questo tipo di assistenza.
"Il nostro principale interesse è quello di mantenere i migliori rapporti con l'India, con una lunga tradizione.
Anche gli indiani lo riconoscono", ha detto Schwarzenberg.
Allo stesso tempo, come ha detto a <0xC4><0x8C>TK, ha sottolineato al suo partner che la Repubblica Ceca attribuisce grande importanza al problema degli entomologi cechi.
"Consideriamo l'incarcerazione e l'imputazione di questi scienziati cechi come un grave errore", ha detto.
Alla domanda se la parte indiana gli avesse promesso di occuparsi del caso, il ministro ha eluso la risposta.
"Ho già ricevuto molte promesse", ha osservato.
Giudici cechi nella lotta per i fondali marini
Si avvicina alla mappa elettronica del muro che mostra l'Australia e le aree marine adiacenti.
Tuttavia, non è interessato al continente, ma a un punto che scompare nel blu dell'oceano.
L'isola appartiene all'Australia e con essa il suo vicino fondo marino.
L'area è grande quanto il continente stesso", dice Luigi Santosuosso, un avvocato italiano che fa parte del team di 30 membri della Divisione delle Nazioni Unite per gli affari oceanici e del diritto del mare.
Il suo capo, l'avvocato ceco Václav Mikulka, direttore della divisione, segue con attenzione la spiegazione, a volte completata.
Qui regnano il lavoro e l'entusiasmo.
Il fondale marino nasconde un mondo ricco di risorse naturali, poco conosciuto fino ad ora.
Qui si trovano petrolio, minerali e altri minerali, ma anche organismi viventi finora sconosciuti, che potrebbero essere la chiave per lo sviluppo di farmaci contro il cancro, per esempio.
Fondi oceanici più grandi della terraferma
Oggi gli Stati costieri cercano intensamente nuovi territori sottomarini.
La Convenzione delle Nazioni Unite sul rispetto dei diritti umani, approvata nel 1982 a Montego Bay, in Giamaica.
Si tratta in primo luogo della cosiddetta piattaforma continentale, che spesso si estende fino a poche centinaia di chilometri dalle coste di un paese.
Tale paese ha il diritto esclusivo, ai sensi della convenzione, su tutte le risorse della piattaforma continentale.
In parole povere, la piattaforma continentale è la parte del fondo marino e lo strato sottostante, che è la naturale continuazione del continente sottomarino.
Si estende oltre i confini del mare costiero, spesso fino a duecento miglia nautiche, i cosiddetti confini della zona economica esclusiva", spiega Mikulka.
La richiesta presentata dal paese alla Commissione per la delimitazione dei confini esterni della piattaforma continentale deve essere accompagnata da un'ampia documentazione scientifica e tecnica basata su una serie di costose ricerche e misurazioni.
Questo è il risultato di molti anni di lavoro preparatorio.
"Un nostro compito è quello di fornire assistenza legale e tecnica alla Commissione.
Finora la Commissione ha esaminato cinque richieste: Russia, Brasile, Australia, Irlanda e Nuova Zelanda.
Finora solo gli ultimi tre paesi citati hanno avuto successo", aggiunge Mikulka.
Il successo dell’Australia, che per la prima volta ha notevolmente ampliato il suo paese sottomarino, ha suscitato un’eco nel mondo.
Ma anche la Nuova Zelanda ha vinto - l'area del fondo marino che gli è stata assegnata dalla commissione è di circa 1,6 milioni di chilometri quadrati, cioè sei volte il territorio del paese.
Entrambi i paesi hanno investito milioni di dollari nella ricerca.
I benefici derivanti dall’uso futuro del fondo marino dovrebbero essere inestimabili.
Anche altri paesi continuano a presentare le loro richieste.
Essi possono farlo entro dieci anni dalla ratifica della "Convenzione di Montego Bay".
Lì, dove finisce la piattaforma continentale, inizia l'area del fondo oceanico, dichiarata dalla Convenzione "patrimonio comune dell'umanità".
Nessun paese ha più una posizione esclusiva.
Il diritto di estrazione in questo settore è concesso dall'istituzione internazionale istituita dalla convenzione.
"Il fondo marino, tuttavia, non è Klondike", dice il direttore Mikulka esagerando, dicendo che "alcune aree sono legalmente chiaramente delimitate e il loro regime è sancito dal trattato ".
Cechi nel Pacifico
Oggi una parte del fondo marino appartiene anche alla Repubblica Ceca.
Questo è condiviso con altri paesi dell'ex blocco orientale nell'ambito dell'organizzazione congiunta "Interoceanmetal".
Questa organizzazione, come gli investitori di altri paesi, ha ottenuto lo status di “investitore pionieristico” nel 1991.
È autorizzato a produrre nella zona di ClarionClipperton, situata tra il Messico, le Hawaii e Kiribati, nell'Oceano Pacifico.
L'area ispezionata dall'investitore è leggermente più grande dell'ex Cecoslovacchia.
Il fondale marino è diviso lì, una sorta di copia sottomarina dei Tatra.
"Questo può essere estratto in un totale di 75.000 chilometri quadrati.
L'area è ricca di minerali polimetalli contenenti nichel, rame, cobalto e manganese", dice un altro avvocato indù, Pakshi Rajan.
Rober Sandev, collaboratore macedone della divisione, fornisce un altro esempio di confidenza.
Mi ricorda una patata o, con un po’ di fantasia, una pergamena con parole magiche che danno vita al Golem.
Le forze speciali tedesche erano presenti per la liberazione degli ostaggi.
Il governo egiziano ha chiesto aiuto alla Germania per risolvere la crisi degli ostaggi e sono arrivati gli esperti.
Quando la situazione è diventata seria, le unità speciali erano pronte, ma non sono state dispiegate.
Sempre più dettagli sulla liberazione di 11 turisti europei rapiti in Egitto sono stati resi noti.
Secondo i dati del Ministero della Difesa e del Ministero degli Interni, sono state coinvolte anche le forze speciali tedesche.
Oltre agli esperti dell'Esercito Federale Tedesco, i membri del GSG 9, dell'Aeronautica della Polizia Federale Tedesca e dell'Ufficio Federale Anticrimine, così come gli esperti logistici del Servizio Tecnico Tedesco, si trovavano sul luogo della liberazione.
I portavoce del ministero hanno riferito che le forze tedesche non erano necessarie, dato che i rapitori hanno lasciato scappare i loro ostaggi e sono fuggiti quando si sono resi conto dei segni di un violento salvataggio degli ostaggi.
Il governo egiziano ha accettato l'aiuto offerto dalla Germania per coinvolgerlo come forza di sostegno sul campo.
"Fortunatamente non è successo", ha dichiarato un portavoce del ministero federale dell'Interno.
I cinque tedeschi, cinque italiani, una rumena e otto egiziane sono stati rapiti il 19 settembre nel sud dell’Egitto.
Dopo il rapimento nel deserto del sud dell'Egitto, gli ostaggi sono stati trasportati da una parte all'altra dei confini con l'Egitto, la Libia, il Sudan e il Ciad.
L'identità dei rapitori è ancora sconosciuta, così come i dettagli della liberazione degli ostaggi e i possibili pagamenti di riscatto.
I sopravvissuti sono arrivati sani e salvi al Cairo.
Steinmeier ha dichiarato che gli ostaggi liberati sono sotto la protezione dell'ambasciata tedesca.
Non ha fornito dettagli sulla sua liberazione.
A Berlino non è stata ancora fornita alcuna informazione su quando torneranno in Germania.
Secondo il quotidiano "Bild", i cinque turisti e le forze speciali arriveranno martedì in Germania su un aereo dell'Airbus dell'Aeronautica militare tedesca.
La Camera dei Rappresentanti degli Stati Uniti ha respinto il piano di salvataggio.
La Camera bassa del Congresso degli Stati Uniti ha rovesciato, con una piccola maggioranza, il piano di salvataggio proposto per i mercati finanziari da 700 miliardi di dollari.
Il Dow Jones è caduto a picco.
Con 227 voti favorevoli e 206 contrari, la Camera dei Rappresentanti degli Stati Uniti ha respinto il piano di salvataggio del governo per i mercati finanziari.
Nonostante gli appelli del presidente degli Stati Uniti George W. Bush e dei leader di entrambi i partiti, il programma non ha ottenuto la maggioranza per contenere il caos nei mercati finanziari.
I sostenitori hanno cercato disperatamente di convincere i critici della necessità di un pacchetto da 700 miliardi di dollari.
Barney Frank, uno dei negoziatori del Partito Democratico, ha chiesto il sostegno dei deputati, anche se il piano è impopolare.
"È difficile ottenere sostegno politico per evitare qualcosa che non è ancora accaduto", ha ammesso.
Il Dow Jones è sceso di oltre il 6% e di 600 punti.
Gli investitori temevano che il piano di salvataggio fallisse.
L'indice è salito poco prima della fine del voto, per poi scendere di nuovo dopo il fallimento.
Gli esperti prevedono un'ulteriore turbolenza nei mercati finanziari internazionali.
L'entrata in vigore del programma richiede l'approvazione sia della Camera dei deputati che del Senato.
Gli organizzatori registrano sempre più prenotazioni.
Buon inverno per i tour operator tedeschi.
Secondo uno studio, il traffico di prenotazioni di viaggi per i prossimi mesi è aumentato significativamente rispetto all'anno precedente - più del 30% per la stagione invernale.
Nonostante le scarse prospettive di congiuntura, lo spirito di viaggio dei tedeschi non si è affievolito, secondo lo studio.
Per quanto riguarda le prenotazioni per la stagione invernale, le agenzie di viaggio hanno registrato un aumento del fatturato del 31% rispetto al periodo dell'anno precedente, ha annunciato lunedì a Berlino l'Associazione tedesca dei viaggi (DRV).
Secondo l'istituto di ricerca di mercato GfK, il numero di prenotazioni nei mesi autunnali è già più alto.
Il fatturato delle agenzie di viaggio nel mese di ottobre è stato dell’11% superiore a quello dell’ottobre 2007, ha riferito DRV.
Questi risultati si basano sui dati di GfK, che valuta i dati delle prenotazioni mensili di 1.200 agenzie di viaggio tedesche e li estrapola all'intero mercato.
L'istituto ha tenuto conto dei viaggi prenotati fino alla fine di agosto 2008.
A causa del debole tasso di cambio del dollaro, i viaggi verso gli Stati Uniti sono particolarmente richiesti, ha riferito DRV.
Qui le prenotazioni sono aumentate di circa un terzo.
Le destinazioni preferite dai tedeschi sono anche la Spagna, la Turchia e la Grecia, nonché i paesaggi nazionali.
"Soprattutto i viaggi organizzati sono ricercati", ha detto Klaus Laepple, presidente della DRV.
A causa dell'aumento dei costi per l'energia e il cibo, i costi per i viaggi combinati sono "meglio calcolati per i passeggeri rispetto ai viaggi combinati individualmente".
Tra le altre cose, i passeggeri possono risparmiare con sconti sulla prenotazione anticipata o offerte all inclusive, ha aggiunto Laepple.
Anche il tasso di prenotazione per i mesi estivi è stato molto buono, consentendo di registrare un nuovo aumento del traffico rispetto all'anno precedente - anche se un altro studio ha rilevato che meno turisti tedeschi hanno intrapreso viaggi rispetto all'anno precedente.
Il primo Oktoberfest
Ripetizione ininterrotta di successi ballermann, bottiglie di birra da un litro e celebrità che indossano dirndlit di design.
Debutto su Wiesn.
Io e Suzanne Kronzucker non ci assomigliamo molto.
E' bionda, e' un presentatore televisivo, e indossa un dirndl su misura.
I miei capelli sono scuri, sono una studentessa e ho comprato i miei vestiti al negozio.
Ma c'è una cosa che ci unisce: siamo su Wiesn da meno di tre minuti, i fotografi ci invadono e riempiono le loro schede di memoria - è molto lusinghiero, e tutto questo durante la mia prima visita a Wiesn.
E' cosi' che ci facciamo degli amici.
Sembra che il dirndli a buon mercato stia facendo il suo dovere.
Essendo un turista di Wiesn a nord dell'equatore e allenato da salsicce bianche, il mio senso di comfort è ancora limitato dal costume tradizionale.
Ma quando arriva al Theresienwiese, non è poi così male.
Quasi tutti indossano dirndl o pantaloni di pelle; nessuno guarda con risentimento o imbarazzo - tutto è assolutamente in ordine.
Gli sguardi strani al chiosco delle banane al cioccolato sono solo il mio grembiule da dirndl.
Una donna di Monaco mi fa notare che ho legato male il grembiule: "Sei libera, legata alla sinistra, vergine al centro, venduta a destra, vedova sul retro".
Ho cambiato segretamente il nastro da dietro a sinistra.
"Così va bene", dice, ridendo.
Altri fanno meno flirtare con tecniche di flirt raffinate e indossano un semplice pennarello con la scritta "Sono troppo ubriaco per vestirmi" e mostrano le loro chiappe nude senza chiedere.
Il giovane con i tratti esibizionisti si chiama Bob e ha anche visitato l'Oktoberfest per la prima volta.
Quello che lei trova davvero fantastico, e' un lungo "aaaaaaaaaaaaaaaaaaaaaaaaaaaaaaaaaaaaaaaaaaaaaaaaaaaaaaaaaaaaaaaaaaaaaaaaaaa
Mi racconta tutto questo dopo essersi sbarazzato del contenuto del barattolo che aveva bevuto prima.
Proprio accanto a uno degli idranti, che tutti considerano un cestino della spazzatura.
Quindi Bob e' uno di quei famigerati "urinatori proibiti".
Altri non sono abbastanza fortunati da liberarsi dell'alcol in questo modo.
Verso le otto di sera, i soccorritori perlustrano la scena e si prendono cura dei poveri.
Gli infermieri compaiono sempre in gruppo: quattro persone portano una barella coperta di tenda in tenda contemporaneamente.
Funziona come la maggior parte dei visitatori di Wiesn: arrivo vuoto, partenza piena.
Chi giace in una bara di alcol sotto il telone non si vede.
"Questi sono quelli che sono completamente pronti", mi grida uno dei medici alla mia domanda, e poi nel tumulto.
La polizia ha identificato la vittima dell'incidente
La polizia ha identificato una donna di 63 anni che è stata investita da un veicolo nella contea di Essex ed è morta in ospedale.
Carole Paulson, residente di Brentwood, Chelmsford Road, è stata vittima di un incidente avvenuto venerdì pomeriggio a Shenfield Road.
Fu trasferito al Queen's Hospital di Romford, ma morì in seguito.
Dopo l’incidente, un uomo di 51 anni è stato arrestato per guida negligente.
Da allora è stato rilasciato su cauzione.
Orizzonte diplomatico della Turchia
Molto prima che la Turchia avesse intenzione di aderire all'Unione europea, le potenze europee erano ansiose di penetrare in profondità nell'entroterra turco.
Sul lato orientale del Bosforo, forse a soli 20 passi dal confine europeo, si trova una delle più grandi reliquie del fallito tentativo imperiale.
La stazione ferroviaria di Hydarpasha è stata progettata dagli architetti tedeschi Otto Ritter e Helmut Conu in stile neorinascimentale.
Almeno così dicono le guide turistiche.
L'edificio è circondato dalla fine dei binari, con una torre in ogni angolo anteriore, e sembra una specie di municipio rurale tedesco.
La pietra è sporca.
L'intero edificio e' un po' distrutto.
Tuttavia, guardando l'interno della biglietteria a volta, è chiaro che questa era la porta più occidentale per un'impresa di grandi dimensioni.
La stazione fu inaugurata dal consorzio tedesco Anatolia-Baghdad Corporation nell'agosto del 1908.
La Germania, il "tardo futuro" delle conquiste, ha voluto realizzare le sue ambizioni di conquista del Medio Oriente con l'aiuto di questa ferrovia che collega Damasco, Baghdad e l'attuale Arabia Saudita.
Le ambizioni tedesche di conquista crollarono durante la prima guerra mondiale.
Le sue ferrovie furono attaccate da Lawrence d'Arabia e dai suoi partigiani arabi.
Il relativo isolamento dalle regioni circostanti, causato dai confini congelati della guerra fredda, è scomparso.
L'esercito coloniale britannico si ritirò dall'Egitto e spinse i turchi e i loro alleati tedeschi fuori dalla Palestina e dalla Siria.
La stazione di Hyderpasha non e' andata meglio.
Nel 1917, un treno che trasportava munizioni esplose e distrusse il tetto ben costruito dell'edificio.
Secondo fonti turche, c’è stato un sabotaggio.
Da allora è crollato lentamente e la storia è andata ben oltre.
Allo stesso tempo, oggi, come porta d'ingresso della ferrovia verso l'Anatolia e l'intera regione orientale, serve - almeno in senso simbolico - da orizzonte diplomatico in espansione per la Turchia.
Il partito al governo, l'AKP, ha sviluppato una politica estera completamente nuova per il paese.
Il relativo isolamento dalle regioni circostanti, causato dai confini congelati della guerra fredda, è scomparso.
La nuova politica è caratterizzata dall'impegno.
E' degno di nota che il governo turco intrattenga buoni rapporti con Israele e la Siria, con i gruppi palestinesi di Hamas e Fatah, con l'Iraq, l'Iran e, naturalmente, con l'Unione europea e gli Stati Uniti.
Volevo valutare i parametri della nuova politica estera, così sono salito su un treno notturno per Ankara, la capitale turca, per visitare uno dei principali esperti di politica estera dell'AKP, l'eurodeputata turca Suat Kiniklioglu.
La mattina dopo, dopo circa dieci ore e mezza di torpore, che ha dato il ritmo al famoso documentario sul vecchio mondo, "The Night Mail", sono arrivato nella capitale turca. La nuova città è destinata a essere il simbolo di un nuovo stato laico che volta le spalle al passato ottomano.
Tuttavia, l'AKP, che ha notoriamente radici islamiche, rappresenta un cambiamento di paradigma nel consenso turco.
Questo ha suscitato un po' di sospetto in Occidente, specialmente a Washington.
Ho preso un taxi per la sede dell'AKP, un edificio ultramoderno in pietra e acciaio, costruito appositamente -- situato in una periferia in via di sviluppo, tra centri commerciali semilavorati e caffetterie, dove i dirigenti di livello medio, uomini e donne, si incontrano per fare affari la mattina presto.
Suat Kiniklioglu avrebbe potuto essere un politico di centro-destra in qualsiasi altro paese europeo.
Indossava una tuta, una cravatta, e sono sicuro che avesse anche un Blackberry.
"L'obiettivo della politica estera del partito è quello di aiutare la Turchia a reintegrarsi nelle sue immediate vicinanze.
La guerra fredda ha sconvolto l'ordine", ha detto.
La Turchia è isolata dall'entroterra.
Oggi ha dovuto girare sia verso est che verso ovest.
Non poteva scegliere tra i due.
Doveva aprirsi in entrambe le direzioni.
"Ma prima o poi sarà costretto a scegliere?", chiesi.
"La Turchia non ha mai voluto trovarsi di fronte a una scelta".
Ha poi sottolineato, come quasi tutti coloro con cui ho parlato in quest'Aula hanno ripetuto quasi meccanicamente, che le relazioni della Turchia non solo con il Medio Oriente, ma anche con il Caucaso e i paesi che circondano il Mar Nero sono vantaggiose per l'Europa e gli Stati Uniti, così come lo sono per la Turchia stessa.
E' come se volessero trasmettere il messaggio che, metaforicamente parlando, l'intera Europa, insieme alla Turchia, può raggiungere l'Asia e il Medio Oriente attraverso quelle ferrovie dirette verso est.
Quando mi trovai di nuovo alla stazione di Hydarpasha, dopo un'altra notte di veglia, pensai a Herr Ritter e Herr Conura, due gentiluomini tedeschi che cento anni fa assistettero alla costruzione di questo ornamentale edificio.
Come si sarebbero sorpresi di apprendere che le ambizioni dell'Europa per il Medio Oriente sono ora in gran parte nelle mani della Turchia.
E mentre aspettavo al porto il traghetto per il ritorno attraverso il Bosforo, mi sono ricordato che all'epoca la Turchia era chiamata "l'uomo malato dell'Europa".
Almeno a quel tempo non c’era dubbio su quale continente rivendicare questo entusiasmante paese.
Viaggi di vita memorabili: Vernon Handley e William Woodruff
Mark Brown scrive: "Dal 1962, come direttore musicale del Guildford, Vernon "Tod" Handley (necrologio, 11 settembre) ha diretto l'Orchestra Filarmonica e il Coro di Guildford.
Sulla base dei suoi piani musicali per il quartiere, l'anno successivo fondò il suo meraviglioso coro giovanile, Proteus.
In linea di principio, solo i minori di 21 anni potevano far parte del coro, ma quando Proteus cantò il suo finale nel 1979 - molti di noi avevano vent'anni - ci rifiutammo di lasciare il coro.
Il nome "Proteus" (il nome del mutaforma mitologico) era in armonia con la determinazione e la capacità del coro di far fronte a qualsiasi partitura che gli venisse posta davanti, che fosse madrigale o messianica, senza scorta o accompagnata da una grande orchestra.
La versatilità musicale di un coro così giovane è stata spesso sorprendente e sempre emozionante, grazie all’uomo che ha ispirato il nostro entusiasmo per la musica nel corso degli anni.
Quante volte Todd ci ha detto: "Lasciamo che la musica parli da sola".
Diceva sempre: "Il compositore sa quello che vuole.
E' tutto nella nota.
Quindi cantatela!"
La sua tecnica di direttore d'orchestra è sempre stata perfettamente comprensibile e precisa, ma non è mai stata dittatoriale o eccessiva.
Qualunque fosse il suo livello musicale, lui lo ha sempre innalzato.
John Frayn Turner ha scritto:
Se c'era un direttore d'orchestra che avrebbe dovuto essere nominato cavaliere, quello era Vernon Handley.
L’ho conosciuta bene nei due decenni in cui ha diretto la Filarmonica di Guildford, dal 1962 al 1982.
Negli ultimi 40 anni ho scritto recensioni di oltre 100 concerti, ma non mi ha mai deluso e spesso mi ha entusiasmato.
Tod Handley aveva la grandezza e la modestia insieme, il che è molto raro.
Odiava i direttori di corazza che, per usare le sue parole, "giocavano al galoppo in tutto il mondo con uno o due famosi cavalli da battaglia".
A molti di noi manchera'.
William Woodruff
Il professor John Beckett scrive:
Secondo il vostro necrologio di William Woodruff (25 settembre), "nel 1946 ha continuato i suoi studi di storia economica a Oxford e nel 1950 ha ottenuto una borsa di studio presso l'istituto di ricerca Houblon-Norman... mentre continuava a prepararsi per una laurea, un master e un dottorato di ricerca."
Questo deriva dalle note degli autori di "Beyond Nab End" di Woodruff, ma è sbagliato.
Tra il 1946 e il 1953 insegnò storia economica presso l'Università di Nottingham e, sotto la guida del professor J.D. Chambers, completò la sua tesi di dottorato sull'industria britannica della gomma, che pubblicò nel 1958 come "L'industria britannica della gomma".
Negli anni '50-51 rimase negli Stati Uniti con una borsa di studio Houblon-Norman, e nell'estate del 1952 si trasferì alle università dell'Illinois, di New York e di Harvard.
Nel 1953 lasciò Nottingham e si trasferì in Illinois.
Non si capisce perché Woodruff sia riuscito ad abbellire questo periodo della sua carriera.
J. Vicente Resino alla Facoltà di Lettere e Filosofia
Raccomando la mostra di J. Vicente Resino "Flamenco e la vita<0xCC><0xB5>" perché le sue foto in bianco e nero in stile documentarista sono impressionanti.
La loro semplicità e la loro forza, insieme al rispetto per le persone fotografate, hanno attirato la mia attenzione.
Questa mostra è piena di emozioni.
Resino è bravo a catturare momenti magici."
Secondo record di vendite per Honda
A novembre, Honda inizierà a commercializzare la seconda generazione di Jazz.
Anche se l’abitacolo del suo predecessore era già abbastanza grande, l’abitacolo del nuovo modello è ancora più spazioso.
Tutto questo in combinazione con una meccanica sofisticata che rende la guida più confortevole e aumenta il risparmio di carburante.
Evoluzione contro rivoluzione.
Ecco come appare la seconda generazione di Honda Jazz.
Sebbene il nuovo Jazz assomigli molto al suo predecessore, è stato sottoposto a numerosi cambiamenti interni.
Questi includono, ad esempio, un design innovativo, una nuova carrozzeria, dimensioni più grandi e una nuova meccanica.
Ma prima di passare alla descrizione dettagliata del nuovo modello, dobbiamo dire che la nuova Jazz è stata lanciata sei anni dopo il lancio della prima generazione.
Quindi, prima di tutto, possiamo affermare che Honda è riuscita a rinnovare questo modello in meno tempo rispetto ad altri produttori.
Il Jazz è meno conosciuto in Europa, ma batte i record di vendite in altri mercati.
Un esempio è il Giappone, dove Jazz è stato il marchio automobilistico più venduto nel 2002 e quest’anno anche nel 2008.
In Giappone, ad esempio, dal suo lancio sul mercato, quasi un milione di pezzi di Jazz sono stati venduti.
Il secondo mercato è stato il Vecchio Continente, con quasi mezzo milione di esemplari venduti in sei anni.
Tuttavia, Honda intende aumentare ulteriormente il traffico nella regione con la nuova Jazz.
In altre parole, mentre nel 2007 l’azienda giapponese ha venduto 83.000 Jazz, si prevede che entro il 2009 le vendite di 100.000 vetture aumenteranno del 17% sul mercato europeo.
Dal 2002, Honda ha venduto 8.000 Jazz sul mercato spagnolo, pari al 6,7% del suo fatturato totale.
Per la nuova generazione, i dirigenti della filiale spagnola calcolano 2000 esemplari venduti nell’arco di un anno.
In effetti, l’arrivo della nuova Jazz contribuirà a mitigare il calo delle vendite di Honda in Spagna.
I rappresentanti dell'azienda prevedono 22.000 copie vendute entro la fine dell'anno, un calo di 4.000 unità rispetto al 2007, pari a una riduzione del 16%.
Nonostante le condizioni di vendita, Honda ha aumentato la sua quota di mercato in Spagna, che è salita dall’1,6% all’1,8% lo scorso anno.
Anche questa percentuale dovrebbe essere aumentata al 2 per cento entro il 2010.
Honda spera di raggiungere questo obiettivo con l'introduzione di un nuovo modello.
Si tratta di Insight, un ibrido a cinque porte e compatto, lungo 4370 mm, di cui la società giapponese venderà 200.000 esemplari ogni anno in tutto il mondo.
Secondo il produttore giapponese, gli Stati Uniti rappresenterebbero il 50% della quota di mercato di Insight, mentre il resto sarebbe diviso tra il Vecchio Continente e il Giappone.
Il lancio commerciale di Insight è previsto nei primi mesi dell’anno, dopo il lancio ufficiale previsto per gennaio a Valencia.
Rispetto alla prima generazione, il nuovo Jazz è diventato più spazioso sotto ogni aspetto.
La sua lunghezza raggiunge i 3900 mm (cinque centimetri più lunga), la sua larghezza è di 1690 mm (due centimetri più larga) e il passo è aumentato di cinque centimetri, vale a dire 2500 mm.
L'altezza, invece, rimane invariata di 1520 mm.
Oltre alle dimensioni, anche l'abitacolo è diventato più spazioso.
La nuova carrozzeria, da un lato, e il serbatoio del carburante al centro, dall'altro, garantiscono un maggiore spazio all'interno, una soluzione che già conosciamo dalla Jazz precedente.
Inoltre, il volume totale del bagagliaio, il cosiddetto doppio pavimento, è stato ampliato e attualmente ha una capacità di 399 litri, ovvero 19 litri in più rispetto alla capacità della prima generazione.
Tuttavia, le dimensioni di cui sopra si riferiscono al modello con motore 1.4, in quanto il bagagliaio della 1.2 Honda Jazz è di 379 litri.
Alcune modifiche esterne possono anche essere scoperte, come le luci posteriori a led o il tetto in vetro panoramico opzionale e l'accesso più facile ai sedili posteriori.
Inoltre, l'angolo di apertura delle porte per i sedili posteriori è stato aumentato a 80 gradi, in contrasto con l'angolo di apertura del Jazz anteriore a 67 gradi.
Anche i motori Jazz di seconda generazione sono nuovi.
All'inizio della sua commercializzazione, questo piccolo modello è disponibile con due ingranaggi da 1,2 e 1,4 litri.
Grazie alla tecnologia i-VTEC, entrambi i motori sono più efficienti rispetto al modello precedente, con minori emissioni di anidride carbonica e un’eccellente coordinazione meccanica, offrendo al contempo prestazioni eccezionali sotto tutti gli aspetti.
Il motore da 1,2 litri ha una potenza di 90 CV a 6000 giri e una coppia massima di 114 Nm a 4900 giri.
Questo motore - che nella Jazz precedente aveva 78 cavalli - consuma 5,3 litri e emette 125 grammi di CO2.
L'altro motore, che aveva 83 cavalli rispetto alla generazione precedente, ora raggiunge i 100 cavalli.
La Jazz 1.4 da 100 cavalli consuma in media 5,4 litri e produce 128 grammi di CO2.
L'apicoltore "anticollisione"
Questa volta Nissan si è ispirata alla natura e al mondo delle api per sviluppare tecnologie di prevenzione degli incidenti.
L'azienda giapponese ha progettato un robot che imita il volo delle api per evitare gli incidenti.
Lo strumento Bio-mimetic Car Robot Drive o BR23C potrebbe essere il primo passo nello sviluppo di tecnologie di prevenzione delle collisioni.
Gli ingegneri del Centro Tecnico Avanzato di Nissan Motor Co., in collaborazione con il Centro di Ricerca Scientifica e Tecnologica Avanzata dell’Università di Tokyo, hanno costruito questo piccolo robot in Giappone.
Kazuhhiro Doi, Direttore delle Relazioni tecnologiche e della Ricerca e Sviluppo, ha definito il BR23C come un’ulteriore estensione della copertura di sicurezza a quattro livelli di Nissan.
Il robot completa la capacità dei prodotti dell'azienda di evitare collisioni.
Durante il volo, ogni ape crea il proprio spazio personale di forma ovale, molto simile al coperchio di sicurezza Nissan.
Molto più importante, però, è il ruolo dell’occhio composto dell’utero, che vede in tutte le direzioni con un angolo di oltre 300 gradi. Di conseguenza, l’utero può volare nel suo spazio personale senza essere disturbato.
Per replicare la funzione dell'occhio composito, gli ingegneri hanno progettato un cosiddetto telemetro laser (Laser Range Finder).
In un campo visivo di 180 gradi davanti al BR23C, lo strumento identifica gli ostacoli entro una distanza di 2 metri, calcola la loro distanza e invia un segnale al microprocessore di bordo, che si trasforma immediatamente in un'azione per evitare una collisione.
"Non appena viene rilevato un ostacolo, il piccolo robot imita i movimenti dell'utero e cambia immediatamente direzione spostando le ruote in un angolo maggiore o minore per evitare una collisione.
Ciò che distingue il sistema dagli strumenti attualmente disponibili è che in questo caso la manovra di evasione viene eseguita in modo completamente automatico.
In caso contrario, il robot non sarebbe in grado di reagire abbastanza rapidamente da evitare gli ostacoli", spiega Toshiyuki Andoh, direttore del Mobility Laboratory e ingegnere capo del progetto.
A differenza delle api, la manovra di bypass non può essere rivolta verso l'alto o verso il basso, né in diagonale, ma può muoversi solo in due dimensioni e solo nella direzione di rotazione delle ruote, cioè non in una direzione e modo infiniti, come accade con le api.
Per questo motivo, oltre all’accelerazione e alla decelerazione, Nissan ha implementato una funzione di rotazione nel robot per evitare collisioni.
"Questa struttura deve elaborare i dati e reagire ad essi ogni pochi secondi.
Non c'è bisogno di memorizzare i dati o di una logica intuitiva basata su manovre precedenti, quindi può funzionare senza interruzioni con solo poche dozzine di KB di memoria.
Questo può sembrare sorprendente, ma non si tratta di gigabyte di memoria, né di megabyte di memoria.
Questo è il primo passo verso lo sviluppo di una tecnologia di prevenzione immediata delle collisioni che, secondo le stime di Nissan, potrebbe entrare in produzione entro dieci anni.
Il robot funziona con batterie ai polimeri di litio che sono più leggere e durevoli della versione agli ioni di litio.
In futuro, un'ulteriore possibilità di utilizzo potrebbe essere l'integrazione dell'unità con il sistema di navigazione satellitare GPS per portare l'autoveicolo alla destinazione finale evitando gli ostacoli sulla strada.
Paura dell'ipoteca
Dobbiamo ammettere che il Dipartimento del Tesoro degli Stati Uniti, oltre ad avere un sacco di denaro da investire, non è privo di buon senso.
Con la crisi alle calcagna e per evitare che gli americani si imbattessero nei labirinti delle banche ipotecarie di dubbia solvibilità, hanno creato un gioco online divertente e informativo chiamato "Bad Credit Hotel".
Questo e' l'hotel dei cattivi prestiti.
L’alloggio e soprattutto la faccia triste della receptionist ci suggeriscono di ripensarci, due, tre volte, se è davvero arrivato il momento di prendere un prestito.
Soprattutto, dove chiedere un prestito, perché probabilmente è questo lo scopo della cosa.
Le informazioni contenute nel sito sono utili, ma poco dettagliate.
Piu' per gli adolescenti che per il pubblico in generale.
Ma cosa succederebbe se completassimo il gioco?
Ad esempio, in un hotel apparirebbe la stanza dei nostri sogni.
Anche perché non si può sognare di acquistare una casa...
Morgan Stanley apre il suo capitale a MUFG
Morgan Stanley ha annunciato che acquisirà una partecipazione nel capitale del Mitsubishi UFJ Financial Group (MUFG). La più grande banca giapponese pagherà 9 miliardi di dollari per il 21% del capitale della società dopo il crollo del mercato azionario di Morgan Stanley.
Una settimana dopo la pubblicazione dell'accordo preliminare, le due banche hanno annunciato che MUFG avrebbe acquistato il 9,9% delle azioni ordinarie di Morgan Stanley a un prezzo unitario di <0x24> 25,25, per un totale di <0x24> 3 miliardi.
Il prezzo concordato è inferiore di oltre il 19% al valore contabile dei titoli al 31 agosto.
MUFG investe altri 6 miliardi di dollari nell’acquisto di titoli convertibili, che offrono un rendimento del 10% e un tasso di cambio di 31,25 dollari.
Morgan Stanley ha dichiarato che la transazione globale sarà effettuata a un prezzo medio di <0x24> 29, che è del 28% superiore al tasso di cambio attuale.
Tuttavia, il prezzo delle azioni di Morgan Stanley è sceso del 6,79% intorno alle 17, ora di Greenwich, chiudendo a <0x24> 23,07.
"Questa alleanza strategica offre a Morgan Stanley una grande opportunità per accelerare la sua trasformazione in una società di holding bancario", spiega John Mack, CEO del gruppo americano.
Morgan Stanley ha approvato un nuovo status la scorsa settimana, che gli consente di diversificare le sue attività, ma allo stesso tempo è sotto il controllo della Federal Reserve.
L'accordo con il MUFG conferma ancora una volta che l'attuale crisi finanziaria richiede una maggiore prudenza da parte dei giganti societari quotati a Wall Street.
Lunedì scorso Morgan ha annunciato che avrebbe venduto il 20% delle sue azioni alla società giapponese per circa 8,5 miliardi di dollari.
"Una settimana fa, pensavamo che la nostra partecipazione sarebbe stata interamente costituita da azioni ordinarie", ha spiegato Toshihide Mizuno, CEO di MUFG Tokyo.
“Con l’attuale situazione economica e di mercato, abbiamo cercato di ridurre al minimo i rischi potenziali”.
In termini di prezzo medio ponderato, MUFG paga il 7% in più del valore contabile per le azioni Morgan Stanley.
A causa di questa transazione, il rendimento per azione si riduce di circa il 20%.
L'accordo consente a MUFG di convertire la metà delle sue azioni privilegiate in azioni ordinarie dopo un anno, se il prezzo di negoziazione di queste ultime supera di oltre il 50% il tasso di cambio per un determinato periodo di tempo, ovvero sale a circa <0x24> 47.
In questo modo, Morgan Stanley garantisce che i fondi di MUFG ti aiutino a sfruttare le tue opportunità di investimento, a migliorare il tuo bilancio e ad aumentare la tua liquidità.
Tuttavia, il portavoce del gruppo non ha voluto fornire informazioni precise sui piani strategici dei due nuovi alleati.
A seguito dell’acquisizione di MUFG, Morgan Stanley dovrebbe aumentare il suo coefficiente di solvibilità Tier I di circa il 15%, diventando uno dei migliori nel suo settore.
Morgan ha dichiarato che il suo bilancio è "definitivamente" migliorato dalla fine di agosto.
Le ultime settimane sono state difficili per il gruppo, dal momento che il prezzo delle sue azioni è sceso della metà, mentre il costo dell'assicurazione contro il rischio di insolvenza è salito alle stelle.
Questo costo è diminuito lunedì, ma è rimasto elevato, intorno al 12%.
Tra le grandi banche di investimento, c'è ancora un solo "sopravvissuto" dopo il fallimento di Bear Stearns e Lehman Brothers e l'acquisizione di Merrill Lynch. Questa Goldman Sachs, che la scorsa settimana ha annunciato di aver ricevuto 15 miliardi di dollari: parte di questo proviene da Berkshire Hathaway, il gruppo di società di Warren Buffett.
Dichiarazione di lunedì di Rafael Correa, Quito
La ricostruzione della repubblica nello spirito del socialismo del XXI secolo.
Questo è il piano comune di Hugo Chávez del Venezuela, Evo Morales della Bolivia e Rafael Correa dell'Ecuador.
Seguendo l'esempio dei suoi colleghi presidenziali e dei suoi amici, Correa ha esposto domenica le sue idee sulla nuova costituzione.
La sua missione è stata portata a termine con successo, con il 64% degli elettori che hanno votato a favore del referendum, secondo i risultati ufficiali, che riguardavano l'80% dei voti.
Ciò significa che il 28% della popolazione ha votato "no", il 7% ha votato "non valido" e lo 0,7% ha votato "non compilato".
Per l'adozione del progetto di Costituzione sono stati necessari il 50% dei voti + 1.
Domenica, due sondaggi all'uscita degli uffici elettorali e un conteggio da parte di un'organizzazione non governativa hanno dimostrato un'enorme superiorità dei voti "sì" rispettivamente del 63% e del 70%.
Nella notte tra domenica e lunedì, Rafael Correa ha parlato della vittoria del suo progetto di Costituzione.
"La Costituzione ha ottenuto una vittoria schiacciante", ha detto, ringraziando gli ecuadoriani nella sua sede governativa a Guayaquil, a 280 chilometri a sud-ovest di Quito.
Come è noto, Rafael Correa è stato congratulato con Chávez, Morales e la presidente cilena Michelle Bachelet.
Secondo il rapporto della missione di osservazione dell'Organizzazione degli Stati americani (OAS), il voto si è svolto in un'atmosfera rilassata. Il suo tema principale era un testo di 444 punti che riassumeva i principi del "nuovo socialismo" difeso dal presidente.
Il progetto di Costituzione pone il potere statale al servizio dell'economia, riservando allo Stato il diritto di "pianificazione dello sviluppo" per un paese che vive essenzialmente dell'estrazione del petrolio da parte di società straniere e delle valute inviate dagli emigranti.
Il progetto di Costituzione di Correa, eletto nel 2006, rafforza anche il potere del capo dello Stato, che può ottenere il mandato per un massimo di due mandati consecutivi e ha il diritto di sciogliere l'Assemblea nazionale.
Correa ha già annunciato di volersi avvalere di questa opportunità e nel febbraio 2009 tornerà a competere per il mandato di capo di Stato.
Il presidente ha già iniziato a introdurre la gratuità dei servizi sanitari e dell'istruzione nel suo paese, che conta 13,9 milioni di abitanti e la metà della popolazione vive al di sotto del livello di sussistenza.
Infine, la Costituzione vieta la presenza di truppe straniere nel paese, mettendo fine all'accordo tra Quito e Washington sull'uso delle strutture ecuadoriane che sono alla base delle misure antidroga americane.
Liberati 19 ostaggi in Ciad
I rapitori sono stati presi in ostaggio da undici turisti e otto loro accompagnatori.
Gli ostaggi si trovano al Cairo.
Undici turisti europei e otto accompagnatori egiziani sono stati trattenuti per dieci giorni nel deserto, da dove sono stati trasportati il lunedì pomeriggio nella capitale egiziana, illesi.
Gli ostaggi sono stati liberati da un commando egiziano in Ciad.
Apparentemente in buone condizioni, sono arrivati in aereo verso le tre e mezzo del pomeriggio alla base militare di al-Maza, che è direttamente collegata con l'aeroporto internazionale del Cairo.
Agli ostaggi è stato negato il diritto di parlare con la stampa e sono stati immediatamente trasferiti in un ospedale di Maadi, una zona residenziale nei sobborghi del Cairo, dove sono stati esaminati.
Gli ostaggi sono "sani" e ai rapitori "non è stato pagato alcun riscatto", ha dichiarato all'aeroporto il ministro del Turismo egiziano Zoheir Garanna.
Gli ostaggi sono stati catturati il 19 settembre ai piedi del monte Ouanat, nella zona di confine tra Egitto, Sudan e Libia, dove hanno partecipato a un safari fuoristrada, e sono stati poi trasportati da 35 ostaggi sconosciuti da un nascondiglio all'altro.
Il gruppo comprendeva 11 turisti (cinque italiani, cinque tedeschi e una rumena) e otto egiziani: due guide turistiche, quattro autisti, una guardia di frontiera e il direttore dell’agenzia di viaggi Aegyptous.
Un capo della sicurezza egiziana ha riferito che una squadra di 30 uomini è arrivata sul posto con due elicotteri, dove i rapitori sono stati presi d'assalto poco prima dell'alba.
"C'è stato uno scontro a fuoco tra le truppe, metà dei rapitori sono stati uccisi e gli altri sono fuggiti", ha detto il leader, che ha chiesto di non essere identificato.
Ha anche detto che un totale di 150 squadre speciali sono state inviate dalla Squadra Fulmine in Egitto in Sudan, dove sono state aggiunte le forze speciali tedesche e italiane.
Il capo della diplomazia italiana Franco Frattini, che si trova a Belgrado, ha sottolineato il ruolo degli agenti segreti e delle squadre speciali italiane.
"Dobbiamo ammettere che questo risultato non sarebbe stato possibile senza un intervento professionale ed efficace da parte dei nostri servizi segreti e delle nostre squadre di intervento", ha detto, senza ulteriori dettagli.
Inoltre, ha negato che gli ostaggi siano stati riscattati.
Il giorno prima, l'esercito sudanese ha annunciato di aver intercettato un SUV su cui viaggiavano i rapitori durante una pattuglia, uccidendo sei di loro (tra cui il leader del Ciad) e arrestandone due.
L'esercito ha affermato che i rapitori erano collegati a un'organizzazione ribelle del Darfur, il Movimento di Liberazione del Sudan (SLA-U), che è stato immediatamente smentito.
Lettres - La "maggioranza silenziosa" della cultura
Le notizie sui giornali e la campagna elettorale in corso sono attualmente al centro del dibattito sul finanziamento della cultura.
Non possiamo che rallegrarcene.
Ma una parte della nostra vita culturale viene ancora dimenticata.
Chi alzerà la voce per mettere in luce le assurde somme di denaro che i piccoli musei, gli archivi, gli scavi archeologici e i monumenti storici nazionali stanno per morire di fame?
Quale politico osa ricordare al governo federale che non si preoccupa dei suoi monumenti e degli edifici che fanno parte del patrimonio culturale?
Oppure che non ci sono leggi in Québec o in Canada che garantiscano effettivamente l'effettiva protezione del nostro patrimonio culturale?
Lo sapevate che il governo francese ha investito tre milioni e mezzo di euro nel restauro del castello di Chinon nella Valle della Loira?
E la costituzione dei nostri vicini americani afferma che la protezione del patrimonio culturale è parte integrante della cultura americana e che questo patrimonio deve essere protetto in modo coordinato da tutti i cittadini, da tutti i rappresentanti eletti e da tutte le agenzie governative.
Nell'ambito della Federazione delle Società Storiche del Québec, oltre 40.000 volontari di 211 società che si occupano di storia, patrimonio culturale, archivio e genealogia si dedicano alla ricerca storica e alla conservazione di un gran numero di archivi privati e reperti archeologici con un budget minimo.
Spesso queste organizzazioni difendono con le unghie e i denti la nostra eredità e protestano con l'ultima delle loro forze annegando, quando i costruttori immobiliari e i decisori dirigono i loro bulldozer verso i nostri vecchi edifici e cimiteri dimenticati.
Quando si difenderà il patrimonio storico e culturale?
I governi del Benelux nazionalizzano parte della banca Fortis
Con la nazionalizzazione parziale, i paesi del Benelux stanno aiutando Fortison, la prima banca belga-olandese in difficoltà a causa dell'effetto collaterale della crisi del credito negli Stati Uniti: i tre paesi sosterranno l'istituto finanziario e assicurativo con interessi ungheresi per un totale di 11,2 miliardi di euro.
I governi belga, lussemburghese e olandese hanno discusso la questione al più alto livello alla fine della settimana, coinvolgendo il presidente della Banca centrale europea e il responsabile della concorrenza della Commissione europea.
Fortis è la prima grande crisi della zona euro in un contesto di crisi finanziaria internazionale che si ripercuote su di essa da più di un anno e le decisioni prese in merito possono quindi essere considerate un precedente sotto certi aspetti.
I tre Stati hanno deciso di acquistare quasi la metà (49%) delle attività della banca.
La banca venderà certamente una parte delle sue partecipazioni, in particolare le attività, soprattutto assicurative, acquisite lo scorso anno da ABN Amro nei Paesi Bassi.
Le azioni della Fortis hanno iniziato a crollare la scorsa settimana, e nella seconda metà della settimana ci sono state gravi crisi all'interno dell'istituto.
Tuttavia, gli analisti concordano sul fatto che con 85.000 dipendenti, la banca è troppo grande per fallire.
Venerdì i titoli dell'azienda sono scesi di circa il 12% a un minimo di 14 anni fa.
Da gennaio il valore delle azioni è sceso di oltre due terzi.
Sulla base degli attuali prezzi delle azioni, la capitalizzazione di mercato totale del gruppo si aggira intorno ai 14 miliardi di euro, ma i dirigenti delle società ritengono che ciò non sia realistico.
L’azienda ha accusato l’incertezza del mercato estero per quanto riguarda l’adozione del piano da 700 miliardi di dollari per le azioni Fortis.
Lunedì i prezzi sono leggermente saliti.
Venerdì, Filip Dierckx è stato nominato nuovo CEO della banca.
L'istituto finanziario ha anche cercato acquirenti privati, ma finora nessuno si è presentato con un'offerta significativa.
Il governo belga ha già detto che gli investitori non devono preoccuparsi, non perdono i loro soldi.
Finora i clienti della banca non sono stati presi dal panico e i cassetti non sono stati attaccati.
In Ungheria, Fortis ha una filiale indipendente e ha acquisito società di leasing.
La volpe nel pollaio
Negli Stati Uniti, le compagnie di assicurazione sulla vita e sulla salute spesso si rifiutano di stipulare un contratto assicurativo sulla base dei dati relativi all’acquisto di medicinali da parte delle persone.
Gli esperti di protezione dei dati temono che il mercato dei dati diventi incontrollabile.
"Esiste un programma di protezione dei dati che subordina l'uso dei dati di prescrizione al consenso dell'interessato.
Questo deve essere gestito in modo indipendente, altrimenti lasceremo il pollaio alla volpe", ha detto Richard Dicke, il creatore del programma di monitoraggio delle prescrizioni.
Le compagnie di assicurazione subordinano il premio assicurativo e l’importo dei danni alle condizioni di salute del cliente e, se ritengono che il rischio sia troppo elevato, non stipulano alcuna polizza assicurativa.
In passato la persona veniva sottoposta a un esame medico e il contratto veniva stipulato solo dopo averne conosciuto i risultati.
Dick ha inventato un metodo molto più economico da dieci anni: può facilmente ottenere dalle farmacie il numero di identificazione del cliente per i farmaci che ha acquistato nell'ultimo anno e mezzo, e da questo programma deduce da sé di quale malattia soffre e quali sono le sue condizioni di salute.
Ad esempio, assumere regolarmente dosi elevate di ipocolesterolemizzanti indica che i livelli di lipidi nel sangue sono praticamente incontrollabili, il che lo rende immediatamente ad alto rischio.
Il regime è disponibile in diverse versioni, alcune delle quali stabiliscono anche un coefficiente di rischio, il che significa che l’assicuratore non ha molto da fare al di fuori delle scartoffie, anche se sorgono piccole difficoltà.
Gli svantaggi includono il fatto che alcuni farmaci possono essere utilizzati per diversi scopi, ad esempio alcuni composti possono essere usati per l'emicrania o le vampate di calore, ma sono anche efficaci contro la depressione.
Quest'ultimo è considerato un importante fattore di rischio per le imprese di assicurazione, ma non il primo.
Sono state create società separate per la raccolta e l’elaborazione dei dati e queste, prima di ottenere le informazioni necessarie dalle farmacie, chiedono il consenso del paziente.
Ora sono obbligati a farlo dalle autorità, anche se non sono stati puniti per la loro inadempienza.
Recentemente, alcune aziende stanno elaborando i risultati dei test di laboratorio e li combinano con i dati sul consumo di farmaci per fornire un quadro più accurato dello stato di salute dei pazienti.
Sempre più aziende hanno accesso ai dati e, contemporaneamente, il controllo dell'utilizzo diventa sempre più difficile.
Esiste una legge specifica sulla protezione dei dati sanitari, ma si applica solo ai fornitori di assistenza sanitaria e alle compagnie assicurative.
Il Congresso ha davanti a sé un disegno di legge che conferisce alle autorità il potere di controllare anche le imprese specializzate nella fornitura di dati.
Dick Richard si rende conto che questo non è sufficiente: per questo motivo ha migliorato il suo programma, che richiederebbe il consenso esplicito dell'interessato per la trasmissione dei dati.
Un'altra questione è che l'interessato non può rifiutarsi di contribuire, altrimenti le compagnie di assicurazione non concluderanno un contratto con lui.
Le galline, quindi, dipendono in qualche modo dalla buona volontà della volpe.
Menu globale di Marsiglia
L'UE e l'India raddoppiano gli scambi commerciali
Dal momento che l'Unione europea e l'India sono reciprocamente partner commerciali di primo piano, questo tema ha dominato l'ordine del giorno del nono vertice, insieme ad altri problemi, in gran parte globali.
Oggi si terrà anche un vertice franco-indiano, in cui si parlerà principalmente della cooperazione nel settore dell'energia nucleare.
L'Unione europea riconosce che l'India è una potenza democratica emergente che dovrebbe avere più voce in capitolo negli affari internazionali, ma gli Stati membri non sono ancora riusciti a trovare un terreno comune per sostenere l'adesione permanente di Nuova Delhi al Consiglio di sicurezza delle Nazioni Unite.
Questa domanda non è stata sollevata in occasione del nono vertice tenutosi ieri a Marsiglia.
Il presidente francese Nicolas Sarkozy, in qualità di presidente in carica dell'UE, il presidente della Commissione José Manuel Barroso e l'alto rappresentante dell'Unione per gli affari esteri e la politica di sicurezza Javier Solana hanno ricevuto il primo ministro indiano Manmohan Singh, con il quale hanno convenuto di raddoppiare il volume degli scambi in cinque anni, portandolo a centinaia di miliardi di euro.
Dato che tra il 2000 e il 2007 gli scambi di merci sono passati da 25 a 55 miliardi, questo non è un obiettivo troppo ambizioso.
Le 26 convenzioni bilaterali con l’India in materia di aviazione civile sono state formalmente ratificate, il che significa che anche il traffico aereo potrebbe aumentare in futuro.
L’India vuole firmare un accordo di libero scambio con l’UE entro la fine del 2009.
Sarkozy ha promesso di accelerare i negoziati.
L'obiettivo è quello di bilanciare il fatto che, mentre l'UE è il primo partner commerciale dell'India, Nuova Delhi è solo il nono partner dell'UE.
Il vertice si è concentrato sugli affari mondiali.
La situazione in Afghanistan e in Pakistan, nonché il terrorismo, che è stato condannato in tutte le sue forme da entrambe le parti, hanno sollecitato la convocazione di una conferenza delle Nazioni Unite.
Hanno anche chiesto la conclusione del ciclo commerciale di Doha, anche se entrambi hanno contribuito in gran parte al fallimento.
L'UE ha confermato il suo impegno nei confronti del suo programma per l'energia e il clima, che prevede una riduzione delle emissioni di almeno il 20% entro il 2020.
L’India ha concordato che la conferenza sul clima del prossimo anno dovrebbe raggiungere un accordo globale e ridurre la produzione di gas serra del 50% entro il 2050.
Vogliono anche contrastare l'aumento dei prezzi dei prodotti alimentari e hanno sostenuto la convocazione di una conferenza internazionale per fare il punto sulla crisi finanziaria.
Il capo del governo indiano si recherà oggi nella capitale francese per negoziare un accordo bilaterale sull’uso pacifico dell’energia nucleare.
A Parigi si prevede che le imprese francesi avranno un contratto di 20 miliardi di euro per la costruzione di reattori nucleari in India.
Secondo l’agenzia di stampa, l’accordo durerà 15 anni.
Più di 300 case editrici italiane a Francoforte
Le case editrici italiane sono ben rappresentate alla Fiera Internazionale del Libro di Francoforte.
Oltre 300 case editrici italiane saranno presenti alla 60a edizione della fiera Buchmesse, il più importante convegno internazionale sul diritto d’autore.
Alla fiera internazionale del libro di Francoforte di quest'anno sono attesi 7.000 espositori provenienti da 101 paesi su un'area di 171.790 metri quadrati, dove saranno presentati oltre 403.000 libri. L'ospite d'onore sarà la Turchia.
Alla cerimonia di inaugurazione del padiglione italiano, il governo italiano sarà rappresentato da Francesco Maria Giro, sottosegretario di Stato al Ministero dei Beni e delle Attività Culturali: l’Italia occuperà un’area espositiva di 264 metri quadrati grazie alla creazione di un unico punto d’Italia.
La cerimonia di apertura sarà seguita da una conferenza stampa nella sala “Room Structur” del padiglione Buchmesse 5.0, dove saranno presentati i dati, le tendenze e le prospettive dell’editoria italiana.
Secondo i dati, la quota di autori stranieri sul mercato editoriale italiano è in costante diminuzione, in particolare nel settore delle pubblicazioni per adulti e giovanili.
Trovato l'aereo del miliardario Steve Fossett scomparso un anno fa
I resti dell'aereo del miliardario Steve Fossett, scomparso nel deserto del Nevada il 3 settembre 2007.
I relitti sono stati trovati su un altopiano di 3.000 metri nei pressi di Mammoth Lakes, nella Sierra Nevada, al confine tra California e Nevada.
Non sono stati trovati resti umani all’interno dell’aereo.
Lo sceriffo della contea di Madera, John Anderson, ha chiarito tutti i dubbi: "Dopo aver stabilito la posizione dell'aereo, abbiamo inviato una squadra e ora possiamo essere sicuri che si tratta dell'aereo su cui volava Steve Fossett il giorno in cui è scomparso".
Lo sceriffo ha inoltre confermato che non sono stati trovati resti umani a bordo dell’aereo o nella zona circostante.
Il miliardario di 63 anni è stato dichiarato morto a febbraio.
Il Dipartimento per la Sicurezza dei Trasporti degli Stati Uniti (NTSB) ha dichiarato che poche ore dopo la scoperta del relitto, una commissione d'inchiesta è stata chiamata per identificare l'aereo e stabilire che si trattava di un Bellanca 8kcab, scomparso il 3 settembre 2007, il giorno in cui Fossett era partito per un volo di tre ore da Yerington, Nevada.
Ieri, anche in California, vicino al confine con il Nevada, una coppia ha trovato alcuni degli effetti personali di Fossett vicino alla sua casa a Mammoth Lakes.
Due carte d'identita' a nome di Fosset rilasciate dalla Federal Aviation Administration dell'Illinois, un po' di contanti e un maglione.
La ricerca di Fossett e' stata abbandonata un mese dopo la sua scomparsa.
Il miliardario ha stabilito una serie di vertici attraverso i quali si è iscritto nella storia.
Nel 2002, per il sesto tentativo, è riuscito a fare il primo giro del mondo con un palloncino: due settimane di volo solitario.
Tre anni dopo fece il giro del mondo in aereo, senza atterraggio.
Tra i suoi numerosi record c'è quello di volare sopra le Ande a un'altitudine di 15.445 metri con un copilota.
GLK, pubblicità sconvolgente
Un SUV insolito con un design originale e deciso, con grandi superfici e angoli chiari.
In poche parole, questo è l'ultimo "veicolo fuoristrada compatto" di Mercedes-Benz, con il quale la casa automobilistica tedesca ha cercato di imprimere nuovo slancio al mercato.
È proprio per questo motivo che la campagna introduttiva del SUV GLK, disponibile a partire dal 17 ottobre negli showroom Mercedes-Benz, sarà sorprendente e insolita.
Infatti, la campagna pubblicitaria che accompagna la presentazione del nuovo veicolo si avvale di un mezzo di comunicazione mediatica finora sconosciuto, tra l’altro attraverso manifesti utopistici in 3D, che non sono mai stati utilizzati in Italia da un marchio automobilistico.
L'azione del cartellone, composta da tre fasi, governerà fino al 15 novembre la via dello shopping centrale di Milano, Corso Como .
La prima fase di questo nuovo tipo di comunicazione mediatica inizierà con la presentazione stereoscopica della vettura, in cui il nuovo SUV sarà visibile in dimensioni quasi reali e in formato tridimensionale con occhiali speciali distribuiti intorno al Corso Como.
Chi guarda l'immagine avrà la sensazione che l'auto stia emergendo dal cartellone.
In seguito, grazie all’innovativa tecnologia Elumina8, tutti i dettagli della nuova GLK saranno visibili uno alla volta e riuniti in un’unica immagine.
Indubbiamente, con questa promozione, Mercedes sta cercando di introdurre qualcosa di nuovo nella pubblicità stereotipata dell’industria automobilistica.
Riuscirà a suscitare l'interesse dei potenziali clienti? Vedremo.
Scopriamo chi sono i calciatori italiani
Giovani di Triveneto, probabilmente saranno squalificati.
Ma chi sono questi 150-200 ragazzi e ragazze di cui tutta l'Italia si vergogna? Sono membri di un gruppo chiamato "Ultras Italia", che segue la nazionale da anni e che, a dire il vero, finora non ha causato troppi problemi.
Non si sono mai scontrati con i tifosi dell'avversario.
Il nucleo del gruppo è a destra.
Gli organizzatori principali vengono da Trivento.
E da Verona, Padova, Trieste e Udine.
A questi si sono uniti a Sofia piccoli gruppi sporadici provenienti dalla Campania e dalla Puglia (in realtà solo poche unità).
Le bandiere italiane con la città natale dei tifosi sono state sventolate e tolte sabato per non essere identificate.
Seguono l’esempio dei tifosi inglesi.
In Bulgaria hanno affrontato una vera squadra di cheerleader nazisti, i tifosi del Levski.
La federazione italiana di calcio ha messo a disposizione dei tifosi 144 biglietti, che erano a nome proprio, rendendo più facile controllare la squadra di tifosi.
Il ministero dell’Interno ha anche controllato tutti: non c’era nessuno che fosse stato processato o vietato di visitare lo stadio.
A quattro tifosi italiani con precedenti legati al calcio è stato negato il biglietto e l'uscita.
Al momento il ministero dell’Interno sta aspettando i verbali della polizia di Sofia e sta prendendo le misure necessarie: i tifosi che sono stati arrestati o identificati durante i disordini possono essere espulsi per cinque anni.
Si tratta di un divieto internazionale che si applica non solo all'Italia, ma a tutti gli stadi d'Europa.
I nostri hooligan calcistici non possono mettere piede in nessun campo di calcio.
Fortunatamente.
Ma dobbiamo anche temere che i teppisti trovino seguaci, cioè che altri si uniscano a questi appena centocinquanta.
"Dobbiamo spegnere immediatamente questo fuoco, non scusare chi si comporta in questo modo", ha detto il ministero dell'Interno.
Quindi è meglio tenere gli occhi aperti, soprattutto visto che la partita della nazionale di mercoledì a Lecce si avvicina.
In Puglia c’è una piccola cellula che sostiene gli ultra italiani.
Domani si riunirà l'Osservatorio e martedì il Comitato per l'analisi della sicurezza degli eventi sportivi, che può contare su un servizio di sicurezza interna, i servizi segreti che si occupano del comportamento dei tifosi.
"Lo scandalo di Duce-Duce e il braccio oscillante sotto l'inno italiano?
Questa idea è stata sviluppata, sfortunatamente, da Domenico Mazzilli, che qualche settimana fa è stato nominato capo del servizio di sorveglianza del Ministero degli Interni (il posto era occupato da Francesco Tagliente e prima da Felice Ferlizzi).
Mazzilli è stato il capo della polizia di Trieste, una città dove dal 2002 opera una cellula che sostiene il gruppo Ultras Italia.
È vero quello che dice Mazzilli, non è vietato in Bulgaria far vivere il Duce, ma il comportamento di quei 150-200 tifosi è stato vergognoso.
Non sono un sociologo, ha aggiunto, il primo uomo del servizio di sorveglianza, ma i crimini devono essere giudicati nel paese in cui sono stati commessi.
Finora questo gruppo non ha causato alcun problema; dobbiamo esaminare esattamente ciò che è accaduto e considerare come procedere.
Ma parliamo un po’ anche del fischio dell’inno italiano: non è un crimine, ma, se posso dirlo, non è una buona educazione”.
