威爾士大會成員們都擔心「做小丑」
在提出修改其在MWP(威爾士議會議員《威爾士理事會》的頭銜的提案前,
這種提議是改變威爾士國會名稱的計畫的結果
整個政治競技場的各位成員 都擔心這聽起來很荒謬
投保黨會員說 你的黨員擔心 "你可以跟Twp和Pwp搭配"
對那些住在威爾士的讀者來說:
Plaid's Association的一名成员說這個團伙「不開心」 并提出其他選擇。
威爾斯保守黨的一位成員曾表示他對這個名字的改名表示「開放」,但他強調,他只是把MWP和Muppet分开的一小步。
在這種情況下,威爾斯的W字寫得和Yuckshire的英文發音一樣
董事會的委員會目前正忙於更改名稱,表示: 「對於可能被稱為「會員」的說明者,最後的決定顯然會是對自己成員的辯論。」
2017年威爾士政府法案允許威爾士大會改名
6月1日,委员会公布了一次公开磋商的结果, 其结果符合这项提案,它记录了大量支持召开威尔士议会会议的机会。
就會員的名號而言,委員會表示了他們對Welsh Parliament Members或WMP(威爾斯國會議員)的偏好,但MWP在公共咨詢中得到了更大的共识。
AMIs显然提出了其他选择,但达成协商一致的困难可能引起了总统Elin Jones的同意。 他应该提出一项立法提案,以便在几周内修改。
改革法将包括进一步修改会议运作,包括对AM的排除和委员会制度的设计等法规。
AM在政策讨论中,最终投票胜出
{\fn黑体\fs22\bord1\shad0\3aHBE\4aH00\fscx67\fscy66\2cHFFFFFF\3cH808080}好吧 {\fn黑体\fs22\bord1\shad0\3aHBE\4aH00\fscx67\fscy66\2cHFFFFFF\3cH808080}好吧 {\fn黑体\fs22\bord1\shad0\3aHBE\4aH00\fscx67\fscy66\
星期天,投票者會決定 是否將國家改成「北馬來西亞共和國」
人民投票是为结束与希腊共存的数十年的争执而策划的。 希腊拥有一个叫马其顿的省份。
雅典很久前表示 你的北邊鄰居的名字代表了他們的地盤 而她又反駁了其加入歐盟和北约的問題
塞爾維亞總統Gjorge Ivanov, 反對改名的民間人士,表示他不會考慮投票結果。
然而,公民投票的支持者,包括祖蘭·扎夫首相,宣稱,改名只是要付出代價 才能加入歐盟和北约
圣馬丁教堂的鐘聲在哈林區的教堂裡
"我之前和你說的那個老人說 曾經有一家酒吧和一個教堂 在每個角落" "他都說亞當斯"
"今天兩人皆不在"
他解釋說酒吧失蹤是可以理解的
"今天的社交生活方式有所不同"这倒是说得通了
"酒吧不再是常人常去的附近小屋了"
就教堂而言,他很擔心 房產銷售的資金不會持續多久, "而且他們遲早會回到起點。"
教堂,她补充了,她们可以被 建一栋公寓, 装满公寓, 和那些不帮助 其余的神社的人。
「大部分買房子的人都是白的」這句話中說「因為這些教堂將關閉」 「因為大部分搬進這間教堂的人 很可能都將成為教堂的成員」
兩座教堂都是在哈林區成為黑人區之前建成的 在1870年和St. Martin's地區
維基百科的伊斯蘭教教會(Asiay Association)在「30年代離家出走」
在附近的教堂里祈祷的黑教堂 占领了那栋建筑
St. Martin's been bought by a black congresspir to the chief 约翰・霍华德・约翰逊牧师 主持了抵制125街的买家
1939年大火严重损坏了这栋建筑 但当时约翰逊的教父们安排重建工作
神父約翰遜和他在聖馬丁醫院的繼任者David Johnson 牧師很驕傲地稱之為 "貧民營的鐘聲"
「文化寶藏」和「歷史工具」
密歇根大學的蒂凡尼·恩格也下定論說 是世界第一名黑人音樂家狄尼奧·艾·林德
Merriweather說St. Martin's沒有取代他
最近几个月在圣马丁酒吧发生的事件 是一系列复杂的建筑师和企业家阴谋
教會會的直接組織,由拉美領袖所創立的教區, 致力於7月的12月發發言,
一些教区教徒抱怨自己缺乏透明度。
鯊魚會在加州一個13歲的海豹潛入海中 在海域捕龍蝦
警官說周六有隻鯊魚襲擊和受傷的13歲男孩 在加州海草季開幕那天 潛水找龍蝦
凌晨7點前 在恩昆塔的Beacon Beach附近發生襲擊
Chad Hammel向聖地牙哥的KSWB-TV報告說,他已經在周六早上 跟朋友一起下水... ...當他聽到一個男孩尖叫...
Hammel覺得他只是因為抓龍蝦而激動 但後來"他發現那孩子在叫"我被咬了!"
我被咬了! I got bit ill!
他的整個鎖骨都被勒死了 他說他看到哈姆爾了
"我喊著大家從水裡出來" "水裡有鯊魚!"他加了哈姆梅爾
那孩子被送往圣地亚哥的Raddy Children医院 在那里被安置在危险的医院
負責攻擊的鯊魚沒有被注意到
賴瑞·吉爾斯上尉在通知媒體中表示 几周前他曾在鯊魚區被發現 但據說他與任何危險物种無關
Giles补充说受害人在胸腔上方受了创伤
執法者禁止從Ponte Beach到Casablad到Swami's 的海邊進入 48小時的調查與安全調查
Giles报告说,在这片区域,有135种鲨鱼, 但大部分动物并不危险。
科學bury計劃了一個推進 英國的美品區
莎斯伯里正在挑戰博茨,超德魯格和德班漢姆斯... ...
作為美國美食市的一大部分,每年2.8億英鎊的美食市長,而這幅畫仍在不斷增長,而時尚和家園藝術品的銷售量正在下降,而對美品品品的最大品種將在11家市場上做試驗,如果成功的話,明年會在更多的商店中收購。
投資于美景的那一刻 超市正在尋找新的方法 在電視上,提供微波爐和家庭文章
Sainsbury's 宣布它将加倍地增加其提供文具的大小,达到3000种产品,包括第一次出海,例如Revlon、Essie、Tweezerman和PawPawPow博士。
歐瑞爾、梅貝林和伯特·貝斯 將會佔據比布斯這樣的商店 更加寬闊的區域
超市正在重新装修其各式各样的购物技巧 以便大多数产品是素食的 - 越来越多的买家要求的质量
再說了 香料店的供貨商 將會在南倫敦的Croydon市 試驗兩家Sainsbury's商店的授權 , 而一年後,在南倫敦的Selly Oak, Birmingham,
网上購物和向小规模食品商品的交易 每日向小超市采购小量食品 迫使超市更加努力说服买家从他们那里购买
SAinsbury's CEOMike Cope指出,销售点越来越多地与大型仓库相匹配 而超市试图抵制如Aldi 和Lidl 提出的其他服务和产品不供应。
Sainsbury's in entering the argos sales in a hundreds store and also has invented different lives 自两年前買下這兩條鎖链以来 他已經把阿爾戈斯的銷售點打入了各種不同的生境
之前的超市 试图将美食和制藥公司 退回其部分
Sainsbury's had a summer with Boots at the beginning of 2000, 但与Boots的协同作用 最终导致了市场上 药物销售点的相互矛盾
新策略是在三年前Sainsbury公司出售了 他卖给Célesio的281个制药活动之后 采用的新策略
Lloyds原本打算在這個節目中扮演一個角色 而Lloyds則會在4個商店中增添 精美品質量的商標 包括La Roche -Posay和Vicky
森斯伯里商業經理Paul Mills -Hicks,
另外,我們對同事做了投資 顯然他們可以提供咨詢
我們的品牌被設計成符合各項要求, 以及受邀的環境, 使得我們對美品的目的地有吸引力, 相比於以往的購物方式。"
Peter Jones在Holly Willoughby从 一千一百万英镑的交易中解脱出来之后 成了"富豪"
龙之星Den, Peter Jones在电视主持人Holly Willoughby 撤回了一千一百万英镑的合同后 很生气
Willoughby沒有時間做家庭主印 和Truly的配件
這對夫妻的活動跟Gwyneth Petrow的標誌一樣
{\fn黑体\fs22\bord1\shad0\3aHBE\4aH00\fscx67\fscy66\2cHFFFFFF\3cH808080}她37岁 This Morning's presenter 37岁, {\fn黑体\fs22\bord1\shad0\3aHBE\4aH00\fscx67\fscy66\2cHFFFFFF\3cH808080}在Instagram申请申请表上宣布放弃
霍莉·威爾諾比離開了 德拉克斯·丹和彼得·瓊斯的巨星 彼得·瓊斯 在他們最後一刻退出了他們的標準活動 以專注于她與馬克斯·斯賓塞和伊斯賓塞的新合同
一些消息人士說Jones是"富豪的" 在Buckinghamshire市的Marlow市商帝国中心的会议上承认 他的新合同... 价值150万英镑
和Gwyneth Pátterw's Goop的商標相吻合 他推测Willoughby的房產會翻翻一番 估計值一千一百萬英鎊
37歲的威爾諾比一出生 他就選了Instagram 宣布他放棄了特魯利
據消息來源說 "Truly是Holly的首要目標
未來的二十年 她將成為她長期的未來 she'd have been her future for the long terms 她將花在今后二十年的時間里 that she'd have to spend the next 20 years.
他的放棄決定讓所有與他對話的人 毫無瓜葛
沒人會相信星期二發生的事 他們離投球那麼近
馬洛總部有一間裝滿產品的倉庫 準備出售"
專家們認為,這幅畫的演員 This Morning 是英國最富有的明星之一 可能會因高昂的產品和衣著 以及可能遲到的標準推遲而為公司付出數百萬的投資
也有可能是友誼的終結
三個孩子的母親Willoughby 她丈夫Dan Baldwin 和他的妻子Tara Cap10年是Jones的朋友
Willoughby在2016年设计了Truly和Capp在一起 52岁的Jones 成为了三月首席执行官
夫妻一起渡假 琼斯占了Baldwin电视制作公司的40%
Willoughby將成為M&S代號大使 接替Ant McPartlin 為ITV節目"I'm a Celebrity"的主持人
瓊斯的一個消息來源昨晚說"他不想發表關於他的商業交易的評論"
嘴硬 嘴硬 嘴硬
他嘲笑媒體所收到的批評論,以評論某些人認為「非總統」, 以及對於北韓領袖如此正面的評論。
崔普總統為什麼放棄了這麼久?
特朗普在她的嗓音中說 模仿"新聞導演"
"我沒有放棄任何東西"
他強調說金在六月第一次在新加坡開會後 對第二次會面有興趣 是在朝北朝鮮核化之前 從特朗普發出的讚揚,是朝北朝著核化的方向迈進的一大步
但核化的談判至死不渝
6月6日六月六日下午,北韓外交官Ri Yong Ho在星期六的聯合大會上向世界領袖發言, 北韓沒有在北韓的首次離岸行動中看到「同等的風險」。
相反,他低估了它,美国正在继续制裁它 并不断地增加它的压力。
特朗普的觀點比這句話有趣多了
"和北韓一起,我們取得的成功",他說。
我們正準備和北韓開戰
數以百萬計的人將被殺害
"我們現在有的是很好的關係"
他宣稱他努力改善和金的關係 取得了积极的成果:导弹測試的終結,解放了人质,以及最近一些美軍士兵的歸來。
你以描述你和金的关系 捍卫了自己和金的非同寻常的战略
「當總統很簡單,但在座有1萬人 試圖進入這個廣場」 「我們將會有200人站在前面」,他說Trump,
突尼西亞的地震和地震 摧毀了一座島 導致了數百人死亡
在隆波克地震之后,各非政府組織都宣佈它們不是必要的。
雖然隆波克人口的10%以上已經被驅逐了,但國家的緊急狀況尚未宣布,這是啟動國際援助的必要要求。
"在很多案件中,不幸的是,他们非常清楚... ...他们不想要国际援助,所以这有点复杂。"
當Savi the Children組織了一支在帕魯的隊伍時 他仍然不確定外國員員工是否能夠在外勤工作
蘇托波,國家恐怖組織的代表,他說印尼當局正在評估帕魯的狀況, 以決定國際機構是否願意提供幫助。
考虑到印尼一直受其害的地震, 该国继续遭受大自然的怒火的摧残。
雖然Aceh的海啸避難所已建成,但這絕不是其他海岸線的公共建筑。
很明顯,帕魯的海啸警報沒有警報,儘管警報已經響了,但這可能引起了人類的死亡。
在最好的情況下 在印尼的島上移動是非常複雜的
自然的灾难使loglogic更加复杂
一架軍艦被綁在隆波克 目擊地震的受害者正朝帕魯方向去 但至少要三天才能到達新的災區
總統喬科·威多(Joko Wido)在自己的競選中 提升了印尼的基础设施
但缺乏資金卻在明年的選舉中擊中了約科的政府
Joko也必须承受印尼持续的宗派紧张局势所带来的压力。 在那里,穆斯林多数人领养了宗教最保守的领域。
另有1,000人被杀害,成千上万人因基督徒和穆斯林帮派之间的街头交火而离家
丹尼爾·斯特林奇·利物浦(Daniel Sturridge of Liverpool) 和切尔西的對決
丹尼爾·斯特林奇從一戰中拯救了利物浦 在倫敦斯塔姆福德·布里奇(Stamford Bridge) 在一戰中戰勝了切尔西
斯泰里奇從Xherdan Shaqiri那里乘車 從切爾西的門口接來的 車隊在1 -0下
他把左球打到二重奏之前才碰的
誘惑力已經越過那幅門板... ...而右轉到右上角
球最后掉在Kepa Arizabalaga背后 在网络上滑倒了
"他本想著站穩腳步 到沙克這樣的球隊和球手面前" "LiverpoolFC.com"
"我看到坎特來了,我碰了一下,沒想太多"
Chelsea在Eden Hazard  Belgium Start 25分後的第一回合中 胜出1比0
藍色的中心已經把球打進了馬特奧·科瓦西奇 在拉近一半的球場前 撞上利物浦
科瓦西克快速穿越了半球
所以他成功搭乘了好几趟哈薩德去那片區域的旅程
Hazard越過防禦 跑到了利物浦的Alisson Becker街外
利物浦將在3月15日星期三下午3點 在意大利的聖保羅廣場迎戰Napolis
Chelsea定于3月3日星期四下午3點在倫敦面對歐洲聯盟的視頻
印尼海啸受害者人数是832人
印度尼西亚地震和海啸事件的伤亡人数达到832人 星期天早上宣布国家灾难管理局
据报在7.5次地震之后被困的建筑物中 有许多人被困住了 在新闻发布会上,他曾在新闻发布会上向苏托帕普·普鲁沃·纽格罗霍组织发言。
帕魯市,人口超過38萬,已從塌陷的建筑物中排出碎片。
警方逮捕一名32岁嫌疑犯 一名女性被刺死后被控谋杀
今早在美賽德的伯肯海德 發現一名女性屍體後 發生了一起謀殺案調查
44岁的女性在凌晨7: 55被发现在约翰街Grayson Mews被割伤的枪伤 32岁的人因涉嫌谋杀被捕
警方邀請了可能看到或聽到什麼的人來聯繫我們
Brian O'Hagan督察说, "调查刚刚开始 但我想向位于Birkenhead的John Street附近的人打个电话
另外,我想向所有人,尤其是出租车司机 登记了一些关于Dashmam的信息, 以便与我们联系,因为这可能会为我们的调查提供重要信息。"
一名警方发言人證實,被發現的女人住在Birkenhead,被發現在某處。
今天下午,有些朋友声称认识这个女人... ...在犯罪现场... ...
調查仍在進行中 警方說他目前正向死者的家人報告
一位住在Grayson Mews的出租车司机刚刚试图回到他的公寓 但他被警方告知
當他發現發生的事時,他就失去了言語
居民已被告知 在他们获准返回之前需要几个小时
一名警官告訴了一個人 這片區域目前被視為凶案現場
有個女人在哭哭啼啼的場合
你老是說"太可怕了"
下午2: 00,兩輛警車停在定點區內 另一輛卡車就停在外面
有几名特工在控制這棟房子的指定區域內
任何有此信息的人請聯繫 @Mer PolicCC 或匿名通知Crimestoppers或與9月30日的247人聯繫
克伦威尔的雕像成为了"历史重写" 最后的纪念碑
他的離去將是對塔利班的毀滅的詩性正義... ......... .........
但是克羅姆威爾公司定義了 里克的提案是「花花公子」 和"改變歷史的意圖"
克伦威尔协会主席John Goldsmith表示:
英格蘭內戰期間的獨角獸沒有被克倫威爾所控制
克倫威尔或許會為他祖先Thomas的行動犧牲
克倫威爾的威廉·哈莫·索爾尼克羅夫爵士的偉大代表 是十九世紀的觀點和其中一部分的歷史學家
Goldsmith向《Sunday Telegraph》发表了一篇评论:"Cromwell在十九世纪末 被很多人认为是...
這代表著一個非常精確的描述 是目前正在進行的歷史性討論的一部分
我敢肯定,17世纪的冲突 定义了我国的进一步发展, 克伦威尔是一个可辨认的人物,代表了其中一部分的骨折。
他的保鏢領主的高級成就 必須被慶祝和慶祝"
屠宰豬人會殺了一個中國農民
一名農民在西南中國的市場遭到攻擊和殺害 據當地媒體報導,
一名名叫"Yuan"的人在吉州的Liupanshu(Liupanhi)市集附近 发现了血流失 并报告了周日南中國的Morning Post
2005年5月30日在中国青海省辛英省的農村裡 準備注射豬疫疫苗
據悉他曾跟河南市長 一起旅行 從河南市集賣15頭豬到市場
第二天早晨,表弟发现他死了 发现隔壁小猪的门是开着的
他說豬肉裡有個大豬肉 臉上沾滿了鮮血的豬肉
驗尸官證實 250公斤的豬咬斷了農夫的脖子
"我堂兄的腿上都是血和骨灰" "他表兄的腿上写着"Wu"
監控錄像顯示元公元前4點40分進市 給豬糧食
他的屍體一小時後被發現
殺死一個人的動物 不属于元老或表親
市場經理向艾文寧新聞社報道 豬被關起來避免攻擊其他人 而警方收集犯罪現場證據
元公子和市场当局正在谈判补偿农民的死亡
盡管很少有人受到過攻擊 但以前已經報告過豬群的攻擊
2016年,一只猪在Massachusetts的农场袭击了一个女人和她丈夫, 造成人类的严重伤害。
十年前,有只三百公斤的豬 在拖拉机上抓住一個威爾斯農夫 直到他妻子趕走動物為止
在一個俄勒冈農民在2012年被豬吃掉後,馬尼托巴農民告訴CBC News說豬不是一般的攻擊者 但血液香味可以由"切除"產生
"你們想玩個遊戲嗎?"
他們只是游戲,非常好奇... ...他們不想傷害你
他解釋了這一點:"你只要尊重他們就行了"
羅莎飓风的暴風雨 將會帶去東南美洲的火山口
正如我們預期的,羅莎飓风正在失去力氣... ...在墨西哥北部最冷的海域中奔波
然而,羅莎將在接下來的幾天內將帶去北墨西哥和美國西南海岸的火山口
羅莎在墨西哥波塔伊根尼亞以西南620公里處 拍下了20英里的 1級飓风
羅莎星期天會到北邊去
与此同时,他正在向西海岸走去。 当罗莎以热带风暴的速度接近加利福尼亚半岛时, 他将开始将热带湿度推向北, 在美国西南以南。
羅莎週一晚上會在墨西哥某片地區 雨速高達25公分
所以 熱帶水源與接近的彈藥相連 就會在接下來的幾天內 造成嚴重的西南區降雨
在当地,从2到10厘米的雨水 会导致不安全的洪災、漏水和沙漠中可能存在的裂縫
熱帶水量會造成降水量高,每小時將降至2.5至7.5厘米高,特别是在南內華達和亞利桑那州
在西南部部分地区,尤其是亞利桑那州,
很可能由于热带雨水泛滥 突然发生洪水,迅速恶化
在热带雨水的威胁下 在沙漠中漫步
巨大的雨水可以使河流的峡谷在水中生火 而风暴又会吹起风来
在南加州海岸,近海的雨水會引起地方大雨
可能降水量超过1厘米, 可能导致流出的残留物和滑坡。
這會是濕季中 第一個地區的降雨
某些热带雨季的雨水即将接近亚利桑那州 星期天末和星期一开始
周二要降到四角山 才能撐到星期三
10月,美軍的溫度會逐漸升溫,而亞特克冷卻,但熱量仍然夠熱
有時它會引起嚴重的溫度變化 在微乎其微的距離下
舉例來說,在美國中部,溫度的變化 將會在周日登記
堪薩斯市、密蘇里市和奧馬哈州、內布拉斯卡州 以及愛荷華州的圣路易斯與德莫因斯州之間 將會有近20度的差距
接下來的幾天 夏天的溫度會逐漸上升
大部分中美和東美都有9月初的溫度, 東南海岸26°C 從南極平原到東北部。
3月26日,到紐約, 平均溫度將高達12度
我們對長期氣候的預測表明 東美平均溫度高於10月中等的可能性很大
兩千萬人看過布萊特·卡瓦諾的聽證會
另外兩千萬人上週四在6個電視台上 參加了Brett Kavanaugh高等法院候選人 以及指控他性侵犯的女人 Christine Blasey Ford
与此同时,政治上的僵局仍在继续,因为在星期五晚些时候中断了程序。 Arizona Jeff Flake参议员的协议, 以便FBI进行为期一周的起诉调查。
福特通知了参议院司法委员会 百分之百肯定是Kavanaugh在酒醉中揍她
Kavanaugh在一次口供中表示100%肯定这件事没有发生
大概有2 040万人 在星期五被Nielsen指认并跟踪了口供
公司正在计算CBS、ABC、NBC、CNN、Fox新闻频道和MSNBC的媒体听证会
包括PBS、C-SPAN 和Fox Business Network在内的其他网络都无法立即获得这些数字。
···························
要想讓一切進一步發展 這跟參加橄欖球賽 和奧斯卡獎一樣的聽證會
Fox News Channel, 反對卡瓦納的提名的反對者, 率領了所有網路, 平均5.69亿觀眾在全天的聽證會上,
ABC是第二台 有326万台电视机的第二台
CBS has recorded 310万台收看者,NBC 294, MSNBC 289万和CNN 220万
观众席后利息保持不变
Flake是星期五的戲劇主角
在中立共和党办公室发表声明后,他声称他赞成Kavanaugh投赞成票, Flake于星期五上午被CNN和CBS的操作员 收回,当时他被示威者侮辱,试图在司法委员会听证会上搭电梯。
他眼神低落了好几分钟 被CNN电视台播放和播放
"我就在她面前"她說
你覺得他說的是實話嗎?
有人對他說 "她有權力 而很多女人是無能的"
Flake說她的辦公室發表了聲明 在電梯關閉前 宣布她還有話要說
法院投票把卡瓦諾的提名呈交到参议院投票中
但是弗萊克說只要能確定 聯邦調查局下個星期 會對候選人提出控訴
Flake部分被说服 与他的朋友Chris Coons的民主党参议员Chris Coons。
在與柯恩斯和其他參議員的談話之後 Flake已經做出決定了
弗萊克的選擇很重要 因為顯然共和黨人沒有調查就不可能通過卡瓦諾的投票
特朗普總統發動了聯邦調查局對卡瓦諾的控訴
英國首相梅指責 英國政界的批評
特蕾莎·梅总理指控他批評他的計劃 讓歐洲聯盟在大不列顛的未來中發言 讓國家對Sunday Times的採訪中受到威脅
英國總理特裡莎·梅 來到2018年9月29日英國伯明翰保守黨會議
在另一場訪問中,他與首長博里斯·強生的首長面談及他對Brexit Chequers的類似契卡斯協議的攻擊,
Wayde Sims谋杀案:
警方以Wayde Sims的火器逮捕了一名嫌犯 他是LSU20歲的籃球手
Dyteon Simpson, 20歲,他因涉嫌謀殺罪被捕,被關押,他宣佈巴吞魯日的警察局
当局公布了 西姆斯和辛普森之间争吵的录像带 警方称希姆斯在争吵中丢了眼镜
警方从犯罪现场取出了眼镜 并声称发现了辛普森的DNA 并报告了CBS电视台的WAFB现场
你讯問了辛普森之后 警方說嫌犯 不小心朝Wayde开枪了
保释金是350万元 他向辩方律師匯報了
East Baton Rouge的驗尸官辦公室 發表了星期五的初步報告 說死亡原因是脖子中槍的傷
警署已認出 路易斯安那州警方逃犯的特勤隊的功勞 路易斯安那州警署的科學實驗室 南方大學警署
LSU的首席運動官 感謝地區執法人員們的辛勤勞作和尋求正義
Sims才20歲
198公分的袭击者在巴吞鲁日的巴吞鲁日长大 他父亲韦恩也在那里打过篮球
去年夏天,球員平均有5.6分和2.6分
星期五早上 LSU的教练Will Wade宣布 团队是"惊慌"和"震撼" 为Wayde的死。
"那就是你一直擔心的" Wade說
沃爾肯人在墨西哥城的煙灰缸旁
來自火山口的灰燼波波卡托佩爾 到達了墨西哥首都南部的城區
國家防災中心警告墨西哥人不要靠近火山口 就在火山口上增加了183次 煤气排放和灰烬24小时内
中心在控制不同岩石和震撼
社會媒體的想像力顯示,燒成灰燼, 掩蓋了墨西哥城鎮的交通障, 使之變成Xochimilco。
地质物理学发现火山活动在首都以东45英里(72公里)上,自从2017年9月中部发生地震以来,墨西哥中部发生地震以来,火山爆发率上升了45公里(72公里)
火山口被称作"Don Goyo" 自1994年以来一直不活动
与加泰隆尼亞分裂分子在獨立的投票日守會前與警察會面
周六在巴塞隆納逮捕了六人,因為抗議者與警方的反彈隊交戰,而成千上萬的民眾聚集在一起,以紀念加泰隆尼亞人對分裂的爭議投票的第一周年。
一群被警方阻擋的分裂分子 在街道上制造灰尘
和那些為了抵制戰爭而拒捕的警察們 一起在白天發生了更多爭吵
數小時來,那些唱著「我們不會忘記,不會原諒」的獨立團體 面對著在西班牙大喊「長生不老」的示威者
當地媒體報告說,14人在示威中受了傷。
在马德里政府10月1日全民公投后一年,独立地区紧张局势一直居高不下,但受到加泰隆尼亞分裂分子的承认。
投票者投票赞成独立,尽管结果低下,但加泰隆尼亞人反对分离。
根據加泰隆尼亞政府,去年有近1,000人因警察試圖阻止在整個地區的全民投票而受傷。
獨立團體在星期五晚上集結,以阻止全國警察支持的示威。
證明已經到了,但他不得不走另一條路。
68歲的Narcis Termes,是個電工,他與他的妻子參加了分裂主義示威, 他說,他不再希望Catalogia獨立了。
去年我們有過最好的時光
我親眼看著父母為投票而哭泣 但現在一切都被阻擋了" 他已經解釋了
在去年12月的區域選舉中,尽管取得了基本的成就,但加泰隆尼亞的獨立黨卻在今年不懈地保持起步, 以及許多最知名的運動領袖,他們被自愿流放,或被囚禁在等待其在全民投票组织和下一份独立宣言中的作用。
42岁的机械师Joan Puig 在他的电话里记录了警方支持的抗议 声称冲突是由两个派系的政治家所驱动的
"事情變得越來越緊張了" 他說了
周六,奧里奧·朱奎拉斯,今年晚些時候,九位加泰隆尼亞的領袖之一... 宣布明年會在歐洲大選上大選
“身為歐洲選舉的候選人」 「是揭露民主價值與西班牙政府壓制的最好方式」,他解釋了。
劫車後被捕的人
三位男性,33岁,34岁,39岁,因一輛車重擊伦敦德利家
事件发生在星期四下午7點30分在Ballynagard Crescent發生
Bob Blemmings督察说 大门和楼都受到了破坏
車子在某處被子彈擊中了
突擊事件封鎖了利文斯頓對游騎兵的勝利
Dolly Mam的第一個得分是Livingston的冠軍
利文斯頓已經升職了 游騎兵們很驚訝地把史蒂芬·格瑞爾德 投靠了18場以伊布羅克斯俱樂部的總裁
Dolly Mamah的得分有所不同 而Gary Holt的隊伍和Hibernian成了第二分局
所以Gerard的球隊在第一季沒得勝 接下來的週日是Hearts
星期四 游騎兵們在歐洲聯盟的Rap Vienna
与此同时,利文斯顿继续在组织中赢得一系列胜利... ... ...六次离开,还有霍特教练... ...自从他上个月取代肯尼·米尔尔以来,他仍然需要看到一场失败
Livingston浪費了機會 對付那些沒禮貌的客人
霍爾特的團隊本該在高爾夫之前 稍稍優先優先于他 他們的直覺讓漫游者陷入了困境
斯考特·羅賓森跌倒了 但他把他的行為推到鏡子前面 Alan Lithgow只能踢出門口
游客们乐于让游騎兵在他们面前玩耍 明知他们可能使游客难堪
這就是關鍵的球賽的完成
游騎兵獲得了懲罰,Livingston找到了一個開關, Declan Gallagher和Robinson成功地通過了信條,
在那之前 游騎兵們佔領了球體 但是托管隊的防衛 證明了無懈可擊 而利亞姆·凱利的守衛也無需擔心
這個模式一直保持在第二個時期, 但是Alfredo Morelos已經把Kelly安排在了一個游行中。
Scott Pittman看見他的球棒被Alan McGregor 和 Lithgow的游騎兵們的腳擊中 在Livingston的另一場比賽中被擊中
利文斯頓區域發生的十字架被打破了 而且它們一直保持中立 而在Halkett和Glenn Middleton的 替补之後
Livingston的"完美"美食 - 分析
蘇格蘭 BBC的阿拉扎爾·拉蒙特 到托尼·麥卡羅尼·沙雷
這是Livingston的優點和成就
在最后一位玩家面前,他们表现非常出色, 在这次卓越的旅程中,他们不断地超越期望。
他們的游戲風格和合作者 從他們回到了大賽中 一點都沒變 但你得向荷爾特提供大量的信心
你們的英雄多得是
Halkett上尉是位了不起的 主持了一场精心策划的防御运动 而Monta让Connor Goldson 和Joe Worrall在比赛中遇到麻煩
漫游者仍缺乏靈感
儘管Gerard在有些時候表現得非常出色 但Gerard在這種情況下 他們還是挺低調的
最后一条通道... ...只有一次他们进入了敌方区域... ...并且可以把它看作是半数的游騎兵警报钟
埃多根收到對科隆的反擊回應
在土耳其和柏林的德国领导人的早餐会上 举行了一次微笑和蓝色的天空(9月29日)
這是埃爾多根總統對德國的爭議事件的最後一天, 他再次拒絕了北约盟軍的報告。
他們對人權、媒體自由以及土耳其對欧盟的許可 感到不安
所以埃多根去了科隆 準備開辟一座巨大的清真寺
這個城市在土耳其境外 擁有著最大的土耳其人聚居處
警方出于安全原因采取干预措施 阻止一群人聚集在清真寺前
數以百計的反對埃爾多根的抗議者 包括數以萬計的庫德人 讓他們聽到他們的聲音
抗议者尊重一位被稱作英雄的游客所激起的妄想症 稱作德國某些土耳其人
在Deptford的車禍事故:
一名骑手在伦敦的一场交火中死去 一辆汽车在伦敦被撞死
車禍發生在Bestwood街和Evelyn街的十字路口 距Deptford街 東南區的交通路 大约10點15分
車主停了下來 有輛救護車抵達了位置 但人因搶劫而死
事件发生在另一名自行车手死亡的几个月后 一名在Chillders Street的劫匪在周六事件发生时
都市警局說政府正在調查這個人 并通知其親戚
街上堵了路 堵了公交车 汽車司機也建議避開這片區域
朗拉登监狱:
六名狱警在大牢里 遭受了重刑 并告知了监狱的办公室
突發事件發生在 朗拉登在沃斯斯特郡的 男性最高安全監獄發生 星期天上午9點30分左右
有八名囚犯被關在牢房的一翼上 一名名叫"返回"的特工被雇來處理突擊事件
警官在现场受了重傷
一名獄政官說:"顯然有名犯人被送往Long Lartin監獄 目前正在處理一起事故
六名員工受了重傷
我們不要容忍在牢裡發生的暴力事件... ...而所有的負責人... ...都會報警... ...而且他們可能被判更長期的刑期。"
朗·拉丁監獄已經關押了五百名囚犯,其中有些人是全國最危險的罪犯
6月 监狱长接到通知 在一名犯人遭到袭击后不得不接受住院治疗
去年十月,有位反腐特工被叫到监狱里去 罪名是潜伏在监狱里 罪名是导致一名暴力的暴徒身亡
Rosa Raragano威胁Phoenix, 拉斯维加斯,盐湖城,突然发生洪水
熱帶壓迫亞利桑那州的氣壓很少, 但在下周的開始時,這很可能發生... ...當羅莎的最後的飓风...
國家氣象服務已經宣布了周一和星期二 在亞利桑那州、南內華達、西加州、尤他州、菲尼克斯市、佛萊格斯塔夫市、拉斯維加斯和萨尔特湖城等 即將發生的洪災警報。
预测羅莎星期二會直接前往凤凰城 周一晚上有下雨天
Phoenix国家气象服务在Twitter上表示,“这些热带循环只维持了 热带风暴或热带风暴状态,从1950年从凤凰城飞来200英里!
Katrina(1967)是亞利桑那州40英里外的飓风。"
最新型的飓风中心预测降至5至10厘米的降水, 在亞利桑那州Mogollon Rim以15厘米高
西南地区的其它地区,中央岩石山和大巴因河口 将在2.5到5厘米的降水中, 并以偏僻的山峰10厘米的山峰。
對於某些外來地區的洪水即將發生的風險, 羅莎帶來的雨可能是個福氣,因為這個地區受到了災難的攻擊。
雖然洪水是非常嚴重的問題,但其中一些災難很可能是正面的,因為西南地區目前正經歷一個災難。
亚利桑那州近40%以上的人 都在经历极度的绝密期 第二大类" 报告了韦瑟威. com
從此,羅莎飓风的途徑... ...可以抵達地球... ...跨過墨西哥半島
羅莎 星期天早晨仍然保持暴風雨的力度 最高速度是每小時85英里的時間 它在墨西哥波塔伊根尼亞以南385英里處
暴風雨隨著太平洋最冷的海域而吹下 所以失去能量
所以你打算在下午或者星期一晚上 到墨西哥來
墨西哥的降雨可能引起很大压力,造成洪水的高风险。
"预计降水量在7.5厘米到15厘米的加利福尼亚州北部索諾拉以北地区"
所以羅莎會一路向北走 在星期二凌晨1點到亞利桑那州邊境前 穿過亞利桑那州和南部猶他州
"Rosa或她的拖車造成的主要風險是,在加州下加利福尼亚州,索諾拉北部,以及美國西南沙漠地區,"
预测这些雨水可能引发水流, 很可能是致命的, 以及沙漠中的污水流, 超过山地的裂谷。
Midsommer Norton的襲擊案有四起未遂案件
20岁的少年们因涉嫌谋杀而被逮捕 一名16岁的男子在索默塞特被枪伤后被警方逮捕
男孩在中索莫諾頓的Excelsior Terrece地區中傷身亡 周六凌晨4點左右
他被送到醫院了 在那里他處於穩定狀態
一個17歲的男孩 兩個18歲的男孩 20歲的人在Radstock地區被逮捕
当局已向任何可能接到電話的人求助
"Kavanaugh's suffered for bad and anger" 民主黨的暴怒和悲劇"
"Kavanaugh法官的一票是拒絕民主黨的詭計和異見解的投票" "Trump在西維吉尼亞的Wheeling的一個遊行中發言中說"
特朗普宣布,卡瓦納夫在一項提名程序中 受到民主黨的「悲慘與憤怒」
卡瓦諾在星期四向國會宣佈 否認克莉絲·布萊西·福特十幾年前對他的性侵犯指控
福特也向法庭宣判了被告有罪
總統周六宣布... ...美國人民可以觀察卡瓦諾那天的品質和勇氣
"Kavanaugh法官的投票是證實我們時間最精確的權利之一 "一個在維吉尼亞州的支持者面前說"
總統詳細地提到了卡瓦諾的提名 談及共和黨對中德特姆選舉的影響的重要性
"自從我們生命中最重要選舉中,五周後"
我不是候選人,但我真的很忙」,他說。
"因此,你非常努力地 追求卓越的候选人"
特朗普宣布民主党正在努力"反抗和反对"
按照CNN向GOP的高级助理宣布,
印尼地震和海啸造成数百人死亡 而受害者人数仍在上升
至少有384人被杀害, 许多大草原上被夷為平地,
成千上万的人聚集在帕魯市的海滩上 在那里,高達六尺八尺,在墳墓裡被擊落
海啸隨著7.5級地震而來
"當昨天海啸威脅出現時,人們仍然忙於在海灘上的工作, 他們沒有立刻行動, 變成受害者。" 他向印尼國國會的言論官Jakarta Sutopo Pullo Nugroho表示:「
"海啸不止一人 拖了一辆车 木板 房屋 击中了陆地上的一切" "Nugroho 说,海啸已经以800公里/小时的速度蔓延到海面" (497英里/小时)
有些人爬到樹上逃到海灣 活了下來 解釋了這一點
大概有16 700人被疏散到帕魯的24個中心
以及水下清真寺的清真寺和商场
突擊事件在周六繼續驅逐沿海城市
地震發生在一個區域內,有240萬人
印尼科技的评估和应用署在一份声明中表示,星期五地震所释放的能量几乎是二次世界大战期间在广岛发射的原子弹的威力达到了200倍
城市的地理 位于狭窄的海湾的尽头 有可能加剧了海啸的规模
Nugroho把损害描述成「固体」, 并声称成千上万的家庭、医院、商業中心和酒店都垮台了。
一些受害者的尸体被困在塌陷的建筑物下 并补充说有540人受伤 29人失踪
Nugroho表示,受害者和损害可能在靠近地震中心的Palu以北300公里(190公里)的海岸地区,
...............................................................................................................................................................................................................
有三十多万人生活在该地区。 他宣布红十字会, 并补充说,他的人员和志愿者正朝相关地区前进。
"今天已经是悲剧了 但情况可能更糟了" 他说 "This and already a tragedy, but it could be worse."
機構在週六受到嚴重批評,因為他沒聽說有海啸襲擊了Palu, 但當局說,在警報被觸發時,海浪已到達
在社群媒體分享的影片中, 有一個人坐在樓頂上 大聲叫喊著海啸
在一堵水墻之后幾分鐘後,他被擊落在海灘上 砸爛了整座大樓和車子
Reuters無法立即驗證視頻
地震和海啸造成巨大停电,切断了帕鲁周围的通讯,使当局难以协调救援行动。
據警方所知,軍方已開始從雅加達和其他城市 派出空中支援 但流民仍然需要食物和其他必需品
這座城市的機場只是為救援而開的 而且要等到十月才關門
Joko Wido总统周日安排了一次 疏散Palu中心的访问
印尼海啸受害者的預算是800多人
太可怕了 It's terrible.
雖然唐古拉世界景象的員工已經安全抵達帕魯城, 但在那里,員工們在他們辦公室的院子裡 躲在防護罩下,
他說,"他看到很多被毀的房屋"
太可怕了 It's terrible.
即使在救援隊開始了難以行動的救援行動時, 你們還是有些遺憾的是,有熟知的外來救援員被禁止前往帕魯
印尼的標準是金融、供需和海外的員工 可以開始前進,除非國內已宣布災區為國家災區,
這還沒發生過呢
"这是省级的灾难" Aulia Ariani说,印度尼西亚红十字会的发言人
「當政府說「好的,這是國家的災難」 「我們可以接受國際援助,但尚未定義狀態」
星期五地震和海啸之后的第二天晚上 失踪人口的朋友们和家人仍旧希望 他们所爱的人能成为奇迹的一部分
周六有個孩子被一個拖車拖走了
星期天 救援人员释放了一个被困在屠宰場下 与母亲的尸体相伴两天的女子
Gendon Subandono, 印尼分遣隊的創始人Gendon Subandono, 在這個月在印尼參加了亞洲游戲,
在Roa Hotel被困的人們之中 Mandagi也是他的學生
"作為一個前列腺醫生,我正帶著我的情感貨" 他說。
Gendon提到,在接下来的几个小时里, 罗·侯賽因酒店倒塌的消息在旁觀的社區裡, 他絕望地從Palu競爭對手那里傳達了消息,
但是她的消息卻停在了一個灰色的印記上 而沒有兩處藍色的跡象
他說:"我認為這些訊息沒有被傳達"
Ladri在Newport on the Llevee的一家自动提款机上 偷了26,750美元
星期五早上 小偷从一个Brink的员工那里偷走26,750美元 他正在Newport on the Levene的一家银行提供现金
車主在娛樂中心清空了一個銀行賬戶 準備再交錢
另一名男子在忙忙的时候 在布林克的雇员背后偷取了包 借了一笔钱准备交货的包
有些目擊者已經指證了從現場逃逸的嫌犯 但警方沒有指認與此事有關的人數
任何有有關罪犯身份的信息,請聯繫Newport警察局,號碼859-292 -3680
Kanye West 饒舌歌手改名為Yeah
饒舌歌手West把名字改成了Yeah
在週六宣布Twitter名稱的改變時, 他寫道: "正式地稱作Kanye West"
41歲的西澤 他已經改名為Ye了 他用化名做他八個專輯的頭號
在她加入Urday Night Live的前 變化發生 在那裡她將展示她的新專輯,Yandhi
她取代了一位歌手Ariana Big(歌手), 她取消了她对"情感原因"的参与。 她宣布了节目的制作人。
除此之外,West在宣布他的职业名下 对他而言,这个单词具有宗教意义。
"我想"是聖經裡最常用的詞 "Y"的意思是"你" "West"在一年初說到"你" "West" the title of your album with the Big Boy.
"那就是你,是我們,這是我們"
我們通過了坎耶,這代表了唯一的一個... ...如Ye... ...我們善良的反射... ...我們的邪惡,我們困惑的...
這張專輯比我們本身還要難看
這只是他們改了名字的 不同的饒舌歌手之一
Sean Combs被稱為Puff Daddy, P. Diddy或Diddy, 但今年他宣佈他對Love和兄弟情侶的喜好
前West的助手JAY -Z 也改了名字
墨西哥候選總統曼紐爾·洛佩斯·奧布拉多 發誓不動用軍隊對抗平民百姓
墨西哥候選總統曼努埃爾·洛佩茲·奧布拉多 承諾不使用軍力對抗平民百姓
洛佩茲·奧布拉多周六在特拉特洛洛爾科廣場許諾 "永遠不要使用軍隊 壓制墨西哥人民"
士兵在1968年10月2日在广场的和平示威中开火, 在拉丁美洲全境的左翼学生运动中杀死300人。
洛佩兹·奥布拉多答應要支持墨西哥青年 每月向学生提供助學金 學習公共大學
他指出失业和缺乏正式机会 导致了年轻人走向犯罪团伙
美國應該加倍對美國的資金
當中國在人工智慧方面變得更活跃時, 美國應該加倍資金研究這個领域, 而IA Kai-Fu Lee的投資人和操作員說,他為Google, Microsoft 和苹果公司工作。
評論者隨著美國政府各種團體的宣佈 向國際原子能機構提供資金 雖然美國一般缺乏正式的人工智慧策略
与此同时,中国去年推出了其方案:他希望在2030年初成为I. A.
"加倍的预算去研究IA将是好的开端,认为所有其他国家都离美国远一点,我们需要新的国际开发署" "Lee说,"
翻倍的資金會加倍地增加國稅局下一大成就在美國的幾率。 他在本周的一次采訪中向CNBC宣布了Lee。
Lee, 這是本月由Houghton Mifflin Harcourt出版的《Ai Superpowers: China, Silicon Valley and the New World Order》 出版的一本書,是Houghton Mifflin Harcourt出版的出版社的首席執行總裁,他投資了一家 I. A.
在80年代,卡內基·梅隆大學 曾經在IA系統工作過 他以最高的分數打敗了奧特洛的美國玩家
Lee提醒美國政府以往的科技競爭者們 比如國防衛隊研究計劃
美國的研究員們經常得辛勤工作 才能從政府資金中得到資金 他宣佈李
"不是中國人把領袖趕走,而是多國人,"李說。
過去幾年,Facebook,Google和其他科技公司 都在研究人工智慧工程
Lee說,對移民政策的改變 可以幫助美國推動其在人工智慧方面的努力
"我想大卡應該自动給人工智慧博士 "他解釋了
2017年7月,中国国务院公布了其开发计划
国家自然科学基金会向那些在学术机构工作的人提供资助,例如国家科学基金会和其他政府组织 向美国研究人员发放资金,在中国,学业质量低下,他解释了Lee。
今年初,美國國防部成立了一個人工智慧協會, 另一方面,加入工業和大學的搭檔, 而白宮宣布成立一個精密人工智能委員會。
本月 ARPA宣布投资20亿美元 投资于一项名为AI Next的启动计划
對於NSAF,目前,每年投入1亿美元以上,用于研究IA。
与此同时,美国的秩序又重新建立了 国安局的人工智能安全委员会 几个月来没有记录任何活动
{\fn黑体\fs22\bord1\shad0\3aHBE\4aH00\fscx67\fscy66\2cHFFFFFF\3cH808080}
马其顿人民在周日投票,以全民投票 將國家改名為「北馬來西亞共和國」,
希臘擁有一個叫做马其顿的省份。 希腊說,他的鄰居的名字在她的領土上是種惡行,
两国政府根据提议的新名字在6月达成了协议,但国内反对派认为,改变会破坏马其顿大部分斯拉夫的民族身份。
總統Gjorge Ivanov表示,他不會投全民投票,反社會競選使人質疑,
公民投票表問題如下: 「這是符合美國和欧盟的加入條件的,以及與希臘的協議」
支持改名的人士,Zoran Zaev首相指出,这是要支付的代价,因为马其顿可以被欧盟和北约所接纳,这是前南斯拉夫联盟共和国崩溃的新兴国家之一。
"我今天來投票投票給馬其頓的年輕人 為了他們能在歐洲聯盟的統治下自由生活" "因為這對我們所有人來說是更安全的生活" "他宣稱Olivera Georgievska 79歲,在斯科普里"
即使在法律上是不相容的,但有足夠數的國會議員 宣佈他將對投票結果表示尊重,以結束投票。
名字的改變需要兩分之三的加入
州选举委员会宣布,直到下午1: 00之前,没有报告任何不公正的报告。
然而,在2016年最后一次的议会选举中,只有16%的影响力,只有34%的影响力,而66%的注册选民表示了自己的投票。
"我為我的孩子們投票 我們的位置在歐洲" "Gjose Tanevski 62歲 來自斯科普里州的一位候選人"
民主共和國總理Zoran Zaev、他的妻子Zorica和兒子Dushko投票投了在馬來西亞的全民投票,以改變這個國家的名字,
54歲的Vladimir Kavardarkov在斯科普里牧場前 擺了個小舞台
"我们支持北约和欧盟,但我们想先出海,而不是前门,"Kavadarkov说。
"我們是貧窮的國家,但我們有尊嚴。
如果你們不想像馬其頓那樣接受我們 那我們可以找像中國或俄羅斯這樣的人來加入歐盟
扎伊夫總理說,加入北约會對馬其頓造成極大必要的投資,其失业率超過20%。
"我相信大眾會贊成 因為超過80%的公民支持歐盟和北约"
他說「是」是「我們未來」
上週一發佈的民意調查報告顯示,在30至43%的選民將參加全民公投 - 百分之一的影響率低于要求的影響率
另一項由馬其頓電視台進行的民調顯示 57%的採訪者預定周日投票
百分之57%的投票率 70%表示他愿意投赞成票
如果全民投票是合法的,那么效果必须是50%以上的投票。
全民投票失敗會代表自去年5月以來 菲洛西政府的政權
看 曼徹斯特市的Sergio Aguero
塞爾吉奧·阿蓋羅和拉希姆·斯特林 在曼徹斯特市的2 -0比賽中 主持了布萊頓的防禦
Aguero在65分鐘內把標點看得很輕鬆
阿根廷的襲擊者在行動開始時 接受了一半的戰地通道
他在Brighton的三位防御工事被调到自由地投掷前
阿瓜羅被四件綠色T恤包圍了
在Brighton地区越过其它地区之前 他侮辱了一名辩护人
所以他成功左轉了,找到Sterling
英國人用第一根觸手把球還給阿古羅 他用右腳打掉Brighton Mathew Ryan的門口
"Aguero有腳痛" 他向記者們宣佈了城市教練佩普·瓜迪拉
"我們說好要讓他打55到60分鐘" "We talked to make him play 55 to 60 minutes."
發生的事就是這麼回事
"我們很幸運,他已經記下來了。"
但是Sterling是第一聯盟的先鋒
球到了29分
Aguero收到Brighton球的深處球。
在Leroy Sane左側 送了顆爆破球過來
薩尼在把斯特林引到第二面之前走過幾步
天空蓝精靈在出外勤前 把球扔在網上
這城市將在12點55分 在德國的Rhein-Neckar-Arena廣場與Hoffenheim對戰
Scherzer想和火箭隊對打
全國冠軍被淘汰了 也沒有理由再開戰了
但是Scherzer一直希望能在星期天 和科羅拉多搖滾隊對打 但除非你們對搖滾樂還有影響
搖滾樂已經贏得了至少5 -2對國家冠軍的勝利 但他們仍然希望能贏得他們的冠軍
"只要我們沒有目標 我們至少可以發射" "只要我們知道丹佛的氣氛和人群" "and as long as we can do, we can at least be able to launch "and that the other team you're gonna play 將會是今年最頂峰的球隊 would be at the top of this year.
我干嘛不想去打球呢?"
全國人民仍需宣布首位投手周日, 但據說,他們只是讓Scherzer 在同一種情況下投球而已。
{\fn黑体\fs22\bord1\shad0\3aHBE\4aH00\fscx67\fscy66\2cHFFFFFF\3cH808080}周四是第一投手 {\fn黑体\fs22\bord1\shad0\3aHBE\4aH00\fscx67\fscy66\2cHFFFFFF\3cH808080}星期四是第一投手 {\fn黑体\fs22\bord1\shad0\3aHBE\4aH00\fscx67\fscy66\2cHFFFFFF\3cH808080}在正常的周日中投篮
华盛顿的投手是18 -7 投机者是2 -53 ERA 和300投手
在西弗吉尼亞州的一個游擊隊
總統詳細地述及了他在最高法院的候選人Brett Kavanaugh 談及共和黨在中德特姆大選中所產生的重大影響
"我們所做的都是在11月出局的"
這是我們一生中最重要選舉中的五周
這位大人物之一,大個子... 我不是候選人... 但我真的要為最優秀的候選人而戰...
Trump一直說:"看看這些可怕的激進民主黨人, 現在正在發生。"
他們決定用任何必要手段奪回權力 看到的是邪惡和卑劣
他們不在乎誰可以攻擊他們 他們需要有人去打擊他們 因為這是他們想要的 權力和控制權 而我們不會給他們
民主党人宣稱,"反抗和阻礙"的使命
他說:"他近四天內就能看見他" "Did he could see him in the past four days," 他說,他叫了民主黨人" "cared, evil, skepants and deliberate."
他代表民主党参议员Dianne Feinstein 提到了参议院司法委员会 以其名义,在公众中展现了激烈的姿态。
"你記得他的回答嗎?"
你泄露了文件?
嗯,嗯,嗯,什么。
不,不,不,我在等一个 -那是个糟糕的肢體語言 -我見過最差的身體語言
勞工黨已經不耐煩了
那些人的思想是不能容忍的
當我地方黨員莫門姆的活動者投票來審核我時
毕竟,我是数以百计的 众议院议员中最后一位... ...被告知他们不受欢迎... ...而且所有人都说他们的想法
我的議會同事瓊·萊恩接受了這樣的治療 因為他對反犹太主義表示反對
對我而言 檢察动议批評我 與Jeremy Corbyn的意見
對於負責任的國家安全、歐洲安全政策的重要性, 諷刺地說,所有關於Jeremy與前領袖不一致的論點都是一樣的。
周五Nottingham East Labour會議的通知說:"我們希望聚會是包容的和富有成效的。"
作為當地勞工黨的國會成員,我八歲左右, 星期五晚上的會議就是這樣的。
然而今天的會議并不是如此的... ...而一個"仁慈和仁慈"政策的承諾... ...已經很久沒有被忘記了... ...如果你們有記性的話...
顯然,不同觀點在工黨中不具容忍性,而所有觀點的評論都以其可接受或少於黨派領袖的認同而定。
這一切都在Jeremy成為黨領袖之后不久, 以及早些時候,我曾想和其他人分享一樣的政治觀點... ...他們開始期待我改變立場...
當我在公眾場合說話時... ...而且我說的話不重要... ...他們仍然對媒體的侮辱... ...他們要求退學,宣佈市場政策... ...我不該參與勞工黨。
這不僅僅是我的經驗
我敢肯定我比其他同事更幸運 因為我的評論是政治性的
我很敬佩你的專業精神和決心 這些人必須面對性或種族背景的侮辱
政治时代最令人失望的一件事之一就是 侮辱程度的正常化
Jeremy Corbyn上星期宣布 投保党应该提倡容忍文化
現實是,我們已不再處於容忍的環境之中, 以及任何不可信或改變選擇規則的动议, 黨會限制。
過去兩年,我收到很多建議 邀請我放下老闆
但我不是這個意思
自我二十二年前加入工業黨以来,我因塔切爾政府不滿而起... ...因為他把我高中的學歷 逐漸崩潰... ...我努力為最需要的地方律師或政府大臣提供更好的公共服務
我從未向上一次選舉 掩蓋過我的政治觀點
諾丁漢東方的任何人 都不能被我的政治地位和與現在的領袖的分歧所迷惑
敬那些在星期五提出动议的人 我想說 當這個國家向一個 破壞我們家族 企業和公共服務的 Brexit投奔時 我並不想浪費時間和精力 談論我對拉法黨的忠誠
但我唯一不為Nottingham Momentum 提供的信息, 對我的選民來說,他們是工業黨成員,或者更少: 我很榮幸為你們服務,我保證,任何政治威脅或機會,都將阻擋我為那些我想成為你們最佳利益的人辯護
Chris Leslie是諾丁漢東國議會的成員
Ayr 38 - 17 Melrose: 一架Ayr被撞倒,进入了排名。
遲早的兩項試驗或許已經通過了最後的結果 但毫無疑問 Ayr在這場溫頓冠軍賽賽中 值得一試
我排上队了,只有10队被击落
最后是他们的首要防卫 以及他们的大胆 促使了家庭队 而Peter Murchied教练得到了一切理由
"我們目前在比賽中受試過 而且我們仍然處於局外" "我必須感到高興" "教練說"
勞勃·克麗絲蒂·德梅羅斯說:"如果他認出艾爾的功勞 他們就利用了我們的機會"
14分鐘內格蘭特安德森的一半 變成了Frazier Climo 但卻把Ayr的優勢引到優勢上 但一個由華爾里人發動的羅裡·休斯州蘇格爾球手的黃色牌子
Climo把Ayr的距离 扩大到一半的时间 准确地标明了方向 所以要将目标转化成单一目标 把Ayr带到17 -5度
但Melrose的第二個時間和目標是 Patrick Anderson 從Baggot轉而成的 他把優勢降到五分
因此,由于Ruaidh Knott的严重伤害,因此,由于Ruaidh Knott的严重伤害,因此,由于Stafford McDowall被从Climo改划为目标, Ayr再次受到了重创。
Ayer Blair MacPherson的接班隊長收到了一個黃色標誌 而Melrose在壓力很大的轉折點後 給了他更多錢
但是家里的隊員回來了, 當Struan Hutchinson得到一個黃色牌子, 以與Climo無球對比,
Climo轉了身 就像Rowe從David Armstrong 區撿到球一樣 派人去搜尋第五個家庭目標
{\fn黑体\fs22\bord1\shad0\3aHBE\4aH00\fscx67\fscy66\2cHFFFFFF\3cH808080}Still Game星球的Stella Game {\fn黑体\fs22\bord1\shad0\3aHBE\4aH00\fscx67\fscy66\2cHFFFFFF\3cH808080}Still Game星寻找新事业
斯泰爾·蓋姆的明星福特·基蘭 在發現一家餐廳被任命為 餐館經理後,他決定搬去住處
56歲的演員把傑克·賈維斯在BBC大秀中扮演的角色 和他和Greg Henphill的長期搭檔一起寫和解
夫妻宣布下一部第九集 也会成为这部剧的最终决赛 {\cHFFFFFF}{\3cH2F2F2F}{\4cH000000}The couple has announced that the next 9th series will be the final 演出 {\cHFFFFFF}{\3cH2F2F2F}{\4cH000000}而Kiernan似乎在Craiglan的后有自己的生活 {\cHFFFFFF}{\3cH2F2F2F}{\4cH000000}and it seemed to have a life after Craiglan.
根據官方報告,他是Adriftmorn Limited的主任。
演員拒絕發表聲明,儘管Scottish Sun的消息來源 表明Kiernan想加入Glasgow的"回收商行"
"大海是我們的了" "玻利維亞沒有在海上漂浮" "我們希望法院能重新開張太平洋的路"
航海軍在拉巴斯巡邏 裝扮成拉巴斯的海軍總部
公共建筑展出一道蓝色的海洋旗子
從蒂奇卡湖到亞馬遜河的水底 裝飾著"大海是我們的權利"
奪回它就是責任"
在玻利维亚全境,没有海上漂泊, 失去海岸的回忆... ...而现在智利在对十九世纪资源的血腥冲突中... ...依然存在...
這些希望可能已經達到了十年的最高水平, 而玻利維亞等待國際司法法庭的審判,
玻利維亞有他的長篇大論 一種统一和安寧的精神 顯然等待著結果 證明了玻利维亚的外交官Roberto Calzadilla
許多玻利維亞人將監督國際司法法庭的判決 在全國各地大肆打擊我,希望阿族法院會支持玻利维亚的退學,
埃沃·莫拉萊斯,這位可愛的玻利維亞印第安總統 {\fnDidactic -Regular\fs15}Evo Morales, the beloving Indian president of Bolivia - 他在明年的選舉中 {\fnDidactic
"我們離我們回太平洋太近了" 他答應過八月底
但一些分析師認為 法庭不會為玻利維亞做出任何改變
· · · · · · · ·
國際司法法庭的判決在六個月後到來 表明本案“并不復雜”,他宣稱「扎拉特和平」是國際法律的智利專家。
而在玻利维亚,四年的积蓄可能拖慢了它。
"對海洋的准入問題是由現在的玻利維亞行政公司獨裁的",他說,扎拉特
莫里爾的美麗復健 破壞了智利的安居樂業
玻利維亞和智利將在一定程度上繼續進行談判,但在發生之后,很難繼續討論。
兩國從1962年起就沒交過大使了
前總統Eduardo Rodríguez Veltzé, 玻利維亞代表,
星期一,玻利維亞會「在智利的關係中擁有非凡的機會」,并有機會「結束139年互惠協議」,他解釋了。
Calzadilla也否认了He Morales是拉丁美洲最受欢迎的总统之一。 他正在把婚姻问题当作政治疏忽。
玻利维亚絕不會放棄其存取太平洋的權利,它已經添加了。
判決是看到我們需要克服過去的機會
朝鲜声称没有美国的信任 核威慑不会成功
北朝鲜外交部长里永浩说,如果他之前不能信任华盛顿的话 他的国家就不可能使核武器脱离核武器的束缚
他星期六和聯合國總理通話
他向美國求助,以信守在新加坡午宴上做出的承諾
美國國務卿Mike Pompeo在與北韓領袖Kim Jang Un會面後 開始進行外交談判
解釋說美國對朝鲜戰爭結束聲明的制裁和反對 將會讓北韓臣服於此。
華盛頓在宣佈這句聲明之前 不受平壤政府做出重大的驅逐行動的影響
金是美國總統唐納德·特朗普想要的
但對於平壤打算放棄一個 國家可能認為的唯一安全方法
{\fnSIMHEI\fs22\1cHFFFFFF\3cHFF8000}庞贝下个月计划去平壤 {\fnSIMHEI\fs22\1cHFFFFFF\3cHFF8000}筹备金和特朗普的第二集
巴黎时尚秀展示了最近最流行的套房 不久会出现在 附近的一家高档商店里
如果你們想要擴大收藏品 或是完全阻擋太陽光線 那就別去追
2019年春季收藏的 范倫泰諾和湯姆·布朗 揭發了巴黎時裝秀世界
帽子很少实际的 在Instagram上发了狂 而这些手工艺品也派了他们在走廊上很有活力的发明
瓦伦丁的首要作品是... ...一顶漂亮颜色的帽子...
其他部分都包括青蜂俠 巫師帽子 甚至是菠蘿 但他們沒有被設計來保暖你們的頭
湯姆·布朗也出現了 万圣節的奇葩化妝品
這些顏色面具的大多數人 都流著口水的嘴唇 而且更像漢尼拔·萊克特的表演
另一只看上去像是融化的冰激凌
如果你們再這樣大張旗鼓的話 你們就很幸運了
這種風格的觀察者們預知 巨大的羊群會到達你們面前
摘下帽子的人登上了"炸彈"的梯子上 帽子上戴著一英尺長的海龜帽 從裡安娜到Emily Raggokowski
這帽子后面的教條非常不切實際 社交媒體已經派了一個巨大的木筏 和穿西裝的模特一樣大的海灘包
2019年春季的拉里維埃拉(La Rivera)在帕斯·法希昂·威克(Paris Fashion Week)收藏中 結論是一項強烈的硬幣
著名的名人盧克·阿米蒂奇告訴FFFAIL 說:「我想這些大帽子和背包 明年夏天會到豪華的商店去,
John Edward:语言技能对于全球公民至关重要
蘇格蘭獨立學校保持著高級學歷,在2018年繼續,有另一項成功的考試, 包括個人和研究成果,在運動、藝術、音樂和其他收集努力中得到加强。
苏格兰全国超过30,000名学生,这些学校由独立学校的 Scottish Council of Independence Schools(SCIS)代表, 为学生及其家长提供最佳服务。
獨立的學校 企圖在接下來的高等教育、選擇的職位 以及全球公民的職位上 訓練學生
作為教育的一個方面,我們能夠發展和接受一個專門學習的計劃, 我們看到現代語言依然是流行和需求的物質。
尼爾森·曼德拉說 "如果你們用他懂的語言說話 信息就會傳到他的大腦裡去"
如果你用他媽媽的舌頭和他說話 信息就會傳到他的心上"
這是一種強大的警告,我們不能全靠英國人, 如果我們想建立信任,與其他國家的人建立信任。
根据今年的考试结果,我们可以看出,语言在毕业生的最高水平, 在独立学校里取得的成绩最高的百分比。
研究外語的學生中,68%的學者得到最高的選票
74所中學的數據顯示,72%的學生在中國贏得了最高票數,而72%的學者是德國人,69%是法國人,63%是西班牙人。
這證明了在蘇格蘭獨立的學校 在促進外語是對孩子們和年輕人的基本技能
目前,作为物质选择,语言在独立和其他地方的学校课程中,被看作是相同的(科学、技术、数学等科学),
2014年由联合王国就业和技能委员会进行的民調表明,由于无法填补工作岗位的原因,在17%的案例中,有17%的案例是缺乏语言技能。
正因為如此,利茲語的技能正變得越來越重要 以便讓年輕人們做好未來的戰術準備
随着更多的工作机会,需要语言知识, 这些技能在全球化的世界里至关重要。
不论你的前途如何 如果第二种语言获得了第二种语言 未来会有好处 有这种能力
和其他国家的人直接交流的能力 会自动引出多语言的人
75%的人口比2013年英国高出4 000个成年人的YouGov民意测验显示 75%的外语无法达到足够的水平
對於今天的孩子們來說 投資語言是非常重要的
你們的語言知識,尤其是那些 發展中经济体的知識 將為孩子們提供一個更好的工作機會
在蘇格蘭,每所學校都將不同語言
不同的學校將專注於最經典的語言, 而有些學校則會教導英國語言,
無論你兒子的興趣如何 在獨立的學校里 總是有不同的語言 可以選擇不同的語言
蘇格蘭獨立學校正努力提供一個教育環境, 供孩子們使用, 提供必要的技能來取得成功, 不管未來是什麼。
在世界贸易体系中,目前无法否认语言依然是国家未来的根本 而这必须被归咎于教育。
的确,现代的语言应该被看作是"国际通讯能力"
獨立的學校將繼續為蘇格蘭的年輕人提供這個選擇、多元化和優點
你必須這麼做 You have to do this.
John Edward是苏格兰独立学校的校长
勒布朗周日會在聖地牙哥與湖泊會合
等到LeBron James首次出入Los Angel Lakers 后期就要结束了
湖人教練Luke Walton宣佈James將在 星期天在聖地牙哥和丹佛·努格特比賽前 參加比賽
但他得保持多久才能打到最后
Walton在Lakers的官方網站上表示:
Lakers的記者Mike Trudell 在推特上說 詹姆士可能玩得很慢
學完這週末,詹姆斯被問到 他對六場湖人比賽前賽事有什麼打算
他說"在我的事業的這段時間里" "I don't need any friendship to prepare for this," 他說我不需要朋友黨" 他說 "I don't need friends for me," he said.
來自Trump的西維吉尼亞州集會,Youtube頻道
唐納德·特朗普總統從今晚開始 在西維吉尼亞的惠靈市
這是特朗普下周五場比賽的第一次集會 包括田納西和密西西比州等友好地點
特朗普會嘗試為接下來的中德特姆選舉建立支持 因為共和黨在11月選舉中失去國會控制的機會
崔普的開幕時間是幾點? 以及我們怎麼在網上追蹤他?
崔普在西弗吉尼亚州惠灵市的演出定于晚上7点开始 2018年9月29日星期六
可以追蹤Trump在西維吉尼亞州的行動, 通過Youtube上播放Livide。
特朗普很可能會提到最高法院法官 Brett Kavanaugh的這周候選人的聽證會 他們因性侵犯指控而變成了傳言
但本系列的首要目的是幫助共和黨人 他們需要面對11月的選舉 贏得一些推動力
因此,Trump总统的竞选声明,下星期这五次集会“志愿者和支持者在共和党人试图保护和扩大参议院和众议院的多数人”(见Routers),
'國會的控制對國會的計劃非常有決定性, 總統將在我們進入最忙碌的競選季時 旅行到尽可能多的國家,
惠靈林的威斯班科競技場計畫 今晚的活動 將從俄亥俄州和賓夕法尼亞州重新開始 吸引了西維吉尼亞市的媒體的掩護
週六是特朗普上個月 將會到西維吉尼亞州來兩次 他2016年贏了40個百分點
Trump想幫助西維吉尼亞共和黨參議院的候選人 Patrick Morrisey
"对于莫里西来说 总统应该来推他的民意调查" "Simon Haeder说,西弗吉尼亚大学的政客" "West Virginia University's Politicalist,"
Ryder 2018:美国的隊伍證明了為生存希望而奮鬥的勇氣
在3次獨特的會議後,周六下午的四分衛 可能就是這個雷德·庫普需要的
搖晃的摩托車 是一個完全的體育概念 游戲家相信
那摩托車現在在哪?
"他們有6分的優勢 現在有4分了 我想說我們還在保留一些摩托車" "Jordan Spieth說"
歐洲已經佔領了4個百分點,而另外12個點。
美國人聽到斯皮亞斯所言風吹來了 他們非常希望 畢竟斯皮斯和賈斯汀·托馬斯的風格
斯皮普斯被大草坪的茶泡到烤箱里了 而且正在舉例說呢
慶祝聲響起的聲響比比賽還激烈 他和托馬斯在比賽之後兩點以下
他那把15洞那招打赢他们的小崽子 被这样大吵了一架 他觉得美国队还没出局
"你真的該擔心你的比賽" "Spieth" says "Spith.
這就是所有這些玩家現在能做的了
18個洞才算得清
這兩天裡 唯一有史匹特點的玩家是Francesco Molinari 和Tommy Fleetwood 這是Ryder Cup的未認同版本
奇怪的是 可愛的歐洲一對夫婦 四成四,她無能為力
"Moliwood"是周六下午唯一不放一個瘋人院的人 但他們還是在周六早上 星期五下午 和第九個洞
這種道路,以及他們的能量似乎流淌在人群中,使人們更加確定他們是週日打戰的玩家, 也沒有比Fleetwood或Molinari更受歡迎的玩家來參加歐洲的勝利賽, 而太陽已經落到了國家灣。
兩個都喜歡不同的洞
然而,歐洲的光榮言論仍然很早。
Bubba Watson和 Webb Simpson 早些時候 和Alex Noren拍拖時 和Sergio Garcia 搭乘早班機的英雄Sergio Garcia
一兩個瘋子在九個洞裡被一個瘋子和兩個瘋子... 壓扁了西班牙語... ...然後把他塞進一個洞裡
然而,周日 沒人能幫你走出你的洞
烤肉和烤肉非常吸引人 因為有夫妻之間的交流 忠告
歐羅巴的球技比我們隊的球技好 而且在最後一天獲得了重要的優勢 但這次戲劇大賽證明了美國隊有勇氣作戰
欧洲有10 -6的优势 在Ryder Cup的末日
在Ryder Cup的最後一天,歐洲會取得有力的優勢... ...
Tommy Fleetwood和Francesco Molinari 共同創始的一對夫婦 在Tiger Woods 不幸中贏得了兩場勝利
托馬斯·比約恩的歐洲隊 試圖保住兩年前在黑茲爾汀的戰利品
美利堅合眾國勝出兩場比賽,但卻無法挽回缺點
吉姆·弗瑞克的隊伍需要 在12個週日的獨奏比賽中8分 才能保住獎杯
弗萊特伍德是第一個贏得四排冠軍的歐洲領袖 而他和莫利納利在一個美妙的週末後 被稱作莫利伍德(Mollinari)是第二個在雷德·庫普歷史中四分之四的對象
在你們把伍茲和派屈克·里德擊倒後 他們用超凡的力氣 打垮了一個被擊落的 Woods 和一位美國領袖Bryson Dachmamau
伍茲在周六參加了兩場比賽 他偶爾會表現出有才華的一面 但他失去了29場比賽中的19場比賽
賈斯汀·羅斯,在早上的球賽上休息 他回到了Henrik Sterson的搭檔的身邊... ...打贏了2&1Dustin Johnson和Brooks Koepka - 世界第一和第三名
欧洲尚未取得全部希望的结果 巴黎西南部的风息和风息
賈斯汀·斯皮亞斯和賈斯汀·湯瑪斯三倍的贏家
他們贏得了Jon Rahm和Ian Poulter的2級冠軍 然後又回到了Poulter 和 Rory McIlroy 4&3的比賽中
只有2次在Ryder Cup的歷史中 有一支隊伍從4點的跳傘中回來 雖然作為斗士 但Furyk的隊伍只需要一個立足點來保護戰利品
過了兩天最精彩的幾秒鐘 但今天的周日反擊似乎已經不在他們身邊了
朝鲜完全拒绝接受单方面的无信任的驱逐出境
朝鲜外交部长星期六向联合国宣布 国家制裁在美国没有得到任何信任, 在这种情况下,他将完全拒绝单方面放弃自己的核武器。
Ri Yong Ho在世界性机构大会上宣布,去年,朝鲜采取了“重大的善意措施”,例如,核和导弹试验停止,拆除核试验网站,并承诺不扩散核武器和核技术。
"但我們沒有看到任何符合美國要求的回應",他說。
"沒有對美國的信任 我們國家的安全是毫無保障的" "在這種情況下 我們完全拒絕单方面解除武器"
他的聲明是重要的,因為他沒有完全拒絕從平壤取得的单方面核化。
他提到金正恩和唐纳德·特朗普在6月12日在新加坡执政的一名北韓總統與一位領袖的第一次會議上 發表的一致聲明,當金正恩在南韓半島的重新安排工作時,他承諾要保證北韓安全。
朝鲜于1950-53年寻求一项正式的朝鲜战争协议,但美国声称,平壤必须先放弃核武器。
華盛頓也反對向北韓宣判的國際制裁制度的上诉
"美利堅合眾國堅稱需要「首先要核化」 以及加強制裁的壓力,以達到其目的,甚至抵制「戰爭結束宣言」。
制裁可以放倒我們的想法是... ...那些不了解我們的人的幻覺
但问题是 制裁的继续在增加我们的不信任。"
Rih沒有提到Kim和Trump的第二次會面安排 美國領袖在一周之內向联合国宣布的
另一方面,部长在过去5个月里 和南韓領袖Moon Jae-in 举行了三次會議,并补充说:"如果這個核化問題的反面是南韓,而不是美國,那韓國半島的核化就不是至死不渝的。"
但不管如何,Ri的演講的語氣跟去年在聯合國大會上宣佈的聯合國大會的演說不一樣 當他承認不可避免地用北韓的飛彈攻擊美國領土時
去年他威脅說要摧毀北韓的「毀滅」 推翻了Kim的讚美,鼓勵他勇敢地踏上沙漠之途,但他宣稱要繼續下去,制裁將繼續下去,直到北韓的核化為止。
"如果需要兩年、三年或五年,那不重要"
電影院和俄羅斯宣稱,聯合國安全委員會應獎勵平壤的行動
然而,美國國務卿邁克·龐佩奧 周四向聯合國安全議會宣布: 「對安全議會制裁的尊重必須繼續下去,直到完全、最後和肯定的核化為止」
国家安全委员会于2006年一致支持北韓的制裁措施,以制止核方案和弹道导弹的资助。
龐貝在聯合大會的邊緣與里奧會面 他說下個月他會再見到平壤 準備另一週的會面
{\fnSIMHEI\fs22\1cHFFFFFF\3cHFF8000}但最后一趟旅途不太順利
他于七月从平壤出发 声称他们已经进步了 但在北韓的幾個小時後 他被指控
朝鲜本月与穆恩会面时 忙于炸掉一个导弹网站 以及一个核复杂点 如果美国收养了"整容"
特朗普在新加坡工作 以及与华盛顿关系正常化的行动
哈佛的學生們都喜歡 如何安然入睡的課程
今年哈佛大學新學期 促使所有學生都睡著了 努力對抗日益增长的 維生文化
研究生指出,世界上第一所大学的学生往往不知道 如何照顾自己
Charles Czeisler, 哈佛医学院的睡眠医学教授, 在Brigham和Women医院的 医学院里,他开发了这个课程, 认为他是美国第一名学生。
你想到在一次讲座后开始上课 讲述睡眠不足对学习的影响
"最後,有個女孩來找我說 "為什麼現在,當我是高三?"
他說沒人跟她說過睡眠的重要性 這讓我很驚訝" 他向The Telegraph發表了聲明
今年首次举办的课程,向学生解释 如何与睡眠有关的良好习惯 可以帮助学习和体育的成就,但不能改善总体福祉。
Paul Barreira, 哈佛醫學學校的心理醫生教授, 以及大學的醫療總理, 宣稱,在得知學生在一周內睡眠不足後,大學決定入學。
一小時之內 計劃著一系列相互作用的活動
一部份是宿舍的照片 学生可以在那里挑些咖啡、帐篷、鞋、健身鞋 和书籍 来了解咖啡因和光子的影响 以及如何影响体育用品
在另一章中,与会者被解释为什么长期睡眠不足 可以增加心脏病发作、脑震荡、抑郁和癌症的风险
學校的地圖,有互動的圖示, 鼓勵參加者思考自己的日常生活。
"我們知道這不會改變學生的行為"
但是我們認為他們有權知道 對於抽煙的健康有怎樣的影響 就像Czeisler教授一樣
自豪的文化与“白夜学习”相连,他还说,现代科技和学生的压力越来越大, 使得睡眠不足成为不断增长的问题。
睡眠充足,睡眠充足,睡眠质量充足 学生的"秘密武器"应该成为 对抗压力、住房、焦虑、 解释和解释
Raymond So, 19歲的加州學生Czeisler教授在去年哈佛第一年上課後 幫過Czeisler教授發行了課程
他解釋說班上開了眼睛 鼓勵他鼓勵了整個校園的一個課程
接下來的步骤是,我們希望... 我們要求所有畢業生...
教授Czeisler建議學生在他們需要睡覺時, 找個警醒, 超過每晚睡覺時,
Livingston 1 -0 Rangers: 格勒德的人被打得落花流水
游騎兵們又用Dolly Mam的球棒 遭遇了家外的抑鬱攻擊 他把Steven Gerard的激進隊推到利文斯頓
伊布羅克斯隊在尋找2月4日至1日在聖約翰斯通贏得大賽中 第一次勝利的目標 但Gary Holt的隊在18場格瑞爾德的比賽中 擊中了Gerard的第二次比賽
他的行刑前7分鐘做了記號 而游騎兵的訓練似乎完全搞不定
當Ranger從第六個位置下來時 Livingston從第三排跳下來 而只落到Hibernian的后方
漫游者可能遇到更多问题... ...在卡伦・斯朋斯警卫被 头部受了伤...
Gerard把隊伍換了八個 她迅速地超越了Ayr 在Bettfred Cup的半决賽中
另一方面,霍爾特,他選擇了過去一周中把Hearts一點打碎的成形形式... ...他將以他精心策劃的團隊
游騎兵可能以球為主 但Livingston更善於利用球
他們可以在兩分鐘之內就記下... ...當帕瑪的過道... ...當他把史考特·皮特曼送到艾倫·麥格雷戈的門前...
在基格漢·雅各布斯的深海懲罰下 發現了克雷格·霍克特上尉 但是他的辯護夥伴艾倫·利斯哥沃
游騎兵佔領了控制權 但似乎有比他們在娛樂場里 更有希望了
艾佛雷多·莫雷洛斯肯定覺得... ...你應該看看... ...在和史蒂芬·勞萊斯的交戰之後... ...
漫游者在第一时间只投了两枪 但Ibrox Liam Kelly的前门门卫 并不为Lassana Coulibaly和Ovie Ejaria的枪击案 感到担忧
雖然李文斯頓在34分鐘內的開放點可能未經預料到, 但沒有人可以否認他只是為了他的承諾而應得的。
游騎兵現在無法控制Jacobs的內心深處
斯考特·阿菲爾德沒反應 當德克蘭·加拉格勒把球打進史考特·羅賓遜時 他卻很冷靜地選擇嘲笑他
Gerard在取代Coulibaly和Ryan Kent的会面中 作了一些动作 改变了主意 几乎立刻发生了变化
但Livingston一直拖著游客 和Lithgow和Halkett一起玩耍
霍爾特的團隊也許在最後一關 增加了距離 但麥格雷戈反對阻止雅各布斯
游騎兵格倫·米德頓的接班人 在與雅各布斯交接後 提出了最後的歡樂申請 但湯姆森又拒絕了
阿爾曼科: 聯繫人蓋格的發明
而今後,我們週末的《Sunday Morning》頁面是1882年9月30日,136年之前的《CONTEGIO》仍在繼續... ...
Geiger开发了一种方法来探测和测量辐射性 一种发明 使这个设备成为 Geiger的连线器
從那以後,聯繫人蓋格就成為流行文化的支柱 當1950年電影《科羅納多之寶》被這些低信譽的科學家 羅伊·羅傑斯和戴爾·埃文斯所描繪時
"那是什么鬼东西?"
羅傑斯:"他是蓋格的聯繫人,用來辨認放射性礦物,如铀。
當您用這些耳麥時... ...你真的可以感受到... ...來自放射性原子在礦物中釋放的效果。"
埃文斯說 "快說 馬上就要爆炸了"
"Hans" Geiger在1945年去世,自从63岁起
但你的名字的發明仍然存在
新型癌症疫苗可以教導免疫系統
新型癌症疫苗可以教導免疫系統
疫苗教免疫系统如何分辨 邪恶细胞是治疗的一部分
方法是提取病人免疫细胞 以及实验室的变化
所以他們可以"看見"一個共同的蛋白質 比如腫瘤
實驗性疫苗的試驗 導致了多種癌症患者的健康率
一個用疫苗治療的女性 她教過免疫系統 如何辨認細胞 她發現卵巢癌已經超過18個月了
這種方法包括從病人的免疫細胞中提取出來 以及實驗室的變化 這樣他們就能看見 一種共同的蛋白質 種 叫做HER2
來自國家癌症研究所的Jay Berzofsky教授 在馬里蘭的Bethesda表示:
HER2蛋白質蛋白質"刺激了各種腫瘤的生長" 包括胸部、卵巢、肺、肺和肺結核 教授解釋了 Berzofsky教授
這種程序可以從病人的免疫細胞中提取 來教他們如何擊中腫瘤細胞 在一種白血病治療中起作用
Kanye West在Pro-Trum的直音中 穿著MAG(Make America's Great Again)的帽子
情况不妙啊 It wasn't good.
Kanye West在Urdary Night Live的一席曲中被选为研究院 在一次不懈的成就之后
你唱完她第三首歌之后 叫做Ghosttown的第三首歌 名叫Ghost Town
"我跟白人說話,他們說 "你喜歡Trump,他是種族歧視的!"
如果我擔心種族歧視 我早該離開美國了 他已經解釋過了
民族解放党在一场戏中发起了一场戏,主角是Matt Damon, 好莱坞明星Brett Kavanaugh在参议院司法委员会 背弃了对Christine Blasey Ford 提出的性暴力行为指控的证词。
就算沒有傳播 西部的菲律賓的錄音也來自于 漫畫克里斯·洛克的社交媒體上
洛克究竟是不是在利用西方的出版來迷惑西方人?
況且,West因為他的合夥人 在後台待了很辛苦
"他們把我擠進後備箱了"
他們說不要戴那頂帽子出來
他們把我逼瘋了!
據華盛頓審查局稱我是個外科醫生
威斯特一直說 "你們想看看那地方嗎?" 他說 "我會穿超人的斗篷 因為這意味著你們不能告訴我該做什麼"
感受一下愛吧"
他的評論至少有兩次引起了公眾的注意 他的國民防安全局的成員覺得很丟臉 他跟一個告訴記者的人說:"他的書房被封閉了致命的沉默"
威斯特被邀請做為Ariana Big歌手的最後一分鐘的替身 他前男友Raper Mac Miller去世几天了
West使很多人失望了 唱I Love it's from a perrier bottle of perrier. 他穿的是佩里尔酒
West收到了TPUSA保守集团主席Candace Turner的支持, 他说:"致最勇敢的幽灵之一"
但演出的主持人Karen Hunter 在推特上說West是"它是什么 而這實在是太美妙了"
"但我選擇了不給任何人獎勵 (買下他的音樂或者衣服或者支持他的藝術品) "我認為他正在擁抱一個令人厭惡的 噁心的ideology"
你自由了
"所以,我們就是,"他加了。"
在演出前,唱饶舌的人在Twitter上宣布他改了名字 说自己是"以前被记作Kanye West的人"
這可不是第一個改變他名字的藝術家 他跟著Diddy的步驟走 還有PuffDaddy、Puffy和PPDDDdy
饒舌歌手Snoop Dogg自稱Snoop Lion 以及王子失蹤的傳奇人物 他把他的名字改成了一個象徵
在贝尔法斯特的一家餐馆里被捅了一刀
一名45岁的男子在贝尔法斯特一家餐厅被捅死后 被指控犯有谋杀未遂罪
事件发生在Ballyhack Amor警局的
被告周一到贝尔法斯特市
控告會由地方檢察官辦公室重新審查
斯派德·基特·哈林頓的戰利品明星 攻擊有毒的雄性
Kit Harington被任命為Jon Snow的斗士, 在暴力的中世纪巨魔表演中
31歲的演員攻擊了大男子漢的立場,說這些屏幕的地面 經常讓男孩們相信 他們需要堅強才能被尊重。
在《SundayTimes Culture》的訪問中, Kit宣稱「某些問題有錯」,
基特最近和31歲的雷管合夥人結了婚 他已經承認自己很關心這個問題了
"我本人非常擔心... ...我們對男性的錯誤是什麼?"
'當他們從小到大,我們教他們什麼? '
Kit认为电视可能由于其非常雄心勃勃的人物 而对增加有毒的人群负有部分责任
他不停的說:"他生了什麼,還要教什麼?"
電視上和街上都教什麼? 讓他們認為自己應該成為男人?
我想這就是我們時間的巨大困境之一 我們如何才能改變這一切?
因為這顯然對年輕人有些不對勁
在訪問中,他也承認,他不會在下一次的夏季結束後 解釋任何獎品或特權金幣, 宣稱「戰營和馬匹營地結束」
從11月起,Kit將演講Sam Shepard西部真實生活的首要角色, 一部電影製作人和他哥哥的故事,他是個搶劫犯。
{\fnMicrosoft YaHei\fs21\bord1\shad1\2cH111211\b0}最近一位演員表示她覺得 {\fnMicrosoft YaHei\fs14\bord1\shad1\2cH111211\b0}她和妻子羅斯的會面 {\fnMicrosoft YaHei\fs14\bord1\shad1\2cH111211\b0}It's the last seen that she thinks she's meeting with his wife Rose {\fnMicrosoft YaHei\fs21\bord1\shad1\2cH111211\b0}是和斯派德
"我在這部劇中遇到我妻子 所以她給了我未來的家庭 還有我的人生" "I met my wife in this series, so she gave me my future family, and my life 從今往后 她解釋了一切" and from now on, she explained it.
羅斯扮演了耶哥蕊特 瓊恩·雪諾的愛人 姬特的角色
夫妻于2018年6月在苏格兰Leslie家庄园结婚
HIV/AIDs:中国报告说新病例增加了14%
中国宣布艾滋病毒和艾滋病患者人数增加了14%
超過820,000人受到這些病理的影響 據醫療局消息來源所說
2018年第二季度,有近4万起新案件
新案件的大部分都是性传播造成的 表明了以往的改变
在中國一些地區,HIV過去是傳染成血的結果。
但因此在云南省的一次會議上 中國衛生署宣佈的人口數 將幾乎降到零
一年又一年 中国的HIV和Aids感染者人数增加了10万人
艾滋病毒的性传播是中国LGBT社区的紧急问题
1997年,中国的同性戀被除去,但对LGBT人的歧视仍然在蔓延。
因為國家的傳統價值觀,有些研究認為70-90%的男人 最终與男人發生性關係
在這些關係中的性關係中,許多疾病的傳播都是受到不适当的保護的。
2003年,中国政府承诺普及抗IV藥物,以此作为解决这一问题的投入。
Maxine Waters否認一名員工 篡改了GOP參議員的資料 說了「危險的陰謀」和「陰謀論」
這位美國議員在星期六向一名員工提出指控 說要公布三位美國共和黨議員的個人資訊
洛杉磯的民主議員說,宣佈是由「超權威」的觀點與網站所鼓勵的。
"Bugie 谎言 欺骗"Waters在Twitter上声称Waters是清白的
相關資訊將包括南卡羅來納州議員Lindsey Graham 和 Mike Lee和Orrin Hatch的住址和電話號碼,均來自猶他州
星期四,新闻发布,由国会匿名发布,在听证会上举行关于对最高法院候选人 Brett Kavanaugh的性暴力行为指控的专家委员会
三位參議員問了卡瓦諾後,消息就發生了
保守网站Gateway Pundit和RedState指出 信息源的IP地址 与Waters的办公室有关联
"這指控是完全虛假的 完全是謊言" "It's this false charge is completely fake and a lie." 他繼續說Waters
"我的員工 身份、个人信息和安全 都因這些虛偽的指控而受到威脅 "Is my staff, whoever, personal information and security have been jeopardyed by these false occuptions, 沒有任何責任泄露這些資訊。
"這指控是完全虛假的" "是謊言"
沃特斯的贊助迅速引起了白宮前媒體秘書Ari Fleischer的線上批評
"這句話是憤怒的",他寫了"Fleischer"
這表示他沒有個性可以成為國會議員
當有人被指控做任何他沒有做的事時 你不該生氣
沒必要太挑剔的
你不該質疑被告人的理由
"你必須保持冷靜,保持冷靜"
Fleischer似乎對Waters對Kavanaugh法官的批評表示不滿 法官在星期四的聽證會上受到強暴指控
Omar Navarro,一名共和党候选人,在中途投票中废除Waters,
"万事大吉确定" Tweetly confirmed,"
沃特斯在她的聲明中說 她辦公室警告說 "執政權和執法權"
"我們要讓責任者被揭露" 他繼續說 "他們必須為我所有的員工 負責所有危險和有害的行為"
強尼·英格利什的重修工作仍然受到打擊 間諜和Rowan Atkinson的壓迫
現在,他已經開始在每部新的電影中搜尋Brexit, 并用英國語演奏, 這似乎符合于2003年開始的強尼英格利什(Johnny English) 演講會的重演, 并於2011年與Johnny English一起重生。
關于我們這次的爛攤子的自言自語 是國家出口的新的機會嗎?
不管如何,無能為力的強尼英格利什 在橡膠臉和眼睛外面 獲得了第二次搞砸事情的許可 他的名聲比非英格蘭影星國家的 演員們想像的還要多
顯然是那個愚蠢的秘密特工 雖然他有古怪的格羅索的意圖 有點克魯索 一點比安先生的觸碰 還有一點他對2012年倫敦奧運會開幕儀式的Gloria
這個角色最初是關於旅行者和神秘的國際神秘人物的... 阿特金森曾在巴克利卡德的電視廣告中演講過
在约翰尼·英格利什的最后一站 有那么一两段美好时光
我喜歡強尼·英格利什 穿著中型盔甲 穿著直升飛機 輕而易舉就能抵擋他的頭盔
阿特金森提供物理作品的天赋是显而易见的,但是幽默似乎在次元以下,非常多的多余,特别是现在,在电影中,有像007这样的“原子弹”标注, 使命无法提供喜剧作为原料。
幽默感似乎是针对孩子的 不像大人那样 对我来说 Johnny English的疯狂冒险 并不是原创的 和Atkinson在扮演Bean先生时的哑巴电影一样
現在不可逆的現象就是大不列顛有危險
黑客黑客潜入了英国间谍超级网络 揭露了所有英国特工的身份
Emma Thompson在演戲中做得非常好 但在劇本上也没什么可說的了
你的情報咨詢員通知你 每個行動的間諜都被破壞了 而且她必須召回已經退休的人
這意味著強尼·英格利什先生現在在高級機構工作 卻在辦公室教書 如何當上Undercover探員
英格力被惠特霍爾錄製為緊急應急報告 和他前任受難的搭檔鮑格重演 本·米勒
鮑夫已經結婚了 和一艘潛艇指揮官結了婚 她是個偉大的社會女孩 維琪·佩珀汀
{\fn黑体\fs22\bord1\shad0\3aHBE\4aH00\fscx67\fscy66\2cHFFFFFF\3cH808080}所以在陛下的特勤局里 {\fn黑体\fs22\bord1\shad0\3aHBE\4aH00\fscx67\fscy66\2cHFFFFFF\3cH808080}那蝙蝠侠和Robin {\fn黑体\fs22\bord1\shad0\3aHBE\4aH00\fscx67\fscy66\2cHFFFFFF\3cH808080}又开始行动了 {\fn黑体\fs22\bord1\shad0\3aHBE\4aH00\fscx67\fscy66\2cHFFFFFF\3cH808080}去见 Ophelia Bulloteva的漂亮妻子Olga Kuryenko
與此同時,首相正危險地在 數以億計的科技網上墜落, 認為自己可以解決英國的電腦問題:
英格利什和鮑夫開始瘋狂的冒險:裝扮成侍者,在法式餐廳放火; 秘密地闖入華爾街和英格利什的遊艇
所有的戏都是最后一排的 但不管有多挑剔多挑剔 故事里都有很多儿童电视剧
一切都太謙虛了
我和约翰尼·英格利什的其他电影是怎么一起的呢? 我忍不住想,英国电影业不能为Rowan Atkinson提供一个 公正的职位?
勞工黨拒絕制定一個計劃,讓英國人每周工作四天,但要付五天的薪水
杰里米·科比恩的投保党正在考虑一项激進的計劃, 讓英國公民每周工作四天,因為他們付了五塊錢。
政党希望主要公司通过人工智能革命向工人提供额外的休息日 获得的储蓄。
這樣一來,員工可以享受三天的週末 付同樣的錢
一些消息人士指出,这一想法与党的经济计划相符合, 并计划将这个国家推向工人。
4天的旅程被国会推翻了 作为工人 從經濟進化中獲益的方式
一名在《日托報》上登記了「今年末」 「預言要宣佈一份政治改革」
"一天到晚它都无法实现,但四天工作一周是 与政党对工人经济平衡的热烈的热烈鼓舞,除了其工业战略相辅相成的外。"
綠黨在2017年大選中承諾要工作四天
不管怎麼說,在拉博黨的一致支持下 這種渴望是無法得到的
一名拉博爾特黨代表發言說:"4天的工作一周不屬於黨政治線,而目前沒有討論。"
影印者約翰·麥唐納爾(John McDonnell) 利用了上周的工商會會議 特別是他們對經濟革命的視角
McDonnell先生声称自己决心要重新掌握 公共服务企业中的“无面者”和“窥探者”的力量
影子市长的计划也意味着... ...目前供水公司股东... ...可能无法从他们所有的股本中收回... ...
他還確認了將員工列入公司管理建議中,建立包容各方的基金,以便將10%的 私人企业净產產權轉給工人,最终將每年的分紅分成500英鎊。
林賽·格雷厄姆和約翰·肯尼迪在"60分鐘"上說 如果聯調局對卡瓦諾的調查 可以改變他們的想法
聯邦調查局在起訴Brett Kavanaugh法官案中 撤回了對最高法院的提名的最后投票,至少要一周, 以及是否發現政府機構的發現 會影響到共和黨議員的支持。
在下周的一個采訪中, 記者 "60分鐘" Scott Pelly向共和黨參議員John Kennedy和Lindsey Graham問了...
Kennedy比南卡罗來納州的同事更開放
"我想說 當然" "Kennedy說"
"我在聽證會上和卡瓦諾法官談過了"
我打了他电话 指控发生后 说是你做的吗? I called him after it happened, that was the charge, I said, did it?
它被解脫了 堅定 堅不可摧
Graham的投票似乎是落到岩石上
"我對Brett Kavanaugh有明确的觀點"
"福特博士,我不知道发生了什么事,但是... Brett强烈地否认了" "Graham补充了Graham,他向Christine Blasey Ford报告了
"而她所指派的任何人 都無法證明這一點"
都36年了 It's been 36 years.
我看不到任何新的变化。"
全球公民节是干什么的? 他做了些什么来减轻贫困?
這週六,紐約將主办全球公民基金會 年度音樂會,展覽於一位出色的明星表演
在第七版之后,全球公民基金會會看到數以萬計的人在中央公園大陸上倒退 不只是為了享受Janet Jackson、Cardi B和Shawn Mendes等的表演
全球公民節(Global Citizen Festival)于2012年成立,它是全球人口项目(Global Poverty Project)的一個擴展,一組國際支持者,希望藉由更多人來消除贫困,
如果想收到公告的免费票(除非他愿意支付VIP票), 演唱會的觀眾不得不完成一系列的作業,或者是「行動」,例如志愿行動,電子郵件發送給全球領袖,或任何其他重要方式,
但是,確切地說, 全球公民節取得的成就... ...現在只有12年了... ...才能達到預定的目的?
免費音樂會的獎勵 真的是說服人們要求行動嗎 還是只是一個典型的"微博"的榜樣?
自2011年起,全球公民协会称,它记录了超过1 900万的“支持者”行动,
宣稱這些行動激發了全球領袖宣佈有37億美元的行動和政策 影響到2030年超過225億人的生命
在2018年初,该集团引用了390项任务并宣布了他们的行动, 其中至少有10亿美元的基金已经或已破产了。
據估測到截至目前已保護的資產基金 已經為全世界6.49亿人 進行了一次直接的襲擊
某些关键因素包括:《营养保育权》 , 一家位于英国的投资伙伴和执行者联盟, 致力于“帮助儿童成长最大潜力” , 承诺向卢旺达提供3500万美元,以帮助消除国内营养不良现象,
"在英國政府的支持下,捐贈者、國家政府以及全球公民投票者和你們一樣, 我們就可以讓社會不公正或营养不良 成為歷史的一大注點" "在2018年普選的倫敦市的直播音樂會上,他向各大眾說""" "Power of International Tracey Ullman's depositation " has said "Power of TraceyUllman at a live concert to London at the 2018 Application."
這個團體還宣稱,在他們舉辦了超過五千份舉辦活動後,因其改善了母婴的營養,政府宣布將擴充一個項目的資助基金,即"營養之寶"將有500萬名婦女和兒童參加營養活動。
對於一個在自己的網站上出現的 FAQ, 他問:"你憑什麼認為我們能 終結其極度的貧窮?"
Global Citizen答道:"這將是漫長而艱難的途徑,我們將失敗。
但是,就像我們之前的公民權和反派行動一樣 我們能做到,因為我們在一起更強大
Janet Jackson, Weekend, Shawn Mendes, Cardi B, Janeelle Monae是今年在纽约的演出中 由Debore-Lee Furness 和 Hugh Jackman 主持的几位演出者。
美国可以利用海军来控制“一个障碍”并阻止俄罗斯的能源出口 - 国务卿
华盛顿可以“必要时”拒绝自己的海军 以阻止俄罗斯能源来源在市场上获得,包括中东的能源, 揭露美国内政部长Ryan Zinke,
Zinke表示,俄罗斯在叙利亚的参与 — — 特别是叙利亚的参与 — — 其运作方式是合法政府邀请的 -- -- 是探索新能源市场的借口。
"我相信,在中东,他们之所以存在的原因 是因为他们想谈判能源, 就像他们在东欧所做的那样, 南部欧洲的河流域一样。"
而且根据公务员的说法 And, according to officers, 你们面对的是各种各样的策略和手段 you're a lot of ways and models to face each other.
「美國有了機會,由海軍來決定航道是否還開著,如果必要的話, 設法要封鎖船體,
Zinke在Consumer Energy联盟的主办下 與會商們交涉 一家非營利組織 自我定義了美國的“能源供應商」
他和俄国和伊朗的谈判一致 并注明了华盛顿的策略
“伊朗和俄罗斯的经济选择是 提供金融和替代燃料的选择”,他说,将俄罗斯视为“微小的流向”,
宣言已经完成,因为特朗普政府参与了一项任务,可以将国内液态气体出口到欧洲, 并取代俄罗斯,
特朗普的董事長,包括美國總統唐納德·特朗普 試著說服德國從北斯特雷姆2號 抽取"不合適的"氣體"計劃
莫斯科比北斯崔姆2號 耗費了11億美元 考慮把原住民的潛能增至110億立方米
克里姆林宮反對這個項目的反對者 恰恰是經濟原因,而且是公平競爭的例子
"我相信,我们同意能源不能成为施加压力的工具,消费者应该有机会选择供應商” "俄罗斯能源部部长阿列克山德勒·诺瓦克在9月与美国能源部部长瑞克·佩里在莫斯科举行了一次会议之后,他宣布了
美國的立場激發了德國的負面反應,
德國主要的工業組織、特德斯奇工業聯盟(BDI)要求美國不要涉足欧洲联盟能源政策,以及柏林和莫斯科的双边協議。
"我看到第三個州干涉了我們的能源供應" "Tedesche德工業聯盟(BDI)首領的迪特爾·肯普夫在最近和蘇格蘭總統弗拉基米爾·普京的會面上宣布" "I see a big problem that a third State disposed to our Energy Prompf"" was declared Dieter Kempf,
Elizabeth Warren會接受2020年總統候選人 麻省理工會議員說
* Saturday Massachusetts senator Elizabeth Warren 宣布,她将在“认真考虑”中接受总统的提名,
在馬薩诸塞州霍利奧克市的集會上 Warren證實了自己有機會參選
「女人們去華盛頓時,把政府擺平」 「這意味著有一位女士站出來,她說「希爾」
11月6日,我會認真考慮參選總統。"
在沃倫市長的會議上,他對唐納德·特朗普總統說, 「他把國家帶錯地方了」
"我深為擔心唐納德·特朗普對我們民主的所作所為" "I'm deeply concerned for what Donald Trump's doing to our Democracy."
沃倫在批評特朗普和布萊特·卡瓦諾時 受到熱烈歡迎 被任命為最高法院
星期五Warren在Twitter上說:"在投票前需要FBI的調查"
星期四公布的民意民意調查顯示 沃倫的投票人中 大部分都認為他應該在2020年參選
在Massachusetts的投票中,58%的投票者表示,根据Sufolk大学政策研究中心/Boston Globe的民意调查,参议员不应该参加投票。
32%的人支持了这项提名
前德瓦尔·帕特里克州长的支持率增加 38%支持潜在候選人和48%
包括前副總統喬·比登 以及佛蒙特·伯尼·桑德斯的參議員
比登宣布他将于1月正式做出決定 就像從Asociated Presions回來一樣
莎拉·佩林提到 唐纳德·特朗普(Donald Trump)集會前哨Palin的创伤後壓力障礙
26歲的崔克·佩林 在9月入伍後在伊拉克服役一年
他星期一晚上因家庭暴力案被捕并被起诉
"我兒子經歷過的 我回來之後的經歷" "我就可以將他與在俄克拉荷馬州圖爾薩的唐納德·特朗普(Donald Trump) 帶來的创伤後患和一些傷亡的其它家庭聯繫" "and the other families who's exposed to the trouble of our soldiers, in Oklahoma'sa.
帕林稱他被捕「在房間裡大象」,他說,他的兒子和其他退伍軍人... ..."他們回來的時候,他們有點不尋常, 懷疑他們是否尊重... ...他們士兵和飛行員,以及其他所有軍人...
他星期一在阿拉斯加Wasilla被捕,并被指控针对一名妇女施暴和家庭暴力。 据Wasilla警察局的一位发言人Dan Bennett称,这涉及家庭暴力和持枪持枪的报道。
18歲 哥倫比亞州和地區都支持新避難政策的挑戰
十八個州和哥倫比亞地區都宣稱合法的戰爭 反對美國新政策 否認從黑幫或家庭暴力中逃離的受害人的庇护所
18個州代表和星期五哥倫比亞分局的代表 在華盛頓舉辦了一項神秘的友誼紀念會 以支持一個應答政治性的避難所,如NBC News所傳來的消息。
被告的全名Grace v. sessions, 公民自由聯盟于8月提出反對聯邦政策的全名尚未公布。
你說你的搭檔 "和他的強暴的幫派成員" 虐待你 但美國官員在7月20日拒絕了他的護照要求
她被關在德克薩斯州
支持Grace的检察官们描述了萨尔瓦多、洪都拉斯和危地马拉, 这些人在美国制造了大量的庇护申请人,
美國的新避難政策推翻了2014年移民基金基金會做出的決定 同意向缺乏家庭暴力文件的移民提出庇护申请
星期五 哥伦比亚区总检察长卡尔·拉辛宣布 新政策是"联邦、国际法律十年"
\fn微软雅黑\fs18\b1\bord1\shad1\3cH2F2F2F}《聯邦法》 要求所有避難要求均以原告的特殊情況和情況來判斷 {\fn方正黑体_GBK\fs18\b1\bord1\shad1\3cH2F2F2F}《联邦法律》 要求一切避難申請書 {\fn方正黑體簡體\fs18\b1\bord1\shad1\3cH2F2F2F2F}《联邦法律》 要求依附同而定 {\fn方正黑体简体\fs18\b1\bord1\shad1\3cH2F2F2F2F2F}《联邦法律》 \fs18\b1\bord1\shad1\3cH2F2F2F2F2F2F}...
在記憶裡,檢察官們也反對 違反移民入口的政策 破壞了美國的經濟
6月,總檢察官杰夫·席斯福斯命令法官移民局 不再向遭暴行和暴行虐待的受害人提供庇护
“庇护是那些因种族、宗教、民族、特定社会团体或政治见解而离开原籍国的人可以获得庇护的”,他于6月11日在宣布政治界时宣布了休庭。
養老院從來就沒想過要解決任何問題 包括所有嚴肅的問題 人們每天都需要面對的
希望帕魯能夠恢復,而死亡的算數是雙倍的... ...找到幸存者
對幸存者來說 情況越來越糟
他的母亲Rissa Kusuma 35岁 在疏散中心安慰他的发炎婴儿
"每時每刻都有一辆救护车帶屍體來"
清潔的水流流盡失"
居民被看见回到被毁的房屋里 搜查他们的私人物品 寻找他们能找到的一切
數百人受傷 醫院被7.5級地震破壞
一些受伤者,包括Dwi Haris, 肩膀和背部骨折的受害者, 在Palu军事医院外面躺着,在那里,病人因持续的争斗而受到治疗。
在他的眼淚裡充滿了眼淚 從他和他的妻子和女兒共處的地震中,
"我們沒有時間拯救我們"
"我被隔離了牆壁的廢墟裡" "我相信" "他告訴了哈里斯他的家人在城裡舉行婚禮"
"我听到我妻子尖叫求援,但她沉默不言"
我不知道她和我女兒發生了什么事
希望他們安全"
美國大使指控中國「預期」和「公益」。
一周后,一個中國官方報紙刊登了一篇關於美國報紙的四頁廣告, 公開了美國和中國貿易收益的廣告, 美國驻中國大使指控中國媒體使用美國媒體做宣傳。
唐纳德·特朗普总统去年五月六日在美国奥瓦州 指控中国试图干预11月6日的美国大选,
崔普的動態指控 北京試圖參與美國選舉 推翻了美國官員對路透斯的評論 成了華盛頓對中國施壓的新階段
北京和华盛顿正处于一场规模的商业大戰中,她看到自己的祖先改良了进口。
中國在商事戰爭的開端中被考慮到要攻擊出口商 就像愛荷華州一樣 他們支持特朗普的共和黨
泰瑞·布蘭斯塔德,美國驻中國大使兼前愛荷華州長,中國最大的農業出口商
中國,Branstat在《Des Moines Register》的一篇文章中寫到:
"Nel 揭露自己的宣传,中國政府正在利用美國的言論自由和媒體自由傳統,
"在北京大街上的報紙上,你會發現一些異國謠言, 中國人民可能對中國經濟問題的不滿觀點沒有真正反映, 因為媒體在中國共產黨的嚴酷的掌權下,
他补充说,“中国最杰出的报纸之一 拒绝了他的论文”,尽管他没有宣布这篇论文的内容。
共和党在和卡瓦诺案进行中途投票前 正在进行中立女性选民投票 并警告分析员
由于许多顶尖的共和党人支持Brett Kavanaugh在最高法院的任命,并参与了对性侵犯的指控,分析家们指出,在今后的中等任期选举中,会有负面反应,特别是女性的反应。
對於此事的舉動非常高,很多共和黨已經正式證明了自己要繼續投票。
"你不能撤回这些东西" "他告诉The Hill Grant Reeher, 一个在叙利亚cuse大学Maxwell学院的政治科学教授
Reeher表示懷疑Jeff Flake(亞利桑那州)参议员的最後一分鐘 對FBI的調查 足以讓那些憤怒的選民失望
"女人不會忘記昨天發生的事 - - 他們不會忘記的 - 他們明天或11月都忘不掉的" "她星期五宣佈了 Washington, D. C. , Karine Jean-Pierrere,
星期五上午,示威者在參議院的抗議中重復了「十一月即將到來」的標語。
"民主黨的熱烈與動機正在奔向星空" 他說到新斯圖·羅森伯格的網站 一位獨立的政治分析家
"人們說他們已經很高了,這是真的。
但可以高得多,特别是在没有决定的防火牆電力和年輕人選民中, 在18至29歲之間,他們通常不會投票,即使總統不喜歡。"
即使在福德的公開證詞之前,他也提供了他對最高法院候選人性騷擾的指控的詳細信息, 分析家們認為,如果共和黨人繼續證實了這個事實, 就會有負面反應。
"对于GOP" 他于上星期早些时候宣布迈克尔·斯蒂尔为共和党全国委员会前主席 CNB News of NBC.
"不光是對委員會、決賽或卡瓦諾的投票,或者是卡瓦諾會陷入恐慌, 這也是共和黨人如何處理這件事和對待她的方式" "他指出美國的首領蓋·塞西爾(Guy Cecil),
無論如何,美國人似乎分居於 相信福特和卡瓦諾的證詞的人 以及其中一人
新的YouGov民意民意調查顯示 41%的訪客已經或可能相信福特的證詞 而35%的證詞表明他已經或可能相信Kavanaugh
此外,38%的人声称认为Kavanaugh在证词中可能或肯定在撒谎 而只有30%的人也这么说福特
Flake被逼后,FBI正在调查Ford的控訴案 以及另外一名被告Deborah Ramírez所指控的
福特上星期宣誓效忠于参议院司法委員會 說他十七歲時卡瓦諾在酒館襲擊了她
拉米雷斯說最高法院的候選人 在八十年代耶魯大學的派對上 向你求婚
世界衛星網站的發明者 設計了新的網路挑戰 Google 和Facebook
Tim Berners-Lee 世界网络的发明家 他正在推出一个创始人 试图与Facebook、亚马逊和谷歌竞争
最新一項科技項目,Inrupt, 是一家公司,它將其源自於 Berners-Lee的開放平台
Solitia Sidney允許使用者選擇如何將資料存起來 以及人們能從何處獲取資訊
在與Fast Company的獨家訪談中 Berners -Lee在開玩笑說
他說"我們現在必須這麼做" 他說"起爆器"的事
"這是歷史性的一刻"
Apparently uses Solid technology 允许人们建立自己的個人資料存儲器 也可以讓POD
您可包括联系人列表、待办事项、日历、音乐簿以及其他个人和专业工具。
就像谷歌大道 Microsoft Outlook Slack 和Spotify 都在一個瀏覽器上
網上個人數據庫的真實性是 它完全由使用者選擇 任何人都可以從中獲取什麼樣的信息
公司管它叫"通过数据"
公司首席執行官John Bruce所說的Inrut的觀點是 提供資源、程序和滑雪技術
公司目前由Berners-Lee、Bruce、IBM购买的安全平台组成, IBM公司的一些开发人员和志愿者社区。
自這周起 全球科技研發商們可以利用可在Inrupt網站上可用的工具, 利用其分散化应用程序。
Berners-Lee說 他和他的團隊不會告訴 "Facebook和Google" 他們是否已經完全改變他們的生意模式
"我們不要求他們的同意"
伯納斯-萊寫了一篇關於星期六出版的醫學的文章,說:「Inrut's mission is to pursuit communications and a ecosystem 為保護由Solid所建立的新網站的完整性和品質做出貢獻。”
1994年,Berners-Lee在Massachusetts Institute of Technology 建立了世界网络联合会时,改变了互联网。
在过去几个月中 Berners-Lee代表了一场关于网络中立问题的辩论
即使在英魯特推出後 Berners-Lee將繼續創始人兼創始人Wide Web Consortium, Web Foundation 和Open Data Institute創辦人兼創始人兼創始人。
"我非常樂觀地看待這個新時代" "他加了伯納斯·李"
伯納德·范恩 慶祝大戰與維多利亞·克魯斯
英國教會在第一次世界大戰中 唯一受獎於維多利亞·克羅斯的 基督教徒
1918年9月29日,中校伯納德·范恩 在貝倫格利絲和萊哈克霍特的襲擊中 得到認可
然而,四天后 他被狙擊手殺害了 我卻從未意識到他得到了英國軍事榮譽最高的水平
周六在北安普敦夏爾的Rushden 游行中 他的兩個侄子開出了一串歡呼聲
他的一個外孫Michael Vann說 這是"非常有象征性" 石碑在她祖父的獎賞上 一百年後就要開放了
1918年9月29日,伦敦加泽特,范中校率領他的軍隊 穿過圣昆廷運河
然后它朝着火线前进, "大加龙台"在它以单手炮行进前移动了这条线,并降落了3个离心机。
范恩中校于1918年10月4日被德国狙擊手杀害 就在战争结束前一个月
72歲的邁克爾·凡恩 說她祖父的行為是"我永遠無法承受的高端"
他和他的兄弟 James Vann博士 在游行后 也下了一朵花
邁克爾·凡恩說,"如果他有幸在游行中重塑角色" 加上"真正的英雄的價值"
MMA影迷整晚站著 看著Bellator 206 而Pig卻被抓到
想象一下 你整晚都醒著 看著名的Bellator 206 然后看着你否认主演的设想
圣何塞的節目包括13次戰鬥,包括6次在手卡上, 必須在晚上將它傳到英國
凌晨6點,就在蓋加德·穆薩西和羅瑞·麥克唐納德 準備與人交會的時候 英國的電視台在屏幕上出現了佩帕·皮格
有些人在早上一早整起 都在打仗之前醒着
在Twitter上,一位粉絲將這部卡通片描述為 "一種惡作劇的惡作劇"
"政府規定在早上六點之前 内容不合適" "所以你必須去儿童福利計劃" "Dave Schwartz說" "Bellar的前副總裁" 營銷與通訊" "Bellar's decoy and communication"
把那頭豬抓起來,是的
"Bellator公司的主席Scott Coker 宣布他们将致力于计划 包括未来英国的观众
"我想我一想到Rélay 就有可能找到解决办法" "I think when I think Relay, I think we can find a solution," 考克说"我想我们可以找到解决方法了" "I think Coke said.
"但今天是周日早上六點 我們無法在周日下午的時間安排之前找到解決辦法
但我們在想辦法啊 But we're working on it.
相信我,當他改變計劃的時候... ... ...他們來電的時候,沒有人是友好的。
我們本來想解決的 我們以為這是個技術問題
但事實並非如此 政府就是如此
我保證下次不會了
我們將只參加五場比賽,而不是六場,像我們平常一樣 我們努力為影迷爭取這麼多,我們剛剛討論過
"那是個不幸的局面"
Tom Daley因性侵犯而感到"下沉"
Olympic游泳健將湯姆·戴利說,他因為性慾而感到低落,但這給了他成功的理由。
24歲那年他一直說自己沒有意識到... 直到他上過高中... ...
來自Lauren Laverne的第四頻道 Desert Island Radio Discipfox第一站的講道說 她讓自己對同志權有感覺
他還宣稱他成為了父母 使他不再關心贏得奧運會
老年日程的主持人Kirsty Young 患病前幾個月都請假了
戴利在拉文的第一期秀中 把自己當成一個大人物 戴利宣佈他沒有"任何人" 因為"他長大了"因為"他不喜歡男孩和女孩"
佢話:"今天,有啲感覺少咗, 有啲感覺不同,
她想試著做點什麼,她說,如果他們發現她性格不佳的話... 就不要讓任何人失望。
两次奥林匹克铜牌 成为LGBT的高级活动家 并在今年的澳大利亚英联邦游戏中使用他的脸庞 来呼籲更多国家,以羞辱同性恋。
他說你讓自己聽到自己的聲音 是因為他覺得很幸運能 不受任何后果地生活著
第三次世界冠军说自己爱上了一个男人... 是美国导演Dustin Lance Black
Daley去年嫁給了奧斯卡的冠軍 他比他大20歲 但他說年齡的差不是問題
年輕時他去參加了第一次奧運 父親三年後死于癌症
他倆在6月份成了父母 一個名叫羅伯特·雷·戴利的小孩 達利說"整個視角"已經改變了
"如果你去年問我 "我應該贏得一枚金牌" "I'm asking me last year," "I had to win a gold medal." 他說 "如果你們問我" "They said, if you asked me,
"你知道的 有一些比奥林匹克金牌更重要的东西" "You know, there's more important than the Olympic gold medal."
我的奧運獎牌是羅比
他儿子名字叫罗伯特 He named her father Robert, 他2011年死于患有脑癌的40岁生日 he died 40 years old after a brain cancer.
Daley說她爸爸不願意死 而她最后要的東西之一是 她是否已經拿到2012年倫敦的票 因為她想排一隊
"我不能說,你不會在這裡站第一排,爸爸" 他說。
"當他停止呼吸時,我握著手 直到他停止了,他死了,我仍然沒有意識到他不是無敵的"
明年Daley在2012年奥林匹克比賽 贏得了銅牌
"我知道這是我一生夢寐以求的 "在奧運會的觀眾面前游泳" 他說"
這也激發了他首首歌的選擇 Heather Small的優點 他對奧運會的準備很感興趣
德賽特島迪斯科是BBC电台4 周日11點15分
Mickelson在周六的Ryder Cup被打得屁滾尿流
美國菲爾·米克爾森周日會寫出一個紀錄... ...當他參加了萊德·庫布第47場比賽時... ...但他必須恢復體面...
惠可森,以每两年一次的记录球賽 都被吉姆·弗瑞克上尉 送上绞刑架和周六的烤肉机
而不是像往常美国那样处于行动中心 第五次的冠军在参赛中度过了一天 在排球场上打球 希望能纠正这场危机
48歲就不是難以選擇的國家高爾夫... . . . .
如果道路不夠差的話 Mickelson 在第九個週日比賽中 面對的是英國冠軍Francesco Molinari
如果在他們12個獨角獸比賽的開始下 美國人有四分之三的球賽 他們的比賽要開場了 那么米克爾森的比賽就變得十分關鍵了
弗瑞克向自己人表達了信任 僅此而已
"他完全理解他今天扮演的角色 他给了我肩膀上的包裹 圍著我的手臂 他說他明天就會準備好"
"他對自己很有信心"
這是Famer大廳 他過去的團隊都這麼多 而且這周
我大概沒料到會打兩場球吧
我想了很多,但這是我們以為它應該做的。
他們想加入,就像其他人一樣。"
星期天Mickelson能打破Nick Faldo的纪录 在Ryder Cup上玩过最多的球赛
這可以證明瑞德·庫普的事業的終結... ...而他甚至從未與自己的個人記錄保持距離
邁克爾森有18場比賽 20場比賽和7場比賽 雖然弗瑞克說他在場
"他很幽默 讽刺 arcastic, articulous, 他喜欢玩弄别人 he likes playing people, 而且他是一个非常好的男子汉" and he's a great boy to have in the meeting." 他解释了...
"我還覺得最年輕的玩家 和他對著這個星期玩過火了 "I believe the youngest player smoothed against him this week, 一件很有趣的事 one's funny to watch.
"他不只是玩而已" "He's done more than play."
歐洲的船長Thomas Bjorn知道 這種優勢很快就會消失
Thomas Bjorn 欧洲队长 知道在Ryder Cup最后一天的一次私人会面
丹麥人在1997年在瓦爾德拉馬舉辦的會議上宣布,隊員由七巴萊特羅(Seven Ballesteros)率領, 雖然有五個點的美國人,
"繼續說,我們在瓦爾德拉瑪有優勢 在布魯克林,我們失去了他,在瓦爾德拉瑪,我們贏了,但不久,他看到2018年的班級贏了, 星期五是5到3,昨天是10到6,在國家灣
"因此历史会向我和我的团队证明这一切" "so the history will prove to me and my team that's not over.
明天一定要全力以赴
你得出去把事情做好 You need to go out and do things right. 把事情做好
直到缝隙里标出點數為止
我們的目標就是贏得戰利品 這就是我們要專注於這個
我總是專注于我隊中的12個球員 但我知道另一方誰是世界最好的高爾夫球手"
貝約恩說:"我永遠都不會過不去了"
明天的挑戰不一樣
明天是個人表演班,這完全是另一回事
和一個隊友在一起真好 當時一切順利 但當你只是高尔夫球手
這是玩家需要傳遞的訊息: 明天,你必須拿出最好的。
然後,你忘記你的搭檔,因為他也必須去那裡... ...
和Bjorn不同的是, 另一方的Jim Furyk 将在他的玩家面前 追求最佳个人表现 比团队更好的,除了Jordan Spieth和Justin Thomas
弗瑞克也是在最后一天的那次盛大會議中 遇到的兩面派之一 他曾在布魯克林贏得了冠軍的隊員
他回答了1999年隊長本·克倫肖如何將他的球員推向頭上的問題
"明天我們有12場重要的比賽,但我們要像我們在布魯克林和麥迪納那樣 踏上正軌
當比賽開始時 壓力會在中場比賽中增加
所以我們要組織我們的後果組成群體 將孩子們排名為好 因為明天我們要試著施展魔法
托馬斯被指派去指揮反擊 和與Rory McIlroy對戰 在最高競技賽中... ...有的是其他歐洲人 Paul Casey,Justin Rose, Jon Rahm, Tommy Fleetwood, and Ian Poulter...
"我選擇了這個命令 因為我覺得它可以封住路線" "Bjorn以其個人會議的選擇為準" "I chose this order because I think it's covering the path to the end" "Bjorn 宣布為"
德國的新軍艦重新部署
當地媒體說,德國海軍最後一票 應該在2014年舉辦,以取代冷戰時舊軍艦, 但明年不會有,因為故障系統和成本不足。
Rheinland-Pfalz的委员会,Baden-Württemberg一等艙的上將,根据Die Zeit報所引述的一名軍事发言人,已延至2019年初期。
那艘船本該在2014年加入軍事部隊的 但接下來的轉送 引起了我們的不安
2007年由軍事陸戰隊指揮的 Baden -Württemberg四艘戰艦將取代Bremen級的舊船
他們將會擁有強大的炮彈 數以千計的防空飛彈和防空飛船 以及一些隱藏的技術 比如排水雷达、红外線和音波信號
其他重要的特征包括更長的保育期, 因此,应该可以推廣新的騙局,直到兩年前
然而,仍然拖延意味着,新型的战舰,据说可以使德国 投射其超能,
去年F -125型的骗局 突發新聞 當時德軍陸戰隊正式拒捕船 送回了安布堡的Blohm & Voss
這是軍方第一次在交貨後 把船還給工匠
但是德国媒体注意到了大量的“软件和硬件缺陷” 这些关键因素使得这艘战舰成为了战斗任务中的无用飞船
软件的缺陷尤其重要,因为Baden-Württemberg级的船只将在Bremen班最老的船員中,由120名水手管理。
另一方面,船沉得太深了 它降低了它的功效,限制了海军陆战队进一步更新的可能性
據推斷,七千噸重的 Rheinland-Pfalz 是二次世界大戰用重的二倍
除了故障的硬件外,整套工程(包括船员训练)的成本也已成为一个重要问题。
看上去它已达到310亿欧元(360亿美元) 最初的220亿欧元。
造成新潮的问题 随着最近发生的警报 德国海军力度的下降 变得特别重要
每年一月二日,汉斯-彼得·巴特斯 海军陆戰隊准將
官员指出,这个问题在时间内已经明显恶化了, 因为旧的无人驾驶船只没有被新船只取代。
他的借口是,在Baden -Württemberg班級, 他不可能加入海軍
國家信托會揭發蝙蝠的秘密生活
在蘇格蘭高地的莊園裡 進行了新的研究 想揭示蝙蝠如何使用風景來尋找食物
相信發現可以證明 獨有的哺乳動物的行為 以及未來的保護活動
蘇格蘭國家真相信托實驗室的科學家會繼續研究... ...一般和高音蝙蝠... ...除了在西弗羅斯州的Daubenton的黃耳和蝙蝠
特別的記錄員們將被安置在 房產周圍的關鍵角落 以追蹤季节內蝙蝠的活動
國家安全局的員工和志願者 也會使用便携式衛星來進行動態調查
鑒於專家對聲音的分析 會決定蝙蝠重新呼叫的频率 以及每種反應的方式
他們將要制作一份生境地圖和一段關係... ...建立一個關於其行為的詳細圖
Rob Dewar, NTS的自然保育顾问,希望结果能揭示出哪些地方对于蝙蝠来说更重要,以及它们是如何被各种物种利用的。
這些信息會幫助确定人居管理工作的好處,例如建立草原,以及如何最大限度地保養蝙蝠和其他相关物种的森林。
蘇格蘭和英國的蝙蝠群人口在過去幾世紀 明顯下降了
蝙蝠因建筑和开发工作的风险很大 他们对三都市感兴趣并摧毁了住房
能量和照明也可能构成威胁,例如蚊子卡和一些化学物质的处理方法, 超越家庭貓攻擊。
蝙蝠不是真的瞎子
然而由于夜間捕獵的習慣 他們的耳朵在抓捕獵物時更能用
它們使用的是超光速定位技術 來偵測昆蟲的行蹤和障礙
NTS, 负责治疗超过270座历史建筑,38座重要的花园,76 000公顷土地,
十名合格的专家通常都负责调查、调查三极人格和救援工作
組織甚至建立了蘇格蘭第一份儲藏金 僅存於德弗萊斯和加洛威地區的Threave地產地內 專為蘇格蘭十種蝙蝠區
屋主David Thompson 声称财产是理想的领土
在三合會,我們有大片的蝙蝠
"我們有舊建築,很多樹林和好栖息地"
但在蝙蝠方面我們還不了解很多 所以我們在這裡和其他財產的工作 會幫助我們更深入地瞭解它們的增长需求"
它低估了在把倉庫裝修完之前 要先控制蝙蝠的體育的重要性 以便使母體三文治的無意識的毀滅能致命至400名女性和幼女
蝙蝠是安全的,是非法的 杀害他们,扰乱他们,扰乱他们
伊麗莎白·費雷爾, 蘇格蘭特信托公司負責人 鼓勵觀眾幫忙
佢話:"我哋仍然有好多事要學到嘅蝙蝠, 對於我哋嘅大多數人, 我們不知道如何使用它們嘅 population。」
羅納多拒絕起訴強暴罪 而律師在起訴德國的周日
克里斯蒂安·羅納多把強奸指控稱作假新聞 宣稱人們想用他的名字做廣告
他的律师正在准备起诉德·斯皮格尔的 德国周刊德·斯皮格尔
年輕的葡萄牙人被指控2009年在維加斯的一家酒店 強暴一名美國女性Kathryn Mayorga
Der Spiegel有其他的消息了 他于星期五收到37万5千元的付款指控 以保持沉默不言
在Instagram的一段影片中,他直視了1.42亿follower 在指控發生後的幾小時裡, Ronaldo, 33歲,他將這些聲明撕成"假新聞"。
"不,不,不,不,不,不。
他們今天所說的都是假話" "五遍金球" 指向攝像頭
"他們想用我的名字做廣告
這很正常
他們想出名,但這是遊戲的一部分
"我很開心 一切都很好" "他加了個笑容鞋匠"
據路透社報導 羅納多的律師正準備起訴德·斯皮格爾
Christian Schertz的律师声称 足球教练将要求赔偿“在与过去几年中最严重侵犯隐私的严重性相匹配的道德利益”的赔偿金。
2009年6月,拉斯维加斯Palms Casino Resort套房举行
洛納多和梅爾加會在去迪士尼亞的那家夜店後 就會被帶回凱旋手槍手的臥室 在那里他將受到肛門的暴力指控
Mayorga声称Ronaldo在事件发生后会跪下 声称自己是"99%" 一个"粗暴的男孩"失望了
這份文件顯示羅納多證實了 他們倆有過性關係 但已經達成一致了
少校又宣布,他向警方和医院报案, 在那里,他受到了重傷,但后来同意接受和解协议 他感到自己感到害怕被暴打,并担心“公开羞辱”的前景。
34岁的女孩正努力挽回我們的交易 并聲稱她仍然受到了据称的事故的創傷
羅納多正打算在開庭時 從曼徹斯特聯合國到馬德里 暑假會加入義大利人朱芬特斯 簽下一億歐元的合同
布列克西斯: 英國將永遠為 汽車工的損失感到遺憾
英國政府會「永遠後悔」 英國的汽車建設中 其世界領袖地位的失落 Greg Clark工業部長宣布
另外,他也因Toyota UK向英国广播公司发表的声明而受到“关注 ” , 其原因是英国从欧盟出发,但未达成协议,并导致在Derby附近的Burnaston工厂生产的暂时停滞不前。
「我們需要一個交易」 「克拉克部長宣布」
日本的汽车公司声称,在没有协议的Brexit公司 会推迟到前线
Burnaston的工厂建造了Auris和Avensis丰收的丰田谷,去年生产了15万辆车,90%被出口到欧洲其他地区。
"我想如果大不列颠将于3月底离开欧盟, 工厂的生产将停止" "Marvin Cooke, Toyota General of Toyota in Burnaston."
更加擔心其他英國汽車工商會的出口 而不談跨境貿易的運作 包括本田、BMW和Jaguar Land Rover
BMW,例如,BMW,他声称,在Brexit公司之后, 他将在牛津关闭他的微型植入物一个月。
主要的擔憂是 布列克西特的建筑商在沒有交易的情況下 發現的供給鏈里 冒了很大的風險
Toyota的生产线建立在“公平时间”概念的基础之上,由英国和欧洲供货商 每37分钟抵达此地。
如果3月29日,英國將不協定而離開欧盟,他們就可以檢查邊境的失誤,
托比塔不可能在他德比郡的工厂里保留超过一天的存货价值 所以公司宣布停止生产
克拉克部長說 特蕾莎·梅的未來關係計劃是"小心翼翼地避免這些不愉快"
"我們需要一個交易。 我們希望我們得到更好的協議, 不仅可以享受現在的成功,而且可以把握這個機會。"他對BBC廣播4的今日節目說。
"不僅來自豐田的證據" "而且也來自其他汽車制造商" "我們也絕對有能力繼續"
Toyota 无法解释生产可能持续多久, 但在长时期内,警告额外成本可能会降低工厂的竞争力,并可能降低工作岗位的竞争力。
彼得·查瓦拉里斯,24年来在伯納斯頓工作,是工會議員的負責人,說:"根据我的經驗,一旦工作被縮小,就不再復職了"
一名政府发言人表示:"我們已提出一個可靠的計劃, 供今后與欧盟的聯繫。"
特朗普和罗森斯坦的会面可能仍旧被白宫推翻
唐納德·特朗普和司法部副部长羅德·羅森斯坦的高風險會議可能被「延後一周」, 而Brett Kavanaugh法官的爭論在週日宣布白宮。
Rosenstein是特别检察官Robert Mueller的工作人 他调查了俄罗斯对选举的干扰 特朗普和俄罗斯的顾问的联系 还有总统对司法的阻挠
特朗普可能解雇司法部副部长 从而危及穆勒的独立性
這個月,紐約時報報說Rosenstein說要戴竊聽器 來記錄和Trump的對話
Rosenstein拒絕了這個消息.
但上禮拜一他去了白宮 說他要辭職了
然而,星期三宣布与特朗普会面,当时在纽约的联合国
特朗普說「不」會解雇Rosenstein,但在參議院的聽證會上,
星期五,Trump下令下令 调查局对Kavanaugh提出的问题, 随后推迟参议院的最终投票。
周日特朗普的发言人Sarah Sanders 在Fox News上发表了
他質疑了與羅森斯坦的會面 他說 "沒有定日期 可能是這周
我們將看到並繼續更新媒體。"
Sanders沒有跟白宮的媒體做簡報
司機克里斯·華萊士問起原因了
Sanders說,簡報的缺點 不是因為新聞記者們的「露面」而受到震撼,儘管她說, "沒有"
所以她覺得Trump和媒體之間的直接聯繫 可能會更频繁
"主席比他之前的任何總統都要多" "并比他先答覆" "他补充了證據" "我們檢查了數字"
簡歷會繼續下去,她說,Sanders說, "如果媒體有機會直接向美國總統提問, 那總比跟我談好。
我們試著這麼做 就像過去的幾周一樣 這會取代媒體的簡報 你們可以跟美國總統談談
特朗普通常在离开白宫或参加公开会议或与贵宾会面的记者招待会上 回答问题
記者招待會很少
本周在纽约的总统 可能已经证明了这一点... 在一群记者面前发表了自由轮流演讲...
健康部部长致函苏格兰国家安全局工人 表达他们对Brexit的担忧
健康部長寫信給在蘇格蘭國家安全局工作的人 致謝和祝願他們留在布列希特之後
蘇格蘭議會議員Jeane Freeman寄了一封信,在離開英國後不到六個月
. . . . .
Freeman大臣在他的信中写道:"整个夏天,英国和欧盟在布雷克西特的谈判仍在进行中,他们将做出秋天决定。
但英國政府也正準備在 毫無協定的情況下
我知道你們都很擔心這個時期
所以我今天要重申我对全体員工捐款的谢意,不管是民族还是民族。
不仅是整个欧盟的同事,而且不仅提供宝贵的经验和技能, 加强和改善医疗服务的工作,从而有益于我们提供服务的病人和社区。
蘇格蘭是您的家 我們非常希望你們留在這
Christion Abercrombie 在头部受了重伤之后 遭受了重创
田納西州老虎隊的辯護人Christion Abercrombie 在周六的比賽中 遭受了嚴重的緊急外科手術後
技術主管羅德·里德向記者宣布 造成傷口的事故在發生之前不久發生
"他近在咫尺 昏倒" "Reed said. "He approached the flame."
急救人員和醫療人員 在送往亞伯克隆畢的氧氣罐之前 運到亞伯克羅夫去
田納西州的一位主管向田納西Nashville的Chris Harris報道 阿伯克倫比在Vanderbilt醫學中心進行了手術
哈里斯补充说,“还没有消息显示他受到伤害的类型和实体” 以及田纳西州正在试图搞清楚他什么时候受到伤害。
二年级的艾伯克倫比 在從伊利諾斯州搬到田納西州大學後
他出局前完成了五次棋子 并把整个赛季带到18次赛季
外國買家將被收買到高價的保單上 以收買國內所有財產
外国買家將受雇於高昂的保齡球席 在聯合國買房, 加上增值收成的收費會用在無產者身上,根據工業者的新計劃,
操控者會終結Corbyn的 挑選年輕人的動機
增加的泡沫在英國沒有付稅的納稅人會得到應用
財政部每年會收集1亿2千万英镑來幫助流浪者
海外買家將受雇於高昂的保單 在英國買房,而增值的收費會被用來幫助流浪漢, 今天將宣布特蕾莎·梅
這將成為阻止Jeremy Corbyn 動機成功吸引青年選手的企圖, 承諾提供高價的高價租房。
增加的泡沫將适用于那些不付國稅的 個人和公司 以及那些不付稅的人 以及補充的資源將得到政府的動機支持 來對抗流浪漢的现象
包括两年前在第二幢房子和房產上 及租用房屋的高水平(合約合用租金) 加上目前的保齡球價格,可以增加3%以上。
財政部預計到每年能籌到1.2億英鎊
在倫敦,有13%的建設是由非居民買的,在英國增價,讓第一個住戶难以進入房地產市场
全國大部分最富裕的地區,尤其是首都, 都已經變成了「鬼城」 因為大部分外國買主都花在國外
新政策在鲍里斯·约翰逊要求取消交易 以帮助最年轻的年轻人 获得第一家之家。
你控告了大型建筑公司 在不使用土地的情况下维持房地产价格高昂 并鼓励梅首相放弃可负担的配额来解决英国的“房地产”问题
Corbyn议员宣布了一系列大规模的住房市场改革提案,包括对租房的检查和取消无罪的伐木工程。
他還希望讓董事會對新房地產的建設提供最高的權力
梅總理說:"去年我說我會努力重建英國的夢想" "這對新世代來說,人生應該會更好"
這意味著要重建房地產市場
大不列颠永遠會對那些想要生活 工作 在這生活的人敞開心扉
然而,如果沒有在英國和外國社會生活的人 也能像英國工人那樣 得到這所房子的買賣 就太不公平了
對很多人來說,擁有一棟房子的夢想已經變得太偏遠了 而無家可歸的尊嚴卻是真實的。"
杰克·羅斯,我最想要的是駕駛蘇格蘭
Sunderland科技主管Jack Ross指出,他最渴望的就是 成为苏格兰的经理
蘇格蘭人 42歲 他因挑戰要讓東北部的隊伍 得到救贖而受到吸引 他目前在聯盟一號的第三個位置
在上季的蘇格蘭第一年 他參加了圣米倫大學的導遊賽 暑假他被准入了光燈球場
"我本來想為我的國家踢足球"
我當時是B級的,就這樣,羅斯在 BBC節目上說
我小時候在哈普登看蘇格蘭的蘇格蘭景觀... ...和我爸爸一起長大... ...我會永遠記得的
然而,只有当我成为团队的经理人 才有可能。"
羅斯在Sunderland的前行手是 Dick Advocat, David Moyes, Sam Allardyce,Martin O'Neill, Roy Keane, Gus Poyet 和 Paulo Di Canio。
笲笆堕玡厩產弧 獶盽璶舱 矗ㄑぺ吹cmIpswich Town矗某
"我目前取得的成就 足以讓團隊回到第一聯盟"
鑒于俱樂部的設施和工業 我們可以說它屬於第一聯盟
"這工作不容易 但我覺得只要我能讓球隊繼續前進"
羅斯管理人三年前從達巴頓當教練的經驗 以及15個月後被選為Hearts教練
然後她幫助阿洛亞從倒退到第三階段 並把聖米瑞恩 從倒退到冠軍賽季的冠軍賽季
羅斯覺得你現在更舒服了 比起在Clyde、Hartlepool、Falkhirk、St. Mirren和Hamilton Academicals的足球隊里 成為了狙擊手的時候
"這可能是一個真正的轉折點" "這句話你應該記得一下" "Allah's the direction" "that's probably a real change point"
"我真以为经理的角色是专注于我" "而不是赌徒的角色"
聽起來很奇怪 因為我的工作很出色 我賺了很大一筆 {\fs13\1cHFFFFFF\b4}I feel weird because I worked well, I made a lot of work. 而且我也有一些很好的結果 {\fs13\1cHFFFFFF\b4}and I had some good outcome.
但玩遊戲很艱難
你每周都得去面對很多事情
我仍然在壓力和工作壓力下面對你 但管理似乎很好
我總想開,現在我卻要開 我感覺比從前更安靜
你就能聽到週六下午12點到下午1點在Sportsound上 播出
工作室指出,星期六下午5: 30
夏季的热浪使英国的酒吧陷入困境 并使人们更加关心饮食服务
數據表明酒吧和酒吧的銷售率從7月的2.7%增加到7月,而餐廳的銷售率為4.8%。
商事咨詢公司的Peter Martin 整理了數據並評論說: "英國對世界大陸的持续和長期不變 讓7月的發展步向6月,當市場高於2.8%,
6月的复健中,1.8%的衰退在7月恶化。
酒吧和酒吧都喝得最牢固的酒 加上比餐厅低的氣氛增加
那家酒吧也受了熱的煎熬 但也不像食人族那樣
好像人们只是想出去喝一杯
在酒吧和酒吧管理下, 酒精的销售率在每月上升6.6%, 而大麻消费量下降了3%。"
RIM的娱乐和娱乐分析师Paul Newman表示:
主要的社交事件或体育事件的氣象和影响仍是主要因素,即在市场上出售零售品。
毫不奇怪餐馆继续挣扎下去, 尽管每年的销售率下降了4.8%, 每年的销售量将特别严重,加上对成本的持续压力。
漫長的夏季不會在最差的時光下 到食堂來 而只有時間能告訴我們 溫度最溫度的溫度
酒吧和餐廳之間的銷售總量增加 包括新的開銷率 從7月的2.7%增至7月
科弗爾·佩奇·特拉克的銷售記錄公司 廣告、酒吧和餐廳的銷售記錄公司 聚集和分析了47個營收信息 加上9億英鎊的聯合發票
一個五歲的小孩 有個五歲的社會秘密帳戶 她對父母都有所隱瞞
一次民意調查顯示 一個五歲的孩子在11歲左右 擁有一個秘密的社交帳戶
20,000名高等高中生的民調 表明了"Instagram"的翻版增加了"Fake on Instagram"
新聞已加強了對性背景的恐懼
20%的學生都說他們有一份"主要"的賬戶給父母看
一個五歲的小孩 有11歲的小孩 有個社會網絡的賬戶 躲在成年人的賬戶裡
20,000名高等高中學生的民調 揭示了"Instagram"賬號的快速增長 引述了Instagram的照片分享網站
這消息激發了性愛底層的恐懼
百分之二十的學生說要管理一個"主要"賬戶 用來給父母看 同時還保留了私人賬戶
有個媽媽碰巧發現了13歲女兒的神秘網站 她找到了一個年輕女孩
研究,数字Awareness UK和Headmasters and Headmists' Conference of Private school, 他强调,11至18岁之间有40%的男生有两种情况,其中一半承认保留私人账户。
HMC總裁Mike Buchanan說:"他是個瘋子,很多青少年因為在網上創造了空間... ...他的父母和老師找不到他們。"
{\fn黑体\fs22\bord1\shad0\3aHBE\4aH00\fscx67\fscy66\2cHFFFFFF\3cH808080}Eillh Doyle {\fn黑体\fs22\bord1\shad0\3aHBE\4aH00\fscx67\fscy66\2cHFFFFFF\3cH808080}在Scotish Athletics的董事会上 {\fn黑体\fs22\bord1\shad0\3aHBE\4aH00\fscx67\fscy66\2
斯科特·亞特利特斯董事會的非執行董事 在全國行政機構大會上被選為非執行成員
Doyle Doyle是苏格兰最有才华的运动运动员 Ian Beattie总统把提名定义为 为管理体育运动的绝佳机会
"Elidh對蘇格蘭、英國、世界體育社區感到深深的尊重" "我們確定在蘇格蘭的球迷會中 能夠帶來很大的好處" "她說Beattie說"
多伊爾說:"我迫不及待地想成為運動員的聲音" "我希望我能幫助和幫助在蘇格蘭的運動"
在1996年的亞特蘭大比賽和4枚奧林匹克金牌中,美國冠軍200和400米高的勝者, BBC目前有4枚獨金獎牌,
他在推特上說:"我一個月前中風了"
我走不動了
醫生說,只有時間才能告訴我 我是否能重新開始 以及我是否能量身定做的
這工作很累,但是我重新開始了 他又學會走路了,今天我動作真快!
謝謝你們的鼓勵!"
雜誌的廣告讓母牛與母牛相較,分享網路的觀點。
一家制作小提琴的公司 把舆论和母乳喂养的母乳 以及群群群集在一起的牛群
為了記載被稱作「世界第一手靜默與可戴」的發行者, Elvie的消费科技公司發佈了一項有趣的音樂影片,
四個真正的媽媽在牛棚跳舞... ... ... ... ... ... ... ... ... ...
唱詩班繼續唱著 "把他拉出來 讓他出來 讓他出來 孩子們 讓他出來 把他拉出來 弄出我的奶子
然而,在社群臉書頁面上發表的廣告 引起了網路上的爭議
与77,000次视觉化和数以百计的评论,影片引起了不同视听者的不同反应,其中许多人认为,这会揭示催泪瓦斯工业的“恐怖”现象。
用牛做廣告是很不愉快的決定
和我們一樣,他們也必須保持生長和生孩子來生產牛奶,但他們的孩子在出生後幾天就被偷走了。
Elvie在胸罩下穿得很小心
其他人都說 "這對媽媽和孩子來說是心理創傷"
但是呢,為什麼不用它來廣告給媽媽... ...他們將繼續養孩子?"
還有人說:"這實在是無意義的廣告。"
其他人也為他辯護了,而一個女人甚至承認自己找到了"有趣"的口號
"我覺得這是個絕妙的主意"
如果你還在生孩子 我希望我還有一個
我穿著長袍的時候 感覺就像頭母牛
廣告有點不愉快 但事實並非如此
這是天才產品,有人寫的
另一個人評論道:「這是一個有趣的廣告,
他的目的不是讚揚或評判家產業
最后,录像里的主角 证明自己在胸罩上跳了一跳
競選的創意是建立在以下概念之上的: 許多女人使用小提琴...
Elvie的拉鏈還是完全安靜的 沒有線帶和管子 它可以被插進嬰兒胸罩 讓他們可以自由移動 抱著孩子 甚至在拉牛奶時離開
Ana Balarin,媽媽的伙伴和ECD表示:
與使用母牛提拉的女性相比,我們想通過一個有趣的方式來 證明新手可以保証的自由感。"
這不是第一次Elvie發佈消息了
在倫敦時裝周 兩個孩子的媽媽 穿著這套服裝出現在Marta Jakubowski畫廊上
成百上千的移民儿童 靜默地移到了德州邊境
移民儿童的数量急剧增加,尽管每月越境限制仍然相对不变,但部分原因是Trump管理的艰苦复苏和政治线使得对这些儿童的拥护更加困难。
大部分寄养家庭的移民都是非法移民,如今害怕在国内生存的可能性
6月,当联邦当局宣布 潜在的托管人和其他成年成员 会提取指纹,并将数据传送给移民当局时,风险就会增加。
Matthew Albence, 移民与警察局的一名高级官员, 上周在国会前宣布,该局逮捕了数十人,他们愿意单独抚养孩子。
此后,局确认70%的犯人没有犯罪记录。
"如果有80%的人 愿意收養孩子或者是属于这些人的家庭..." "And if 80% of people offer to take child care or belong to these people's families are in the country... 而其中大部分都是非法移民...
因此我們繼續追捕這些人,阿爾本斯說。
為了更快地起訴孩子們, 董事們已經制定了新規定, 其中有些人要在一個月內接受審判, 而在一個月後,而不是在60天後,
許多人將以非個人的視頻開會來演講他們對移民法官的判決
那些被認為不適合得到幫助的人 很快就會被驅逐出境
儿童在寄养期间越久,他们就越有焦虑和抑郁的危险, 导致了暴力的愤怒或逃跑的企图,
誰敢說在像Tornillo那樣的大型建筑中 這樣的機率會更大
他們又說,在不給他們時間 做心理準備或向朋友問好 可能會加重許多人已經面臨的傷痛
敘利亞要求美國勞工隊、法國人和土耳其人立即撤退
在聯合國大會的演講中,外國大臣瓦利德·阿勒穆阿勒姆邀請敘利亞人回國,即使戰爭已經到了8年
穆阿勒姆(摩阿勒姆),即使是副總長的職位,他也說,外國軍隊 非法佔領了敘利亞土地
"你們必須立即撤退,但沒有任何條件" "她說,在會議前。
穆阿勒姆坚持要說「戰爭即將結束」在敘利亞,自2011年以来有360萬人死亡,數百萬人被迫離家出走。
他指出大馬士革將繼續迎戰聖戰,直到他從恐怖組織和「任何非法存在」中解放了敘利亞領土。
美國有兩千名敘利亞士兵,主要訓練和支持庫德人和阿拉伯人對抗巴沙爾·阿薩德總統
法国有一千多名士兵驻扎在法国
在關於農民的問題上,穆阿勒姆說,條件對他們來說是有利的,并指控「西方國家」是「虛構的」,迫使農民離他們的國家遠一點。
"我們已要求國際社群及人道組織介入,以利他們返回",他重申了。
"那只是人道主義問題" 應該被政治化了"
美利坚合众国和欧洲联盟已经通知叙利亚,在阿薩德和反对派之间,他们将不遗余力地重建重建,直到达成一项旨在结束战争的政治协议。
聯合國外交官說俄羅斯和土耳其最近在伊德裡布建一個區域的協議... ...這是叛軍的最后一片大石頭... ...它創造了繼續政治交易的機會。
俄羅斯和土耳其的協議阻止了俄羅斯在省份支援的敘利亞軍隊的攻擊, 而那里有三百萬人居住。
穆阿勒姆指出,我們的協議是"需要期限",并表示希望軍事行動會對圣戰分子,包括與基地組織有關聯的Al-Nusra Front's fighters, who will be absolutely absolutely.
聯合國斯塔夫萬·德米斯圖拉希望很快能召集新的政府委員會 和反對派成員擴充戰後敘利亞的立場,為選舉做好準備。
穆阿勒姆(Muehalem)已将叙利亚政府参与到委员会,声称该集团的工作必须局限于“对目前宪法的评论”中,没有任何干涉。
因為Trump會加到第二份任期
根據這個邏輯,Trump將在2020年重新当选,除非像很多自由的觀眾一樣,
毫無疑問的是"最戲劇性的總統的末日"
目前沒有觀眾散播的跡象
2014年11月1日 第一晚的百分率比CNN增加了1.05亿倍 几乎是MSNBC的1.6亿倍
Fox News在今晚平均有240万观众, 与今年的170万观众相比,据Nielsen所说,
ABC“Digned Survivor”电视剧《Digned Survivor》的主持人Neal Baer表示,
在斯考弗爾,一位精彩的戲劇作家兼演員... ...
2016年大選前 你們在波士頓的計程車比賽
司機說她會投Trump票
你問他為什么
他回答"為什麼讓我笑"
混亂是樂趣的根源
当然,与任何其他电视节目不同, 华盛顿的阴谋可以决定Roe vs. Wade 判决的未来,如果移民家庭能够重新团聚,以及全球经济的健康状况。
不再追查任何消息了 但只有最受人尊敬的觀眾才能享受到它
然而,尽管如此,在第六天晚些时候,有一批专家正在讨论 鲍伯·伍德沃德在《帕拉》的书中的深入研究情况, Paul Manafort 15,000美元的垃圾箱( "一整个华盛顿邮局") 以及Stormy Daniels在Trump的解剖党的令人作呕的描述。
比方說,我再也不會看超級馬里奧了
"因此,他所做的是真實的節目" "事實是,每晚都有新的消息" "Wheelhouse Entertainment的總裁Brent Montgomery說,"Pawn Stars的作者和《Pawn Stars》
你不能錯過一集,否則就退後
我這周去考伊海北岸找麥克·弗萊斯 儘管今天是30度的太陽日 他在家看MSNBC
他不能上電視,而Brett Kavanaugh 面對的是參議院的司法委員會... 以及最高法院的不穩定未來
Fleiss评论道:"我回想,當我們做這些荒謬的計劃時, 人們會說,"這是西方文明的開始。"
我以為那是個玩笑,但他們是對的
艾米· Chozick, 为《时代周刊》写一篇关于商业、政治和媒体的论文
競選中最嚴謹的一半選舉的外來現金
17區正在進行經濟危機的調查 正好是重新排隊了一個議員區
最近對匹茲堡郊區的重新定義 使得民主黨代表Conor Lamb 在去年春季的一次特別選舉中征服了自己的位置
朗姆正和另一名上級共和黨 基斯·羅福斯競爭 他目前代表了 賓夕法尼亞第12個老區
這張地圖在1月份的賓夕法尼亞最高法院 決定在舊區的選民學院 恰恰是為共和黨人而舉辦的
17區的比賽激進了兩大黨的經濟領袖 和國家共和黨Campaign Committee(NRCC)的競爭。
朗姆在3月18日在賓夕法尼亞州第18次大會選舉中 贏得了特別選舉後,在賓夕法尼亞州的賓夕法尼亞(Pennsylvania National Regional Regional Regional), 成為了知名的名號。
那個地方被一個共和黨人佔領了數十年了 而總統唐納德·特朗普
政客們給民主黨帶來了輕微的優勢
美國想懲罰薩爾瓦多 因為她支持中國 然后改變主意
外交官們注意到 多明尼加共和國和巴拿馬 已經認出北京了 特區幾乎沒有抵抗
2017年6月,巴拿马总统胡安·卡洛斯·瓦雷拉(Juan Carlos Varela)和特朗普(Trump)总统举行了一次非常热烈的会晤,他在巴拿马开了家旅馆,直到合作伙伴被迫离开Trump Organization的领导人集团。
政府官员已决定把来自萨尔瓦多、多米尼加共和国和巴拿马的美国外交使团团团长 送往萨尔瓦多、多米尼加共和国共和国和巴拿马,继“最近不承认台湾的决定”之后,他指出,该部发言人Heather Nauert在一个月初发表声明。
但是對薩爾瓦多而言,制裁的決定只是對薩爾瓦多的影響。 在2017年,美國收到了1.4亿美元的援助來控制交通、發展與經濟支持。
提出的制裁包括削减金融援助和限制签证的补贴, 会对中美洲国家产生高百分比失业和谋杀的关注。
在一系列国内会议之后,北美和中美洲官员 推迟召开一次关于安全和经济繁荣的高级别会议,以保持去年的类似会议,这是阻止移民进入美国的第一步。
但在9月中旬,高官們清楚 他們打算在會議上繼續 徹底放棄對薩爾瓦多的制裁
副總裁Mike Pence被指派來主持這次會議, 現在是10月中旬的預約,
三位美國 差務官坦然回到了薩爾瓦多、巴拿馬和多明尼加共和國 而不收到來自華盛頓的...
一位來自白宮的波頓先生 拒絕對三位美國官員和兩名外交官的 辯論進行評論
在政府旁邊的一位外部分析師證實了這點 他還是想保持匿名
研究歷史
特別檢察官Robert Mueller在公佈報告中 可以指控Trump妨礙司法公正
穆勒的调查显示 在总统竞选期间 特朗普可能与俄罗斯碰撞
如果國會傳達給民主黨的話 Trump就應該向選舉人和陪審團提出這些指控
你們的隱喻有很多,我並不認為Trump的墜落是不可避免的,
在大西洋的兩邊,我們必須做出選擇 決定戰爭會持續多久
1938年,德国军官准备对希特勒进行政变 如果西方势力阻止了他,并支持摩纳哥的捷克斯洛伐克
那次我們失敗了,因為我們沒有機會 避免了多年的殘骸
歷史的課程在這些轉折點上轉, 民主的不懈運動正在加速或遲到。
美國人民現在必須面對不同的事情
如果特朗普決定解雇羅德·羅森斯坦首席檢察官 那個控制穆勒的命運的人
羅森斯坦的立場自從這份報紙上 得知去年他偷偷建議讓特朗普上台 質疑他是否有能力重塑總統職位
Rosenstein說"时代周刊"新聞是不是真的
"如果联邦调查局对Brett Kavanaugh的新调查没有完备或不公正呢?"
最重要的是 一半的任期 我們是否會投票 給特朗普的國會
如果我們不能通過這些證據 民主必須做好面對漫長的冬天的準備
但我在布拉格學到的教訓讓我覺得我們能行
我媽媽是捷克的一個猶太人 被從同一個納粹政府驅逐出奧斯維辛 曾經接管我的大使館
她活了下來 搬到美國 60年後 她讓我用野餐點燃安息日蠟燭
有了這樣的遺產,我就只能為未來做樂觀者。"
Norman Eisen, 布魯金斯研究所的Fellow先生,華盛頓公民權和Ethics組織的主席, 以及The Lat Palace: Europe's turbulent Century in Fives and One New York House的作者。
Graham Dorrans 游騎兵隊最有魅力的 和Vienna Rapid的會面
星期四,游騎兵們會來歡迎Rap Vienna 因為知道在抵制西班牙的Villarreal之后
格雷厄姆·多朗斯的中等兵在比拉里爾球場上 参加了第一季第二季的球賽 他認為這會讓游騎兵做大事
"對我們來說,這是個正面的結果,因為Villarreal是一個很好的團隊" "Tulner's a good team," 他說, "三十歲的球員說,"這是個很好的結果。" "It's a positive result for us,because Villarrel is a good team," he said, "三十歲的球員" the 30th -y baller.
「我們已面臨比賽,相信我們做得不錯」 「我們帶回家一個點」
也許我們可以在極限賽上贏 但畢竟 分數是正確的
他們一開始就更好了 而第二個我們玩得更好
就星期四而言 這將會是另一個偉大的歐洲夜晚
希望我們能贏這三點,但這會是個艱難的比賽,因為我們的對手在最後一局比賽中取得了成功。我相信,在公眾的支持下,我們不會失望的。
去年我的線人變化和俱樂部的變化非常困難 但現在的情感是好的了
團隊都很好 小伙子們玩得很開心 準備得不錯
所以我們可以忘掉過去的季節 并考慮未來。"
女性擔心長期援助費
即使參與民意調查的人 也有明確的觀點 他希望得到什麼幫助 但很少有人面對家族爭論
約有半數的國家衛生組織的訪問 說他曾與自己的長期援助成本協商談過
只有10%的人聲稱他們已經和自己的孩子談過了
根據霍莉·斯奈德 國家衛生安全部副總監 霍莉·斯奈德所言 "人們希望自己是家人的成員 照顧他們" "但他們沒有面談"
這就是從何說起
跟你的同伴和孩子好好聊聊吧 若你們不按時溝通 你們不能準備陪同你們家
如果您有一位顧問,請與他及家人一起決定 你們希望得到幫助的地方和方式, 因為這些因素對成本有一定的決定性。
包括一名財務顧問,他可以建議你們支付你應負的費用
长期援助的融资选择可包括传统的保险金或混合的生命保險,以支付这些费用或继续向保险支付资金,直到他能够做到为止。
做好一切必要文件准备 以避免法律上對你的死亡之戰
請任命一位醫療助理檢察官 這樣一個你信任的人 可以監督醫療治療 確保專業人士能滿足你的需求
你們也應該考慮一下 為你們的資金進行搜救的機會吧
你們可以選一個可靠的人 做自己的金融決定 確保賬戶會付清 以防你無能為力
別忘了這些細節 想象一下你老的祖父母 會被送到醫院去急診室去
你們能回答那些關於藥物和過敏的問題嗎?
請詳細地寫下這些信息 這樣我們就能隨時做好準備了
"這不僅是金融問題, 醫生們是誰?"
"什么是藥?"
誰來照顧狗?
准备好迎接任何意外" "Bood for any events."
在伊弗拉科姆被射中的人多得是空槍
一個人被多次用空槍擊中 在晚上走出去後步行回家
受害者,40歲,在德文的牛津格羅夫州伊法拉科姆州伊爾法拉科姆市,當她被胸部、腹部和手部擊中時
警察描述了槍擊案 是在凌晨2: 30左右發生的 像是"隨機應變"
受害人没有看到袭击者
她沒有生命危險 警方正在尋找目擊者
* 印尼地震和海啸*
根据官方消息来源,至少有384人在地震后死亡,周五海啸袭击了印度尼西亚的Palu市。
通信中断了,救援人员也未获任何消息 来自帕劳北部一个地区,靠近7.5度地震的中心
灾难之后,有166 000多人被帕鲁疏散
蘇拉威西島的Palu和Dongula 有一些基本數據:
帕魯是蘇拉威西中央省首都, 位于蘇拉威西島西海岸的海灣,2017年人口約379 800人。
當她被地震和海啸擊中時 這座城市正在慶祝她40歲的生日
位于苏拉威西北部的海岸长达三百英里(180英里)的海岸线
治理,一個由一個省的行政區,2017年人口約299,200人。
渔业和耕種是蘇拉威西中央省(中部),尤其是東京海岸地區的主要經濟來源。
硝基苯甲硝胺的提取在省份是重要的活动, 但主要是在蘇拉威西海岸的莫洛利。
帕鲁和唐古拉在过去100年里遭受海啸袭击数次 根据印度尼西亚的反政府措施
1938年,一个海啸杀死了200多人 摧毁了百多人的家园
1996年又一次海啸襲擊了東京西區9人
印尼在太平洋的地震區 系著防火帶 經常被地震擊中
以下是近几年来最猛的地震和海啸:
2004年12月26日,苏门答腊北部Aceh省西海岸发生严重的地震,造成14个国家的海啸袭击,在印度海岸附近杀死226 000人,超过亚齐一半。
2005年:一連串的地震襲擊了三月底和四月初的西蘇門答臘海岸
數百人死在了蘇門答臘島上的尼阿斯島上
2006年:6.8次地震袭击了吉瓦南部,是印度尼西亚最人口最广的岛, 造成海啸袭击南岸,造成近700人死亡。
2009年:西薩摩特拉省首都帕朗市發生7.6級地震
受害者是1100多名
2010年:7.5次地震击中了Sumatra附近的Mensai岛之一, 造成10米高的海啸,摧毁了数十个村庄,杀死了大约300人。
2016: 一次微弱的地震袭击了Pie Jaya在Aceh的统治者, 造成民众的恐慌和破坏,提醒人们2004年地震和海啸的破坏。
在這例中,沒有海啸 但有100多人死在了廢墟裡
2018: 突襲印尼的隆波克觀光島, 殺害了500多人, 其中大部分在島北部。
地震摧毀了成千上萬的建築 暫時阻擋了成千上萬的游客
Sarah Palin的長子被捕了
特拉克·佩林,前阿拉斯加州長的兒子 以及副總統候選人莎拉·佩林,被控犯有侵略罪
根據星期六從阿拉斯加州特羅普斯州帕林市的報告, 29歲,瓦斯拉, 阿拉斯加州瓦斯拉州, 被捕,因為涉嫌家庭暴力,
報告說,當一個熟人報警 報案者想報案時,他撕破了她的手電話
帕林被調到Mat-Su Facility中心,他的保釋金是500美元
電視上說,他星期六被審訊了,他自稱是清白的
帕林可能被判三宗重罪 被判监禁一年 罚款二十五万
和2,000美元的罚款。
這已經不是帕林第一次被控犯有犯罪行為了
2017年12月,他被指控袭击他的爸爸 Todd Palin
莎拉·佩林的妈妈打电话报警报警 报案说有人袭击了 Sarah Palin's mother called the police to report a reported assault.
案件目前在阿拉斯加的退伍軍人法院的審核之下
在2016年1月,他被指控犯有侵犯家庭罪, 妨碍了关于犯罪和持有武器的控诉, 与这次事件有关,他喝醉了。
他未婚妻被指控用拳頭打她
莎拉·佩林于2016年被退伍军人团体批評 是因为她儿子的暴力行为 与伊拉克的创伤后压力综合症有关
地震和海啸,印尼有上百人死亡
至少有384人在星期五地震后死亡 并击落了Sulawesi的印度尼西亚岛
地震7.5波引起了海啸,摧毁了成千上萬的房屋。
電網和通訊系統都失靈了 而受害人的預算在接下來的幾天內會上漲
地震襲擊了東北部的蘇拉威西中央,印尼首都雅加達。
社交媒体圈圈圈了一段影片,其中展示了撞击的時刻。
當海浪在海岸沉沒時 數百人聚集在帕魯市的海灘派對上
聯邦檢察官要求對NYC的恐怖襲擊嫌犯 判死刑
紐約的聯邦檢察官要求對殺害八人者的Sayfullo Saipov宣判死刑:
三十歲的賽波夫,被指控使用一家家德波特租的卡車 在西西區海威 投資了十月份的乞丐和賽車
根據紐約南部地區要求死刑的條件 檢察官必須證明Saipov 殺害了8名受害者
根據法庭的文件 這些控方的頭兒都有可能判死刑
袭击后,一名联邦大陪审团 发布了22名被告人Saipov的货物 包括八起与犯罪团伙的谋杀指控 联邦检察官在有组织的犯罪案件中一般使用 以及一项关于暴力和破坏车辆的指控
襲擊要求「一如既往的計劃和預謀」, 檢察官說,塞波夫如何將他描述為「暴行、殘暴和墮落」
初步通知指出,「塞波維奇·哈比布洛·塞波維奇 傷害、傷害和損失了 Diego Enrique Angelini、Nicholas Cleves、Ann-Laure Deadt、Darren Drake、Ariel Erlij、Hernan Ferruchi、Hernan Diego Mendoza 和Alejandro Damian Pagnúcco的親朋好友」。
五名受害者是阿根廷游客
自纽约南部地区追查了最后一宗死刑案以来 已经十年了
被告Khalid Barnes被控謀殺了兩名緝毒犯,但最后他于2009年9月入獄
于1953年在纽约最后一次执行死刑 是因为Julius和Ethel Rosenberg联邦案
1953年6月19日 罗森堡的同袍在电椅上死去
根據烏茲別克的原住民塞波夫的法庭文件 在襲擊發生後的幾個月里 他沒有任何悔恨的跡象
警方說在調查員面前 他為自己的行為感到驕傲
檢方說Saipov在她手機上看了ISIS的視頻后 跟警方說她決定結束這次襲擊
他還叫警察把ISIS的旗子掛在了醫院的臥室里
22名被告首府已宣布无罪
David Patton, 一名代表Saipov的聯邦公共辯護官, 顯然表示"失望"了
"我們認為,要求死刑的決定... ...而不是接受有罪的認定... ...和宣判無可避免的... ...
賽波夫的辯護者們 之前向檢察官們祈禱不要要求死刑
Tory國會成員說,NIGEL FARAGE 要進行Brexit的談判。
Nigel Farage今天發過誓 在Tolys Party的示威游行中 "解散人民軍"
當Theresa May議會的成員建議他與欧洲联盟談判時, 英國獨立黨的前領袖表示,政治家們必須對歐盟施加壓力。
三月二日 保守黨議員Peter Bone對Birmingham說 如果Farage是布列希特國的國務卿的話
但是,梅要面對的挑戰是,要重新平衡黨黨黨的立場... ...在多里派支持者... ...在歐洲的永久性... ...參與了在倫敦的布列克西特的獨立抗議活動。
首相正在努力在布列克西特的支持者 以及那些希望留在欧洲和欧洲联盟的人 实施《契克斯平计划》。
盟軍堅持跟布魯塞爾達成協議, 盡管我們非常合力,
在Leave Means Leave組織的開幕後, Bone說要放棄"金剛計劃"
建議你跟布魯塞爾談判的任務 應該交給法拉奇
他說「現在我們已經在歐洲外了」 "He said we'd be out of Europea".
"我是為Brexit,但我們必須放棄"
解釋他反對歐洲的理由,他說:「我們沒有為奴而奮戰世界戰爭。
我們希望我們國家的律法得以生效
Bone拒绝了以下观点:2016年投票改变了舆论:“英国改变主意并希望留在欧洲是完全错误的。”
Tory Andrea Jenkyns议员 布列克西特的支持者也加入了法庭,并告诉记者说:"我只向总理提供听众。
Chequers Plan對一般的公眾觀點不滿, 反對者不會投票, 並且不享受我們黨的樂趣,
忘了Cheques Plan吧,你开始听吧。"
在密封的短信中,梅加了一句:"第一部部长在遵守诺言后可以保留位置"
法拉奇在開幕時說,如果他們想背叛2016年全民投票的決定, 政客們就應該能感受到「壓迫」的壓力。
"現在這是我們人民、人民、政治類之間的信任問題",他說了。
"Stan 想背叛Brexit 而今天我們在這裡"
在給熱心民眾的留言中,他加了一句:"我想讓你們感受一下 對我們的政治類別施加的壓力... ...這將要背叛Brexit。
我們打算動動這個國家的人民軍隊 投票給布列希特 我們不會就此罷休 直到我們成為獨立、自立和自豪的英國
在此同時,在歐洲的優惠者們在Birmingham街對面行駛 之前,在市區的一個兩小時內到達了市區。
這個週末我們組建了一支隊伍後 特裡家族對準了布列克西的旗子
工人在會議开幕式上 受到了保守派的打擊
"這些是那些說可以安裝IT系統的人 以及加拿大的合同所需的所有技術 以及那些不受吸引的境界和在爱尔兰的無疆界的商業" "the people who say we can in安装IT systems and the whole tech for the Canada's deal," 同時又加了它的名字 on the end of the streets and non
全是假象 It's all a fraud.
Brexit不存在"已成定局
Warren真的想要竞选总统
美國參議員Elizabeth Warren說 在11月的選舉之后
根據《波士頓環球報》 周六馬薩诸塞州民主議員 在西馬薩诸塞州的一個市長會上 談到未來
沃倫,對於唐納德·特朗普總統的批評,于11月重新參選,反對共和黨Geoff Diehl, 他是2016年在馬薩诸塞州Trump竞选的共同主席。
2020年抗擊特朗普的假設已經在空中了
周六下午在霍利可克举行的 是在Trump被围困后 和第三十六届选民会面的
一名參賽者問您是否想參選總統
Warren說是時候"女人去華盛頓修復政府了" 這就意味著一個女人要重新裝修最高的電台了"
你因謀殺LSU Sims的球員被捕
路易斯安那州巴吞鲁日警方 报告他逮捕了一名嫌犯 涉嫌在星期五遇害的LSU籃球員Wayde Sims
巴吞鲁日警察局宣布,20岁的Dyteon Simpson 被捕,于11: 00在TERNews。
星期五她发布了一起凶案录像 要求警方协助确认身份
辛姆,20年,他在南大學的校園附近被擊中并被杀
"Wayde Sims把一處槍傷帶回他的頭部 造成死亡" Murphy J. Paul警察局長在247Sports上說
Wayde為保護一個朋友而出手 并被辛普森擊中
辛普森被审问了 并且承认他当时在案发现场 手里拿着武器 并被威德·西姆斯击中
辛普森先生在东巴吞鲁日警察局 在巴黎被捕并处于停顿状态 Mr. Simpson has been arrested without incidents and arrested at Parish P. B.
在巴吞鲁日,去年的西姆斯球季 举行了32次比賽,10次比賽,每場比賽都要以17.4分,5.6分,2.9分
俄羅斯大獎:路易斯·漢密爾頓(Lewis Hamilton) 在賽巴斯蒂安·維特爾獲勝後,
週六,瓦特裡·博塔斯在路易斯·漢密爾頓同志面前 參加比賽時 顯然賓士隊的指令 將會非常嚴謹
在兩周內讓漢密爾頓為Vettel的攻擊辯護
Vettel首先站在盒子里 把Hamilton留在隊尾的途中
奔驰 奔驰 奔向Vetel后面的跑道
馬克思·弗斯塔潘是最後一排的 但在第一次巡回賽中 他21歲生日已經第七個了
所以,你帶領大部份的比賽... ...不至于因為剛好改變了口香糖而停止比賽... ...并試著快速完成... ...
但最後你必須在44轉角按壓 剩下的8圈內,你無法超越到第四個到的Raikkonen
"今天很辛苦 因为瓦尔特里整个周末都干得很好" "It's a rough day because Valtteri worked well for the whole weekend 并且他对我的过去很客气" "and he's very nice to make me past."
球隊很出色地征服了第一和第二個位置,他說漢密爾頓。
身体语言不佳的例子。
唐納德·特朗普總統在週六的開幕上 嘲弄了戴安·菲恩斯坦議員 他堅持不透露 Christine Blasey Ford的來信內容 他指控他強暴了最高法院的候選人Brett Kavanaugh
在西弗吉尼亞州一案中 總統沒有直接提到 福德在參議院面前的證詞 但他表示參議院所發生的事 證明了人們是"殘忍的 殘忍的 騙子"
"可能發生的事 以及最近幾天在參議院發生的事" "在人們憤怒 厭惡 壞 說謊的人們"
當有明顯的跡象被傳出去 負責人會說 "哦,不,不是我干的
我永遠也辦不到
記得嗎?
戴安·芬斯坦 你透露了嗎
記得他的答案嗎?
哦,不。
我沒有"
等等
"不,不,不,不,不,不,不,不。"
福特控訴卡瓦諾的信于七月發回芬斯坦 内容在9月初被公布 但菲恩否认
"我并沒有掩蓋福特教授的控訴 "但我沒有揭發他的故事" Feinstein told the commission 據他從The Hill帶回來的消息。
"她叫我保守秘密 而我照做了" "She asked me to keep the secret information and I did."
但是她說的那些話對總統來說太不可信了 她星期六晚上的開幕儀式上說 "我說,這只是一個壞身體語言的例子"
也許他沒有,但這是我見過的最壞的身體語言。"
他繼續為最高法院的候選人辯護,他被指控有三名女性性犯罪,總統表示,民主黨正在利用這些指控來指控他自己的陰謀。
他們用任何必要手段 試圖重拾權力
你們見識到了邪惡和邪惡的一面,他們不在乎是誰傷害了誰,誰需要從上面來奪取權力和控制權。"
{\pos(190.402,228.833)}伊萊特·萊格 {\pos(190.402,228.833)}鄧迪·星斯
Patrick Dwyer為巨人隊得分了兩球
Dundee Stars在Elite League的比賽中 星期五在貝爾法斯特·巨人隊的比賽中 比賽結束後 又重新回到Dundee的5 -3次比賽中
巨人幫在Patrick Dwyer 和Francis Beauvillier的頭上 取得了兩分的進攻
Mike Sullivan和Jordan Cownie 在Dwyer把巨人趕回大本營之前 把整隊人帶到了路邊
Francois Bouchard在Lukas Lundvald Nielsen的两球之前 划定了邓迪部落的围墙
這是亞當·基夫在貝爾法斯特 星期五晚上在貝爾法斯特 和鄧迪隊的比賽中 第三次失敗了
這季的兩支隊伍已經見過四次了 巨人隊贏得了第三場比賽
Dwyer在3: 35分在Kendall McFaull的聽證會上 得分第1球, 而Beauvillier在看David Rutherford的四分鐘後又加倍了。
蘇利文在1點10分回到家中 在Matt Marquardt在15點16分向Cownie提供平臺助理之前
Dwyer授予巨人幫的優勢... ...
波沙爾德在27: 37的戰略行動後重新建立了圍牆。
考尼和查爾斯·科爾克蘭為尼爾森的行動做出貢獻 使得鄧迪一家在第二回合末的比賽中 首次取得優勢
巨人隊,在最後五場比賽中 失去了四場比賽中的四名將在星期五Milton Keynes家打下一場比賽
航班控制员已死 允许数百名乘客撤离地震
一名在印尼的航空管制員在死後被稱作英雄 以至于能搭上成百上千名乘客的班機
800多人死亡,其中许多人因周五地震而流离失所, 苏拉威西岛遭受海啸袭击。
強烈的騷亂仍在對這個區域產生興趣 很多人被困在帕魯市的廢墟裡
但儘管他的同事逃了出來 救了他的命 21歲的安托諾尤斯·烏卡萬·阿金戈 在帕魯的穆蒂亞拉機場的控制塔上
他想要确保巴蒂克航空6321班机顺利起飞
所以他以為要墜落時 就從控制塔跳下來了
他在醫院過夜就死了 He died later at the hospital.
印尼航空航行部長約翰斯·西裡亞說 這決定可能拯救了數百人的生命 據澳洲航空 ABC 新聞發佈者所言
我們準備了一架從卡利曼坦的直升飛機 帶他到另一個城市的一家大醫院
不幸的是,他今早在直升机到达帕鲁之前就死了
"對我們來說這是個非常悲慘的消息"他補充了
在此同時,當局擔心受害者數可能達到千人, 以及為災難而爭辯的國家機構 告知道古拉市、西吉市和布頓都受到限制。
致死之意是要增加,因为很多屍體仍躺在廢墟下, 并無法接近其他人,
在那里高達六米處的帕魯被摧毀了 星期天將會舉行一個大型的墓地
軍事和商務人員正在運送援助和生還者
35歲的媽媽莉莎·庫舒馬 對天報說 "每分鐘有一輛救護車運送屍體"
清潔的水都用完了
零售店在任何地方被洗劫。"
Jan Gelfand, Indonesia 红十字会的负责人, Jan Gelfand, 告诉CNN说, "印尼红十字会正在尽力帮助幸存者,但我们不知道他们能找到什么。
情況已經很糟糕了 但情況可能更糟了
印尼總統喬科·維多 星期天抵達帕魯,對國家軍隊的人說:"我要求你們 日夜夜工作,完成所有疏散活動
你們準備好了嗎?" 根據CNN帶來的資料
每年,印尼已經在隆波克受到地震襲擊, 在那里550人死亡。
密克羅尼西亞的空難事件:
航空公司在密克羅尼西亞的太平洋上坠毁后 宣布所有47名乘客和机组人员 都已获救
據Nugini航空消息 周六下午有乘客失蹤
航空公司證實他正與地方政府 醫院和調查員通話 想要找到這個人
航空公司尚未立即答复旅客详情要求,例如年龄或民族。
当地船只允许乘客和机组人员在事故发生后安全降落 飞机试图降落在楚克岛机场
根據官方消息,星期五有七人被送到醫院
航空公司說,六名乘客 周六被送到醫院,大家都安然無恙
造成事故的原因和事件的确切序列还未明了
航空公司和美国海军陆战队声称飞机失事了 因为没能成功
有的目擊證人說飛機已經越界了
美國乘客Bill Jaynes表示 飛機已降至最低限度
"Ed真的非常幸運" 他說Jaynes
Jaynes解釋說 他和其他人走在水中 走到了生命垂危的深淵 他們已經到達了飛機的緊急出口
他补充说空姐们惊慌失措大叫 头部中了一枪
根據美國海軍的說法,甚至有些海軍在附近工作 修橋,他們用一個橡皮艇 運送人們上岸之前, 飛機在30米(100米)的水中沉沒。
航空安全网的数据表明 在过去20年里 有111人死于PNG的空运事故
分析家在重建被活活燒死的女人的那晚
2014年12月,在新庭审中,控方提出控方的證據... ...控方于密西西比州一名女性被活活烧死
美國司法部分析員Paul Rowlett在情報分析方面 做了幾小時的證詞
你向陪審團解釋了 她用手機數據重建20人被起訴的 Quiton Telis 和19歲受害者Jessica Chambers
據Clarion Ledger所說, Rowlett說,他收集了一些手機的追蹤資料 表明Telis和Cambers在被害當晚是同一人
當數據顯示他的手機與Chambers聯繫時 警方已與Sanford聯繫
珊福德周六出庭作证 并作證說那天他不在鎮上
當地方檢察官問Tellis是否說出真相 說那晚在Sanford的卡車上
另一個不為人知的事實是Tellis說 在她去世的兩周前
手機數據顯示他們才認識一個星期
Rowlett 解釋說 在錢伯斯死后 Telis 從他的手機中刪除了錢伯斯的短信 電話和聯繫信息
「她從她生命中抹去生命」,她說Hale。
辯方周日會開始議論
法官預料到審判會在同一天晚些時候傳到陪審團
高布里德: 什么是Hip -Hop knowing?
三合會想挑戰這樣的負面觀念 投進正題信息中
布里斯托爾的《高地報》組織 認為Hip -Hop在傳播政治消息和宣佈社會問題時 已經離家出走
他們想要回到原來的生活 重新做一種Hy -Hop knowledge.
像逃犯和共產主義者一樣的藝術家 最近因阿卡拉和盧基這樣的人而回到英國
又一個黑人? Is another black?
一個紐約的保姆 引述了一個因解雇她而開除了她而開除的夫妻
紐約有個保姆引用了一對因以歧视性方式解雇她 而被起訴的對象
夫妻們否認自己是種族歧視者... ...和真正的勒索者是一致的
林賽·普拉斯科·弗拉克曼,兩個孩子的母親 她表達了她不滿的心情 當她發現她的新保姆吉賽爾·莫里斯
普萊斯科 -弗拉曼太太在給丈夫的短信上寫了這封信
但是她不把它寄給丈夫 她已經送給莫里斯小姐兩次了
據紐約郵局所說,在她意識到錯誤後 Plasco-Flaxman女士 "丟臉"就解雇了Maurice女士 她說她不滿意她的前任保姆African American
你付了莫里斯小姐一天的工資 送她回了家用出租車
Maurice提起了婚外情,为了被炒鱿鱼,要求全日制工作6个月的美工补偿350美元,即使没有合同。
"我希望他們明白他們不能這樣做" "她星期五在郵局宣布" "我明白這是歧視"
夫妻回答了種族歧視的指控 認為莫里斯被開除是唯一的辦法 因為他們擔心一旦冒犯了她 就無法信任她
"我老婆給她發了一條短信 她說了些她不想說的話"
她不是种族主义者 She's not a racist.
我們可不是種族歧視者」 「在郵局宣布她丈夫Joel Plasco
"你愿意把你的孩子托付給一個曾經被寵壞的人嗎 即使你錯了?"
你們的寶寶?
我倒覺得不是"
普拉斯科說,他妻子剛生了兩個月,而且身處一個非常困難的環境中。
"你不能以這種方式跟人交往"
這不是個好行為",他加了財務顧問。
就在法律诉讼仍在进行中 公众舆论法庭立刻宣布 社交媒体上的纠纷 强烈地批评他们的行为和逻辑
帕丁頓的出版商擔心讀者會不喜歡 說話的熊
邦德的女儿Karen Jankel 在书被接受后不久才出生的 她对这封信的评论是:
如今我們知道帕丁頓成功的消息了 這很有趣
據我所知,他爸爸在BBC工作的攝影師... 在寫小熊發明的兒童書之前... ...他不會對自己的作品的拒絕有好感... ...他补充說,今年的60周年書出版日... ...在去年他去世後有點"悲慘"
說到帕丁頓 你形容他為"我們家族的一位重要成員" 加上他父親對自己成功很驕傲
他說:"他是個很安靜的人,不是自以為是的人"
"Ma Paddington 對他來說如此真實 "Paddington was so real to him, "他的行為就像他有個兒子在跑步一樣" "that he's behave as when he's got a son to run a chair: 雖然他不是你的功勞你為自己感到驕傲"
我想你用這種方式理解帕丁頓的成功
就算這是他的想像力造就了它 它也歸功於帕丁頓自己
我得跟我女兒說再見,她快死了
迫降时,她的女儿被送往Nizza Louis Pastor 2医院, 在那里医生们试图拯救她的生命
"Nad打了好几次电话 跟我说情况真的很糟糕" "Nad called me a few times to tell me that it was really bad," "我们的女儿不会成功的" "and our daughter wouldn't make it." "Ednan-Laperous太太说"
"所以她叫我來告訴我 她幾分鐘內就會去世" "and she called me to tell me she would die in minutes... 我得跟她道別" and I had to say goodbye.
而我做到了 And I did it.
我說「塔希,我愛你」
我很快就能和你在一起了 I'll be together soon.
我和你一起去 I'll be with you.
醫生給她的藥效 讓心臟繼續跳動
她死之前不久,一切都完了
我不得不坐在那里等待... ...等待... ...等待... ...这一切发生。
我不能抱怨,尖叫或哭泣... ... 因为我被家人和人包围了
"我真得憋住自己"
最后 埃德南-拉波魯斯夫人因女兒的失落而悲痛欲絕 她和其他人一起上了飛機
"沒有人知道" 他說
"我一直在低頭哭哭啼啼"
很難解釋,但我在飛機上時... ...我感覺到了與Nad的團結感
我想她需要我的愛和我的理解
"我知道我有多愛她"
兩個女人為了阻止自己在橋上自殺而苦苦哀求
兩個你愛的女人自尋死路 努力阻止其他人做出同樣的動作
Sharon Davis和Kinky Humphreys 在威尔士桥上的桥梁上被袭击 带有动机的留言和电话号码
戴維斯的兒子泰勒 他13歲的時候患有抑鬱症 在18歲時自殺了
"我不希望任何父母 每天都有我的感受"
住在Lydney的Davis 说她儿子是个有传染性的笑容的厨师
人人都知道他的笑容
他們常說她會點亮她進來的每一間房"
但在她死前 她離開了工作 因為抑郁症讓他陷入了黑暗
2014年,当时他11岁的哥哥泰勒 在他死后找到了他
戴维斯說 "我仍然擔心... ...
他制作了票 "让人们知道 有人可以求助 即使他是朋友
他們不能隔離,他們必須談。"
多年來Davies的朋友Humphreys 失去了Mark 15歲的搭檔 在Davies的母親去世后不久
"你从没说过他感到低落或抑郁" "You never said he felt down or depressed," 他说的.
"在圣诞节前的几天里 我们注意到他的态度变了" "We noticed his attitude changed."
圣诞节那天,他触及了底部。 当孩子打开礼物时,他避开了眼球。"
他說他的死是一場巨大的創傷 他們不得不造出 "他拋棄了家族"
他把我們都撕成碎片了
"但我們必須勇往直前" "But we had to move and fight."
如果你覺得自己辦不到,你可以隨便打116 123個撒馬利亞人組織(聯合國和愛爾蘭 ), 發送一封電子郵件到我@samaritans.org,或到Samaritan的網站來訪。
Brett Kavanaugh的前途不明朗 FBI已着手调查
"我想,如果我們能按照你的要求進行... ...即使在時間和情況下 我們也能完成有限的調查" "Flake Saturday said that he was afraid '委员会會因為被放逐的贊助者們而失去寧靜' "the Commission was "losing tranquilished by the administers."
為什麼卡瓦諾和他的共和黨支持者 不想讓聯邦調查局調查?
他們的拒絕是因為時間的選擇
11月6日,只有5周的任期。
George W. Bush打了参议员的电话 要求他们支持Kavanaugh 他为布什在白宫工作
FBI完成了報告後會發生什麼?
他將在參議院投票,目前他是由51個共和黨和49個民主黨人组成的。
還不清楚卡瓦諾能否在參議院贏得50票 這會讓麥克·潘斯 副總統破案
和Kim同居的北韓政治難民數量
韓國立法者說,要求南韓政治避難所的北韓人數已經下降了,自從金正恩七年前掌權了
Park Bayong-Seug在引用南韓聯邦部長的資料中說, 难民在去年1 127人反對2011年2 706人。
帕克先生解釋說主要原因對北韓和中國之間的邊界 以及那些非法出獄的最高標準
平壤沒有發表公開聲明
大部分北韓的難民最后都將得到南韓公民的同意
據首爾所言,1953年韓戰結束後,30,000多名北韓人非法越過邊境
大部分人越过中国,越过朝鲜边境 越过非军事区越好
. . . .
北方和南方之間的關係,在技術上仍然在戰爭中, 在最近幾個月裡已經有了很大的進步。
這個月兩國已經在平壤見面 談到核化議題
在6月美国总统唐纳德·特朗普和金正恩在新加坡举行了历史性会谈之后 他们同意合作解决朝鲜半岛的核武器问题
周六,但北韓國外部長李勇浩 批評美國的制裁 是因為缺乏發展力
"沒有美國的信任,我們不能確定我們的國家安全。 "在這種情況下,我們沒有機會 单方面的驅逐。" 他向紐約聯合國大會(聯合國總理)發表演說。
南希·貝爾特·卡瓦納格(Brett Kavanaugh)稱其為"神秘" 并說這對最高法院來說不合適
Nancy Pelsi的領袖 定義了最高法院的候選人Brett Kavanaugh "神秘"
皮條客在德克薩斯的特裡布恩節聚會上 發表了這篇文章
"我想如果一個女人也這樣對待她 他們就會稱她為"" "Perci說她周四在參議院的眾議院面前 發表一篇關於卡瓦納夫的聲明" "I think if a woman did the same, they'd say her a wife's exposure,"
顯然,卡瓦納夫先生否認了對克莉絲汀·布萊西·福特教授 性侵犯的指控
他的演講開始時,卡瓦諾的情緒很緊張, 幾乎要尖叫了, 哭得要死, 哭得要命
他還以最明確的方式宣判了委員會的民主黨人... ...他宣稱他有罪的...
皮洛西認為卡瓦諾的證詞證明他不能進入最高法院 因為他已經證明他對民主黨有預兆了
「我認為他自以為是用自己的口供 以及他對克林頓人和民主黨的言論自由」 「他已經說過了」
佩洛西在被询问是否能證明卡瓦諾有罪 以及民主黨是否將大眾逼到人民黨
「我認為如果你不向國會或聯調局說實話,
卡瓦諾現在成了 哥倫比亞區巡迴巡迴巡迴法庭的法官
皮爾西補充說,作為民主黨人, 她擔心卡瓦諾對Afffordable Care Act 或Roe v. Wade做出的潛在決定,因為他被視為保守法官。
克瓦諾在庭上作證時 偏離了他對推翻最高法院某些決定的意圖
{\fnSIMHEI\fs22\1cHFFFFFF\3cHFF8000}她说:"你不能派一个歇斯底里的人去最高法院 {\fnSIMHEI\fs22\1cHFFFFFF\3cHFF8000}并要求作出这样的决定" {\fnSIMHEI\fs22\1cHFFFFFF\3cHFF8000}这是积极的。"
女性需要使用它。
她病情不佳 几个月又多年的狂躁症 她哭得一塌糊涂就出不來了
"我們生氣時哭吧" Steinem說 "45年後"
"我不覺得很怪,你呢?"
她不停地說:"她幫了我很多忙" 她說她生氣時也哭了
但我很生气" But I'm angry.
所以她一直走下去 So she kept going.
"我以為這是你的主意"
泪水是一部分的狂怒 因为它根本就没有被理解
這是我以前在一個男性優先辦公室工作過的最微弱的記憶之一。 我曾經因憤怒而哭過一次。
"永遠不要讓人看見你哭" 他說
"他們不知道你很憤怒"
他們認為你很難過,因為你被揍了
帕特里夏·施罗德 那么科羅拉多國會的民主黨員 和Gary Hart合作 參加了總統競選
1987年,当Money Business在一艘名为Money Business的船上 发现Hart的非婚外情 不得不放弃比赛时,Schroeder非常失望,
他說:"這不是一個明智的決定" 他說,30年后,他還笑了我們
"現在又有七位候選人在競爭中 顯然不需要另一名候選人"
有人稱他們為"Biancane和7個侏儒"
鑒於競選已經是進步了 Schroeder在募款晚期了 我發過誓如果她沒收兩百萬
那只是起死回生的起因
他發現,一些捐給男性候选人1,000美元的 支持者 將只給250美元
他們以為我能拿到折扣嗎?
當她有發言要宣布她不會發動任何正式的活動時,她被情感所驚嚇(對支持她的人來說,失望)(對這個制度造成更難以找到錢和競選者),
他提醒了Schroeder注意媒體的反應
"有人可能认为Kleenex是我的公司赞助人"
我記得我想到了他們寫給我的墓碑上的東西
可能"多花點時間"
美國的中國貿易戰爭如何才能讓北京好起來
美國和中國之間的商事戰爭的開端是散發的,而當戰爭結束時, 專家們說,兩國之間的對立對北京來說,是可以長久的
唐纳德·特朗普 美国总统 唐纳德·特朗普 今年早些时候已发出首次警告
最有意义的考量是本周在文章上加上200億美元以上的文章(175億歐元)
北京每次都以相同的方式反應 和最近用五到十亿美元的美式美式美式貨一樣
中國已經承諾過要對美國做出回應 而且不可能讓世界第二大經濟力量 迅速倒退
因為華盛頓放棄了它,它必須放棄它的要求, 但公開向美國投降會太丟臉了,中國總統李振平
專家們仍然認為,如果北京的牌是好的, 美國與美國的商事戰爭的壓力會對中國造成积极影響, 降低兩國經濟的相互依存性。
"因此,华盛顿或北京的快速政治决策 能够创造两个国家经济崩溃的初期条件,实际上比以往所承认的更加危险" "Abigail Grace 认为,亚洲研究中心研究新美安局的研究员Abigail Grace
敘利亞為牧羊人歸來做好準備 支持外國部長
敘利亞說,他已經準備好回到農民身邊 并正在尋求幫助 重建這個被毀滅的國家 超過七年的戰事
在聯合國總理大會前 Walid al-Moualem外國大臣說 國家狀況正在好轉
他表示,“现在领土上的局势更稳定,更安全,因为在打击恐怖主义的斗争中取得了一些进展。”
政府仍在重建恐怖份子 重建正常秩序的地区
現在有一切條件讓牧羊人自愿返國 因為恐怖和单方面经济措施 影響了他們日常生活和維護
根據聯合國的估計,超過550萬敘利亞人 自2011年戰爭開始就離開了這個國家
其他六百萬人仍然住在敘利亞 他們需要人幫忙
穆阿勒姆說 敘利亞政府會愿意提供幫助重建這個被毀滅的國家
但他說,他不會接受任何條件下或支持叛軍的國家提供的援助。
欧洲征服了巴黎的Ryder Cup
歐洲隊贏得了2018年的Ryder Cup 在法國的Le Golf Nacional外贏得了17.5到10.5的美軍比賽
美國在歐洲的土地上丟失了六次 而且從1993年起 就沒有在歐洲贏得過雷德杯了
欧洲在丹麦队长Thomas Bjorn 抵达 击败美国需要14.5分的时候 夺回了奖杯
美國冠軍Phil Mickelson 為大部份的比武大會而戰 他把熱茶杯丟進了第3個洞里
意大利高爾夫球手在所有的巡回賽中都不同了 {\3cH202020}Italian Golfer has been different in all his tours 成为了四位老四位玩家之一 {\3cH202020} became one of the four players之一 {\3cH202020}and beacon one of the four
美洲人Jordan Speeth被欧洲隊的Thorbjorn Olesen 最低分之一的丹麦玩家5&4分的击败了。
全世界最好的球手,Dustin Johnson 投降了2&1的英格蘭人Ian Poulter
Ryder Cup的一名老兵 西班牙人Sergio Garcia 八次交涉的Sergio Garcia 成了欧洲玩家,他赢得了超过25.5分的比赛史
"我通常不哭,但今天我做不到"
這一年真難熬
我很感激托馬斯能選擇我 并相信我
很高興我重新獲得了獎杯
這是團隊的勝利,我很高興我的貢獻。 他宣佈「加西亞在歐洲勝利後」。
把證人John Ram的證詞傳到他的領袖John Ram ... ... ...
"如果我認為我長大了 看著他的比賽" "I think I've grown up looking at his meetings," 我以打敗老虎伍茲為傲" "I'm so proud of beat Tiger Woods," 他宣佈了23歲的Rahm.
伍茲失去了在法國所有的四場比賽... ...現在在雷德·庫普的比賽中... ...13場勝利,21場打贏,3場比賽
奇怪的统计数字是... ...如果你觉得他是... ...有史以来最厉害的球员之一...
美國隊整個周末都在尋找菲爾威隊 除了帕特里克·里德、賈斯汀·托馬斯和托尼·菲諾
美國艦長吉姆·弗瑞克 在你們團隊的令人失望的表現後 宣布:"我為這些孩子自豪,因為他們打了一架。"
今早,我們逼迫了歐洲隊
我們把這次機會扔掉了
湯瑪斯做得好
他是個偉大的船長 He's a great captain.
他的12個球員都表現得很好
我們會重新安排的 我會跟美國PG和RyderCup委員會合作
我迷上了這十二個男孩 我為做他們的船長而驕傲
我們全套了 We loaded it all.
「但他們玩得比我們好」
紅海最新消息:Pinellas, Manatee 和Sarasota的浓度下降
佛羅里達森林和野生動物委員會的最新報告顯示,在坦帕灣海域,紅色潮汐的浓度普遍下降。
根據FWC所說 花園條件 暗示會減少注意力 它們在Pinellas, Manatee, Sarasota, Charlotte 和 Collier郡的區域中
紅潮從北邊擴展到李郡以南的Pinella郡以北130英里
在西爾斯伯魯郡附近有十英里的地方 但不到上周
紅潮也在帕斯科郡也看到了
上周有报告说Pinellas县或沿岸沿岸的平均浓度是平均浓度、山脊沿岸的低浓度、在Manatee县的高度浓度、在Sarasota County或沿岸的高度浓度、从中集中到Charlotte郡的平均浓度、从底集中在Lee县或沿岸的海域、以及在Collier郡的低浓度和低浓度。
在Pinellas, Manatee, Sarasota, Lee and Collier countries 仍然有近乎嚴重的呼吸失常症
上周在佛羅里達州西北部沒有案底
