La victoire des populistes de droite en Autriche est de 29%
L’affaiblissement des deux partis de la grande coalition et le renforcement considérable des partis populistes de droite ont été marqués par les premiers résultats préliminaires des élections législatives anticipées en Autriche dimanche.
Le Parti populaire autrichien (<0xC3><0x96>VP), où la position de l'actuel président Wilhelm Molterer a été sérieusement affectée, a subi une perte particulièrement forte.
En revanche, le président de l’Alliance pour l’avenir de l’Autriche (BZ<0xC3><0x96>), Jörg Haider, chef de la province de Carinthie, se prépare à un retour victorieux dans la politique nationale.
Le Parti social-démocrate (SP<0xC3><0x96>) reste le parti le plus puissant du pays avec 29,8 % des voix, mais a perdu 5,5 % des voix par rapport aux dernières élections de 2006.
Le <0xC3><0x96>VP perd près de 9 % des voix avec 25,6 %.
Ce sont les pires résultats des deux grands partis dans l'histoire d'après-guerre de l'Autriche, et le résultat est littéralement catastrophique, en particulier pour le Parti populaire, qui a déclenché des élections anticipées.
Au début du mois de juillet, lors de sa sortie de la coalition <0xC3><0x96>VP, le parti populaire a eu un avantage considérable sur le SP<0xC3><0x96>, selon les sondages d'opinion.
Mais les électeurs ont été punis pour avoir laissé le gouvernement échouer.
Dans les premières réactions aux résultats, des spéculations ont été émises sur la possible démission du président du parti Wilhelm Molterer et de son actuel vice-chancelier.
Les observateurs estiment que cela pourrait être fait dès lundi lors d'une réunion extraordinaire de la présidence du parti.
Cette évolution faciliterait probablement la sortie de plus en plus probable des résultats électoraux, c'est-à-dire le renouvellement de la grande coalition SP<0xC3><0x96> et <0xC3><0x96>VP.
Compte tenu du renforcement des deux partis populistes de droite - le parti autrichien pour la liberté (FP<0xC3><0x96>) a obtenu 18% des voix et le BZ<0xC3><0x96> 11% des voix -, les socialistes européens ont également exprimé leur crainte de la répétition de l'année 1999 lorsque le parti populaire était encore en accord avec le FP<0xC3><0x96> (avec les populistes en 2005).
Haider, qui a déjà déclaré qu'il était prêt à coopérer avec n'importe quel parti et je suppose qu'il pourrait revenir à Vienne pour la politique nationale, s'attend évidemment à cette solution.
Le Parti des Verts est arrivé au parlement, mais il a légèrement perdu sa popularité et est tombé de la troisième à la cinquième place parmi les partis politiques autrichiens.
Aucun des autres partis n’a franchi la barre des 4 % et n’est entré au parlement.
Schwarzenberg: les relations indiennes pourraient se refroidir
Si l’on ne parvenait pas à résoudre le problème des scientifiques tchèques dénonçant la collecte illégale d’insectes, le ministre tchèque des Affaires étrangères Karel Schwarzenberg a déclaré qu’il pourrait y avoir un certain froid dans les relations entre la République tchèque et l’Inde.
C'est ce que le ministre a publié aujourd'hui à New York après sa rencontre avec Pranab Mukherji, son partenaire indien.
"Si cela ne se résout pas, oui, il y aurait une certaine réticence", a-t-il déclaré après la réunion, qui a eu lieu à l'instar de la République tchèque.
Après le procès, Mukherji a déclaré que le pouvoir exécutif avait du mal à intervenir dans les affaires judiciaires.
Toutefois, il a mentionné que, dans le cas de Petr <0xC5><0xA0>vácha, acquitté et sanctionné par une amende, le gouvernement central peut négocier avec la direction locale de Darjeeling, dont la juridiction relève.
« Son problème pourrait être résolu », a déclaré le ministre.
Mais pour Emil Ku<0xC4><0x8D>era, condamné à trois ans de prison, Mukherji a déclaré qu'il serait préférable qu'il fasse appel à la Cour suprême.
Il pourrait alors demander la libération sous caution et attendre librement sa condamnation, a-t-il expliqué.
Schwarzenberg a confirmé que son partenaire s'était exprimé de la même manière lors du procès.
"Il a proposé un appel à la Cour suprême, alors il serait possible de l'exonérer", a déclaré le chef de la diplomatie tchèque.
Le seul moyen pour la République tchèque d'intervenir dans l'ensemble de l'affaire est de fournir à la personne condamnée un « soutien juridique compétent », a indiqué le ministre indien.
Il a également indiqué que la partie indienne leur fournissait déjà cette aide.
"Notre principal intérêt est de préserver les meilleures relations avec l'Inde, qui ont une longue tradition.
Les Indiens le reconnaissent aussi », a déclaré Schwarzenberg.
Dans le même temps, comme il l'a dit à <0xC4><0x8C>TK, il a souligné à son partenaire que la République tchèque accorde une grande importance au problème des entomologistes tchèques.
"Nous considérons comme une grave erreur l'emprisonnement et l'inculpation de ces scientifiques tchèques", a-t-il déclaré.
<0xC3><0x80> la question de savoir si la partie indienne avait promis de s'occuper de l'affaire, le ministre a évité de répondre.
"J'ai déjà reçu beaucoup de promesses", a-t-il noté.
Les juges tchèques dans la lutte pour le fond de la mer
Il s’approche de la carte électronique murale montrant l’Australie et les régions marines voisines.
Mais il ne s'intéresse pas au continent, mais à un point qui disparaît dans le bleu de l'océan.
« L’île appartient à l’Australie et à son sous-sol marin voisin.
Le territoire est alors plus grand que le continent lui-même », explique le juriste italien Luigi Santosuosso, membre de l’équipe de trente membres de la Division des Nations Unies pour les affaires océaniques et le droit de la mer.
Son patron, le juriste tchèque Václav Mikulka, directeur de la division, suit attentivement l'explication, qui est parfois complétée.
L’enthousiasme et l’enthousiasme règnent ici.
Les fonds marins abritent un monde riche en ressources naturelles, à peine connu.
On y trouve du pétrole, du minerai et d'autres minéraux, mais il y a aussi des organismes vivants jusqu'à présent inconnus qui pourraient être la clé du développement d'un remède contre le cancer, par exemple.
Superficie des fonds marins
Aujourd'hui, les États côtiers sont en quête intensive de nouveaux territoires sous-marins.
Conformément à la convention des Nations Unies, les droits de l'homme sont respectés, comme convenu à Montego Bay, en Jama<0xC3><0xAF>que, en 1982.
Il s'agit principalement de la zone dite de la plate-forme continentale, qui s'étend souvent jusqu'à quelques centaines de kilomètres des côtes d'un pays.
Un tel pays a, en vertu de la présente Convention, le droit exclusif de disposer de toutes les sources de la plate-forme continentale.
En termes simples, nous conservons la partie du fond de la mer et la couche inférieure de la plate-forme continentale, qui est la continuité naturelle du continent sous-marin.
Il s'étend au-delà des frontières de la mer côtière, souvent au-delà de la zone dite «exclusivement économique» de deux cents milles nautiques», explique Mikulka.
La demande, qui doit être soumise par le pays concerné à la Commission de délimitation des frontières extérieures de la péninsule continentale, doit être complétée par une documentation scientifique et technique complète, fondée sur une série de recherches et de mesures coûteuses.
C'est le résultat de nombreuses années de travail préparatoire.
"Une de nos missions est d'apporter une assistance juridique et technique à la Commission.
<0xC3><0x80> ce jour, la commission a examiné cinq demandes: la Russie, le Brésil, l'Australie, l'Irlande et la Nouvelle-Zélande.
Jusqu'à présent, seuls les trois derniers pays mentionnés ont réussi », ajoute Mikulas.
Récemment, le succès de l'Australie a fait écho dans le monde, ce qui a été le premier élargissement substantiel de son pays sous-marin.
Mais la Nouvelle-Zélande a également gagné - la superficie des fonds marins attribuée à la Commission est d'environ 1,6 million de kilomètres carrés, soit six fois la superficie du pays.
Les deux pays ont investi des millions de dollars dans la recherche.
Les bénéfices de l'utilisation future des fonds marins seront, selon eux, inestimables.
D'autres pays soumettent régulièrement leurs demandes.
Ils peuvent le faire dans un délai de dix ans à compter de la ratification de la "Convention de Montego Bay".
<0xC3><0x80> l'endroit où se termine la plate-forme continentale, commence la zone du fond de l'océan déclarée par la Convention comme "patrimoine commun de l'humanité".
Il n'y a plus de pays qui jouissent d'une position exclusive.
Le droit d'exploitation dans ce domaine est conféré par l'institution internationale instituée par la convention.
"Mais le fond de la mer n'est pas Klondike", exagère le directeur Mikulka en disant que "certains de ses territoires sont clairement délimités juridiquement et leur régime est contractuel ".
Tchèques dans le Pacifique
Aujourd'hui, une partie du fond de la mer appartient aussi à la République tchèque.
Il partage ce bloc oriental avec d'autres pays dans le cadre de l'organisation commune "Interoceanmetal".
Cette organisation a obtenu, en 1991, le statut d'investisseur pionnier, comme d'autres investisseurs dans d'autres pays.
Il est autorisé à produire dans la zone de ClarionClipperton entre le Mexique, les îles d'Hawa<0xC3><0xAF> et Kiribati dans l'océan Pacifique.
La zone contrôlée par l'investisseur est légèrement plus grande que celle de l'ancienne Tchécoslovaquie.
Il s'agit d'une sorte de copie sous-marine des Tatras.
On peut ainsi cultiver 75 000 kilomètres carrés.
La région est riche en minerais polymétalliques contenant du nickel, du cuivre, du cobalt et du manganèse », mentionne un autre juriste hindou, Pakshi Rajan.
Rober Sandev, de la division macédonienne, nous montre un autre exemple de concrétisme.
Il me rappelle une pomme de terre ou, avec un peu d'imagination, un parchemin avec des mots magiques qui donnent vie au Golem.
Les forces spéciales allemandes étaient présentes lors de la libération des otages.
Le gouvernement égyptien a demandé de l'aide à l'Allemagne pour résoudre la crise des otages, et les spécialistes sont venus.
Quand la situation est devenue grave, les unités spéciales étaient prêtes, mais elles n'ont pas été déployées.
La libération des onze touristes européens enlevés en Egypte est de plus en plus dévoilée.
Selon le ministère de la Défense et le ministère de l'Intérieur, des forces spéciales allemandes ont participé à l'opération de sauvetage.
En plus des spécialistes de l'Armée fédérale allemande, des employés de la GSG 9, de la flotte aérienne de la police fédérale allemande et du Bureau fédéral de la criminalité, ainsi que des experts logistiques du Service technique allemand, se trouvaient sur le site de la libération.
Selon des porte-parole du ministère lundi soir, les forces allemandes n'étaient toutefois pas nécessaires, car les otages avaient laissé leurs prisonniers s'enfuir et s'étaient enfuis lorsqu'ils avaient reconnu les signes d'un sauvetage forcé.
Le gouvernement égyptien a accepté l'aide offerte par l'Allemagne afin de l'impliquer sur le terrain en tant que force de soutien.
"Heureusement, cela n'a pas été le cas", a déclaré un porte-parole du ministère fédéral de l'Intérieur.
Un groupe de touristes, composé de cinq Allemands, de cinq Italiens, d'une Roumaine et de huit Egyptiens, a été enlevé le 19 septembre dans le sud de l'Égypte.
Après l'enlèvement dans le désert du sud de l'Egypte, les otages ont été déportés dans les régions frontalières de l'Egypte, de la Libye, du Soudan et du Tchad.
Jusqu'à présent, l'identité des otages n'était pas claire, de même que les détails de la libération des otages ou des éventuels paiements de rançon.
Les rescapés sont arrivés sains et saufs au Caire.
Steinmeier a déclaré que les otages libérés étaient sous la protection de l'ambassade d'Allemagne.
Il n'a pas précisé les détails de la libération.
Aucune information n'a été communiquée à Berlin sur le retour en Allemagne.
Selon le journal "Bild", les cinq touristes et les forces spéciales arriveront mardi en Allemagne dans l'avion Airbus de l'armée de l'air allemande.
La Chambre des représentants des États-Unis rejette le plan de sauvetage.
La Chambre des Communes des États-Unis a rejeté à une petite majorité le plan de sauvetage de 700 milliards de dollars proposé aux marchés financiers.
Le Dow Jones s'est écroulé.
La Chambre des représentants des États-Unis a rejeté par 227 voix contre 206 le plan de sauvetage du gouvernement pour les marchés financiers.
En dépit des appels du président américain George W. Bush et des dirigeants des deux partis, le programme visant à endiguer le chaos sur les marchés financiers n'a pas obtenu de majorité.
Pourtant, les partisans ont désespérément tenté de convaincre les critiques de la nécessité d’un paquet de 700 milliards de dollars.
Barney Frank, l'un des négociateurs du parti démocrate, a appelé les députés à soutenir le projet, même s'il est impopulaire.
"Il est difficile d'obtenir un soutien politique pour éviter quelque chose qui n'est pas encore arrivé", a-t-il reconnu.
Le Dow Jones a chuté de plus de 6 % et de 600 points.
Les investisseurs craignent que le plan de sauvetage n’échoue.
L'indice a augmenté peu de temps avant la fin du vote, puis s'est à nouveau effondré après un échec.
Les experts prévoient de nouvelles turbulences sur les marchés financiers internationaux.
L'entrée en vigueur du programme est soumise à l'approbation de la Chambre des représentants et du Sénat.
Les organisateurs enregistrent de plus en plus de réservations.
Un bon hiver pour les voyagistes allemands.
Selon une étude, le trafic de réservations de routes pour les mois suivants a augmenté de manière significative par rapport à l'année précédente - de plus de 30 % pour la saison hivernale.
Malgré les mauvaises perspectives conjoncturelles, l’allemand ne s’est pas affaibli en matière de voyages, selon l’étude.
Pour les réservations d’hiver, les agences de voyages ont enregistré une augmentation de 31% du chiffre d’affaires par rapport à la période de l’année précédente, a annoncé lundi à Berlin l’Association allemande des voyages (DRV).
Selon l’institut de recherche de marché GfK, le nombre de réservations pour les mois d’automne est déjà plus élevé.
Le chiffre d'affaires des agences de voyages en octobre a dépassé de 11% celui de octobre 2007, selon le DRV.
Ces résultats sont basés sur les données de GfK, qui évalue les données de réservation mensuelles de 1 200 agences de voyages allemandes et les extrapole à l'ensemble du marché.
L'Institut a pris en compte les voyages réservés jusqu'à la fin du mois d'août 2008.
En raison de la faiblesse du taux de change du dollar, les voyages aux États-Unis sont particulièrement recherchés, a déclaré le DRV.
Le nombre de réservations a augmenté d’un tiers.
Les destinations préférées des Allemands sont également l'Espagne, la Turquie et la Grèce, ainsi que les paysages nationaux.
Les voyages organisés sont les plus recherchés, a déclaré Klaus Laepple, président de la DRV.
En raison de l'augmentation des coûts de l'énergie et de la nourriture, les coûts des voyages organisés peuvent "être mieux calculés pour les passagers que pour les voyages organisés individuellement".
Les passagers peuvent économiser de l'argent grâce à des réductions sur les réservations à l'avance ou des offres tout compris, a ajouté Laeple.
Le taux de réservation pour les mois d'été a également été très bon, ce qui signifie que le chiffre d'affaires pourrait à nouveau augmenter par rapport à l'année précédente - bien qu'une autre étude montre que moins de touristes allemands ont entrepris des voyages par rapport à l'année précédente.
Mon premier Oktoberfest
Ballermann sans interruption répétitif, litres de bières et de design dirndlit portés par des célébrités.
Début sur Wiesn.
Suzanne Kronzucker et moi ne nous ressemblons pas beaucoup.
Elle est blonde, hôtesse de télévision, et elle porte un dirndl sur mesure.
Mes cheveux sont noirs, je suis une étudiante, et j'ai acheté ma robe dans un magasin.
Mais il y a une chose qui nous unit: nous sommes à peine trois minutes à Wiesn, les photographes nous envahissent et remplissent leurs cartes mémoire - c'est très flatteur, et tout cela lors de ma première visite à Wiesn.
C'est comme ça qu'on peut se faire des amis.
Il semblerait que le dirndli bon marché remplisse sa fonction.
En tant que touriste de Wiesn, originaire du nord de l’équateur de la saucisse blanche, mon confort est encore limité par les costumes traditionnels.
Mais en arrivant à Theresienwiese, ce n'est plus si grave.
Presque tout le monde porte des dirndls ou des pantalons en cuir; personne ne regarde avec dégoût ou gêne - tout va bien.
Des regards bizarres sur le stand de bananes au chocolat ne font que récolter mon tablier dirndli.
Une femme de Munich me dit que j'ai mal attaché le tablier: "Tu es libre, attaché à gauche, vierge au milieu, vendue à droite, veuve à l'arrière."
J'ai secrètement tricoté le lacet de l'arrière à la gauche.
"C'est bon", dit-elle en riant.
D'autres font moins de bruit autour des techniques de flirt subtiles et portent une simple bande de feutre avec l'inscription "Je suis trop ivre pour m'habiller" et montrent leurs fesses nues de manière involontaire.
Le jeune homme avec des traits exhibitionnistes s'appelle Bob, et il a également visité l'Oktoberfest pour la première fois.
Ce que vous trouvez vraiment fantastique, en prolongeant le "aaaaaaaaaaaaaaaaaaaaaaaaaaaaaaaaaaaaaaaaaaaaaaaaaaaaaaaaaaaaaaaaaaaaaaaaaaaaa
Il me raconte tout cela après s'être débarrassé du contenu de sa cruche qu'il avait bue auparavant.
Juste à côté de l'une des bouches d'incendie que tout le monde considère comme des poubelles.
Bob est donc l'un des notoires "pisseurs interdits".
D’autres n’ont pas la chance de se débarrasser de l’alcool de cette façon.
Vers huit heures du matin, les ambulanciers se rendent sur les lieux pour s’occuper des pauvres.
Les infirmières apparaissent toujours en équipe - quatre personnes transportent simultanément une civière couverte d'une tente à une autre.
Cela fonctionne comme la plupart des visiteurs de Wiesn: Arrivée vide, départ rempli.
On ne voit pas qui est dans le cercueil d'alcool sous la bâche.
"Ce sont ceux qui sont complètement prêts", crie l'un des médecins à ma question, puis dans l'agitation.
La police a identifié la victime de l'accident
La police a identifié une femme de 63 ans qui a été renversée par un véhicule dans le comté d'Essex et est décédée à l'hôpital.
Une habitante de Chelmsford Road, Carole Paulson, a été victime d'un accident vendredi après-midi sur Shenfield Road.
Il a été transporté à l'hôpital Queen's Hospital de Romford, mais est décédé plus tard.
Après l'accident, un homme de 51 ans a été arrêté pour conduite involontaire.
Depuis, il a été libéré sous caution.
L'horizon diplomatique de la Turquie
Bien avant que la Turquie n'ait l'intention d'adhérer à l'Union européenne, les puissances européennes étaient impatientes de pénétrer profondément dans l'arrière-pays turc.
<0xC3><0x80> l'est du Bosphore, peut-être à seulement 20 pas de la frontière européenne, se trouve l'une des plus grandes reliques de l'effort impérial échoué.
La gare de Hydarpasha a été conçue par deux architectes allemands, Otto Ritter et Helmut Conu, dans le style néo-renaissance.
Du moins, c'est ce que disent les guides.
Le bâtiment entoure les extrémités des quais, avec une tour à chaque coin avant, et ressemble à une mairie de campagne allemande.
La pierre est sale.
Tout le bâtiment est un peu encombré.
Cependant, en regardant l’intérieur de la billetterie voûtée, il est évident que c’était la porte la plus occidentale de l’entreprise à grande échelle.
La station a été inaugurée par le consortium allemand Anatolia-Baghdad Corporation en août 1908.
L’Allemagne, l’« avenir tardif » des conquêtes, voulait réaliser ses ambitions de conquérir le Moyen-Orient grâce à ce chemin de fer de Damas à Bagdad jusqu’à l’actuelle Arabie saoudite.
La conquête allemande s'est effondrée pendant la Première Guerre mondiale.
Ses voies ferrées ont été attaquées par Lawrence d'Arabie et ses partisans arabes.
L’isolement relatif des régions environnantes, causé par les frontières gelées de la guerre froide, a disparu.
L'armée coloniale britannique s'est retirée d'Égypte et a chassé les Turcs et leurs alliés allemands de la Palestine et de la Syrie.
La station d'Hyderpasha ne s'est pas améliorée.
En 1917, un train de munitions a explosé et détruit le toit soigné du bâtiment.
Selon les sources turques, il s'agit d'un sabotage.
Depuis, elle s'est effondrée et l'histoire est passée bien au-delà.
Toutefois, aujourd'hui, en tant que porte d'accès à la voie ferrée vers l'Anatolie et l'ensemble de la région orientale, elle sert - du moins symboliquement - d'horizon diplomatique en expansion pour la Turquie.
Le Parti de la justice et du développement au pouvoir - l'AKP - a élaboré une politique étrangère complètement nouvelle pour le pays.
L’isolement relatif des régions environnantes, causé par les frontières gelées de la guerre froide, a disparu.
La nouvelle politique se caractérise par un engagement.
Il est à noter que le gouvernement turc entretient de bonnes relations avec Isra<0xC3><0xAB>l et la Syrie, avec les groupes palestiniens du Hamas et du Fatah, avec l'Irak, avec l'Iran et, bien sûr, avec l'Union européenne et les États-Unis.
Je voulais évaluer les paramètres de la nouvelle politique étrangère, alors j'ai pris le train de nuit pour Ankara, la capitale turque, pour rendre visite à l'un des principaux experts en politique étrangère de l'AKP, le député turc Suat Kiniklioglu.
Le lendemain matin, après environ dix heures et demie de turbulence, qui a également donné le rythme du célèbre documentaire sur l'ancien monde, "The Night Mail", je suis arrivé dans la capitale turque. La nouvelle ville est destinée à symboliser le nouvel État la<0xC3><0xAF>que, qui tourne le dos au passé ottoman.
Cependant, l'AKP, connu pour ses racines islamiques, représente un changement de paradigme dans le consensus turc.
Cela a suscité une certaine suspicion dans l'Ouest, en particulier à Washington.
J'ai pris un taxi jusqu'au siège de l'AKP, un bâtiment ultra-moderne, en pierre et en acier, spécialement conçu pour cela - situé dans un quartier en développement, entre centres commerciaux et cafés semi-finis, où les cadres moyens en costume - hommes et femmes - se rencontrent pour faire des affaires dès le matin.
Suat Kiniklioglu aurait pu être un politicien de droite dans n'importe quel autre pays européen.
Il portait un costume, une cravate, et je suis sûr qu'il avait même un Blackberry.
"L'objectif du parti est d'aider la Turquie à se réinsérer dans son environnement immédiat.
La guerre froide a bouleversé l’ordre », a-t-il déclaré.
La Turquie est isolée de son arrière-pays.
Aujourd'hui, il a dû tourner à la fois vers l'est et l'ouest.
Il ne pouvait pas choisir entre les deux.
Il fallait l'ouvrir dans les deux sens.
« Est-il possible qu’il soit forcé de faire un choix tôt ou tard ? » demandai-je.
"La Turquie n'a jamais voulu faire un choix."
Il a ensuite souligné ce que presque tous ceux avec qui j'ai parlé ici ont presque répété mécaniquement: les relations de la Turquie non seulement avec le Moyen-Orient, mais aussi avec le Caucase et les pays qui entourent la mer Noire sont autant bénéfiques pour l'Europe et les États-Unis que pour la Turquie elle-même.
C'est comme s'ils essayaient de transmettre le message que, avec la Turquie au sens figuré, toute l'Europe peut se rendre en Asie et au Moyen-Orient par ces lignes ferroviaires vers l'Est.
Quand j'étais à nouveau à la station Hydarpasha, après une autre nuit, en grande partie éveillée, j'ai pensé à Herr Ritter et à Herr Conura, ces deux messieurs allemands qui ont assisté à la construction de cette magnifique structure il y a cent ans.
Comment s'étonneraient-ils s'ils apprenaient que les ambitions de l'Europe au Moyen-Orient sont aujourd'hui en grande partie entre les mains de la Turquie.
Et pendant que j'attendais le ferry pour me ramener au port à travers le Bosphore, je me suis souvenu que la Turquie était appelée à l'époque "l'homme malade de l'Europe".
<0xC3><0x80> l’époque, il n’était pas question de savoir quel continent pouvait prétendre à ce pays passionnant.
Histoires mémorables de Vernon Handley et William Woodruff
Depuis 1962, Vernon "Tod" Handley (nécrologue, 11 septembre) dirige l'Orchestre philharmonique et le ch<0xC5><0x93>ur de Guildford.
Sur la base de ses plans musicaux pour le quartier, l'année suivante, il fonda son merveilleux ch<0xC5><0x93>ur de jeunesse, Proteus.
En principe, le groupe n'aurait dû être composé que par des enfants de moins de 21 ans, mais quand Proteus a chanté sa finale en 1979 - beaucoup d'entre nous étions à la fin de nos 20 ans - nous avons tout simplement refusé de nous séparer de la chorale.
Le nom "Proteus" (nom du changeur de forme mythologique) correspondait à la détermination et à la capacité du ch<0xC5><0x93>ur à faire face à n'importe quelle partition que l'on lui présentait, qu'il s'agisse d'une madrigale ou d'une pièce Messiaen, sans escorte ou accompagnée d'un orchestre.
La polyvalence musicale d’une chorale aussi jeune était souvent époustouflante et toujours passionnante, et nous devons cela à un homme qui a inspiré notre enthousiasme pour la musique au fil des ans.
Combien de fois Tod nous a-t-il dit : "Laissons la musique jouer d'elle-même."
Il disait toujours : "Le compositeur sait ce qu'il veut.
Tout est dans la partition.
Alors chantez-le ! »
Sa technique de chef d'orchestre a toujours été parfaitement compréhensible et exacte, mais jamais dictatoriale ou exagérée.
Quel que soit le niveau de la musique, il l'a toujours élevé.
John Frayn Turner a écrit :
S'il y avait eu un chef d'orchestre qui aurait dû être battu en chevalier, c'était Vernon Handley.
Je l'ai bien connu pendant les deux décennies où il a dirigé l'Orchestre philharmonique de Guildford de 1962 à 1982.
Au cours des quarante dernières années, j'ai écrit des critiques sur plus de 100 de ses concerts, mais je n'ai jamais été déçu par un seul d'entre eux, et ils m'ont souvent enthousiasmé.
Tod Handley avait la grandeur et la modestie ensemble, ce qui est très rare.
Il détestait les chefs d'orchestre qui, pour ainsi dire, « galopaient sur un ou deux chevaux de bataille bien connus dans le monde entier ».
Beaucoup d'entre nous vont le manquer.
William Woodruff
Le professeur John Beckett a écrit :
Selon votre nécrologie William Woodruff (25 septembre), "il a poursuivi ses études d'histoire économique à Oxford en 1946 et a obtenu une bourse de l'Institut de recherche Houblon-Norman en 1950... alors qu'il se préparait constamment à obtenir un baccalauréat, un master et un doctorat."
Il provient des notes des auteurs de l'<0xC5><0x93>uvre "Beyond Nab End" de Woodruff, mais il est erroné.
Entre 1946 et 1953, il a enseigné l'histoire économique à l'Université de Nottingham, et pendant ce temps, sous la direction du professeur J. D. Chambers, il a terminé sa thèse de doctorat sur l'industrie britannique du caoutchouc, qu'il a publiée en 1958 sous le titre "L'industrie britannique du caoutchouc".
En fait, il a séjourné aux États-Unis en 1950-51 avec une bourse Houblon-Norman, et à l'été 1952 dans les universités de l'Illinois, de New York et de Harvard.
En 1953, il quitte Nottingham pour l'Illinois.
On ne sait pas pourquoi Woodruff a embelli cette période de sa carrière.
J. Vicente Resino à l'école des sages
"Je recommande l'exposition "Flamenco et vie" de J. Vicente Resino parce que ses photos en noir et blanc dans le style documentaire sont impressionnantes.
J’ai été attiré par leur simplicité et leur force, ainsi que par leur respect pour les personnes représentées sur les photos.
Cette exposition est animée par des émotions.
Resino est doué pour capturer des moments magiques. »
Deuxième record de ventes chez Honda
En novembre, Honda lancera la deuxième génération de Jazz.
Même si l’habitacle de son prédécesseur était déjà assez grand, l’intérieur du nouveau modèle est encore plus spacieux.
Tout cela s'accompagne d'une mécanique sophistiquée qui rend la conduite plus confortable et augmente les économies de carburant.
Évolution versus révolution.
Voici à quoi ressemble la deuxième génération de Honda Jazz.
Bien que le look du nouveau Jazz ressemble beaucoup à celui de son prédécesseur, il a subi de nombreux changements internes.
Celles-ci incluent, par exemple, un design innovant, une nouvelle carrosserie, des dimensions plus grandes et une nouvelle mécanique.
Mais avant de passer au détail sur le nouveau modèle, nous devons dire que le nouveau Jazz est apparu six ans après le lancement de la première génération.
Tout d’abord, nous pouvons affirmer que Honda a réussi à renouveler ce modèle en moins de temps que d’autres constructeurs.
En Europe, le jazz est moins connu, mais bat des records de ventes sur d'autres marchés.
C’est le cas du Japon, où le Jazz a été la marque la plus vendue en 2002 et en 2008.
Au Japon, par exemple, près d'un million d'exemplaires de Jazz ont été vendus depuis sa commercialisation.
Le deuxième marché était le Vieux Continent, avec près d'un demi-million d'exemplaires vendus en six ans.
Cependant, Honda veut continuer à augmenter le trafic dans la région avec le nouveau Jazz.
Alors que la société japonaise a vendu 83 000 véhicules Jazz en 2007, son objectif est de vendre 100 000 véhicules en 2009, soit une croissance de 17 % sur le marché européen.
Depuis 2002, Honda a vendu 8000 Jazz sur le marché espagnol, représentant 6,7 % du total des ventes de Honda en Espagne.
Pour la nouvelle génération, les dirigeants de la filiale espagnole calculent que 2000 exemplaires ont été vendus en un an.
En effet, l’arrivée du nouveau Jazz permettra d’atténuer le ralentissement des ventes de Honda en Espagne.
D’ici la fin de l’année, l’entreprise prévoit 22.000 exemplaires vendus, soit une baisse de 16% par rapport aux chiffres de 2007.
Malgré les conditions de vente, Honda a augmenté sa part de marché en Espagne, qui est passée de 1,6 % à 1,8 % l’an dernier.
D'ici à 2010, ce pourcentage devrait également être porté à 2 %.
Honda espère que cela sera possible grâce à l’introduction d’un nouveau modèle.
Il s’agit de l’Insight, un hybride à cinq portes et compact d’une longueur de 4 370 mm, dont la société japonaise vendrait 200 000 exemplaires par an dans le monde.
Selon le fabricant japonais, 50 % de la part de marché d’Insight serait aux États-Unis, tandis que le reste serait partagé entre le Vieux Continent et le Japon.
Le lancement commercial d’Insight est prévu pour les premiers mois de l’année, après le lancement officiel prévu à Valence en janvier.
Par rapport à la première génération, le nouveau Jazz est devenu plus spacieux à tous les égards.
Sa longueur atteint 3900 mm (cinq centimètres de plus), sa largeur 1690 mm (deux centimètres de plus) et son empattement a augmenté de cinq centimètres, soit 2500 mm.
Sa hauteur est de 1520 mm.
Outre les dimensions, la cabine est également plus spacieuse.
La nouvelle carrosserie et le réservoir de carburant au centre garantissent un espace intérieur plus grand - une solution que nous connaissons déjà dans le précédent Jazz.
En outre, le volume total du coffre à bagages - appelé double plancher - a augmenté, atteignant actuellement 399 litres, soit 19 litres de plus que la capacité de la première génération.
Bien qu'il s'agisse d'un modèle équipé d'un moteur 1,4, le coffre de la Honda Jazz 1,2 est de 379 litres.
Certains ajustements extérieurs peuvent également être découverts, tels que les feux à LED arrière ou le toit en verre panoramique en option, ainsi que l'accessibilité plus facile des sièges arrière.
En outre, l'angle d'ouverture des portes des sièges arrière a été relevé à 80 degrés, par rapport à l'angle d'ouverture de 67 degrés du Jazz avant.
Les moteurs de la deuxième génération de Jazz sont également neufs.
Au début de sa commercialisation, ce petit modèle est disponible avec deux engrenages de 1,2 et 1,4 litre.
Grâce à la technologie i-VTEC, la consommation des deux moteurs est plus faible que celle de l’ancien modèle, avec des émissions de CO2 plus faibles et une excellente coordination mécanique, tout en offrant des performances exceptionnelles à tous les égards.
Le moteur de 1,2 litre a une puissance de 90 ch à 6000 tr/min et un couple maximal de 114 Nm à 4900 tr/min.
Ce moteur, qui avait 78 ch dans le précédent Jazz, consomme 5,3 litres et émet 125 grammes de CO2.
L’autre moteur, qui a produit 83 chevaux par rapport à la génération précédente, atteint aujourd’hui 100 chevaux.
Le Jazz 1,4 ch consomme en moyenne 5,4 litres et émet 128 grammes de CO2.
Le « collisionneur d'abeilles »
Pour développer des technologies de prévention des accidents, Nissan s’est inspirée de la nature, et plus précisément du monde des abeilles, pour sa nouvelle invention.
La société japonaise a conçu un robot qui évite les accidents en imitant le vol des abeilles.
L'instrument Bio-mimetic Car Robot Drive ou BR23C pourrait être la première étape dans le développement de technologies de prévention des collisions.
Les ingénieurs du Centre technique avancé de Nissan Motor Co., en collaboration avec le célèbre Centre de recherche scientifique et technologique de l'Université de Tokyo, ont construit ce petit robot au Japon.
Kazuhhiro Doi, directeur de la marque pour les relations publiques et la recherche et le développement technologique, a défini le BR23C comme une extension supplémentaire de la protection de sécurité à quatre niveaux de Nissan.
Le robot améliore la capacité d'éviter les collisions des produits de l'entreprise.
Pendant le vol, chaque abeille crée son propre espace personnel ovale, qui ressemble beaucoup à la coque de sécurité de Nissan.
Plus important encore, l’<0xC5><0x93>il complexe de l’utérus, qui a un angle de vue de plus de 300 degrés dans toutes les directions, permet à l’utérus de voler dans son espace personnel.
Pour reproduire la fonction de l'<0xC5><0x93>il complexe, les ingénieurs ont conçu un télémètre laser (Laser Range Finder).
Dans un champ de vision de 180 degrés avant le BR23C, l'instrument identifie les obstacles jusqu'à 2 mètres, calcule leur distance et envoie un signal au microprocesseur embarqué, qui se transforme instantanément en action d'évitement de collision.
Une fois qu'un obstacle est détecté, le petit robot change immédiatement de direction en imitant les mouvements de l'utérus en déplaçant les roues à un angle plus ou moins grand pour éviter une collision.
Ce qui différencie le système des instruments actuellement disponibles, c’est que la man<0xC5><0x93>uvre d’évitement s’effectue dans ce cas de manière entièrement automatique.
Si ce n'était pas le cas, le robot ne pourrait pas réagir assez rapidement pour éviter les obstacles », explique Toshiyuki Andoh, directeur du Laboratoire de Mobilité et ingénieur en chef du projet.
<0xC3><0x80> la différence des abeilles, la man<0xC5><0x93>uvre de contournement ne doit pas être dirigée vers le haut ou vers le bas, ni en diagonale, mais seulement en deux dimensions et uniquement dans la direction de la rotation des roues, c'est-à-dire non dans des directions et de la manière infinies, comme c'est le cas des abeilles.
C’est pourquoi Nissan a utilisé dans le robot, en plus de l’accélération et de la décélération, une fonction de rotation pour éviter les collisions.
« Cette machine ne doit traiter les données qu’une fois toutes les quelques secondes et y réagir.
Il n'est pas nécessaire de stocker des données ni d'utiliser une logique intuitive basée sur des man<0xC5><0x93>uvres antérieures, ce qui vous permet de travailler sans interruption avec seulement quelques dizaines de KB de mémoire.
Cela peut sembler surprenant, mais ce n'est pas vraiment un gigaoctet, mais nous ne parlons même pas de mémoire de taille mégaoctet.
Il s’agit d’une première étape dans le développement de la technologie de prévention immédiate des collisions, qui, selon les estimations de Nissan, pourrait entrer dans les voitures de série d’ici dix ans.
Le robot fonctionne avec des batteries au lithium-polymère qui sont plus légères et plus durables que la version lithium-ion.
<0xC3><0x80> l'avenir, l'intégration de l'unité avec le système GPS de navigation par satellite pourrait être une autre possibilité d'application pour aider le conducteur à atteindre sa destination finale en évitant les obstacles sur la route.
Peur de l'hypothèque
Nous devons admettre que le Trésor des États-Unis, en plus d'avoir beaucoup d'argent liquide à investir, n'a pas le bon sens.
Pour éviter que les Américains ne tombent dans les labyrinthes de banques hypothécaires douteuses, ils ont créé un jeu en ligne amusant et informatif intitulé "Bad Credit Hotel".
C'est l'Hôtel des Mauvais Crédits.
L’accueil, et surtout le visage triste de la réceptionniste, suggère de réfléchir encore, deux, voire trois fois, si l’heure de l’emprunt est vraiment venue.
Et surtout, où demander un prêt, car c'est probablement le but de la chose.
Les informations contenues sur ce site sont très utiles, mais peu détaillées.
C'est plus pour les adolescents que pour le public.
Mais que se passerait-il si nous ajoutions au jeu ?
Par exemple, à l'hôtel, la chambre de nos rêves apparaîtrait.
En fait, c'est un peu comme si on ne rêvait pas d'acheter une maison.
Morgan Stanley ouvre ses portes à la MUFG
Morgan Stanley a annoncé qu'il allait fournir une participation dans le capital de Mitsubishi UFJ Financial Group (MUFG). La plus grande banque japonaise paiera 9 milliards de dollars pour 21% du capital de la société après que le cours des actions de Morgan Stanley ait fortement chuté à la bourse.
Une semaine après la publication de l'accord préliminaire, les deux banques ont déclaré que MUFG achèterait 9,9% des actions ordinaires de Morgan Stanley à un prix unitaire de 25,25 dollars, soit un total de 3 milliards de dollars.
Le prix convenu est inférieur de plus de 19% à la valeur comptable des titres au 31 août.
MUFG investit 6 milliards de dollars supplémentaires dans l’achat de titres convertibles, qui lui donnent un rendement de 10 % et un taux de change de 31,25 dollars.
Selon Morgan Stanley, le taux de change moyen utilisé pour effectuer une transaction mondiale est de 29 <0x24>, soit 28 % de plus que le taux de change actuel.
Cependant, le cours des actions de Morgan Stanley a chuté de 6,79% vers 17 heures, à 23,07 <0x24>.
« Cette alliance stratégique offre une grande opportunité à Morgan Stanley d’accélérer sa transformation en société holding bancaire », explique John Mack, PDG du groupe américain.
Morgan Stanley a approuvé la semaine dernière un nouveau statut qui lui permet de diversifier ses activités tout en étant sous le contrôle de la Réserve fédérale.
L'accord conclu avec le MUFG confirme une fois de plus que la crise financière actuelle exige encore plus de prudence des géants d'entreprises cotés à Wall Street.
Les conditions annoncées lundi montrent que l'accord a été modifié ces derniers jours: Lundi dernier, Morgan a seulement annoncé qu'il vendrait 20 % de ses actions à la société japonaise pour environ 8,5 milliards de dollars.
"Il y a une semaine, nous pensions que l'action serait entièrement constituée d'actions ordinaires", a déclaré Toshihide Mizuno, directeur général de MUFG à Tokyo.
Cependant, en raison de la situation actuelle du marché et de l'économie, nous voulions minimiser et éliminer les risques potentiels. »
En termes de prix moyen pondéré, MUFG paie 7% de plus que la valeur comptable pour les actions Morgan Stanley.
En conséquence, le rendement par action diminue d’environ 20 %.
En vertu de l'accord, MUFG peut convertir la moitié de ses actions privilégiées en actions ordinaires dans un an si le cours de ces dernières dépasse le taux de change de plus de 50 % sur une période déterminée, soit environ 47 dollars.
Morgan Stanley s'assure ainsi que les fonds de la MUFG vous permettent d'exploiter vos opportunités d'investissement, d'améliorer votre bilan et d'augmenter vos ressources liquides.
Toutefois, le porte-parole du groupe n'a pas voulu fournir d'informations précises sur les plans stratégiques des deux nouveaux alliés.
Après l'adhésion de MUFG, Morgan Stanley devrait augmenter son ratio de solvabilité Tier I d'environ 15 %, ce qui en fait l'un des meilleurs de son secteur.
Morgan a déclaré que son bilan s'était « nettement amélioré » depuis fin août.
Ces dernières semaines ont été une grande épreuve pour le groupe, car le prix de ses actions a chuté de moitié, tandis que le coût de son assurance contre le risque de non-paiement a grimpé au sommet.
Lundi, les coûts ont baissé, mais ils sont restés élevés, à environ 12%.
Parmi les grandes banques d'investissement, un seul "survivant" reste après la faillite de Bear Stearns et Lehman Brothers et l'acquisition de Merrill Lynch. C'est Goldman Sachs, qui a annoncé la semaine dernière qu'elle avait reçu 15 milliards de dollars: une partie de cela provient du groupe d'entreprises Berkshire Hathaway, Warren Buffett.
Déclaration de Rafael Correa lundi à Quito
La reconstruction de la République dans l'esprit du socialisme du XXIe siècle.
C'est le plan commun pour Hugo Chávez du Venezuela, Evo Morales de la Bolivie et Rafael Correa de l'Équateur.
Suivant l'exemple de ses collègues et amis, Correa a expliqué dimanche ses idées sur la nouvelle Constitution.
Il a réussi sa mission, avec 64 % des électeurs qui ont voté en faveur du référendum, selon les résultats officiels de 80 % des suffrages exprimés.
Selon cette étude, 28% de la population ont voté "non", 7% des votes étaient invalides et 0,7% étaient rejetés par les électeurs.
L'adoption du projet de Constitution requiert 50% + 1 vote.
Dimanche, deux enquêtes menées à la sortie des bureaux de vote et un dénombrement effectué par une ONG ont démontré l'énorme supériorité des votes "oui" avec respectivement 63 % et 70 %.
Rafael Correa a annoncé dimanche soir la victoire de son projet de Constitution.
"La Constitution a remporté une victoire écrasante", a-t-il déclaré, remerciant le peuple équatorien à Guayaquil, à 280 kilomètres au sud-ouest de Quito.
Rafael Correa a également été félicité par Chávez, Morales et la présidente du Chili, Michelle Bachelet.
Selon un rapport de la mission d'observation de l'Organisation des États américains (OEA), le vote s'est déroulé dans une atmosphère calme. Son sujet principal était un texte de 444 points résumant les principes du "nouveau socialisme" défendu par le président.
La Constitution proposée met le pouvoir de l'État au service de l'économie, en réservant à l'État le droit de "planifier le développement" d'un pays qui vit essentiellement de l'extraction de pétrole par des entreprises étrangères et de la monnaie envoyée par les émigrés.
Le projet de constitution de Correa, élu en 2006, renforce également le pouvoir du chef de l'État, qui peut obtenir un mandat pour deux mandats consécutifs au maximum et dispose du droit de dissoudre l'Assemblée nationale.
Correa a déjà annoncé son intention d'utiliser cette possibilité et de se lancer à nouveau dans la course au mandat de chef d'État en février 2009.
Le président a déjà commencé à introduire la gratuité des services de santé et de l'éducation dans son pays, qui compte 13,9 millions d'habitants et dont la moitié vit sous le seuil de survie.
Enfin, la Constitution interdit la présence de troupes étrangères dans le pays, ce qui pourrait mettre fin à l'accord entre Quito et Washington sur l'utilisation de l'installation équatorienne qui sert de base aux mesures américaines de lutte contre la drogue.
19 otages libérés au Tchad
Un commando égyptien a pris en otage 11 touristes et leurs huit compagnons il y a dix jours.
Les otages sont au Caire.
Les onze touristes européens et leurs huit escortes égyptiennes ont été emprisonnés dans le désert pendant dix jours, d'où ils ont été transportés sans blessures lundi après-midi dans la capitale égyptienne.
Les otages ont été libérés ce matin par un commando égyptien au Tchad.
Ils sont arrivés à la base militaire d'Al-Maza, qui est directement reliée à l'aéroport international du Caire.
Les otages ont été interdits de faire des déclarations à la presse et ont été immédiatement transférés dans un hôpital à Maadi, un quartier résidentiel de la banlieue du Caire, où ils ont été examinés.
Les otages sont « en bonne santé » et les ravisseurs « n’ont pas payé de rançon », a déclaré à l’aéroport le ministre égyptien du Tourisme Zoheir Garanna.
Les otages ont été enlevés le 19 septembre au pied du mont Ouanat, à la frontière entre l'Égypte, le Soudan et la Libye, lors d'un safari hors route, et le groupe a ensuite été transporté d'une cachette à l'autre par 35 otages inconnus.
Le groupe comprenait 11 touristes (cinq Italiens, cinq Allemands et une Roumaine) ainsi que huit Egyptiens: deux guides touristiques, quatre chauffeurs, un garde-frontière et le directeur de l'agence de voyages Aegyptous, qui organise des safaris.
Selon un responsable de la sécurité égyptienne, une force spéciale de 30 hommes est arrivée sur les lieux dans deux hélicoptères, où les otages ont été attaqués juste avant la tombée de la nuit.
"Il y a eu une fusillade entre les troupes, la moitié des kidnappeurs ont été tués, les autres ont fui", a déclaré le chef, qui a demandé le silence de son nom.
Il a également déclaré qu'un total de 150 soldats spéciaux de la brigade égyptienne Lightning avaient été envoyés au Soudan, où ils ont été complétés par des commandos allemands et italiens.
Le chef de la diplomatie italienne, Franco Frattini, qui se trouve actuellement à Belgrade, a souligné le rôle des agents secrets et des équipes spéciales d'intervention italiennes.
"Nous devons admettre que ce résultat n'aurait pas été possible sans l'intervention professionnelle et efficace de nos agents des services secrets et de nos équipes d'intervention", a-t-il ajouté.
Il a également nié avoir payé une rançon pour les otages.
La veille, l’armée soudanaise a annoncé qu’elle avait intercepté un véhicule tout-terrain sur lequel se trouvaient des ravisseurs, en tuant six (y compris le chef tchadien) et en arrêtant deux autres.
L'armée affirme que les otages étaient liés à une organisation rebelle au Darfour, le Mouvement de libération du Soudan (SLA-U), ce que l'organisation a immédiatement démenti.
Lettres - La "majorité silencieuse" de la culture
Le débat sur le financement de la culture est actuellement au c<0xC5><0x93>ur des journaux et de la campagne électorale en cours.
<0xC3><0x87>a ne peut que nous réjouir.
Mais une partie de notre vie culturelle est toujours oubliée.
Qui se prononcera pour mettre en lumière les sommes ridicules que gèrent les petits musées, les archives, les fouilles archéologiques et les monuments historiques nationaux qui sont au bord de la famine ?
Quel politicien ose rappeler au gouvernement fédéral qu'il ne se soucie pas de ses monuments et de ses bâtiments qui font partie du patrimoine culturel?
Ou que ni le Québec ni le Canada ne disposent de lois qui garantissent réellement la protection efficace de notre patrimoine culturel?
Saviez-vous que le gouvernement français a consacré trois millions et demi d'euros à la seule restauration du château de Chinon dans la vallée de la Loire?
La Constitution de nos voisins américains stipule que la protection du patrimoine culturel fait partie de la culture américaine et que ce patrimoine doit être protégé de manière coordonnée par tous les citoyens, par tous les représentants élus et par tous les organes gouvernementaux.
Dans le cadre de la Fédération des sociétés d'histoire du Québec, plus de 40 000 volontaires de 211 sociétés spécialisées dans l'histoire, le patrimoine culturel, l'archivage et la généalogie travaillent à la recherche de l'histoire et à la préservation d'un grand nombre d'archives privées et de découvertes archéologiques avec un budget minimal.
Souvent, ces organisations défendent notre héritage avec leurs dents et leurs ongles et protestent avec la dernière force de la noyade lorsque les promoteurs immobiliers et les décideurs dirigent leurs bulldozers vers nos anciens bâtiments et cimetières oubliés.
Quand est-ce que quelqu'un va se mobiliser pour la protection du patrimoine historique et culturel ?
Les gouvernements du Benelux nationalisent une partie de la banque Fortis
Fortison, la première banque belge-néerlandaise en difficulté, a été la première européenne à bénéficier d’une nationalisation partielle des pays du Benelux, avec un financement total de 11,2 milliards d’euros pour l’établissement financier et d’assurance ayant des intérêts en Hongrie.
Les gouvernements belge, luxembourgeois et néerlandais se sont réunis au plus haut niveau à la fin de la semaine, y compris le président de la Banque centrale européenne et le responsable de la concurrence de la Commission européenne.
Fortis Bank est la première banque de la zone euro à avoir connu une crise majeure dans le contexte de la crise financière internationale qui s'est propagée depuis plus d'un an, et les décisions prises à son égard peuvent donc être considérées, à certains égards, comme un précédent.
Dimanche soir, les trois États ont décidé d’acquérir près de la moitié (49%) des actifs de la banque.
La banque vendra certainement une partie de ses activités, notamment celles qu'elle a acquises l'an dernier auprès d'ABN Amro aux Pays-Bas, principalement en tant qu'assureur.
Les actions de Fortis ont connu une forte chute la semaine dernière, avec de graves phénomènes de crise au cours de la seconde moitié de la semaine.
Cependant, les analystes s'accordent à dire que la banque, qui emploie 85 000 personnes, est trop grande pour la laisser faire faillite.
Les titres de la société ont chuté d'environ 12% vendredi à un niveau bas de 14 ans seulement.
Depuis janvier, la valeur des actions a chuté de plus de deux tiers.
En termes de prix actuels des actions, la capitalisation boursière totale du groupe est d'environ 14 milliards d'euros, mais selon les dirigeants de l'entreprise, cela n'est pas réaliste.
La direction de l'entreprise a d'ailleurs accusé les marchés étrangers d'incertitudes liées à l'adoption d'un plan de paquets de 700 milliards de dollars américains pour la chute des actions de Fortis.
Lundi, les papiers ont légèrement augmenté.
Vendredi, Filip Dierckx a été nommé à la tête de la banque.
L’entreprise a également recherché des clients privés, mais personne n’a fait d’offres significatives.
Le gouvernement belge a déjà indiqué que les investisseurs n'ont pas à s'inquiéter et qu'ils ne perdent pas d'argent.
Il n'y a pas eu de panique parmi les clients de la banque jusqu'à présent, les comptes n'ont pas été assaillis.
En Hongrie, Fortis possède une succursale indépendante et a également racheté des sociétés de leasing.
Le renard dans la poule
Aux États-Unis, les compagnies d'assurance-vie et de santé refusent souvent de conclure un contrat d'assurance sur la base des données sur l'achat de médicaments par les gens.
Les spécialistes de la protection des données craignent que le marché des données ne soit incontrôlable.
"Il existe un programme de protection des données qui conditionne l'utilisation des données de prescription à l'accord de la personne concernée dans tous les cas.
Cela doit être entre des mains indépendantes, sinon nous laisserons le renard gérer la poule", a déclaré Richard Dick, le développeur du programme de suivi des médicaments.
Les compagnies d'assurances subordonnent la prime et le montant des sinistres à l'état de santé du client candidat et ne souscrivent pas d'assurance si le risque est jugé trop élevé.
Dans le passé, la personne a été envoyée pour un examen médical et le contrat n'a été conclu qu'en connaissance des résultats de l'examen.
Il y a dix ans, Dick a inventé une méthode beaucoup moins onéreuse: il obtient facilement auprès des pharmacies les médicaments qu'il a achetés au cours de l'année et demie, en se basant sur le numéro d'identification du client, et le programme lui-même en tire des conclusions sur la maladie qu'il souffre et son état de santé.
Par exemple, si vous prenez régulièrement de fortes doses de cholestérol, cela indique que vous avez des taux de graisses dans le sang pratiquement incontrôlables, ce qui vous place immédiatement dans une catégorie de risque plus élevé.
Plusieurs variantes du programme sont en circulation, certaines d'entre elles définissent également un facteur de risque, ce qui signifie que l'assureur n'a guère à faire en dehors de la paperasserie, bien que de petites difficultés se posent.
Parmi les inconvénients, certains médicaments peuvent être utilisés à des fins multiples, par exemple, certains composés peuvent être utilisés contre les migraines ou les bouffées de chaleur, mais ils sont également efficaces contre la dépression.
Ce dernier est un facteur important d'augmentation des risques pour les entreprises d'assurance, mais pas pour les entreprises d'assurance.
Des sociétés distinctes ont été créées pour obtenir et traiter les données et, avant d'obtenir les informations nécessaires auprès des pharmacies, elles demandent le consentement du patient.
Les autorités sont désormais obligées de le faire, bien qu'aucune sanction n'ait été infligée pour leur manquement jusqu'à présent.
Certaines entreprises traitent plus récemment les résultats des tests de laboratoire et les combinent avec des données sur la consommation de médicaments, ce qui leur permet de donner une image plus précise de l’état de santé des patients.
De plus en plus d'entreprises ont accès aux données et il devient de plus en plus difficile de contrôler leur utilisation.
Il existe une loi spécifique sur la protection des données de santé, mais son champ d'application ne s'étend qu'aux prestataires de soins de santé et aux assureurs.
Le Congrès est saisi d'un projet de loi qui confère également aux autorités le pouvoir de contrôler les entreprises spécialisées dans la fourniture de données.
Dick Richard se rend compte que cela ne suffit pas : c’est pourquoi il a développé son programme qui lie la transmission des données au consentement explicite de la personne concernée.
Une autre question est que la personne concernée ne peut guère refuser sa contribution, sinon les assureurs ne concluront pas de contrat avec elle.
Les poules sont donc en quelque sorte dépendantes de la gentillesse du renard.
Menu mondial de Marseille
L'Inde et l'Union européenne doublent leurs échanges commerciaux
Étant donné que l'Union européenne et l'Inde sont des partenaires commerciaux de premier plan réciproques, ce thème a dominé l'ordre du jour du neuvième sommet, parmi d'autres problèmes, en grande partie mondiaux.
Aujourd'hui, il y aura aussi un sommet franco-indien, où il s'agira principalement de la coopération nucléaire.
Bien que l'Union européenne reconnaisse que l'Inde est une grande puissance démocratique émergente qui devrait avoir une plus grande influence sur les affaires internationales, les États membres n'ont pas encore réussi à trouver un terrain d'entente pour soutenir l'adhésion permanente de New Delhi au Conseil de sécurité des Nations unies.
Cette question n'a pas encore été abordée lors du neuvième sommet de Marseille, qui s'est tenu hier.
Le président français Nicolas Sarkozy, président en exercice de l’UE, ainsi que le président de la Commission européenne, José Manuel Barroso, et le haut représentant pour les affaires étrangères, Javier Solana, ont accueilli le Premier ministre indien, Manmohan Singh, avec lequel ils ont convenu de doubler le volume du commerce en cinq ans, soit plus de 100 milliards d’euros.
Étant donné que les échanges commerciaux ont augmenté de 25 à 55 milliards entre 2000 et 2007, cet objectif n'est pas trop ambitieux.
Dans ce contexte, les vingt-six accords bilatéraux avec l'Inde en matière d'aviation civile ont été juridiquement consolidés, ce qui signifie que le trafic aérien pourrait également augmenter à l'avenir.
L’Inde souhaite signer un accord de libre-échange avec l’Union européenne d’ici fin 2009.
Sarkozy a promis d'accélérer les négociations.
L'objectif est d'équilibrer le fait que, bien que l'UE soit le premier partenaire commercial de l'Inde, New Delhi n'est que le neuvième partenaire de l'UE.
Le sommet s'est concentré sur les affaires mondiales.
La situation en Afghanistan et au Pakistan, ainsi que le terrorisme, qui ont été condamnés sous toutes ses formes par les deux parties, ont été pressés de convoquer une conférence de l'ONU.
Ils ont également appelé à la fin du cycle commercial de Doha, bien que les deux aient subi une grande partie de l'échec jusqu'à présent.
L'UE a confirmé qu'elle maintient son programme en matière d'énergie et de climat, qui vise à réduire ses émissions d'au moins 20 % d'ici à 2020.
L’Inde s’est également prononcée sur la nécessité de parvenir à un accord global lors de la conférence sur le climat de l’année prochaine et de réduire les émissions de gaz à effet de serre de 50 % d’ici 2050.
Ils souhaitent également empêcher la hausse des prix des denrées alimentaires et ont soutenu la convocation d'une conférence internationale pour examiner la crise financière.
Le chef du gouvernement indien se rend aujourd'hui dans la capitale française, où il s'apprête à négocier un accord sur l'utilisation pacifique de l'énergie nucléaire lors de la réunion bilatérale.
Paris s’attend à ce que les entreprises françaises soient chargées de la construction de réacteurs nucléaires indiens pour une valeur de 20 milliards d’euros.
Selon les médias, l’accord aurait une durée de 15 ans.
Plus de 300 éditeurs italiens à Francfort
Les éditeurs italiens sont très présents à la Foire internationale du livre de Francfort.
Plus de 300 maisons d'édition italiennes participeront à la plus importante réunion internationale sur le droit d'auteur, la 60e foire de Buchmesse.
Cette année, la foire internationale du livre de Francfort accueille 7 000 exposants issus de 101 pays, répartis sur une superficie de 171 790 mètres carrés et présentant plus de 403 000 livres.
Lors de la cérémonie d'ouverture du pavillon italien, le gouvernement italien sera représenté par Francesco Maria Giro, sous-secrétaire d'État au ministère des biens culturels et des activités: l'Italie occupera une surface d'exposition de 264 mètres carrés, grâce à la création d'un point d'Italie unique.
La cérémonie d'ouverture sera suivie d'une conférence de presse dans la salle "Room Struktur" du pavillon de la Buchmesse 5.0, où des informations sur la situation, les tendances et les perspectives de l'édition italienne seront également présentées.
Selon les données, la proportion d'auteurs étrangers sur le marché italien de l'édition ne cesse de diminuer, en particulier dans le domaine des publications pour adultes et pour jeunes.
L'avion du milliardaire Steve Fossett a disparu il y a un an
Les restes de l'avion du milliardaire Steve Fossett ont été retrouvés le 3 septembre 2007 au-dessus du désert du Nevada.
Les épaves ont été retrouvées sur un plateau de 3 000 mètres de haut, près de Mammoth Lakes, dans la Sierra Nevada, à la frontière entre la Californie et le Nevada.
Aucun corps humain n'a été retrouvé à l'intérieur de l'avion.
John Anderson, le shérif du comté de Madera, a dissipé tous les doutes qui subsistent: «Après avoir déterminé la position de l'avion, nous avons envoyé une équipe et nous pouvons maintenant être sûrs qu'il s'agit de l'avion sur lequel Steve Fossett a volé le jour de sa disparition», a déclaré le shérif lors d'une conférence de presse.
Le shérif a également confirmé qu'aucun corps humain n'avait été trouvé dans l'avion ou dans les environs.
Le milliardaire de 63 ans a été déclaré mort en février.
L'Agence américaine de sécurité routière (NTSB) a déclaré que quelques heures après la découverte de l'épave, une commission d'enquête a été chargée d'identifier l'avion et de déterminer s'il s'agissait bien d'un Bellanca 8kcab qui a disparu le 3 septembre 2007, le jour où Fossett a quitté Yerington, dans le Nevada, pour un vol de trois heures.
Hier, en Californie, non loin de la frontière avec le Nevada, un couple a trouvé quelques effets personnels de Fossett près de sa maison à Mammoth Lakes.
Deux cartes d'identité au nom de Fosset, délivrées par l'Aéronautique fédérale de l'Illinois, de l'argent liquide et un pull.
La recherche de Fossett a été abandonnée un mois après sa disparition.
Le milliardaire a établi de nombreux sommets à travers lesquels il s'est inscrit dans l'histoire.
En 2002, pour la sixième fois, il parvient à faire le tour de la Terre avec un ballon pour la première fois : deux semaines de vol solitaire.
Trois ans plus tard, il a fait le tour de la Terre en avion, sans atterrir.
Parmi ses nombreux records figure le vol au-dessus des Andes à 15 445 mètres d'altitude réalisé par un co-pilote.
GLK, une publicité choquante
Un SUV de loisirs inhabituel, mais aussi original et distinctif, avec de grandes surfaces et des coins propres.
En quelques mots, c’est le dernier « tout-terrain compact » de Mercedes-Benz, avec lequel l’usine allemande a essayé de donner une nouvelle impulsion au marché.
C’est précisément pour cette raison que la campagne de lancement du SUV GLK, disponible dans les salons Mercedes-Benz à partir du 17 octobre, sera aussi surprenante et inhabituelle.
En effet, la campagne publicitaire qui accompagne le lancement du nouveau véhicule utilise un moyen de communication médiatique jusqu’à présent inconnu, notamment grâce à des affiches 3D utopiques qui n’ont pas encore été utilisées en Italie par une marque automobile.
L'action de l'affiche, qui comprend trois étapes, dominera jusqu'au 15 novembre la rue commerçante centrale de Milan, Corso Como .
La première phase de ce nouveau type de communication médiatique commence par la présentation tridimensionnelle de la voiture, dans laquelle le nouveau SUV, distribué autour du Corso Como avec des lunettes spéciales, sera visible à des dimensions quasi réelles et sous une forme tridimensionnelle.
Le spectateur de l'image aura l'impression que la voiture sort de l'affiche.
Ensuite, grâce à la technologie innovante Elumina8, chaque détail du nouveau GLK est visible un par un pour former une image unique.
Il ne fait aucun doute que Mercedes essaie, avec cette promotion, d’introduire quelque chose de nouveau dans le monde stéréotypé de la publicité dans l’industrie automobile.
Cela va-t-il susciter l’intérêt des futurs clients ?
Je vais vous montrer qui sont les footballeurs italiens.
Jeunes de Triveneto, probablement exclus de la piste.
Mais qui sont ces 150 à 200 garçons et filles qui font honte à toute l'Italie aujourd'hui? Les membres d'un groupe appelé "Ultras Italia", qui suit la sélection depuis des années et qui, en vérité, n'a pas causé trop de problèmes jusqu'à présent.
Il n'a jamais eu d'affrontement avec les supporters de l'adversaire.
Le c<0xC5><0x93>ur du groupe est à droite.
Les organisateurs viennent de Trivento.
Et de Vérone, de Padoue, de Trieste et d'Udine.
Ils ont été rejoints à Sofia par de petits groupes dispersés (en fait, seulement quelques unités) provenant de la Campanie et des Pouilles.
Des drapeaux italiens montrant la ville natale des supporters ont été apposés et enlevés samedi pour ne pas être identifiés.
Suivez l’exemple des Anglais.
En Bulgarie, ils ont affronté une véritable équipe de supporters nazis, les supporters de Levski.
La fédération italienne de football a mis 144 billets à la disposition des fans italiens. Ce sont des billets pour le nom, ce qui facilite le contrôle de l'équipe de fans.
Le Ministère de l'Intérieur a également contrôlé tout le monde: parmi ceux qui se rendaient à Sofia, il n'y avait personne qui était en cours d'instruction, personne qui n'avait été interdit de visiter le stade.
Quatre supporters italiens ayant des antécédents de football ont été privés de billets et de départs.
Actuellement, le ministère de l'Intérieur attend les procès-verbaux de la police de Sofia et prend les mesures nécessaires: les supporters qui ont été arrêtés ou identifiés pendant les émeutes peuvent être condamnés à cinq ans d'interdiction.
Il s'agit d'une interdiction internationale de visiter non seulement les stades italiens, mais tous les stades d'Europe.
Nos hooligans de football ne peuvent donc pas entrer sur un terrain de football.
Par chance.
Mais nous devons aussi craindre que les hooligans ne trouvent des partisans, c’est-à-dire qu’à peine cent cinquante se joignent à eux d’autres.
"Il faut immédiatement éteindre ce feu et ne pas justifier ceux qui se comportent de cette manière", a déclaré le ministère de l'Intérieur.
Il est donc préférable de garder les yeux ouverts, d'autant plus que le jour du match de la sélection de mercredi approche à Lecce.
En Italie, il y a une petite cellule qui soutient les ultras.
Demain, le service de surveillance se réunira, et mardi, le comité d'analyse de la sécurité des événements sportifs, qui peut compter sur une section du service de sécurité intérieure, se réunira avec les services de renseignement sur le comportement des supporters.
"Le chant de Duce-Duce et le bras battant sous l'hymne italien? En Bulgarie, ce n'est pas un crime..."
C'est une idée que Domenico Mazzilli, nommé il y a quelques semaines à la tête du service d'observation du ministère de l'Intérieur (le poste a été occupé par Francesco Tagliente et auparavant par Felice Ferlizzi), a exprimé de manière assez malheureuse.
Mazzilli était auparavant le chef de la police de Trieste, une ville qui abrite depuis 2002 une cellule soutenant le groupe Ultras Italie.
Ce que Mazzilli affirme est vrai, il n'est pas interdit de faire vivre le Duce en Bulgarie, mais le comportement de ces 150 à 200 fans n'en a pas moins été honteux.
Je ne suis pas sociologue, a ajouté le premier membre du service d'observation, mais les crimes doivent être jugés dans le pays où ils ont été commis.
Jusqu'à présent, ce groupe n'a pas posé de problème. Nous devons examiner exactement ce qui s'est passé et réfléchir à la suite.
Mais parlons un peu de l’hymne italien : ce n’est pas un crime, mais si je puis dire, ce n’est pas non plus une bonne éducation. »
