Pravé populistové triumf v Rakousku, mají celkem 29 procent
Podle prvních předběžných výsledků prvních voleb parlamentu v Rakousku přivedly ověřující oslabu obou stran v současné velké koalici a významné zvýšení pro pravé populistické strany.
Rakouská lidská strana (ÖVP), kde pozice současné hlavy, Wilhelm Molterer, byla závažně zbavena, trpěla zejména velká ztráta.
Naopak, vůdce kampaňů Alliance pro budoucnost Rakouska (BZÖ), karintský guvernér Jörg Haider, připravuje triumfální zpět do vnitrostátní politiky.
Podle předběžných výsledků zůstává Sociální demokratická strana (SPÖ) nejsilnější v zemi s 29,8 procenty hlasů však ztratila 5,5 procent hlasů od posledních voleb v roce 2006.
ÖVP, který s jeho 25,6 procent ztratí skoro devět procent hlasů, ještě horší.
Jsou to nejhorší výsledky obou velkých stran v rakouské poválečné historii, a zejména pro lidskou stranu, kteří nazvala první volby, je to doslova katastrofální výsledek.
Na začátku července, když ÖVP odešel na koalici, lidská strana stále měla významný závod na SPÖ v anketách.
Hlasoři je však zřejmě trestili za to, že vláda nedovolila.
V prvních reakcích na výsledky byly již spekulace o možném odejítku hlavy párty a současné vice-chancelor Wilhelm Molterer.
Pozorci předpokládají, že by to mohlo být v pondělí na nezvláštní schůzce párty vedení.
Takový vývoj by určitě zjednodušil cestu k největší pravděpodobnějšímu postupu z výsledků voleb, tj. obnovení velké koalice SPÖ a ÖVP.
Vzhledem k posílení obou populistických stran - Služba svobody (FPÖ) získala předběžný 18 procent a BZÖ jedenáct procent hlasů - však současně vyjádřili sociální demokraty strach o opakování roku 1999, když lidská strana souhlasila s populistmi (FPÖ byla v té době stále sjednocena, v roce 2005 zrušena od BZÖ) o společné vládě, která konečně provokovala sankce z Evropské unie.
Haider, který již oznámil, že je připraven spolupracovat s jakoukoli stranou a předpokládá, že se vrátí do Vídeně na vnitrostátní politiku, je zřejmě bankovní na tomto rozvoje.
Zelená strana se také dostal do parlamentu, ale utrpěla nemáčka ztráta a spadla z třetího a pětého místa mezi rakouskými politickými stranami.
Očividně žádná z ostatních stran překročila čtyři procentní známku a dostal do parlamentu.
Schwarzenberg: vztahy s Indií by mohly zhoršit
Podle ministra zahraničí Karel Schwarzenbergu, pokud nebude možné řešit problém českých vědců obviněných v Indii s nelegálním sbírkem bubků, může být určité zhoršení českých-indiánských vztahů.
Minister udělal toto prohlášení v New Yorku po dnesné schůzce s jeho indiánským kolegom Pranab Mukherjee.
"Pokud to není vyřešeno, pak ano, pak by se zhoršilo určité zhoršení," říká, že po schůzce začíná z české strany.
Po jednáních řekl Mukherjee, že bylo pro výkonnou odvětví těžké zavést v soudních otázkách.
Přesto řekl, že v případě Petra Švácha, kterou byla odstraněna z obvinění a trestována vědomí, střední vláda může jednat s místní vládou v Darjeelingu, pod jurisdikci, jehož příslušnost patří.
"Jeho problém může být vyřešen," řekl ministr.
Podle Mukherjee by to nejlepší pro Emil Kučeru, odsouzené na tři roky vězení, by se odvolal k vyšším orgánům.
Může pak požádat o vypustnutí na kauci a čekat na veredict mimo vězení, vysvětlil.
Schwarzenberg potvrdil, že jeho partner to také říkal během jednání.
"Doporučuje, aby se vztahoval na vyšší soud, a pak by bylo možné mu odpustit," řekl vedoucí české diplomacie.
Jediný způsob, jak se česká strana může zaúčastnit do celé této věci, je poskytovat osuzené osoby "kompetentní právní podporu", řekl indiánský ministr.
Současně řekl, že indijská strana již poskytuje pomoc tohoto typu.
"Je v našem největším zájmu udržet nejlepší vztahy s Indií, které mají dlouhodobou tradici.
Indiánci to také uznávají," řekl Schwarzenberg.
V současné době, jak řekl českému tiskovému agentuře, zdůraznil před svým partnerem, že Česká republika na problém českých entomologů velký důležitost.
"Opravdu považujeme zatčení a obvinění těchto českých vědců za velkou chybu," prohlásil.
Minister se neodpovídal na otázku, zda přijal slíbení od indiánské strany, aby se tuto záležitost sledoval.
Řekl jen "Už jsem dostala dost pár slib."
Česká boj pro oceánské podlahu
Postupuje k elektronické mapě stěny, které zobrazuje Austrálii a okolní mořské oblasti.
Ale nemá zájem o kontinent, ale v malém bodě ztraceného v modrém oceánu.
"Toto ostrov a s tím patří oceánský podlaha okolí, Austrálie.
V současné době je oblasti stejně velký jako samý kontinent," říká italský právník Luigi Santosuoso, který patří třicet článků tým zaměstnanců oddělení OSN pro oceánské věci a moře.
Jeho šéf, ředitel divize, český právník Václav Mikulka, sleduje to, co říká a občas něco přidá.
Zest a entuziazmu pro práci jsou tady dominující.
Oceánská podlaha uklidňuje dosud málo známý svět bohatý přírodním zdrojem.
Je možné najít olej, rudy a ostatní mineraly, ale do té doby také neznámé živé organismy, které drží klíč, například, k vývoji léky pro rakovinu.
Podlaha větší než kontinent
Pobřežní země dnes začali silně soutěžit na nové podvodní území.
To znamená, že podle dohody OSN využívají práva, na které se v roce 1982 dohodili v Montego Bay, Jamaika.
Toto je především oblast takzvané kontinentální polohy, které často dosáhne až několika sto kilometrů od pobřeží dané země.
Podle dohody tato země má výjimečné právo na všechny zdroje kontinentální police.
"Přijetí jednoduše je kontinentální položka považována za část oceánského podlahu, která je přírodní pokračování kontinentu pod moře a jeho podstratum.
Došlo do okraje pobřežního moře, často dokonce i za okrajem dvěstát naučních mil takzvané exkluzivní hospodářské zóny", vysvětluje Mikulka.
Žádost, kterou dávaná země předloží Komisi o limitech kontinentalního platbu, musí být podpořena vědeckým a technickým dokumentacím na základě mnoho drahého vyšetřování a měření.
Je to výsledek mnoho let přípravné práce.
"Jeden z našich roli je poskytovat komisi právní a specializovaná technické pomoc.
Komise do té doby o pět žádostich vyjednala z Ruska, Brazílie, Austrálie, Irska a Nového Zélandu.
Jenom poslední tři z těchto zeměch dosud byly úspěšné," přidá Mikulka.
Nedávno úspěch Austrálie, který byl první, rozšířil jeho podvodní domenu, byl zaregistrován po celém světě.
Však Nový Zéland získal rovněž - oblast oceánského podlahu, kterou jí přijal komise, je přibližně 1,6 milionu kvadratních kilometrů, tj. přibližně šestkrát větší než velikost vlastní země.
Obě země investovali miliony dolarů do prohlídky.
Zisk, který bude využití oceánské podlahy v budoucnosti, bude, doufají, neceněný.
Ostatní země budou také postupně předávat své žádosti.
Mají do deset let od okamžiku, kdy ratifikovali dohodu o Montego Bay.
Když skončí kontinentální položka, oblast oceánského podlahu prohlášená dohodou jako "obecné dědictví lidstva" začíná.
Tady žádná země už nemá žádnou exkluzivnou pozici.
V tomto oblasti se poskytuje prostřednictvím dohody stanovené mezinárodním institucím.
"Ale oceánská podlaha není Klondike", říká ředitel Mikulka překvapeně, přidávající, že jeho "individuální oblasti jsou právně jasně odděleny a jejich režim je založen ve smlouvách."
Česky v Pacifiku
Část oceánského podlahu patří v současné do České republiky.
Sdílí ji s ostatními zeměmi z bývalého východního bloku jako součástí společné organizace "Interoceanmetal".
Podle dohody tato organizace, stejně jako investoři několika malých zemí, získala v roce 1991 status takzvaného "investoru společenství".
Je oprávněno pro mě v zóně ClarionClipperton v Pacifiku, který leží mezi Mexiko, Hawaí a Kiribati.
Oblast vyšetřovaná investitorem je trochu větší než bývalá Československa.
Oceánské podlaho je nepříjemný, je to druh podvodní model Tatra hor.
"Je možné, aby tam mohli mít na celkovém oblasti 75.000 kvadratních kilometrů.
Tato oblast je bohatá místnost pro sbírku polymetalních konkrecí obsahující niklu, mědu, kobaltu a manganu," říká další právník, Pakshi Rajan z Indie.
Makedonský právník z divize, Rober Sandev, přináší takové pojednání prokázat.
Vypadá to jako malý brambor nebo, s trochu fantazie, mytický šem, který podle legendy přinesl Golem do života.
Německá zvláštní síla je přítomná na záchranu hostáže
Při řešení krize rukojmí, egyptská vláda požádala o pomoc od Německa, která poslala odborníky.
Když přišlo na tlačení, zvláštní síly byly připraveny, ale jejich služby nakonec nebyly požadovany.
Více a více podrobností se surfají o okolnostich o osvobození jedenáct evropských turistů, které se odešely v Egiptu.
Podle německých federálních ministerství obrany a interiérů se německé speciální síly nepřímo účastnily na záchranné misi.
Specialistů federálních zbraných sil (Bundeswehr) a členů německé federální policie (Bpol) a jeho GSG 9 a zvláštní jednotky Air Garde byli v rámci záchrany, řekli řešení ministrů, jakož i členy úřadu z federálních trestních policií (BKA) a odborníci logistiky agentury technické pomoci (THW).
Německé síly však nebyly požadovany, řekli, protože kapitáři opuštěli rukojmíky a utekli, když se věděli, že rukojmí budou schopni být osvobozeni silem.
Egiptská vláda přijala pomoc, která nabídla Německo, aby se spoléhal na německé síly jako podporu během operace.
"Lucky, nepřišel na to," řekl řeč německého federálního ministerstva vnitřního ministra.
Cestovací skupina sestavovala z pět němců, pět italů, rumunské ženy a jejich osm egyptských sdružení byla napětí a odlevena 19. září na jihu Egypta.
Po jejich únosu v poušťovém regionu na jihu Egypta byly rukojmí zpět a zpět v hraničním regionu mezi Egyptem, Libií, Súdánem a Čadem.
Dosud zůstane identita kaptorů neznámá, jako podrobnosti o záchraně nebo o možných výkupech.
Bývalé rukojmí přišli bezpečně a skvělé v Kairu.
Německý ministr zahraničí Steinmeier říkal, že byly pověřeny o německou ambasádě.
Nekomentařil o podrobnostich záchrany.
V Berlíně nebyly žádné okamžité informace o jejich zpět do Německa.
Podle německých novin "Bild", pět turistů a zvláštní síly se zajímají na Airbus německé letecké síly, který se říká, že v úterý přijede do Německo.
U.S. dům zástupců odmítá Bailout
V první z dvou komorů kongresu amerického kongresu nedokázalo 700 miliardů dolarů na finanční trhy ozkotně projít.
Dow Jones se vzal na nos.
S hlasováním 227 proti 206 proti, americký dům zástupců zamítnul balíčku vybavení vlády pro finanční trhy.
Všechny zvolení prezidenta Georgea W. Busha a vedoucí úředníci obou stran, nebyly žádné většiny dosáhnout pro program, který bylo zaměřeno obsahovat chaos na finančních trhu.
V dramatické kampaně podporovatelé pokusy přesvědčit kritikům z 700 miliard dolarů plánu.
Barney Frank, jeden z hlavních demokratických vykrádců, vyzval na schválení zástupců, i když to byl nepopulární plán.
Je těžké získat politické schválení pro prevenci něčeho, co se ještě nestalo, přiznal.
Zatímco hlasování byla pořád v průběhu, Dow Jones viděla kapu více než šest procent, nebo 600 bodů.
Bylo to způsobeno obavy investitorům, že vláda by mohla využit záchranu.
Krátce před koncem hlasování se znovu získal, jen když byla odmítnuta zveřejněna.
Odborníci teď očekávají další těžké turbulence na mezinárodních finančních trhu.
Pro provádění plánu je požadovan schválení jak dům zástupců, tak i senátu.
Zpráva o cestujících agenturách Zvýšení rezervací
Bude to dobrá zima pro německé cestovní agentury, zřejmě:
V průzkumu říká, že obchod rezervací pro příští měsíce se významně vzrostl v případě předchozího roku - v zimní sezoně i o 30 procent.
Navzdory výhledů slabé hospodářství, německé povolení pro cestování zůstane nepřiměřený, řekne návštěva.
Pro rezervace během zimní sezóny cestující agentury viděli zvýšení obchodu 31 procent v případě stejného období předchozího roku, oznámil v pondělí v Berlínu německá cestující sdružení (DRV).
Podle tržního výzkumního firmy GfK se také během podzimních měsíců zvýšilo rezervace.
Cestovací agentury viděly zvýšení obratu přibližně jedenáct procent v říjnu proti roku 2007, řekl DRV.
Výsledky jsou založeny na číslech GfK, kterým každý měsíc zpracuje údaje o rezervaci 1200 německých cestních agentur a používá je k projekce pro trhu jako celkové.
Včetně rezervace cestování udělené do srpna 2008.
Díky slabého dolaru, zejména výlety do Spojených států byly požadovany, řekl DRV.
V tomto oblasti se rezervace zvýšila o přibližně jedna třetí, řekl.
Na základě toho ukazovala Španělsko, Turecko a Řecko jako populární mezi německy, jakož i domácími regiony.
Zvláštní výlety byly zvláštní žádné, řekl prezident DRV Klaus Laepple.
S ohledem na rostoucí ceny energie a potravin byly jejich náklady "větší výpočet pro klienty než pro jednotlivých organizovaných dovolení", řekl Laepple.
Spotřebitelé mohou ušetřit peníze prostřednictvím prvního ptáku nebo všechno inkluzivních slevy, mimo jiné, řekl Laepple.
Vzhledem k tomu, že letní měsíce byly velmi dobře rezervovány, také by bylo další zvýšení obchodu proti předchozímu roku, řekl, že - i když další šetření zveřejňuje, že počet cestujících Němců potopil v porovnání s předchozím rokem.
Můj prvník v Oktoberfestu
Jázda-break- a après-ski-style hits ve opakovaném režimu, pivo z jednolitrových hrbů a celebrit v designéru Dirndln.
Wiesn Debut.
Technicky, Susanne Kronzucker a já nemáme spoustu společného.
Je blondová, televizorová hosta a nosí skrátečný Dirndl.
Mám temné vlasy, jsem student a má šaty je druhá.
Ale existuje jedna věc, která nás spojuje: Jsme v Wiensně jen tři minuty, a již fotografy se nabízí kolem nás a vyplíží první návštěva, naplňují paměťové karty - velmi pochválí, a to je můj první návštěv na Wiensnu, abych zapálil.
Takhle děláš přátele.
Ten levný Dirndl dělá svou práci.
Pro Wiesn turist obvykle založeno severně od "Weisswurst equator", že úžasné pocity nosení tradiční bavarský garb bylo zůstat mnoho, kdy by se chtělo.
Ale jednou přijel do Theresienwiese, není to tak špatné.
Skoro všichni nosí Dirndl nebo Lederhosn; nikdo nevypadá zneužívaný nebo styděný - je to všechno úplně normální.
Jenom můj Dirndl apron natáhl divné pohledy na prodejce čokolády-banana.
Münchenová žena přinesla můj pozor, že jsem svázal správný způsob: "Dostupná levo, nevida v středině, spáchána vpravo, vdova za tím."
Furtitivně, vytáhnu svůj pron zpátky doleva.
"Podívá se na pravdu," říká a směje se.
Ostatní se méně zajímají o subtilní flirtovací techniky a nosí jednoduché pocitné klobouky, které říkají "Too opilý, aby se oblékli" a, bez okamžiku, ukázat lidem jejich naho za tím.
Mladý muž s exhibicionistickým postojem se jmenuje Bob, je z Anglie, a je to poprvé v Oktoberfestu také.
Najde to "horgeous", s dlouhozřeným "oooooo".
Říká mi to hned po zbabění "Maß" předtím.
Přímo vedle jednoho z těch požárů, že všichni chybí pro odpady.
Takže Bob je jedním z těch neznámých Wildbiesler.
Ostatní nejsou dost štěstí, že ztratí alkohol.
Půjde v osm hodinách noc, hodnoty paramediců hrůzí místo, přijímají se na chudné bingery.
Lékaři se vždycky objevují v balíčkách - vždycky jsou čtyři v jednom čase a nosí pokryté řetězce od stanu do stanu.
Funguje jako s větším návštěvníkům Wiesna: Když je prázdné, jde ven a když je plné, vrátí se.
Nevidíš, kdo je uvnitř kovů BAC.
Je to ty, kteří už nemůžou vzít, když jsem se o to zeptala, zmizela v dávce.
Oběť nehody jmenovaná policie
63-letní pěšek, která zemřela v nemocnici, poté, co byla ublížena vozidlem v Essexu.
Carole Paulson, z Chelmsford Road v Brentwoodu, byl v pátek odpoledne ve Shenfield Road ve městě zapojený do nehody.
Byla odvezena do Queen's nemocnice, Romford, ale později zemřela.
Po nehodě byl zatčen 51-letního muže na podezření o nepříjemné řízení.
Od té doby byl uvolněn na policejní kauci.
Turecká rozšíření diplomatických horizontů
Dlouho předtím, než Turecko se snažilo připojit k Evropské unii, evropské pravomoci byli požadované provést hluboko do Turecké oblasti.
Na východní straně Bosforu, možná jen 20 kroků do Asie, stojí jeden z nejlepších relikvií tohoto címerského ambicí.
Hydarpasha železniční stanice byla navržena dvěma německými architektami Otto Ritter a Helmut Conu v neo-renaisance stylu.
To je alespoň to, co ti říkají průvodci.
Budova sedí na konci platform s věžem na každém z jeho předních koutů hledá všechny světy jako nějaký provinční německý městský sál.
Kamen je špinavý.
Celá edifikace trochu rozpadá.
Ale jednou uvnitř trezorované kanceláře, není pochybující velkého podniků, o kterém to byla nejzápadnější brána.
Stanice byla otevřena v srpnu 1908 německým konzorcem, Anatolia-Baghdad Corporation.
Německo, později do císařské hry, bylo zaměřeno uvědomit své ambice ovládání Blízkého východu prostřednictvím tohoto železničního běhu do Damasku, Bagdad, a především do toho, co je dnes Saúdská Arabie.
Ale císařské ambice Německo založené během prvního světové války.
Její železniční stopy byly napadeny Lawrence z Arabie a jeho arabských nepravilností.
Relativní izolace ze svého okolního oblasti, vyvinující zmrazené hranice studené války, je pryč
Britské a vládní síly vyrostli z Egiptu a vytlačili Turky a jejich německé spojence z Palestine a Sýrie.
A taky pro Hyderpasha stanice byla špatná zpráva.
V roce 1917 zničil vlak municie, který zničil jeho vyšetřované střecho.
Turecká zdroje říkají, že to byl sabotáž.
Od té doby se to pomalu vymýšlelo, ve velké většině obsahovala historií.
Ale dnes tato železniční jízda do Anatolie a všech bodů na východ slouží - alespoň symbolicky - k zdůrazňujících diplomatických horizontů Turecke.
Řídící strana spravedlnosti a rozvoje - AKP - vytvořila celou novou zahraniční politiku pro zemi.
Relativní izolace ze svého okolního oblasti, vyvinující zmrazené hranice studené války, je pryč.
Teď je tu nová politika spolupráce.
Turecká vláda má významně dobré vztahy s Izraelem a Sýrskou, s palestinskými frakcími Hamas a Fata, s Irákem a Iránem a samozřejmě s Evropskou uní a Spojenými státy.
Aby bylo vymezeno parametry této nové zahraniční politiky, jsem se nočního spánku do turecského kapitálu Ankary, abych navštívil jednoho z vedoucích odborníků zahraniční politiky AKP, Turecká parlamentníka Suat Kiniklioglu.
Příští ráno - asi deset a půl hodin později - po jízdě podle chodů, které vytvořily staré světové kadence slavného dokumentáře The Night Mail, jsem přišel do turecké hlavního města - navrhoval jako nové město pro nové sekulární státní účel, aby se otomanské minulosti obrátil.
Ale AKP s svými známými islamistickými kořeny představuje paradigmní změnu v řeckém konsensu.
Na západu povzbudilo některé podezření, zejména v Washingtonu.
Taxi mě vzal do sedaře AKP, ultramodernní kamenové a ocelové struktury - vytvořené - v rozvojovém předměstu, obklíčené polokonstruovanými nákupními střediskami a sídlem, kde se setkal střední manažeři v obchodních oblecích - a mužů a ženách - na brzy ráno dohody.
Suat Kiniklioglu mohl být politickým z centra pravé z téměř jakékoli další politické strany v Evropě.
Koupit, kravatu, jsem si jistý, že si dokonce balí Blackberry.
"Cílem zahraniční politiky strany je nyní znovu integrovat Turecko do svého okamžitého sousedství.
Studená válka byla anomalie," řekl mi.
Turecko bylo vyřízeno ze svého podzemí.
Dnes se musela podívat na východ a na západy současně.
Nebylo to případ jednoho nebo druhého.
Musel to udělat oba.
"Ale určitě v nějakém chvíli," řekl jsem se, "Turky by mohlo být nuceno vybrat?"
"Turkey," řekl, "nechtěla by se muset čelit s tuto volbou."
Pak zdůraznil bod, že téměř všichni, s kterými jsem tady mluvil, téměř řekl: Turecká vztahy nejen s Blízkým východem, ale k Kaukazu a kolem Černého moře, jsou na výhodu Evropy a Spojených států, jako do Turecka.
S Tureckou na palubě, zdá se, že zpráva se zdá, že Evropa v celém případě může metaforicky jízdět tyto železniční linie na východ směrem k Azii a Blízkým východem.
Zpátky na stanici Hydarpasha, po dalším většině bezspání, jsem si přemýšlel na ty dva německé pánové Herr Ritter a Herr Conu, kteří viděli, že tohle budou postaveno před sto lety.
Jak překvapení by měli zjistit, že evropské střední východní ambice mohou teď v velké části být v Turecké ruce.
A když jsem čekal na terminalu, aby mě trajekt vzal zpět přes Bosforu, připomněl jsem si, že v těch dnůch v Turecku vždycky se jmenoval "hotný člověk Evropy".
Potom alespoň nevypadá, že nebylo pochyby, kterou kontinent by měl vytvořit tuto fascinující země.
Životové vzpomínky: Vernon Handley a William Woodruff
Mark Brown píše: Jako hudební ředitel Guildforda z roku 1962, Vernon "Tod" Handley (obitník, 11 září) měl obvinění za Guildford Philharmonický orchestr a Choir.
Jako součástí jeho hudby pro oblast, v příští rok založeno svůj úžasný mládežní hor, Proteus.
Mělo by to být pro pod-21, ale když Proteus zpíval svůj final v roce 1979, několik z nás byly v konci 20 let - prostě jsme odmítli odpovědět hor.
Jméno "Proteus" (mitologické změny tvaru) představuje ochotnost horu a schopnost řešit něj jakékoli hudbu, ať už madrigal nebo Messiaen, ať se nedoporučuje nebo s plným orchesterem.
Hudební opalizaci vyrobené takovým mladým horem byla často úžasná, vždycky vzrušující, a to bylo vše z důvodu inspirace tohoto muže a entuziazmu pro hudbu, která zůstal absolutně konstantní během let.
Jak často nám Tod řekl, že "nech hudbu pro sebe mluvit".
Řekl by: "Kompozitor ví, co chce.
Všechno je tam v hudbě.
Tak to zpívej!"
Jeho technika batonů byla naprosto jasná a přesná, i když nikdy diktatorní, ani floridní.
Vždycky ho zvýšil ještě vyšší.
John Frayn Turner piše:
Pokud by některý dirigent měl být rytérem, byl to Vernon Handley.
Znám ho dobře během dvou desetiletí, kterou řídil Guildford Philharmonic od roku 1962 do 1982.
V posledních 40-odd letech jsem přezkoumával více než 100 jeho koncertů a mohu říct upřímně, že jsem nikdy nebyl zklamán jediným - a mnohokrát inspirovanými nimi.
Tod Handley měla tu vzácnou kombinaci světy plus osobní skromnost.
Nenáviděl dirigentům, kteří jen "zasvědčili jednoho nebo dva známé válečné koně po celém světě".
Tolik z nás ho bude chybět.
William Woodruff
Profesor John Beckett piše:
Váš obětník William Woodruff (25. sept.) říká, že "v roce 1946 ponovil hospodářskou historii v Oxfordu a v roce 1950 se stal Houblon-Normanský výzkumný Fellow... a současně studoval pro BSc, MA a PhD."
To následuje z autorského poznámky Woodruffa v Beyond Nab End, ale to není správné.
Od roku 1946 až 1953 byl docentem v hospodářské historii na University of Nottingham, v té době dokončil tezu na britskému gumickému průmyslu, který dohlížel profesor J. D. Chambers, a potom zveřejněn v roce 1958 jako Britský gumický průmysl.
Strávil 1950-51 v USA na společnosti Houblon-Norman a leto 1952 na univerzitěch Illinois, Harvardu a New Yorku.
V roce 1953 odešel Nottingham na trvalo pro Illinois.
Proč se Woodruff rozhodl vysvětlit na této části jeho kariéry neznámo.
J. Vincent Resino na Filologické fakultě
"Doporučuji výstavu José Vicente Resino "Flamenco y vida", protože jeho černé a bílé fotografie, přijaté v dokumentárním stylu, jsou neobvyklé.
Fotky mě zvládly pozornost kvůli jejich jednoduchému a moci, které přesunují, vždycky léčbají subjekty zvláštní pozornosti.
Vystava, která vykoná hluboké pocity.
Resino je schopen zachytit magické chvíle."
Druhý napad na Honda s super-prodání
Další listopadu Honda začne marketing druhé jazz modelu generace.
Pokud byl předchozí model již charakterizován vysokou obvykleností, tento nový minivan má vnitřní širší prostor.
Kromě toho je vybaven skvělý mechanik, který zvyšuje řidiční komfort a umožňuje zachránit palivo.
Evoluce místo revoluce.
Tohle je druhá generace Honda Jazza.
Ačkoliv esteticky nový Jazz vypadá jako předchozí model, změny přinesené do minivanu jsou mnoho.
Mezi nimi stojí za to, že ukazuje svůj inovativní design, nový platforma, větší velikost a docela nový mechanik.
Každopádně, než pokračuje pokračovat pro analýzu nového modelu, může být užitečný upozornit, že tento nový Jazz přichází pouze šest let po vstupu první generace.
Proto by měl první pozorování považovat, že Honda obnovila tento model rychleji než ostatní společnosti obvykle.
I když je v Evropě model Jazz méně znám, než na ostatních trhůch, zůstane to fenomén s ohledem na prodeje.
Tohle je případ Japonska, kde byl Jazz nejlepší auto v roce 2002 a také během tohoto roku 2008.
Právě tam byla téměř milion jednotek Jazz prodána z modelu.
Druhý trh byl Starý kontinent, s přibližně půl milionu jednotek prodáno za šest let.
Navzdory těchto čísl Honda věří, že tenhle nový Jazz zvýší ještě více prodeje v segmentu.
Takže pokud v roce 2007 japonská společnost prodala celkem 83.000 jednotek tohoto modelu, v roce 2009 odhaduje, že bude přibližně 100.000 auta. To předpokládá možné zvýšení prodeje 17% jen na evropském trhu.
Pokud jde o španělský trh, Honda prodala od roku 2002 8 000 jednotek Jazz odpovídající 6,7% celkové prodeje společnosti v Španělsku.
S příjezdem nové generace, zodpovědná za společnost v Španělsku očekává, že v během jednoho roku prodává přibližně 2.000 jednotek Jazz.
Přijetí nového Honda Jazz to pravděpodobně umožní, snížením prodeje v Španělsku do velkého rozsahu.
Vlastně lidé, kteří se za značku předpokládají, že se dostanou do konce roku s celkem prodávanými 22 000 jednotek, to je 4.000 jednotek méně než v roce 2007, s snížením 16%.
I přes zvýšení prodeje Honda rovněž zvýšila svůj tržní podíl v Španělsku a dosáhl 1,8% v porovnání s posledním rokem 1,6%.
Současně japonská společnost očekává, že v roce 2010 dosáhne 2%.
Aby to dosáhlo, Honda je jistá v dalším novém modelu.
Toto je Insight, hybridní kompaktní auto pět dveří, 4,37 metrů délky. Japonska společnost doufá, že prodá asi 200 000 jednotků tohoto modelu po celém světě, během jednoho roku.
Podle trhů a odhadů japonských výrobců se 50% prodeje Insight pochází z Spojených států, a zbytek 50% bude od Starého kontinenta i Japonska.
Komerční zahájení Insight je plánováno na počátku příštího roku, krátce po prezentaci modelu uvnitř společnosti v lednu v Valenza.
V porovnání s první generace, nový Jazz vyrostl ve všech svém celém.
Teď dosáhne 3,90 metrů délka (pět centimetrů více), 1,69 metrů šířky (dvě centimetry více) a jeho interakselo 2,50 metrů, s výkresem pět centimetrů.
Její výška 1,52 metrů, stále zůstal nezměněný.
Společně s velikostí její obyvatelné interiér se zvýšilo ve vesmíru.
Tato výhoda je nejprve z nové platformy a druhé od zavedení paliva v centrální místě, řešení již přijaté v předchozím Jazz.
Navíc, kapacita kufrové - dvojitého dolního objemu - zvyšuje až 399 litrů, 19 litrů větší schválení kapacity k první generaci.
Tohle je opatření Honda Jazz 1.4, a kapacita kufrového modelu 1.2 je pouze 379 litrů.
Další zlepšení - kromě vnějších prvků, například zadní vedení nebo možnost namontovat panoramické sklo - týkají lepší přístup k zadních míst.
Dveře, které umožňují přístup k zadním sedadlem, otevřené nyní s úhelem 80 stupňů, v porovnání s 67 stupňům v prvním modelu.
Kromě toho jsou všechny motory docela nové v této druhé generaci auta.
V době marketingu přijde tento malý model s benzínovými motory 1,2 nebo 1,4 litrů.
Oba mechanické systémy budou zahrnut i-VTEC technologie, která umožňuje nižší spotřebu paliva, produkuje méně emisí uhlíkového oxidu, optimizuje mechanické úpravy a současně udržuje motor vysokého momentu ve všech fázích.
Verze 1,2 litra dosáhne moc 90 hp při 6000 rpm s maximálním momentem 114 Nm. při 4900 rpm.
Pohon - který v předchozím Jazz dosáhne 78 hp – potřebuje jen 5,3 litr paliva a produkuje přibližně 125 gramů emisí CO2.
V porovnání s předchozím pohonem, který v první generačním modelu použil 83 hp, může nový využít 100 hp.
1.4 Jazz s 100 hp dosáhne kombinaci 5,4 litrů paliva a 128 gramů CO2.
"Bee-auto" k vyhýbení spoustu
Při vytvoření technologií pro prevenci nehod, Nissan byl tentokrát inspirovaný, přírodem, a zejména včely.
Japonská společnost vytvořila robot, který, nasledující let včele, může vyhýbat nehody.
Toto je bio-mimetický auto robot Drive, nebo BR23C, první krok k projektové technologie pro prevenci kolízí.
Inženieři oddělené technické centra Nissan Motor Co. vyvinuli tento malý robot v spolupráci s Centrum vědeckého výzkumu a technologii prestižního univerzity v Tokio v Japonsku.
Podle Kazuhiro Doi, generální ředitel veřejných vztahů pro technologie, výzkum a rozvoj řízení znaků, je BR23C rozšíření bezpečnostního štítu těch čtyř oblastů vytvořených Nissan.
Tento robot je určen na zlepšení schopnosti zabránit kolíze v vozidlech vyrobené společností.
V během letu každý včel vytvoří vlastní ovalní osobní prostor, který je velmi podobný Schildu bezpečnosti vyvinutý Nissanem.
Však nejdůležitější prvk je vytvořen složenými oči včele, který může vidět ve všech směrech s více 300 stupňům úhelem, který umožňuje insektu letět bez přerušení uvnitř svého osobního prostoru.
Pro znovu vytvoření těchto vizuálních funkcí inženýrů vytvořili to, co definovali laser lokator (Laser Range Finder).
Tento mechanismus zjišťuje překážky během 2 metrů a radius až 180 stupňů před BR23C, vypočítá vzdálenost od objektu a posílá signál mikroprocesor na palubě, který okamžitě umožňuje zabránit kolizi.
"Když zjišťuje překážku, malý robot imituje pohyby včela a změní směr okamžitě tím, že se kola obrátí na pravém nebo širším úhelu, aby se vyhýbeli sraz.
Nejoznačnější rozdíl s jakýmkoli stávajícím systémem je jeho evazivní akce, která způsobuje, že je úplně instinktivní.
"Kdyby to nebylo, robot by nebyl schopen dost rychle reagovat, aby se vyhnul překážky", vysvětluje Toshiyuki Andoh, ředitel Laboratory Mobility a hlavní inženýr tohoto projektu.
Na rozdíl od včele, robot nemůže odstupovat nahoru nebo dole, nebo dokonce i diagonální. Může se přesunout pouze ve dvou rozměrech a v směru, kdy se její kola mohou obrátit. Očividně, nemůže běžet nekonečné směry a způsoby, jako včely.
Z tohoto důvodu Nissan využíval rotační funkci kromě funkcí zrychlení a zpětné funkce, aby umožnil malým robotem se vyhnout kolízí.
"Tato zařízení musí zpracovat jen nové informace každých několika sekund, a z těchto údajů.
Nepotřebuje žádné informace zachovávat nebo používat intuitivní logiku předchozích manevrů. Z tohoto důvodu může jít bez přerušení poskytnut pouze několik tucet KB paměti.
To může překvapit, ale nemluvíme o gigabytech nebo mega paměti."
Toto je první krok k rozvoji nových technologií pro prevenci srazů, bude technologie Nissan naděje zavést v auta jako standardní funkce do deset let.
Robot používá litium-polymerové baterie, které jsou lehčí a trvalější než typologie lithium-ion.
Doplňková aplikace v potenciální budoucnosti by mohla být integrace této technologie s satelitním navigatorem GPS, aby řidič přivedl do konkrétního určení a vyhýbat překážky na cestu.
Pokud se žádá o půjčku
Musíme uvědomit, že oddělení pokladů Spojených států, které mají vlastní dost dobré kapitály, není jistě nedostatek talentu.
Musíme se čelit proti krizi a zabránit, aby Američané byly podváděny s odpadními půjčky banky pod pochybností insolvence, vytvořily zábavu a vzdělávací hru pro uživatele internetu. To je "Bad Credit Hotel".
Jinými slovy, "Hotel špatných kreditů"... nebo problémy.
Tmavý aspekt tohoto hotelu a zejména jeho recepčního cíl zatlačit lidi nejen jednou, ale dvakrát a dokonce třikrát před požádání o půjčku.
A především, přemýšlet docela pozorně o tom, kde se pro něj požádá. Tohle je pravděpodobně základní cíl hry.
Tento systém jistě poskytuje několik užitečných informací, ale nabízí docela málo detailů.
Je to mnohem víc webové stránky pro tienci než web pro veřejnost.
Co se stane, když dokončíte hru?
No, uvnitř hotelu se objeví sny.
Je to pořád něco, protože o nákupu dům... lepší ho nechat.
Morgan Stanley otevřel svůj kapitál MUFG
Morgan Stanley oznámil svůj vstup do stolní rundy Mitsubishi UFJ Financial Group (MUFG), první banka Japonska, který bude strávit devět miliardy dolarů, aby získala 21 % svého kapitálu, zprávy, které byly obdrženy ostřem padem cen sdílení.
V týdnu po vyšetření prozatímní dohody vysvětlili obě banky, že MUFG koupí 9,9% akcií Morgan Stanley na cenu 25,25 dolarů, celkem tři miliardy dolarů.
Prodejní cena je nižší než 19 % hodnoty cenných papírů dne 31. srpna.
MUFG bude investovat doplňkové šest miliardů dolarů do nákupu konvertibilních titulů, které poskytují zajištěný výnos 10% a přeměnnou cenu 31,25 dolarů.
Morgan Stanley potvrdil, že celková operace by byla založena na průměrné jednotné ceně 29 dolarů, nebo 28% nad své současné ceny.
Morgan Stanley však ztratil 6,79% do 23.07 dolarů kolem 17:00 GMT.
"Tato strategická aliance představuje důležitou příležitost pospešení přechodu Morgana Stanleyho na status držení banky," řekl John Mack, direktor americké skupiny.
Morgan Stanley přijal tento nový status minulý týden, což by měla umožnit rozdělit své činnosti, ale musí projít autoritu Federal Reserve.
Jeho aliance s MUFG také potvrdí, že současná finanční krize přinutila největší jména na Wall Street, aby přijala mnohem opatrnější postoj než předtím.
Podmínky uvedené v pondělí ukazují, že dohoda byla pozměněna v posledních dnůch: předchozí pondělí Morgan právě oznámil, že prodá až 20% svých akcí japoncům za přibližně 8,5 miliard dolarů.
" Před týdnem, vysvětlil Toshihide Mizuno, výkonný ředitel MUFG v Tokiu," mysleli jsme, že účast by byla účast úplně složena z obyčejných akcí.
Vzhledem k současnému stavu hospodářství a trhu, doufali jsme, že budeme minimizovat rizika a chránit záda."
Na základě vážených průměrných cen MUFG zaplatí za své papíry Morgan Stanley 7% pod jejich book hodnotou.
A transakce způsobí rozřešení přibližně 20% výnosů na podíl.
Dohoda předpokládá, že MUFG může ročně přeměnit polovinu svých preferovaných cenných papírů na obvyklé akce, pokud tyto obchodovaly více než 50% nad přeměnnou cenou, přibližně 47 dolarů za daný období.
Morgan Stanley zajišťuje, že kapitál poskytnut MUFG umožní získat investiční příležitosti, posílit jeho bilanci a zvýšit jeho likviditu.
právník pro skupinu však odmítl podrobnosti o strategických projektech obou nových spojenců.
Po investici MUFG Morgan Stanley předpokládá kapitální poměr Tier One z asi 15%, jeden z nejlepších v průmyslu.
Morgan řekl, že od konce srpna "znamně" snížil svou rovnováhu.
Nedávné týdny byly pro skupinu těžké, což viděla půlku jeho podílové ceny, zatímco pojišťovací náklady proti riziku nepředstavení svého dluhu.
Tento náklad snížil v pondělí, ale zůstal na nové vysoké úrovni, přibližně 12%.
Minulý týden Goldman Sachs, jediná jiná přežitelná velká investiční banka na Wall Street po bankrotu Bears Stearns a Lehman Brothers a Merrill Lynch, oznámila, že zvýšila 15 miliardů dolarů, částečně z Berkshire Hathaway, skupiny Warren Buffett.
Rafael Correa v Quito v pondělí.
Obnovení kolem republiky dvacet prvního století socialismu.
Toto je společný projekt venezuálského Hugo Cháveza, Evo Morales z Bolivie a Ecuadorského Rafaela Correa.
Tato neděle, jako jeho kolega a přátelé, je třetí, aby hlasovala návrh nové ústavy.
Mise dokončena od roku 64% volatelů hlasovala na referendum "ano", podle úředních výsledků na základě 80% hlasů.
Na základě těchto výsledků "ne" dostala 28%, 7% hlasů byly neplatné a 0,7% byly prázdné hlasy.
Aby bylo přijato návrh ústavu, mělo by dostat polovinu hlasů plus jednoho.
Neděle dvě ankety provedené mimo vysokoškolské místnosti a jedna nevládná organizace oznámila velkou vítězství pro " ano" mezi 63% až 70%.
Rafael Correa tvrdil v noci od neděle do pondělí vítězství svého návrhu ústavy.
"Konstituce se tak přesvědčivě triumfoval", zajistil, pochvaloval Ekuátorům v vládním centrálu v Guayaquilu, 280 km na jihozápad od Quito.
Rafael Correa samozřejmě potěšela Chavez a Morales, ale také jeho chileanským kolegom Michelle Bachelet.
Anketa, která byla prováděna mírně pod kontrolou Organizace amerických států (OAS), byla zahrnuta svým textem 444 bodů, které konsolidují "nový socialismus", který předseda předpokládá.
Návrh konstituce zahrnuje moc státu nad hospodářstvím, zachováním jej "plánování rozvoje" země, která žije především od extrakce oleje zahraničními společnostími a zahraniční peníze, které vyslají svém emigrantům.
Zvolená Correa, v roce 2006, projekt poskytuje také větší pravomoci hlavu státu, který může přenosit dvě kolektivní podmínky čtyř let a bude schopen roztočit shromáždění.
Correa již oznámila, že v února 2009 využívá tuto moc k hledání nového mandatu.
Ústava rovněž konsoliduje zásad svobodných zdravotních služeb a vzdělávání, které předseda začal vytvořit v této zemi 13,9 milionů obyvatelů, kde 50 % obyvatelů žije pod řadem chudoby.
Předpokládá rovněž zákaz přítomnosti zahraničních vojáků, která ukončí dohodu mezi Quito a Washingtonem za použití Ecuadora jako základní základní základny pro americké antidrogické operace.
19 rukojmí byly uvolněny v Chadě.
Egyptský komando řád zahájil napad na únosy jedenáct turistů a jejich osm spolupráce zachytil před deseti dny.
Jsou v Kairu.
Jedenáct evropských turistů a jejich osm egyptských doprovodů, které drželi v poušti, byly v pondělí odpoledne vráceny bez škody do egyptského hlavního města.
Ráno je vypustil egyptským komandom v Chadě.
Očividně vhodné, že rukojmí přijeli kolem 1530 hodin na místě zvláštního letadla v vojenské základně al-Maza, připojené na mezinárodní letiště Kairo.
Okamžitě byli přeneseni, aniž byli schopni mluvit s tiskem, prostřednictvím vrtulníku do nemocnice v Maadi, obyvatelské předmětu Kairu, aby podívaly zkoušky.
Jsou v "dobrém zdraví", a "žádný výkup nebyl zaplacen" kaptorům", prohlásil egyptský ministr pro turistické oblasti Zoheir Garanna.
Zachytila 19. září během safari v 4x4 u nohy hory Ouanata na hranice s Egiptem, Súdánem a Libií, tato skupina rukojmí byla vyhodena z jednoho schůzku do druhého 35 neznámých únosů.
Zahrnuje to 11 turistů - pět italů, pět němců a rumunských - a také osm egyptáků: dva vodíky, čtyři řidiče, hraniční stráž a ředitel agentury Aegyptous, organizator safari.
Jeden egyptánský úředník říkal, že 30 členů zvláštních sil, přenesené na dvě vrtulníky, zahájil napad během noci právě před světlem.
"Posledovala požární výměna a polovina únosů byla zabita, druhá polovina utekla", řekl úředník, který žádal anonimity.
Řekl, že 150 členů egyptských speciálních sil byly odeslány do Súdana jako celkový, kde obdrželi podporu od německých a italských komandoů.
Šéf italských diplomatických korpusů Franco Frattini v Beogradu, kde je v současné době, zmínil roli italských tajných agentů a prvků zvláštních sil.
"Musíme uznat, že jsme dosáhli tento výsledek prostřednictvím profesionálního a účinnosti našich mužů z tajných služeb, z speciálních sil," řekl on, bez dalších detailů.
Odmítl také platit výkup.
V den předtím, sudánská armáda tvrdí, že přecházela 4x4 patrolní vozidlo na palubě, z nichž byly kaptory, zabíjení šest, včetně čedského hlavy, a zatčení dvou.
Armáda tvrdí, že byla spojena s rebelní skupinou v Darfuru, Súdánské osvobození Pohyb-Unity (SLA-U), něco, co tato pohyb okamžitě zamítl.
Dopisy - Tichou většinu kultury
Rozprava o financování kultury udělala nadpisy a zahrnil tuto volební kampaň.
Dobře.
Ale jeden odvětví našeho kulturního života vždycky zůstane zapomenený.
Kdo přijde, aby osvědčil nepříjemnost, která je poskytnuta malým muzeům, archivům, archeologickým nebo národním historickým místem, které jsou hladovány za financování?
Který politick opovažuje připomenout federální vládě, že to zanemocňuje jeho památky a budovy dědictví?
V Quebecu, v Kanadě, nemáme žádné skutečné zákony, které účinně zachraňují naše dědictví?
Věděli jste, že francouzská vláda svědčí tři a půl miliony eura jen na obnovení hradu Chinona v Loire Doline?
Naši americké sousedové napsali v Ústavě jejich zemí, že ochrana dědictví je součástí americké kultury a že takové dědictví musí být chráněny všechny občany, všechny zvolené a všechny vládní departementy, a toto v spolupráci.
V Quebecu, Federace společností Quebecského historie, alespoň 40 000 dobrovolníků shromažďovaných v 211 agenturách pro historii, dědictví, archivy a genealogii se týkají výzkumu historie, zachováním, majícím se málo fondů, zásobů soukromých archivů a zachování archéologických zbytek.
Často jsou sledovací psové našeho dědictví, kteří protestují s energiím znepokojení, když rozvojoři a konstruktori začínají své bulldozery proti našich starých budov a našich zapomenených cemeteries.
Kdy bude tu forum pro historii a dědictví?
Fortis banka částečně nacionalizovaná vlády Beneluxu
Benelux státy pomáhají Fortis, belgické-Dutchové banky - což je prvním evropským finančním institutem, kterým je problémy důvodem následujícího účinku amerických úvěrových krizí - částečným výkupem státu. Tři země souhlasili, že zajištění do bankovní a pojišťovací společnosti s maďarskými zájmy.
Na konci tohoto týdne konzultali belgické, Luksemburgové a nizozemské vlády o tomto otázce na nejvyšší úrovni, zahrnující prezidenta Evropské centrální banky a komisaře soutěže Evropské komise.
V rámci eurozóny je Fortis první banka, kterou se mezinárodní finanční krize přibližuje vlny v posledních 12 měsících. Takže se rozhodnutí může považovat za precedentem.
Podle rozhodnutí přijaté v neděli večer budou každá vláda v rámci Fortis bank ve svých příslušných zemích vzít 49% záležitost.
Banka určitě prodeje některou část svých záležitosti, zejména pojistné činnosti, které nakupovala z Nizozemského ABN Amro minulý rok.
V minulém týdnu začaly hluboko vytáhnout akcií Fortis, a v druhé části týdne se ukázalo v společnosti vážné krize.
Analytiky souhlasí, že banka - s jeho 85 000 zaměstnanců - je příliš velká, aby byla povolena bankrotovat.
Podíly banky spadly v pátek o 12%, což je nejnižší úrovni 14 let.
Hodnota akcií byla od ledna snížena o dvě třetí.
Vzhledem k současné ceně akcí je celá tržní kapitálová hodnota skupiny přibližně 14 miliard EUR. Však ředitelů společnosti říkají, že to neodpovídá skutečnosti.
Řízení obviňuje nevědomí zahraničí - které jsou spojené s přijímaním amerického balíčku 700 miliardů USD - pro pad podílů Fortis.
Zasoby ukázaly v pondělí lehký zvýšení.
Filip Dierckx byl jmenován nový výkonník banky v pátek.
Finanční institut hledal rovněž soukromé kupce, ale žádná základní nabídka nebyla dosud provedena.
Bélgická vláda dříve prohlásila, že investoři neměli žádný důvod, aby se starali, neztratili by peníze.
Nevyšlo do té doby mezi zákazníky banky žádná panika; žádná bankovní pohybu nebyla.
Fortis má vlastní bankovní zařízení v Maďarsku a koupil i leasing společnosti.
Fox v Henhouse
Americké společnosti života a zdravotní pojištění často odmítnou prodat pojištění některým občanům, kvůli jejich údajům o nákupu drog.
Odborníci pro ochranu údajů se bojí, že trh údajů se neovládá.
"Jsou program ochrany údajů, který vyžaduje povolení dotčené osoby, aby byly použity údaje o lékařských předpisech.
Mělo by to být nezávislý, jinak lisek bude chránit hrdání ", Washington Post cituje Richarda Dicka, vývojetel programu použitelného pro sledování lékařských předpisů.
Pojišťovací společnosti se rozhodnou o pojišťovné poplatce a částku, která má být zaplacena v případě škody v závislosti na zdravotním podmínku použitelského zákazníka, a pokud považují, že je příliš riskantní, nezajišťují pojištění.
Používající zákazníci byly vyslany pro provádění lékařského vyšetřování, a smlouva byla uzavřena pouze s ohledem na výsledky prohlížení.
Dick vyvinul mnohem levnější metodu před deseti lety: na základě identifikačního čísla zákazníka může být typ léků nakupovaných zákazníkem v posledních 18 měsících snadno zjistit, takže program může vytvořit vlastní důsledky týkající se onemocnění, kterou žadatel trpí a jejich zdravotní stavu.
Například, případ pravidelně nakupování velkých dávků cholesterolového redukovacího lékařů prakticky odkazuje na fakt, že zákazník má nepříznivě vysoké úrovni krevního tuku, jehož by tato osoba okamžitě byla uložena na vyšší kategorii rizik.
Program má různé verze v obchodu, některé z nich dokonce definuje rizikový faktor, proto pojišťovací společnost nemá nic jiného, kromě papírů, i když vznikají menší potíže.
Jedna z těchto nedostatků je skutečnost, že některé léky lze používat pro několik účely, například některé lékařské předměty jsou k léčbě migrany, tepelných vlnů nebo dokonce deprese.
Tento poslední je významný rizikový faktor z hlediska pojišťovníků podniků, zatímco ostatní dvě nejsou.
Existuje konkrétní společnosti, které se týkají získat a zpracovat údaje, a žádají od pacienta povolení před získání nezbytných informací z lékárny.
Už jsou povinné to udělat, i když jejich předchozí nedostatky nebyly trestovány.
Některé společnosti zpracovávají i výsledky laboratorních vyšetřovacích a spojejí ty s údaje o spotřebě drog. Takto mohou poskytnout přesnější informace o zdravotním stavu pacientů.
Více a více společností získá přístup k údajům a současně kontrola jejich použití stane stále obtížnější.
Existuje zvláštní akt o ochraně údajů o zdravotní péči, ale jeho obsah zahrnuje pouze poskytovatelé zdravotní péče a pojišťovací společnosti.
Kongresu byl předložen účet o poskytování inspekční síly orgánům o společnosti, které týkají poskytování údajů.
Dick Richard si uvědomuje, že to není dostatečné: proto vznikl dále svůj program, který by nyní omezel přenos údajů o požadavku vyjádřeného souhlasu dotčeného osoby.
Je však jiná otázka, že žadatel nemůže skutečně odmítnout souhlas, jinak pojišťovací společnosti s nimi nebudou uzavřet smlouvu.
Takže, do určitého stupně, budou nadále závisí na dobrovolnosti lisi.
Celkové Marseille Menu
Obchod Evropské unie a Indie dvojitý
Vzhledem k tomu, že Evropská unie a Indie vedou spolupracovní partnery, tento otázka byla také dominována až na jiné, hlavně globální problémy.
Dnes bude i Francouzsko-Indskou summit, zejména o spolupráci jaderné energie.
I když Evropská unie uvědomí, že Indie je vzdálenou demokratickou světovou moc, která by měla být poskytnuta více řečů v mezinárodních záležitostich, členské státy nebyly schopni přijít do dohody, zda by podpořily trvalé členství New Delhi v Radě bezpečnosti OSN nebo ne.
Včera v Marseille nebyla tato věc nucená během devětého summitu.
Francouzský prezident Nicolas Sarkozy jako rotační předseda Unie, předseda výboru José Manuel Barroso a velitel zahraniční politiky Javier Solana vítá indiánský premiér Manmohan Singh a souhlasil se, tj. zvýšit na více než 100 miliard eur, obchodní tok za 5 let.
Vzhledem k výměně zboží zvyšované z 25 miliardů až 55 miliardů mezi 2000 a 2007 není to nadměrně ambiciozní cíl.
Díky tomu bylo právně harmonizovano 26 stávajících dvoustranných úmluv občanské letecké letecké dopravy s Indií, což znamená, že letecký doprava může křídit v budoucnosti.
Indie cílí podpisovat dohodu o svobodné obchodní obchody s Unií do konce 2009.
Sarkozy slíbil, že zrychlí harmonizaci.
Cílem je najít rovnováhu, zatímco Indie je číslo jedna obchodní partnerka EU, v současné době New Delhi má pouze devěté místo na seznamu partnerů EU.
Sumím se zaměřel na globální otázky:
O situaci v Afghánistánu a Pákistánu a také o terorismu. Tento poslední bylo obou strany odsouzeno v každé formě a vyzvedl konferenci OSN.
Dokončení obchodního kruhu Doha byl rovněž rychleji, i když za fiasco jsou dlouho odpovědné obě strany.
EU potvrdila, že udrží svůj energetický a klimatický program, což znamená, aby měla úmysl snížit emisí znečišťovacích vzduchu alespoň o 20 % do roku 2020.
Indie se s tím souhlasila, a také s cílem dosáhnout globální dohodu na klimatické konference, která se dává příští rok a snížit emisí skleničkých plynů o 50 procent do roku 2050.
Dalším cílem bylo zabránit růst cen potravin a podpořit povolení k mezinárodní konference k přezkoumání finanční krize.
Indijská premiérka dnes jde na dvoustranní schůzku v francouzském městském městě, kde chce přijít na dohodu o mírném použití jaderné síly.
Paříž očekává, že francouzské společnosti budou uděleny smlouvy, aby vybudovali jaderné reaktory v Indii v hodnotě 20 miliard EUR.
Podle informací o zprávních agenturách by se dohoda platila 15 let.
Více než tři stovky italských editorů v Frankfurtu
Silná přítomnost italských redaktorů na Mezinárodní knihovém veletrhu v Frankfurtu.
Více než tři stovky budou italské editory přítomné na šestdesátém výročí Buchmesse, nejdůležitější mezinárodní událost pro výměnu právních práv.
Mezinárodní knihovní veletrh v Frankfurtu očekává na této příležitosti přes sedm tisíc vystavovatelů z 101 různých zemí, kteří zajímají 171 790 metrů na druhou zemi s více než 403 tisíc titulů, a Turecko bude hostem čestnosti.
Francesco Maria Giro, podsekretář kulturního dědictví a aktivity Ministerstvo zastupuje italskou vládu na inauguráci italského pavilionu: Itálie bude ve skutečnosti přítomná jako instituce s italským stanem – 264 metrů na druhou výstavní prostor.
Následující bude tisková konference na pokoji Struktur Pavilion 5.0 z Buchmesse: to bude příležitost, kdy bude předložena čísla, trendy a pohled na status italského vydání průmyslu.
Podle údajů existuje postupně snížející význam knih zahraničních autorů v italské výrobě, a zejména v tom pro dospělé a děti.
Našel letadlo Steve Fossett, který milionář zmizel před rokem
Našla se zničení letadla Steve Fossett, milionář, který zmizel 3. září 2007 při letání přes nevady pusty.
Výroba byla nalezena na platéu na výšce 3000 metrů v oblasti Sierra Nevada, na hranici mezi Kalifornií a Nevadou.
V rámci letadla však nebyl žádný lidský zůstatek.
Šerif Madera County, John Anderson, vyloučil zbývající pochyb: "Letalo se nachází, poslali jsme tým a teď máme potvrzení, že je to ten, na kterém Steve Follett letí den, kdy zmizel", řekl on na tiskové konference.
Potom šerif ukázal, že ani v letadle ani v okolním oblasti nebyl nalezen žádný lidský zůstatek.
Milionář, 63 let, byl v únoru vzdálen za mrtvý.
Američanský národní bezpečnostní úřad pro dopravu (NTSB) zprávil, že několik hodin poté, co byla odeslána vyšetřovatelský tým, který pak identifikoval letadlo: je to Bellanca 8KCAB, který je chyběl od 3. září 2007, když Fossett odjel z Yerington v Nevadě na tři hodinní letu.
Včera, v Kalifornii, nedaleko od hranice s Nevadou, některé osobní účinky, které patří Fossett, byly nalezeny pár blízko svého domu v Mammoth Lakers.
Tyto položky jsou dvě dokumenty v jménu Fossett, vydané Federální letecké správy Illinoisu, nějaké hotovosti a swetshirt.
Vyhledávání Fossett byla odvolána měsíc po tom, co zmizel.
Milionář si získal místo v historii díky řadě světových záznamů.
V roce 2002 při jeho šestém pokusu se stal prvním člověkem, který dokončil světovou výlet v balónu horkého vzduchu: dvětýdenní solo let.
Tři roky později udělal světovou cestu letadlem bez přistávky.
Mezi jeho mnoha záznamy letí také na 15,445 metrů, nad Andem, ale s kopilotem.
Glk, reklama, která vás nečeká
SUV, který je mimo normy s původním designem definovanými rozhodujícími řádky, velkými površami a čistými řeznými rohovi.
Krátce, tohle je GLK, nejnovější dodatek vozidla "komplikace" od hvězdičného výrobce, s kterým se Mercedes-Benz snažil do tohoto odvětví dopustit dech čerstvého vzduchu.
Přesně proto, že její funkce nejsou ze tradičních normů, zpráva, která doprovádí startu GLK SUV, bude také neočekávaná a nekonvenční, bude dostupná v showrooms Mercedes-Benz od příštího 17. října.
Takže reklamní kampaň, která bude doprovádět debitu nového vozidla, bude vykonávat novou komunikační metodu, která také zahrnuje futuristické kampaň 3D Billboards, používaná poprvé v Itálii značkou automobilů.
Projekt velkých billboardů, který se pohybuje v tři různých fázích, který bude dominovat nejstřednější nakupovací ulice v Milanu, Corso Como, do 15. listopadu.
První fáze tohoto nového typu komunikace začne s prezentaci auta v stereoskopickém vidění, a díky speciálním brýlem rozděleným v sousedství Corso Como bude možné vidět nový SUV v pravé velikosti a 3D formátu.
Vlastně se podívá na obrázku jednou získá pocit, že auto protáhne z plakátu.
Potom prostřednictvím používání inovativní technologie Elumina 8 bude všechny podrobnosti nového GLK osvětleny v různých časech, a pak budou znovu připojeny jako jednotný obrázek.
Bez pochyb, Mercedes se prostřednictvím této reklamy snaží zavést něco nového do konvenčního oblasti reklamy pro automobily.
Uspěchne s tímto vzorem provokát zájem budoucích kupců? Uvidíme.
Tady je, kdo jsou italské hooligany
z Tri-Veneto, který se zakázalo zúčastnit sportovní stavby (Daspo).
Ale kdo jsou ty 150-200 lidí, z nichž se nyní stydí Itálie? Vytvoří součástí skupiny "Ultras Italia", kteří už roky podporují národní fotbalovní tým a až teď budou známy pravda, nikdy nevytvořily velké problémy.
Ani se to nikdy nekontrolovalo s protivními fanoušky.
Skupina je vytváření pravého křídla.
Promotory jsou z Tri-Veneto.
Z Verony, Paduy, Trieste a Udine.
Některé malé skupiny (ve skutečnosti, velmi málo členů) z Campagnie a Puglia.
Mají na něm třibarvné vlajky s městem původu militantů: v sobotě byli odstraněny tak, aby nebyly možné identifikovat.
Vztahují své nápady z anglických fanoušků.
V Bulharsku našli podporující, kteří byli skutečnými nacisti, Levské skupiny.
FIGC dal na místo italských fanoušků 144 letenek pro zápas: všechny osobní, tak snadné kontrolovat.
A Ministerstvo vnitřního vnitrostátního v Viminale je skutečně kontrolovalo všechny: mezi těmi skupinami, které jde do Sofie, nikdo nebyl zakázán, nikdo nebyl zakázán častot stadionu.
Čtyři italské podpory, kteří měli předchozí zločiny týkající se stadionu, byly skutečně odmítnuty vstupenky a nechtěli jít.
Ministerstvo interiérů čeká, že bude schopno přečíst úřední záznamy, které by měly přijít od bulgarské policie před kroky: v tomto případě je možné zakazovat alespoň pět let podporující, které byly zatčeny nebo ty, které byly identifikovány během poruch.
Mezinárodní vytváření, které zakázají přijetí nejen stadionů v Itálii, ale také ve všech Evropách.
Naši hooligánci krátce nevstupují na jiný stadion.
Naštěstí.
Ale teď je strach o emulaci: to je, že se jiní připojují k tomuto malou než sto petdesát.
"Musíme okamžitě vytvořit tuto konflaráci a ne legitimatizovat ty, kteří se chovají v tomto způsobu", tvrdí, že jsou v Ministerství v Viminale.
Takže "oči otevřené zejména proto, že v středu v Lecce hraje Národní tým."
V Puglia je ve skutečnosti malé jádro Ultras Italia podporujících.
Zítra se sejde Observatory, v úterý CASMS, který může počítat na sekci AISE, to je tajná služba, která řeší přesně problémy v stadionech.
V Bulharsku to není zločin...
Toto jsou myšlenky (vytlačené velkým zklamáním) Domenico Mazzilli, který je před několika týdny ředitel Observatory Viminale (dokončil místo, který byl na počátku držen Francesco Tagliente a pak Felice Ferlizzi).
Předchozí Mazzilli byl vedoucí policejní správy v Trieste, kde je jedlo podporujících Ultras Italia, založené v roce 2002.
Je to pravda, říká Mazzilli, že v Bulharsku není zločin, aby vyzývaly hymny na Duce, ale určitě chování těch 150-200 fanoušků byla škoda.
"Nejsem sociolog - přidá n.1 Observatory – zločin by měl být připomínán v zemi, kde se ten incident stane.
Do té doby tato skupina zůstala v rámci řádků, teď uvidíme, co se fakt stalo a vyhodnotíme ho pro budoucí referenci.
Ale mluvíme také o témně, kteří mameli hmně: to také není zločin v Bulharsku, ale pokud můžu říct, není to dobré tvary ... ".
