Beskrivning:
När det gäller uppbyggnadshistorien i Skagafjards har man gjort en omfattande utvärdering av den forntida ödemarken i avgrunden och i hedniska hedendomar.
I samarbete med historikern Paulus ’ son och historikern Thor Hjaltalín i norra Västern tog Arkeologiska avdelningen för byggandet av Skagymnasiet till sig för att göra en undersökningskanal till en häpnadsväckande kirurg.
Det var meningen att man skulle ta reda på ålder och typ av minne, men i vissa fall skulle det också vara fråga om minnen.
Dessutom deltog Nordlandets naturcentrum i en del av sitt uppdrag, där Paulus, Jonsson, hennes medarbetare, hjälpte till med analys av kvalitet, som han arbetade för att undersöka på grund av B.A.:s uppsats av ”Gyska lag i Skagafirde ”.
Dessutom rapporterade Michael Segurgeirs son, en glysk syn som togs vid det forntida Tunga i Västdalen, och som följer hans rapport om analysen som ett dokument.
Den plats som valdes har hjälpt Paulusson att finna på sina forskarfärder, men han har sökt efter boskap och sälj som nämns i uppslagsverk, men deras plats är inte känd.
I flodens och Paulus ’ bok är staden Febers sköna, så att säga: »Fagrahlijd.
Tillintetgörelse fram till Nyastaden, som har funnits i ödemarken, har funnits i en tid av lån, men där finns ett synligt byggnadsmärke, ett stake om tun och tefat.
Tunnelbanan är helt förtvivlad och förtvivlad att bygga, där det inte finns några släpande länder, så att det kommer att finnas någon grädde.
Annars är det bra för hjort sommar och vinter" (Molis son & Paulus, 1930:65).
Omkring 8,5 km framför Åstad, i 350 meter hög, och omkring 250 meter framför Hjälmarselsbäcken är två gil, det yttre algroden och mycket mer, men det sydliga huset är halvgroden.
Mellan dem är smal tunga eller stränder, 25-30 meter bred, full av buskar.
I slutet av den här sektorn på Jökulflodens rygg är det otydligt, och jordens socken är ett tuftande boskap och en trädgård.
Tatueringen är graciös och verkar kunna analysera fyra celler i ytan, och den har varit omkring 10 x 8 meter utomhus.
Omkring 10 m (näst) är en otydlig trädgård, delvis indragen i längtan och vitt.
Garden ligger nära östväst och är 15 meter långt.
Det är en djup sten som ligger norr om ytan.
Den har grävt bort flera hundra meter, om den inte är hundra meter lång, och floden har brutit ut ända upp till ytan, och den är omkring 10 meter hög (Räddade Paulusson, 2007).
En del av labbet tycks ha försvunnit före obduktionen.
Området är fullt av buskar, och det var inte möjligt att med visshet urskilja en tongård eller en utlinje.
Detaljerad beskrivning:
Den forntida Fagradalen i Östdalen i Skagavet.
Bilden togs österut i en scanningskanal som togs i en vägg.
Beskrivning:
En så kallad Herpis är en långt söderut av Hofs år, att kalla direkt emot Hrafnholi öster om Hjaltdalsåret, några hundra meter öster om floden, men från trakten är det omkring hundra meter upp till myrorna.
Det kan ha varit en lantgård här i forna tider.
Miljön har varit en kraftig tunning, som är den största rundformen, men som har sjunkit till sydvästra delen av myran, men det är fortfarande ett tydligt odlande i landet inom torget.
Man kan gissa att landet inom trädgården är minst 1,5 hektar.
Huvuddämparna är långa och enorma, och det finns en höjd i landet där den står, som visar sig ha varit rätt eller kanske ett hus från Bergen, även om en trädgård inte kan ses.
Hon ligger öster och väster, dörren vänder västerut mot en rond.
Den totala längden är 21 meter inifrån.
Från den ena sidan till den andra sidan är det mer än 20 meter lång.
Jag antar att det är ett äldre hus.
En klar vallgård ligger österut på akvariet.
Öst under trädgården, kort söderut av östliga ytor, är en annan lång ruin, mycket äldre och rör sig norrut och söderut, även 22-23 meter lång, delas upp i tre eller fyra våningar, 5–6 meter bred.
Rusten är ganska otäck och svår att ta reda på vilket hus det här huset har varit.
Ett par meter österut, och vallarparken är en stor fyrkantig toffel, omkring 8x9 m i storlek, ganska otydlig och kan inte ha varit ett hus, rätt.
Hon är den otydligaste av dessa tre plattor.
De är alla stora, märkliga och svåra att förklara.
De sydliga trädgårdsbågarna är i själva verket tredubblade, och vid sydvästra delen av dem verkar det som om de är små i jorden.
Mer detaljerade beskrivningar: Herpis - gärden 1 i en tungård - norra formen Skurd 1 - i "tunngård" Skurd 1 togs till tunnelbanan på östra sidan.
Han var 180 cm lång och 60 cm bred och 80 cm djup.
H1766, H1766, var omkring 0,5 cm tjockt svart gräsrot, längst ner i gräsrotsen.
Det orörda gänget [2] ungefär 10-15 cm tjockt låg rakt under gräsroten ner till en torvvägg.
Torvväggen [4] var uppenbar efter gränden, tjockast i mitten på 50 cm.
I skuren fanns det två tydliga grammet H1104 och H1300.
Det var mycket lera i torget och över väggarna österut i gränden som var 10 cm tjock lins [3] med lera och sand.
Under torvväggen var det på något sätt lika tjockt som en rotad torv [5] omkring 15 cm tjockt.
I den fanns ett rödaktigt trätorft med linser av H1104.
Den här rotade torget låg sedan rakt ner på H1300.
Under H1300 var ett tjockt, orört slag som låg på H1104, som också var orört.
Det fanns inga tecken på människoliv under H1300.
Förtolkning av kanal:
Tunnelmuren har på 1300 - eller 1400 - talet varit laddad.
Man kunde inte se att trädgården byggdes på nytt, och det kan ha varit en ganska kort tid att använda den.
Han har fallit långt innan 1766 gjutit.
Den begravda byggnaden verkar ha varit utbyggd i stället för i människoboningen, och den verkar ha byggts samtidigt som den var på tongården.
Byggnaden har byggts om 1300, men har fallit och avlidits långt innan 1766 föll.
Beskrivning:
Nya länder är en ödemark som ligger mellan Gyllene i Deildardalen, öster om och Ennis, norrut.
Den äldsta källan till boningen är i ett köpebrev från 1400 - talet, när jorden såldes till en stol, och den uppskattades till 25 hundra (det isländska forntida biblioteket DI IV, sidan 553-554).
I den arkeologiska boken från 1709 är jorden dubbelbefolkad och uppmätt på 35 hundra (Molis sons och Paulus Vidalin X, sidan 244) 40 hundra, när den såldes från stolen år 1802.
Men i Johnsens bok från 1847 uppskattas jorden till 36 hundra (Johnsens, 1847, sidan 270).
I dag [2013] ägs Nyland Laugabool ehf (Dödböckerna i Skagafjädern nr 161/2007).
Det finns en nukleära bostadshus på Langhóli, omkring 60 meter söder om staden, där det fortfarande finns stenstycken i ruinerna av en torvstad.
Den gamla staden stod tills den nuvarande lägenheten byggdes 1942.
Det finns inga bostäder eller bostäder i min jordbok från 1709, men en kvarleva av de två av dessa har varit på marken.
Å andra sidan var det kvarlevan av en okänd boskap, en tunegård och ett täcke som låg i Nyalandets valv vid avdelningdalsdalen, strax söder om Deilddalsdalsdalen.
I sin boskapsperiod liknade Johns sons inflammation både ytor och trädgårdar med jord och tänkte odla potatisar där, och det blev inte så.
Nylandskåp kallas för tungårds- och toffelfarmar, omkring 300 meter bort och upp från stadens hus på Nyland, kort över haggarna.
Där sägs det att det inte har funnits några skrivna källor.
Man menar att det fanns ett fårhus där, men i arken finns det inga tillförlitliga upplysningar om valvet.
Nylandskt skott är en bra tysk.
Vid den första synen finns det en uppenbar läggning kring land och land som uppgår till 0,7 hektar.
Efter 1900 - talet, åtminstone till år 1945, flyttades berget i Nylandskölden hem till sommaren (Svanhild, muntlig rapport 2013), och när man vet att en mycket äldre tuktan passerar runt om den som nämndes tidigare.
När den här trädgården är borta från kapitlen, är det tydligt att den är stor, särskilt norr och österut.
På södra sidan ligger den nya trädgården på den äldre, som är mycket stor och tydligt att den inte har blivit laddad i någon bostad.
En liten arkeologisk undersökning gjordes på nylandslag.
De fyra borrarna togs in i en stadsmiljö.
Det visade sig att en kvarleva av den forntida stadens bostäder under fårhusets täcke var en kvarleva som tycks ha använts för 1104.
En av de ryttare som fanns i den äldre torget har renats och undersökts.
Tunnelmuren var 60 cm hög, och i den fanns mycket H3 gjut, men inget vittne från 1104 eller 1300 gjut.
Det fanns ingen klarhet över eller upp till väggen.
Men det är inte troligt att 1104 grammofoner inte kunde ses på torget, men det var inte möjligt att lägga märke till att hon föll.
De såg också på mindre glappar i den yngre trädgården.
Det var inte så svårt att identifiera den här trädgården, men den har byggts upp på H1104.
Men det är inte så lätt att ta hänsyn till hur mycket yngre han är.
Tolkning:
Det har varit en boning på omkring 1300 - talet, som förmodligen redan har kommit ut ur en mycket tidigt bebyggd stad, eller redan på 1300 - talet.
Avgiften som nämns kvar i området byggs efter 1104, förmodligen mycket senare.
L - lagen är förmodligen en del av den yngre trädgården.
Detaljerad beskrivning:
Det är en nylandskåp, och den ligger på norra sidan av norra halvön.
Beskrivning:
Tillintetgörelse och ödeläggelse III. 2008
"Gardhus" i Bergs trädgården i Bergsdalen.
En undersökningsprocess togs i forntid i Molahaga i Bergsdalen.
Det finns inga källor till det namnet, men i närheten av mina minnen finns det så kallade trädgårdshus och trädgårdsskåp.
Det finns tydligen en kvarleva av äldre minnen, men det finns också kvar kvarlevan av rättsväsendet eller en form av oro, till och med senare tid av reningshus.
Tågarna ligger längst upp på backen, och de ligger på väg väster om Bergsdalsåret omkring kilometer in i Hofi och är mycket befolkade.
Det är omkring 20 meter lång, precis som två ytor eller flitiga avyttringar västerut.
Därutöver finns två yngre, möjliga kvarlevor av akvarier eller rättar.
Detaljerad beskrivning:
Begrav er i en skål i Moldavien.
Vi är på väg mot nordväst.
Skur 1 - inräknad i nordvästlig kortvägg, som möjligen kan ha ett gelatin, togs i nordvästra kortsidan av den långa ytan.
Det visade sig att en mur som man kan hitta fragment av grönaktigt gjutna, så kallade en naturskola, som föll 872.
Det var också mycket av den förhistoriska Heklugjoska i väggen.
Söder i gränden kom ner på en kvarleva av svart golv under en krasch från väggen eller en taktorf.
Gulffläcken var en svart fettbit på 5 7 cm tjock, med kol, bränt ben och gråsökt aska.
Det fanns omkring 10 cm orörda jordar, men över hans golv från Hekla från 1104 till 1300.
Lagen låg på väggarna söderut, och muren har fallit ned innan 1104 gjutna.
Det fanns inte några golvslag över väggen, och den störtade till norra delen av det mycket tunna svarta golvet låg precis under gräsroten i gränden.
Det är möjligt att Heklu, som föll 1766, har gjort det till en skymf.
Marginaltolkning:
I vardagshuset, en skål som troligen har tagits i bruk kort tid efter det att gruvan hade fallit, men som har avbrutits innan 1104 gjutna föll.
Det var inte att se att en tuktan hade legat runt byggnaden, men många trakter har fallit i den där omgivningen, och därför vet man att en tungård och fler byggnader är borta.
Beskrivning:
I mitten av 1300 - talet nämns först lådor, men arkeologiska bevis tyder på att det har funnits en läkedom från början.
Marken hotades 1958, och jorden är nu en del av Ennis land, och den har utnyttjats av den (Byggsagan Scaver V. Bind, sidan 269-270).
Det finns inga byggnader som är uppe längre, men staden är fortfarande välgrundad.
Tunngårdar syns i den västra och norra delen av staden och finns två områden längs den västra delen av staden.
Runt 20-50 meter norr om staden är det olämpliga, forntida minnen, hyfsat och andra byggnads kvarlevor.
Bärkorna togs i tunnor och tunngårdar och även i gränden som man begravde i en skulptur.
Detaljerad beskrivning:
Löjtnant i Vivierc.
Rättemot öster om skålen.
Vi är på väg söderut.
Beskrivning:
En så kallad Herpis är en långt söderut av Hofs år, att kalla direkt emot Hrafnholi öster om Hjaltdalsåret, några hundra meter öster om floden, men från trakten är det omkring hundra meter upp till myrorna.
Det kan ha varit en lantgård här i forna tider.
Miljön har varit en kraftig tunning, som är den största rundformen, men som har sjunkit till sydvästra delen av myran, men det är fortfarande ett tydligt odlande i landet inom torget.
Man kan gissa att landet inom trädgården är minst 1,5 hektar.
Huvuddämparna är långa och enorma, och det finns en höjd i landet där den står, som visar sig ha varit rätt eller kanske ett hus från Bergen, även om en trädgård inte kan ses.
Hon ligger öster och väster, dörren vänder västerut mot en rond.
Den totala längden är 21 meter inifrån.
Från den ena sidan till den andra sidan är det mer än 20 meter lång.
Jag antar att det är ett äldre hus.
En klar vallgård ligger österut på akvariet.
Öst under trädgården, kort söderut av östliga ytor, är en annan lång ruin, mycket äldre och rör sig norrut och söderut, även 22-23 meter lång, delas upp i tre eller fyra våningar, 5–6 meter bred.
Rusten är ganska otäck och svår att ta reda på vilket hus det här huset har varit.
Ett par meter österut, och vallarparken är en stor fyrkantig toffel, omkring 8x9 m i storlek, ganska otydlig och kan inte ha varit ett hus, rätt.
Hon är den otydligaste av dessa tre plattor.
De är alla stora, märkliga och svåra att förklara.
De sydliga trädgårdsbågarna är i själva verket tredubblade, och vid sydvästra delen av dem verkar det som om de är små i jorden.
Mer detaljerad beskrivning: Herpis - gärning 2 i en tunngårds österut Skärd 2 - i en tunn trädgårdsvägg
En annan gränd togs sedan i en innervägg på en fjädervägg som bars mot tungården österut.
H1766, H1766, visade sig vara 0,5 cm tjockt svart gräsrot.
Under den fanns det omkring 5 cm tjocka fläckar [2] på en toffelvägg.
Väggen [3] var från en täckmantel i Hekla 1300.
En nedgång från torfväggen [4] hittades inne i toffeln, men inga märken hittades på golvet.
Förtolkning av kanal:
Tunnelmuren har på 1300 - eller 1400 - talet varit laddad.
Man kunde inte se att trädgården byggdes på nytt, och det kan ha varit en ganska kort tid att använda den.
Han har fallit långt innan 1766 gjutit.
Den begravda byggnaden verkar ha varit utbyggd i stället för i människoboningen, och den verkar ha byggts samtidigt som den var på tongården.
Byggnaden har byggts om 1300, men har fallit och avlidits långt innan 1766 föll.
Beskrivning:
Marbelisselland ligger närmast Oslandselland på östkusten.
Den kommer från Glumsgili fram till Strangs bäck, ungefär 2,5 km bort.
I 11709 års bok sades det: »Säd på jorden i Seljadalen, men har icke något bruk för fjärransökan, så att det andra landet skall brytas ned i otacksamhet.»
Dessvärre är det inte de som använder landet i "otacksamhet" eller om andra har tillgång till det eller bara använder det för att använda det.
Soldaterna befinner sig i 210 meters höjd under Glumsgili i Selayadalen, och de har en enorm yta.
Huvudlageret är 10x7 m, verkar delas in i fem bostäder och är en väggskiljning.
Några meter västerut är kvävare, 3x8 meter från utsidan, men det verkar ha varit ett litet hus, omkring 2x2m.
Det måste ha blivit nedsatt med Oslandsböns tillstånd, om inte läckan har förändrat sin färg.
I ett ungdomsår av Steinar, Thords son, övertäcktes floden under bältet, som hette Glumsgil och var en av de bästa jägarena i floden.
Det finns jämna grunder och en vacker sälställning.
(Byggsaga Scapping VII, 189)
Detaljerad beskrivning:
Marbelissel på Seljedal.
Tittat österut.
Beskrivning:
Ända sedan början har uppdraget varit en del av boken Byggnadens historia, men nu har den kommit ut med fyra förhärligade band.
Den historiska skildringen skiljer sig i hög grad från andra historier, och det är därför som den forntida stadens historia och undersökning av alla arkeologiska produkter som kan komplettera deras historia.
I de sista två bindorna i byggandet av historien finns det detaljerade delar av forntidens inlandsdölj i Öst- och Västdalen, och där har man samlat ihop historiska sammanfattningar och andra delar av de arktiska områdena som har funnits på utvalda platser.
Den forntida staden Risamyrer nämns i ett gammalt uppslagsverk, men den exakta platsen i staden är okänd.
I bind IV av Traditional History Scavers (bl.a. 172-173) kan det ha lett till var den här boningen kan ha varit.
I norra delen av Rättehavsområdet, väster om provinsen Österut, ligger en enorm vandring, en våg, innan den bildades fram till något av det som kallas jättemjölk.
I ett forntida bibliotek finns ett brev om Risamyr från år 1369, när biskopen skall göra en dom över den katolska kyrkans äganderätt på jorden Risamyren, "att anropa Guds namn, amen."
Det är inte uppenbart att Risamyr var en mark eller en ödemark, men att det fanns ett forntida forntida papper som anger ” jorden Risamyr ”, som underströk att Risamyr tidigare var en boning, men år 1369 skulle landet komma att ödeläggas för länge sedan, och landet gick till en del under Björnsten och i viss mån flygande syror.
Örnen är inte längre kända, men det finns något annat som tyder på att det platt som finns under Tornet ner till Vattnen.
Han talade om Risamyrs biskop som låg under en stolsjord med flygor och som hade varit till nytta sedan årtionde.
Det brukade användas där på sommar, men hästar på vintern i mer än 40 år.
Det är inte att undra på att Risamyr drog slutsatsen att Björnstaden, eller till och med några av dem, ansågs ha ägt en del av den mark som tycks ha ägts av den zombiegrinska sonen, som bor på björnstationerna.
Han fick inget vittnesuppdrag som leddes till ett tillstånd för Bearbetade och blev därefter dömd till ett flygsyrat land (SU III, 252-253).
Som det framgår av Bears ställning har de varit en stor jord i forna tider men inte längre.
Och det skall icke förtydligas på ett annat sätt, för att det skall vara otänkbart, men jorden har på årsdagen ägt sitt land västerut till härars ytan.
Men så är inte fallet i de sista århundradena.
Det har länge känts att landet ligger väster om Torskhålan, väster om den nuvarande motorvägen.
Likaså är det med tanke på att jorden hade rätt att bo i ett land som ursprungligen var bebodd av flygor.
I sitt sökande efter ” jorden Risamyr ” har en person som har registrerat sig [Páls son] placerats på det skepp som beskrivs här ovan, omkring 60 meter lång, i stort sett mycket välskött, och efter den ligger det en uråldriga klotet.
På kullen finns det omkring 35 meter långa, upp till 9 meter breda, minst fyra ytor med några meters mellanrum, och tre av dem är tydligt skilda från varandra.
Den sista ytan är oöverskådlig, men det är tydligt att det finns människoverk i jorden.»
( Biblisk historia, band IV, sidan 172-173.)
Detaljerad beskrivning:
Det forntida Risamyren i landet Försvarshålet i Akrahrepp.
Söderost är på väg till sjöss över sjön.
Beskrivning:
Mellersta Salladslandet är det första bältet på insidan av avdelningskontorets dal, västerut, det enda som inte finns i Väst eller Östdalen/Seljadalen.
Närmar det sig från Höga höjdpunkter fram till Berget Bjarkará, mitt emot Tungaberget.
I östkustens landmärken står det att den ligger på norra gränsen.
»Borten under och utanför högkvarteren, ur vädret vid avrättningsfloden.
Därifrån leder vi till Gröna Ön, och sedan synkastet i bergskanten utanför bergsbrännet.»
År 1709 upphörde inte mellersta bönderna att säljas i Deildardalen.
I gravboken heter det: »Sällskapen i avdelningsdalen västerut, där det heter Björk på jorden; men den kan icke brytas ned alltför långt för att hämta människor, utom vad som är möjligt.»
Mellerstahuaseln ligger omkring 405 meter utanför Bjarkarfloden, på en långrygg nere på plattan vid bäcken, tvärs över staden i Stafni.
Sötst på kullen är en stor mängd utspridda sedlar och en port på 8 meter långa kalorier.
Det finns andra sallader, trehandlare och totalt omkring 16 meter lång.
( Bildhistoria Scaver VII, band 186)
Detaljerad beskrivning:
En översikt över plattorna på Mellersta sjukhuset
Tittat söderut.
Beskrivning:
Sedan 2003 har Skagymnasiets och Byggnadssagan Skagafjards byggts upp i ett gemensamt forskningsprojekt som syftar till att dokumentera och undersöka de äldsta områdena i provinsen Skagafymer, med särskild tonvikt pådalar och bergsområden.
Ända sedan början har uppdraget varit en del av boken Byggnadens historia, men nu har den kommit ut med fyra förhärligade band.
Den historiska skildringen skiljer sig i hög grad från andra historier, och det är därför som den forntida stadens historia och undersökning av alla arkeologiska produkter som kan komplettera deras historia.
I de sista två bindorna i byggandet av historien finns det detaljerade delar av forntidens inlandsdölj i Öst- och Västdalen, och där har man samlat ihop historiska sammanfattningar och andra delar av de arktiska områdena som har funnits på utvalda platser.
En kvarleva av en gammal stad, som kallas "Geografi" (65°35'315/19°18'940), ligger omkring 400 meter ovanför en stad i ett flygplansval.
Det har länge varit ett begagnat boskapshus, och så har det varit mer än 1960.
År 1856 var 30 får hus i gott skick.
Det var ett stängsel och en liten tunblet som hördes fram till mitten av 1900 - talet.
Det finns mängder av två bostäder, men det är tydligt att det finns en kvarleva av människor i ett större område än vad som ingår i de inhemska bostäderna.
Men sista gången stod det bara ett hus, de som södrade olika syner.
Det är ett stort gräsrör som bildar en liten atmosfär in i sluttningen, men det är en hel del som leder till att vi ser norrut.
Här kommer namnet på staden Hval att vara normalt, eftersom miljön bildar en stor del av den.
Den underliggande krukmakaren kallas Hall, men inte från staden i hämningen.
Ända uppifrån, längst upp på sluttningen, finns det några imponerande mödrar och klapparhuvuden, och bäckar kommer ner drakar som kallas "Grädsla lauf".
Han faller norrut vid byggandet och är också en stadsbäck i ett flygplansval.
Ett gammalt tuktan, som ligger söderut och nerifrån, och ett litet steg norrut, verkar bara krypa ut utanför bäcken på ett litet parti för att vattenbågen skulle vara inne i tunnelbanan.
Läkaren är omkring 40 meter utanför en stadsbottn.
Nedan kan man inte med någon viss slut på myrland.
Vi har band på tre platser.
För det första är det ett tecken på de förbrukningshus som utan tvivel har byggts ner i staden, där det här är den bästa byggnaden och bildar en liten stadsmiljö (65°35'315/19°18'940) med byggprodukter i stora områden.
Det forntida området ligger rakt söderut (65°35'300/19°18'915).
Nedan i en tunnland, på en liten kulle, är den tredje ytan (65°35'296/19°18'958).
Där fanns ett hyckleri från bänkhusen på 1900 - talet, men det finns mycket större variationer än vad som svarar mot ett enda ruttakofa.
Djurvättor kommer fram och har förmodligen lagts under den.
Det är länge sedan stadens namn är glömska.
I boken 1713 heter det om denna plats: »Fyrhushållen äro omgivna av det som någonsin hade kunnat byggas där; ingen vet något annat.»
( Mikas sons och Paulus ’ jordbok, IX, sidan 187).
Det finns mycket som tyder på att det här är den äldsta staden Hval, som sedan dess har flyttats ner från valvet, men namnet håller (Scartes bok, bind IV, sidan 145–46).
Detaljerad beskrivning:
En bild av ett forntida land av flygsyraval i Akrahrepp.
Vi är på väg västerut.
Härdsovern syns längst upp på en bild, och staden längst till höger är Rättens hål.
Beskrivning:
Spanien ligger i Unadal, norr om Unadals år.
Där finns en mängd byar, fortfarande mycket skarpa, och en hel del utomhustrur runt omkring i ton och utanför.
En vallgård är stark under Spaniens floder, som är överdragen med den översta delen, men den yttre delen består av sten och når omkring hundra meter ner på skrigrunden.
Tunneln har varit mycket stor, på torra mossar och uppvuxna lopp i Spaniens floder, hårdare än delvis betalat.
Spanien förstördes 1921 och står inte längre där.
Jorden ägs nu av Unadals sammanslutning och en del av Unadals avrättning (Världsboken nr 4756).
Det verkar som om Spanien har varit öde i medeltiden.
Det är inte känt när jorden först byggdes, men det verkar som om det fanns ett land som hade fötts på 1400 - talet.
Jorden förekommer först i Stool 1525, då man räknar med huslösa ökenhus (Isländska forntida bibliotek, 302).
Enligt uppslagsverket Thorberg Bessason, chef för Hofi, hade Spanien en hyra från Holum i mitten av 1500 - talet och hade en sele när han bodde på Hofi (det judiska testamentet 2 (72)B).
Jorden har åter byggts upp på andra delen av 1600 - talet, där man räknade den i 166 års räkning, och i 1709 års bok, sägs det att den byggdes från ödemarken för 40 år sedan, dvs. fri för 1670 år sedan (Molis sons och Paulus ’ vindalin, 247).
I boken 1709 utvärderas Spanien endast till 6 hundra, och det är en låg mängd mat som utan tvivel kommer från svårigheter i landet och som är mycket försumliga.
I Johnsens bok från 1847 sägs det att jorden är 6 hundra men att den är 8 hundra (Molis sons och Paulus Vidalíns jordbok, 247; Johnsen 1847, sidan 270).
År 1849 var ” Spaniens boskap efter den nuvarande härligheten 8 hundra (Jardaj 1849 nr 78).
Sommaren 2013 greps ett antal borker i Spanien.
Det visade sig att det fanns en bebyggelse på 1300 - talet, dvs. tidigare.
Byggnaden kan ha övervunnits redan på 1300 - talet.
Men det kan ha varit någon bebodd där, dvs. efter att ha byggts upp på 1600 - talet.
Detaljerad beskrivning:
Gunnarssons kråka i en skål öster om romarna.
Vi är på väg mot nordost.
Beskrivning:
En hög var en hjälm från Skuggorna, och stod norrut vid den sammankallade dalen västerut, mellan skuggbrösten och Stafhols.
Det är oklart hur mycket land som var belägna, förutom en ton, som var begränsad till en gammal tuning.
Så illa att det inte har funnits några skrivna källor om Mrapps år för 1831, förutom en legend som verkar ha sitt ursprung i det första århundradet på Island.
Dessa skildringar finns i handskrifter från 1368 och 1428, vilka tyvärr har förlorats (HHH. 403. Floder från Deildardalen, Jon H. Árnason).
Inte ens i Apostlagärningarna 1709, som måste betraktas som ovanlig, men som kan ha en förklaring (Molissons och Paulus Vidalin X, sidan 209-210).
År 1709 fanns det en skugga i vildmarken, och därför fanns det ingen på jorden som kunde urskiljas från lokala ting.
Det verkar som om Happsá har glömts.
Olafs Olavius resa från 1777 kan inte heller Happsår räknas upp på öknar i Hofs-pressen.
Staden byggdes från 1831, där det fanns pauser till 1872, att Hrappsá förstördes och inte har byggts sedan dess.
I Jardatal Johnsens, år 1847, sägs det att prästen är känd för att hysa Happsá, men det finns ingen annan information om boningen, och det är därför inte i själva jordräkningen (Johnsen, sidan 270).
Staden ligger strax ovanför vägarna (Deilderdalsvägen väster), som ligger mellan Skugga och Stafhals, fast framför trappan.
Tunneln är i en liten halla, väl täckt men lättad och har aldrig blivit slät.
Inom tonparken finns det ett antal spektakulära områden från en bondplats på 1800 - talet, men även äldre tå.
Det har varit långt borta från staden, när den första gården reste, och i dag är den del av tonfisken och tongården under flodens lopp.
Det är inte bra att inse när kranen sprang över tunnelbanan och bröt tunnelbanan.
Men på 1800 - talet har det inte funnits någon anledning att ladda upp den.
Det är uppenbart att staden har fått ett namn från floden, men den har längst ut av det löfte som heter Mrappsá men under senare år har övervunnits i Hrafnsá.
I ett petroleumregister från 1938 används namnet Happsår, men i Jarda och boskapsdata från 1953 kallas staden Hrafnsá.
I en rapport från 1839 sägs det att en ny bebodd Happsá (Ordningen och loggboken II, sidan 137).
På 1900 - talet började man kalla Hrappsá.
I ett arkeologiskt dokument sägs det att namnet Hrafnsårkot används av hemmän (Rosmundar Ingvarssons översättningsregister).
Format 1.
Konsten renades till den nordliga tongården, där den hade bildats en brytningsbana.
För att ta sig ner till de orörda jordlagarna har man rensat upp och grävt ner omkring 40 cm.
En 50 cm hög mur byggdes efter 1104.
H1104-gjutningen verkade orörd under väggen, men under den fanns en rotad torv med H3 i gjutet, en tjock bunk på 8 till 10 cm.
Det används ofta för att putsa under väggar, så att de som är raka kan förklara problemet.
Men det måste tyckas ganska intressant att 1104 gjutna verkade vara så otåliga.
Då har lagen fallit samtidigt som människor har uppfört muren.
Men låten är inte utesluten från att ligga längst ner i en torv som har nått tvärs över det grävda hålet.
Det är emellertid uppenbart att tongårdarna först har täckts av den gjutna strömmen 1104, men i form av detta framträdde inga oregelbundna tecken på en annan gjutenhet varken i torget eller över trädgården.
Format 2
En annan form av spiritus rengjordes i yngelparken.
Det fanns jordlagar på samma sätt som 1, utom vad som tydligtvis hade varit giltigt i trädgården efter 1300.
Från 1300 - åratal var häpnadsväckande på torget längst upp i parken.
Man kunde inte bekräfta marklagarna längst ner i väggen där vatten samlades längst ner i en gränd, och det låg en bäck av vatten från träsket utanför trädgården på den här platsen.
Tolkning:
Det är tydligt att det har byggts på Happsá på 1300 - talet v.t., och det var en skål, en rätt och en halvcirka trädgård som var det äldsta märket inom torget.
Men Tunngården pekar på att det fanns en kvarleva på 114 - talet efter 114 - talet.
Befolkningen av dem ligger förmodligen under den 1800 - talets bebyggda kvarlevan.
Det är emellertid uppenbart att den här staden länge har legat öde innan den återuppbyggdes i flera årtionden på 1800 - talet.
Detaljerad beskrivning:
Konstruktionen i en nordlig tungård på en Happsá.
Tittat ovanifrån.
Beskrivning:
I Västra Unadal tillhörde det lägsta avsellandet jordens bergssluttning.
Storleken uppgår till omkring 180 hektar.
Den nordliga gränsen för tunnelbanan mot björnens läge är enligt en landbok från 1890, "på puntskrida, på väg upp till berget."
I Joann Olafs sons ark finns följande detaljer: »Från bergsbygden, som var från stora stenar vid Unadalsá, i backen av de så kallade puntskridorna, i Kisuken under bergsskålen Kisu och rakt upp till berget.»
En korvsalmörd är väster om Unadalsåret, på övervåningen, på utsidan av Spaniens rätt.
Där finns kvarlevor av människor på minst sju platser, sommar i forna tider, somliga som är mycket yngre.
Megintoftin är inte mer som en massa byar.
Den är i sju kammare och har växt i den för att komma ihåg att den är starkare och grönare än en miljö som säger att den inte kan vara mycket äldre än 200 år, i högsta grad 300 år.
Omkring 12 meter högre upp finns det mängder av små boskapshus.
På fyra andra platser finns det försvunna småhus eller nervösa (...).
Sommaren 2013 gjordes en mindre arkeologisk undersökning med kärnborrare på Tjeckiska kammaren.
Det visade sig vara svårt att få tillfredsställande resultat, eftersom det oftast var en sten som strandade på marken innan han kom ner så att det skulle bli så tillfredsställande.
Det gick inte att åldersgränsera stadens täckmantel.
Trots att hennes ståndpunkt och askan från 1766 visade att väggarna hade byggts efter det att de hade fallit, visade det sig att det fanns en annan byggnad, till exempel sekelfloder, till och med städer.
Avlägsna murar av äldre byggnader, där det fanns minst två utrymmen, var otäcka.
De försökte bygga ett hus som troligtvis har avsatts till 100-200 år innan den byggdes på sidan.
Det var ett moskiskt golv med koladress som tydligen har varit i människoboning.
Det fanns omkring 15 av dessa minnen.
Torven, som visade sig i valen, var med Heklugjoin från 1104, och väggarna var därför lastade efter det att den hade fallit.
Det var möjligt att läsa ett minne från tre bossiska stadier.
Arkeologens tolkning av arkeologin var att det ursprungligen var såld, rest efter 1104, men troligen dödades det 1300 - 1400 - talet.
Koffatoft kan ha varit förknippat med sedel eller boskap på platsen efter det att de äldre selen hade gått av.
På 1700 - eller 1800 - talet har det varit ett snabbt virus.
En serietidningsskribent påminner om att någon har hört talas om "Snackaskåp".
Det kan ha varit namnet på den stad där det var en kort tid på 1700 - talet eller i början av 1800 - talet, men om det inte fanns någon upptecknad källa.
Det finns inte heller någon bofast plats när det gäller smädelser och gräsmarker, men det är inte så lätt att sälja.
( Bildhistoria Scuador VII, 268)
Detaljerad beskrivning:
Utomhuskapslar över en stadssallad på en korpralsallad.
Vi är på väg mot nordost.
Beskrivning:
Tillintetgörelse och ödeläggelse III. 2008
Colacot i Viviarbandet.
Holakot förekommer först i uppslagsverk tillsammans med Vivik och Cyvinsheol i en förvaltares bokföring från 13888, där man räknar upp jordbegravningar som ägs av verktyget (Isländska forntida bibliotek, III:410).
I en annan förteckning över tillgångar från 1449 räknas Vivik tillsammans med Colakoti (Isländska forntida bibliotek, V:36, 43).
Margeir Jóns sons petroleum heter det: "Holakot, en forntida ödemark, är i Vicland, men återuppbyggd 1920.
En gammal mat på Holakoti var 20 hdr, och omkring 1388 fanns det 3 fält i lsk.
Med kungliga beslut den 8 maj 1805 varvidk "tillsammans koten" förordnad av en kommissarie som har följt huvudjorden sedan dess."
Margeir Jonsson, Islands institut, s. 3).
I en arkeologisk förteckning över Sverris Björnsson heter det: ” I närheten av gränden [Holakotsunden] finns en liten kot som heter Holakot, som är en beskrivning av Margeir Jonsson
Sverr Björnsson har registrerats.
Molakot kommer att ha varit i beredskap 1921-1934.
I Colakoti finns kvar kvarlevan av en tunngård och en byggnads kvarleva av både kotstaden, som var den sista, men även där finns det kraftfulla forntida minnen inom tungården som inte finns några källor till.
Det togs sammanlagt tre undersökningskanaler på Colakot, och dessutom togs antalet kärnprover till en ytterligare åldersanalys av minnorna.
Detaljerad beskrivning:
Andra kolatoken.
Det forntida Holakot i Bergdalen.
Skörd 2 togs till norra tongården.
Det visades åtminstone två byggskedjor i parken.
Det verkar som om trädgården delvis kraschade vid den tid då 1104 gjuten föll.
Det är möjligt att trädgården har återhämtat sig, men det fanns ingen gjutning på själva trädgården, och det fanns inga tecken på 1104 golv på torget.
Den nedre delen av trädgården var lastad från en torv som var fragment av en finare svart gjutna, kanske till och med gjutna gjut från en vattenaj som föll omkring 1 000 v.t.
Beskrivning:
Björnen är en ödemark öster om Unadal i 140 meters höjd över havsytan.
Jordens land ligger mellan berget Björn och Tunga, utanför Spaniens och Spaniens bergsbygd.
På jorden, utanför Basarlandet, ovanpå berget, Spanien, på insidan av Unadalsfloden och understräckta sammankomster mot Basalsjön och björnens ställning.
Den första björnstatusen nämns i uppslagsverk 1449, då jorden hade ägts av Stolen.
Staden förstördes 1947, och alla hus är där länge fallna.
Jorden lades formellt till avrättning 1961 (Byggsagan Skagafjator VII band, 281.)
Detaljerad beskrivning:
Tunngården på björnstationerna.
Vi är på väg mot nordväst.
Beskrivning:
Hagakot var en ödemarksstad i Östersjön på senare århundraden.
På 1800 - talet var jorden inte en boning, utan en slags husboning från Bergum och hade inga markmärken.
Det fanns en boset mellan 1862 och 1888.
Staden stod under berget Haga norrut, rakt ner från en bergskara, som är en klipprökare som satt norr om berget.
På Hagakoti finns det en tredubbel shopping, där det fortfarande finns ett hus som byggdes mitt på 1900 - talet.
Ytst och längst ner på den gamla tonen är en toffel som inte verkade vara av pengar.
De fyra vätskorna blev upptagna i hennes väggar och golv.
Förtolkning: En signal om en brandstation tyder på att det finns en plats där människor bor.
På 1600 - talet har det förmodligen funnits en plats där, möjligen i slutet av 18 - talet.
Detaljerad beskrivning:
På Hagakoti i Bergahaga finns det ett band av ivaron.
Tittat mot nordväst.
Beskrivning:
I mitten av 1300 - talet nämns först lådor, men arkeologiska bevis tyder på att det har funnits en läkedom från början.
Marken hotades 1958, och jorden är nu en del av Ennis land, och den har utnyttjats av den (Byggsagan Scaver V. Bind, sidan 269-270).
Det finns inga byggnader som är uppe längre, men staden är fortfarande välgrundad.
Tunngårdar syns i den västra och norra delen av staden och finns två områden längs den västra delen av staden.
Runt 20-50 meter norr om staden är det olämpliga, forntida minnen, hyfsat och andra byggnads kvarlevor.
Bärkorna togs i tunnor och tunngårdar och även i gränden som man begravde i en skulptur.
Detaljerad beskrivning:
Löjtnant i Vivierc.
Skur 1 i en skål, botten i en gränd.
Skuren begravdes i en östlig utvägg av en lång husstuga eller en boskapsbyggare som suttnade i en hemtunnel.
Omkring 5 cm under gräsroten [1] kom den gjutna H1300 i onödan, men det fanns ingen människa i den.
Mellan 1300 och 1104, som också var otåliga, var ett slag av fläckar [3] med små flygningar av 1104 och moaské, men annars mycket små tecken på mänskligt liv.
H1104 låg i omkring 2sm tjocka bunkar på en torfvägg som kom västerut i kanalen och som låg lite vagare efter formen av allt.
Omkring 2 av de oupphörliga fjädrarna [4] var mellan gjutorna och den övre delen av torvväggarna, men allt upp till en 20-smm av fällor [4] över en sten från väggen [5], som har kraschat österut.
Byggnaden verkar därför ha avbrutit någon tid innan 1104 gjutna föll, men man kan inte säga att den var mer exakt när den var bebodd.
Tolkning:
Byggnaden är något för 1104, men dess väggar tycks då ha fallit.
Bärkorna framhöll att det var ett hus i vardagsrummet, och det visar också att det var en hyfsat form.
Efter det att huset hade fallit eller blivit slät tills 1104 gjuten gick över finns det små bevis för människosläktet.
Det är inte säkert att det betyder att det har byggts där, men i alla fall verkar det inte ha varit på samma plats.
Mer bevis är grundade på mellan 1104 och 1300 men inte överdrivna.
Beskrivning:
År 2013 undersöktes antalet platser i den forntida Hofshreppen i samband med uppdraget att ödelägga ödemarken och Skagafjäderdalarnasdalar (VII).
I avdelningen och Unadal, som var huvudmålsättet för detta, betonades detta:
att söka och placera bostäder, säljare och andra minnen som kan fyllas i kunskapen om Skagafjarders historia.
Undersöka åldersgränser för att avgöra ålders- och byggnivån.
Man tar också en kärna från golv för att avgöra om det är fråga om människor.
Att presentera och uppmärksamma minnen, så att de kan planeras inom ramen för organisationen och genomförandet.
Detaljerad beskrivning:
Tittade in i Unadal från Sina-banan.
Tittat österut.
Beskrivning:
En hög var en hjälm från Skuggorna, och stod norrut vid den sammankallade dalen västerut, mellan skuggbrösten och Stafhols.
Det är oklart hur mycket land som var belägna, förutom en ton, som var begränsad till en gammal tuning.
Så illa att det inte har funnits några skrivna källor om Mrapps år för 1831, förutom en legend som verkar ha sitt ursprung i det första århundradet på Island.
Dessa skildringar finns i handskrifter från 1368 och 1428, vilka tyvärr har förlorats (HHH. 403. Floder från Deildardalen, Jon H. Árnason).
Inte ens i Apostlagärningarna 1709, som måste betraktas som ovanlig, men som kan ha en förklaring (Molissons och Paulus Vidalin X, sidan 209-210).
År 1709 fanns det en skugga i vildmarken, och därför fanns det ingen på jorden som kunde urskiljas från lokala ting.
Det verkar som om Happsá har glömts.
Olafs Olavius resa från 1777 kan inte heller Happsår räknas upp på öknar i Hofs-pressen.
Staden byggdes från 1831, där det fanns pauser till 1872, att Hrappsá förstördes och inte har byggts sedan dess.
I Jardatal Johnsens, år 1847, sägs det att prästen är känd för att hysa Happsá, men det finns ingen annan information om boningen, och det är därför inte i själva jordräkningen (Johnsen, sidan 270).
Staden ligger strax ovanför vägarna (Deilderdalsvägen väster), som ligger mellan Skugga och Stafhals, fast framför trappan.
Tunneln är i en liten halla, väl täckt men lättad och har aldrig blivit slät.
Inom tonparken finns det ett antal spektakulära områden från en bondplats på 1800 - talet, men även äldre tå.
Det har varit långt borta från staden, när den första gården reste, och i dag är den del av tonfisken och tongården under flodens lopp.
Det är inte bra att inse när kranen sprang över tunnelbanan och bröt tunnelbanan.
Men på 1800 - talet har det inte funnits någon anledning att ladda upp den.
Det är uppenbart att staden har fått ett namn från floden, men den har längst ut av det löfte som heter Mrappsá men under senare år har övervunnits i Hrafnsá.
I ett petroleumregister från 1938 används namnet Happsår, men i Jarda och boskapsdata från 1953 kallas staden Hrafnsá.
I en rapport från 1839 sägs det att en ny bebodd Happsá (Ordningen och loggboken II, sidan 137).
På 1900 - talet började man kalla Hrappsá.
I ett arkeologiskt dokument sägs det att namnet Hrafnsårkot används av hemmän (Rosmundar Ingvarssons översättningsregister).
Detaljerad beskrivning:
Förr i tiden på en Happsá.
Vi är på väg norrut.
Beskrivning:
En arkeologisk undersökning gjordes i en av kyrkornas stora städer i Akrahrepp.
Björnens namn är dolt, men den här omständigheten finns i Skagafjarder IV - bandet, som behandlar jordar i Akrahrepp.
En av de fyra invånare som bodde i Mikla City var staden Jorden.
Boken 1713 kan göra följande: "Tredje hjältar i ödemarken med samma konvent som säger om en storstadskot..."
Under åren 1753–1757 bodde en boning i Jad Grimsson och Godsdyrkansdotter från Rädsplatsen i Svarfaddalen, som var prästen Torvvalder, en präst vid Miklastad 1747–1762 och en halvsyster blandar sig i Central-Grund.
Det verkar inte som om andra invånares namn är kända, och den högste prästen tycks ha tillåtit sin syster att bygga upp en gammal ökenkota (Svardtalarna II, sidan 96).
Så märkligt som det är har våra dagars människor glömt var jordens belägring inte längre fanns några tecken på ben.
Om man undersöker miljön, måste man emellertid räkna med att en plats är ganska osannolikt utan att det finns några sanna bevis.
I nordöstra hörnet av den gamla tonen kallas det Husholl, södra stadsbottnen och över landsvägarna.
Där går den gamla tunngården över kullen.
Där stod det under andra delen av 1900-talet och sågs ännu tydliga tecken, två boskapshus som vände ut och söderut, ända fram till slutet, men en laddfläck mellan 65°30'500/19°17'575).
Det är i utkanten av tunnan och en mycket trolig stadsplats, kort i staden.
Men det har visat sig att det finns minnen i den forntida staden i närheten av Mikaeborg.
Har Heradens vatten redan brutit ut en del av en tonfisk, till och med dubbelt så mycket.
Efteråt finns det en halvtimme av den forntida tongården och en liten del av stadens yta.
Ett mycket gammalt motto finns på en plats inom en tungård i nordöstrastant.
Ett av de långdragna områdena har rivits bort, och ett märke på B är en medföljande teckning, mer grönt än miljön.
Detta visar att det inte finns många hundra år gamla människor där.
Rädd i sådana människor eller husrum i minst 200-300 år.
Det är inte känt om det finns ett område som liknar det som nämns i Jordens bok, eller om det finns omkring den femte staden.
Den 10 juli 2007 gjordes arkeologerna på platsen för åldersanalys. ”
Sötnos, fårekrocka.
Detaljerad beskrivning:
En obebodd stad i Storstaden i Akrahrepp.
Två skurar togs, en annan i en tungård, och den ena i en toffel.
Tunnelmuren är laddad efter 1300, men ingen gjutning låg över den, så att den inte kunde nå upp till en meter högre ålder.
På liknande sätt kunde man inte se att det var för 1300 personer som byggdes där.
Det är därför troligt att staden är bebodd efter 1300, men går i ödemarken innan floden Magnus son och Paulus, vidalin, skrevs 1713.
Beskrivning:
Kärnorna togs till Grafarsels avstånd i Deildardalen.
Det finns många minnen på selen, både äldre sedel och kvarleva av bovin som fanns i mitten av 1800 - talet.
Begravningsbältet är omkring 450 meter inom Björnfloden, nerför gravens rygg.
Från och med slutet av 1400 - talet nämns Sellydals första vers i ett köpebrev, och det är inte troligt att namnet är forntida.
Det är inte osannolikt att bönderna redan under de första århundradena låg i dalen eller på översta kusten, som var belägna i en trakt utanför Deildardalen (Isländska forntida bibliotek III, sidan 488).
När det gäller försäljning i Deildardal, sade pastor Paulus, Erlens son, år 1839: »Alla Oslanddaler, Gröfer, Enni och Hof, de två sista i Unudalen, de andra i Deildardalen.
Ögoner används nu, utom från den månatliga timmen varje år.
Om de har avskurits på grund av avstånd, där det finns många orsaker till svårighet, har de aldrig svarat på kostnaderna.
Man sliter sönder kolen och driver upp boskap och grossar, och utrotningslandet är bara själva försäljarena [...]" (Syssel- och Scenarion Scannons Skagafjerska skick, s. 139).
De allra största minnena är kvarlevan av den 1800 - talet - talet - boskap som delvis ligger på kvarlevan av äldre byggnader.
Den yngste staden stod längst upp och den högsta på en liten kulle och var ett tecken på tre utrymmen i staden, men den påfrestande öster om staden var kvar av en matgård.
Kofatoft är några meter söder om trädgården och har tillhört den yngsta användningens skeden.
I den ruin som staden står på kan man se åtminstone tre våningar.
Hennes rätt österut var en sorts nedgrävning.
Omkring 8 meter från nordöstra trädgården var en kvarleva av äldre sälar, men det fanns inga mindre byggnader på den.
Det fanns åtminstone tre utrymmen och en stark oro.
Tågarna stod mycket knappt på kanten av floden, och det ledde till en del katastrofer.
Väggarna var mycket jordnära.
Några kärnor togs i minnesgravarna.
De flesta hamnade direkt på en sten under ytan, och det fanns en stor sten i väggarna, både yngre och äldre.
De tre valen av minnen kunde inte urskiljas, men de klarade sig.
Omkring 4 meter norr om sedelfeterna var det en lång oro som tillhörde sedeln.
Omkring 30 meter norr om den yngsta staden var kvarlevan av två utomhus, får och last.
Det var uppenbart att trädgårdarna hade varit i bostäderna.
De här husen var från 1800 - talets stad.
Förtolkning.
Man kunde inte uppskatta åldersgränsen för Grafarseli.
Detaljerad beskrivning:
Titta på Grafarsels täckmantel.
Vi är på väg österut.
Beskrivning:
En otydlig trädgård som sträcker sig från öster till väster över Östern mellan Kalbensdalsår och Hjaltadalsår i Skagad.
Detaljerad beskrivning:
En park mellan Hjaltadalsår och Kolbensdalsår i Skagavet.
Tittat i nordost.
Beskrivning:
I Olavius ’ bok (Olafur Olavius (1965) sägs det att staden Ytriheljará har tagit avloppsvatten.
Det heliga året nämns också i Guds historia.
Staden har varit okänd, men i samband med att man har studerat bygghistorian har man studerat seltfloder i Björnortens land, på bergskatastrofen.
Vid ytterligare undersökning sommaren 2008 kom det att bli uppenbart att det fanns en kvarleva av äldre minnor.
Tåget ligger på en ny del av flodkusten, men Sheolfloden har tydligen gått i skuggan av den norra flodkusten, men den ligger nu i den södra delen av havet.
Vid en närmare granskning visades det att floden har tagit från en del av de äldre tofflorna och att man kunde rensa upp i flodbädden för att undersöka minnesminnen.
Detaljerad beskrivning:
Påminner om dödsåret i Kolbensdalen.
Vi är på väg mot sydost.
Beskrivning:
En stav är vid den södra delen av Deildardalen, men i forna tider räknades man till Kapstaden.
I dag sägs det i allmänhet att stavholn är den lägsta staden i Deildardalen, det södra Delningsdalsåret.
Den nordvästliga staden står i den så kallade stavhalsaxen.
Bödens namn är skrivet på olika sätt som en stavhals.
De äldsta källorna till boningen finns förmodligen i en läderbok som heter Oddleifi.
Hans föräldrar voro Hofna och Gro, Hövdarnas syster, men Oddleifa bodde i en stav och delade sig med Hjaltas son på Hof i dalen.
Och Arnor, son till Nafar-Helga, som ock omtalas i Nafar-Helga, en landlärare i Floden, Arnor slogs mot en fredlig kvarleva på Stapel.
Det är därför utan tvivel det ursprungliga namnet på staden (Islandliga berättelserna I, sidan 151).
Jorden har utan tvekan varit privat i många århundraden, men Oddleifa stav, Hrafna- Flókason, verkar ha varit dess första ägare, om det är möjligt att göra markinlärning.
Jordens namn finns inte i en förvaltares bokföring från 1388, och den kommer troligen inte att komma till domstolens ägodelar förrän på 1400 - talet.
En stav var en av de jordar som kolabiskoparna hade med sig och ofta gick med på att köpa och sälja.
Under århundradenas lopp betraktades jorden som 24 hundra som dyrbar än 1600 - talet, och därefter uppskattades den till 20 hundra (Molis sons jordbok och Paulus Vidalín IX, sidan 239).
I en bok från år 1709 omtalas en hyra från Stafholi, som då redan hade kommit i vildmarken: ” Hjälleigugrey har varit här en gång, och den ena gräsmatta som bossen lägrade, tror man att det har varit 20 eller 30 alnar gammalt.
Det är bara jorden som kommer att bli till skada (Molis sons och Paulus, sidan 239).
De här hjältarna har troligen varit med om stavhalsstycken under Stafhals.
Det finns en hel del tunnlar omkring två byggnader.
Minimerad beskrivning
Tunnelgården [1] är ganska stabil, upp till höjden och omkring 2 meter bred.
Han går omkring 100 meter bort från nv-sa och omkring 60 meter där den bredast ut.
En motbjudande trädgård [3] verkar vara så tvär över området i den södra delen av staden.
Huruvida en cell har expanderats eller minskat någon tid, eller inte ska ersättas.
Som det sagts tidigare finns det två kullar inom toan.
Västersträckan är troligtvis en stad, 21x6 m, men inte en form av en väldig utbyggd byggnad, men en pumpning på hyllan tyder på att det fanns en dubbel eller tredelad yta [2].
På den andra kullen i tunnan finns det två kombinationer, som förmodligen är en del av det område som drar sitt namn av.
Den större sydvästen ligger parallellt med de 11 x 3 meter stora.
Fast nordost är en mindre mängd 8x4m.
Båda är helt klart en mycket yngre byggnad än en yngelgård, och det är därför inte så lätt för dem att hitta.
Den mörka västen av en tunn park är ett gammalt område av 6x5 meter, och den är en gömd ljungroder.
Kärnan togs i en tungårdsvägg, en stadsbygge och en forntida yta utanför en tongård.
Endast fem borrare togs, där resultaten var mycket viktiga.
Kärnorna i tunnelbanan pekade på att den byggdes efter 1104 men att den hade avskurits för 1300 som låg odugligt över trädgården.
Samma sak hände i en kärna i staden, där kvarlevan av människoliv, kol och moaska framträdde.
Det verkar också som om banden utanför en tunngård har fallit för 1300 år sedan.
I det här fallet har det varit en avlägsen "Gröan" som nämndes i jordens bok en lång tid efter det att den skrevs.
Men det är inte omöjligt att säga att någon bebodde där i en kortare tid efter det att en gård som tillhördes av en tungård hade begåtts.
Tolkning:
Den avgränsade staden har byggts efter 1104, och tunnelbanan har till och med fallit innan 1300 gjutna gjut.
Detaljerad beskrivning:
Tittade in Deildardalen från Koti i Stavens land.
Tittat österut.
