Beskrivelse:
Når det gjelder å lage kloakkhistorier, har Skagefjere utført en omfattende vurdering av tidligere ødelagte bestander og hedenske skoger.
I samarbeid med historikeren Paulus og hans historiker Hjaltalín i Nordvestlige del av oldtiden, begynte arkeologisk organisasjon i det arkæologiske biblioteket i Skavinga å sette opp en vurderingskanal til makten.
Bruken av sminke og smykker bør være konsentrert, men noen ganger er det også påvist minne.
Videre deltok Nord-Irland i en del av sitt prosjekt hvor personalet ved Helse Paul Jonsson var involvert i analyser av gjødselen, som ble undersøkt på grunn av sine B.A.-utgave i Skandinavia.
I tillegg opplyste Magnus Sigurgeirssson en gjødsel som ble grepet av det gamle Tunga i Vestdalen og sluttet seg til denne rapporten som et oppfølgingsdokument.
Stedet som ble valgt, hadde med støtte fra Paulson sin forskningskampanje, men han har studert bom og ssel som navngitt i dokumentasjonen, men har ikke blitt kjent.
I Alpene og Paulus er landsbygda så beskrevet, "Dråper.
Øyeblikksbilde, fram til New York-regionen, fant ingen tegn på utlåning, men de kan vise seg å være byggemerkene, girdene rundt en tøff og torvtale.
Tunnelene kom raskt og fortvilet til å bygge der det ikke har vært noen skrumpende land så nær et behovet for å opprettholde ekspedisjoner.
Hvis ikke, vil det være bra med hager av god sommer og vinter" (Millosson & Paulus Vidalín, 1930:65).
Om lag 8,5 km foran byen, i 350 m yen. og rundt 250 m for fronten av hjelmselslækken, er det to spalter, foruten det høye spekteret av algebra og mange andre steder, mens det sørlige halvgrosarealet har gått ned.
Mellom dem er smal tunge eller fjær, 25-30 meter brede, tykke busker.
Nedenfor denne sektoren er jordskjelv og hagefang.
Tonneoppgangen er grasivax, og det ser ut til at den har klart å analysere om den har 4 tommer og har vært ekstensiv med 10×8m.
Om lag 10 m utenfor (nederst) er et vasst havbruk, delvis oversvømmet av lyng og busker.
Gården ligger nesten østover og er om lag 15 meter lang.
Støyen er rett nord forófen.
Den har gravet et dusin om ikke hundre meter av et land og har skapt elva helt opp til overflaten, og er dermed 10 meter høy (Passon).
En del av postrutene ser ut til å ha gått tapt.
Området er fullstendig dekket av busker og kunne ikke oppfattes som en tunegård eller en fjær som helst barke.
Avansert beskrivelse:
En by i Farnahlíð i Øst-dalen, Skagafirde.
Bildet er tatt mot øst i skannerkanalen som ble tatt i en vegg av avstand.
Beskrivelse:
Det såkalte Herpisset er et helt sydlig Hofsår, vi kaller "Hrafnholi øst for Bergalsåret", hundrevis av meter østover, men fra havets grunnflate som er en hundre meter høy til myra.
Her kan ha vært en gård for gamle dager.
Miljøet har vært gjenstand for kraftigere kontaminasjoner, særlig i kombinasjon med sur nedbør og sur nedbør, men det er fortsatt godt utbygd i landet på gårdsplassen.
Landet i hagen kan forventes minst 1,5 hektar.
The Footman er lang og kraftig expanse og kommet høyde i landet hvor det står, synes å ha vært rett eller kanskje agnet fra gulvet, selv om hagen ikke er synlig.
Hun ligger østover og vest, døren snur mot rekkverket.
Den totale lengden på innsiden med 21 meter.
Siden det er 20m til begge sider, er det over 20m.
Trolig et eldre hus.
En klar, urørlig hage ligger fast øst for ankerhuset.
Øst for området, i sør for Øst-Europa, er en annen lang øye, mye mer vanlig, og veier mot nord og sør, også rundt 22-23 meter utenfor, delt i tre eller fire kammer, 5–6 meter langt utenfor.
Rusten er ganske så ulovlig og det er vanskelig å innse hvilket hus dette har vært.
En rekke meter øst foraltoften er en stor firkant med avstand, ca. 8x9 meter lang, litt vage og kunne ikke ha vært hus, ganske korrekt.
Hun er husket den utydeligste av disse tre plassene.
Alle disse indikatorene er store, særegne og spesikke.
Gardene i sør er nesten tre ganger så mange som sørvest-portene som synes å være smått i jorden.
Mer beskrivelse: Herpisser 1 i en turnus - nordlig skyve 1 i en «tun Gard » - del 1 ble tatt i tunhagen østover.
Han var 180 cm lang og 60 cm bred og 80 cm dyp.
Nederst på gressroten var det over 0,5 cm tykk svart glass, H1766.
En uforutsigbar lag [2] om lag 10–15 cm tykk var rett under gressroten som ble revet ned til torv.
Torvingveggen [4] var en 50 cm høy, tykkeste i midten av kanalen.
Innen kanalen hadde H1104 to tydelige lag H1104 - H1300.
Mye ble gjort av lerret i torvet, og over veggene øst for en grøt var en 10 cm tykk linse [3] med ler og sand.
Halvparten av kvadratrutene var like tykke som rotete kvadratmasser [5].
Der var en rødaktig fortøye med linser av H1104.
Denne roterte tor flagget lå så rett ned på H1300 det var en ulykke.
Under H1300 var en 10 cm tykk ugjennomtrengelig hoven ned på H1104 som også var uforstyrret.
Ingen tegn var på manndommen under h1300.
Sakstolking:
Tunemuren har blitt lastet ned over 14- eller 15-tallet.
Man kunne ikke finne ut at hagen var gjenoppbygging, og derfor kan den ha vært i bruk i ganske kort tid.
Han har blitt drept lenge før 1766 juling falt.
Bygningen som var gravd i tilsynelatende snarere utsiden enn en bolig, og synes å ha vært bygd på samme tid som en tunehage.
Den ble bygget av 1300 mennesker, men har falt og stoppet lenge før 1766 dødsfall.
Beskrivelse:
Nedenfor kan vi se en vis økning i den senere tid.
Den eldste bulkkilden er fra 1500-tallet, hvor jorda ble solgt til provinsen Holé, ble anslått til 25 hundre (det islandske bibliotek for DI IV, side 553-554).
På jorda i 1709 ble jorden oppgjort som 35 hundre euro (Molisons jordbok og Paulus Vidalin X, side 244) 40 hundre da den ble solgt fra stolen i 1802.
Likevel er jorden verdsatt på 36 hundre (Johnsens' jordbok, 1847, s. 270).
I dag [2013] eies De nye medlemsstatene Laugabous (Nordboka, punkt 161/2007).
Den nåværende massive leiligheten står på Langahyllen ca. 60 meter sør for byen, hvor det fremdeles er en opprinnelse i ruiner av torvebyen.
Der sto den gamle byen til den nåværende leiligheten ble bygget i 1942.
Helsetjenester eller boliger er ikke inkludert i begravet siden 1709, men det har vært igjen to slike bosettinger i hele landet.
På den annen side sto resten av verden, yngel og overflaten av Den Nylandske delen av Avdelingsdalsdalen, nederst sør for Deilddalsdalene.
Johnsson Bosnia-regionen Bosnia-regionen sluttet seg til sin nasjonale hovedstad i Middelhavsregionen.
Nylandskne skudd er vanligvis mer enn 300 meter høye enn for bykjernen.
De sier at det er gjort en konvensjon, men at ingen skriftlige fullmakter støtter dem.
Det antas at det var et sau, men hvis vi ser på arkene, er det ikke mulig å finne pålitelig informasjon om sammensetningen.
Nylandsk nedbør er en stor tolk.
Ved første øyekast viser det seg at det er en klar tolkning av omgivelsene rundt utvalget er 0,7 hektar.
Heia i Newland frem til det 20. århundre, minst til 1945, og ble flyttet til sommeren med overtredelsesheste.
Den sårede hagen hadde forsvunnet over kapsler, men vel distinkte i den store delen, spesielt mot nord og øst.
Til sør er den nye hagen bygget over den eldre, som er ganske store og tydelige at den ikke har blitt lastet rundt noen bolig.
En mindre mengde arktisk undersøkelser er funnet i nyland.
Fire borer ble trukket inn i en mente lokal atmosfære og hans miljø.
Det viser seg at under fårehuset var resten av det gamle lokalet som syntes å ha blitt brukt innen 1104.
Videosamlingene i den eldre tunhagen ble tømt og undersøkt.
Tunneveggen var der en høyde på 60 cm, og i den var tørr med mye av H3 glasset, men ingen vitne til 1104 eller 1300 kull.
Ingen grådighet var tydelig over eller opp til veggen.
Det var derfor ikke mulig å oppsummere ham, men det er lite sannsynlig at 1104-tallet ikke ble observert riktig.
Også ble undersøkt etter mindre aktivitetsprofiler i den yngre hagen.
Man kunne ikke finne en penny som var i hagen enn han har blitt reist over H1104-gulvet uforstyrret.
Han er imidlertid utvilsomt en liten smule yngre vurderes av hvor skarpt han er.
Tegnkoding:
Den har vært spesielt utbygget i minst det 11. århundre, hvorav noen kan begynne å bygge vann.
Omfanget av dette området er oppe i 1104, sannsynligvis en betydelig del senere.
L-laget øverst på den yngre tunhagen tilhører det trolig.
Avansert beskrivelse:
Støyen på myra og vesten av den eldre vesten av Nylandskyen. Se deg mot nord.
Beskrivelse:
Ødelagt og datert III.
« Gorde » i Hellas, Italia, Nederland, Finland og Sverige
En undersøkelsesrunte ble gjennomført i forkant av gulvet i de lokale bassengene i dalen.
Det finnes ingen data tilgjengelig om en gård ved dette navnet (den garanterten), men i nærheten av minene er det såkalt "The Garden Agen" og "Perreservatet".
Relevante rester av eldre gruver er identifisert på lokalt plan, og rester av disse er nå gjenstand for rettslig håndtering av noen typer avfall i andre deler av verden, f.eks. på grunn av økt drift.
Tåkene ligger rett over bakken og ligger vestover Hjaltadalsårene rundt mil innover Hovene og er svært jordsmonnet.
Det er en lang periode på 20 meter, som for eksempel to eller tre år vestover.
Etter dette ble det funnet to yngre stabler, mulige rester av driften eller rettighetene.
Avansert beskrivelse:
Grav inn i en skål i en hollandsk.
Det er ute til nordvest.
Skudd 1 – fanget i nordvestlige kortvegger, mulige sofaer ble tatt i nordvestlige kortside langdistanse.
I søkelyset kom en torvvegg som i er å finne fragmenter av grønngrønn, såkalte en landskapsstudie som falt i 872.
Også var betydelig av den forhistoriske Heklewyske i veggen.
Den Syste i grøften var kommet ned på resten av den svarte gulvet under et kollaps av veggen eller et tørrhus.
Gul hvelvet var en svart fett-flagg på 5-7 cm tykk, med karbon, brennte bein og gråaktig aske.
På toppen av gulvet var det omtrent 10 cm av en urørlig flukt av jord mens over hans grammet var fra elvene i 1104 til 1300.
Loven lå mot veggen sør, og veggen hadde kollapset før 1104-gulvet falt.
Ikke funnet noen gjødsel over veggen eller kollapse fra ham til nord for en veldig tynn svart glasset lå like under gresset skinner grøt i grøften.
Det finnes kanskje grammatisk fra Heklu, som falt i 1766.
Sakstolking:
Italia, en hytte som trolig ble tatt i bruk kort tid etter at gruvedriften gikk ned, ble fraktet noe før i 1104 gjenvunnet.
Det var ikke som om túngerne hadde ligget rundt bygningen, men mange skyer har gått ned i den åpne grenen av området, og derfor er det mulig at tynningene og byggene er borte.
Beskrivelse:
Det er rapportert om lokk fra midten av 1800-tallet, mens arkene tyder på at det har vært vann fra begynnelsen.
Dyrkbart areal ble stoppet på jorden i 1958, og da jorda nå er en del av Ennis land og er derfor nyttig derfra (Byggdssagan om Scaver V.
Det er ikke mulig å bygge opp noe slikt her lenger, men byene er fortsatt veldokumenterte.
Tunnelene har sett en del vest og nord for byen og er to felter vest om ham.
Rundt 20-50 meter nord for byene er ulovlig, gammeldags, romlig og bymessig arktisk.
Børgene ble tatt i tuner og tuner, i tillegg til at ransakingskanalene var begravde i teatret.
Avansert beskrivelse:
Løgn i Vivierc Tract.
Retterrettover det østlige teatret.
Det er sørover.
Beskrivelse:
Det såkalte Herpisset er et helt sydlig Hofsår, vi kaller "Hrafnholi øst for Bergalsåret", hundrevis av meter østover, men fra havets grunnflate som er en hundre meter høy til myra.
Her kan ha vært en gård for gamle dager.
Miljøet har vært gjenstand for kraftigere kontaminasjoner, særlig i kombinasjon med sur nedbør og sur nedbør, men det er fortsatt godt utbygd i landet på gårdsplassen.
Landet i hagen kan forventes minst 1,5 hektar.
The Footman er lang og kraftig expanse og kommet høyde i landet hvor det står, synes å ha vært rett eller kanskje agnet fra gulvet, selv om hagen ikke er synlig.
Hun ligger østover og vest, døren snur mot rekkverket.
Den totale lengden på innsiden med 21 meter.
Siden det er 20m til begge sider, er det over 20m.
Trolig et eldre hus.
En klar, urørlig hage ligger fast øst for ankerhuset.
Øst for området, i sør for Øst-Europa, er en annen lang øye, mye mer vanlig, og veier mot nord og sør, også rundt 22-23 meter utenfor, delt i tre eller fire kammer, 5–6 meter langt utenfor.
Rusten er ganske så ulovlig og det er vanskelig å innse hvilket hus dette har vært.
En rekke meter øst foraltoften er en stor firkant med avstand, ca. 8x9 meter lang, litt vage og kunne ikke ha vært hus, ganske korrekt.
Hun er husket den utydeligste av disse tre plassene.
Alle disse indikatorene er store, særegne og spesikke.
Gardene i sør er nesten tre ganger så mange som sørvest-portene som synes å være smått i jorden.
Mer beskrivelse: Hermit – snitt 2 på plassen til en tungård – østlig beskjæring 2 - i vekt av en fast tannvegg
En annen skur ble så teken i en innerste tapet av en fjær som ble fulgt, var tungården østover.
På bunnen av gressroten kom over en 0,5 cm tykk svart glass, H1766.
Under den var det en fem inchess tykk hvelv [2] ned på veggen.
Veggen [3] var laget av en gjødsel i Hekla 1300.
En krasj av toerveggen [4] ble funnet i mellomrommet, men det ble ikke funnet noe indikator for golvmerker.
Sakstolking:
Tunemuren har blitt lastet ned over 14- eller 15-tallet.
Man kunne ikke finne ut at hagen var gjenoppbygging, og derfor kan den ha vært i bruk i ganske kort tid.
Han har blitt drept lenge før 1766 juling falt.
Bygningen som var gravd i tilsynelatende snarere utsiden enn en bolig, og synes å ha vært bygd på samme tid som en tunehage.
Den ble bygget av 1300 mennesker, men har falt og stoppet lenge før 1766 dødsfall.
Beskrivelse:
Marbelisellen ligger rett foran Ossel-landene på østsiden av Seljaldal.
Den går fra Glumsgili til en Strangalæk, som er en halv kilometer lang avstand.
Boken 1709 forteller oss: "Landet på Jorda i Seljedalen, men ikke i bruk for fjerntliggende grunner, de andre land blir villige til å ta vare på dem."
Dessverre er det ikke om folk bruker landet i "å takke" eller om de har det i sjøen, eller om de bruker det bare til anskaffelse.
Soldatene er på 210 meters høyde fra Glumsgili i Seløyadalen, og de har store hull.
Hovedmålsetningen er 10×7 m, og kan deles inn i fem boliger og være et gjennomgripende skille.
Noen få meter vester er kvister, 3x8 meter utvendig, men et lite hus, det ser ut til at det har vært et lite hus, om lag 2×2m.
Lite er blitt solgt hjemme hos Glumsgil, og det ligger i Osellesland, og det må ha blitt lagt ned med tillatelse fra Osland, med mindre bekken har endret fargenivået.
I en tenåring på Thordson-sonen på Svalbard ble elva dekket ned fra underselen kalt Glumsgilshyllen og var noen av de beste fiskestedene i elva.
Det er partalls grunnflate og vakre seler.
(Snapshot, 189)
Avansert beskrivelse:
Marbelissel på Seljedal.
Set mot øst.
Beskrivelse:
Dette prosjektet har vært i utvikling av arkitekturen fra begynnelsen, men har nå utgitt de fire hektiske volumene.
I motsetning til andre andre bygge- og anleggsbaserte tegneserier er det stor framdrift å fokusere på de fortidige byene når det gjelder å undersøke hvilke ark som kan utvides.
Sistnevnte to bind inneholder en detaljert liste over gammeldagse kapitler i Øst- og Vest-Europa, som sammenfletter de historiske oppsummeringene og resultatene fra de historiske arkene som ennå er tilgjengelig på utvalgte steder.
Området Risamier er identifisert i oldtiden, men byens nøyaktige posisjon er ukjent.
I bind IV av Kreduser-historien (begge 172-173) er det trolig at den aktuelle buen kan ha vært her.
Nordfra Det tidligere Fylkesøyet, vesten fra provinsene østover, med store floraer som følge av sur nedbør, våtmark før noe av det ble påvist, nemlig gigantiske industrier.
I et oldtidelig bibliotek, er et brev om Risamyr fra 1369 e.Kr. når biskoppen har skapt en dominans av eiendomsretten til Den russiske føderasjon, «at påkalle Guds navn, amen».
Det er ikke klart om Risamyret har vært en areal eller en ødemark, men ovennævnte konvensjon sier at Risamyret har ligget på en grunn av den overbevisningen at Risamsyre tidligere hadde vært tilnærmet jordsmonnet, som sannsynligvis var i ferd med å bli ødelagt for lenge siden, og at landet delvis har gått under bjørnekjødet og til og med flyetur.
Noe som ikke lenger er kjent, skyldes ikke bare det flate nedenstående Nordpolen.
"Biskopp av Risamyr er en flighters underjorden." Hvis den hadde vært i nytte i flere tiår, ville den ha vært ubrukelig.
Det har blitt brukt dit i sommer- og vinterfasong i mer enn 40 år.
Konsekvensene er bl.a. at Risamyret har ligget på at Bjørneestammeren, eller at noen av dem bor på bjørnestasjoner.
Han fikk «ingen vitnesbyrd om avledning» og ble deretter dømt for flysyre ( Islands III, 252-253).
Som referert i bjørnehammen, har de vært på en stor jord i oldtiden, men de er ikke lenger der.
Ikke bli klar over dette med andre ord, for å gjøre det lettere å forstå, mens jorden har vært i vest på alle kontinenter til provinsene.
Dette er imidlertid ikke de siste årene.
Flyetyren har lenge vært kjent over hele landet vestover ved Den arktiske halvøy, vestre del av den eksisterende motorveien.
Også her er det sikrest at jordkloden var naturlig hjemmehørende, utbygd av fluesyre-land.
Da han så etter « Jorda Risamyret», var han med på skipet som omhandles her, om lag 60 meter lang, over noe stort, og etter det er det en gammel villmann.
Bygningsarealet er 35 meter langt og til 9 meter bredt, minst fire meter langt unna, tre litt adskilt, men utover.
Den siste er ikke motstridende veggteppet, men det er klart at det er menneskeskapte verker på bakken."
(Snapshot, IV bind., s. 172-173.)
Avansert beskrivelse:
Risamyret i det tidligere landet Det juridiske hullet i Akrahreppen.
Vi blir slått til sørøst over den høye skipsfarten.
Beskrivelse:
Sentralselen er den første industrialismen i Sentral- og Øst-Europa og i de nye, uavhengige statene i Europa.
Fra Mercedes til Bjørneekerøya, til Tungesjöfasongen.
På nasjonalt plan hadde Frankrike, Hellas, Sverige og Storbritannia allerede oppfylt sine Kyoto-mål i 2006.
"På bunnen og utenfor fjellene, ute av kappøyet med ørene av avreisningsverk.
Derfra beveger du deg inn i Grønland og deretter inn i et skarlag i kanten av fjellet utenfor Bjørneskålen."
I 1709 sluttet middelhavslandene å seile i et avdelingsdaler.
"Selskapet i Deildar-dalen på vesten, hvor det heter Björk på Jorden, men kan ikke bryte det ned fordi det er for langt igjen til å hente menn med mindre de kan klare det."
Middelhavsområdet er ca. 405 meter utenfor Bjørneean, en lenge nede på bakken, mot bykjernen i Staven.
Den største av disse er utilstrekkelige seiliteter, rundt 8 meter lange kvier.
Nedgang i lufta er andre solgte sfærer, tredelinger, med en lengde på 16 meter.
(Snapshot, Krusedull, volum VII.Spredning, 186).
Avansert beskrivelse:
Et indeks overlappende bilde på Sentrale byråer.
Set mot sør.
Beskrivelse:
Siden 2003 har Skagelsens og anleggshistorien gjennomført Felles forskningsprosjekter med fokus på registrering og analyse av de tidligsteleifene i bygdene Skagefjer, med særlig fokus på slettene og fjellområdene i regionen.
Dette prosjektet har vært i utvikling av arkitekturen fra begynnelsen, men har nå utgitt de fire hektiske volumene.
I motsetning til andre andre bygge- og anleggsbaserte tegneserier er det stor framdrift å fokusere på de fortidige byene når det gjelder å undersøke hvilke ark som kan utvides.
Sistnevnte to bind inneholder en detaljert liste over gammeldagse kapitler i Øst- og Vest-Europa, som sammenfletter de historiske oppsummeringene og resultatene fra de historiske arkene som ennå er tilgjengelig på utvalgte steder.
Referansen til det gamle urbane samfunn (65°35'315/19°18'940) ligger rundt 400 meter over byene i en fluesyrevalmue.
Den har lenge vært aktiv i drift, og det har ikke vært noen overføringer på mer enn 1960.
I 1856 var det 30 sauerhus i god stand.
Den hadde giret og børstet over det 20. århundre.
Det finnes to former for innskudd, men det er tydelig at det finnes en betydelig flerarealer enn de som dyrkes av husholdningene.
De siste sto imidlertid bare en leilighet, de som sydde sofaen visninger.
Det er laget en masse gressmarker og dermed en liten sfære, men gjennomtrengende søking mot nord.
Her blir navnet på byen Hval normalt, fordi miljøet er et bredt spekter av banebrytende elementer.
En skorstein under ved kalt Hall slutter ikke seg fra byen opp i peisen.
Umiddelbart fra doven, øverst på skråningen, er det noen ideelle betent, og klapper hoder og bøker kommer ned trekk som kalles her Modeller lauf.
Han faller nordover ved laget og er fortsatt en bybane hjemme i en fluesyre-valme.
Et oldtidsopplegg er ganske enkelt sørover og bare litt ned til nord, og det ser ut til at bekken på et lite parti for at beefingen skal være innenfor en tunegård.
Legen er på omtrent 40 meter utenfor en lokal atmosfære.
Nedenfor finnes det ingen tegn på begrensninger når det gjelder lokaliteter med opprinnelsesland under.
Tallene er i tre plasser.
For det første utgjør anleggene som utmerker de irrigerte lokalene, med den beste bygningen vi har i regionen, en ganske stor bymessig (65 °35'315/1918'940), med byggematerialer i store områder.
Eksemplene er direkte mot sør (65°35'300/19°18'915).
Nedenfor en oppdrettsmonn, på underkant av bakken, er den tredje plassen 65°35'296/19°18'958).
Den var mer utstrakt i løpet av det 20. århundret, mens mengdene var mer omfattende enn én hovedrute.
Dyrevesener dukker opp under gulvet, og har vært tøff nok.
Hva er dette? En bolig av typen er lenge over glemselen og byens navn.
Om dette stedet står det, "Det tre-tre-huset ligger rundt som noen gang det kunne ha blitt bygget, og ingen vet noe annet."
(Molisons og Pauluss vinningsøyemed IX, side 187)
Mye tyder på at her finner vi den eldste byen i byen, hvalen, som siden har blitt overført fra hvelvet, men som fortsatt er oppført her (Beklagelsen om Skadereduksjon, bind IV, side 145-46).
Avansert beskrivelse:
Oversikt over kunstgjødsel, provinsen flymatriser i Akraheppen.
Vanskelig til vest.
Distriktsovertredelse er øverst på bildet, og byen lengst til høyre er rettferdig.
Beskrivelse:
Spania er den nordøstlige byen Unadal.
Det er mange tuber, fortsatt svært kløktige, og mange grener av utsiden av den har spredt seg rundt i verden og utenfor.
En vallen er sterk over en tønne under den spanske halvøy, der den øverste delen har gått ned fra grunn til bakken og tar opp hundre meter ned til bakken.
Det har vært en betydelig utstrekning i tonen, på tørt gressmark og på grunn av det travle gresset i Spania.
Den spanske ødela 1921 og sto ikke der lenger.
Den er pr. i dag tilgjengelig for Unadalsutveksling og en del av Unadals Dødelighet (Eventuelt Inventory nr. 4756).
Det ser ut til at Spania har vært i bruk i middelalderen og lenge.
Den uvitende når jorden først ble bygget, men Det finnes en stol som viser at det har kommet til dette landet i 1500-tallet.
Den er basert på 1525 nye globale filer som betraktes som “ulovlige” arealer (islandske konvensjoner, 302).
Tyskland, Hellas, Frankrike, Italia og Portugal har de samme begrensningene som utviklingen av politikk innen tverrgående teknologi.
Den er basert på neste del av 1600-tallet, hvorav 1666 ligger på bakken, og 1709 i Talestolens kontoer, som ble hentet fra ødemarken for 40 år siden, dvs. innen 1670 (Molisons og Paulus' kalender for Vidalin, 247).
Bruken av miljøavgiftervidereutvikles til en bredere økologisk avgiftsreform.
Johnsens landbok fra 1847 sier at jorda er 6 hundre mens en handelsmann mener det er 8 hundre (Millosson 'Jordboka og Paulus Vidalin, 247; Johnsen, 270).
I 1849 var "Spansk eiendom etter nåværende ære 8 hundre (Jordbok 1849, 78).
I sommeren 2013 ble en rekke borker arrestert i Spania.
Rapporten er en oppdatering av EEAs «Miljø i Den europeiske union (1995) - Rapport i forbindelse med gjennomgangen av det femte handlingsprogrammet for miljø».
Byspredningen kan ha økt fra før på 1100-tallet.
Det kan likevel være noen som har vært bygd der, for eksempel på sele etter utbygging fra 1600-tallet.
Avansert beskrivelse:
Kari Nordmann til Gunnarsson i diagonaler på østre arealer.
Det er sett på nordøst.
Beskrivelse:
En rask var et hjelm av skyggebrekker, og sto nordover ved fellesnevneren av i en avdelingsdalen vest for å bli, mellom skyggebjørner og stakkar.
Det er lite uklart hvor stort land overliggende det hadde, bortsett fra i det tidligere landet som var den eneste.
Dessverre finnes det ikke noe data tilgjengelig om Happs-året for 1831, bortsett fra for en nasjonalt historie som ser ut til å ha sin opprinnelse i det første århundret av Island.
Rapportene ble lagt fram i en rapport fra 1368 og 1428 som desværre er tapt (HH til 403.
Happsá omtales ikke i 1709. Det er heller uvanlig, men kan også være en forklaring (Millusson 'Jordboka og Paul Vidalin X, side 209-210).
Det var en ødemark i 1709, og derfor var det ingen som kunne finne på jorden som kunne skille seg ut lokalt.
Hrappsá ser ut til å ha blitt glemt.
Olafs Olavius Reise fra 1777 kan rett og slett ikke ødelegges.
Byen ble bygget fra 1831 og hadde pauser inntil 1872. Hurtigsá gikk tapt og har ikke vært bygget siden.
Dette året er et tap av nærhet på grunn av tvil om jordforsegling, men det er derfor ikke oppført i selve jorda (Johnsen-dalen, 1847, side 270).
Staden er kort over veiene i den vestre delen av landet, hvor det ligger mellom « Slagsommere » og « Stafhals », som er fast foran skyvene.
Tunet er i et lite vipp, godt hul, men tynt, og har aldri blitt glatt.
Innen fôr-parken er det flere svingninger, men også gamle kvadrater.
Rainens nedbørsfelt har vært langt borte fra byene når de første gårdbrukene stiger, og i dag ligger de under tundraen og tynnvannet i elvene.
Ikke vær glad for å være klar over når en krage løp over en tønne og brøt en tunehage.
Det er imidlertid klart at folk på 1800-tallet ikke har sett noen grunn til å laste det opp.
Befolkningen har tydeligvis trukket navn på elva etter det, men på den har den lengste siden kalt "Hraksá", men i de senere årene har Hrafnsá blitt slått tilbake.
I en preferansefil fra 1938 ble Happsáret brukt, mens i Jorda og levestedene fra 1953, kalt hrafnsá-familien.
En utsagn fra 1839 viser at Happsá, et nylig besøk som ble utvist av Happsá, nå er en ny landsbygda (2003-2002, s. 137).
I det tjuende århundret hadde man begynt å kalle "Hrappsá", "Hrafnshops".
I et arktisk format er navnet på HRAP i daglig tale brukt av lekfolk i hjemmet (Rosmundar Ingvarsson).
Format 1.
Formatet ble renset opp i den nordlige tungården hvor det hadde dannet et fragment av jordbunnen i den.
Malen var renset opp og gravd ned en 40 cm grunnet hagen for å komme ned til den uforstyrrede jorden.
Bildet viste seg å være en 50 cm høy, oppdiktet vegg etter 1104.
H1104-gulvet virket uforstyrret under veggen, men under det var en så rotet tørr med H3 glasset, en 8 til 10 cm tykk haug.
Det er vanlig å bruke agroform eller jord til å putle under vegger for å beskytte tapet av jord som sprer seg slik at det kan forårsake problemer.
Men det må være ganske interessant at 1104-tallet syntes å ligge over dette irreversibelt.
På samme tid har sangen gått ned mens mennesker har bygget veggen.
Sporet kan imidlertid ikke lukkes nederst i en torden som har nådd det motsatte hullet som er begravet.
Det er imidlertid klart at tubehagen først har vært lastet etter den angitte nedbørsmengden 1104, men på turbulensen ble det ikke funnet noen indikasjoner på at andre gjødselslag ikke har kommet opp i løpet av eller over havet.
Format 2
En annen inspirasjonsprofil ble ryddet opp i den utenomliggende tungården.
Det var jordsmonn som 1 på størrelse 1 med hva det hadde vært, tydeligvis, har vært gyldig etter 1300.
Uvitenhet fra 1300 var på torvet på toppen av hagen.
Det var ikke mulig å verifisere jord lagene i bunnen av veggen der vannet ble plukket opp for bunnen av grøften
Tegnkoding:
Bygningen har vist seg å begynne på en Happsá fra 11. århundre og var en hytte, en rett og en halvtimes hage og et eldste byggmerke innenfor tunsen.
Tunnelmurene viser imidlertid at 1114 km/h er funnet i Storbritannia fram til det 14. århundre.
Befolkningen i disse bygdene er antakelig under det 19. århundret.
Det er imidlertid klart at byene har ligget øde lenge før den har bygd opp igjen i flere tiår på 1900-tallet.
Avansert beskrivelse:
Format på den nordlige halvkulen på akselerasjonen.
Se ovenfra.
Beskrivelse:
Den nederste selen i Vest-Unadalen hørte til bakken:
Omfattende 180 hektar med størrelse.
Mørket til Nordsjøen for bjørnebestander ligger i henhold til en landemerkebok fra 1890 "på land i Arktis og oppfølgeren til fjellområdene".
Omfattende beskrivelse av disse temaene finnes i EMAS-fila «Frå landemerkene for Bjørneesten, med stor stein ved Unadalsjøen, bak den såkalte Ponchen, og Kisu-øya som ligger rett oppå fjellet».
Portalselen er vest for Unadalsåret, på tvers av den høye bredden og mot det spanske året.
Det fins minst syv kulturarv på minst åtte steder, noen svært gamle, og andre vil trolig bli mindre.
Materialet er snarere likt lokalitet.
Den er inne i sju kammer og er derfor i ferd med å plante seg sterkere og grønnere enn de som sier at den ikke kan bli mye eldre enn 300 år.
Om lag 12 meter oppe er det massevis av små leiemidler.
På fire andre steder er det en blanding av asteroider (...).
Summert 2013 ble det gjennomført mindre arkadestudier med reaktorer i Security.
Det viste seg å være vanskelig å få tilfredsstillende resultater, ettersom det som oftest sto på sanddyner før han kom seg ned for å bli tilfredsstillende.
Klarte ikke å alderse stedet.
Men siden hun hadde vært med, pekte hun og asken opp fra 1766 at veggene hadde blitt bygd etter at de falt, og andre bygninger, f.eks. seilvetter, for eksempel i byer og tettsteder.
Motsatte vegger av eldre bygninger var ikke like sannsynlige som dem som var tilgjengelige for minst to år siden.
Forsøket på å bygge et hus over hele verden har trolig gått 100–200 år før byene ble bygget.
Den ble lagt ned på et tuftet, muskulært gulv av karbonmonoksid, som klart har vært inne i en bolig for mennesker.
Omkring 15 cm med uforstyrret mobbing var over disse gruvene.
Torven der dukket opp i valget var med skyve fra 1104, og veggene dermed lastet etter at den falt.
Kanskje der kunne man lese minnetall fra tre forventet leveår.
Arkologer tolker at det opprinnelig var dailt, om lag 1104 men trolig ble drept i 1 14. eller 15. århundre.
Kofatoper kan være koblet til sele- eller jordbruksvirksomheten etter at den har lagts ned.
I 18 eller 1800-tallet har det vært en midlertidig kontaminasjon av landbruket.
Implementasjonshistorikeren husker å ha hørt noen si det var en sprømaker.
Det kan ha vært navnet på stedet, der hun ble hylet kort tid på det attende århundre, eller tidlig på 19.
Det er derfor ikke mulig å opprettholde en levedyktig andel av jordsmonnet som er så rikt på vann, ikke bare i handelen.
(Snapshot, Instrument VURDERINGER VII.)
Avansert beskrivelse:
Utehuskontakter over byens gateway på Bash house.
Det er sett på nordøst.
Beskrivelse:
Ødelagt og datert III.
Molakiet i Vivierian Landradisjon
Luxembourg er først tatt i bruk nye kilder som ViviK og Kviverdi fra 138 i konferansen om vern av jordsmonnet i det islandske alfabetet III:410).
Polen har også en egenandel i Sverige, mens Polen og Finland har hatt en aksjepost på 25 %.
I varslet om sin opprinnelse i Manchester-provinsen, ble det bygd opp en ny, gammeldags ørkenregion i Sverige, ved 1920.
En aldrende, integrert vurdering av skoleelevers behov var på 20 år, og om lag 1388 var rammet av tre konsentrasjoner i vann.
Ved hjelp av en kongebeslutning den 8. mai 1805 var Vedvik "til sammen kotene" organisert av styret og ledet av hovedjorden siden.
Margeir Jonsson har registrert seg som medlem av Den europeiske union ved inngangen til et nytt århundre.
Sverris Björnssonar uttalte: "På langs senatet (Holekotsund) til en plate som heter Holakot er reflektert med beskrivelsen av Margeirs Jonsson
Sverr Björnsson har registrert
Molakiet vil ha vært forberedende 1921-1934.
Innen Molakotin finner vi rester av fôr- og byggevirksomheter på gårdsplassen som sto sist inne i den, men også på å finne spesifikke, dynamiske, gamle gruvedrifter innenfor tungården som ikke fantes ut.
Til sammen ble det gjennomført tre undersøkelser med sikte på å finne ut hvilke typer gruvedrift som utgjør den største gruppen kjernefysiske og sosioøkonomiske livet.
Avansert beskrivelse:
Hull i bane 2.
Den gamle Holakot-dalen.
Skjerd 2 ble tatt i nordlig hage.
Det ble sett minst to midt på dagen i parken.
Det virker som om hagen hadde en delvis kollapset rundt 1104-tallet som ble ødelagt.
Det er mulig at hagen ble resirkulert, men ingen glød ble funnet på toppen av hagen selv og ingen logo var 1104 i bakken.
Den nederste delen av hagen var lastet ned fra et dusørt kull som ble fragmentert av en finere svart glassgulv kan tyde på 1 000 hektar vannvannsoverskridelse.
Beskrivelse:
Bjørneebjørner er ødemarker øst for Unadal til 140 meters høyde over havet.
Landet ligger mellom Bjørneebestanden og Månefjellen utenfor, men også Spania og toppen.
På jorda som ligger utenfor, er fjellene på toppen, på innsiden og Unadalsjøen under kysten av Tsjala-sjøen og Bjørneesten.
Den ble først nevnt i kilde 1449, der jorda ble dyrket som basseng.
Byen ødela 1947, og alle husene er der lenge falt.
Jorden ble formelt utgitt i 1961 (Narkotikaundersøkelsen: bind VII, 281).
Avansert beskrivelse:
Tunetverd på Bjørnestasjoner.
Det er ute til nordvest.
Beskrivelse:
Hagakot var en ødelagt landsbygda, og i løpet av de siste hundre årene var den første byen i Hagakot-dalen.
Jorden var ikke en lokal på 1800-tallet, men en slags husholderske fra Hillum, og hadde ingen mark.
Det var en bolig i årene 1862-1888.
Byen var under det nordlige Haga-fjellet, rett ned fra Trollkonus sete ved sentrum av fjellkjeden.
Hagakoti ligger på tre maur og står for rundt 20-årene.
Øverst og nederst på den gamle tønnen, er noe som ikke syntes å være av kontanter.
Kartet var firedelt, og de ble plukket opp i hennes vegger og gulvet.
Fortolkning av kjernekraft: En metafor for brann viser at det er en menneskelig bolig.
Du har trolig bodd der på 1600-tallet, kanskje 18.
Avansert beskrivelse:
Innebygget i Hagakoti, Hellas.
Ser mot nordvest.
Beskrivelse:
Det er rapportert om lokk fra midten av 1800-tallet, mens arkene tyder på at det har vært vann fra begynnelsen.
Dyrkbart areal ble stoppet på jorden i 1958, og da jorda nå er en del av Ennis land og er derfor nyttig derfra (Byggdssagan om Scaver V.
Det er ikke mulig å bygge opp noe slikt her lenger, men byene er fortsatt veldokumenterte.
Tunnelene har sett en del vest og nord for byen og er to felter vest om ham.
Rundt 20-50 meter nord for byene er ulovlig, gammeldags, romlig og bymessig arktisk.
Børgene ble tatt i tuner og tuner, i tillegg til at ransakingskanalene var begravde i teatret.
Avansert beskrivelse:
Løgn i Vivierc Tract.
Avkuttet 1 i en skål, nederkant i en grøt.
Skjerdet ble begravd i en østlig utvegg av en lang hytte eller hyttebygninger sydlig i det lokaleúnet.
Omkring 5sm under gressroten [1] kom den glyske H1300 uforstyrret, men ingen mannskap var utestengt fra dets topppotte [2].
Mellom 1300 og 1104 var det også et stort tap av luft til 1104, hvorav 1104 og et lite tap av menneskeskapte arealer var relativt små.
H1104 lå rundt 2sm tykke klumper over torv veggen som dukket opp vest i kanalen og lå litt svakere etter formen alt.
Om lag 2 av de uforstyrrete områdene [4] var det en reduksjon i snøen og den øvre delen av torvene enn det som var oppe i det 20. rammeverket [4], over et fall av vegggryddelse [5], som har falt mot øst.
Det virker som om bygningen en gang har gått ned i 1104, men det er ikke mulig å påpeke mer nøyaktig når den ble bygget.
Tegnkoding:
Bygningen er planlagt ganske før 1104, men veggene hennes synes å falle.
De antydde at det var rom å bo, og at plassen til sofaen også gjaldt et volum.
Lite bevis er for menneskeheten etter at huset er falt eller ble glatt inntil 1104 bjelken passerte.
Det er ikke klart om det har vært bygd noe slikt, men i det minste synes lokalmiljøet å ha gått ned i de fleste land.
Ytterligere bevis er basert på mellom 1104 og 1300, men ikke overdrevet.
Beskrivelse:
I 2013 hadde Den tidligere jugoslaviske republikken Makedonia søkt om å styrke arbeidet med å etablere nettverk for økonomisk samarbeid og utvikling av informasjonskilder.
Dette skal gjøres ved å Med dette fulgte Kommisjo utnytte eksisterende data og informasjon og ved nen opp påtrykketfra et Europa ved en internasjonal konferanse i Brussel.
Søker etter og plassere lokaliteter,selgere og andre minnet som kan fylles ut med kunnskapen om Skagafjer.
Tidlig oppsummering av merker som viser hvilke minner som er tatt for å avgjøre alder og mulige byggenivåer.
Du kan også sette opp klargjøring av kjernetektaen for å fastslå om det er menneskeskapte boliger.
■ å fremme integrering av europeisk miljøinformasjon i internasjonale miljøovervåkings­programmer som de som er opprettet av De forente nasjoner og FNs særorganisasjoner,
Avansert beskrivelse:
Logget inn Unadal fra Wolverines.
Set mot øst.
Beskrivelse:
En rask var et hjelm av skyggebrekker, og sto nordover ved fellesnevneren av i en avdelingsdalen vest for å bli, mellom skyggebjørner og stakkar.
Det er lite uklart hvor stort land overliggende det hadde, bortsett fra i det tidligere landet som var den eneste.
Dessverre finnes det ikke noe data tilgjengelig om Happs-året for 1831, bortsett fra for en nasjonalt historie som ser ut til å ha sin opprinnelse i det første århundret av Island.
Rapportene ble lagt fram i en rapport fra 1368 og 1428 som desværre er tapt (HH til 403.
Happsá omtales ikke i 1709. Det er heller uvanlig, men kan også være en forklaring (Millusson 'Jordboka og Paul Vidalin X, side 209-210).
Det var en ødemark i 1709, og derfor var det ingen som kunne finne på jorden som kunne skille seg ut lokalt.
Hrappsá ser ut til å ha blitt glemt.
Olafs Olavius Reise fra 1777 kan rett og slett ikke ødelegges.
Byen ble bygget fra 1831 og hadde pauser inntil 1872. Hurtigsá gikk tapt og har ikke vært bygget siden.
Dette året er et tap av nærhet på grunn av tvil om jordforsegling, men det er derfor ikke oppført i selve jorda (Johnsen-dalen, 1847, side 270).
Staden er kort over veiene i den vestre delen av landet, hvor det ligger mellom « Slagsommere » og « Stafhals », som er fast foran skyvene.
Tunet er i et lite vipp, godt hul, men tynt, og har aldri blitt glatt.
Innen fôr-parken er det flere svingninger, men også gamle kvadrater.
Rainens nedbørsfelt har vært langt borte fra byene når de første gårdbrukene stiger, og i dag ligger de under tundraen og tynnvannet i elvene.
Ikke vær glad for å være klar over når en krage løp over en tønne og brøt en tunehage.
Det er imidlertid klart at folk på 1800-tallet ikke har sett noen grunn til å laste det opp.
Befolkningen har tydeligvis trukket navn på elva etter det, men på den har den lengste siden kalt "Hraksá", men i de senere årene har Hrafnsá blitt slått tilbake.
I en preferansefil fra 1938 ble Happsáret brukt, mens i Jorda og levestedene fra 1953, kalt hrafnsá-familien.
En utsagn fra 1839 viser at Happsá, et nylig besøk som ble utvist av Happsá, nå er en ny landsbygda (2003-2002, s. 137).
I det tjuende århundret hadde man begynt å kalle "Hrappsá", "Hrafnshops".
I et arktisk format er navnet på HRAP i daglig tale brukt av lekfolk i hjemmet (Rosmundar Ingvarsson).
Avansert beskrivelse:
Gammelt sted, en løpebane.
Det er ute av veien.
Beskrivelse:
Arkaologisk forskning ble gjort i en av kirkegårdens storbyer i Akrahreppen.
Byens navn er skjult, men denne oversikten finnes i "Skagefjer IV"-bassenget, som omhandler jordsmonnet i Akraheppe.
En firedelt storby var en gårdsby.
Boken 1713 kan gi deg følgende informasjon: "Å lage hjele, øde, på samme måte som om Kabykote..."
I perioden 1753-1757 var hun bo i Jazth Grímensson og gudrúen Rheinskshakesdamer i Svartehavet, Aldersøsterskorskor, prestehøster ved Miklaby 1747-1762 og en halvsøster i Brasket Blander på Sentral-Grund.
Det er ikke kjent navnene på de andre folkene i landet, og det ser ut til at ekstreme prester har tillatt sin søster, og at de har rikelig med seg for en gammel deiling (Svarttaler II, side 96).
Så rart som det er, har moderne mennesker glemt hvor utleier av jord hadde endt henne ingen bein preget lenger.
Miljøet må imidlertid betraktes på ett sted som ganske sannsynlig uten noen sannhet.
I den nordøstlige delen av den gamle halvkule er det kalt Husahol, sør for See læker og over motorveiene.
Der går den gamle tungården svever over bakken.
I siste halvdel av det 20. århundret ble det stadig flere pengeinnlegg, to nye leiligheter som gikk ut og sørover (65 °30'500/19°17'575).
Dette er i utkanten av dammen og veldig sannsynlig sted, kort vei inn i byene.
Men det har blitt registrert minner om en eksotisk byutvikling.
Har Harmoniske garn har allerede brutt deler av overflaten. F.eks. halvparten.
Etter står det en halvtime av den gamle tungården og den lille delen av byen.
En veldig vanlig kombinasjon er et lokalt sted i en nordøst-Austantil. framfor alt er det en gammel bolle.
En langt strøm av vann som er riven av seg selv, er merket med B påfølgende tegning, grønnere enn miljøet.
Det tyder på at det ikke er så mange gamle mennesker i byene, noe som er et gammelt samfunn.
Renheten på slike boliger eller boliger vil vanligvis være 2–300 år.
Det er lite sannsynlig at det er mer enn det som nevnes i en jordnæring, eller at det er en femte by i Europa.
Den 10. juli 2007 ble arkasonen på stedet opprettet for å bli vurdert.« (Captagon) 2007: Rekkefølgen på arkaver IV.
Et historiefelle av Risteriet, Et sau-krig).
Avansert beskrivelse:
En eksotisk by i Miklabyen fra Akrahreppen.
To skurer ble tatt, en annen i en tunnel men den ene på sofaen.
Tuneveggen er lastet ned av 1300 meter per år, men ingen gjødsel lå over ham, så den var ikke nådd opp til den øvre terskelen.
Det samme gjaldt for plassen som ble tatt i bruk, og det var ikke mulig å si at 1300 ble bygget.
Befolkningen er derfor trolig bygget etter 1300 men går i ørkenen før Alpene, Magnúsønner og Paulus Vidalin, som er skrevet i 1713.
Beskrivelse:
Kjernen ble tatt i byte av grafarsels, i avdelingsdalen.
I midten av 1800-årene var det en betydelig mengde gruver som ble brukt på salg, både eldre solgte selger og resten av býlien.
Grafselen er omtrent 450 meter innenfor Berkerá, ned fra graveårene.
Seljedals ble først tatt i bruk i et forretningsbrev fra slutten av det 14. århundre, og det er lite sannsynlig at dette navnet vil bli fornyet.
Det er ikke usannsynlig at i de første hundre årene har gårdbrukerne allerede bygget i dalen eller på Cape Town, hvor de hadde vært på innsiden av Avdelingsdalen (Islandsk Brevbibliotek III, side 488).
Om handel i Deildardalen, sier pastor Paulus Erlendsson i en søkeannonse i 1839: "Alle Osland-land-land-, Nord- og Hoff-provinsene, de to siste i Unadalen, de andre i Deildar-dalen.
Øyeblikksbilde er nå i bruk, bortsett fra i Månedlig time hver.
Bybefolkning eksponert for forurensning over EUs grenseverdier Kart over variasjoner mellom landene
Nitrogen derimot, som også er en viktig kilde til klimaendringene, finnes i mange europeiske land.
De største minnene er resten av 1800-tallets jordbruk, delvis overliggende av en leilighet av eldre byggere.
Den yngste byen ble stående øverst og høyt på gruvene på et lite kull og var et tegn på tre rom i byen, mens fasetter på østsiden av byen var resten av frukthagen.
Noen få meter sør for matplantasjon har tilhørt den yngste enden av konsumet.
Nedgangen i den urbane ruinen kan ses i minst tre kammer.
Hennes rett østen var så en slags nedgravd.
Om lag 8m av den nordøstlige gardens arealer var resten av den eldste selgeren, men ingen mindre bygging var til stede.
Dermed var det minst tre rom, og minst tre områder.
The flekker sto svært knapt på kanten av året, og dermed i noen mindre hast.
Veggene var veldig fossilt.
Noen kjerner ble tatt i minnesystemet.
De fleste lente rett på steinen under overflaten av endelsen var en stor stein i veggene både av yngre og eldre sofaen.
Klarte ikke finne alderen på de tre minuttene som klarte å komme opp der.
Om lag 4m nord for seleksjonene var av de største bekymringene for det biologiske mangfoldet
Om lag 30 meter nord for den yngste plassen var resten av de to husene, leiehusene og lastene.
Tjevene av ytterhusene sto hederlig og var tydelig at hagen hadde vært i hyttene.
Disse utendørs var fra nittende århundret.
Tolking.
Man kunne ikke verdsette aldersberegningen i et jordsel.
Avansert beskrivelse:
Se på sofaen av Grafarsels.
Det er øst.
Beskrivelse:
En uklar hage som går fra øst til vest over Ástralía mellom Kropendalsartene og Dødsfallet i Skagaving.
Avansert beskrivelse:
Havebruk i Skeppen og Kjølvannet.
Det er sett i nordøst.
Beskrivelse:
Olavius Reisebook (Olafur Olavius') utnevnte 'landbruket' (1965) ved navn Ytreheljare, som sier at det overtatt vannforbruket.
Det er også kjent at helårshistorien er god.
Bymiljøene er ukjent, men forskningene i forbindelse med nedbygging av tegneserier har vært vitne til seltflåter i Bjørneestadiet, i Jernholm-bukta.
Ved videreforskning sommersmog, som ble rapportert i 2008, ble det klart å si noe annet enn en rest av eldre gruver.
Eutrofiering har gått tilbake i den nordlige halvkule.
Ved en grundig undersøkelse fant vi ut at elvene har tatt fra en del av de eldste platene, og kunne rydde opp i boksen for å etterforske minnebruken videre.
Avansert beskrivelse:
Dette er en minne av Jernbane, Kolbens dalen.
Virus til sørøst.
Beskrivelse:
Stabler er ved mønstrene i Deilderdalen sør, men det ble gamle telt som Cape Tower.
Vi kaller nå Stafholm for den nederste byen i Dødsdalen, den sørlige Avdelingsdalen.
Den står nordvest i en bokstavhalsakse.
Bruk navnet på byen er skrevet i alle slags verktøy eller stavefeil.
De eldste arealene som presenteres her, finnes sannsynligvis i en "landskapsbok" som omhandler Oddleifi-staven.
Hans foreldre var en hrafna-fløye og Gro, søster til Cape-Torts, mens Oddleif bodde i en stab og lignede på Hjaltasonen av en Hofie i et slott.
Landmineboken Arnor, sønn av Nafar-Helga, en av naturartene i Flyet. Arnor kjempet mot Peace Age på Stafhol.
Bokstavene er uten tvil det opprinnelige navnet på byen (Island-historien, side 151).
Jorden har utvilsomt vært privat i mange århundrer, men Oddkastisk stav, hrafna-Fogason, synes å ha vært den første eieren av naturen, hvis målsetting er riktig.
Jordens navn finnes ikke i en konvensjon om narkotika fra 1388 og finnes derfor sannsynligvis ikke i Den europeiske union før det i 1500-årene.
Stabler var en av jordene som kolabuskere pakket med og gikk ofte kjøpe og selge.
Tidligere i århundrer var Jorden anslått til 24 hundre år, på 1600-tallet, og senere var den verdsatt til 20 hundre (Millusson-Jorda og Paul Vidalin IX, side 239).
Boken fra 1709 forteller oss en utleier fra Stafhóli, som da var en ødemark: "Hjeleigigrey har vært her alene, og den ene kastanje som bonden ledde, er at de hadde tatt 20 eller 30 år.
Her kan det ikke bygges opp igjen for å skade jorda (Multussons elver og Páls Vidalin, s. 239).
Disse hospitsene har trolig vært hvor navnene på bokstaven en kort linje under Stavekontroll.
Det finnes en rekketolker som du kan bruke om lag to bygninger.
Nøkkelbeskrivelse
Tunnelgården [1] er ganske stabil, opp til høyden og rundt 2m bred.
Han går rundt i en tone med hundre meter fra nv-sa og rundt 60 meter fra der den sprer seg.
En stygg hage [3] virker så tuftet som den sørlige delen av byen.
Hvorvidt mønsteret har blitt forstørret eller forminsket en stund, eller om det ikke skal gis noen varsel.
Som jeg sa tidligere, så er det to bokser inn i den.
Vesten er en potensiell bymessig, 21×6 meter høy, men ikke en utbyggingsmodell, men en pumpe på bakken, tyder på at det er blitt fragmentert eller tredelt område [2].
På den andre siden av kondensen er det to fellesnevner, som er sannsynlig andre end dem som representerer deres navn.
Avstandene er langs den store sørvest-ruten ved 11×3 meters høyde.
Fast nordøsten vil være en størrrelse på 8×4m.
Begge har en tendens til å være mer utstrakt i stedet for en yngre bygning enn i en park eller en haug med meinte lokaliteter.
Skamlig vesten av en tune er en stygg antikk på 6x5 meter og skjult lyngrøde.
Det ble tatt kjerner av en tunevegg, en opplyst by, og en old-overflod utenfor en tunehage.
Det ble bare tatt fem borker hvor resultatene var ganske omfattende.
Kjernene i tunhagen pekte at den ble bygget av 1104 men kuttet av for 1300 som lå ubrukt over hagen.
Det samme skjedde i kjernen som var tatt med i sentrum, hvor resten av menneskeheten dukket opp, kull og gass.
Det ser ut til at produktene, ute av drift, også faller til 1300.
Her er en ekstraarbeider som er omtalt i jordboka, blitt ganske mye kontrollert etter at den ble skrevet.
Det er imidlertid ikke utelukket at noen bygde var der i en kortere tid etter at en gård fra torvet ble henrettet.
Tegnkoding:
Den grenseoverskridende bygda på en stafesjokk har vært bygd av 1104, og minst 1300 grammet ble mistet.
Avansert beskrivelse:
På utkikk Deildardalen fra Koti i Stavens land.
Set mot øst.
