A jobboldali populista győzelem Ausztriában, együttesen 29%
Az osztrák parlament előrehozott választásai az első hozzávetőleges eredmények szerint a jelenlegi nagykoalíció mindkét pártjának jelentős gyengítését és a jobboldali populista párt kifejezett megerősítését eredményezték.
Az Osztrák Néppárt (OVP) jelentős veszteségeket szenvedett el, ahol a jelenlegi elnök, Wilhelm Molterer álláspontja súlyosan megrendült.
Ezzel szemben az Osztrák Jövő Szövetségének (BZO) vezetője, Jörg Haider, a karintiai állam kormányfője a nemzeti politikába való diadalmas visszatérését készíti elő.
A hozzávetőleges eredmények szerint a szociáldemokrácia (SPÖ) továbbra is a legerősebb párt az országban, 29,8 százalékos szavazattal, így 5,5 százalékot veszít a legutóbbi 2006-os választásokhoz képest.
Még rosszabb, hogy az OVP 25,6 százalékot veszít, majdnem 9 százalékot.
Ezek a legrosszabb, szó szerint katasztrofális eredmények e két nagy osztrák párt történetében a háború után, és különösen azok számára, akik ezeket az előrehozott választásokat hívták össze.
Július elején, amikor az OVP kilépett a koalícióból, a népnek jelentős előnye volt az SPO-val szemben.
Egyértelmű azonban, hogy a szavazók megbüntették őket, mert hagyták, hogy a kormány elsüllyedjen.
Az eredményekre adott első reakciókban spekulációkat hallottak a párt elnökének, és a mai napig Wilhelm Molterer kancellárhelyettesnek a lemondásáról.
A megfigyelők úgy vélik, hogy erre már hétfőn sor kerülhet a párt elnökségének rendkívüli ülésén.
Egy ilyen fejlemény nyilvánvalóan megkönnyítené a választási eredmények állandó és közelebbi kiindulópontját, azaz az SPO és az OVP közötti nagy koalíció megújítását.
Tekintettel arra, hogy a két jobboldali párt megerősítése - a liberálisok (FPO) körülbelül 18 százalékot, a BZO, a szavazatok 11 százalékát -, és hogy a szociáldemokraták ugyanakkor kifejezték félelmüket, hogy megismétlik az 1999-es évet, amikor a népszerűek a populistákkal tárgyaltak (ezek után az FPO egy egység volt, de 2005-ben a BZ)
Haider már bejelentette, hogy kész együttműködni bármely párttal, és máris visszatér Bécsbe, a nemzeti politikába.
A Zöld Párt is elérte a parlamentet, bár kissé veszített, és a harmadik helyről az ötödikre esett az osztrák politikai pártok között.
Egyik párt sem haladta meg egyértelműen a 4%-os határt, ezért nem tagja a parlamentnek.
Schwarzenberg: lehűlhetnek a kapcsolatok Indiával
Ha nem sikerül megoldani a cseh tudósok problémáját, akiket azzal vádolnak Indiában, hogy illegálisan gyűjtenek bogarat, akkor a cseh-indiai kapcsolatok lehűlhetnek – mondta Karel Schwarzenberg külügyminiszter.
Ezt a New York-i miniszter jelentette be, miután találkozott indiai kollégájával, Pranab Mukherjee-vel.
"Ha ez nem oldódik meg, akkor igen, akkor biztonságosan eléri ezt a hűtést" - mondta a cseh kezdeményezésű találkozó után.
A találkozó után Mukherjee azt mondta, hogy a jogi ügyekben a végrehajtó aligha tud beavatkozni.
Ugyanakkor kijelentette, hogy Petr <0xC5><0xA0>vácha esetében, akit felmentettek a vád alól, és pénzbírsággal büntettek, a kormány tárgyalásokat folytathat Darjiling helyi önkormányzatával, amelynek joghatósága alá tartozik az ügy.
"A probléma megoldható" - mondta a miniszter.
Emil Kučera számára a három év börtönbüntetésre ítélése a legjobb, ha Mukherjee szerint a legfelsőbb bírósághoz fordul.
Ezután kérheti az ügy felmentését, és szabadon várhatja az ítéletet - magyarázta.
Schwarzenberg megerősítette, hogy kollégája ugyanezt a kifejezést fejezte ki a találkozó során.
"Azt tanácsoljuk, hogy forduljunk a Legfelsőbb Bírósághoz, és akkor lehetséges lenne a megbocsátás" - mondta a cseh diplomácia vezetője.
Az egyetlen módja annak, hogy a cseh fél bejusson az ügybe, ha az elítéltnek "jogszerű jogi támogatást" kap - mondta az indiai miniszter.
Azt is elmondta, hogy az ilyen jellegű támogatás már az indiaiaktól is elérhető.
"Nagy érdeklődéssel tekintünk a legjobb kapcsolatokra Indiával, amelyeknek hosszú hagyománya van.
Ezt az indiánok is elismerik” – mondta Schwarzenberg.
Másrészt, amint azt a <0xC4><0x8C>TK elmondta, kollégája előtt ragaszkodott ahhoz, hogy a Cseh Köztársaság nagy jelentőséget tulajdonítson a cseh entomológusok problémájának.
"Valóban rettenetes tévedésnek tartjuk, hogy bebörtönözzük és elítéljük ezeket a cseh tudósokat" - tette hozzá.
A miniszter kizárta a választ arra a kérdésre, hogy megkapta-e az indiai fél az ígéretét, hogy foglalkozni fog az üggyel.
"Rengeteg ígéretet kaptam" - mondta.
A csehek a tengerfenéken harcolnak
Egy elektronikus faltérkép felé tartok, amelyen Ausztrália látható tengerrel körülvéve.
Nem érdekli a kontinens, hanem egy kis elveszett pont a kék óceánban.
A sziget Ausztráliához tartozik, és mellette a környező tengerfenék is.
A régió ugyanakkor olyan nagy, mint egy kontinens” – mondta Luigi Santosuosso olasz ügyvéd, aki az ENSZ tengerjogi és tengerjogi osztályának harminc tagjából álló csapat tagja.
A főnöke, a divízió igazgatója, Václav Mikulka cseh ügyvéd követi a kiállítást, és néha kiegészíti azt.
Irányítsd ezt a munkát és lelkesedést.
A tengerfenék a mai napig rejt egy kevéssé ismert világot, amely gazdag természeti forrásokban.
Megtalálható olaj és egyéb ásványi nyersanyagok, de még ismeretlen szervezetek a mai napig, amelyek magukban hordozzák a kulcsot a rák elleni gyógyszerek fejlesztéséhez.
A talaj nagyobb, mint a föld
A part menti országok a mai napon éles vitát kezdtek az új tenger alatti területekről.
Az ENSZ-Szerződés szerint ezek az országok kihasználják azokat a jogokat, amelyeket 1982-ben a Jamaica-i Montego Bay-ben fogadtak el.
Ez az úgynevezett kontinentális határ, amely néha több száz kilométerre fekszik az adott ország partjaitól.
A Szerződés értelmében kizárólagos jogokkal rendelkezik a kontinentális határ minden erőforrására vonatkozóan.
„Egyszerűen a kontinentális határ a tengerfenéknek és felszínének a része, amely a kontinens természetes folytatása a víz alatt.
Ez eléri a tenger partvonalát, és gyakran eléri a 200 tengeri mérföldes határt, azaz a tiszta gazdasági övezetet” – magyarázza Mikulka.
Az adott ország által a Bizottsághoz benyújtott, a kontinens külső határainak meghatározására irányuló kérelmet a kutatásokon és intézkedéseken alapuló tudományos műszaki dokumentációval kell benyújtani.
Ez egy több éves munka előkészítésének eredménye.
"Az egyik feladatunk, hogy technikai és jogi szakértői bizottságot szervezzünk.
A bizottság eddig öt orosz, brazil, ausztrál, ír és új-zélandi kéréssel foglalkozott.
Egyelőre csak a három említett ország közül jutottunk előre” – tette hozzá Mikulka.
Nem is olyan régen Ausztrália sikere globális hatással volt, mivel ez volt az első, amely lényegében kibővítette tengeri uralmát.
Azonban ezt Új-Zéland is elérte - a tengerfenék területe, amelyet a bizottság a múlt héten adott neki, 1,6 millió négyzetkilométer, azaz majdnem hatszorosa az állam méretének.
A két ország több millió fájdalmat fektetett a tanulmányaiba.
A tengerfenék használatából származó nyereség, ahogy ígérik, felbecsülhetetlen lesz.
Más államok is lassanként nyújtják be a kérelmeiket.
A szerződést a Montego Bay-i Szerződés ratifikálásának időpontjától számított 10 éves korig írhatják alá.
Ahol a kontinentális határ véget ér, ott kezdődik az óceánfenék régiója, amelyet a Szerződés az emberiség közös örökségének nyilvánít.
Egyetlen nemzetnek sincs kizárólagos álláspontja.
A kizsákmányolási jogot ezeken a területeken a nemzetközi intézmények által létrehozott szerződések szabályozzák.
"A tengerfenék azonban nem aranybánya" - hangsúlyozta Mikulka igazgató, hozzátéve, hogy "a különálló területek jogilag és egyértelműen korlátozva vannak, és a szerződésben meghatározott rendszer".
Csehek a Csendes-óceánon
Manapság a tengerfenék egy része a Cseh Köztársasághoz is tartozik.
Az akkori Keleti Blokk más országaival együtt az Interoceanmetal közös szervezetén belül osztozik.
Ezt 1991-ben egy befektetői szerződéssel érte el, mint néhány más állam, az úgynevezett "úttörő befektető".
Képes felrobbantani a ClarionClipperton területén a Csendes-óceánban, Mexikó, a Hawaii-szigetek és Kiribati között.
A befektető által vizsgálandó terület valamivel nagyobb, mint az egykori Csehszlovákia.
A fenek ott összeomlik, ez olyan, mint egy tengeri másolat a Tátrákról.
"Egy 75 000 négyzetkilométeres területet lehet felrobbantani.
A terület gazdag nikkelt, rézt, kobaltot és mangánt tartalmazó polimetálbetonokban” – tette hozzá Pakshi Rajan indiai ügyvéd.
Egy macedón alkalmazott, Rober Sandev, hoz nekünk egy mintát az efféle konkrécióról.
Egy kis burgonyára emlékeztet minket, vagy egy kis fantáziával, a Shem-re, amely a legenda szerint újjáélesztette a Golem-et.
A túszok felszabadítása során a német különleges erők parancsnoksága a helyszínen volt.
A túszválság megoldására az egyiptomi kormány Németország segítségét kérte - a szakértők eljöttek.
Amikor a helyzet súlyossá vált, a különleges erők parancsnoksága készen állt, de a műveletet nem hajtották végre.
Egyre többen értesültek arról, hogy 11 európai turistát szabadítottak ki Egyiptomból.
A védelmi minisztérium és a belügyminisztérium adatai szerint a német különleges erők közvetve is részt vettek a mentési akcióban.
Ezért a felszabadítás helyén voltak a német hadsereg szakemberei, valamint a GSG 9 tisztviselői, a szövetségi rendőrség, a Szövetségi Bűnügyi Nyomozóiroda, valamint a technikai jótékonysági intézmény logisztikai szakértői.
A miniszteri szóvivők hétfő este arról számoltak be, hogy a német erőkre nem volt szükség, mert az emberrablók, akik felismerték az erőszakos szabadon bocsátást, elengedték foglyaikat, és elmenekültek.
Az egyiptomi kormány elfogadta Németország segítségét, hogy támogatást nyújtson a helyszínen.
"Szerencsére nem jött el ez a pillanat" - mondta a szövetségi belügyminisztérium szóvivője.
Szeptember 19-én Dél-Egyiptomban a támadók elraboltak egy 5 németből, 5 olaszból, egy románból és 8 egyiptomi kísérőből álló csoportot.
Miután elrabolták őket Egyiptom déli sivatagi régiójában, a túszok Egyiptom, Líbia, Szudán és Csád határvidékére deportálták őket.
Az emberrablók személyazonossága ismeretlen volt a végéig, valamint a részleteket a felszabadítás vagy a lehetséges váltságdíjat.
Eközben a megmenekültek és megmenekültek megérkeztek Kairóba.
Steinmeier szerint a túszokat a német nagykövetség őrizte.
Egy szót sem szólt a kiszabadítás részleteiről.
Kezdetben Berlinben nem volt információ arról, hogy visszatértek-e Németországba.
A Bild című újság szerint öt turistának és a különleges erőknek vissza kell térniük a német légierőtől az Airbusba, és kedden Németországba kell érkezniük.
Az Egyesült Államok Képviselőháza nem fogadja el a mentőcsomagot
Az Egyesült Államok Kongresszusának első kamarája elbukott egy 700 milliárd dolláros pénzügyi megmentési csomagban.
A Dow Jones drasztikusan lezuhant.
Az Egyesült Államok Képviselőháza 227 szavazattal, 206 ellenében elutasította a pénzügyi piacok megmentésére irányuló kormánycsomagot.
Annak ellenére, hogy George W. Bush elnök és mindkét párt korábbi politikusai nem jutottak el a többséghez a programban, amellyel korlátozni kellene a pénzügyi piacokon zajló rendetlenséget.
A kétségbeesett védők drámai lépéssel próbálták meggyőzni a kritikusokat, hogy fogadják el a 700 milliárd dolláros csomagot.
Barney Frank, a demokrata tárgyalások vezetője arra kérte a képviselőket, hogy szavazzanak, bár a terv nem olyan népszerű.
"Nehéz politikai jóváhagyást kapni, hogy elkerüljünk valamit, ami még egyáltalán nem történt meg" - mondta.
A Dow Jones több mint 6 százalékra, vagy 600 pontra esett.
Ennek oka a befektetők aggodalma volt, hogy az állami mentőcsomag kudarcot vallhat.
A szavazás végén pihent, és miután a kudarcot nyilvánosságra hozták, ismét elesett.
A nemzetközi pénzügyi piacokon más súlyos zavarok is vannak.
Ahhoz, hogy a program hatályba léphessen, mind a Képviselőház, mind a Szenátus jóváhagyása szükséges.
A szervezők a foglalások számának növekedéséről számolnak be
Jó télnek tűnik a német utazásszervezők számára:
Egy tanulmány szerint az utazási foglalások értékesítési volumene az elkövetkező hónapokban nőtt az előző évhez képest - még a téli szezonban is több mint 30 százalékkal.
Egy tanulmány szerint a gyengült gazdasági helyzet ellenére a németek utazási vágya továbbra is ugyanaz marad, mint korábban.
A berlini Németországi Utazási Szövetség (DVR) hétfőn közölte, hogy a téli szezonra szóló utazási foglalásokkal az utazási irodák 31 százalékkal nagyobb értékesítési volument regisztráltak a tavalyi év azonos időszakához képest.
A GfK piackutató intézet vizsgálata szerint az őszi hónapokra vonatkozó tartalékok már növekedtek.
Így az utazási irodák októberi értékesítési volumene közel tizenegy százalékkal több volt, mint 2007-ben, jelentette a DVR.
Az eredmények alapját a GfK adatai képezik, amelyek az 1200 utazási irodában végzett foglalásokra vonatkozó adatokat elemezték, és a piac egészére kiszámították.
A begyűjtött adatok a 2008. augusztus végéig lezajlott utazási foglalások.
A dollár gyengülő árfolyama miatt különösen az Egyesült Államokba történő utazások nagy keresletet jelentenek - közölte a DRV.
Ebben az esetben a foglalások száma csaknem egyharmadra nőtt.
A németek kedvelt célpontjai nemcsak Spanyolország, Törökország és Görögország, hanem Németország régiói is.
Különösen a szervezett utazások a legkedveltebbek - magyarázza Klaus Laepple, a DRV elnöke.
Tekintettel arra a tényre, hogy az energia- és élelmiszerárak emelkednek, ebben az esetben az utazási költségek "jobban kiszámíthatók az ügyfél számára, mint az egyéni utazás során".
Többek között a fogyasztók pénzt takaríthatnak meg előzetes foglalási kedvezményekkel vagy all-inclusive ajánlatokkal - magyarázta Laepple.
A nyári hónapokban is jól lefoglalták az utazásokat, így az eladások volumene a tavalyi évhez képest ismét emelkedett - bár egy másik tanulmány szerint az utazást végző németek száma a tavalyihoz képest csökkent.
Az első Oktoberfest
A slágerek a nyílt ég alatt a végtelen fürdőben, a sör egy literes kancsókban és a híres emberek hagyományos bajor tervezői ruhában.
Debütálás egy sátorban.
Susanne Kronzucker és én nem sok közös van bennünk.
Ő szőke, a moderátor a TV-ben, és egy hagyományos bajor öltönyöt visel.
Sötét hajam van, diák vagyok, és a ruhámat már viseltem.
De van egy dolog, ami összeköt minket: alig vagyunk a sátorban, a fotósok már rohantak felénk, és feltöltették a memóriakártyáikat a fotókkal - ez nagyon hízelgő, különösen azért, mert először vagyok Oktoberfesten.
Így lehet barátkozni.
A hagyományos olcsó bajor jelmezek úgy tűnik, hogy teljesítik a funkciójukat.
Valójában, turistaként az Oktoberfesten Észak-Németországból, a jólét érzése hagyományos bajor öltönyben egészen a mai napig még mindig korlátozott volt.
De miután elérte a Teresa Prado-t, nem minden olyan nagy dolog.
Szinte mindenki viseli a hagyományos bajor ruhát vagy bőrnadrágot; egyik sem tűnik úgy, hogy figyelmen kívül hagyja, vagy kellemetlennek érzi magát - minden teljesen normális.
Csak a köpenyem kap ritka pillantásokat egy banán állvány mellett a csokoládéban.
Az egyik munkás felhívja a figyelmemet a köntösömre, amit rosszul viselt: "A bal oldal egyedülálló, a fele szűz, a jobb oldala el van jegyezve, mögötte özvegy."
Istenem, most hátulról balra dőlök.
"Jól van" - mondta nevetve.
A többiek nem törődnek a flörtölés finom módszereivel, és sapkákat viselnek, ahol a "To drink to get dressed!" felirat van, és kérés nélkül megmutatják a csupasz seggüket.
Egy fiatal fiú, aki exhibicionista módon viselkedik, Bobnak hívják, Angliából származik, és először az Oktoberfesten van.
Úgy néz ki, mint a "gorgeous", ami egy nagyon hosszú "vagy" kifejezéssel fejeződik ki.
Elmondja, miután félretettem egy liter sörös poharát, amit épp most ivott.
Közvetlenül a tűzcsap mellé tette, a legtöbben azt hiszik, hogy ez egy szemétkocka.
Szóval Bob az egyik híres ember, aki sokat iszik.
A többieknek nincs sok szerencséjük, és nem fogyasztanak annyi alkoholt.
Éjjel nyolc órakor az egészségügyi csoportok futnak az ünnepségen, és aggódniuk kell a szegény részegesek miatt.
A szaniterek mindig csoportosan jelennek meg - hirtelen mindig négy ember van, akik az egyik sátorból a másikba viszik a fedett járdákat.
Ez úgy működik, mint a legtöbb látogató: józanok jönnek, részegek visszatérnek.
Nem látja, hogy ki szenved alkoholmérgezésben, és a járdán van.
"Ők azok, akik "nem tudnak többet" - válaszolt egy egészségügyi szakember, válaszolva a kérdésemre, és zűrzavarban tűnt el.
A rendőrség által azonosított baleseti áldozat
Azonosították a 63 éves gyalogost, aki meghalt a kórházban, miután egy jármű elütötte az Essex megyében.
Carole Paulson, a Chelmsford Road-ból, Brentwood városából, részt vett a péntek délutáni Shenfield Road-i balesetben.
A nőt a Queen's kórházba vitték Romfordba, de később meghalt.
A baleset után egy 51 éves férfit tartóztattak le gondatlan vezetés gyanúja miatt.
Azóta óvadék ellenében szabadlábra helyezték.
Törökország kibővítette diplomáciai horizontját
Már jóval azelőtt, hogy Törökország az Európai Unió tagja lett volna, az európai hatalmak elhatározták, hogy betörnek az ország belsejébe.
A Boszporusz keleti részén, talán csak 20 lépésre Ázsiába, a katasztrofális császári ambíció egyik legérdekesebb ereklyéje található.
A Hydarpasha vasútállomást két német építész, Otto Ritter és Helmut Conu tervezte, új-reneszánsz stílusban.
Legalábbis ezt mondják az útmutatók.
Az épület a platformok végét időzíti, és két torony előtt áll, mindegyik sarkon egy-egy, és mindegyik egy tipikus német városháza.
A kő piszkos.
Az épület a komplexumban egy kicsit dekadens.
De ha egyszer a szekrényt a páncélterem fölé helyezték, nem kétséges, hogy milyen nagy volt a cég, hogy ez volt a legnyugatibb kapu.
Az állomást 1908-ban nyitotta meg a német Anatolia-Bagdad Corporation konzorcium.
Németország, a birodalmi játék egyik „latecomerje”, arra törekedett, hogy uralja a Közel-Keletet ezen a Damaszkuszba, Bagdadba, és azon túl, ami ma Szaúd-Arábia.
Ennek a császári Németországnak az ambíciói azonban az első világháború alatt kudarcot vallottak.
A vasútvonalakat Lawrence megtámadta Arábia és a szabálytalan arabok.
A környező régiók viszonylagos elszigeteltsége miatt, amelyet a hidegháború befagyasztott határai generáltak, alacsony szintre esett.
A brit uralom, és amikor az erők előrehaladtak Egyiptomban, a törökök és német szövetségeseik kiszorították Palesztinából és Szíriából.
A hír a Hyderpasha állomáson is rossz volt.
1917-ben egy lőszerszállító vonat felrobbantotta a kifinomult tetőt.
A török források szerint szabotázsról van szó.
Azóta az állomás leomlott, és kimaradt a történelemből.
De ma ez a vasút, amely Anatólia és az összes keleti központ bejárata, - legalábbis szimbolikusan - arra szolgál, hogy kiemelje Törökország azon szándékát, hogy bővítse diplomáciai látókörét.
A kormány igazságügyi és fejlesztési pártja - az AKP - új külpolitikát tervezett az ország számára.
A környező régiók viszonylagos elszigeteltsége, amelyet a hidegháború befagyasztott határai hoztak létre, eltűnt.
Most egy új együttműködési politika jön létre.
A török kormány kiváló kapcsolatokat ápol Izraellel és Szíriával, a Hamász és a Fatah palesztin frakcióival, Irakkal és Iránnal, valamint természetesen az Európai Unióval és az Egyesült Államokkal.
Ennek az új külpolitikának a paramétereit értékelve felmentem egy ágyra, és elmentem a török fővárosba, Ankarába, hogy látogassam meg az AKP egyik külpolitikai szakértőjét, Suat Kiniklioglu török miniszterelnököt.
Másnap reggel - körülbelül tíz és fél órával később - egy megrázkódtatási út után, amely az ősi világ kadenciáit eredményezte a híres dokumentumfilmben, a The Night Mail-ben, eljutottam a török fővárosba - új városba, amelyet egy új világi állam irányítására terveztek, távol az oszmán múlttól.
Az AKP azonban, világos iszlám gyökereivel, paradigmaváltást jelent a török konszenzusban.
Nyugaton, és különösen Washingtonban is felmerült a gyanú.
Egy taxi elvisz az AKP székhelyére, egy ultramodern kő- és acélszerkezetre - amelyet ad hoc építenek - egy fejlődő külvárosba, amelyet közepesen épített bevásárlóközpontok és "erős cukrászdák" vesznek körül, ahol a középosztály vezetői üzleti ruhában - férfiak és nők - kora reggel találkoznak, hogy megegyezzenek / üzleti tevékenységet folytassanak.
Suat Kiniklioglu szinte minden európai párt közép-jobboldali politikusa lehet.
Vettem, nyakkendő, biztos vagyok benne, hogy még van egy Blackberryje.
A párt külpolitikájának célja Törökország közvetlen szomszédságába való visszailleszkedése.
A hidegháború egy anomália volt” – mondta.
Törökországot megszakították a belső kapcsolataitól.
Ma egy időben keletre és nyugatra kell néznie.
Ez nem egy eset, ha nem az egyik vagy a másik.
Mindkettőt meg kell tennie.
"De biztos, hogy valamikor," kérdeztem, "Törökország lehet, hogy kénytelen választani? "
"Törökország - felelte -, nem akar szembeszállni ezzel a választással."
Az alábbiakban kiemel egy pontot, amelyre szinte mindenki emlékeztetett, akivel eddig beszéltem: azok a kapcsolatok, amelyeket Törökország nemcsak a Közel-Kelettel, hanem a Kaukázus régiójával és az egész Fekete-tengerrel ápol, mind Európa, mind az Egyesült Államok számára, mind Törökország számára előnyösek.
Az üzenet úgy tűnik, hogy Törökországgal a fedélzeten Európa a maga komplexumában metaforikusan fel tudja szerelni azokat a vasútvonalakat, amelyek megnyitják a világot Kelet-Ázsiában és a Közel-Keleten.
Ismét a Hydarpasha állomáson, egy második éjszaka után, amikor nem aludtam, visszagondolok a két német úrra, Herr Ritterre és Herr Conura, akik 100 évvel ezelőtt részt vettek ennek az épületnek az építésében.
Mennyire lepődtek volna meg azon, hogy Európa ambíciói a Közel-Keleten, nagyrészt ma Törökország kezében vannak?
És várva a terminálra, a komp, amely visszavisz a Boszporuszra, emlékszem, hogy akkoriban Törökországot "Európa beteg emberének" tekintették.
Akkor nincs sok kétség, hogy melyik kontinens lesz, amelyre ezt a lenyűgöző országot igényt kell tartania.
Életek az emlékezésben: Vernon Handley és William Woodruff
Mark Brown 1962 óta Guildford zenei igazgatója, Vernon "Tod" Handley (szeptember 11.) a Guildfordi Filharmonikus Zenekar és a kórus vezetője.
A város zenei projektjének részeként a következő évben megalapította csodálatos ifjúsági kórusát, Proteust.
A 21 év alattiaknak kellett volna lennie, de abban a pillanatban, amikor a Proteus 1979-ben véget ért, többen 20 évesek voltunk - csak nem adjuk fel a kórust.
A „Proteus” (a formákat megváltoztató mitológiai lény) név a kórus akaratát és azt a képességet képviselte, hogy bármilyen zenét el tudjon játszani, legyen az madrigál vagy Messiaen, függetlenül attól, hogy kíséret nélkül vagy teljes zenekarral.
Az ifjúsági kórus zenei sokoldalúsága gyakran meglepő, mindig izgalmas volt, és mindez annak az embernek az inspirációja és a zene iránti lelkesedésnek köszönhető, amely az évek során teljesen állandó maradt.
Tod gyakran azt mondta nekünk, hogy hagyja, hogy a zene önmagáért beszéljen.
Azt mondta: "A zeneszerző tudja, mit akar.
Minden ott van, a zenében.
Csak így kell énekelni!”
A pálca mindig teljesen tiszta és pontos volt, bár soha nem volt adóztatva, és nem is túl virágos.
Bárki is volt a zene, mindig még magasabb szintre jutott.
John Frayn Turner írja:
Ha egy sofőr úriember lett volna, ő Vernon Handley.
Nagyon jól ismertem őt a két évtizedben, amikor 1962 és 1982 között a Guildfordi Filharmonikusokat vezette.
Különösen az elmúlt 40 évben, átnéztem több mint 100 koncertjüket, és őszintén mondhatom, hogy soha, egyikük sem okozott csalódást – különben sokszor inspiráltak.
Tod Handley a nagyság és az extrém személyes szerénység ritka kombinációja volt.
Gyűlölte a sofőröket, akik szavai szerint egyszerűen "egy vagy két jól ismert háborús lovat adtak el szerte a világon".
Nagyon hiányozni fog.
William Woodruff
John Beckett professzor szerint:
William Woodruff (szeptember 25.) folytatásában azt állítja, hogy "1946-ban újrakezdték a gazdasági történelem tanulmányait Oxfordban, és 1950-ben kutatási ösztöndíjat nyert a Houblon-Norman-ban, ugyanakkor diplomát, mester- és doktori fokozatot tanult."
Ezt Woodruff szerzőjének Beyond Nab End című jegyzetében tanulja meg, de ez nem teljesen helyes.
1946-tól 1953-ig a Nottinghami Egyetem közgazdasági professzora volt, amelynek időszakában doktori értekezést végzett a brit gumiiparról, amelyet J.D. Chambers professzor felügyelt, majd 1958-ban The British Rubber Industry címmel jelent meg.
1950 és 51 között töltötte az Egyesült Államokban, egy Houblon-Norman ösztöndíjat kapott, és 1952 nyarán az Illinois-i, a Harvard-i és a New York-i egyetemeken.
1953-ban végleg elhagyta Nottinghamet Illinois-ban.
Az ok, amiért Woodruff úgy döntött, hogy figyelmen kívül hagyja karrierjének ezt a részét, ismeretlen.
J. Vicente gyanta a Filológiai Karon
"Javaslom José Vicente Resino "Tűz és élet" kiállítását, mert a fekete-fehér, dokumentumfilmes fotói fantasztikusak.
Felhívták a figyelmet az egyszerűségükre és az általuk közvetített erőre, mindig nagy tisztelettel bánva a főszereplőkkel.
Egy kiállítás, amely sok érzelmet mutat.
Resino képes megragadni a varázslatos pillanatokat.”
Újabb merénylet a Hondánál
Novemberben a Honda megkezdi a Jazz második generációjának forgalmazását.
Ha az elődje már széles lakhatósággal rendelkezett, ez az új egytérfogat még szélesebb belső teret kínál.
Mindez kiegészíti a kifinomult mechanikát, amely növeli a vezetési kényelmet és több üzemanyagot takarít meg.
Evolúció a forradalom ellen.
Ez a Honda Jazz második generációja.
Bár az új Jazz esztétikailag nagyon hasonló vonalat mutat a jelenlegi modellhez, számos változtatást hajtottak végre ebben a monovolumenben.
Többek között egy innovatív design, egy új platform, nagyobb méretek és új mechanika.
Az új modell elemzése előtt azonban meg kell jegyezni, hogy az új Jazz hat évvel az első generáció piacra kerülése után érkezik.
Ezért az első megjegyzés az, hogy a Honda rövidebb idő alatt újította meg ezt a modellt, mint a többi gyártó alkalmazottja.
Bár Európában a jazz kevésbé ismert, más piacokon ez a modell értékesítési jelenség.
Ez a helyzet Japánban, ahol a Jazz volt a legforgalmasabb autó 2002-ben és 2008-ban is.
Japánban több mint egymillió jazzt adtak el a megjelenésük óta.
A második piac a régi kontinens volt, hat év alatt mintegy félmillió darabot.
A Honda azonban azt tervezi, hogy ez az új Jazz növelni fogja az értékesítést a szegmensben.
A japán cég 2007-ben összesen 83 000 Jazzt forgalmazott, 2009-ben pedig 100 000 autót, ami 17%-os növekedést jelentene az európai piacon.
A spanyol piacon a Honda 2002 óta összesen 8000 Jazz-egységet értékesített, ami a Honda teljes spanyolországi értékesítésének 6,7%-át teszi ki.
Az új generációt illetően a spanyol leányvállalat vezetői 2000 darab jazzt szeretnének eladni egy teljes év alatt.
Az új Jazz megjelenésével a Honda jelentős mértékben enyhítheti a spanyolországi eladások csökkenését.
A márkatulajdonosok azt várják, hogy az év végére összesen 22 000 darabot értékesítenek, ami 4000-rel kevesebb, mint 2007-ben, ami 16%-os csökkenést jelent.
Az árbevétel növekedése ellenére a Honda 1,8%-kal növelte piaci részesedését Spanyolországban, szemben a tavalyi 1,6%-kal.
A japán cég 2010-re várhatóan 2 százalékot fog elérni.
Ennek elérése érdekében a Honda egy új modell megjelenésében bízik.
Ez az Insight, egy ötajtós, kompakt méretű hibrid – 4,37 méter hosszú –, amelyet a japán vállalat várhatóan évente mintegy 200 000 darabot értékesít világszerte.
A japán gyártó becslése szerint az Insight eladásainak 50%-át az Egyesült Államokban, míg a fennmaradó százalékot az Ó- és Japán között osztják el.
Az Insight kereskedelmi forgalomba hozatalát az év első hónapjaiban tervezik, miután januárban bemutatják a társaságot Valenciában.
Ami az első generációt illeti, az új Jazz minden méretében növekszik.
Hossza 3,90 méter (öt centiméterrel nagyobb), szélessége 1,69 méter (két centiméterrel nagyobb) és tengelytávolsága 2,50 méter, ami öt centiméteres növekedést jelent.
A magassága viszont nem változik, és 1,52 méteren marad.
A méretnövekedés mellett a belső lakhatóság is növekszik.
Ez a nyereség egyrészt egy új platform beépítésének, másrészt a középpontban lévő üzemanyagtartály bevezetésének köszönhető, ami szintén az előző Jazzben elfogadott megoldás.
A csomagtartó kapacitása - amely kettős alaprendszerrel rendelkezik - akár 399 litert is elérhet, ami 19 literrel több, mint az első generációs csomagtartó kapacitása.
Meg kell jegyezni, hogy ezek a mérések az 1.4-es motorral készültek, mivel a Honda Jazz 1.2 csomagtartó kapacitása 379 liter.
További fejlesztések - a külső elemeken kívül, mint például a hátsó LED-ek vagy a panorámaüveg felszerelésének lehetősége - a hátsó ülésekhez való hozzáférés javítását jelentik.
A második sorba vezető ajtók nyitási szöge 80 fok, szemben az első jazz 67 fokával.
A Jazz második generációjának motorjai is újak.
A forgalomba hozatal kezdetén ez a kis modell két 1,2 literes és 1,4 literes benzinmotorral rendelkezik.
Mindkét mechanika magában foglalja az i-VTEC technológiát, amely csökkenti a fogyasztást, kevesebb szén-dioxidot bocsát ki, kiváló mechanikai finomítást ér el, és ugyanakkor magas nyomatékot ér el a motor teljes fordulatszámában.
Az első 1,2 literes mechanika 90 lóerőt ér el 6000 fordulatszámon, maximális nyomatéka 114 Nm, 4900 fordulatszámon.
Ez a hajtómű - amely korábban a Jazz 78 lóerőt ért el - 5,3 literes költséggel és 125 gramm CO2-kibocsátással rendelkezik.
Ami az előző generációt illeti, amely az előző generációban 83 lóerőt ért el, most 100 lóerőre emelkedik.
Ez a 100 lóerős Jazz 1.4 5,4 literes és 128 gramm szén-dioxid-fogyasztást eredményez.
Medve autó, amely elkerüli az ütközést
A Nissan a balesetmegelőzési technológiák fejlesztésében való előrelépést ezúttal a természet, különösen a méhek inspirálták.
A japán cég kifejlesztett egy robotot, amely a méhek repülését alapul véve megelőzi a baleseteket.
Ez a Bio-mimetic Car Robot Drive, vagy a BR23C, amely az első lépés az ütközésmegelőzési technológiákban.
A Nissan Motor Co. Advanced Technical Center mérnökei ezt a kis robotot a Japánban, a neves tokiói egyetem fejlett tudományos és technológiai kutatóközpontjával együttműködve fejlesztették ki.
Kazuhiro Doi, a technológiai és márkakutatási és -fejlesztési PR főigazgatója szerint a BR23C a Nissan négy területének biztonsági pajzsjának bővítéseként jelenik meg.
A robot célja, hogy megerősítse a márkás járművek ütközésmegelőző képességét.
Repülés közben minden méh saját ovális alakú személyes teret hoz létre, amely nagyon hasonlít a Nissan biztonsági pajzsára.
De a legfontosabb az összetett szemek a méh, képes látni a szög több mint 300 fok minden irányban, amely lehetővé teszi, hogy repülni megszakítás nélkül a saját személyes térben.
Ennek a vizuális funkciónak a visszaállításához a mérnökök megtervezték az úgynevezett lézeres nyomkövetőt (Laser Range Finder).
Ez érzékeli azokat az akadályokat, amelyek a BR23C előtt 180 fokos sugarú körben legfeljebb két méterrel találhatók, kiszámítja az adott objektumtól való távolságot, és jelet küld a fedélzeti mikroprocesszornak, amely azonnal az ütközés megelőzését eredményezi.
Amikor egy akadályt észlel, a kis robot utánozza a méhek mozgását, és azonnal irányt vált, kerekeit egyenes vagy nagyobb szögben forgatva, hogy elkerülje az ütközést.
A legnagyobb különbség bármely létező rendszerrel az, hogy a menekülési manőver teljesen ösztönös.
Ellenkező esetben a robot nem tudna elég gyorsan reagálni, hogy elkerülje az akadályokat” – magyarázza Toshiyuki Andoh, a Mobilitási Laboratórium igazgatója és a projekt vezető mérnöke.
Ellentétben a méhekkel, a robotot nem lehet felfelé vagy lefelé mozgatni, sem átlósan; csak két dimenzióban és abban az irányban mozoghat, amely lehetővé teszi a kerekek elfordítását, és nem végtelen irányban és módon, mint a méhek.
A Nissan ezért a rotációs funkciót, valamint a gyorsítást és a lassítást használta, hogy a kis robot elkerülje az ütközéseket.
"Ez az eszköz csak néhány másodpercenként dolgozza fel az információkat, és az adatok szerint jár el.
Nem igényel információt és intuitív logikát a korábbi manőverekről, így csak néhány tucat KB memóriával tud folyamatosan működni.
Lehet, hogy ez meglepő, de nem a memória giga-ról beszélünk, még mega-ról sem."
Ez az első lépés az új, azonnali ütközésmegelőzési technológiák kifejlesztésében, egy olyan technológia kifejlesztésében, amelyet a Nissan tíz éven belül bevezet a sorozatgyártású autókba.
A robot lítium-polimer akkumulátorokat használ, amelyek könnyebbek és hosszabb ideig tartanak, mint a lítium-ionok.
Ennek a technológiának egy másik lehetséges jövőbeli alkalmazása lehet az egység integrálása egy műholdas navigációs GPS-rendszerrel, amely a vezetőt a célállomásra irányítja, elkerülve az úton lévő akadályokat.
Remegés a jelzáloghitel előtt
El kell ismerni, hogy az Egyesült Államok Pénzügyminisztériuma, amellett, hogy sok folyadékot tartalmaz az injekciók beadásához, nem elég eszement.
A válság előtt, és annak érdekében, hogy megakadályozzák, hogy az amerikaiak beszálljanak a szemét jelzálog megkérdőjelezhető hitel-bankok, létrehozott egy pánik és informatív játék a böngésző: "Bad Credit Hotel".
Vagyis a "rossz hitelek szállodája"... vagy a baj.
Ennek a szállásnak és különösen a recepciósnak a tetszőleges aspektusa, hogy egy, két vagy akár háromszor is gondolkodjon, ha ideje hitelt kérni.
És mindenekelőtt, hogy hol kell csinálni, ami valószínűleg a cél.
Hasznos, de nem túl részletes információi vannak.
Ez inkább egy oldal a tinédzserek számára, mint egy oldal minden közönség számára.
Mi történik, ha a játék befejeződik?
Egy álomszoba jelenik meg a szálloda belsejében.
Valami azért van, mert jobb házat venni, és nem is beszélünk róla.
A Morgan Stanley eladta a japán MUFG részvényeit
A Morgan Stanley bejelentette, hogy belép a Mitsubishi UFJ Financial Group (MUFG) tőkéjébe, az első japán bankba, amely kilencmilliárd dollárt költ tőkéjének 21%-os megvásárlására.
Egy héttel az ideiglenes megállapodás felfedezése után a két bank elmagyarázta, hogy a MUFG a Morgan Stanley törzsrészvényeinek 9,9%-át 25,25 dollárért, azaz hárommilliárd dollárért fogja megvásárolni.
A megállapodás szerinti ár az értékpapírok augusztus 31-i könyv szerinti értékének 19 %-a alatt van.
A MUFG hatmilliárd dollárt fektet be az átváltható értékpapírok beszerzésébe, ami 10 százalékos hozamot és 31,25 dolláros átváltási árat biztosít.
A Morgan Stanley pontosította, hogy a globális ügyletet 29 dolláros egységár alapján hajtják végre, ami 28 %-kal meghaladja a jelenlegi árfolyamot.
A Morgan Stanley részvények 6,79%-kal 23,07 dollárra rúgtak 17:00-kor.
"Ez a stratégiai szövetség fontos lehetőséget kínál arra, hogy felgyorsítsuk a Morgan Stanley banki holding státuszra való áttérését" - mondta Juan Mack, az amerikai csoport főigazgatója.
Morgan Stanley a múlt héten fogadta el ezt az új alapszabályt, ami lehetővé teszi számára, hogy diverzifikálja a tevékenységét, de a Szövetségi Tartalék felügyelete alá kerül.
A MUFG-vel kötött szövetsége azt is megerősíti, hogy a jelenlegi pénzügyi válság arra kényszeríti a Wall Street legnagyobb neveit, hogy sokkal óvatosabb magatartást tanúsítsanak, mint korábban.
A múlt hétfőn bemutatott szabályok azt is mutatják, hogy a megállapodást az elmúlt napokban módosították: múlt hétfőn a Morgan bejelentette, hogy részvényeinek 20%-át eladja Japánnak közel 8,5 milliárd dollárért.
"Egy héttel ezelőtt Toshihide Mizuno, a MUFG ügyvezető igazgatója azt mondta Tokióban, hogy a részvétel csak hétköznapi részvényekből állt.
De tekintettel a jelenlegi gazdasági és piaci helyzetre, minimalizálni akartuk a kockázatokat, és fedezni akartuk magunkat. "
A súlyozott átlagár alapján a MUFG a Morgan Stanley értékpapírjait 7 %-kal a könyv szerinti értékük alatt fizeti ki.
A műveletet az egy részvényre jutó nyereség mintegy 20 %-ának hígításával kell elérni.
A megállapodás előirányozza, hogy a MUFG egy éven belül átválthatja elsőbbségi értékpapírjainak felét törzsrészvényekre, ha azokat az átváltási árfolyamon több mint 50 %-kal értékesítik, azaz egy adott időszakban 47 dollárra vagy annál többre.
A Morgan Stanley azt állítja, hogy a MUFG által biztosított tőke lehetővé teszi számára, hogy befektetési lehetőségeket vegyen fel, erősítse mérlegét és növelje likviditását.
A csoport egyik szóvivője azonban nem volt hajlandó pontosítani a két új szövetséges stratégiai terveit.
A MUFG befektetését követően a Morgan Stanley várhatóan 15%-os Tier One fizetőképességi rátát mutat, ami az ágazat egyik legjobbja.
Augusztus vége óta Morgan nagyon megkönnyebbült a mérlegében.
Az elmúlt hetek fárasztóak voltak a csoport számára, akik látták, hogy a tőzsdei jegyzése a felére csökken, míg a biztosítási költségek az adósságuk meghibásodásának kockázatával szemben kiestek.
Ez a költség múlt hétfőn csökkent, de magas szinten maradt, körülbelül 12 %-kal.
A múlt héten Goldman Sachs, a Wall Street nagy befektetési bankjainak egyetlen „túlélője” a Bear Stearns és a Lehman Brothers csődje és a Merrill Lynch felvásárlása után bejelentette, hogy 15 milliárd dollárt gyűjtött be, részben a Berkshire Hathaway, Warren Buffett csoport számára.
Rafael Correa Quito-ban, hétfőn.
A köztársaság visszaállítása a 21. századi szocializmus köré.
Ez a közös projekt a venezuelai Hugo Chávez, a bolíviai Evo Morales és az ecuadori Rafael Correa.
Vasárnap, kollégái és barátai példáját követve, ő volt a harmadik, aki szavazott egy új alkotmánytervezetről.
A választópolgárok 64%-a igennel szavazott a népszavazásra a hivatalos eredmények szerint, amelyek a szavazatok 80%-ára vonatkoztak.
Az eredmények szerint a nemek 28%-ot, a szavazatok 7%-át semmisítették meg, és 0,7%-át üresítették.
Ahhoz, hogy az alkotmánytervezetet elfogadják, a szavazatok felét meg kell szereznie.
Vasárnap két, a választási központok elhagyásakor végzett felmérés és egy nem kormányzati szervezet egy részének számbavétele széleskörű igen-győzelmet jelentett be, a becslések szerint 63-70% között.
Rafael Correa vasárnap este bejelentette az alkotmánytervezet győzelmét.
Az „Alkotmány” óriási sikert aratott, és gratulált az ecuadoriaknak, akik a Guayaquil-kormányt vezetik, Quitotól 280 kilométerre délnyugatra.
Rafael Correát Chávez és Morales gratulált, de chilei kollégáját, Micaela Bachelet-t is.
Az Amerikai Államok Szervezetének (OAS) megfigyelő missziója szerint a választások egy 444 pontból álló szövegre vonatkoztak, amely megszilárdította az elnök által támogatott „új szocializmust”.
Az Alkotmánytervezet magában foglalja az állam gazdaság feletti hatalmának növelését, fenntartva egy olyan ország "fejlesztési tervét", amely lényegében a külföldi vállalatok általi olajkitermelésnek és az emigránsokat küldő valutáknak köszönhetően él.
A 2006-ban megválasztott Correa vezetésével a projekt megerősített hatásköröket is biztosít az államfőnek, aki legfeljebb két egymást követő, négyéves ciklust tölthet be, és feloszlathatja a Közgyűlést.
Correa már bejelentette, hogy ezt a hatalmat fogja használni, és 2009 februárjában új mandátumot akar.
Az Alkotmány megszilárdítja továbbá az egészségügyi és oktatási szolgáltatások ingyenességének elvét, amelyet az elnök 13,9 millió lakosú országban kezdett bevezetni, ahol a lakosság 50%-a a szegénységi küszöb alatt él.
Végül elrendeli a külföldi csapatok jelenlétének betiltását, ami véget vet Quito és Washington közötti egyenlítői bázis használatára vonatkozó megállapodásnak, amely az amerikai kábítószer-ellenes műveletek kiindulópontja.
Az elrabolt 19 embert szabadon engedték Csádban
Egy egyiptomi parancsnok támadást indított a tíz napja elfogott tizenegy turista és nyolc kísérő elrablói ellen.
Kairóban vannak.
A tíz nappal ezelőtt elrabolt tizenegy európai turista és nyolc egyiptomi kísérője sértetlenül érkezett Egyiptom fővárosába, miután hétfőn délután szabadon engedték őket.
Délelőtt az egyiptomi különleges erők szabadon engedték őket Csádban.
Mind jól néztek ki, amikor 15:30-kor megérkeztek egy különleges repülőgép fedélzetére az Al Maza katonai bázisra, a kairói nemzetközi repülőtér mellett.
Helikopterek szállították őket azonnal a Kairó egyik külvárosában lévő Maadi kórházba, hogy orvosi vizsgálatokat végezzenek, így nem tudtak beszélni a sajtóval.
"Jó egészségben vannak" és "nem fizettek váltságdíjat" az emberrablóknak - mondta Zoheir Garana egyiptomi idegenforgalmi miniszter a repülőtéren.
Szeptember 19-én ezek a túszok 35 ismeretlen emberrablóra bukkantak, miközben az Ouanat-hegy lábánál, Egyiptom, Szudán és Líbia peremén egy sivatagi területen szafari-t élveztek, és azóta egyik vadállatról a másikra léptek.
A csoport tizenegy turistából állt - öt olasz, öt német és egy román - és nyolc egyiptomiból: két vezetőből, négy sofőrből, egy határőrből és az egyiptomi utazási iroda igazgatójából, a szafari szervezőjéből.
Egy egyiptomi biztonsági tisztviselő közölte, hogy a két helikopter fedélzetén szállított különleges erők 30 tagja hajnal előtti éjszaka indította el a támadást.
"A lövések cseréje történt, és megölték az emberrablók felét, a többiek elmenekültek" - mondta a felelős, aki megőrizte az anonimitást.
Az egyiptomi különleges erők 150 tagját küldték Szudánba, ahol német és olasz parancsnokságok támogatták őket.
Franco Frattini olasz külügyminiszter Belgrádban megemlítette a titkos ügynökök és az olasz különleges erők tagjainak szerepét.
"El kell ismernünk, hogy ezt az eredményt a titkosszolgálati embereink, a különleges erők professzionalizmusának és hatékonyságának köszönhetően értük el" - mondta.
A váltságdíj kifizetését is elutasította.
A dél-szudáni hadsereg azt állította, hogy egy őrjárat során elfogtak egy terepjárót, amelyen az emberrablók voltak, akik közül hatot megöltek, köztük a chadi főnököt, és kettőt letartóztattak.
Azt is állította, hogy kapcsolatban állnak a dárfúri felkelő csoporttal, a szudáni egység felszabadító mozgalmával (SLA-U), amelyet a csoport azonnal elutasított.
Kultúrák - A kultúra csendes többsége
A kultúra finanszírozásáról szóló vita a címlapon szerepel, és a jelenlegi választási kampányt folytatja.
Jobb, ha így csinálod.
Kulturális életünk egy részét azonban mindig elfelejtjük.
Ki fog felállni, hogy elítélje a kis múzeumoknak, archívumoknak, régészeti ásatásoknak vagy az éhező nemzeti történelmi helyeknek juttatott nyomorúságos összegeket?
Melyik politikus merészel emlékeztetni a szövetségi kormányt, hogy elhanyagolja a műemlékeit és az örökségét?
Miért nincsenek olyan valódi törvények, amelyek hatékonyan megőriznék örökségünket, mint Kanadában és Québecben?
Tudta-e, hogy a francia kormány három és fél millió eurót fordít arra, hogy csak a Loire-völgyben lévő Chinon kastélyt állítsa helyre?
Az Egyesült Államokban alkotmánya azt írja, hogy a kulturális örökség védelme az amerikaiak kultúrájának része, és hogy ezt az örökséget minden állampolgárnak, minden megválasztott és minden kormányzati szervezetnek, és mindezt egyeztetve kell védenie.
Québecben, a Québec Történelmi Társaságok Szövetségében legalább 40 000 jóindulatú ember, akik 211 történelmet, örökséget, archívumot és genealógiát tömörítenek, a történelemben keresnek, kevés pénzzel őrzik meg a magánarchívumokat és a régészeti leleteket.
Ezek gyakran az örökségünk őrzői, akik energikusan és kétségbeesetten tiltakoznak, amikor a promóterek és a felelősök a régi köveink és az elfelejtett temetőink ellen dobják buldózereiket.
Mikor, egy emlékmű a történelem és az örökség?
A holland kormány a Fortis Bank egy részét államosította.
Hollandia államai - az elsők Európában - segíteni fognak a belga-holland Fortis bank államosításában, amely az amerikai piac jelzáloghitel-válsága miatt bajban van: a három ország összesen 11,2 milliárd euróval támogatni fogja ezt a pénzügyi és biztosítási intézményt, amely Magyarországon is működik.
A hétvégén a belga, luxemburgi és holland kormány magas szintű konzultációkat folytatott az Európai Központi Bank elnökével és az Európai Bizottság gazdasági versenyért felelős vezetőjével.
A Fortis Bank volt az első, aki az euróövezet válságát szenvedte el a több mint egy évvel ezelőtti nemzetközi pénzügyi válság miatt, amely több hullámban is kialakult, így a Bankkal kapcsolatban hozott döntések bizonyos értelemben precedensnek tekinthetők.
A vasárnap délelőtti döntés szerint a három állam megvásárolja a bank tulajdonának mintegy felét (49 százalékát).
A Bank bizonyosan eladja üzleti tevékenységének egy részét, különösen a tavalyi ABN Amró Hollande által megvásárolt tevékenységeket.
A Fortis részvényei a múlt héten erősen csökkentek, és a hét második felében már jelentős válság jelei voltak az intézményben.
Az elemzők azonban egyetértenek abban, hogy 85 ezer alkalmazottjával ez a bank túl nagy ahhoz, hogy csődbe menjen.
A cég részvényei csak pénteken csökkentek 12 százalékkal, ez volt a legalacsonyabb pont az elmúlt 14 évben.
Január óta a részvények értéke több mint kétharmaddal csökkent.
A részvények jelenlegi árait tekintve a csoport tőkéjének teljes értéke a piacon körülbelül 14 milliárd euró, de a vállalat vezetői szerint ez nem valós.
A bank vezetése a Fortis részvényeinek hirtelen csökkenését az amerikai piac bizonytalanságának tulajdonította a 700 milliárd dolláros amerikai csomag elfogadásával kapcsolatban.
Hétfőn már kismértékű növekedést mutattak a részvények.
Pénteken Philip Dierckx-et nevezték ki a bank új vezérigazgatójává.
A bank magánbefektetőket is keresett, de eddig senki nem adott konkrét ajánlatot.
A belga kormány már korábban biztosította, hogy a befektetőknek nem kell aggódniuk, nem fogják elveszíteni a pénzüket.
A bank ügyfelei között eddig nem volt pánik, nem törtek be a banki irodákba, hogy visszavonják a pénzüket.
A Fortis saját magyarországi fiókteleppel rendelkezik, és lízingtársaságokat is vásárolt.
Kutya a tyúkházban
Az Egyesült Államokban az élet- és egészségbiztosítók gyakran megtagadják a biztosítási szerződés aláírását, ha megnézik a gyógyszervásárlási adatokat.
Az adatvédelmi politika szakértői attól tartanak, hogy a személyes adatok piaca ellenőrizhetetlenné válik.
„Vannak olyan személyes adatok védelmére irányuló programok, amelyek a receptadatok felhasználását minden esetben összekapcsolják az adott személy jóváhagyásával.
Ugyanaznak független kezekben kell lennie, mert ha nem, akkor "bízunk a róka tyúkjában" - idézi a Washington Post Richard Dicket, az orvosi receptek nyomon követési programjának tervezőjét.
A biztosítótársaságok a biztosítás árától és a kártérítés összegétől függenek az ügyfél egészségi állapotától, és ha úgy vélik, hogy a kockázat túlzott, egyszerűen nem kötik meg a szerződést.
Korábban az ügyfelet orvosi ellenőrzésre küldték, és aláírták vele a szerződést, mivel már ismerik az ellenőrzés eredményét.
Dick tíz évvel ezelőtt feltalált egy sokkal olcsóbb eljárást: az ügyfél azonosító számával a gyógyszertárak könnyedén megkapják az elmúlt másfél évben vásárolt gyógyszerek listáját, és maga a program levonja a következtetést az ügyfél betegségeiről és egészségi állapotáról.
Például, ha szisztematikusan nagy adagokat szed a koleszterincsökkentő tablettákból, az azt jelzi, hogy a vérzsír szinte gyógyíthatatlanul magas, így azonnal magasabb kockázati kategóriába tartozik.
A program számos változatát körbeveszik, egyesek még egy kockázati számot is meghatároznak, így a biztosítótársaságnak az adminisztráció mellett alig van mit tennie, bár kis nehézségek vannak.
A program hátrányai közé tartozik például, hogy egyes gyógyszerek többcélúak, például bizonyos anyagok mind a fejfájás, mind a hőhullámok kezelésére szolgálnak, és akár antidepresszánsként is.
Ez utóbbi fontos kockázati tényező a biztosítótársaságok, míg az első nem.
Az adatok lekérdezésére és feldolgozására speciális társaságokat hoztak létre, amelyek a szükséges információk gyógyszertári beszerzése előtt a beteg jóváhagyását kérik.
A hatóságok már kényszerítik őket erre, bár nem kaptak bírságot az eddigi gondatlanságért.
Egyes vállalatok a közelmúltban a laboratóriumi vizsgálatok eredményeit is kidolgozzák, és a gyógyszerfogyasztási adatokkal kombinálva pontosabb tájékoztatást kapnak a beteg egészségi állapotáról.
Egyre több vállalat fér hozzá ezekhez az adatokhoz, és ezzel egyidejűleg egyre nehezebb ellenőrizni azok használatát.
A személyes egészségügyi adatok védelmére kizárólagos törvény létezik, de csak a biztosítókra és az egészségügyi szolgáltatásokat nyújtó vállalatokra vonatkozik.
Már a kongresszus előtt áll a törvényjavaslat, amely jogot biztosít a személyes adatok átadására szakosodott vállalatok ellenőrzésére.
Dick Richard elismeri, hogy ez nem elégséges: ezért kifejlesztette a programját, amely megköveteli a személy egyedi jóváhagyását a saját személyes adatainak megadásához.
Egy másik kérdés, hogy ez a személy nem tagadhatja jóváhagyását, mert ha nem a biztosítótársaságok nem írják alá a szerződést vele.
Így a tyúkok mindennek ellenére a róka jóindulatának vannak kitéve.
Marseille globális menüje
Megduplázza az EU az Indiával folytatott kereskedelmét
Mivel az Európai Unió és India kölcsönösen kereskedelmi partnerek, ez a kérdés, valamint a legtöbb globális probléma dominált a kilencedik csúcstalálkozó napirendjén.
Ma egy francia-indiai csúcstalálkozóra is sor kerül, amely elsősorban az atomenergiával kapcsolatos együttműködésről szól.
Bár az Európai Unió elismeri, hogy India nagy demokratikus fejlődő hatalom, amelynek több szavazattal és szavazattal kell rendelkeznie a nemzetközi ügyekben, a tagországok még nem tudtak közös nevezőre jutni arról, hogy támogatniuk kell-e Új-Delhi-t, mint az ENSZ Biztonsági Tanácsának állandó tagját.
Ezt a kérdést még nem vitatták meg a tegnap Marseille-ben megindított kilencedik csúcstalálkozón.
A francia elnök, Nicolas Sarkozy, az EU soros elnöke, José Manuel Barroso, az Európai Bizottság elnöke és Javier Solana külpolitikai főképviselő fogadta Manmohan Singh indiai miniszterelnököt, akivel öt éven belül megegyeztek, hogy megduplázzák a kereskedelmi cserét, azaz több mint 100 milliárd eurót.
Tekintettel arra, hogy 2000 és 2007 között az áruk kereskedelme 25 milliárdról 55 milliárdra nőtt, ez nem túl ambiciózus cél.
Így a hatályos 26 kétoldalú polgári légiközlekedési egyezményt jogilag harmonizálták Indiával, így a jövőben a légi közlekedés is repülni fog.
India 2009 végéig aláírja az EU-val kötött szabadkereskedelmi megállapodást.
Sarkozy megígérte, hogy felgyorsítja a tárgyalásokat.
A cél az egyensúly, mert míg az EU India első kereskedelmi partnere, Új-Delhi csak a kilencedik helyen áll az EU kereskedelmi partnerei között.
A csúcstalálkozó a globális ügyekre összpontosított.
Mindkét fél elítélte az afgán és pakisztáni helyzetet, valamint a terrorizmust - az utóbbi minden formáját -, és sürgette az ENSZ konferenciájának összehívását.
A dohai kereskedelmi liberalizációs forduló lezárását is sürgették, bár mindkét fél nagy felelősséget vállal a kudarcért.
Az EU megerősítette, hogy ragaszkodni fog az energia- és éghajlat-politikai programjához, azaz 2020-ig legalább 20 százalékkal csökkenteni kívánja a szennyezőanyag-kibocsátást.
India is egyetért ezzel, csakúgy, mint a jövő évi klímakonferencián, globális megállapodásra kell jutni, és 2050-re 50 százalékkal csökkenteni kell az üvegházhatást okozó gázok termelését.
Az élelmiszerárak emelkedését is meg akarják akadályozni, és támogatták egy nemzetközi konferencia összehívását, hogy áttekintsék a pénzügyi válságot.
India kormányfője ma a francia fővárosba utazik, ahol - kétoldalú találkozón - megállapodást ír alá az atomenergia békés felhasználásáról.
Párizs reményei szerint a francia vállalatok 20 milliárd eurós díjat kapnak nukleáris reaktorok építésére.
A hírügynökség szerint a megállapodás 15 évre szól.
Frankfurtban több mint 300 olasz kiadó
Az olasz kiadók erős jelenléte a frankfurti könyv nemzetközi mintáján.
Több mint 300 olasz kiadó lesz jelen a Buchmesse 60. kiadásán, amely a jogok cseréjének legfontosabb nemzetközi találkozója.
A frankfurti könyv nemzetközi mintája 102 ország több mint 7 ezer kiállítóját várja, akik a minta 171,790 négyzetméterét foglalják el, több mint 403 ezer kiállítási címet és Törökországot, mint díszvendéget.
A kulturális javakért és tevékenységekért felelős miniszterhelyettes Francisco Maria Giro képviseli az olasz kormányt az olasz zászló megnyitó ünnepségén: Olaszország intézményesen és hatékonyan jelen lesz egy olasz ponttal - 264 négyzetméternyi kiállítótérrel.
A Buchmesse 5.0 pavilonjában a Room Structure-ben található bélyegzővel való találkozást követően ez lesz az alkalom arra, hogy számokat, trendeket és prospektív eredményeket mutassanak be az olasz kiadók állapotáról.
Az adatok szerint a külföldi szerzők könyvei súlya fokozatosan csökken az olasz teljes termeléshez képest, különösen a felnőttek és a tizenévesek számára.
Megtalálták Steve Fossett egy évvel ezelőtt eltűnt milliomos gépét
Steve Fossett repülőgépének maradványait találták meg, aki 2007. szeptember 3-án tűnt el, miközben a Nevada-sivatag felett repült.
A törmelékeket egy 3000 méter magas hegyen találták meg a Mammoth Lakes Nevada-i fűrészterületen, Kalifornia és Nevada határán.
A gép belsejében nem volt emberi maradvány.
John Anderson, a Madera megyei biztos eloszlatta a még mindig fennálló kételyeket: "A gépet megtaláltuk, küldtünk egy osztagot, és most már tudjuk, hogy ez az, amiről Steve Fossett az eltűnése napján repült" - mondta egy sajtótájékoztatón.
A rendőrfőnök elmondta, hogy nem találtak emberi maradványokat sem a gépen, sem a környéken.
A 63 éves milliárdost februárban ölték meg.
Az Egyesült Államok Közlekedésbiztonsági Hivatala (Ntsb) közölte, hogy néhány órával a maradványok észlelése után egy kutatócsoportot küldtek, amely azonosította a készüléket: ez a Bellanca 8kcab, amely 2007. szeptember 3-a óta oszlik el, amikor Fossett háromórás járattal felszállt Yeringtonból Nevadába.
Tegnap, mindig Kaliforniában, nem messze a nevadai határtól, Fossett néhány személyes maradványát egy pár találta meg a Mammoth Lakes-i házuk közelében.
Két dokumentumról van szó, Fossett néven, mindkettőt az Illinois-i Szövetségi Légiközlekedési Hivatal bocsátotta ki, készpénzzel és egy pulóverrel.
Fossett keresését egy hónappal az eltűnése után félbeszakították.
A milliomos a történelemben számos elődöntőnek köszönhetően szerezte meg a helyét.
2002-ben, a hatodik kísértő, ő lett az első ember, aki befejezte a világ forgás egy aerosztatikus léggömb: két magányos repülési hét.
Három évvel később megfordult a világ repülőn és mászás nélkül.
Rekordjai között szerepel az is, hogy 15 445 méter magasan repült az Andok felett, de egy másodpilótával.
GLK, a reklám, amit nem vársz
Egy Suv a sémákon kívül, eredeti és jól megalapozott kialakítással, meghatározott vonalakkal és szögekkel.
Összefoglalva, Glk az utolsó, aki a "kompakt" terepjárók között született a csillagházban, amellyel a Mercedes-Benz megpróbált egy új ablakot adni ebben a szektorban.
A hagyományostól eltérő tartalom miatt váratlan és nem konvencionális lesz, a Mercedes-Benz kiállítási termeiben október 17-től elérhető Suv Glk megjelenését kísérő kommunikáció.
Az új autó debütálását kísérő reklámkampány egy 3D-s reklámkampányon keresztül páratlan kommunikációs módot indított el, amelyet először Olaszországban használt egy autómárka.
A projekt maxi-poszterekkel, három különböző szakaszból áll, amely a Millennium bevásárlóutcát, a Como sugárútot uralta november 15-ig.
Ennek az új típusú kommunikációnak az első fázisa az autó sztereoszkópos változatának bemutatásával és a különleges szemüvegnek köszönhetően kezdődött, amelyet a sugárúton forgalmaztak Hogyan láthatjuk az új suv szinte valóságos méretben és háromdimenziós formátumban.
Ha megnézzük a képeket, az azt a benyomást kelti, hogy az autó kijön a poszterből.
Az innovatív Elumina8 technológiának köszönhetően az új GLk minden részletében különböző időpontokban világít majd, hogy egyetlen képben jelenjen meg.
Kétségtelen, hogy a Mercedes ezzel a reklámmal valami újat próbál bevezetni az autóipari kommunikáció sztereotípiájába.
Vajon ezzel a képlettel megragadhatja a jövőbeni vásárlók érdeklődését?
Kik azok az olasz huligánok?
A Trivenetóban tiltják a sporteseményekhez való hozzáférést.
De kik azok a 150-200 lány és fiú, akik közül Olaszország most szégyelli magát? Az "Ultras Olaszország" csoport tagja, amely évek óta követi az Olasz Nemzetiséget, és amely eddig, az igazat megvallva, soha nem okozott túl sok problémát.
És soha nem találkoztak a riválisok rajongóival sem.
A csoport kivonása jobboldali.
A promóterek a Triveneto-ból származnak.
Veronából, Padovaból, Triesztből és Udine-ból.
Ezekhez a Sofia-hoz hozzáadtak egy kis csoportot (valójában kevés egységet) a Kampányból és Apuliából.
Három színű zászlóval rendelkeznek, ahol a militánsok származási városa jelenik meg: szombat este kivették őket, hogy ne azonosítsák őket.
Az angol fanatikusokat inspirálja.
Bulgáriában igazi náci fanatikusokat találtak, a Levski fanatikusokat.
A Figc 144 jegyet adott az olasz rajongóknak a mérkőzésre: mindegyik már a nevekkel rendelkezik, így könnyen ellenőrizhető.
És a belügyminiszter már mindet ellenőrizte: azok között, amelyek Szófiába mentek, akkoriban egyetlen Daspo sem volt (a sporteseményekhez való hozzáférés tilalma), senki, aki megtiltotta volna neki, hogy részt vegyen egy stadionban.
Négy olasz fanatikus, akiknek kórtörténetében bűncselekmény szerepelt a stadionokban, visszautasította a jegyet és az utazást is.
A belügyminisztérium most arra számít, hogy elolvassa a bolgár rendőrségtől érkező cselekményeket, hogy lépéseket tegyen: ebben az esetben a Daspo-t (a sporteseményekhez való hozzáférés tilalma) legalább öt évre lehet adni a letartóztatott fanatikusoknak, vagy a rendetlenségben azonosítottaknak.
Egy nemzetközi Daspo (a sporteseményekhez való hozzáférés tilalma), amely megakadályozza, hogy ne csak az olasz stadionok, hanem az egész Európában.
A huligánjaink nem fognak felállni egy stadionba.
Szerencsére!
De most ott van az utánzástól való félelem: hogy a keveseknek ötvenhez hozzáadjanak másokat.
"Rögtön el kell oltanunk ezt a tüzet, és nem legitimálnunk kell azt, aki így viselkedik" - áll a belügyminisztérium közleményében.
Ezért "nyitott szemmel" különösen tekintettel a Nemzeti Párt szerdán Lecce-ben.
Apuliában is van egy kis mag tartók Ultras Italia.
Holnap találkozik a Megfigyelőközpont, kedden a Cams, amely az Aise (külső információs és biztonsági ügynökség, azaz a titkosszolgálat, amely foglalkozik a stadionok problémáival.
"A Duce-Duce kórusok és a felemelt kar a Mameli himnusz alatt? Bulgáriában ez nem egy reato ...."
Domenico Mazzilli, a Belügyminisztérium Obszervatóriumának igazgatója néhány hete vette át a Francesco Tagliente, majd Felice Ferlizzi helyét.
Mazzilli volt a Trieszti Közbiztonsági Hivatal vezetője, ahol az Ultras Italia csoport 2002-ben alapított támogatói központja található.
Igaz, ahogy Mazzilli mondja, hogy Bulgáriában nem igazán ünneplik a Duce-t, de igen, a 150-200 fanatikus viselkedése szégyenletes volt.
„Én nem vagyok szociológus – hozzáteszi a Megfigyelőközpont 1. pontját – a tévhiteket azokban az országokban tulajdonítom, ahol ez történik.
Eddig ez a csoport jól viselkedett, most meglátjuk, mi történt, és figyelembe vesszük a jövőre nézve.
De beszéljünk a Mameli himnusza szikráiról is: ezek sem reakciók, de ha megengedik, nem is oktatásiak.
