Vítězství pravých populistů v Rakousku má celkem 29 procent
Podle předběžných výsledků přinesly předčasné parlamentní volby v Rakousku citlivé oslabení obou stran tvořících současnou velkou koalici a známé posílení populistických stran.
Rakouské lidové strany (ÖVP), kde je postoj současného prezidenta Wilhelma Molterera vážně ohrožen, trpěla zejména významné ztráty.
Volební lídr Unie pro budoucnost Rakouska (BZÖ), guvernér Karinty Jörg Haider, připravuje triumfální návrat na politickou scénu na vnitrostátní úrovni.
Podle předběžných výsledků zůstávají socialisté, s 29,8 % hlasů, první politická síla v zemi, ale ve srovnání s volbami v roce 2006 ztratili 5,5 % hlasů.
ÖVP, který s 25,6 procenta ztrácí téměř devět procent hlasů, skončil ještě horší.
Jsou to nejhorší výsledky dvou velkých poválečných stran, zejména pro lidskou stranu, která zahájila předčasné volby, je doslova katastrofální.
Na začátku července, když ÖVP opustil koalici, měla lidová strana značný vývoj na SPÖ.
Voliči je však zřejmě trestovali za to, že vláda nechal rozpadnout.
Od prvních reakcí na výsledky byly vyjádřeny spekulace týkající se možného rezignace vůdce strany a současného viceprezidenta Wilhelma Molterera.
Pozorovatelé se domnívají, že by se to mohlo stát v pondělí při mimořádné radě ředitelství strany.
Takový vývoj by především usnadnil cestu k výsledku zůstávajícího nejpravděpodobnějšího výsledku volby, a to pro obnovu velké koalice SPÖ a ÖVP.
Nicméně, vzhledem k posílení obou populistických pravicových stran - svobodných stran (FPÖ) získali 18 procent a BZÖ jedenáct procent hlasů - socialisté současně vyjádřili strach z opakování v roce 1999, kdy se lidská strana dohodla s populistickými stranami (v té době byla FPÖ ještě jednotá vláda BZ v roce 2005).
Haider, který už prohlásil, že je připraven spolupracovat s jakoukoli stranou a že plánuje návrat do Vídně na národní politické scéně, zřejmě v této vývoji.
Poslední stranou, která měla přístup k parlamentu, jsou Zelené, ale tyto strany ztratili trochu a vrátili se mezi rakouskými politickými stranami z třetího na pátém místě.
Žádná jiná strana samozřejmě nepřekročila hranici čtyřprocentní a nepřišla do parlamentu.
Schwarzenberg: Vztahy s Indií se ohrozí
Jestliže by nebylo možné řešit problém týkající se českých vědců obviněných z nezákonného sběru kočárů v Indii, bude následovat určité chlazení česko-indických vztahů, podle českého ministru zahraničí Karela Schwarzenberga.
Poté, co se seznámil s jeho indickým kolega Pranab Mukherjee, oznámil minister dnes v New Yorku.
"Kdyby problém nebyl vyřešen, ano, tak by se stalo určité chlazení," uvedl po setkání, které bylo provedeno v důsledku české iniciativy.
Mukherjee říká, že když vycházel z rozhovorů, výkonná moc může těžko zapojit do soudních záležitostí.
Nicméně zmínil, že v případě Petra Šváče, který byl vypouštěn z obvinění a potrestán pokutou, mohla centrální vláda vyjednávat s místní vládou Darjelingu, neboť případ je pod jeho soudní dvůr.
"Problém by mohl být vyřešen," řekl ministr.
Podle Mukherjeeho, nejlepší řešení pro Emil Kučeru, odsouzen na tři roky vězení, by bylo vyzvánit se na vyšší instanci.
Proto by mohl žádat o propuštění pod zárukou a čekat na svobodní rozsudek, vysvětlil.
Schwarzenberg potvrzuje, že jeho partner se vyjádřil stejným směrem i během rozhovorů.
"Doporučuje žalobu na vyšší soud, kvůli němuž by mohl být oceněn," řekl šéf české diplomatie.
Jediným způsobem, jak může do této věci zahrnovat česká strana, je poskytnout odsouzeným "příslušnou právní podporu", zmínil indický ministr.
Říká také, že taková pomoc jim již byla poskytnuta i od Indie.
"Chceme především udržet nejlepší vztahy s Indií, které mají tradici, která pokračuje po mnoho let.
Také to uznávají Indiáni," uvedl Schwarzenberg.
Zároveň, jak říká ČTK, zdůraznil svému partnerovi, že Česká republika velmi důležitá věnovala problému, který se vyskytl v českých entomologiích.
"Vězení a obvinění těchto českých výzkumníků považujeme za velkou pohrdání," řekl.
Ministr vyhnal otázku, zda získal od Indie slib, že se o případ postará.
"Už jsem dostala velké množství slibů," uvedl pouze.
Český rozhodčí boj za mořský dno
Přiblíží se k elektronické stěnné karty, na níž je reprezentována Austrálie a sousední mořské oblasti.
Nezajímá se však o kontinent, ale o malý bod ztracený v modrém oceánu.
„Ostrov patří do Austrálie, stejně jako do sousedního mořského dna.
Tato oblast je však stejně velká jako samotný kontinent," říká italský právník Luigi Santosuosso, který je součástí týmů třiceti členů divize OSN pro oceánské záležitosti a mořské právo.
Jeho šéf, ředitel divize, český právník Václav Mikulka, sleduje prezentaci a kompletní prezentaci čas od času do času.
Práce a nadšení charakterizují vládnoucí atmosféru.
Mořský dno skrývá do té doby málo známý svět, bohatý přírodními zdroji.
Ropa, minerály a jiné minerální zdroje lze najít, ale také živé organismy, které mohou obsahovat klíč k vývoji léku proti rakovině.
Zázemí je větší než pevná země
Pobřežní státy dnes začaly svědčivě usilovat o nové podmořské území.
Podle úmluvy OSN využívají své práva, na které se v roce 1982 dohodli v Montego Bay v Jamajce.
Jedná se především o oblast toho, co se říká kontinentální policejní policejní policejní policejní policejní policejní policejní policejní policejní policejní policejní policejní policejní policejní policejní policejní policejní policejní policejní.
Tento poslední může podle úmluvy vyhlásit se výhradně na všechny zdroje kontinentálního police.
Pro zjednodušení se považuje za kontinentální police část mořského dna a jejího podlahu, která je přírodním prodloužením kontinentu pod mořem.
Rozšiřuje se nad hranicemi pobřežního moře, často i nad dvěma stovkami námořních mil, které představují tzv. exkluzivní ekonomickou jonu," vysvětluje Mikulka.
Žádost o vytvoření vnějších hranic kontinentálního policejního policejního policejního policejního policejního policejního policejního policejního policejního policejního policejního policejního policejního policejního policejního policejní.
Je to výsledek několika let přípravní práce.
„Jedním z našich úkolů je poskytnout výbor právní a vědecko-technickou pomoc.
Dodnes se komise zabývala pěti žádostí o Rusko, Brazílie, Austrálie, Irsko a Nový Zéland.
V současné době se úspěšně zúčastnily pouze poslední tři zmíněné země," dodává Mikulka.
Úspěch Austrálie, který je první, kdo značně rozšířil svůj podmořský majetek, nedávno zaznamenal globální zvuk.
Nový Zéland rovněž získal území - rozsah mořského dna, který mu Komise přidělila minulý týden, je 1,6 milionu čtverečních kilometrů, což představuje rozsah země vynásobený šest.
Obě země investovaly miliony dolarů do prospektů.
Výhoda, kterou budou mít v budoucnu vykořisťování mořského dna, bude, jak se předpokládají, neocenitelná.
Postupně jiné země budou zase požádat o jejich žádost.
Můžou to udělat do deseti let po ratifikaci „Montego Bay Convention“.
Tam, kde končí kontinentální police, začíná oblast oceánského dna, prohlášená konvencí "společným rodičem lidstva".
Žádný stát už nemá exkluzivní místo.
Právo na výtěžek v této oblasti uděluje mezinárodní instituce zřízená úmluvou.
"Aspoň se nevztahujeme na to, že mořský dno není Klondike," říká ředitel Mikulka a uvedl, že "tyto oblasti jsou jasně definovány a jejich režim je zařazen do smlouvy."
Čeští v Tichomoří
Část mořského dna patří i do České republiky.
V rámci společné organizace "Interoceanmetal" se sdílí s jinými státy bývalého bloku východních zemí.
V roce 1991 získala podle úmluvy stejně jako investoři z několika dalších států status toho, kdo se nazývá „průkopníkem“.
Má právo na extrakci v oblasti ClarionClipperton v Tichomořském oceánu, která se nachází mezi Mexikem, Havajskými ostrovy a Kiribati.
Oblast prospektovaná investorem mírně převyšuje povrch bývalého Československa.
Zázemí je pohybováno, je to druh podvodní replika Tatrů.
"Je možné tam vytvořit na rozsah s celkovou plochou 75 000 čtverečních kilometrů.
Oblast představuje bohaté polymetalické konkrece obsahující nikl, měď, kobalt a mangan," uvedl Ind Pakshi Rajan, další jurist.
Rober Sandev, makedonský zaměstnanec divize, přináší příklad takové vytváření.
Vzpomíná na malé brambory, nebo, s trochou představivosti, mytické boty, které podle legendy animatoval Golem.
Německé zvláštní síly byly na místě pro osvobození rukojmí
Egyptská vláda požádala Německo o pomoc při řešení krize rukojmí - přišli odborníci.
Když se situace stala vážnou, zvláštní jednotky byly připraveny, ale nikdy nebyly v akci.
Stále více informací o okolnostech osvobození jedenácti evropských turistů, kteří byli uneseni v Egyptě.
Podle ministerstva vnitra a ministerstva obrany se německé speciální síly také nepřímo účastnily záchranné operace.
Tak byli na místě propuštění tak odborníci z federální armády, jak úředníci GSG 9, letectví federální policie a federálního zločinného policejního úřadu, jakož i odborníci z logistiky Technische Hilfwerk.
Jak to v pondělí večer sdělil mluvčí ministerstva, německé síly nakonec nebyly požadovány, protože rukojmí osvobodili své vězně a uprchli, když uznali nezbytné osvobození pomocí síly.
Egyptská vláda by přijala podporu, kterou Německo poskytlo, aby ji začlenila na místě jako podporní síla.
"To se naštěstí nestalo," řekl mluvčí federálního ministerstva vnitra.
Útočníci v jižním Egyptě únosili skupinu turistů z pěti Němců, pěti Italů, jeden rumunský a jejich osm egyptských doprovodníků.
Po únosu v poušti jižně od Egypta byli rukojmí překročeni do hraniční zóny mezi Egyptem, Lybií, Sudánem a Čadem.
Identita rukojmích zůstala až do této chvíle nepřetržitá, stejně jako detaily propuštění nebo možných výkupních plateb.
Ti, kteří byli zachráněni, přišli mezitím zdravě a kromě Káhiry.
Steinmeier uvedl, že propuštěné rukojmí jsou pod ochranou německé velvyslanectví.
Neřekl nic o detailech osvobození.
V Berlíně v současné době nebyly poskytnuty žádné informace o datu jejich návratu do Německa.
Podle časopisu "Bild" by měly pět dovolené a speciální síly v úterý přijít do Německa na palubě Airbusu z letecké armády.
Sněmovna zástupců Spojených států odmítla záchranný plán
První sněmovna amerického kongresu selhala plán záchrany těžkých finančních trhů ve výši 700 miliard dolarů.
Dow Jones se vrátil do propasti.
S 227 hlasů proti 206 zamítla senát zástupců Spojených států plán záchrany ve prospěch vládních finančních trhů.
Navzdory všem voláním prezidenta Spojených států George W. Busha a politických lidí vedoucích obou stran, program, který byl převrácen chaos finančních trhů, nedosáhl většiny.
V dramatickém manévře se násilníci zoufale snažili přesvědčit protivníky založeného plánu 700 miliard dolarů.
Barney Frank, jeden z demokratských zástupců během debaty, vyzval poslance k příznivému hlasování, i když je plán nepopulární.
"Je těžké mít politické uznání za to, aby se zabránilo něčemu, co se ještě nestalo," uvedl.
Během hlasování Dow Jones klesl o více než šest procent, což je o 600 bodů.
Důvodem tomu bylo obavy investorů, že státní záchranný plán by se mohl zvýšit.
Vrátil se krátce před koncem hlasování, a pak po oznámení selhání opět padne.
Odborníci nyní navrhují nové závažné turbulence na mezinárodních finančních trzích.
Aby program mohl vstupovat v platnost, je nutné schválit a místnost poslanců a senátu.
Organizatoři hlásí stále více rezervací
To by mělo být dobrá zima pro německé cestovní agentury:
Pokud jde o rezervace v příštích měsících, podle jedné studie se obchodní číslo výrazně zvýšilo ve srovnání s předchozím rokem - v zimní sezóně dokonce o více než 30 procent.
Navzdory slabým konjunkturním výhledům zůstává žízeň na cestách Němců zůstává podle této studie nesnažitelná.
Pokud jde o rezervace pro zimní sezónu, cestovní agentury zaznamenala přínos více než 31 procent ve srovnání s stejným obdobím v předchozím roce, jak v pondělí v Berlíně svěřila Německá federace cestovních agentur (DRV).
Podle šetření Institutu pro výzkum trhů GfK rostoucí údaje o rezervaci již v podzimních měsících.
V porovnání s rokem 2007 by se prodej zvýšil o přibližně 11 procent, důvěřoval DRV.
Zdrojem těchto výsledků jsou údaje GfK, které měsíčně analyzují rezervační údaje 1200 cestovních agentur a odhadují celkový trh.
Cestovní rezervace provedené od konce srpna 2008 by byla zaznamenána.
Vzhledem k nízkému ceně dolarů by cestování do USA bylo zvlášť požadováno, uvedla DRV.
Zvýšení rezervace by se stalo asi jedním.
Kromě toho by Španělsko, Turecko a Řecko a naše země byly zvláště Němci vyhledávanými destinacemi.
Zvláště organizované cesty jsou velmi požadovány, vysvětlil předseda DRV Klaus Laepple.
Vzhledem k rostoucím cenám energie a potravin by byly náklady zde "snadněji vypočítatelné pro zákazníka než pro individuálně organizované cesty".
Spotřebitelé mohou ušetřit peníze mimo jiné pomocí slevy na předčasné rezervace nebo nabídky All Inclusive, vysvětluje Laepple.
Letní měsíce byly rovněž velmi velké, aby bylo znovu zaznamenáno zvýšení čísel prodeje ve srovnání s loňským rokem - ačkoli podle jiné studie se počet Němců, kteří podnikli cestu snížil ve srovnání s předchozím rokem.
Poprvé na slavnosti piva
Hity Ballermann nebo Apres-Ski neustále, pivo v litrovém piku a celebrity v tyrolských kostýmech designérů.
Událost na slavnosti piva.
Suzanne Kronzuckerová a já nemáme nic společného.
Je blondýna, televizní animátorka a nosí na míru tyrolské oblečení.
Mám tmavé vlasy, jsem studentka a moje šaty jsou použité.
Ale jedna věc nás spojuje: jen tři minuty s pivovou svátek, a fotografové již na nás hodí a naplňují svou paměťovou kartu - velmi lákavý, a to při mé první návštěvě na pivovou svátek.
Takhle se přátelé děláme.
Levný tyrolský kostým zdá se dosáhnout svého cíle.
Jako turista svátek piva a obyvatel obvykle na severu rovníka Weißwurst, můj pocit pohody v tradičním kostýmu byl až dodnes omezený.
Ale jakmile je na náměstí Teresa, všechno je polovina méně horší.
Každý nebo téměř nosí tyrolský kostým nebo kožené kalhoty; nikdo nevypadá zvláštní nebo ovlivněný hanbu - to je zcela normální.
Pouze tabulka mého tyrolského kostýmu získá několik zvláštních očí na banánu.
Jedna bavarovánka mi upozorňuje, že bych špatně připojila svou tabulku: "Vlevo znamená svobodné, v prázdném prostředí, v pravém, v zadní vdově."
Zcela diskriptivní, jsem si zpátky od zadní strany doleva.
"Je to lepší," řekla a směješ se.
Ostatní se nestarají tak špatně pro tyto jemné techniky flirtu a nosí jednoduché šňůry, na nichž je napsáno: "Too pijan to be oblečen!" a vystavují nám jejich nahý zadní vlak, aniž byste tam byli pozváni.
Mladý muž s exhibicionistickým postojem se jmenuje Bob, přichází z Anglie a přichází pro první na pivní svátek.
Zjišťuje, že je to "gorgeous" s "oooo" ležením.
Všechno mi to řekne, poté, co se uvolnil od šapu, kterou píl předtím.
Přímo vedle této požární úst, kterou si všichni myslí, že jsou odpadky.
Bob je tedy jedním z těch smutně slavných "divokých střelců".
Někteří nemají šanci, že se takto zbaví alkoholu.
Kolem osmi hodin večer běhají záchranáři na náměstí slavnosti a musejí se postarat o chudých pitníků.
Zdravotní sestry se spíše pohybují - vždycky čtyři, vytáhnou svůj nábytek do stanu.
Většina návštěvníků na pivní slavnostní párty je taková, že se vrátíme prázdně.
Ti, kteří odpočívají v zásuvce pod zásuvku, nejsou viditelní.
"Jsou to ti, kteří už nemohou nic pohltit," vyzývá mi jeden ze záchranářů v odpovědi na mou otázku a zmizí ve smíšení.
Oběť nehody identifikovaná policií
Byla identifikována 63letá chodba, která zemřela v nemocnici poté, co byla zabitá vozidlem.
Carole Paulson z Chelmsford Road do Brentwoodu byla zapojena do nehody v pátek odpoledne ve městě na Shenfield Road.
Byla převezena do Queen's Hospital v Romfordu, ale tam zemřela.
Po nehodě byl zatčen 51letý muž, který byl podezřelý na nebezpečné řízení.
Od té doby byl propuštěn na záruku.
Turecko rozšiřuje své diplomatické obzory.
Dlouho předtím, než Turecko přemýšlel o připojení k Evropské unii, evropské mocnosti čekaly, že vstoupí do své země.
Na východní straně Bosforu, 20 kroků od Asie, se nachází jeden z nejtenčích relikvií jeho pádlé císařské ambice.
Stanice Hydarpasha byla navržena v neo-renesančním stylu dvěma německými architekty, Otto Ritter a Helmut Conu.
Alespoň to říkají průvodci.
Památník je umístěn na koně v pozadí platform, s pozorovacím věžem v každém z jeho úhlů, jako některé německé provinciální města.
Kameny jsou špinavé.
Celá budova je zničena.
Ale poté, co uvnitř letenky zakřivené, nemáme pochybnosti o velikosti společnosti, která představuje přechod na západ.
V srpnu 1908 otevřela nádraží německá asociace Anatolia-Baghdad Corporation.
Německo, zpoždění hry imperialismu, chtělo dosáhnout svých středověkých ambicí dominace díky této železnici, která dorazí do Damasku, Bagdádu a země nejznámější jako Saúdské Arábie.
Německé imperiální ambice se však během první světové války rozpadly.
Její železnice byla napadena Lawrencem z Arábie a jejími nepravidelnými arabskými lidmi.
Relativní izolace jeho okolní oblasti, vytvořená lednými hranicemi studené války, je dokončena.
. Britové a říšské síly pokračovali mimo Egypt a vytáhli Turky a jejich německých spojenců z Palestiny a Sýrie.
Ale také byly špatné zprávy o nádraží Hyderpasha.
V roce 1917 vybuchl vlak s municí, který zničil její subtilní střechu.
Turecké zdroje říkají, že je to sabotáž.
Od té doby spadla pomalu do zničení, potolená v meandrus v historii.
V současné době ale železniční přechod do Anatolie a všechny východní body slouží alespoň symbolicky k zdůraznění rozšíření diplomatického obzoru Turecka.
Strana spravedlnosti a rozvoje v moci, AKP, vytvořila nové zahraniční politiky pro zemi.
Relativní izolace svého okolí, vznikla ledové hranice studené války
Teď je čas pro nové závazkové politiky.
Turecká vláda má pozoruhodné vztahy s Izraelem a Sýrií, palestinskými frakcemi Hamásu a Fatah, Íránu a Iráku, a samozřejmě s Evropskou unií a USA.
Chcete-li rozhodnout o parametrech této nové zahraniční politiky, vstoupil jsem na lehký vagon směrem k tureckém hlavním městě Ankary, abych navštívil turecký parlamentního parlamentního parlamentu AKP Suát Kiniklioglu, jeden z odborníků v zahraniční politikě.
Na druhé ráno, po 10 a půl hodinové cestě na hlučné dráze, jehož rychlost připomínala starý svět slavného dokumentárního filmu The Night Mail, jsem konečně přišel do tureckého hlavního města, který byl představen jako nové město nového století, otáčející záda k německé minulosti.
Ale AKP se svým známým islámským kořenem je příkladem změny tureckého konsenzusu.
Podezřel na západ, zejména ve Washingtonu.
Taxi mě doprovázel do generálního ústředí AKP, ultramoderní konstrukce, výslovně vyrobená z kamene a oceli, v rozvojové čtvrti, obklopené půl postavenými nákupními středisky a mnoha pastvičkami, ve kterých se střední manažeři oblečení - muži a ženy - setkají pro ranní věci.
Suat Kiniklioglu by mohl být pravým středním politikem z jakékoliv jiné strany v Evropě.
Oblečení, kravaty a má dokonce Black Berry.
"Cílem této zahraniční politiky je nyní vstoupit Turecko do jeho okamžité sousedství.
Chladná válka byla anomálie," řekl.
Turecko bylo odstraněno z zadní země.
Teď se musí podívat na východ a západ současně.
Nebylo to v případě jedné z nich.
Musela udělat oba.
Ale v určitém okamžiku jsem se zeptala, jestli by si Turecko nemělo vybrat?
"Turecko," řekl, "nechce si vybrat mezi oběma."
Pak zdůraznil aspekt, který mi téměř všichni, se kterými jsem mohla mluvit, srdce recitovali: Turecká železnice jde nejen na Blízký východ, ale také na Kavkaz a kolem Černého moře, takže je to pro Evropu a Spojené státy jako pro samotné Turecko výhoda.
S integrací Turecka se zdá, že zpráva vykresluje Evropu, která metaforicky cestuje na kolejích do Asie a Blízkého východu.
Když jsem se vrátil na nádraží Hydarpaše, po další noci bez spánku, přemýšlel jsem o těchto dvou Němců, Herr Ritter a Herr Conu, kteří následovali stavbu této budovy před 100 lety.
Byli by překvapeni, že evropské ambice na Blízkém východě mohou být většinou v rukou Turecka.
Zatímco jsem čekal na terminálu, na trajekt přes Bosfor, vzpomněl jsem na období, kdy bylo Turecko nazýváno "nemocným z Evropy".
Alespoň neexistuje žádná pochybnost na kontinentu, která by mohla tvrdit, že tato fascinující země.
Vzpomínky Vernona Handleyho a Williama Woodruffa.
Mark Brown píše: Ředitel hudební společnosti Guildford od roku 1962, Vermon "Tod" Handley (11. září) byl zodpovědný za Guildford Philharmonic Orchestra a Chor.
Už se zúčastnil svého hudebního projektu pro město, založil následující rok úžasný chor mladých lidí, Proteus.
Chor měl zahrnovat méně než 21 let, ale předtím, než Proteus zpíval poslední písničku v roce 1979, mnozí z nás, kteří byli více než 20 let, odmítli odstoupit od choru.
Název "Proteus" (který se změnil podle mytologie) představoval vůli a schopnost choru řídit jakýkoliv druh hudby, ať už byl madrigal nebo mesiánský.
Hudební všestrannost vytvořená tak mladým chorem byla často impozantní, stále vzrušující, a to díky inspiraci jediného muže a jeho nadšení k hudbě, která zůstává neustále během let.
Vzpomeňte si na to, jak nám Tod opakoval, abychom "nechal, aby hudba mluvila za sebe".
Řekl by: "Skladatel ví, co chce."
Všechno je v hudbě.
Takže zpívejte!“
Jejich technika baguette byla naprosto jasná, přesná, i když se nikdy neobjevila ani diktatořská.
Bez ohledu na hudební standard, vyzvedl ho mnohem vyšší.
John Frayn Turner napsal:
Jestli řidič by měl být jmenován rytířem, je to Vernon Handley.
Znám ho v letech 1962 až 1982, když řídil Guildford Philharmonic.
V posledních 40 letech jsem viděl více než stovku jeho koncertů a upřímně můžu říct, že nikdo z nich mě nikdy nezklamal a několikrát mě dokonce inspirovali.
Tod Handley měl tak vzácnou kombinaci velikosti a osobní skromnosti.
Nenáviděl řidiče, kteří se podle něj "zaměřují pouze na některé lidi".
Mnoho z nás bude chybět.
William Woodruff
Profesor John Beckett napsal:
Jeho nekrologie Williama Woodruffa (25. září) uvádí, že "v roce 1946 znovu studoval v ekonomické historii v Oxfordu, a stal se v roce 1950 členem Houblon-Norma Research, zatímco udělal BSc, MA a PhD".
To je to, co vychází z dopisu autora Woodruffa v Beyond Nab End, ale to není správné.
V letech 1946 až 1953 byl profesor ekonomické historie na univerzitě v Nottinghamu a zároveň dokončil disertační disertace o britském plastovém průmyslu, pod dohledem profesora J.D. Chambersa; byla pak zveřejněna v roce 1958 pod názvem The British Rubber Industry.
V 50. a 51. letech v USA studoval na Norman Houblon a v létě 1952 na univerzitách v Illinois, Harvardu a New Yorku.
V roce 1953 opustil Nottingham do Illinois.
Důvod, proč se Woodruff rozhodl skrýt tuto část své minulosti, zůstává neznámý.
J. Vicente Resino na Filozofické fakultě
"Doporučuji výstavu José Vicente Resino "Flamenco a život" protože jeho černobílé fotografie, dokumentární styl, jsou fantastické.
Přitahují mě pozornost kvůli jejich jednoduchosti a síle, kterou předávají, a kvůli tomu, že se vždycky zacházejí s protagonisty s velkou úctou.
Výstava, která předává mnoho pocity.
Příslušenství je schopno zachytit kouzelné okamžiky."
Druhý útok pro super prodej společnosti Honda
V listopadu začne Honda na trh druhé generace modelu Jazz.
Když její předchůdce již mělo dobré bydlivost, tento nový monovolum má ještě širší vnitřní prostor.
K tomu je navíc několik rafinovaných mechanik, které zvyšují pohodlí jízdy a umožňují ušetřit více benzínu.
Vývoj vůči revoluci.
Je to druhá generace Honda Jazz.
Přestože nový Honda Jazz esteticky představuje řádek velmi podobný předchozímu modelu, změny uvedené v tomto monovolumenu jsou mnoho.
Mezi nimi je inovativní design, nová platforma, větší rozměry a nové motory.
Před přezkoumáním nového modelu však je třeba zdůraznit, že nový Honda Jazz přichází šest let po uvedení první generace na trh.
Nejprve si uvědomíme, že Honda tento model obnovila během kratší lhůty než ostatní výrobci.
Ačkoli v Evropě je Honda Jazz méně známá, tento model je jev prodeje na jiných trzích.
To se stalo v Japonsku, kde byl Honda Jazz nejprodávanějším automobilem v roce 2002 a v roce 2008.
V Japonsku bylo od svého zahájení prodáno téměř milion Honda Jazz.
Starý kontinent, s více než milionem automobilů prodávaných za šest let, se nachází na druhém místě.
Honda však tvrdí, že tento nový jazz mu umožní zvýšit svůj prodej v Evropě.
Zatímco v roce 2007 japonská značka prodala 83 000 Honda Jazz, v roce 2009 si myslí, že prodává 100 000, což představuje růst prodeje o 17 % na evropském trhu.
Na španělském trhu Honda od roku 2002 vydala 8 000 jazzů, což představuje 6,7 % prodejů společnosti Honda ve Španělsku.
Vedoucí španělského dceřiného podniku očekávají, že za rok prodávají dva tisíce jazzů.
Přesně to je východ nového jazzu, který Honda pomůže většinou snížit prodej ve Španělsku.
Vlastníci značky očekávají, že ročník skončí s prodejem 22 000 vozů, tj. 4 000 vozů méně než v roce 2007, což je snížení prodeje o 16 %.
Díky tomuto nárůstu prodeje Honda zvýšila podíl na trhu ve Španělsku a dosáhla podílu na trhu o 1,8 %, což je podíl na 1,6 % v loňském roce.
Japonská značka také doufá, že v roce 2010 získává podíl na trhu ve výši 2 %.
Honda doufá, že získá tuto podíl na trhu, až vyjde nový model.
Jedná se o Insight, pětdrátový hybrid a kompaktní velikost - 4,37 metrů délky - na kterém niponská společnost doufá na trh téměř 200 000 vozů ročně po celém světě.
V závislosti na trhu a podle odhadu japonského výrobce se ve Spojených státech bude 50 % prodeje Insight, zatímco zbývající polovina bude rozdělena mezi Starým obsahem a Japonsko.
V průběhu prvních tří měsíců příštího roku po předkládání veřejnosti v lednu ve Valencii.
V porovnání s první generací nový jazz zvyšuje své rozměry.
Jeho délka dosáhne 3,90 metrů (přes pět centimetrů), šířky 1,69 metrů (přes dva centimetrů) a vzdálenost mezi jeho osy je 2,50 metrů, což znamená nárůst o pět centimetrů.
Výška se naopak nemění 1,52 metrů.
Rozměry se zvyšují a také vnitřní prostor.
Tento zisk je na jedné straně způsoben zavedením nové platformy a na druhé straně zavedením rezervy benzínu do centrální pozice, řešení také přijaté pro Honda Jazz.
Podobně může kapacita skříňky - která má systém dvojího pozadí - obsahovat až 399 litrů, až 19 litrů kapacity ve srovnání s skříňkou první generace.
Je třeba upozornit, že tyto rozměry jsou verze s motorem 1.4L, protože kapacita Honda Jazz 1.2L je 379 litrů.
Další inovace - kromě vnějších prvků, jako jsou zadní světla nebo panoráma střechy - je zlepšení přístupu k zadním místem.
Dveře, které poskytují přístup k zadním sedačkám, mají otevřený úhel 80 stupňů, poměr k zadním dveřím prvního jazzu, který se otevřel s úhlem 67 stupňů.
Motory jsou také nové v této druhé generaci jazzu.
Na začátku jeho uvádění bude tento malý model vybaven dvěma benzínovými pohonky 1,2 a 1,4 litrů.
Obě motory mají technologii i-VTEC, která snižuje spotřebu benzínu a emisí CO2, což činí motor silnější a zvyšuje systém motoru.
První motor 1,2 litrů vyvíjí výkon 90 koní na 6000 tr/min a 114 Nm na 4900 tr/min.
Tento pohon, který na předchozím jazzu dosáhl 78 koní, má spotřebu benzínu 5,3 litrů na 100 km a emise 125 gramů CO2.
V porovnání s předchozím pohonem, který v předchozí generaci dosáhl 83 koní, nyní dosáhl 100 koní.
Tato Honda Jazz 1.4L 100 koní má kombinovanou spotřebu 5,4 litrů na 100 km a emise 128 gramů CO2.
Včelá vozidla, která se vyhnula kolizi
Pro pokrok vývoje technologií pro prevenci nehody se Nissan tentokrát inspiroval přírodu, zejména včely.
Japonská firma vytvořila robota, který napodobuje krádež včel, aby se vyhnul nehodám.
Nazývá se Bio-Mimetic Car Robot Drive nebo BR23C a představuje první kroky k technologiím pro prevenci střetů.
Inženýři z Advanced Technical Center společnosti Nissan Motor Co. vytvořili tento malý robot ve spolupráci s Centrum pro výzkum pokročilých věd a technologií z prestižní univerzity v Tokio v Japonsku.
Podle Kazuhiro Doi, generálního ředitele veřejných vztahů pro technologii a výzkum a vývoj řízení ochranných známek, je BR23C vrcholem bezpečnostního štítu Nissan.
Tento robot umožní vozidlům značky předcházet kolizi.
Každá včela během svého letu vytvořila svůj vlastní osobní prostor ovalní tvar, který vypadá velmi jako bezpečnostní štít Nissan.
Ale nejdůležitější jsou oči složené z včely, schopné vidět v úhlu více než 300 stupňů a ve všech směrech, což mu umožňuje létat bez přerušení uvnitř svého vlastního osobního prostoru.
Chcete-li znovu vytvořit tuto vizuální funkci, inženýři vytvořili to, co se říká laserový lokalizator (Laser Range Finder).
To zjistí překážky, které jsou na vzdálenosti dvou metrů a v paprsku 180 stupňů, vypočítá vzdálenost do tohoto objektu a okamžitě posílá signál mikroprocesorovi, aby se zabránilo překážce.
"V okamžiku, kdy zjistí překážku, malý robot napodobuje pohyby včely a okamžitě změní směr tím, že se zdvihne kola 90 stupňů nebo více, aby se zabránilo kolizi.
Největším rozdílem v porovnání s jakýmkoli jiným existujícím systémem je, že útěk je úplně instinktivní.
Kdyby tak bylo, robot by nebyl schopen reagovat dostatečně rychle, aby se zabránilo překážkám," vysvětluje Toshiyuki Andoh, ředitel pohybní laboratoře a hlavní inženýr tohoto projektu.
Na rozdíl od včely nelze robot převést nahoru nebo dolů, ani v diagonálním rozsahu; nemůže se pohybovat pouze ve dvou rozměrech a v závislosti na tom, co mu jeho kola umožňují, a ne v nekonečných směrech, jako jsou včely.
Z tohoto důvodu Nissan použil funkci rotace, ale také zrychlení a zrychlení, aby se malý robot mohl zabránit překážkám.
Každá sekunda musí toto zařízení zpracovávat informace a jednat podle těchto údajů.
Není nutné uchovávat informace ani intuitivní logiky předchozích manipulací, proto může neustále fungovat pouze s několika desítkami KB paměti.
To může být překvapivé, ale nemluvíme o giga-bytech paměti, ani o megabytech."
To představuje první díky vývoji nových technologií pro prevenci okamžitých kolizí, technologie, která bude zavedena do sériových vozidel během desetiletí po Nissanu.
Robot pracuje s lithium-polymerovými bateriemi, které jsou lehčí a trvají více než lithium-ionové baterie.
Dalším možným aplikacím této technologie v budoucnu by mohlo být přizpůsobení tohoto zařízení na satelitní navigační systém GPS, který řídí řidiče až na jeho cíl tím, že se zabránilo překážkám na silnici.
Bojí se, že budou hypotézováni
Je třeba uznat, že poklad Spojených států kromě toho, že má hodně likvidity na plány, není bez génií.
Vzhledem k krizi, a aby se zabránilo Američanům vstoupit do hypotéky u bank solventnosti, vytvořili hru, která se naučila, jak nekontrolovat: "Bad Credit Hotel ".
To znamená hotel špatných úvěrů nebo příběhů.
Skvělý vzhled tohoto bydlení a zejména hotelového pána nás přináší k několikrát přemýšlet, jestli je správný čas požádat o půjčku.
A hlavně kde to udělat.
Je jisté, že tato hra poskytuje užitečné, ale málo podrobné informace.
Spíš je to hra vyhrazená pro dospívající.
Co dělat, když hra skončí?
Protože se uvnitř hotelu objeví ložnice snů.
Je to lepší než nic, protože je nemyslitelné si koupit dům.
Morgan Stanley otevře svůj kapitál pro MUFG
Morgan Stanley oznámil, že vstoupí do stolu Mitsubishi UFJ Financial Group (MUFG), první japonská banka, která bude zaplatit devět miliard dolarů za 21% svého kapitálu, nové, uvítané výrazným poklesem svého burzového kurzu.
Týden po uveřejnění prozatímní dohody obě banky vysvětlily, že MUFG bude koupit 9,9 % běžných akcií Morgan Stanley za jednotkovou cenu 25,25 dolarů, což je celkem tři miliardy dolarů.
Získaná cena je o 19 % nižší než účetní hodnota cenných papírů do 31. srpna.
MUFG investuje dalších šest miliard dolarů do získání konverzibilních cenných papírů zajišťujících 10 % výnos a s převodní cenou ve výši 31,25 dolarů.
Morgan Stanley uvedl, že celosvětová operace se uskuteční na základě průměrné jednotkové ceny ve výši 29 dolarů, což je 28 % nad její současnou cenou.
Akce Morgan Stanley však ztratila 6,79 % na 23,07 dolarů kolem 17:00 GMT.
"Tato strategická aliance představuje důležitou příležitost k urychlení přechodu od Morgan Stanley do bankovního holdingu," vysvětlil generální ředitel americké skupiny John Mack.
Morgan Stanley přijal tento nový status minulý týden, což by mu mělo umožnit diverzifikovat své činnosti, ale skutečnost, že to přechází pod autoritou Federálního rezervace.
Jeho spojenectví s MUFG také potvrzuje, že současná finanční krize nutí největší jména Wall Street přijímat mnohem opatrnější postoj než dříve.
Podmínky uvedené v pondělí navíc ukazují, že dohoda byla změněna v posledních dnech: v pondělí Morgan jednoduše oznámil, že prodá až 20% svého akcií japonštině za přibližně 8,5 miliardy dolarů.
"Před týdnem," vysvětlil Tokyo Toshihide Mizuno, výkonný ředitel MUFG, "my si mysleli, že účast bude plně složena z běžných akcí.
Vzhledem k současné situaci ekonomiky a trhu jsme však chtěli minimalizovat rizika a pokrýt nás."
Na základě vážené průměrné ceny zaplatí MUFG své cenné papíry Morgan Stanley 7% nižší než jejich účetní hodnota.
A operace bude vést k ředění přibližně 20 % zisku na akci.
Dohoda stanoví, že MUFG může do poloviny svých preferenčních cenných papírů převést na běžné akcie, pokud se tyto akcie vymění více než 50 % nad přeměnnou cenou, tj. přibližně 47 dolarů během určitého období.
Morgan Stanley zajišťuje, že kapitál společnosti MUFG umožní využít investiční příležitosti, posílit bilanci a zvýšit likviditu.
Jeden mluvčí skupiny však odmítl poskytnout podrobnosti o strategických projektech dvou nových spojenců.
Po investici společnosti MUFG, Morgan Stanley by měl zobrazit poměr solventnosti Tier One přibližně 15%, jeden z nejlepších v odvětví.
Morgan uvedl, že od konce srpna zmírnil svou bilanci.
V posledních týdnech bylo pro skupinu závažné, která viděla, že jeho kurz na burzu se rozpaluje polovinu, zatímco náklady na pojištění proti nebezpečí vady na jejím dluhu letěly.
Náklady se v pondělí odrážely, ale zůstaly na vysoké úrovni kolem 12 %.
Minulý týden Goldman Sachs, jediný další „přeživatel“ velkých investičních bank Wall Street po bankrotech Bear Stearns a Lehman Brothers a vykoupení Merrilla Lyncha, oznámil, že zvedl 15 miliard dolarů, částečně u skupiny Berkshire Hathaway, Warren Buffett.
Rafael Correa v Quito v pondělí.
Znovu založit republiku kolem socialismu 21. století.
Toto je společný projekt venezuelského Huga Cháveza, bolívijského Eva Morales a rovníka Rafaela Correa.
V neděli, stejně jako jeho přátelé a kolegové, byl třetím, který hlasoval o návrhu nové ústavy.
64% voličů hlasoval "ano" na referendu, podle oficiálních výsledků, které se týkají 80% hlasů.
Podle těchto výsledků dosáhlo "ne" 28%, 7 % hlasů bylo nulové a 0,7 % bylo bílé.
Aby byl návrh ústavy přijat, měl získat polovinu hlasů navíc jeden.
V neděli dva průzkumy prováděné při vystoupení hlasovacích kanceláří a výpočet nevládní organizace oznámili široký vítězství „ano“, což je mezi 63 a 70 %.
Rafael Correa od neděle do pondělí v noci vyhlásil vítězství svého návrhu ústavy.
"Ústava překvapivě vítězila," zajistil, že vítá Ekuadory na sídle Guyaquilské guvernáty, 280 kilometrů jihozápadně od Quitu.
Jako samozřejmě, Rafael Correa byl potěšován Chávezem a Moralesem, ale také její chiliánskou kamarádkou Michelle Bachelet.
Volby, které se uskutečnily v klidu podle poslání Organizace amerického státu (OAS), se týkaly znění 444 bodů konsolidujícího „nový socialismus“, který bránil prezident.
Návrh ústavy věnuje moc státu na hospodářství a vyhrazuje mu "plánování rozvoje" země, která žije především od ropné extrakce zahraničními společnostmi a měnami, které posílají jeho přistěhovalci.
Návrh Correa, který byl zvolen v roce 2006, také poskytuje posílené pravomoci vedoucímu státu, který bude moci provádět až dva poslední čtyřleté mandáty a bude mít možnost rozpuštění shromáždění.
Correa již oznámila, že využije tuto moc a že v únoru 2009 bude zahájit nový mandát.
Ústava rovněž konsoliduje princip bezplatnosti zdravotnických a vzdělávacích služeb, který prezident začal založit v zemi 13,9 milionu obyvatel, kde 50 % obyvatel žije pod prahou chudoby.
Nakonec stanoví zákaz přítomnosti zahraničních vojsk, což ukončí dohodu mezi Quito a Washingtonem o používání rovněžské základny jako výchozí místo americké operace proti drogám.
19 rukojmích bylo propuštěno v Čádu
Egyptský komando zahájil útok na únosce jedenácti turistů a jejich osmi doprovodníků, kteří byli zachyceni před deseti dny.
Jsou v Káhiře.
Jedenáct evropských turistů a jejich osm egyptských doprovodníků, kteří byli po dobu deseti dnů uvězněni na poušti, byli v pondělí odpoledne přivezeni do egyptského hlavního města.
Ráno byli osvobozeni egyptským komandoem v Čádu.
Zdá se, že rukojmí přišli kolem 15.30 hodin na letadle zvláštního letadla na vojenské základně al-Maza, připojené k mezinárodnímu letišti v Káhiře.
Na palubě vrtulníků byli okamžitě převedeni, aniž by mohli mluvit s tiskami, do nemocnice v Maadi, v rezidenčním předměstí v Káhiře, aby tam byly provedeny zkoušky.
Jsou „v dobrém zdraví“ a „nebyl únoscům zaplacen žádný výkupný výkupný“, uvedl egyptský ministr cestovního ruchu Zoheir Garanna.
Zachycený 19. září na safari ve čtyřnásobném podél hory Ouanat, na hranicích Egypta, Sudánu a Libye, byl tato skupina rukojmí vyvolen z jedné skryty na druhé 35 neznámých únosců.
Zahrnuje 11 turistů - pět Italů, pět Němců a jednu Rumunsko - stejně jako osm Egypťanů: dva průvodce, čtyři řidiče, hraniční stráž a ředitel agentury Aegyptous, organizační safari.
Egyptský bezpečnostní ředitel uvedl, že 30 zvláštních sil, které byly přepraveny na palubu dvou vrtulníků, zahájilo útok v noci před úsvitem.
"Došlo k výměně výstřelů, a polovina únosců byla zabitá, ostatní uprchli," řekl ten správce, který požadoval anonymitu.
Uvedl, že 150 egyptských zvláštních sil jednotky bylo celkem posláno do Sudánu, kde získali podporu německých a italských komandov.
Italský šéf diplomatie Franco Frattini zmínil v Beogradu, kde se nachází, roli tajemných agentů a prvků italských speciálních sil.
"Musíme uznat, že jsme tento výsledek dosáhli díky profesionalitě a účinnosti našich mužů z tajných služeb, speciálních sil," řekl.
Zároveň popřel platbu výkupné.
V předchozích dnech sudánská armáda tvrdila, že na palubě zachytila vozidlo 4x4, na kterém byly únosci, zabíjející šest, včetně čedského vedoucího a zatknutí dvou.
Armáda tvrdila, že jsou spojeny s rebelskou skupinou v Darfuru, hnutí pro osvobození Sudánu (SLA-U), což okamžitě popírá.
Tichá většina kultury
Debata o financování kultury vytváří hlavy a zabývá se této volební kampaně.
To je dobře.
Většina kulturního života zůstává vždy zapomenuta.
Kdo bude vstát, aby prohlásil peníze chudoby, které se dávají malým muzeům, archivům, archeologickým vykopávkám nebo národním historickým místem, které hladují?
Který politici se odváží připomínat federální vládě, že zanedbají své památky a budovy?
Že v Quebec, stejně jako v Kanadě, nemáme skutečné zákony, které skutečně zachovávají naše dědictví?
Věděli jste, že francouzská vláda věnuje tři a půl milionu eur na obnovu jediného hradu Chinon v údolí Loire?
U našich amerických sousedů je v Ústavě jejich země psáno, že ochrana dědictví je součástí kultury Američanů a že toto dědictví musí být chráněno všechny občany, všechny vyvolené a všechny vládní oddělení, a to v konzultaci.
V Quebec, ve Federaci historických společností v Quebecu, se alespoň 40 000 dobrovolníků shromážděných v 211 historických, dědictví, archivních a genealogických společnostech stará o prohlídku historie, zachování tří soukromých archivů a zachování archeologických zbytků.
Jsou to často psi, kteří jsou strážníci naší dědictví, kteří protestují s energií zoufalství, když rozhodovatelé a rozhodovatelé vyhazují své bulldozery na naše staré kameny a zapomenuté hřbitovy.
Kdy je to tribuna pro dějiny a dědictví?
Beneluxové vlády narodil část banky Fortis
Státy Benelux pomáhají belgsko-holandské bankě jako první evropská bankovní instituce v nebezpečí v důsledku sněhového účinku úvěrové krize ve Spojených státech a částečně ji nacionalizují. Všechny tři země podporují, ve výši 11,2 miliardy EUR, tato finanční instituce a pojištění také úro.
Tento víkend se belgické, lucemburské a nizozemské vlády v této věci na nejvyšší úrovni dohodly, rovněž vyzývají Evropskou centrální banku a vedoucí Evropské komise za hospodářskou soutěž.
V eurozóně se první velká krize v rámci mezinárodní finanční krize po více než jeden rok zvyšuje pro banku Fortis. Z určitého hlediska budou rozhodnutí, které budou přijaty v případě této banky, sloužit jako precedent.
V souladu s rozhodnutím v neděli v noci budou třemi státy vykupovat téměř polovinu (ve výšce 49 procent) kapitálu banky v každé zemi.
Banka nepochybně prodá část svého podílu, včetně především pojistných činností, které získala v loňském roce od nizozemské agentury ABN Amro.
V minulém týdnu se akcie Fortis začaly pokles, a během druhé poloviny týdne byly u banky odhaleny závažné známky krize.
Analytici souhlasí s tím, že se svými 85 000 zaměstnanci je banka příliš velká, aby ji mohla nechat do bankrotu.
Pouze v pátek se akcie společnosti poklesly o 12 procent a dosáhly své nejnižší úrovně před 14 lety.
Od ledna se akcie snížily o více než dvě třetiny jejich hodnoty.
Vzhledem k současné hodnotě akcií činí celková hodnota kapitálu skupiny kolem 14 miliard eur, což podle vedoucích společnosti není realistické.
Vedoucí společnost obviňuje nejistotu nad Atlantem v souvislosti s přijetím amerického záchranného plánu ve výši 700 miliard dolarů, že byl způsoben pádem akcií Fortis.
V pondělí již došlo k mírnému nárůstu.
V pátek byl Filip Dierckx jmenován předsedou banky jako nový generální ředitel.
Finanční organizace hledala také soukromé kupující, ale zatím neobdržela žádný návrh.
Belgická vláda předtím oznámila, že investoři se nemusí bát, neztrácejí peníze.
V bankovním kruhu zákazníků nebyla pocit paniky a žádná agentura nebyla zaútočena.
V Maďarsku má společnost Fortis nezávislé agentury a také si koupil leasingové společnosti.
V kuřecím řetězci
V Americe životní a zdravotní pojišťovny často odmítají podepsat smlouvu o pojištění s kandidátem na základě informací o jeho nákupu léčivých přípravků.
Odborníci v oblasti ochrany informací se bojí, že se trh s údaji stane nekontrolovatelným.
„Existují programy ochrany údajů, které spojují používání informací týkajících se předpisů léčivých přípravků v každém případě s dohodou subjektu údajů.
Tento druh program by měl být v nezávislých rukou, jinak to znamená svěření svého kuřecího kohoutku,“ připomněl Richard Dicket, tvůrce programu, který se používá k řízení léčivých předpisů na Washington Post.
Pojišťovny závisí na pojištění a pojištěném kapitálu v případě škody, na zdravotním stavu zákazníka, který se představuje, a pokud se domnívají, že riziko je příliš velké, ani nezajišťují.
V minulosti poslali kandidáty na lékařské zkoušky a podepsali s nimi pojistnou smlouvu až poté, co se dozvěděli o výsledcích.
Po deseti letech, Dick našla mnohem levnější postup: z identifikačního čísla se snadno poskytuje u lékárnů, údaje o nákupu léčivých přípravků osoby během 18 měsíců. Od této doby program sama určuje, jaké onemocnění trpí osoba a jaký je jeho zdravotní stav.
Například, pokud tento člověk pravidelně koupí vysoké dávky snížení cholesterolu, to se odkazuje na velmi vysoké hladiny tuku v krvi, což je okamžitě uložil do vyšší kategorie rizika.
Některé verze tohoto programu jsou v oběhu. Některé současně určují rizikový koeficient, takže pojišťovně ještě není nic, co dělat kromě papírování. Nicméně, malé problémy se mohou stále objevit.
Mezi nevýhody tohoto programu je skutečnost, že lék lze použít pro různé účely. Například, některé směsi lze použít proti migréně nebo proti tepelným bufkám, ale mohou být také účinné proti depresi.
Pojišťovny považují za zhoršující rizikový faktor, zatímco ostatní ne.
Společnosti se rozvíjely ve výzkumu a analýze údajů a musí požádat pacienta o povolení před shromažďováním nezbytných informací z lékárny.
Od této chvíle jsou povinny úřady, i když nebyly v minulosti sankcionovány za své nedostatky.
Některé společnosti také zpracovávají výsledky laboratorní analýzy a spojují je s údaji o užívání léku. Tímto způsobem jsou schopny poskytnout ještě přesnější portrét zdravotního stavu pacientů.
Stále více společností mají přístup k datům a současně se kontrola použití stává stále obtížnější.
Existuje odlišný zákon o ochraně lékařských údajů, ale jeho oblast se rozšiřuje pouze na pracovníky a pojišťovny.
V současné době je před Kongresem předložen návrh zákona o rozšíření kontrolního okruhu orgánů týkajících se podniků specializovaných na poskytování údajů.
Dick Richard uznává, že to není dostatečné, a proto ještě více rozvíjel svůj program, který by podmínil přenos údajů výhradní dohodu subjektu údajů.
Jedná se o další otázku, zda je subjekt údajů skutečně svobodný udělit svou souhlas nebo ne, protože pokud odmítá, pojištění s ním nepodpírají smlouvu o pojištění.
Tak a nakonec, kuřata závisí na lahodnosti špinavého.
Celkové nabídky v Marseille
Evropská unie a Indie rozmnoží své obchody o dvakrát.
Vzhledem k tomu, že Evropská unie a Indie jsou vzájemně velmi důležitými obchodními partnery, tato téma také dominovala na pořadí devátého summitu vedle ostatních, většinou globálních problémů.
V současnosti se bude konat také vrchol Francie a Indie, kde bude především o spolupráci v oblasti jaderné energie.
Evropská unie uznává, že Indie je velkou rozvíjející demokratickou moc, kterou by měla dát v mezinárodních záležitostech širší právo mluvit, ale členským státům se stále nedohodly na podporu Nového Dillí, aby se kandidovala za stálý člen Rady bezpečnosti OSN.
V této otázce včera na devátém summitu v Marseille nebyli příliš znepokojeni.
Francouzský prezident Nicolas Sarkozy, stejně jako současný prezident Unie, stejně jako prezident komise José Manuel Barroso a vedoucí diplomatie, Javier Solana, uvítali indického premiéra Manmohana Singha, s nímž se dohodli, že se za pět let rozmnoží dvěma obchody.
Vzhledem k tomu, že v letech 2000 až 2007 se výměna zboží zvýšila z 25 miliard na 55 miliard, zdá se, že to není příliš ambiciózní cíl.
V tomto smyslu z právního hlediska harmonizovali 26 bilateralních úmluv s Indií týkajících se civilních letů, takže letecká výměna také může v budoucnu vzrůst.
Indie by chtěla podepsat dohodu o volném obchodu s Unií nejpozději do konce roku 2009.
Sarkozy slíbil, že zrychlí jednání.
Cílem je vyvážit situaci na jedné straně, Indii, která je prvním obchodním partnerem EU, na druhé straně a Nový Delhi, který se nachází pouze na devátém místě mezi partnery EU.
Vrchol věnoval pozornost globálním záležitostem.
Afghánskou a pakistanskou situaci byla silně odsouzena, stejně jako všechny formy terorismu a byla zmíněna naléhavá konference OSN v této věci.
Závěr obchodního cyklu Dohy byl také požadován, i když oba mají velkou část současného selhání.
EU potvrdila, že zůstává věrná energetickému a klimatickému programu, zejména že by chtěla alespoň o dvacet procent snížit odstranění toxického materiálu do roku 2020.
Indie souhlasila také s tím, že by měla být na konferenci o klimatu v příštím roce zahájena globální trh a snížit emisí skleníkových plynů o padesát procent až do roku 2050.
Rádi by rovněž zabránili zvýšení cen potravin a podporovali výzvu mezinárodního pracovního schůzku na zkoušku finanční krize.
Vůdce státu Indie se dnes přestěhuje do francouzského hlavního města, kde se na dvojím setkání připravuje podepsat dohodu o mírném využívání jaderné energie.
V Paříži se doufá, že francouzské společnosti obdrží objednávky za hodnotu 20 miliard eur pro stavbu indických atomových reaktorů.
Podle informací zpravodajské agentury by se dohoda týkala 15 let.
Více než 300 italských vydavatelů ve Frankfurtu
Silná přítomnost italských vydavatelů na Mezinárodním salonu knihy v Frankfurtu.
Více než tři sto italských vydavatelů, kteří jsou přítomni na 60. vydání Buchmesse, nejdůležitější mezinárodní schůzce v oblasti výměny práv.
Mezinárodní Salon knihy v Frankfurtu čeká na tuto vydání více než 7 míle expozic z 101 různých zemí, které budou zaměstnat 171.790 čtverečních metrů Salonu s více než 403 000 výstavních titulů, a Turecko jako čestný host.
Bude to místopředseda ministerstva majetku a kulturních činností Francesco Maria Giro, který bude zastupovat italskou vládu na ceremonii otevření italského babičky: Itálie bude přítomna institucionálně s bodem Itálie - 264 čtverečních metrů výstavního prostoru.
Bude následováno schůzkou s tiskami v Room Structure, na motýle 5.0 Buchmesse: příležitost k prezentaci čísel, trendů a prospektivních informací o pozici vydání v Itálii.
Podle údajů se význam zahraničních autorských knih postupně snižuje ve srovnání s celkovou italskou produkcí, zejména ve srovnání s dospělými a dětmi.
Když nalezl letadlo Steve Fossetta, zmizel miliardář před rokem.
Miliardář zmizel 3. září 2007, když létal na poušti Nevada, byl nalezen.
Odpadky byly nalezeny na desky na výšce 3000 metrů v oblasti Sierra Nevada v Mammonth Lakes, na hranici mezi Kalifornií a Nevadou.
Uvnitř letadla však žádný lidský zbytek není.
Šerif Madera County, John Anderson, pochyboval o zbývajících pochybnostech: "Letadlo bylo nalezeno, poslali jsme tým, a nyní máme potvrzení, že je to ten, na kterém Steve Fosset cestoval v den, kdy zmizel," řekl na tiskové konferenci.
Šerif uvedl, že žádné zbytky lidí nebyly nalezeny ani na letadle, ani v okolí.
V únoru byl 63letý miliardář považován za mrtvý.
Americký kancelář pro dopravní bezpečnost (Ntsb) oznámil, že několik hodin po vyšetřování zpracování, tým vyšetřovatelů, který byl poslán na místě, identifikoval zařízení: je to Bellanca 8kcab, zmizela 3. září 2007, kdy Fosset odletěl z Yerington v Nevadě za třihodný let.
Včera v Kalifornii, nedaleko hranic Nevady, některé osobní objekty Fosseta byly nalezeny párem v okolí jejich bydlení v Mammoth Lakes.
Jedná se o dva dokumenty s názvem Fosset, obě vydané Federální leteckou správou Illinois, peníze peněz a pull.
Výzkum Fossetta byl přerušen měsíc po jeho zmizení.
Miliardář získal místo v historii díky dlouhé řadě rekordů.
Při šestém pokusu se v roce 2002 stalo prvním mužem, který dokončil svět na aerostatickém míčku: dva týdny samotného letu.
O tři roky později se po celém světě objevil letadlem a bez letadla.
Mezi všechny tyto rekordy, také ten, že ukradl na výšce 15.445 metrů, na Andech, ale s kopilotem.
Glk, reklama, na kterou nečekáš.
4x4 neobvyklý originální a dobře definovaný design, s označenými řádky, s rozsáhlými povrchy a čistými úhly.
Toto je Glk, poslední narozeno z "kompaktních" off-road domu hvězdy, se kterým se Mercedes-Benz snažil v této oblasti dát novou větru.
Právě díky nestandardnímu, neočekávanému a nekonvenčnímu obsahu bude komunikace, která bude doprovázet zahájení 4x4 Glk, který je k dispozici v showroomu Mercedes-Benz od 17. října.
Reklama, která bude doprovázet začátku nového automobilu, přijde k nedávnému způsobu komunikace, prostřednictvím futuristické kampaně 3D displejů, kterou poprvé v Itálii používá automobilová značka.
Projekt maxi displejů, který bude ovládat v srdci milanského nakupování Corso Como až do 15. listopadu.
První fáze tohoto nového typu komunikace představuje prezentaci automobilu v stereoskopické vidění, a díky speciálním brýlím distribuovaným v okolí Corso Como bude možné vidět nový 4x4 téměř v reálném rozměru a ve trojrozměrném formátu.
Budeme mít pocit, že když se podíváme na obrázek, auto vyjde z plakátu.
Poté, prostřednictvím využití inovativní technologie Elimina8, bude nový Glk osvětlený podle bodů, ve všech detailech, a pak se obnovit do jediného obrázku.
Je zřejmé, že Mercedes se s touto reklamou snaží zavést něco nového do stereotypické oblasti řidičské komunikace.
Uspěje s tímto vzorcem, který vyvolává zájem budoucích získávajících? Uvidíme se dobře.
Tady jsou italští huligany.
Z Triveneto riskují Daspo.
Ale kdo jsou tito 150-200 mladí chlapci a dívky, jejichž Itálie se nyní stydí? Jsou součástí skupiny Ultras Itálie, která již léta následuje italský národní tým, a která dosud nikdy nevytvořila velké problémy.
Nikdy se nestřelil s tifosovými nepřáteli.
Extrakce skupiny je vpravo.
Promotoři pocházejí z Triveneto.
Z Verony, Padovy, Trieste a Udine.
V Sofii se přidaly malé skupiny (ve skutečnosti malé) z Kampanie a Puglia.
Měli trojbarevné vlajky, na kterých se objevilo jejich původní město: v sobotu večer byli všichni odstraněni, aby nebyli identifikováni.
Jsou inspirováni z anglické tifoserie.
V Bulharsku našli tifoserii skutečných nacistů, Levského.
Figc k dispozici italské tifosi, 144 lístků pro hru: všechny nominativní a tedy snadno ovládatelné.
A Viminál je opravdu kontroloval: mezi těmi, kteří odešli do Sofie, nikdo neměl v současné době Daspo, nikdo nebyl zakázán navštěvovat stadion.
Čtyři italští tifosi, kteří měli historii zločinu na stadionu, neměli právo na lístek a nemohli jít.
Nyní Viminál čeká na čtení aktů, které přijdou od bulharské policie, a pak přijde opatření: v tomto případě může být, že tifosi zatčeni nebo identifikováni v nepravosti čistí Daspo po dobu nejméně pěti let.
Zákazník, který zakázal navštěvovat italské, ale také evropské stadiony.
Zkrátka, naše huligany už nebudou chodit do stadionu.
Naštěstí.
Ale nyní je čas strachu-emulace: to znamená, že jiní se mohou přidat k prvním sto padesát.
"Musíme tento požár okamžitě vypnout a neoprávňovat, kdo se tak chová," podporuje Viminál.
Takže, "udržet oči dobře otevřené především pro zápas národního týmu ve středu v Lecce"
V Pulsku se nachází malá jádro podporujících Ultras Itálie.
Zítra se setkává Observatoř, v úterý Casms, který se může dokonce spolehnout na sekci Aise, tedy na tajné služby, které se právě zabývají problémy v stadiu.
V Bulharsku to není zločin.
Zde je názor Domenico Mazzilliho (vyjádřený opravdu nepříjemně) v poslední době ředitele Observatoire du Viminal (vzal pozici Francesco Tagliente a pak Felice Ferlizzi).
Mazzilli byl dříve prefektem v Trieste, kde bydlí jádro podporujících skupiny Ultras Itálie, založená v roce 2002.
To je pravda, jak říká Mazzilli, že v Bulharsku pronájem Mussolini není trestný čin, ale je jisté, že chování těchto 150-200 tyfoz bylo zahanbené.
"Nejsem sociologista," dodává č. 1 pozorovacího centra, "zločiny musí být přiděleny v zemi, ve které dochází ke skutečnosti.
Dodnes tato skupina zůstala v pravidlech, nyní uvidíme dobře, co se stalo a vyhodnotíme pro budoucnost.
Ale také mluvíme o smlouvách proti Mameliho hymnu: tihle také nejsou zločiny, ale pokud mi dovolíte, nejsou policejní.
