Populistický triumf v Rakousku, společně tvoří 29 %
Předvolby v rakouském parlamentu přinesly podle prvních přibližných výsledků, výrazného oslabení obou stran současné velké koalice a výrazného posilování populistické strany vpravo.
Silné a zvláštní ztráty utrpěla Rakouskou lidskou stranu (OVP), kde se stávající prezident Wilhelm Molterer vážně ztrácí.
Naopak, vůdce Aliance pro budoucnost Rakouska (BZO), vedoucí vlády státu Karincie, Jörg Haider, připravuje své triumfální návrat k národní politikě.
Podle přibližných výsledků zůstává sociální demokracie (SPÖ) nejsilnější strana v zemi s 29,8 procenta hlasů, takže ztrácí 5,5 procenta hlasů ve srovnání s posledními volbami v roce 2006.
Stále ještě skončil horší OVP, který ztrácí 25,6 procenta, téměř devět procent hlasů.
Jsou to nejhorší, doslova katastrofické výsledky v historii těchto dvou velkých rakouských stran od poválečného období a zejména pro lidi, kteří tyto předčasné volby vyzvali.
Pořád na začátku července, když OVP odešel z koalice, měli populární lidé, pokud jde o preferenci před SPO, významnou výhodu.
Je samozřejmé, že je voliči potrestali za to, že vláda nechal loď.
Už v prvních reakcích na výsledky byly slyšeny spekulace o odstoupení prezidenta strany a dodnes viceprezidenta Wilhelma Molterera.
Pozorovatelé se domnívají, že již v pondělí by to mohlo dosáhnout na výjimečném setkání předsednictví strany.
Tato vývoj by samozřejmě usnadnila cestu k neustálému a nejbližšímu výchozímu bodu výsledků voleb, tedy k obnově velké koalice mezi SPO a OVP.
Vzhledem k tomu, že posílení obou populistických stran - liberálů (FPO) vyhrálo přibližně 18 procent a BZO, 11 procent hlasů - a socialdemokraté současně vyjádřili obavy o to, že se Evropská unie opakuje v roce 1999, když populární vyjednali s populistickými (poté FPO byla v roce 2005 jednota).
Za tento vývoj je jasné, že Haider již oznámil, že je připraven spolupracovat s každou stranou a že se již vrátí do Vídně, do národní politiky.
Zelená strana se také podařila dostat do parlamentu, i když ztratila trochu a spadla z třetího na páté místo mezi rakouskými politickými stranami.
Žádná jiná strana nebyla jasně překročena hranice čtyřprocentní, a proto není součástí parlamentu.
Schwarzenberg: Vztahy s Indií mohou být chlazeny
Jestliže se problém českých vědců, kteří byli obviněni v Indii za nezákonné sbírky, nedokáže vyřešit, mohl by se česko-indická vztahy dostat do chlazení, řekl ministr zahraničí Karel Schwarzenberg.
Po dnešní schůzce se svým indickým partnerem Pranabem Mukherjeem prohlásil ministr v New Yorku.
"Pokud by to nebylo vyřešeno, ano, pak by se toto chlazení bezpečně dostalo," uvedl po schůzce, která byla organizována z české iniciativy.
Mukherjee po setkání řekl, že v právních otázkách je moc těžké, že se ředitel vrátí.
V případě Petra Šváče, který byl osvobozen od obvinění a potrestán pokutou, může vláda vyjednávat s místní vládou v Darjilingu, ve kterém se případ vztahuje jurisdikce.
"Jejich problém by mohl být vyřešen," řekl ministr.
Pro Emil Kučeru, odsouzení na tři roky vězení by bylo nejlepší, podle Mukherjee, vyzývat se na nejvyšší orgány.
Pak můžete žádat o osvobození věci a čekat na rozsudek, vysvětlil.
Schwarzenberg potvrdil, že se jeho kolegová během setkání vyjádřila stejnými podmínkami.
"Doporučujete žádat se na vyšší soud a pak by bylo možné odpuštění," řekl šéf české diplomatie.
Jediný způsob, jakým může česká strana vstoupit do této věci, je získat odsouzeného "příslušnou zákonnou podporu", prohlásil indický ministr.
Na druhou stranu říká, že taková podpora již získá indická strana.
"Máme největší zájem udržet nejlepší vztahy s Indií, které mají dlouhou tradici.
I Indiáni to uznávají," uvedl Schwarzenberg.
Na druhou stranu, jak říká ČTK, před svým kolegyněm zdůraznila, že Česká republika považuje problém českých entomologů za velký význam.
"Vězení a odsouzení těchto českých vědců jsme opravdu zvažovali velkou chybu," uvedl.
Ministr vyhlásil odpověď na otázku, zda od indické strany obdržel slib, že se o záležitost zabývá.
"Dostal jsem spoustu slibů," zjistil jen.
Český rozhodčí boj na mořském dně
Jsem blízko elektronické mapy stěny, v ní je reprezentována Austrálie obklopena mořem.
Nezajímá však kontinent, nýbrž malý ztracený bod v modrém oceánu.
„Ostrov patří do Austrálie a vedle něj je také mořský dům, který ji obklopuje.
Region je současně stejně velký jako jeden kontinent," říká italský právník Luigi Santosuosso, který patří do týmu třiceti členů, kteří pracují na Oddělení OSN pro oceánské a mořské právo.
Jeho šéf, ředitel divize, český advokát Václav Mikulka, následuje výstavu a někdy ji dokončuje.
Zvládnete tuto práci a práci nadšení.
Mořský pozadí skrývá dodnes mírně známý svět, bohatý přírodními zdroji.
Ropa a jiné minerální suroviny lze nalézt, ale také neznámé organismy, které sami nosí klíč k vývoji léků proti rakovině.
Základ je větší než pevná země
Země s pobřežím dnes začaly závažně bojovat o nové území pod mořem.
Podle Smlouvy o OSN využívají práva dohodnuté v roce 1982 v Montego Bay na Jamajce.
Je to hlavně takzvaná kontinentální hranice, která se někdy rozšíří na několik stovek kilometrů od pobřeží dané země.
Podle Smlouvy má výhradní práva ve všech zdrojích kontinentální hranice.
Jednoduše, kontinentální hranice se rozumí části mořského dna a jeho povrchu, která je přirozeným pokračováním kontinentu pod vodou.
Dochází k hranici pobřeží moře a často k hranici dvaceti námořních mil, tj. čisté ekonomické zóny," vysvětluje Mikulka.
Žádost, kterou daná země předkládá Komisi pro stanovení vnějších hranic na kontinentální hranici, by měla být předána s vědeckou technickou dokumentací založenou na výzkumu a opatřeních.
Je to výsledek řady let přípravy práce.
„Jedním z našich úkolů je uspořádat specializovanou technickou a právní pomocní komisi.
Komise dodnes vypracovala pět žádostí od Ruska, Brazílie, Austrálie, Irska a Nového Zélandu.
V současné době přišly jen ty poslední tři zmíněné země," dodává Mikulka.
Nedávno, úspěch Austrálie měl globální dopad, protože to byla první, která v podstatě rozšířila svou mořskou vládu.
Nicméně, Nový Zéland získal také - povrch námořního dna, který mu poskytl komise minulý týden je 1,6 milionu čtverečních kilometrů, to znamená, že téměř šestkrát víc než velikost samotného státu.
Obě země investovaly miliony bolesti do jejich studia.
Získání, které vyplývá z používání mořského fondu, bude, jak slibují, nehodnotné.
Ostatní státy také postupně předkládají své žádosti.
Může to provést až do deseti let od okamžiku ratifikace „Montego Bay Traktat“.
Tam, kde končí kontinentální hranice, začíná region oceánského dna prohlášený Smlouvou za „společné dědictví lidstva“.
Už tady žádný národ nemá jedinečnou pozici.
Právo na provoz v těchto oblastech je spravováno Smlouvou založenou mezinárodními institucemi.
"Mořský fond nicméně není žádná zlatá dolina," uvedl ředitel Mikulka s důrazem na to, že "její oddělené oblasti jsou zákonně a jasně omezeny a její režim definovaný smlouvou".
Čeští v Tichomoří
A dnes je část mořského fondu patří také do České republiky.
Rozděluje se s jinými zeměmi v té době Východní blok v rámci společné organizace "Interoceanmetal".
V roce 1991 získal to smlouvou jako investoři stejně jako ostatní málo států, států nazývaných "průkopník investor".
Má schopnost explodovat v oblasti ClarionClipperton v Tichém oceánu, mezi Mexikem, Havajskými ostrovy a Kiribati.
Oblast, kterou investor vyšetřuje, je něco větší než starověká Československo.
Základ tam je neúspěšný, je to něco jako mořská replika Tatrů.
"Mohou být vyčerpávána plocha o celkové délce 75 000 km2.
Oblast je bohatá na polymetalické konkrétní plochy obsahující nikl, měď, kobalt a mangan," dodal indický právník Pakshi Rajan.
Makedonský zaměstnanec Divize, Rober Sandev, nám přináší vzorek tohoto typu konkrétního.
Připomíná nám malý brambor nebo trochu fantazie, Shem, který podle legendy oživil Golem.
Během propuštění rukojmích byl německý příkaz speciálních sil na místě akce.
K řešení rukojmí krize egyptská vláda požádala o pomoc od Německa - odborníci přišli.
Když byla situace vážná, velitel speciálních sil byl připraven, ale operace nebyla provedena.
Podrobnější informace o okolnostech osvobození 11 evropských turistů v Egyptě jsou stále více známy.
Podle údajů ministerstva obrany a ministerstva vnitřního prostředí do činnosti spasení se také německé speciální síly účastnily v nepřímém režimu.
Proto na místě uvolnění byli specialisté německé armády, stejně jako úředníci GSG 9, letadla federální policie, Federálního úřadu pro kriminální vyšetřování také odborníci v oblasti logistiky technického dobročinného instituce.
Jak mluvčí ministerstva v pondělí večer informovali, německé síly nebyly potřebné, protože únosci si všimli násilného osvobození, nechali své vězně odejít a utekli.
Egyptská vláda přijala pomoc Německa, aby ji použila jako podpora na místě.
"Naštěstí ten okamžik nebyl," řekl mluvčí federálního ministerstva vnitra.
19. září v jižním Egyptě únosci únosili skupinu cestovatelů z pěti Němců, pěti Italů, jedné Rumunské a jejích osm egyptských doprovodníků.
Po únosu v jižním Egyptském poušti rukojmí deportovali rukojmí z jedné strany na druhé do hraniční oblasti mezi Egyptem, Libyí, Súdánem a Čadem.
Identita únosců byla až do konce neznáma, stejně jako podrobnosti o osvobození nebo možných plateb za záchranu.
Zdraví a zachránění lidé přišli do Káhiry.
Steinmeier řekl, že propuštění rukojmí jsou pod opatrností německé velvyslanectví.
Neřekl žádné slovo o detailech osvobození.
Zpočátku v Berlíně nebyly žádné informace o jejich návratu do Německa.
Podle novinky „Bild“ musí pět turistů a speciálních sil vrátit se do Airbusu německých letectví a v úterý se dostat do Německa.
Sněmovna amerických zástupců ne schválila balíček spasení
První sněmovna amerického kongresu nezvládla velký balíček záchrany ve výši 700 miliard dolarů pro finanční trhy.
Dow Jones velmi drasticky spadl.
Sněmovna amerických zástupců odmítla 227 hlasů proti 206 vládního balíčku k záchraně finančních trhů.
Navzdory všem výzvám prezidenta George W. Busha a bývalého politického z obou stran nedosáhlo většiny programu, s nímž by měla být omezena nepořádek na finančních trzích.
S dramatickou akcí se zoufalé obránci stále snažili přesvědčit kritiky přijmout velký balíček ve výši 700 miliard dolarů.
Demokratský ředitel jednání Barney Frank požádal poslance, aby hlasovaly, i když plán není tak populární.
"Je těžké získat politické schválení, aby se zabránilo něčemu, co se ještě absolutně nestalo," dodal.
Už během hlasování Dow Jones klesl na více než 6 procent nebo 600 bodů.
Příčinou toho byly obavy investorů, že státní záchranný balíček mohl selhát.
Na konci hlasování odpočinul a poté, co byl zveřejněn selhání, znovu spadl.
Odborníci mají další závažné turbulence na mezinárodních finančních trzích.
Za účelem vstupu v platnost programu je nutné mít schválení jak Sněmovny zástupců, tak Senátu.
Organizatoři zaznamenali zvýšení počtu rezervací
Zdá se, že je to dobrá zima pro německé cestovní organizatory:
Podle jednoho studia se objem prodeje cestovních rezervací pro příští měsíce zvýšil ve srovnání s loňským rokem - dokonce i zimní období o více než 30 procent.
Podle jedné studie, navzdory oslabené konjunktuře touha na cestu Němců zůstává jako dříve.
Německá cestovní asociace (DVR) v Berlíně oznámila v pondělí, že cestovní agentury s rezervacemi na zimní sezónu zaznamenala objem prodeje, který je 31 procent více než ve stejném období loňského roku.
Podle výzkumu výzkumného institutu na trhu GfK rezervace na podzimní měsíce již zvýšila počet.
Objem prodeje cestovních agentur v říjnu byl téměř jedenáct procent více než v roce 2007, informoval DVR.
Základem výsledků jsou údaje GfK, které jsou analyzovány informace o rezervaci v 1200 cestovních agenturach a počítají přibližně pro celý trh.
Shromážděné údaje jsou cestovní rezervace provedené do konce srpna 2008.
Vzhledem k oslabenému kurzu dolarů především cestování do Spojených států jsou velké poptávky, uvedl DRV.
V tomto případě se počet rezervací zvýšil na téměř třetinu.
Oblíbenými místy destinace Němců jsou nejen Španělsko, Turecko a Řecko, ale také regiony Německa.
Zvláště organizované cesty jsou velmi oblíbené, vysvětluje prezident DRV Klaus Laepple.
Vzhledem k tomu, že ceny energie a napájení se zvyšují, jsou v tomto případě výdaje na cestu "lepší výpočet pro zákazníka než během jednotlivé cesty".
Mimo jiné mohou spotřebitelé ušetřit peníze za předčasné slevy rezervace nebo za nabídky All-Inclusive, vysvětlil Laepple.
Také v létních měsících byly cesty dobře rezervovány, takže objem prodeje v porovnání s loňským rokem opět zvýšil - i když podle jiné studie počet Němců, kteří probírali cestu, v porovnání s loňským rokem klesl.
První Oktoberfest
Hity oslav pod otevřeným oblohem v nekonečném balnéře, pivo v litrově nádobách a slavných lidí oblečených v tradiční bavorské designérské kostýmy.
Debut v stanu.
Susanne Kronsuckerová a já nemáme moc společného.
Je blondýna, moderátorka v televizi a nosí tradiční bavorské oblečení.
Mám tmavé vlasy, jsem student a moje šaty jsou již nošeny.
Ale je tu jedna věc, která nás spojuje: málokdy jsme v stanu, fotografové se k nám již spěchali a naplnili své paměťové karty s fotografiemi - je to velmi lákavé především, protože jsem poprvé na Oktoberfest.
Tak se stanete přáteli.
Zdá se, že tradiční bavorské levné oblečení plní své funkce.
Ve skutečnosti jako turista na Oktoberfest pocházející z severního Německa má pocit blahobytu s tradičním bavorským oblečením až do tohoto dne byl stále omezený.
Ale poté, co se dostanete do Prada Teresa, není to tak moc.
Téměř všichni nosí tradiční bavorské oblečení nebo kožené kalhoty; nikdo se nezdá být v případě nebo se cítit nepříjemně - všechno je naprosto normální.
Pouze můj přední koberec má vzácné pohledy vedle banánu v čokoládě.
Mounchese přitahuje můj pozornost na můj zadník, který měl špatně oblečený: "Levá část je samotná, polovina je panna, na pravé straně je zapojena, za sebou je vdova."
Bože, teď jsem se za levou.
"Dobře," říká to smích.
Ostatní se nezajímají o mnoho jemných metod flirtování a nosí kašelky, kde je napsáno "To drink to get dressed!" a ukazuje, bez žádosti o jejich zadku.
Mladý chlapec, který se chová exhibicionisticky, se jmenuje Bob, je z Anglie a je také poprvé na Oktoberfest.
Vypadá to jako "gorgeous", což vyslovuje s velmi dlouhou "nebo".
Říká mi to, poté, co jsem dal vedle své sklenice litru piva, která právě pila.
Uložil ho přímo vedle požární úst, většina si myslí, že to je kostka odpadů.
Takže Bob je jedním z známých lidí, kteří umí hodně pit.
Ostatní nemají moc štěstí a nemůžou konzumovat tolik alkoholu.
O osm hodin večer se zdravotní skupiny běží na párty a musí se starat o chudých opilách.
Zdravotníci se objevují pokaždé ve skupině - náhle jsou vždy čtyři lidé, kteří přinášejí stopy pokryté z jedné stanu do druhé.
To funguje stejně jako u většiny návštěvníků: přicházejí pěkné, vrátí se opilé.
Nevidíme, kdo trpí stupněm alkoholu a je v chodbě.
"To jsou ti, kteří už nemohou," odpověděl mi zdravotník odpověděl na mou otázku a zmizel v nepokoji.
Oběť nehody identifikovaná policií
Byla identifikována 63letá chodba, která zemřela v nemocnici poté, co byla zabitá vozidlem v Essex County.
Carole Paulson z Chelmsford Road ve městě Brentwood byla zapojena do nehody, která se stala v pátek odpoledne na Shenfield Road.
Žena byla odvezena do Queen's Hospital v Romfordu, ale později zemřela.
Po nehodě byl zatčen 51letý muž pod podezřením na nepochybné řízení.
Od té doby byl propuštěn pod záruky.
Turecko rozšiřuje diplomatické horizonty
Mnohem dříve, než se Turecko stalo členem Evropské unie, evropské mocnosti odmítaly touhou proniknout do této země.
Ve východní části Bosforu, možná pouze 20 kroků dovnitř Asie, se nachází jedna z nejzajímavějších relikvií katastrofální císařské ambice.
Železniční stanice Hydarpasha byla navržena dvěma německými architekty, Otto Ritter a Helmut Conu, v neo-renesančním stylu.
Alespoň to říkají průvodci.
Budova je umístěna na konci platforem a nese před dvěma věžemi, jeden pro každé rohy, všichni vypadají jako typická německá radnice.
Kamen je špinavý.
Budova ve svém komplexu je trochu dekadentní.
Ale poté, co překonal skříňku, není pochyb o tom, co bylo velkost společnosti, že to byla nejzápadnější dveře.
Stanice byla otevřena v srpnu 1908 německým konzorcem Anatolia-Bagdad Corporation.
Německo, "latecomer" v císařské hře, měla ambici ovládnout Blízký východ prostřednictvím této železnice, která se vyléčila do Damasku, Bagdádu, a mimo to, co je dnes Saúdská Arábie.
Nicméně ambice tohoto císařského Německa selhala během první světové války.
Jejich železnice byly zaútočeny Lawrencem z Arábie a jejími nepravidelnými Araby.
Vzhledem k relativní izolaci okolních oblastí vytvořených zmrazenými hranicemi studené války, spadla dolů.
Britská vláda a když se síly vrhly do Egypta, vytlačily Turky a jejich německých spojenců mimo Palestinu a Sýrii.
Zprávy byly také špatné pro stanici Hyderpasha.
V roce 1917 vybuchl municivní vlak a zničil jeho vyrobenou střechu.
Turecké zdroje připomínají, že je to sabotáž.
Od té doby se stanice rozpadla a zůstala na břehu historie.
Ale dnes tato železnice, vstupní dveře do Anatolie a všech východních středisek, slouží - alespoň symbolicky - k zdůraznění vůle Turecka rozšířit své diplomatické horizonty.
Strana spravedlnosti a rozvoje, která je na vládě - AKP - plánuje novou zahraniční politiku pro zemi.
Relativní izolace okolních oblastí, vytvořená zmrazenými hranicemi studené války, zmizela.
Nyní existuje nová politika spolupráce.
Turecká vláda vynikajícím způsobem zachovává dobré vztahy s Izraelem a Sýrií, s palestinskými frakcemi Hamásu a Fatah, s Irákem a Íránem a samozřejmě s Evropskou unií a Spojenými státy.
Chceme-li vyhodnotit parametry této nové zahraniční politiky, vystoupil jsem do čtení a odešel jsem do turecké hlavního města Ankary, abych navštívil jedného z vůdců AKP, odborníka na zahraniční politiku, tureckého premiéra Suata Kiniklioglu.
Následující ráno - asi deset hodin a půl později - po výletě střešení, což vytvořilo kadence starověkého světa v slavném dokumentárním The Night Mail, jsem přišel do turecké hlavního města - nového města, který byl zamýšlený vládnout nový sekulární stát, daleko od osmanské minulosti.
AKP se svým jasným islámským kořenem však představuje paradigmatickou změnu v tureckém konsenzu.
Na Západě a zejména ve Washingtonu vyvolala nějaké podezření.
Taxi mě vede do sídla AKP, ultramodern kamenné a ocelové konstrukce - postavené ad hoc - v rozvojovém předměstí, obklopené středně postavenými nákupními centrami a "mocnými baleními", kde se manažeři střední třídy v obchodních oblečeních - muži a ženy - shromá.
Suat Kiniklioglu by mohl být středopravní politik téměř každé strany v Evropě.
Jsem si jistý, že ještě má Blackberry.
„Cílem zahraniční politiky strany je opět integrovat Turecko do svého okamžitého sousedství.
Chladná válka byla anomálie," říká mi.
Turecko bylo vyřezáno ve vztazích s jeho vnitřními stranami.
Dnes se musí podívat současně na východ a na západ.
Nejedná se o případ, pokud to není kvůli sobě nebo kvůli sobě.
Musíte dělat oba věci.
"Ale určitě někdy," zeptám se, "Turecko by mohlo být nuceno vybrat?"
"Turecko," odpověděl, "nechce tuto volbu vytvořit."
Pak zdůrazňujeme, že téměř všichni, se kterými jsem do té doby mluvil, se mnou téměř vzpomínají: vztahy, které má Turecko nejen s Blízkým východem, ale s regionem Kavkazu a s celým Černým mořem, představují prospěch pro Evropu a Spojené státy jako pro samou Turecko.
Zpráva zdá se, že s Tureckem na palubě může Evropa ve svém komplexu metaforicky namontovat ty železniční linky, které otevírají svět na východní Asii a na Blízkém východě.
Zase na Hydarpašské stanici, po druhé nespavé noci, se moje myšlenka vrátí ke dvou německým pánům, Herrem Ritterem a Herrem Conu, kteří se před 100 lety podíleli na stavbě této budovy.
Kolik byste byli překvapeni, že ambice Evropy na Blízkém východě jsou dnes v rukou Turecka?
A čeká na trajekt, který mě vrátí přes Bosfor, vzpomínám si, že v těch dnech Turecko bylo považováno za "nemocného muže v Evropě".
Takže neexistuje mnoho pochybností, na kterém bude kontinent, který by měl vyžadovat tato fascinující země.
Vzpomínky: Vernon Handley a William Woodruff
Mark Brown píše, že od roku 1962 je hudební režisér Guildfordu, Vernon "Tod" Handley (11. září) byl zodpovědný za Filharmonický orchestr v Guildfordu a Choru.
Jako součást hudebního projektu pro město založil v následujícím roce svůj úžasný chor mladých lidí, Proteus.
To by mělo být pro děti mladší 21 let, ale v okamžiku, kdy Proteus zpíval svůj konec v roce 1979, někteří z nás skončili 20 let - jen jsme odmítli dát až do choru.
Název "Proteus" (bytí mytologického měnícího tvaru) představoval vůli choru a schopnost vykonávat jakákoliv hudba, která mu byla představena, ať už je to madrigal nebo Messiaen, bez ohledu na to, zda není doprovázena nebo s plným orchestrem.
Hudební všestrannost vytvořená tohoto koru mladých byla často překvapivá, vždy vzrušující, a všechno bylo kvůli inspiraci toho muže a nadšení pro hudbu, která zůstává v průběhu let naprosto konstantní.
Tod nám často říkal, abychom "nechali hudbu mluvit samo o sobě."
Řekl by: "Skladatel ví, co chce.
Všechno je tam, v hudbě.
Jen tak zpíváme!“
Vždy byl naprosto jasný a přesný, i když nikdy nebyl daňový, ani příliš květinový.
Bez ohledu na hudbu, vždy skončil na ještě vyšší úrovni.
John Frayn Turner píše:
Kdyby nějaký řidič měl být gentleman, tohle je Vernon Handley.
V dvou desetiletích jsem ho dobře poznal, kdy řídil Guildfordovou filharmonii od roku 1962 do roku 1982.
Zvláště v posledních 40 letech jsem přezkoumal více než 100 jejich koncertů a mohu upřímně říci, že jsem nikdy, nikdo mě nezklamal – jinak jsem mnohokrát inspirovala.
Tod Handley měl tuto vzácnou kombinaci velikosti a extrémní osobní skromnosti.
Nenáviděl řidiče, kteří slovy prostě "prodávali jeden nebo dva velmi dobře známé válečné koně po celém světě."
Bude nám hodně chybět.
William Woodruff
Profesor John Beckett píše:
V jeho sekvenci Williama Woodruffa (25. září) tvrdí, že "v roce 1946 byl obnoven ekonomický historický studium v Oxfordu a v roce 1950 získal Houblon-Norman výzkumný stipendium... zároveň studoval na bakalářském, magisterském a doktorském diplomu."
To se naučí v poznámce autora Woodruffa v Beyond Nab End, ale to není zcela správné.
V letech 1946 až 1953 byl profesor ekonomické historie na univerzitě v Nottinghamu, sezóně, kdy dokončil doktorskou disertaci o britském gumovém průmyslu, řízenou profesorem J.D. Chambersem, a později vydáno v roce 1958 s názvem The British Rubber Industry.
V letech 1950 až 51 strávil ve Spojených státech, využil stipendium Houblon-Norman a léto 1952 na univerzitách v Illinois, Harvardu a New Yorku.
V roce 1953 opustil Nottingham do Illinois.
Důvod, proč se Woodruff rozhodl přehlédnout tuto část své kariéry, je neznámý.
J. Vicente Rezino na vysoké škole filologie
"Doporučuji výstavu José Vicente Rezino "Flamenco and life" protože jeho černobílé fotografie, dokumentární styl, jsou fantastické.
Přivolali mě pozornost kvůli jejich jednoduchosti a síle, kterou přenášejí, vždy se zabývali hlavními hráči s velkou úctou.
Výstava, která ukazuje mnoho pocitů.
Závěs může zachytit kouzelné okamžiky."
Druhý útok pro superprodej Honda
V listopadu začne Honda na trh druhé generace jazzů.
Jestliže jeho předchůdce již měla širokou bydlivost, tento nový jednoobjem představuje ještě širší vnitřní prostor.
Všechny tyto mechaniky přidávají rafinované mechaniky, které zvyšují pohodlí jízdy a umožňují ušetřit více paliva.
Vývoj vůči revoluci.
To je druhá generace Honda Jazz.
Ačkoli nový Jazz esteticky představuje velmi podobnou řadu modelu, změny v tomto jednoobjemovém objemu jsou mnoho.
Mimo jiné je třeba zdůraznit inovativní design, nová platforma, větší rozměry a nové mechaniky.
Před analýzou nového modelu však je třeba komentovat, že tento nový jazz přichází šest let po první generaci.
Prvním pozorováním je proto, že Honda tento model obnovila v kratší lhůtě než zaměstnanec jiných výrobců.
I když v Evropě je jazz méně známý, na jiných trzích je tento model jev prodeje.
Toto je případ v Japonsku, zemi, kde byl jazz nejprodávanější vůz v roce 2002 a také v roce 2008.
V Japonsku bylo prodáno téměř milion jazzových jednotek od svého vydání.
Druhým trhem byl starý kontinent, s přibližně půl milionu jednotek za šest let.
Honda však chce, aby tento nový jazz umožnil zvýšit prodej v rámci segmentu.
Zatímco v roce 2007 japonská firma na trh zveřejnila celkem 83 000 jednotek jazzu, v roce 2009 odhaduje 100 000 aut, což by znamenalo růst na evropském trhu o 17 %.
Pokud jde o španělský trh, Honda prodává od roku 2002 celkem 8 000 jazzových jednotek, což představuje 6,7 % celkových prodejů společnosti Honda ve Španělsku.
Pokud jde o novou generaci, španělští pobočky očekávají, že za celý rok prodávají dvě tisíce jazzových jednotek.
Přesně přijetí nového jazzu umožní Honda značně zvýšit snížení prodeje ve Španělsku.
Ve skutečnosti očekávají, že ročník skončí s celkem 22 000 jednotek na trh, což znamená 4 000 méně než v roce 2007, což pokles o 16 %.
I přes tento nárůst prodeje Honda zvýšil podíl na trhu ve Španělsku a dosáhl 1,8 %, v porovnání s 1,6 % loňského roku.
Japonská firma také očekává, že v roce 2010 dosáhne 2%.
K dosažení této částky Honda spoléhá na příjezd dalšího nového modelu.
Jedná se o Insight, pětidrátový hybrid a kompaktní velikost - 4,37 metrů délky - od kterého japonská společnost očekává na trh přibližně 200 000 jednotek ročně po celém světě.
Podle odhadů japonského výrobce se ve Spojených státech vyskytne 50% prodejů společnosti Insight, zatímco zbývající podíl bude rozdělen mezi Starým kontinentem a Japonsko.
Komerční spuštění Insight je plánováno v prvních měsících roku, jakmile bude v lednu v Valencii prezentováno ve společnosti.
Pokud jde o první generaci, nový jazz roste ve všech svých poplatcích.
Jeho délka stoupá na 3,90 metrů (5 cm více), šířka na 1,69 metrů (2 cm více) a vzdálenost mezi nápravami na 2,50 metrů, což znamená zvýšení o pět centimetrů.
Výška se však neliší a zůstává ve výšce 1,52 metrů.
Kromě zvýšení rozměrů se také zvyšuje vnitřní obytnost.
Tento zisk je na jedné straně způsoben zařazením nové platformy a na druhé straně zavedením nádrže paliva do centrální polohy řešením, které bylo přijato i v předchozím Jazz.
Také kapacita zavazadla - která má systém dvojího pozadí - stoupá až 399 litrů, více kapacity zavazadla první generace 19 litrů.
Je třeba poznamenat, že tyto opatření jsou z verze s motorem 1.4, protože kapacita zavazadla Honda Jazz 1.2 je 379 litrů.
Další zlepšení - kromě vnějších prvků, jako jsou zadní LED nebo možnost montáže panoramatického skla - je zlepšením přístupu k zadním náměstí.
Dveře, které dávají přístup k druhému řádku, mají otevřený úhel 80 stupňů, oproti 67 stupňům prvního jazzu.
Jsou také nové motory v této druhé generaci jazzu.
Na začátku jeho uvádění na trh bude tento malý model obsahovat dva benzínové pohonky 1,2 a 1,4 litrů.
Obě mechaniky zahrnují technologii i-VTEC, která dosáhne nižší spotřeby, vydává méně oxidu uhličitého, dosáhne vynikajícího mechanického rafinování a zároveň dosáhne vysokého páru v celém systému motoru.
První 1,2 litrová mechanika získává výkon 90 koní při 6 000 revolucích s maximálním párem 114 Nm. až 4 900 otáček.
Tento pohon - který v předchozím Jazz dosáhl 78 koní - představuje výdaje 5,3 litra a emise 125 gramů CO2.
Pokud jde o předchozí pohon, který v předchozí generaci dosáhl 83 koní, nyní má stovku.
Tento Jazz 1,4 z 100 koní dosáhne kombinované spotřeby 5,4 litra a 128 gramů CO2.
Včelá auta, která se zabránila srážkám
Pro pokrok v rozvoji technologií pro prevenci nehody byla tentokrát inspirována příroda, zejména včela.
Japonská společnost vytvořila robot, který na základě letu včel vyhýbá nehodám.
Toto je Bio-mimetic Car Robot Drive, nebo BR23C, který představuje první krok v technologiích pro prevenci střetů.
Inženýři pokročilého technického centra společnosti Nissan Motor Co. vyvinuli tento malý robot ve spolupráci s Centrum pro pokročilé výzkumné vědy a technologii na prestižní univerzitě v Tokiu v Japonsku.
Podle Kazuhiro Doi, generálního ředitele veřejných vztahů pro technologii a výzkum a vývoj řízení značky, je BR23C prezentován jako rozšíření bezpečnostního štítu ve čtyřech oblastech Nissan.
Tento robot má v úmyslu posílit schopnost předcházet kolizi vozidla značky.
Každá včela během svého letu vytváří svůj vlastní osobní prostor ovalovaný, který je velmi podobný Nissanovi bezpečnostnímu štítu.
Ale nejdůležitější jsou oči složené včely, schopné vidět s úhlem více než 300 stupňů ve všech směrech, což vám umožňuje létat bez přerušení uvnitř svého vlastního osobního prostoru.
Chcete-li znovu vytvořit tuto vizuální funkci, inženýři navrhli to, co nazývalo laserový locator (Laser Range Finder).
To zjistí překážky, které jsou vzdálené až do dvou metrů v rádiu 180 stupňů před BR23C, vypočítá vzdálenost na tento objekt a posílá signál na palubní mikroprocesor, který okamžitě vyvolává prevenci srážek.
"V okamžiku, kdy zjistí překážku, malý robot napodobuje pohyby včely a okamžitě změní směr otáčením kola v pravém úhlu nebo větším, aby se zabránilo kolizi.
Největší rozdíl s jakýmkoliv existujícím systémem je to, že úniková manipulace je zcela instinktivní.
Kdyby tak nebylo, robot by nebyl schopen reagovat dostatečně rychle, aby se zabránilo překážkám," vysvětluje Toshiyuki Andoh, ředitel mobilní laboratoře a hlavní inženýr tohoto projektu.
Na rozdíl od včely nemůže být robot odstraněn nahoru nebo dolů, ani diagonálně; může se pohybovat pouze ve dvou rozměrech a ve směru, který mu umožňuje otočit kola a ne v nekonečných směrech a způsobech, jako jsou včely.
Z tohoto důvodu Nissan využil funkci rotace, kromě zrychlení a zpomalení, aby se malý robot zabránil kolizi.
"Tato zařízení potřebuje zpracovávat informace jen každých pár vteřin a působit podle těchto údajů.
Nevyžaduje ukládání informací ani intuitivní logika předchozích manipulací, takže můžete fungovat neustále pouze s pár tucty KB paměti.
Možná to překvapuje, ale nemluvíme o paměťových gigách, ani o megách."
Toto je první krok k rozvoji nových technologií proti okamžitému předcházení kolizí, technologie, kterou Nissan Vaticin zavede do sériových vozidel během deseti let.
Robot používá lithium polymerové baterie, které jsou lehčí a trvá déle než rozmanitost lithium-iontů.
Další možnou budoucí aplikací této technologie by mohlo být integrace jednotky s satelitním navigačním systémem GPS, který řídí řidiče k cíli a vyhýbá se překážkám na cestě.
Tiemble před hypotékou
Je třeba uznat, že americké ministerstvo pokladů, kromě toho, že má hodně tekutiny k injekci, není zbytečné.
Vzhledem k krizi, a aby se zabránilo Američanům, aby se dostali do hypotéky odpadů v pochybných solventních bank, vytvořili mírnou a informativní hra pro prohlížeč: "Bad Credit Hotel".
To znamená hotel špatných úvěrů... nebo problémů.
Tetrickým vzhledem tohoto ubytování a zejména vašeho recepcionista je přemýšlet jeden, dvakrát a až třikrát, pokud je načase požádat o úvěr.
A především, kde to udělat, je pravděpodobně jeho cílem.
Má užitečné, ale nepodrobné informace.
Je to spíše stránka pro teenagery, než místo pro všechny veřejnosti.
Co když se hra dokončí?
Uvnitř hotelu se objevuje pokoj snů.
Něco je, protože koupit lepší dům, ani nemluvit...
Morgan Stanley prodává účast japoncům MUFG
Morgan Stanley oznámil vstup do svého kapitálu Mitsubishi UFJ Financial Group (MUFG), první japonská banka, která vyplatí devět miliard dolarů na získání 21 % svého kapitálu.
Týden po zjištění prozatímní dohody vysvětlily oba banky, že MUFG bude koupit 9,9 % běžných akcií Morgan Stanley za cenu za jednotku 25,25 dolarů, tj. tři miliardy dolarů.
Souhlasená cena je nižší než 19 % účetní hodnoty cenných papírů do 31. srpna.
Společnost MUFG bude investovat šest miliard dolarů s nákupem konvertibilních cenných papírů, což vám zajistí výnos 10 % a konverzní cenu 31,25 dolarů.
Morgan Stanley uvedl, že celosvětová transakce bude prováděna na základě ceny za měřicí jednotku ve výši 29 dolarů, tj. 28 % nad její současnou změnou.
Akce Morgan Stanley však ztratila 6,79 % na 23,07 dolarů v 17:00 GMT.
"Tato strategická spolupráce je důležitou příležitost k urychlení přechodu Morgan Stanleyho k statusu bankovní holdingu," vysvětlil generální ředitel americké skupiny Juan Mack.
Morgan Stanley přijal tento nový status minulý týden, což by mu mělo umožnit diverzifikovat své činnosti, ale on přechází pod autoritou Federální rezervace.
Jeho spolupráce s MUFG také potvrzuje, že současná finanční krize zajišťuje větší jména Wall Street přijímat mnohem opatrnější chování než předtím.
V pondělí předložené podmínky navíc ukazují, že dohoda byla změněna v posledních dnech: v pondělí Morgan oznámil, že prodá až 20 % svého akcií japoncům za téměř 8,5 miliardy dolarů.
"Před týdnem," vysvětlil v Tokiu Toshihide Mizuno, výkonný ředitel společnosti MUFG, " Mysleli jsme, že účast byla složena pouze z běžných akcí.
Ale s ohledem na současnou situaci ekonomiky a trhu jsme se snažili minimalizovat rizika a pokrýt se.“
Na základě vážené průměrné ceny zaplatí MUFG své hlavní papíry Morgan Stanley 7 % nižší než jeho účetní hodnota.
A operace bude převáděna zředěním přibližně 20 % zisku na akci.
Dohoda předpokládá, že MUFG může během jednoho roku převést polovinu svých preferovaných cenných papírů na běžné akcie, pokud jsou prodávány s více než 50 % nad přeměnnou cenou, tedy na 47 dolarů více nebo méně během daného období.
Morgan Stanley ujišťuje, že kapitál MUFG umožní získat investiční příležitosti, posílit svou bilanci a zvýšit svou likviditu.
Jeden mluvčí skupiny však odmítl poskytnout podrobnosti o strategických projektech dvou nových spojenců.
Po investici společnosti MUFG by měl Morgan Stanley ukázat poměr solventnosti Tier One přibližně 15 %, jeden z nejlepších v odvětví.
Morgan musel od konce srpna velmi zmírnit svou rovnováhu.
Poslední týdny byly vyčerpávající pro skupinu, která viděla své nabídky v boxu klesat na polovinu, zatímco náklady na bezpečnost před rizikem vad na své dluhy klesaly.
Tato náklady se v pondělí snížily, ale zůstaly na vysoké úrovni, přibližně 12 %.
Minulý týden Goldman Sachs, jediná "přeživá" velké investiční banky na Wall Street po krádežích Bear Stearns a Lehman Brothers a koupi Merrilla Lyncha, oznámil, že vybral 15 miliard dolarů, částečně pro Berkshire Hathaway, skupinu Warren Buffett.
Rafael Correa v Quito v pondělí.
Zkrácení republiky kolem socialismu 21. století.
Toto je společný projekt venezuelského Huga Cháveza, bolívijského Eva Moralesa a ekvadorského Rafaela Correa.
V neděli, na příklad svých koleg a přátel, je třetím, kdo hlasoval o projektu nové ústavy.
Mise byla splněna, protože 64 % voličů hlasovalo "ano" na referendu, podle oficiálních výsledků, které se týkají 80 % voleb.
Podle těchto výsledků dosáhlo „ne“ 28 %, 7 % hlasů bylo nulové a 0,7 % bylo prázdné.
Za účelem přijetí návrhu ústavy bylo třeba získat polovinu návrhů navíc jednu.
V neděli dva průzkumy provedené při odchodu z volebních středisek a počet nevládní organizace oznámili rozsáhlé vítězství „ano“, což odhaduje od 63 % do 70 %.
Rafael Correa v neděli v pondělí vyhlásil vítězství svého návrhu ústavy.
"Ústava zvítězila," ujistil, že blahopřejila rovníkům, kteří vedou vládu Guayaquil, 280 kilometrů jihozápadně od Quito.
Rafael Correa byl tak pogratulován Chávezem a Moralesem, ale také její chilská kolegou Micaela Bachelet.
Volby, které se budou provádět v klidu, podle pozorovacího poslání Organizace amerického státu (OAS), se týkaly znění 444 bodů, které konsolidují „nový socialismus“, který brán prezident.
Návrh ústavy zahrnuje zvýšení moci státu nad ekonomikou a vyhrazuje jej "plánování rozvoje" země, která žije v podstatě díky získání ropy ze strany zahraničních společností a díky měnám, které posílají jejich emigranty.
Tento návrh, který byl zvolen Correa v roce 2006, také poskytuje posílené pravomoci šéfovi státu, který může každý provádět až dva po sobě po sobě čtyři roky a bude mít možnost rozpustit shromáždění.
Correa již oznámila, že využije tuto moc a v únoru 2009 bude chtít nové mandát.
Ústava také zkonsoliduje princip bezplatnosti zdravotních a vzdělávacích služeb, kterou prezident začal založit v této zemi 13,9 milionu obyvatel, v němž 50 % obyvatel žije pod prahou chudoby.
Konečně předpokládá zakázku přítomnosti cizích vojsk, což ukončí dohodu mezi Quito a Washingtonem o používání ekvadorské základny jako výchozí místo americké operace proti drogám.
19 únosců bylo propuštěno v Čádu
Egyptský velitel vypukl útok na únosce jedenácti turistů a jejích osmi doprovodníků, kteří byli chyceni před deseti dny.
Jsou v Káhiře.
Jedenáct evropských turistů a jejích osmi egyptských doprovodníků, které byly uneseny před deseti dny na poušti, přišli do hlavního města Egypta, poté, co byli v pondělí odpoledne uvolněni.
Ráno byli osvobozeni ze strany egyptských zvláštních sil v Čádu.
Všichni vypadali dobře při příjezdu v 15:30 na palubě zvláštního letadla na vojenskou základnu Al Maza, vedle mezinárodního letiště v Káhiře.
Vrtulníci je okamžitě převezli do nemocnice v rezidenčním předměstí v Káhiře, Maadi, aby byli podány lékařské testy, a proto nebyli schopni mluvit s tistou.
"Jsou dobře zdraví" a únoscům "nebylo zaplaceno žádné záchrany", uvedl na letišti egyptský ministr cestovního ruchu Zoheir Garana.
Dne 19. září tito rukojmí spadli do moci 35 neznámých únosců, zatímco si vychutnali safari v celé zemi v pouštní oblasti na úpatí hory Ouanat, na konci Egypta, Sudánu a Libyje, a od té doby přešli z jednoho zlo do druhého.
Skupina se skládala z jedenácti turistů – pěti Italů, pěti Němců a jednoho Rumunského – a osmi Egyptců – dvou průvodců, čtyř řidičů, jedné hraniční strážce a ředitele cestovní agentury Aegyptous.
Jeden egyptský bezpečnostní ředitel uvedl, že 30 zvláštních sil, přepravovaných na palubu dvou vrtulníků, v noci před úsvitem vyhodili útok.
"Došlo k výměně střelby, zabili polovinu únosců, ostatní utekli," řekl tento zodpovědný, který zachoval anonymní.
Podle něj bylo posíláno do Súdánu 150 členů egyptských zvláštních sil, kde bylo poskytnuto podporu německých a italských příkazů.
Italský ministr zahraničí Franco Frattini zmínil v Belgradu roli tajemných agentů a členů italských speciálních sil.
"Musíme uznat, že jsme tento výsledek dosáhli díky profesionalizmu a účinnosti našich mužů z tajných služeb, zvláštních sil," prohlásil.
Kromě toho zrušil platbu záchrany.
Švédská armáda tvrdila, že během patroly zachytila celozemí na palubě, z nichž byli únosci, kteří zabili šest, včetně chadského šéfa a zastavili dva.
Uvedl také, že jsou spojeny s rebelskou skupinou v Darfuru, hnutím pro osvobození Súdánu-jednoty (SLA-U), prohlášením, které tato skupina okamžitě popírá.
Literatura - Tichá většina kultury
Debata o financování kultury se zabývá hlavními činnostmi a zabývá se současnou volební kampaň.
Raději takhle.
Ale odvětví našeho kulturního života zůstává vždy zapomenuté.
Kdo se vstane, aby prohlásil o nešťastných částkách, které jsou přiděleny malým muzeům, archivům, archeologickým vykopáváním nebo národním historickým místem, které umírají hladem?
Která politika se bude odvážit připomenout federální vládě, aby zanechala své památky a budovy?
Proč nemáme skutečné zákony, které skutečně zachovávají naše dědictví jako v Kanadě a v Quebecu?
Věděla jste, že francouzská vláda věnuje tři a půl milionu eur na obnovu pouze hradu Chinon v údolí Loire?
Ve Spojených státech je ve své Ústavě psáno, že ochrana dědictví je součástí kultury Američanů a že toto dědictví musí být chráněno všechny občany, všechny vyvolené a všechny vládní oddělení, a to vše v dohodě.
V Quebecu, ve Federaci historických společností v Quebecu, se alespoň 40 000 dobrovolných lidí seskupovaných v 211 historických, dědictví, archivních a genealogických společnostech stará o hledání v historii, zachování s málo peněz mnoha soukromých archivů a zachování archeologických.
Jsou to ty, co jsou často psi strážci naší dědictví, kteří protestují s energií a zoufalstvím, když prosazovatelé a odpovědníci vyhazují své bulldozery na naše staré kameny a naše zapomenuté hřbitovy.
Kdy je památka pro dějiny a dědictví?
Nizozemské vlády občanskou součástí Fortis Bank.
Nizozemské státy - jako první v Evropě - pomáhají s nacionalizací belgicko-holandské banky Fortis, která se vyskytuje v potížích z důvodu hypotékové krize na americkém trhu: všechny tři země budou podporovat celkem 11,2 miliardy EUR této finanční a pojišťovny, která má také podnik v Maďáru.
Tento víkend vlády Belgie, Lucemburska a Nizozemska konzultovaly na nejvyšší úrovni s předsedou Evropské centrální banky a vedoucím Evropské komise za hospodářskou hospodářskou soutěž.
Fortis Bank je první, kdo utrpěl krizi v eurozóně v rámci mezinárodní finanční krize, která se vyskytla v několika vlnách před více než rok, takže rozhodnutí týkající se banky mohou být v určitém smyslu považovány za předchozí.
Podle rozhodnutí, které bylo přijato v neděli ráno, budou všichni tři státy koupit přibližně polovinu (49 procent) vlastnictví banky ve své oblasti.
Banka určitě prodá část svého podniku, včetně zejména činností - především pojištění - zakoupených v loňském roce ABN Amró.
Akce Fortisu začaly minulý týden silný pokles a v druhé polovině týdne byly již důležité známky krize v instituci.
Analytici však souhlasí s tím, že se svými 85 tisíci zaměstnanců je tato banka příliš velká, aby se dovolila, aby se rozpadla.
Akcie společnosti se v pátek snížily o 12 procent, což je nejnižším bodem v posledních 14 letech.
Od ledna se hodnota akcií snížila s více než dvěma třetinami.
S ohledem na současné ceny akcií je celková hodnota kapitálu skupiny na trhu přibližně 14 miliard EUR, ale podle ředitelů společnosti to není skutečné.
Směrnice banky naznačila náhlý pokles akcií společnosti Fortis k nebezpečnosti amerického trhu v souvislosti s schválením amerického balíčkového plánu ve výši 700 miliard dolarů.
V pondělí bylo ukázáno již mírné nárůst.
V pátek byl Filip Dierckx jmenován novým generálním ředitelem banky.
Banka také hledala soukromé investory, ale zatím nikdo nedal konkrétní nabídku.
Belgické vlády již dříve ujistily, že investoři se nemusí obávat, neztrácejí peníze.
Mezi zákazníky banky zatím nedošlo k žádné panice, nevrátili se do bankovních kanceláří, aby odstranili své peníze.
Fortis má vlastní pobočku v Maďarsku a koupil také leasingové společnosti.
Zorro v kuřecím
Ve Spojených státech, životní a zdravotní pojišťovny při vidění údajů o nákupu léčivého přípravku často popírají podepsat pojišťovnu.
Odborníci v oblasti ochrany osobních údajů se bojí, že trh osobních údajů bude nekontrolovatelný.
„Existují programy ochrany osobních údajů, které ve všech případech připojí k použití údajů z receptů k schválení dané osoby.
To samé by mělo být v nezávislých rukou, protože pokud ne, "věříme kuřecímu kohoutku" - cituje Washington Post Richard Dick, návrhář programu sledování lékařských receptů.
Pojišťovny zajišťují závislost na ceně pojištění a částce odškodnění zdravotního stavu zákazníka a pokud se domnívají, že riziko je nadměrné, prostě neudělají smlouvu.
Dříve poslali zákazníka na lékařskou kontrolu a s ním podepsali smlouvu, již poznali výsledek kontroly.
Dick před deseti lety vynalezl mnohem levnější postup: s identifikačním číslem zákazníka snadno získá seznam léků zakoupených v posledním a půl roce a samotný program vyvolává závěr o nemocích a zdravotním stavu zákazníka.
Například, pokud užíváte systémově velké dávky tablet snížení cholesterolu, naznačuje, že hladina tuku v krvi je prakticky nevyléčitelně vysoká, takže je okamžitě zahrnuta do vyšší kategorie rizika.
Oběhují mnoho verzí programu, některé dokonce stanoví číslo rizika, takže pojišťovna kromě správy má jen něco dělat, i když v tomto ohledu existují malé obtíže.
Mezi nevýhody programu je například, že některé léky jsou vícepoužitelné, například některé látky slouží jak k léčbě bolesti hlavy, tak pro tepelné vlny, a dokonce i jako antidepresiva.
Tento poslední je důležitým faktorem zvýšení rizika pro pojišťovny, zatímco první ne.
Byly zřízeny zvláštní společnosti pro prohlídku a zpracování těchto údajů, které před získáním potřebných informací z lékárny žádají o schválení pacienta.
Úřady již k tomu donucují, ačkoli dosud nebyly pokuty za zanedbaní.
Některé společnosti v poslední době rovněž vypracují výsledky laboratořských testů a spojují je s údaji o užívání léčivých přípravků získávají přesnější informace o zdravotním stavu pacienta.
Stále více společností mají přístup k těmto údajům a současně je stále obtížnější kontrolovat jejich používání.
Existuje výhradní zákon pro ochranu osobních údajů v oblasti zdravotnictví, ale platí pouze pro pojišťovny a ty, které poskytují zdravotní služby.
Zákon, který poskytuje právo na kontrolu odborných společností pro poskytování osobních údajů, je již před Kongresem.
Dick Richard uznává, že to není dostatečné: proto vyvinul svůj program, který bude požadovat osobní schválení pro poskytování vlastních osobních údajů.
Jedná se o další otázku, kterou tato osoba nemůže zamítnout jeho schválení, protože pokud ne, pojišťovny s ním nepodpírají smlouvu.
Navzdory všemu jsou kuřáci vystaveny dobrou vůli blbečky.
Globální nabídka v Marseille
Evropská unie zdvojnásobí obchod s Indií
Vzhledem k tomu, že Evropská unie a Indie jsou vzájemně obchodními partnery, tato téma kromě ostatních globálních problémů většinou dominovala na pořadí devátého summitu.
Dnes se bude konat i francouzsko-indický summit, který se zabývá především spolupráce v oblasti jaderné energie.
Ačkoli Evropská unie uznává, že Indie je velkou rozvojovou demokratickou moc, která by měla mít v mezinárodních záležitostech větší hlas a hlas, členské země však stále nedokázaly dosáhnout společného jmenovatele, zda budou podporovat Nový Delhi jako stálý člen Rady bezpečnosti OS.
Toto otázka nebyla zabývána v devátém summitu, který včera začal v Marseille.
Francouzský prezident Nicolas Sarkozy, prezident Evropské unie, prezident komise José Manuel Barroso a hlavní zástupce zahraniční politiky Javier Solana přijali Manmohan Singha, premiéra Indie, se kterým dohodli o zdvojnásobení za pět let, což znamená zvýšení jeho obchodní výměny na více než 100 miliard EUR.
Vzhledem k tomu, že v letech 2000 až 2007 se výměna zboží zvýšila z 25 miliard na 55 miliard, není to příliš ambiciózní cíl.
Právně harmonizovali dvacet dvoustranné úmluvy o civilní letectví s Indií, takže letecká doprava může v budoucnu létat.
Indie chce do konce roku 2009 podepsat smlouvu o volném obchodu s Unií.
Sarkozy slíbil urychlit jednání.
Cílem je rovnováha, protože zatímco EU je prvním obchodním partnerem v Indii, Nový Delhi je na devátém místě mezi obchodními partnery v Unii.
Vrchol věnoval pozornost globálním záležitostem.
Obě strany odsoudily afghánskou a pakistanskou situaci a terorismus - všechny formy tohoto posledního - a vyhlásili si konferenci OSN.
Závěrečná liberalizace obchodního kolo v Doha byla rovněž upozorněna, i když obě strany mají velkou odpovědnost za svůj selhání.
Evropská unie potvrdila, že se bude držet svého energetického a klimatického programu, tj. do roku 2020 chce snížit emisí znečišťujících látek o nejméně 20 procent.
Indie s tím také souhlasí, stejně jako na příštím ročníku klimatické konference by měla dojít k globální dohodě a do roku 2050 snížit výrobu skleníkových plynů o 50 procent.
Chtějí rovněž překázat zvýšení cen potravin a podporovali výzvu mezinárodní konference na přezkum finanční krize.
Vedoucí vlády Indie dnes cestuje do francouzského hlavního města, kde - na dvojím setkání - podepíše dohodu o mírném využívání jaderné energie.
Paříž doufá, že francouzské společnosti dostanou náklady na výstavbu jaderných reaktorů ve výši 20 miliard eur.
Podle informací zpravodajské agentury by byla dohoda na dobu 15 let.
Ve Frankfurtu přes 300 italských vydavatelů
Silná přítomnost italských vydavatelů na mezinárodní vzorce knihy Frankfurtu.
Více než 300 italských vydavatelů bude na 60. vydání Buchmesse, nejdůležitější mezinárodní setkání pro výměnu práv.
Mezinárodní vzorky Frankfurtské knihy čekají na tuto vydání více než 7 tisíc vystavovatelů z 102 různých zemí, kteří budou mít 171.790 čtverečních metrů vzorku s více než 403 tisíc titulů na expozici a Turecko jako čestný host.
Bude místopředseda ministerstva kulturních zboží a činností Francisco Maria Giro zastupovat italskou vládu na ceremonii otevření italské vlajky: Itálie bude institucionálně a skutečně přítomna s bodem Itálie - 264 čtverečních metrů expozitního prostoru.
Buchmesse bude mít setkání s stampou Room Structure na vlajce 5.0 Buchmesse: bude to příležitost představit čísla, trendy a prospekty o stavu redakcí v Itálii.
Podle údajů se váha zahraničních autorů postupně klesá nad celkovou italskou produkci, zejména pro dospělé a dospívající.
Letadlo Steve Fossetta nalezeno před rokem zmizelý milionář
Byly nalezeny zbytky letadla Steve Fossett, zmizelého milionáře 3. září 2007, při letu po Nevadě.
Rozpady byly nalezeny na nadmořském výšce ve výšce 3000 metrů, v oblasti Nevady v Mammoth Lakes, na hranici mezi Kalifornií a Nevadou.
Uvnitř letadla nebyly žádné lidské zbytky.
"Letadlo bylo nalezeno, jsme poslali loď a nyní máme potvrzení, že je to vlastně to, o čem Steve Fossett létal dnem jeho zmizení," řekl na konferenci.
Komisař uvedl, že nebyly nalezeny žádné lidské zbytky, ani v letadle, ani v okolí.
63letý milionář byl v únoru zabit.
Americká kancelář pro bezpečnost dopravy (Ntsb) oznámila, že několik hodin po zjištění zbytků byla odeslána oddělení vědců, kteří identifikovali zařízení: je vlastně Bellanca 8kcab, rozptýlený od 3. září 2007, kdy Fossett odletil z Yeringtonu do Nevady po tří hodinovém let.
Včera v Kalifornii, nedaleko od Nevady, některé osobní zbytky Fossett byly nalezeny párem v blízkosti jeho domu v Mammoth Lakes.
Jde o dva dokumenty s názvem Fossett, ty dva vydané Federální leteckou správou Illinois, hotovost a šálek.
Hledání Fossetta bylo přerušeno měsíc po jeho zmizení.
Miliardář získal místo v historii díky dlouhé řadě prvníků.
V roce 2002 se šestý pokušený stal prvním člověkem, který dokončil světovou otáčku do vzdušného balónu: dva týdny samotného letu.
O tři roky později se otáčel světem letadlem a bez letadla.
Mezi jeho rekord, také proto, že letěl na výšce 15.445 metrů, nad Andy, ale s kopilotem.
Glk, reklama, kterou se nečekáš
Suv mimo schémata s původním a dobře založeným designem s definovanými řádky a určitými úhly.
To je v souhrnu Glk, poslední narozen mezi "kompaktní" hvězdičkový dům, se kterým se Mercedes-Benz snažil v tomto odvětví dát nové okno.
Vlastní obsah mimo tradiční, bude neočekávaný a nekonvenční, komunikace, která bude doprovázet vydání suv Glk, který je k dispozici v výstavních místnostech Mercedes-Benz od 17. října.
Reklamní kampaň, která doprovází debut nového automobilu, zahájila nevydanou komunikaci prostřednictvím 3D reklamní kampaně, kterou poprvé v Itálii použila automobilová značka.
Projekt s maxi-postery, který byl artikulován ve třech různých fázích, který by ovládal centrální ulici milanského nákupního prostředí, Avenida Como, až do 15. listopadu.
První fáze tohoto nového typu komunikace začíná s prezentací automobilu v stereoskopické verzi a díky speciálním brýlím distribuovaným na avenii Jak je možné vidět nový suv v téměř reálných rozměrech a ve trojrozměrném formátu.
Podívejte se na obrázky, budete mít dojem, že auto vyjde z plakátu.
Následně prostřednictvím využití inovativní technologie Elumina8 bude nová Glk osvětlena ve různých časech ve všech detailech, aby se obnovila do jediného obrázku.
Mercedes bezpochyby s touto reklamou se snaží zavést něco nového do stereotypu automobilové komunikace.
Můžete s tímto formulářem zajímat zájem budoucích kupujících? uvidíme.
Je jasné, kdo jsou italští hooliganové
Zakázka přístupu k sportovním demonstracím byla hrána na Trivenetu.
Ale kdo jsou ty 150-200 dívky a chlapci, z nichž se Itálie nyní stydí? Jsou součástí skupiny "Itálie", která již léta následuje italská národní strana a která, pravděpodobně, nikdy nevytvořila příliš mnoho problémů.
A nikdy se nepotkali s fanoušky jeho rivalů.
Výběr skupiny je vpravo.
Prokurátoři pocházejí z Trivenetu.
Z Verony, Padovy, Trieste a Udine.
V Sofii byla přidána malá skupina (malá jednotka ve skutečnosti) Kampaně a Apulie.
Mají tři barevné vlajky, kde se objevuje původní město militantů: v sobotu večer byly vytápěny tak, aby nebyly identifikovány.
Jsou inspirovány anglickými fanoušky.
V Bulharsku našli skupinu opravdových nacistských fanoušků Levského.
Figc byl k dispozici italským fanouškům 144 vstupenků na zápas: všechny již s názvy, takže snadno ovládatelné.
A ministr vnitřního prostředí je již všechny kontroloval: mezi tím, co vyšlo pro Sofii, neexistoval žádný Daspo (zakaz přístupu k sportovním událostem) v té době, žádný, který mu zakázal frekvenci stadionu.
Čtyři italští fanoušci, kteří měli historii trestného činu na stadionách, odmítli jízdenku a také cestu.
Nyní ministerstvo vnitra očekává, že čte akty, které přicházejí od bulharské policie, aby přijala opatření: v tomto případě je možné dát Daspo (zákaz přístupu k sportovním událostem) po dobu alespoň pěti let fanoušků, kteří byli zatčeni nebo které byli identifikováni v poruchech.
Mezinárodní Daspo (zákaz přístupu k sportovním událostem), který zabraňuje frekvenci nejen italských stadionů, ale také evropských stadionů.
Naši huliganové nebudou dát nohu do stadionu.
Naštěstí!
Ale nyní je strach z napodobení: aby se tito málo padesáti připojilo k dalším.
"Musíme tento požár okamžitě vypnout a neoprávňovat toho, kdo se takto chová," tvrdí ministerstvo vnitra.
Proto "dobře otevřené oči" především v případě střední strany Národní strany v Lecce.
V Apulii je také malý jádro držitelů Ultras Itálie.
Zítra se shromáždí Observatoř, v úterý Cams, který může mít také část Aise (informační a externí bezpečnostní agentura, tj. tajná služba, která se zabývá problémy v stadiu.
"Koroly Duce-Duce a zvýšená ruka během Mameliho hymnu? V Bulharsku není realita ...."
Toto je myšlenka (vyjádřená v nešťastném způsobu) Domenico Mazzilliho, již několik týdnů ředitelem Observatoře vnitřního ministerstva (zaujal pozici, která dříve byla Francesco Tagliente a po Felice Ferlizzi).
Mazzilli byl vedoucí Trieste ve veřejné bezpečnosti, kde se nachází jádro držitelů skupiny Ultras Itálie založené v roce 2002.
Je to pravda, jak říká Mazzilli, že v Bulharsku není reálné oslavit Duce, ale ano, chování těch 150-200 fanoušků, kteří byli zahanbeni.
„Nedělám sociolog“, dodává č. 1 observatoře, „reakty jsou přiřazeny v zemích, ve kterých se děje skutečnost.
Dodnes se tato skupina dobře chovala, nyní uvidíme, co se stalo a budeme to v budoucnu zohlednit.
Ale pojďme mluvit také o Mameliově hymně: i ty nejsou skutečné, ale pokud dovolují, nejsou také vzdělávací.
