I populisti a destra trionfano in Austria, hanno un totale del 29 per cento
Secondo i primi risultati preliminari delle prime elezioni parlamentari in Austria, entrambi i partiti hanno provocato un debolezzare percepibile nella grande coalizione attuale e un significativo impulso per i partiti populisti a destra.
Il Partito Popolare austriaco (ÖVP), dove la posizione della testa attuale, Wilhelm Molterer, è stata gravemente giunta, ha subito particolarmente grandi perdite.
Al contrario, il leader della campagna dell’Alleanza per il futuro dell’Austria (BZÖ), il governatore della Carinzia Jörg Haider, sta preparando un ritorno trionfante alla politica nazionale.
Secondo i risultati preliminari, il Partito Socialdemocratico (SPÖ) rimane il più forte del paese con il 29,8% dei voti, tuttavia, ha perso il 5,5% dei voti dalle ultime elezioni del 2006.
ÖVP, che con il suo 25,6% perde quasi il 9% dei voti, ha fatto peggio.
Questi sono i peggiori risultati di entrambi i grandi partiti nella storia post-guerra austriaca, e in particolare per il Partito Popolare, che ha esortato le prime elezioni, è letteralmente un risultato catastrofico.
All'inizio di luglio, quando ÖVP ha lasciato la coalizione, il Partito Popolare ha ancora avuto una leadership significativa su SPÖ nei sondaggi.
Gli elettori, tuttavia, li hanno puniti per aver lasciati sfuggire il governo.
Nelle prime reazioni ai risultati, c’erano già speculazioni sulla possibile dimissione del capo del partito e dell’attuale vice-chancellore Wilhelm Molterer.
Gli osservatori anticipano che questo potrebbe avvenire prima dell’incontro straordinario della leadership del partito lunedì.
Un tale sviluppo semplificherebbe certamente il percorso verso il ricorso sempre più probabile dai risultati elettorali, cioè il rinnovo della grande coalizione di SPÖ e ÖVP.
Dato il rafforzamento di entrambi i partiti populisti a destra - il Partito della Libertà (FPÖ) ha guadagnato il 18% preliminare e il BZÖ undici per cento dei voti - tuttavia, allo stesso tempo, i socialdemocratici hanno espresso paura di una ripetizione dell'anno 1999, quando il Partito Popolare ha concordato con i populisti (FPÖ) che nel 2005 è ancora unito dall'Unione.
Haider, che ha già annunciato di essere pronto a lavorare insieme a qualsiasi partito e presume di tornare a Vienna nella politica nazionale, è ovviamente bancario su questo sviluppo.
Il Partito Verde è entrato anche nel parlamento, ma ha subito una leggera perdita e è caduto da terzo a quinto posto tra i partiti politici austriaci.
Ovviamente nessuna delle altre parti ha superato il 4% e ha entrato in parlamento.
Schwarzenberg: le relazioni con l’India potrebbero peggiorare
Secondo il ministro degli Esteri Karel Schwarzenberg, se non sarà possibile risolvere il problema dei scienziati cechi accusati in India per la raccolta illegale di bacon, potrebbe accadere un certo peggioramento delle relazioni ceco-indiane.
Il ministro ha fatto questa dichiarazione a New York dopo l'incontro di oggi con il suo colega indiano, Pranab Mukherjee.
"Se non è risolto, allora sì, allora avrebbe avuto luogo un certo peggioramento", ha affermato dopo l'incontro iniziato dal lato ceco.
Dopo i negoziati, Mukherjee ha detto che è stato difficile per il ramo esecutivo intervenire in questioni giudiziarie.
Tuttavia, ha detto che nel caso di Petr Švácha, che è stato eliminato dalle accuse e penalizzato con una multa, il governo centrale può negoziare con il governo locale di Darjeeling, sotto la quale la questione appartiene.
"Il suo problema potrebbe essere risolto", ha detto il ministro.
Secondo Mukherjee, sarebbe meglio che Emil Kučera, condannato a tre anni di carcere, appellasse alle autorità superiori.
Potrebbe poi chiedere di essere rilasciato in cauzione e attendere il verdetto al di fuori della prigione, ha spiegato.
Schwarzenberg ha confermato che il suo partner aveva anche detto questo durante i negoziati.
"Raccomanda di appellare a un tribunale superiore, quindi sarebbe possibile perdonarlo", ha detto il capo della diplomazia ceca.
L’unico modo in cui il lato ceco può coinvolgere tutta la questione è quello di fornire ai condannati “sostegno legale competente”, ha detto il ministro indiano.
Allo stesso tempo, ha detto che il lato indiano sta già fornendo loro anche con questo tipo di aiuto.
“È nel nostro maggiore interesse mantenere le migliori relazioni con l’India, che hanno una tradizione di lunga data.
Anche gli indiani lo riconoscono”, ha detto Schwarzenberg.
Allo stesso tempo, come ha detto all’agenzia stampa ceca, ha sottolineato davanti al suo partner che la Repubblica Ceca ha posto grande importanza al problema degli entomologi cechi.
“Consideriamo davvero l’arresto e l’accusa di questi scienziati cechi come un grave errore”, ha dichiarato.
Il ministro ha evitato di rispondere alla domanda di se avesse ricevuto una promessa dalla parte indiana di perseguire la questione.
Ha dichiarato semplicemente "ho già ricevuto alcune promesse".
Arbitrarie ceche battaglia per il pavimento oceanico
Passa verso la mappa elettronica delle pareti che raffigura l'Australia e le aree marine circostanti.
Tuttavia, non è interessato al continente, ma in un piccolo punto perso nel blu dell’oceano.
“Questa isola, e con essa il pavimento oceanico che la circonda, appartiene all’Australia.
Allo stesso tempo, la zona è grande come il continente stesso", dice l'avvocato italiano Luigi Santosuosso, che appartiene al trent'amministratore di dipendenti della Divisione delle Nazioni Unite per gli affari oceani e il diritto del mare.
Il suo capo, il direttore della divisione, avvocato ceco Václav Mikulka, segue quello che sta dicendo e occasionalmente aggiunge qualcosa.
Il zest e l’entusiasmo per il lavoro sono dominanti qui.
Il pavimento oceanico rifugia un mondo finora poco conosciuto ricco di risorse naturali.
È possibile trovare olio, ore e altri minerali, ma anche organismi viventi finora sconosciuti che detengono la chiave, ad esempio, per lo sviluppo di una cura per il cancro.
Un pavimento più grande del continente
Oggi i paesi costieri hanno cominciato a competere velocemente per il nuovo territorio sotterraneo.
Cioè, secondo un accordo delle Nazioni Unite stanno utilizzando i diritti su cui hanno concordato nel 1982 a Montego Bay, in Giamaica.
Questa è principalmente l'area della cosiddetta scaffalatura continentale, che spesso raggiunge fino a diverse centinaia di chilometri dalla costa del dato paese.
Secondo l’accordo, questo paese ha il diritto esclusivo a tutte le risorse dello scaffale continentale.
Semplicemente, la scaffalatura continentale è considerata parte del pavimento oceanico, che è la continuazione naturale del continente sotto il mare e il suo substrato.
Si è raggiunto oltre il bordo del mare costiero, spesso anche oltre il bordo delle duecento miglia nautiche della cosiddetta zona economica esclusiva", spiega Mikulka.
La richiesta del paese dato presenta alla Commissione sui limiti dello scaffale continentale deve essere sostenuta da documentazione scientifica e tecnica basata su molti sondaggi e misurazioni costosi.
È il risultato di molti anni di lavoro preparatorio.
“Uno dei nostri ruoli è quello di fornire alla commissione assistenza tecnica legale e specializzata.
Finora la commissione ha discusso cinque richieste, da Russia, Brasile, Australia, Irlanda e Nuova Zelanda.
Solo gli ultimi tre di questi paesi hanno avuto successo finora", aggiunge Mikulka.
Recentemente il successo dell’Australia, che è stato il primo ad espandere il suo dominio sotterraneo, è stato registrato in tutto il mondo.
Ma anche la Nuova Zelanda ha guadagnato - l'area del pavimento oceanico che la commissione ha concesso è di circa 1,6 milioni di chilometri quadrati, cioè circa sei volte più grande della dimensione del paese stesso.
Entrambi i paesi hanno investito milioni di dollari nel sondaggio.
Il profitto che deriva dall’utilizzo del pavimento oceanico in futuro sarà, sperano, inestimabile.
Anche altri paesi presentano gradualmente le loro richieste.
Hanno fino a dieci anni dal momento in cui hanno ratificato l’“accordo sulla baia di Montego” per farlo.
Dove termina la scaffalatura continentale, inizia l’area del pavimento oceanico dichiarata dall’accordo come “eredità comune dell’umanità”.
Qui nessun paese ha più una posizione esclusiva.
I diritti mineri in questo settore sono concessi attraverso l'accordo stabilito dall'istituzione internazionale.
"Ma il pavimento dell'oceano non è Klondike", dice il direttore Mikulka in modo esagerato, aggiungendo che "le sue aree individuali sono legalmente chiaramente delimitate e il loro regime è ancorato nei contratti".
Cechi nel Pacifico
Parte del pavimento oceanico attualmente appartiene alla Repubblica Ceca.
Lo condivide con altri paesi dell'ex blocco orientale come parte dell'organizzazione comune "Interoceanmetal".
Per accordo, questa organizzazione, come gli investitori di diversi altri piccoli paesi, ha ottenuto lo status di cosiddetto "investitore di pioniere" nel 1991.
È autorizzata a minare nella zona ClarionClipperton nell'Oceano Pacifico, che si trova tra Messico, Hawaii e Kiribati.
L’area indagata dall’investitore è leggermente più grande dell’ex Cecoslovacchia.
Il pavimento dell'oceano è robusto, è una sorta di modello sotterraneo delle montagne Tatra.
“È possibile minare lì su una superficie complessiva di 75.000 chilometri quadrati.
L’area è una ricca località per la raccolta di concrete polimetalli contenenti nichel, rame, cobalto e manganese”, ha detto un altro avvocato, Pakshi Rajan, dell’India.
L’avvocato macedone della divisione, Rober Sandev, porta una tale concretizzazione da dimostrare.
Sembra una piccola patata o, con un po’ di fantasia, la mitica schema, che, secondo la leggenda, ha portato alla vita il Golem.
Forze speciali tedesche presenti presso l'Ostaggio Rescue
Nel risolvere la crisi di ostaggio, il governo egiziano aveva chiesto aiuto dalla Germania - che ha inviato gli esperti.
Quando la spinta è arrivata a shove, le forze speciali erano pronte, ma i loro servizi non erano richiesti alla fine.
Stanno affrontando sempre più dettagli sulle circostanze che circondano la liberazione degli undici turisti europei sequestrati in Egitto.
Secondo i ministri federali della difesa e degli interni tedeschi, le forze speciali tedesche hanno partecipato indirettamente alla missione di salvataggio.
Gli specialisti delle Forze Armate Federali (Bundeswehr) e dei membri della Polizia Federale tedesca (Bpol) e delle sue unità speciali GSG 9 e Air Guard sono stati presenti al soccorso, i portavoce dei ministeri hanno detto lunedì sera, così come i membri dell'Ufficio federale della polizia penale (BKA) e degli esperti logistici dell'A.
Le forze tedesche non erano richieste, tuttavia, perché i captori abbandonarono i loro ostaggi e fuggirono quando divennero consapevoli che gli ostaggi erano presi per essere liberati dalla forza.
Il governo egiziano aveva accettato l’aiuto offerto dalla Germania per contare sulle forze tedesche come backup durante l’operazione.
"Fortunatamente, non è arrivato a questo", ha detto un portavoce del Ministero federale dell'Interno tedesco.
Il gruppo di viaggiatori composto da cinque tedeschi, cinque italiani, una donna romena e i loro otto compagni egiziani erano stati rapiti e rapiti il 19 settembre nel sud dell’Egitto.
Dopo il loro rapimento in una regione deserta nel sud dell’Egitto, gli ostaggi erano stati portati indietro e avanti nella regione confinante tra l’Egitto, la Libia, il Sudan e il Ciad.
Fino ad oggi, l’identità dei cattori rimane sconosciuta, così come i dettagli sul salvataggio o sugli eventuali riscatti.
Nel frattempo, i precedenti ostaggi sono arrivati in modo sicuro e sano al Cairo.
Il ministro degli Esteri tedesco Steinmeier ha detto che sono stati affidati alla cura dell’ambasciata tedesca.
Non ha commentato i dettagli del salvataggio.
A Berlino non sono state fornite informazioni immediate sul loro ritorno in Germania.
Secondo il quotidiano tedesco Bild, i cinque turisti e le forze speciali devono imbarcarsi in un Airbus della Forza Aerea tedesca, che si dice che arriverà in Germania martedì.
La Camera dei Rappresentanti degli Stati Uniti rifiuta il ballout
Il pacchetto di soccorso di 700 miliardi di dollari per i mercati finanziari è ridotto a passare nella prima delle due camere del Congresso degli Stati Uniti.
Il Dow Jones ha preso un naso-nose.
Con un voto di 227 a 206 contro, la Camera dei Rappresentanti degli Stati Uniti ha respinto il pacchetto di soccorso del governo per i mercati finanziari.
Tutti gli appelli del presidente George W. Bush e dei principali funzionari di entrambe le parti, nonostante, non sono stati raggiunti alcuna maggioranza per il programma che era destinato a contenere il caos sui mercati finanziari.
In una campagna drammatica, i sostenitori avevano fatto tentativi disperati di convincere i critici dei meriti del piano di 700 miliardi di dollari.
Barney Frank, uno dei principali negoziatori democratici, aveva chiesto l'approvazione dei rappresentanti, anche se era un piano impopolare.
"È difficile ottenere l'approvazione politica per la prevenzione di qualcosa che non è ancora accaduto", ha ammesso.
Mentre il voto era ancora in corso, il Dow Jones ha visto una caduta di oltre il 6 per cento, o 600 punti.
È stato causato dalle preoccupazioni degli investitori che il salvataggio del governo potrebbe fallire.
Si è recuperato poco prima della fine del voto, solo per prendere un altro naso-nose quando il rifiuto è stato reso pubblico.
Gli esperti ora si aspettano ulteriori forti turbolenze nei mercati finanziari internazionali.
Per l'attuazione del piano è necessaria l'approvazione sia della Camera dei Rappresentanti che del Senato.
Le agenzie di viaggio segnalano un aumento delle prenotazioni
Sarà un buon inverno per le agenzie di viaggio tedesche, ovviamente:
Un sondaggio afferma che il fatturato delle prenotazioni per i prossimi mesi è aumentato significativamente rispetto all'anno precedente - per la stagione invernale fino al 30%, anche.
Nonostante le prospettive di un’economia debole, l’appetito dei tedeschi per il viaggio rimane incontrollato, afferma un sondaggio.
Per le prenotazioni durante la stagione invernale, le agenzie di viaggio hanno visto un aumento del fatturato del 31 per cento rispetto allo stesso periodo dell’anno precedente, riferito a Berlino l’Associazione di viaggi tedesca (DRV).
Secondo la società di ricerca sul mercato GfK, anche negli autunno si è verificato un aumento delle prenotazioni.
Le agenzie di viaggio hanno visto un aumento del fatturato di circa l’11 per cento per ottobre rispetto al 2007, ha detto il DRV.
I risultati sono basati sulle cifre di GfK, che elabora i dati di prenotazione di 1200 agenzie di viaggio tedesche ogni mese e li utilizza per fare proiezioni per il mercato nel suo complesso.
Sono incluse le prenotazioni di viaggio effettuate entro agosto 2008.
A causa di un dollaro debole, soprattutto i viaggi verso gli Stati Uniti erano in domanda, ha detto il DRV.
In questo settore, le prenotazioni erano aumentate di circa un terzo, ha detto.
Inoltre, ha evidenziato la Spagna, la Turchia e la Grecia come popolare tra i tedeschi e le regioni nazionali.
I viaggi di tutto incluso sono stati particolarmente ricercati, ha detto il presidente del DRV Klaus Laepple.
Alla luce dell'aumento dei prezzi dell'energia e del cibo, il loro costo era "più calcolabile per i clienti di quello delle vacanze organizzate individualmente", ha detto Laepple.
I consumatori potrebbero risparmiare denaro attraverso sconti all-inclusive, tra gli altri, Laepple.
Poiché i mesi estivi erano stati molto ben prenotati, anche ci sarebbe stato un altro aumento del fatturato rispetto all'anno precedente, ha detto - anche se un altro sondaggio riporta che il numero di viaggiatori tedeschi è diminuito rispetto all'anno precedente.
La mia prima volta all'Oktoberfest
Hits in stile Spring-break e post-ski in modalità di ripetizione, birra da un litro di mugg e celebrità nel designer Dirndln.
Un debutto di Wiesn.
Tecnicamente, Susanne Kronzucker e io non abbiamo molto in comune.
Lei è bionda, ospite della TV e indossa un Dirndl su misura.
Ho i capelli scuri, sono studente, e il mio abito è di seconda mano.
Ma c'è una cosa che ci collega: siamo stati al Wiesn per appena tre minuti, e già i fotografi stanno affollando intorno a noi e sparando via, riempiendo le loro schede di memoria - molto piacevole, ed è la mia prima visita al Wiesn, per avviare.
Ecco come si rende amici.
Il cheapero Dirndl sembra che stia facendo il suo lavoro.
Per un turista Wiesn di solito situato a nord dell'equatore Weisswurst, quella sensazione confortevole di indossare la guarnizione bavarese tradizionale aveva lasciato molto da desiderare fino ad oggi.
Ma una volta arrivato a Theresienwiese, non è così male come tutto.
Quasi tutti indossano Dirndl o Lederhosn; nessuno sembra disgustoso o imbarazzato - tutto è totalmente normale.
Solo il mio prono di Dirndl ha attirato sguardi strani al venditore cioccolato-banana.
Una donna di Monaco mi ha portato alla attenzione che avevo legato l’apparecchio in modo sbagliato: «Disponibile a sinistra, vergine nel mezzo, impegnata a destra, vedova dietro».
Insomma, tiro da dietro a sinistra il mio proiettile.
“Sembra giusto”, dice e ride.
Altri sono meno preoccupati di tecniche di flirting sottili e indossano cappelli semplici che dicono "troppo ubriachi per vestirsi" e, senza spingere, mostrano alle persone il loro nudo dietro.
Il giovane con l'atteggiamento esposizionista si chiama Bob, è dall'Inghilterra, ed è anche la sua prima volta all'Oktoberfest.
Lo trova 'gorgeoso', con un 'oooo' a lungo stretto.
Mi sta dicendo questo subito dopo aver sbarazzarsi del ‘Maß’ che aveva precedentemente.
Proprio accanto a uno di quei fuochi che tutti sbagliano per sprechi.
Così Bob è uno di quelli infami "Wildbiesler".
Altri non sono abbastanza fortunati per perdere l’alcol in questo modo.
Andando alle otto di notte, alcuni punteggi di paramedici stanno sciogliendo la posizione, frequentando i poveri binger.
I medici appaiono sempre in pacchetti - ci sono sempre quattro alla volta, portando un letto coperto dalla tenda alla tenda.
Funziona come con la maggior parte dei visitatori di Wiesn: quando è vuoto, esce, e quando è pieno, tornano.
Non vedi chi c'è dentro le cassette BAC.
“Sono quelli che non possono più prendere”, gridava uno dei paramedici quando gli ho chiesto, scomparendo nella folla.
Vittima dell'incidente nominata dalla polizia
Una donna pedonale di 63 anni che morì in ospedale dopo essere stata colpita da un veicolo a Essex è stata nominata.
Carole Paulson, della Chelmsford Road di Brentwood, è stato coinvolto nell'incidente venerdì pomeriggio su Shenfield Road in città.
Fu portata all'ospedale di Queen, Romford, ma poi morì.
Dopo l’incidente, un uomo di 51 anni è stato arrestato per sospetto di guida senza cura.
Da allora è stato rilasciato in cauzione della polizia.
L'aumento degli orizzonti diplomatici della Turchia
A lungo prima che la Turchia cercasse di unirsi all'Unione europea, le potenze europee erano desiderate di penetrare profondamente nella parte posteriore della Turchia.
Sul lato orientale del Bosforo, forse solo 20 passi in Asia, è una delle migliori reliquie di questa fallita ambizione imperiale.
La stazione ferroviaria Hydarpasha è stata progettata da due architetti tedeschi Otto Ritter e Helmut Conu in stile neo-rinascimentale.
Almeno questo è quello che i libri di guida ti dicono.
L'edificio si trova in astride alla fine delle piattaforme con una torre a ciascuno dei suoi angoli anteriori alla ricerca di tutto il mondo come un palazzo provinciale tedesco.
La pietra è sporca.
L'intero edificio leggermente decadente.
Ma una volta all’interno dell’ufficio dei biglietti, non c’è dubbio la grandezza dell’impresa di cui questa era la porta più occidentale.
La stazione è stata aperta nel mese di agosto del 1908 da un consorzio tedesco, la Anatolia-Baghdad Corporation.
La Germania, un tardivente al gioco imperiale, ha voluto realizzare le sue ambizioni di dominare il Medio Oriente attraverso questa ferrovia che corre a Damasco, Bagdad, e oltre ciò che oggi è l’Arabia Saudita.
Ma le ambizioni imperiali della Germania furono fondate durante la Prima Guerra Mondiale.
Le sue piste ferroviarie furono attaccate da Lawrence d’Arabia e dai suoi irregolari arabi.
L’isolamento relativo dalla regione circostante, generato dai confini congelati della Guerra Fredda, è andato via.
Le forze britanniche e dominanti avanzarono fuori dall'Egitto e spingerono i turchi e i loro alleati tedeschi fuori dalla Palestina e dalla Siria.
E c'era anche una brutta notizia per la stazione di Hyderpasha.
Nel 1917 un treno di munizioni scoppiò distruggendo il suo tetto elaborato.
Le fonti turche dicono che è stato sabotaggio.
Da allora si è allontanata lentamente, in gran parte circondata dalla storia.
Ma oggi, questa porta ferroviaria verso l'Anatolia e tutti i punti orientali, serve - almeno simbolicamente - per evidenziare l'ampliamento degli orizzonti diplomatici della Turchia.
Il partito governante della Giustizia e dello Sviluppo - l'AKP - ha elaborato una nuova politica estera per il paese.
L’isolamento relativo dalla regione circostante, generato dai confini congelati della Guerra Fredda, è andato via.
Ora c’è una nuova politica di impegno.
Il governo turco ha buone relazioni con Israele e Siria, con le fazioni palestinesi di Hamas e Fatah, con l’Iraq e l’Iran e, naturalmente, con l’Unione europea e gli Stati Uniti.
Per misurare i parametri di questa nuova politica estera, ho imbarcato nel dormitore notturno nella capitale turca di Ankara, per visitare uno dei principali esperti di politica estera dell’AKP, il deputato turco Suat Kiniklioglu.
La mattina seguente - circa dieci ore e mezzo dopo - dopo un giro gigante lungo le tracce che hanno prodotto le vecchie cadenze mondiali del famoso documentario The Night Mail, sono arrivato nella capitale turca - proposto come nuova città per un nuovo intento secolare di girare la schiena sul passato ottomano.
Ma l’AKP con le sue famose radici islamiste rappresenta un cambiamento di paradigma nel consenso turco.
Ha provocato un certo sospetto in Occidente, soprattutto a Washington.
Un taxi mi ha portato alla sede dell’AKP, una struttura ultramoderna di pietra e acciaio - costruita a scopo - in un sobborgo sviluppato, circondato da centri commerciali a metà costruzione e pazienti di energia dove i gestori di mezzo in abiti d’affari - sia uomini che donne - si sono riuniti per fare offerte di mattina.
Suat Kiniklioglu avrebbe potuto essere un politico di centro-destra di quasi qualsiasi altro partito politico in Europa.
Suit, tie, sono sicuro che stava anche confezionando un Blackberry.
“L’obiettivo della politica estera del partito è ora di riintegrare la Turchia nel suo immediato quartiere.
La guerra fredda è stata una anomalia", mi ha detto.
La Turchia era stata tagliata dall’esterno.
Oggi doveva guardare verso est e verso ovest contemporaneamente.
Non era un caso di uno o dell’altro.
Doveva fare entrambi.
"Ma sicuramente in qualche momento," ho chiesto, "la Turchia potrebbe essere costretta a scegliere?"
“La Turchia”, ha detto, “non voleva dover affrontare questa scelta”.
Poi ha sottolineato un punto che quasi tutti con cui ho parlato hanno recitato quasi in rotazione: i legami della Turchia non solo con il Medio Oriente, ma con il Caucaso, e intorno al Mar Nero, sono tanto a vantaggio dell'Europa e degli Stati Uniti quanto con la Turchia.
Con la Turchia a bordo, il messaggio sembra essere, l’Europa nel suo complesso può metaforicamente guidare quelle linee ferroviarie verso est verso l’Asia e il Medio Oriente.
Tornato alla stazione Hydarpasha, dopo un’altra notte insomma, ho pensato a quei due signori tedeschi Herr Ritter e Herr Conu che avevano visto questo edificio essere costruito cento anni fa.
Quanto sorpresi sarebbero stati scoperti che le ambizioni dell'Europa del Medio Oriente ora, in gran parte, possano essere nelle mani della Turchia.
E mentre aspettavo al terminal che il traghetto mi portasse indietro attraverso il Bosforo, ricordavo che in quei giorni la Turchia era sempre stata chiamata "l'uomo malato d'Europa".
Poi almeno non sembrava essere molto dubbio su quale continente dovrebbe affermare a questo paese affascinante.
Vite ricordate: Vernon Handley e William Woodruff
Mark Brown scrive: Come il regista musicale di Guildford dal 1962, Vernon "Tod" Handley (obituario, 11 settembre) era incaricato dell'Orchestra e del Coro Filarmonico di Guildford.
Come parte del suo schema musicale per il distretto, nel prossimo anno fondò il suo meraviglioso coro giovanile, Proteus.
Doveva essere per i sotto-21 anni, ma al momento in cui il Proteus cantava la sua finale nel 1979, molti di noi erano alla fine degli anni ’20 – abbiamo appena rifiutato di rinunciare al coro.
Il nome "Proteus" (il mitologico cambiatore di forma) rappresentava la volontà e la capacità del coro di affrontare qualunque musica che gli sia stata presentata, madrigal o Messiaen, senza accompagnamento o con orchestra piena.
La versatilità musicale prodotta da tale coro giovanile era spesso sorprendente, sempre emozionante, e tutto è dovuto all’ispirazione di quell’uomo e all’entusiasmo per la musica che rimase assolutamente costante nel corso degli anni.
Quante volte ci è stato detto da Tod di "la musica parlare per se stessa".
Direbbe: "Il compositore sa quello che vuole.
Tutto c'è nella musica.
Quindi cantalo!"
La sua tecnica di baton era assolutamente chiara e precisa, anche se mai dittatoriale, né florida.
Qualunque sia lo standard musicale, lo ha sempre sollevato ancora più alto.
John Frayn Turner scrive:
Se qualcuno avrebbe dovuto essere cavaliere, è Vernon Handley.
Lo conoscevo bene durante i due decenni che ha condotto la Guildford Philharmonic dal 1962 al 1982.
Negli ultimi 40 anni ho rivisto più di 100 dei suoi concerti e posso dire onestamente che non sono mai stato deluso con una sola, e molte volte ispirato a loro.
Tod Handley aveva quella rara combinazione di grandezza e modestà personale.
Ha odiato i conduttori che, in sue parole, semplicemente “ha colpito uno o due cavalli di guerra ben conosciuti in tutto il mondo”.
Sarà perso da tanti di noi.
William Woodruff
Il professore John Beckett scrive:
Il suo obituario di William Woodruff (25 settembre) afferma che "nel 1946 ripreso la storia economica a Oxford e nel 1950 divenne un compagno di ricerca Houblon-Norman... mentre studia contemporaneamente per un BSc, un MA e un dottorato".
Questo segue dalla nota dell'autore di Woodruff in Beyond Nab End, ma non è corretto.
Dal 1946 al 1953 è stato docente di storia economica presso l'Università di Nottingham, durante il quale ha completato una tesi di dottorato sull'industria della gomma britannica, supervisionata dal professor J. D. Chambers, e successivamente pubblicata nel 1958 come The British Rubber Industry.
Negli Stati Uniti ha trascorso 1950-51 per una borsa di studio Houblon-Norman, e l'estate del 1952 presso le università di Illinois, Harvard e New York.
Nel 1953 lasciò permanentemente Nottingham per Illinois.
Perché Woodruff ha scelto di brillare su questa parte della sua carriera non è sconosciuto.
J. Vincent Resino alla Facoltà di Filologia
"Raccomando la mostra di José Vicente Resino "Flamenco y vida", perché le sue fotografie bianche e nere, scattate in stile documentario, sono straordinarie.
Le foto mi hanno attirato l’attenzione a causa della loro semplicità e potenza che trasmettono, trattando sempre i soggetti con particolare attenzione.
Un’esposizione che produce profondo sensazione.
Resino è in grado di catturare i momenti magici".
Secondo attacco per il super-vendita di Honda
Il prossimo novembre Honda lancerà il marketing della seconda generazione di modelli di jazz.
Se il modello precedente era già caratterizzato da alta abitabilità, questo nuovo minivan ha uno spazio interno più ampio.
Inoltre, è dotata di una fine meccanica che aumenta il comfort della guida e consente di risparmiare carburante.
Evoluzione invece di rivoluzione.
Questa è la seconda generazione di Honda Jazz.
Mentre esteticamente il nuovo Jazz sembra come il modello precedente, i cambiamenti portati al minivan sono numerosi.
Tra gli altri, vale la pena sottolineare il suo design innovativo, nuova piattaforma, dimensioni più grandi e meccanica piuttosto nuova.
In ogni caso, prima di andare avanti per analizzare il nuovo modello, potrebbe essere utile sottolineare che questo nuovo Jazz arriva solo sei anni dopo l’ingresso della prima generazione.
Pertanto, una prima osservazione dovrebbe considerare che Honda ha rinnovato questo modello più velocemente rispetto alle altre aziende di solito.
Anche se il modello Jazz è meno conosciuto in Europa rispetto ad altri mercati, rimane un fenomeno in termini di vendite.
Questo è il caso del Giappone, dove Jazz è stata la macchina più venduta nel 2002 e anche durante questo 2008.
Solo lì, quasi un milione di unità di jazz sono state vendute dal lancio del modello.
Il secondo mercato era il Vecchio Continente, con circa mezzo milione di unità vendute in sei anni.
Nonostante questi numeri, Honda crede che questo nuovo Jazz aumenterà ancora di più le sue vendite nel segmento.
Quindi, se nel 2007 la società giapponese ha venduto un totale di 83.000 unità di questo modello, nel 2009 stima che sarà di circa 100.000 auto. Ciò prevede un possibile aumento delle vendite del 17% proprio sul mercato europeo.
Per quanto riguarda il mercato spagnolo, Honda ha venduto un totale di 8.000 unità di Jazz dal 2002, corrispondente al 6,7% delle vendite totali per la società in Spagna.
Con la prossima generazione, il responsabile della società in Spagna si aspetta di vendere circa 2.000 unità di Jazz entro un anno.
L’arrivo della nuova Honda Jazz probabilmente lo renderà possibile, riducendo in gran parte la diminuzione delle vendite in Spagna.
Infatti, le persone incaricate del marchio si aspettano di arrivare alla fine dell’anno con un totale di 22.000 unità vendute, ovvero 4.000 unità meno del 2007, con una diminuzione del 16%.
Nonostante l’aumento delle vendite, Honda ha anche aumentato la sua quota di mercato in Spagna, raggiungendo l’1,8% rispetto all’1,6% dell’anno scorso.
Allo stesso tempo, la società giapponese prevede di raggiungere il 2% nel 2010.
Per raggiungere questo, Honda è fiduciosa in un altro nuovo modello del suo.
Questa è Insight, una vettura compatta ibrida a cinque porte, lunghezza di 4,37 metri. La società giapponese spera di vendere circa 200.000 unità di questo modello in tutto il mondo, entro un anno.
Secondo le stime dei mercati e dei produttori giapponesi, il 50% della vendita di Insight provenirà dagli Stati Uniti, mentre il 50% restante provenirà sia dal Vecchio Continente che dal Giappone.
Il lancio commerciale di Insight è previsto per l’inizio dell’anno prossimo, poco dopo la presentazione del modello all’interno dell’azienda nel mese di gennaio a Valenza.
Rispetto alla prima generazione, il nuovo Jazz è cresciuto in tutta la sua interezza.
Raggiunge ora 3,90 metri di lunghezza (cinque centimetri in più), 1,69 metri di larghezza (due centimetri in più) e il suo interasse 2,50 metri, con un incremento di cinque centimetri.
La sua altezza di 1,52 metri, ancora, rimase invariata.
Insieme alla dimensione, il suo interno abitabile è aumentato nello spazio.
Questo vantaggio deriva, prima di tutto dalla nuova piattaforma, e secondo dall’introduzione del serbatoio di carburante in una posizione centrale, una soluzione già adottata nel precedente Jazz.
Inoltre, la capacità del tronco - un doppio volume inferiore - aumenta a 399 litri, una capacità più grande di 19 litri rispetto alla prima generazione.
Da notare, queste sono le misure di Honda Jazz 1.4, mentre la capacità del tronco nel modello 1.2 è di soli 379 litri.
Altri miglioramenti - oltre agli elementi esterni, come il led posteriore o la possibilità di montare il vetro panoramico - riguardano l'accesso migliorato ai posti posteriori.
Porte che consentono l'accesso ai posti posteriori, aperti ora con un angolo di 80 gradi, rispetto a 67 gradi nel primo modello.
Inoltre, tutti i motori sono piuttosto nuovi in questa seconda generazione di auto.
Al momento del marketing, questo piccolo modello sarà dotato di motori a benzina di 1,2 o 1,4 litri.
Entrambi i sistemi meccanici comprenderanno la tecnologia i-VTEC che consente un consumo inferiore di carburante, produce meno emissioni di anidride carbonica, ottimizza i raffinamenti meccanici e, allo stesso tempo, mantiene motore ad alto torsione in tutte le sue fasi.
La versione di 1,2 litri raggiunge una potenza di 90 hp a 6000 volte/min con un torque massimo di 114 Nm a 4900 volte/min.
La propulsione, che nel precedente Jazz ha raggiunto la 78 cv, ha solo bisogno di 5,3 litri di carburante e produce circa 125 grammi di emissioni di CO2 equivalenti.
Rispetto alla precedente propulsione, che nel modello di prima generazione utilizzato 83 cv, la nuova può sfruttare 100 cv.
Il jazz 1,4 con 100 hp raggiunge una combinazione di 5,4 litri di carburante e 128 grammi di CO2 emessi.
Una "macchina delle api" per evitare le collisioni
Nello sviluppo delle tecnologie per la prevenzione degli incidenti, Nissan è stata ispirata questa volta, per natura, e soprattutto dalle api.
L’azienda giapponese ha creato un robot che, imitando il volo delle api, può evitare incidenti.
Questo è il Bio-mimetic Car Robot Drive, o BR23C, il primo passo verso la progettazione di tecnologie per la prevenzione delle collisioni.
Gli ingegneri del Centro Tecnico Advanced di Nissan Motor Co. hanno sviluppato questo piccolo robot in collaborazione con il Centro per la Ricerca Scientifica e la Tecnologia della prestigiosa Università di Tokyo in Giappone.
Secondo Kazuhiro Doi, direttore generale delle relazioni pubbliche per la tecnologia, la ricerca e lo sviluppo del brand management, il BR23C è un’espansione dello Shield di sicurezza delle quattro aree prodotte da Nissan.
Questo robot è destinato a migliorare la capacità di prevenire le collisioni nei veicoli prodotti dall’azienda.
Durante il volo, ogni api crea uno spazio personale ovale molto simile al Shield of Security sviluppato da Nissan.
Ma l'elemento più importante è costituito dagli occhi composti dell'ape, che possono vedere in tutte le direzioni con un angolo extra di 300 gradi, consentendo all'insetto di volare senza interruzione all'interno del suo spazio personale.
Per ricreare queste caratteristiche visive, gli ingegneri hanno sviluppato ciò che hanno definito un localizzatore laser (Laser Range Finder).
Questo meccanismo rileva ostacoli entro 2 metri e un raggio fino a 180 gradi di fronte alla BR23C, calcola la distanza all'oggetto e invia un segnale al microprocessore a bordo che consente immediatamente di prevenire la collisione.
Quando rileva un ostacolo, il piccolo robot imita i movimenti dell’api e cambia immediatamente la direzione girando le ruote ad un angolo destro o più ampio per evitare la collisione.
La differenza più evidente con qualsiasi sistema esistente è la sua azione evasiva che risulta essere totalmente istintiva.
“Se non fosse così, il robot non sarebbe in grado di reagire abbastanza velocemente per evitare ostacoli”, spiega Toshiyuki Andoh, direttore del Laboratorio di Mobilità e ingegnere capo di questo progetto.
A differenza di un'api, il robot non può deviare verso l'alto o verso il basso, o anche diagonalemente. Può muoversi solo in due dimensioni e in direzione verso la sua ruota. Ovviamente, non può correre direzioni e modi infiniti come le api.
Per questo motivo, Nissan ha utilizzato una funzione di rotazione oltre alle funzioni di accelerazione e decelerazione, per consentire al piccolo robot di evitare collisioni.
Questo dispositivo deve trattare nuove informazioni solo ogni pochi secondi e agire da questi dati.
Non richiede di memorizzare alcuna informazione o di utilizzare la logica intuitiva delle manovre precedenti. Per questo motivo può andare senza interruzioni fornite solo da poche dozzine di KB di memoria.
Questo potrebbe sorprendere, ma non stiamo parlando di gigabyte o mega di memoria”.
Questo è il primo passo verso lo sviluppo di nuove tecnologie per la prevenzione delle collisioni, una tecnologia Nissan spera di essere introdotta nelle automobili come caratteristica standard entro dieci anni.
Il robot utilizza batterie polimeriche di litio, che sono più leggere e più durevoli rispetto alla tipologia di ioni di litio.
Un'ulteriore applicazione in un potenziale futuro potrebbe essere l'integrazione di questa tecnologia con il navigatore satellitare GPS per portare il conducente in una destinazione specifica, evitando ostacoli lungo il percorso.
Fai sciogliere prima di richiedere un prestito
Dobbiamo riconoscere che il Dipartimento del Tesoro degli Stati Uniti, che possiede capitali abbastanza buoni da agire, certamente non manca di talento.
Dover affrontare la crisi e impedire agli americani di essere ingannati con prestiti di rifiuti dalle banche sotto i dubbi di insolvenza, ha creato un gioco divertente e educativo per gli utenti di Internet. Questo è "Bad Credit Hotel".
In altre parole, l'"Hotel dei cattivi crediti"... o dei problemi.
L’aspetto oscuro di questo hotel e, in particolare, del suo ricevitore mira a spingere le persone a pensare non solo una volta, ma anche due o anche tre volte prima della richiesta di un prestito.
E soprattutto, pensare piuttosto attentamente su dove applicarlo. Questo è probabilmente l'obiettivo principale del gioco.
Sicuramente questo sistema fornisce diverse informazioni utili, ma offre piuttosto pochi dettagli.
È molto più una pagina web per gli adolescenti che un sito per il pubblico.
Cosa succede se si completa il gioco?
Beh, una stanza dei sogni appare all'interno dell'hotel.
E' ancora qualcosa, perche' l'acquisto di una casa... meglio lasciarla.
Morgan Stanley ha aperto la sua capitale a MUFG
Morgan Stanley ha annunciato la sua entrata al tavolo di Mitsubishi UFJ Financial Group (MUFG), la prima banca del Giappone, che spenderà nove miliardi di dollari per ottenere il 21% del suo capitale, notizie che sono state ricevute da un notevole calo dei prezzi delle azioni.
Una settimana dopo la presentazione di un accordo provvisorio, le due banche hanno spiegato che MUFG avrebbe acquistato il 9,9% delle azioni Morgan Stanley a un prezzo di 25,25 dollari, un totale di tre miliardi di dollari.
Il prezzo di vendita è inferiore al 19% del valore dei titoli il 31 agosto.
MUFG investerà un ulteriore di sei miliardi di dollari nell’acquisizione di titoli convertibili che offrono un reddito sicuro del 10% e con un prezzo di conversione di 31,25 dollari.
Morgan Stanley ha affermato che l’operazione complessiva sarebbe basata su un prezzo unitario medio di 29 dollari, o il 28% sopra il suo prezzo corrente.
Tuttavia, le azioni Morgan Stanley hanno perso il 6,79 per cento a 23,07 dollari intorno alle 17:00 GMT.
"Questa alleanza strategica costituisce un'opportunità importante per accelerare la transizione di Morgan Stanley allo status di holding bank", ha dichiarato John Mack, CEO del gruppo americano.
Morgan Stanley ha adottato questo nuovo status la scorsa settimana, che dovrebbe permettergli di diversificare le sue attività, ma deve passare attraverso l’autorità della Riserva Federale.
La sua alleanza con MUFG conferma anche che la crisi finanziaria attuale costringe i nomi più grandi su Wall Street ad adottare un atteggiamento molto più cauto di prima.
Le modalità presentate lunedì mostrano che l’accordo è stato modificato negli ultimi giorni: il lunedì precedente, Morgan aveva appena annunciato che avrebbe venduto fino al 20% delle sue azioni ai giapponesi per circa 8,5 miliardi di dollari.
"Una settimana fa, ha spiegato Toshihide Mizuno, direttore esecutivo di MUFG a Tokyo", abbiamo pensato che la partecipazione sarebbe completamente composta da azioni ordinari.
Ma dato lo stato attuale dell’economia e del mercato, speriamo di ridurre al minimo i rischi e proteggere le nostre schienze”.
In base al prezzo medio ponderato MUFG pagherà il 7% al di sotto del loro valore di titoli Morgan Stanley.
E la transazione si tradurrà in una diluzione di circa il 20% di guadagni per azione.
L'accordo prevede che MUFG può convertire annualmente la metà dei suoi titoli preferiti in azioni ordinari se questi hanno scambiato più del 50% sopra il prezzo di conversione, circa $ 47 per un dato periodo.
Morgan Stanley assicura che il capitale fornito da MUFG gli permetterà di sfruttare le opportunità di investimento, rafforzare il suo bilancio e aumentare la sua liquidità.
Tuttavia, un portavoce del gruppo ha rifiutato di fornire dettagli sui progetti strategici dei due nuovi alleati.
Dopo l’investimento di MUFG, Morgan Stanley prevede un rapporto di capitale Tier Uno di circa il 15%, uno dei migliori del settore.
Morgan ha detto di aver "significativamente" ridotto il suo bilancio dalla fine di agosto.
Nelle ultime settimane sono state difficili per il gruppo, che ha visto la metà del suo prezzo azionario sciogliere mentre i costi assicurativi contro il rischio di default sul suo debito sono aumentati.
Questo costo è ridotto lunedì ma è rimasto a un nuovo livello elevato, circa il 12%.
La scorsa settimana, Goldman Sachs, l'unica altre principali banche d'investimento sopravvissute a Wall Street dopo l'acquisizione di Bear Stearns e Lehman Brothers e Merrill Lynch, ha annunciato che aveva raggiunto 15 miliardi di dollari, in parte da Berkshire Hathaway, il gruppo di Warren Buffett.
Rafael Correa a Quito lunedì.
Ricostruzione intorno alla Repubblica del socialismo del XXI secolo.
Questo è il progetto congiunto del venezuelano Hugo Chávez, Evo Morales della Bolivia, e del Rafael Correa equatoriano.
Questa domenica, come i suoi colleghi e amici, è il terzo a votare un progetto di una nuova costituzione.
La missione compiuta dal 64% dei votanti ha votato "sì" al referendum, secondo i risultati ufficiali basati sull'80% dei voti.
Sulla base di questi risultati, il "no" ha ricevuto il 28%, il 7% dei voti erano invalidi e il 0,7% erano voti vuoti.
Per adottare il progetto di Costituzione, dovrebbe ottenere la metà dei voti più uno.
Domenica, due sondaggi condotti al di fuori delle stazioni elettorali e un’organizzazione non governativa avevano annunciato una grande vittoria per il “sì”, della gamma tra il 63% e il 70%.
Rafael Correa aveva affermato durante la notte da domenica a lunedì la vittoria del suo progetto di costituzione.
La "Costituzione ha trionfato così sovraffollantemente", ha assicurato, elogiando gli Ecuadori nella sede di governo a Guayaquil, a 280 km a sud-ovest di Quito.
Ovviamente, Rafael Correa è stato congratulato con Chavez e Morales ma anche con la sua controparte cilena Michelle Bachelet.
Il sondaggio, che è stato condotto pacificamente sotto il controllo dell’Organizzazione degli Stati Americani (OAS), è coperto dal suo testo 444 punti che consolidano il “nuovo socialismo” sostenuto dal presidente.
Il progetto di costituzione santifica il potere dello Stato sull'economia, riservandolo alla "pianificazione dello sviluppo" di un paese che vive principalmente dall'estrazione di petrolio da parte delle aziende straniere e dai soldi stranieri che essi inviano ai loro migranti.
Buoyato da Correa, eletto nel 2006, il progetto fornisce anche maggiori poteri al Capo di Stato, che può portare fino a due termini consecutivi di quattro anni e sarà in grado di dissolvere l’Assemblea.
Correa ha già annunciato che avrebbe utilizzato quel potere per cercare un nuovo mandato nel febbraio 2009.
La Costituzione consolida anche il principio dei servizi sanitari e dell’istruzione libera che il presidente ha iniziato a stabilire in questo paese di 13,9 milioni di abitanti, dove il 50% della popolazione vive sotto la linea di povertà.
Essa prevede anche il divieto della presenza di truppe straniere, che porterà fine all’accordo tra Quito e Washington per l’utilizzo dell’Ecuador come base di lancio per le operazioni antidroga statunitensi.
I 19 ostaggi sono stati rilasciati in Ciad
Una squadra di comando egiziana ha lanciato un attacco contro i rapitori di undici turisti e le loro otto escort catturate dieci giorni fa.
Sono al Cairo.
Gli undici turisti europei e le loro otto escort egiziane tenute prigioniere per dieci giorni nel deserto sono stati ritornati lunedì pomeriggio senza danni alla capitale egiziana.
La mattina furono rilasciati da un comando egiziano in Ciad.
Apparentemente adatti, gli ostaggi arrivarono circa 1530 ore a bordo di un aereo speciale alla base militare di al-Maza, collegato all'aeroporto internazionale del Cairo.
Sono stati immediatamente trasferiti, senza poter parlare alla stampa, tramite elicottero all’ospedale di Maadi, un quartiere residenziale del Cairo, per effettuare esami.
Sono in “buona salute”, e “niente riscatto è stato pagato” ai captori”, ha dichiarato il ministro egiziano del Turismo, Zoheir Garanna, sul tarmac.
Capturato il 19 settembre durante un safari in un 4x4 ai piedi del Monte Ouanat ai confini con l'Egitto, il Sudan e la Libia, questo gruppo di ostaggi era stato gettato intorno da un nascondiglio ad un altro da 35 rapitori sconosciuti.
Include 11 turisti - cinque italiani, cinque tedeschi e un romano - e anche otto egiziani: due guide, quattro autisti, una guardia di frontiera e il direttore dell'agenzia Aegyptous, organizzatore del safari.
Un funzionario egiziano di sicurezza ha dichiarato che 30 membri delle forze speciali, portati a bordo due elicotteri, avevano lanciato l’assalto durante la notte appena prima dell’alba.
“Un scambio di incendi è successo, e la metà dei rapitori è stata uccisa, l’altra metà è fuggita”, ha detto il funzionario che ha richiesto l’anonimato.
Ha detto che 150 membri dell’unità delle forze speciali egiziane sono stati inviati in tutto il Sudan, dove hanno ricevuto sostegno dai comandos tedeschi e italiani.
Il capo del corpo diplomatico italiano Franco Frattini a Belgrado, dove attualmente è, menziona il ruolo svolto dagli agenti segreti italiani e dagli elementi delle forze speciali.
“Dobbiamo riconoscere che abbiamo raggiunto questo risultato attraverso la professionalità e l’efficacia dei nostri uomini dai servizi segreti, dalle forze speciali”, ha detto, senza ulteriori dettagli.
Ha anche negato di pagare un riscatto.
Il giorno precedente, l'esercito sudanese aveva affermato di aver intercettato un veicolo di pattuglia 4x4 a bordo dei quali erano i captori, uccidendo sei, tra cui la testa del Chade, e arrestando due.
L’esercito ha affermato che erano collegati a un gruppo ribelli a Darfur, l’Unità del Movimento di Liberazione del Sudan (SLA-U), qualcosa che questo movimento ha immediatamente negato.
Lettere - La maggioranza silenziosa della cultura
Un dibattito sul finanziamento della cultura ha fatto i titoli e ha ampliato questa campagna elettorale.
Bene.
Ma un settore della nostra vita culturale rimane sempre dimenticato.
Chi denuncia la miseria concessa ai piccoli musei, agli archivi, ai siti storici archeologici o nazionali che stanno affamati per il finanziamento?
Quale politico osa ricordare al governo federale che sta trascurando i suoi monumenti e edifici patrimoniali?
A Quebec, in Canada, non abbiamo leggi reali che preservano efficacemente il nostro patrimonio?
Sapevate che il governo francese dedica tre e mezzo milioni di euro solo per il restauro del castello di Chinon nella Valle di Loira?
I nostri vicini americani hanno scritto nella Costituzione del loro paese che la protezione del patrimonio fa parte della cultura americana e che tale patrimonio deve essere protetto da tutti i cittadini, tutti gli eletti e tutti i dipartimenti governativi, e questo, in cooperazione.
A Québec, la Federazione delle Società della storia del Québec, almeno 40.000 volontari raggruppati in 211 agenzie di storia, patrimonio, archivi e genealogia sono interessati alla ricerca della storia, con la conservazione di pochi fondi, pile di archivi privati e la conservazione di resti archeologici.
Spesso sono i cani di guardia del nostro patrimonio, che protestano con l’energia della disperazione quando sviluppatori e costruttori lanciano i loro buldozer contro i nostri vecchi edifici e i nostri cimiteri dimenticati.
Quando ci sarà un forum per la storia e il patrimonio?
Fortis banca nazionalizzata parzialmente dai governi Benelux
Benelux ha aiutato Fortis, la banca belga-olandese - che è il primo istituto finanziario europeo in difficoltà a causa dell'effetto successivo della crisi del prestito americano - da un acquisto di stato parziale. I tre paesi hanno accettato di iniettare 11,2 miliardi di euro nella società bancaria e assicurativa ungherese.
Alla fine di questa settimana, il Belgio, il Lussemburgo e i governi olandesi hanno consultato il tema al più alto livello, coinvolgendo il Presidente della Banca centrale europea e il Commissario di concorrenza della Commissione europea.
All'interno della zona euro, Fortis è la prima banca colpita dalla crisi finanziaria internazionale che si avvicina in onde negli ultimi 12 mesi, quindi, da un certo punto di vista, le decisioni prese possono essere considerate precedenti.
Secondo la decisione adottata domenica sera, ogni governo prende una quota del 49% nelle banche di Fortis nei rispettivi paesi.
La banca vende certamente alcune delle sue scommesse, soprattutto le attività di assicurazione, che ha acquistato dall’ABN Amro olandese l’anno scorso.
La scorsa settimana le azioni di Fortis hanno cominciato a sciogliere profondamente, poi nella seconda parte della settimana sono apparsi in azienda segni di una grave crisi.
Gli analisti sono d’accordo che la banca - con i suoi 85.000 dipendenti - è troppo grande da permettere di andare in bancarotta.
Le azioni della banca sono diminuite del 12% venerdì, che è il livello più basso record per 14 anni.
Il valore delle azioni è diminuito di due terzi da gennaio.
Tenendo conto dei prezzi attuali, l'intero valore del capitale di mercato del gruppo è di circa 14 miliardi di euro. Tuttavia, i direttori dell'azienda dicono che ciò non riflette la realtà.
La gestione incolpa le incertezze all'estero - legate all'accettazione del pacchetto americano di 700 miliardi di dollari - per la caduta delle azioni di Fortis.
Le azioni hanno mostrato un leggero aumento lunedì.
Filip Dierckx è stato nominato venerdì il nuovo direttore esecutivo della banca.
L’istituto finanziario stava anche cercando acquirenti privati, ma finora non è stata fatta alcuna offerta sostanziale.
Il governo belga ha dichiarato in precedenza che gli investitori non avevano motivo di preoccuparsi, non avrebbero perso i loro soldi.
Nessun panico è emerso finora tra i clienti della banca; nessuna urgenza bancaria è avvenuta.
Fortis ha un'istituzione bancaria in Ungheria e ha acquistato le società di leasing.
Fox In The Henhouse
Le compagnie di assicurazione sanitaria e di vita americana spesso rifiutano di vendere assicurazioni a alcuni cittadini, a causa dei loro dati di acquisto di droga.
Gli esperti della protezione dei dati hanno paura che il mercato dei dati diventi incontrollabile.
"Esiste un programma di protezione dei dati che richiede il permesso dell'interessato al fine di utilizzare i dati di prescrizione del farmaco.
Dovrebbe essere indipendente, altrimenti la fossa guarderà il cane", cita il Washington Post, Richard Dick, sviluppatore del programma applicabile per il monitoraggio delle prescrizioni farmaceutiche.
Le società di assicurazione decideranno sulla tariffa di assicurazione e sull’importo da pagare in caso di danni a seconda della condizione di salute del cliente applicante, e se lo ritengono troppo rischioso, non forniscono assicurazione.
I clienti che applicavano sono stati inviati per effettuare un esame medico e il contratto è stato concluso solo alla luce dei risultati di screening.
Dick ha sviluppato un metodo molto più economico dieci anni fa: sulla base del numero di identificazione del cliente il tipo di farmaci acquistati dal cliente negli ultimi 18 mesi può essere facilmente rilevato, quindi il programma può trarre le conseguenze da sé in relazione alle malattie che il richiedente soffre e alla loro condizione di salute.
Ad esempio, il caso di acquistare regolarmente grandi dosi di farmaci che riducono il colesterolo si riferisce praticamente al fatto che il cliente ha intrattenibilmente alto livello di grasso nel sangue, di conseguenza che questa persona sarebbe immediatamente messo in una categoria di rischio più elevata.
Il programma ha varie versioni in commercio, alcune di queste definiscono anche il fattore di rischio, quindi l'assicurazione non ha altro da fare che i documenti, anche se sorgono difficoltà minori.
Uno dei svantaggi è il fatto che alcuni farmaci possono essere utilizzati per vari scopi, ad esempio qualche formula medica sono per trattare la migraina, le onde di calore o persino la depressione.
L'ultimo è un fattore di rischio in aumento significativo dal punto di vista degli assicuratori aziendali, mentre gli altri due non sono.
Ci sono aziende specifiche che si occupano di ottenere e elaborare i dati, e chiedono il permesso dal paziente prima di acquisire le informazioni necessarie dalle farmacie.
Sono già obbligati a farlo, anche se i loro precedenti fallimenti non sono stati penalizzati.
Alcune aziende elaborano anche i risultati degli esami di laboratorio e collegano quelli ai dati sul consumo di droga. In questo modo possono fornire informazioni più accurate sulla condizione di salute dei pazienti.
Sempre più aziende ottengono l’accesso ai dati e, parallelamente, il controllo del loro utilizzo diventa sempre più difficile.
Esiste un atto specifico sulla protezione dei dati sanitari, ma la sua portata comprende solo fornitori di assistenza sanitaria e società di assicurazione.
La legge sulla fornitura di potere di ispezione per le autorità sulle aziende che trattano la fornitura di dati è stata presentata al Congresso.
Dick Richard si rende conto che non è sufficiente: è per questo che ha sviluppato ulteriormente il suo programma, che ora restringerebbe il trasferimento dei dati per richiedere il consenso espresso dell'interessato.
È un'altra domanda, tuttavia, che il richiedente non può realmente rifiutare il consenso, altrimenti le compagnie di assicurazione non concludono il contratto con loro.
Quindi i ganci, in un certo grado, continueranno a dipendere dalla benevolenza della fossa.
Globale Marseille Menu
Unione Europea e India Doppio Commercio
Poiché l'Unione europea e l'India sono i principali partner commerciali l'un l'altro, l'agenda del nono vertice è stata anche dominata da questa questione, oltre ad altri problemi, principalmente globali.
Oggi si terrà anche un vertice francese-indiano, in particolare sulla cooperazione nucleare.
Anche se l'Unione europea riconosce che l'India è una potenza democratica mondiale emergente, che dovrebbe essere concessa di più a dire negli affari internazionali, gli Stati membri non sono ancora stati in grado di raggiungere un accordo se sostengono la permanente appartenenza di Nuova Delhi al Consiglio di Sicurezza delle Nazioni Unite o meno.
Così questa questione non è stata costretta durante il nono vertice, organizzato ieri a Marsiglia.
Il presidente francese Nicolas Sarkozy come presidente rotante dell’Unione, il presidente del Comitato José Manuel Barroso e il capo della politica estera, Javier Solana, ha accolto il primo ministro indiano Manmohan Singh e ha accettato di raddoppiare, vale a dire un aumento di oltre 100 miliardi di euro, il flusso commerciale in 5 anni.
Dal momento che lo scambio di merci è aumentato da 25 miliardi a 55 miliardi tra il 2000 e il 2007, questo non è un obiettivo eccessivamente ambizioso.
Di conseguenza, 26 convenzioni bilaterali esistenti per l’aviazione civile con l’India sono state legalmente armonizzate, il che significa che in futuro il traffico aereo può avviare.
L’India mira a firmare l’accordo di libero scambio con l’Unione fino alla fine del 2009.
Sarkozy ha promesso di accelerare l'armonizzazione.
L’obiettivo è quello di trovare l’equilibrio mentre l’India è il partner commerciale numero uno dell’UE, allo stesso tempo Nuova Delhi ha solo il nono posto nell’elenco dei partner dell’UE.
Il vertice si è concentrato su questioni globali:
Per quanto riguarda la situazione in Afghanistan e Pakistan nonché il terrorismo, quest'ultima è stata condannata in ogni forma da entrambe le parti ed è stata invitata a convocare la Conferenza delle Nazioni Unite.
Anche il completamento del Doha Trade Round è stato accelerato, anche se entrambe le parti sono finora responsabili del fiasco.
L’UE ha confermato di mantenere il proprio programma energetico e climatico, il che significa avere l’intenzione di ridurre le emissioni degli inquinanti dell’aria di almeno il 20 per cento entro il 2020.
L’India ha concordato con questo così come con l’obiettivo di raggiungere un accordo globale alla conferenza climatica che sarà prevista l’anno prossimo e di ridurre l’emissione di gas serra del 50% entro il 2050.
Un altro obiettivo era quello di prevenire la crescita dei prezzi alimentari e di sostenere un appello a una conferenza internazionale per rivedere la crisi finanziaria.
Il primo ministro indiano sta andando a un incontro bilaterale nella capitale francese, dove intende venire ad un accordo sull’uso pacifica della potenza nucleare.
Parigi prevede che le aziende francesi vengano assegnate contratti per costruire reattori nucleari in India a un valore di 20 miliardi di euro.
Secondo l’agenzia di notizie, l’accordo sarebbe in vigore per 15 anni.
Oltre trecento editori italiani a Francoforte
Forte presenza di editori italiani alla Fiera Internazionale del Libro a Francoforte.
Più di trecento saranno gli editori italiani presenti al sessantesimo anniversario di Buchmesse, l’evento internazionale più importante per lo scambio di copyright.
La Fiera Internazionale di Libro a Francoforte si aspetta per questa occasione più di settemila espositori provenienti da 101 paesi diversi che occuperanno i 171.790 metri quadrati di terreno della Fiera con più di 403.000 titoli in mostra, e la Turchia sarà l’ospite d’onore.
Francesco Maria Giro, sottosegretario del patrimonio culturale e delle attività, rappresenta il governo italiano alla cerimonia di inaugurazione del padiglione italiano: infatti l’Italia sarà presente come istituzione con uno stand italiano – 264 metri quadrati di spazio espositivo.
Seguirà la conferenza stampa alla Sala Structure of Pavilion 5.0 della Buchmesse: questa sarà l’occasione in cui saranno presentate figure, tendenze e una visione dello stato dell’industria editoriale italiana.
Secondo i dati, c’è una progressiva diminuzione dell’importanza dei libri da parte degli autori stranieri nella produzione italiana, in particolare per adulti e bambini.
Trovato l'aereo di Steve Fossett il milionario scomparso un anno fa
È stato trovato il deserto dell'aereo di Steve Fossett, il milionario che scomparve il 3 settembre 2007 mentre volava sul deserto di Nevada.
Il deserto è stato trovato su un piatto a 3000 metri di altitudine, nella zona di Sierra Nevada di Mammoth Lakes, al confine tra California e Nevada.
All’interno dell’aereo, tuttavia, non c’erano resti umani.
Lo sceriffo della contea di Madera, John Anderson, ha disperso qualsiasi dubbio rimanente: “L’aereo è stato trovato, abbiamo inviato un team e ora abbiamo conferma che è quello su cui Steve Follett stava volando il giorno in cui scomparve”, ha detto in una conferenza stampa.
In seguito, il sceriffo ha sottolineato che non sono stati trovati resti umani né in aereo né nella zona circostante.
Il milionario, 63 anni, è stato abbandonato per morto a febbraio.
L’American National Transport Safety Bureau (NTSB) ha riferito che alcune ore dopo la rovina è stata inviata un team di ricerca, che ha poi identificato l’aereo: è il Bellanca 8KCAB, che è scomparso dal 3 settembre 2007, quando Fossett è partito da Yerington a Nevada per un volo di tre ore.
Ieri, sempre in California, non lontano dal confine con Nevada, alcuni effetti personali appartenenti a Fossett sono stati trovati da una coppia vicino alla loro casa a Mammoth Lakes.
Gli articoli sono due documenti a nome di Fossett, entrambi rilasciati dalla Federal Aviation Administration of Illinois, alcuni soldi e una maglietta.
La ricerca di Fossett è stata cancellata un mese dopo che era scomparso.
Il milionario si era guadagnato un posto nella storia grazie a una serie di record mondiali.
Nel 2002, al suo sesto tentativo, divenne il primo uomo a completare il giro del mondo in un palloncino d'aria calda: un volo solo di due settimane.
Tre anni dopo fece il viaggio in tutto il mondo in aereo senza atterrare.
Tra i suoi numerosi record c’è anche il volo a 15.445 metri, sopra gli Andes, ma con un co-pilota.
Glk, la pubblicità che non ti aspetta
Un SUV che è al di fuori delle norme con un design originale definito da linee decisive, ampie superfici e angoli tagliati puliti.
In breve, questa è GLK, l’ultima aggiunta ai veicoli off-road "compact" del produttore con cui Mercedes-Benz ha cercato di lasciare in questo settore un’aria fresca.
Proprio perché le sue caratteristiche sono fuori dalle norme tradizionali, il messaggio che accompagnerà il lancio del SUV GLK sarà anche inaspettato e non convenzionale, sarà disponibile nelle sale show Mercedes-Benz dal prossimo 17 ottobre.
Quindi, la campagna pubblicitaria che accompagnerà il debutto del nuovo veicolo avvierà un nuovo metodo di comunicazione che include anche una campagna futuristica di billboard 3D, utilizzata per la prima volta in Italia da un marchio automobilistico.
Un progetto di grandi billboard, inaugurato in tre fasi diverse, che dominerà la strada commerciale più centrale di Milano, Corso Como, fino al 15 novembre.
La prima fase di questo nuovo tipo di comunicazione inizierà con una presentazione della vettura in visione stereoscopica, e grazie a occhiali speciali distribuiti nel quartiere di Corso Como sarà possibile vedere il nuovo SUV in vera dimensione e formato 3D.
Infatti, guardando l’immagine si otterrà la sensazione che la macchina usci dal poster.
In seguito, attraverso l’utilizzo della tecnologia innovativa Elumina 8 tutti i dettagli del nuovo GLK saranno illuminati in vari momenti e poi ricomposto come un’unica immagine.
Senza dubbio, Mercedes, attraverso questo annuncio, sta cercando di introdurre qualcosa di nuovo nel campo convenzionale della pubblicità automobilistica.
Riuscirà con questa formula a provocare l'interesse dei futuri acquirenti? Vedremo.
Ecco chi sono gli ooligani italiani
del Tri-Veneto, che può essere vietato partecipare alle attrezzature sportive (Daspo).
Ma chi sono quelle 150-200 persone di cui l'Italia ora è vergognata? Fanno parte del gruppo "Ultras Italia" che da anni ha sostenuto la squadra nazionale di calcio e finora, si sa, la verità, non ha mai creato problemi importanti.
Neppure non si è mai sconvolto con i fan oppositori.
L'estrazione del gruppo è l'ala destra.
I promotori provengono da Tri-Veneto.
Da Verona, Padova, Trieste e Udine.
Questi sono stati uniti da alcuni piccoli gruppi (in realtà, molto pochi membri) da Campagnia e Puglia.
Hanno bandiere tricolore con la città di origine dei militanti su di loro: sabato, questi sono stati rimossi in modo che non potessero essere identificati.
Prendono le loro idee dai fan inglesi.
In Bulgaria, hanno trovato sostenitori che erano veri nazisti, il gruppo Levski.
La FIGC aveva messo a disposizione dei fan italiani 144 biglietti per la partita: tutti personali, quindi facilmente controllabili.
E il Ministero degli Interni di Viminale li aveva infatti controllati tutti: tra quei gruppi che andavano a Sofia nessuno era stato vietato, nessuno era stato vietato frequentare uno stadio.
Quattro sostenitori italiani, che avevano precedenti crimini legati allo stadio, erano infatti stati rifiutati i biglietti e mantenuti di andare.
Ora il Ministero degli Interni sta aspettando di essere in grado di leggere i registri ufficiali, che dovrebbero arrivare dalla polizia bulgara prima di prendere misure: in questo caso, è possibile vietare da almeno cinque anni i sostenitori che sono stati arrestati o quelli che sono stati identificati durante i disturbi.
Un divieto internazionale che vieta la partecipazione non solo di stadi in Italia, ma anche in tutta Europa.
I nostri hooligani, in breve, non sarebbero entrati in un altro stadio.
Fortunatamente.
Ma ora c’è paura di emulazione: questo è che altri si uniscono a quel pochissimo più di cento cinquanta.
“Dobbiamo immediatamente mettere fuori questa conflagrazione e non legittimare quelli che si comportano in questo modo”, afferma quelli del Ministero di Viminale.
Quindi, "occhi ampiamente aperti soprattutto dal momento che la squadra nazionale gioca mercoledì a Lecce".
In Puglia c’è infatti un piccolo nucleo di sostenitori di Ultras Italia.
Domani l’Osservatorio si incontra, martedì il CASMS che può contare su una sezione dell’AISE, che è il servizio segreto, che gestisce esattamente i problemi negli stadi.
"Il coro Duce-Duce e il braccio si estendevano durante l'inno Mameli? In Bulgaria non è un crimine..."
Questi sono i pensieri (espressi con grande delusione) di Domenico Mazzilli, che, a partire da qualche settimana fa, è il direttore dell’Osservatorio dei Viminali (ha ottenuto il post inizialmente tenuto da Francesco Tagliente e poi da Felice Ferlizzi).
In precedenza, Mazzilli era stato capo dell'amministrazione della polizia a Trieste dove c'è un nucleo di sostenitori di Ultras Italia, fondato nel 2002.
È vero, dice Mazzilli, che in Bulgaria non è un crimine cantare inni al Duca, ma sicuramente il comportamento di quei 150-200 fan è stato vergognoso.
"Non sono un sociologo - aggiunge il n. 1 dell'Osservatorio - il crimine dovrebbe essere imputato nel paese in cui si verifica l'incidente.
Fino ad ora questo gruppo è rimasto all'interno delle linee, ora vedremo cosa è successo in realtà e lo valutaremo per un riferimento futuro.
Ma parliamo anche del fischio dell’inno Mameli: non è nemmeno un crimine in Bulgaria, ma, se mi è permesso di dire, non è buone maniere ...”.
