加州水利工程的新问题
批評家和州立法者說他們想要更多解釋 是誰在付160億美元水利工程的費用 由政府贊助 Jerry Brown 在加州水利區的領導人說 Brown政府提供政府資助 完成兩條巨大的水隧道的計劃
批評者說, 來自洛杉磯的大都会水區(Lass Angeles)周四所描述的政府資助, 可能違背长期政府保證,
地道預期支出2.48億美元, 尚未取得管制批准, 已經是正在进行的聯邦稽核的議題。
星期三 州立立法者下令 對隧道預算也做一次州立稽核
週四,州長南希·沃格爾說,尽管有设在洛杉磯的都市水區的帳號,但將不使用州一般基金中的任何款项完成目前兩條隧道的规划阶段。
議員蘇珊·艾格曼(Susan Eggman)是本週稽核命令的州立法者之一,
David Wolfe說:「這是一場空殼遊戲,
我認為這是昨天的稽核(請求),
布朗和一些有政治影响力的水区 以及中加利福尼亚州和南加州的供水客户 都支持了隧道工程
支持者說隧道會為環境帶來好處 給加州人提供更安全的供水
反對者說他們害怕州政府會利用隧道 從薩克拉門托河和舊金山灣 分流太多的水,
都城與其它水區都打算從隧道中取水, 卻尚未承諾為這些地區支付水費,
這項計畫若非先獲得規定批準, 便不會花錢完成目前初步的隧道工程。
由LA的供水區(LA)公布的月報指出:「州政府表示,
包括他所在的水區的6300萬美元, 「這將是預期的」, 政府會用政府資金關閉計畫,
他向州发言人Vogel提出了进一步的问题。
Vogel 说州政府打算拉钱 完成隧道规划 从用户付费 现有的半个世纪的供水网络, 州水项目。
但地道反對者指出2009年州立法者通過的一個措施, 他們說禁止州政府花錢在地道上,
Patricia Schiferle說:「工程承包商承諾為這項工程付款,
這引起了一些問題 關於這些錢是在哪突然找到的
企業團體對中國的呼籲 超越網路安全法
一個国际企業團體的聯盟呼吁中國改變他們所警告的網路安全規則,
致中国總理李克強的信由来自美國、歐洲、亞洲及拉丁美洲的46個團體簽署,
簽名者包括美國商会、歐洲服務论坛以及日本、韩国和墨西哥的團體。
要求提供商向中國政府展示安全產品的運作方式,
最新信件於星期三表示,
天津化学爆炸:一年前的致命灾难
张孟凡說天津的爆炸案 公眾應該知道
中國領袖可能希望靜默紀念活動舉行一週年的活動,
John Sudworth從天津報到
幾乎在世界其他地方 一個如此巨大的災難的週年 將會帶來一個 民族反省的瞬間
但不是在中國
在天津市(Tianjin)举行一些死亡消防员的追悼仪式,
共產黨控制的媒體被告知它能說什麼和不能說什麼,
但23歲的張孟凡不肯安靜
「在這週年, 公眾應該有辦法知道發生了什麼事」,
我不想要沉默。
去年8月12日, 張先生是位无线电操作員,
「那晚10點53分接到電話, 我們開始派隊友」,
他們要花10分鐘才能到現場
其他來自城市其他地方的船員也抵達, 以對抗一個化學儲藏庫的大火。
他們都不會知道大量易燃有毒物被非法储存,
火是一整批硝化纤维素——指甲油中的一种化学品—— 被允許干涸,然后在夏天的熱量中點燃而起的。
然后它蔓延到一大堆... 800吨... 硝酸铵肥料
後來爆炸打破了窗戶, 把屋頂帶進了Zhang Mengfan在收音機旁等待現場消息的消防站。
那些報告從未收到
"當我看到蘑菇云時 我陷入絕望的狀態" 他告訴我
我知道這對我的朋友意味著什麼
那晚26名消防員從他的單位被派到火焰中 其中有8人沒回來
許多其他人受了嚴重的燒傷和其他傷害。
兩場大型爆炸中最大的一次是地震事件,
包括被摧毀的300多座建筑物。
共有173人喪命,其中104人是消防員。
八具屍體沒找到
政府官方調查對貪腐、政治聯系及官方串通,
倉庫原本不該建得這麼近
100多名官员和公司主管正面临某种纪律或刑事调查。
政府可以指出已取得的进展, 数千座房屋已修复,
這場災難揭露了快速經濟發展是重中之重的系統的裂痕,
那晚的勇氣和責任感是不容置疑的 但除了消防員的英雄形象外 還有另一張不舒服的照片
作為受害者的消防員 被送入了可避免的 人造的災難
张孟凡已离开消防队,
他將為死去的同志們帶來信息
我最想告訴他們的是: 我去看望了你的父母,他們都很好。
把你的父母交給我吧
我現在是你的家人了
我會履行你的孝敬之職
寒冷的春天可能會影響蘇格蘭的雜草射擊季
蘇格蘭的雜草射擊季將在後期開始, 今年的寒冷天气襲擊鳥數。
許多小雞在寒冷的泉水中沒活下來,
蘇格蘭遊戲管理員協會(SGA)表示,
但動物保護慈善組織 OneKind 要求停止對鳥的"血腥屠宰"
這個組織的導演Harry Huyton說:「為射擊而維持 豐富的遊戲鳥群供應的努力是巨大的, 必然會涉及一些極具爭議性的做法。
蘇格蘭少數民眾都享受這種殘酷的、不必要的行為。
但土地所有者堅持他們要保護他們 殺人對农村經濟至关重要
SGA的會長Alex Hogg表示, 工業每年在偏僻地區支援八千八百個全職工作,
蘇格蘭沒有根深蒂固的「打獵」文化, 許多民眾不知道槍擊季對國家的經濟影響。
Hogg先生表示, 以槍擊為生的全職工作數量超过了愛丁堡国际節、Fringe、Tattoo和Hogmanay共同創造的職位。
他又說:「現在在蘇格蘭鄉下,
我們希望與蘇格蘭政府合作,
苏格兰RSPB 认为八只金鹰 被非法杀害 在草原沼泽地附近
但SGA表示, 工業在「最佳做法方面已大有進步」。
青蛙射擊季的開幕日 傳統稱為"Glorious 12"
野生動物體體體體遭迫害。
周四蘇格蘭RSPB表示, 不到五年內, 在Inverness东南的Monadhliath山區, 有八座有標記的金鷹消失了。
野生動物慈善會相信他們是被非法殺害的 在草原沼澤附近,他們的衛星追蹤標籤被毀了。
蘇格蘭環境部長Roseanna Cunningham表示,
Cunningham女士命令官員用標籤分析 90名幸存和失蹤的老鷹的證據 以确定是否有可疑活動模式
蘇格蘭Moorland團體指控RSPB在雜草季前試圖激起反射擊的感覺,
2016年里约奧運會:布萊尼·佩吉為大不列颠贏得彈簧銀
GB的頁面在蹦床上贏得銀牌
Bryony Page在Rio奪取銀牌, 成為第一個贏得奧運跳板獎牌的英國女性。
加拿大的Rosannagh MacLennan第二任奧運冠軍, 得分56.465,
世界冠軍李丹拿了青銅, 而英國的另一個決賽選手凱瑟琳·德里斯科爾 卻是第六名。
我不敢相信我贏了奧運獎牌
「我好高興」,
我不知道這是一枚獎牌 但我的表演是我所能做的最好的, 這就是為什麼我如此快樂,
我很高興能跟Kat分享結局 一個人會成為歷史 我們有兩個人
在贏得奧運銀牌之前,
特拉姆波林在2000年首次參加奧運賽 這是英國女性第一次登上決賽
對獎牌的反應
聯合部隊是Nathan Bailey 周六男士跳台舞中唯一的男性成員 欣喜若狂
兩次奧運體育生漢娜·惠蘭 很快就對佩吉的成就表示讚揚
Page在Shefffield大學取得生物學的一等學位
2016年的Rio:斐濟球迷慶祝贏得橄欖球七金牌。
一个12岁的男孩跑过甘蔗田 跑半英里跑到最近的电视机看比赛
斐濟首次贏得奧運獎牌後,
銀行關閉,商店關閉,街頭的流浪者接管了蘇瓦舞、歌唱和歡呼的街道。
斐济在德奥多罗体育场的橄榄球决赛中击败大不列颠43-7,
数以千计的岛国人民 停止了他们所做的事 来观察历史的交配。
斐济庆祝国家赢得有史以来第一枚奥运奖牌,
許多穿著斐濟顏色和橄欖球衣的支持者,
最後一聲哨聲響起 興奮的狂歡者走上街頭歡呼和跳舞
有些人甚至把車停在蘇瓦的繁忙街道上, 帶著斐濟旗子出來參加慶祝活動,
慶祝會一定會繼續到週末和週末。
愛爾蘭聯盟首選部:芬恩·哈普斯 0 -5 Derry市
Aaron McEneff對芬恩公園的觀光客 施以兩分之一的懲罰
戴瑞市已升至第二位 由於菲恩·哈普斯贏了5比0的比賽
Aaron McEneff讓糖果公司控制了局面 兩人因Lukas Schubert的犯规判了兩分之一的處罰
內森·博伊爾在下半場開火回家 舒伯特在第四場被擊中 在基思·沃德的死黨完成芬恩公園大賽之前
戴瑞在科克市前一步 周一晚上球隊在白朗蒂威爾碰面
這季是Derry第一次贏得西北部對手的比賽,
在Ciaran Coll對舒伯特的挑戰17分鐘後 McEneff就把開刀人藏起來了 儘管這犯規似乎就在盒子外
毫無疑問的是第二個點擊手 前任糖果店員Barry Molloy 帶下Shubert和McEneff
Boyle從迪安·賈維斯(Dean Jarvis)的手術中完成八分鐘後的診斷
市長杰拉德·多赫蒂今晚很安靜 但他做了個好手 拒絕David Scully參加主辦人最精彩的比賽
Schubert在83分鐘後就把球打翻了 接著是沃德在Harps stropper Richard Brush 上的巧妙芯片
這是Derry在競選中最大的勝利 也為和Cork的比賽做好了完美的準備
在因弗內斯學院大功告成后被檢驗
包括20名學生,
大多數上課的人都是17歲和18歲的人,
Inverness College UHI 表示已建立质量保证程序,
SQA的一個發言人說,
20名學生簽署了因弗內斯大學 由UHI經營和有標記的課程
許多學生都是鄉村的年輕人, 上網接受學費,
其中一位學生的父親說, 在他女兒在社交媒體上發布她不為她工作而獲獎的消息後, 至少有十位學生來表達,
他在網路上告訴BBC News Scottland說, 去年在Inverness大學上同樣課程的另外5人,
這意味著他女兒無法在格拉斯哥大學取得一席之地,
但她父親說還有其他人上過大學的媒體課,
Inverness Cool UHI是高地和群島大學的一部分。
Diane Rawlinson, Inverness College UHI 校長兼主管,說:「我們很嚴肅地看待考試結果和學生的成績。
今年早些时候我們收到了出色的HMIE报告,以及逐年提高我們在高等教育和高等教育中的成就水平,就证明了这一点。
同每年一樣,我們正在审查所有公布的结果,并将结果与每个学生的预测结果进行比较。
就這一課程而言, 通常的质量保证程序已建立, 授标机构核查人最近報導「這項授權的交付與管理有重大優點」,
SQA正在我們的要求下調查此事
SQA的一個發言人說:「我們很高興2016年的媒體高級評估如意,
許多候選人表現強壯,
它的設計符合過去和經典文件 也符合我們的課程和评估準則
在基爾馬諾克因武士劍'血盆'而坐牢的兄弟們
Jason Bryden被武士刀 刀 和雙弦棍攻擊
兩個兄弟因為在東愛爾夏州 一起毒品搶劫案 被關進監獄 因為他用武士劍殺了一個人
受害者Jason Bryden, 38歲, 在2015年7月5日基爾馬諾克家中遭到攻擊,
在格拉斯哥高等法院 James Clark 36歲 在被判谋杀罪后 被關了至少22年
他的兄弟John 38歲 被判十年有期徒刑 罪名是更輕的謀殺罪
Bill Dunlop法官在兩位法官面前 都對兄弟們說 他們已經進行了"殘忍 殘忍 殘忍和殘忍的攻擊"
他拒絕任何關於布賴登先生 正在等待他們帶著武士劍的說法
Dunlop法官又說:「你們共同計劃,
Jason Bryden可能是個毒販 但他是個兒子 父親和朋友
他被你屠宰了
領導調查的Det Insp David Moran表示:「John和James Clark的暴力及恐怖行為造成Jason Bryden死亡」。
在如此恐怖的情況下,在38歲時被帶走,是家庭被迫忍受的令人心碎的局面。
法院先前听取了Kilmarnock兄弟們的說法, 他們決定搶走Bryden先生的金手鏈,
這對人喝醉嗑藥喝醉 戴著疤巾 帶著刀子和武術雙打手 回到他家
殺人用的劍据信是死者的
鄰居們說他們可以看到 克拉克在布萊登先生坐在窗邊的沙發上 攻擊他 并聽到他尖叫
檢察官理查德·戈達德對審判說: 「這是對這個人的持续而瘋狂的攻擊」
後來,殺人現場 被描述為"血洗"。
除了刺傷之外 布賴登先生在襲擊中 受了钝器傷
他三天后在基爾馬諾克的 十字路口醫院死了
兩兄弟都否認殺人
在證據中, James Clark, 曾有38人被判有罪, 包括一起謀殺未遂罪, 表示:「我不是故意的,那是意外」
John Clark 先前有23人被判有罪 他說他只參與了幫他弟弟 他声称他弟弟被Bryden先生攻擊了
他因為發抖和殺死他兒子而坐牢
David Sinclair承認2012年在東基爾布裡德的家中殺害了孩子
一個因為吃不下食物而震撼和殺死孩子的人 已經被關了7年3個月
2012年12月6日, David Sinclair在拉納克郡南部東基爾布裡德的家中,
死因只有經醫學專家的審查才發現
Sinclair 34岁 最初被控谋杀罪 但承认对轻罪杀人罪的罪名有罪
法官布拉卡代爾(Lord Bracadale)在格拉斯哥高等法院對他說:「你搖晃你的兒子,
你一定在震撼他的時候就知道了 但你沒有透露出來
只是在做了大量醫療調查后 你才承認自己做了什麼
你的妻子相信你。
她現在覺得自己被你誤導了 再也支持不了你了
Bracadale大人形容Joshua的死對一切有關的人來說是「灾难性的」,
法庭先前聽說孩子死那天 Sinclair和他的妻子Kirsty 和Joshua一起游泳,然后在East Kilbride購物。
17: 30 Kirsty Sinclair出去見她媽媽和妹妹
11分鐘後 她接到辛克萊的電話 聽起來很震驚
他告訴她:"約書亞呼吸不好,馬上回家"
然后他掛了 并拨了999。
嬰兒被趕到頭髮醫院 死在那里
起初Joshua的死因不明, 但由一群醫學专家審查,
其中一位專家, Peter Richards博士, 牛津John Radcliffe 醫院的兒科神经外科顧問, 表示:「這與他受的震動傷相容,
伊恩·杜奎德為QC辯護 告訴法庭辛克萊對他的行為"極度悔恨"
2016年里约奧運會:Chloe Tutton似乎質疑尤利婭·埃菲莫娃(Yulia Efimova)
GB的Tutton 錯過了200米的乳房青銅
大不列颠的Chloe Tutton似乎批評有爭議的游泳者Yulia Efimova在俄羅斯在200米乳房前完成後,
Efimova在抗議禁藥後被允許參賽,
20歲的威爾斯游泳員在後來說:「我更希望這是個完全乾淨的遊戲。
我幫不上忙
我對此不滿意 但事實就是這樣
Efimova第二名 三天前才知道她參加了比賽
我不想看到有人退出運動 但我覺得這不太對勁
她不該參加比賽 一個20歲的英國人應該有獎牌
麗凱內托在2016年的Rie Kaneto 贏得日本第七金牌,
中國的金林史爾贏了青銅牌,
她的英國隊友Molly Renshaw 20歲 六歲畢業
」圖頓又說:「第4個是有點沒用,
這段經驗很不錯 我對第四個也有點失望
我離獎牌太近了 那會是個夢
但為了進入決賽 我將與我共度多年的美好經歷
雖然有點消沉 但從长远看 這會讓我更渴望獎牌 所以希望下次我會更親近
Tutton只完成了0.01秒 在200米乳房決賽中 在英國紀錄之外
"每個人都有第二次機會" "Efimova"
Efimova說她已經厭倦了回答關於她過去吸毒的問題,
2013年,她被禁用16個月 之前在她的體內發現了 一種類固醇的痕跡
体育仲裁法院(CAS)裁定,不能以运动员先前受到制裁为由禁止他们进入里约。
CAS考慮了我的上诉 我贏了
她解釋道:「如果有人不喜歡,
我不喜歡涂鴉,我從來沒有用過
第二起案件完全不是我的錯
每個人都有第二次機會
當你開車,你剛拿到一張票 沒有人會把你關進監獄
Ben Proud 超能力到50米自由式決賽
之前 本·布魯德創立了英國紀錄 以達到50米自由式的決賽
聯邦冠軍Proud, 21, 游泳21. 54秒,
你的代表团很挑剔,很無禮
印度的運動部長Vijay Goel在Rio的奧運會中,
印度媒體信托基金(Press Trust of India)報導, 他與他的大批隨行者顯然以不正當的行為,
Vijay Goel, 圖片來自七月,
上週三, 奧運組織者威脅說如果Goel的行為沒有改善,
「我們收到多份你的体育部長報告, 試圖在未經授權人士的會所進入授權區域」,
國會議員試圖解釋這不被允許,
「如果我們的體制團隊知道更多這種行為的例子, 便會取消你的体育部長的委任權,
Goel自己也說他沒有做錯事, 把此事說成是「誤會」。
他推特說:「据我所知,
我們忠于奧運會的精神 支持我們的印度球員
否則這對印度來說是一場陰暗的奧運 至今為止只有零獎牌
社群媒體上無聊的粉絲指出, Michael Phelps現在擁有26個獎牌,
包括2008年在北京贏得金牌的射手Abhinav Bindra。
這次他把第四個了
作者兼專欄作家Shobhaa De在一篇污辱性的推文中說,
但還有一些光明的希望 在拳擊、高爾夫球、網球、賽道和球場 以及,是的,羽毛球的競爭者前進
獨一無二的印度女體操手Dipa Karmakar將在星期天的金庫決賽中比賽,
對於一個有12.5億人口的国家而言, 印度的低獎牌數量一直是令人驚訝的根源。
分析家說這有很多原因
國內的痴迷是板球,
Karmakar的第一座金庫是用一辆老摩托車的零件建造的。
父母历来强调学者而不是体育。
體育團體也受腐敗之苦
2012年,国际奥林匹克委员会因印度奥林匹克协会违反其章程而中止了该协会的活动,因为他们选举了领导人,并提出了未决的刑事指控。
在索契,印度的三個冬季奧林匹亞人 甚至不被允許為國家而競爭, 舉旗或戴徽章。
他們以獨立黨的身份競爭
波士頓-薩克拉門托·杰藍飛向南達科他州
據CBS Sacramento報導,
從波士頓到薩克拉門托的429班機 在本地時間下午7點半前 降落在南達科他州的拉皮德城
航空公司說傷者被送到醫院做評估
Jetblue說它派了人來幫助傷者,
DEA失去了醫用大麻的機會
可悲的答案是:不可能。
這是個錯失了的機會 可能會进一步延遲 無數人有可能接受的治療
直到今天,在密西西比大学 只有一家联邦批准的 研究级医疗大麻来源
在今天似乎正面的消息中, 緝毒署也宣布,
希望供科學研究用的大麻 可以在數量和多样性上增長
雖然這將被稱為研究的勝利, 但大多是象征性的,
想像一下,一個產品的需求量很大,但被鎖在門後。
作為對此產品的需求的回應, 有人做了一個令人困惑的決定 做更多的產品,但還是從來不開門。
Marijuana就是那個產品 它的表一就是那個鎖門
這就是醫用大麻的困境
因為大麻是表一的藥物(意指它依定為「目前沒有被接受的醫療用途,
可能的研究者通常先去DEA, 因為它授予權力 開始科学研究。
即使有许可证,研究附表一物质,机构也必须安装重型保险箱和高等级的安全系统,费用可能很高。
由學院批准研究表一狀態物質, 也更會有主观的考量。
即使个别的教职员都想做这项研究, 大學的領袖可能不想惹麻烦或受到不良媒体的潜在影响。
這是在亞利桑那大學發生的 當Sue Sisley博士在試圖進行醫療性大麻審判后 被釋放
Sisley最後不得不為她的項目找到私人資金, 而就在4月,
然后,经过多年的官僚主义障碍之后,是全国药物滥用研究所掌握了锁的最后钥匙。
今天,它是最大的 联邦公共資金 大麻研究 并且一直是唯一的 大麻供应者本身。
即使更多醫療大麻現在將被釋放供研究,
但問題是 最後一個名字是"虐待"
根據舊金山大學的Donald Abrams博士, 我為我的紀錄片《大麻》接受訪問,
阿布拉姆斯有很重要的一點
即使研究确实跨越了上述所有障碍,但如果目的是研究医用大麻的好处而不是伤害,大门仍可被锁住。
過去5年間, 美國醫學國際圖書館快速(且承認非科學性)搜尋了1,434篇醫療大麻論文。
同樣的搜查只顯示了57份醫用大麻福利文件
大多數人研究大麻的危害性, 例如「大麻的抗生素作用造成的死亡旅行」、「坎納比斯引發的胰腺炎」、「大麻使用與肺癌的風險」等。
不平衡的畫面非常扭曲
醫療大麻研究之路 幾乎到處都是驚喜和虛偽
美國衛生與眾人服務部亦持有大麻藥物專利, 供各種藥物使用。
藥管局仍將大麻與海洛因和迷幻藥放在一起,
嚴格的醫學說 大麻比我們常吃的食物安全得多
例如,食用10份生土豆可能导致有毒反应。
相比而言,食用大麻 足以引致死亡是物理上不可能的
自然形式的Marijuana 是人类所知最安全的 具有疗效的藥物之一
任何合理的分析 大麻可以安全地使用 在被監督的例行医疗。
再說一遍,這是從一位法官 和緝毒署本身。
但近30年之后 卻沒有什麼變化
不管我们是否意识到这一点,我们都接受日常生活中一定程度的虚伪。
也許我們不總是有力量喊出來... ...或者我們太無話可說,太愚蠢了... ...沒有其他人注意到
至於聯邦醫療大麻政策的虛偽,
病人的生命 -- -- 比如夏洛特·菲吉的生命 -- -- 其缉获量因使用医用大麻而减少,以及许多其他人的生命 -- -- 取决于此。
一個植物可以提供如此多的利潤 並且仍然留在這些鎖好門後 值得一提
血腥貝特根:唐納德·特朗普 一個金髮碧路斯科尼
Bloody Beetground 以電子舞蹈音樂著稱
音樂家說特朗普在媒體上的支配地位 和貝魯斯科尼的相似
「你知道,我們以前在意大利有貝魯斯科尼, 對我而言,特朗普看起來像金髮的貝魯斯科尼」, Rifo是電舞朋克隊的創始人,
共和黨總統候選人與義大利媒體變態政治人物皆為知名人物,
Rifo以电子舞蹈音樂出名, 曾與傳說中的Paul McCartney爵士、電動歌手Greta Svabo Bech合作,
Rifo生于1977年在威尼斯城外的意大利城市Bessano del Grappa, 就在朋克摇滚诞生时,
「英文不是我的主要語言,
我試著去探索 我試圖提升我對你文化的理解
Rifao敦促美国人观看《Videocromocracy》, 纪录片探讨贝卢斯科尼对意大利媒体的垄断。
這部紀錄片是關於「貝魯斯科尼過去如何讓義大利發瘋」的,
"你看男人如何完全反轉系統 曲解一切... ...為他的需求,"他說。
特朗普 對我來說 看起來對這個國家不好
兩名土耳其水手被關了五億英鎊的毒品
兩名土耳其男子因在北海一艘船上走私5億歐元的可卡因而被定罪,
Mumin Sahin和Emin Ozmen在格拉斯哥高等法院的審判中被判有罪,
2015年的缉获量 據說是歐洲海中 最大的可卡因運輸量
Mumin Sahin和Emin Ozmen因在毒品交易中扮演的角色而被监禁。
船上的大批毒品 是英國史上最大的毒品之一
這些藥物藏在坦桑尼亚登記的拖船中,
被皇家海軍护衛船 薩默塞特和邊界軍隊 切斷機 HMC Valiant截住
Sahin, 47岁,被判处22年徒刑,而Ozmen, 51岁,在格拉斯哥高等法院被判20年徒刑。
Kinclaven法官告訴人們, 毒品的數量不只重要,
他說:「你們所參與的,是一項最嚴重的商业交易,涉及用船運送可卡因,這項交易跨越了国际和洲际界限。」
他告訴船長Sahin,他"不在毒品樹的頂端" 但是在犯罪中扮演了重要的角色, 而第二名奧茲曼上尉的角色是"在某种程度上更小"。
軍官們在法國海关機關DNRED 發布消息後登上哈馬爾號船,
Hamal MV去年被皇家海軍登陸
船上有三吨可卡因
船上的壓载物箱里塞滿了甲級藥物 當它被襲擊時
船從波斯普魯斯號飛到南美 然后被停在北海
太空的入口 是在船員區之一的衣櫃下找到的 開口被堵住了
Sahin和Ozmen因去年2月20日至4月23日期间在船上携带和藏匿可卡因以及4月21日至4月23日期间供应可卡因而被判有罪。
兩位男子自離學後在船業工作過,
對其他四位男子的控罪沒有被證實
Sahin的律師 Jonathan Crowe說 已婚的兩位父親 是一只"光滑的骡子"
他說:「某人曾参与過毒品的运输。」
一個能駕駛船的人
Sahin先生肯定不在毒品樹的頂端,
船上的可卡因量很大 意味著它們必須被起重機移走
警方花了好几天 才把毒品分解成這些盒子
法庭于2015年2月听取了萨欣关于Hamal上尉一事的询问。
Crowe先生說他錯過了他女兒9歲兒子13歲的里程碑,
兩人自2015年4月被拘留後,
Ozmen的律師Di Moore說他很想見他的家人,
蘇格蘭的皇家檢察官David Harvie(David Harvie)在今天的判決後表示:「国际毒品交易不尊重邊界,
科特蘭在追捕罪犯方面的進展 實際上是全球性的 在這個情況下 我們對有組織的罪犯造成了巨大的经济打击
毒藥被裝進船上的每個洞裡 包括地板下面
這包违禁品是軍官在船上的洗衣房裡 發現的
哈維先生又說:「哈馬爾號是從法國當局的情報消息中找到的,
我們的調查從蓋亞那延伸至西班牙 他提供重要船運記錄 給了我們關于這艘船在加那利島停運的關鍵信息
我們也與丹麥、挪威及美國同事合作,
尽管哈马勒人拥有大量毒品, 但未经坦桑尼亚政府许可, 英国当局无法登上国际水域,
Sue Patten, 皇家检控署(CPS)国际司法與有组织犯罪部長說: '在坦桑尼亚的CPS刑事司法顧問迅速而精确地行事,
根据国际海事法,联合王国不得在国际水域内悬挂外国国旗的船只上船,除非该国给予具体法律许可。
若没有刑事司法顧問的迅速行動, 船可能逃脫的風險就很大, 我們永遠無法將這些人绳之以法。
攝影師Brian Romijn 捕捉了腐敗的「东方快車」列車
來自鹿特丹的攝影師 Brian Romijn 撕裂了這張在比利时被拋棄的火車的照片
圖片顯示列車外圍生锈 座位被撕裂 窗戶被塵埃遮蔽 和緊固的工程師房間
它的名譽是东方快車公司 但是它屬於比利时的國家運輸商
一個城市探險家捕捉到這張令人印象深刻的照片 一張客車的腐爛殘骸 曾經是最佳旅行方式之一
他們的榮耀日子已經過去了, 列車和機車被留在比利时的火車院里腐爛, 在那裡他們成了摄影師和冒險者們的受歡迎的吸引力。
40歲的鹿特丹攝影師Brian Romijn,
列車和機車被留在了比利时的火車院裡腐爛,吸引了城市探險家。
這些列車在1883年至2009年期间 以傳說的名字運行,是奢侈品的象征。
機車在50年前 被比利时的鐵路公司使用
2009年12月在斯特拉斯堡至维也纳, 最后一次以东方快车为名的列车服务, 结束了一段著名的历史。
東方快車在巴黎和伊斯坦堡之間運行
由La Compagnie International des Wagons-Lits經營時,
它在1891年成了东方快車 到了1930年代,它在整个歐洲運行了定期服務
不能和威尼斯的私人公司混為一谈
仍然只有极少数的奢侈品車輛。
這張圖片顯示了 緊密工程師的房間 設備在生锈的地方 測量器仍然裝好 線索也暴露了
Romijn說工程師的房間有點幽閉恐懼 引擎的噪音一定很大
被拋棄的机車和車輛 已經成為攝影師和冒險家的熱門吸引力
Romijn在前往比利时的被遺忘的列車後, 告訴Mail Online Travel:「我真的能感覺到這列車在頭一天的用法。
戴著高帽子的富有先生們 在旅途中 有穿著漂亮衣服的女士們加入
造型藝術家Katelyn Galloway 轉換成被捕的開發部的Buster Bluth
她令人印象深刻的化妝技巧、評論與轉變,
但她最近轉變為逮捕發展部的Buster Blutth, 以任何人的標準來說,這很不可思議。
Galloway女士慢慢且穩定地將自己轉化為無助的勾當角色。
她甚至使用一些來自片尾的節目的聲音, 一個美麗的讚美。
才華卓著的化妝師 開始了她的視頻 作為她的普通金髮女郎
然后,她用時光攝影機 慢慢地轉化成秃頭 被看穿的"媽媽男孩" 就是托尼·黑爾的巴斯特藍斯(Tony Hale's Buster Bluth)
Galloway女士用彩色的隱形眼鏡 遮蔽著鼻子和眼睛 還有把巴斯特的脸畫在她頭上
她慢慢地轉化成托尼·黑爾的布斯特藍色
在影片中, 她也拍攝邪教電視角色的性格與態度,
這段影片在YouTube上分享,
「你很有天賦」 Galloway女士的位子下面有個人寫道
在影片中,她也拍攝了邪教電視角色的性格和禮貌。
"我喜歡你做這些的時候 如何保持性格" 另一個人又說
Vlogger Katelyn Galloway 先前的病毒成功轉變為 公園和娱乐角色 Ron Swanson
她對她的YouTube追蹤者說,
你可以參觀Katelyn Galloway的網站
Lancashire 父亲穿着T恤, 带脏字, 被禁止进入儿童学校
兩位父親因在體育日穿著冒犯性的T恤出現, 而被禁入兒童學校。
Craig McBeth, 36歲, 來自Lancachire的Burnley, 表示「意外」穿在上面,
但是,尽管當他意識到自己的錯誤和把T恤翻到內部時,他表示歉意,但第二天他發現自己被禁止进入校園。
他的單身父親在伯恩利的科爾內Park小学當了四年的總督,
Craig McBeth 36歲 來自Burnley 說他穿了這件攻擊性T恤 在他孩子的體育節上被禁止上學
Burnley先生指控主任教師Sarah Midgely反應過激。
他說他因為在看他兩個孩子競爭前 匆匆匆忙忙地穿上T恤而受到不公平的懲罰
以校長的身份辭職的爸爸說:「這是一個錯誤,
我沒想過運動日 穿衣服時會急著走
總教師注意到我的T恤, 說這不適合。
我道歉 轉身後覺得事情已經結束了
但36歲的孩子說當晚他收到總理的電子郵件,
校長打給我說我被禁止去學校 伯恩利先生說
我發現在運動後, 有些父母上臉書,
任何有理智的人都會認為這是反應過激
McBeth先生是網路雜誌Lovemini的編輯,
但這引起了學校和社會服務部的電話
這件T恤上有一幅Craig Charles的性格李斯特的照片,
他說:「我對他們說,我不在,因為他們禁止我上學。
然後我接到社會服務部的電話 問我為什么沒接我女兒
學校也報警,
McBeth先生說,他被告知,他不再被允许到校舍去,禁令将持续到另行通知为止。
他說,他也被警告,如果發現非法侵入,他可能會面临500英鎊的罚款。
Sarah Midgley, 公園小學的主任老師, 說這件事已經結束了
我確認McBeth先生已辭職, 不再為校長。
我期待九月回到正常的學校生活。
Burnley議員Joe Cooney說學校有清楚的政策和指導。
「當你扮演議員或州長等角色時, 我們必須記住,
國會議員Jonathan Nixon补充说, 他認為學校不該禁止他,
尼克松先生又說:"他穿T恤很蠢,他當時道歉了"
Lancashire警方证实学校叫他们来,
65%的委内瑞拉人想推翻Maduro 问题是他們是否愿意為此而戰
三個委內瑞拉人中有兩個想推翻總統馬杜羅, 但問題似乎在于他們是否願意為此而戰。
在全國選舉委員會宣布「沒有時間」於今年舉行召回選舉, 確保查維斯莫在2019年前掌權,
「我沒聽到新聞,因為我在看奧運會, 以及邁克爾·菲爾普斯如何贏得兩枚獎牌」,
在加拉加斯東部的Altamira廣場,
而現在,當反對黨需要施加比以往更大的壓力, 使公投今年舉行時,
「我要公投, 但我不會因為安全理由而抗議」,
其他人更了解此事, 也愿意在未來动员,
選舉委員會主席Tibisay Lucena的評論證明,
但我知道有些朋友很害怕, Roberto Reyes 60歲告訴Fox News Latino,
所以除了政府為延遲公投而提出的許多障礙之外,
直到最近, 全民公决倡议获得大力支持, 在征集签名阶段, 民众人数创下史无前例,
但當涉及抗議政府阻止行動的策略時,
「有些人專注於製造食物線, 其他人則在2014年多起逮捕與死亡後感到害怕」,
在盧塞納宣佈公投的下一步- 收集更多全國的簽名- 必須等到十月,
根據憲法, 如果公投在2017年舉行, Maduro可能被迫下台,
但是,如果他今年被推翻,他受权要求举行大选。
美國國務院於星期四下午發表聲明, 要求委內瑞拉政府保障委內瑞拉人民行使憲法權。
需要清楚、具体、毫不遲疑地進行總統召回公投, 以助迅速、有效解決目前政治、经济和社会困境。
Luis Salamanca(政治分析家)在2006年至2009年担任选举委员会成员,
「我覺得今年不會有公投, 除非社會不安定與抗議愈演愈烈」,
他認為盧塞納和政府違反法律, 但若人民不高聲抗議,
反對黨要求於9月1日在加拉加斯舉行大型集會,
我們想讓全國人民在那天 聚集到首都
政府會感受到壓力,
但Salamanca認為情況不能等那麼久
「他們應該對盧塞納的宣傳有更迅速、更強烈的反應,
國會議員赫雷迪亞承認, 反對黨內有些政黨正在推動,
反對黨現在要小心
Salamanca說:「如果人們對情況感到灰心,
公投必須有20%的選民支持, 近四百萬人支持,
Salamanca和其他分析家相信,即使召回是在2017年,Chavismo也會受傷。
但有些人不太樂觀
我們的黨今年想要政治改變
「如果政府關閉選舉之路,
2016 - 17 年預覽,西布羅姆威奇奧比昂
保護者作家"預言第14位 (NB:這不一定是Alan Smith的預測,
上季第14次位置
贏得聯盟的奇數 1000 -1
2016-17將是另一場舒適的活動, 或依玻璃的空虛度而定, 依著時代的老托尼·普利斯(Tony Pulis),
Jeremy Peace把他在俱樂部的88%的股份賣給了Guochuan Lai和Pulis, 兩隻前輩的保險人手,
黑國的地貌已不可否認地變化了, 不只是霍桑家族, 也是沃爾弗漢普頓西北幾英里的地方,
但Lai向Pulis保证他的工作不会立即受到威胁, 企业家也表示他不想改变俱乐部文化。
「我并不想改變俱樂部的特質,
我想做個好主人 长期為這個俱樂部投資
首先,我們的目标是确保我們留在總聯中,然后,我希望看到俱樂部在部門的前半部站立起來。
我相信這是世界上最好的聯盟 我想盡可能把這個俱樂部帶到最遠的地方
這是普利斯的記錄 第一方面應該不會太麻煩
下一個目標是突破桌子上半部, 但對新擁有者和一個越來越分裂的粉絲而言,
要從上季第14位完成進步 肯定需要更前進
只有Aston Villa, 尾隨在底部, 得分少, 值得提醒的是, 在聖誕節Albion,
他們在38場比賽中有13場沒有得分,
在他們的10個勝利中,沒有一個是超過一個目標,7個完成了1比0。
可以预测的是,他们为数不多的34人中,有12人来自固定的碎片。
難怪在Hawthorns時常有不滿的反應,
在另一邊,只有前六位有更好的防守記錄,但沒有其他俱樂部能聲稱定期排成四隊。
這些維持者通常不滿意, 尤其是Jonny Evans, 據說Asennal在他們最近的傷亡危機後追蹤他。
北愛爾蘭國際大賽的冠軍非常優秀 奧比恩要花很多錢才能賣掉
Ben Foster在目標上很可靠 而且他們在中場有豐富的储备
Darren Fletcher, 和Evans一样, 展示了很多他仍能在32歲的更高水平上表演的证据, 而Claudio Yacob被低估了。
對於所有黨員來說, 關於Saido Berahino未來的漫長而漫長的故事 仍未解決。
來自斯托克和水晶宮的竞拍被拒絕了 但和平的領導者仍很熱衷 Mark Hughes樂意耐心等待
在上個賽季接近於取消後,
抗議者顯然很有天賦, 但正如普利斯不止一次提到,
Albion堅持要先簽下一個替代人, 後來才讓前英國國際21歲的人去, 但Diafra Sakho的1500英鎊搬家在接管前幾天就斷了, 俱樂部說他已經通過醫療,
這對委內瑞拉的Salomón Rondón造成很大壓力, 上個賽季他展現了短暫的希望之光,
決定釋放Victor Anichebe和Stéphane Sessègnon,
Pulis在其整个职业生涯中, 推介年輕球员的速度一直很慢, 在上个赛季的最后一场比赛中,
他會回到被試驗過的人身邊 但是Leko值得留意
17歲的戰鬥中士在上個賽季中出現了5次, 成為1999年出生的第一個參加大聯盟的球員,
Matt Phillips, 皇后公园巡警队55万英镑的签名,
表示窗子的末端可能很緊張,
Pulis上个月告訴快遞和明星 需要加強的地方
你所看到的每個位置
后面的球員,中場的球員和前線球員, 我們必須加強。
目標就在那裡 我們知道我們想要什麼
取回它們比預想的要困難,
這季可以由他們如何開始來定義,
到那時 Pulis 的壓力就會得到缓解 或變得不可克服
誰知道呢 也許貝拉希諾也會找到一個新俱樂部
Tata Steel UK的營救交易在受托人回復退休金變化後更近一些。
Tata Steel United Ugland的退休金受托人表示,
英國的鋼鐵退休金計畫有1500英鎊的債務, 以及一些措施的7000萬英鎊的赤字,
Tata Steel在與企業秘書及退休金管理員談話後,
包括英國企業和德國企業Thyssen Krupp的企業。
然而,这项交易的条件是,英国钢铁退休金计划正在重组,政府提供财政支助。
退休金委員會主席Allan Johnston表示,
Tata Steel和ThyssenKrupp希望控制其负债。 校對:Soup
Johnston說受托人接受了這項「不切實際」的提議,
他补充说,修改此方案的福利比加入PPF更有吸引力,工人必须接受优惠条件。
塔塔鋼鐵公司已經警告過 它仍然可以賣掉塔爾博特港
自3月談到英國企業的未來後, 公司一直拒絕保障鋼鐵廠的未來,
Tata Steel Europe的執行長Koushik Chatterjee說印度企業企業企業企業企業「更持續」。
在塔塔·斯蒂爾在印度的年会上, 查特吉說改革退休金計劃的談話正在進行中,
Chatterjee說:「我們正在與包括英國政府與威爾斯政府之類的其他利益攸关方討論,
所以我們必須找到一個结构性的解決方案, 這不會影響到企業的發展。
退休金托管人 愿意在談判中合作 重新組建這個計劃 將會受到塔塔鐵的歡迎
包括如何用零售物价指数衡量每年因通货膨胀而增加的福利金,
Johnston指出:「受托人及其顧問向Tata Steel、政府和退休金管理員提供了有力的證據, 證明该计划有能力在退休金保护基金之外, 无限期地、低风险地支付修改的福利金。
我們的投資策略意指此項計畫的資金狀況並沒有像其他許多英國的退休金計畫一樣,
玉米、小麦和大豆期货价格于11月11日在芝加哥贸易委员会表现不一。
市場分析家認為玉米期價因交易量下降而下跌, 而外國從美國增加大豆的进口,
8月11日在克里米亞發生交通事故,
其中一人在現場被宣告死亡。
傷者被送往當地醫院接受急救, 3名儿童和4名成人受重伤,
初步調查顯示事故地點很容易發生交通事故,
重庆利凡隊在休息11天後,
Chongqing Lifan 團隊總教練張維龍表示, 他對這場比賽很有信心,
8月9日, 北京郭安和廣州Evergrande激烈交戰, 於8月10日從廣州返回後第二天, 開始準備新遊戲,
2016年9月13日至16日將在德國杜塞尔多夫舉辦「中國經濟论坛」活動。
贊助人專為重庆的重庆早報發授權給四川與重庆的法院企業家, 讓他們在德國經濟中心Nordrhein-Westfalen的群組中研究、交流、檢查及尋找新的商業機會。
在杜塞尔多夫的檢查結束后, 代表团成员也將前往Aachen、布鲁塞尔、科隆和法兰克福,
「重庆晨報」亦將推出「重庆城市發展成就畫展」,
Nordrhein-Westfalen和中国之间的经济和贸易接触在过去几年中迅速发展,贸易价值达到350亿欧元。
Nordrhein-Westfalen吸引了800多家中國企業在德國投資, 地方政府希望重慶企業家前往這個受歡迎的地區投資,
省高级人民法院院长李静担任此案的主审法官,
据悉,这是省高级人民法院院长和省人民检察院首席检察官自省司法改革、甚至省高级法院和检察院建立以来第一次同时出庭履行法律职责。
在審判前, 李靜仔仔細審查檔案材料, 寫下檔案審查記錄,
王金依法审查原判决记录,审讯黄彭并听取维权者的意见,王金还补充收集相关证据材料和审判计划。
案件重大,因此,案件应提交司法委员会依法讨论,判决将在选定时间内宣布。
法官配额制度、司法问责制度和以审判为中心的诉讼制度的改革,以及执行法院院长和首席检察官在主审法官和案件处理方面发挥领导作用的要求,都是该省的一项重要措施。
悠悠是很多人的童年記憶 但你有沒有看過它顯示不同的模式?
短短幾分鐘內,他展示了多種玩Yo -Yo的方式, 這太神奇了。
由於友友不只是一项運動,
您可以旋轉小球, 改變繩子綁定方法, 以顯示空气中的各种新模式, 包括雪橇輪。
隨著洋洋體育運動的發展,與洋洋相關的活動和競賽已發動到全國各地。 這項運動可以幫助體驗指紋和精神創意, 也成為了青少年喜歡的適合方式。
一名父母因殴打校車司機遭行政拘留,
一位學生的父母侮辱校車司機和校車上的老師,
開車人覺得自己被冤枉,報警。
肖先生是湖北省Ezhou市Liangzihu区Wutonghu New 區一所幼稚園的校車司機,8月7日8:00左右,小在新區的一個村落開車接孩子。
"今天雨太大了,我們遲到了兩分鐘,不能等我們一會嗎?為什麼你開車走?你太不負責任了!"
Gong先生在下車後遇見了張老師,
萧先生的手流血了 頭被一把雨傘刮傷了 他也有頭痛的症狀
"我只是個司機,會按規定的時間和路由開車, 甩掉小明不關我的事"
萧先生感到自己受到了不公正的待遇,并向他所属的校车公司报告了这一事件。
由于警察的压力,Gong先生于8月10日向埃州市公安局梁济州分局的Wutonghu警察局自首。
同时,涉及摩托车和电动自行车的生产、销售、修理、改造和组装的棚屋和商店也将被取消。
警方會將摩托車和電車的騎員安置在公共汽車站、地鐵入口及其他公共場所,
在过去六年中,保管商的年均增长率是52.89%,包括基金、保险、信托、银行财务管理、退休金、跨界投资、社会福利、交易付款和许多其他部门。
中国银行协会秘书处主管黄龙中(Huang Runzhong)表示,资产监管已经成为货币市场、资本市场和实体经济的重要纽带。 这也是保障金融安全的重要体制安排。
随着中国直接融资市场和财富管理市场的迅速发展,资产监管市场发挥了日益重要的作用。
2016年中國財產監控業發展報告的數據顯示,2015年底,受控资产和存款的比率達62.74%,而2011年底是17.11%。
被扣押的资产与金融机构存款总额的比例常常被用来衡量监管部门的地位和职能。
值得注意的是,中國的財產監管機制目前有缺陷。 許多部門都未能严格执行監管機制,甚至沒有被監管。
缺乏资产保管机制是P2P在线借贷、私募股本基金和其他部门爆发风险事件的主要原因之一。
以更好地保障金融安全及維持投资者利益。
目前所有P2P平台都將提取大量的贷款損失准备金, 其增值税在改革以增值稅取代商业税后不能作为资产扣除。
Shenzhen最近為網路金融業舉行了金融與稅收特別訓練,
由深圳網路金融協會主办、深圳执业税务代理商協會共同组织的訓練會,
P2P平台透支Hue贷款損失條款, 无疑已成為穩定投資人信心的重要手段。
Shenzhen Junhexin金融及稅務局主席Hu Mianpeng表示,
但若P2P平台與保險公司談判, 购买后者推出的特定產品,
Hu建议深圳互联网金融协会与保险公司谈判, 在互联网金融计划的试点城市进行前瞻性尝试。
目前,在中国A股市上看到了一些新事物 — — 股市指数在廣泛的悲觀情緒中回升到3000點。 在那之後,零售投资者的情绪仍然受到抑制,而外国投资者已连续7個月增加了A股的持有量。
「我對股市的自信小於3000分, 也對新股市的擴張感到焦慮」,
在2015年的反常波动之后,核心的市場變化成了围绕A股市的挥之不去的波动。 有很多问题有待解决。 市场的货币供应仍然疲软,因此很难赚钱。
Everbright的證券報告指出, 整体而言, 7月,
7月,证券市场交易结算基金余额的减少幅度小于6月,而银行-证券净转移额为负666亿人民币。
就新投資者數量而言, 7月每周新投資者约有310,000人,
北境贸易聯盟(NTL)在7月记录了87億人民幣的净流入,
外国投资者增加A股的持有量也意味著目前A股市的吸引力越来越大。
上海综合指数對零售業投資人而言,
在操作方面有一些值得注意的變化:(1) 深圳香港股票連線的啟動预计将引起一些變化;(2) 临时报告和第三季度报告的公布产生的催化作用。
目前新加坡已成為該市第三大海外目的地,
实施这些试点政策为中国-新加坡战略互联示范项目的建设创造了良好的金融服务环境,促进了内陆地区的开放和发展。
随着每年申请情况的变化,结算门槛和比额表可能与上一年不同。
行政措施还规定,根据基于评级的定居宣传机制,获得合格评级的申请人必须在定居前进行公布。
在政策执行过程中作假的單位和个人,將在同一年和今后五年被取消申請资格,结算也将被取消。
兩家前合作公司、兩家公司之一的董事長及共同成立的旅館公司都簽署了「協議」,
在履行协议期间,双方再次将对方提交法院,请求法院确认“协议”无效。
最近,內蒙古州胡倫比耶市的Hailar区人民法院就此案作出了裁决。
在內蒙古Hulunbeir Zhongwei 不动产开发有限公司和中京Ganglian (北京) 投資有限公司共同开发了一个房地产项目 -- -- Hulunbeir Shiji Tianlun酒店。
东先生曾担任旅馆公司成立之后的董事长和法律代表,由两家公司共同出资。
Zhongqing Ganglian(北京)和Shiji Tianlun Hotel同意,Dong先生在履行协议规定的义务后向公安机关申请撤销该案,他们不再追究Dong先生和其他有关人员的法律责任。
在Dong先生完全履行协议后,中京江良(北京)和史吉天龍酒店将宣布放弃对中威不动产开发、东先生和其他有关人员追究刑事和民事责任的权利。
根据2014年4月24日签署的「协议」,
该协议主要规定了Dong先生应退还的资金数额和返还时间,以及Shiji Tianlun旅馆公司的股本转让和法律代表变更。
2015年10月, 中懷地產發展與東先生兩方將其他兩方, 即中京江良(北京)與石吉天龍旅館公司,
被告回答說,公安部司法稽核結果是Dong先生和会计师侵吞并挪用了2 900万元人民币。
東先生於2014年2月與中清江良(北京)取得聯系,
Dong先生认罪、供述供述、投靠法院的恩惠,他还归还了Shiji Tianlun酒店公司的五百万元人民币。
原告委托的代理人說,Dong先生在咨询法律專家后得知,是否可将“借款”行为定为刑事犯罪是有争议的。
只要Dong先生被判犯有挪用公款罪 違反了《刑事诉讼法》第十二條
提供刑事制裁和股本轉移都属于不同的法律范畴,而且不能混淆和交易。此外,股票不能被用来交换"不公"。"协议"包括合法形式的非法目的。
原告認為,是公安机关、检察院、法院和其他国家法律当局的国家公共权力给予刑事制裁,不受私人任命的约束。
双方于2014年4月24日签署的协议违反了国家法律和条例的强制性规定,侵犯了社会和公共利益。
因此,不管Dong先生是否构成犯罪,“放弃对另一方实施刑事制裁的权利”的协议没有任何法律效力。
被告的委托代理人認為「協議」是犯罪嫌疑人和受害者在刑事诉讼过程中达成的民事谅解。
這項協議的簽署與實用, 是為了在最大程度上收復受害人的損失,
東先生真的打算簽署「協議」,
被告認為「官位侵犯罪」與「挪用公款罪」是公開審判的案件,
協議只是一項任命, 受害者在Dong先生完成協議後, 向公安機構申請撤銷案件,
同时,法院认为,违反合同的赔偿责任超出了普通民事协议的范围,应在刑事诉讼过程中审查协议的有效性。
尤县政府和杨泉市公安局收到警报后,立即着手制定应急计划,并设立指挥部,以澄清任务和工作、阐明工作措施、履行工作职责和制定全面计划。
目前,公安机关仍在进一步调查其他指称的帮派成员违规行为。
原告認為,兩家醫院對原告的诊断和治疗有多重缺陷和錯誤,原告要求兩家医院赔偿833,815元,并将其提交法院。
如果所有争端都受到起诉和单独提出,这将增加诉讼耗竭公众,并延长解决医疗争端所需的时间。
Nordrhein-Westfalen 州内务部部长Ralf Jager表示, 州警方将在其权限和职能范围内采取一切行动, 以防止青少年被宗教极端主义洗脑。
8月5日, 德国特警在Rheinland-Pfalz的Mutterstadt逮捕了一名恐怖嫌犯,
國家內政部表示, 情報來源認為8月底即將開始的Bundesliga新一季可能會面临重大威脅。
美國空軍部長Deborah Lee James於8月10日表示, 到今年年底美國空軍將短缺700名戰鬥機長,
James说,美国空军计划将无人驾驶飞行器飞行员的留用奖金从每年25,000美元提高到35,000美元。
美國聯合國航空和宇宙航行局的煩惱是 航空公司給偷猎的飛行員提供慷慨的酬勞
詹姆士說政府必須提高空軍飛行員的獎金,
James和David Goldfein, 美國空軍幕僚長, 都想改善飛行員的生活质量。
Goldfein叹息飞行员短缺是「危機」,
Goldfein表示, 虽然目前飞行员短缺尚未影响伊拉克、叙利亚和利比亚的行动,
警方在搜查和逮捕時有些錯誤,
巴尔的摩市政府同意與司法部談判,
有時警察會以不合理的理由逮捕公民, 例如「我不喜歡他們說的話」。
在一宗案件中, 一位高級警察要求他的部下「做點什麼」以阻止並審問一個黑人年輕人。
2015年4月12日, Grey, 一位25歲的非裔美國人,
於2015年4月底, 黑人舉辦了幾場暴力抗議活動,
這份報告被广泛認為是「堅強與挑剔」,
Maro在退休前在餐饮業工作,
8月10日, 45歲的Void告訴記者,
警方沒有在他口袋裡找到任何現金或毒品,但Void仍然被捕。
「他用耳機敲我的頭」,
由巴爾的摩兩千六百人組成的警察團隊, 已經接受過很長一段時間的攻擊性訓練,
目前美國司法部正與巴爾的摩市政府商談,
该协议包括警察培训、数据收集、完善监督和改善警察与公众之间的关系。
來自巴爾的摩的黑人女市長Rawlings-Blake表示, 市政府將拨款500萬至1,000萬元(約3 319.5萬至6 639萬元),
CPC中央纪律监察委员会在8月11日网站上公布的資料顯示, 2016年第一季度, 共有41名省级和部级官员及1 100多名部局级干部,
共有330,000起案件被记录在案,336,000名官员受到处罚,其中14,000人因涉嫌犯罪而被移交司法当局。
由CPC中央委员会直接管理的90名干部中,有42人因涉嫌违反纪律而参与结案或调查的案件,其中42人因涉嫌犯罪而被移交司法当局。
无论是根据党纪律或政府纪律受到处罚的人的总人数,还是中央管理下受处罚干部的人数,都是自改革和开放以来数年来最高的。
在數據中值得注意的是, 談話與信件調查已經成為重要方式, 處理問題的線索,
8月11日(當地時間)說, 明年(2017年)將關閉100家商店,
省政府將推出特別檢查,以确保479万残疾人在实现富足生活过程中的福祉。
包括全省五分之一的家庭,
最新家庭普查的统计资料表明,全省每年有218 000名残疾人收入不足6 000元,而城市和农村残疾人的实际就业率与社会平均水平相差很大。
总的来说,残疾人家庭的人均收入和实现富裕生活仍然远远落后于省级平均水平。
3名嫌犯涉嫌在去年1月至6月在当地招募ISIS成员, 其中一人涉嫌向极端主义组织提供资金和后勤支援。
德國警方證實他們突襲了 Dortmund, Duisburg和Hildesheim。
德国当局尚未公布三名恐怖嫌犯的国籍和身份,也未说明何时逮捕他们。
八點半左右,她從兩層高的充氣降落伞上滑下,而一名年輕女子站在降落伞的腳下。
她大喊左腿很疼, 後來被工人送到休息室。
小漢被送去醫院 是因為她媽媽吴太太到了 左腿被诊断出骨折
吴女士联系了水园的负责人,后者后来来到医院,给了人民币800元的同情金,责任人说,该公园对这次事件没有责任,这是她不能接受的。
一名來自Chutian Metropolis Daily的記者訪問了水上公園,
根据他的調查,在事故發生時,保安在滑板上沒有發現任何不正常的情況,當時小漢大喊說她的腳受傷了。
林先生說小漢告訴保安 她的腳兩天前被扭傷了 他不知道她是如何骨折的
公園规定未成年人和成年监护人一起進入公園,成年监护人要全面负责未成年人的安全。
公園不需為任何因私人原因或监护人照料不周而發生的安全事故负责,而且公園內也张贴了相关的通知。
由於此, Hubeei Dianheng 律所的陳良律師表示, 無論小漢是否在撞上他人後骨折,
儘管公園發布通知, 卻允許小漢在沒有監護人陪伴下進入公園,
也禁止用公車及其他壞做法載孩子上學。
在這個暑假, 800多名黨員和武當郡區長級的干部收到通知,
俄羅斯總統普京於8月10日批評烏克蘭,
8月10日, 俄羅斯聯邦安全局表示,
在8月10日於莫斯科舉辦的媒體會議中,
聲明說烏克蘭沒有派員去策劃在克里米亞的恐怖攻擊,
烏克蘭總參謀長兼記者塞列茲諾夫(Seleznyov),
烏克蘭總統Petro Poroshenko的網站發表聲明,
波羅申科說, 俄羅斯的「憤怒」指控實際上是「借口」, 目的是對烏克蘭施加更多军事威脅。
東烏克蘭(Donbass)地區的Donetsk和Lugansk, 烏克蘭與西方都指出, 自烏克蘭危機爆炸後,
但俄羅斯否認這句話,重申俄正规軍沒有士兵在東烏克蘭參加過戰鬥。
克里米亚加强了重要基础设施及心地的安全措施,
重庆、四川和湖南相继建立了第一家私人基金銀行。
記者從主管單位得知山東省私人銀行準備計劃在原则上得到中國銀行管制委员会(CBRC)的核准,
該記者最近從主管部得知, 我們省的私人銀行預備計劃 原则上是CBRC的綠燈,
兰海银行(Lanhai Bank)正参与这项准备计划, 预计将成为山东省首家私人银行,
主管部門和創建企業 都未提供預備計劃的細節 包括它是否與通知中所說的不同
通知中曾指出,Lanhai Bank的建立应提交CBRC批准,申请、审查和批准程序可能有所调整,从而造成不确定性和风险。
私人銀行的兴起將推动现有銀行改變其發展模式,这将极大地提高总体金融分配的效率。
8月10日, 加拿大警方在安大略斯特拉特罗伊鎮舉行行動,
CBC電視台於8月11日報導, 警方於8月10日收到消息,
司机在警察突襲他家時, 試圖引爆爆炸器,
昨天(8月11日), 暴雨集中在内蒙古、东北及南中国南部及北部的河道地区。
東北方、河道區、北中國中南部有大雨; 中南大部分地区有中重雨, 一些地区有暴雨。
北區、內蒙古、北中東與东北的河道區將會有中度到重度的雨。
降雨量最大時速達70毫米,
昨天(8月12日), Taoyuan地区檢察官署派出九名檢察官, 指引台灣調查局的Taoyuan辦公室進行搜查, 兩人於晚上11點到Tauyuan地区檢察官署,
先到的李云强 面色放鬆,微笑地向支持者揮手,而跟班的張正梁 卻很緊張,微笑得很緊張,兩位都不說話。
Li Yunqiang說他共雇用了六名助理,全部由他妻子Sun Yijie付酬,Sun Yijie是服务部的主管。 存款簿和印章都由他的妻子保管。
已怀孕四个月的Sun Yijie于晚上十点获释, 保释金20万新元。
日本警方於8月10日表示, 一個專門偷購物的客人的行李箱,
自去年十月以来, 許多外國旅客在開往大阪Kansai国际机场的特快列車上,
今年四月, 警方成功逮捕小偷, 當時他正準備偷一個台湾游客的行李箱。
根据警方調查 此人在日本購物中 共偷竊了18起 案件价值约为420万日元(约合275,000元)
根據報導, 一艘中國渔船與一艘外国貨船相撞,
目前已有六名中国水手獲救,
許多人期待每年夏中晚間的Perseids。
Dahe Daily的記者昨天從河南省婦童活動中心學到,
根据天文馆主任李德凡的介绍,由于木星引力的影响,Perseids的峰值流量将高于前几年,预计该峰值将达到每小时150颗陨石。
Perseids是北半球的三大流星雨之一 最適合觀察
流星雨的景色需要一個 遠離城市光污染的地方 而且有星空
李迪凡說 珀爾修斯是秋天星空中著名的星座 8月12日晚將在東北方浮現 流星似乎從珀尔修斯向不同方向發射
北京將在今天(8月12日)遭遇暴雨或雷暴,
今天北京最高的溫度將達到31°C 。 將會有暴雨或雷暴,
也應該多喝點水防止中暑。
紫禁城的排水系統 已經被精确的測量、设计和建造 當它被建造。
紫禁城的地點符合北京地理条件的特征,北部高,南部低,中南部高,两边低。此外,它还在斜坡上。
Divine Prowess門北向高,Meridian门南向高,分别为46.05米和44.28米,在地面高度造成大约2米的差异,这一坡度为自然排水创造了有利条件,使池塘可以慢慢排水。
紫禁城的排水系統非常巨大。 保留了15公里長的古老雨水排水池, 而下水道有近13公里長。
通向金河內部, 這條河與紫禁城外52米寬的河道相連, 也與外黃河及中南海其他水系相連。
以保障雨天的排水平靜。
兩座主要基金(兩座主要基金(兩座基金)), 過去曾是跨海峡及台湾與美國與日本等國家的通訊管道,
Chiu Chui-cheng在昨天下午内地事务理事会定期记者招待会上回答记者提出的问题时,
他說內地事務委員會很重视台灣兩岸相關智囊團的研究成果,
但目前台灣當局的重中之重是進行「良好官方通訊與互動」,
Chiu Chui-cheng补充说,公共权力问题,尤其是公共权力问题,仍然需要通过公共权力与当局之间的对话和谈判机制加以解决,以维护台湾和公众的最佳利益。
此外,至於上海-台佩市论坛的共同发起,Chiu表示,跨海峡的城市通信和良性互动有助于增进理解,推动城市经济、教育、文化和旅游业的发展。
内地事务委员会将密切注视通信的发展,加强与地方政府的联系,并提供必要的援助。
記者從中國鐵路學到, 北京-沈陽高速鐵路的橋,
北京-沈陽高速鐵路跨過長春-深圳高速公路,長達760米,具有复杂的建筑技术和高科技要求。 它是北京-沈陽高速鐵路辽宁區的主导性工程。
自2014年7月開工後, 所有建築單位與大規模的鐵路建築商都以科學與創新方式施工,
這座橋的關閉為北京-沈阳高速鐵路的建造奠定了坚实的基础,
北京-沈陽高速鐵路由北京的鐵站延伸,河北省的成德、辽宁省的清陽和福信通过,长度698公里。
"即使河和橋之間有四米多的空降量" "水會流過橋"
8月10日, 霍山郡洛林市副市長金明生在江水的游戲中發言。
在一個多月前的洪水中 河邊的大坝倒塌了 巨石和洗涤物滾入河中
我們正計劃用水泥填滿大坝, 防洪銀行將堅固到足以承受50年中最嚴重的洪水。
工人们正在造型, 計畫可以在一個月內完成,
以這家防洪銀行為例, 大坝隨時可能倒塌, 洪水會衝到住在銀行附近的居民家中,
我最喜歡的就是買書、欣賞書、收集書籍,
這本雜誌的封面很好地反映了今年的历史背景。
在封面的上半部分 邓小平同志被看成是靠前的為改革及開幕活動做战略规划 突出他的決心 以及他作為一個偉大人物的最後的下賤
在封面之下,是深圳特殊经济區, 正在建造中, 对抗日出,
我所收集的是在國內成立後兩期出版期的首期雜誌。 它們反映出中國工人總是站在時代的前列, 有助于社会发展, 并引領時代的進步。
數據顯示, Shennongjia目前每年接待70萬訪客, 而專業的數據分析發現,
據估計, 來自國內及國外的訪客數在登上世界遺產名單後會增加,
這是保護Shennongjia生态環境的必要措施,
在成為世界遺產後, 沈永佳成為了中國的第一個遺產地, 也是全世界第二個獲得三大榮譽的地方,
此外,Shenongjia是长江和Han河之间的流域,共有四个水系,即Xiangxi河、Yandu河、Nanhe河和Duhe河。
「山腳和山頂總是看到不同的季節,
也值得其他世界遺產景點學習與提及。
成家是我們國家的第五十個世界遺產, 而中國已經成為世界遺產數量第二大國家。 我們將努力讓50個世界遺產發光, 傳給後世。
許多遺傳地點被發現「認真看待應用程式,
显然,如果从经济角度看待世界遗产的申请, 遗产将被视为“金碗”,
例如,在2010年举行的世界遗产委员会会议上,中国的六座世界遗产遗址收到了黄卡警告,主要原因是过度开发后生态环境发生变化。
Chongqing Zoo动物管理部副处长Tang Jiagui告诉记者, 如果一只雌性熊猫在野外生下双胞胎,
現在小熊貓需要每六小時被喂一次, 而當他們被喂的時候,他們必須被分開, 否則,他們的媽媽"Lan Xiang" 就會有防御性反應。
菲律宾前总统兼中国特使拉莫斯(Ramos)在今天下午1点左右(8月12日),结束对香港的访问,由菲律宾航空公司返回菲律宾。
Ramos在离开香港前发言, 表示他与他在香港的老朋友有一次友好而愉快的会面,
儘管這不是一次破冰之旅,
Ramos在声明中表示,Fu Ying和Wu Shicun作为个人出席了会议,以进行非正式讨论。
中國已對拉莫斯以中國特使身份前往北京的意願表示歡迎。
Ramos说,菲律宾政府愿意在适当时候就共同关心的问题与中国政府进行正式对话。
Ramos在总结记者招待会上也强调,
Ramos:除了我们在声明中也提到的公平捕鱼权之外,我们没有讨论关于南中国海的具体议题。
拉莫斯(Ramos)也說:「即使這不是去香港的一次破冰之旅,
校对:Soup
在下個會議的時間, 拉莫斯說這將由杜特特總統決定,
包括农田、道路和桥梁等大型基础设施遭破坏。
作为应对灾难性局势努力的一部分,尼日尔政府分配了326吨紧急救济粮食,援助遭受自然灾害的人民,并计划向受灾地区提供财政和技术支助。
在八月的前十天,
8月初, 昆明主要城區有幾次單點大雨, 平均降雨量達82毫米, 比過去同期高48%。
然而,全年8月初昆明的平均降雨量仍略低于前几年。
云南共有39個地區收到抗气象災的预警, 其中大多是黃色防雷警。
云南大部分地方的降雨量持續,而有些地方有雷暴、短期強烈的降雨、冰雹、冰雹和其他嚴酷的對流天气。
昆明主要城區的降雨量比前天下降,但降雨量不大。天气变暖了。
溫度基本保持17°C至26°C。
市政府最近批准了它,要求所有相关地区和县以及各单位执行它,以充分保障河沿岸人民的生命和财产安全。
人們已經習慣了行人行走和輕率地爬過鐵道的現象。
交通警署將於下週一(8月15日)開始在電子警察的幫助下,
电子警察將共拍下三張觸摸虛擬感應圈的行人照片,
只有在所有交通参与者遵守交通法规的情况下,才能从根本上解决城市交通秩序问题。
美國计划在2017年對THAAD系統進行試驗,
ITAR-TAS引述James Syring的話, 表示他們已經實驗過美國的空防先進行動系統(ADAMS),
系統已經通過所有這些測試 現在我們打算測試 这些武器的遠距效果
至於美國在南韓部署高空防護防彈系統,
我們要求美國和南韓立即停止部署THAAD反飛彈系統,
三個鄰居的視窗被打破了 兩個曾祖母來阻止他 被推倒在地
最近,Anlu市南城警察局的警察及时控制了这个愤怒的人。
Anlu市南城警察局的警察在接到报案后,采取果断措施制服小明,防止他伤害无辜者。
警方調查顯示小明的父母都在60歲以上,
警方在調查中發現小明過度興奮, 他所言與所作所為與普通人不一樣,
警方懷疑小明的不正常行為 是因為他长期呆在家裡造成的精神紊亂
目前小明已被關聯部門派到精神健康中心接受免費治療。
聯邦移民及難民局(BAMF)的最新數據顯示, 今年前七個月, 德國共接收了240,000名難民,
許多來自中东和北非的難民於2015年涌入德國,
8月11日, Woche引述BAMF的領袖Wise所言, 至今只有240,000名難民進入德國,
尽管流入德国的难民人数有所下降,但BAMF仍有一项艰巨的任务。 目前仍有约50万庇护申请仍未处理。
也有些人等了兩年以上。
至2015年底,
俄罗斯銀行表示,增长主要归因于重新评估了该国经济的市场预期。
俄罗斯的国际储备包括外汇储备、黄金储备以及国际货币基金组织(货币基金组织)的储备头寸和特别提款权。
俄國國際储备由俄國政府和俄國央行共同控制,
近年來, 俄國國國際储备逐漸下降, 由於西方對俄制裁,
好萊塢街舞者, 造型精良, 星形粉碎, 也充滿活力, 近些年來在電影市場上都出現了。 似乎所有人都在討論,
那真的像我們想的那樣嗎? 那群暴徒總是搖滾電影 賺一大筆錢?
无疑,好萊塢街區暴動者的製造成本逐年攀升,而增长甚至远远超出通货膨胀率。
圖1的數據顯示,好萊塢電影在1995年至2004年的十年中制作,成本超过1亿美元,共60万部。
在2005年至2015年的11年中,这一数字猛增至197人。
影片製作數量大幅上升, 顯示平均製作成本上升,
知名導演Spielberg和Lucas曾在論壇活動中批評此類現象,
在29部電影中,营销成本占总成本的比例最高的是40%,而最低的甚至高达24%。
每部影片的实物复制、音像制品制作和运输平均成本达到6 780万美元。
必須正确估計要製作的影印品及音樂及影片產品數量,
2005年, DreamWorks製造了500萬張Shrek 2的DVD, 但發現了一個糟糕的銷售市場,
29部電影平均需要3 660万美元,用于董事、制片人、撰稿人、主角以及其他演员和摄制者分享收入和提供补偿。
對好萊塢工作室來說, 收入分享机制可以幫助他們減少初期的金融壓力,
在29部電影中, 利得的電影平均占收入的9%, 其中一部甚至高达18%,
值得注意的是,演員和船員會要求分享「收入」而不是「利潤」。
在好萊塢機密的会计系統下 有些可能拍到一捆的電影 可能會變成紅色的
例如2010年的《Harry Potter》與《凤凰大會》的報導指出, Warner在影片發行兩年後,
好萊塢也需向由各工作員組成的聯盟支付一定的獎金, 而這29部電影平均為此付了1 176萬美元。
這29部影片平均合用1 483万美元。
電影公司在扣除銷售稅與電影院分享的利潤後,
在扣除了平均9,800万美元的销售成本后,只剩下大约7,000万美元。
這29部影片每部平均收入1.343亿美元,
在扣除2,190万美元的平均市場成本和3,050万美元的生产成本后,收入净额平均为8,190万美元,在收入列表中名列前茅。 其利得率大大高于戏剧分布。
付酬的電視頻道平均為這些電影創造了1 460万美元的收入,略高于免费的电视频道所创造的1 330万美元。
在29部影片中, 一半的所得不足1%, 甚至2011年後推出的影片,
好萊塢對VOD仍持相对保守的態度,
在衍生品开发方面,29部影片授权衍生品开发,平均收入为1,150万美元。
然而,近三分之二的衍生品發展收入來自前兩名超級阻塞者,其中只有三分之一從中赚取了100多万美元。
這些好萊塢街區公開公開公開廣播及音樂, 平均每部電影最多為270萬美元。
令人驚訝的是, Stephen 的數據顯示 這29個好萊塢街區公會 平均賺了1 480萬元的利潤, 而利潤只達到3.7%。
如果考虑到漫长的税收回收过程,这一利润率几乎无法战胜通货膨胀。
成本最低的電影在1億到1.25億美元之間,
然而,四分之三的電影成本最高,在2亿美元以上。
2014年,杜兰特与耐克签订了价值3亿美元的十年合同,从而延长了他与耐克的7年6 000万美元合同。
杜兰特曾为俄克拉荷马城市雷雷在NBA演出过 下一季将参加金色国家勇士赛
2015年,他光靠廣告贊助就賺了3600万美元,而他在俱樂部的薪水高达2 000万美元。
2014年,他与耐克签订了一项价值3亿美元的十年合同,从而延长了他与耐克的7年6 000万美元合同。
此外,他还与Banco Bilbao Vizcaya Argentaria、冰冷饮料品牌Sparkling Ice和酸奶冰激凌品牌Orange Leaf建立了伙伴关系。
Djokovic是世界第一的網球手,
他贏得了2015年的溫布爾頓冠軍賽和美國的開場比賽, 2016年又贏得澳洲的開場和法國的開場比賽,
2012年,他和Uniqlo签署了一份为期五年的广告背书合同,成为他在外地之外的主要收入来源。
他於2014年成為Peugeot的廣告名人,
日本媒體說日本外相吉田富美(Fumio Kishida)8月11日前往菲律賓,
日本和美国都渴望在包括经济合作在内的领域与菲律宾保持密切联系,
根據8月11日Nihon Keizai Shimbun網站的報導,
基西達特別前往達沃市(Duterte), 而不是首都马尼拉,
7月下旬在老挝举行的东盟相关会议后第二天,Kerry在马尼拉会见了Duterte。 双方就尊重南中国海仲裁裁决问题达成了共识。
Duterte告诉Kerry,"在进行任何谈判时,仲裁裁决将构成基础。"
Kerry當時表示, 将向菲律賓政府提供3200萬元的援助,
根據報導, 日本和美国都渴望與Duterte保持密切的聯繫, 是因為菲律宾正加紧努力,
美国和日本一直在加强与菲律宾的合作。 2014年,美国和菲律宾签署了一项新的军事协定,事实上,25年后,该报告再次允许美军驻扎在菲律宾。
黃星guo和他的黨員來到8月12日事故現場的環境觀察站,
自去年9月5日以来, 空气中的特殊污染物尚未检测到, 海水质量也达到了全国一流的海水标准。 土壤取样测试结果显示, 与环境背景值相比, 不存在显著差异。
自今年3月起, 每周都進行監督。 監督結果顯示, 环境质量是安全且可控制的,
男人們在里约奧運會的桌球獎牌 已經讓馬朗 意識到他個人生涯的辉煌
Ma Long坦誠地承認, 他很高興能達到他的夢想,
雖然馬朗在小時候成名了,但他是晚出名的。 在经历了那些让他失去参加伦敦奥运会的运气的男人的单身之后,他终于在28岁时在里约赢得了第一个男人的奥运金牌。
Ma Long在比賽後接受訪問時表示, 金牌是她多年生涯中取得的「非常好的結果」,
這張照片顯示從廣州到宁波的K210列車。 導演向外國乘客介紹杭州特制本地產品, 例如西湖絲帶,
20國高峰會在杭州轉角, 關於杭州高峰會的筹备討論也開始在網路上熱身。
8月10日, 菲律宾總統杜特特(Duterte)再次批評美國驻菲國大使戈德伯格(Goldberg)干涉菲律賓内政。
今年四月在菲律賓的總統競選中, 戈德伯格以人权问题為藉口,
Duterte表示他對戈德伯格干涉總統選舉感到很不滿,
在這個月的第5天, 杜特爾(Duterte)發表了老故事, 并再次表示他對戈德伯格的不满,
菲律賓總統的新聞發言人曾說,
美國國務卿克里(Kerry)在七月底訪問菲律賓時,
中國有著偉大的文明和众多的人,幾百年來一直站在世界发展的前列。 如今,它已成为世界第二大经济体。
說到這個詞,我們意識到它不僅意味著太多的意義,而且包含著豐富的內容。
毫无疑问,建立文化自信心的主张是基于充分确定自己的文化价值以及CPC和中国人民对其活力的坚定信心。
在习近平的系列談話、文章、演講、訪談、古代中國書本、紀錄及經典的名言中,
現代中國崛起後, 中國文化的影響力與吸引力日益增强,
過去一百多年的中國現代歷史已經告訴我們,
我們從西方國家學習了他們的工具、系統和文化,
根據中國國家的「精神基因」,
在习近平的演講與調查中,
在CPC中央政治局第18次集体研究中,习近平更强调,今天的中國只是她昨天和前天的發展。
他也表示, 幾千年來, 中華民國已走上與他国及國家不同的文明发展道路。
我們並沒有偶爾用中國特色的社會道路, 由我們國家的歷史遺產和文化传统決定。
2010年,中国GDP位居世界第二,然而,中国的成就不只是经济成就。
自中国共产党第十八届全国代表大会以来, 中国就更加重视建设强大的社会主义文化国家, 致力于开启一个新的文化发展的“黄金时代”。
无论是优秀的传统文化、革命文化还是先进的社会主义文化,都表现出前所未有的活力。
儘管中國文化有時有時, 且有強大的發展動力,
雖然中國在過去的幾百年中經歷了一段失落的時光,
土耳其副首相穆罕默德·西姆塞克(Mehmet Simsek)接受記者訪問,
正如Simsek所言,今天的中國正在以全新的方式为世界作贡献。
最近江宁地區新一轮地產價格上漲。 在下半年,一些全新的商業住宅建築商首次上市,打算每平方公尺收取30,000元的高價。
和江宁相邻的鄉村花園世紀城的最初平均價格是每平方公尺7 088元。 目前,第一阶段的商行已售出。
在交通方面,目前江宁區有1號地鐵線、3號地鐵線和S1號地鐵線。
到目前為止,鄉村花園世紀之城已安排公交車前往小龍灣地鐵站和醫學大學地鐵站,供所有者使用。 在后期期,随着居住于大樓的所有人增加,地鐵站的公交車数量也将增加。
此外,国家花园世纪城还有交通设施,如双高速铁路和Lukou机场。
江宁在商業中分为七個商業區, 如東山、九龍湖、白甲湖、大學城、桑山、查魯庫、海丁橋等,
東郊有400,000平方米的集成规划區域, 計畫讓240多个國際時尚品牌得以安裝。 目前已有100多个國際時尚品牌進入。
南京東郊的排泄物由TOC公司共同管理,该公司具有排泄物和排泄物开发公司的顶尖发展管理經驗,分一比一复制美国的排泄物。 成千的客戶每周來此购物。
目前,世紀城初期的房屋已售出。人們急切地排隊,以购买新的精密装修的房屋,每套房面积80至265平方米。只有300名市政府的顧客可以享受2%的额外折扣。早期登記意味着提前挑选房屋。
另外一件值得注意的事情是,高校新生的特惠鐵票的範圍是他們家和大學之間的。 否則,他們就不能享受特惠政策。
同時, 新生只要有入學信, 就只能買一張學生票。 買票的人最好在旅程改變時改票, 而不是直接回票。
如果他們真的需要退票和要求退款,他們可以要求工作人员表明票已经退款,以确保再次购买学生票。
只有上大學的人才能通過他或她的入學信 购买特惠的鐵路票 。 其他陪伴他的人沒有權利享受折扣的價格。
雖然女性扮演的社會角色越來越多,
專家說,因此,很多女性有不同程度的抑郁和焦虑感,而此类疾病的高发病率年龄囊括在30到40岁之间。
當然,除了病人的基數增加之外,女性病人的增加也源自人們高度關注心理保健。
許多人對心理壓力持「狗力抵抗」或避開的態度。
同時, 由于缺乏對抑郁症與焦慮症的理解, 普通公民誤以為病人不適合, 反而能提供及时的瞭解與情感支持,
今天,随着人們對心理健康的正确理解 以及對心理健康的關注, 很多病人和他們的家人 可以以正确的方式面對這個疾病。
Xu Xiangdong表示, 因此越来越多的病人愿意进入医院接受专业人士的帮助。
8月11日当地时间,中国外交部长王仪在乌干达首都坎帕拉与乌干达外交部长会谈。
Wang Yi表示, 无论国际和区域动荡如何, 非洲国家一直是中国最親近的好兄弟, 中国一直是非洲国家最可靠的朋友。
在联合国安理会五个常任理事国中,中国是向非洲派遣维和人员最多的国家。 如今,有2 400多名中国维和人员在包括南苏丹和马里在内的7个非洲任务地区执行维和任务。
在过去两年中,中方曾两次提议就南苏丹问题举行相关会议,积极支持伊加特的调解努力,并多次提出中国倡议。
中方支持友好的非洲国家加强建立稳定国防能力。 此外,中方还通过双边或多边渠道向相关非洲国家和非盟等区域组织提供援助,支持它们在达尔富尔、索马里和其他地方的维持和平活动。
中国积极参与了联合国在亚丁湾和索马里海域开展的反海盗和护送行动。
自2009年以来,中国共派出23艘护航舰队,并护送了6 000多艘船只前往Fro。
中國總是支持和幫助非洲自己找到問題的解決方法,
中国主张消除贫困是避免冲突和危机的关键,因此,中国致力于加强非洲友好交流,以帮助非洲真正实现可持续发展。
库泰萨重申,在安全理事会改革问题上,乌干达方面坚决支持作为非盟共同立场的《埃祖尔韦尼共识》。
中方也理解及支持非洲,
這名警察回到當地警署後, 首先向老頭提供一碗蘑菇湯,
後來,警察耐心地和老頭談話。最後,他知道姓陳的老頭86歲,是西亞昌鎮南扎伊村的村民。由于老了,老頭還沒清醒到不能找到家,因為流浪。
25歲的Gao Xiong (右) 已準備好在衣物店為他的情人買件衣服,
在8月9日的黃昏, 一群在高空环境中工作的脚手架工人 悄悄地坐在光学谷佩德斯特里安街的台阶上休息。
由老板雇佣的脚手架工人在当天完成工作后,
越來越高升的城市不可能沒有腳手架工人的努力。 他們的工作似乎沒有科技內容,非常危險。
那天早晨,他們穿著工作服和安全頭盔,腰部有扳手,手上有螺栓槍,他們穿梭在建筑物外的钢架上。
黃皮的熊国信在說話的時候 拿出了1500塊錢 他三天的薪水 說他打算把錢寄給他老婆
每個日薪勞工每天可以賺300到500元,
一個經驗豐富的腳手架每天用120根鋼管交易, 每根重量8公斤。 换句话說, 每個腳手架每天用重達1000公斤的鋼管交易。
建築期快結束了, 五十多歲的武老爺正在數錢, 說他可以忍受困難, 讓他的家人過上更好的生活。
明天早上, 市公安局將舉辦活動, 征求市民對改善車站廣場交通環境的看法。
然而, 作為向外界展示西安形象的窗戶,
清晨十點,西安市公安局將向市民征求意見,並與民眾进行现场互動交流。
無力的民眾若無法在網絡上發表訊息,
根據法律, 接受宴會的公务员人均支出不得超过三萬韩元(約181元),
根據8月10日Yonhap的報導, 這項條例對許多原本只招待政治人物及高級公务员的首等韓國餐廳构成挑戰。
許多餐廳必須調整餐桌錢的標準, 推廣更便宜的餐廳。 有些餐廳已經一勞永逸地關閉或轉換到其他的產業。
許多韓國餐廳老板因為法律而擔心未來的生意,
在首爾的Insadong, 自1969年起就開始做生意的餐廳常受到政治人物、政府官员、媒體記者和商人的庇护。
這家餐廳的老闆告訴Yonhap的記者, 多年來他們一直以提供奢侈食物和私人餐廳环境為榮。
在過去的十年里, 餐廳提供高品位的餐廳。 然而, 「為了滿足依據「不適應的誘惑與貪婪法案」(Improper Solication and Graft Act)所設立的餐廳資金上限, 我們必須改變幾十年的传统,
「Charcoal Fire燒烤村」主要提供牛肉烤肉。
我們預言自十月起 銷售量將大幅下降 所以我們考慮用進口牛肉 取代Han -u
這家餐廳以政治要人(如前总统羅泰宇和李明博)的贊助而出名,
這家餐廳的老板說, 部分韓國政府部門已經搬到了Sejong, 餐廳的生意受到很大震驚。 据估计, 在Improper Solication and Graft 法案生效之后, 客人的數量會更小。
餐廳將轉移到越南面, 人均餐食标准約在10000韩元左右(60元)。
韓國餐饮服務工業協會預言, 在Improper Solication與Graft法案生效後的第一年, 韓國旅館業收入將逐年減少415萬億韓元(250億元)。
南韓總統Park Geun-hye在第10天的內閣大會上表示,
她說:「一旦法律生效, 社會的透明與公平將或多或少改善,
當我們在日常生活中開車時,我們常常穿過隧道,有时甚至是超長的隧道或隧道群。所以,隧道是否安全对我们很重要。
同时,规定任何单位或个人不得破坏、破坏、非法占据或利用高速公路隧道及其附属设施。
如果由于维修项目而需要关闭交通或长时间使用马路,除紧急情况外,管理和维修股应提前15天与交通警察局一道向公众发布建筑和交通管制信息。
很多駕駛遇到地道交通堵塞,有些駕駛习惯在隧道抽煙消磨時間。
交通警署應該采取措施, 防止车辆因地制宜地進入、引導及引導交通, 並及时發送交通堵塞消息。
交通意外發生後, 即刻实施交通管制, 防止二次事故發生, 包括巡逻及宣傳等措施。
公安机关可依公路隧道安全防护要求及公路隧道技术条件,指定有危险化学品的车辆通过或禁止此类车辆通过的道路和时间,并向公众发出通知。
根據8月12日的Chinanews.com, 国家统计局的新闻发言人Sheng Laiyun今天表示, 辽宁市的市面失業率比全國的平均水平高。 由于经济正在调整, 內部壓力很大。
今天,国务院信息办公室于2016年7月就国民经济的运作问题举行了一次新闻发布会。
根據全局的判斷, 国际经济正受到深刻的調整, 其恢复速度相对缓慢,
國內, 由于中國正處於緊急的结构调整期, 传统產業的盈余與有效市場需求增長不足之間的矛盾很嚴重,
因此,在新一轮的調整中,重工和化工產品的價格正在受到最深刻的調整,从而不可避免地使辽宁的经济受到下行的压力。
在第十二個五年計劃中, 由于都市化的發展和房地產的擴大, 辽寧的基建發展良好, 其房地產基礎也相當高。
13個五年計劃的最初基數很高, 在數據顯示方面, 這一回合的調整比其它区域要少得多。
Sheng Laiyun总结道, 辽宁(Liaonning)的经济调整有其特殊的经济原因, 不仅包括周期性因素的影響,
Sheng Laiyun也表示, 自其经济受到調整后, 辽宁市的社運失业率比全國平均水平高,
根據近兩個月來數據的觀測, 有跡象顯示辽寧(Liaonning)的经济會穩定,
包括辽寧(Liaoning)在内的东北地區的經濟將再次展示前舊工業基地的活力。
8月12日清晨, 20多位台灣自駕旅遊社同胞在福建寧德市, 開始自行駕駛旅行, 以體驗城市「山、海、河、島」的自然景貌。
許多台灣同胞在離開前對中國新聞社記者說:「我們熱切期待這趟自駕車旅行。
在四天三夜的旅程中, 台灣自駕巡遊的情人會自駕地區或景觀地區, 如楊家溪、夏浦海灘、羽毛中的太木山、平南的白水陽地區等,
台灣媒體將跟隨這場自我駕駛之旅, 拍攝寧德景色區域的照片,
台灣的自我駕駛旅行主要在這個島上進行, 希望藉此活動提升中國的寧德(Ningde)的受歡迎程度。
在福建和台湾之间,共有8条海洋客运航线、7条直航航线和4条未固定的航线,在台湾和大陆之间的海上航线和航线的客运量中,福建-台湾航线的比重分别超过98%和10%。
「現在來福建很方便, 台灣的汽車也能到平丹,
潮余表示, 由内地到台湾的自驾游览市场有很大的潛力,
這意味著他們有可能改變目前癌症的诊断模式, 以便與頂尖的国际癌症诊断机构共享資訊,
醫師的壓力每天都在增加, 而認知科技的引入很可能會在中國發生癌症醫療轉變。
由IBM推出的IBM華生肿瘤解藥計畫, 由Sloan-Kattle 癌症中心(Sloan-Kesting 癌症中心)提供「訓練」,
根據IBM, IBM Watson是「計算范式基本轉變」的代表,
此外,它可以隨時不停地做「研究」。
据报告,地面接收站将大大有助于重庆进一步利用极轨道卫星在完成后发展遥感监测和服务。
它将有助于进一步改善重庆灾难性天气监测的及时性以及生态环境监测的商业产品。
与此同时,全面运用多源卫星的实时数据将更有利于在地表温度、城市热岛、水体变化、土地使用和生态变化等方面开展监测工作。
林海明表示,今年上海代表团包括非政府和体育界的代表,双方将继续推动和扩大城市交流。
台北市長Ke Wenzhe表示, 台北政府基于「相互認同、互相理解、互相尊重、互相合作」,
自2010年起, 兩座城市轮流舉辦上海-台佩市论坛,
火災發生地點在三樓的工廠裡,
今早十點左右, 林齊區奇魯化學工業公園一家企業的工廠大樓起火。
這場火災既未造成伤亡, 亦未造成嚴重損失。
發生火災的地點在三樓的工廠裡, 它直接對著公司的門。 外牆上沒有明確的燒傷或燒焦的跡象。 因為消防員仍在當地工作, 危險的情況並沒有完全消滅。 記者不能進入工廠去調查情況 。
火災在上午十點整發生,
在現場,一個出汗的消防員告訴記者, 火災造成的損失并不嚴重。
8月9日早晨, 在拍賣開始前, 公民劉先生來到拍賣網站等,
劉先生對奇魯Evening News的記者說,他很早就收到從網路上拍賣政府車的訊息,
「政府汽車,在大多數情況下,
在現場,除了出價人之外, 黑澤市一些市政府的員工 也當著監督人員的面進行監督。
此次拍卖45輛汽車的價格都超過拍賣價格, 開價共998,500元,
8月11日當地時, 在2016年里约奧運會200米的選民選中, 中國人王善(Wang Shun)贏得一枚銅牌,
同一天,王善不僅完成了對他的偶像的競爭,而且以1.57.05的個人時間排名第三位,因此在他的體育生涯中獲得了第一枚奧運獎牌。
Wang Shun的兩個偶像是Phelps和Lochte。Phelphs在里约贏得他的第四金牌,而Lochte由于表现不佳,排名第五。
後來王信的興奮令人興奮, 「這枚獎牌有點出乎意料,
事實上,在這次比賽中,Wang Shun的前途不景氣。然而,在最后50公尺的衝刺力下,他的排名從第七升到第三。“我只想盡我所能做每一個游泳動作。 ”
Maduro表示, 在第一階段,
他希望通过这一决定,恢复与哥伦比亚的经济和贸易交流,以改善两国的双边关系。
桑托斯說,這兩國的邊界將逐步開張。 此外,還會向居住在兩國邊界的居民發出特殊證件,讓他們方便地通過。
他提到安全是兩方最深思熟虑的問題, 兩國將建立反邊境犯罪中心,
去年8月19日, 委內瑞拉說哥倫比亞准军事組織開槍打傷了三名軍人,
为了彻底落实李克强总理关于照顾左翼儿童的指示精神,我们积极响应该党和联盟的呼吁,为农村左翼儿童及其家庭提供照料服务。
我們將繼續將愛心交換到更多活動,
8月10日晚上, JD. com發表了2016年第二季度的财务报告,
JDcom公司的股價也因此上升,
財政報告指出, JD. com在第二季度已獲得非GAAP的利潤, 净收入達3.914億元元。
根据Yahoo Finance的總合資料, 先前對華爾街15名分析員的預期是,
財政報告指出, JD. com第二季度的ADS中, 非GAAP 收入減少為0.04美元, 遠高于分析家的预期。
在提交财务报告后,花旗银行和德意志银行等著名国际投资银行逐一提供“买入”建议。
根據投資人會議與投資銀行的研究報告, 分析機構已對提升JD. com的利潤表示出浓厚的興趣。 分析機構不僅承認JD. com目前的成就,
花旗銀行在研究報告中表示, JD. Com在经营利差方面的蓬勃增长和自营企业的毛利润率, 都体现了 JD. com核心企业的优势,
JD. com在超市的侵略性布局是资本市场积极回應的重要原因。
JD. com的頂尖高管多次强调JD. com在超市领域取得的进展,
到2016年6月30日, JD.com在過去12個月中累积的自由现金流量達110億元, 進入歷史新高。 其现金储备達434億元, 逐年增加72%。
「根據我們公司內部的預言, 未來五年內,
JD. com也致力於进一步优化客戶的經驗。
JD. com開始為顧客提供增值服務,
与此同时,JD.com与永胡和Wal-Mart等战略伙伴积极携手合作,在供应链方面开展深入合作,以便为消费者提供更加多样化的产品。
此外,JD.com进一步加强了对其平台上商家的最优化筛选,以确保平台商品的质量标准。
在中國的電影票房記錄持续下降後, 7月電影院的成員數量下降了15%。
EntGroup說, 從4月到6月, 中國的票房收入下降了10%,
以中國最大的影院連線Wanda電影公司為例。 第二季度的票房投票率只增加了12.8%,远远低于第一季度的增幅,即61.4%。
中国是世界第二大经济体,正在逐步降低对制造业和出口的依赖程度,同时不断促进服务业的发展。
目前中國有31,627台銀幕,而美國擁有的銀幕有39,000台,但今年票房的下降可能延遲了美国在这方面的超越进程。
埃及前首相Essam Sharaf表示,
CRI Online(記者是胡平)最近舉辦的卡拉梅论坛, 以絲绸之路經濟帶為主題,
埃及前首相沙拉夫(Essam Sharaf)也高度關注中国與埃及的文化交流, 認為中國文明與伊斯兰文明有共同點。
而Issam Sharaf表示, 中国總統习近平(Shi Ginping)提出的絲绸之路經濟領帶(Silk Road Economic Belt), 建起了一座橋,
他熱切地期待中國企業將在未來加强與埃及的交流,
Harbin邊境檢察站最近於8月12日發佈新聞,
記者從Harbin邊境檢察站得知此事。
Harbin警方依法對這名俄羅斯人判处了5天的拘留。 与此同时,已做出禁止他在五年內入境的决定。
8月12日上午, 国家工商管理署舉辦了第二次中國-东盟工商论坛的新闻发布会。
Yu Fachang表示, 自实施商业登记制度改革、企业总数大幅增加、企业对商标和品牌的认识提高以来, 在商标和品牌的建设方面取得了显著成就。
2015年, 全國的专利申請數量達287.6萬份,
根据中国的统计,2015年中国和东盟的双边贸易额达到4 722亿美元,累积的双向投资额达到1 565亿美元。
中国连续七年是东盟最大的贸易伙伴,东盟连续五年成为中国第三大贸易伙伴。
自下半年伊始,A-share市场就联合起来。 然而,最近上海综合指数波动了3000點左右,表明投资者的风险胃口下降。
在债券市场上,自6月以来,由于基本要素和投资者情绪等多重因素的影响,债券市场出现了改善的趋势。
受今年第一季度房地产周期的驱动, 受房地产投资集聚及设施投资改善的影响, 经济已进入分阶段复苏阶段。
第二,自第二季度以来,随着美国经济疲软和英国退出欧盟的影响,美联储开始减缓提高利率的步伐。
新兴市场的资产价格受益于美联储利率低迷带来的低迷预期。 最好在这种环境下积极抓住股市和债券市场的投资机会。
但從短期的角度看,长期利率的进一步下行需要分阶段的風險和资本利率的下行。
与此同时,也有必要看到,在经历了兩年的债券大公牛市场之后,今年的固定收入市场的收益率很难在两年前达到水平,而波动幅度會同时增加。 因此,总的来说,收益曲线具有平坦的特点。
根據引言, 查山牛肉在廣州和夏门生產,
據了解,自其開張起, Chaoshan牛肉餐廳就為消费者所認可, 其中最夸張的上癮性餐廳在20天內吃13次菜。
Wang Huaping表示, 把南方人最喜歡的食物引入北方, 並不代表吃「稀有食物」,
2016年8月12日, 位于北京Longhu Changying Celestal街購物中心西區二層的Wormhole VR 實驗品店,
據知此移除是由蟲洞(Wormhole)進行的虛擬現實娱乐场所的全新布局。
據了解,姓Wan的人住在哈米市。他通常游手好閒,沒有正式工作。因此,他在超市和集市四處徘徊,觀察偷竊的機會。
2015年初,在Wan的Hami Overhaul工厂的Jinkuang家族區的汽車附属店,趁著名為赵的店主不在家,偷走了藏在赵氏商店电脑桌上的三星G3509手提琴。
12月底,在一家汽車輪胎修補店Wan看到受害者在店外工作,偷偷地進了店,偷了600塊現金。 最後,店主抓住了他,報了警。
哈米市人民法院在審判此案后, 確認Wan以非法占領的意圖, 秘密地偷別人的財產十次, 偷竊價值達15,582元。 他的行為构成了盜竊。
Mushahid:文化特性是丝绸之路经济带繁荣与发展的基础。
8月11日,
這場論壇不僅是直接討論經濟與贸易,
巴基斯坦参议员兼中国-巴基斯坦经济走廊议会协调委员会主席Mushahid Hussain先生充分肯定了论坛文化产业次论坛的作用。
中国社会科学院RDI智囊团计划专家小组主席赵白治也高度赞扬文化产业的发展在推动建设 " 一个带和一个道路倡议 " 方面发挥的主导作用。
她指出,中国文明和伊斯兰文明之间的对话和交流,以及中国和外国文化企业之间的经济和贸易接触,都是基于各国和各地区之间的文化相互信任和文化特性。
我們非常支持中國與巴基斯坦、伊朗、哈薩克及埃及等國家的文化交會,
以絲绸之路經濟帶為主题的喀拉梅论坛文化分论坛,
此外,中国花霞文化遗产基金(China Huaxia)提出在巴基斯坦、伊朗、哈萨克斯坦和埃及引入世界文化遗产方面增加中方注释的建议,并将继续落实该项目。
南京江宁區政黨委員會秘書Li Shigui在委員會第13次會議上說,
即刻以黨會精神行事 是東山在目前和下個階段的首要任務
東山的領導人說, 在未來五年內, 東山會堅持有創意的發展,
它將加强研究與开发 Park 作為主要經濟戰場的作用, 以智能電網、電子通信和新材料工业等新兴战略产业為中心,
地區將堅持綠色發展, 重视改善城市质量,
利用中央政府的環保檢查, 專注於水、空气、灰塵、稻草及其他污染源的處理,
東山(Dongshan)打算强调南京南鐵路站附近地區的建设,
該地區將在未來五年內繼續發展, 提供更多公共服務。
更能支持就业, 突出創造者空間在推动就业方面的作用, 并为提供比指定职位更多的公司推出激励政策。
通过改善基础教育,提供更平等和更高质量的公共保健服务,以及调整四项特别救济服务的标准和范围,东山希望让公众更加快乐。
湖南省环境保护部命令义阳政府改善河东湖水质,
東廷湖中心的82. 67平方公里的Datong湖近年来一直遭受农业和家庭废水污染, 以及繁衍企业盲目追求经济利益。
近日來, 倫城區(Rencheng)和孔子高科技區(Confucius)的小学區已揭幕,
特別是那些在不遠的未來打算買房子的人, 更重视他們所支持的地產計畫的學區, 以及他們的孩子將在未來學習的問題。
8月11日早上, Qilu Evening News的記者在對城區一些地產計畫的調查中發現,
我們的社區屬于永芬街小學區 地產所有者可以送孩子去學校
一個叫做「Taibai International」的地產計畫的銷售辦公室的員工告訴記者,
在高科技区各学区揭幕后,
「我們的地產計畫屬於 Chong Wen 學校的學校區,
此外,Jibei New 區的一些新的地產项目也被纳入了一些校區。 例如,Jining 试验性小学租借部的校區包括中德公园城、Dejian Graceful家和Ruihu One等项目。
此外,钟京樂福城、林格華貴園、朱西·斯旺城堡、祖安·利多、烏隆·沈江、海莉昂大宅都位于孔子高科技區,都由重文小学的学区管理。
越来越多的人重视校區的分化。
「與城市居民相对集中的相對,
一個地產計畫的銷售經理說, 他們的孩子將在未來學習的學校裡,
自中國發展起, 群眾資金已經向民眾顯現正面形象,
不久前,南安市一个住宅区的父母们通过人群资助,为他们的孩子启动了一个阅览室。
因為他們希望孩子們在暑假中 保持良好的閱讀習慣, 丟下手機和電腦 回到最原始的 娱乐和娱乐方式。
這種有愛情的閱讀室 不但培養了孩子的閱讀習慣 也給了他們一個在暑假中去的好地方
除了閱讀室之外, 群眾資金也為左後方的孩童帶來了溫暖,
据报告,在黄山中部和西部,有3 000多名留守儿童,其中大多数与年老的祖父母住在家里,他们的父母不得不在其他地区工作才能赚钱,因此,他们一年只能见一次父母。
缺乏親戚和正確的指導 常常會成為孩子們長大時的 不可挽回的悲哀
似乎為孩子開放閱讀室、為左後方孩子建造家園以及其他有意義的東西,
群眾資金正逐步擴展其優勢至方方面面, 不仅改變了我們的生活環境,
Xf.cc總經理Han Jianyu說Xf. cc正在建立群眾資助系統,
我想說的是 群眾資助不僅是個企業,
無限的 如果你需要而且夠勇敢 啟動群眾資助
9月9日,
2016 年秋天自動表演將於九月九至十二日在「鳥巢」舉行。
香港大廳在2014年奇魯(吉寧)汽車展上首映,
豪華的汽車展廳, 作為西方和東方的展廳的連結點,
車主改車的高峰季即將到來, 越来越多的汽車經銷商開了中間車,
广东城乡居民基本捐赠保险制度由初级捐赠保险基金和个人账户捐赠保险基金组成,初级捐赠保险基金由各级政府共同支付。
商家在網站上學會了金融及企業的建議與建議,
8月12日中午,一架空中客車A330超音速機從成都舒昂里歐国际机场起飛,载了216名乘客。
成都航空公司將每週二和星期五, 直接運行從成都到布拉格的A330雙頻道廣大體飛機。
预计正常直通航線的開通,将进一步促进兩区域之间的双边经济和贸易交流,并为从中国西部到中东欧的游客提供便利。
捷克共和国驻成都总领事馆的领事Dolezal说,四川居民在路线开放后前往捷克共和国会更加方便。 因此,他们可以更快地体验捷克共和国美丽的风景。
「這條路不仅能便利四川游客前往捷克,
Dolezal表示, 领事馆总长已在中国西南部许多城市推出签证服务, 并设立签证中心。
除了法国之外, 捷克共和国近年来已成为欧洲第二大受欢迎的旅游目的地,
捷克旅游局公布的数据显示,抵达捷克共和国的中国游客人数从2010年的80 000人猛增到2014年的250 000人。
委內瑞拉與哥倫比亞於8月11日同意,
委内瑞拉總統馬杜羅(Maduro)與哥倫比亞總統桑托斯(Santos)會議後,
根據BBC的報導, 在第一階段,
Maduro在會議後表示, 他希望重開邊界, 協助委内瑞拉恢复與哥倫比亞的经济及贸易通訊, 改善兩國的双边关系。
桑托斯强调邊界將「逐漸」开放,
哥伦比亚和委內瑞拉也同意努力全面重新开放边界,
去年8月19日, 一群哥倫比亞准军事份子在暴動中,
馬杜羅(Maduro)在塔奇拉(Tachira)州(Tachira)的5個城市宣布60天戒严,
後來, 兩方為解決危機, 舉行了很多次談話,
2015年9月21日, 兩國領袖舉行談話,
我們總是想到美麗的風景、神秘的文化和誠實的村民,
種族村落發展中不正確的探索模式並非改變了村落的命運,
文化保護不是一成不变的概念。 例如, 廣西的劉山杰(Liu Sanjie)如果被從村落中分離出去, 就會失去意義。 不管它有多好,
在華欣與泰國其他地區發生多起炸彈;
CNR在晚間新聞節目中表示, 8月12日, 泰國母親節,
8月11日晚至8月12日(当地时间)早上, 在泰国知名旅游景點Hua Hin, 以及南部一些省份,
8月11日晚在華欣的炸彈似乎只是國內一系列炸彈的開始。
過去24小時, 泰國南部五省接二連三地發生八起炸彈攻擊,
8月12日早上8點後, 兩枚炸彈在Surat Thani的兩個警察局前爆炸, 造成一人死亡,
兩次爆炸襲擊了普吉島著名的巴頓海灘路邊的兩個警察局,
這是母親的日子,也是泰國女王的生日,
Hitour(海外自助旅行社)的一員剛前往其中一個爆炸場所。
據爆炸地點, 攻擊可能很小, 造成一點傷害。
泰國新憲法草案發表後, 已引起爭議,
支持者相信新憲法能醫治泰國的傷痛,
反對者認為這是「不公平的公投」,
特别是草案中的新条款將削弱政党的权力,
2015年8月17日曼谷爆炸紀念日之前,
國際觀察家表示, 國內分裂主義份子是最大疑犯,
近些年, 某些中國公司一直积极企圖在大學和科研机构建立實驗室和重要實驗室。
「鼓勵工業、学术與研究機構建立聯盟,
國際產業-大學-研究藥物聯盟與溫州醫學大學-紐約大學结构性生物合作研究中心,
美國在5天內看到第4次游樂場事故:3歲男孩從摩爾海岸摔下來。
事故發生在匹茲堡, 男孩被送到醫院時仍可以和家人談話,
于1938年建造的過山車沒有安全帶 因為它不是刺激性的
根据公園的規定 騎士們不需要父母陪伴 如果游樂设施小於15米
賓夕法尼亞州在事故發生後 重新整頓了全州的10200輛過山車
8月11日, 河北Leting县政府正式與JD.
這是第二個在Alibaba後進城的策略伙伴,
兩黨也將共同讓一個全國的示范性城市投入到农村电子商务中,
利丁郡的电子商务產業正在快速發展, 显著提升了城市和农村居民的生活水平和幸福指数。
Wang Xinliang指出, 年老的卫生产品公司通常也采取类似的作弊方式。 他们举办讲座,在现场提供礼物,并引诱老年人购买产品。
"聽課的人可以免費得到2.5公斤的蛋 帶別人聽課的人可以多得到2.5公斤"
王新良(Wang Xinliang)表示, 他曾遇到過一個案例, 保健產品商在讲座網站上呼喚老人的父亲或母亲,
「我們覺得用完這些產品後, 治療效果是好的,
Wang Xinliang 指出, 根据近两年來他遇到的案例,老年人很容易被欺骗。 大部分的欺诈都是在他们购买毒品、保健产品和财富管理产品时发生的。
有些老人買了很多醫療產品, 有些退休薪水高, 卻不聽孩子的建議,
根据CNR-2的經濟評論計畫報告, 網路購物正成為很多人的日常消费手段。 有多少網上購物者會在購物經驗未達预期時做出否定的評論?
約56. 4%的受訪者表示, 消费者提供负面評論的权利是網路社會公共監督系統的客观反映,
然而, 商人的壓力永遠不能用非法手段釋放, 而消费者應該好好地利用自己的权利。
消费者的意見相關, 您應該接受這些意見, 並改善服務。
如果某人的意見旨在削弱你的競爭能力。您可以根据反不公平竞争法的条例保障自己的权利。
如果你的惡毒污蔑损害了你的生意信誉和信用,你可以提起民事诉讼或向有关当局报告案件。
根據相關法律規定, 若商人公開你的消息來報復你, 他們實際上侵犯了你的名譽與資訊安全權。 然而,
电子商务平台在相关行政部门调查和处理此类案件时,必须发挥它们的监测作用。
另一方面, 透過法律與規定, 宣傳他人個人資訊的人應負責。
MIIT 征求公众意见,提高新能源车辆制造商和产品门槛
專家表示, 民意征集草案將提高新能源工具制造商及產品的限值, 防止低水平及重複建築物, 使工業定單标准化,
新能源车辆的实施范围在意见征求草案中调整为纯电动车辆、插件混合体和燃料电池车辆。
包括提高公司设计和开发能力、生产能力、以及保障售后服务的能力等。
关于加强产品安全的监测和控制,征求意见稿还要求有关部门对所有新能源车辆(包括底盘)的运行状况进行全寿命循环和实时监测。
Dong Yang 说,目前我们有119个完整的新能源车辆制造者,预计在未来两年内还将有10个合格的车辆制造者投入使用。 因此,对新能源车辆工业的影响不大。
俄羅斯克里姆林宮揭露, 俄羅斯總統普丁(Vladimir Putin),
普丁任命安東·瓦伊諾(Anton Vayno),
在俄羅斯克里姆林宮的新聞中, 俄國總統也任命瓦諾為俄羅斯安全常理常务委員會成員。
同一天,中國科学院亨水科学研究成就改造中心第一委員會和第一委員會正式成立於亨水新工業區北部的「藍火焰基地」。
中国科学院流程工程研究所集中研究能源、化学品和生化工程等领域的研究,共有10多个科学研究实验室(中心)。
中心是全省开展北京-天津-河北权力下放和工业转让的40个重要平台之一,主要负责北京和天津与食品加工、纺织和服装、购物和物流有关的工业转让和技术转让。
8月12日在北京舉辦了由中国残疾人基金发起的2016年「同性戀方案:對残疾人的愛心協助」的捐獻儀式。
希望「愛之爭」計畫能讓各行各業更加關注殘障族群的生活環境,
校車司機無法用語言與這位老婦人溝通,
晚上10點, 老太太的家人被告知她在洪道警察分局工作, 是因為她沒有回家,
公車公司的工人發現這位老婦人穿得整齊, 認為她不像個老婦人,
因為這名工人在一個小時的通訊之後 得不到任何有用的線索,
然后警察耐心地和这位老太太交谈 但她仍然不能正常地跟她们交流
當晚10點 住在海底島的楊先生報警 說他80歲的媽媽在下午失蹤了 直到那時才有她的消息
洪道警察分局的警察在回應電話時發現, Yang先生所描述的關於她母親的事, 恰好符合這個失落的老片段的特征, 并通知他到分局去作身份證。
然后杨先生和他的侄子去了警察局分局 发现那位老太太就是他的母亲
Yang先生感谢警方及时找到他的母亲,然后在确认她身体健康后带她回家。
根據楊先生的說法, 他的80歲以上母親, 來自安徽省, 告訴家人, 她想出去散步今天下午,
晚上七點左右,他沒看到他媽媽回家, 所以他要求他的親戚和朋友 搜查他媽媽的家附近和海底島,
他也說他媽媽從來沒有自己坐過公車, 猜想可能是一些善良的人幫她上了公車。
交通警察上前發現車上有12人,
車手下車後, 他再三强调刹車不起作用。 警察上去檢查刹車, 發現它真的不起作用。 但警察批評車手的行為,
警方在調查後得知, 車上所有12人都是建筑工人。 司机仍然接著這些工人工作, 条件是他知道制動器不起作用。 据认为, 这种行为太危險, 在紧急情况下, 很容易造成意外事故 。
8月12日晚上,
今年的中俄文化巨型集將為兩國建立平台,
2016年是《中俄睦邻友好合作条约》签署15周年,也是中俄战略合作伙伴关系成立20周年。
中俄政府利用中俄文化巨集,
中俄文化巨集是中俄人民分享经济发展和文化繁荣成就、增进友谊及合作的平台。
作为中俄友谊和文化交流的重要载体,中俄文化巨集自2010年启动以来,已成功举行了六年。
黑河市副市长范志国告诉记者说,在黑河发展过程中,经济和贸易一直与文化一起发展。
今年的中俄文化大賽, 我們邀請國內外的中國領袖及商人到黑河去, 以两国之間的高级别互访及文化、文學及藝術團體互访为基础,
Fan Zhiguo表示中俄文化巨型片段为我们提供了文化、经济和贸易舞台,
中國方面將利用「文化業促進工程」, 專注於自身力量,
之前的開幕典禮是40萬中國人和俄國人關注的重點。
表演包括三章, 包括「絲绸之路之夢」、「互聯橋」、「友誼之花」等,
包括高端交流、展览、艺术表演、大众文化、体育文化和文化旅游。
根據8月12日台灣聯合日報報導, COSCO以3.
Piraeus Port的购买計畫是「貝爾特與路」計畫的重要里程碑之一。
這個港口的發展與繁荣可以促进中國和希腊的经济发展,
Piraeus港是通往亞洲、东欧和北非的入口,2014年的旅客吞吐量约为1 680万,20英尺的集装箱约为360万。
希腊国有资产私有化組織「希腊共和国资产开发基金」主席Pitsiorlas表示,
「兩方在Piraeus港的合作不僅是經濟合作,
「有了這個港口, 希腊就成了中国通往歐洲的入口,
希腊政府今年四月簽署協議, 將Piraeus港的管理權賣給COSCO,
國營的COSCO將每年向希臘政府支付比雷埃夫斯港的管理權。
尤漢隧道南端和北端都有兩個露天挖掘區, 供Shunhe Vialiment南端延伸區使用,
根据施工要求,交通組織在施工期间采用“完全封闭的建筑”组织计划,封闭的建筑区禁止交通,一旦符合条件,交通将开放。
在施工期间,有人建议,在东西方向行驶的车辆绕道到南二环路、Tuwu路、北Yuhanxiaoqu路、Jida路、Ma'anshan路和Jingshi路,以及在南-北方向行驶的车辆,绕道到Shungeng路、Yuxing路、Yingxongshan路和其他道路。
在海南省工商管理署設立的集權登记服務日,
在这次活动中,来自四个级别工商管理局的登记当局,包括海南省工商管理局、海库市工商管理局以及海库四个区和一些乡镇的登记当局,共同处理登记事宜,并清理了场地上的程序,以确保有效的服务和投资项目着陆。
据了解,CPC海南省委员会和省政府决定从9月1日至年底在全省实施“服务于社会投资的千年倡议”,以进一步执行CPC中央委员会关于促进社会投资健全发展的决定和安排。
為了更好地服務和指导社会投資, 海南省工商管理署決定每30天集体舉辦「全省工商业制度提供的主要市场行为者集中注册服務日」。
Haikou Shishing Basket集团是由Haikoou市人民政府成立的一家完全国有的企业,在Haikoou开设了147家蔬菜便利店和蔬菜超市。
2016年8月12日, 小组在全省工商业系统提供的主要市场玩家集中登记服务日活动现场完成了商业地址记录。
在过去,147家蔬菜便利商店和超市曾需要147家商业许可证。
工業與商業管理員在執行「一個地址, 多份執照」政策後, 我只需要處理一個商業執照,
Hainan Aidong体育文化交流有限公司的Zhou先生和Hainan Dake文化服务有限公司的Wu先生多次叹息。
兩家公司從別處搬到海南福辛格市的網路創新與企業園,
8月12日,国务院工作安全委员会办公室确认了两起重大工作安全事故,强调有关部门需要迅速安排人员进行事故调查,并认真寻找原因。
根据通知,一旦发生工作安全事故,应尽一切努力应对事故,救救伤员。
相關部門應迅速安排人員進行事故調查, 認真找出原因, 決定事故的責任,
吴海明(Wu Haiming)是一名多年在蒙古工作与生活的Tongliao人, 也是蒙古Tongliao商会会长,
Tongliao市和Khentii省已达成共识,在两个地区之间建立友好关系,使中国和蒙古之间的经济和贸易合作更加活跃。
降雨會導致城市水涝和田地水涝, 所以應該更注重高風險區的排水和防衛工作,
8月12日,王仪外长在印度果阿分别会见了果阿省省长辛哈、首席部长帕塞卡和果阿省议长阿南特。
中方希望與印度中央政府及果阿政府加强交流與协调,
Goa很榮幸能成為金砖五国領袖會議的主办地,
Goa欢迎在果阿投资的中国企业,
南韓反政府黨:政府支持部署THAAD系統,
8月11日, Kim Sang Khun在競選韓國明珠黨(Minjoo Party)的領袖時表示,
近年來, 國內公安機構一直堅持根據公安部的部署, 禁止槍械犯罪,
然而,枪支犯罪案件仍在上升,尤其是网上出售枪支的犯罪活动日益普遍,严重影响了社会公共秩序和人民的安全感。
通过共同搜索和共同控制,他們严厉打击非法贩运枪支和流通渠道,重点是枪支流通的关键联系和渠道。
曾有一次 有个男孩一直想和她约会 终于从东小姐那里得到了点头
第一次,男孩來她學校接她, 直接拿出一大堆花 在Dong小姐面前,他的車箱。
在坦桑尼亚海岸省Kibaha郡Mlandizi镇,来自中国河北的王舒生仍然很忙。 10月,一家钢铁厂将在这里投入使用。
坦尚尼亞每年對鐵條的需求量已達183万吨, 但本地生產的鐵條的質量無法滿足大型建築物如高樓建築和橋,
這名企業家多年專注于鋼鐵業, 指出坦尚尼亞為何對他有巨大的吸引力,
同王舒生一樣,越来越多的中国企業家把注意力转向非洲,以寻求机遇。
今年7月底,中国外相王毅在中非合作论坛峰会协调员会议上指出,投资合作是促进中非合作而非援助的新有力动力。
中国-非洲发展基金主席史吉阳指出,非洲是全球经济增长的新极,是东亚和南亚之后增长最有活力的地区。
中国-非洲发展基金的数据显示,2014年中非贸易价值超过2 000亿美元,预计到2020年将达到约4 000亿美元。
2014年,中国在非洲的直接投资存量超过300亿美元,预计到2020年将达到1 000亿美元。
在8月12日于肯亞蒙巴萨舉辦的中非媒體與智囊團研讨会上,
Wang Shusheng承认在这里经营一家植物面临着融入当地社会的巨大挑战,但他对未来的发展前景感到乐观。
CBC評論員把邁克爾·菲爾普斯和瑞安·洛克特搞混了
一位為加拿大廣播公司CBC工作的奧運評論員在星期四晚上感到尷尬,
Elliotte Friedman在兩百米的醫學決賽中 混入了這對人 菲爾普斯贏得他的第二十二枚奧運金牌
弗里德曼相信他是洛赫特 菲爾普斯的同胞 以及世界最頂端的長期對手
弗里德曼大喊:"最后,他會做到的!"
Ryan Lochte要打敗Michael Phelps了!
菲爾普斯甚至不會做主講台
但菲爾普斯贏了 洛赫特在第四步就跟進了
在菲爾普被金子觸碰的那一刻 CBC的廣播就一聲不響
弗里德曼,令人敬佩的是, 立刻承認了他的錯誤。
抱歉,我把車道搞混了
他說是金子的幫助
加拿大評論家的專業精神在錯誤之後受到广泛表揚,
我很抱歉大家。
我搞砸了
"沒有藉口",他寫道。
菲爾普斯在勝利中打破了2 168年的歷史,
先前的紀錄是羅西斯的列奧尼達斯 据信他在古代比賽中贏得的奧運冠軍比任何人都多
在地球上最快樂的地方停車 未來應該更容易找到
迪士尼樂園(Disneyland)發佈了一個长期計劃的停車结构、一個交通中心以及一座新的行人橋的細節,
包括6800個空間的停車場和交通中心, 公交車、穿梭車、出租車及其他車輛可以讓觀光客下車。
港灣大道上的一座行人橋連通了停車場和交通中心。
以及正在建的14英亩星際大戰土地擴張計畫, 也是Anaheim市承諾的10億美元投資的一部分,
以東門為名的計畫將於明年開工。
建在迪斯尼Pumbaa的停車場上,
交通中心將取代主題公園於2014年買下的商業產。
该项目预计将在2018年開工。
「東門是我們在阿納海姆的巨量投資的一部分,
泰國的炸彈爆炸案
在泰國投票批准軍方支持的憲法後, 泰國五個南部省份發生一系列炸彈爆炸,
周四晚上兩起爆炸先襲擊了華欣海邊度假村,
這座城市位于曼谷以南約200公里處。
警方表示, 第一次爆炸造成一名泰國女性死亡,
官方證實其他爆炸攻擊了南方城市普吉、朗和蘇拉特(Surat Thani),
兩枚炸彈在普吉的巴頓鎮爆炸,
過去24小時, 共有11起炸彈爆炸襲擊了全國。
泰國警方官員Krisana Patanacharoen上校在星期五表示,
他說"快下結論太早了"
但我們確信這些事件並非直接與任何恐怖主義有關,
2016年8月12日在華欣爆炸後, 調查官從犯罪現場收集證據。
8月12日, 官方表示, 一連串针对泰國重要旅游业的炸彈攻擊已造成四人死亡,
國內沒有可能導致恐怖份子進入國內的衝突。
「所以我們可以說這些事件不是恐怖攻擊」,
警方並未指控任何特定團體, 但爆炸發生於泰國選民批准新宪法的同週,
南部三省瓦欣、普吉和潘格都拒絕了由军方支持的公民投票,而穆斯林占多数的泰国东南部省份也遭遇了叛乱,自2004年以来已有6 500多人丧生。
泰國的Sirikit王后生日時,
瓦欣是Klai Kangwon皇宮的主人,
普米波爾·阿杜拉亞迪國王是世界上最長的服侍君主
烏克蘭的問題:弗拉基米爾·普京到底在做什麼?
很難判斷這些要求的真相
乌克兰否认,美国和欧洲联盟都说俄罗斯没有提供证据。
數位法學研究實驗室(Digital Cogration Research Research Lab)發現了一些周六交火的跡象,
俄羅斯為政治目的扭曲或錯誤言論, 尤其是在烏克蘭仍在進行的衝突中。
這不意味著俄羅斯的聲明都是虛假的
烏克蘭民兵去年破壞了使用克里米亞的電塔,
克里米亞的一場攻擊並非不可能,
不管發生了什麼, 開源分析家發現的影像顯示, 俄羅斯自周六起,
包括用于海岸防衛的导弹系統
俄羅斯的進步讓人心神不宁
有些報導指出, 克里米亞的俄國軍隊已經預定了新的轮换期,
不管這週末發生什麼, 普京先生對烏克蘭的語言毫無疑問地變得越來越高,
分析家指出, 俄羅斯在前一次對烏克蘭的军事行动之前,
2014年2月,类似的演讲和军事演习为克里米亚志愿民兵占领半岛提供了掩护,而半岛仍由乌克兰控制,但只是为了表明他们实际上是俄罗斯特种部队发动军事占领。
8月, 當俄國支持的分裂主義者在東烏克蘭失落時, 普京先生沿邊境部署軍隊, 警告他們可能有必要「保護」烏克蘭的俄裔平民,
他策劃了一支援助船隊進入這個區域 據北约說 這只是俄羅斯入侵軍的掩護
普京先生在克里米亞有什麼計劃?
有些人怀疑莫斯科是否在策划另一起干涉事件。
在2014年8月入侵前,
但這似乎相當相似, 是為了引起對军事行动的恐懼, 而不是實際的行動,
研究俄羅斯的紐約大學教授Mark Galeotti指出, 克里米亞是對俄羅斯本土、而非克里米亞接壤的東乌克兰采取军事行动的起跑地,
Galeotti先生說:「俄國人不可能真正策劃重大攻勢」。
更确切地说,“我们正在研究一种典型的俄罗斯战略 来建立紧张状态。”
烏克蘭的國際和和談, 曾是普京先生強迫與西方領袖聯系的機制, 曾因吞并克里米亞而避免他,
普丁先生把重燃衝突的威脅扯上來, 給了談判一個新目的:讓他從邊緣退後。
Galeotti先生在9月初的下一轮和平談話中說:「這是普丁的標準策略,
"唯一真正的力量就是說,"如果我想,我可以把事情弄得更糟"
和西方人做交易
Putin先生本周也表示, 在克里米亚緊張的情況下,
這能讓他得到什麼?
儘管其經濟比澳洲小,
莫斯科對烏克蘭的統治權持否决權, 使國家在俄羅斯的某种控制之下。
這也符合普丁先生長期寄予的希望, 即与美国做大交易, 以對莫斯科有利的方式, 解決他們對烏克蘭與敘利亞的爭議,
普丁(Putin)先生自2014年末国家经济崩溃以来, 一再暗示此目标,
自去年秋天在叙利亚出面干预以来, 他一再邀请西方强国加入他的大联盟,
但俄羅斯領袖可能認為他們需要在1月歐巴馬總統下台前取得這項協議。
俄羅斯官員往往認為希拉里·克林顿是可能的繼承人,
唐納德·J·特朗普 雖然對俄羅斯非常友好 但仍被視為不可預知
但歐巴馬先生認為「尋找解決,
所以有一種感覺, 有一個關閉的窗口 機會得到一些快速的完成。
普丁先生似乎很高興讓俄羅斯弱小的鄰居猜測接下來會發生什麼。
這篇文章的先前版本錯誤了俄羅斯吞并來自烏克蘭的克里米亞的一年。
是2014年,不是2013年。
白宮分離基金 以對抗Zika
歐巴馬政府(Obama Obama)於星期四表示,
Sylvia Mathews Burwell, 卫生和人文服務部長在一封信中告訴國會議員,
這將迫使疫苗的研制在危急時刻停止, 因為在邁阿密, 本地人所為的Zika感染病例增加。
据疾病控制和预防中心称,截至上星期,美国共报告了7 350例Zika病例,其中多数发生在波多黎各。
Burwell女士说,有15名婴儿出生后存在与Zika有关的出生缺陷。
病毒可能導致腦部畸形和其他嚴重缺陷 由被感染的母親所生的孩子
該病在美國本土的蔓延, 上個月下旬才上報第一例病例,
Hillary Clinton於星期二在邁阿密的Wynwood(Wynwood)舉行了一次抗爭活動,
歐巴馬總統與國會共和黨在一年多的時間里,
2月,奥巴马先生要求紧急供资19亿美元。
共和黨人分崩离析 要求更細細地解釋那些錢會到哪里去
立法者已經爭取了數月 關於多少錢應該被指定 和如何使用它。
上個月, 民主黨阻止了對共和黨措施的考量, 共和黨原本會拨款11億美元與Zika對抗,
白宮於4月將5.89亿美元的埃博拉資金轉至Zika計畫,
星期四 Burwell女士說 她的部門已經用光了大部分錢 到8月底就會消失
「沒有通過Zika緊急補助, 迫使政府決定延遲疫苗發展, 及突襲其他有價值的政府計畫,
民主黨在宣佈對共和黨人宣稱不給Zika更多錢時,
在一次新闻发布会上, 加州的Nancy Pelosi代表, 少数派領袖, 呼籲眾議員Paul D. Ryan代表,
「所有可能的選擇都已經用完了, 現在我們要進入國家健康研究所,
歐巴馬政府延遲了一步, 以壓制Zika議題的最大政治利益。
也希望於2017年初開始「Zika-流行國家」的第二階段。
但沒有更多的資金, 官員們說,星期四, 研究會停止它的轨道。
Burwell女士说,她将把指定用于治疗癌症和糖尿病等其他疾病的3 400万美元的N.I.H.基金转给Zika。
另有4 700万美元将转入生物医学高级研究与开发局,该局支持开发药品和疫苗,以应对公共卫生紧急情况。
這筆錢將來自各種帳戶, 包括由一個為低收入家庭提供加熱油补贴的計畫提供1900萬元,
即便如此,Burwell女士说,增加的錢只會一直到下個月,到那時,如果国会不采取行动,各机构就不得不 " 嚴重地限制他們對Zika的批判性努力 " 。
在過去四個月中, 疾病控制與预防中心花了六千萬澳元幫助各州保護孕婦,
泰國領袖Links Links 攻擊觀光景點與憲法改革,
泰國政權領袖在週五鼓勵他的同胞耐心,
政權領袖兼總理Plainuth Chan-ocha表示, 作案者是「壞人」,
「仍有壞人, 自公投前便開始行動」,
包括普吉與華欣(Phuket and Hua Hin),
官方表示, 全国各地的纵火事件似乎都与此有关。
分析家說爆炸似乎不是要殺人, 而是要破壞泰國經濟中少數亮點之一的旅游业。
至少九名外國訪客在華欣受傷。
「不管其動機是什麼, 爆炸與纵火襲擊都破壞了軍政府宣稱公投後情況會穩定」,
這些攻擊造成政府失信、恐怖及危害以旅游为基础的经济。
照片來自泰國救援員,
警方說他們不相信爆炸與国际恐怖主义或泰國南部長期的伊斯蘭暴動有關。
他們將這些攻擊描述為「本地破壞」,
攻击的时机和地点带有强烈的政治象征意义。
爆炸發生時人們正準備在星期五慶祝Sirikit女王的生日,
四枚炸彈襲擊了皇家住宅鎮Hua Hin, 距曼谷125英里左右,
军方起草的《宪法》将削弱政党的影响力,
軍政府阻止反對者抗爭,
Murray Hiebert在華府战略及国际研究中心的东南亚專家指出, 軍方懷疑這些攻擊是由對投票心懷怨恨的人所為。
他表示, 爆炸是「顯然的協調, 但顯然是為了造成恐懼與焦慮,
曼谷的Erewan神社遭到爆炸, 造成20人死亡,
泰國官員認為這起爆炸案是維吾爾好戰分子為100多名維吾爾人返回中國而憤怒的。
自2014年政變推翻文官政府後, 領導政權的普萊魯特將軍表示,
「為什麼現在, 當國家越來越好, 經濟越來越好,
我們必須問為什麼 是誰干的
金色反應:西蒙娜·曼努埃尔的歷史時刻看起來像什麼?
今晚來參加比賽 我試著把黑社會的重量從我肩上移開 這正是我身處的這個位置
但我希望它能消失
我非常高興我能成為別人的靈感 希望能讓運動多元化
但同時我希望有一天 有更多的我們, 它不是西蒙妮, 黑色游泳者, 因為標題黑游泳者 似乎它應該我 不能贏得金牌 或者我不应该 打破紀錄。
這不是真的 因為我和別人一樣努力工作 我喜歡這項運動 我想和別人一樣贏
哥倫比亞L. G. B.
兩年前, 16歲的Sergio Urrego從波哥大的購物中心跳下,
因為L. G. B. T. 權力的擴大,
Urrego先生的母親Alba Reyes在死後, 控告學校官員,
一年後, 哥倫比亞最高法院發表了對她有利的全面判決,
這項決定是哥倫比亞同志權利運動一連串法律勝利的一部分,
教育部長Gina Parody公開為同志, 成為了政府執行的丑聞的亮點。
一個色情雜誌的色情內容開始在社群媒體上流傳,
帕羅迪女士很快就把這弄丟了
虽然教育部就性取向和性别认同问题向学校提供指导,以帮助他们听取裁决,但该部并未试图强行实施标准化规则。
Parody女士在星期四的訪談中說:「我們想讓學校有解決衝突的工具,
這場爭議在一次全国性的爭論中, 揭開了新的一面, 關注一個因政府和革命武装力量或哥伦比亚革命武装力量(FARC)(FARC)(FARC)(FARC)(FARC)(FARC)(FARC)(FARC)(FARC)(FARC))(FARC)(FARC)(FARC)(FARC))(FARC)(FARC)(FARC)(FARC)(FARC)(FARC)(FARC)(FARC)(FARC)(FARC)(FARC)(FARC)(FARC)(FARC)(FARC)(FARC)(FARC)(FARC)(FARC)(FARC)(FA)(FAFA)(FAF)(FA)(FA)(FARC)(FAF)(FA)(FAF)(FAFAFAF)(F)(F)(F)(FAFA)(FA)(FA)(FA)(FA)(FAFA)(F
反對政府和天主教教會領袖的政客聯盟以超乎寻常的速度动员起來, 指控總統胡安·曼努埃尔·桑托斯政府提倡同性结合與性流動。
政府代表团最近與哈瓦那的革命武装力量(FARC)談判, 於是就性别和L. G. B.
批評政府與和談, 針對Parody女士,
他們在集會上展現粗俗的招贴畫,
Paroody女士在整个繁忙的一周里一直保持令人敬佩的姿態,她努力澄清事实,并以建设性的措辞重述辩论。
她說:「這部分讓我站立著,
這是一個艱難的舞台 和一個非常孤獨的時刻。
她也把和平进程和L. G. B. T.
在哥倫比亞人繼續估量與FARC協議的利弊時,
她說:「和平的國家是否提倡包容或排斥?
雖然她不樂於成為這周的侮辱與騷擾目標, 但她很高興在今天的哥倫比亞,
Parody女士說:「對我來說,
我們不能等待新的自殺 開始改變。
維持選票網路安全 - 《紐約時報》
在《美國探索不把哈克人放在投票箱之外的方法》 (新聞文章, Augh.
國土安全部長Jeh Johnson表示,
可能有必要,并应立即予以审议。
網路威脅的多樣性, 以及最近揭露的外人, 可能是民族國家, 更想影響我們的選舉, 使得聯邦政府必須更加注意保障選舉制度,
Johnson先生应立即与国内数以千计的司法机构联系, 协助举行选举, 并向国土安全部提供援助、专业知识和指导。
虽然我们的投票基础设施多种多样,性质各异,难以确保这一基础设施,但这告诉我们,这一进程应尽快开始。
作家密西西比州民主党 是國土安全委員會的名人
英國政府最近突然宣布, 与中国及法國合作, 中止在英國的辛克利點核電站計畫,
英國政府議員最近表示, 這項計畫的延遲不代表英國消化了對中國的熱情,
一些專家指出,中国的核能在技术水平、安全性能、操作经验和所有其他方面居世界之首,而且成本相对较低。
因此,尽管「核能走向全球」將在一定的時間里受到試驗和磨難,但是,在巨大的雙赢潜力的背景下,各方的互利合作趋势不會改变。
但這些字眼顯然對英國在辛克利核電站計畫中所做的沒有意義。
一旦项目完成,它将满足联合王国7%的电力需求,并帮助在60年的运营期内每年减少900万吨二氧化碳。
分析家普遍認為, 英國的複雜因素, 如暴露的经济風險、国内政治爭議增加、Brexit之後的繁琐程序、以及未來的不确定性增加等,
「目前英國地產價格下跌, 資源也開始外流, 保持國內經濟及市場制度穩定,
同时,在Brexit投票获得批准后,英国还需要在未来几天内面对一些Brexit程序,并再次理顺与法国等欧盟国家的关系。
徐明吉說, 雖然英國新政府顯露出對前政府「分化」的熱切渴望,
然而,在过去二十年中,英国的核能发展停滞不前,其现有15个核电站的大多数已达到设计寿命。
根据英国能源白皮书的预测, 到2025年, 英国仍将只有一个核电站仍在使用,
因此,各方表示共同关切英国政府中止该项目,使公共福利受益。
在Scuoler的觀點中, 中国可以扮演重要角色, 幫助英國重建基础设施。
刘晓明表示, 我们期待尽早成功启动及实施该项目, 向英国提供安全、可靠及可持续的能源。
核電站的計畫在降低英國民眾的電費方面起重要作用,
因此,如果英国新政府做出最终决定, 打算最大限度地增加人民的福利, 核电项目就不会出现暗淡的前景。
英國方面可以解決能源需求差距, 中国和法国方面可以找到自己在核能领域的有利技术和产品的市场,
雖然辛克利點核電站計畫的不确定性日益高涨,但毫无疑问,中国在核能技术方面的高水平和尖端经验是存在的。
以中國的「Hualong 1」為例,
例如,中国根据日本福島核事故中反映的问题,设计了“在蒸汽發電器的第二端的被动残留热消除系统”,可以及时消除反应堆核心的热量,避免反应堆核心的熔化。
刘晓明說,30多年来,中国在发展核能期间一直保持着良好的记录和安全水平,国际机构高度评价其在核能发展和监管方面取得的成就。
現在是中英關係的重要歷史時刻,
中方希望英國政府继续支持辛克利核電站計畫,
中国国际贸易协会中美经济战略研究中心共同主席He Weiwen认为,由于英方作此决定的时间有限,双方需要更多的实质性沟通和对话。
中阿根廷核電站計畫也暫時被搁置, 但目前已清楚預定在明年第一季度開工。
自今年夏天開始, 本市的溫度一直高居不下, 所以游泳是許多民眾的選擇,
根据游泳池的員工, 許多公民或人 和他們的孩子從每天下午四點來到這裡, 然後游泳池和中間游泳池 總是和人混在一起。
河裡的這個美麗而寬敞的游泳池 有很多游泳者很受歡迎
第9個中國-东盟教育交流周將正式進入8月8日的延長期,
在前一个開幕期,政府官员、大专院校校长、中国和10个东盟国家的专家和学者就教育发展计划进行了有效的交流。
此外,值得注意的是,自中国-东盟教育交流周开始六年后,第二次“中国-东盟教育部长圆桌会议”使11个国家的所有教育部长第二次聚集一堂。
今年是「中國-东盟教育交流年」,
近些年来,中国和东盟国家日益深化所有领域的交流与合作,并不断在教育合作方面推出突出内容。
據了解,在兩方連續多年举行的教育交流周, 共签署了近800份合作協議,
在這個交換年, 教育年的旗舰項目, 第9個中國-东盟教育交流周及第2個中國-东盟教育部长圆桌会议,
「中國-东盟清正职业教育中心」與「中國-东盟鐵路中轉教育與訓練聯盟」也成立。
「中國-东盟教育交流年」(China-Agenda Education Exchange years)已持續多年,
「中國-东盟教育交流周」在加深兩方以人為本的交流、建立「靈魂橋、友誼橋、理解橋」方面, 扮演了不可替代的角色。
今天,人们对肿瘤的注意正在迅速增加,这在很大程度上可能与近年来癌症的高发病率有关。
根據有關2012年癌症的報導, 中國每年新增癌症病例約337萬例,
癌症是中國第一大死亡原因,
由于其不受控制的增长和扩散,罐头几乎可以影响人体的每一个部分。
通常,人体的任何部分都可能患上癌症,某些类型的癌症也将转移到身体的其他部分。
癌症是基因疾病 但研究發現只有很少數的癌症是遗传性的
許多因素都可能影響癌症的發生和發展,其中环境因素居首位,可以改变。
环境因素包括吸烟、感染因素、辐射、污染以及食物、营养和体育活动等。
李先生被送到醫院後, 醫生告訴他的家人, 他陷入了嚴重的狀態,
據數據顯示, 糖尿病患者, 尤其是先前未受治的病患或血液糖未受到妥善控制的病患,
對一些糖尿病患者來說,慢性腹泻甚至可能會是主要的疾病症狀,這太假了,然後導致錯誤的診斷和錯誤診斷。
消化器可以幫助疾病轉變, 對於細菌腹泻而言, 疾病通常會突然出現, 每天有好幾次, 伴以腹痛,
對糖尿病腹泻來說, 它大多用不明顯腹部疼痛的耐尿性腹泻來表示, 和在大多數情況下不伴有感染的排泄物來表示, 但腹泻的數量大幅增加,
病人可能會有副作用, 如腹部抽搐、腹痛和痢疾。
這是因為高血糖壓力加上低血糖病 可能會在發炎時在腹泻後發生
此外,人體因痢疾而陷入壓力,釋放多個荷爾蒙。 人體與痢疾相對,但人體也會受到大量流出血液的葡萄糖的折磨,這在嚴重的病例中可能導致ketoaised。
因此,除了住院的病理治疗外,糖尿病患者还应注意腹泻后的以下各方面。
患急性腹泻的糖尿病人必須先防止脫水, 所以需要多喝點水,
因為咖啡因能刺激胃腸動力,
對糖尿病人來說,在急性腹泻的情況下,血糖管制是不平衡的,所以他們必須密切觀察血糖的變化。最好每三至四小時量量血糖。
美國食品及藥品管理署(FDA)最近批准在美國東南方佛羅里達實驗轉基因蚊子。
例如Zika、登革热、Chikungunya熱等,
根据林业发展局3月份发表的一份初步环境评估报告,这种蚊子不会对环境产生重大影响。
然而,该报告也指出,这并不意味着这种蚊子可以用于商业目的。
Oxitec还必须遵循联邦、州和地方政府规定的其他条例, 并与当地伙伴Florida Keys Mosquito Control区合作,
巴西、巴拿馬及開曼群島的測試顯示,
有些專家認為這會对环境造成未知的影響。
此外,安徽省建立了主要药品监测目录警报管理系统,定期出版高价、大消费和不治疗副药的监测目录,并公之于众。
8月4日, 玩家爭取四項,
以試驗軍隊的全面能力, 包括行動團隊、船船團、后勤團隊等,
船隊與船隊參與了專業駕駛、槍手與水手的事業及電力技術比賽;
該報告預言三分之二的學生將在未來參與其中的工作類型尚未出現, 但那些主修虛擬現實設計、機器工程與視覺交流的學生將在未來的就业市场上占据一席之地。
8月8日, 国际体育新闻协会(AIPS)向报导里约热内卢十次奥林匹克运动会的资深体育记者颁奖,
其中包括意大利記者Giuliano Bevellacqua(Giuliano Bevellacqua)報導25場奧運會(包括夏季和冬季版),
2012年伦敦奧運會及2014年索契冬季奧運會後,
「中國影響力逐日增長」, 例如倫敦奧運會期間流行的中國「Ni Hao(hello)」的問候,
「中國風格」在奧運會中流行,
8月11日下午15點20分, Hubaei Dangyang Madian Coal Gangue 電力發電有限公司發生了一次水管爆破事故,有21人死亡,5人受伤,其中3人重伤。
一只鳥捕捉了一只羚羊 但它的喉嚨被羚羊的角刺穿 當它試圖吞噬獵物時
這是62歲攝影師Christo Brunette拍的非常罕見的照片。
8月10日下午, 一個拿著吸汁杯和攀爬裝備的人爬上美國紐約特朗普大樓的外牆,
在今年的上海書展上,很多重要書本的重點都放在诸如長征80周年、中國共產黨95周年、供方改革、貝爾特路(Belt and Road ) 等主题上。 所以,這些主题出版物是否既受到批評,又受到批評?
上世纪出版集团的副总裁李元陶相信,一本书的目标在于获得社会福利或经济利益,但两者的结合最好。
5000多本書的發言人都是各項主題的知名專家和學者,
在「上海書展」的Wechat平台上,
由相关部門推出的書店效能評估計畫, 以及由書刊出版業制定的「第13個五年」計畫的展覽稿,
在過去的十年里, 上海書店是第一個把閱讀活動和書看成「共同明星」的人,
今年的上海書展將以「價值」與「质量」為重點,
在讀習活動中,第6次上海国际文學周是重要事件之一,与以前的版本相比,客人和活动大幅增加。
幸運的是,一位善良的路人發現了這一點。然後,他不停地對卡車司機大喊大叫,開著他的車超過卡車,迫使卡車停下來,幫助他脫離困境。
他的汽車數據記錄器拍攝了令人震驚的場景。
影片數據顯示, 事發當天約18: 14, 楊東開車經過事件路段,
當卡車司機準備把卡車轉向左邊 直接撞倒被迅速拖到卡車底部的人
當時卡車司機用空白的表情看著楊東, 不知道他的意思,
在如此緊急的情況下 楊東立刻拉下車窗 向卡車司機大喊 "有人在你的車下 快停下"
就在那時,他開著他的車快速超過那輛卡車 擋住了阻擋它的方式
初步檢查後,他膝蓋皮骨折,身体其他部位沒有露出傷痕。
第二天, 他把駕駛影片上傳到網路上, 提醒駕駛者在開車時,
據說Steve是一位圖像設計師, 也是荷兰畫家Vincent van Gogh的畫像,
前情提要 史蒂夫和他周圍的人沒注意到這個方面 但他的手下在一個月前史蒂夫長胡子后就提到過
斯蒂夫的朋友給了他一個連結 鼓勵他申請參加 文森特·范高的競爭
現在,史蒂夫已經在比賽中贏得第30名, 如果他贏得比賽, 他將獲得5000歐元(RMB 37000)的獎金, 和一個青铜頭雕像的冠軍。
Steve很滿意他長得和Vincent Van Gogh一模一樣, 并說如果他能贏得比賽, 他將利用獎金舉辦一個關於Vincent Van Gogh的派對,
在2016年的里约奧運會中,
瑞典的Dagens Nyheter表示,身份盗窃是瑞典社会增长最快的犯罪之一。
盗用身份是非法取得他人身份信息及利用身份信息以牟利的一种犯罪形式。
Sifo的調查資料顯示, 四分之一的受訪者表示,
瑞典一家保險公司My Security的總理指出, 身份盜竊犯罪案高頻率的原因之一,
據說瑞典警方已投入大量資源 以對抗今年夏天初的盜用身份犯罪。
只有被窃身份被用于欺诈活动,如以他人名义在网上购物,才能构成犯罪行为。
瑞典各地城市新租房市場蓬勃发展,
最新資料顯示,新租房的等待时间延长了,而不是在近一年中缩短。
尤其首都斯德哥尔摩市中心及郊外的候房時間已延長至兩年。
目前,在斯德哥尔摩签署新住房合同的平均等候时间至少为16.5年,而在斯德哥尔摩郊区,等待时间也超过13年。
根据瑞典住房管理局的市場主管, 供應量下降, 以满足斯德哥尔摩第一手房屋租借市場的需求, 等待时间增加得太快,
據報導, 今年斯德哥尔摩已提供數萬間第一手房屋,
上半年只有2 006套房, 等待第一手合同的人已超过54万人。
Svenska Dagbladet估計如果目前的速度保持下去,
根据過去12個月的數據, 住房危機不只是一個城市(首都斯德哥尔摩)的現象,
Lavoux是瑞士知名的葡萄酒区, 葡萄种植可追溯到11世纪。
2007年,《世界遗产公约》将拉瓦奥梯田葡萄园列为世界文化遗产。
Cai Zelin是來自中國Qujing的運動員,
Dali、Kunming和Hootong密切跟蹤Qujing, 每人有3名运动员。此外, Honghe和Yusi各有一名运动员。
在賓夕法尼亞的過山車上受傷的男孩 一周的第三次游樂場受傷
一個男孩在周四從過山車上摔下來時受傷, 被送到匹茲堡醫院、緊急服務及公園官員,
這名身份未公佈的孩童被送到匹茲堡兒童醫院, 距Idlewild以西約50英里(80公里),
3歲的男孩和他哥哥一起在車上,
克勞肖說這輛叫羅羅·科斯特的車 在調查前會被關閉
孩童需要至少3英尺(91厘米)高才能騎過過山車, 不足4英尺(122厘米)的孩童必須由成人陪伴。
這輛車建於1938年,
一個醫院的發言人拒絕對這男孩的病情作出評論
一个10岁的男孩在星期天死于颈部受伤, 当时他骑着堪萨斯州堪萨斯市世界最高的滑水滑道。
3名6歲、10歲、16歲的少女從摩天輪上摔下30多英尺(9米),
日本首相安倍不會在二戰紀念日去拜訪戰死的神社:
日本首相安倍晋三不會在日本二戰失敗紀念日到东京去拜訪一個有爭議的戰死神,
Abe計畫在週一舉辦紀念活動,
這座神殿榮耀14位日本領袖,
自2013年12月以来, Abe就再也没有亲自参观过圣殿, 他说他确实尊重那些为祖国而死的人。
日本新任國防部長田富波(Tomomi Inada)拒絕說她是否會去聖殿,
依納達是安倍的密切盟友, 也是日本和平主義憲法改革的支持者,
受災地区重建部長Imamura(Masahiro Imamura)於星期四前往神社,
在東海有争议小岛附近航行的中国海岸警衛隊和其他政府船只越来越多, 日本的Senkaku和中国的Diaoyu,
两名疑犯在可能发生的里约奥运会阴谋中被拘留:警察
警方于星期四逮捕了两名涉嫌支持伊斯兰国策划里约热内卢奥运会期间可能发动攻击的人。
警方在周四行動前逮捕了12人,
巴西聯邦警方表示,
但警方並未提供姓名或其他細節。
尽管巴西没有与已知好战团体发生冲突的历史, 政府表示奥运会让巴西成为更可能的目标,
其好战分子控制了伊拉克和叙利亚的部分地区,
這群人在世界各地都有支持者,
法國牧師殺人案的新嫌犯 正式起訴
一名自星期一起被捕的男子, 參與上個月殺害法國教士的調查, 已受到正式調查,
21岁的嫌犯因与恐怖分子勾结 正在接受调查 并计划对人进行攻击 消息来源说
他于7月26日在西法蘭西聖埃蒂安杜魯瓦雷的教堂服務中, 斷絕了85歲的天主教神父雅克·哈梅爾的喉嚨。
兩人都被警察射死了
消息人士表示, 嫌犯從Tulouuse附近的故鄉前往聖埃蒂安杜魯瓦雷,
這名沒有犯罪記錄的年輕人承認在那兒過夜, 但告訴調查員他第二天離開,
調查者正試圖確認Kermiche和Petitjean是否在法國有共犯,
Petitjean的表弟也在上月底被防范性拘留。
多魯斯·德·弗瑞斯在塞爾特人行動前接受醫療
諾丁漢森林守門人多魯斯·德·弗瑞斯 已經到達格拉斯哥
德弗瑞斯被拍攝進入羅斯·霍爾醫院 之前的醫學院 在哈普斯和天空球锦标賽俱樂部 協定了條件之后
帕克頭頭頭Brendan Rodgers 正在找一個經驗豐富的塞車 來挑戰目前的第一名Craig Gordon
但羅格斯相信35歲的德弗瑞斯 在斯旺西與荷蘭人共事時
他為天鵝做了51次面試 他們在2011年贏得羅傑斯聯盟的提拔
那年夏天他退出了威爾斯隊伍 加入了狼人隊 從2013年起就一直在城市地區
他在2006年签约后 和邓佛林共度了一季后 在苏格兰也有玩耍的经验
他的東端公園停留在失望中, 然而, 帕爾斯在蘇格蘭杯的最後一場比賽中,
守護者在他的森林合同上只剩下一年了 據說Celtic只需要付些小費 才能拿到他的簽名
在2016年的里约奧運會中, 安全問題一直是人們所關心的,
在西班牙與奈及利亞的籃球比賽開始前, 警方與軍方合作, 引爆了在籃球場中發現的可疑背包。
一位保安告訴路透社 這張可疑的背包是在巴西和克羅埃西亞的籃球賽結束後發現的
警方在廁所的垃圾桶裡找到可疑的背包,
後來,背包被一個機器人拿走,然后在警方和軍方的指導下引爆。
聲明中也提到:「有一道石碑,
西班牙與奈及利亞的比賽開始後, 體育場上沒有觀眾,
西班牙的NBA超級巨星Pau Gasol表示, 玩家們對當時的情況感到困惑, 「我們聽到爆炸聲,
起初,我們聽到爆炸聲,然後四處觀察, 但發現一切正常。
之前在里约奧運會的男士騎車比賽中 也有可疑的炸彈威脅 但幸運的是 拆彈隊控制了並引爆了 接近終點線的可疑包裹
越來越多的血汗, 嬰兒的皮膚就會越來越不舒服。
溫度升高意味著許多父母開始做噩夢, 因為他們的小寶寶開始受到皮膚疼痛的折磨,
廣州醫學大學第三附属醫院的兒科醫生Tan Xiaoua指出, 每年夏天,
雖然有各种成長原因,但所有症状都非常多,反映在皮膚上,有紅疹和紅斑,以及皮膚痒痒。
事實上,這些皮膚疾病的原因也相當相似, 就是說, 小孩子不是那麼「乾淨」的, 因為汗水和唾液太多,
Podiatrist Tan Xiaohua指出, 小孩子的皮肤比成年人更脆弱,
另外,小孩子們的汗腺正在發育中,有些孩子的汗腺和皮肤腺尚未平衡,导致不能出汗。
有些父母有好習慣 帶著小毛巾 立刻把孩子的汗水擦掉
對於經常穿著濕衣服和汗水的孩子來說 皮疹常常會出現在他們身上
如果夏天太熱 嬰兒會出太多汗 所以父母可以增加他們的淋浴頻率 然后穿上干衣服
例如,每天都在平時為嬰兒洗澡,現在可以增加為每天兩次。然而,在第二個洗澡池中,沖洗是正常的,不需要任何浴室用品。
此外,为了防止夏天的皮肤疾病,含有蜂蜜帶等一些草药成分的抗硅水可以滴入婴儿的浴缸水中,这有助于分散尿液和尿液。
以上是父母保护孩子皮肤的基本要素。 对于不同的皮肤疾病,父母也可以采取以下不同的治疗方法。
若紅疹伴有斑點或多次攻擊, 建議看醫生檢查其他疾病的可能性。
「不讓任何學生因為家庭經濟困難而失去教育」是我們的黨與政府的莊嚴承諾。
該州高度重视资助有需要的學生的努力, 建立健全的大學生金融援助制度, 包括多項措施,
如果學生有問題,他們可以先打給他們讀書的學校;如果它不起作用,他們可以打給市、省、甚至教育部的热线。
她宣布了八月八日與她共事的演員的一場短暫婚姻,
許多網民都認為, 雖然她現在已經是成年女性,
8月12日, 記者從北京警報中心得知Miyun區、Fangshan區、Pinggu區,
Miyun District Committee的宣傳部表示, Miyun District目前已關閉34個觀光景點,
在8月12日凌晨10點, Miyun地區發出暴風雨紅色警告信號和地质災情橙色警告信號。 暴雨紅色警告信號於下午2點半被解除。
据估计,Miyun區仍然有午至晚的雷雨或淋浴,而山地和浅山地区将面临中小型河流洪水、山地暴雨、地质灾害和暴雨造成的其他二次灾害的高度风险。
最近,Miyun区派出了8 100人,参与地区、城镇和村各级防洪工作,并将164个村落的2 742名村民疏散到临时住所。
8月12日12點50分, Pinggu地區觀察站發出一個更新的暴風橙警告訊號, 方山地觀察站於當日下午2點20分發出更新的暴雨橙警告訊號。
據估計Fangshan區仍會有持續降雨,
根據北京警告中心, 由全城降雨量監控站測測的降水量平均達到20毫米,
據悉,在蒸汽管斷電事故發生時,有20多人在工地从事热能解析工作。
至8月12日凌晨三點半,
Feng先生是受伤者Luo Wen的家人,他说,除了头发和脚以外,他90%的身体都被烫伤。
當Feng先生看到Luo Wen時,他因严重傷亡而昏迷,医生正在救他一命。
5名受傷的工人都受了傷,其中一些人身上有骨折等伤痕。
在收到事故报告后,国家工作安全管理局立即派遣一个工作组前往事故现场,指导和协助当地部队作出巨大努力,进行现场救援和事故处理。
人民党湖北省委员会和省政府的主要领导人,以及湖北省安全生产监督局的领导人,也在事故发生后抵达现场,指挥救援行动。
官方表示, 超过17,700人正式被捕, 超过11,500人获释, 超过5,600人被拘留。
據悉土耳其反叛團體企圖在7月16日(當地時間)晚上發動军事政變,
土耳其政府指控反对派传教士Gulen策划了一次未遂的未遂政变,并要求美国将他引渡到土耳其。
土耳其司法部長Bekir Bozdag後來表示,
8月11日晚至8月12日清晨, 普吉島發生兩起爆炸,
8月11日當地時間10點, 第一枚炸彈爆炸, 但沒有人受傷。
第二枚炸彈爆炸造成一名泰國女性死亡,
包括4名女性和3名男性。
事故後, 泰国警方撤走爆炸现场附近的公众和访客,
目前泰國警方正在調查爆炸案的動機,
Hua Hin是泰國Prachuap Khiri Khan省著名的海邊旅游城市,
這座城市距曼谷南部約200公里, 是泰國皇室的避暑地,
8月12日, 世界卫生组织(WHO)表示前往巴西看2016年里约奥运会和里约残奥会的游客遭受Zika病毒感染或传染的风险并不高。
如果运动员和旅行者必須去巴西, 可以采取预防措施避免Zika病毒的兩種传播方式:蚊子叮咬和性传播。
截至8月10日,66个国家和地区报告了自2015年以来蚊子传播Zika病毒的证据。
一些国家或区域报告了Zika病毒感染病例的减少,但根据目前阶段获得的证据,Zika的爆发总体上没有显示出下降趋势。
世卫组织表示,虽然有Zika病毒病例由海外进口到中国本土,但没有发现当地人感染蚊子的病例。
8月12日, 菲律宾總統Rodrigo Duterte說, 雖然他虐待了美國驻菲律賓大使Philip Goldberg, 但他不會向Goldberg道歉。
8月12日, 美國在菲律賓的大使館在一份聲明中表示, 美國方面已注意到關於對戈德伯格的批評的報導,
Goldberg在四月的菲律賓總統選舉活動中, 批評Duterte的人权问题,
8月12日北京時, 西班牙男子的籃球隊看到一絲希望,
Akognon贡献了12个点和5个反弹, Ibekwe获得11个点和5个反弹。
西班牙是一個傳統的歐洲團隊, 因其明星Marc Gasol的缺席,
西班牙與這個團體中最弱的競爭者對抗,
在這個季度的最後1分20秒內, 奈及利亞沒有再得分,
在第二季度有3點54分的路程 Gasol在40點27分開了車 幫助西班牙保持领先地位
Llull為61 -48西班牙領先擊出兩枚自由投球 再一次獲得了兩位數的優勢
在大口的尼日利亚三点后 西班牙得分为4直点 将领先率扩大到14
然而,在這個季度的最后4分49秒內,西班牙停止了得分。 相反,尼日利亚以13-0的波浪結束了這個季度,包括油漆中的點數和外部射擊,以66-65的铅,是整場比賽中的第一支。
奈及利亞在三點線外,
當比賽到最后3'49'時, 奈及利亞在阿米努加了一個推特後,
在大口的三点后, 奈及利亞將分差減到1分, 雷耶斯和加索爾用自由投球 得了6分直点,
8月12日北京時代晚上, 北京郭安在中國超級聯盟第22回合,
在短期调整后,Yu Dabao回到球場上,但他的麻煩尚未消除。因此,由于他不能在后期的比赛中坚持下去,他在第76分鐘中被宋伯恩取代。
而且,Yu Dabao不能自己動身,被拖下水。 在10分鐘的治療后,他被直接送入急救救护车。
就「國家足球隊」而言,
這場中週中間舉行的中超聯賽中, 郭安被Evergrande從家門外拉到0比0, 尤大保的脖子在與José Paulo Bezerra Maciel Júnior激烈打球後受傷,
也是在这场比赛中, 余汉少的重伤令人们更加焦虑。 根据保守的估计,他需要四个月的恢复期,也就是说,他至少会错过前半场12名中国足球队的比赛。
中国国家足球队的前线人员将受到严重影响。
然而,加州大學伯克利分校的工程師 已經提出了這個概念, 开发了一個很小的無線感應器, 可以用來監控人體內的健康状况。
研究者在8月3日出版的Neuron上 引入了他們的發明
除此之外,這些沒電的感應器 可以用來刺激神经和肌肉
這可能會提供一種治療方法, 比如癫痫或激活人類免疫系統。
這個裝置被植入老鼠的肌肉和外圍神经中, 用超聲波做能量源, 也用來讀取收集的資料。
這個感應器被壓縮到1毫米3 叫做「神经塵埃」 其中包括一個派索電晶體
這張紙的作者解釋, 晶體把在人体外發出的超聲波的振動轉換成電力,
光纤中的伏特加峰值會改變目前的电路和水晶振動,因此超声波接收器(目前仍然是发出超声波振动的来源)可以探测回音。
超聲波技術在醫院很普遍 超聲波震動能穿透人體大部分部位 似乎是天生的選擇
Michael Maharbiz是加州大学伯克利分校电子工程和计算机科学副教授。
我認為神經塵埃的長期前景不只局限于神经和腦部,
Maharbiz和他的同事以及加州大学伯克利分校神经科学家Jose Carmena共同领导了这项研究。
他解釋道:「過去完全不可能采用內部遥测科技,
"然而,現在,我可以拿一個小物件 把它靠近神经,器官,消化道或肌肉, 然後可以讀取數據。"
Maharbiz和Caarmena用每百米六千五百四十公尺的超聲波脈搏來傳動感應器
但研究者很有信心 他們也能在腦部和中枢神经系統中工作
「神經塵埃計畫」的創建, 以描述下一代的腦機互換與互動,
"如果瘫痪的病人想控制電腦或機器人的手臂, 你可以把電极植入他的腦中, 在那里它可以持續工作一輩子。"
因為兩眼同时工作 它們可以辨別 明顯的正面和後方的地貌 產生更浅的田野深度
在熊本地震後, 日本的地盤遭到破壞, 數位攝影機核心工業連鎖也遭破壞。
在熊本地震後, 索尼在日本的工厂遭受重大損失,
幾乎Sony开发的所有感應器都用在攝像頭上,
最近有消息說,索尼目前以发行股票和债券的形式筹集了大约36亿美元,用于研究与发展和生产堆疊CMOS。
無論數位相機或手機設備如何(我無法想像科學學家若沒有索尼會像什麼),
我寧願看到Sony能恢復正常的感應器供應, 因為今天的攝像機價格極高。
梅西要關掉100家商店
週四, 國際商店巨型梅西表示, 打算關閉100家商店,
Macy常在每年的假期匆匆忙忙後, 開始關閉幾家不良的商店。
連結似乎比許多零售行業對手更強烈, 認為要為快速變化的購物環境而固定船隊。
牧師和店員們從 紐約梅西的一家店門口經過
零售巨頭說要關掉100家商店
Macy有許多理由可以爭取改變:它的许多商店都建在小的、区域性的商場裡,
而百貨公司類別一般都很困難, 因為店員們越來越轉向T. J. Maxx等不值錢的零售商,
包括國際觀光客支出減少與天氣不適合等, 都讓梅西陷入困境,
上周四, 公司表示, 上個季度的可比較銷量下降了2.6%,
零售商的收入是58.7亿美元(76.4亿美元),比去年同期下降了3.9%。
梅西說商店的關閉 可能會花掉10億美元的年度銷售
曾一度,如此一大批的商店被關閉 可能已經被視為零售商的失败让步。
但公司股價在星期四猛增了17%,
在某些方面, Macy的商店正在被拆毀,這不應該是驚訝的。
零售商的首席主管泰瑞·倫德格倫 曾說過 連鎖店太多了
企圖把更多的銷售量從那些已經有產業的地點移出去。
Macy的主管Jeff Gennette(Jeff Gennette)在2017年被任命取代Lundgren),
Gennette表示:「我們承認這些地方在投資上沒有足夠的回報,
公司說,它會提供一份會在以后關閉的商店清單。
梅西說那家商店會關閉門 但現在還沒确定有多少工作會被裁掉
這家零售商不會完全退出它目前經營的超級市場,
這項行動對商場經理來說可能是不受歡迎的新聞, 他們指望像梅西那樣的大租客 吸引和保留其他小商店在他們的購物中心。
你的水瓶藏著危險的細菌嗎?
根據新的研究,從可再裝水瓶中喝水 可能比舔狗的玩具還糟很多倍 也就是它能讓你接触的細菌量
Treadmill Reviews網站委托 EmLab P&K 測試12瓶四種不同的水瓶,
每瓶水都被一名運動員用了一個星期 卻沒有被洗掉
你的再充水瓶可能和狗玩具一樣髒
「根據我們測試的12個水瓶, 我們發現可再使用的飲料容器 可能正在爬行 數量惊人的活生生的細胞: 每平方厘米有30萬多個群體成形單位」,
投影台的细菌含量最高,平均每平方厘米(CFU/sq)厘米有900 000多个形成群體的单位。
瓶子包裝了克勞克血清 会导致皮膚感染 肺炎 或血液中毒
排水瓶有162,000立方厘米, 螺絲架容器在160,000立方厘米以下。
"從這些瓶子上喝下去 仍然比從你寵物的菜上吃頓飯更糟糕"
在草帽瓶的測試中, 發現其中少數是其他瓶子的細菌, 相當於25 個CFU/sq cm。
可能是因為水滴在稻草的底部 而不是停留在身邊 吸引多水的细菌
草帽瓶裡的細菌被描述為"大多是無害的"
「根據我們的測試結果, 我們建議選擇一個草帽瓶,
我們也知道,在水瓶和细菌方面,不锈钢比塑料更好的選擇。
此外,没有裂缝和硬到清洁的瓶子也不太可能有细菌。
網站建議讀者在每次使用後都洗水瓶,
宗教要么是现代化的 要么是过时的
在美国,民主党最近提名希拉里·克林顿为总统候选人。
如果最近的民意测验结果在選舉時成立,
上星期,在池塘的對面, 英國首相特萊莎·梅 正在和德國總理安格拉·默克尔 商議英國離開歐洲的條件。
西方社會的婦女已受到教育,
今天的年輕女孩可以指向一些在最高领导地位 上演的活角色榜樣。
女性平等之戰終于結束了嗎?
希拉里·克林顿將成為美國總統,
嗯,不完全。
在宗教领域,女性领导仍是一个有争议的问题。
上星期, 教皇弗朗西斯(Pope Francis)宣布成立新委员会,
聖公會於2015年1月將Libby Lane當為第一位女性主教,
猶太教改革運動自1970年代初期起就任命女拉比,自1980年代初期起就任命保守运动,但在东正教犹太教中,女拉比的概念仍然受到激烈的争议。
2015年11月, 美國正教Rabbinical Council(Ribble of America)第三次試圖阻擋正教女性的拉比教統治(Ribbinical Council),
希拉里. 柯林頓(Hillary Clinton)完成民主總統提名後,
為什麼政教分立和聖人之間有這種差距?
东正教和多数宗教一样,寻求稳定其认为持久的传统价值观。
這代表了抗拒壓力 遵守一個變化的社會
反對女性授權的人 之所以如此 是因为這不是「傳統」
但對保持傳統的沉迷 不是沒有代價的
這種單一思想的代价可能自相矛盾地是, 使传统社群失去它保持活力所需要的氧气, 从而破坏了传统本身。
芭芭拉·圖奇曼(Barbara Tuchman)在第一次世界大戰的軍事歷史《八月槍》中,
在通往WWI的路上, 随着戰爭從近方的戰鬥 轉而從更遠處發射的更重的火炮,
英國和德國軍隊對此變化做出反應,
但法國士兵仍穿著同樣的紅帽和褲子,
法國戰爭部長阿道夫·梅西米(Adolphe Messimy)說他的軍隊也一樣,
紅褲代表了軍隊的驕傲和威望,
前戰爭部長Eugene Etienne為法國發言。
"脫下紅褲?"他哭了
從來沒有!
後來Messimy寫道:「盲目與低能的依戀,
努力把妇女纳入宗教领导角色的宗教领导人也面临同样的陷阱。
專注於「什麼是傳統」的宗教, 而不是問一個關鍵問題:「宗教成長需要什麼變化?
也使整個社群失去女性的才能、技能和熱情,
強調在宗教方面, 男人仍穿著長褲, 可能會是傳統的,
Dina Brawer是JOFA的創始人,
Charlton Athletic粉絲「只有他簽了行為協議才能拿到季票」,
虽然我们承认每个人都有权了解个人意见,
這名在行政界工作的粉絲被告知, 他必須親自從前警察局長Cliff Eager拿票,
要求你避免在任何社群媒體網站上發出關於俱樂部或未來代表俱樂部人士的污辱性或煽动性評論, 或采取任何可能認為是反社會行為的其他形式行為。
粉絲在對Daily Telegraph的言論中, 描述他為季票付款後, 如何稱呼俱樂部,
昨天他去和俱樂部會面, 說:「他們告訴我,
達爾馬提亞海岸下游的騎車假期
你什么意思,奢侈品?
前美國海軍指揮官柯琳表示, 他剛經過25英里的摩托車, 沿著一些崎岖的克羅埃西亞島的脊椎,
有些騎車的人唱圣歌 或朗讀兒童押韵 作為攀爬的助推器
Colleen的朋友Patty建议用小引擎
其他人數點革命或只是默默受苦, 想知道如何進入強硬的騎士們所說的 困擾般的狀態。
科琳发誓 毒液比异种多
她前面幾碼的賽跑 就像Hugh Grant在四場婚禮和葬禮的開幕賽中追逐
她和我的任務是 一個为期一周的「奢侈」船和摩托旅行,
但北達爾瑪提亞(Dalmatia)的騎車比南邊容易, 我們的馬鞍很柔軟, 當我們填滿預訂表格時,
交易的奢侈部分是我們這周的漂浮回家 全新的美樂蒂
我們可以把摩托車丟在石頭上, 讓我們的向導伊凡和伊凡娜跳下船, 跳下船尾, 跳到清澈的藍水中,
6月下旬的海是完美的溫度,
Melody有口罩和潛水器 和幾只划艇 如果有人在馬鞍上一個辛苦的早晨 感到精力充沛的話
我們大多數人退到海倫娜的空调小屋里 船的按摩師... 我不是開玩笑的... 將會做我們的床 修補我們的迷你吧臺 留下一盒新的巧克力放在桌上
伊凡說騎車後伸展很重要 我們練習在下午在床上伸展 或是在頂甲板上和男酒保安東尼奧 一起做雞尾酒
Melody號在42米長 有15座船艙 和6個船友的船員 不是猛烈的超超超射手 而是一台時髦的小巡洋艦
她把頭轉向一個小島港口 在渔船和船隊的假日游艇中 我們為屬於她感到驕傲
Colleen和Patty属于来自华盛顿的一群朋友,
去年荷兰的驳船和摩托旅行很成功, 他們決定嘗試一些更冒險的東西,
他們教堂的一個對手教堂正在普羅旺斯度船和摩托節日,
假期的冒險部分可以被夸大, 因為我們的行程 如果沒有團結就不算什麼。
伊凡在歡迎會上向新人宣佈「晚宴八點鐘方向」, 即我們從斯普利特附近的Trogir 美麗的老港起航。
一艘船的鐘聲宣布自助餐開了 另一枚在餐后呼籲安靜 仔細聽下一個簡報
「好呻吟」是文化上的介紹,
我們都假裝被搖擺、遮蔽及上面有起伏的圖片嚇壞了, 儘管在克羅埃西亞的摩托車上,
伊凡說"這就像心臟監控器"
不推荐完全平坦。
伊凡以平行的文字發表他的簡介,
幾個星期前, 他有十幾個不同的國籍, 但我們是一個簡單的團體, 瑞士,德國,美國和英國,
在路上我們都是朋友
賽克林孕育了友誼 唯一能爭取的就是地形 也就是說我們自己
我記不起 一個更和谐和放鬆的團體動力
我們很快就會注意到伊凡的波長
僵硬的攀登是一種隱形, 而不是被混為一谈, 這是一件好事。
頭髮是蛇蛇,直截了當的意思是:簡單,但并不总是容易。
賽車指令總是一樣的: 「單一檔案,保持距離,這不是比賽」
我們九點在码头碰頭
OK, 5个过去 - 你在度假, 我忘了.
喝很多水
從Trogir到Kornati群岛, 我們從北邊經過兩天, 我們坐著克罗地亚的Dugi Otok(長島),
據說它能讓所有游泳的人復活
如果我們劃船 我們的腿會變得更年輕更強壯嗎?
在摩拉特小島上,我們又向南轉了,在本土和附近各島之间游蕩,似乎很偶然。
大多數的旅程都是在空小的公路上, 經過開阔的國家,
但當伊凡呼籲停步時, 陰影會增長, 而其中的一小群是早期到達的獎勵。
運動與社會團體在週末做許多團體摩托, 他們知道禮儀,
一個騎車的人說 "你幾乎是個兜帽裝飾品"
幸好他們成功了
伊凡把我們分成三組, 偶爾在主要公路上做短長的摩托車,
如果必须穿过一条主要道路... ...我们就按照指示,而不是以前... ...集合,下马,步行到另一边... ...安全的地方
「你覺得伊凡是否意識到他沒有跟一群孩子說話嗎? 」 一位瑞士骑車手問我們,當我們站在路邊等待訊號過時。
我們的下午不全是無聊的
在Zadar市的巡演展中, 展現了羅馬论坛和海風琴的遺物, 音樂就像笼籠的海洋怪獸的呻吟, 透過在石頭布料中設置的管道, 向水開放。
Zadar著名的日落在主菜和布丁之间是完美的时间, 天黑后我们回到海洋器官上,
當Melody在清晨起航 前往Biograd的活生生的度假村時 器官的歌只是耳語而已
五天是完全沒有騎車。
一艘船在Krka河口旅行,探究其瀑布;Sibenik的下午巡演,展開了它所建的大教堂,是Dalmatian Renaxsance的杰作;在和平的Zlarin島上漫步,以尋找它的本地特色珊瑚,這是個有趣的一天。
卢尔德斯在袭击的阴影下 为朝圣者做准备
人們在每年的天主教朝聖中聚會 在洛爾德斯圣母院的聖所
數千名天主教徒聚集在盧爾德斯神社, 每年在一连串恐怖袭击的阴影下朝圣。
每年有成千上万的人 聚集在比利牛斯山的山丘里 以迎接8月15日的复活节 纪念圣母玛利亚升入天堂
今年的朝圣是天主教徒在7月26日兩名伊斯蘭教极端分子殺害一位年長的法蘭西教祭司后拍攝而成的,
Jacques Hamel的死因在一個突尼西亞人被調查員說成是被網路圣战主義影片激化的兩周後,
在18個月內發生三次大规模攻擊後,
今年的朝圣者數會急剧下降。
但對大規模取消的恐懼並沒有實現,
包括來自意大利和比利时的群眾團體, 以及由基督教東正教部約200名成員组成的代表团。
很多朝聖者說他們不會被趕走
「我們不會停止生活, 」66歲的訪客Christian對AFP說,
Matthieu Guignard說:「要顯示生命在繼續,
不是因為一些狂热分子 試圖撒下恐懼 我們應該放棄我們的信仰,信仰,我們的生活方式。
包括北部城市利勒(Lille)的巨型跳蚤市场, 以及九月在尼斯(Nice)举行的欧洲公路骑自行车锦标赛。
「過去一周, 我擔心我的手機會被取消」,
他表示, 攻擊似乎鼓勵了信徒們,
本地旅館工人會長Christian Gelis 證實了攻擊後朝聖的「增加興趣」的跡象。
聖殿周圍建築的聖所, 據說聖母瑪利亞在1858年 出現在一個可憐的牧羊女孩Bernadette Soubirous身上。
已部署約250名警察和20多名士兵,包括炸弹處理专家和帶嗅探犬的警官,以保护该地区。
朝圣者在安全屏障上填表時,
Catherine Simcox本月初從英國東北方到盧爾德斯朝圣,
她對The Local說:「週四早上, 聖所內有武裝守衛,
她說:「這完全嚇壞了我的三個孩子,
這並沒有破壞我的經驗, 但我感到很傷心,
週五的開幕遊行也受限了, 而不是從盧爾德斯城開始,
其他措施包括关闭Lourdes上空的空域供飞行,关闭避难所附近的街道供交通,用透明的塑料袋取代垃圾桶。
內政部長Bernard Cazeneuve將於星期六檢查安全安排。
Lourdes每年吸引六百万人, 成为世界最大的天主教朝圣场所之一。
許多訪客都帶上生病或殘障的親戚來洗澡,
另一位組織者Thierry Castillo形容今年的聚會「有點不尋常」,
但「這不會影響他們體驗到的質量與深度」,
弗朗索瓦斯,58歲的志願者 幫助生病的朝圣者, 承認她發現有士兵穿著"有點不堪重負"的服裝。
但如果能讓大家安心 那就很好
薩拉戈薩購物中心槍擊中兩人受伤
在西班牙东北部萨拉戈萨的一家购物中心,
事件发生在星期五上午11:00,
最初的報告顯示 槍手可能射中了一個女人 据信是他的前搭檔
槍手在開槍後逃走 警方正在追捕他
土耳其在未遂政变後 尋找失蹤的外交官
在7月15日未遂政变後,
外交部長Mevut Cavusoglu表示, 土耳其政府部門有208人被召回安卡拉,
約18000名公务员、軍事領袖與學者被捕或被停職, 政府相信他們效忠于美國的教士Fethullah Gulen,
住在宾夕法尼亚州的Gulen 在土耳其最受欢迎的名单上
卡沃索格魯說美國司法部的隊伍 将于本月晚些時候去土耳其 討論他可能的引渡
此事已成為美國與土耳其(北约成員)交往的問題。
美國反對土耳其總統雷杰普·塔伊普·埃爾多安(Recep Tayyip Erdogan)在政變後的強力策略,
Cavosoglu表示, 兩名土耳其軍隊在希腊逃往意大利, 一名科威特武官試圖逃往沙特阿拉伯,
他又說孟加拉有兩名公务员逃到紐約,
安卡拉報紙《Daily shurtiet》引述軍方來源, 补充说土耳其在约旦的武官也失蹤。
《華爾街日報》引述一位熟悉情況的美國官員,
有人逃走了
卡沃索格魯在接受訪問時告訴NTV廣播公司,
從昨天起,那些最初被召回的人的時間已經不多了。
我們會為那些沒回來的人 進行法律行動
奧運官員試著清理綠色的潛水池
奧運各種人计划在週五舉行, 於是於當局官員花更多時間清潔綠色水,
水突然改變了周二的顏色 在同步潛水活動中間
人們堅持水對競爭是安全的, 即使在水球和同時游泳的 一個大而相邻的游泳池也變了綠色的陰影。
跳水井被關閉了,
水的顏色似乎更接近正常,但還是綠色的。
美國潛水員艾比·約翰斯頓在跳板上競爭 說她來參加熱身比賽 只為了學游泳池被關閉
她在推特上寫道「#FixTheSwamp」應該開始轉變。
英國人Tom Daley在同步平台活動中贏得青銅,
希望那意味著我們最近幾天沒有 潛入過什麼太糟糕的事!
地區組織委員會總裁Mario Andrada强调,
他承認有些運動員因水而煩惱,
「我們重申我們一直說的話, 水不會對運動員的健康造成任何威脅」。
在水災的第一天 一兩個選手抱怨他們的眼睛很痒
這是一個結果 當我們看到水變綠時 第一次反應是用一種化學物 -氯 -這在游泳池裡很普遍
我們立刻減少了數量
我們重新測試了水 水完全在參數內
Maria Lenk Aquatics中心主講Simon Langford說, 泳池被關閉,
他说这一决定得到了世界理事机构FINA的支持。
Langford在一份聲明中說:「原因就是水必須保持平靜,
安德拉达说官员们 被泳池状况恶化 挡住了警戒
他說"化學不是一門精密的科學"
有些事情 如你所見 比預期的還要久
過去幾天的雨 使得水的顏色 更難恢復正常
安德拉達說:"下雨沒用"
但他承認「不理想」。 校對:Soup
他解釋說泳池顏色的變化是碱性水平增加造成的, 更像是水族館的水,
當我們去修復綠色時, 有關於最好的化學物質的討論。
我們不能在水裡使用太多的化學物質,
防止水變成綠色。
一旦變綠了 我們又犯了一個錯誤
AAP 运动作家Jay Cohen和里约热内卢的Steve Wade为本报告撰稿。
在暑假中, 劉江州Ligao镇瓜朗維利亞奇的「文化研究」將向村裡的中、中學生開放,
當晚7點左右到達現場後, 記者看到十幾輛警車在附近停車,
根据当地消息,自8月11日下午8时起,在Hubeei Dangyang Madian Gangue发电有限公司热电工程的事故中,已有21人死亡,5人受伤,其中包括3名重伤。
湖北省领导人李洪中、王小东和富德惠都从武汉赶到现场,现场调查事故,研究和决定对事故的反应及后果。
初步調查顯示,在建中Dangyang Madian Gangue電力发电有限公司的熱電工程投入使用过程中,高壓蒸汽管破裂,造成蒸汽泄漏,是事故的主要原因。
据Dangyang人民醫院的一位主治醫生說,伊斯兰法院联盟有幾名受重伤的人,當他用低音向一位家庭成员介紹治療時,他的家庭成员看上去像石頭。
根據從重症病房出來的護士說 , 兩人可能處於危險之中, 有些傷者有內臟傷, 以及呼吸和心跳問題。
一名受伤者在Huaqiang Chemicals公司工作了9年,他一个月多前被转到新工厂。 他的叔叔说,他被匆忙送往Dangyang人民醫院的ICU急诊,原因是事故后严重受伤。
由于城市居民的饮食偏好不同,
最后但并非最不重要的是, 保持社會監督與消息渠道的开放, 提高收受率, 依法律及規則處理案件,
58歲的陳阿姨住在西門南金浦區的Beili, 帶著藥從社區醫院出來, 很高興地告訴記者:「看醫生比以前方便多了!
居民更方便前往社区醫院看病及開处方。
如果有必要证明所涉方的识字能力,他或她应提交由学校或有关验证局签发的学术证书、学位证书或证书,或依法申请公证。
如果有必要证明所涉方的死亡是正常的,或者在医疗和卫生组织治疗后是不正常的,则死亡医生证明书应由医疗和卫生组织签发。
多虧了美國股市增益及一夜的日元贬值,
在下午的交易會議中, 兩項重要的東京股票指数 展開了他們的利潤,
東京股市的股市中, 如電工、天然气工、水产业、農業、農業及林业等股市,
男人和女人的單身決賽中的位置又被中國球員佔領了。 中國隊的強大的支配地位激起了各种關于女孩Fukuhara Ai的歡樂玩笑。
8月12日北京時分晚上, 国际货币基金组织(IMF)(IMF)宣布了第4款中与中国磋商的报告,
中国继续向可持续增长转变, 并在许多领域取得进步, 但也面临诸多挑战,
根据IMF的報導,尽管经济增长下降,但2015年中国对全球经济的贡献仍高达三分之一。 中国的经济转型有利于全球经济。
IMF的董事們表達了中國的坚定决心, 以促成更平衡、更可持续的经济增长,
根据中华人民共和国国家统计局的统计,中国服务业在上半年占其国内生产总值的54.1%,消费对经济增长的贡献率达到73.4%。
在企业债务方面,货币基金组织的报告指出,可以采取综合措施解决企业债务问题。
「超能力企業的企業有更大的還本付息壓力。
Wang Shun在2016年的里约奧運上贏得200米的男士醫學獎牌
8月12日北京時分, 中國游泳員王信(Wang Shun)在2016年里约奧運會兩百米的選民選舉決賽中, 獲得青铜獎牌。
上海 台北 盡管跨岸通訊被中止
上海與台北將於8月22日至23日在上海市政府周五宣布的台北舉行年度城市論壇,
上海政府通过其在Sina Weibo的官方微博帳號宣布,
论坛自2010年起由兩座城市轮流举行。
2016年的論壇將以保健、智能城市、文化及交通等领域的交流為中心,
自新領袖蔡英文於五月上任後, 台灣未承認1992年的「共识」,
國會台灣事務署國會國務卿馬小廣(Ma Xiaoguang)說, 只要台方遵守1992年《共识》的政治根基,
Ma說:「我們對兩邊城市的交換持积极和開放的態度,
乌干达总统会见中国调频台,
烏干達總統穆塞維尼(Yoweri Musevey)於星期四感謝中國長期支持烏干達發展,
穆塞維尼說, 中国是烏干達與非洲的老朋友,
總統提到在1970年代建的坦尚尼亞-赞比亚鐵路,
穆塞維尼表示, 中国已與烏干達开展多方面合作, 包括基建及企業投資及文化交流等,
希望中國能以各种方式加入烏干達的基建發展與工業園建設。
他也歡迎更多中國人到烏干達投資及旅行。
王仪欢呼乌干达在工业化和农业现代化方面取得的进展,并补充说中国将继续发挥乌干达最可靠和最理想的合作伙伴的作用。
王先生指出, 中烏合作是真诚的, 且不附带任何政治限制, 其基础是高水平的政治信任與久久久的友誼。
支持东非國家發展能源及農業。
